
[00:00:00.000 --> 00:00:04.000]  好,弟兄姐妹,讓我們聽到這些,讓我們重新打開。
[00:00:04.000 --> 00:00:12.000]  親愛的父親,感謝你給我們能夠再次用生命打開祖女的說話,
[00:00:12.000 --> 00:00:17.000]  特別是《啓齊律》裏面的教訓。
[00:00:17.000 --> 00:00:21.000]  我們真的需要你的聖靈帶領我們,
[00:00:21.000 --> 00:00:24.000]  在過去的役子裏面,
[00:00:24.000 --> 00:00:30.000]  太多不同類別的派別的解釋,
[00:00:30.000 --> 00:00:35.000]  把《啓齊律》原本要告訴信徒的信事都已經蓋過,
[00:00:35.000 --> 00:00:37.000]  變成無果。
[00:00:37.000 --> 00:00:43.000]  祝禰讓我們在這個時候再次透過聖靈來打開我們的心扉,
[00:00:43.000 --> 00:00:49.000]  使我們能夠在祖女的說話當中,絕實地來到領受,
[00:00:49.000 --> 00:00:54.000]  我們今天當基督徒,應當有此賢才,
[00:00:54.000 --> 00:00:58.000]  能夠合乎禰的心意,求禰的幫助。
[00:00:58.000 --> 00:01:02.000]  親愛的主,多謝禰給我們能夠再次打開禰的說話,
[00:01:02.000 --> 00:01:07.000]  能夠細心地去讀,並且去領受當中的教訓。
[00:01:07.000 --> 00:01:09.000]  我們在這個時候真的恭敬,
[00:01:09.000 --> 00:01:13.000]  懇求聖靈幫助我們,能夠去明白主禰的道理,
[00:01:13.000 --> 00:01:16.000]  特別是《啓齊律》,
[00:01:16.000 --> 00:01:20.000]  在多年來受到不同的人,不同的派別,
[00:01:20.000 --> 00:01:23.000]  各式形式的解釋,
[00:01:23.000 --> 00:01:28.000]  導致在《啓齊律》裏面原本要信徒清楚領受的信息,
[00:01:28.000 --> 00:01:30.000]  變得模糊。
[00:01:30.000 --> 00:01:35.000]  求主禰的幫助,讓我們能夠在主禰的說話當中,
[00:01:35.000 --> 00:01:39.000]  再次如何學曉,成爲一個合神心意,
[00:01:39.000 --> 00:01:43.000]  活在地上,蒙神差顯的信徒。
[00:01:43.000 --> 00:01:46.000]  好在我們的見證,我們的侍奉,
[00:01:46.000 --> 00:01:50.000]  都是能夠進合主禰的心意。
[00:01:50.000 --> 00:01:51.000]  多謝禰,
[00:01:51.000 --> 00:01:57.000]  喚禰同心的祈禱,奉主耶穌基督的聖名致以下,阿們。
[00:01:57.000 --> 00:02:04.000]  今天和大家講的經文是第十一章第十五節至十二章第十八節。
[00:02:04.000 --> 00:02:09.000]  今天講到的經文是起述十一章第十五節到十二章第十八節。
[00:02:09.000 --> 00:02:13.000]  題目是看見必成的事第七講,
[00:02:13.000 --> 00:02:17.000]  時勢逆轉的時代終告來臨。
[00:02:17.000 --> 00:02:20.000]  講題主題是看見必成的事第七講,
[00:02:20.000 --> 00:02:24.000]  時勢逆轉的時代終結來臨。
[00:02:24.000 --> 00:02:29.000]  因爲講到就不可以有太多的學術性的講解,
[00:02:29.000 --> 00:02:34.000]  所以我也在最開頭講少少關於這本書的結構之後,
[00:02:34.000 --> 00:02:36.000]  讓大家回去有興趣可以自己看。
[00:02:36.000 --> 00:02:39.000]  因爲講到就不能講太多學術性的東西,
[00:02:39.000 --> 00:02:43.000]  所以我先講一個大概,讓大家回去試試看。
[00:02:43.000 --> 00:02:46.000]  基本上這一段聖經有一個很特別的結構,
[00:02:46.000 --> 00:02:49.000]  這個聖經有一個很特別的結構,
[00:02:49.000 --> 00:02:51.000]  我們分爲兩大部分,
[00:02:51.000 --> 00:02:53.000]  我們分爲兩大部分,
[00:02:53.000 --> 00:02:56.000]  一部分叫做天庭的景象,
[00:02:56.000 --> 00:02:58.000]  一部分是天庭的景象,
[00:02:58.000 --> 00:03:01.000]  另一個部分叫做地上的景象,
[00:03:01.000 --> 00:03:03.000]  第二部分是地上的景象,
[00:03:03.000 --> 00:03:06.000]  它的結構就是天庭的現象,
[00:03:06.000 --> 00:03:08.000]  夾在地上的現象,
[00:03:08.000 --> 00:03:10.000]  又再有一個天庭的現象,
[00:03:10.000 --> 00:03:11.000]  又再有一個地上的現象。
[00:03:11.000 --> 00:03:14.000]  這裏講有天庭現象,地上現象,
[00:03:14.000 --> 00:03:17.000]  再講天庭現象,再講地上現象。
[00:03:17.000 --> 00:03:20.000]  大家如果有興趣可以記下來,
[00:03:20.000 --> 00:03:21.000]  回家自己去看。
[00:03:21.000 --> 00:03:23.000]  如果有興趣可以記下來,
[00:03:23.000 --> 00:03:24.000]  大家回家再去看。
[00:03:24.000 --> 00:03:26.000]  從第十一章的十五節至十九節,
[00:03:26.000 --> 00:03:29.000]  就是第十一到十五節到第十九節,
[00:03:29.000 --> 00:03:31.000]  是介紹在天庭上的現象,
[00:03:31.000 --> 00:03:33.000]  是介紹在天庭上的現象,
[00:03:33.000 --> 00:03:35.000]  然後從第十二節的第一節至第六節,
[00:03:35.000 --> 00:03:37.000]  就是十二章的一到六節,
[00:03:37.000 --> 00:03:39.000]  就是記載在地上的現象,
[00:03:39.000 --> 00:03:41.000]  就是記載在地上的現象,
[00:03:41.000 --> 00:03:43.000]  再從第七節至十二節,
[00:03:43.000 --> 00:03:45.000]  十二章七到十二節,
[00:03:45.000 --> 00:03:47.000]  又跳回天庭的現象,
[00:03:47.000 --> 00:03:49.000]  又跳回天庭的現象,
[00:03:49.000 --> 00:03:52.000]  然後到最後十三節至十八節或十七節,
[00:03:52.000 --> 00:03:56.000]  然後到十三節到十七節或十八節,
[00:03:56.000 --> 00:03:58.000]  爲什麼是十七節或十八節,
[00:03:58.000 --> 00:04:01.000]  因爲這很似乎是我們將十八節歸納在下一段,
[00:04:01.000 --> 00:04:03.000]  或者是在這一段,
[00:04:03.000 --> 00:04:05.000]  這個部分又是講到地上的現象,
[00:04:05.000 --> 00:04:06.000]  這個部分又是講到地上的現象,
[00:04:06.000 --> 00:04:10.000]  爲什麼講到十七節或十八節呢,
[00:04:10.000 --> 00:04:16.000]  就是說你將十八節歸納到下一章的地上的現象,
[00:04:16.000 --> 00:04:18.000]  如果你喜歡看電視劇,
[00:04:18.000 --> 00:04:21.000]  就好像打仗一樣,
[00:04:21.000 --> 00:04:22.000]  就好像打仗一樣,
[00:04:22.000 --> 00:04:24.000]  這邊在這個國家打仗,
[00:04:24.000 --> 00:04:26.000]  這邊在這個國家打仗,
[00:04:26.000 --> 00:04:28.000]  然後轉頭在這裏打仗,
[00:04:28.000 --> 00:04:31.000]  然後轉頭又回來看看那裏打成怎樣,
[00:04:31.000 --> 00:04:33.000]  然後又把鏡頭轉回來,
[00:04:33.000 --> 00:04:35.000]  然後又回到真正的戰場,
[00:04:35.000 --> 00:04:37.000]  最強烈的情況是怎樣,
[00:04:37.000 --> 00:04:38.000]  然後再回到,
[00:04:38.000 --> 00:04:40.000]  再把鏡頭又轉向真正的戰場,
[00:04:40.000 --> 00:04:42.000]  看情況如何,
[00:04:42.000 --> 00:04:45.000]  這個就是啟示錄如下要發展的結構,
[00:04:45.000 --> 00:04:47.000]  這個就是啟示錄如下要發展的結構,
[00:04:47.000 --> 00:04:49.000]  我們就不講那麼多了,
[00:04:49.000 --> 00:04:51.000]  我們就不講那麼多了,
[00:04:51.000 --> 00:04:53.000]  有興趣可以和大家一起去查一下經,
[00:04:53.000 --> 00:04:56.000]  有興趣可以和大家一起去查一下經,
[00:04:56.000 --> 00:04:58.000]  有興趣可以和大家一起去查一下經,
[00:04:58.000 --> 00:05:00.000]  坐下來一起分享。
[00:05:00.000 --> 00:05:02.000]  今天我們想看這段聖經,
[00:05:02.000 --> 00:05:04.000]  想講些什麼給我們知道呢?
[00:05:04.000 --> 00:05:05.000]  今天看到這段聖經,
[00:05:05.000 --> 00:05:07.000]  想要告訴我們什麼呢?
[00:05:07.000 --> 00:05:08.000]  就是告訴我們,
[00:05:08.000 --> 00:05:11.000]  有一個時代的新的王權,
[00:05:11.000 --> 00:05:14.000]  在更換的時代,
[00:05:14.000 --> 00:05:15.000]  就是一個新的時代,
[00:05:15.000 --> 00:05:18.000]  新的王權更換的時代,
[00:05:18.000 --> 00:05:19.000]  如何更換,
[00:05:19.000 --> 00:05:20.000]  我們看下經文就知道了,
[00:05:20.000 --> 00:05:21.000]  如何更換,
[00:05:21.000 --> 00:05:22.000]  我們看下經文就知道了,
[00:05:22.000 --> 00:05:23.000]  不過,
[00:05:23.000 --> 00:05:24.000]  不過,
[00:05:24.000 --> 00:05:27.000]  爲什麼我們會看到一個更換的時期出現呢?
[00:05:27.000 --> 00:05:30.000]  爲什麼我們會看到一個更換的時期出現呢?
[00:05:30.000 --> 00:05:31.000]  在今時今日,
[00:05:31.000 --> 00:05:33.000]  我們知道很多國家,
[00:05:33.000 --> 00:05:36.000]  在不斷更換他們的政權,
[00:05:36.000 --> 00:05:38.000]  在今時今日,
[00:05:38.000 --> 00:05:41.000]  我們可以看到不同國家經常更換他們的政權,
[00:05:41.000 --> 00:05:42.000]  大家如果知道的,
[00:05:42.000 --> 00:05:46.000]  歐洲很多國家都不斷有新的選舉,
[00:05:46.000 --> 00:05:47.000]  選出新的政府,
[00:05:47.000 --> 00:05:51.000]  最近歐洲不同的國家,
[00:05:51.000 --> 00:05:52.000]  最近歐洲不同的國家,
[00:05:52.000 --> 00:05:53.000]  有不同的政府,
[00:05:53.000 --> 00:05:55.000]  最近有希臘,
[00:05:55.000 --> 00:05:57.000]  最近有希臘,
[00:05:57.000 --> 00:06:01.000]  然後在北非的地方有埃及,
[00:06:01.000 --> 00:06:03.000]  北非有埃及,
[00:06:03.000 --> 00:06:06.000]  在我們最近的北美洲,
[00:06:06.000 --> 00:06:09.000]  美國今年又要更換政權,
[00:06:09.000 --> 00:06:12.000]  今天美國也有選總統,
[00:06:12.000 --> 00:06:13.000]  希望更換,
[00:06:13.000 --> 00:06:16.000]  不過更換好不更換好都是不好的,
[00:06:16.000 --> 00:06:19.000]  無論是變化還是古化總統,
[00:06:19.000 --> 00:06:21.000]  都是不算鬧事,
[00:06:21.000 --> 00:06:23.000]  一場鬧劇,
[00:06:23.000 --> 00:06:25.000]  也許就是一場鬧劇,
[00:06:25.000 --> 00:06:28.000]  爲什麼這麼多人希望政權更換呢?
[00:06:28.000 --> 00:06:31.000]  爲什麼這麼多人希望政權更換呢?
[00:06:31.000 --> 00:06:33.000]  因爲有很多不滿的事情,
[00:06:33.000 --> 00:06:36.000]  就是有很多不滿的事情發生,
[00:06:36.000 --> 00:06:38.000]  最近中國也有,
[00:06:38.000 --> 00:06:40.000]  最近中國也有,
[00:06:40.000 --> 00:06:42.000]  有個省市,
[00:06:42.000 --> 00:06:45.000]  叫做十方市,
[00:06:45.000 --> 00:06:47.000]  有個省市,
[00:06:47.000 --> 00:06:49.000]  是習方市還是習方市?
[00:06:49.000 --> 00:06:51.000]  習方市,
[00:06:51.000 --> 00:06:53.000]  他們又換了政府,
[00:06:53.000 --> 00:06:55.000]  又換了政府,
[00:06:55.000 --> 00:06:57.000]  爲什麼要換呢?
[00:06:57.000 --> 00:06:58.000]  爲什麼要換呢?
[00:06:58.000 --> 00:06:59.000]  都有一個共通點,
[00:06:59.000 --> 00:07:02.000]  就是市民很不滿,
[00:07:02.000 --> 00:07:03.000]  就是市民很不滿,
[00:07:03.000 --> 00:07:06.000]  很多不公平的事情發生,
[00:07:06.000 --> 00:07:09.000]  覺得不滿意現政府,
[00:07:09.000 --> 00:07:12.000]  要將它換掉,
[00:07:12.000 --> 00:07:14.000]  很多時候這些政權改變,
[00:07:14.000 --> 00:07:16.000]  很多時候這些政權改變,
[00:07:16.000 --> 00:07:18.000]  都是由人民的不滿而產生的,
[00:07:18.000 --> 00:07:20.000]  都是由人民的不滿而產生的,
[00:07:20.000 --> 00:07:21.000]  用十方市爲例,
[00:07:21.000 --> 00:07:23.000]  用十方市爲例,
[00:07:23.000 --> 00:07:25.000]  就是爲了要建一個工廠,
[00:07:25.000 --> 00:07:27.000]  就是爲了要建一個工廠,
[00:07:27.000 --> 00:07:30.000]  要在那裏有很多重金屬的運作,
[00:07:30.000 --> 00:07:33.000]  所以那些人會覺得危害健康,
[00:07:33.000 --> 00:07:35.000]  有很多政治上的運作,
[00:07:35.000 --> 00:07:36.000]  覺得會危害健康,
[00:07:36.000 --> 00:07:38.000]  政府不聽了,
[00:07:38.000 --> 00:07:39.000]  政府不聽了,
[00:07:39.000 --> 00:07:41.000]  就像梁振英說的,
[00:07:41.000 --> 00:07:42.000]  放催淚彈,
[00:07:42.000 --> 00:07:44.000]  就像梁振英說的,
[00:07:44.000 --> 00:07:45.000]  放催淚彈,
[00:07:45.000 --> 00:07:48.000]  還有什麼軍閃力彈,
[00:07:48.000 --> 00:07:49.000]  我都不懂,
[00:07:49.000 --> 00:07:51.000]  現在的武器多了,
[00:07:51.000 --> 00:07:52.000]  政府覺得不行了,
[00:07:52.000 --> 00:07:53.000]  繼續這樣搞下去,
[00:07:53.000 --> 00:07:55.000]  政府覺得這樣下去不行,
[00:07:55.000 --> 00:07:57.000]  就要轉一個新的人上場,
[00:07:57.000 --> 00:07:59.000]  要一個新的人上場,
[00:07:59.000 --> 00:08:00.000]  這個人新上場,
[00:08:00.000 --> 00:08:01.000]  每一個人都有個期望,
[00:08:01.000 --> 00:08:03.000]  每一個新人上場都有個期望,
[00:08:03.000 --> 00:08:05.000]  他要將先前的不公,
[00:08:05.000 --> 00:08:07.000]  他要將先前的不公,
[00:08:07.000 --> 00:08:09.000]  而他能夠來到,
[00:08:09.000 --> 00:08:10.000]  因爲他來到,
[00:08:10.000 --> 00:08:11.000]  掌權,
[00:08:11.000 --> 00:08:14.000]  並且施行公平的審判,
[00:08:14.000 --> 00:08:16.000]  實行公平的審判,
[00:08:16.000 --> 00:08:17.000]  將先前的委屈,
[00:08:17.000 --> 00:08:19.000]  將先前的委屈,
[00:08:19.000 --> 00:08:21.000]  得到平反,
[00:08:21.000 --> 00:08:22.000]  得到平反,
[00:08:22.000 --> 00:08:24.000]  所以我們要留意到,
[00:08:24.000 --> 00:08:26.000]  你們喜歡看電視劇嗎?
[00:08:26.000 --> 00:08:28.000]  大家有沒有留意到,
[00:08:28.000 --> 00:08:30.000]  我不知道你們喜不喜歡看電視劇,
[00:08:30.000 --> 00:08:31.000]  我就很喜歡,
[00:08:31.000 --> 00:08:32.000]  不過我沒什麼時間看,
[00:08:32.000 --> 00:08:33.000]  我喜歡,
[00:08:33.000 --> 00:08:34.000]  但是沒什麼時間看,
[00:08:34.000 --> 00:08:36.000]  你知不知道最流行的電視劇,
[00:08:36.000 --> 00:08:37.000]  通常是什麼劇集呢?
[00:08:37.000 --> 00:08:38.000]  最流行的電視劇,
[00:08:38.000 --> 00:08:39.000]  通常是什麼劇集呢?
[00:08:39.000 --> 00:08:42.000]  那些電視劇不是很新的電視劇,
[00:08:42.000 --> 00:08:43.000]  不是那些很新的電視劇,
[00:08:43.000 --> 00:08:44.000]  這些題目都很舊的,
[00:08:44.000 --> 00:08:45.000]  這些題目都很舊的,
[00:08:45.000 --> 00:08:46.000]  題目都是舊的,
[00:08:46.000 --> 00:08:48.000]  中國人最喜歡看的就是包青天,
[00:08:48.000 --> 00:08:50.000]  中國人喜歡看的比如說包青天,
[00:08:50.000 --> 00:08:52.000]  我不知道包青天拍了多少個版本,
[00:08:52.000 --> 00:08:54.000]  我不知道包青天拍了多少個版本,
[00:08:54.000 --> 00:08:57.000]  西方社會最喜歡做的那些是甲定神,
[00:08:57.000 --> 00:08:58.000]  或者CSI,
[00:08:58.000 --> 00:09:01.000]  西方人喜歡做CSI,
[00:09:01.000 --> 00:09:06.000]  這些劇集拍得都拍不完,
[00:09:06.000 --> 00:09:08.000]  這些劇集拍了又拍,
[00:09:08.000 --> 00:09:10.000]  我記得那一集包青天,
[00:09:10.000 --> 00:09:13.000]  無頭公公,
[00:09:13.000 --> 00:09:15.000]  或者什麼夜審國懷,
[00:09:15.000 --> 00:09:16.000]  好像是這樣,
[00:09:16.000 --> 00:09:17.000]  比如說包青天,
[00:09:17.000 --> 00:09:19.000]  你們有一些比如說,
[00:09:19.000 --> 00:09:21.000]  衚衕案,
[00:09:21.000 --> 00:09:23.000]  夜審國懷,
[00:09:23.000 --> 00:09:24.000]  我記得,
[00:09:24.000 --> 00:09:25.000]  夜審國懷,
[00:09:25.000 --> 00:09:27.000]  爲什麼那麼多人喜歡看這些劇集呢?
[00:09:27.000 --> 00:09:29.000]  爲什麼那麼多人喜歡看這些劇集呢?
[00:09:29.000 --> 00:09:31.000]  粵語長片又拍過了,
[00:09:31.000 --> 00:09:32.000]  粵語長片拍過,
[00:09:32.000 --> 00:09:34.000]  香港無線電視又拍過了,
[00:09:34.000 --> 00:09:35.000]  香港無線電視拍過,
[00:09:35.000 --> 00:09:37.000]  香港亞洲電視又拍過了,
[00:09:37.000 --> 00:09:38.000]  亞洲電視又拍過,
[00:09:38.000 --> 00:09:40.000]  中國大陸中視又拍過了,
[00:09:40.000 --> 00:09:41.000]  中視是臺灣的,對不起。
[00:09:41.000 --> 00:09:43.000]  臺灣中視又拍過,
[00:09:43.000 --> 00:09:45.000]  中央電視臺又拍過了,
[00:09:45.000 --> 00:09:46.000]  中央電視臺也拍過,
[00:09:46.000 --> 00:09:48.000]  湖南電視臺又拍過了,
[00:09:48.000 --> 00:09:49.000]  湖南電視臺也在拍,
[00:09:49.000 --> 00:09:51.000]  你想知道就問湯全道最素了,
[00:09:51.000 --> 00:09:53.000]  你想知道問湯全道最素,
[00:09:53.000 --> 00:09:55.000]  爲什麼拍來拍去都那麼多人喜歡看呢?
[00:09:55.000 --> 00:09:57.000]  爲什麼拍來拍去那麼多人喜歡看呢?
[00:09:57.000 --> 00:09:58.000]  因爲這些劇,
[00:09:58.000 --> 00:09:59.000]  因爲這些劇,
[00:09:59.000 --> 00:10:02.000]  能夠將每一個人心裏面那種不公平的感受,
[00:10:02.000 --> 00:10:04.000]  能夠將每一個人心裏面那種不公平的感受,
[00:10:04.000 --> 00:10:05.000]  透過劇情,
[00:10:05.000 --> 00:10:07.000]  透過劇情,
[00:10:07.000 --> 00:10:08.000]  得到扶貧,
[00:10:08.000 --> 00:10:09.000]  得到扶貧,
[00:10:09.000 --> 00:10:11.000]  很多觀衆認爲,
[00:10:11.000 --> 00:10:12.000]  很多觀衆認爲,
[00:10:12.000 --> 00:10:13.000]  當一個惡勢力,
[00:10:13.000 --> 00:10:14.000]  當一個惡勢力,
[00:10:14.000 --> 00:10:15.000]  最終被人揭發,
[00:10:15.000 --> 00:10:17.000]  最終被人揭發,
[00:10:17.000 --> 00:10:19.000]  並且有一個公義的人來到去,
[00:10:19.000 --> 00:10:20.000]  並且有一個公義的人來到去,
[00:10:20.000 --> 00:10:21.000]  能夠施行審判,
[00:10:21.000 --> 00:10:22.000]  能夠施行審判,
[00:10:22.000 --> 00:10:23.000]  由一個公義的人去施行審判,
[00:10:23.000 --> 00:10:24.000]  由一個公義的人去施行審判,
[00:10:24.000 --> 00:10:26.000]  這個就是每一套這些劇集的高潮,
[00:10:26.000 --> 00:10:27.000]  這個就是每一套這些劇集的高潮,
[00:10:27.000 --> 00:10:31.000]  你和我,
[00:10:31.000 --> 00:10:32.000]  在我們心目中,
[00:10:32.000 --> 00:10:33.000]  在我們心目中,
[00:10:33.000 --> 00:10:34.000]  都有很多不公平的事情,
[00:10:34.000 --> 00:10:35.000]  都有很多不公平的事情,
[00:10:35.000 --> 00:10:36.000]  都有很多不公平的事情,
[00:10:36.000 --> 00:10:37.000]  我們很想他能夠得到有人來評判,
[00:10:37.000 --> 00:10:38.000]  我們很想他能夠得到有人來評判,
[00:10:38.000 --> 00:10:39.000]  我們很想他能夠得到有人來評判,
[00:10:39.000 --> 00:10:40.000]  我們希望他能夠平反,
[00:10:40.000 --> 00:10:41.000]  我們希望他能夠平反,
[00:10:41.000 --> 00:10:42.000]  可能在公司裏面,
[00:10:42.000 --> 00:10:43.000]  可能在公司裏面,
[00:10:43.000 --> 00:10:44.000]  可能在公司裏面,
[00:10:44.000 --> 00:10:45.000]  可能在你家裏面,
[00:10:45.000 --> 00:10:46.000]  可能在家裏面,
[00:10:46.000 --> 00:10:47.000]  可能在家裏面,
[00:10:47.000 --> 00:10:48.000]  比如,
[00:10:48.000 --> 00:10:49.000]  比如,
[00:10:49.000 --> 00:10:50.000]  你公司有一個經常拍馬屁的同事,
[00:10:50.000 --> 00:10:51.000]  你公司有一個經常拍馬屁的同事,
[00:10:51.000 --> 00:10:52.000]  他沒什麼才幹,
[00:10:52.000 --> 00:10:53.000]  他沒什麼才幹,
[00:10:53.000 --> 00:10:54.000]  他沒什麼才幹,
[00:10:54.000 --> 00:10:55.000]  他做什麼都錯,
[00:10:55.000 --> 00:10:56.000]  他做什麼都錯,
[00:10:56.000 --> 00:10:57.000]  因爲他會拍馬屁,
[00:10:57.000 --> 00:10:58.000]  因爲他會拍馬屁,
[00:10:58.000 --> 00:10:59.000]  於是他就升官發財,
[00:10:59.000 --> 00:11:00.000]  於是他就升官發財,
[00:11:00.000 --> 00:11:01.000]  於是他就升官發財,
[00:11:01.000 --> 00:11:02.000]  所以他升官發財,
[00:11:02.000 --> 00:11:03.000]  所以他升官發財,
[00:11:03.000 --> 00:11:04.000]  他錯都無所謂,
[00:11:04.000 --> 00:11:05.000]  他錯都無所謂,
[00:11:05.000 --> 00:11:06.000]  通常那些最粉粉不平的就是很務實,
[00:11:06.000 --> 00:11:07.000]  他錯都無所謂,
[00:11:07.000 --> 00:11:08.000]  通常那些最粉粉不平的就是很務實,
[00:11:08.000 --> 00:11:09.000]  只要是那些很務實的人,
[00:11:09.000 --> 00:11:12.000]  只要是那些很務實的人,
[00:11:12.000 --> 00:11:13.000]  講實力的人,
[00:11:13.000 --> 00:11:14.000]  講實力的人,
[00:11:14.000 --> 00:11:15.000]  那些通常是很不滿的,
[00:11:15.000 --> 00:11:16.000]  他通常是很不滿的,
[00:11:16.000 --> 00:11:17.000]  他通常是很不滿的,
[00:11:17.000 --> 00:11:18.000]  爲什麼我有才幹,
[00:11:18.000 --> 00:11:19.000]  爲什麼我有才幹,
[00:11:19.000 --> 00:11:20.000]  我又這麼正當呢,
[00:11:20.000 --> 00:11:21.000]  我又這麼正當呢,
[00:11:21.000 --> 00:11:22.000]  我又得不到賞識呢,
[00:11:22.000 --> 00:11:23.000]  我又得不到賞識呢,
[00:11:23.000 --> 00:11:24.000]  那些沒有本事的,
[00:11:24.000 --> 00:11:25.000]  那些沒有本事的,
[00:11:25.000 --> 00:11:26.000]  這些沒有水平的人,
[00:11:26.000 --> 00:11:27.000]  這些沒有水平的人,
[00:11:27.000 --> 00:11:28.000]  這些沒有水平的人,
[00:11:28.000 --> 00:11:29.000]  沒有水平的人,
[00:11:29.000 --> 00:11:30.000]  他只會吹水,
[00:11:30.000 --> 00:11:31.000]  他只會吹水,
[00:11:31.000 --> 00:11:32.000]  他只會吹水,
[00:11:32.000 --> 00:11:33.000]  他只會吹牛拍馬,
[00:11:33.000 --> 00:11:34.000]  他只會吹牛拍馬,
[00:11:34.000 --> 00:11:35.000]  他就可以升職,
[00:11:35.000 --> 00:11:36.000]  他就可以升職,
[00:11:36.000 --> 00:11:37.000]  不斷升職加薪,
[00:11:37.000 --> 00:11:38.000]  他不斷升職加薪,
[00:11:38.000 --> 00:11:39.000]  他不斷升職加薪,
[00:11:39.000 --> 00:11:40.000]  如果有人,
[00:11:40.000 --> 00:11:41.000]  如果有一天,
[00:11:41.000 --> 00:11:42.000]  如果有一天,
[00:11:42.000 --> 00:11:43.000]  有一個新的老闆上場,
[00:11:43.000 --> 00:11:44.000]  有一個新的老闆上場,
[00:11:44.000 --> 00:11:45.000]  炒了他魷魚,
[00:11:45.000 --> 00:11:46.000]  炒了他魷魚,
[00:11:46.000 --> 00:11:47.000]  炒了他魷魚,
[00:11:47.000 --> 00:11:48.000]  那就好了,
[00:11:48.000 --> 00:11:49.000]  那就好了,
[00:11:49.000 --> 00:11:50.000]  不過我告訴你,
[00:11:50.000 --> 00:11:51.000]  多數都不work的,
[00:11:51.000 --> 00:11:52.000]  多數都不work的,
[00:11:52.000 --> 00:11:53.000]  所以我相信大部分不會發生,
[00:11:53.000 --> 00:11:54.000]  因爲新的老闆又是喜歡被人拍馬屁,
[00:11:54.000 --> 00:11:57.000]  因爲新的老闆又是喜歡被人拍馬屁,
[00:11:57.000 --> 00:11:58.000]  這種心情,
[00:11:58.000 --> 00:11:59.000]  這種心情,
[00:11:59.000 --> 00:12:00.000]  不是在這個世界,
[00:12:00.000 --> 00:12:01.000]  不是在這個世界,
[00:12:01.000 --> 00:12:03.000]  不是在你和我的世界裏面發生的,
[00:12:03.000 --> 00:12:05.000]  不是在你和我的世界裏面發生的,
[00:12:05.000 --> 00:12:06.000]  在宿命的世界裏面發生的,
[00:12:06.000 --> 00:12:07.000]  在宿命的世界裏面發生的,
[00:12:07.000 --> 00:12:08.000]  在宿命的世界裏面發生的,
[00:12:08.000 --> 00:12:09.000]  在這個世界裏面,
[00:12:09.000 --> 00:12:10.000]  在這個世界裏面,
[00:12:10.000 --> 00:12:11.000]  特別是宿命的世界裏面,
[00:12:11.000 --> 00:12:12.000]  特別是宿命的世界裏面,
[00:12:12.000 --> 00:12:15.000]  很多摸個沙灘做的工作,
[00:12:15.000 --> 00:12:17.000]  很多摸個沙灘做的工作,
[00:12:17.000 --> 00:12:18.000]  很多人跟着他去做,
[00:12:18.000 --> 00:12:19.000]  很多人跟着他去做,
[00:12:19.000 --> 00:12:20.000]  很多人跟着他去做,
[00:12:20.000 --> 00:12:22.000]  風生水起,
[00:12:22.000 --> 00:12:23.000]  做錯,
[00:12:23.000 --> 00:12:25.000]  做壞事,
[00:12:25.000 --> 00:12:27.000]  反而可以升官發財,
[00:12:27.000 --> 00:12:29.000]  講大話,
[00:12:29.000 --> 00:12:32.000]  可以過到關,
[00:12:32.000 --> 00:12:37.000]  爲什麼老實人會受害呢?
[00:12:37.000 --> 00:12:38.000]  爲什麼老實人會受害呢?
[00:12:38.000 --> 00:12:44.000]  基督徒爲什麼要忠忠實實呢?
[00:12:44.000 --> 00:12:45.000]  爲什麼老實人爲什麼要忠忠實實呢?
[00:12:45.000 --> 00:12:48.000]  爲什麼老實人爲什麼要忠忠實實呢?
[00:12:48.000 --> 00:12:54.000]  爲什麼一定要去黑社會?
[00:12:54.000 --> 00:12:56.000]  街癡,
[00:12:56.000 --> 00:13:04.000]  要去做癡街,
[00:13:04.000 --> 00:13:05.000]  聽着,
[00:13:05.000 --> 00:13:08.000]  今天我們看這段聖經,
[00:13:08.000 --> 00:13:10.000]  告訴我們,
[00:13:10.000 --> 00:13:12.000]  就是有這種情況出現,
[00:13:12.000 --> 00:13:13.000]  就是有這種情況出現,
[00:13:13.000 --> 00:13:15.000]  基督徒在這個世界,
[00:13:15.000 --> 00:13:16.000]  在這個世界,
[00:13:16.000 --> 00:13:19.000]  沒有人喜歡,
[00:13:19.000 --> 00:13:20.000]  沒有人喜歡,
[00:13:20.000 --> 00:13:21.000]  在這個情況下,
[00:13:21.000 --> 00:13:23.000]  在這個情況下,
[00:13:23.000 --> 00:13:25.000]  身姿到不到你,
[00:13:25.000 --> 00:13:26.000]  放慢我吧,
[00:13:26.000 --> 00:13:27.000]  身姿到不到你,
[00:13:27.000 --> 00:13:29.000]  有好處不會誘你,
[00:13:29.000 --> 00:13:31.000]  有好處也不會輪到你,
[00:13:31.000 --> 00:13:34.000]  老闆有什麼想喫的不輪到你,
[00:13:34.000 --> 00:13:35.000]  老闆有什麼想喫的不輪到你,
[00:13:35.000 --> 00:13:36.000]  老闆有什麼想喫的不輪到你,
[00:13:36.000 --> 00:13:37.000]  老闆有什麼想喫的不輪到你,
[00:13:37.000 --> 00:13:38.000]  老闆有什麼想喫的不輪到你,
[00:13:38.000 --> 00:13:39.000]  老闆有什麼想喫的不輪到你,
[00:13:39.000 --> 00:13:40.000]  老闆有什麼想喫的不輪到你,
[00:13:40.000 --> 00:13:41.000]  老闆有什麼想喫的不輪到你,
[00:13:41.000 --> 00:13:44.000]  即是說犯罪的就可以這樣順利?
[00:13:44.000 --> 00:13:46.000]  犯罪就這麼順利
[00:13:46.000 --> 00:13:48.000]  不犯罪的就會?
[00:13:48.000 --> 00:13:50.000]  頭頭碰桌
[00:13:50.000 --> 00:13:53.000]  就是說不犯罪的就到處碰壁
[00:13:53.000 --> 00:13:56.000]  我們什麼時候才能得到平反呢?
[00:13:56.000 --> 00:13:58.000]  我們什麼時候會得到平反呢?
[00:13:58.000 --> 00:13:59.000]  我們有兩個選擇
[00:13:59.000 --> 00:14:00.000]  我們有兩個選擇
[00:14:00.000 --> 00:14:02.000]  等候公義來到
[00:14:02.000 --> 00:14:04.000]  等候公義來到
[00:14:04.000 --> 00:14:05.000]  為我們平反
[00:14:05.000 --> 00:14:06.000]  為我們平反
[00:14:06.000 --> 00:14:07.000]  另一個選擇是
[00:14:07.000 --> 00:14:08.000]  另外一個選擇是
[00:14:08.000 --> 00:14:09.000]  不如我們也變了
[00:14:09.000 --> 00:14:11.000]  我們也變成和他們一樣
[00:14:11.000 --> 00:14:13.000]  好像他們一樣去犯罪
[00:14:13.000 --> 00:14:15.000]  也跟他們一樣去犯罪
[00:14:15.000 --> 00:14:16.000]  不過你犯少一點
[00:14:16.000 --> 00:14:17.000]  我們少犯一點
[00:14:17.000 --> 00:14:18.000]  這樣不就好了
[00:14:18.000 --> 00:14:19.000]  這樣不就更好嗎?
[00:14:19.000 --> 00:14:21.000]  這兩個選擇
[00:14:21.000 --> 00:14:23.000]  神要我們怎麼做這個決定呢?
[00:14:23.000 --> 00:14:24.000]  這兩個選擇
[00:14:24.000 --> 00:14:25.000]  神要我們怎麼去做決定呢?
[00:14:25.000 --> 00:14:26.000]  今天開始了
[00:14:26.000 --> 00:14:27.000]  今天起訴
[00:14:27.000 --> 00:14:28.000]  十一章
[00:14:28.000 --> 00:14:29.000]  就要和你講
[00:14:29.000 --> 00:14:30.000]  給一個答案
[00:14:30.000 --> 00:14:31.000]  就要給你一個答案
[00:14:31.000 --> 00:14:32.000]  告訴我師徒
[00:14:32.000 --> 00:14:33.000]  告訴你
[00:14:33.000 --> 00:14:34.000]  不要辯解了
[00:14:34.000 --> 00:14:36.000]  不要辯解
[00:14:36.000 --> 00:14:38.000]  仍然要守在神的裡面
[00:14:38.000 --> 00:14:39.000]  仍然要守在神的裡面
[00:14:39.000 --> 00:14:41.000]  因為祂必定回來
[00:14:41.000 --> 00:14:42.000]  祂必定回來
[00:14:42.000 --> 00:14:43.000]  為我們平反
[00:14:43.000 --> 00:14:44.000]  為我們平反
[00:14:44.000 --> 00:14:46.000]  這個就是我們所看的
[00:14:46.000 --> 00:14:48.000]  時代逆轉的時間
[00:14:48.000 --> 00:14:49.000]  終於來臨
[00:14:49.000 --> 00:14:50.000]  這個時代
[00:14:50.000 --> 00:14:51.000]  滅絕的時代
[00:14:51.000 --> 00:14:52.000]  終於來臨
[00:14:52.000 --> 00:14:53.000]  讓我們一起打開聖經
[00:14:53.000 --> 00:14:54.000]  讓我們一起打開聖經
[00:14:54.000 --> 00:14:55.000]  讓我們一起打開聖經
[00:14:55.000 --> 00:14:56.000]  讓我們一起打開
[00:14:56.000 --> 00:14:58.000]  十一章十五至十九節
[00:14:58.000 --> 00:14:59.000]  讓我們先打開聖經
[00:14:59.000 --> 00:15:01.000]  第十一章十五到十九節
[00:15:01.000 --> 00:15:03.000]  我們看一下這段聖經
[00:15:03.000 --> 00:15:04.000]  我們一起讀好不好?
[00:15:04.000 --> 00:15:05.000]  我們看一下這段聖經
[00:15:05.000 --> 00:15:06.000]  一同來讀
[00:15:06.000 --> 00:15:07.000]  看看這裡發生了什麼
[00:15:07.000 --> 00:15:10.000]  開天闢地的一個改變
[00:15:10.000 --> 00:15:13.000]  總發生了開天闢地的改變
[00:15:13.000 --> 00:15:15.000]  我們一起打開聖經
[00:15:15.000 --> 00:15:16.000]  我們一起讀
[00:15:16.000 --> 00:15:17.000]  我們打開聖經
[00:15:17.000 --> 00:15:18.000]  一同來讀
[00:15:18.000 --> 00:15:21.000]  十五節讀到第十九節
[00:15:21.000 --> 00:15:25.000]  十一章十五到十九節
[00:15:25.000 --> 00:15:26.000]  我們一起慢慢讀
[00:15:26.000 --> 00:15:28.000]  我們一同慢慢讀
[00:15:28.000 --> 00:15:32.000]  第七位的天使吹號
[00:15:32.000 --> 00:15:35.000]  天上就有大聲音說
[00:15:35.000 --> 00:15:40.000]  世上的國成了我主和主基督的國
[00:15:40.000 --> 00:15:44.000]  他要作王直到永永遠遠
[00:15:44.000 --> 00:15:49.000]  在神面前坐在自己位上的二十四位長老
[00:15:49.000 --> 00:15:51.000]  就面服於地
[00:15:51.000 --> 00:15:54.000]  敬拜神說
[00:15:54.000 --> 00:15:56.000]  色在金在的主神
[00:15:56.000 --> 00:16:00.000]  全能者啊!我們感謝你
[00:16:00.000 --> 00:16:03.000]  一你執掌大權作王了
[00:16:03.000 --> 00:16:05.000]  愛當伐祿
[00:16:05.000 --> 00:16:07.000]  你的憤怒也能到了
[00:16:07.000 --> 00:16:11.000]  審判死人的時候也到了
[00:16:11.000 --> 00:16:14.000]  你的僕人眾師之和眾聖徒
[00:16:14.000 --> 00:16:17.000]  凡敬畏你名的人
[00:16:17.000 --> 00:16:21.000]  連大大小得賞賜的時候也到了
[00:16:21.000 --> 00:16:27.000]  你敗壞那些敗壞世界之人的時候也就到了
[00:16:27.000 --> 00:16:31.000]  當時神天上的殿開了
[00:16:31.000 --> 00:16:34.000]  在殿中燃出他的藥味
[00:16:34.000 --> 00:16:40.000]  隨後有閃電聲音雷轟地震大爬
[00:16:40.000 --> 00:16:44.000]  在這裡讓我們一開始讀到
[00:16:44.000 --> 00:16:50.000]  就是原來我們的上主再次成為治理全地的主場
[00:16:50.000 --> 00:16:54.000]  就是一開始就像我們的上主
[00:16:54.000 --> 00:16:57.000]  成為治理天下的主教
[00:16:57.000 --> 00:17:00.000]  十四支歌的廣告第二再過去
[00:17:00.000 --> 00:17:02.000]  現在第三災來臨了
[00:17:02.000 --> 00:17:04.000]  就是世界講不到第二再過去
[00:17:04.000 --> 00:17:06.000]  第三刀快來到
[00:17:06.000 --> 00:17:08.000]  就是說有些災難要臨到這個世界來
[00:17:08.000 --> 00:17:10.000]  就是說有些災難要臨到這個世界來
[00:17:10.000 --> 00:17:12.000]  是怎樣的災難呢?
[00:17:12.000 --> 00:17:13.000]  是怎樣的災難呢?
[00:17:13.000 --> 00:17:14.000]  號一吹響
[00:17:14.000 --> 00:17:15.000]  號一吹響
[00:17:15.000 --> 00:17:16.000]  也是最後一支號角
[00:17:16.000 --> 00:17:18.000]  也是最後一支號角
[00:17:18.000 --> 00:17:20.000]  我們發現到
[00:17:20.000 --> 00:17:26.000]  馬上原來西上的國成為了我主我主基督的國
[00:17:26.000 --> 00:17:29.000]  就是他私人的國成為了我主我基督的國
[00:17:29.000 --> 00:17:32.000]  他要成為這個世界的王
[00:17:32.000 --> 00:17:34.000]  要成為這個世界的王
[00:17:34.000 --> 00:17:35.000]  而不是短暫的時間
[00:17:35.000 --> 00:17:37.000]  而是永遠永遠做王
[00:17:37.000 --> 00:17:40.000]  不是短暫的時間而是永遠永遠做王
[00:17:40.000 --> 00:17:41.000]  換句話來說
[00:17:41.000 --> 00:17:43.000]  這個世界原本
[00:17:43.000 --> 00:17:46.000]  反正他被其他的勢力做了王
[00:17:46.000 --> 00:17:49.000]  反正這個世界都被其他的勢力做了王
[00:17:49.000 --> 00:17:50.000]  哪一個勢力呢?
[00:17:50.000 --> 00:17:53.000]  後面我們看到原來是一些惡的勢力
[00:17:53.000 --> 00:17:54.000]  然後我們什麼勢力
[00:17:54.000 --> 00:17:56.000]  從後面我們可以看到是惡的勢力
[00:17:56.000 --> 00:17:59.000]  我們以撒旦的國來做一個代表
[00:17:59.000 --> 00:18:02.000]  我們以撒旦的國來做一個代表
[00:18:02.000 --> 00:18:05.000]  這個世界是行惡的人做了主動
[00:18:05.000 --> 00:18:08.000]  就是這個世界是行惡的人做了主動
[00:18:08.000 --> 00:18:10.000]  但是現在要改變過來
[00:18:10.000 --> 00:18:11.000]  現在要改變過來
[00:18:11.000 --> 00:18:12.000]  吹響
[00:18:12.000 --> 00:18:13.000]  號一吹響
[00:18:13.000 --> 00:18:18.000]  國家的君主再次登基的時候
[00:18:18.000 --> 00:18:21.000]  好像國家的君主再次登基的時候
[00:18:21.000 --> 00:18:22.000]  他要來做王
[00:18:22.000 --> 00:18:23.000]  他要來做王
[00:18:23.000 --> 00:18:25.000]  並且永遠永遠做王
[00:18:25.000 --> 00:18:27.000]  他要來這個世界做主
[00:18:27.000 --> 00:18:29.000]  他要來這個世界做主
[00:18:29.000 --> 00:18:31.000]  他被人壓了搶了很久
[00:18:31.000 --> 00:18:33.000]  他被人欺壓
[00:18:33.000 --> 00:18:35.000]  欺壓很久
[00:18:35.000 --> 00:18:37.000]  他現在要回來拿回他
[00:18:37.000 --> 00:18:39.000]  他要拿回來做主場
[00:18:39.000 --> 00:18:40.000]  做主場
[00:18:40.000 --> 00:18:43.000]  無論是足球比賽還是各類比賽
[00:18:43.000 --> 00:18:46.000]  無論是足球比賽還是國內球的比賽
[00:18:46.000 --> 00:18:49.000]  都分主場和客場
[00:18:49.000 --> 00:18:51.000]  都分主場和客場
[00:18:51.000 --> 00:18:52.000]  這個主場呢
[00:18:52.000 --> 00:18:53.000]  什麼是主場呢
[00:18:53.000 --> 00:18:55.000]  就是看球的
[00:18:55.000 --> 00:18:57.000]  有沒有喜歡看球的
[00:18:57.000 --> 00:18:58.000]  主場的意思就是說
[00:18:58.000 --> 00:19:02.000]  在做主家人的地方
[00:19:02.000 --> 00:19:03.000]  那個球場打球
[00:19:03.000 --> 00:19:08.000]  就是說在這個主辦方的地方打球
[00:19:08.000 --> 00:19:11.000]  主場永遠都是有優勢的地方
[00:19:11.000 --> 00:19:14.000]  在主場經常分為優勢的地方
[00:19:14.000 --> 00:19:15.000]  你知道為什麼嗎
[00:19:15.000 --> 00:19:16.000]  你知道為什麼嗎
[00:19:16.000 --> 00:19:20.000]  因為通常都是你的支持勇敢來最多
[00:19:20.000 --> 00:19:23.000]  就是支持勇敢的人最多
[00:19:23.000 --> 00:19:24.000]  換句話來說
[00:19:24.000 --> 00:19:25.000]  在多倫多來計算
[00:19:25.000 --> 00:19:28.000]  比方說
[00:19:28.000 --> 00:19:29.000]  比方說
[00:19:29.000 --> 00:19:33.000]  在多倫多打冰上曲棍球
[00:19:33.000 --> 00:19:36.000]  打冰上曲棍球
[00:19:36.000 --> 00:19:39.000]  哪一隊的觀眾最多呢
[00:19:39.000 --> 00:19:41.000]  哪一隊的觀眾最多呢
[00:19:41.000 --> 00:19:43.000]  如果來多倫多打
[00:19:43.000 --> 00:19:44.000]  如果來多倫多打
[00:19:44.000 --> 00:19:47.000]  那一定是楓葉隊的支持勇敢多
[00:19:47.000 --> 00:19:50.000]  那一定是楓葉隊的支持勇敢多
[00:19:50.000 --> 00:19:52.000]  你沒理由姓路易斯的那隊
[00:19:52.000 --> 00:19:53.000]  會走過來
[00:19:53.000 --> 00:19:55.000]  拉大隊來壓你的場
[00:19:55.000 --> 00:19:56.000]  不會這樣的
[00:19:56.000 --> 00:19:58.000]  不過你說姓路易斯的那隊
[00:19:58.000 --> 00:20:00.000]  很多人壓了主場
[00:20:00.000 --> 00:20:03.000]  所以他們通常都是小眾
[00:20:03.000 --> 00:20:06.000]  他們都是小眾
[00:20:06.000 --> 00:20:11.000]  主隊的主場永遠都是有他的優勢
[00:20:11.000 --> 00:20:13.000]  主場永遠有他的優勢
[00:20:13.000 --> 00:20:16.000]  雖然結果未必一定已經定了
[00:20:16.000 --> 00:20:19.000]  雖然結果未必已經定了
[00:20:19.000 --> 00:20:22.000]  但作主場的永遠都是佔上風
[00:20:22.000 --> 00:20:24.000]  但作主場的永遠都是佔上風
[00:20:24.000 --> 00:20:25.000]  鄧小平
[00:20:25.000 --> 00:20:26.000]  我們要明白
[00:20:26.000 --> 00:20:27.000]  我們要明白
[00:20:27.000 --> 00:20:29.000]  從這個觀念我們要明白
[00:20:29.000 --> 00:20:31.000]  今天我們處在這個世界裏
[00:20:31.000 --> 00:20:32.000]  從這個觀念我們要明白
[00:20:32.000 --> 00:20:33.000]  從這個觀念我們要明白
[00:20:33.000 --> 00:20:35.000]  我們今天處在這個世界裏
[00:20:35.000 --> 00:20:36.000]  是誰在作主場
[00:20:36.000 --> 00:20:38.000]  是誰在作主場
[00:20:38.000 --> 00:20:41.000]  這是一個很重要的觀念
[00:20:41.000 --> 00:20:42.000]  這是一個很重要的觀念
[00:20:42.000 --> 00:20:43.000]  從這個觀念我們要明白
[00:20:43.000 --> 00:20:44.000]  從這個觀念我們要明白
[00:20:44.000 --> 00:20:46.000]  在這個世界裏我跟大家說
[00:20:46.000 --> 00:20:49.000]  這段聖經分為天庭的景象
[00:20:49.000 --> 00:20:50.000]  地上的景象
[00:20:50.000 --> 00:20:52.000]  天庭的景象
[00:20:52.000 --> 00:20:54.000]  再有一個地上的景象
[00:20:54.000 --> 00:20:56.000]  大家記不記得在開始一講
[00:20:56.000 --> 00:20:57.000]  我講到天上景象
[00:20:57.000 --> 00:20:58.000]  地上景象
[00:20:58.000 --> 00:21:00.000]  然後再講到天上景象
[00:21:00.000 --> 00:21:02.000]  再談到地上景象
[00:21:02.000 --> 00:21:04.000]  原來在這段聖經裏告訴我們
[00:21:04.000 --> 00:21:06.000]  原來這段聖經告訴我們
[00:21:06.000 --> 00:21:08.000]  魔鬼撒旦的勢力
[00:21:08.000 --> 00:21:09.000]  和我們上主的勢力
[00:21:09.000 --> 00:21:11.000]  角力了很久
[00:21:11.000 --> 00:21:13.000]  魔鬼撒旦的勢力
[00:21:13.000 --> 00:21:14.000]  和我們上主的勢力
[00:21:14.000 --> 00:21:15.000]  角力了很久
[00:21:15.000 --> 00:21:19.000]  這場角力老早在天上已經在打
[00:21:19.000 --> 00:21:22.000]  這場角力在天上已經早就打起來了
[00:21:22.000 --> 00:21:25.000]  所以就在我們這段聖經開始告訴我們
[00:21:25.000 --> 00:21:27.000]  所以這段聖經一開始就告訴我們
[00:21:27.000 --> 00:21:30.000]  其實在天上已經打贏了
[00:21:30.000 --> 00:21:32.000]  告訴我們天上已經打贏了
[00:21:32.000 --> 00:21:33.000]  知不知道這段聖經
[00:21:33.000 --> 00:21:34.000]  十五節至到十九節
[00:21:34.000 --> 00:21:36.000]  其實是一個慶典
[00:21:36.000 --> 00:21:37.000]  大家知不知道
[00:21:37.000 --> 00:21:39.000]  十五到十九節其實是一個慶典
[00:21:39.000 --> 00:21:40.000]  是慶祝一個君王
[00:21:40.000 --> 00:21:42.000]  是慶祝一個君王
[00:21:42.000 --> 00:21:43.000]  並且登基
[00:21:43.000 --> 00:21:45.000]  並且作出宣告
[00:21:45.000 --> 00:21:47.000]  要怎樣治理這個世界
[00:21:47.000 --> 00:21:49.000]  要怎樣治理這個世界
[00:21:49.000 --> 00:21:50.000]  很多人從香港來的
[00:21:50.000 --> 00:21:52.000]  雖然都不是那麼喜歡香港
[00:21:52.000 --> 00:21:54.000]  香港的新特首
[00:21:54.000 --> 00:21:56.000]  很多人從香港來的
[00:21:56.000 --> 00:21:59.000]  可能不大喜歡新當選的特首
[00:21:59.000 --> 00:22:03.000]  但是每一次新的領袖上場的時候
[00:22:03.000 --> 00:22:05.000]  其實每一次新的領袖上場的時候
[00:22:05.000 --> 00:22:07.000]  一定會見到一個場合的
[00:22:07.000 --> 00:22:08.000]  一定會見到一個場合
[00:22:08.000 --> 00:22:11.000]  就是他登基了
[00:22:11.000 --> 00:22:13.000]  正式做了一個領袖的時候
[00:22:13.000 --> 00:22:15.000]  正式做了一個領袖的時候
[00:22:15.000 --> 00:22:17.000]  他就職宣告
[00:22:17.000 --> 00:22:19.000]  他有就職典禮
[00:22:19.000 --> 00:22:21.000]  或者演說
[00:22:21.000 --> 00:22:23.000]  介紹我接下來會怎樣做
[00:22:23.000 --> 00:22:25.000]  就告訴我接下來會怎樣做
[00:22:25.000 --> 00:22:27.000]  加拿大政府都一樣
[00:22:27.000 --> 00:22:28.000]  加拿大政府也一樣
[00:22:28.000 --> 00:22:31.000]  每一年當國會新一期開始的時候
[00:22:31.000 --> 00:22:33.000]  每一年當新的國會開始的時候
[00:22:33.000 --> 00:22:35.000]  都會有省督或者總督
[00:22:35.000 --> 00:22:37.000]  都會有省督或省督
[00:22:37.000 --> 00:22:40.000]  宣告今年接下來怎樣去做治理的工作
[00:22:40.000 --> 00:22:43.000]  宣告今年接下來怎樣去做治理的工作
[00:22:43.000 --> 00:22:45.000]  鄧小平請你看看這段聖經
[00:22:45.000 --> 00:22:48.000]  這段聖經就是宣告我們的王
[00:22:48.000 --> 00:22:50.000]  我們的上主
[00:22:50.000 --> 00:22:52.000]  基督耶穌基督的國
[00:22:52.000 --> 00:22:53.000]  當他作王的時候
[00:22:53.000 --> 00:22:55.000]  他接下來怎樣治理這個世界
[00:22:55.000 --> 00:22:57.000]  宣告我們的王
[00:22:57.000 --> 00:22:58.000]  我們的主耶穌基督
[00:22:58.000 --> 00:23:00.000]  當他成為王的時候
[00:23:00.000 --> 00:23:02.000]  他怎樣去治理這個世界
[00:23:02.000 --> 00:23:05.000]  所以我們看到這裡有一個天庭的敬拜現象
[00:23:05.000 --> 00:23:07.000]  我們看到這個天庭的敬拜現象
[00:23:07.000 --> 00:23:09.000]  同樣有二十四位的長老
[00:23:09.000 --> 00:23:11.000]  俯伏於地然後敬拜神
[00:23:11.000 --> 00:23:13.000]  同樣有二十四位的長老
[00:23:13.000 --> 00:23:15.000]  俯伏於地敬拜神
[00:23:15.000 --> 00:23:17.000]  然後從他們口中得到
[00:23:17.000 --> 00:23:19.000]  知道神的宣告的內容是什麼
[00:23:19.000 --> 00:23:23.000]  所以他們口中會得到神的宣告是什麼
[00:23:23.000 --> 00:23:24.000]  神不用經常說的
[00:23:24.000 --> 00:23:27.000]  他下面那些認識他的人
[00:23:27.000 --> 00:23:29.000]  一早已經知道應該說什麼
[00:23:29.000 --> 00:23:31.000]  所以神不要整天講話
[00:23:31.000 --> 00:23:33.000]  下面認識他的人
[00:23:33.000 --> 00:23:35.000]  一早就知道他要說什麼
[00:23:35.000 --> 00:23:36.000]  他是敬拜的裡面
[00:23:36.000 --> 00:23:38.000]  他讚頌我們主我們的神
[00:23:38.000 --> 00:23:40.000]  他敬拜裡面讚頌我們主我們的神
[00:23:40.000 --> 00:23:42.000]  更重要的是他講他怎樣治理這個世界
[00:23:42.000 --> 00:23:44.000]  他講他怎樣治理這個世界
[00:23:44.000 --> 00:23:45.000]  他說他掌大權
[00:23:45.000 --> 00:23:46.000]  他掌大權
[00:23:46.000 --> 00:23:47.000]  大家看第十八節
[00:23:47.000 --> 00:23:48.000]  第十八節
[00:23:48.000 --> 00:23:49.000]  當他掌權的時候
[00:23:49.000 --> 00:23:50.000]  有些人不喜歡他
[00:23:50.000 --> 00:23:52.000]  當他掌權的時候
[00:23:52.000 --> 00:23:53.000]  有人不喜歡他
[00:23:53.000 --> 00:23:55.000]  外邦在發怒
[00:23:55.000 --> 00:23:56.000]  無所謂幫發怒
[00:23:56.000 --> 00:23:59.000]  這些人說我不喜歡你做我的領袖
[00:23:59.000 --> 00:24:01.000]  我不喜歡你做我的領袖
[00:24:01.000 --> 00:24:03.000]  但我留意下他怎樣管你
[00:24:03.000 --> 00:24:04.000]  看他怎麼管你
[00:24:04.000 --> 00:24:07.000]  但是耶和華神的憤怒要臨到
[00:24:07.000 --> 00:24:09.000]  所以耶和華神的憤怒要臨到
[00:24:09.000 --> 00:24:11.000]  審判他們每一個人
[00:24:11.000 --> 00:24:13.000]  然後審判每一個人
[00:24:13.000 --> 00:24:15.000]  很多人用聖經講天花亂落
[00:24:15.000 --> 00:24:16.000]  和古靈精怪
[00:24:16.000 --> 00:24:20.000]  很多人把這個事情解釋的
[00:24:20.000 --> 00:24:21.000]  就是說
[00:24:21.000 --> 00:24:23.000]  此情怪相
[00:24:23.000 --> 00:24:25.000]  此情怪相
[00:24:25.000 --> 00:24:28.000]  覺得將來基督徒怎樣對這個世界
[00:24:28.000 --> 00:24:30.000]  審這個世界那些不信主的人
[00:24:30.000 --> 00:24:31.000]  就是這樣
[00:24:31.000 --> 00:24:32.000]  比如說大家說
[00:24:32.000 --> 00:24:33.000]  今天到今天
[00:24:33.000 --> 00:24:35.000]  以後你等我審判這個世界
[00:24:35.000 --> 00:24:37.000]  審判那些不信神的人
[00:24:37.000 --> 00:24:40.000]  這段聖經是講給當時的基督徒聽的
[00:24:40.000 --> 00:24:43.000]  這件事情是講給當時的基督徒聽的
[00:24:43.000 --> 00:24:46.000]  不是講給包括將來的基督徒聽
[00:24:46.000 --> 00:24:48.000]  不包括將來的基督徒聽
[00:24:48.000 --> 00:24:50.000]  不是隻是講給他們聽
[00:24:50.000 --> 00:24:52.000]  是講給當時的人聽
[00:24:52.000 --> 00:24:54.000]  是講給當時的人聽
[00:24:54.000 --> 00:24:57.000]  和講給我們今天可以看到這段聖經的人知道
[00:24:57.000 --> 00:25:00.000]  也會讓我們看到這件事情的人知道
[00:25:00.000 --> 00:25:01.000]  是什麼呢
[00:25:01.000 --> 00:25:02.000]  是什麼呢
[00:25:02.000 --> 00:25:03.000]  神來治理這個世界
[00:25:03.000 --> 00:25:05.000]  神來治理這個世界
[00:25:05.000 --> 00:25:08.000]  你以為你們不喜歡的發脾氣就可以了嗎
[00:25:08.000 --> 00:25:11.000]  人家不喜歡就發脾氣就可以了嗎
[00:25:11.000 --> 00:25:12.000]  神啊
[00:25:12.000 --> 00:25:13.000]  你發吧
[00:25:13.000 --> 00:25:14.000]  神你說你發脾氣
[00:25:14.000 --> 00:25:15.000]  我憤怒來審判你
[00:25:15.000 --> 00:25:17.000]  我憤怒來審判你
[00:25:17.000 --> 00:25:19.000]  而且徹徹底底地來審判你
[00:25:19.000 --> 00:25:21.000]  徹徹底底地來審判你
[00:25:21.000 --> 00:25:23.000]  但是這段聖經想說些什麼呢
[00:25:23.000 --> 00:25:25.000]  基督徒這件事情想說什麼呢
[00:25:25.000 --> 00:25:26.000]  是告訴我們知道
[00:25:26.000 --> 00:25:27.000]  是告訴我們
[00:25:27.000 --> 00:25:28.000]  我們的神
[00:25:28.000 --> 00:25:29.000]  我們的神
[00:25:29.000 --> 00:25:30.000]  現在要做回這個世界的王
[00:25:30.000 --> 00:25:31.000]  要做這個世界的王
[00:25:31.000 --> 00:25:33.000]  將所有不公義的事情
[00:25:33.000 --> 00:25:35.000]  將所有不公義的事情
[00:25:35.000 --> 00:25:36.000]  修補過來
[00:25:36.000 --> 00:25:37.000]  修補過來
[00:25:37.000 --> 00:25:39.000]  扭轉它過來
[00:25:39.000 --> 00:25:40.000]  扭轉過來
[00:25:40.000 --> 00:25:42.000]  你會說牧師
[00:25:42.000 --> 00:25:44.000]  但是現在這個世界還有很多不公啊
[00:25:44.000 --> 00:25:45.000]  可能你會說
[00:25:45.000 --> 00:25:47.000]  這個世界還有很多不公
[00:25:47.000 --> 00:25:50.000]  那這段聖經說的不是錯嗎
[00:25:50.000 --> 00:25:52.000]  是不是這個聖經講錯了呢
[00:25:52.000 --> 00:25:54.000]  如果他說那時候已經去做這件事情
[00:25:54.000 --> 00:25:56.000]  那現在應該我們不用這麼辛苦了
[00:25:56.000 --> 00:25:58.000]  如果說那時候做這件事情
[00:25:58.000 --> 00:26:00.000]  我們為什麼要這麼辛苦呢
[00:26:00.000 --> 00:26:03.000]  這件事情我們真的要學會了
[00:26:03.000 --> 00:26:06.000]  這件事情我們一定要學習
[00:26:06.000 --> 00:26:08.000]  原來
[00:26:08.000 --> 00:26:10.000]  我們現在處於一個什麼樣的時段呢
[00:26:10.000 --> 00:26:12.000]  我們現在處於什麼樣的時段呢
[00:26:12.000 --> 00:26:13.000]  處於一個
[00:26:13.000 --> 00:26:15.000]  在一個徵戰
[00:26:15.000 --> 00:26:19.000]  最後得勝的時段的中間
[00:26:19.000 --> 00:26:23.000]  在我們徵戰最後得勝的時間的中間
[00:26:23.000 --> 00:26:24.000]  如果大家熟悉
[00:26:24.000 --> 00:26:27.000]  第二次世界大戰的
[00:26:27.000 --> 00:26:28.000]  戰爭記錄的話
[00:26:28.000 --> 00:26:32.000]  如果大家熟悉第二次世界大戰的戰爭記錄的話
[00:26:32.000 --> 00:26:35.000]  在研究世界歷史的時候
[00:26:35.000 --> 00:26:37.000]  在研究世界歷史的時候
[00:26:37.000 --> 00:26:38.000]  每一場戰爭
[00:26:38.000 --> 00:26:39.000]  每一場戰爭
[00:26:39.000 --> 00:26:42.000]  都有兩個時間我們要去明白的
[00:26:42.000 --> 00:26:44.000]  有兩個時間我們要明白的
[00:26:44.000 --> 00:26:45.000]  第一個時間
[00:26:45.000 --> 00:26:46.000]  第一個時間
[00:26:46.000 --> 00:26:47.000]  叫做D-Day
[00:26:47.000 --> 00:26:48.000]  叫D-Day
[00:26:48.000 --> 00:26:50.000]  第二個時間叫做V-Day
[00:26:50.000 --> 00:26:51.000]  又叫V-Day
[00:26:51.000 --> 00:26:53.000]  什麼叫D-Day什麼V-Day
[00:26:53.000 --> 00:26:56.000]  你說我搞到我Day-Day都不知道搞什麼
[00:26:56.000 --> 00:26:59.000]  那你就問什麼是D-Day什麼是V-Day
[00:26:59.000 --> 00:27:00.000]  我解釋給大家聽
[00:27:00.000 --> 00:27:01.000]  我解釋給大家聽
[00:27:01.000 --> 00:27:03.000]  在第二次世界大戰的時候
[00:27:03.000 --> 00:27:04.000]  在第二次世界大戰的時候
[00:27:04.000 --> 00:27:10.000]  當整個德國納粹政府已經將整個歐洲可以說是差不多贏了的時候
[00:27:10.000 --> 00:27:15.000]  當德國政府差不多已經贏了整個歐洲的時候
[00:27:15.000 --> 00:27:19.000]  聯軍聯軍策劃最後的戰爭
[00:27:19.000 --> 00:27:22.000]  聯軍策劃最後的戰爭
[00:27:22.000 --> 00:27:24.000]  由策劃
[00:27:24.000 --> 00:27:25.000]  由策劃
[00:27:25.000 --> 00:27:26.000]  到最後
[00:27:26.000 --> 00:27:27.000]  到最後
[00:27:27.000 --> 00:27:28.000]  真的打贏了
[00:27:28.000 --> 00:27:29.000]  真的打贏了
[00:27:29.000 --> 00:27:30.000]  贏了整個
[00:27:30.000 --> 00:27:32.000]  是有時段的分別
[00:27:32.000 --> 00:27:34.000]  是有時段的分別
[00:27:34.000 --> 00:27:38.000]  策劃並且真正推行的那天我們叫D-Day
[00:27:38.000 --> 00:27:39.000]  就是策劃
[00:27:39.000 --> 00:27:42.000]  就是推行的那天我們叫D-Day
[00:27:42.000 --> 00:27:44.000]  就是最出名的那場戰役
[00:27:44.000 --> 00:27:46.000]  登陸諾曼第戰爭
[00:27:46.000 --> 00:27:48.000]  就是這個D-Day的日子
[00:27:48.000 --> 00:27:49.000]  就是D-Day的日子
[00:27:49.000 --> 00:27:50.000]  就是D-Day的日子
[00:27:50.000 --> 00:27:52.000]  就是D-Day的日子
[00:27:52.000 --> 00:27:53.000]  但何時才贏呢?
[00:27:53.000 --> 00:27:54.000]  但何時才贏呢?
[00:27:54.000 --> 00:27:57.000]  登陸諾曼第是六月時間
[00:27:57.000 --> 00:28:00.000]  登陸諾曼第是六月時間
[00:28:00.000 --> 00:28:04.000]  真的打贏了整個德國
[00:28:04.000 --> 00:28:06.000]  打贏整個德國
[00:28:06.000 --> 00:28:08.000]  就要去到八月的時間
[00:28:08.000 --> 00:28:09.000]  就要去到八月的時間
[00:28:09.000 --> 00:28:11.000]  六月至八月這個空間
[00:28:11.000 --> 00:28:13.000]  六月至八月這個空間
[00:28:13.000 --> 00:28:17.000]  我們稱為D-Day和V-Day的中間空間
[00:28:17.000 --> 00:28:20.000]  我們稱為D-Day和V-Day的中間空間
[00:28:20.000 --> 00:28:22.000]  D-Day已經決定了一場戰爭贏了
[00:28:22.000 --> 00:28:24.000]  D-Day已經決定了一場戰爭的勝敗
[00:28:24.000 --> 00:28:28.000]  但真正贏了要去到最後的V-Day
[00:28:28.000 --> 00:28:30.000]  就真正贏了到最後V-Day
[00:28:30.000 --> 00:28:31.000]  明白了是吧?
[00:28:31.000 --> 00:28:33.000]  大家明白了嗎?
[00:28:33.000 --> 00:28:35.000]  我們現在就在D-Day和V-Day中間
[00:28:35.000 --> 00:28:38.000]  我們現在就在D-Day和V-Day之間
[00:28:38.000 --> 00:28:41.000]  在時錄裡我們知道就是D-Day的時間
[00:28:41.000 --> 00:28:43.000]  在時錄裡我們知道就是D-Day的時間
[00:28:43.000 --> 00:28:46.000]  神登基成為這個世界的主
[00:28:46.000 --> 00:28:48.000]  神登基成為這個世界的主
[00:28:48.000 --> 00:28:50.000]  如果世界全部在神的管理之下
[00:28:50.000 --> 00:28:52.000]  整個世界在神的管理之下
[00:28:52.000 --> 00:28:54.000]  但是要真正全面得勝的
[00:28:54.000 --> 00:28:55.000]  真的要全面得勝
[00:28:55.000 --> 00:28:57.000]  軍隊仍然要進化
[00:28:57.000 --> 00:29:00.000]  軍隊仍然要進化
[00:29:00.000 --> 00:29:01.000]  完成神的工作
[00:29:01.000 --> 00:29:02.000]  完成神的工作
[00:29:02.000 --> 00:29:04.000]  誰去完成這份工作?
[00:29:04.000 --> 00:29:05.000]  誰去完成神的工作?
[00:29:05.000 --> 00:29:06.000]  耶穌基督
[00:29:06.000 --> 00:29:07.000]  耶穌基督?
[00:29:07.000 --> 00:29:10.000]  不是耶穌基督D-Day已經搞定了
[00:29:10.000 --> 00:29:14.000]  耶穌基督在D-Day已經完成了
[00:29:14.000 --> 00:29:16.000]  所以耶穌基督已經打完這場仗了
[00:29:16.000 --> 00:29:19.000]  耶穌基督已經打完仗了
[00:29:19.000 --> 00:29:21.000]  現在是看你和我這臺戲
[00:29:21.000 --> 00:29:23.000]  就看你和我這臺戲
[00:29:23.000 --> 00:29:29.000]  所以你明不明白為何保羅在哥倫多前書
[00:29:29.000 --> 00:29:33.000]  大家記不記得保羅在哥倫多前書四章裡說
[00:29:33.000 --> 00:29:36.000]  對世道你們說我們好像一臺戲一樣
[00:29:36.000 --> 00:29:38.000]  我們好像一臺戲一樣
[00:29:38.000 --> 00:29:42.000]  大家明不明白為何保羅會這樣說話
[00:29:42.000 --> 00:29:44.000]  大家有沒有想到保羅會怎麼這麼說話
[00:29:44.000 --> 00:29:48.000]  神現在是看你和我在這個世界裡做基督徒
[00:29:48.000 --> 00:29:51.000]  神在看你和我怎麼去做基督徒
[00:29:51.000 --> 00:29:53.000]  去完成祂的工作
[00:29:53.000 --> 00:29:54.000]  結果定了
[00:29:54.000 --> 00:29:55.000]  結果已經定了
[00:29:55.000 --> 00:29:56.000]  換句話說
[00:29:56.000 --> 00:29:57.000]  換句話說
[00:29:57.000 --> 00:29:58.000]  神當時要做主場
[00:29:58.000 --> 00:30:00.000]  神不光要做主場
[00:30:00.000 --> 00:30:02.000]  而且祂已經決定了戰局
[00:30:02.000 --> 00:30:04.000]  已經確定了
[00:30:04.000 --> 00:30:08.000]  因為老祖在天上已經完成了這個戰局的情況
[00:30:08.000 --> 00:30:11.000]  因為天上正在運行這個徵戰
[00:30:11.000 --> 00:30:15.000]  所以我們在第七節之後會讀到
[00:30:15.000 --> 00:30:17.000]  我們在第七節之後就會讀到
[00:30:17.000 --> 00:30:18.000]  神明現在在七節
[00:30:18.000 --> 00:30:20.000]  但是我們可以看到
[00:30:20.000 --> 00:30:21.000]  弟兄姊妹
[00:30:21.000 --> 00:30:25.000]  現在是你和我怎麼參與完成神的工作的時候
[00:30:25.000 --> 00:30:28.000]  就是你和我怎麼去參與完成神的工作的時候
[00:30:28.000 --> 00:30:30.000]  這段聖經告訴我們是什麼
[00:30:30.000 --> 00:30:32.000]  這是一個完整的告訴我們什麼呢
[00:30:32.000 --> 00:30:33.000]  這纔是這段聖經的精髓
[00:30:33.000 --> 00:30:36.000]  這纔是聖經的精髓
[00:30:36.000 --> 00:30:37.000]  弟兄姊妹
[00:30:38.000 --> 00:30:42.000]  當你和我在這個世界看到這麼多不公平的事情
[00:30:42.000 --> 00:30:43.000]  發生的時候
[00:30:43.000 --> 00:30:47.000]  你和我見到世界上這麼多不公平的事情發生的時候
[00:30:47.000 --> 00:30:49.000]  你和我的選擇是什麼呢
[00:30:49.000 --> 00:30:51.000]  你和我的選擇是什麼呢
[00:30:51.000 --> 00:30:53.000]  我繼續行神的道
[00:30:53.000 --> 00:30:55.000]  我繼續行神的道
[00:30:55.000 --> 00:30:58.000]  還是跟隨這個世界的人做他們喜歡做的事呢
[00:30:58.000 --> 00:31:02.000]  還是跟隨這個世界的人做他們喜歡做的事呢
[00:31:02.000 --> 00:31:04.000]  最多我不要那麼壞
[00:31:04.000 --> 00:31:06.000]  最多我不要那麼壞
[00:31:06.000 --> 00:31:07.000]  是不是這樣選擇呢
[00:31:07.000 --> 00:31:08.000]  是不是這樣選擇呢
[00:31:08.000 --> 00:31:10.000]  作者在這裡告訴我們
[00:31:10.000 --> 00:31:12.000]  作者告訴我們
[00:31:12.000 --> 00:31:14.000]  耶和華神贏定的
[00:31:14.000 --> 00:31:16.000]  耶和華神已經贏了
[00:31:16.000 --> 00:31:19.000]  你和我在這個時候見到很多不公的現象
[00:31:19.000 --> 00:31:21.000]  甚至對我們有傷害的現象
[00:31:21.000 --> 00:31:24.000]  只要你和我見到很多不公平的現象
[00:31:24.000 --> 00:31:26.000]  甚至對我們有傷害的現象
[00:31:26.000 --> 00:31:27.000]  我們都在這個時候離場
[00:31:27.000 --> 00:31:29.000]  我們都在這個時候離場
[00:31:29.000 --> 00:31:33.000]  不要做基督耶穌的逃兵
[00:31:33.000 --> 00:31:35.000]  不要做耶穌基督的逃兵
[00:31:35.000 --> 00:31:37.000]  我重新講多一次
[00:31:37.000 --> 00:31:38.000]  我重新再講一次
[00:31:38.000 --> 00:31:41.000]  這件事情的最主要目的
[00:31:41.000 --> 00:31:42.000]  這件事情最主要的目的
[00:31:42.000 --> 00:31:44.000]  是鼓勵你和我
[00:31:44.000 --> 00:31:45.000]  是鼓勵你和我
[00:31:45.000 --> 00:31:47.000]  不要做基督的逃兵
[00:31:47.000 --> 00:31:49.000]  不要做基督的逃兵
[00:31:49.000 --> 00:31:51.000]  是難的做基督徒
[00:31:51.000 --> 00:31:53.000]  做基督徒是難的
[00:31:53.000 --> 00:31:55.000]  看起來好像沒有什麼前景
[00:31:55.000 --> 00:31:56.000]  看起來好像沒有什麼前景
[00:31:56.000 --> 00:31:59.000]  好像這個世界和我的好處都是分割的
[00:31:59.000 --> 00:32:02.000]  好像這個世界的好處和我的風格
[00:32:02.000 --> 00:32:04.000]  但是
[00:32:04.000 --> 00:32:06.000]  但是不要放棄
[00:32:06.000 --> 00:32:07.000]  不要放棄
[00:32:07.000 --> 00:32:09.000]  因為我們已經做了主場
[00:32:09.000 --> 00:32:11.000]  我們已經做了主場
[00:32:11.000 --> 00:32:12.000]  他必定贏這場仗
[00:32:12.000 --> 00:32:13.000]  他必定贏這場仗
[00:32:13.000 --> 00:32:15.000]  我們要繼續堅持下去
[00:32:15.000 --> 00:32:17.000]  我們要繼續堅持下去
[00:32:17.000 --> 00:32:19.000]  不要隨便
[00:32:19.000 --> 00:32:20.000]  不要求求其次
[00:32:20.000 --> 00:32:21.000]  今天
[00:32:21.000 --> 00:32:22.000]  今天
[00:32:22.000 --> 00:32:23.000]  耶和華神
[00:32:23.000 --> 00:32:24.000]  看你和我
[00:32:24.000 --> 00:32:25.000]  看你和我
[00:32:25.000 --> 00:32:27.000]  如何好好的完成餘下的工作
[00:32:27.000 --> 00:32:28.000]  看你和我
[00:32:28.000 --> 00:32:30.000]  看你和我
[00:32:30.000 --> 00:32:32.000]  如何完成餘下的工作
[00:32:32.000 --> 00:32:34.000]  當這個鼓勵講完給我們之後
[00:32:34.000 --> 00:32:37.000]  我們明白到原來神已經登基
[00:32:37.000 --> 00:32:39.000]  我們明白神已經登基
[00:32:39.000 --> 00:32:41.000]  整個時勢已經逆轉過來
[00:32:41.000 --> 00:32:42.000]  整個時勢已經逆轉過來
[00:32:42.000 --> 00:32:45.000]  從以往魔鬼撒旦為掌權的現在
[00:32:45.000 --> 00:32:46.000]  開始由我們的主
[00:32:46.000 --> 00:32:49.000]  我們的神爺蘇基督作主
[00:32:49.000 --> 00:32:51.000]  過去是有撒旦黨權的
[00:32:51.000 --> 00:32:54.000]  所以你和我就要認清我們的角色
[00:32:54.000 --> 00:32:57.000]  你和我要認清這個局勢
[00:32:57.000 --> 00:33:03.000]  我們要準確地穩固地去參與這場屬靈的爭戰
[00:33:03.000 --> 00:33:03.000]  我們要準確地穩固地去參與這場屬靈的爭戰
[00:33:03.000 --> 00:33:03.000]  我們要準確地穩固地去參與這場屬靈的爭戰
[00:33:03.000 --> 00:33:07.000]  我們要穩固地去參與這場屬靈的爭戰
[00:33:07.000 --> 00:33:10.000]  這就是從十二章一到十八節的內容
[00:33:10.000 --> 00:33:10.000]  這就是從十二章一到十八節的內容
[00:33:10.000 --> 00:33:10.000]  這就是從十二章一到十八節的內容
[00:33:10.000 --> 00:33:11.000]  這就是從十二章一到十八節的內容
[00:33:11.000 --> 00:33:14.000]  這就是從十二章一到十八節的內容
[00:33:14.000 --> 00:33:16.000]  在這段聖經講什麼呢
[00:33:16.000 --> 00:33:17.000]  在這段聖經講什麼呢
[00:33:17.000 --> 00:33:19.000]  我們很快很簡單地講一講
[00:33:19.000 --> 00:33:21.000]  我們很快很簡單地講一講
[00:33:21.000 --> 00:33:24.000]  從十二章的一到六節
[00:33:24.000 --> 00:33:26.000]  從十二章的一到六節
[00:33:26.000 --> 00:33:29.000]  這講了兩個異象
[00:33:29.000 --> 00:33:35.000]  第一個異象是有一個婦人懷孕生了一個兒子
[00:33:35.000 --> 00:33:35.000]  第一個異象是有一個婦人懷孕生了一個兒子
[00:33:35.000 --> 00:33:38.000]  第一個異象是有一個婦人懷孕生了一個兒子
[00:33:38.000 --> 00:33:39.000]  這是其中一個現象
[00:33:39.000 --> 00:33:40.000]  這是其中一個現象
[00:33:40.000 --> 00:33:41.000]  第二個現象
[00:33:41.000 --> 00:33:42.000]  第二個現象
[00:33:42.000 --> 00:33:43.000]  第二個現象
[00:33:43.000 --> 00:33:46.000]  這個異象就是講到有條大紅龍
[00:33:46.000 --> 00:33:46.000]  這個異象就是講到有條大紅龍
[00:33:46.000 --> 00:33:47.000]  這個異象就是講到有條大紅龍
[00:33:47.000 --> 00:33:49.000]  七頭十角
[00:33:49.000 --> 00:33:50.000]  七頭十角
[00:33:50.000 --> 00:33:51.000]  七頭十角
[00:33:51.000 --> 00:33:52.000]  七頭十角
[00:33:52.000 --> 00:33:54.000]  這兩個異象講什麼呢
[00:33:54.000 --> 00:33:55.000]  這兩個異象講什麼呢
[00:33:55.000 --> 00:33:56.000]  這兩個異象講什麼呢
[00:33:56.000 --> 00:33:59.000]  這兩個異象是講到兩個勢力在爭戰
[00:33:59.000 --> 00:34:01.000]  這兩個勢力在爭戰
[00:34:01.000 --> 00:34:01.000]  這兩個勢力在爭戰
[00:34:01.000 --> 00:34:03.000]  其實
[00:34:03.000 --> 00:34:04.000]  其實
[00:34:04.000 --> 00:34:08.000]  很多聖經家在解釋那條龍是什麼龍
[00:34:08.000 --> 00:34:11.000]  很多人在解釋那條龍是什麼樣的龍
[00:34:11.000 --> 00:34:12.000]  很多人在解釋那條龍是什麼樣的龍
[00:34:12.000 --> 00:34:13.000]  大家可以這樣講
[00:34:13.000 --> 00:34:14.000]  到底是什麼鬼龍呢
[00:34:14.000 --> 00:34:16.000]  到底是什麼樣的龍呢
[00:34:16.000 --> 00:34:19.000]  有七頭十角
[00:34:19.000 --> 00:34:21.000]  有七頭十角
[00:34:21.000 --> 00:34:22.000]  七頭是什麼意思呢
[00:34:22.000 --> 00:34:24.000]  十角是什麼意思呢
[00:34:24.000 --> 00:34:25.000]  七頭是什麼意思
[00:34:25.000 --> 00:34:28.000]  十角很多聖經家很喜歡在解釋
[00:34:28.000 --> 00:34:32.000]  很多事情就是試圖解決這個問題
[00:34:32.000 --> 00:34:33.000]  其實不是解釋
[00:34:33.000 --> 00:34:34.000]  其實是作
[00:34:34.000 --> 00:34:36.000]  其實並不是解決什麼問題
[00:34:36.000 --> 00:34:39.000]  而是在平衡想像
[00:34:39.000 --> 00:34:41.000]  你知不知道我最初還沒信主的時候
[00:34:41.000 --> 00:34:42.000]  第一次接觸基督教
[00:34:42.000 --> 00:34:45.000]  就是這段聖經
[00:34:45.000 --> 00:34:47.000]  在我學校有班基督徒的同學
[00:34:47.000 --> 00:34:48.000]  在我學校有班基督徒的同學
[00:34:48.000 --> 00:34:50.000]  在我們學校每年都有開放日
[00:34:50.000 --> 00:34:51.000]  在我們學校每年都有開放日
[00:34:51.000 --> 00:34:52.000]  他就引用這段聖經
[00:34:52.000 --> 00:34:53.000]  他就引用這段聖經
[00:34:53.000 --> 00:34:54.000]  他就引用這段聖經
[00:34:54.000 --> 00:34:55.000]  他就引用這段聖經
[00:34:55.000 --> 00:34:56.000]  他就引用這段聖經
[00:34:56.000 --> 00:34:57.000]  他就引用這段聖經
[00:34:57.000 --> 00:34:58.000]  他就引用這段聖經
[00:34:58.000 --> 00:34:59.000]  他就引用這段聖經
[00:34:59.000 --> 00:35:00.000]  他就引用這段聖經
[00:35:00.000 --> 00:35:01.000]  他就引用這段聖經
[00:35:01.000 --> 00:35:02.000]  他就引用這段聖經
[00:35:02.000 --> 00:35:03.000]  他就引用這段聖經
[00:35:03.000 --> 00:35:04.000]  他就引用這段聖經
[00:35:04.000 --> 00:35:05.000]  他就引用這段聖經
[00:35:05.000 --> 00:35:29.000]  他就引用這段聖經
[00:35:29.000 --> 00:35:35.000]  他就引用這段聖經
[00:35:35.000 --> 00:35:36.000]  他就引用這段聖經
[00:35:36.000 --> 00:35:37.000]  他就引用這段聖經
[00:35:37.000 --> 00:35:38.000]  他就引用這段聖經
[00:35:38.000 --> 00:35:39.000]  他就引用這段聖經
[00:35:39.000 --> 00:35:40.000]  他就引用這段聖經
[00:35:40.000 --> 00:35:41.000]  他就引用這段聖經
[00:35:41.000 --> 00:35:42.000]  他就引用這段聖經
[00:35:42.000 --> 00:35:43.000]  他就引用這段聖經
[00:35:43.000 --> 00:35:44.000]  他就引用這段聖經
[00:35:44.000 --> 00:35:45.000]  他就引用這段聖經
[00:35:45.000 --> 00:35:46.000]  他就引用這段聖經
[00:35:46.000 --> 00:35:47.000]  他就引用這段聖經
[00:35:47.000 --> 00:35:48.000]  他就引用這段聖經
[00:35:48.000 --> 00:35:49.000]  他就引用這段聖經
[00:35:49.000 --> 00:35:50.000]  他就引用這段聖經
[00:35:50.000 --> 00:35:51.000]  他就引用這段聖經
[00:35:51.000 --> 00:35:52.000]  他就引用這段聖經
[00:35:52.000 --> 00:35:53.000]  他就引用這段聖經
[00:35:53.000 --> 00:35:54.000]  他就引用這段聖經
[00:35:54.000 --> 00:35:55.000]  他就引用這段聖經
[00:35:55.000 --> 00:35:56.000]  他就引用這段聖經
[00:35:56.000 --> 00:35:57.000]  他就引用這段聖經
[00:35:57.000 --> 00:35:58.000]  他就引用這段聖經
[00:35:58.000 --> 00:35:59.000]  他就引用這段聖經
[00:35:59.000 --> 00:36:00.000]  他就引用這段聖經
[00:36:00.000 --> 00:36:01.000]  他就引用這段聖經
[00:36:01.000 --> 00:36:02.000]  他就引用這段聖經
[00:36:02.000 --> 00:36:03.000]  他就引用這段聖經
[00:36:03.000 --> 00:36:04.000]  他就引用這段聖經
[00:36:04.000 --> 00:36:05.000]  他就引用這段聖經
[00:36:05.000 --> 00:36:06.000]  他就引用這段聖經
[00:36:06.000 --> 00:36:07.000]  他就引用這段聖經
[00:36:07.000 --> 00:36:08.000]  他就引用這段聖經
[00:36:08.000 --> 00:36:09.000]  他就引用這段聖經
[00:36:09.000 --> 00:36:10.000]  他就引用這段聖經
[00:36:10.000 --> 00:36:11.000]  他就引用這段聖經
[00:36:11.000 --> 00:36:12.000]  他就引用這段聖經
[00:36:12.000 --> 00:36:13.000]  他就引用這段聖經
[00:36:13.000 --> 00:36:14.000]  他就引用這段聖經
[00:36:14.000 --> 00:36:15.000]  他就引用這段聖經
[00:36:15.000 --> 00:36:16.000]  他就引用這段聖經
[00:36:16.000 --> 00:36:17.000]  他就引用這段聖經
[00:36:17.000 --> 00:36:18.000]  他就引用這段聖經
[00:36:18.000 --> 00:36:19.000]  他就引用這段聖經
[00:36:19.000 --> 00:36:20.000]  他就引用這段聖經
[00:36:20.000 --> 00:36:21.000]  他就引用這段聖經
[00:36:21.000 --> 00:36:22.000]  他就引用這段聖經
[00:36:22.000 --> 00:36:23.000]  他就引用這段聖經
[00:36:23.000 --> 00:36:24.000]  他就引用這段聖經
[00:36:24.000 --> 00:36:25.000]  他就引用這段聖經
[00:36:25.000 --> 00:36:26.000]  他就引用這段聖經
[00:36:26.000 --> 00:36:27.000]  他就引用這段聖經
[00:36:27.000 --> 00:36:28.000]  他就引用這段聖經
[00:36:28.000 --> 00:36:29.000]  他就引用這段聖經
[00:36:29.000 --> 00:36:30.000]  他就引用這段聖經
[00:36:30.000 --> 00:36:31.000]  他就引用這段聖經
[00:36:31.000 --> 00:36:32.000]  他就引用這段聖經
[00:36:32.000 --> 00:36:33.000]  他就引用這段聖經
[00:36:33.000 --> 00:36:34.000]  他就引用這段聖經
[00:36:34.000 --> 00:36:35.000]  他就引用這段聖經
[00:36:35.000 --> 00:36:36.000]  他就引用這段聖經
[00:36:36.000 --> 00:36:37.000]  他就引用這段聖經
[00:36:37.000 --> 00:36:38.000]  他就引用這段聖經
[00:36:38.000 --> 00:36:39.000]  他就引用這段聖經
[00:36:39.000 --> 00:36:40.000]  他就引用這段聖經
[00:36:40.000 --> 00:36:41.000]  他就引用這段聖經
[00:36:41.000 --> 00:36:42.000]  他就引用這段聖經
[00:36:42.000 --> 00:36:43.000]  他就引用這段聖經
[00:36:43.000 --> 00:36:44.000]  他就引用這段聖經
[00:36:44.000 --> 00:36:45.000]  他就引用這段聖經
[00:36:45.000 --> 00:36:46.000]  他就引用這段聖經
[00:36:46.000 --> 00:36:47.000]  他就引用這段聖經
[00:36:47.000 --> 00:36:48.000]  他就引用這段聖經
[00:36:48.000 --> 00:36:49.000]  他就引用這段聖經
[00:36:49.000 --> 00:36:50.000]  他就引用這段聖經
[00:36:50.000 --> 00:36:51.000]  他就引用這段聖經
[00:36:51.000 --> 00:36:52.000]  他就引用這段聖經
[00:36:52.000 --> 00:36:53.000]  他就引用這段聖經
[00:36:53.000 --> 00:36:54.000]  他就引用這段聖經
[00:36:55.000 --> 00:36:59.000]  其實耶穌基督從頭到尾就是這個情況
[00:36:59.000 --> 00:37:01.000]  耶穌基督從頭到尾就是這個情況
[00:37:01.000 --> 00:37:05.000]  當時的時代的人想要侯主耶穌怎樣殺死他
[00:37:05.000 --> 00:37:05.000]  當時的時代的人想要侯主耶穌怎樣殺死他
[00:37:05.000 --> 00:37:07.000]  當時的時代的人想要侯主耶穌怎樣殺死他
[00:37:07.000 --> 00:37:08.000]  當時的時代的人想要侯主耶穌怎樣殺死他
[00:37:08.000 --> 00:37:09.000]  但是他們想不到
[00:37:09.000 --> 00:37:09.000]  但是他們想不到
[00:37:09.000 --> 00:37:10.000]  但是他們想不到
[00:37:10.000 --> 00:37:11.000]  但是他們想不到
[00:37:11.000 --> 00:37:12.000]  耶穌的死
[00:37:12.000 --> 00:37:13.000]  耶穌的死
[00:37:13.000 --> 00:37:17.000]  是勝過他們一切所陷害耶穌的詭計
[00:37:17.000 --> 00:37:17.000]  是勝過他們一切所陷害耶穌的詭計
[00:37:17.000 --> 00:37:17.000]  是勝過他們一切所陷害耶穌的詭計
[00:37:17.000 --> 00:37:21.000]  是勝過他們一切所陷害耶穌的詭計
[00:37:21.000 --> 00:37:24.000]  但是這段聖經卻造成了一個現象
[00:37:24.000 --> 00:37:25.000]  但是這段聖經卻造成了一個現象
[00:37:25.000 --> 00:37:26.000]  這個事情造成了一個現象
[00:37:26.000 --> 00:37:27.000]  有沒有留意
[00:37:27.000 --> 00:37:28.000]  最後在第六節
[00:37:28.000 --> 00:37:31.000]  婦人逃到曠野
[00:37:31.000 --> 00:37:36.000]  在那裡神為她預備得到養活1260天
[00:37:36.000 --> 00:37:36.000]  在那裡神為她預備得到養活1260天
[00:37:36.000 --> 00:37:43.000]  在那裡神為她預備得到養活1260天
[00:37:43.000 --> 00:37:45.000]  牧師為什麼說得那麼神祕
[00:37:45.000 --> 00:37:46.000]  牧師為什麼說得那麼神祕
[00:37:46.000 --> 00:37:47.000]  牧師為什麼說得那麼神祕
[00:37:47.000 --> 00:37:48.000]  牧師為什麼說得那麼神祕
[00:37:48.000 --> 00:37:49.000]  牧師為什麼說得那麼神祕
[00:37:49.000 --> 00:37:50.000]  牧師為什麼說得那麼神祕
[00:37:50.000 --> 00:37:51.000]  因為大家看第十一章第二至三節
[00:37:51.000 --> 00:37:52.000]  因為大家看第十一章第二至三節
[00:37:52.000 --> 00:37:54.000]  大家看第十一章
[00:37:54.000 --> 00:37:56.000]  原來這裡1260天
[00:37:56.000 --> 00:37:57.000]  原來這裡1260天
[00:37:57.000 --> 00:38:00.000]  其實正正就是42個月的時間
[00:38:00.000 --> 00:38:04.000]  1260天正好就是聖神42個月的時間
[00:38:04.000 --> 00:38:06.000]  讓兩個見證人去做見證的時間
[00:38:06.000 --> 00:38:07.000]  讓兩個見證人去做見證的時間
[00:38:07.000 --> 00:38:08.000]  換句話來說
[00:38:08.000 --> 00:38:09.000]  換句話來說
[00:38:09.000 --> 00:38:10.000]  換句話來說
[00:38:10.000 --> 00:38:11.000]  耶穌基督
[00:38:11.000 --> 00:38:12.000]  耶穌基督
[00:38:12.000 --> 00:38:13.000]  耶穌基督死了之後
[00:38:13.000 --> 00:38:14.000]  耶穌基督死了之後
[00:38:14.000 --> 00:38:15.000]  回到父神的裡面之後
[00:38:15.000 --> 00:38:16.000]  耶穌基督死了之後
[00:38:16.000 --> 00:38:17.000]  回到父神的裡面之後
[00:38:17.000 --> 00:38:18.000]  回到父神的裡面之後
[00:38:18.000 --> 00:38:19.000]  到一直祂再回來的日子
[00:38:19.000 --> 00:38:20.000]  到一直祂再回來的日子
[00:38:20.000 --> 00:38:21.000]  到一直祂再回來的日子
[00:38:21.000 --> 00:38:24.000]  你和我要做的就是見證工作
[00:38:24.000 --> 00:38:27.000]  你和我要做的就是見證工作
[00:38:27.000 --> 00:38:29.000]  如果你要知道見證工作容易做
[00:38:29.000 --> 00:38:30.000]  如果你要知道見證工作容易做
[00:38:30.000 --> 00:38:31.000]  看回十一章之一
[00:38:31.000 --> 00:38:32.000]  看回十一章之一
[00:38:32.000 --> 00:38:33.000]  很難做的
[00:38:33.000 --> 00:38:34.000]  很難做的
[00:38:34.000 --> 00:38:35.000]  見證工作容易做
[00:38:35.000 --> 00:38:36.000]  見證工作容易做
[00:38:36.000 --> 00:38:37.000]  看第四章就知道
[00:38:37.000 --> 00:38:38.000]  很難的
[00:38:38.000 --> 00:38:39.000]  但最後做得成
[00:38:39.000 --> 00:38:40.000]  但最後做得成
[00:38:40.000 --> 00:38:42.000]  說到這裡大家可以聽聽
[00:38:42.000 --> 00:38:44.000]  有興趣可以看天壇三行
[00:38:44.000 --> 00:38:45.000]  有興趣可以看天壇三行
[00:38:45.000 --> 00:38:46.000]  你和我今天的時間
[00:38:46.000 --> 00:38:47.000]  你和我今天的時間
[00:38:47.000 --> 00:38:48.000]  你和我今天的時間
[00:38:48.000 --> 00:38:49.000]  你和我今天的時間
[00:38:49.000 --> 00:38:50.000]  就是在聖經裡面所介紹
[00:38:50.000 --> 00:38:51.000]  就是在聖經裡面所介紹
[00:38:51.000 --> 00:38:54.000]  這兩個見證人要做的工作
[00:38:54.000 --> 00:38:56.000]  就是這兩個見證人要做的工作
[00:38:56.000 --> 00:38:57.000]  全都讓人知道
[00:38:57.000 --> 00:38:58.000]  全都讓人知道
[00:38:58.000 --> 00:38:59.000]  神的懲罰
[00:38:59.000 --> 00:39:00.000]  神的懲罰
[00:39:00.000 --> 00:39:01.000]  神的懲罰
[00:39:01.000 --> 00:39:02.000]  神的懲罰
[00:39:02.000 --> 00:39:03.000]  神的懲罰
[00:39:03.000 --> 00:39:04.000]  神的懲罰
[00:39:04.000 --> 00:39:05.000]  我插進去說
[00:39:05.000 --> 00:39:06.000]  我插進去說
[00:39:06.000 --> 00:39:07.000]  人家信耶穌
[00:39:07.000 --> 00:39:08.000]  人家信耶穌
[00:39:08.000 --> 00:39:09.000]  其實不需要硬銷
[00:39:09.000 --> 00:39:10.000]  其實不需要硬銷
[00:39:10.000 --> 00:39:11.000]  我插一句話
[00:39:11.000 --> 00:39:12.000]  我插一句話
[00:39:12.000 --> 00:39:13.000]  如果要帶人信耶穌
[00:39:13.000 --> 00:39:16.000]  不需要使用硬銷
[00:39:16.000 --> 00:39:18.000]  我以前人家和我傳福音
[00:39:18.000 --> 00:39:21.000]  我一直都不信主
[00:39:21.000 --> 00:39:23.000]  當時以前有個傳福音
[00:39:23.000 --> 00:39:24.000]  我一直都不信主
[00:39:24.000 --> 00:39:25.000]  當你是我吧
[00:39:25.000 --> 00:39:26.000]  當你是我吧
[00:39:26.000 --> 00:39:27.000]  別打個拼
[00:39:27.000 --> 00:39:29.000]  我當作是黃博士
[00:39:29.000 --> 00:39:30.000]  我是基督徒
[00:39:30.000 --> 00:39:31.000]  我當作是黃博士
[00:39:31.000 --> 00:39:33.000]  我做基督徒很想你信主
[00:39:33.000 --> 00:39:34.000]  我見到你
[00:39:34.000 --> 00:39:35.000]  我見到你
[00:39:35.000 --> 00:39:36.000]  你知不知道耶穌請教你
[00:39:36.000 --> 00:39:38.000]  你知不知道耶穌請教你
[00:39:38.000 --> 00:39:39.000]  我已經知道你有很多罪
[00:39:39.000 --> 00:39:40.000]  你知道你有很多罪
[00:39:40.000 --> 00:39:42.000]  你一天都這樣說
[00:39:42.000 --> 00:39:43.000]  每天都這樣說
[00:39:43.000 --> 00:39:44.000]  每天都這樣說
[00:39:44.000 --> 00:39:45.000]  這樣你怎麼說
[00:39:45.000 --> 00:39:46.000]  你有罪
[00:39:46.000 --> 00:39:47.000]  你有罪
[00:39:47.000 --> 00:39:48.000]  你很壞
[00:39:48.000 --> 00:39:49.000]  你很壞
[00:39:49.000 --> 00:39:50.000]  你的罪
[00:39:50.000 --> 00:39:51.000]  不要說大小的
[00:39:51.000 --> 00:39:52.000]  你的罪
[00:39:52.000 --> 00:39:53.000]  不要說大小的
[00:39:53.000 --> 00:39:54.000]  你有沒有做過壞事
[00:39:54.000 --> 00:39:55.000]  你有沒有做過壞事
[00:39:55.000 --> 00:39:56.000]  你有沒有做過壞事
[00:39:56.000 --> 00:39:57.000]  有沒有
[00:39:57.000 --> 00:39:58.000]  你講
[00:39:58.000 --> 00:39:59.000]  你講
[00:39:59.000 --> 00:40:00.000]  你信不信
[00:40:00.000 --> 00:40:01.000]  我一定不信
[00:40:01.000 --> 00:40:02.000]  你信不信
[00:40:02.000 --> 00:40:03.000]  我真的不信
[00:40:03.000 --> 00:40:04.000]  你這樣逼我
[00:40:04.000 --> 00:40:05.000]  你這樣逼我
[00:40:05.000 --> 00:40:06.000]  我真的不信
[00:40:06.000 --> 00:40:07.000]  我真的不信
[00:40:07.000 --> 00:40:08.000]  你認不認
[00:40:08.000 --> 00:40:09.000]  我就是有錯
[00:40:09.000 --> 00:40:10.000]  我都不認
[00:40:10.000 --> 00:40:11.000]  你認不認
[00:40:11.000 --> 00:40:12.000]  這樣講
[00:40:12.000 --> 00:40:13.000]  你這樣講
[00:40:13.000 --> 00:40:14.000]  你都不認
[00:40:14.000 --> 00:40:15.000]  你不需要這樣講
[00:40:15.000 --> 00:40:16.000]  你不需要這樣講
[00:40:16.000 --> 00:40:17.000]  你要做什麼
[00:40:17.000 --> 00:40:18.000]  你要做什麼
[00:40:18.000 --> 00:40:19.000]  你要做什麼
[00:40:19.000 --> 00:40:20.000]  你要關心他
[00:40:20.000 --> 00:40:21.000]  你關心他
[00:40:21.000 --> 00:40:22.000]  你不需要追著他
[00:40:22.000 --> 00:40:23.000]  你不需要追著他
[00:40:23.000 --> 00:40:24.000]  你有罪
[00:40:24.000 --> 00:40:25.000]  你不需要追著他
[00:40:25.000 --> 00:40:26.000]  你有罪
[00:40:26.000 --> 00:40:27.000]  你不需要追著他
[00:40:27.000 --> 00:40:28.000]  你有罪
[00:40:28.000 --> 00:40:29.000]  你關懷他
[00:40:29.000 --> 00:40:30.000]  你關懷他
[00:40:30.000 --> 00:40:31.000]  他有什麼需要
[00:40:31.000 --> 00:40:32.000]  他有什麼需要
[00:40:32.000 --> 00:40:33.000]  你可以做的事幫他
[00:40:33.000 --> 00:40:34.000]  你可以做的事幫他
[00:40:34.000 --> 00:40:35.000]  他只要有罪
[00:40:35.000 --> 00:40:36.000]  他只要有罪
[00:40:36.000 --> 00:40:37.000]  你幫他
[00:40:37.000 --> 00:40:38.000]  他自己不會來問
[00:40:38.000 --> 00:40:40.000]  他自己會來問
[00:40:40.000 --> 00:40:42.000]  你為什麼對我這麼好
[00:40:42.000 --> 00:40:44.000]  你為什麼這樣對我好
[00:40:44.000 --> 00:40:46.000]  所以男生和女生傳道
[00:40:46.000 --> 00:40:48.000]  真的很困難
[00:40:48.000 --> 00:40:50.000]  所以男生和女生傳道
[00:40:50.000 --> 00:40:51.000]  你對他好一點
[00:40:51.000 --> 00:40:54.000]  他就以為你不知所措
[00:40:54.000 --> 00:40:55.000]  你對他好一點
[00:40:55.000 --> 00:40:56.000]  他就以為你會有什麼事
[00:40:56.000 --> 00:40:58.000]  特別是可以做牧師
[00:40:58.000 --> 00:40:59.000]  牧師
[00:40:59.000 --> 00:41:01.000]  那些人要你犯愛
[00:41:01.000 --> 00:41:03.000]  濫愛不是犯愛
[00:41:03.000 --> 00:41:05.000]  每個人都要你犯愛
[00:41:05.000 --> 00:41:07.000]  當然有些是愛一點的
[00:41:07.000 --> 00:41:09.000]  是不是博愛
[00:41:09.000 --> 00:41:10.000]  博愛是
[00:41:10.000 --> 00:41:12.000]  他會來問
[00:41:12.000 --> 00:41:13.000]  他會過來問
[00:41:13.000 --> 00:41:15.000]  你為什麼對我這麼好
[00:41:15.000 --> 00:41:17.000]  你為什麼有事都不想幫我
[00:41:17.000 --> 00:41:19.000]  你為什麼老想幫我
[00:41:19.000 --> 00:41:22.000]  我想關心你
[00:41:22.000 --> 00:41:23.000]  我就會幫你
[00:41:23.000 --> 00:41:24.000]  我關心你
[00:41:24.000 --> 00:41:25.000]  我自然就會幫你
[00:41:25.000 --> 00:41:26.000]  有時幫人
[00:41:26.000 --> 00:41:27.000]  都不一定代表關心
[00:41:27.000 --> 00:41:29.000]  關心可以有很多方法
[00:41:29.000 --> 00:41:32.000]  幫人並不代表關心
[00:41:32.000 --> 00:41:34.000]  有時幫人有很多方法
[00:41:34.000 --> 00:41:35.000]  人家都會問
[00:41:35.000 --> 00:41:37.000]  那你為什麼這麼關心我
[00:41:37.000 --> 00:41:39.000]  為什麼這麼關心我
[00:41:39.000 --> 00:41:40.000]  老實說
[00:41:40.000 --> 00:41:41.000]  老實這麼說
[00:41:41.000 --> 00:41:42.000]  我每個人都很關心
[00:41:42.000 --> 00:41:44.000]  你們每個人我都很關心
[00:41:44.000 --> 00:41:46.000]  我怕你上不了天國
[00:41:46.000 --> 00:41:48.000]  上不了天國
[00:41:48.000 --> 00:41:50.000]  因為我擔心你進不了天國
[00:41:50.000 --> 00:41:51.000]  不是神的一部
[00:41:51.000 --> 00:41:53.000]  神國裡面的一個子民
[00:41:53.000 --> 00:41:54.000]  不是神國裡面的一個子民
[00:41:54.000 --> 00:41:55.000]  我關心這件事
[00:41:55.000 --> 00:41:57.000]  我關心這件事
[00:41:57.000 --> 00:42:00.000]  因為我不想miss any one of you
[00:42:00.000 --> 00:42:05.000]  因為我不想失去其中的任何一個
[00:42:05.000 --> 00:42:07.000]  好像中國有齣電影一樣
[00:42:07.000 --> 00:42:08.000]  中國有齣電影一樣
[00:42:08.000 --> 00:42:09.000]  一個都不能少
[00:42:09.000 --> 00:42:10.000]  一個都不能少
[00:42:10.000 --> 00:42:11.000]  這是我的心願
[00:42:11.000 --> 00:42:12.000]  這是我的心願
[00:42:12.000 --> 00:42:13.000]  只要我認識的人
[00:42:13.000 --> 00:42:14.000]  只要我認識的人
[00:42:14.000 --> 00:42:15.000]  我都不想少過一個
[00:42:15.000 --> 00:42:16.000]  我都不想少過一個
[00:42:16.000 --> 00:42:17.000]  就是這樣
[00:42:17.000 --> 00:42:18.000]  我就這樣
[00:42:18.000 --> 00:42:19.000]  他就會問
[00:42:19.000 --> 00:42:21.000]  我怎樣纔可以做到
[00:42:21.000 --> 00:42:23.000]  我怎樣纔可以做到呢
[00:42:23.000 --> 00:42:24.000]  你不需要
[00:42:24.000 --> 00:42:25.000]  那你要怎樣
[00:42:25.000 --> 00:42:26.000]  你不要說你要怎樣
[00:42:26.000 --> 00:42:28.000]  我就怎樣呢
[00:42:28.000 --> 00:42:29.000]  我就看到我自己有權
[00:42:29.000 --> 00:42:30.000]  我就看到我自己有權
[00:42:30.000 --> 00:42:31.000]  我就想解決了
[00:42:31.000 --> 00:42:34.000]  因為這件事就搞到我們去不了神的裡面
[00:42:34.000 --> 00:42:37.000]  就是說我想自己解決這個問題
[00:42:37.000 --> 00:42:40.000]  如果這是詛咒我進不了天國
[00:42:40.000 --> 00:42:42.000]  然後他會去想的
[00:42:42.000 --> 00:42:43.000]  他就會去想
[00:42:43.000 --> 00:42:45.000]  你信得過聖靈在個人身上工作的話
[00:42:45.000 --> 00:42:48.000]  你相信聖靈在那個人身上工作的話
[00:42:48.000 --> 00:42:49.000]  他會去想的
[00:42:49.000 --> 00:42:50.000]  他就會去想的
[00:42:50.000 --> 00:42:51.000]  他會信主
[00:42:51.000 --> 00:42:53.000]  你不用說今天你講完鬼手缺不缺智
[00:42:53.000 --> 00:42:55.000]  他就會信主
[00:42:55.000 --> 00:42:57.000]  你不會說今天會不會去舉手
[00:42:57.000 --> 00:42:58.000]  會不會去絕智
[00:42:58.000 --> 00:42:59.000]  不用的
[00:42:59.000 --> 00:43:00.000]  你缺不缺智
[00:43:00.000 --> 00:43:01.000]  你缺不缺智
[00:43:01.000 --> 00:43:02.000]  缺智
[00:43:02.000 --> 00:43:03.000]  舉手
[00:43:03.000 --> 00:43:04.000]  舉手
[00:43:04.000 --> 00:43:05.000]  不可以這樣
[00:43:05.000 --> 00:43:06.000]  這樣
[00:43:06.000 --> 00:43:07.000]  逼著別人
[00:43:07.000 --> 00:43:08.000]  是不是
[00:43:08.000 --> 00:43:09.000]  很簡單的
[00:43:09.000 --> 00:43:10.000]  他信主
[00:43:10.000 --> 00:43:11.000]  他行為會告訴你
[00:43:11.000 --> 00:43:12.000]  他行為會告訴你的
[00:43:12.000 --> 00:43:15.000]  當教會有說誰想受浸
[00:43:15.000 --> 00:43:16.000]  教會誰想受浸
[00:43:16.000 --> 00:43:17.000]  他自動會去想
[00:43:17.000 --> 00:43:19.000]  然後自動會報名的
[00:43:19.000 --> 00:43:20.000]  他自動會報名
[00:43:20.000 --> 00:43:21.000]  最多你就問
[00:43:21.000 --> 00:43:22.000]  有受浸嗎
[00:43:22.000 --> 00:43:23.000]  有沒有興趣
[00:43:23.000 --> 00:43:24.000]  最多就說
[00:43:24.000 --> 00:43:26.000]  受浸了你有沒有興趣
[00:43:26.000 --> 00:43:27.000]  是這樣的
[00:43:27.000 --> 00:43:28.000]  大兄姐妹
[00:43:28.000 --> 00:43:29.000]  全部都是這樣
[00:43:29.000 --> 00:43:30.000]  你每次抓住他就說
[00:43:30.000 --> 00:43:31.000]  上啊上啊上啊
[00:43:31.000 --> 00:43:32.000]  只要說不出
[00:43:32.000 --> 00:43:33.000]  抓住他就說
[00:43:33.000 --> 00:43:34.000]  舌舌舌舌
[00:43:34.000 --> 00:43:35.000]  你越拉住他他越走
[00:43:35.000 --> 00:43:37.000]  你越拉住他他越走
[00:43:37.000 --> 00:43:38.000]  是不是
[00:43:38.000 --> 00:43:40.000]  這場徵戰就是這樣
[00:43:40.000 --> 00:43:42.000]  這場徵戰就是如此
[00:43:42.000 --> 00:43:46.000]  這場徵戰不是從地上打到上天
[00:43:46.000 --> 00:43:48.000]  這是從地上打到上天
[00:43:48.000 --> 00:43:51.000]  第二部份從七節至十二節
[00:43:51.000 --> 00:43:52.000]  七節到十二節
[00:43:52.000 --> 00:43:54.000]  這是回憶的記錄
[00:43:54.000 --> 00:43:56.000]  這是回憶的記錄
[00:43:56.000 --> 00:43:58.000]  記錄在天庭裏面
[00:43:58.000 --> 00:43:59.000]  就回到天庭裏面
[00:43:59.000 --> 00:44:01.000]  原來在之前已經有一場仗打了
[00:44:01.000 --> 00:44:03.000]  原來有一場仗已經打過了
[00:44:03.000 --> 00:44:04.000]  這場仗是怎樣打的
[00:44:04.000 --> 00:44:05.000]  這場仗是怎樣打的
[00:44:05.000 --> 00:44:07.000]  米加勒這位天使
[00:44:07.000 --> 00:44:08.000]  米加勒這個天使
[00:44:08.000 --> 00:44:09.000]  天使長
[00:44:09.000 --> 00:44:10.000]  天使長
[00:44:10.000 --> 00:44:11.000]  米加勒
[00:44:11.000 --> 00:44:14.000]  英文就讀Michael
[00:44:14.000 --> 00:44:17.000]  正式用希臘文讀米加勒
[00:44:17.000 --> 00:44:18.000]  米加勒
[00:44:18.000 --> 00:44:22.000]  他原來一早在天上已經和一條龍打了一場仗
[00:44:22.000 --> 00:44:25.000]  因為他在天上已經和一條龍打了一場仗
[00:44:25.000 --> 00:44:27.000]  他打不過那條龍
[00:44:27.000 --> 00:44:29.000]  打不過那條龍
[00:44:29.000 --> 00:44:31.000]  那接著會怎樣
[00:44:31.000 --> 00:44:32.000]  接著會怎樣
[00:44:32.000 --> 00:44:33.000]  一打就打到地上
[00:44:33.000 --> 00:44:36.000]  一打就打到地上
[00:44:36.000 --> 00:44:37.000]  打到他癱癱直
[00:44:37.000 --> 00:44:39.000]  癱癱直
[00:44:39.000 --> 00:44:40.000]  在地上
[00:44:40.000 --> 00:44:41.000]  癱癱直
[00:44:41.000 --> 00:44:43.000]  那怎樣
[00:44:43.000 --> 00:44:44.000]  他跌到地上
[00:44:44.000 --> 00:44:45.000]  跌到地上
[00:44:45.000 --> 00:44:49.000]  我就很喜歡五權不目的解這段聖經
[00:44:49.000 --> 00:44:52.000]  我就很喜歡五權不目的解這段聖經
[00:44:52.000 --> 00:44:53.000]  我的老師
[00:44:53.000 --> 00:44:54.000]  我的老師
[00:44:54.000 --> 00:44:55.000]  你們前任目者
[00:44:55.000 --> 00:44:57.000]  你們前任目者
[00:44:57.000 --> 00:44:59.000]  他說這段聖經就是說
[00:44:59.000 --> 00:45:03.000]  魔鬼撒旦跌到地上拿回一堆沙的時間
[00:45:03.000 --> 00:45:07.000]  魔鬼撒旦掉到地上
[00:45:07.000 --> 00:45:08.000]  撒旦的時間
[00:45:08.000 --> 00:45:11.000]  拿回一堆沙
[00:45:11.000 --> 00:45:12.000]  拿回一堆沙
[00:45:12.000 --> 00:45:14.000]  是否意思是廣東話
[00:45:14.000 --> 00:45:15.000]  很難記
[00:45:15.000 --> 00:45:16.000]  我知道今天很難
[00:45:16.000 --> 00:45:18.000]  就是說
[00:45:18.000 --> 00:45:19.000]  撒在地上
[00:45:19.000 --> 00:45:22.000]  做最後的國旨
[00:45:22.000 --> 00:45:24.000]  廣東話有句說話叫做
[00:45:24.000 --> 00:45:27.000]  死雞撐飯蓋
[00:45:27.000 --> 00:45:28.000]  就是說
[00:45:28.000 --> 00:45:31.000]  做最後垂死掙扎
[00:45:31.000 --> 00:45:33.000]  最後垂死掙扎
[00:45:33.000 --> 00:45:35.000]  你想學廣東話就叫做
[00:45:35.000 --> 00:45:37.000]  死雞撐飯蓋
[00:45:37.000 --> 00:45:40.000]  你知不知道死雞撐飯蓋
[00:45:40.000 --> 00:45:41.000]  你偷過雞沒有
[00:45:41.000 --> 00:45:43.000]  就是說你又被殺死
[00:45:43.000 --> 00:45:45.000]  沒理由沒偷過
[00:45:45.000 --> 00:45:47.000]  中國人沒偷過雞
[00:45:47.000 --> 00:45:49.000]  我們偷雞無數
[00:45:49.000 --> 00:45:52.000]  雙手尖
[00:45:52.000 --> 00:45:54.000]  你們知不知道怎樣偷雞
[00:45:54.000 --> 00:45:56.000]  你知道怎樣殺雞嗎
[00:45:56.000 --> 00:45:57.000]  偷雞很簡單
[00:45:57.000 --> 00:45:58.000]  殺雞非常簡單
[00:45:58.000 --> 00:45:59.000]  你做不做得出
[00:45:59.000 --> 00:46:02.000]  首先抓住雞
[00:46:02.000 --> 00:46:04.000]  或者夾住雞的腳
[00:46:04.000 --> 00:46:07.000]  或者夾住雞的身
[00:46:07.000 --> 00:46:09.000]  抓住雞的頸
[00:46:09.000 --> 00:46:11.000]  抓住雞的頸很恐怖
[00:46:11.000 --> 00:46:12.000]  會有不同的血水
[00:46:12.000 --> 00:46:14.000]  所以恐怖的東西
[00:46:14.000 --> 00:46:15.000]  馬上就走
[00:46:15.000 --> 00:46:16.000]  手起刀落
[00:46:16.000 --> 00:46:17.000]  手起刀落
[00:46:17.000 --> 00:46:18.000]  在雞的頸
[00:46:18.000 --> 00:46:20.000]  很簡單
[00:46:20.000 --> 00:46:21.000]  然後扔在地上
[00:46:21.000 --> 00:46:23.000]  扔在地上
[00:46:23.000 --> 00:46:24.000]  如果要雞血
[00:46:24.000 --> 00:46:26.000]  雞紅就要再扔一點血
[00:46:26.000 --> 00:46:28.000]  不然就讓它在這
[00:46:28.000 --> 00:46:32.000]  如果說你想要雞血的話
[00:46:32.000 --> 00:46:33.000]  情況很恐怖
[00:46:33.000 --> 00:46:34.000]  情況非常恐怖
[00:46:34.000 --> 00:46:36.000]  雞還在流血
[00:46:36.000 --> 00:46:38.000]  雞在流血
[00:46:38.000 --> 00:46:39.000]  一路在走
[00:46:39.000 --> 00:46:41.000]  走著走著流血不止
[00:46:41.000 --> 00:46:43.000]  雞的腳軟了
[00:46:43.000 --> 00:46:44.000]  雞的腳軟了
[00:46:44.000 --> 00:46:46.000]  雞就坐在這裡
[00:46:46.000 --> 00:46:48.000]  雞的頭就這樣
[00:46:48.000 --> 00:46:49.000]  在這裡
[00:46:49.000 --> 00:46:52.000]  最後雞就睡覺了
[00:46:52.000 --> 00:46:53.000]  最後就睡覺了
[00:46:53.000 --> 00:46:55.000]  你以為雞死了
[00:46:55.000 --> 00:46:56.000]  最後就死了
[00:46:56.000 --> 00:46:58.000]  你就想著拔毛
[00:46:58.000 --> 00:47:00.000]  最後你就可以
[00:47:00.000 --> 00:47:01.000]  你拔毛了
[00:47:01.000 --> 00:47:03.000]  最後就要拔毛了
[00:47:03.000 --> 00:47:05.000]  專家說過你拔毛了
[00:47:05.000 --> 00:47:07.000]  好了,說我了
[00:47:07.000 --> 00:47:09.000]  所以要煲一餐熱水
[00:47:09.000 --> 00:47:12.000]  所以要先煲開水
[00:47:12.000 --> 00:47:14.000]  水滾
[00:47:14.000 --> 00:47:15.000]  記住一定要有蓋
[00:47:15.000 --> 00:47:19.000]  當有蓋的水開了以後
[00:47:19.000 --> 00:47:21.000]  水要煲滿了
[00:47:21.000 --> 00:47:23.000]  把雞放進去
[00:47:23.000 --> 00:47:24.000]  把雞放進去
[00:47:24.000 --> 00:47:25.000]  蓋上蓋
[00:47:25.000 --> 00:47:26.000]  煮一會
[00:47:26.000 --> 00:47:28.000]  雞皮剛剛熟了
[00:47:28.000 --> 00:47:29.000]  把雞皮拿出來
[00:47:29.000 --> 00:47:31.000]  就拔毛了
[00:47:31.000 --> 00:47:34.000]  就是剛剛半熟的時候
[00:47:34.000 --> 00:47:35.000]  就很容易拔毛
[00:47:35.000 --> 00:47:38.000]  很多時候雞死不完
[00:47:38.000 --> 00:47:40.000]  很多時候雞死不了
[00:47:40.000 --> 00:47:42.000]  你一扔進煲熱水
[00:47:42.000 --> 00:47:46.000]  當你要去放進開水裡的時候
[00:47:46.000 --> 00:47:48.000]  突然間你以為有鬼出現
[00:47:48.000 --> 00:47:50.000]  就突然有鬼出現
[00:47:50.000 --> 00:47:52.000]  那個煲突然彈出來
[00:47:52.000 --> 00:47:54.000]  最後一聲就跳出來
[00:47:54.000 --> 00:47:55.000]  可能是肌肉反應
[00:47:55.000 --> 00:47:56.000]  一熱水一滾
[00:47:56.000 --> 00:47:59.000]  一滾,雞腳就飛出來
[00:47:59.000 --> 00:48:01.000]  就說這個腳
[00:48:01.000 --> 00:48:04.000]  就叫死雞撐飯局
[00:48:04.000 --> 00:48:07.000]  叫死雞撐飯局
[00:48:07.000 --> 00:48:09.000]  這就是魔鬼撒旦
[00:48:09.000 --> 00:48:11.000]  輸了
[00:48:11.000 --> 00:48:13.000]  魔鬼已經輸了
[00:48:13.000 --> 00:48:15.000]  你想學廣東話
[00:48:15.000 --> 00:48:17.000]  怎麼回去死雞撐飯街
[00:48:17.000 --> 00:48:19.000]  就這樣
[00:48:19.000 --> 00:48:21.000]  是不是贏了
[00:48:21.000 --> 00:48:24.000]  我們再學一句
[00:48:24.000 --> 00:48:26.000]  你記得這樣翻譯
[00:48:26.000 --> 00:48:28.000]  他根本輸了
[00:48:28.000 --> 00:48:30.000]  他根本已經輸了
[00:48:30.000 --> 00:48:32.000]  他心心不忿
[00:48:32.000 --> 00:48:40.000]  心有不平
[00:48:40.000 --> 00:48:42.000]  心有不平
[00:48:42.000 --> 00:48:44.000]  很憤怒
[00:48:44.000 --> 00:48:46.000]  他就來搞你
[00:48:46.000 --> 00:48:48.000]  搞地上
[00:48:48.000 --> 00:48:51.000]  所以地上有罪
[00:48:51.000 --> 00:48:54.000]  所以地上有罪
[00:48:54.000 --> 00:48:57.000]  耶穌來就要結帳
[00:48:57.000 --> 00:49:00.000]  耶穌來就是要解決這個問題
[00:49:00.000 --> 00:49:02.000]  那怎麼結帳呢
[00:49:02.000 --> 00:49:03.000]  怎麼解決這個問題呢
[00:49:03.000 --> 00:49:05.000]  耶穌已經做了他的功夫
[00:49:05.000 --> 00:49:06.000]  耶穌已經做了他的功夫
[00:49:06.000 --> 00:49:08.000]  剩下的就是你和我的功夫
[00:49:08.000 --> 00:49:10.000]  剩下的就是你和我
[00:49:10.000 --> 00:49:12.000]  這就是從13節到18節說的
[00:49:12.000 --> 00:49:15.000]  這就是13到18節講的內容
[00:49:15.000 --> 00:49:18.000]  這個巨龍死心不息要追殺這個婦人
[00:49:18.000 --> 00:49:22.000]  這個巨龍要追殺這個婦人
[00:49:22.000 --> 00:49:23.000]  聖經的作者
[00:49:23.000 --> 00:49:25.000]  啟示錄的作者
[00:49:25.000 --> 00:49:26.000]  回來告訴他
[00:49:26.000 --> 00:49:27.000]  他一直追殺
[00:49:27.000 --> 00:49:28.000]  不過追不到這個婦人
[00:49:28.000 --> 00:49:30.000]  聖經的作者告訴我
[00:49:30.000 --> 00:49:32.000]  能追殺這個婦人
[00:49:32.000 --> 00:49:33.000]  但追殺不到
[00:49:33.000 --> 00:49:36.000]  所以他就來搞那些婦人的後裔
[00:49:36.000 --> 00:49:41.000]  他就要婦人的後裔
[00:49:41.000 --> 00:49:42.000]  就是16節那裡
[00:49:42.000 --> 00:49:44.000]  16節
[00:49:44.000 --> 00:49:46.000]  婦人被幫助救了離開
[00:49:46.000 --> 00:49:48.000]  龍吐出來的水之後
[00:49:48.000 --> 00:49:50.000]  龍向婦人發怒
[00:49:50.000 --> 00:49:54.000]  去與她其餘的兒女爭執
[00:49:54.000 --> 00:49:58.000]  當地幫助婦人解決水的問題以後
[00:49:58.000 --> 00:50:00.000]  龍向婦人發怒
[00:50:00.000 --> 00:50:03.000]  去與她其餘的兒女爭執
[00:50:03.000 --> 00:50:05.000]  這些兒女就是守神的誡命
[00:50:05.000 --> 00:50:07.000]  為耶穌作見證的人
[00:50:07.000 --> 00:50:09.000]  這些兒女就是守神的誡命
[00:50:09.000 --> 00:50:11.000]  為耶穌作見證的
[00:50:11.000 --> 00:50:12.000]  所以大兄姐們
[00:50:12.000 --> 00:50:14.000]  啟示錄你不需要解讀
[00:50:14.000 --> 00:50:16.000]  它是很神化的
[00:50:16.000 --> 00:50:18.000]  啟示錄不要解釋
[00:50:18.000 --> 00:50:19.000]  解釋非常神祕
[00:50:19.000 --> 00:50:20.000]  這裡只是講回整個
[00:50:20.000 --> 00:50:22.000]  耶穌基督的拯救的故事
[00:50:22.000 --> 00:50:24.000]  這裡講的是基督拯救的故事
[00:50:24.000 --> 00:50:27.000]  現在是你和我去完成這個故事
[00:50:27.000 --> 00:50:30.000]  現在是你和我去完成這個故事
[00:50:30.000 --> 00:50:31.000]  這個部分
[00:50:31.000 --> 00:50:32.000]  這個部分
[00:50:32.000 --> 00:50:33.000]  所以大兄姐們
[00:50:33.000 --> 00:50:34.000]  什麼?
[00:50:34.000 --> 00:50:35.000]  所以弟兄姊妹
[00:50:35.000 --> 00:50:37.000]  我們要知道我們的角色是做什麼
[00:50:37.000 --> 00:50:39.000]  我們要知道我們角色是做什麼
[00:50:39.000 --> 00:50:42.000]  我們的角色是做神的兵兵
[00:50:42.000 --> 00:50:44.000]  我們角色是做神的兵兵
[00:50:44.000 --> 00:50:46.000]  來去打這場屬靈的仗
[00:50:46.000 --> 00:50:48.000]  來到打這場屬靈的戰
[00:50:48.000 --> 00:50:50.000]  由D-Day去到V-Day的日子
[00:50:50.000 --> 00:50:53.000]  就是你和我上場的時間
[00:50:53.000 --> 00:50:55.000]  從D-Day到V-Day的日子
[00:50:55.000 --> 00:50:57.000]  就是你和我去上場的日子
[00:50:57.000 --> 00:50:59.000]  這個過程不容易
[00:50:59.000 --> 00:51:00.000]  這個過程並不容易
[00:51:00.000 --> 00:51:02.000]  你知不知道第二次世界大戰
[00:51:02.000 --> 00:51:05.000]  從D-Day到V-Day都打了很多場仗
[00:51:05.000 --> 00:51:06.000]  大家知不知道
[00:51:06.000 --> 00:51:08.000]  第二次世界大戰
[00:51:08.000 --> 00:51:10.000]  從D-Day到V-Day都打了很多場仗
[00:51:10.000 --> 00:51:11.000]  你知不知道為什麼每年
[00:51:11.000 --> 00:51:12.000]  登陸羅曼第
[00:51:12.000 --> 00:51:15.000]  我們加拿大總理都要去歐洲走一趟
[00:51:15.000 --> 00:51:19.000]  就是為什麼每年登陸羅曼第的時候
[00:51:19.000 --> 00:51:22.000]  那個時間我們加拿大總理都要去歐洲走一趟
[00:51:22.000 --> 00:51:24.000]  因為我們加拿大派了很多兵士
[00:51:24.000 --> 00:51:25.000]  死了在那裡
[00:51:25.000 --> 00:51:28.000]  因為我們加拿大派了很多兵士
[00:51:28.000 --> 00:51:29.000]  死在那個地方
[00:51:29.000 --> 00:51:30.000]  要有犧牲的
[00:51:30.000 --> 00:51:32.000]  要付出代價
[00:51:32.000 --> 00:51:33.000]  要付出代價
[00:51:33.000 --> 00:51:34.000]  最終的勝利
[00:51:34.000 --> 00:51:35.000]  但最終的勝利
[00:51:35.000 --> 00:51:36.000]  是會來臨的
[00:51:36.000 --> 00:51:38.000]  屬靈世界一樣
[00:51:38.000 --> 00:51:39.000]  屬靈世界也一樣
[00:51:39.000 --> 00:51:40.000]  你和我
[00:51:40.000 --> 00:51:41.000]  兄弟姐妹
[00:51:41.000 --> 00:51:42.000]  不要灰心
[00:51:42.000 --> 00:51:43.000]  不要灰心
[00:51:43.000 --> 00:51:44.000]  有時做基督徒
[00:51:44.000 --> 00:51:45.000]  有時做基督徒
[00:51:45.000 --> 00:51:46.000]  做到唉呀呀都不知道
[00:51:46.000 --> 00:51:47.000]  可不可以繼續做
[00:51:47.000 --> 00:51:49.000]  是不是要繼續做
[00:51:49.000 --> 00:51:51.000]  我分享一下我自己的心路歷程
[00:51:51.000 --> 00:51:53.000]  我分享一下我自己的心路歷程
[00:51:53.000 --> 00:51:55.000]  有很多人經常和我這樣說
[00:51:55.000 --> 00:51:56.000]  有很多人經常和我這樣講
[00:51:56.000 --> 00:51:58.000]  做牧師做到你這樣
[00:51:58.000 --> 00:52:00.000]  黃牧師你真是最慘的
[00:52:00.000 --> 00:52:01.000]  只要黃牧師
[00:52:01.000 --> 00:52:03.000]  有個做牧師做到你這個水平
[00:52:03.000 --> 00:52:04.000]  那真是
[00:52:04.000 --> 00:52:05.000]  其實他的心想說
[00:52:05.000 --> 00:52:06.000]  做到你這樣
[00:52:06.000 --> 00:52:08.000]  就是做到最淡度
[00:52:08.000 --> 00:52:11.000]  就是你做到最淡度
[00:52:11.000 --> 00:52:14.000]  淡度就是做得很無聊
[00:52:14.000 --> 00:52:15.000]  就是很倒楣
[00:52:15.000 --> 00:52:16.000]  很倒楣那個
[00:52:16.000 --> 00:52:17.000]  很倒楣那個
[00:52:17.000 --> 00:52:19.000]  人人做到工商水起
[00:52:19.000 --> 00:52:21.000]  你越做越大
[00:52:21.000 --> 00:52:23.000]  別人都是叫他越做越大
[00:52:23.000 --> 00:52:25.000]  只有你叫他越做越小
[00:52:25.000 --> 00:52:27.000]  逼
[00:52:27.000 --> 00:52:29.000]  講這番說話
[00:52:29.000 --> 00:52:30.000]  那個不是其他人
[00:52:30.000 --> 00:52:32.000]  是我自己從小到大
[00:52:32.000 --> 00:52:34.000]  玩得很親
[00:52:34.000 --> 00:52:35.000]  很熟的朋友
[00:52:35.000 --> 00:52:37.000]  講這番話並不是別人
[00:52:37.000 --> 00:52:39.000]  是我從小到大
[00:52:39.000 --> 00:52:40.000]  一起玩
[00:52:40.000 --> 00:52:42.000]  一起長大的朋友
[00:52:42.000 --> 00:52:43.000]  有時他們去旅行
[00:52:43.000 --> 00:52:45.000]  有時他們去旅行
[00:52:45.000 --> 00:52:47.000]  見到某教會那裡
[00:52:47.000 --> 00:52:48.000]  成萬人
[00:52:48.000 --> 00:52:49.000]  整個商場
[00:52:49.000 --> 00:52:51.000]  不是整個運動場
[00:52:51.000 --> 00:52:53.000]  舉行大會的話
[00:52:53.000 --> 00:52:54.000]  他馬上在Facebook
[00:52:54.000 --> 00:52:56.000]  就發過來給我
[00:52:56.000 --> 00:52:57.000]  如果他走到那
[00:52:57.000 --> 00:52:58.000]  看哪些教會
[00:52:58.000 --> 00:53:00.000]  在一個運動場
[00:53:00.000 --> 00:53:01.000]  舉行聚會的時候
[00:53:01.000 --> 00:53:02.000]  他就會從Facebook
[00:53:02.000 --> 00:53:03.000]  發一個信息給我
[00:53:03.000 --> 00:53:05.000]  哎呀黃牧
[00:53:05.000 --> 00:53:06.000]  黃牧
[00:53:06.000 --> 00:53:08.000]  黃就當然不敢寫我的名字
[00:53:08.000 --> 00:53:10.000]  我的名字的黃
[00:53:10.000 --> 00:53:11.000]  不敢寫我這個
[00:53:11.000 --> 00:53:13.000]  就轉做渣馬黃
[00:53:13.000 --> 00:53:16.000]  牧師就當然不敢寫牧師的牧
[00:53:16.000 --> 00:53:17.000]  牧師不寫
[00:53:17.000 --> 00:53:19.000]  寫一條牧的牧
[00:53:19.000 --> 00:53:20.000]  就一條牧的牧
[00:53:20.000 --> 00:53:21.000]  就叫做黃牧
[00:53:21.000 --> 00:53:23.000]  整番壇
[00:53:23.000 --> 00:53:25.000]  包你飯
[00:53:25.000 --> 00:53:27.000]  整一個壇
[00:53:27.000 --> 00:53:29.000]  就包著你飯
[00:53:29.000 --> 00:53:31.000]  整番一樣的活動
[00:53:31.000 --> 00:53:32.000]  頂住牧
[00:53:32.000 --> 00:53:33.000]  頂住牧
[00:53:33.000 --> 00:53:35.000]  你猜這樣聽下去
[00:53:35.000 --> 00:53:36.000]  好不好呢
[00:53:36.000 --> 00:53:38.000]  你這樣子聽到
[00:53:38.000 --> 00:53:39.000]  你的心情好不好
[00:53:39.000 --> 00:53:40.000]  不好受的
[00:53:40.000 --> 00:53:41.000]  不好受
[00:53:41.000 --> 00:53:42.000]  是不是
[00:53:42.000 --> 00:53:43.000]  不好受的
[00:53:43.000 --> 00:53:44.000]  不好受
[00:53:44.000 --> 00:53:45.000]  但是我沒有放棄
[00:53:45.000 --> 00:53:46.000]  但我並沒有放棄
[00:53:46.000 --> 00:53:47.000]  因為我知道
[00:53:47.000 --> 00:53:48.000]  但我知道
[00:53:48.000 --> 00:53:49.000]  我傳恩的是主的道
[00:53:49.000 --> 00:53:51.000]  我不是傳恩是一些
[00:53:51.000 --> 00:53:55.000]  使你開心的假道理
[00:53:55.000 --> 00:53:58.000]  我不是傳恩是讓你開心的假道理
[00:53:58.000 --> 00:54:01.000]  撒旦很希望我們扭轉一點
[00:54:01.000 --> 00:54:04.000]  撒旦希望我們能夠扭轉一點
[00:54:04.000 --> 00:54:07.000]  我們就能夠活得暢順一點
[00:54:07.000 --> 00:54:09.000]  我們就能夠活得順暢一點
[00:54:09.000 --> 00:54:12.000]  但是我們的神不讓我們這樣做
[00:54:12.000 --> 00:54:14.000]  做基督是不容易的
[00:54:14.000 --> 00:54:15.000]  做基督是不容易的
[00:54:15.000 --> 00:54:18.000]  過聖地的生活是不容易的
[00:54:18.000 --> 00:54:21.000]  就像我現在做社區中心的上司
[00:54:21.000 --> 00:54:24.000]  但就是我現在社區工作的上司都說
[00:54:24.000 --> 00:54:26.000]  他整天都看我這麼辛苦
[00:54:26.000 --> 00:54:28.000]  他整天看我這麼辛苦
[00:54:28.000 --> 00:54:30.000]  他說你又頭痛了
[00:54:30.000 --> 00:54:31.000]  你是不是又頭痛了
[00:54:31.000 --> 00:54:34.000]  你試一下一天在這裡被客人罵完
[00:54:34.000 --> 00:54:35.000]  晚上又要工作
[00:54:35.000 --> 00:54:37.000]  第二天回來還不頭痛
[00:54:37.000 --> 00:54:42.000]  你想想如果白天客人說你
[00:54:42.000 --> 00:54:43.000]  晚上回去要做事
[00:54:43.000 --> 00:54:46.000]  早上起來你看你頭痛不頭痛
[00:54:46.000 --> 00:54:47.000]  他就這樣教我
[00:54:47.000 --> 00:54:48.000]  他就這麼教我
[00:54:48.000 --> 00:54:51.000]  那你晚上隨便講一堂道就行了
[00:54:51.000 --> 00:54:55.000]  晚上隨便講一堂道不就行了
[00:54:55.000 --> 00:54:57.000]  他還要我翻炒舊道
[00:54:57.000 --> 00:55:00.000]  他就是要我把以前講的道拿出來再講
[00:55:00.000 --> 00:55:02.000]  他說他自己回教會
[00:55:02.000 --> 00:55:06.000]  原來牧師講十年八年前那堂道他都不記得了
[00:55:06.000 --> 00:55:09.000]  牧師講十年八年前那堂道我都不記得了
[00:55:09.000 --> 00:55:13.000]  我都很肯定我講十年八年前那堂道你都未必記得了
[00:55:13.000 --> 00:55:16.000]  如果我講十年八年前那堂道你未必記得
[00:55:16.000 --> 00:55:18.000]  但我過不了我平常的關
[00:55:18.000 --> 00:55:20.000]  但我過不了我和神的關係
[00:55:20.000 --> 00:55:21.000]  等心門
[00:55:21.000 --> 00:55:22.000]  等心門
[00:55:22.000 --> 00:55:23.000]  做這套真的不容易
[00:55:23.000 --> 00:55:24.000]  做這套都不容易
[00:55:24.000 --> 00:55:26.000]  做全道都不容易
[00:55:26.000 --> 00:55:27.000]  做全道更不容易
[00:55:27.000 --> 00:55:28.000]  你去全道
[00:55:28.000 --> 00:55:29.000]  你去全道
[00:55:29.000 --> 00:55:30.000]  在你的生活裡面
[00:55:30.000 --> 00:55:31.000]  在你的生活裡面
[00:55:31.000 --> 00:55:32.000]  大人信耶穌
[00:55:32.000 --> 00:55:33.000]  大人信耶穌
[00:55:33.000 --> 00:55:34.000]  絕對不容易
[00:55:34.000 --> 00:55:35.000]  不過
[00:55:35.000 --> 00:55:36.000]  聖孫在握
[00:55:36.000 --> 00:55:37.000]  聖孫在握
[00:55:37.000 --> 00:55:39.000]  不需要擔心
[00:55:39.000 --> 00:55:40.000]  你就不需要擔心
[00:55:40.000 --> 00:55:41.000]  做對的事情
[00:55:41.000 --> 00:55:42.000]  做對的事情
[00:55:42.000 --> 00:55:43.000]  神在那裡
[00:55:43.000 --> 00:55:44.000]  神看得到
[00:55:44.000 --> 00:55:45.000]  求主幫助我們
[00:55:45.000 --> 00:55:46.000]  求主幫助我們
[00:55:46.000 --> 00:55:48.000]  我們知道神已經掌權
[00:55:48.000 --> 00:55:50.000]  我們知道神已經掌權
[00:55:50.000 --> 00:55:51.000]  我們忠心在祂那裡
[00:55:51.000 --> 00:55:52.000]  我們最先在祂那裡
[00:55:52.000 --> 00:55:53.000]  沒有離開過祂那裡
[00:55:53.000 --> 00:55:54.000]  沒有離開過祂那裡
[00:55:54.000 --> 00:55:55.000]  神的喜悅
[00:55:55.000 --> 00:55:56.000]  神的喜悅
[00:55:56.000 --> 00:55:57.000]  我們所做的事
[00:55:57.000 --> 00:55:58.000]  我們神所做的事
[00:55:58.000 --> 00:55:59.000]  我們同心合佈
[00:55:59.000 --> 00:56:00.000]  我們同心合佈
[00:56:00.000 --> 00:56:01.000]  我們同心合佈
[00:56:01.000 --> 00:56:03.000]  這次多謝你給我們
[00:56:03.000 --> 00:56:05.000]  在今天這堂訊息裡面
[00:56:05.000 --> 00:56:07.000]  看到原來你怎樣
[00:56:07.000 --> 00:56:09.000]  透過歷史的發展
[00:56:09.000 --> 00:56:11.000]  救恩怎樣在天庭
[00:56:11.000 --> 00:56:13.000]  與及地上的進行
[00:56:13.000 --> 00:56:15.000]  讓我們有一個
[00:56:15.000 --> 00:56:18.000]  100%的掌握
[00:56:18.000 --> 00:56:20.000]  感謝主
[00:56:20.000 --> 00:56:21.000]  求你讓我們
[00:56:21.000 --> 00:56:23.000]  不要離棄主你的道理
[00:56:23.000 --> 00:56:27.000]  也不要做屬靈的徒弟
[00:56:27.000 --> 00:56:28.000]  但願我們真的
[00:56:28.000 --> 00:56:30.000]  每時每刻
[00:56:30.000 --> 00:56:33.000]  都在軟弱剛強的裡面
[00:56:33.000 --> 00:56:36.000]  都能夠持續主道
[00:56:36.000 --> 00:56:38.000]  在我們的確有軟弱的時候
[00:56:38.000 --> 00:56:40.000]  但願主你的力
[00:56:40.000 --> 00:56:42.000]  特別安慰的力
[00:56:42.000 --> 00:56:43.000]  鼓勵我們
[00:56:43.000 --> 00:56:45.000]  透過你的說話
[00:56:45.000 --> 00:56:47.000]  讓我們認清
[00:56:47.000 --> 00:56:48.000]  我們所作的
[00:56:48.000 --> 00:56:50.000]  主你的神
[00:56:50.000 --> 00:56:53.000]  恰好感謝你給我們這堂訊息
[00:56:53.000 --> 00:56:54.000]  讓我們知道
[00:56:54.000 --> 00:56:56.000]  當基督徒確不容易
[00:56:56.000 --> 00:56:59.000]  全道也不是簡單的事情
[00:56:59.000 --> 00:57:01.000]  但是我們原來
[00:57:01.000 --> 00:57:04.000]  聖善在我
[00:57:04.000 --> 00:57:06.000]  求你讓我們
[00:57:06.000 --> 00:57:08.000]  不要在困難的時候
[00:57:08.000 --> 00:57:12.000]  我們當一個屬靈
[00:57:12.000 --> 00:57:15.000]  瀕臨的徒弟逃兵
[00:57:15.000 --> 00:57:16.000]  求你幫助
[00:57:16.000 --> 00:57:18.000]  我們的禱告
[00:57:18.000 --> 00:57:19.000]  奉主的使命
[00:57:19.000 --> 00:57:20.000]  阿們
[00:57:20.000 --> 00:57:21.280]  阿們 阿們 阿們

