
[00:00:00.000 --> 00:00:03.000]  人無遠慮 必有近憂
[00:00:03.000 --> 00:00:05.000]  今年年初的時候
[00:00:05.000 --> 00:00:07.000]  中文大學的李成教授
[00:00:07.000 --> 00:00:10.000]  就率領Hong Kong Mood Disorder Centre
[00:00:10.000 --> 00:00:13.000]  做了一個比較詳盡的研究
[00:00:13.000 --> 00:00:17.000]  就發現香港有4.1%的香港人
[00:00:17.000 --> 00:00:19.000]  是患有焦慮症
[00:00:19.000 --> 00:00:22.000]  這個焦慮症就是Genderized Anxiety Disorder
[00:00:22.000 --> 00:00:24.000]  俗稱所謂GAD
[00:00:24.000 --> 00:00:27.000]  其中60.2%是女性
[00:00:27.000 --> 00:00:30.000]  39.8%是男性
[00:00:30.000 --> 00:00:32.000]  但是這些弟兄不是很開心
[00:00:32.000 --> 00:00:35.000]  不等於男人比女人少憂慮
[00:00:35.000 --> 00:00:37.000]  而只不過是男人沒有膽
[00:00:37.000 --> 00:00:40.000]  去求醫 吃藥
[00:00:40.000 --> 00:00:42.000]  所以我相信
[00:00:42.000 --> 00:00:46.000]  不是值得我們男士們這麼開心
[00:00:46.000 --> 00:00:50.000]  他所說是指那些患有焦慮症
[00:00:50.000 --> 00:00:54.000]  要去看醫生 要去吃藥
[00:00:54.000 --> 00:00:57.000]  而真的這樣去做的人
[00:00:57.000 --> 00:01:01.000]  遠遠不止4%
[00:01:01.000 --> 00:01:05.000]  不等於96%的香港人沒有憂慮
[00:01:05.000 --> 00:01:06.000]  中國人說這句話說得好
[00:01:06.000 --> 00:01:09.000]  所謂人無遠慮 必有近憂
[00:01:09.000 --> 00:01:12.000]  說在我們中間有很多憂慮
[00:01:12.000 --> 00:01:16.000]  是因著我們某些原因
[00:01:16.000 --> 00:01:18.000]  我們就累過去
[00:01:18.000 --> 00:01:22.000]  但不等於我們的生命裡面沒有憂慮
[00:01:22.000 --> 00:01:25.000]  人生在世一定有風風雨雨
[00:01:25.000 --> 00:01:26.000]  有很多壓力在裡面
[00:01:26.000 --> 00:01:29.000]  也有很多時候有生離死別
[00:01:29.000 --> 00:01:31.000]  蘇東坡說人有悲歡離合
[00:01:31.000 --> 00:01:33.000]  越有陰晴圓缺
[00:01:33.000 --> 00:01:35.000]  此事古難全
[00:01:35.000 --> 00:01:38.000]  當人面對一些變幻
[00:01:38.000 --> 00:01:40.000]  當人面對一些不知道的
[00:01:40.000 --> 00:01:41.000]  不能夠確信
[00:01:41.000 --> 00:01:45.000]  也不能夠有安全感的將來的時候
[00:01:45.000 --> 00:01:48.000]  往往帶來很多焦慮的情緒
[00:01:48.000 --> 00:01:54.000]  我記得十年前我太太患有癌病
[00:01:54.000 --> 00:01:57.000]  她要做一個骨髓治療
[00:01:57.000 --> 00:02:02.000]  然後要去照電腦掃描
[00:02:02.000 --> 00:02:06.000]  香港政府的醫院
[00:02:06.000 --> 00:02:11.000]  有一個很沒有人性的做法
[00:02:11.000 --> 00:02:12.000]  你照完之後
[00:02:12.000 --> 00:02:14.000]  醫院就會告訴你
[00:02:14.000 --> 00:02:16.000]  如果有事就打電話給你
[00:02:16.000 --> 00:02:18.000]  沒有打電話給你
[00:02:18.000 --> 00:02:20.000]  就表示沒事
[00:02:20.000 --> 00:02:21.000]  你照完之後
[00:02:21.000 --> 00:02:24.000]  在家裡每次有電話響的時候
[00:02:24.000 --> 00:02:26.000]  你就嚇得腳軟
[00:02:26.000 --> 00:02:27.000]  一打電話
[00:02:27.000 --> 00:02:29.000]  蘇牧師你知不知道某個人電話
[00:02:29.000 --> 00:02:32.000]  拜託你不要在這個時候打電話問我這些問題
[00:02:32.000 --> 00:02:34.000]  我以為是馬來醫院打來的
[00:02:34.000 --> 00:02:39.000]  每一個電話都會令你心驚肉跳
[00:02:39.000 --> 00:02:43.000]  那些焦慮情緒高漲得很厲害
[00:02:43.000 --> 00:02:45.000]  一天過了
[00:02:45.000 --> 00:02:48.000]  我以為五點半都不會打電話來
[00:02:48.000 --> 00:02:50.000]  已經下班了
[00:02:50.000 --> 00:02:52.000]  今天暫時可以不用憂慮
[00:02:52.000 --> 00:02:55.000]  第二天五點半又沒有電話
[00:02:55.000 --> 00:02:57.000]  第二天五點半又沒有電話
[00:02:57.000 --> 00:02:59.000]  但我怎知道他什麼時候打電話來
[00:02:59.000 --> 00:03:00.000]  可能一個星期
[00:03:00.000 --> 00:03:02.000]  可能幾天
[00:03:02.000 --> 00:03:04.000]  過了一個星期
[00:03:04.000 --> 00:03:06.000]  分分鐘又有其他人打電話來
[00:03:06.000 --> 00:03:08.000]  每一個電話要接的時候
[00:03:08.000 --> 00:03:12.000]  你都想不到那種情緒
[00:03:12.000 --> 00:03:14.000]  手在顫抖地接電話
[00:03:14.000 --> 00:03:17.000]  終於過了一個星期的時候
[00:03:17.000 --> 00:03:19.000]  忍不住
[00:03:19.000 --> 00:03:24.000]  打電話去馬來醫院J8
[00:03:24.000 --> 00:03:26.000]  護士接電話
[00:03:26.000 --> 00:03:33.000]  說我想檢查一下照了電腦掃描的報告
[00:03:33.000 --> 00:03:34.000]  他說等一下
[00:03:34.000 --> 00:03:36.000]  我遲些會打電話告訴你
[00:03:36.000 --> 00:03:44.000]  每兩個小時打電話來
[00:03:44.000 --> 00:03:46.000]  那段時間真的難以形容
[00:03:46.000 --> 00:03:48.000]  為什麼還不打呢
[00:03:48.000 --> 00:03:51.000]  快到五點半下班了還不打
[00:03:51.000 --> 00:03:52.000]  終於電話響了
[00:03:52.000 --> 00:03:54.000]  一接電話
[00:03:54.000 --> 00:03:56.000]  幸好真的是馬來醫院
[00:03:56.000 --> 00:03:57.000]  沒事不用擔心
[00:03:57.000 --> 00:03:59.000]  整個人定了
[00:03:59.000 --> 00:04:03.000]  人生往往是有很多的焦慮在裡面
[00:04:03.000 --> 00:04:05.000]  再加上我想在今天的社會裡面
[00:04:05.000 --> 00:04:07.000]  有種種的壓力
[00:04:07.000 --> 00:04:10.000]  有種種未知的因素
[00:04:10.000 --> 00:04:12.000]  再加上好像巴士叔叔說
[00:04:12.000 --> 00:04:14.000]  壓力未曾解決
[00:04:14.000 --> 00:04:16.000]  自然就有很多的憂慮
[00:04:16.000 --> 00:04:19.000]  在1968年美國有一個心理學家叫
[00:04:19.000 --> 00:04:21.000]  Dr. John Calhoun
[00:04:21.000 --> 00:04:24.000]  他就帶領美國心理衛生研究中心
[00:04:24.000 --> 00:04:27.000]  做了一個非常有趣的實驗
[00:04:27.000 --> 00:04:29.000]  他建了一個九成九尺的鐵籠
[00:04:29.000 --> 00:04:34.000]  這個鐵籠原則上可以住160隻老鼠
[00:04:34.000 --> 00:04:36.000]  可以住得舒舒服服
[00:04:36.000 --> 00:04:40.000]  有足夠的空間讓牠們休息伸展
[00:04:40.000 --> 00:04:44.000]  首先研究員就放了八隻老鼠
[00:04:44.000 --> 00:04:46.000]  進去這個鐵籠裡面
[00:04:46.000 --> 00:04:48.000]  四隻男四隻女
[00:04:48.000 --> 00:04:51.000]  老鼠的繁殖力是驚人的
[00:04:51.000 --> 00:04:52.000]  再加上糧食充足
[00:04:52.000 --> 00:04:54.000]  食水供應充足
[00:04:54.000 --> 00:04:55.000]  衛生條件好
[00:04:55.000 --> 00:04:57.000]  兩年之間
[00:04:57.000 --> 00:05:01.000]  這八隻老鼠繁殖到2200隻
[00:05:01.000 --> 00:05:04.000]  真是厲害
[00:05:04.000 --> 00:05:11.000]  這2200隻老鼠就住在一個九尺乘九尺的鐵籠當中
[00:05:11.000 --> 00:05:15.000]  然後這些科學家就看看牠有什麼反應
[00:05:15.000 --> 00:05:19.000]  Dr. Calhoun就發現一連串非常有趣的資料
[00:05:19.000 --> 00:05:25.000]  這2200隻老鼠困在九成九尺的籠裡面
[00:05:25.000 --> 00:05:28.000]  有什麼行為的表現呢
[00:05:28.000 --> 00:05:29.000]  很有趣
[00:05:29.000 --> 00:05:33.000]  那些老的老鼠就開始排隊
[00:05:33.000 --> 00:05:38.000]  大概12隻老鼠走在一起搞小組
[00:05:38.000 --> 00:05:43.000]  小組教會可能是其中一些壓力太大
[00:05:43.000 --> 00:05:45.000]  同一隻小組的老鼠
[00:05:45.000 --> 00:05:49.000]  大家分頭進行不同的任務來維繫這個小組
[00:05:49.000 --> 00:05:50.000]  這個老鼠也好
[00:05:50.000 --> 00:05:51.000]  這個做這個
[00:05:51.000 --> 00:05:52.000]  那個做那個
[00:05:52.000 --> 00:05:54.000]  在老鼠的世界
[00:05:54.000 --> 00:05:57.000]  本來男的老鼠是一家之主
[00:05:57.000 --> 00:05:59.000]  非常有領導的能力
[00:05:59.000 --> 00:06:01.000]  但是在一個這樣的情況之下
[00:06:01.000 --> 00:06:03.000]  就一反常態
[00:06:03.000 --> 00:06:08.000]  男的老鼠就越來越退縮
[00:06:08.000 --> 00:06:09.000]  常常被動
[00:06:09.000 --> 00:06:12.000]  如果牠會打機就整樣掛著打機
[00:06:12.000 --> 00:06:16.000]  那些女的老鼠就越來越強勢的領導
[00:06:16.000 --> 00:06:20.000]  所以為什麼我們今天香港會搞成這樣
[00:06:20.000 --> 00:06:22.000]  你知道我說什麼
[00:06:22.000 --> 00:06:26.000]  出來講話的多數都是女性
[00:06:26.000 --> 00:06:29.000]  而且這些女性非常霸道
[00:06:29.000 --> 00:06:32.000]  常常將年幼的老鼠趕走
[00:06:32.000 --> 00:06:34.000]  霸佔了他們的地盤
[00:06:34.000 --> 00:06:36.000]  霸佔了他們的陣地
[00:06:36.000 --> 00:06:39.000]  那些年幼的老鼠被踢出局的時候
[00:06:39.000 --> 00:06:40.000]  就散沙一盤
[00:06:40.000 --> 00:06:42.000]  終日放縱自己
[00:06:42.000 --> 00:06:44.000]  只會吃只會睡
[00:06:44.000 --> 00:06:46.000]  被人欺負的時候
[00:06:46.000 --> 00:06:47.000]  全無抵抗
[00:06:47.000 --> 00:06:49.000]  男的老鼠
[00:06:49.000 --> 00:06:53.000]  他的食慾和性慾的興趣就越來越減
[00:06:53.000 --> 00:06:55.000]  繁殖力就大減大減
[00:06:55.000 --> 00:06:57.000]  老鼠就越來越孤獨
[00:06:57.000 --> 00:06:58.000]  不和
[00:06:58.000 --> 00:07:01.000]  整個老鼠國就散沙一盤
[00:07:01.000 --> 00:07:03.000]  雖然有充足的食物
[00:07:03.000 --> 00:07:04.000]  食水
[00:07:04.000 --> 00:07:06.000]  陽光和空氣
[00:07:06.000 --> 00:07:09.000]  最後兩年多之後
[00:07:09.000 --> 00:07:12.000]  全部老鼠死了
[00:07:12.000 --> 00:07:15.000]  這個實驗給我們什麼啟示呢
[00:07:15.000 --> 00:07:17.000]  老鼠本來是一些很合群
[00:07:17.000 --> 00:07:19.000]  和很融和的一些動物
[00:07:19.000 --> 00:07:21.000]  但在壓力之下
[00:07:21.000 --> 00:07:25.000]  變得自私孤獨的一群
[00:07:25.000 --> 00:07:27.000]  當然我們很自然會問
[00:07:27.000 --> 00:07:32.000]  人類會不會有同樣的行為出現呢
[00:07:32.000 --> 00:07:36.000]  當然我們不可能用人去做這樣的實驗
[00:07:36.000 --> 00:07:37.000]  但我相信
[00:07:37.000 --> 00:07:39.000]  雖不中亦不遠矣
[00:07:39.000 --> 00:07:41.000]  想想在今天香港的地方
[00:07:41.000 --> 00:07:43.000]  無論是巴士大叔
[00:07:43.000 --> 00:07:44.000]  或者高官
[00:07:44.000 --> 00:07:46.000]  或者醫院的員工
[00:07:46.000 --> 00:07:48.000]  或者上班的一族
[00:07:48.000 --> 00:07:49.000]  都會告訴你
[00:07:49.000 --> 00:07:51.000]  壓力很大
[00:07:51.000 --> 00:07:52.000]  未曾解決
[00:07:52.000 --> 00:07:56.000]  面對各方各樣來的壓力的時候
[00:07:56.000 --> 00:07:59.000]  焦慮就自然應運而生
[00:07:59.000 --> 00:08:00.000]  其實
[00:08:00.000 --> 00:08:02.000]  今天還有焦慮的人
[00:08:02.000 --> 00:08:05.000]  不止4%
[00:08:05.000 --> 00:08:06.000]  但另一方面
[00:08:06.000 --> 00:08:10.000]  我們的焦慮往往和我們的安全感很有關係
[00:08:10.000 --> 00:08:12.000]  人很奇怪
[00:08:12.000 --> 00:08:13.000]  真的很奇怪
[00:08:13.000 --> 00:08:15.000]  如果人說有得食
[00:08:15.000 --> 00:08:16.000]  有得瞓
[00:08:16.000 --> 00:08:17.000]  有衣著
[00:08:17.000 --> 00:08:19.000]  就很知足
[00:08:19.000 --> 00:08:20.000]  樣樣開心
[00:08:20.000 --> 00:08:23.000]  那一定減少很多的憂慮
[00:08:23.000 --> 00:08:24.000]  不是的
[00:08:24.000 --> 00:08:26.000]  我們發覺我們不是的
[00:08:26.000 --> 00:08:28.000]  我們不會為我們目前擁有的
[00:08:28.000 --> 00:08:29.000]  我們的現狀
[00:08:29.000 --> 00:08:30.000]  去享受
[00:08:30.000 --> 00:08:31.000]  去感恩
[00:08:31.000 --> 00:08:34.000]  但我們往往去埋怨
[00:08:34.000 --> 00:08:38.000]  一個14歲的男孩叫Jason Lim
[00:08:38.000 --> 00:08:41.000]  寫了一首非常有意思的一首詩
[00:08:41.000 --> 00:08:44.000]  這首詩的名字叫Present Tense
[00:08:44.000 --> 00:08:46.000]  我將它翻譯成中文
[00:08:46.000 --> 00:08:48.000]  這首詩是怎樣說的呢
[00:08:48.000 --> 00:08:50.000]  是春天的時候
[00:08:50.000 --> 00:08:53.000]  但我卻厭倦這濕凍之春
[00:08:53.000 --> 00:08:56.000]  我只渴望夏天的來臨
[00:08:56.000 --> 00:08:58.000]  和暖的陽光
[00:08:58.000 --> 00:09:00.000]  戶外的活動
[00:09:00.000 --> 00:09:02.000]  是夏天的時候
[00:09:02.000 --> 00:09:04.000]  但我卻厭倦這炎夏
[00:09:04.000 --> 00:09:07.000]  我只渴望著秋天的來臨
[00:09:07.000 --> 00:09:08.000]  落葉之秋
[00:09:08.000 --> 00:09:10.000]  帶來清新的感覺
[00:09:10.000 --> 00:09:13.000]  是秋天的時候
[00:09:13.000 --> 00:09:15.000]  但我卻厭倦這秋天老虎
[00:09:15.000 --> 00:09:18.000]  我只渴望著冬天的來臨
[00:09:18.000 --> 00:09:19.000]  美麗的白雪
[00:09:19.000 --> 00:09:21.000]  和歡樂的假期
[00:09:21.000 --> 00:09:23.000]  是冬天的時候
[00:09:23.000 --> 00:09:25.000]  但我卻厭倦這嚴寒的冬天
[00:09:25.000 --> 00:09:28.000]  我只渴望著春天的來臨
[00:09:28.000 --> 00:09:29.000]  和煦的陽光
[00:09:29.000 --> 00:09:32.000]  充滿生機的大地
[00:09:32.000 --> 00:09:33.000]  當我是孩童
[00:09:33.000 --> 00:09:35.000]  我渴望成長
[00:09:35.000 --> 00:09:37.000]  享有自由和尊重
[00:09:37.000 --> 00:09:39.000]  當我年行二十
[00:09:39.000 --> 00:09:41.000]  我渴望二屆三十
[00:09:41.000 --> 00:09:43.000]  成熟而有型
[00:09:43.000 --> 00:09:45.000]  當我二屆中年
[00:09:45.000 --> 00:09:47.000]  我渴望只是二十
[00:09:47.000 --> 00:09:48.000]  年青有勁
[00:09:48.000 --> 00:09:50.000]  當我二屆退休
[00:09:50.000 --> 00:09:52.000]  我渴望仍在中年
[00:09:52.000 --> 00:09:54.000]  成熟而有成
[00:09:54.000 --> 00:09:56.000]  我的一生已過去
[00:09:56.000 --> 00:09:59.000]  但我永遠找不到我所學想的
[00:09:59.000 --> 00:10:02.000]  一個十四歲的沈敏姐
[00:10:02.000 --> 00:10:04.000]  寫出這麼有意思的一首詩
[00:10:04.000 --> 00:10:06.000]  這真是神童
[00:10:06.000 --> 00:10:09.000]  其實我們每個人都是這樣的
[00:10:09.000 --> 00:10:12.000]  我們只是活著未知的將來
[00:10:12.000 --> 00:10:17.000]  所以香港政府經常有這樣的告白
[00:10:17.000 --> 00:10:19.000]  明天會更好
[00:10:19.000 --> 00:10:21.000]  即是今天不好
[00:10:21.000 --> 00:10:23.000]  明天會更好
[00:10:23.000 --> 00:10:26.000]  我們只是為了將來一件事去幻想
[00:10:26.000 --> 00:10:29.000]  或者為了將來去憂慮
[00:10:29.000 --> 00:10:32.000]  或者我們只是懷緬過去
[00:10:32.000 --> 00:10:35.000]  想當時三十年前
[00:10:35.000 --> 00:10:38.000]  我三十碼之外都可以寫穿網
[00:10:38.000 --> 00:10:39.000]  那個網不知道有多少枚
[00:10:39.000 --> 00:10:41.000]  是另外一件事
[00:10:41.000 --> 00:10:44.000]  我們永遠不會活在當下
[00:10:44.000 --> 00:10:46.000]  我們永遠不會想到今天
[00:10:46.000 --> 00:10:49.000]  我們擁有的去感謝神
[00:10:49.000 --> 00:10:50.000]  我們只是懷緬
[00:10:50.000 --> 00:10:52.000]  我們只是焦慮
[00:10:52.000 --> 00:10:54.000]  我們只是不滿
[00:10:54.000 --> 00:10:56.000]  這是很悲哀的一個人生
[00:10:56.000 --> 00:10:58.000]  今天我們來看看路加福音
[00:10:58.000 --> 00:11:04.000]  耶穌怎樣讓我們當代人當頭排河
[00:11:04.000 --> 00:11:07.000]  首先我們來看看二十二節至二十四節
[00:11:07.000 --> 00:11:10.000]  我們一起讀一讀二十二節至二十四節
[00:11:10.000 --> 00:11:12.000]  耶穌又對門徒說
[00:11:12.000 --> 00:11:14.000]  所以我告訴你們
[00:11:14.000 --> 00:11:16.000]  不要為生命憂慮吃什麼
[00:11:16.000 --> 00:11:18.000]  為身體憂慮穿什麼
[00:11:18.000 --> 00:11:20.000]  因為生命勝於飲食
[00:11:20.000 --> 00:11:22.000]  身體勝於衣裳
[00:11:22.000 --> 00:11:24.000]  你們想上烏鴉
[00:11:24.000 --> 00:11:26.000]  他們既不中也不收
[00:11:26.000 --> 00:11:28.000]  既沒有瘡也沒有腹
[00:11:28.000 --> 00:11:31.000]  上帝尚且養活他們
[00:11:31.000 --> 00:11:35.000]  你們比飛鳥要貴重得多呢
[00:11:35.000 --> 00:11:39.000]  耶穌講完了前一段聖經對錢的看法
[00:11:39.000 --> 00:11:42.000]  警告那些日又想錢夜又想錢
[00:11:42.000 --> 00:11:44.000]  以為有錢就有保障的時候
[00:11:44.000 --> 00:11:46.000]  耶穌說蠢財
[00:11:46.000 --> 00:11:48.000]  上帝今天要你的靈魂的時候
[00:11:48.000 --> 00:11:50.000]  你的錢留給誰
[00:11:50.000 --> 00:11:52.000]  你留給誰
[00:11:52.000 --> 00:11:55.000]  然後到這一段聖經
[00:11:55.000 --> 00:11:57.000]  他就對那些沒什麼錢的人
[00:11:57.000 --> 00:12:00.000]  事實想著死了我不知道夠不夠錢過活
[00:12:00.000 --> 00:12:02.000]  憂憂慮你的人就講這一番說話
[00:12:02.000 --> 00:12:04.000]  叫他們不要憂慮
[00:12:04.000 --> 00:12:06.000]  什麼叫憂慮呢
[00:12:06.000 --> 00:12:10.000]  路加有一個很有趣的字
[00:12:10.000 --> 00:12:13.000]  在希臘文的字是由兩個字組成
[00:12:13.000 --> 00:12:15.000]  一個叫Marisol
[00:12:15.000 --> 00:12:17.000]  Marisol的字是割的意思
[00:12:17.000 --> 00:12:18.000]  分割
[00:12:18.000 --> 00:12:20.000]  第二個是Nous
[00:12:20.000 --> 00:12:21.000]  心
[00:12:21.000 --> 00:12:23.000]  什麼叫憂慮呢
[00:12:23.000 --> 00:12:25.000]  在希臘人的思想裡面
[00:12:25.000 --> 00:12:27.000]  就是將心割去了
[00:12:27.000 --> 00:12:29.000]  心割啊
[00:12:29.000 --> 00:12:30.000]  分心啊
[00:12:30.000 --> 00:12:32.000]  精神不能夠集中
[00:12:32.000 --> 00:12:36.000]  這個就是憂慮的意思
[00:12:36.000 --> 00:12:38.000]  你不能夠集中做一件事
[00:12:38.000 --> 00:12:40.000]  你分心的
[00:12:40.000 --> 00:12:43.000]  你可以分心又好像割開一樣
[00:12:43.000 --> 00:12:48.000]  英文的Worry這個字是由一個德文叫Wurzeln這個字來
[00:12:48.000 --> 00:12:50.000]  Wurzeln這個字是什麼意思呢
[00:12:50.000 --> 00:12:51.000]  被人捏住頸子
[00:12:51.000 --> 00:12:52.000]  呼吸都呼吸不到
[00:12:52.000 --> 00:12:53.000]  快要窒息了
[00:12:53.000 --> 00:12:55.000]  這個就是一種憂慮的一個感覺
[00:12:55.000 --> 00:12:57.000]  所以中文也叫焦慮
[00:12:57.000 --> 00:12:59.000]  也非常像火燒一樣
[00:12:59.000 --> 00:13:01.000]  當一個人在憂慮的時候
[00:13:01.000 --> 00:13:03.000]  嘴巴是乾乾的一樣
[00:13:03.000 --> 00:13:04.000]  不能夠集中
[00:13:04.000 --> 00:13:06.000]  為什麼分心
[00:13:06.000 --> 00:13:07.000]  為什麼憂慮
[00:13:07.000 --> 00:13:08.000]  我們憂慮什麼呢
[00:13:08.000 --> 00:13:10.000]  耶穌說不要憂慮
[00:13:10.000 --> 00:13:11.000]  吃什麼
[00:13:11.000 --> 00:13:12.000]  穿什麼
[00:13:12.000 --> 00:13:13.000]  我們憂慮吃的
[00:13:13.000 --> 00:13:14.000]  穿的
[00:13:14.000 --> 00:13:15.000]  吃的
[00:13:15.000 --> 00:13:16.000]  喝的
[00:13:16.000 --> 00:13:17.000]  是外在的東西
[00:13:17.000 --> 00:13:18.000]  是暫時的東西
[00:13:18.000 --> 00:13:20.000]  美國心理學家Abraham Marshall
[00:13:20.000 --> 00:13:22.000]  把這些東西放到最低
[00:13:22.000 --> 00:13:24.000]  最基本的層次
[00:13:24.000 --> 00:13:26.000]  我們就是為最基本的東西
[00:13:26.000 --> 00:13:29.000]  最低層次的東西去憂慮
[00:13:32.000 --> 00:13:34.000]  更重要的東西
[00:13:34.000 --> 00:13:35.000]  你的生命
[00:13:35.000 --> 00:13:37.000]  更重要的是你的身體
[00:13:37.000 --> 00:13:38.000]  完全忽略
[00:13:38.000 --> 00:13:41.000]  我們只顧著吃什麼
[00:13:41.000 --> 00:13:43.000]  你沒有顧著你的生命
[00:13:43.000 --> 00:13:45.000]  我們只顧著穿什麼衣服
[00:13:45.000 --> 00:13:47.000]  所以有時候我太太出門的時候
[00:13:47.000 --> 00:13:50.000]  在衣櫃十分鐘都選不到哪件衣服
[00:13:50.000 --> 00:13:54.000]  我們去買衣服還更可怕
[00:13:54.000 --> 00:13:56.000]  可能更久
[00:13:56.000 --> 00:13:58.000]  我想我們很多時候
[00:13:58.000 --> 00:14:01.000]  就為那些暫短的東西
[00:14:01.000 --> 00:14:04.000]  那些是眼見的東西
[00:14:04.000 --> 00:14:06.000]  那些一會兒沒有的東西
[00:14:06.000 --> 00:14:09.000]  而忽略了一些更加重要的東西
[00:14:09.000 --> 00:14:12.000]  這就是我們的價值觀
[00:14:12.000 --> 00:14:14.000]  憂慮和我們的價值觀
[00:14:14.000 --> 00:14:17.000]  是很有關係的
[00:14:17.000 --> 00:14:20.000]  如果我們只顧著那些低層次的東西
[00:14:20.000 --> 00:14:23.000]  而忽略了高層次的東西
[00:14:23.000 --> 00:14:26.000]  就好像耶穌說的蠢材
[00:14:26.000 --> 00:14:29.000]  耶穌說因為生命是勝於飲食
[00:14:29.000 --> 00:14:32.000]  身體是勝於衣裳
[00:14:32.000 --> 00:14:35.000]  今天我們的問題在哪裡
[00:14:35.000 --> 00:14:38.000]  今天我們的問題就是我們的價值觀錯了
[00:14:38.000 --> 00:14:42.000]  我們只是想那些低層次的東西
[00:14:42.000 --> 00:14:43.000]  只顧著那些東西
[00:14:43.000 --> 00:14:44.000]  就好像人結婚的時候
[00:14:44.000 --> 00:14:47.000]  只是想著一個小時的婚禮
[00:14:47.000 --> 00:14:50.000]  而不是想著結婚幾十年的夫妻生活
[00:14:50.000 --> 00:14:52.000]  花很多時間
[00:14:52.000 --> 00:14:53.000]  花很多心機
[00:14:53.000 --> 00:14:54.000]  花很多錢財
[00:14:54.000 --> 00:14:57.000]  就在一個多小時的時間
[00:14:57.000 --> 00:15:00.000]  而不花心機去預備兩個人生活
[00:15:00.000 --> 00:15:02.000]  是幾十年的時間
[00:15:02.000 --> 00:15:04.000]  你說是不是蠢
[00:15:04.000 --> 00:15:07.000]  因小失大
[00:15:07.000 --> 00:15:08.000]  好幾年前
[00:15:08.000 --> 00:15:11.000]  一個波音747客機
[00:15:11.000 --> 00:15:13.000]  是屬於東方航空公司
[00:15:13.000 --> 00:15:14.000]  不是中國的東方
[00:15:14.000 --> 00:15:16.000]  以前已經倒閉了
[00:15:16.000 --> 00:15:18.000]  就是美國的東方航空公司
[00:15:18.000 --> 00:15:19.000]  401號班機
[00:15:19.000 --> 00:15:22.000]  由紐約飛去邁阿密
[00:15:22.000 --> 00:15:26.000]  全機是坐滿了遊客
[00:15:26.000 --> 00:15:29.000]  很多要去邁阿密度假的
[00:15:29.000 --> 00:15:33.000]  飛機就到邁阿密機場的時候
[00:15:33.000 --> 00:15:36.000]  機師就發現降落系統失靈
[00:15:36.000 --> 00:15:38.000]  降落系統怎麼會失靈呢
[00:15:38.000 --> 00:15:42.000]  就是機艙那裡有個燈亮著
[00:15:42.000 --> 00:15:44.000]  而機是抹了出來的時候
[00:15:44.000 --> 00:15:46.000]  燈就會亮著
[00:15:46.000 --> 00:15:48.000]  機師當時按了個按鈕
[00:15:48.000 --> 00:15:50.000]  快要降落的時候
[00:15:50.000 --> 00:15:52.000]  他明明聽到聲音
[00:15:52.000 --> 00:15:54.000]  好像輪子已經滑出來
[00:15:54.000 --> 00:15:58.000]  但是在機艙裡面那盞燈沒有亮著
[00:15:58.000 --> 00:16:02.000]  所以他就不知道究竟可不可以降落
[00:16:02.000 --> 00:16:05.000]  於是他就在猛鬥勸
[00:16:05.000 --> 00:16:06.000]  其實很容易
[00:16:06.000 --> 00:16:07.000]  他想一想
[00:16:07.000 --> 00:16:08.000]  很可能只有兩個可能性
[00:16:08.000 --> 00:16:10.000]  第一根本是未曾降落
[00:16:10.000 --> 00:16:11.000]  所以燈不亮著
[00:16:11.000 --> 00:16:13.000]  第二就是燈膽壞了
[00:16:13.000 --> 00:16:15.000]  燈膽壞了
[00:16:15.000 --> 00:16:16.000]  檢查一下很容易
[00:16:16.000 --> 00:16:17.000]  拆了個燈膽出來
[00:16:17.000 --> 00:16:18.000]  換了另一個燈膽
[00:16:18.000 --> 00:16:19.000]  這樣就可以了
[00:16:19.000 --> 00:16:22.000]  於是工程師就去扭那個燈膽
[00:16:22.000 --> 00:16:24.000]  就不知道扭多少扭不通
[00:16:24.000 --> 00:16:25.000]  扭不開
[00:16:25.000 --> 00:16:28.000]  於是那個副機師就去幫他扭
[00:16:28.000 --> 00:16:31.000]  扭了十分鐘
[00:16:31.000 --> 00:16:33.000]  扭不開
[00:16:33.000 --> 00:16:37.000]  飛機就慢在機場附近盤旋
[00:16:37.000 --> 00:16:42.000]  於是那個機師說有沒有搞錯
[00:16:42.000 --> 00:16:44.000]  於是那個機師就去看
[00:16:44.000 --> 00:16:47.000]  那個七毫半的電燈膽
[00:16:47.000 --> 00:16:49.000]  檢查一下
[00:16:49.000 --> 00:16:51.000]  就忘記了一個最重要的任務
[00:16:51.000 --> 00:16:53.000]  就是炸飛機
[00:16:53.000 --> 00:16:58.000]  結果那個飛機就撞到沼澤裏面
[00:16:58.000 --> 00:17:02.000]  百多人就這樣死了
[00:17:02.000 --> 00:17:03.000]  401號班機
[00:17:03.000 --> 00:17:04.000]  你上網看看這個故事
[00:17:04.000 --> 00:17:08.000]  後來就有人將這個故事寫出來
[00:17:08.000 --> 00:17:11.000]  拍了一齣戲
[00:17:11.000 --> 00:17:16.000]  這些機師都是豐富的經驗
[00:17:16.000 --> 00:17:19.000]  技術了得的
[00:17:19.000 --> 00:17:25.000]  他們竟然之間是掛著那個七毫半的電燈膽
[00:17:25.000 --> 00:17:28.000]  而犧牲了百多人的性命
[00:17:28.000 --> 00:17:31.000]  中國人說因小失大
[00:17:31.000 --> 00:17:33.000]  就是這個意思
[00:17:33.000 --> 00:17:37.000]  今天如果我們只掛著吃什麼穿什麼
[00:17:37.000 --> 00:17:41.000]  沒有留意到沒有體驗到
[00:17:41.000 --> 00:17:42.000]  是比這些東西更加重要
[00:17:42.000 --> 00:17:44.000]  你的生命
[00:17:44.000 --> 00:17:46.000]  尤其是你的屬靈的生命
[00:17:46.000 --> 00:17:48.000]  你的身體
[00:17:48.000 --> 00:17:52.000]  你和我是最蠢最蠢的人
[00:17:52.000 --> 00:17:56.000]  耶穌說生命勝於飲食
[00:17:56.000 --> 00:17:58.000]  身體勝於以上
[00:17:58.000 --> 00:18:01.000]  於是耶穌舉了一個實例去證明
[00:18:01.000 --> 00:18:04.000]  你看一看那些烏鴉
[00:18:04.000 --> 00:18:07.000]  那些烏鴉也不種也不收
[00:18:07.000 --> 00:18:09.000]  神尚且養活他們
[00:18:09.000 --> 00:18:12.000]  你們豈不是比飛鳥更加貴重呢
[00:18:12.000 --> 00:18:14.000]  耶穌用這個比喻
[00:18:14.000 --> 00:18:18.000]  如果我們只掛著吃什麼喝什麼的時候
[00:18:18.000 --> 00:18:20.000]  你想想我們是多麼的低賤
[00:18:20.000 --> 00:18:22.000]  其實我們是不低賤的
[00:18:22.000 --> 00:18:25.000]  我們是非常非常的珍貴的
[00:18:25.000 --> 00:18:29.000]  在神的眼光看來我們是極之貴重的
[00:18:29.000 --> 00:18:31.000]  耶穌就用一個例子去告訴你
[00:18:31.000 --> 00:18:33.000]  我們是多麼的貴重
[00:18:33.000 --> 00:18:35.000]  你看一看那些烏鴉
[00:18:35.000 --> 00:18:38.000]  在舊約烏鴉被視為不潔淨的雀鳥
[00:18:38.000 --> 00:18:40.000]  是低賤的東西
[00:18:40.000 --> 00:18:42.000]  祂不種也不收
[00:18:42.000 --> 00:18:45.000]  神尚且養活祂
[00:18:45.000 --> 00:18:48.000]  不是說那個烏鴉懶
[00:18:48.000 --> 00:18:50.000]  神也是照顧那些懶人
[00:18:50.000 --> 00:18:52.000]  所以今天我們好像那些烏鴉一樣
[00:18:52.000 --> 00:18:53.000]  不種不收
[00:18:53.000 --> 00:18:55.000]  自自然然的尚且養活
[00:18:55.000 --> 00:18:57.000]  不要誤解上帝的意思
[00:18:57.000 --> 00:18:59.000]  你偷懶的時候不要用這段聖經
[00:18:59.000 --> 00:19:02.000]  那些學生不讀書考試就說
[00:19:02.000 --> 00:19:03.000]  也不種也不收
[00:19:03.000 --> 00:19:04.000]  神尚且香館
[00:19:04.000 --> 00:19:06.000]  可能我考試的時候突然有靈感
[00:19:06.000 --> 00:19:07.000]  可以拿個A
[00:19:07.000 --> 00:19:09.000]  沒有這樣的事
[00:19:09.000 --> 00:19:11.000]  這只是告訴你
[00:19:11.000 --> 00:19:13.000]  那些烏鴉雖然沒有能力
[00:19:13.000 --> 00:19:15.000]  沒有資源
[00:19:15.000 --> 00:19:18.000]  神尚且顧念他們
[00:19:18.000 --> 00:19:22.000]  我們是否比這些雀鳥貴重得多呢
[00:19:22.000 --> 00:19:25.000]  為什麼我們還要憂慮呢
[00:19:25.000 --> 00:19:29.000]  憂慮和我們的價值觀息息相關
[00:19:29.000 --> 00:19:34.000]  如果我們的眼光只看中七毫半的電燈泡
[00:19:34.000 --> 00:19:36.000]  那些短暫的外表
[00:19:36.000 --> 00:19:38.000]  飲食的東西的時候
[00:19:38.000 --> 00:19:43.000]  我們自然就有很多很多的焦慮纏著我們
[00:19:43.000 --> 00:19:45.000]  你的價值觀是怎樣
[00:19:45.000 --> 00:19:47.000]  第二點
[00:19:47.000 --> 00:19:49.000]  二十五節至三十一節
[00:19:49.000 --> 00:19:50.000]  憂慮和信心的問題
[00:19:50.000 --> 00:19:52.000]  或者我們一起來讀一讀
[00:19:52.000 --> 00:19:54.000]  二十五節至三十一節好不好
[00:19:54.000 --> 00:19:59.000]  你們哪一個能藉著憂慮使壽數多加一克呢
[00:19:59.000 --> 00:20:02.000]  這最小的事你們尚且不能做
[00:20:02.000 --> 00:20:04.000]  何必憂慮其餘的事呢
[00:20:04.000 --> 00:20:08.000]  你們想一想百合花是怎樣長起來的
[00:20:08.000 --> 00:20:10.000]  它也不勞動也不枉善
[00:20:10.000 --> 00:20:12.000]  然而我告訴你們
[00:20:12.000 --> 00:20:14.000]  就是所羅門極榮華的時候
[00:20:14.000 --> 00:20:18.000]  它所穿戴的還不如這花的一朵呢
[00:20:18.000 --> 00:20:20.000]  你們這小信的人啊
[00:20:20.000 --> 00:20:23.000]  野地裡的草今天還在
[00:20:23.000 --> 00:20:25.000]  明天就凋了蘆蕊
[00:20:25.000 --> 00:20:27.000]  上帝還給它這樣的裝飾
[00:20:27.000 --> 00:20:28.000]  何況你們呢
[00:20:28.000 --> 00:20:31.000]  你們不要求吃什麼喝什麼
[00:20:31.000 --> 00:20:32.000]  也不要掛慮
[00:20:32.000 --> 00:20:35.000]  這都是世人的愛邦人所求的
[00:20:35.000 --> 00:20:37.000]  你們需要這些東西
[00:20:37.000 --> 00:20:39.000]  你們的父都已知道
[00:20:39.000 --> 00:20:41.000]  你們只要求他的國
[00:20:41.000 --> 00:20:45.000]  這些東西必加給你們了
[00:20:45.000 --> 00:20:48.000]  憂慮不單止和我們價值觀有關
[00:20:48.000 --> 00:20:51.000]  憂慮也和我們的信心有關係
[00:20:51.000 --> 00:20:53.000]  路加描述也很有趣
[00:20:53.000 --> 00:20:57.000]  一方面人看得自己太cheap
[00:20:57.000 --> 00:21:00.000]  只顧著吃和穿最低層次
[00:21:00.000 --> 00:21:02.000]  但上帝覺得人是寶貴的
[00:21:02.000 --> 00:21:04.000]  是看顧人的
[00:21:04.000 --> 00:21:05.000]  但另一方面
[00:21:05.000 --> 00:21:07.000]  我們看到另一個對比
[00:21:07.000 --> 00:21:09.000]  人是相當無能的
[00:21:09.000 --> 00:21:10.000]  是有限的
[00:21:10.000 --> 00:21:12.000]  沒有一個人
[00:21:12.000 --> 00:21:14.000]  你們中間有誰可以叫你
[00:21:14.000 --> 00:21:17.000]  壽歲多駕一客呢
[00:21:17.000 --> 00:21:20.000]  有誰可以能夠
[00:21:20.000 --> 00:21:22.000]  因為你憂慮的緣故
[00:21:22.000 --> 00:21:24.000]  你就長命多一年呢
[00:21:24.000 --> 00:21:25.000]  短命就有
[00:21:25.000 --> 00:21:26.000]  長命就不會
[00:21:26.000 --> 00:21:28.000]  有另一個版本呢
[00:21:28.000 --> 00:21:30.000]  叫你加高一寸呢
[00:21:30.000 --> 00:21:32.000]  加高一袖呢
[00:21:32.000 --> 00:21:35.000]  但大部份的解經家都覺得
[00:21:35.000 --> 00:21:38.000]  和你的壽歲有關係
[00:21:38.000 --> 00:21:41.000]  人是很有限的
[00:21:41.000 --> 00:21:44.000]  但神卻是滿有大能
[00:21:44.000 --> 00:21:45.000]  問題就是
[00:21:45.000 --> 00:21:47.000]  究竟我們的信心
[00:21:47.000 --> 00:21:50.000]  放在一個沒有能力的
[00:21:50.000 --> 00:21:52.000]  我們自己的身上
[00:21:52.000 --> 00:21:56.000]  還是放在滿有能力的神的身上
[00:21:56.000 --> 00:21:58.000]  大家想一想
[00:21:58.000 --> 00:22:00.000]  有兩個司機
[00:22:00.000 --> 00:22:01.000]  一個司機
[00:22:01.000 --> 00:22:03.000]  昨天才考到牌
[00:22:03.000 --> 00:22:06.000]  而且是剛剛合格的
[00:22:06.000 --> 00:22:08.000]  他就載你
[00:22:08.000 --> 00:22:10.000]  去新界
[00:22:10.000 --> 00:22:12.000]  去遊車河
[00:22:12.000 --> 00:22:14.000]  而且是很危險的
[00:22:14.000 --> 00:22:15.000]  駕車
[00:22:15.000 --> 00:22:17.000]  於是你對他的信心
[00:22:17.000 --> 00:22:18.000]  完全沒有了
[00:22:18.000 --> 00:22:21.000]  那你就發覺你自己是甚麼
[00:22:21.000 --> 00:22:24.000]  是憂慮當中
[00:22:24.000 --> 00:22:26.000]  我記得我女兒
[00:22:26.000 --> 00:22:28.000]  初初考到車牌的時候
[00:22:28.000 --> 00:22:29.000]  我就告訴她
[00:22:29.000 --> 00:22:30.000]  開恩
[00:22:30.000 --> 00:22:32.000]  這次你開車
[00:22:32.000 --> 00:22:34.000]  你載我回你學校
[00:22:34.000 --> 00:22:35.000]  Davis
[00:22:35.000 --> 00:22:36.000]  那裡由三藩市車去Davis
[00:22:36.000 --> 00:22:38.000]  差不多一個多小時
[00:22:38.000 --> 00:22:41.000]  她一路開車我一個多小時
[00:22:41.000 --> 00:22:43.000]  我發覺緊張到
[00:22:43.000 --> 00:22:46.000]  憂慮到難以形容
[00:22:46.000 --> 00:22:48.000]  成日發覺
[00:22:48.000 --> 00:22:49.000]  一有轉線
[00:22:49.000 --> 00:22:51.000]  我的頭就轉過去
[00:22:51.000 --> 00:22:52.000]  一快的時候
[00:22:52.000 --> 00:22:53.000]  她的腳就踩下去
[00:22:53.000 --> 00:22:55.000]  我坐在旁邊
[00:22:55.000 --> 00:22:58.000]  因為我對她沒有信心
[00:22:58.000 --> 00:22:59.000]  現在坐她的車
[00:22:59.000 --> 00:23:00.000]  我就大教訓
[00:23:00.000 --> 00:23:02.000]  開始對她有信心
[00:23:02.000 --> 00:23:03.000]  你的信心
[00:23:03.000 --> 00:23:06.000]  是放在沒有能力的人身上的時候
[00:23:06.000 --> 00:23:07.000]  自然你就會憂慮
[00:23:07.000 --> 00:23:10.000]  如果你把你的信心放在
[00:23:10.000 --> 00:23:13.000]  連你受歲都不能多加一刻
[00:23:13.000 --> 00:23:15.000]  你自己身上的時候
[00:23:15.000 --> 00:23:16.000]  你自然就會憂慮
[00:23:16.000 --> 00:23:19.000]  但將你的生命交給上帝的時候
[00:23:19.000 --> 00:23:21.000]  你會很不同
[00:23:21.000 --> 00:23:23.000]  是不是
[00:23:23.000 --> 00:23:25.000]  問題就是
[00:23:25.000 --> 00:23:27.000]  沒有錯
[00:23:27.000 --> 00:23:30.000]  很多時候我們只是看著那些
[00:23:30.000 --> 00:23:32.000]  看得見的東西
[00:23:32.000 --> 00:23:34.000]  看得見的我們才相信
[00:23:34.000 --> 00:23:36.000]  看不見的我們就不相信
[00:23:36.000 --> 00:23:38.000]  但聖經不是這樣看法
[00:23:38.000 --> 00:23:42.000]  耶穌不單叫我們看看天上的烏鴉
[00:23:42.000 --> 00:23:46.000]  祂也叫我們看看地上的百合花
[00:23:46.000 --> 00:23:48.000]  百合花這個字在聖經裡面
[00:23:48.000 --> 00:23:51.000]  成為花朵的總稱
[00:23:51.000 --> 00:23:52.000]  的譜稱
[00:23:52.000 --> 00:23:54.000]  意思就是說當去百合花的時候
[00:23:54.000 --> 00:23:55.000]  不只是百合花
[00:23:55.000 --> 00:23:57.000]  所有的花
[00:23:57.000 --> 00:24:00.000]  如果大家有機會去巴勒斯坦旅行的時候
[00:24:00.000 --> 00:24:01.000]  你會發覺
[00:24:01.000 --> 00:24:06.000]  到了秋天就開始雨季了
[00:24:06.000 --> 00:24:09.000]  那些草就開始茂盛了
[00:24:09.000 --> 00:24:11.000]  一看下去的時候
[00:24:11.000 --> 00:24:13.000]  那些花全部都出來了的時候
[00:24:13.000 --> 00:24:15.000]  很漂亮
[00:24:15.000 --> 00:24:18.000]  他說野地的草百合花
[00:24:18.000 --> 00:24:20.000]  是代表人的脆弱
[00:24:20.000 --> 00:24:22.000]  人的卑微
[00:24:22.000 --> 00:24:26.000]  花是很快就會殘了
[00:24:26.000 --> 00:24:30.000]  就好像詩篇九十篇說
[00:24:30.000 --> 00:24:33.000]  早上就出了
[00:24:33.000 --> 00:24:36.000]  晚上就割下枯幹了
[00:24:36.000 --> 00:24:39.000]  草一下子就被人丟在爐裡面
[00:24:39.000 --> 00:24:40.000]  是多麼的卑微
[00:24:40.000 --> 00:24:43.000]  多麼的無能
[00:24:43.000 --> 00:24:47.000]  事實上不是像那些花和草一樣
[00:24:47.000 --> 00:24:50.000]  我們以為我們可以控制一切
[00:24:50.000 --> 00:24:54.000]  我們以為我們可以掌握我們的明天
[00:24:54.000 --> 00:24:56.000]  我們以為我們可以
[00:24:56.000 --> 00:25:01.000]  拿著我們十年的生命
[00:25:01.000 --> 00:25:03.000]  但其實
[00:25:03.000 --> 00:25:05.000]  我們和風
[00:25:05.000 --> 00:25:07.000]  我們和花和草一樣
[00:25:07.000 --> 00:25:08.000]  詩篇怎麼說呢
[00:25:08.000 --> 00:25:10.000]  一百零三篇
[00:25:10.000 --> 00:25:15.000]  驚風一吹便歸無尤
[00:25:15.000 --> 00:25:18.000]  耶穌告訴我們
[00:25:18.000 --> 00:25:21.000]  連我們的壽歲
[00:25:21.000 --> 00:25:23.000]  加多一日都不能夠
[00:25:23.000 --> 00:25:25.000]  加多一刻都不能夠
[00:25:25.000 --> 00:25:26.000]  這樣的人
[00:25:26.000 --> 00:25:30.000]  值不值得將我們的信心放在他身上
[00:25:30.000 --> 00:25:33.000]  值不值得將我們的生命投資
[00:25:33.000 --> 00:25:34.000]  放在他身上
[00:25:34.000 --> 00:25:36.000]  風險是很大的
[00:25:36.000 --> 00:25:39.000]  但另一方面
[00:25:39.000 --> 00:25:41.000]  和人無能的
[00:25:41.000 --> 00:25:43.000]  是一個很大的對比
[00:25:43.000 --> 00:25:45.000]  就是上帝的大能
[00:25:45.000 --> 00:25:47.000]  百合花雖然小
[00:25:47.000 --> 00:25:50.000]  野地的草雖然卑賤
[00:25:50.000 --> 00:25:54.000]  但上帝卻給它裝飾得極之美麗
[00:25:54.000 --> 00:25:57.000]  就算所羅門王極榮華的時候
[00:25:57.000 --> 00:26:00.000]  都不及花的一朵
[00:26:00.000 --> 00:26:04.000]  神既看顧只有一刻壽命的花草
[00:26:04.000 --> 00:26:10.000]  神豈不是更加看顧他的兒女我們嗎
[00:26:10.000 --> 00:26:12.000]  為什麼我們還要將我們的信心
[00:26:12.000 --> 00:26:17.000]  擺在明知我們自己有限的生命的手裡
[00:26:17.000 --> 00:26:18.000]  而不將我們的生命
[00:26:18.000 --> 00:26:21.000]  放在有恩慈的上帝的手裡
[00:26:21.000 --> 00:26:25.000]  所以耶穌說你們這些小信的人
[00:26:25.000 --> 00:26:28.000]  是因為我們弱小的信心
[00:26:28.000 --> 00:26:29.000]  錯倍的信心
[00:26:29.000 --> 00:26:33.000]  叫我們憂慮煩躁
[00:26:33.000 --> 00:26:36.000]  事實上我們憂慮與否
[00:26:36.000 --> 00:26:39.000]  往往和我們追求什麼很有關係
[00:26:39.000 --> 00:26:40.000]  比方來說
[00:26:40.000 --> 00:26:43.000]  今天我站在這個講台裡面
[00:26:43.000 --> 00:26:45.000]  和大家講道
[00:26:45.000 --> 00:26:47.000]  如果我所追求的
[00:26:47.000 --> 00:26:50.000]  是人怎樣看我講道
[00:26:50.000 --> 00:26:51.000]  這個牧師講道也不錯
[00:26:51.000 --> 00:26:54.000]  最低限度我不會睡著覺
[00:26:54.000 --> 00:26:56.000]  這個牧師很好
[00:26:56.000 --> 00:26:59.000]  如果我是看中人怎樣看我的
[00:26:59.000 --> 00:27:00.000]  是否欣賞我的
[00:27:00.000 --> 00:27:02.000]  是否稱不稱許我的
[00:27:02.000 --> 00:27:03.000]  我的名譽
[00:27:03.000 --> 00:27:04.000]  我的表現
[00:27:04.000 --> 00:27:07.000]  就是我所追求對象的時候
[00:27:07.000 --> 00:27:09.000]  我一定有很大的壓力
[00:27:09.000 --> 00:27:12.000]  我一定有很大的焦慮
[00:27:12.000 --> 00:27:15.000]  張彬彬
[00:27:15.000 --> 00:27:17.000]  第一場球賽贏了
[00:27:17.000 --> 00:27:19.000]  第二場
[00:27:19.000 --> 00:27:20.000]  晚上了
[00:27:20.000 --> 00:27:25.000]  我沒有追到星期五才打
[00:27:25.000 --> 00:27:29.000]  在他事業最高峰的時候
[00:27:29.000 --> 00:27:33.000]  人生最不開心的那一刻
[00:27:33.000 --> 00:27:35.000]  因為他所看重的就是
[00:27:35.000 --> 00:27:38.000]  我下一場是否有這樣的表現
[00:27:38.000 --> 00:27:43.000]  我下一場是否拿到38分
[00:27:43.000 --> 00:27:46.000]  他追求的是他的表現
[00:27:46.000 --> 00:27:48.000]  他的名聲
[00:27:48.000 --> 00:27:50.000]  他突然間看到一件事
[00:27:50.000 --> 00:27:54.000]  我打球是為了誰
[00:27:54.000 --> 00:27:57.000]  當他看到原來是為上帝的時候
[00:27:57.000 --> 00:27:59.000]  他突然間放鬆
[00:27:59.000 --> 00:28:02.000]  壓力少很多
[00:28:02.000 --> 00:28:04.000]  假如我今天站在講台裏面
[00:28:04.000 --> 00:28:08.000]  是看重別人怎樣看我的表現的時候
[00:28:08.000 --> 00:28:09.000]  一定有很多壓力
[00:28:09.000 --> 00:28:11.000]  但如果我想起來
[00:28:11.000 --> 00:28:14.000]  因為我在聖經裏面領受的
[00:28:14.000 --> 00:28:16.000]  在我的經驗裏面領受
[00:28:16.000 --> 00:28:18.000]  是很想和你分享
[00:28:18.000 --> 00:28:20.000]  這個最重要對我來說
[00:28:20.000 --> 00:28:24.000]  對很有幫助的訊息的時候
[00:28:24.000 --> 00:28:27.000]  我的壓力自然減少
[00:28:27.000 --> 00:28:32.000]  所以耶穌在30至31節就告訴你
[00:28:32.000 --> 00:28:35.000]  有兩個不同的人生的目的
[00:28:35.000 --> 00:28:37.000]  外邦人所求的是甚麼
[00:28:37.000 --> 00:28:38.000]  29節
[00:28:38.000 --> 00:28:40.000]  求學甚麼
[00:28:40.000 --> 00:28:42.000]  這些都是外在的
[00:28:42.000 --> 00:28:43.000]  暫時的
[00:28:43.000 --> 00:28:45.000]  不能夠滿足我們的東西
[00:28:45.000 --> 00:28:47.000]  就好像Jeremy Lin
[00:28:47.000 --> 00:28:49.000]  他看他的表現
[00:28:49.000 --> 00:28:50.000]  看他打球好不好
[00:28:50.000 --> 00:28:52.000]  或者是很多牧師
[00:28:52.000 --> 00:28:54.000]  我們會不會有人欣賞
[00:28:54.000 --> 00:28:57.000]  這些都是外邦人所求的
[00:28:57.000 --> 00:28:58.000]  29節告訴你
[00:28:58.000 --> 00:29:00.000]  只求神的國
[00:29:00.000 --> 00:29:02.000]  不是我們的得失成敗
[00:29:02.000 --> 00:29:05.000]  不是我們個人的名譽
[00:29:05.000 --> 00:29:06.000]  而是神的國度
[00:29:06.000 --> 00:29:08.000]  神的名譽
[00:29:08.000 --> 00:29:09.000]  然後說
[00:29:09.000 --> 00:29:12.000]  這一切都要加給你們
[00:29:12.000 --> 00:29:15.000]  馬太福音第6章33節同樣的說法
[00:29:15.000 --> 00:29:17.000]  你們要先求神的國和祂的義
[00:29:17.000 --> 00:29:18.000]  這一切東西
[00:29:18.000 --> 00:29:20.000]  一切東西是指吃甚麼喝甚麼
[00:29:20.000 --> 00:29:22.000]  都要加給你們
[00:29:22.000 --> 00:29:25.000]  所以不要為明天憂慮
[00:29:25.000 --> 00:29:27.000]  因為明天只有明天的憂慮
[00:29:27.000 --> 00:29:30.000]  一天的難處一天當就夠了
[00:29:30.000 --> 00:29:31.000]  是的
[00:29:31.000 --> 00:29:33.000]  如果我們將我們的信心
[00:29:33.000 --> 00:29:35.000]  放在神那裡
[00:29:35.000 --> 00:29:38.000]  我們追求的目標是天國
[00:29:38.000 --> 00:29:41.000]  我們顧念不是我們自己的得失成敗
[00:29:41.000 --> 00:29:46.000]  我們何必要為明天而憂慮呢
[00:29:46.000 --> 00:29:49.000]  今天我們的問題是甚麼呢
[00:29:49.000 --> 00:29:52.000]  很多時候是活在過去或者將來
[00:29:52.000 --> 00:29:54.000]  活在過去的時候
[00:29:54.000 --> 00:29:55.000]  就懷緬過去
[00:29:55.000 --> 00:29:57.000]  或者是覺得自己失敗
[00:29:57.000 --> 00:29:59.000]  為甚麼我這麼蠢
[00:29:59.000 --> 00:30:01.000]  在樓價最高的時候買了這層樓
[00:30:01.000 --> 00:30:03.000]  以至我現在負資產呢
[00:30:03.000 --> 00:30:05.000]  於是你就一味在怨
[00:30:05.000 --> 00:30:09.000]  很多人就是為了舊陣時所做的一個決定
[00:30:09.000 --> 00:30:12.000]  一輩子都不開心
[00:30:12.000 --> 00:30:14.000]  亦都有些人為了不知道的明天
[00:30:14.000 --> 00:30:16.000]  不知道明天我會不會患癌症
[00:30:16.000 --> 00:30:18.000]  不知道明天香港會不會陸沉
[00:30:18.000 --> 00:30:20.000]  不知道明天會甚麼
[00:30:20.000 --> 00:30:22.000]  那你就永遠不開心
[00:30:22.000 --> 00:30:25.000]  但你有沒有想想今天呢
[00:30:25.000 --> 00:30:28.000]  今天我還有生命氣息
[00:30:28.000 --> 00:30:32.000]  今天我還可以來到這個教會
[00:30:32.000 --> 00:30:34.000]  今天我還可以吃東西
[00:30:34.000 --> 00:30:36.000]  今天我還可以和人聊天
[00:30:36.000 --> 00:30:38.000]  今天我還有個家庭
[00:30:38.000 --> 00:30:41.000]  為甚麼不為了今天去感謝神
[00:30:41.000 --> 00:30:43.000]  今天我還未曾有心臟病
[00:30:43.000 --> 00:30:45.000]  今天我還未有癌症
[00:30:45.000 --> 00:30:48.000]  為甚麼我不為了今天上帝賜給我的
[00:30:48.000 --> 00:30:52.000]  好好存著感恩的心去領受去感謝呢
[00:30:52.000 --> 00:30:56.000]  偏偏為了不知道的明天在憂慮
[00:30:56.000 --> 00:30:58.000]  所以聖經告訴我們
[00:30:58.000 --> 00:31:00.000]  一天的難處一天當救
[00:31:00.000 --> 00:31:02.000]  活在當下
[00:31:02.000 --> 00:31:05.000]  存感恩的心去活著每一天
[00:31:05.000 --> 00:31:08.000]  世界上最慘的人呢
[00:31:08.000 --> 00:31:10.000]  就是不滿意現在
[00:31:10.000 --> 00:31:11.000]  看這個錶
[00:31:11.000 --> 00:31:15.000]  這個牧師為甚麼這麼囉嗦
[00:31:15.000 --> 00:31:17.000]  不知道是誰答應了他來教會
[00:31:17.000 --> 00:31:19.000]  你是全世界最慘的人
[00:31:19.000 --> 00:31:20.000]  走就走吧
[00:31:20.000 --> 00:31:21.000]  不用理那麼多
[00:31:21.000 --> 00:31:22.000]  這個牧師怎樣都不接走
[00:31:22.000 --> 00:31:23.000]  你不喜歡的
[00:31:23.000 --> 00:31:26.000]  但最重要的是甚麼
[00:31:26.000 --> 00:31:28.000]  享受今天
[00:31:28.000 --> 00:31:30.000]  既然來到就要享受
[00:31:30.000 --> 00:31:32.000]  那我們會不會存著感恩的心
[00:31:32.000 --> 00:31:35.000]  去享受上帝為我們預備的一切呢
[00:31:35.000 --> 00:31:37.000]  沒有人知道明天是甚麼事
[00:31:37.000 --> 00:31:44.000]  人生就好似玩一個thousand pieces of puzzle一樣
[00:31:44.000 --> 00:31:47.000]  那個未砌好圖案之前
[00:31:47.000 --> 00:31:51.000]  是好似不知所謂的
[00:31:51.000 --> 00:31:54.000]  但是每一塊砌下去的時候
[00:31:54.000 --> 00:31:56.000]  都有它的定時
[00:31:56.000 --> 00:31:58.000]  當你砌完的時候你會發覺
[00:31:58.000 --> 00:32:01.000]  嘩!一幅那麼漂亮的圖畫
[00:32:01.000 --> 00:32:03.000]  神造萬物
[00:32:03.000 --> 00:32:07.000]  各按其時成為美好
[00:32:07.000 --> 00:32:12.000]  更何況祂將永生賜給我們
[00:32:12.000 --> 00:32:14.000]  所以
[00:32:14.000 --> 00:32:16.000]  憂慮跟我們信心很有關係
[00:32:16.000 --> 00:32:18.000]  最後我們32節34節
[00:32:18.000 --> 00:32:20.000]  憂慮跟我們的心態很有關係
[00:32:20.000 --> 00:32:23.000]  我們一起來讀一讀32節至34節好不好
[00:32:23.000 --> 00:32:26.000]  你們這小群不要懼怕
[00:32:26.000 --> 00:32:29.000]  因為你們的父樂意把角賜給你們
[00:32:29.000 --> 00:32:31.000]  你們要變賣財產
[00:32:31.000 --> 00:32:35.000]  周濟人為自己預備永不壞的錢囊
[00:32:35.000 --> 00:32:38.000]  和用不盡的財寶在天上
[00:32:38.000 --> 00:32:40.000]  就是賊不能近
[00:32:40.000 --> 00:32:42.000]  蟲不能住的地方
[00:32:42.000 --> 00:32:44.000]  因為你們的財寶在那裡
[00:32:44.000 --> 00:32:48.000]  你們的心也在那裡
[00:32:48.000 --> 00:32:51.000]  耶穌說你們這小群
[00:32:51.000 --> 00:32:55.000]  究竟小群是指甚麼人呢
[00:32:55.000 --> 00:32:58.000]  原來在舊約的觀念裡面
[00:32:58.000 --> 00:33:00.000]  羊群是指神的百姓
[00:33:00.000 --> 00:33:02.000]  所以客義方面也要知道
[00:33:02.000 --> 00:33:04.000]  當時跟隨耶穌基督的門徒
[00:33:04.000 --> 00:33:05.000]  在廣義方面
[00:33:05.000 --> 00:33:08.000]  所有願意跟隨耶穌基督的子民
[00:33:08.000 --> 00:33:11.000]  包括你和我在內
[00:33:11.000 --> 00:33:13.000]  就是那些願意將生命
[00:33:13.000 --> 00:33:15.000]  將信心交給耶穌的人
[00:33:15.000 --> 00:33:18.000]  耶穌說不要懼怕
[00:33:18.000 --> 00:33:20.000]  不要為錢財憂慮
[00:33:20.000 --> 00:33:21.000]  為甚麼
[00:33:21.000 --> 00:33:25.000]  因為你們的父樂意把角賜給你們
[00:33:25.000 --> 00:33:27.000]  神的角是指神的拯救
[00:33:27.000 --> 00:33:30.000]  永生的確具
[00:33:30.000 --> 00:33:33.000]  我記得我帶一個查經班
[00:33:33.000 --> 00:33:35.000]  在香港
[00:33:35.000 --> 00:33:38.000]  有一個外科醫生
[00:33:38.000 --> 00:33:40.000]  他不相信耶穌
[00:33:40.000 --> 00:33:42.000]  來到我們的查經班
[00:33:42.000 --> 00:33:44.000]  他突然間說了一句話
[00:33:44.000 --> 00:33:46.000]  我現在也很有深刻印象
[00:33:46.000 --> 00:33:48.000]  你們信耶穌的人
[00:33:48.000 --> 00:33:50.000]  相信有永生
[00:33:50.000 --> 00:33:52.000]  連死都搞不定
[00:33:52.000 --> 00:33:54.000]  還有甚麼可以怕呢
[00:33:54.000 --> 00:33:56.000]  我說是呀,那為甚麼你不相信
[00:33:56.000 --> 00:33:58.000]  等一等
[00:33:58.000 --> 00:34:00.000]  後來他真的相信了主
[00:34:00.000 --> 00:34:02.000]  真的
[00:34:02.000 --> 00:34:05.000]  今天上帝連這個永生都賜給我們
[00:34:05.000 --> 00:34:08.000]  耶穌說為甚麼你怕我可以取得你身體
[00:34:08.000 --> 00:34:10.000]  不怕我取得你身體和靈魂
[00:34:10.000 --> 00:34:12.000]  在33至34節
[00:34:12.000 --> 00:34:16.000]  耶穌就這個無知的財主這個比喻
[00:34:16.000 --> 00:34:19.000]  來說出基督徒對錢財的看法
[00:34:19.000 --> 00:34:21.000]  首先我們看34節
[00:34:21.000 --> 00:34:23.000]  因為你的財寶在那裡
[00:34:23.000 --> 00:34:25.000]  你的心也在那裡
[00:34:25.000 --> 00:34:27.000]  你的財寶在哪裡
[00:34:27.000 --> 00:34:29.000]  你的心在哪裡
[00:34:29.000 --> 00:34:31.000]  你的財寶在哪裡是甚麼意思呢
[00:34:31.000 --> 00:34:33.000]  指你儲蓄
[00:34:33.000 --> 00:34:35.000]  你的錢儲蓄在哪裡
[00:34:35.000 --> 00:34:37.000]  投資在哪裡
[00:34:37.000 --> 00:34:39.000]  你的心就在那裡
[00:34:39.000 --> 00:34:41.000]  比方來說
[00:34:41.000 --> 00:34:43.000]  我現在要退休了
[00:34:43.000 --> 00:34:46.000]  將我的錢投資在所有的人民幣上
[00:34:46.000 --> 00:34:48.000]  我想人民幣就會升值
[00:34:48.000 --> 00:34:51.000]  很自然你每天就看看匯率是怎樣
[00:34:51.000 --> 00:34:53.000]  你的心就在哪裡
[00:34:53.000 --> 00:34:55.000]  你的錢投資在哪裡
[00:34:55.000 --> 00:34:57.000]  你的心就在哪裡
[00:34:57.000 --> 00:34:59.000]  如果你將你的投資
[00:34:59.000 --> 00:35:01.000]  投資在香港樓市的時候
[00:35:01.000 --> 00:35:03.000]  你就每天看樓市
[00:35:03.000 --> 00:35:05.000]  嘩!這次跌了很多
[00:35:05.000 --> 00:35:07.000]  你的心就在那裡
[00:35:07.000 --> 00:35:09.000]  你的投資
[00:35:09.000 --> 00:35:11.000]  你的錢財就在哪裡
[00:35:11.000 --> 00:35:13.000]  你的心就在哪裡
[00:35:13.000 --> 00:35:15.000]  如果你的錢財都在股票的時候
[00:35:15.000 --> 00:35:17.000]  你就每天對著股票來看
[00:35:17.000 --> 00:35:19.000]  所以耶穌說得很對
[00:35:19.000 --> 00:35:21.000]  你的錢財就在哪裡
[00:35:21.000 --> 00:35:23.000]  你的投資
[00:35:23.000 --> 00:35:25.000]  你將你的積蓄
[00:35:25.000 --> 00:35:27.000]  將你的錢放在哪裡的時候
[00:35:27.000 --> 00:35:29.000]  你的心就在那裡
[00:35:29.000 --> 00:35:31.000]  路加就告訴你
[00:35:31.000 --> 00:35:33.000]  基本上你有兩個選擇
[00:35:33.000 --> 00:35:35.000]  第一積財寶在地上
[00:35:35.000 --> 00:35:37.000]  在地上積攢財寶
[00:35:37.000 --> 00:35:39.000]  第二個在天上積攢財寶
[00:35:39.000 --> 00:35:41.000]  首先我們看看地上積攢財寶
[00:35:41.000 --> 00:35:43.000]  你在地上將你的生命
[00:35:43.000 --> 00:35:45.000]  將你的錢財投資在地上的時候
[00:35:45.000 --> 00:35:47.000]  有兩個特色
[00:35:47.000 --> 00:35:49.000]  第一有拆偷
[00:35:49.000 --> 00:35:51.000]  會壞
[00:35:51.000 --> 00:35:53.000]  或者用馬太夫所說會生鏽
[00:35:53.000 --> 00:35:55.000]  有拆偷
[00:35:55.000 --> 00:35:59.000]  有小偷
[00:35:59.000 --> 00:36:01.000]  或者那些賊是明賊
[00:36:01.000 --> 00:36:03.000]  或者暗賊
[00:36:03.000 --> 00:36:05.000]  總之你投資了很多賊會偷了你的
[00:36:05.000 --> 00:36:07.000]  有蟲咬
[00:36:07.000 --> 00:36:09.000]  以前很多人用那些衣服
[00:36:09.000 --> 00:36:11.000]  當作錢財給蟲咬
[00:36:11.000 --> 00:36:13.000]  會壞的
[00:36:13.000 --> 00:36:15.000]  換言之是沒有安全感的
[00:36:15.000 --> 00:36:17.000]  隨時會失去的
[00:36:17.000 --> 00:36:19.000]  完全隨時會失去的
[00:36:19.000 --> 00:36:21.000]  我有一次無端端
[00:36:21.000 --> 00:36:23.000]  走上網來看看
[00:36:23.000 --> 00:36:25.000]  我的強積金
[00:36:25.000 --> 00:36:27.000]  怎樣
[00:36:27.000 --> 00:36:29.000]  因為差不多退休了
[00:36:29.000 --> 00:36:31.000]  看一看
[00:36:31.000 --> 00:36:33.000]  不看由自
[00:36:33.000 --> 00:36:35.000]  我一看嚇了我一跳
[00:36:35.000 --> 00:36:37.000]  沒有了一半
[00:36:37.000 --> 00:36:39.000]  有沒有搞錯
[00:36:39.000 --> 00:36:41.000]  沒有了一半
[00:36:41.000 --> 00:36:43.000]  我馬上找了一個代理
[00:36:43.000 --> 00:36:45.000]  對不起
[00:36:45.000 --> 00:36:47.000]  但是我已經憂慮了幾天的時間
[00:36:47.000 --> 00:36:49.000]  財寶在哪裡
[00:36:49.000 --> 00:36:51.000]  你的心也在哪裡
[00:36:51.000 --> 00:36:53.000]  但是那些是不可靠的
[00:36:53.000 --> 00:36:55.000]  絕對不可靠
[00:36:55.000 --> 00:36:57.000]  即財寶在天上
[00:36:57.000 --> 00:36:59.000]  是什麼意思
[00:36:59.000 --> 00:37:01.000]  你想一想
[00:37:01.000 --> 00:37:03.000]  天堂是沒有中國銀行的
[00:37:03.000 --> 00:37:05.000]  你找不到中國銀行的
[00:37:05.000 --> 00:37:07.000]  所以你的人民幣
[00:37:07.000 --> 00:37:09.000]  是帶不上去的
[00:37:09.000 --> 00:37:11.000]  天堂是沒有美國銀行的
[00:37:11.000 --> 00:37:13.000]  美金也帶不上去
[00:37:13.000 --> 00:37:15.000]  沒有匯豐銀行的
[00:37:15.000 --> 00:37:17.000]  港幣也帶不上去
[00:37:17.000 --> 00:37:19.000]  天堂是沒有這些的
[00:37:19.000 --> 00:37:21.000]  你記不記得我說的故事
[00:37:21.000 --> 00:37:23.000]  那三個一個律師一個牧師
[00:37:23.000 --> 00:37:25.000]  一個醫生
[00:37:25.000 --> 00:37:27.000]  有錢人死的時候
[00:37:27.000 --> 00:37:29.000]  說我想帶些錢回去
[00:37:29.000 --> 00:37:31.000]  給每人一億
[00:37:31.000 --> 00:37:33.000]  就叫他扔到墳墓裡面
[00:37:33.000 --> 00:37:35.000]  結果三個都不扔
[00:37:35.000 --> 00:37:37.000]  最厲害的律師就寫張支票
[00:37:37.000 --> 00:37:39.000]  就扔下去
[00:37:39.000 --> 00:37:41.000]  把現金自己放回自己銀行
[00:37:41.000 --> 00:37:43.000]  天堂是沒有這些的
[00:37:43.000 --> 00:37:45.000]  天堂有什麼
[00:37:45.000 --> 00:37:47.000]  天堂有人
[00:37:47.000 --> 00:37:49.000]  33節就說
[00:37:49.000 --> 00:37:51.000]  你們要變賣所有的州制人
[00:37:51.000 --> 00:37:53.000]  這樣就不會壞
[00:37:53.000 --> 00:37:55.000]  不會為賊偷
[00:37:55.000 --> 00:37:57.000]  不會為蟲所住
[00:37:57.000 --> 00:37:59.000]  什麼叫變賣所有的州制人
[00:37:59.000 --> 00:38:01.000]  是不是叫我們有屋賣屋
[00:38:01.000 --> 00:38:03.000]  有車賣車
[00:38:03.000 --> 00:38:05.000]  將所有錢捐出去
[00:38:05.000 --> 00:38:07.000]  不是
[00:38:07.000 --> 00:38:09.000]  耶穌叫我們
[00:38:09.000 --> 00:38:11.000]  耶穌叫我們
[00:38:11.000 --> 00:38:13.000]  是將暫戀價值的錢財
[00:38:13.000 --> 00:38:15.000]  投資在永恆的事上
[00:38:15.000 --> 00:38:17.000]  投資在人的身上
[00:38:17.000 --> 00:38:19.000]  投資在人的身上
[00:38:19.000 --> 00:38:21.000]  投資在人的身上
[00:38:21.000 --> 00:38:23.000]  那個是最佳的回報率
[00:38:23.000 --> 00:38:25.000]  那個是最佳的回報率
[00:38:25.000 --> 00:38:27.000]  提摩塔傳書第六章17至18節
[00:38:27.000 --> 00:38:29.000]  提摩塔傳書第六章17至18節
[00:38:29.000 --> 00:38:31.000]  是一個最好的解讀
[00:38:31.000 --> 00:38:33.000]  指那些今世富足的人
[00:38:33.000 --> 00:38:35.000]  你要祝福他們不要自高
[00:38:35.000 --> 00:38:37.000]  也不要依賴靠不住的錢財
[00:38:37.000 --> 00:38:39.000]  也不要依賴靠不住的錢財
[00:38:39.000 --> 00:38:41.000]  要依靠那厚此萬物
[00:38:41.000 --> 00:38:43.000]  給你們享受的神
[00:38:43.000 --> 00:38:45.000]  給你們享受的神
[00:38:45.000 --> 00:38:47.000]  要祝福他們行善
[00:38:47.000 --> 00:38:49.000]  在好事上富足
[00:38:49.000 --> 00:38:51.000]  甘心施捨
[00:38:51.000 --> 00:38:53.000]  樂意分享
[00:38:53.000 --> 00:38:55.000]  為自己積存在寶
[00:38:55.000 --> 00:38:57.000]  為將來打美好的根基
[00:38:57.000 --> 00:38:59.000]  好使他們能把握那真正的生命
[00:38:59.000 --> 00:39:01.000]  好使他們能把握那真正的生命
[00:39:05.000 --> 00:39:07.000]  錢只是暫短
[00:39:07.000 --> 00:39:09.000]  為什麼我們不將
[00:39:09.000 --> 00:39:11.000]  只有暫短價值的
[00:39:11.000 --> 00:39:13.000]  投資在有永恆的價值身上
[00:39:13.000 --> 00:39:15.000]  投資在有永恆的價值身上
[00:39:15.000 --> 00:39:17.000]  盧家灰音第18章
[00:39:17.000 --> 00:39:19.000]  為什麼我們不將
[00:39:19.000 --> 00:39:21.000]  投資在
[00:39:21.000 --> 00:39:23.000]  有永恆價值的身上
[00:39:23.000 --> 00:39:25.000]  有永恆價值的身上
[00:39:25.000 --> 00:39:27.000]  你說怎麼投資
[00:39:27.000 --> 00:39:29.000]  怎麼投資在人的身上
[00:39:29.000 --> 00:39:31.000]  你有沒有想過
[00:39:31.000 --> 00:39:33.000]  去營養一個
[00:39:33.000 --> 00:39:35.000]  太北或其他的小孩子
[00:39:35.000 --> 00:39:37.000]  太北或其他的小孩子
[00:39:37.000 --> 00:39:41.000]  可能只是25美元
[00:39:41.000 --> 00:39:43.000]  一個月
[00:39:43.000 --> 00:39:45.000]  就可以改變
[00:39:45.000 --> 00:39:47.000]  人生很多很多的事
[00:39:47.000 --> 00:39:49.000]  我們沒有想過
[00:39:49.000 --> 00:39:51.000]  我們沒有想過
[00:39:51.000 --> 00:39:53.000]  將我們的生命
[00:39:53.000 --> 00:39:55.000]  做一些短暫的
[00:39:55.000 --> 00:39:57.000]  去體驗一些貧窮的社會
[00:39:57.000 --> 00:39:59.000]  我們怎麼可以
[00:39:59.000 --> 00:40:01.000]  去參與一個
[00:40:01.000 --> 00:40:03.000]  貧窮的工作
[00:40:03.000 --> 00:40:05.000]  我女兒有一天跟我說
[00:40:05.000 --> 00:40:07.000]  可不可以幫我
[00:40:07.000 --> 00:40:09.000]  收一些眼鏡
[00:40:09.000 --> 00:40:11.000]  我相信我們每個人
[00:40:11.000 --> 00:40:13.000]  都有
[00:40:13.000 --> 00:40:15.000]  近視的人
[00:40:15.000 --> 00:40:17.000]  是很麻煩的
[00:40:17.000 --> 00:40:19.000]  我們經常都要換眼鏡
[00:40:19.000 --> 00:40:21.000]  但不知道為什麼那些舊眼鏡
[00:40:21.000 --> 00:40:23.000]  我們不捨得丟掉
[00:40:23.000 --> 00:40:25.000]  你家裡還有很多舊眼鏡在裡面
[00:40:25.000 --> 00:40:27.000]  死要藏著
[00:40:27.000 --> 00:40:29.000]  她就說我專收那些舊眼鏡
[00:40:29.000 --> 00:40:31.000]  原來他們有一隊
[00:40:31.000 --> 00:40:33.000]  在美國有一個組織
[00:40:33.000 --> 00:40:35.000]  專門去到
[00:40:35.000 --> 00:40:37.000]  落後的國家
[00:40:37.000 --> 00:40:39.000]  跟他們驗眼
[00:40:39.000 --> 00:40:41.000]  然後就配眼鏡
[00:40:41.000 --> 00:40:43.000]  就用這些舊眼鏡戴著
[00:40:43.000 --> 00:40:45.000]  他跟我說
[00:40:45.000 --> 00:40:47.000]  他去非洲做一些
[00:40:47.000 --> 00:40:49.000]  宣教工作的時候
[00:40:49.000 --> 00:40:51.000]  我問他最有用什麼
[00:40:51.000 --> 00:40:53.000]  他說做醫生反而沒有什麼可以幫到他們
[00:40:53.000 --> 00:40:55.000]  因為一會兒走
[00:40:55.000 --> 00:40:57.000]  最幫到他就是給他眼鏡
[00:40:57.000 --> 00:40:59.000]  改變了他一生
[00:40:59.000 --> 00:41:03.000]  你有沒有想過
[00:41:03.000 --> 00:41:05.000]  是投資在
[00:41:05.000 --> 00:41:07.000]  人的身上
[00:41:07.000 --> 00:41:11.000]  前幾天
[00:41:11.000 --> 00:41:13.000]  我跟一個
[00:41:13.000 --> 00:41:15.000]  我姐姐
[00:41:15.000 --> 00:41:17.000]  昨天來到
[00:41:17.000 --> 00:41:19.000]  她女兒在三藩市
[00:41:19.000 --> 00:41:21.000]  她就將
[00:41:21.000 --> 00:41:23.000]  她在UCSF
[00:41:23.000 --> 00:41:25.000]  做一個癌症研究
[00:41:25.000 --> 00:41:27.000]  但她還大部份時間
[00:41:27.000 --> 00:41:29.000]  在唐人房
[00:41:29.000 --> 00:41:31.000]  的一個教會裏面
[00:41:31.000 --> 00:41:33.000]  幫助那些剛剛移民的小孩
[00:41:33.000 --> 00:41:37.000]  她告訴我
[00:41:37.000 --> 00:41:39.000]  她說舅父
[00:41:39.000 --> 00:41:41.000]  有兩個人
[00:41:41.000 --> 00:41:43.000]  跟她一起做的
[00:41:43.000 --> 00:41:45.000]  兩個年輕人
[00:41:45.000 --> 00:41:47.000]  她說舅父那時在三藩市的時候
[00:41:47.000 --> 00:41:49.000]  就是帶這兩個人
[00:41:49.000 --> 00:41:51.000]  帶他們
[00:41:51.000 --> 00:41:53.000]  去麥當勞教他們
[00:41:53.000 --> 00:41:55.000]  怎樣點餐
[00:41:55.000 --> 00:41:57.000]  怎樣去旅行
[00:41:57.000 --> 00:41:59.000]  怎樣教他們英文
[00:41:59.000 --> 00:42:01.000]  給他們時間
[00:42:01.000 --> 00:42:03.000]  現在這兩個人一個在做牙醫
[00:42:03.000 --> 00:42:05.000]  一個在
[00:42:05.000 --> 00:42:07.000]  電腦公司裏面做
[00:42:07.000 --> 00:42:09.000]  現在他們回去幫這些年輕人
[00:42:09.000 --> 00:42:13.000]  為什麼我們不去想一想
[00:42:13.000 --> 00:42:15.000]  將我們的生命
[00:42:15.000 --> 00:42:17.000]  投資在人的身上
[00:42:17.000 --> 00:42:19.000]  舅父有很多機會
[00:42:19.000 --> 00:42:21.000]  給我們投資
[00:42:21.000 --> 00:42:23.000]  並不是坐在那裏聽完就離開
[00:42:23.000 --> 00:42:25.000]  教會裏面
[00:42:25.000 --> 00:42:27.000]  有所謂
[00:42:27.000 --> 00:42:29.000]  陰苗團契
[00:42:29.000 --> 00:42:31.000]  陰苗團契給那些
[00:42:31.000 --> 00:42:33.000]  自閉症的小朋友
[00:42:33.000 --> 00:42:35.000]  今天我們需要很多人手
[00:42:35.000 --> 00:42:37.000]  我們開設了陰苗團契
[00:42:37.000 --> 00:42:39.000]  現在已經有
[00:42:39.000 --> 00:42:41.000]  幾十個小孩在那裏
[00:42:41.000 --> 00:42:43.000]  但我們需要很多的人
[00:42:43.000 --> 00:42:45.000]  你有沒有想過將你的生命
[00:42:45.000 --> 00:42:47.000]  投資在這些人的身上
[00:42:47.000 --> 00:42:49.000]  有很多的小朋友
[00:42:49.000 --> 00:42:51.000]  有很多的老人家
[00:42:51.000 --> 00:42:53.000]  有很多有需要的人
[00:42:53.000 --> 00:42:55.000]  還有
[00:42:55.000 --> 00:42:57.000]  你有沒有想過去到
[00:42:57.000 --> 00:42:59.000]  清遠的地方去服侍一些人
[00:42:59.000 --> 00:43:01.000]  你有沒有想過
[00:43:01.000 --> 00:43:03.000]  將你的生命
[00:43:03.000 --> 00:43:05.000]  投資在一些人的身上
[00:43:05.000 --> 00:43:07.000]  帶去信耶穌
[00:43:07.000 --> 00:43:09.000]  將他帶到神的家裏
[00:43:09.000 --> 00:43:11.000]  或者我們只是想
[00:43:11.000 --> 00:43:13.000]  吃什麼喝什麼
[00:43:13.000 --> 00:43:15.000]  將你的生命
[00:43:15.000 --> 00:43:17.000]  投資在那裏
[00:43:17.000 --> 00:43:19.000]  求主幫助我們
[00:43:19.000 --> 00:43:21.000]  有一次
[00:43:21.000 --> 00:43:23.000]  我們到了這個年紀的時候
[00:43:23.000 --> 00:43:25.000]  經常有什麼四十週年
[00:43:25.000 --> 00:43:27.000]  同學會
[00:43:27.000 --> 00:43:29.000]  畢業之後
[00:43:29.000 --> 00:43:31.000]  有一次一班港大的同學
[00:43:31.000 --> 00:43:33.000]  一起
[00:43:33.000 --> 00:43:35.000]  有個弟兄來
[00:43:35.000 --> 00:43:37.000]  他說蘇榮耀很羨慕你
[00:43:37.000 --> 00:43:39.000]  有沒有羨慕我
[00:43:39.000 --> 00:43:41.000]  沒有什麼羨慕
[00:43:41.000 --> 00:43:43.000]  我羨慕你
[00:43:43.000 --> 00:43:45.000]  能夠去服侍上帝
[00:43:45.000 --> 00:43:47.000]  我突然間
[00:43:47.000 --> 00:43:49.000]  被他提醒
[00:43:49.000 --> 00:43:51.000]  我覺得我是一個很幸福
[00:43:51.000 --> 00:43:53.000]  很幸福的人
[00:43:53.000 --> 00:43:55.000]  一個能夠去服侍神
[00:43:55.000 --> 00:43:57.000]  服侍人
[00:43:57.000 --> 00:43:59.000]  將你的生命投資在一些
[00:43:59.000 --> 00:44:01.000]  有永恆價值的人
[00:44:01.000 --> 00:44:03.000]  是最有用
[00:44:03.000 --> 00:44:07.000]  你將你的生命投資在什麼
[00:44:07.000 --> 00:44:09.000]  我們不是便宜的
[00:44:09.000 --> 00:44:11.000]  我們是寶貴的
[00:44:13.000 --> 00:44:15.000]  不要為身體
[00:44:15.000 --> 00:44:17.000]  吃什麼
[00:44:17.000 --> 00:44:19.000]  穿什麼憂慮
[00:44:19.000 --> 00:44:21.000]  願上帝祝福我們
[00:44:21.000 --> 00:44:23.000]  祝你同心低頭我們一同祈禱
[00:44:23.000 --> 00:44:25.000]  天父我們再一次謝謝你
[00:44:25.000 --> 00:44:27.000]  給你寶貴的話語
[00:44:27.000 --> 00:44:29.000]  去提醒我們
[00:44:29.000 --> 00:44:31.000]  不要憂慮吃什麼穿什麼
[00:44:31.000 --> 00:44:33.000]  教導我們有正確的
[00:44:33.000 --> 00:44:35.000]  價值觀
[00:44:35.000 --> 00:44:37.000]  正確的人生觀
[00:44:37.000 --> 00:44:39.000]  教導我們有信心擺在一個
[00:44:39.000 --> 00:44:41.000]  滿有大能的上帝裏面
[00:44:41.000 --> 00:44:43.000]  又教導我們
[00:44:43.000 --> 00:44:45.000]  有正確的心態
[00:44:45.000 --> 00:44:47.000]  投資在人的生命
[00:44:47.000 --> 00:44:49.000]  求你真的祝福我們每一位
[00:44:49.000 --> 00:44:51.000]  叫我們不是
[00:44:51.000 --> 00:44:53.000]  做一個憂慮
[00:44:53.000 --> 00:44:55.000]  只是求吃什麼喝什麼的人
[00:44:55.000 --> 00:44:57.000]  多謝你
[00:44:57.000 --> 00:44:59.000]  祈禱奉耶穌基督命求
[00:44:59.000 --> 00:45:01.000]  阿們
