
[00:00:00.000 --> 00:00:03.800]  好,請大家繼續翻開詩篇127篇
[00:00:03.800 --> 00:00:05.800]  這首是
[00:00:05.800 --> 00:00:08.520]  繼續是一首的《上行之詩》
[00:00:08.520 --> 00:00:11.600]  這首詩歌我們都很熟悉
[00:00:11.600 --> 00:00:13.640]  特別是第一節
[00:00:13.640 --> 00:00:16.400]  若不是耶和華建造房屋
[00:00:16.400 --> 00:00:18.520]  建造的人就枉然不勞力
[00:00:18.520 --> 00:00:21.080]  若不是耶和華看守城池
[00:00:21.080 --> 00:00:22.200]  看守的人
[00:00:22.200 --> 00:00:24.920]  就是枉然警醒
[00:00:24.920 --> 00:00:27.520]  那麼每個詩篇
[00:00:27.520 --> 00:00:29.000]  我們去讀的時候
[00:00:29.000 --> 00:00:30.200]  都會想像的
[00:00:30.200 --> 00:00:32.640]  詩篇是講異境
[00:00:32.640 --> 00:00:34.480]  想像一下
[00:00:34.480 --> 00:00:37.000]  就是一群以色列人
[00:00:37.000 --> 00:00:39.760]  他們是拖男帶女
[00:00:39.760 --> 00:00:45.680]  慢慢走進石鞍山
[00:00:45.680 --> 00:00:47.520]  走進耶路撒冷裡面
[00:00:47.520 --> 00:00:49.160]  準備守節
[00:00:49.160 --> 00:00:52.480]  可能他們是來自世界各地
[00:00:52.480 --> 00:00:55.000]  或者是在以色列境內
[00:00:55.000 --> 00:00:57.840]  可能有些人是一生人才去一次
[00:00:58.000 --> 00:01:00.000]  有些人可能每年都會去
[00:01:00.000 --> 00:01:01.200]  但是無論如何
[00:01:01.200 --> 00:01:03.080]  他們已經準備去登山
[00:01:03.080 --> 00:01:05.440]  登山的路途裡面都會吃力
[00:01:05.440 --> 00:01:09.240]  吃力的時候就會稍微歇息一下
[00:01:09.240 --> 00:01:12.440]  歇息的時候大家坐下來乘涼
[00:01:12.440 --> 00:01:13.840]  喝杯水的時候
[00:01:13.840 --> 00:01:16.480]  旁邊左右都有很多的以色列人
[00:01:16.480 --> 00:01:19.200]  有些可能是素未謀面
[00:01:19.200 --> 00:01:20.840]  有些可能是熟口熟面
[00:01:20.840 --> 00:01:21.920]  但是無論如何
[00:01:21.920 --> 00:01:25.400]  他們都很喜歡在那裡傾談、分享
[00:01:25.720 --> 00:01:29.080]  講一下自己過去的生活
[00:01:29.080 --> 00:01:33.400]  講一下一些關於自己的事業
[00:01:33.400 --> 00:01:35.800]  講一下自己的生意
[00:01:35.800 --> 00:01:37.040]  講一下家庭
[00:01:37.040 --> 00:01:38.400]  又講一下兒女等等
[00:01:38.400 --> 00:01:39.720]  講著講著
[00:01:39.720 --> 00:01:41.320]  大家都是滔滔不絕
[00:01:41.320 --> 00:01:44.000]  大家都是很多的分享
[00:01:44.000 --> 00:01:45.720]  無論是成功還是失敗
[00:01:45.720 --> 00:01:49.240]  無論是過去有多少的辛酸流淚
[00:01:49.240 --> 00:01:51.080]  或者是有多少滿足、喜樂
[00:01:51.080 --> 00:01:54.760]  他們都是分享得很開心
[00:01:54.760 --> 00:01:56.760]  分享得很暢快
[00:01:56.760 --> 00:01:59.000]  當他們這樣分享的時候
[00:01:59.000 --> 00:02:00.600]  一會兒你會聽到
[00:02:00.600 --> 00:02:04.440]  有一個智者在唱一首詩歌
[00:02:04.440 --> 00:02:05.840]  聽到詩歌一聽
[00:02:05.840 --> 00:02:08.680]  "若不是耶和華建造房屋"
[00:02:08.680 --> 00:02:12.000]  "建造的人就枉然勞力"
[00:02:12.000 --> 00:02:14.400]  "若不是耶和華看守城池"
[00:02:14.400 --> 00:02:17.960]  "看守的人就枉然警醒"
[00:02:17.960 --> 00:02:19.560]  聽到的時候
[00:02:19.560 --> 00:02:22.640]  好像似乎被一群人提醒
[00:02:22.840 --> 00:02:26.200]  因為原來剛才在分享和傾談的時候
[00:02:26.200 --> 00:02:28.520]  原來沒有提及過神
[00:02:28.520 --> 00:02:31.200]  沒有提及過神在你生命裡做些什麼
[00:02:31.200 --> 00:02:34.000]  就是說自己以往的故事
[00:02:34.000 --> 00:02:36.320]  但是一個智者提醒
[00:02:36.320 --> 00:02:37.320]  是的
[00:02:37.320 --> 00:02:38.520]  這些成功
[00:02:38.520 --> 00:02:39.920]  這些失敗
[00:02:39.920 --> 00:02:42.240]  究竟在當中
[00:02:42.240 --> 00:02:44.800]  神在裡面是什麼作為呢?
[00:02:44.800 --> 00:02:47.400]  究竟神在裡面是什麼參與呢?
[00:02:47.400 --> 00:02:50.440]  所以詩篇127篇
[00:02:50.760 --> 00:02:54.360]  是當時對於朝聖者提醒
[00:02:54.360 --> 00:02:55.000]  他說
[00:02:55.000 --> 00:03:00.280]  他們不在朝聖的路程、歷程中的中心
[00:03:00.280 --> 00:03:02.920]  神才是中心
[00:03:02.920 --> 00:03:05.120]  更加提醒我們
[00:03:05.120 --> 00:03:08.880]  我們努力工作
[00:03:08.880 --> 00:03:10.000]  努力的人生
[00:03:10.000 --> 00:03:11.920]  不過是次要而已
[00:03:11.920 --> 00:03:15.640]  更加重要的就是神才是中心點
[00:03:15.640 --> 00:03:17.320]  神才是重點
[00:03:17.320 --> 00:03:20.600]  所以在127篇詩篇裡面
[00:03:20.600 --> 00:03:23.400]  可以提出一個提醒
[00:03:23.400 --> 00:03:24.800]  這個提醒是什麼呢?
[00:03:24.800 --> 00:03:28.600]  神是一直在工作的
[00:03:28.600 --> 00:03:31.880]  另外有一個例子提醒
[00:03:31.880 --> 00:03:37.360]  就是說神是賜下家庭給這些以色列人
[00:03:37.360 --> 00:03:41.960]  以致引導或者教導我們
[00:03:41.960 --> 00:03:44.360]  如何在我們的工作裡面
[00:03:44.360 --> 00:03:46.440]  在生活裡面榮耀神
[00:03:46.440 --> 00:03:49.040]  我們開始看第一方面
[00:03:49.840 --> 00:03:51.560]  神是一直在工作
[00:03:51.560 --> 00:03:53.120]  所以
[00:03:53.120 --> 00:03:56.320]  人的工作的核心價值
[00:03:56.320 --> 00:03:57.320]  是在乎神的
[00:03:57.320 --> 00:04:00.640]  因為神是一直在工作的神
[00:04:00.640 --> 00:04:03.920]  而人的工作的核心價值
[00:04:03.920 --> 00:04:06.440]  同樣是要在乎神的
[00:04:06.440 --> 00:04:09.680]  剛才我們看了第一節
[00:04:09.680 --> 00:04:11.520]  第一節你會看到
[00:04:11.520 --> 00:04:13.640]  耶和華建造房屋
[00:04:13.640 --> 00:04:16.640]  你會看到耶和華看守城池
[00:04:16.640 --> 00:04:19.240]  這裡開始講到神
[00:04:19.440 --> 00:04:20.960]  一個動作
[00:04:20.960 --> 00:04:22.240]  一個行動的神
[00:04:22.240 --> 00:04:23.600]  神的建造
[00:04:23.600 --> 00:04:24.680]  神的看守
[00:04:24.680 --> 00:04:26.000]  當然神的保護
[00:04:26.000 --> 00:04:26.920]  神的看顧
[00:04:26.920 --> 00:04:28.360]  神的親愛
[00:04:28.360 --> 00:04:30.880]  很多的動詞都可以放進去裡面
[00:04:30.880 --> 00:04:33.680]  但是從這個講法裡面就說
[00:04:33.680 --> 00:04:35.240]  原來這位神
[00:04:35.240 --> 00:04:37.960]  是一個工作的神
[00:04:37.960 --> 00:04:39.520]  大前提是
[00:04:39.520 --> 00:04:41.560]  這位神是一直在工作
[00:04:41.560 --> 00:04:44.960]  所以從創世紀開始
[00:04:44.960 --> 00:04:47.280]  你就知道神是創造宇宙萬物
[00:04:47.280 --> 00:04:49.360]  用了六天時間去創造
[00:04:49.440 --> 00:04:50.160]  第七天
[00:04:50.160 --> 00:04:52.120]  是一個安息日
[00:04:52.120 --> 00:04:54.800]  但是安息日似乎是告訴別人
[00:04:54.800 --> 00:04:56.240]  要去學習
[00:04:56.240 --> 00:04:57.440]  去欣賞
[00:04:57.440 --> 00:04:58.920]  你自己所創造
[00:04:58.920 --> 00:05:00.120]  神所創造的
[00:05:00.120 --> 00:05:01.640]  去學習敬拜
[00:05:01.640 --> 00:05:03.880]  學習懂得怎樣去反思
[00:05:03.880 --> 00:05:06.800]  但是同時間神不是停下手來的
[00:05:06.800 --> 00:05:07.960]  神是要
[00:05:07.960 --> 00:05:10.480]  繼續看顧這些人類
[00:05:10.480 --> 00:05:12.400]  繼續能夠去關心
[00:05:12.400 --> 00:05:14.200]  所以神創造了這個世界之後
[00:05:14.200 --> 00:05:15.280]  不是這樣離開
[00:05:15.280 --> 00:05:17.080]  神的作為
[00:05:17.080 --> 00:05:19.440]  一直是在我們的身上
[00:05:19.440 --> 00:05:20.400]  在這個世界裡面
[00:05:20.400 --> 00:05:21.480]  好像
[00:05:21.480 --> 00:05:22.960]  一件事物
[00:05:22.960 --> 00:05:24.160]  做了出來
[00:05:24.160 --> 00:05:25.880]  但是這個公司繼續
[00:05:25.880 --> 00:05:28.520]  會有保養
[00:05:28.520 --> 00:05:30.680]  有固釋
[00:05:30.680 --> 00:05:35.160]  繼續有這種工作在裡面
[00:05:35.160 --> 00:05:36.400]  同樣神
[00:05:36.400 --> 00:05:37.960]  對祂所創造的
[00:05:37.960 --> 00:05:41.240]  繼續有關心
[00:05:41.240 --> 00:05:42.920]  繼續的有看顧
[00:05:42.920 --> 00:05:44.800]  繼續的會有帶領
[00:05:44.960 --> 00:05:48.280]  所以這個神是繼續一直工作的神
[00:05:48.280 --> 00:05:51.160]  以致因為一直工作的神
[00:05:51.160 --> 00:05:52.760]  我們就會明白
[00:05:52.760 --> 00:05:53.560]  今天
[00:05:53.560 --> 00:05:55.120]  我們每個人都要工作
[00:05:55.120 --> 00:05:56.640]  但是我們問人工作
[00:05:56.640 --> 00:05:58.200]  跟神有什麼關係呢?
[00:05:58.200 --> 00:06:01.280]  神從創造開始已經是工作到如今
[00:06:01.280 --> 00:06:02.680]  而我們
[00:06:02.680 --> 00:06:03.840]  是出生之後
[00:06:03.840 --> 00:06:05.520]  我們慢慢讀完書
[00:06:05.520 --> 00:06:06.960]  我們出來打工
[00:06:06.960 --> 00:06:07.720]  做事
[00:06:07.720 --> 00:06:09.800]  究竟我們成為腳徒
[00:06:09.800 --> 00:06:10.880]  我們的工作
[00:06:10.880 --> 00:06:12.920]  又有什麼跟神有什麼關係呢?
[00:06:12.920 --> 00:06:15.000]  這個是我們腳徒應該去問的
[00:06:15.000 --> 00:06:16.840]  所以神一直工作
[00:06:16.840 --> 00:06:18.800]  人的工作的核心價值
[00:06:18.800 --> 00:06:20.000]  都是在乎神
[00:06:20.000 --> 00:06:22.960]  今天在香港一個
[00:06:22.960 --> 00:06:28.120]  我們生活在一個這麼大壓力的地方
[00:06:28.120 --> 00:06:31.640]  全球競爭力是第七位的地方
[00:06:31.640 --> 00:06:34.440]  全國裡面是第一位的
[00:06:34.440 --> 00:06:36.280]  最有競爭力的城市
[00:06:36.280 --> 00:06:38.240]  當然這是好事
[00:06:38.240 --> 00:06:40.400]  但是同一時間你看到這麼大競爭力
[00:06:40.400 --> 00:06:40.960]  就是什麼呢?
[00:06:40.960 --> 00:06:42.400]  很大壓力的
[00:06:42.400 --> 00:06:44.720]  因為你不斷要鞭策自己進步
[00:06:44.720 --> 00:06:46.240]  而不是不進則退
[00:06:46.240 --> 00:06:48.640]  所以在一個香港這樣的城市裡面
[00:06:48.640 --> 00:06:50.360]  我們做腳徒無論在家庭
[00:06:50.360 --> 00:06:51.360]  在我們的工作
[00:06:51.360 --> 00:06:53.680]  在我們人際的關係
[00:06:53.680 --> 00:06:54.800]  是很大的壓力的
[00:06:54.800 --> 00:06:56.360]  周圍都有很多的需要
[00:06:56.360 --> 00:06:58.640]  很多的事物都轉變得很快
[00:06:58.640 --> 00:07:02.320]  有時候我們拿著一部電話
[00:07:02.320 --> 00:07:04.800]  都看著看著覺得舊了
[00:07:04.800 --> 00:07:06.160]  但是我們不敢買新的
[00:07:06.160 --> 00:07:07.200]  因為怕不懂得使用
[00:07:07.200 --> 00:07:07.880]  試一下
[00:07:07.880 --> 00:07:09.160]  轉變得太快了
[00:07:09.160 --> 00:07:10.800]  買一些新的電器怕不懂得使用
[00:07:10.800 --> 00:07:12.720]  按了這麼多按鈕不知道按什麼按鈕好
[00:07:12.720 --> 00:07:14.840]  越來越快
[00:07:14.840 --> 00:07:17.560]  很多時候你會發覺是這麼大的壓力
[00:07:17.560 --> 00:07:20.560]  竟然用這麼簡單的家具
[00:07:20.560 --> 00:07:22.880]  有時候我們也會有些壓力在裡面
[00:07:22.880 --> 00:07:24.080]  所以你看到
[00:07:24.080 --> 00:07:26.400]  好像生活是很急促
[00:07:26.400 --> 00:07:27.120]  很大壓力
[00:07:27.120 --> 00:07:30.880]  以致我們好像不斷在消耗我們的生命
[00:07:30.880 --> 00:07:33.640]  在忙碌地追趕一些事物
[00:07:33.640 --> 00:07:35.000]  或者我們要減壓
[00:07:35.000 --> 00:07:37.880]  又要怎麼去面對這些壓力等等
[00:07:38.280 --> 00:07:41.480]  但是這個詩篇這個智者就提醒我們
[00:07:41.480 --> 00:07:43.720]  應該有需要停下來
[00:07:43.720 --> 00:07:44.760]  靜下來
[00:07:44.760 --> 00:07:48.920]  究竟聽聽裡面所說什麼事情
[00:07:48.920 --> 00:07:51.840]  若不是建造房屋
[00:07:51.840 --> 00:07:54.280]  建造的人就枉然勞力
[00:07:54.280 --> 00:07:56.720]  若不是看守城池
[00:07:56.720 --> 00:07:59.640]  看守的人就枉然警醒
[00:07:59.640 --> 00:08:01.040]  這個你看到
[00:08:01.040 --> 00:08:04.200]  就是說慢慢你再思想
[00:08:04.200 --> 00:08:05.560]  這句經文
[00:08:05.560 --> 00:08:06.480]  是的
[00:08:06.480 --> 00:08:08.280]  如果我們今天的工作
[00:08:08.280 --> 00:08:09.880]  一路地衝
[00:08:09.880 --> 00:08:12.440]  但是我們也沒有想到神在其中
[00:08:12.440 --> 00:08:15.160]  沒有想到神自己有的作為
[00:08:15.160 --> 00:08:16.240]  反正我們也沒有想到
[00:08:16.240 --> 00:08:19.560]  我們今天打工的工作跟神有什麼關係
[00:08:19.560 --> 00:08:25.440]  究竟我們是不是一樣像詩篇所說
[00:08:25.440 --> 00:08:27.240]  我們枉然呢?
[00:08:27.240 --> 00:08:32.080]  或者我們可能不知道
[00:08:32.080 --> 00:08:34.760]  究竟我們為了什麼工作
[00:08:34.760 --> 00:08:37.920]  既然詩篇再提醒我們
[00:08:37.920 --> 00:08:39.640]  神是一位創造的神
[00:08:39.640 --> 00:08:40.880]  又是工作的神
[00:08:40.880 --> 00:08:42.240]  直到如今的時候
[00:08:42.240 --> 00:08:43.680]  我們應該再問
[00:08:43.680 --> 00:08:44.520]  沒錯
[00:08:44.520 --> 00:08:46.200]  我們是承認這件事情
[00:08:46.200 --> 00:08:51.560]  但究竟我們是不是因為神這種的存在
[00:08:51.560 --> 00:08:53.440]  成為我們中心的價值
[00:08:53.440 --> 00:08:54.960]  成為我們核心的價值
[00:08:54.960 --> 00:08:59.240]  我們同樣自己所做的事情
[00:08:59.240 --> 00:09:01.000]  我們所建立的事業
[00:09:01.000 --> 00:09:02.440]  所建立的家庭
[00:09:02.440 --> 00:09:05.400]  我們所想籌算的事情
[00:09:05.400 --> 00:09:08.800]  是不是都放在神所關心的地方裡面呢?
[00:09:08.800 --> 00:09:10.040]  神是工作
[00:09:10.040 --> 00:09:12.200]  神是工作去關心
[00:09:12.200 --> 00:09:15.240]  祂繼續這個世界的人群
[00:09:15.240 --> 00:09:19.920]  繼續神的愛可以去到整個人類裡面
[00:09:19.920 --> 00:09:22.080]  究竟我們這個跟神有沒有關係呢?
[00:09:22.080 --> 00:09:25.280]  究竟我們是不是同樣關心神所關心的事情
[00:09:25.280 --> 00:09:29.000]  究竟做的是跟神都期望我們所做的事情
[00:09:29.000 --> 00:09:31.280]  這個詩篇裡面就是這樣提醒我們
[00:09:31.280 --> 00:09:33.960]  有一個年輕的基督徒
[00:09:33.960 --> 00:09:38.040]  他都很希望能夠這樣去見證神
[00:09:38.040 --> 00:09:39.840]  這個初信主
[00:09:39.840 --> 00:09:42.240]  但有時候都會因為
[00:09:42.240 --> 00:09:44.160]  真的回教會歸回教會
[00:09:44.160 --> 00:09:45.360]  生活歸生活
[00:09:45.360 --> 00:09:46.680]  打工歸打工
[00:09:46.680 --> 00:09:49.320]  很多時候很容易就忘記了神
[00:09:49.320 --> 00:09:51.440]  只是在教會裡面記得神
[00:09:51.440 --> 00:09:57.920]  他在一個蔬果舖裡面打工
[00:09:57.920 --> 00:09:59.040]  做一個店員
[00:09:59.040 --> 00:10:04.800]  有一次有一個女士來買一個南瓜
[00:10:04.800 --> 00:10:07.280]  這個女士說我想要半個南瓜
[00:10:07.280 --> 00:10:08.280]  半個而已
[00:10:08.280 --> 00:10:11.800]  這個年輕的店員說
[00:10:11.800 --> 00:10:13.640]  我們不買半個的
[00:10:13.640 --> 00:10:15.040]  買就買一個而已
[00:10:15.040 --> 00:10:16.040]  不買半個
[00:10:16.040 --> 00:10:17.240]  這個女士說不行
[00:10:17.240 --> 00:10:17.840]  我要半個
[00:10:17.840 --> 00:10:19.080]  因為我一個人住
[00:10:19.080 --> 00:10:20.080]  我半個夠了
[00:10:20.080 --> 00:10:21.400]  我不買一個
[00:10:21.400 --> 00:10:23.440]  這個店員說不行
[00:10:23.440 --> 00:10:25.280]  我們是自己買一個而已
[00:10:25.280 --> 00:10:28.000]  這個女士繼續堅持要半個
[00:10:28.000 --> 00:10:29.040]  不如這樣
[00:10:29.040 --> 00:10:30.680]  你問問那個經理
[00:10:30.680 --> 00:10:32.480]  店長行不行
[00:10:32.480 --> 00:10:34.720]  這個年輕人就
[00:10:34.720 --> 00:10:35.640]  沒辦法了
[00:10:35.640 --> 00:10:37.000]  還是走去問
[00:10:37.000 --> 00:10:40.320]  於是走進店舖裡面
[00:10:40.320 --> 00:10:42.120]  跟那個經理說
[00:10:42.120 --> 00:10:43.240]  跟店長說
[00:10:43.240 --> 00:10:44.840]  外面有一個白癡
[00:10:44.840 --> 00:10:47.920]  說要買半個南瓜
[00:10:47.920 --> 00:10:51.480]  他不知道那個女士跟著他尾巴走過來
[00:10:51.480 --> 00:10:52.960]  就這樣看著那個女士
[00:10:52.960 --> 00:10:54.800]  他很快就轉口
[00:10:54.800 --> 00:10:56.320]  白癡要半個南瓜
[00:10:56.320 --> 00:10:58.960]  這個女士就想要那半個
[00:10:58.960 --> 00:11:01.160]  因為她繞得快
[00:11:01.160 --> 00:11:03.880]  但是有時候我們做基督徒就是這樣
[00:11:03.880 --> 00:11:05.640]  因為一些尷尬的事情
[00:11:05.640 --> 00:11:07.240]  有時候衝口而出
[00:11:07.240 --> 00:11:08.760]  失了見證
[00:11:08.760 --> 00:11:10.480]  有時候我們
[00:11:10.480 --> 00:11:12.040]  教會的生活歸教會的生活
[00:11:12.040 --> 00:11:13.040]  團契歸團契
[00:11:13.040 --> 00:11:14.400]  但是一出到工作裡面
[00:11:14.400 --> 00:11:15.400]  我們就好像
[00:11:15.400 --> 00:11:17.440]  在家裡的另外一個人
[00:11:17.440 --> 00:11:18.880]  有時候都會有這樣的情況
[00:11:18.880 --> 00:11:21.080]  因為我們很容易忘記了
[00:11:21.080 --> 00:11:22.920]  我們的工作
[00:11:22.920 --> 00:11:25.720]  都是跟神大上有關係
[00:11:25.720 --> 00:11:29.520]  如果他是奉耶穌基督的名去工作的時候
[00:11:29.520 --> 00:11:31.600]  我相信他不會這樣說話
[00:11:31.600 --> 00:11:34.720]  他都可以很溫柔
[00:11:34.720 --> 00:11:39.040]  很能夠說一些合宜的話在裡面
[00:11:39.040 --> 00:11:42.720]  究竟怎麼去奉耶穌基督的名去工作呢?
[00:11:42.720 --> 00:11:44.560]  這是一個很重要的觀念
[00:11:44.560 --> 00:11:46.400]  有兩個觀念要留意
[00:11:46.400 --> 00:11:48.560]  第一個就是蒙召的觀念
[00:11:48.560 --> 00:11:49.600]  什麼叫蒙召呢?
[00:11:49.600 --> 00:11:51.120]  大家可能聽過蒙召團契
[00:11:51.120 --> 00:11:53.680]  那些準備蒙召
[00:11:53.680 --> 00:11:57.480]  全時間獻上,被神成為傳道人
[00:11:57.480 --> 00:12:00.240]  侍奉,將來在神學院裡面
[00:12:00.240 --> 00:12:02.120]  接受造就,做傳道人
[00:12:02.120 --> 00:12:03.120]  不是
[00:12:03.120 --> 00:12:05.680]  蒙召更加廣闊
[00:12:05.680 --> 00:12:08.120]  我們每個人都應該有蒙召的經驗
[00:12:08.120 --> 00:12:11.360]  當然我們首先是蒙神的呼召成為教徒
[00:12:11.360 --> 00:12:14.440]  但是同時間我們生活的工作
[00:12:14.440 --> 00:12:16.640]  都有一個蒙召的觀念在裡面
[00:12:16.640 --> 00:12:18.320]  都是神要去揀選
[00:12:18.320 --> 00:12:20.040]  我們在這個地方裡面
[00:12:20.040 --> 00:12:21.560]  無論我們任何的職業
[00:12:21.560 --> 00:12:23.120]  無論我們任何的工作
[00:12:23.120 --> 00:12:26.160]  都有本身神聖的使命在裡面
[00:12:26.160 --> 00:12:28.360]  以致我們雖然不同的方式
[00:12:28.360 --> 00:12:32.000]  但是我們都是願意在不同的崗位裡面
[00:12:32.000 --> 00:12:33.520]  服侍神,見證神
[00:12:33.520 --> 00:12:35.920]  如果我們奉耶穌的名去工作
[00:12:35.920 --> 00:12:38.560]  你今天的打工可能是有不同的
[00:12:38.560 --> 00:12:39.800]  你自己的表現
[00:12:39.800 --> 00:12:41.640]  或者你自己的態度
[00:12:41.640 --> 00:12:42.680]  都有不同的
[00:12:42.680 --> 00:12:44.160]  你對上司、對你下屬
[00:12:44.160 --> 00:12:46.400]  或者對這些客戶、客人
[00:12:46.400 --> 00:12:47.920]  都有不同的表現在裡面
[00:12:47.920 --> 00:12:52.200]  因為你知道你的老闆是我們的神
[00:12:52.200 --> 00:12:53.360]  你會知道
[00:12:53.360 --> 00:12:55.960]  因為神要我們在這個地方裡面
[00:12:55.960 --> 00:12:58.320]  去為祂工作、服侍祂
[00:12:58.320 --> 00:12:59.520]  同時間
[00:12:59.520 --> 00:13:00.880]  你說也不是神出糧給我
[00:13:00.880 --> 00:13:01.920]  是老闆出糧給我
[00:13:01.920 --> 00:13:03.040]  地上的老闆給我
[00:13:03.040 --> 00:13:04.120]  但是你不要忘記
[00:13:04.120 --> 00:13:05.720]  另一個觀念你要知道
[00:13:05.720 --> 00:13:08.320]  就是管家職份的觀念
[00:13:08.320 --> 00:13:10.400]  同樣的觀念已經在創世紀裡面
[00:13:10.400 --> 00:13:11.400]  讓我們知道
[00:13:11.400 --> 00:13:13.600]  當神創造宇宙萬物
[00:13:13.600 --> 00:13:15.000]  你要叫亞當
[00:13:15.000 --> 00:13:18.360]  要管理海裡的魚
[00:13:18.360 --> 00:13:20.200]  這些地上的走獸
[00:13:20.200 --> 00:13:21.520]  空中的飛鳥
[00:13:21.520 --> 00:13:22.880]  都是要去管理
[00:13:22.880 --> 00:13:25.160]  這個管理就是一個管家職份
[00:13:25.160 --> 00:13:26.760]  今天神給我們
[00:13:26.760 --> 00:13:28.760]  有很多的恩賜、才能
[00:13:28.760 --> 00:13:29.840]  或者我們努力
[00:13:29.840 --> 00:13:32.640]  而賺取了貨財的能力
[00:13:32.640 --> 00:13:36.520]  我們有一個事業
[00:13:36.520 --> 00:13:38.400]  或者我們有一個學問
[00:13:38.400 --> 00:13:40.400]  我們能夠為我們自己
[00:13:40.400 --> 00:13:41.920]  建立好的生活
[00:13:41.920 --> 00:13:42.960]  好的家庭
[00:13:42.960 --> 00:13:44.360]  但是你不要忘記
[00:13:44.360 --> 00:13:45.960]  這個也是神賜給我們
[00:13:45.960 --> 00:13:47.720]  我們本身是一無所有的
[00:13:47.720 --> 00:13:49.120]  我們本身一無所有
[00:13:49.120 --> 00:13:52.600]  以至這個管家職份更加提醒我們
[00:13:52.600 --> 00:13:54.600]  神也是讓我們管理的
[00:13:54.600 --> 00:13:56.080]  神也是讓我們管理
[00:13:56.080 --> 00:13:59.640]  所以我們即使我們的家庭
[00:13:59.640 --> 00:14:01.640]  我們的工作事業
[00:14:01.640 --> 00:14:04.560]  神也是讓我們在當中管理
[00:14:04.560 --> 00:14:06.880]  我們去工作勞碌
[00:14:06.880 --> 00:14:08.560]  但是我們也是為主而活
[00:14:08.560 --> 00:14:10.800]  這個就是管家職份的觀念
[00:14:10.800 --> 00:14:13.320]  所以我們是一個受託的管家
[00:14:13.320 --> 00:14:14.520]  以至這樣的觀念
[00:14:14.520 --> 00:14:17.480]  夢照和管家職份的觀念
[00:14:17.480 --> 00:14:20.680]  我們就能夠去奉耶穌的名去工作
[00:14:20.680 --> 00:14:24.040]  我相信我們不是單單是為了賺錢
[00:14:24.040 --> 00:14:27.680]  為了自己的喜好
[00:14:27.680 --> 00:14:30.520]  為了真的沒法了
[00:14:30.520 --> 00:14:31.720]  我們也要打工了
[00:14:31.720 --> 00:14:33.000]  也要謀生了
[00:14:33.000 --> 00:14:34.600]  我們相信我們的工作
[00:14:34.600 --> 00:14:36.960]  更加添加了意義在裡面
[00:14:36.960 --> 00:14:39.960]  因為你是與神一起同工
[00:14:39.960 --> 00:14:41.600]  第二方面
[00:14:41.600 --> 00:14:43.360]  神是一直工作
[00:14:43.360 --> 00:14:46.040]  神一直工作不單止
[00:14:46.520 --> 00:14:50.000]  我們工作的核心價值是在乎神
[00:14:50.000 --> 00:14:51.360]  但是我們也明白
[00:14:51.360 --> 00:14:53.680]  人的工作的成敗得失
[00:14:53.680 --> 00:14:55.120]  也是在乎神
[00:14:55.120 --> 00:14:57.960]  詩篇一到二節
[00:14:57.960 --> 00:14:59.960]  「若不是耶和華」
[00:14:59.960 --> 00:15:02.360]  「若不是耶和華」
[00:15:02.360 --> 00:15:04.360]  那又如何呢?
[00:15:04.360 --> 00:15:06.360]  其他人就會枉然了
[00:15:06.360 --> 00:15:09.400]  「若不是耶和華」
[00:15:09.400 --> 00:15:11.400]  看守成詞呢?
[00:15:11.400 --> 00:15:14.520]  人就枉然警醒了
[00:15:15.000 --> 00:15:18.440]  我們就算一早起來
[00:15:18.440 --> 00:15:20.000]  很晚才睡覺
[00:15:20.000 --> 00:15:22.520]  我們勞碌得飯吃
[00:15:22.520 --> 00:15:24.120]  如果不是耶和華
[00:15:24.120 --> 00:15:26.120]  也是枉然
[00:15:26.120 --> 00:15:27.800]  所以這裡提醒我們
[00:15:27.800 --> 00:15:29.800]  「若不是耶和華」
[00:15:29.800 --> 00:15:33.160]  這個詩篇的重點就是說
[00:15:33.160 --> 00:15:35.160]  也是因為神
[00:15:35.160 --> 00:15:36.680]  我們所做的事情
[00:15:36.680 --> 00:15:38.040]  如果不是因為神
[00:15:38.040 --> 00:15:39.160]  也是枉然
[00:15:39.160 --> 00:15:40.840]  你怎麼努力也好
[00:15:40.840 --> 00:15:42.840]  你怎麼懶散也好
[00:15:42.840 --> 00:15:45.960]  當然努力應該會有好的成果
[00:15:45.960 --> 00:15:47.960]  懶散當然不會有好的成果
[00:15:47.960 --> 00:15:49.640]  但是有時候未必的
[00:15:49.640 --> 00:15:51.640]  但是無論如何
[00:15:51.640 --> 00:15:55.080]  如果不是因為神的緣故
[00:15:55.080 --> 00:15:57.080]  一切都是枉然
[00:15:57.080 --> 00:16:00.760]  所以這首詩歌沒有特別提到工作
[00:16:00.760 --> 00:16:03.080]  究竟說工作是高於工作
[00:16:03.080 --> 00:16:04.840]  很重要的超過本身
[00:16:04.840 --> 00:16:06.600]  或者是貶低工作
[00:16:06.600 --> 00:16:08.360]  這些工作一無是處
[00:16:08.360 --> 00:16:09.480]  做也好,不做也好
[00:16:09.480 --> 00:16:11.480]  不是說工作的問題
[00:16:11.480 --> 00:16:13.160]  這個重點在神那裡
[00:16:13.160 --> 00:16:14.200]  重點就是說
[00:16:14.200 --> 00:16:16.600]  一旦我們的生命
[00:16:16.600 --> 00:16:18.600]  我們的工作
[00:16:18.600 --> 00:16:22.760]  我們跟神脫離了關係
[00:16:22.760 --> 00:16:24.280]  跟神沒有關係
[00:16:24.280 --> 00:16:26.120]  脫離接觸的時候
[00:16:26.120 --> 00:16:27.640]  我們的工作是枉然
[00:16:27.640 --> 00:16:30.040]  無論你有成果沒有成果也好
[00:16:30.040 --> 00:16:33.480]  或者我們的工作很容易有很多問題
[00:16:33.480 --> 00:16:35.160]  出錯在裡面
[00:16:35.160 --> 00:16:36.680]  這個令我們想到
[00:16:36.680 --> 00:16:40.040]  可能我們成為一個工作狂
[00:16:40.040 --> 00:16:42.840]  我們好像不斷不斷工作
[00:16:42.840 --> 00:16:44.120]  是因為我們有保障
[00:16:44.120 --> 00:16:45.960]  為了我們賺更多的錢
[00:16:45.960 --> 00:16:47.960]  為了我們更有成就感
[00:16:47.960 --> 00:16:49.960]  我們因為為工作而工作
[00:16:49.960 --> 00:16:52.680]  是為了我們能夠滿足自己
[00:16:52.680 --> 00:16:58.040]  這種可能好像失控了一種方向
[00:16:58.040 --> 00:17:01.160]  好像失控了脫韁野馬
[00:17:01.160 --> 00:17:02.360]  不知道去哪個方向
[00:17:02.360 --> 00:17:03.640]  但是一味去衝
[00:17:03.640 --> 00:17:05.160]  這個可能我們會這樣
[00:17:05.160 --> 00:17:06.280]  但是會形成
[00:17:06.280 --> 00:17:08.280]  今天很多都市人就是
[00:17:08.280 --> 00:17:10.280]  形成很多的病痛
[00:17:10.280 --> 00:17:11.880]  特別是一些情緒病
[00:17:11.880 --> 00:17:13.320]  很多的憂慮
[00:17:13.320 --> 00:17:15.080]  很多的煩慮
[00:17:15.080 --> 00:17:16.600]  可能有焦慮
[00:17:16.600 --> 00:17:18.120]  又有抑鬱等等
[00:17:18.120 --> 00:17:19.000]  很多的問題
[00:17:19.000 --> 00:17:20.600]  就是因為工作的問題
[00:17:20.600 --> 00:17:22.040]  因為我們看工作
[00:17:22.040 --> 00:17:23.400]  是離開了神
[00:17:23.400 --> 00:17:24.680]  所以我們的工作
[00:17:24.680 --> 00:17:26.200]  只是看工作本身
[00:17:26.200 --> 00:17:29.320]  而忘記了跟神的關係
[00:17:29.320 --> 00:17:31.160]  我們只知道
[00:17:31.160 --> 00:17:32.600]  我們只要努力
[00:17:32.600 --> 00:17:33.880]  我就會有成就
[00:17:33.880 --> 00:17:35.080]  只要靠我努力
[00:17:35.080 --> 00:17:36.280]  我就會得到成果
[00:17:36.280 --> 00:17:38.280]  我們以為這樣就可以了
[00:17:38.280 --> 00:17:40.680]  但是我們忘記了這位神
[00:17:40.680 --> 00:17:42.680]  所以有時候我們會變成這樣
[00:17:42.680 --> 00:17:44.360]  有些人也會這樣
[00:17:44.360 --> 00:17:46.840]  做這麼多不做這麼多
[00:17:46.840 --> 00:17:49.000]  我就懶懶散散不做了
[00:17:49.000 --> 00:17:51.000]  馬馬虎虎做任何事情
[00:17:51.000 --> 00:17:55.640]  於是可能家裡有很多
[00:17:55.640 --> 00:17:57.400]  不憂柴不憂米
[00:17:57.400 --> 00:17:59.640]  隨隨便便去工作
[00:17:59.640 --> 00:18:00.760]  也有這樣的人
[00:18:00.760 --> 00:18:02.440]  但是聖經裡面有說
[00:18:02.440 --> 00:18:05.480]  懶散的人真的不可以的
[00:18:05.480 --> 00:18:07.080]  古來說
[00:18:07.080 --> 00:18:10.440]  如果這些人不作工
[00:18:10.440 --> 00:18:11.960]  要吃飯是不可以的
[00:18:11.960 --> 00:18:14.520]  一定要作工才能夠得飯吃
[00:18:14.520 --> 00:18:16.440]  所以也提醒我們
[00:18:16.440 --> 00:18:19.240]  要知道如何去看工作
[00:18:19.240 --> 00:18:21.000]  更加重要的是
[00:18:21.000 --> 00:18:23.480]  不可以去脫離神
[00:18:23.480 --> 00:18:25.880]  而更加讓我們明白
[00:18:25.880 --> 00:18:28.760]  真的如果離開神的時候
[00:18:28.760 --> 00:18:32.200]  或者我們得失成敗
[00:18:32.200 --> 00:18:33.720]  根本就是在乎神
[00:18:33.720 --> 00:18:37.400]  所以有人這樣去翻譯第一第二節
[00:18:37.400 --> 00:18:39.000]  聖經裡面的意思是
[00:18:39.000 --> 00:18:42.200]  如果不是神去建造房屋
[00:18:42.200 --> 00:18:44.120]  這個人也會建造
[00:18:44.120 --> 00:18:46.120]  建造出什麼呢?
[00:18:46.120 --> 00:18:48.760]  只是一間很小的茅屋
[00:18:48.760 --> 00:18:51.800]  如果不是神去看守城池又如何呢?
[00:18:51.800 --> 00:18:54.680]  這個人很努力守夜更
[00:18:54.680 --> 00:18:57.800]  也會打瞌睡
[00:18:57.800 --> 00:18:59.960]  所以這裡讓我們看到
[00:18:59.960 --> 00:19:01.800]  好像中國人說的話
[00:19:01.800 --> 00:19:03.880]  謀事在人
[00:19:03.880 --> 00:19:07.240]  成事在神
[00:19:07.240 --> 00:19:09.640]  我們說謀事在人
[00:19:09.640 --> 00:19:10.760]  成事在神
[00:19:10.760 --> 00:19:13.160]  我們就要知道這一點
[00:19:13.160 --> 00:19:18.200]  如果不是神在看守城池
[00:19:18.200 --> 00:19:20.520]  守夜更的人也會打瞌睡
[00:19:20.520 --> 00:19:22.920]  講起打瞌睡就是這樣的故事
[00:19:22.920 --> 00:19:28.280]  有一次有一個電力公司的經理
[00:19:28.280 --> 00:19:29.880]  他去看夜更
[00:19:29.880 --> 00:19:33.000]  看夜更也有很多的程序要做
[00:19:33.000 --> 00:19:35.480]  很多事情都要去管理
[00:19:35.480 --> 00:19:39.160]  很多事情都要去處理
[00:19:39.160 --> 00:19:40.840]  因為他又打瞌睡了
[00:19:40.840 --> 00:19:41.880]  睡著了
[00:19:41.880 --> 00:19:45.000]  一些事情是程序上做漏了
[00:19:45.000 --> 00:19:46.600]  搞到停電
[00:19:46.600 --> 00:19:49.400]  搞到那個區漆黑一片
[00:19:49.400 --> 00:19:51.400]  於是就打電話進來了
[00:19:51.400 --> 00:19:52.280]  他說什麼事?
[00:19:52.280 --> 00:19:54.680]  現在停了電
[00:19:54.680 --> 00:19:56.440]  這個人打電話來
[00:19:56.440 --> 00:19:58.200]  那個人就沒有講自己是誰
[00:19:58.200 --> 00:20:01.800]  原來是電力公司的CEO打來的
[00:20:01.800 --> 00:20:05.640]  那個人就回答
[00:20:05.640 --> 00:20:07.800]  我看看什麼事
[00:20:07.800 --> 00:20:09.880]  這個電話進來就繼續講
[00:20:09.880 --> 00:20:10.920]  你快點去看看
[00:20:10.920 --> 00:20:12.680]  然後安靜下來
[00:20:12.680 --> 00:20:14.040]  這個人聽到電話就
[00:20:14.040 --> 00:20:15.720]  你是誰?
[00:20:15.720 --> 00:20:17.320]  問他是誰
[00:20:17.320 --> 00:20:18.920]  這個人就回答
[00:20:18.920 --> 00:20:23.000]  我是這間公司的總裁CEO
[00:20:23.000 --> 00:20:24.280]  這個CEO打來
[00:20:24.280 --> 00:20:25.720]  他很緊張
[00:20:25.720 --> 00:20:27.720]  接著他就想一想
[00:20:27.720 --> 00:20:29.800]  你知不知道我是誰?
[00:20:29.800 --> 00:20:31.560]  那個CEO說我不知道你是誰
[00:20:31.560 --> 00:20:32.840]  這個人就馬上掛線
[00:20:32.840 --> 00:20:34.360]  什麼都不管了
[00:20:34.360 --> 00:20:36.760]  有時候我們工作的態度就是這樣
[00:20:36.760 --> 00:20:38.920]  打瞌睡就算了
[00:20:38.920 --> 00:20:40.520]  就不負責任了
[00:20:40.520 --> 00:20:42.520]  但是問題就是
[00:20:42.520 --> 00:20:44.600]  今天我們知道
[00:20:44.600 --> 00:20:47.320]  我們的成敗得失都是在乎神
[00:20:47.320 --> 00:20:49.720]  我們應該很明白
[00:20:49.720 --> 00:20:51.320]  我們努力也好
[00:20:51.320 --> 00:20:53.080]  我們不努力也好
[00:20:53.080 --> 00:20:55.480]  但是如果我們
[00:20:55.480 --> 00:20:58.040]  如果不是神在我們中間的時候
[00:20:58.040 --> 00:21:00.600]  根本一切都是枉然
[00:21:00.600 --> 00:21:03.160]  所以重要的是提醒我們要
[00:21:03.160 --> 00:21:05.480]  調教工作的焦點
[00:21:05.480 --> 00:21:07.640]  今天你為了什麼打這份工?
[00:21:07.640 --> 00:21:11.240]  你今天為了什麼要每天上這份工?
[00:21:11.240 --> 00:21:14.280]  或者你拼了命在這裡上班?
[00:21:14.280 --> 00:21:16.760]  或者你在公司裡面
[00:21:16.760 --> 00:21:17.800]  每天這樣敷衍
[00:21:17.800 --> 00:21:19.480]  你為了什麼在這裡上這份工?
[00:21:19.480 --> 00:21:22.840]  但是當我們調整了這個焦點
[00:21:22.840 --> 00:21:24.360]  在神那裡
[00:21:24.360 --> 00:21:25.480]  我們就會知道
[00:21:25.480 --> 00:21:26.680]  我們清晨早起
[00:21:26.680 --> 00:21:28.120]  就算半夜睡覺
[00:21:28.120 --> 00:21:29.480]  很努力工作
[00:21:29.480 --> 00:21:30.680]  也不是枉然
[00:21:30.680 --> 00:21:31.720]  因為我們知道
[00:21:31.720 --> 00:21:33.240]  耶和華所親愛的
[00:21:33.240 --> 00:21:35.320]  是讓祂安然睡覺
[00:21:35.320 --> 00:21:37.240]  所以重點是重要的
[00:21:37.240 --> 00:21:41.160]  不是在說我們究竟工作認真還是不認真的問題
[00:21:41.160 --> 00:21:42.760]  而是在說
[00:21:42.760 --> 00:21:45.720]  最重要原來神是
[00:21:45.720 --> 00:21:48.680]  你知道你的工作焦點
[00:21:48.680 --> 00:21:49.880]  是放在神
[00:21:49.880 --> 00:21:52.360]  放在神所關心的事情裡面
[00:21:52.360 --> 00:21:54.040]  神一定會去保守
[00:21:54.040 --> 00:21:56.040]  當然祂會鼓勵我們
[00:21:56.040 --> 00:21:57.480]  做好我們的本分
[00:21:57.480 --> 00:21:58.840]  不是一定要我們
[00:21:58.840 --> 00:22:05.000]  搞到我們完全拼了命的工作狂
[00:22:05.000 --> 00:22:06.600]  或者仍然會讓我們
[00:22:06.600 --> 00:22:07.880]  頭閒志散
[00:22:07.880 --> 00:22:09.880]  但是神一定會讓我們
[00:22:09.880 --> 00:22:11.880]  工作得有喜樂
[00:22:11.880 --> 00:22:13.160]  工作得有喜勁
[00:22:13.160 --> 00:22:15.160]  這是很重要的事情
[00:22:15.160 --> 00:22:17.160]  第三方面
[00:22:17.160 --> 00:22:19.640]  剛才說了提醒
[00:22:19.640 --> 00:22:22.280]  神是一直工作的神
[00:22:22.280 --> 00:22:24.360]  所以我們知道
[00:22:24.360 --> 00:22:26.760]  我們核心價值是在乎神
[00:22:26.760 --> 00:22:28.360]  我們知道成敗得失
[00:22:28.360 --> 00:22:29.960]  都在神的手裡
[00:22:29.960 --> 00:22:32.760]  剛才說了另外一個例子
[00:22:32.760 --> 00:22:34.760]  列舉出來
[00:22:34.760 --> 00:22:36.440]  有沒有留意到第三節
[00:22:36.440 --> 00:22:40.200]  好像突然間到第五節就不同了處境
[00:22:40.200 --> 00:22:41.720]  突然間去到兒女
[00:22:41.720 --> 00:22:43.480]  是耶和華所賜的產業
[00:22:43.480 --> 00:22:44.920]  所懷的胎
[00:22:44.920 --> 00:22:46.600]  是祂所給的賞賜
[00:22:46.600 --> 00:22:48.920]  突然間好像不同了
[00:22:48.920 --> 00:22:50.200]  你要留意
[00:22:50.200 --> 00:22:52.440]  「華本修訂版」就多了
[00:22:52.440 --> 00:22:54.440]  第三節前面
[00:22:54.440 --> 00:22:55.720]  多了兩個字
[00:22:55.720 --> 00:22:58.680]  剛才陳偉明執事也讀了出來
[00:22:58.680 --> 00:22:59.960]  究竟是什麼字
[00:22:59.960 --> 00:23:02.200]  「漢吶」
[00:23:02.200 --> 00:23:04.360]  這個轉接的句語很重要
[00:23:04.360 --> 00:23:06.360]  突然間說「漢吶」
[00:23:06.360 --> 00:23:10.120]  這些這麼重的字眼停下來
[00:23:10.120 --> 00:23:12.360]  就是希望你留心一下
[00:23:12.360 --> 00:23:13.400]  你看一看
[00:23:13.400 --> 00:23:15.400]  所以這個意思是什麼呢
[00:23:15.400 --> 00:23:17.800]  你聽著
[00:23:17.800 --> 00:23:19.400]  你思想一下
[00:23:19.400 --> 00:23:21.400]  你有沒有問過自己
[00:23:21.400 --> 00:23:23.880]  你的兒女是怎麼來的
[00:23:23.880 --> 00:23:26.200]  或者問自己
[00:23:26.200 --> 00:23:27.720]  我怎麼從我們家裡
[00:23:27.720 --> 00:23:29.720]  爸爸媽媽那裡出來的
[00:23:29.720 --> 00:23:32.600]  你覺得是很自然的事情
[00:23:32.600 --> 00:23:34.760]  我已經生在這個世界裡面
[00:23:34.760 --> 00:23:37.160]  我已經出生在這個家庭裡面
[00:23:37.160 --> 00:23:38.920]  在伊斯蘭的觀念裡面
[00:23:38.920 --> 00:23:39.880]  他也覺得
[00:23:39.880 --> 00:23:41.080]  兒女是什麼呢
[00:23:41.080 --> 00:23:42.840]  神所賜的產業
[00:23:42.840 --> 00:23:44.120]  他們很明白
[00:23:44.120 --> 00:23:46.520]  就是說這是神賜給他們的
[00:23:46.520 --> 00:23:48.200]  通常神都愛他們
[00:23:48.200 --> 00:23:49.400]  都賜給他們的
[00:23:49.400 --> 00:23:50.760]  通常都是這樣的
[00:23:50.760 --> 00:23:53.160]  所以他們很自然地覺得
[00:23:53.160 --> 00:23:54.360]  這個家庭
[00:23:54.360 --> 00:23:55.800]  有一個家庭建立了
[00:23:55.800 --> 00:23:57.400]  有兒女成群了
[00:23:57.400 --> 00:23:59.400]  神是給我們的
[00:23:59.400 --> 00:24:02.680]  這段經文插在一個地方裡面
[00:24:02.680 --> 00:24:04.200]  就成為一個例子
[00:24:04.200 --> 00:24:05.640]  意思就是說
[00:24:05.640 --> 00:24:07.240]  這個家庭
[00:24:07.240 --> 00:24:08.040]  兒女
[00:24:08.040 --> 00:24:11.000]  好像我們很自然地得到
[00:24:11.000 --> 00:24:12.600]  男大裝婚
[00:24:12.600 --> 00:24:13.560]  女大當嫁
[00:24:13.560 --> 00:24:14.440]  然後結婚
[00:24:14.440 --> 00:24:17.400]  然後生養兒女
[00:24:17.400 --> 00:24:18.680]  很自然的事情
[00:24:18.680 --> 00:24:19.960]  好像是這樣看
[00:24:19.960 --> 00:24:22.520]  但是他同樣提醒
[00:24:22.520 --> 00:24:26.680]  其實我們能夠活在世上
[00:24:26.680 --> 00:24:28.440]  為神去工作
[00:24:28.440 --> 00:24:30.920]  都是一件很自然的事情
[00:24:30.920 --> 00:24:32.840]  不是一件很艱難的事情
[00:24:32.840 --> 00:24:34.840]  我們都是要這樣去見證神
[00:24:34.840 --> 00:24:36.360]  因為他說這個家庭
[00:24:36.360 --> 00:24:38.120]  慢慢地說這個家庭
[00:24:38.120 --> 00:24:40.120]  特別是在古代
[00:24:40.120 --> 00:24:41.960]  生養眾多的時候
[00:24:41.960 --> 00:24:46.200]  說這些兒女就好像戰士
[00:24:46.200 --> 00:24:48.440]  手中、袋中的戰那麼厲害
[00:24:48.440 --> 00:24:49.960]  那麼有力量
[00:24:49.960 --> 00:24:53.720]  這個家庭很有人多勢眾
[00:24:53.720 --> 00:24:55.160]  很有福氣
[00:24:55.160 --> 00:24:57.640]  這種見證
[00:24:57.640 --> 00:24:58.840]  是神給我們的
[00:24:58.840 --> 00:25:00.120]  很自然得到的
[00:25:00.120 --> 00:25:01.480]  但是同時間
[00:25:01.480 --> 00:25:03.000]  這個例子就告訴我們
[00:25:03.000 --> 00:25:05.000]  今天我們在世上的工作
[00:25:05.000 --> 00:25:06.200]  我們靠著神
[00:25:06.200 --> 00:25:07.960]  我們能夠按著神的心意
[00:25:07.960 --> 00:25:09.560]  或者我們焦點放在神那裡
[00:25:09.560 --> 00:25:11.400]  我們工作的那一刻
[00:25:11.400 --> 00:25:15.080]  我們工作的表現
[00:25:15.080 --> 00:25:18.040]  或者我們工作帶來的福氣
[00:25:18.040 --> 00:25:19.720]  都是很自然的事情
[00:25:19.720 --> 00:25:21.480]  不是一件很困難的事情
[00:25:21.480 --> 00:25:22.920]  但問題是
[00:25:22.920 --> 00:25:24.680]  今天我們發覺
[00:25:24.680 --> 00:25:26.040]  打工很困難
[00:25:26.040 --> 00:25:27.720]  今天工作很辛苦
[00:25:27.720 --> 00:25:29.640]  今天我們真的不想上班了
[00:25:29.640 --> 00:25:30.920]  等等的情況
[00:25:30.920 --> 00:25:35.240]  但是CPN就是這樣提醒我們
[00:25:35.240 --> 00:25:37.160]  因為神一直的工作
[00:25:37.160 --> 00:25:39.400]  神根本是賜下家庭給我們
[00:25:39.400 --> 00:25:41.480]  神根本是賜下我們的事業
[00:25:41.480 --> 00:25:43.880]  神要賜下我們工作
[00:25:43.880 --> 00:25:45.960]  神賜下我們的福氣
[00:25:45.960 --> 00:25:51.000]  這才能夠在工作裡面
[00:25:51.000 --> 00:25:52.760]  同樣好像在家庭裡面
[00:25:52.760 --> 00:25:54.280]  是榮耀神一樣
[00:25:54.280 --> 00:25:57.960]  所以今天在現代
[00:25:57.960 --> 00:26:01.560]  在香港的教會
[00:26:01.560 --> 00:26:02.680]  或者我們信徒
[00:26:02.680 --> 00:26:05.320]  經常都開始講一個問題
[00:26:05.320 --> 00:26:07.320]  就是神的子民
[00:26:07.320 --> 00:26:09.720]  要帶著神的使命
[00:26:09.720 --> 00:26:13.000]  能夠去到這個世界裡面
[00:26:13.000 --> 00:26:15.480]  在自己不同的場景
[00:26:15.480 --> 00:26:18.120]  這個職場裡面見證神
[00:26:18.120 --> 00:26:21.720]  我們每一個人都是神所呼召
[00:26:21.720 --> 00:26:23.880]  進入這個得救的群體
[00:26:23.880 --> 00:26:25.080]  成為教會
[00:26:25.080 --> 00:26:27.480]  但同時間神要差派我們
[00:26:27.480 --> 00:26:29.480]  出來這個世上裡面
[00:26:29.480 --> 00:26:30.600]  去見證神
[00:26:30.600 --> 00:26:33.080]  就在我們不同的場景
[00:26:33.080 --> 00:26:34.680]  不同的職場裡面
[00:26:34.680 --> 00:26:36.840]  所以今天這個職場的事工
[00:26:36.840 --> 00:26:40.600]  都成為了在今天教會
[00:26:40.600 --> 00:26:45.160]  學習和期望我們信徒
[00:26:45.160 --> 00:26:47.000]  更加能夠去發揮
[00:26:47.000 --> 00:26:48.280]  因為我們會發覺
[00:26:48.280 --> 00:26:50.120]  我們週間裡面
[00:26:50.120 --> 00:26:52.840]  我們所做的事情
[00:26:52.840 --> 00:26:54.280]  以及我們主人
[00:26:54.280 --> 00:26:55.720]  回來所做的事情
[00:26:55.720 --> 00:26:57.400]  是同樣重要
[00:26:57.400 --> 00:26:58.680]  大家明白我說什麼嗎?
[00:26:58.680 --> 00:27:00.680]  你說禮拜天我很重要的
[00:27:00.680 --> 00:27:03.240]  什麼工作都推遲了
[00:27:03.240 --> 00:27:03.960]  活動都遲了
[00:27:03.960 --> 00:27:04.920]  上教會
[00:27:04.920 --> 00:27:05.960]  敬拜神
[00:27:05.960 --> 00:27:07.000]  這個是對的
[00:27:07.000 --> 00:27:08.120]  是值得欣賞的
[00:27:08.120 --> 00:27:09.640]  你有這樣的重要
[00:27:09.640 --> 00:27:12.120]  但是平時你週間裡面
[00:27:12.120 --> 00:27:13.080]  你的工作
[00:27:13.080 --> 00:27:15.080]  你自己所做的事情
[00:27:15.080 --> 00:27:17.160]  其實一樣同樣重要
[00:27:17.160 --> 00:27:19.720]  因為你要帶著使命
[00:27:19.720 --> 00:27:22.440]  進入這個職場裡面
[00:27:22.440 --> 00:27:24.840]  進入這個世界裡面去見證主
[00:27:24.840 --> 00:27:28.600]  所以這個是今天教會聚集
[00:27:28.600 --> 00:27:30.200]  然後分散之後
[00:27:30.200 --> 00:27:32.360]  繼續要去實踐的事情
[00:27:32.360 --> 00:27:36.040]  所以這是今天很多教會提醒
[00:27:36.040 --> 00:27:40.120]  很多提醒我們信徒
[00:27:40.120 --> 00:27:42.680]  眾人都要走出去
[00:27:42.680 --> 00:27:44.120]  為主作見證
[00:27:44.120 --> 00:27:46.280]  因為實際上在今天的職場裡面
[00:27:46.280 --> 00:27:47.240]  是有很多的問題
[00:27:47.240 --> 00:27:49.240]  我相信大家比我更清楚
[00:27:49.240 --> 00:27:51.400]  你可能在不同的生活環境
[00:27:51.400 --> 00:27:52.440]  工作的環境裡面
[00:27:52.440 --> 00:27:54.440]  你看到很多你與我差的事情
[00:27:54.440 --> 00:27:55.880]  你看到很不公義的事情
[00:27:55.880 --> 00:27:58.520]  看到很多是位高權重
[00:27:58.520 --> 00:28:00.840]  可能很多是不法的事情
[00:28:00.840 --> 00:28:04.120]  話說有一家跨國的建築公司
[00:28:04.120 --> 00:28:08.520]  有兩名工程師在對話
[00:28:08.520 --> 00:28:10.600]  一個是從大國而來的
[00:28:10.600 --> 00:28:13.480]  去到哥倫比亞波哥大的地方
[00:28:13.480 --> 00:28:17.640]  他看到另一個工程師接他
[00:28:17.640 --> 00:28:18.680]  接他飛機
[00:28:18.680 --> 00:28:21.080]  他開著一輛很漂亮的奔馳
[00:28:21.080 --> 00:28:22.440]  最新的型號
[00:28:22.440 --> 00:28:26.200]  這個大國的工程師說
[00:28:26.200 --> 00:28:27.560]  以我所知
[00:28:27.560 --> 00:28:30.920]  你的薪水應該買不起這部車的
[00:28:30.920 --> 00:28:33.000]  於是那個工程師就說
[00:28:33.000 --> 00:28:36.440]  你想知道我帶你看看
[00:28:36.440 --> 00:28:40.200]  就搜到他的公司15樓那裡
[00:28:40.200 --> 00:28:41.960]  你看看對面
[00:28:41.960 --> 00:28:43.400]  對面有些什麼
[00:28:43.400 --> 00:28:46.600]  對面有一座五星級的酒店
[00:28:46.600 --> 00:28:48.600]  是我們公司興建的
[00:28:48.600 --> 00:28:50.600]  五星級酒店是我們興建的
[00:28:50.600 --> 00:28:54.920]  有10%進了我的口袋裡面
[00:28:54.920 --> 00:28:56.440]  他就明白了
[00:28:56.440 --> 00:29:00.280]  原來他中間過水濕腳
[00:29:00.280 --> 00:29:03.080]  這樣就難拿到一些錢
[00:29:03.080 --> 00:29:03.560]  好了
[00:29:03.560 --> 00:29:07.320]  這次後來哥倫比亞的工程師
[00:29:07.320 --> 00:29:09.320]  就去到大國那裡
[00:29:09.320 --> 00:29:11.960]  大國的工程師就接他
[00:29:11.960 --> 00:29:15.000]  拿著一輛勞斯萊斯去接他
[00:29:15.000 --> 00:29:17.240]  這個工程師看到
[00:29:17.240 --> 00:29:20.920]  以我所知你不應該有勞斯萊斯的
[00:29:20.920 --> 00:29:24.360]  於是大國的工程師就帶他去公司裡面
[00:29:24.360 --> 00:29:25.960]  上去20樓
[00:29:25.960 --> 00:29:27.000]  讓他看對面
[00:29:27.000 --> 00:29:28.600]  你看看對面
[00:29:28.600 --> 00:29:29.960]  一條橋
[00:29:29.960 --> 00:29:34.520]  這條大橋是我們公司建造的
[00:29:34.520 --> 00:29:38.120]  那個工程師就看不到
[00:29:38.120 --> 00:29:39.080]  是的
[00:29:39.080 --> 00:29:40.360]  全部都在這裡
[00:29:40.360 --> 00:29:43.400]  100%
[00:29:43.400 --> 00:29:47.400]  事實上在一個工作商界裡面
[00:29:47.400 --> 00:29:49.480]  是有很多這樣的問題
[00:29:49.480 --> 00:29:51.000]  我記得上個星期
[00:29:51.000 --> 00:29:56.200]  和一位大公司裡面的建築師吃飯
[00:29:56.200 --> 00:29:57.640]  他都覺得是
[00:29:57.640 --> 00:29:59.000]  很多的情況
[00:29:59.000 --> 00:30:00.280]  尤其是位高權重
[00:30:00.280 --> 00:30:01.320]  很多的機會
[00:30:01.320 --> 00:30:02.280]  很多的引誘
[00:30:02.280 --> 00:30:03.480]  很多的試探
[00:30:03.480 --> 00:30:05.560]  很多的利益輸送
[00:30:05.560 --> 00:30:06.600]  無論在國內
[00:30:06.600 --> 00:30:07.720]  無論在什麼地方
[00:30:07.720 --> 00:30:10.040]  他經常都會去面對這些事情
[00:30:10.040 --> 00:30:11.480]  但是他發覺到
[00:30:11.480 --> 00:30:13.160]  這個文化是要改變的
[00:30:13.160 --> 00:30:14.920]  即使大老闆在他面前
[00:30:14.920 --> 00:30:17.000]  說我是不參與這些活動
[00:30:17.000 --> 00:30:18.760]  講完公事就算了
[00:30:18.760 --> 00:30:20.520]  或者一些利益輸送
[00:30:20.520 --> 00:30:22.040]  我會避免
[00:30:22.040 --> 00:30:26.840]  以致他在香港繼續在公司裡面
[00:30:26.840 --> 00:30:28.280]  建立團契
[00:30:28.280 --> 00:30:30.920]  香港在九龍都有團契
[00:30:30.920 --> 00:30:33.640]  他說我現在工作很開心
[00:30:33.640 --> 00:30:35.000]  不是主要那份工作
[00:30:35.000 --> 00:30:38.440]  主要就是因為能夠在公司建立團契
[00:30:38.440 --> 00:30:41.080]  能夠可以為神而工作
[00:30:41.080 --> 00:30:43.000]  所以那種開心
[00:30:43.000 --> 00:30:45.640]  比他自己那份工作更開心更滿足
[00:30:45.640 --> 00:30:48.760]  因為他能夠在職場裡面侍奉主
[00:30:48.760 --> 00:30:52.040]  我們接下來聖誕會和一些合作
[00:30:52.040 --> 00:30:56.360]  在K11那裡有些分享
[00:30:56.360 --> 00:30:57.960]  這些都是一個機會
[00:30:57.960 --> 00:31:04.200]  或者有同學說有機會到中環團契裡面分享
[00:31:04.200 --> 00:31:06.760]  所以看到其實我們基督徒
[00:31:06.760 --> 00:31:09.160]  是否可以改變到現在的文化
[00:31:09.160 --> 00:31:12.040]  改變到這些處境
[00:31:12.040 --> 00:31:12.920]  是可以的
[00:31:12.920 --> 00:31:15.560]  因為尤其是這個世界充滿黑暗的時候
[00:31:15.560 --> 00:31:17.960]  是需要我們在職場裡面
[00:31:17.960 --> 00:31:20.040]  我們基督徒的價值觀
[00:31:20.040 --> 00:31:21.560]  工作的價值觀
[00:31:21.560 --> 00:31:25.320]  去建立一個由神而來的工作價值觀
[00:31:25.320 --> 00:31:26.760]  我們能夠實踐的時候
[00:31:26.760 --> 00:31:28.680]  人是會尊重你的
[00:31:28.680 --> 00:31:29.880]  人家會尊重你
[00:31:29.880 --> 00:31:32.520]  譬如那些招待
[00:31:32.520 --> 00:31:37.320]  特別在國內投煙又走很多的事情
[00:31:37.320 --> 00:31:38.360]  你知道基督徒的時候
[00:31:38.360 --> 00:31:39.240]  他慢慢就明白
[00:31:39.240 --> 00:31:40.280]  他不喝酒的
[00:31:40.280 --> 00:31:41.480]  我們就不準備
[00:31:41.480 --> 00:31:45.880]  問題是我們會不會仍然站在我們的立場裡面
[00:31:45.880 --> 00:31:48.200]  慢慢人家會尊重我們的信仰
[00:31:48.200 --> 00:31:50.200]  而帶來一個影響在裡面
[00:31:50.200 --> 00:31:52.440]  所以看到一個
[00:31:52.440 --> 00:31:56.280]  基督徒應該建立一個正確的工作價值觀
[00:31:56.280 --> 00:31:59.720]  即使我們不是在班公裡面
[00:31:59.720 --> 00:32:01.320]  整天在講福音
[00:32:01.320 --> 00:32:04.440]  講聖經的說話
[00:32:04.440 --> 00:32:05.720]  有時候不是容許
[00:32:05.720 --> 00:32:07.480]  但我們的見證
[00:32:07.480 --> 00:32:09.160]  我們是走福音出來
[00:32:09.160 --> 00:32:10.920]  我們是見證福音出來
[00:32:10.920 --> 00:32:13.160]  很盼望我們都能夠看到
[00:32:13.160 --> 00:32:15.080]  這篇詩篇127篇
[00:32:15.080 --> 00:32:16.520]  裡面提醒我們
[00:32:16.520 --> 00:32:19.960]  原來我們的生活工作是在乎神
[00:32:19.960 --> 00:32:22.040]  因為神一直在工作
[00:32:22.040 --> 00:32:23.800]  當我們願意這樣做的時候
[00:32:23.800 --> 00:32:24.920]  你都會發覺到
[00:32:24.920 --> 00:32:26.760]  有這個影響力在裡面
[00:32:26.760 --> 00:32:29.080]  我們同心祈禱
[00:32:29.080 --> 00:32:31.800]  作為天父我們都要在前面前
[00:32:31.800 --> 00:32:33.400]  在你面前要去問
[00:32:33.400 --> 00:32:36.040]  究竟今天我們是為什麼而活
[00:32:36.040 --> 00:32:38.040]  我們是為什麼而去工作
[00:32:38.040 --> 00:32:40.280]  我們究竟是不是為神而活
[00:32:40.280 --> 00:32:41.320]  為主而活
[00:32:41.320 --> 00:32:42.600]  為你而工作
[00:32:42.600 --> 00:32:43.720]  求主幫助我們
[00:32:43.720 --> 00:32:44.920]  當我們看到
[00:32:44.920 --> 00:32:47.000]  我們的工作越來越無趣的時候
[00:32:47.000 --> 00:32:50.200]  當我們看到越來越好像是勞碌
[00:32:50.200 --> 00:32:52.280]  而就算賺很多的錢
[00:32:52.280 --> 00:32:55.080]  都是沒有滿足快樂的時候
[00:32:55.080 --> 00:32:56.920]  都讓我們能夠去思想
[00:32:56.920 --> 00:33:01.080]  是不是今天我們已經忘記了神一直的工作
[00:33:01.080 --> 00:33:02.440]  我們的核心價值
[00:33:02.440 --> 00:33:04.120]  都是放在神的裡面
[00:33:04.120 --> 00:33:05.960]  有時候我們知道
[00:33:05.960 --> 00:33:08.120]  我們仍然是靠著自己去努力
[00:33:08.120 --> 00:33:09.960]  我們忘記了成敗得失
[00:33:09.960 --> 00:33:11.640]  都是在乎神在裡面
[00:33:11.640 --> 00:33:13.880]  求神來真的親自帶領我們
[00:33:13.880 --> 00:33:16.280]  讓我們藉著詩篇127篇
[00:33:16.280 --> 00:33:17.480]  我們不要忘記
[00:33:17.480 --> 00:33:19.880]  若不是耶和華
[00:33:19.880 --> 00:33:24.360]  若不是你自己為我們做任何事情
[00:33:24.360 --> 00:33:27.160]  我們做任何事情都是枉然
[00:33:27.160 --> 00:33:32.200]  幫助我們能夠在裡面得著一個智者
[00:33:32.200 --> 00:33:34.520]  神的話語給我們的提醒
[00:33:34.520 --> 00:33:36.520]  好叫我們在未來的日子裡面
[00:33:36.520 --> 00:33:37.720]  在工作裡面
[00:33:37.720 --> 00:33:40.120]  都能夠有神的帶領
[00:33:40.120 --> 00:33:41.880]  不再一樣的改變
[00:33:41.880 --> 00:33:44.120]  禱告感謝奉耶穌名禱
