
[00:00:00.000 --> 00:00:02.000]  各位頂層媒體平安
[00:00:02.000 --> 00:00:05.000]  大家知道今天是甚麼主日?
[00:00:05.000 --> 00:00:07.000]  是家庭主日
[00:00:07.000 --> 00:00:10.000]  我們一年可能只是一次的機會
[00:00:10.000 --> 00:00:12.000]  大家可以跟家人一起
[00:00:12.000 --> 00:00:15.000]  大大小小一起來教會裡一起崇拜
[00:00:15.000 --> 00:00:19.000]  今天在禮堂裡有很多歡樂的聲音
[00:00:19.000 --> 00:00:22.000]  很多小朋友一起可以參與崇拜
[00:00:22.000 --> 00:00:26.000]  我知道很多家庭可以坐在一起來崇拜神
[00:00:27.000 --> 00:00:31.000]  或者你也讓我知道有哪些是和你的家人一起坐在一起
[00:00:31.000 --> 00:00:33.000]  你舉手讓我知道
[00:00:33.000 --> 00:00:39.000]  感謝神讓我們家庭一起敬拜上帝
[00:00:39.000 --> 00:00:41.000]  在今天第二堂詩班
[00:00:41.000 --> 00:00:44.000]  有媽媽加上一個兒子一個女兒
[00:00:44.000 --> 00:00:46.000]  坐在一起獻詩
[00:00:46.000 --> 00:00:48.000]  也一起來去敬拜上帝
[00:00:48.000 --> 00:00:51.000]  大家知道在我們的傳統
[00:00:51.000 --> 00:00:54.000]  家庭主日會先講一個故事
[00:00:56.000 --> 00:00:59.000]  當中有很多小朋友和大朋友
[00:00:59.000 --> 00:01:01.000]  我講故事是講給你們聽的
[00:01:01.000 --> 00:01:03.000]  小朋友你在哪裡告訴我?
[00:01:03.000 --> 00:01:05.000]  先看看
[00:01:05.000 --> 00:01:08.000]  很多很多小朋友
[00:01:08.000 --> 00:01:12.000]  我講故事你們就留心聽
[00:01:12.000 --> 00:01:15.000]  講故事先有個平台
[00:01:15.000 --> 00:01:24.000]  這個故事是講到一個家庭
[00:01:25.000 --> 00:01:27.000]  有兔子爸爸和兔子媽媽
[00:01:27.000 --> 00:01:29.000]  他們在聊天
[00:01:29.000 --> 00:01:31.000]  你想不想見一下他們?
[00:01:31.000 --> 00:01:34.000]  好呀!見一下兔子爸爸和媽媽好不好?
[00:01:34.000 --> 00:01:47.000]  兔子爸爸和媽媽出來了
[00:01:47.000 --> 00:01:49.000]  原來他們在聊天
[00:01:49.000 --> 00:01:53.000]  在聊什麼呢?原來在聊他們的兒子小白
[00:01:54.000 --> 00:01:55.000]  兔子媽媽就說
[00:01:55.000 --> 00:01:58.000]  小白爸爸你有沒有見過小白?
[00:01:58.000 --> 00:02:00.000]  不見了
[00:02:00.000 --> 00:02:02.000]  整個早上都不見他
[00:02:02.000 --> 00:02:04.000]  不知道去了哪裡
[00:02:04.000 --> 00:02:06.000]  奇怪了快點找找他
[00:02:06.000 --> 00:02:08.000]  整個早上都見不到他
[00:02:08.000 --> 00:02:10.000]  爸爸就說讓我找找他
[00:02:10.000 --> 00:02:12.000]  媽媽你先坐下
[00:02:12.000 --> 00:02:21.000]  找到了找到了
[00:02:21.000 --> 00:02:23.000]  找到了?
[00:02:24.000 --> 00:02:28.000]  原來小白躲在大黑色帽子裡
[00:02:28.000 --> 00:02:30.000]  他不肯出來
[00:02:30.000 --> 00:02:32.000]  快點出來吧
[00:02:32.000 --> 00:02:34.000]  爸爸媽媽就走過來跟他說
[00:02:34.000 --> 00:02:37.000]  你為什麼躲在帽子裡?
[00:02:37.000 --> 00:02:39.000]  小白就說
[00:02:39.000 --> 00:02:41.000]  我很不開心
[00:02:41.000 --> 00:02:44.000]  爸爸就問他為什麼這麼不開心?
[00:02:44.000 --> 00:02:46.000]  小白就說
[00:02:46.000 --> 00:02:49.000]  Miss Chan都不喜歡我
[00:02:49.000 --> 00:02:52.000]  她說我唱歌不好聽
[00:02:53.000 --> 00:02:55.000]  不讓我進去合唱團
[00:02:55.000 --> 00:02:58.000]  我很想去合唱團唱歌
[00:02:58.000 --> 00:03:00.000]  媽媽就說
[00:03:00.000 --> 00:03:02.000]  不用不開心
[00:03:02.000 --> 00:03:05.000]  小小事情快點出來吧
[00:03:05.000 --> 00:03:07.000]  小白還是不肯出來
[00:03:07.000 --> 00:03:09.000]  媽媽就說
[00:03:09.000 --> 00:03:11.000]  我拿些好東西給你吃
[00:03:11.000 --> 00:03:13.000]  你一定開心出來
[00:03:13.000 --> 00:03:15.000]  今天爸爸先坐下
[00:03:15.000 --> 00:03:19.000]  要躺下
[00:03:24.000 --> 00:03:25.000]  看到嗎?
[00:03:25.000 --> 00:03:28.000]  你最喜歡吃的紅蘿蔔
[00:03:28.000 --> 00:03:30.000]  快點出來吃吧
[00:03:30.000 --> 00:03:32.000]  我給你吃很開心
[00:03:32.000 --> 00:03:35.000]  吃完之後保證你不會這麼不開心
[00:03:35.000 --> 00:03:39.000]  但小白還是不肯出來
[00:03:39.000 --> 00:03:41.000]  媽媽就想了一想
[00:03:41.000 --> 00:03:43.000]  好了
[00:03:43.000 --> 00:03:45.000]  好,拿些好東西給你吧
[00:03:45.000 --> 00:03:52.000]  有個火車頭玩具
[00:03:53.000 --> 00:03:54.000]  你最喜歡玩的
[00:03:54.000 --> 00:03:56.000]  出來和你一起玩火車頭吧
[00:03:56.000 --> 00:04:01.000]  小白還是不肯出來
[00:04:01.000 --> 00:04:04.000]  還是很不開心地躲在帽子裡
[00:04:04.000 --> 00:04:06.000]  媽媽也沒辦法
[00:04:06.000 --> 00:04:08.000]  她就回答
[00:04:08.000 --> 00:04:12.000]  我想起來了
[00:04:12.000 --> 00:04:16.000]  這個時候媽媽就想起一件事
[00:04:16.000 --> 00:04:19.000]  小白小白你記不記得
[00:04:20.000 --> 00:04:23.000]  你以前想讀小學
[00:04:23.000 --> 00:04:25.000]  有幾間學校你想進去讀書
[00:04:25.000 --> 00:04:28.000]  但每次都不接受
[00:04:28.000 --> 00:04:30.000]  你記不記得
[00:04:30.000 --> 00:04:32.000]  小白就不停地動
[00:04:32.000 --> 00:04:34.000]  我記得
[00:04:34.000 --> 00:04:36.000]  媽媽就問你記不記得
[00:04:36.000 --> 00:04:39.000]  那時候我們爸爸媽媽和你
[00:04:39.000 --> 00:04:42.000]  圍在床邊一起祈禱
[00:04:42.000 --> 00:04:45.000]  求天父為你預備一間好學校
[00:04:45.000 --> 00:04:47.000]  你記不記得
[00:04:47.000 --> 00:04:49.000]  她說我記得
[00:04:50.000 --> 00:04:51.000]  隔了兩天之後
[00:04:51.000 --> 00:04:53.000]  學校校長打電話來
[00:04:53.000 --> 00:04:55.000]  那間我們很想進去的學校
[00:04:55.000 --> 00:04:57.000]  告訴我們
[00:04:57.000 --> 00:04:59.000]  有個同學退學了
[00:04:59.000 --> 00:05:02.000]  問我們去不去他們學校讀書
[00:05:02.000 --> 00:05:04.000]  我們多開心
[00:05:04.000 --> 00:05:07.000]  我們就知道天父愛惜你
[00:05:07.000 --> 00:05:10.000]  為你預備一間好的學校
[00:05:10.000 --> 00:05:12.000]  你記得嗎
[00:05:12.000 --> 00:05:16.000]  小白就說我也記得
[00:05:16.000 --> 00:05:18.000]  我也記得
[00:05:19.000 --> 00:05:20.000]  不過也不太開心
[00:05:20.000 --> 00:05:24.000]  不開心就躲在地上
[00:05:24.000 --> 00:05:26.000]  媽媽也沒辦法
[00:05:26.000 --> 00:05:28.000]  這時候爸爸就走過來
[00:05:28.000 --> 00:05:30.000]  他說媽媽你先坐下
[00:05:30.000 --> 00:05:35.000]  爸爸就說
[00:05:35.000 --> 00:05:37.000]  小白還有你記不記得
[00:05:37.000 --> 00:05:40.000]  天父給我們很多恩惠
[00:05:40.000 --> 00:05:42.000]  你記得以前爸爸有一段時間
[00:05:42.000 --> 00:05:44.000]  沒有工作我們失業
[00:05:44.000 --> 00:05:46.000]  沒有錢交租
[00:05:46.000 --> 00:05:48.000]  要租一個小地方住
[00:05:49.000 --> 00:05:50.000]  你記不記得
[00:05:50.000 --> 00:05:52.000]  以前你很喜歡打乒乓球
[00:05:52.000 --> 00:05:54.000]  打乒乓球的時候
[00:05:54.000 --> 00:05:56.000]  你很想學乒乓球
[00:05:56.000 --> 00:05:58.000]  我就讓你跟著老師學
[00:05:58.000 --> 00:06:00.000]  不過後來都沒錢了
[00:06:00.000 --> 00:06:02.000]  就要停了
[00:06:02.000 --> 00:06:04.000]  後來我們記得
[00:06:04.000 --> 00:06:06.000]  很不開心的時候
[00:06:06.000 --> 00:06:08.000]  一起家庭崇拜
[00:06:08.000 --> 00:06:10.000]  家庭崇拜的時候我們讀聖經
[00:06:10.000 --> 00:06:12.000]  就讀到詩篇23篇
[00:06:12.000 --> 00:06:14.000]  耶和華是我的目者
[00:06:14.000 --> 00:06:16.000]  我必不自缺乏
[00:06:16.000 --> 00:06:18.000]  你記不記得
[00:06:19.000 --> 00:06:21.000]  我們知道上帝會祝福我們
[00:06:21.000 --> 00:06:23.000]  我們沒有缺乏
[00:06:23.000 --> 00:06:25.000]  所以我們一起祈禱
[00:06:25.000 --> 00:06:27.000]  你記不記得
[00:06:27.000 --> 00:06:29.000]  後來有個同學告訴我們
[00:06:29.000 --> 00:06:31.000]  他高年級的
[00:06:31.000 --> 00:06:33.000]  他又會打乒乓球
[00:06:33.000 --> 00:06:35.000]  看見你那麼喜歡打乒乓球
[00:06:35.000 --> 00:06:37.000]  他說我免費教你打乒乓球
[00:06:37.000 --> 00:06:40.000]  你記得那時候你很開心嗎
[00:06:40.000 --> 00:06:42.000]  小白說是呀
[00:06:42.000 --> 00:06:44.000]  我也很開心
[00:06:44.000 --> 00:06:46.000]  還有天父很恩待你
[00:06:47.000 --> 00:06:49.000]  後來學校有個班制的比賽
[00:06:49.000 --> 00:06:52.000]  你拿了乒乓球第一名
[00:06:52.000 --> 00:06:54.000]  你記不記得
[00:06:54.000 --> 00:06:56.000]  神很恩待你
[00:06:56.000 --> 00:06:58.000]  小白想著想著
[00:06:58.000 --> 00:07:00.000]  想著想著
[00:07:00.000 --> 00:07:02.000]  是呀
[00:07:02.000 --> 00:07:04.000]  天父那麼疼我
[00:07:04.000 --> 00:07:06.000]  他又那麼恩待我
[00:07:06.000 --> 00:07:08.000]  我不用躲起來了
[00:07:08.000 --> 00:07:10.000]  我不用躲起來
[00:07:10.000 --> 00:07:12.000]  我出來了
[00:07:15.000 --> 00:07:17.000]  小白出來了
[00:07:17.000 --> 00:07:19.000]  他說爸爸
[00:07:19.000 --> 00:07:21.000]  其實天父那麼疼我
[00:07:21.000 --> 00:07:23.000]  我用不著那麼不開心
[00:07:23.000 --> 00:07:25.000]  爸爸我現在想吃紅蘿蔔
[00:07:25.000 --> 00:07:28.000]  媽媽我現在想玩火車頭
[00:07:28.000 --> 00:07:31.000]  將來你們多點告訴我
[00:07:31.000 --> 00:07:33.000]  天父的恩典
[00:07:33.000 --> 00:07:35.000]  讓我經常都可以開心
[00:07:35.000 --> 00:07:39.000]  知道他愛疼我又保守我
[00:07:39.000 --> 00:07:42.000]  我們現在一起吃紅蘿蔔
[00:07:45.000 --> 00:07:46.000]  謝謝
[00:08:15.000 --> 00:08:16.000]  天父我們同心感恩
[00:08:16.000 --> 00:08:19.000]  因為祢的確是那位施恩的上帝
[00:08:19.000 --> 00:08:21.000]  主啊祢沒有淪蝕
[00:08:21.000 --> 00:08:24.000]  因為祢是滿有福氣的
[00:08:24.000 --> 00:08:26.000]  祢不斷給我們祈禱
[00:08:26.000 --> 00:08:28.000]  祢不斷給我們祈禱
[00:08:28.000 --> 00:08:30.000]  祢不斷給我們祈禱
[00:08:30.000 --> 00:08:32.000]  祢不斷給我們祈禱
[00:08:32.000 --> 00:08:34.000]  祢不斷給我們祈禱
[00:08:34.000 --> 00:08:36.000]  祢不斷給我們祈禱
[00:08:36.000 --> 00:08:38.000]  祢不斷給我們祈禱
[00:08:38.000 --> 00:08:40.000]  祢不斷給我們祈禱
[00:08:40.000 --> 00:08:42.000]  祢不斷給我們祈禱
[00:08:42.000 --> 00:08:44.000]  祢不斷給我們祈禱
[00:08:45.000 --> 00:08:46.000]  祢不斷給我們祈禱
[00:08:46.000 --> 00:08:48.000]  祢不斷給我們祈禱
[00:08:48.000 --> 00:08:50.000]  祢不斷給我們祈禱
[00:08:50.000 --> 00:08:52.000]  祢不斷給我們祈禱
[00:08:52.000 --> 00:08:54.000]  祢不斷給我們祈禱
[00:08:54.000 --> 00:08:56.000]  祢不斷給我們祈禱
[00:08:56.000 --> 00:08:58.000]  祢不斷給我們祈禱
[00:08:58.000 --> 00:09:00.000]  祢不斷給我們祈禱
[00:09:00.000 --> 00:09:02.000]  祢不斷給我們祈禱
[00:09:02.000 --> 00:09:04.000]  祢不斷給我們祈禱
[00:09:04.000 --> 00:09:06.000]  祢不斷給我們祈禱
[00:09:06.000 --> 00:09:08.000]  祢不斷給我們祈禱
[00:09:08.000 --> 00:09:10.000]  祢不斷給我們祈禱
[00:09:10.000 --> 00:09:12.000]  祢不斷給我們祈禱
[00:09:12.000 --> 00:09:14.000]  祢不斷給我們祈禱
[00:09:15.000 --> 00:09:16.000]  祢不斷給我們祈禱
[00:09:16.000 --> 00:09:18.000]  祢不斷給我們祈禱
[00:09:18.000 --> 00:09:20.000]  祢不斷給我們祈禱
[00:09:20.000 --> 00:09:22.000]  祢不斷給我們祈禱
[00:09:22.000 --> 00:09:24.000]  祢不斷給我們祈禱
[00:09:24.000 --> 00:09:26.000]  祢不斷給我們祈禱
[00:09:26.000 --> 00:09:28.000]  祢不斷給我們祈禱
[00:09:28.000 --> 00:09:30.000]  祢不斷給我們祈禱
[00:09:30.000 --> 00:09:32.000]  祢不斷給我們祈禱
[00:09:32.000 --> 00:09:34.000]  祢不斷給我們祈禱
[00:09:34.000 --> 00:09:36.000]  祢不斷給我們祈禱
[00:09:36.000 --> 00:09:38.000]  祢不斷給我們祈禱
[00:09:38.000 --> 00:09:40.000]  祢不斷給我們祈禱
[00:09:40.000 --> 00:09:42.000]  祢不斷給我們祈禱
[00:09:42.000 --> 00:09:44.000]  祢不斷給我們祈禱
[00:09:45.000 --> 00:09:46.000]  祢不斷給我們祈禱
[00:09:46.000 --> 00:09:48.000]  祢不斷給我們祈禱
[00:09:48.000 --> 00:09:50.000]  祢不斷給我們祈禱
[00:09:50.000 --> 00:09:52.000]  祢不斷給我們祈禱
[00:09:52.000 --> 00:09:54.000]  祢不斷給我們祈禱
[00:09:54.000 --> 00:09:56.000]  祢不斷給我們祈禱
[00:09:56.000 --> 00:09:58.000]  祢不斷給我們祈禱
[00:09:58.000 --> 00:10:00.000]  祢不斷給我們祈禱
[00:10:00.000 --> 00:10:02.000]  祢不斷給我們祈禱
[00:10:02.000 --> 00:10:04.000]  祢不斷給我們祈禱
[00:10:04.000 --> 00:10:06.000]  祢不斷給我們祈禱
[00:10:06.000 --> 00:10:08.000]  祢不斷給我們祈禱
[00:10:08.000 --> 00:10:10.000]  祢不斷給我們祈禱
[00:10:10.000 --> 00:10:12.000]  祢不斷給我們祈禱
[00:10:12.000 --> 00:10:14.000]  祢不斷給我們祈禱
[00:10:16.000 --> 00:10:18.000]  他所說的九代是他的家族
[00:10:18.000 --> 00:10:23.000]  大家知道戴紹增牧師是戴德生牧師的曾孫
[00:10:23.000 --> 00:10:27.000]  戴德生牧師是中國內地會創辦人
[00:10:27.000 --> 00:10:30.000]  曾經帶領很多很多中國人信耶穌
[00:10:30.000 --> 00:10:34.000]  戴德生的祖父、爸爸
[00:10:34.000 --> 00:10:38.000]  再下去現今很多他們的下一代
[00:10:38.000 --> 00:10:42.000]  他們計算九代人一直蒙受神的恩惠
[00:10:43.000 --> 00:10:46.000]  他們看回少少歷史就發覺
[00:10:46.000 --> 00:10:49.000]  上一代人他們有一些特別的祈禱
[00:10:49.000 --> 00:10:52.000]  不單止成為他們的祝福
[00:10:52.000 --> 00:10:54.000]  竟然一直數的時候
[00:10:54.000 --> 00:10:57.000]  成為他們後代很大的祝福
[00:10:57.000 --> 00:11:00.000]  又或者他們當時的一些決定
[00:11:00.000 --> 00:11:02.000]  不單止影響他們該代
[00:11:02.000 --> 00:11:05.000]  也影響了他們接下來的好幾代人
[00:11:05.000 --> 00:11:07.000]  他們人生的發展
[00:11:07.000 --> 00:11:10.000]  當他們看回這些歷史的時候就察覺
[00:11:11.000 --> 00:11:14.000]  原來某些時候的禱告、決定
[00:11:14.000 --> 00:11:17.000]  或者優先次序的安排
[00:11:17.000 --> 00:11:20.000]  都帶給他們後代的影響
[00:11:20.000 --> 00:11:23.000]  而我看到這本小書的時候
[00:11:23.000 --> 00:11:25.000]  我心裡就感受
[00:11:25.000 --> 00:11:29.000]  但願上帝賜福給我各代的子孫
[00:11:29.000 --> 00:11:31.000]  也願神透過我們
[00:11:31.000 --> 00:11:35.000]  將恩惠傳承給我們的下一代
[00:11:35.000 --> 00:11:38.000]  這正是今天上帝對我們的心意
[00:11:39.000 --> 00:11:41.000]  所以你覺得當聖經說到真理的時候
[00:11:41.000 --> 00:11:43.000]  上上提醒我們
[00:11:43.000 --> 00:11:45.000]  傳揚真理給下一代
[00:11:45.000 --> 00:11:47.000]  所以生命的第六章
[00:11:47.000 --> 00:11:49.000]  我們過去讀過的時候提到
[00:11:49.000 --> 00:11:51.000]  作父母的我們要留心
[00:11:51.000 --> 00:11:53.000]  神所吩咐給你一切的話
[00:11:53.000 --> 00:11:56.000]  你要存在心中
[00:11:56.000 --> 00:11:59.000]  然後留心在你家裡面
[00:11:59.000 --> 00:12:02.000]  或者在你走路的時候
[00:12:02.000 --> 00:12:05.000]  要殷勤地教訓你們的子女
[00:12:06.000 --> 00:12:09.000]  讓他們能夠明白上帝的道
[00:12:09.000 --> 00:12:11.000]  能夠認識上帝
[00:12:11.000 --> 00:12:14.000]  當然我們不是說隨時喋喋不休
[00:12:14.000 --> 00:12:17.000]  在他們耳邊不停說話
[00:12:17.000 --> 00:12:19.000]  而是把握著每一個機會
[00:12:19.000 --> 00:12:22.000]  跟他們講述到屬靈的事
[00:12:22.000 --> 00:12:25.000]  關乎天父怎樣恩待我們
[00:12:25.000 --> 00:12:29.000]  他怎樣在歷史當中的奇妙的作為
[00:12:29.000 --> 00:12:32.000]  聖經勉勵我們上上去如此的
[00:12:32.000 --> 00:12:35.000]  來幫助我們孩子明白神的恩惠
[00:12:36.000 --> 00:12:40.000]  所以今天的聖經七十一篇第十四節
[00:12:40.000 --> 00:12:42.000]  聖經這樣說
[00:12:42.000 --> 00:12:46.000]  至於我,我要常常仰望你
[00:12:46.000 --> 00:12:48.000]  要多多讚美你
[00:12:48.000 --> 00:12:51.000]  如果你看前面的經文就發覺
[00:12:51.000 --> 00:12:53.000]  斯人他面對著很多的困難
[00:12:53.000 --> 00:12:55.000]  受到很多的迫害
[00:12:55.000 --> 00:12:57.000]  甚至有些人取笑他
[00:12:57.000 --> 00:12:59.000]  你說神幫助你
[00:12:59.000 --> 00:13:01.000]  現在搞成這樣
[00:13:01.000 --> 00:13:03.000]  他離棄你了
[00:13:03.000 --> 00:13:05.000]  他不再理會你了
[00:13:06.000 --> 00:13:09.000]  在那時候斯人內心的信心受到衝擊
[00:13:09.000 --> 00:13:12.000]  但是他很清楚這位上帝是可信的
[00:13:12.000 --> 00:13:14.000]  所以第十四節
[00:13:14.000 --> 00:13:16.000]  至於我
[00:13:16.000 --> 00:13:18.000]  這三個字表明了他內心
[00:13:18.000 --> 00:13:20.000]  很清楚地向神說
[00:13:20.000 --> 00:13:25.000]  我會一生決心地繼續信靠你
[00:13:25.000 --> 00:13:27.000]  是要常常的仰望
[00:13:27.000 --> 00:13:30.000]  是在表示他不會改變
[00:13:30.000 --> 00:13:34.000]  他會持續不斷地繼續信靠神
[00:13:35.000 --> 00:13:36.000]  我要多多的讚美你
[00:13:36.000 --> 00:13:38.000]  和學本說
[00:13:38.000 --> 00:13:40.000]  愈發的讚美你
[00:13:40.000 --> 00:13:42.000]  是繼續的
[00:13:42.000 --> 00:13:44.000]  不會放棄對神的感恩和讚美
[00:13:44.000 --> 00:13:46.000]  我們過去常常說
[00:13:46.000 --> 00:13:53.000]  讚美將很多的消極和負面的情緒
[00:13:53.000 --> 00:13:55.000]  消除、趕逐
[00:13:55.000 --> 00:13:57.000]  當人讚美神的時候
[00:13:57.000 --> 00:14:00.000]  表示仍然對神有那種信心
[00:14:00.000 --> 00:14:02.000]  愈發的讚美他
[00:14:02.000 --> 00:14:04.000]  以至去經歷神的恩
[00:14:05.000 --> 00:14:08.000]  我會記得我們曾經讀福音書的時候
[00:14:08.000 --> 00:14:10.000]  看到主耶穌醫治一個
[00:14:10.000 --> 00:14:14.000]  在街頭行乞的一個黑眼的人
[00:14:14.000 --> 00:14:16.000]  當時這個時候
[00:14:16.000 --> 00:14:18.000]  當耶穌經過
[00:14:18.000 --> 00:14:20.000]  這個黑子就聽見聲音
[00:14:20.000 --> 00:14:22.000]  知道耶穌經過
[00:14:22.000 --> 00:14:24.000]  當時他就大聲地呼喊
[00:14:24.000 --> 00:14:26.000]  他說大衛的子孫啊
[00:14:26.000 --> 00:14:28.000]  可憐我爸
[00:14:28.000 --> 00:14:30.000]  其他人聽見之後
[00:14:30.000 --> 00:14:32.000]  就走過去
[00:14:32.000 --> 00:14:34.000]  聖經就說很多人責備他
[00:14:35.000 --> 00:14:36.000]  你不用吵了
[00:14:36.000 --> 00:14:38.000]  耶穌不會理你的
[00:14:38.000 --> 00:14:40.000]  很多人需要耶穌的幫助
[00:14:40.000 --> 00:14:42.000]  你不要出聲
[00:14:42.000 --> 00:14:44.000]  可能是這樣說
[00:14:44.000 --> 00:14:46.000]  但這個黑子怎樣回應呢
[00:14:46.000 --> 00:14:51.000]  聖經就說他愈發大聲呼喊
[00:14:51.000 --> 00:14:54.000]  繼續大聲向神尋求
[00:14:54.000 --> 00:14:57.000]  相信耶穌不會不理他的
[00:14:57.000 --> 00:14:59.000]  在那個時候
[00:14:59.000 --> 00:15:01.000]  耶穌就站著請人帶他過來
[00:15:01.000 --> 00:15:03.000]  然後就問他
[00:15:04.000 --> 00:15:05.000]  你在作甚麼
[00:15:05.000 --> 00:15:07.000]  黑子怎樣說呢
[00:15:07.000 --> 00:15:09.000]  我要能看見
[00:15:09.000 --> 00:15:11.000]  很清楚地將他的需要
[00:15:11.000 --> 00:15:13.000]  向主說出來
[00:15:13.000 --> 00:15:15.000]  然後耶穌就醫治他
[00:15:15.000 --> 00:15:17.000]  各位電影姐妹
[00:15:17.000 --> 00:15:19.000]  在人生的路上
[00:15:19.000 --> 00:15:21.000]  有時候主耶穌未必按照你的時間
[00:15:21.000 --> 00:15:23.000]  你要求的方式
[00:15:23.000 --> 00:15:25.000]  來答應你的禱告
[00:15:25.000 --> 00:15:27.000]  但這位慈愛的上帝
[00:15:27.000 --> 00:15:29.000]  祂知道你的情況
[00:15:29.000 --> 00:15:32.000]  祂是慈愛和私恩的上帝
[00:15:33.000 --> 00:15:34.000]  當你繼續向祂尋求
[00:15:34.000 --> 00:15:36.000]  正如聖經所說
[00:15:36.000 --> 00:15:38.000]  上上的仰望
[00:15:38.000 --> 00:15:40.000]  多多的讚美
[00:15:40.000 --> 00:15:42.000]  你要經歷神的信實
[00:15:42.000 --> 00:15:44.000]  而很多很多的弟兄姊妹
[00:15:44.000 --> 00:15:46.000]  都是這樣經歷
[00:15:46.000 --> 00:15:48.000]  所以這個時候
[00:15:48.000 --> 00:15:50.000]  你發覺因為私恩
[00:15:50.000 --> 00:15:52.000]  祂就繼續說
[00:15:52.000 --> 00:15:55.000]  我要不斷講述你的救恩第十五節
[00:15:55.000 --> 00:15:57.000]  雖然我不知道他們的數量
[00:15:57.000 --> 00:15:59.000]  很多很多神的作為
[00:15:59.000 --> 00:16:01.000]  數算不盡
[00:16:02.000 --> 00:16:03.000]  我要述說第十六節
[00:16:03.000 --> 00:16:06.000]  我要來述說主耶和華大能的事
[00:16:06.000 --> 00:16:09.000]  我要提說你獨有的公義
[00:16:09.000 --> 00:16:11.000]  然後十七節說
[00:16:11.000 --> 00:16:14.000]  神啊 我自幼以來
[00:16:14.000 --> 00:16:16.000]  你就教導我
[00:16:16.000 --> 00:16:18.000]  直到現在
[00:16:18.000 --> 00:16:20.000]  我還是宣揚你奇妙的作為
[00:16:20.000 --> 00:16:22.000]  為什麼這位的私人
[00:16:22.000 --> 00:16:24.000]  他可以有這樣的信心
[00:16:24.000 --> 00:16:27.000]  因為他想在自己年幼的時候
[00:16:27.000 --> 00:16:29.000]  年輕的時候
[00:16:30.000 --> 00:16:32.000]  怎樣經歷主的恩
[00:16:32.000 --> 00:16:34.000]  過去的經歷
[00:16:34.000 --> 00:16:37.000]  讓他相信主是可信的
[00:16:37.000 --> 00:16:40.000]  他沒有忘記主自己的恩惠
[00:16:40.000 --> 00:16:42.000]  我想問大家
[00:16:42.000 --> 00:16:45.000]  我們當中都信了主很多年
[00:16:45.000 --> 00:16:47.000]  或者我問一問
[00:16:47.000 --> 00:16:50.000]  有誰信主三年或以上的
[00:16:50.000 --> 00:16:52.000]  你舉手讓我知道
[00:16:52.000 --> 00:16:55.000]  三年以上的是大多數
[00:16:55.000 --> 00:16:57.000]  感謝神
[00:16:57.000 --> 00:16:59.000]  就算一年兩年
[00:17:00.000 --> 00:17:01.000]  你會開始經歷到
[00:17:01.000 --> 00:17:04.000]  上帝在你的生命當中的工作
[00:17:04.000 --> 00:17:06.000]  除非你不祈禱
[00:17:06.000 --> 00:17:08.000]  當你祈禱的時候
[00:17:08.000 --> 00:17:11.000]  你會經歷到神自己的奇妙的作為
[00:17:11.000 --> 00:17:13.000]  但很快就會忘記了
[00:17:13.000 --> 00:17:15.000]  心理上很多事情出現
[00:17:15.000 --> 00:17:18.000]  很快就會忘記過去神的工作
[00:17:18.000 --> 00:17:23.000]  今天是五月十二日
[00:17:23.000 --> 00:17:25.000]  大家知道是母親節
[00:17:25.000 --> 00:17:27.000]  還有呢
[00:17:28.000 --> 00:17:30.000]  今天也是一個特別的日子
[00:17:30.000 --> 00:17:32.000]  是四川的汶川大地震
[00:17:32.000 --> 00:17:34.000]  五週年的紀念
[00:17:34.000 --> 00:17:36.000]  五一二
[00:17:36.000 --> 00:17:38.000]  但對我自己來說
[00:17:38.000 --> 00:17:40.000]  我更加深刻的是
[00:17:40.000 --> 00:17:42.000]  五月十二日
[00:17:42.000 --> 00:17:44.000]  在四年之前
[00:17:44.000 --> 00:17:46.000]  我是進入了馬黎醫院
[00:17:46.000 --> 00:17:49.000]  做一個心臟開心手術
[00:17:49.000 --> 00:17:52.000]  這個手術是很大的手術
[00:17:52.000 --> 00:17:54.000]  有風險
[00:17:54.000 --> 00:17:56.000]  在過程中很艱難
[00:17:57.000 --> 00:17:58.000]  手術之後推出手術室
[00:17:58.000 --> 00:18:01.000]  我就知道自己整個人很虛弱
[00:18:01.000 --> 00:18:04.000]  我全身插滿了喉管
[00:18:04.000 --> 00:18:08.000]  在我的腹腔插了三條血喉
[00:18:08.000 --> 00:18:12.000]  讓身體的血繼續流出來
[00:18:12.000 --> 00:18:14.000]  一些手術當中流出的血
[00:18:14.000 --> 00:18:19.000]  我在深切治療室有六天的時間
[00:18:19.000 --> 00:18:23.000]  每次想起那些經歷的時候都很深刻
[00:18:23.000 --> 00:18:25.000]  雖然是困難
[00:18:26.000 --> 00:18:27.000]  但那些日子是我人生
[00:18:27.000 --> 00:18:30.000]  經歷神恩典最多的日子
[00:18:30.000 --> 00:18:34.000]  看到神在大事小說上看顧我
[00:18:34.000 --> 00:18:36.000]  我記得幾個月後
[00:18:36.000 --> 00:18:38.000]  當我康復
[00:18:38.000 --> 00:18:40.000]  第一次上台講道
[00:18:40.000 --> 00:18:42.000]  我一開聲
[00:18:42.000 --> 00:18:45.000]  我自己的心就充滿著感恩
[00:18:45.000 --> 00:18:47.000]  我深深知道
[00:18:47.000 --> 00:18:49.000]  能夠說一句話
[00:18:49.000 --> 00:18:51.000]  都是神的恩惠
[00:18:51.000 --> 00:18:54.000]  每當你想起神的作為的時候
[00:18:55.000 --> 00:18:57.000]  你心裡很自然有一種感動
[00:18:57.000 --> 00:19:00.000]  你知道神是信實的
[00:19:00.000 --> 00:19:02.000]  而你很想告訴別人
[00:19:02.000 --> 00:19:04.000]  去信靠這位上帝
[00:19:04.000 --> 00:19:06.000]  去跟隨祂
[00:19:06.000 --> 00:19:08.000]  去敬畏祂
[00:19:08.000 --> 00:19:11.000]  因為祂的確是滿有恩典的主
[00:19:11.000 --> 00:19:14.000]  但請提醒我們不要忘記
[00:19:14.000 --> 00:19:17.000]  所以第十八節再看
[00:19:17.000 --> 00:19:22.000]  神啊就算我年老發白的時候
[00:19:22.000 --> 00:19:24.000]  求你不要離棄我
[00:19:25.000 --> 00:19:26.000]  為了自己
[00:19:26.000 --> 00:19:28.000]  不是為了我健康快樂
[00:19:28.000 --> 00:19:30.000]  而是有一個目的
[00:19:30.000 --> 00:19:32.000]  讓我把你的能力
[00:19:32.000 --> 00:19:34.000]  向下一代傳揚
[00:19:34.000 --> 00:19:36.000]  把你的大能
[00:19:36.000 --> 00:19:38.000]  向後世所有的人傳揚
[00:19:38.000 --> 00:19:40.000]  詩人說等我
[00:19:40.000 --> 00:19:42.000]  這兩個字是包含了
[00:19:42.000 --> 00:19:44.000]  一種內心的渴望
[00:19:44.000 --> 00:19:46.000]  有些英文成語翻譯
[00:19:46.000 --> 00:19:48.000]  I desire
[00:19:48.000 --> 00:19:50.000]  我很想能夠將你的作為
[00:19:50.000 --> 00:19:52.000]  講給下一代知道
[00:19:53.000 --> 00:19:55.000]  外面一種的立志
[00:19:55.000 --> 00:19:57.000]  一種的渴望
[00:19:57.000 --> 00:19:59.000]  讓他們都能夠信靠你
[00:19:59.000 --> 00:20:01.000]  敬畏你
[00:20:01.000 --> 00:20:03.000]  我幾年前曾經和大家
[00:20:03.000 --> 00:20:05.000]  分享一個故事
[00:20:05.000 --> 00:20:07.000]  不知道有沒有看過
[00:20:07.000 --> 00:20:09.000]  這個故事是說
[00:20:09.000 --> 00:20:11.000]  有一次我在中國內地
[00:20:11.000 --> 00:20:13.000]  遇到一位牧師
[00:20:13.000 --> 00:20:15.000]  他跟我說他們家族很多代
[00:20:15.000 --> 00:20:17.000]  全部都是信耶穌的
[00:20:17.000 --> 00:20:19.000]  而且他們當中
[00:20:19.000 --> 00:20:21.000]  都出了很多傳道人
[00:20:22.000 --> 00:20:23.000]  感謝神神給你們家族
[00:20:23.000 --> 00:20:25.000]  很多恩典
[00:20:25.000 --> 00:20:27.000]  他說最主要是我們的曾祖母
[00:20:27.000 --> 00:20:29.000]  我就問為甚麼
[00:20:29.000 --> 00:20:31.000]  他說是很多年前
[00:20:31.000 --> 00:20:33.000]  在他們的鄉村裏
[00:20:33.000 --> 00:20:35.000]  他的曾祖母
[00:20:35.000 --> 00:20:37.000]  是村裏僅有的
[00:20:37.000 --> 00:20:39.000]  信耶穌的一個
[00:20:39.000 --> 00:20:41.000]  由孫教士來到
[00:20:41.000 --> 00:20:43.000]  所以這位曾祖母就信了耶穌
[00:20:43.000 --> 00:20:45.000]  後來年紀大
[00:20:45.000 --> 00:20:47.000]  後來就過身
[00:20:47.000 --> 00:20:49.000]  當時有個習慣
[00:20:49.000 --> 00:20:51.000]  就是有些家庭
[00:20:52.000 --> 00:20:54.000]  把遺體放在家裏的廳中央
[00:20:54.000 --> 00:20:56.000]  放在那裏
[00:20:56.000 --> 00:20:58.000]  讓親人回來
[00:20:58.000 --> 00:21:00.000]  就沾養為用
[00:21:00.000 --> 00:21:02.000]  在這個老婆婆
[00:21:02.000 --> 00:21:04.000]  過身之後
[00:21:04.000 --> 00:21:07.000]  在廳裏放了遺體
[00:21:07.000 --> 00:21:09.000]  家人全部回來
[00:21:09.000 --> 00:21:11.000]  突然間發生一些
[00:21:11.000 --> 00:21:13.000]  很驚嚇的事情
[00:21:13.000 --> 00:21:16.000]  是甚麼驚嚇的事情呢
[00:21:16.000 --> 00:21:18.000]  突然間
[00:21:18.000 --> 00:21:20.000]  當他們圍著
[00:21:21.000 --> 00:21:22.000]  他坐了起來
[00:21:22.000 --> 00:21:26.000]  他坐了起來之後
[00:21:26.000 --> 00:21:28.000]  他竟然大聲地說
[00:21:28.000 --> 00:21:32.000]  我們凡家以後的子子孫孫
[00:21:32.000 --> 00:21:34.000]  都要信耶穌
[00:21:34.000 --> 00:21:37.000]  帶著很大的權威
[00:21:37.000 --> 00:21:40.000]  很清楚地說出來
[00:21:40.000 --> 00:21:43.000]  當然大家都嚇得半死
[00:21:43.000 --> 00:21:45.000]  不知道發生甚麼事
[00:21:45.000 --> 00:21:50.000]  但跟著這位婆婆就開始說
[00:21:51.000 --> 00:21:53.000]  當我離開之後
[00:21:53.000 --> 00:21:55.000]  我去到一個地方
[00:21:55.000 --> 00:21:58.000]  去到那個地方光明潔白
[00:21:58.000 --> 00:22:00.000]  我見到在我面前
[00:22:00.000 --> 00:22:03.000]  有位穿著白衣裳的使者
[00:22:03.000 --> 00:22:05.000]  一見到他的時候
[00:22:05.000 --> 00:22:07.000]  心裏就感受到那種溫暖
[00:22:07.000 --> 00:22:10.000]  那種愛包圍著自己
[00:22:10.000 --> 00:22:12.000]  然後立即他就知道
[00:22:12.000 --> 00:22:14.000]  這位是主耶穌
[00:22:14.000 --> 00:22:18.000]  還有在這位主耶穌的背後
[00:22:18.000 --> 00:22:20.000]  有一大群人
[00:22:21.000 --> 00:22:23.000]  都穿著潔白的衣裳
[00:22:23.000 --> 00:22:25.000]  然後他突然間說
[00:22:25.000 --> 00:22:27.000]  我認識兩個
[00:22:27.000 --> 00:22:29.000]  我是親人
[00:22:29.000 --> 00:22:31.000]  但其他人不在
[00:22:31.000 --> 00:22:33.000]  原來只是這兩位
[00:22:33.000 --> 00:22:35.000]  信了主的親人
[00:22:35.000 --> 00:22:37.000]  在這一群人當中
[00:22:37.000 --> 00:22:39.000]  在那個時候
[00:22:39.000 --> 00:22:41.000]  他就聽見主耶穌跟他說
[00:22:41.000 --> 00:22:43.000]  你未是時候回來
[00:22:43.000 --> 00:22:45.000]  你先回去
[00:22:45.000 --> 00:22:48.000]  三天之後再回來
[00:22:50.000 --> 00:22:51.000]  在那個時候
[00:22:51.000 --> 00:22:54.000]  他就在床上坐了起來
[00:22:54.000 --> 00:22:57.000]  所以他內心裏面很感動
[00:22:57.000 --> 00:22:59.000]  亦都很清楚知道
[00:22:59.000 --> 00:23:01.000]  要去呼籲他們的家族
[00:23:01.000 --> 00:23:03.000]  以後的大大小小
[00:23:03.000 --> 00:23:05.000]  一定要信靠耶穌
[00:23:05.000 --> 00:23:09.000]  當我聽到這個故事之後
[00:23:09.000 --> 00:23:11.000]  我心裏面都很感動
[00:23:11.000 --> 00:23:13.000]  而我知道是上帝
[00:23:13.000 --> 00:23:15.000]  特別容許這個方式
[00:23:15.000 --> 00:23:17.000]  讓這個家族有機會
[00:23:17.000 --> 00:23:19.000]  聽聞耶穌基督的事情
[00:23:20.000 --> 00:23:24.000]  用他們的祖輩的人
[00:23:24.000 --> 00:23:26.000]  來指示下一代
[00:23:26.000 --> 00:23:29.000]  要來信靠耶穌
[00:23:29.000 --> 00:23:31.000]  各位弟兄姊妹
[00:23:31.000 --> 00:23:33.000]  如果你有你的子女
[00:23:33.000 --> 00:23:36.000]  神將子女賜給你
[00:23:36.000 --> 00:23:38.000]  這方膽
[00:23:38.000 --> 00:23:42.000]  同樣神會將恩典和權柄賜給你
[00:23:42.000 --> 00:23:45.000]  可以幫助他們能夠認識耶穌
[00:23:45.000 --> 00:23:47.000]  又或者你沒有自己的子女
[00:23:47.000 --> 00:23:49.000]  或者你是單身的
[00:23:50.000 --> 00:23:51.000]  正如詩人所說
[00:23:51.000 --> 00:23:53.000]  但願你有一種心裏面的渴慕
[00:23:53.000 --> 00:23:56.000]  將神的作為指示給下一代知道
[00:23:56.000 --> 00:23:58.000]  你所接觸的青少年
[00:23:58.000 --> 00:24:00.000]  你所接觸的兒童
[00:24:00.000 --> 00:24:04.000]  讓下一代都能夠認識這位上帝
[00:24:04.000 --> 00:24:07.000]  詩人在當中清楚地表明
[00:24:07.000 --> 00:24:09.000]  他說上帝呀
[00:24:09.000 --> 00:24:11.000]  我很願意將你的能力
[00:24:11.000 --> 00:24:14.000]  向下一代傳揚出去
[00:24:14.000 --> 00:24:16.000]  今日這個世界
[00:24:16.000 --> 00:24:18.000]  特別西方的社會你知道
[00:24:19.000 --> 00:24:20.000]  很多的基督教國家
[00:24:20.000 --> 00:24:24.000]  下一代已經不再信靠耶穌
[00:24:24.000 --> 00:24:27.000]  而今天在我們亞洲香港這個地方
[00:24:27.000 --> 00:24:29.000]  但願神憐憫我們
[00:24:29.000 --> 00:24:31.000]  都能夠可以如此地
[00:24:31.000 --> 00:24:35.000]  將神的作為向下一代講述出來
[00:24:35.000 --> 00:24:38.000]  或者我們再看看78篇
[00:24:38.000 --> 00:24:42.000]  曾經78篇後面的一段經文
[00:24:48.000 --> 00:24:49.000]  在78篇的第四節
[00:24:49.000 --> 00:24:51.000]  聖經就說
[00:24:51.000 --> 00:24:53.000]  我們不把這些事
[00:24:53.000 --> 00:24:55.000]  向他們的子孫隱瞞
[00:24:55.000 --> 00:24:58.000]  卻要把耶和華應得的讚美
[00:24:58.000 --> 00:25:01.000]  他的能力和他所行的騎士
[00:25:01.000 --> 00:25:04.000]  都向後代的人述說
[00:25:04.000 --> 00:25:06.000]  詩人表示
[00:25:06.000 --> 00:25:08.000]  我們不會向我們的子孫
[00:25:08.000 --> 00:25:10.000]  隱瞞神的作為
[00:25:10.000 --> 00:25:12.000]  各位弟兄姊妹不要隱瞞
[00:25:12.000 --> 00:25:14.000]  讓他們都能夠知道
[00:25:14.000 --> 00:25:16.000]  神在你身上的工作
[00:25:17.000 --> 00:25:18.000]  各樣的恩惠
[00:25:18.000 --> 00:25:20.000]  大小的作為
[00:25:20.000 --> 00:25:22.000]  我記得有一次看到一本書
[00:25:22.000 --> 00:25:24.000]  講了一位弟兄
[00:25:24.000 --> 00:25:26.000]  他很坦誠地講出一個經歷
[00:25:26.000 --> 00:25:28.000]  他說有一次他做夢
[00:25:28.000 --> 00:25:30.000]  夢見自己去到天堂
[00:25:30.000 --> 00:25:32.000]  就在天堂
[00:25:32.000 --> 00:25:34.000]  在天堂的時候
[00:25:34.000 --> 00:25:36.000]  很開心很快樂的時候
[00:25:36.000 --> 00:25:38.000]  突然間發覺在天堂的門口外面
[00:25:38.000 --> 00:25:40.000]  女兒站在外面
[00:25:40.000 --> 00:25:42.000]  在那個時候他很驚訝
[00:25:42.000 --> 00:25:44.000]  看著女兒
[00:25:44.000 --> 00:25:46.000]  女兒看著他
[00:25:47.000 --> 00:25:49.000]  你從小教我很多事
[00:25:49.000 --> 00:25:51.000]  我不懂綁鞋帶
[00:25:51.000 --> 00:25:53.000]  你又教我綁鞋帶
[00:25:53.000 --> 00:25:55.000]  我不懂踩單車
[00:25:55.000 --> 00:25:57.000]  你又教我踩單車
[00:25:57.000 --> 00:25:59.000]  因為這個弟兄是足球教練
[00:25:59.000 --> 00:26:01.000]  這個女兒就說
[00:26:01.000 --> 00:26:03.000]  我小時候不懂踢足球
[00:26:03.000 --> 00:26:05.000]  你教我踢足球
[00:26:05.000 --> 00:26:07.000]  為什麼你不教我關於主耶穌的事
[00:26:07.000 --> 00:26:10.000]  在那個時候
[00:26:10.000 --> 00:26:13.000]  這位弟兄就在夢中驚醒過來
[00:26:13.000 --> 00:26:15.000]  一驚醒的時候
[00:26:16.000 --> 00:26:17.000]  他心裡很難過
[00:26:17.000 --> 00:26:19.000]  他知道他自己的信仰
[00:26:19.000 --> 00:26:21.000]  只是一個表面的信仰
[00:26:21.000 --> 00:26:24.000]  他有教孩子一些生活上的事情
[00:26:24.000 --> 00:26:27.000]  但沒有把最重要的生命道理
[00:26:27.000 --> 00:26:29.000]  幫助他們明白
[00:26:29.000 --> 00:26:31.000]  在那個時候開始
[00:26:31.000 --> 00:26:34.000]  他經歷了一個很大的生命的改變
[00:26:34.000 --> 00:26:37.000]  他立心要帶領他的孩子
[00:26:37.000 --> 00:26:39.000]  能夠認識上帝
[00:26:39.000 --> 00:26:43.000]  然後你看聖經第五節
[00:26:44.000 --> 00:26:46.000]  聖經說
[00:26:46.000 --> 00:26:48.000]  神在雅各切納法道
[00:26:48.000 --> 00:26:50.000]  在以色列宗定定律法
[00:26:50.000 --> 00:26:52.000]  就是吩咐我們的列祖
[00:26:52.000 --> 00:26:54.000]  去教訓他們的子孫
[00:26:54.000 --> 00:26:56.000]  好似後代的人
[00:26:56.000 --> 00:26:58.000]  包括他們的子孫
[00:26:58.000 --> 00:27:00.000]  將要出生的兒女
[00:27:00.000 --> 00:27:02.000]  都可以知道
[00:27:02.000 --> 00:27:04.000]  他們都可以起來告訴他們的子孫
[00:27:04.000 --> 00:27:07.000]  是一代一代的將神的說話
[00:27:07.000 --> 00:27:09.000]  繼續延伸出去
[00:27:09.000 --> 00:27:11.000]  讓他們得著神的恩惠
[00:27:12.000 --> 00:27:14.000]  或者我在這裡停一停
[00:27:14.000 --> 00:27:16.000]  或者大家都會體會
[00:27:16.000 --> 00:27:18.000]  在家庭裏面
[00:27:18.000 --> 00:27:20.000]  如果要能夠和家人有溝通
[00:27:20.000 --> 00:27:22.000]  必須有一個和好的關係
[00:27:22.000 --> 00:27:25.000]  如果之間的關係很緊張
[00:27:25.000 --> 00:27:27.000]  很難和子女講述
[00:27:27.000 --> 00:27:29.000]  你自己的經歷
[00:27:29.000 --> 00:27:31.000]  我很記得
[00:27:31.000 --> 00:27:33.000]  當我兩個孩子小時候
[00:27:33.000 --> 00:27:35.000]  我和他們聊天
[00:27:35.000 --> 00:27:37.000]  有時候告訴他們
[00:27:37.000 --> 00:27:39.000]  有關聖經的事情
[00:27:39.000 --> 00:27:41.000]  他們似乎不是很大興趣
[00:27:42.000 --> 00:27:43.000]  我發覺他們很有興趣
[00:27:43.000 --> 00:27:45.000]  他們在玩的玩具
[00:27:45.000 --> 00:27:47.000]  當時我的兒子
[00:27:47.000 --> 00:27:50.000]  很喜歡玩模型的小車
[00:27:50.000 --> 00:27:52.000]  幾個小車夾在一起
[00:27:52.000 --> 00:27:54.000]  變成一個機械人
[00:27:54.000 --> 00:27:58.000]  然後小車可以放在路軌上
[00:27:58.000 --> 00:28:00.000]  然後他不斷告訴我
[00:28:00.000 --> 00:28:02.000]  多少個度數
[00:28:02.000 --> 00:28:04.000]  走得多快
[00:28:04.000 --> 00:28:06.000]  哪幾種的摩打
[00:28:06.000 --> 00:28:08.000]  如數加增數給我知道
[00:28:08.000 --> 00:28:11.000]  我發覺很有學問
[00:28:12.000 --> 00:28:15.000]  然後我開始進入他的思想
[00:28:15.000 --> 00:28:18.000]  我就帶他去買模型小車
[00:28:18.000 --> 00:28:20.000]  他很高興
[00:28:20.000 --> 00:28:22.000]  回來和我說更多
[00:28:22.000 --> 00:28:24.000]  當他和我聊天的時候
[00:28:24.000 --> 00:28:26.000]  我就開始有機會講我的事
[00:28:26.000 --> 00:28:28.000]  當他和我聊天
[00:28:28.000 --> 00:28:30.000]  我可以講我的事
[00:28:30.000 --> 00:28:32.000]  也可以講我的經歷
[00:28:32.000 --> 00:28:34.000]  又可以間中將適當的
[00:28:34.000 --> 00:28:37.000]  聖經的道理和他講述出來
[00:28:37.000 --> 00:28:40.000]  和你的孩子保持溝通的關係
[00:28:41.000 --> 00:28:42.000]  這是最重要的
[00:28:42.000 --> 00:28:44.000]  在家庭裏面
[00:28:44.000 --> 00:28:46.000]  求神幫助你和幫助我
[00:28:46.000 --> 00:28:49.000]  家人之間可以常常保持快樂
[00:28:49.000 --> 00:28:51.000]  和親密的關係
[00:28:51.000 --> 00:28:53.000]  有些父母家長
[00:28:53.000 --> 00:28:55.000]  很重視他們子女的功課
[00:28:55.000 --> 00:28:57.000]  和一些表現
[00:28:57.000 --> 00:28:59.000]  這是有價值的
[00:28:59.000 --> 00:29:02.000]  但是不要讓這種關注
[00:29:02.000 --> 00:29:07.000]  令你失去了那種快樂家庭的相處
[00:29:07.000 --> 00:29:09.000]  我很深刻
[00:29:10.000 --> 00:29:11.000]  我們很重視的
[00:29:11.000 --> 00:29:13.000]  是家庭遊戲
[00:29:13.000 --> 00:29:15.000]  和他們一起玩一些遊戲
[00:29:15.000 --> 00:29:17.000]  玩完之後他們就自動自覺
[00:29:17.000 --> 00:29:19.000]  做功課
[00:29:19.000 --> 00:29:21.000]  未必是我們催迫他們
[00:29:21.000 --> 00:29:23.000]  但是他們覺得滿足
[00:29:23.000 --> 00:29:25.000]  覺得有一種快樂
[00:29:25.000 --> 00:29:27.000]  他們就有一種動力
[00:29:27.000 --> 00:29:29.000]  來讀書
[00:29:29.000 --> 00:29:31.000]  而他們情緒比較穩定的時候
[00:29:31.000 --> 00:29:33.000]  也學習能力提升
[00:29:33.000 --> 00:29:36.000]  留心在家庭裏面
[00:29:37.000 --> 00:29:40.000]  不讓這些障礙難阻我們去講述
[00:29:40.000 --> 00:29:42.000]  我們的經歷
[00:29:42.000 --> 00:29:44.000]  和神的道給他們認識
[00:29:44.000 --> 00:29:46.000]  因此這些一切的努力
[00:29:46.000 --> 00:29:48.000]  最終有一個目的
[00:29:48.000 --> 00:29:50.000]  大家最後看第七節
[00:29:50.000 --> 00:29:52.000]  第八節
[00:29:52.000 --> 00:29:55.000]  使他們信靠神
[00:29:55.000 --> 00:29:58.000]  不忘記神的作為
[00:29:58.000 --> 00:30:01.000]  謹守他的誡命
[00:30:01.000 --> 00:30:03.000]  第八節提到
[00:30:03.000 --> 00:30:05.000]  不要像一些列祖
[00:30:06.000 --> 00:30:07.000]  他們搏逆上帝
[00:30:07.000 --> 00:30:09.000]  對神的心不忠
[00:30:09.000 --> 00:30:12.000]  他們失去對神的心
[00:30:12.000 --> 00:30:14.000]  頂姐妹
[00:30:14.000 --> 00:30:16.000]  我們看完這段經文
[00:30:16.000 --> 00:30:18.000]  你知道 我知道
[00:30:18.000 --> 00:30:21.000]  這個世界有很多的洪流
[00:30:21.000 --> 00:30:24.000]  是侵蝕著我們的下一代
[00:30:24.000 --> 00:30:27.000]  我們靠著神的幫助
[00:30:27.000 --> 00:30:30.000]  我們幫助他們信靠神
[00:30:30.000 --> 00:30:32.000]  不要忘記神的作為
[00:30:33.000 --> 00:30:36.000]  暢順去傳述 去講述神的作為
[00:30:36.000 --> 00:30:38.000]  神的誡命
[00:30:38.000 --> 00:30:40.000]  讓他們在神的道當中
[00:30:40.000 --> 00:30:42.000]  他們一生無印
[00:30:42.000 --> 00:30:44.000]  我們家庭都可以無印
[00:30:44.000 --> 00:30:48.000]  求神將一個心智賜給我們
[00:30:48.000 --> 00:30:52.000]  立意教導他們認識上帝
[00:30:52.000 --> 00:30:54.000]  我們一起祈禱
[00:30:54.000 --> 00:31:02.000]  請大家為你自己的家庭祈禱
[00:31:03.000 --> 00:31:04.000]  祈禱
[00:31:33.000 --> 00:31:35.000]  我們堅定的仰望你 信靠你
[00:31:35.000 --> 00:31:37.000]  也都靠著你有力量
[00:31:37.000 --> 00:31:39.000]  去愛護我們的家人
[00:31:39.000 --> 00:31:41.000]  幫助下一代
[00:31:41.000 --> 00:31:43.000]  讓他們都能夠知道
[00:31:43.000 --> 00:31:46.000]  你是那位可信可靠的上帝
[00:31:46.000 --> 00:31:50.000]  樂意向人施恩惠的上帝
[00:31:50.000 --> 00:31:53.000]  奉耶穌名祈禱 阿們
