
[00:00:00.000 --> 00:00:02.000]  我們同心祈禱
[00:00:02.000 --> 00:00:06.960]  創造天地的主
[00:00:06.960 --> 00:00:08.960]  我們再次到祢面前來
[00:00:08.960 --> 00:00:10.960]  同心的敬拜祢
[00:00:10.960 --> 00:00:12.960]  尊崇祢
[00:00:12.960 --> 00:00:14.960]  主祢是極其偉大
[00:00:14.960 --> 00:00:16.960]  滿有恩惠的上帝
[00:00:16.960 --> 00:00:18.960]  主祢配得上
[00:00:18.960 --> 00:00:20.960]  一切的尊榮 一切的讚美
[00:00:20.960 --> 00:00:22.960]  主我們
[00:00:22.960 --> 00:00:24.960]  今天早上能夠有精神
[00:00:24.960 --> 00:00:26.960]  有健康 能夠到祢的殿中
[00:00:26.960 --> 00:00:28.960]  敬拜 是祢的恩惠
[00:00:28.960 --> 00:00:30.960]  主我們知道
[00:00:30.960 --> 00:00:32.960]  祢自己的能力
[00:00:32.960 --> 00:00:34.960]  是超越高天
[00:00:34.960 --> 00:00:36.960]  主啊 讓我們看到
[00:00:36.960 --> 00:00:38.960]  祢自己的榮耀
[00:00:38.960 --> 00:00:40.960]  看到祢的作為
[00:00:40.960 --> 00:00:42.960]  思想祢在歷史當中的奇事
[00:00:42.960 --> 00:00:44.960]  我們的心就知道
[00:00:44.960 --> 00:00:46.960]  常常去信靠祢
[00:00:46.960 --> 00:00:48.960]  主我們真的知道
[00:00:48.960 --> 00:00:50.960]  雖然我們軟弱
[00:00:50.960 --> 00:00:52.960]  但是祢樂意將信心賜下
[00:00:52.960 --> 00:00:54.960]  主啊
[00:00:54.960 --> 00:00:56.960]  是祢賜下信心
[00:00:56.960 --> 00:00:58.960]  因此我們能夠繼續
[00:00:58.960 --> 00:01:00.960]  堅定的跟隨祢
[00:01:00.960 --> 00:01:02.960]  親愛的主 今天早上
[00:01:02.960 --> 00:01:04.960]  我們個人向祢獻上禱告
[00:01:04.960 --> 00:01:06.960]  求祢閲立
[00:01:06.960 --> 00:01:08.960]  按照祢豐盛的恩惠
[00:01:08.960 --> 00:01:10.960]  賜下祢自己的信心
[00:01:10.960 --> 00:01:12.960]  在我們眾人的心中
[00:01:12.960 --> 00:01:14.960]  也讓我們讀祢自己聖經的時候
[00:01:14.960 --> 00:01:16.960]  祢的聖靈指教
[00:01:16.960 --> 00:01:18.960]  讓我們從祢的真道裡面
[00:01:18.960 --> 00:01:20.960]  領受恩惠
[00:01:20.960 --> 00:01:22.960]  也有祢所賜的信心
[00:01:22.960 --> 00:01:24.960]  與所聽的道能夠調和
[00:01:24.960 --> 00:01:26.960]  帶領我們
[00:01:26.960 --> 00:01:28.960]  我們仰望祈禱
[00:01:28.960 --> 00:01:30.960]  奉耶穌基督的聖名求
[00:01:30.960 --> 00:01:32.960]  大家再翻看聖經
[00:01:32.960 --> 00:01:34.960]  剛才的雅各書
[00:01:34.960 --> 00:01:36.960]  我們再思想有關於信心的訊息
[00:01:36.960 --> 00:01:44.960]  在我們看經文之前
[00:01:44.960 --> 00:01:46.960]  我想分享一個故事
[00:01:46.960 --> 00:01:48.960]  有一次有位朋友
[00:01:48.960 --> 00:01:50.960]  講述一個故事
[00:01:50.960 --> 00:01:52.960]  這個故事
[00:01:52.960 --> 00:01:54.960]  給我們很多關於信心的提醒
[00:01:54.960 --> 00:01:56.960]  這個故事講到
[00:01:56.960 --> 00:01:58.960]  有一個藝人
[00:01:58.960 --> 00:02:00.960]  他在高空
[00:02:00.960 --> 00:02:02.960]  做很多特技的工作
[00:02:02.960 --> 00:02:04.960]  他有一次安排了
[00:02:04.960 --> 00:02:06.960]  在一個深淵
[00:02:06.960 --> 00:02:08.960]  的兩旁
[00:02:08.960 --> 00:02:10.960]  在懸崖的兩邊
[00:02:10.960 --> 00:02:12.960]  搭了一些鋼線
[00:02:12.960 --> 00:02:14.960]  他就跟很多人說
[00:02:14.960 --> 00:02:16.960]  他能夠可以單獨
[00:02:16.960 --> 00:02:18.960]  走過這條鋼線
[00:02:18.960 --> 00:02:20.960]  因此很多人來到圍觀
[00:02:20.960 --> 00:02:22.960]  當日他來到
[00:02:22.960 --> 00:02:24.960]  這個地方的時候
[00:02:24.960 --> 00:02:26.960]  他不單止自己走上去
[00:02:26.960 --> 00:02:28.960]  而且還背了一個
[00:02:28.960 --> 00:02:30.960]  很重的一個包袱
[00:02:30.960 --> 00:02:32.960]  在他身上
[00:02:32.960 --> 00:02:34.960]  然後他就拿著一條
[00:02:34.960 --> 00:02:36.960]  平行鋼在一邊的懸崖
[00:02:36.960 --> 00:02:38.960]  走去另一邊的懸崖
[00:02:38.960 --> 00:02:40.960]  在整個過程裡面
[00:02:40.960 --> 00:02:42.960]  大家都很緊張
[00:02:42.960 --> 00:02:44.960]  因此平息意待
[00:02:44.960 --> 00:02:46.960]  一路看著他走
[00:02:46.960 --> 00:02:48.960]  經過了一段長時間
[00:02:48.960 --> 00:02:50.960]  這位特技員
[00:02:50.960 --> 00:02:52.960]  就成功地走到
[00:02:52.960 --> 00:02:54.960]  對面的懸崖
[00:02:54.960 --> 00:02:56.960]  來到對面的懸崖的時候
[00:02:56.960 --> 00:02:58.960]  當然大家都鼓掌不斷地讚賞他
[00:02:58.960 --> 00:03:00.960]  有一個小孩子
[00:03:00.960 --> 00:03:02.960]  就走到他身邊
[00:03:02.960 --> 00:03:04.960]  一路讚賞他
[00:03:04.960 --> 00:03:06.960]  你真是厲害了
[00:03:06.960 --> 00:03:08.960]  你可以這樣走過這個懸崖
[00:03:08.960 --> 00:03:10.960]  這個特技員
[00:03:10.960 --> 00:03:12.960]  就看著這個小孩子
[00:03:12.960 --> 00:03:14.960]  就問他
[00:03:14.960 --> 00:03:16.960]  你真的覺得我厲害嗎
[00:03:16.960 --> 00:03:18.960]  他說是呀
[00:03:18.960 --> 00:03:20.960]  是不是你相信我
[00:03:20.960 --> 00:03:22.960]  可以走過這條鋼線
[00:03:22.960 --> 00:03:24.960]  他說相信
[00:03:24.960 --> 00:03:26.960]  剛才看到你走過
[00:03:26.960 --> 00:03:28.960]  特技員再問他
[00:03:28.960 --> 00:03:30.960]  你相不相信我可以走過去
[00:03:30.960 --> 00:03:32.960]  他馬上就說
[00:03:32.960 --> 00:03:34.960]  當然可以
[00:03:34.960 --> 00:03:36.960]  你一定可以走過去
[00:03:36.960 --> 00:03:38.960]  特技員再問他
[00:03:38.960 --> 00:03:40.960]  你真的相信
[00:03:40.960 --> 00:03:42.960]  這個小孩子就不斷地說
[00:03:42.960 --> 00:03:44.960]  我相信你
[00:03:44.960 --> 00:03:46.960]  然後這個特技員就說
[00:03:46.960 --> 00:03:48.960]  不如你讓我背著你
[00:03:48.960 --> 00:03:50.960]  走過對面
[00:03:50.960 --> 00:03:52.960]  好不好
[00:03:52.960 --> 00:03:54.960]  這個小孩子
[00:03:54.960 --> 00:03:56.960]  突然呆了
[00:03:56.960 --> 00:03:58.960]  他說那我不相信了
[00:03:58.960 --> 00:04:02.960]  雖然是一個
[00:04:02.960 --> 00:04:04.960]  好像日常生活
[00:04:04.960 --> 00:04:06.960]  會留意到的故事
[00:04:06.960 --> 00:04:08.960]  但有些時候
[00:04:08.960 --> 00:04:10.960]  似乎我們都有一些這樣的情況
[00:04:10.960 --> 00:04:12.960]  我們口裡
[00:04:12.960 --> 00:04:14.960]  可以宣稱有信心
[00:04:14.960 --> 00:04:16.960]  但當我們要
[00:04:16.960 --> 00:04:18.960]  投入去的時候
[00:04:18.960 --> 00:04:20.960]  我們就會很有保留
[00:04:20.960 --> 00:04:22.960]  當事人說到信心的時候
[00:04:22.960 --> 00:04:24.960]  不單說我們口裡
[00:04:24.960 --> 00:04:26.960]  有信心
[00:04:26.960 --> 00:04:28.960]  而是讓我們的信心可以
[00:04:28.960 --> 00:04:30.960]  付諸行動
[00:04:30.960 --> 00:04:32.960]  可以真正將自己投入去
[00:04:32.960 --> 00:04:34.960]  是清楚表明
[00:04:34.960 --> 00:04:36.960]  這種信心是真實的信心
[00:04:36.960 --> 00:04:38.960]  而聖經就常常
[00:04:38.960 --> 00:04:40.960]  勉勵我們
[00:04:40.960 --> 00:04:42.960]  信心是神所喜悅的
[00:04:42.960 --> 00:04:44.960]  也帶領我們
[00:04:44.960 --> 00:04:46.960]  進入神給我們真正
[00:04:46.960 --> 00:04:48.960]  豐盛的人生裡面
[00:04:48.960 --> 00:04:50.960]  各位靈智妹
[00:04:50.960 --> 00:04:52.960]  在我們信耶穌很多年之後
[00:04:52.960 --> 00:04:54.960]  我們仍要向神禱告
[00:04:54.960 --> 00:04:56.960]  求神賜給我們有真實的信心
[00:04:56.960 --> 00:04:58.960]  而聖經今天在亞國書裡面
[00:04:58.960 --> 00:05:00.960]  就是清楚向我們講述
[00:05:00.960 --> 00:05:02.960]  我們向神所求的
[00:05:02.960 --> 00:05:04.960]  所尋求的
[00:05:04.960 --> 00:05:06.960]  就是神賜給我們有真實的信心
[00:05:06.960 --> 00:05:08.960]  大家再看經文
[00:05:08.960 --> 00:05:10.960]  在第十四節的地方
[00:05:10.960 --> 00:05:14.960]  剛才的經文說
[00:05:14.960 --> 00:05:16.960]  第二章第十四節
[00:05:38.960 --> 00:05:40.960]  意思是沒有作用的
[00:05:40.960 --> 00:05:42.960]  是沒有價值的
[00:05:42.960 --> 00:05:44.960]  而聖經就說
[00:05:44.960 --> 00:05:46.960]  這種不真實的信心
[00:05:46.960 --> 00:05:48.960]  不能夠叫他得到救
[00:05:48.960 --> 00:05:50.960]  得到拯救
[00:05:50.960 --> 00:05:52.960]  是一種虛假的信心
[00:05:52.960 --> 00:05:54.960]  然後聖經就說
[00:05:54.960 --> 00:05:56.960]  一個很真實的例子
[00:05:56.960 --> 00:05:58.960]  在第十五節
[00:06:08.960 --> 00:06:10.960]  再一次提出
[00:06:10.960 --> 00:06:12.960]  有什麼用處
[00:06:12.960 --> 00:06:14.960]  有什麼益處
[00:06:14.960 --> 00:06:16.960]  在當時
[00:06:16.960 --> 00:06:18.960]  在一間教會
[00:06:18.960 --> 00:06:20.960]  在當地也有不少貧困的信徒
[00:06:20.960 --> 00:06:22.960]  經濟生活很困難
[00:06:22.960 --> 00:06:24.960]  在教會裡面
[00:06:24.960 --> 00:06:26.960]  當一些靈智妹出現的時候
[00:06:26.960 --> 00:06:28.960]  有人見到他們
[00:06:28.960 --> 00:06:30.960]  就會跟他們說
[00:06:30.960 --> 00:06:32.960]  平平安安的去吧
[00:06:32.960 --> 00:06:34.960]  意思就是說
[00:06:34.960 --> 00:06:36.960]  你走吧
[00:06:36.960 --> 00:06:38.960]  然後跟著說
[00:06:38.960 --> 00:06:40.960]  你不如找些東西吃吧
[00:06:40.960 --> 00:06:42.960]  穿件暖衣服
[00:06:42.960 --> 00:06:44.960]  就是這樣的含義
[00:06:44.960 --> 00:06:46.960]  向他們說
[00:06:46.960 --> 00:06:48.960]  你不如找些漂亮的衣服
[00:06:48.960 --> 00:06:50.960]  暖的衣服
[00:06:50.960 --> 00:06:52.960]  找些東西吃吧
[00:06:52.960 --> 00:06:54.960]  這句話好像表達出一種安慰
[00:06:54.960 --> 00:06:56.960]  好像一種信心
[00:06:56.960 --> 00:06:58.960]  但事實上
[00:06:58.960 --> 00:07:00.960]  聽的人就會感覺到很無奈
[00:07:00.960 --> 00:07:02.960]  甚至很反感
[00:07:02.960 --> 00:07:04.960]  我哪裡找地方拿食物呢
[00:07:04.960 --> 00:07:06.960]  我哪裡找地方拿食物呢
[00:07:06.960 --> 00:07:08.960]  哪裡可以有暖的衣服穿呢
[00:07:08.960 --> 00:07:10.960]  這些說話
[00:07:10.960 --> 00:07:12.960]  一聽的時候就會知道
[00:07:12.960 --> 00:07:14.960]  是一些很虛浮的說話
[00:07:14.960 --> 00:07:16.960]  這位塔閣聖經提及
[00:07:16.960 --> 00:07:18.960]  真正的信心
[00:07:18.960 --> 00:07:20.960]  是會引發了行動的
[00:07:20.960 --> 00:07:22.960]  大家會常常提起
[00:07:22.960 --> 00:07:24.960]  就是《迦拉太書》第五章第六節
[00:07:24.960 --> 00:07:26.960]  這節聖經所說
[00:07:26.960 --> 00:07:28.960]  在耶穌基督裡面
[00:07:28.960 --> 00:07:30.960]  如果有些人行割禮
[00:07:30.960 --> 00:07:32.960]  大家知道在當時
[00:07:32.960 --> 00:07:34.960]  認為要守律法
[00:07:34.960 --> 00:07:36.960]  行割禮才可以得救
[00:07:36.960 --> 00:07:38.960]  保羅告訴他們
[00:07:38.960 --> 00:07:40.960]  行割禮與不行割禮
[00:07:40.960 --> 00:07:42.960]  在神的面前
[00:07:42.960 --> 00:07:44.960]  是全無功效的
[00:07:44.960 --> 00:07:46.960]  不會因此叫你得救
[00:07:46.960 --> 00:07:48.960]  或者不得救
[00:07:48.960 --> 00:07:50.960]  但聖經說
[00:07:50.960 --> 00:07:52.960]  唯獨使人生發
[00:07:52.960 --> 00:07:54.960]  人愛的信心
[00:07:54.960 --> 00:07:56.960]  才有功效
[00:07:56.960 --> 00:07:58.960]  聖經提到那種信心
[00:07:58.960 --> 00:08:00.960]  是生發了人愛的信心
[00:08:00.960 --> 00:08:02.960]  是產生了一種
[00:08:02.960 --> 00:08:04.960]  愛心的生活行為
[00:08:04.960 --> 00:08:06.960]  這種信心
[00:08:06.960 --> 00:08:08.960]  是滿有功效的
[00:08:08.960 --> 00:08:10.960]  因為聖經提到
[00:08:10.960 --> 00:08:12.960]  信心的時候提及
[00:08:12.960 --> 00:08:14.960]  我們承認有一位天地的主宰
[00:08:14.960 --> 00:08:16.960]  我們相信
[00:08:16.960 --> 00:08:18.960]  有一位創造天地的神
[00:08:18.960 --> 00:08:20.960]  他應當接受我們的尊崇
[00:08:20.960 --> 00:08:22.960]  當你這樣相信的時候
[00:08:22.960 --> 00:08:24.960]  你就會體會
[00:08:24.960 --> 00:08:26.960]  自然應該在生活行為上
[00:08:26.960 --> 00:08:28.960]  去聽從
[00:08:28.960 --> 00:08:30.960]  這一位
[00:08:30.960 --> 00:08:32.960]  上帝所吩咐的說話
[00:08:32.960 --> 00:08:34.960]  我們
[00:08:34.960 --> 00:08:36.960]  過去曾經提及過
[00:08:36.960 --> 00:08:38.960]  有一些銀行
[00:08:38.960 --> 00:08:40.960]  他們怕著
[00:08:40.960 --> 00:08:42.960]  有一些打劫
[00:08:42.960 --> 00:08:44.960]  因此他們做一件事情
[00:08:44.960 --> 00:08:46.960]  在銀行的門口
[00:08:46.960 --> 00:08:48.960]  動一個警察的紙牌
[00:08:48.960 --> 00:08:50.960]  一個紙牌
[00:08:50.960 --> 00:08:52.960]  因此
[00:08:52.960 --> 00:08:54.960]  有些人走過的時候
[00:08:54.960 --> 00:08:56.960]  後來發覺
[00:08:56.960 --> 00:08:58.960]  是紙牌
[00:08:58.960 --> 00:09:00.960]  不會對這個紙牌有任何的尊敬
[00:09:00.960 --> 00:09:02.960]  因為只是一個
[00:09:02.960 --> 00:09:04.960]  假的或者說死的
[00:09:04.960 --> 00:09:06.960]  一個紙牌
[00:09:06.960 --> 00:09:08.960]  聖經提到就是當我們留心
[00:09:08.960 --> 00:09:10.960]  如果我們相信一位天地的
[00:09:10.960 --> 00:09:12.960]  真神的時候
[00:09:12.960 --> 00:09:14.960]  我們自然的反應
[00:09:14.960 --> 00:09:16.960]  是會聽從他的吩咐
[00:09:16.960 --> 00:09:18.960]  大家看看前面的
[00:09:18.960 --> 00:09:20.960]  第二章第一節
[00:09:20.960 --> 00:09:22.960]  你翻到前面
[00:09:22.960 --> 00:09:24.960]  第二章第一節
[00:09:24.960 --> 00:09:26.960]  就說我的弟兄們
[00:09:26.960 --> 00:09:28.960]  你們既然對我們榮耀的
[00:09:28.960 --> 00:09:30.960]  主耶穌基督有信心
[00:09:30.960 --> 00:09:32.960]  就不應該
[00:09:32.960 --> 00:09:34.960]  憑著外貌待人
[00:09:34.960 --> 00:09:36.960]  如果對耶穌基督有信心
[00:09:36.960 --> 00:09:38.960]  這個信心也意味著
[00:09:38.960 --> 00:09:40.960]  對他的認識
[00:09:40.960 --> 00:09:42.960]  知道他是會揀選世界上
[00:09:42.960 --> 00:09:44.960]  那些被認為貧窮的人
[00:09:44.960 --> 00:09:46.960]  在第五節有提及
[00:09:46.960 --> 00:09:48.960]  就是神
[00:09:48.960 --> 00:09:50.960]  是揀選了世上被認為
[00:09:50.960 --> 00:09:52.960]  貧窮的人
[00:09:52.960 --> 00:09:54.960]  因為上帝是滿有榮耀
[00:09:54.960 --> 00:09:56.960]  滿有慈愛的
[00:09:56.960 --> 00:09:58.960]  我們就自然不會
[00:09:58.960 --> 00:10:00.960]  憑著外貌去待人
[00:10:00.960 --> 00:10:02.960]  知道這個是
[00:10:02.960 --> 00:10:04.960]  神對人的要求
[00:10:04.960 --> 00:10:06.960]  也是我們應該有的
[00:10:06.960 --> 00:10:08.960]  一種回應
[00:10:08.960 --> 00:10:10.960]  那時候對神的認識
[00:10:10.960 --> 00:10:12.960]  也引發了他對人的
[00:10:12.960 --> 00:10:14.960]  一種尊重
[00:10:14.960 --> 00:10:16.960]  也是對人的愛心
[00:10:16.960 --> 00:10:18.960]  一位姊妹
[00:10:18.960 --> 00:10:20.960]  她長年去到老人院探望一些
[00:10:20.960 --> 00:10:22.960]  長者
[00:10:22.960 --> 00:10:24.960]  有一次其中一位長者就問她
[00:10:24.960 --> 00:10:26.960]  她說
[00:10:26.960 --> 00:10:28.960]  大姐為什麼你會這麼多時候
[00:10:28.960 --> 00:10:30.960]  來關心我們
[00:10:30.960 --> 00:10:32.960]  整天來看我們
[00:10:32.960 --> 00:10:34.960]  這位姊妹
[00:10:34.960 --> 00:10:36.960]  想了一會之後
[00:10:36.960 --> 00:10:38.960]  她就這樣說
[00:10:38.960 --> 00:10:40.960]  她說沒有其他
[00:10:40.960 --> 00:10:42.960]  只是因為我相信
[00:10:42.960 --> 00:10:44.960]  在天上有一位慈愛的上帝
[00:10:44.960 --> 00:10:48.960]  這位長者好像明白
[00:10:48.960 --> 00:10:50.960]  甚至不明白
[00:10:50.960 --> 00:10:52.960]  但是對這位姊妹來說
[00:10:52.960 --> 00:10:54.960]  如果她相信有一位慈愛的上帝
[00:10:54.960 --> 00:10:56.960]  他們去探望這些長者
[00:10:56.960 --> 00:10:58.960]  這些朋友
[00:10:58.960 --> 00:11:00.960]  是一件很自然的事情
[00:11:00.960 --> 00:11:02.960]  是一件很應當的事情
[00:11:02.960 --> 00:11:04.960]  聖經提到
[00:11:04.960 --> 00:11:06.960]  如果有信心沒有行為
[00:11:06.960 --> 00:11:08.960]  我們看看第二章
[00:11:08.960 --> 00:11:10.960]  第十七節
[00:11:10.960 --> 00:11:12.960]  我們回到後面
[00:11:12.960 --> 00:11:14.960]  第十七節
[00:11:14.960 --> 00:11:16.960]  聖話只有信心沒有行為
[00:11:16.960 --> 00:11:18.960]  這種信心
[00:11:18.960 --> 00:11:20.960]  是死的
[00:11:20.960 --> 00:11:22.960]  也意味著是沒有價值的
[00:11:22.960 --> 00:11:24.960]  是沒有作用的
[00:11:24.960 --> 00:11:26.960]  真正的信心
[00:11:26.960 --> 00:11:28.960]  是會自然地引發行為
[00:11:28.960 --> 00:11:30.960]  而配合著
[00:11:30.960 --> 00:11:32.960]  這一份信心
[00:11:32.960 --> 00:11:34.960]  我們再看下面
[00:11:34.960 --> 00:11:36.960]  第十八節
[00:11:36.960 --> 00:11:38.960]  提到一個人有他的信心
[00:11:38.960 --> 00:11:40.960]  但是他藉著他的行為
[00:11:40.960 --> 00:11:42.960]  將信心的真實性
[00:11:42.960 --> 00:11:44.960]  來表明出來
[00:11:44.960 --> 00:11:46.960]  我們再看第十八節
[00:11:46.960 --> 00:11:48.960]  聖話也許有人要說
[00:11:48.960 --> 00:11:50.960]  你有信心
[00:11:50.960 --> 00:11:52.960]  我有行為
[00:11:52.960 --> 00:11:54.960]  請把你沒有行為的信心
[00:11:54.960 --> 00:11:56.960]  指給我看
[00:11:56.960 --> 00:11:58.960]  我就藉著我的行為
[00:11:58.960 --> 00:12:00.960]  把我的信心指給你看
[00:12:00.960 --> 00:12:02.960]  這裡提到
[00:12:02.960 --> 00:12:04.960]  有人就說
[00:12:04.960 --> 00:12:06.960]  有信心行為
[00:12:06.960 --> 00:12:08.960]  你有行為我有信心
[00:12:08.960 --> 00:12:10.960]  不要緊
[00:12:10.960 --> 00:12:12.960]  意味著當時有些人
[00:12:12.960 --> 00:12:14.960]  有不同的長處
[00:12:14.960 --> 00:12:16.960]  大家各有不同
[00:12:16.960 --> 00:12:18.960]  你有行為好
[00:12:18.960 --> 00:12:20.960]  但我也有信心
[00:12:20.960 --> 00:12:22.960]  所以我也不需要介意我沒有行為
[00:12:22.960 --> 00:12:26.960]  你這樣聽的時候就發覺
[00:12:26.960 --> 00:12:28.960]  當時有些觀念就是將信心和行為
[00:12:28.960 --> 00:12:30.960]  是分割開的
[00:12:30.960 --> 00:12:32.960]  是兩件事
[00:12:32.960 --> 00:12:34.960]  沒有關係的
[00:12:34.960 --> 00:12:36.960]  你有你的強處我有我的強處
[00:12:36.960 --> 00:12:38.960]  但聖經就告訴他們
[00:12:38.960 --> 00:12:40.960]  兩者之間是不可以分割的
[00:12:42.960 --> 00:12:44.960]  是必定是合一的
[00:12:44.960 --> 00:12:46.960]  如果大家回想起
[00:12:46.960 --> 00:12:48.960]  有些時候我們都會聽到
[00:12:48.960 --> 00:12:50.960]  弟兄姊妹很掛心自己家人
[00:12:50.960 --> 00:12:52.960]  未曾信耶穌
[00:12:52.960 --> 00:12:54.960]  或者有一位弟兄
[00:12:54.960 --> 00:12:56.960]  他會說
[00:12:56.960 --> 00:12:58.960]  我很相信
[00:12:58.960 --> 00:13:00.960]  神會拯救我全家的
[00:13:00.960 --> 00:13:02.960]  我為他們祈禱
[00:13:02.960 --> 00:13:04.960]  神一定聽我禱告
[00:13:04.960 --> 00:13:06.960]  搞定了不用擔心
[00:13:06.960 --> 00:13:08.960]  他們一定會全部信耶穌的
[00:13:08.960 --> 00:13:10.960]  我們為他感謝神
[00:13:10.960 --> 00:13:12.960]  因為他有一個信心
[00:13:12.960 --> 00:13:14.960]  也相信聖經應許
[00:13:14.960 --> 00:13:16.960]  當信主耶穌
[00:13:16.960 --> 00:13:18.960]  你和你的一家都必得
[00:13:18.960 --> 00:13:20.960]  但當你這樣祈禱之後
[00:13:20.960 --> 00:13:22.960]  是不是他就可以
[00:13:22.960 --> 00:13:24.960]  完全不需要再理會呢
[00:13:24.960 --> 00:13:26.960]  你發覺
[00:13:26.960 --> 00:13:28.960]  跟著聖經
[00:13:28.960 --> 00:13:30.960]  剛才我們讀過經文的下半句說
[00:13:30.960 --> 00:13:32.960]  他說
[00:13:32.960 --> 00:13:34.960]  請你將沒有行為的信心
[00:13:34.960 --> 00:13:36.960]  指給我看
[00:13:36.960 --> 00:13:38.960]  我就藉著我的行為
[00:13:38.960 --> 00:13:40.960]  把我的信心
[00:13:40.960 --> 00:13:42.960]  指給你看
[00:13:42.960 --> 00:13:44.960]  也就意味著真實的信心
[00:13:44.960 --> 00:13:46.960]  是可以看得見
[00:13:46.960 --> 00:13:48.960]  我可以透過我的行為
[00:13:48.960 --> 00:13:50.960]  將我的信心
[00:13:50.960 --> 00:13:52.960]  清楚向你指明出來
[00:13:52.960 --> 00:13:54.960]  表明出來
[00:13:54.960 --> 00:13:56.960]  沒錯
[00:13:56.960 --> 00:13:58.960]  當你相信你的家人
[00:13:58.960 --> 00:14:00.960]  會蒙恩得救的時候
[00:14:00.960 --> 00:14:02.960]  同樣你要留意的就是
[00:14:02.960 --> 00:14:04.960]  讓你的行為
[00:14:04.960 --> 00:14:06.960]  可以配合你的信心
[00:14:06.960 --> 00:14:08.960]  第一
[00:14:08.960 --> 00:14:10.960]  你不需要灰心
[00:14:10.960 --> 00:14:12.960]  也不需要放棄
[00:14:12.960 --> 00:14:14.960]  我聽過有人說
[00:14:14.960 --> 00:14:16.960]  我已經放棄了
[00:14:16.960 --> 00:14:18.960]  廣東話說
[00:14:18.960 --> 00:14:20.960]  我已經放棄了
[00:14:20.960 --> 00:14:22.960]  我不能夠再
[00:14:22.960 --> 00:14:24.960]  跟我家人說任何信仰的事情
[00:14:24.960 --> 00:14:26.960]  他們一定一定會反對
[00:14:26.960 --> 00:14:28.960]  如果你有信心的時候
[00:14:28.960 --> 00:14:30.960]  你不會容許自己灰心
[00:14:30.960 --> 00:14:32.960]  不容許自己放棄
[00:14:32.960 --> 00:14:34.960]  而你仍然會
[00:14:34.960 --> 00:14:36.960]  按照主給你的吩咐
[00:14:36.960 --> 00:14:38.960]  去愛
[00:14:38.960 --> 00:14:40.960]  去關心
[00:14:40.960 --> 00:14:42.960]  也嘗試
[00:14:42.960 --> 00:14:44.960]  跟祂分享福音
[00:14:44.960 --> 00:14:46.960]  當然在過程中
[00:14:46.960 --> 00:14:48.960]  你知道不是憑著自己
[00:14:48.960 --> 00:14:50.960]  所做的事情
[00:14:50.960 --> 00:14:52.960]  可以成全這個信心
[00:14:52.960 --> 00:14:54.960]  你知道不是憑著
[00:14:54.960 --> 00:14:56.960]  自己的努力
[00:14:56.960 --> 00:14:58.960]  自己的熱心
[00:14:58.960 --> 00:15:00.960]  來成全這件事情
[00:15:00.960 --> 00:15:02.960]  但是你的行為
[00:15:02.960 --> 00:15:04.960]  是配合著
[00:15:04.960 --> 00:15:06.960]  這個信心的方向
[00:15:06.960 --> 00:15:08.960]  朝著這個方向
[00:15:08.960 --> 00:15:10.960]  走出來
[00:15:10.960 --> 00:15:12.960]  向神表明
[00:15:12.960 --> 00:15:14.960]  你仍然相信
[00:15:14.960 --> 00:15:16.960]  縱使人不肯聽
[00:15:16.960 --> 00:15:18.960]  縱使他們抗拒
[00:15:18.960 --> 00:15:20.960]  縱使我不懂得說
[00:15:20.960 --> 00:15:22.960]  但是主仍然能夠
[00:15:22.960 --> 00:15:24.960]  作成這件事
[00:15:24.960 --> 00:15:26.960]  而你的行為
[00:15:26.960 --> 00:15:28.960]  某方面來說
[00:15:28.960 --> 00:15:30.960]  其實是向主表明你的信心
[00:15:30.960 --> 00:15:32.960]  祂的信心
[00:15:32.960 --> 00:15:34.960]  是對你的
[00:15:34.960 --> 00:15:36.960]  祂的信心
[00:15:36.960 --> 00:15:38.960]  祂的信心
[00:15:38.960 --> 00:15:40.960]  是對你的
[00:15:40.960 --> 00:15:42.960]  祂的信心
[00:15:42.960 --> 00:15:44.960]  祂的信心
[00:15:44.960 --> 00:15:46.960]  是對你的
[00:15:46.960 --> 00:15:48.960]  祂的信心
[00:15:48.960 --> 00:15:50.960]  是對你的
[00:15:50.960 --> 00:15:52.960]  祂的信心
[00:15:52.960 --> 00:15:54.960]  是對你的
[00:15:54.960 --> 00:15:56.960]  祂的信心
[00:15:56.960 --> 00:15:58.960]  是對你的
[00:15:58.960 --> 00:16:00.960]  祂的信心
[00:16:00.960 --> 00:16:02.960]  是對你的
[00:16:02.960 --> 00:16:04.960]  祂的信心
[00:16:04.960 --> 00:16:06.960]  是對你的
[00:16:06.960 --> 00:16:08.960]  祂的信心
[00:16:08.960 --> 00:16:10.960]  是對你的
[00:16:10.960 --> 00:16:12.960]  祂的信心
[00:16:12.960 --> 00:16:14.960]  是對你的
[00:16:14.960 --> 00:16:16.960]  祂的信心
[00:16:16.960 --> 00:16:18.960]  是對你的
[00:16:18.960 --> 00:16:20.960]  祂的信心
[00:16:20.960 --> 00:16:22.960]  是對你的
[00:16:22.960 --> 00:16:24.960]  祂的信心
[00:16:24.960 --> 00:16:26.960]  是對你的
[00:16:26.960 --> 00:16:28.960]  祂的信心
[00:16:28.960 --> 00:16:30.960]  是對你的
[00:16:30.960 --> 00:16:32.960]  祂的信心
[00:16:32.960 --> 00:16:34.960]  是對你的
[00:16:34.960 --> 00:16:36.960]  祂的信心
[00:16:36.960 --> 00:16:38.960]  是對你的
[00:16:38.960 --> 00:16:40.960]  祂的信心
[00:16:40.960 --> 00:16:42.960]  是對你的
[00:16:42.960 --> 00:16:44.960]  祂的信心
[00:16:44.960 --> 00:16:46.960]  是對你的
[00:16:46.960 --> 00:16:48.960]  祂的信心
[00:16:48.960 --> 00:16:50.960]  是對你的
[00:16:50.960 --> 00:16:52.960]  祂的信心
[00:16:52.960 --> 00:16:54.960]  是對你的
[00:16:54.960 --> 00:16:56.960]  祂的信心
[00:16:56.960 --> 00:16:58.960]  是對你的
[00:17:24.960 --> 00:17:26.960]  祂是掌權的上帝
[00:17:26.960 --> 00:17:28.960]  祂是掌權的上帝
[00:17:28.960 --> 00:17:30.960]  祂是掌權的上帝
[00:17:30.960 --> 00:17:32.960]  祂是掌權的上帝
[00:17:32.960 --> 00:17:34.960]  祂是掌權的上帝
[00:17:34.960 --> 00:17:36.960]  祂是掌權的上帝
[00:17:36.960 --> 00:17:38.960]  祂是掌權的上帝
[00:17:38.960 --> 00:17:40.960]  祂是掌權的上帝
[00:17:40.960 --> 00:17:42.960]  祂是掌權的上帝
[00:17:42.960 --> 00:17:44.960]  祂是掌權的上帝
[00:17:44.960 --> 00:17:46.960]  祂是掌權的上帝
[00:17:46.960 --> 00:17:48.960]  祂是掌權的上帝
[00:17:48.960 --> 00:17:50.960]  祂是掌權的上帝
[00:17:50.960 --> 00:17:52.960]  祂是掌權的上帝
[00:17:52.960 --> 00:17:54.960]  祂是掌權的上帝
[00:17:54.960 --> 00:17:56.960]  祂是掌權的上帝
[00:17:56.960 --> 00:17:58.960]  祂是掌權的上帝
[00:17:58.960 --> 00:18:00.960]  祂是掌權的上帝
[00:18:00.960 --> 00:18:02.960]  祂是掌權的上帝
[00:18:02.960 --> 00:18:04.960]  祂是掌權的上帝
[00:18:04.960 --> 00:18:06.960]  祂是掌權的上帝
[00:18:06.960 --> 00:18:08.960]  祂是掌權的上帝
[00:18:08.960 --> 00:18:10.960]  祂是掌權的上帝
[00:18:10.960 --> 00:18:12.960]  祂是掌權的上帝
[00:18:12.960 --> 00:18:14.960]  祂是掌權的上帝
[00:18:14.960 --> 00:18:16.960]  祂是掌權的上帝
[00:18:16.960 --> 00:18:18.960]  祂是掌權的上帝
[00:18:18.960 --> 00:18:20.960]  祂是掌權的上帝
[00:18:20.960 --> 00:18:22.960]  祂是掌權的上帝
[00:18:22.960 --> 00:18:24.960]  祂是掌權的上帝
[00:18:24.960 --> 00:18:26.960]  祂是掌權的上帝
[00:18:26.960 --> 00:18:28.960]  祂是掌權的上帝
[00:18:28.960 --> 00:18:30.960]  祂是掌權的上帝
[00:18:30.960 --> 00:18:32.960]  祂是掌權的上帝
[00:18:32.960 --> 00:18:34.960]  祂是掌權的上帝
[00:18:34.960 --> 00:18:36.960]  祂是掌權的上帝
[00:18:36.960 --> 00:18:38.960]  祂是掌權的上帝
[00:18:38.960 --> 00:18:40.960]  祂是掌權的上帝
[00:18:40.960 --> 00:18:42.960]  祂是掌權的上帝
[00:18:42.960 --> 00:18:44.960]  祂是掌權的上帝
[00:18:44.960 --> 00:18:46.960]  祂是掌權的上帝
[00:18:46.960 --> 00:18:48.960]  祂是掌權的上帝
[00:18:48.960 --> 00:18:50.960]  祂是掌權的上帝
[00:18:50.960 --> 00:18:52.960]  祂是掌權的上帝
[00:18:52.960 --> 00:18:54.960]  祂是掌權的上帝
[00:18:54.960 --> 00:18:56.960]  祂是掌權的上帝
[00:18:56.960 --> 00:18:58.960]  祂是掌權的上帝
[00:18:58.960 --> 00:19:00.960]  祂是掌權的上帝
[00:19:00.960 --> 00:19:02.960]  祂是掌權的上帝
[00:19:02.960 --> 00:19:04.960]  祂是掌權的上帝
[00:19:04.960 --> 00:19:06.960]  祂是掌權的上帝
[00:19:06.960 --> 00:19:08.960]  祂是掌權的上帝
[00:19:08.960 --> 00:19:10.960]  祂是掌權的上帝
[00:19:10.960 --> 00:19:12.960]  祂是掌權的上帝
[00:19:12.960 --> 00:19:14.960]  祂是掌權的上帝
[00:19:14.960 --> 00:19:16.960]  祂是掌權的上帝
[00:19:16.960 --> 00:19:18.960]  祂是掌權的上帝
[00:19:18.960 --> 00:19:20.960]  祂是掌權的上帝
[00:19:20.960 --> 00:19:22.960]  祂是掌權的上帝
[00:19:22.960 --> 00:19:24.960]  祂是掌權的上帝
[00:19:24.960 --> 00:19:26.960]  祂是掌權的上帝
[00:19:26.960 --> 00:19:28.960]  祂是掌權的上帝
[00:19:28.960 --> 00:19:30.960]  祂是掌權的上帝
[00:19:30.960 --> 00:19:32.960]  祂是掌權的上帝
[00:19:32.960 --> 00:19:34.960]  祂是掌權的上帝
[00:19:34.960 --> 00:19:36.960]  祂是掌權的上帝
[00:19:36.960 --> 00:19:38.960]  祂是掌權的上帝
[00:19:38.960 --> 00:19:40.960]  祂是掌權的上帝
[00:19:40.960 --> 00:19:42.960]  祂是掌權的上帝
[00:19:42.960 --> 00:19:44.960]  祂是掌權的上帝
[00:19:44.960 --> 00:19:46.960]  祂是掌權的上帝
[00:19:46.960 --> 00:19:48.960]  祂是掌權的上帝
[00:19:48.960 --> 00:19:50.960]  祂是掌權的上帝
[00:19:50.960 --> 00:19:52.960]  祂是掌權的上帝
[00:19:52.960 --> 00:19:54.960]  祂是掌權的上帝
[00:19:54.960 --> 00:19:56.960]  祂是掌權的上帝
[00:19:56.960 --> 00:19:58.960]  祂是掌權的上帝
[00:19:58.960 --> 00:20:00.960]  祂是掌權的上帝
[00:20:00.960 --> 00:20:02.960]  祂是掌權的上帝
[00:20:02.960 --> 00:20:04.960]  祂是掌權的上帝
[00:20:04.960 --> 00:20:06.960]  祂是掌權的上帝
[00:20:06.960 --> 00:20:08.960]  祂是掌權的上帝
[00:20:08.960 --> 00:20:10.960]  祂是掌權的上帝
[00:20:10.960 --> 00:20:12.960]  祂是掌權的上帝
[00:20:12.960 --> 00:20:14.960]  祂是掌權的上帝
[00:20:14.960 --> 00:20:16.960]  祂是掌權的上帝
[00:20:16.960 --> 00:20:18.960]  祂是掌權的上帝
[00:20:18.960 --> 00:20:20.960]  祂是掌權的上帝
[00:20:20.960 --> 00:20:22.960]  祂是掌權的上帝
[00:20:22.960 --> 00:20:24.960]  祂是掌權的上帝
[00:20:24.960 --> 00:20:26.960]  祂是掌權的上帝
[00:20:26.960 --> 00:20:28.960]  祂是掌權的上帝
[00:20:28.960 --> 00:20:30.960]  祂是掌權的上帝
[00:20:30.960 --> 00:20:32.960]  祂是掌權的上帝
[00:20:32.960 --> 00:20:34.960]  祂是掌權的上帝
[00:20:34.960 --> 00:20:36.960]  祂是掌權的上帝
[00:20:36.960 --> 00:20:38.960]  祂是掌權的上帝
[00:20:38.960 --> 00:20:40.960]  祂是掌權的上帝
[00:20:40.960 --> 00:20:42.960]  祂是掌權的上帝
[00:20:42.960 --> 00:20:44.960]  祂是掌權的上帝
[00:20:44.960 --> 00:20:46.960]  祂是掌權的上帝
[00:20:46.960 --> 00:20:48.960]  祂是掌權的上帝
[00:20:48.960 --> 00:20:50.960]  祂是掌權的上帝
[00:20:50.960 --> 00:20:52.960]  祂是掌權的上帝
[00:20:52.960 --> 00:20:54.960]  祂是掌權的上帝
[00:20:54.960 --> 00:20:56.960]  祂是掌權的上帝
[00:20:56.960 --> 00:20:58.960]  祂是掌權的上帝
[00:20:58.960 --> 00:21:00.960]  祂是掌權的上帝
[00:21:00.960 --> 00:21:02.960]  祂是掌權的上帝
[00:21:02.960 --> 00:21:04.960]  祂是掌權的上帝
[00:21:04.960 --> 00:21:06.960]  祂是掌權的上帝
[00:21:06.960 --> 00:21:08.960]  祂是掌權的上帝
[00:21:08.960 --> 00:21:10.960]  祂是掌權的上帝
[00:21:10.960 --> 00:21:12.960]  祂是掌權的上帝
[00:21:12.960 --> 00:21:14.960]  祂是掌權的上帝
[00:21:14.960 --> 00:21:16.960]  祂是掌權的上帝
[00:21:16.960 --> 00:21:18.960]  祂是掌權的上帝
[00:21:18.960 --> 00:21:20.960]  祂是掌權的上帝
[00:21:20.960 --> 00:21:22.960]  祂是掌權的上帝
[00:21:22.960 --> 00:21:24.960]  祂是掌權的上帝
[00:21:24.960 --> 00:21:26.960]  祂是掌權的上帝
[00:21:26.960 --> 00:21:28.960]  祂是掌權的上帝
[00:21:28.960 --> 00:21:30.960]  祂是掌權的上帝
[00:21:30.960 --> 00:21:32.960]  祂是掌權的上帝
[00:21:32.960 --> 00:21:34.960]  祂是掌權的上帝
[00:21:34.960 --> 00:21:36.960]  祂是掌權的上帝
[00:21:36.960 --> 00:21:38.960]  祂是掌權的上帝
[00:21:38.960 --> 00:21:40.960]  祂是掌權的上帝
[00:21:40.960 --> 00:21:42.960]  祂是掌權的上帝
[00:21:42.960 --> 00:21:44.960]  祂是掌權的上帝
[00:21:44.960 --> 00:21:46.960]  祂是掌權的上帝
[00:21:46.960 --> 00:21:48.960]  祂是掌權的上帝
[00:21:48.960 --> 00:21:50.960]  祂是掌權的上帝
[00:21:50.960 --> 00:21:52.960]  祂是掌權的上帝
[00:21:52.960 --> 00:21:54.960]  祂是掌權的上帝
[00:21:54.960 --> 00:21:56.960]  祂是掌權的上帝
[00:21:56.960 --> 00:21:58.960]  祂是掌權的上帝
[00:21:58.960 --> 00:22:00.960]  祂是掌權的上帝
[00:22:00.960 --> 00:22:02.960]  祂是掌權的上帝
[00:22:02.960 --> 00:22:04.960]  祂是掌權的上帝
[00:22:04.960 --> 00:22:06.960]  祂是掌權的上帝
[00:22:06.960 --> 00:22:08.960]  祂是掌權的上帝
[00:22:08.960 --> 00:22:10.960]  祂是掌權的上帝
[00:22:10.960 --> 00:22:12.960]  祂是掌權的上帝
[00:22:12.960 --> 00:22:14.960]  祂是掌權的上帝
[00:22:14.960 --> 00:22:16.960]  祂是掌權的上帝
[00:22:16.960 --> 00:22:18.960]  祂是掌權的上帝
[00:22:18.960 --> 00:22:20.960]  祂是掌權的上帝
[00:22:20.960 --> 00:22:22.960]  祂是掌權的上帝
[00:22:22.960 --> 00:22:24.960]  祂是掌權的上帝
[00:22:24.960 --> 00:22:26.960]  祂是掌權的上帝
[00:22:26.960 --> 00:22:28.960]  祂是掌權的上帝
[00:22:28.960 --> 00:22:30.960]  祂是掌權的上帝
[00:22:30.960 --> 00:22:32.960]  祂是掌權的上帝
[00:22:32.960 --> 00:22:34.960]  祂是掌權的上帝
[00:22:34.960 --> 00:22:36.960]  祂是掌權的上帝
[00:22:36.960 --> 00:22:38.960]  祂是掌權的上帝
[00:22:38.960 --> 00:22:40.960]  祂是掌權的上帝
[00:22:40.960 --> 00:22:42.960]  祂是掌權的上帝
[00:22:42.960 --> 00:22:44.960]  祂是掌權的上帝
[00:22:44.960 --> 00:22:46.960]  祂是掌權的上帝
[00:22:46.960 --> 00:22:48.960]  祂是掌權的上帝
[00:22:48.960 --> 00:22:50.960]  祂是掌權的上帝
[00:22:50.960 --> 00:22:52.960]  祂是掌權的上帝
[00:22:52.960 --> 00:22:54.960]  祂是掌權的上帝
[00:22:54.960 --> 00:22:56.960]  祂是掌權的上帝
[00:22:56.960 --> 00:22:58.960]  祂是掌權的上帝
[00:22:58.960 --> 00:23:00.960]  祂是掌權的上帝
[00:23:00.960 --> 00:23:02.960]  祂是掌權的上帝
[00:23:02.960 --> 00:23:04.960]  祂是掌權的上帝
[00:23:04.960 --> 00:23:06.960]  祂是掌權的上帝
[00:23:06.960 --> 00:23:08.960]  祂是掌權的上帝
[00:23:08.960 --> 00:23:10.960]  祂是掌權的上帝
[00:23:10.960 --> 00:23:12.960]  祂是掌權的上帝
[00:23:12.960 --> 00:23:14.960]  祂是掌權的上帝
[00:23:14.960 --> 00:23:16.960]  祂是掌權的上帝
[00:23:16.960 --> 00:23:18.960]  祂是掌權的上帝
[00:23:18.960 --> 00:23:20.960]  祂是掌權的上帝
[00:23:20.960 --> 00:23:22.960]  祂是掌權的上帝
[00:23:22.960 --> 00:23:24.960]  祂是掌權的上帝
[00:23:24.960 --> 00:23:26.960]  祂是掌權的上帝
[00:23:26.960 --> 00:23:28.960]  祂是掌權的上帝
[00:23:28.960 --> 00:23:30.960]  祂是掌權的上帝
[00:23:30.960 --> 00:23:32.960]  祂是掌權的上帝
[00:23:32.960 --> 00:23:34.960]  祂是掌權的上帝
[00:23:34.960 --> 00:23:36.960]  祂是掌權的上帝
[00:23:36.960 --> 00:23:38.960]  祂是掌權的上帝
[00:23:38.960 --> 00:23:40.960]  祂是掌權的上帝
[00:23:40.960 --> 00:23:42.960]  祂是掌權的上帝
[00:23:42.960 --> 00:23:44.960]  祂是掌權的上帝
[00:23:44.960 --> 00:23:46.960]  祂是掌權的上帝
[00:23:46.960 --> 00:23:48.960]  祂是掌權的上帝
[00:23:48.960 --> 00:23:50.960]  祂是掌權的上帝
[00:23:50.960 --> 00:23:52.960]  祂是掌權的上帝
[00:23:52.960 --> 00:23:54.960]  祂是掌權的上帝
[00:23:54.960 --> 00:23:56.960]  祂是掌權的上帝
[00:23:56.960 --> 00:23:58.960]  祂是掌權的上帝
[00:23:58.960 --> 00:24:00.960]  祂是掌權的上帝
[00:24:00.960 --> 00:24:02.960]  祂是掌權的上帝
[00:24:02.960 --> 00:24:04.960]  祂是掌權的上帝
[00:24:04.960 --> 00:24:06.960]  祂是掌權的上帝
[00:24:06.960 --> 00:24:08.960]  祂是掌權的上帝
[00:24:08.960 --> 00:24:10.960]  祂是掌權的上帝
[00:24:10.960 --> 00:24:12.960]  祂是掌權的上帝
[00:24:12.960 --> 00:24:14.960]  祂是掌權的上帝
[00:24:14.960 --> 00:24:16.960]  祂是掌權的上帝
[00:24:16.960 --> 00:24:18.960]  祂是掌權的上帝
[00:24:18.960 --> 00:24:20.960]  祂是掌權的上帝
[00:24:20.960 --> 00:24:22.960]  祂是掌權的上帝
[00:24:22.960 --> 00:24:24.960]  祂是掌權的上帝
[00:24:24.960 --> 00:24:26.960]  祂是掌權的上帝
[00:24:26.960 --> 00:24:28.960]  祂是掌權的上帝
[00:24:28.960 --> 00:24:30.960]  祂是掌權的上帝
[00:24:30.960 --> 00:24:32.960]  祂是掌權的上帝
[00:24:32.960 --> 00:24:34.960]  祂是掌權的上帝
[00:24:34.960 --> 00:24:36.960]  祂是掌權的上帝
[00:24:36.960 --> 00:24:38.960]  祂是掌權的上帝
[00:24:38.960 --> 00:24:40.960]  祂是掌權的上帝
[00:24:40.960 --> 00:24:42.960]  祂是掌權的上帝
[00:24:42.960 --> 00:24:44.960]  祂是掌權的上帝
[00:24:44.960 --> 00:24:46.960]  祂是掌權的上帝
[00:24:46.960 --> 00:24:48.960]  祂是掌權的上帝
[00:24:48.960 --> 00:24:50.960]  祂是掌權的上帝
[00:24:50.960 --> 00:24:52.960]  祂是掌權的上帝
[00:24:52.960 --> 00:24:54.960]  祂是掌權的上帝
[00:24:54.960 --> 00:24:56.960]  祂是掌權的上帝
[00:24:56.960 --> 00:24:58.960]  祂是掌權的上帝
[00:24:58.960 --> 00:25:00.960]  祂是掌權的上帝
[00:25:00.960 --> 00:25:02.960]  祂是掌權的上帝
[00:25:02.960 --> 00:25:04.960]  祂是掌權的上帝
[00:25:04.960 --> 00:25:06.960]  祂是掌權的上帝
[00:25:06.960 --> 00:25:08.960]  祂是掌權的上帝
[00:25:08.960 --> 00:25:10.960]  祂是掌權的上帝
[00:25:10.960 --> 00:25:12.960]  祂是掌權的上帝
[00:25:12.960 --> 00:25:14.960]  祂是掌權的上帝
[00:25:14.960 --> 00:25:16.960]  祂是掌權的上帝
[00:25:16.960 --> 00:25:18.960]  祂是掌權的上帝
[00:25:18.960 --> 00:25:20.960]  祂是掌權的上帝
[00:25:20.960 --> 00:25:22.960]  祂是掌權的上帝
[00:25:22.960 --> 00:25:24.960]  祂是掌權的上帝
[00:25:24.960 --> 00:25:26.960]  祂是掌權的上帝
[00:25:26.960 --> 00:25:28.960]  祂是掌權的上帝
[00:25:28.960 --> 00:25:30.960]  祂是掌權的上帝
[00:25:30.960 --> 00:25:32.960]  祂是掌權的上帝
[00:25:32.960 --> 00:25:34.960]  祂是掌權的上帝
[00:25:34.960 --> 00:25:36.960]  祂是掌權的上帝
[00:25:36.960 --> 00:25:38.960]  祂是掌權的上帝
[00:25:38.960 --> 00:25:40.960]  祂是掌權的上帝
[00:25:40.960 --> 00:25:42.960]  祂是掌權的上帝
[00:25:42.960 --> 00:25:44.960]  祂是掌權的上帝
[00:25:44.960 --> 00:25:46.960]  祂是掌權的上帝
[00:25:46.960 --> 00:25:48.960]  祂是掌權的上帝
[00:25:48.960 --> 00:25:50.960]  因此神稱阿伯拉罕做什麼呢?
[00:25:50.960 --> 00:25:54.960]  做祂的朋友
[00:25:54.960 --> 00:25:57.960]  朋友表示一種很親密的關係
[00:25:57.960 --> 00:26:01.960]  而信心讓人成為神的朋友
[00:26:01.960 --> 00:26:05.960]  當然不單止偉大的阿伯拉罕有這份信心
[00:26:05.960 --> 00:26:08.960]  就算外邦的妓女
[00:26:08.960 --> 00:26:12.960]  一個很被人鄙視的人
[00:26:12.960 --> 00:26:14.960]  當她相信神的時候
[00:26:14.960 --> 00:26:16.960]  仍然被神所稱許
[00:26:16.960 --> 00:26:19.960]  她跟著的例子聖經提及一位妓女
[00:26:19.960 --> 00:26:21.960]  大家讀《若書雅記》就知道
[00:26:21.960 --> 00:26:23.960]  當兩個探子去到的時候
[00:26:23.960 --> 00:26:26.960]  妓女見到他們就跟他們說
[00:26:26.960 --> 00:26:29.960]  承認這位上帝是真神
[00:26:29.960 --> 00:26:31.960]  你們所信靠的耶和華上帝
[00:26:31.960 --> 00:26:36.960]  她說是上天下地的神
[00:26:36.960 --> 00:26:40.960]  而她知道上帝已經將我們這塊土地賜給你們
[00:26:40.960 --> 00:26:42.960]  她認識這位上帝
[00:26:42.960 --> 00:26:45.960]  因此她的行為配合著
[00:26:45.960 --> 00:26:48.960]  她就冒生命的危險
[00:26:48.960 --> 00:26:50.960]  去解救這兩位探子
[00:26:50.960 --> 00:26:53.960]  讓他們能夠平安的回去
[00:26:53.960 --> 00:26:54.960]  所以聖經就說
[00:26:54.960 --> 00:26:56.960]  你讀二十四節
[00:26:56.960 --> 00:27:01.960]  可見人稱義是因為行為
[00:27:01.960 --> 00:27:04.960]  不僅是因著信心
[00:27:04.960 --> 00:27:06.960]  這樣妓女拉合接待了探子
[00:27:06.960 --> 00:27:09.960]  又從另一條路把他們送走
[00:27:09.960 --> 00:27:13.960]  也不是不也是因行為稱義嗎?
[00:27:13.960 --> 00:27:14.960]  然後最後聖經說
[00:27:14.960 --> 00:27:17.960]  身體沒有靈魂是死的
[00:27:17.960 --> 00:27:22.960]  照樣信心沒有行為也是死的
[00:27:22.960 --> 00:27:27.960]  沒有行為的信心是死的信心
[00:27:27.960 --> 00:27:28.960]  聖經甚至說
[00:27:28.960 --> 00:27:30.960]  好像一個身體
[00:27:30.960 --> 00:27:32.960]  你去過安息禮拜
[00:27:32.960 --> 00:27:34.960]  見到一個棺木放在前面
[00:27:34.960 --> 00:27:37.960]  裡面的人躺在那裡
[00:27:37.960 --> 00:27:39.960]  你知道是軀體
[00:27:39.960 --> 00:27:41.960]  是沒有靈魂的
[00:27:41.960 --> 00:27:44.960]  你一見到的時候,你不會走過去
[00:27:44.960 --> 00:27:46.960]  喂,你今天好嗎?
[00:27:46.960 --> 00:27:48.960]  他不會跟你打招呼
[00:27:48.960 --> 00:27:51.960]  因為他已經死去
[00:27:51.960 --> 00:27:53.960]  聖經用一個很直接的例子說
[00:27:53.960 --> 00:27:55.960]  沒有行為的信心
[00:27:55.960 --> 00:28:00.960]  好像一個沒有靈魂的軀體一樣
[00:28:00.960 --> 00:28:02.960]  以免我們留心
[00:28:02.960 --> 00:28:04.960]  如果你真正信靠神
[00:28:04.960 --> 00:28:07.960]  讓你的行為可以表達出來
[00:28:07.960 --> 00:28:10.960]  向神表明你的真實信心
[00:28:10.960 --> 00:28:13.960]  你的生命在當中
[00:28:13.960 --> 00:28:16.960]  可以真正蒙受神的恩惠
[00:28:16.960 --> 00:28:24.960]  我們一起祈禱
[00:28:24.960 --> 00:28:53.960]  請大家再為自己祈禱
[00:28:54.960 --> 00:28:59.960]  求主向我們施恩
[00:28:59.960 --> 00:29:02.960]  你已經藉著你寶貴的聖靈
[00:29:02.960 --> 00:29:04.960]  將舊恩賜下
[00:29:04.960 --> 00:29:07.960]  賜給我們信心
[00:29:07.960 --> 00:29:08.960]  求主保守我們
[00:29:08.960 --> 00:29:10.960]  留心我們所信的
[00:29:10.960 --> 00:29:12.960]  也都信著聖靈的感動
[00:29:12.960 --> 00:29:14.960]  可以行出來
[00:29:14.960 --> 00:29:16.960]  以致我們的行為
[00:29:16.960 --> 00:29:20.960]  向你顯明出我們對你真實的信靠
[00:29:20.960 --> 00:29:23.960]  求主幫助引領我們
[00:29:23.960 --> 00:29:25.960]  奉耶穌聖名祈禱
[00:29:25.960 --> 00:29:27.960]  阿們
