
[00:00:00.000 --> 00:00:04.040]  我稍後會讀一句電影的對白
[00:00:04.040 --> 00:00:05.840]  我不知道你們能否猜到
[00:00:05.840 --> 00:00:07.880]  或者是否記得這套電影
[00:00:07.880 --> 00:00:09.120]  很簡單的
[00:00:09.120 --> 00:00:12.120]  You Jump, I Jump
[00:00:12.120 --> 00:00:14.200]  知道是哪一套電影嗎?
[00:00:14.200 --> 00:00:16.240]  很多人都知道
[00:00:16.240 --> 00:00:18.560]  其實我沒有看過這套電影
[00:00:18.560 --> 00:00:19.760]  我告訴你一個秘密
[00:00:19.760 --> 00:00:23.560]  我從小到大都很害怕看愛情片
[00:00:23.560 --> 00:00:25.320]  特別是那些
[00:00:25.320 --> 00:00:28.480]  當戲回場的經典愛情片
[00:00:28.480 --> 00:00:30.120]  我一聽到就害怕
[00:00:30.120 --> 00:00:33.480]  所以我從來沒有看過這套電影
[00:00:33.480 --> 00:00:34.840]  但我知道這句對白
[00:00:34.840 --> 00:00:37.200]  因為這句對白我相信
[00:00:37.200 --> 00:00:41.280]  已經是在二十世紀的愛情電影中
[00:00:41.280 --> 00:00:44.240]  一句很經典的對白
[00:00:44.240 --> 00:00:46.080]  You Jump, I Jump
[00:00:46.080 --> 00:00:48.480]  大家知道它在說甚麼
[00:00:48.480 --> 00:00:51.920]  前陣子又有一套關於跳舞的電影
[00:00:51.920 --> 00:00:53.600]  我不知道你有沒有看
[00:00:53.600 --> 00:00:54.880]  我都沒有看
[00:00:54.880 --> 00:00:56.760]  但我知道那套電影又有一個對白
[00:00:56.760 --> 00:00:58.680]  又成為一個新的經典
[00:00:58.680 --> 00:01:00.680]  就是你可以為了跳舞
[00:01:00.680 --> 00:01:04.080]  去到多盡
[00:01:04.080 --> 00:01:05.400]  意思就是說
[00:01:05.400 --> 00:01:06.520]  為了要跳舞
[00:01:06.520 --> 00:01:09.120]  當然這是電影中的對白
[00:01:09.120 --> 00:01:12.080]  你會付上多大的代價
[00:01:12.080 --> 00:01:14.720]  各位這是一個很重要的挑戰
[00:01:14.720 --> 00:01:16.400]  因為今天這個世代裏
[00:01:16.400 --> 00:01:18.480]  有人問你為了一件事
[00:01:18.480 --> 00:01:22.520]  你會付多大的代價
[00:01:22.520 --> 00:01:26.040]  我今天很想將兩句經典的對白
[00:01:26.040 --> 00:01:27.880]  放在一起
[00:01:27.880 --> 00:01:30.720]  如果我們用You Jump, I Jump
[00:01:30.720 --> 00:01:34.160]  配合今天香港的處境
[00:01:34.160 --> 00:01:36.640]  我覺得可以這樣翻譯
[00:01:36.640 --> 00:01:39.160]  如果你去到多盡
[00:01:39.160 --> 00:01:43.400]  我就願意跟你去到多盡
[00:01:43.400 --> 00:01:45.960]  今天晚上我們的主題是
[00:01:45.960 --> 00:01:47.600]  為耶穌
[00:01:47.600 --> 00:01:51.960]  你可以去多盡
[00:01:51.960 --> 00:01:56.120]  所以按著You Jump, I Jump這個方式
[00:01:56.120 --> 00:01:58.240]  我覺得在開始的時候
[00:01:58.240 --> 00:02:00.760]  或者我們應該稍稍提一下
[00:02:00.760 --> 00:02:04.920]  頂姐妹你記不記得我們的恩主耶穌基督
[00:02:04.920 --> 00:02:07.840]  祂為了拯救你的生命的緣故
[00:02:07.840 --> 00:02:11.520]  為了讓我們得到這個永恆的盼望的緣故
[00:02:11.520 --> 00:02:14.960]  祂為我們去到多盡
[00:02:14.960 --> 00:02:18.120]  我相信我們可以想到很多
[00:02:18.120 --> 00:02:20.440]  我今晚就嘗試很簡單
[00:02:20.440 --> 00:02:22.440]  用赫西瑪利元的祈禱
[00:02:22.440 --> 00:02:26.920]  引發大家在這方面做多一點思想
[00:02:26.920 --> 00:02:29.560]  《社會福音書》裏都有記載
[00:02:29.560 --> 00:02:34.320]  耶穌基督在赫西瑪利元被捉拿的禱告
[00:02:34.320 --> 00:02:36.600]  那個記載都很相近
[00:02:36.600 --> 00:02:38.760]  所以因為經文這麼熟悉
[00:02:38.760 --> 00:02:41.520]  我就不讀那些經文出來
[00:02:41.520 --> 00:02:43.000]  當我問大家
[00:02:43.000 --> 00:02:47.080]  你思想回耶穌基督被埋的那一夜
[00:02:47.080 --> 00:02:49.280]  在赫西瑪利元祈禱的時候
[00:02:49.280 --> 00:02:51.160]  你會想到
[00:02:51.160 --> 00:02:56.520]  在那個情景表達祂為我們去到多盡
[00:02:56.520 --> 00:02:58.600]  可能我們會想起
[00:02:58.600 --> 00:03:02.640]  當時那三位和祂最親近的門徒
[00:03:02.640 --> 00:03:05.560]  應該最能夠體貼祂心意的門徒
[00:03:05.560 --> 00:03:08.800]  都已經睡了覺
[00:03:08.800 --> 00:03:12.040]  所以耶穌當時可能是很孤單
[00:03:12.040 --> 00:03:13.520]  因為祂應該有一班人
[00:03:13.520 --> 00:03:15.800]  有幾個最親密的人跟祂一起
[00:03:15.800 --> 00:03:17.840]  去分享、去分擔
[00:03:17.840 --> 00:03:19.440]  去面對這個處境
[00:03:19.440 --> 00:03:22.400]  但是他們竟然睡了覺
[00:03:22.400 --> 00:03:23.680]  約翰告訴我們
[00:03:23.680 --> 00:03:26.760]  當晚他們吃逾節晚餐的時候
[00:03:26.760 --> 00:03:29.400]  其實耶穌基督已經告訴他們
[00:03:29.400 --> 00:03:33.560]  那個危機已經來到門禁了
[00:03:33.560 --> 00:03:34.760]  捉拿祂的人
[00:03:34.760 --> 00:03:38.640]  或者祂面對被捉死亡這個處境
[00:03:38.640 --> 00:03:40.040]  已經很近了
[00:03:40.040 --> 00:03:44.360]  但是這些門徒竟然敵不過睡魔的誘惑
[00:03:44.360 --> 00:03:48.800]  沒有一個跟祂同心、警醒和祈禱
[00:03:48.800 --> 00:03:50.480]  可能我們會記得
[00:03:50.480 --> 00:03:52.360]  在赫西瑪聯的祈禱
[00:03:52.360 --> 00:03:55.480]  耶穌基督怎樣精細力竭
[00:03:55.480 --> 00:03:57.280]  看敵如雨
[00:03:57.280 --> 00:03:59.920]  三次向上帝禱告說
[00:03:59.920 --> 00:04:04.680]  可不可以將這個苦杯拿走
[00:04:04.680 --> 00:04:06.200]  可能我們會記得
[00:04:06.200 --> 00:04:08.400]  路加特別提出
[00:04:08.400 --> 00:04:09.280]  他說
[00:04:09.280 --> 00:04:11.080]  耶穌基督軟弱到一個地步
[00:04:11.080 --> 00:04:13.480]  上帝要差派祂的使者
[00:04:13.480 --> 00:04:16.960]  來添加祂的力量
[00:04:16.960 --> 00:04:19.800]  當然我們更加會記得
[00:04:19.800 --> 00:04:21.920]  耶穌基督在赫西瑪利兒裡面
[00:04:21.920 --> 00:04:27.080]  有一句很震撼心靈的祈禱是什麼
[00:04:27.080 --> 00:04:28.880]  不要照我的意思
[00:04:28.880 --> 00:04:32.320]  只要照祢的意思
[00:04:32.320 --> 00:04:34.240]  各位弟兄姊妹
[00:04:34.240 --> 00:04:37.080]  這一句禱文代表耶穌基督
[00:04:37.080 --> 00:04:40.360]  當時祂做了一個什麼決定
[00:04:40.360 --> 00:04:42.240]  祂是怎樣
[00:04:42.240 --> 00:04:44.480]  這是一個信服的祈禱
[00:04:44.480 --> 00:04:47.720]  代表祂願意為我們緣故
[00:04:47.720 --> 00:04:50.040]  為我們的生命去到盡
[00:04:50.040 --> 00:04:50.800]  各位
[00:04:50.800 --> 00:04:53.080]  當耶穌願意為我們的生命
[00:04:53.080 --> 00:04:54.760]  為拯救我們的緣故
[00:04:54.760 --> 00:04:56.800]  去到盡祂的生命的時候
[00:04:56.800 --> 00:04:57.920]  意思就是說
[00:04:57.920 --> 00:04:59.640]  祂已經準備好
[00:04:59.640 --> 00:05:04.920]  面對人生極大的屈辱
[00:05:04.920 --> 00:05:07.120]  被捉拿被受審的過程
[00:05:07.120 --> 00:05:09.680]  耶穌基督面對最大的屈辱
[00:05:09.680 --> 00:05:12.680]  祂已經準備好為我們的緣故
[00:05:12.680 --> 00:05:16.200]  承擔肉體的煎熬
[00:05:16.200 --> 00:05:20.040]  祂已經準備好為擔當世人的罪的緣故
[00:05:20.040 --> 00:05:26.240]  要承受和天父暫時分離的心碎
[00:05:26.240 --> 00:05:27.760]  祂也準備好
[00:05:27.760 --> 00:05:31.040]  為了愛我們拯救我們的緣故
[00:05:31.040 --> 00:05:33.920]  面對死亡的黑暗
[00:05:33.920 --> 00:05:36.920]  所以祂為我們
[00:05:36.920 --> 00:05:41.400]  甘心喝下這杯苦杯
[00:05:41.400 --> 00:05:45.720]  這就是耶穌基督為我們去到盡
[00:05:45.720 --> 00:05:47.880]  一個很具體的表現
[00:05:47.880 --> 00:05:49.560]  昨天晚上我也提過
[00:05:49.560 --> 00:05:52.800]  有一位在加拿大推動靈修運動的
[00:05:52.800 --> 00:05:54.720]  童工叫 Gary Thomas
[00:05:54.720 --> 00:05:57.120]  在他的作品《與神相遇》裡面
[00:05:57.120 --> 00:06:00.240]  他曾經對赫西瑪利的祈禱
[00:06:00.240 --> 00:06:01.880]  有這樣的詮釋
[00:06:01.880 --> 00:06:03.480]  Gary Thomas 他這樣說
[00:06:03.480 --> 00:06:06.360]  他說真正的戰場
[00:06:06.360 --> 00:06:08.960]  耶穌基督面對最真的戰場
[00:06:08.960 --> 00:06:11.520]  其實是在赫西瑪利縣
[00:06:11.520 --> 00:06:14.360]  因為各國他
[00:06:14.360 --> 00:06:16.920]  在各國他身上 他要做的
[00:06:16.920 --> 00:06:20.000]  本來就是他來到一定要做的事情
[00:06:20.000 --> 00:06:22.680]  但是赫西瑪利縣
[00:06:22.680 --> 00:06:25.960]  才是最重要的屬靈戰場
[00:06:25.960 --> 00:06:28.560]  耶穌基督在那裡
[00:06:28.560 --> 00:06:30.880]  祂作出了馴服
[00:06:30.880 --> 00:06:33.680]  這個最終的決定
[00:06:33.680 --> 00:06:35.600]  在痛苦
[00:06:35.600 --> 00:06:38.880]  在勇敢面對捨己的行動裡面
[00:06:38.880 --> 00:06:40.920]  耶穌證明了
[00:06:40.920 --> 00:06:42.800]  祂的信心
[00:06:42.800 --> 00:06:45.320]  和祂持久的能力
[00:06:45.320 --> 00:06:48.040]  而這個信心和持久的能力
[00:06:48.040 --> 00:06:51.920]  就是為我們將生命去盡
[00:06:51.920 --> 00:06:55.480]  讓我們得到永恆盼望的一個行動
[00:06:55.480 --> 00:06:58.040]  各位我相信我不需要再引經據典
[00:06:58.040 --> 00:06:59.720]  再講很多例證
[00:06:59.720 --> 00:07:03.880]  去證明耶穌基督已經為我們去到極盡
[00:07:03.880 --> 00:07:06.040]  我相信只要你今晚
[00:07:06.040 --> 00:07:07.840]  願意安靜下來
[00:07:07.840 --> 00:07:10.240]  嘗試回顧一下你自己的生命
[00:07:10.240 --> 00:07:11.400]  各位弟兄姊妹
[00:07:11.400 --> 00:07:12.600]  我們中間
[00:07:12.600 --> 00:07:16.840]  我相信絕大部分都已經信了耶穌一段很長的時間
[00:07:16.840 --> 00:07:19.640]  我們都經歷過耶穌基督的恩典
[00:07:19.640 --> 00:07:22.200]  如果你願意安靜下來
[00:07:22.200 --> 00:07:23.400]  回顧一下
[00:07:23.400 --> 00:07:25.000]  在你過去的人生
[00:07:25.000 --> 00:07:27.880]  你怎樣經歷上帝的慈愛
[00:07:27.880 --> 00:07:29.760]  你都會發現
[00:07:29.760 --> 00:07:34.120]  其實祂持續不斷的去愛我們
[00:07:34.120 --> 00:07:37.120]  你會發覺祂那個犧牲的愛
[00:07:37.120 --> 00:07:41.320]  怎樣幫助我們去成長
[00:07:41.320 --> 00:07:44.280]  You jump, I jump
[00:07:44.280 --> 00:07:49.160]  耶穌為你的生命去到極盡
[00:07:49.160 --> 00:07:50.360]  是不是說
[00:07:50.360 --> 00:07:52.360]  我們跟從耶穌的人
[00:07:52.360 --> 00:07:55.400]  都為祂去到極盡呢
[00:07:55.400 --> 00:07:59.600]  我相信這個是我們很重要思想的地方
[00:07:59.600 --> 00:08:04.480]  究竟我們面對為我們生命去到極盡的耶穌
[00:08:04.480 --> 00:08:08.560]  我們怎樣回應
[00:08:08.560 --> 00:08:11.640]  你面對基督的愛和恩典
[00:08:11.640 --> 00:08:14.120]  究竟你保留了什麼
[00:08:14.120 --> 00:08:17.560]  剛才主席黃健方牧師為我們讀出
[00:08:17.560 --> 00:08:19.880]  《羅格福音》第十八章
[00:08:19.880 --> 00:08:22.720]  第十八節到第二十三節
[00:08:22.720 --> 00:08:25.680]  這裡記載了在耶穌基督工作的
[00:08:25.680 --> 00:08:27.680]  比較後期的階段
[00:08:27.680 --> 00:08:30.200]  一個很重要的事情
[00:08:30.200 --> 00:08:32.360]  因為這裡告訴我們
[00:08:32.360 --> 00:08:35.200]  有一個人去找耶穌
[00:08:35.200 --> 00:08:36.520]  所以我盼望大家
[00:08:36.520 --> 00:08:37.800]  回到這段聖經
[00:08:37.800 --> 00:08:39.960]  待會我們會再看一看這段聖經
[00:08:39.960 --> 00:08:41.120]  這裡告訴我們
[00:08:41.120 --> 00:08:44.760]  這個人盼望承受永生
[00:08:44.760 --> 00:08:46.880]  於是他去找耶穌
[00:08:46.880 --> 00:08:50.680]  而耶穌和這個少年的官的互動
[00:08:50.680 --> 00:08:52.040]  在這個問題上
[00:08:52.040 --> 00:08:55.560]  我相信給我們很多反省的空間
[00:08:55.560 --> 00:08:58.680]  其實這段經文所記載的事件
[00:08:58.680 --> 00:09:03.120]  在《馬太》和《馬可》同樣都有記載
[00:09:03.120 --> 00:09:06.200]  《馬太》告訴我們他是一個少年人
[00:09:06.200 --> 00:09:07.720]  當然大家都知道
[00:09:07.720 --> 00:09:09.720]  聖經裡面說的少年人
[00:09:09.720 --> 00:09:12.840]  可以少年到四十歲
[00:09:12.840 --> 00:09:14.800]  所以這個少年人是大家的印象
[00:09:14.800 --> 00:09:17.320]  但我們大家基本上都是少年階段
[00:09:17.320 --> 00:09:19.320]  或者過了不久
[00:09:19.320 --> 00:09:21.640]  少年人是一個大概的二年
[00:09:21.640 --> 00:09:23.360]  路加告訴我們
[00:09:23.360 --> 00:09:25.480]  他是一個官
[00:09:25.480 --> 00:09:27.320]  但《馬可》的記載也很獨特
[00:09:27.320 --> 00:09:28.920]  因為《馬可》告訴我們
[00:09:28.920 --> 00:09:30.720]  這是一個很謙卑的人
[00:09:30.720 --> 00:09:31.480]  為什麼呢?
[00:09:31.480 --> 00:09:32.840]  唯有《馬可》記載
[00:09:32.840 --> 00:09:37.560]  他是跑去跪在耶穌面前問這個問題
[00:09:37.560 --> 00:09:40.680]  當然這個少年官
[00:09:40.680 --> 00:09:43.200]  當我們看回他整個記載的時候
[00:09:43.200 --> 00:09:45.680]  我們就會發覺其實他的表現
[00:09:45.680 --> 00:09:48.320]  可能和今天在教會裡面
[00:09:48.320 --> 00:09:50.360]  很多很熱心的信徒
[00:09:50.360 --> 00:09:52.840]  追求生命成長的信徒
[00:09:52.840 --> 00:09:54.520]  都有這樣的表現
[00:09:54.520 --> 00:09:56.920]  就是說他似乎是代表著一些
[00:09:56.920 --> 00:09:59.320]  在教會裡面很敬虔
[00:09:59.320 --> 00:10:01.640]  很追求生命成長的信徒
[00:10:01.640 --> 00:10:03.000]  很有這樣的影子
[00:10:03.000 --> 00:10:04.080]  我看來看去
[00:10:04.080 --> 00:10:06.320]  除了有一樣是不像的
[00:10:06.320 --> 00:10:07.760]  哪一樣是不像呢?
[00:10:07.760 --> 00:10:09.600]  就是三卷福音書都說
[00:10:09.600 --> 00:10:12.000]  這是一個很有錢的人
[00:10:12.000 --> 00:10:14.640]  對不起,我不是說大家沒有錢
[00:10:14.640 --> 00:10:15.720]  不過你要知道
[00:10:15.720 --> 00:10:18.120]  這裡說他很有錢是什麼意思
[00:10:18.120 --> 00:10:19.960]  因為經文的最後一句話
[00:10:19.960 --> 00:10:20.880]  這個人
[00:10:20.880 --> 00:10:22.800]  「肯付足」
[00:10:22.800 --> 00:10:25.760]  原來「肯付足」的「肯」這個副詞
[00:10:25.760 --> 00:10:28.120]  是強勁的意思
[00:10:28.120 --> 00:10:29.720]  如果我們看回這個詞
[00:10:29.720 --> 00:10:31.880]  路加是用「強勁」
[00:10:31.880 --> 00:10:32.960]  所以如果我們直譯
[00:10:32.960 --> 00:10:36.720]  就是這個人是強勁地付足
[00:10:36.720 --> 00:10:38.720]  就是有錢到不得了的
[00:10:38.720 --> 00:10:40.200]  如果我們用回
[00:10:40.200 --> 00:10:42.040]  我相信如果我們用回今天
[00:10:42.040 --> 00:10:43.680]  香港的情況的話
[00:10:43.680 --> 00:10:46.400]  我相信我們可以譯他為一個
[00:10:46.400 --> 00:10:48.880]  超級富豪
[00:10:48.880 --> 00:10:50.960]  如果在當代可能他有的錢
[00:10:50.960 --> 00:10:54.160]  可能和今天的李超人差不多
[00:10:54.160 --> 00:10:57.280]  因為他付足得很強勁
[00:10:57.280 --> 00:10:58.200]  各位
[00:10:58.200 --> 00:11:00.960]  我相信
[00:11:00.960 --> 00:11:03.720]  如果我們說我們不像他這麼付足
[00:11:03.720 --> 00:11:05.040]  也不是太過份
[00:11:05.040 --> 00:11:06.880]  有多少位你覺得你是
[00:11:06.880 --> 00:11:10.320]  強勁有錢的?
[00:11:10.320 --> 00:11:12.760]  我想我們也不會這樣認的
[00:11:12.760 --> 00:11:15.160]  但是除此之外
[00:11:15.160 --> 00:11:18.080]  我們看回三卷福音書裡面都表達
[00:11:18.080 --> 00:11:20.000]  這個財主
[00:11:20.000 --> 00:11:23.280]  他似乎是一個年輕有為
[00:11:23.280 --> 00:11:25.720]  有財有勢
[00:11:25.720 --> 00:11:27.000]  更加重要的
[00:11:27.000 --> 00:11:29.280]  他也挺有德行的
[00:11:29.280 --> 00:11:32.280]  他很努力持守律法對他的要求
[00:11:32.280 --> 00:11:33.800]  甚至有學者認為
[00:11:33.800 --> 00:11:35.600]  他說這個「官」這個詞
[00:11:35.600 --> 00:11:37.200]  路加用「官」這個詞
[00:11:37.200 --> 00:11:38.760]  很可能背後代表
[00:11:38.760 --> 00:11:43.920]  這個人可能是掌握在宗教方面的權力
[00:11:43.920 --> 00:11:46.440]  就是說他有一些宗教的勢力
[00:11:46.440 --> 00:11:49.520]  他是一個宗教的人士
[00:11:49.520 --> 00:11:53.880]  聖經將耶穌和這個人的對話記得很淺白
[00:11:53.880 --> 00:11:55.360]  很清楚
[00:11:55.360 --> 00:11:56.880]  只是不同的人
[00:11:56.880 --> 00:11:59.320]  對這位仁兄有不同的評價
[00:11:59.320 --> 00:12:02.640]  不如我們看回路加福音第十八章怎麼說
[00:12:02.640 --> 00:12:06.160]  第十八章第十八和第十九節
[00:12:06.160 --> 00:12:08.080]  就記載他怎麼找耶穌
[00:12:08.080 --> 00:12:10.640]  有一個官問耶穌說
[00:12:10.640 --> 00:12:12.120]  良善的夫子
[00:12:12.120 --> 00:12:17.040]  我該作什麼事才可以承受永生
[00:12:17.040 --> 00:12:18.400]  耶穌對他說
[00:12:18.400 --> 00:12:21.200]  你為什麼稱我是良善的
[00:12:21.200 --> 00:12:23.120]  除了神一位之外
[00:12:23.120 --> 00:12:25.120]  再沒有良善的
[00:12:25.120 --> 00:12:26.160]  各位
[00:12:26.160 --> 00:12:29.480]  當我們讀這段經文的時候
[00:12:29.480 --> 00:12:31.160]  我們發現有些人
[00:12:31.160 --> 00:12:32.160]  因為這個記載
[00:12:32.160 --> 00:12:36.560]  對這個良善官有些不同的評價
[00:12:36.560 --> 00:12:37.640]  有人認為
[00:12:37.640 --> 00:12:39.720]  他這樣跟耶穌說話
[00:12:39.720 --> 00:12:42.160]  其實是一個阿諛奉承的人
[00:12:42.160 --> 00:12:44.160]  托大腳
[00:12:44.160 --> 00:12:45.960]  但是也有人認為
[00:12:45.960 --> 00:12:48.800]  他這個表現應該是一個
[00:12:48.800 --> 00:12:50.960]  尋道的人
[00:12:50.960 --> 00:12:54.720]  向智者尊重的態度
[00:12:54.720 --> 00:12:56.200]  當然
[00:12:56.200 --> 00:12:58.680]  不同的人可能有不同的解說
[00:12:58.680 --> 00:12:59.560]  但是
[00:12:59.560 --> 00:13:01.720]  如果我們看回馬可福音的話
[00:13:01.720 --> 00:13:03.240]  在馬可的筆下
[00:13:03.240 --> 00:13:04.960]  他這樣記載
[00:13:04.960 --> 00:13:07.680]  耶穌跟這個青年人聊天的時候
[00:13:07.680 --> 00:13:08.640]  馬可說
[00:13:08.640 --> 00:13:10.440]  耶穌看著他
[00:13:10.440 --> 00:13:13.760]  就愛他
[00:13:13.760 --> 00:13:15.560]  如果我們接納
[00:13:15.560 --> 00:13:16.720]  我們同意
[00:13:16.720 --> 00:13:19.960]  馬可的傳統是由彼得那裡來的話
[00:13:19.960 --> 00:13:22.600]  彼得那時候應該是在那裡
[00:13:22.600 --> 00:13:24.080]  彼得看到耶穌
[00:13:24.080 --> 00:13:25.880]  愛這個青年人
[00:13:25.880 --> 00:13:27.440]  喜歡這個青年人
[00:13:27.440 --> 00:13:28.400]  因此
[00:13:28.400 --> 00:13:31.240]  我個人認為我們有理由相信
[00:13:31.240 --> 00:13:32.920]  耶穌都認為
[00:13:32.920 --> 00:13:34.720]  這個青年的官
[00:13:34.720 --> 00:13:36.840]  是真心以誠
[00:13:36.840 --> 00:13:40.400]  去求問一個永生的問題
[00:13:40.400 --> 00:13:42.920]  耶穌對他的回答都很特別
[00:13:42.920 --> 00:13:45.080]  因為耶穌回答他的時候
[00:13:45.080 --> 00:13:49.080]  祂就用十誡裡面其中五條誡命來回應
[00:13:49.080 --> 00:13:52.160]  所以第十八章的第二十節
[00:13:52.160 --> 00:13:53.480]  耶穌回應他的時候
[00:13:53.480 --> 00:13:54.520]  耶穌怎麼說
[00:13:54.520 --> 00:13:56.680]  第二十和第二十一節
[00:13:56.680 --> 00:13:58.080]  耶穌說
[00:13:58.080 --> 00:14:01.080]  誡命你是曉得的
[00:14:01.080 --> 00:14:02.360]  不可姦淫
[00:14:02.360 --> 00:14:03.480]  不可殺人
[00:14:03.480 --> 00:14:04.680]  不可偷渡
[00:14:04.680 --> 00:14:06.080]  不可作假見證
[00:14:06.080 --> 00:14:09.640]  當孝敬父母
[00:14:09.640 --> 00:14:11.880]  耶穌用十誡
[00:14:11.880 --> 00:14:15.600]  去回應尋道者的求問
[00:14:15.600 --> 00:14:17.400]  大家都知道十誡
[00:14:17.400 --> 00:14:18.640]  就是以色列人
[00:14:18.640 --> 00:14:22.280]  整個律法系統的基礎和總綱
[00:14:22.280 --> 00:14:23.840]  所有的律法
[00:14:23.840 --> 00:14:26.080]  是建基於十誡命
[00:14:26.080 --> 00:14:28.280]  而耶穌所提的
[00:14:28.280 --> 00:14:33.640]  就是涵蓋了十誡裡面第五到第九誡命
[00:14:33.640 --> 00:14:35.200]  這五誡命
[00:14:35.200 --> 00:14:38.880]  是提到人與人之間的相處關係
[00:14:38.880 --> 00:14:42.280]  所以是一些與行為和道德操守
[00:14:42.280 --> 00:14:44.680]  有關係的誡命
[00:14:44.680 --> 00:14:47.680]  唐猷子博士教導我們
[00:14:47.680 --> 00:14:50.000]  他說在十誡裡面的第五誡
[00:14:50.000 --> 00:14:51.800]  當孝敬父母
[00:14:51.800 --> 00:14:56.280]  其實是介乎神人之間的誡命
[00:14:56.280 --> 00:14:59.200]  因為在古代猶太人的社會
[00:14:59.200 --> 00:15:01.600]  父母在家裡面
[00:15:01.600 --> 00:15:05.200]  是代表神的主權
[00:15:05.200 --> 00:15:07.480]  然後唐猷子牧師又教導我們
[00:15:07.480 --> 00:15:09.600]  他說十誡的最後一誡
[00:15:09.600 --> 00:15:11.280]  耶穌沒有提到那一誡
[00:15:11.280 --> 00:15:14.200]  不可以貪戀他人的財物
[00:15:14.200 --> 00:15:16.800]  這個「德」能夠貪戀
[00:15:16.800 --> 00:15:21.880]  是整個十誡前面的九誡命的總綱
[00:15:21.880 --> 00:15:24.280]  所以耶穌基督在這裡提到的
[00:15:24.280 --> 00:15:25.600]  那五誡命
[00:15:25.600 --> 00:15:28.400]  正正就是講了
[00:15:28.400 --> 00:15:31.400]  我們作為一個跟從上帝的人
[00:15:31.400 --> 00:15:34.800]  我們應該有那個行為規範
[00:15:34.800 --> 00:15:37.480]  和道德的表現
[00:15:37.480 --> 00:15:39.400]  而這個官
[00:15:39.400 --> 00:15:41.000]  這個少年的官
[00:15:41.000 --> 00:15:42.800]  他真的很厲害
[00:15:42.800 --> 00:15:44.400]  他說這一切
[00:15:44.400 --> 00:15:47.880]  我從小遵守了
[00:15:47.880 --> 00:15:51.880]  有多少人夠膽講這句話
[00:15:51.880 --> 00:15:54.000]  他在耶穌基督面前說
[00:15:54.000 --> 00:15:57.480]  這些誡命我遵守了
[00:15:57.480 --> 00:15:59.480]  按照猶太人的規矩
[00:15:59.480 --> 00:16:02.280]  一個男子是十二歲以後
[00:16:02.280 --> 00:16:05.680]  就要嚴格履行律法的責任
[00:16:05.680 --> 00:16:07.080]  意思就是說
[00:16:07.080 --> 00:16:09.400]  我十二歲開始
[00:16:09.400 --> 00:16:13.280]  就已經守了這些誡命
[00:16:13.280 --> 00:16:16.600]  各位,很不簡單
[00:16:16.600 --> 00:16:18.200]  我們有誰敢說
[00:16:18.200 --> 00:16:20.680]  我們比他更虔誠
[00:16:20.680 --> 00:16:24.000]  我們有誰敢說我們比他更優越
[00:16:24.000 --> 00:16:26.480]  於是耶穌愛他
[00:16:26.480 --> 00:16:31.000]  耶穌向他提出最核心的說話
[00:16:31.000 --> 00:16:33.600]  所以整件事件最重要的
[00:16:33.600 --> 00:16:36.400]  是第22和第23節
[00:16:36.400 --> 00:16:38.000]  你看這兩節怎麼說
[00:16:38.000 --> 00:16:40.400]  耶穌聽見了就說
[00:16:40.400 --> 00:16:44.400]  你還缺少一件
[00:16:44.400 --> 00:16:46.280]  只是那一件
[00:16:46.280 --> 00:16:49.800]  要變賣你一切所有的分級窮人
[00:16:49.800 --> 00:16:52.480]  就必有財寶在天上
[00:16:52.480 --> 00:16:55.800]  你還要來跟從我
[00:16:55.800 --> 00:16:58.400]  他聽見這話
[00:16:58.400 --> 00:17:00.680]  就甚憂愁
[00:17:00.680 --> 00:17:04.200]  因為他很富足
[00:17:04.200 --> 00:17:07.600]  他財寶很厲害
[00:17:07.600 --> 00:17:10.200]  所以他沒有辦法接納
[00:17:10.200 --> 00:17:12.400]  各位這位超級富豪
[00:17:12.400 --> 00:17:14.400]  社會賢達
[00:17:14.400 --> 00:17:16.600]  特種好人
[00:17:16.600 --> 00:17:21.800]  最後變成一個憂憂愁愁的人
[00:17:21.800 --> 00:17:24.400]  所以剛才我們沒有讀到的
[00:17:24.400 --> 00:17:26.000]  其實跟著耶穌
[00:17:26.000 --> 00:17:28.400]  對這個人最終的回應就是
[00:17:28.400 --> 00:17:31.800]  有錢的人進天國
[00:17:31.800 --> 00:17:38.000]  比起駱駝穿過針眼更加困難
[00:17:38.000 --> 00:17:40.200]  當我們看到這段經文的時候
[00:17:40.200 --> 00:17:43.400]  或者我們讀到這件事件的時候
[00:17:43.400 --> 00:17:46.000]  我不知道你心裏有沒有這樣的感覺
[00:17:46.000 --> 00:17:47.200]  通常我們讀聖經
[00:17:47.200 --> 00:17:48.800]  有些感覺是我們裏面有的
[00:17:48.800 --> 00:17:50.600]  但我們不敢說出來
[00:17:50.600 --> 00:17:52.800]  現在我就大膽說出來
[00:17:52.800 --> 00:17:55.400]  苛不苛刻一點
[00:17:55.400 --> 00:17:57.000]  你們有沒有這樣的感覺
[00:17:57.000 --> 00:17:59.800]  耶穌對這個少年官是不是很苛刻
[00:17:59.800 --> 00:18:02.000]  要求高不高一點
[00:18:02.000 --> 00:18:04.200]  他已經做了很多事
[00:18:04.200 --> 00:18:05.800]  很好了
[00:18:05.800 --> 00:18:07.600]  好像今天我們面對信仰
[00:18:07.600 --> 00:18:10.200]  我們經常都很怕牧師在台上說
[00:18:10.200 --> 00:18:11.400]  我們要怎樣奉獻
[00:18:11.400 --> 00:18:12.800]  我們要為上帝去盡一點
[00:18:12.800 --> 00:18:13.600]  為什麼
[00:18:13.600 --> 00:18:15.200]  我已經去到很盡了
[00:18:15.200 --> 00:18:17.800]  你還要求我多少呢
[00:18:17.800 --> 00:18:20.400]  其實耶穌是不是真的對他太苛刻
[00:18:20.400 --> 00:18:22.600]  這個要求是不是真的做不到呢
[00:18:22.600 --> 00:18:25.200]  如果我們再跳遠一點
[00:18:25.200 --> 00:18:27.800]  我相信今天我不會讀這段經文
[00:18:27.800 --> 00:18:31.000]  這個少年的官在路加福音第十八章
[00:18:31.000 --> 00:18:34.200]  但在路加福音第十九章第一到第十節
[00:18:34.200 --> 00:18:36.600]  記載耶穌最後一次上耶路撒冷
[00:18:36.600 --> 00:18:38.400]  經過耶利哥城的時候
[00:18:38.400 --> 00:18:42.200]  他遇到另外一個超級富豪
[00:18:42.200 --> 00:18:46.000]  這個超級富豪是臭名遠播
[00:18:46.000 --> 00:18:48.600]  無論是人品各方面
[00:18:48.600 --> 00:18:51.600]  都和這個少年的官有天淵之別的
[00:18:51.600 --> 00:18:56.800]  瑞利獎他叫做什麼名字 薩戈
[00:18:56.800 --> 00:19:00.400]  通常我們都記得那些蟻人
[00:19:00.400 --> 00:19:03.600]  這個薩戈臭名遠播
[00:19:03.600 --> 00:19:05.000]  但大家記不記得
[00:19:05.000 --> 00:19:07.800]  當薩戈遇到耶穌之後
[00:19:07.800 --> 00:19:13.200]  他能夠將他所有的拿出來周濟窮人
[00:19:13.200 --> 00:19:16.000]  薩戈做得到
[00:19:16.000 --> 00:19:17.600]  他告訴耶穌
[00:19:17.600 --> 00:19:20.400]  當耶穌說我今晚要去你的家坐直的時候
[00:19:20.400 --> 00:19:25.000]  他說什麼 我要將我以前訛詐過的四倍還給別人
[00:19:25.000 --> 00:19:29.400]  然後我要變賣一切去分給窮人
[00:19:29.400 --> 00:19:31.400]  薩戈做得到
[00:19:31.400 --> 00:19:35.200]  所以我們會看到耶穌基督對這些超級富豪的要求
[00:19:35.200 --> 00:19:38.000]  其實不是一個太苛刻的要求
[00:19:38.000 --> 00:19:41.000]  其實耶穌基督發出這個要求
[00:19:41.000 --> 00:19:43.600]  是因為他看到這個少年的官
[00:19:43.600 --> 00:19:45.400]  或者他看到今天
[00:19:45.400 --> 00:19:48.800]  我們很多很想去回應上帝的恩典
[00:19:48.800 --> 00:19:50.400]  做好基督徒的人
[00:19:50.400 --> 00:19:56.400]  我們的生命都有一個缺乏
[00:19:56.400 --> 00:20:00.000]  為什麼這個少年的官做不到
[00:20:00.000 --> 00:20:01.400]  對於我們的思想
[00:20:01.400 --> 00:20:04.000]  我們能夠為耶穌去到多盡
[00:20:04.000 --> 00:20:06.000]  究竟這個少年的官的生命
[00:20:06.000 --> 00:20:08.800]  被什麼提醒我們呢 各位弟妹
[00:20:08.800 --> 00:20:11.400]  我相信阻礙這個少年的官
[00:20:11.400 --> 00:20:15.000]  為耶穌去得更盡的其中一個原因
[00:20:15.000 --> 00:20:18.600]  就是因為他太完美了
[00:20:18.600 --> 00:20:20.600]  各位
[00:20:20.600 --> 00:20:23.400]  他擁有的實在太好了
[00:20:23.400 --> 00:20:27.200]  他擁有的實在太多了
[00:20:27.200 --> 00:20:29.000]  各位你同不同意
[00:20:29.000 --> 00:20:32.000]  完美的人生 特別是香港人
[00:20:32.000 --> 00:20:33.800]  我們對人生是怎樣
[00:20:33.800 --> 00:20:36.200]  或者我們對什麼叫完美的人生
[00:20:36.200 --> 00:20:38.800]  其實我們有一套標準
[00:20:38.800 --> 00:20:42.400]  今天在互聯網裏有人傳了一個信息給我
[00:20:42.400 --> 00:20:46.000]  有一位在中大教了四年的教授
[00:20:46.000 --> 00:20:50.800]  他說香港人請我們不要在同一個生產線出來
[00:20:50.800 --> 00:20:52.800]  有沒有看過這一段
[00:20:52.800 --> 00:20:56.600]  他說我們香港人好像是在同一個生產線出來的
[00:20:56.600 --> 00:20:59.000]  意思就是說我們對我們的人生
[00:20:59.000 --> 00:21:00.400]  好像倒模一樣的
[00:21:00.400 --> 00:21:04.800]  個個對人生的看法都是很相似的
[00:21:04.800 --> 00:21:05.800]  各位
[00:21:05.800 --> 00:21:09.000]  我們都會看到這個少年的官
[00:21:09.000 --> 00:21:10.800]  他的人生真的很完美
[00:21:10.800 --> 00:21:14.200]  剛才我們說他真的是一個非常好的人
[00:21:14.200 --> 00:21:16.600]  他去找耶穌 為什麼
[00:21:16.600 --> 00:21:20.600]  我相信是因為他很想掌握那個永生
[00:21:20.600 --> 00:21:22.200]  他要承受永生
[00:21:22.200 --> 00:21:27.600]  是因為他需要將他這麼完美的人生延續下去
[00:21:27.600 --> 00:21:30.600]  延到永恆
[00:21:30.600 --> 00:21:34.600]  所以他去找什麼叫永生
[00:21:34.600 --> 00:21:36.000]  怎樣承受永生
[00:21:36.000 --> 00:21:42.000]  是他完美的人生一個錦上添花的行動
[00:21:42.000 --> 00:21:45.600]  他知道當我找到這一樣東西
[00:21:45.600 --> 00:21:48.400]  我的人生更加圓滿
[00:21:48.400 --> 00:21:51.400]  我的人生更加好
[00:21:51.400 --> 00:21:53.200]  各位這個戲不是就是今天
[00:21:53.200 --> 00:21:55.400]  我們很多人看我們的信仰
[00:21:55.400 --> 00:21:58.800]  我們都會有的態度嗎
[00:21:58.800 --> 00:22:02.400]  我們為什麼要信耶穌
[00:22:02.400 --> 00:22:04.400]  這個是我昨晚結束的時候
[00:22:04.400 --> 00:22:06.600]  告訴大家 我一直問這個問題
[00:22:06.600 --> 00:22:12.000]  我自己今天都在問我自己這個問題
[00:22:12.000 --> 00:22:15.400]  信耶穌 跟從耶穌
[00:22:15.400 --> 00:22:19.200]  對我生命的意義是什麼
[00:22:19.200 --> 00:22:23.200]  今天我們發覺我們生命裡面太多東西很重要
[00:22:23.200 --> 00:22:24.400]  你同意嗎
[00:22:24.400 --> 00:22:26.400]  我們人生裡面很多人告訴我們
[00:22:26.400 --> 00:22:28.600]  很多東西都很重要
[00:22:28.600 --> 00:22:31.600]  生命要為上帝去得盡一點
[00:22:31.600 --> 00:22:34.000]  我們真的要付很大的代價
[00:22:34.000 --> 00:22:36.800]  但是我們人生這麼多重要的事情
[00:22:36.800 --> 00:22:41.200]  完美的幸福的人生的元素有這麼多
[00:22:41.200 --> 00:22:43.200]  每一樣東西都這麼好
[00:22:43.200 --> 00:22:45.000]  我怎麼可能
[00:22:45.000 --> 00:22:50.000]  我怎樣去犧牲任何一樣
[00:22:50.000 --> 00:22:55.600]  去尋求那個虛無飄渺的跟從耶穌
[00:22:55.600 --> 00:22:57.400]  這個決定呢
[00:22:57.400 --> 00:22:59.600]  可能你自己都會面對過
[00:22:59.600 --> 00:23:01.800]  又或者你都會聽過
[00:23:01.800 --> 00:23:06.200]  有很多頂姐妹對於回應神的呼召
[00:23:06.200 --> 00:23:08.200]  有這樣的掙扎
[00:23:08.200 --> 00:23:11.000]  有這樣的矛盾
[00:23:11.000 --> 00:23:14.200]  有這樣的衝擊
[00:23:14.200 --> 00:23:16.600]  有些頂姐妹告訴我們
[00:23:16.600 --> 00:23:20.200]  我都很想奉獻
[00:23:20.200 --> 00:23:22.600]  全時間去侍奉上帝
[00:23:22.600 --> 00:23:25.600]  我很想為上帝去得盡一點
[00:23:25.600 --> 00:23:28.800]  不過我的老闆跟我說
[00:23:28.800 --> 00:23:33.200]  如果我好一點做下去的話,遲一點就可以升職了
[00:23:33.200 --> 00:23:35.000]  你有沒有聽過
[00:23:35.000 --> 00:23:37.200]  升職之後會加薪
[00:23:37.200 --> 00:23:40.600]  當然辛苦都會加的,不過薪又會加
[00:23:40.600 --> 00:23:43.000]  所以我供樓會舒服一點
[00:23:43.000 --> 00:23:45.200]  然後我可以買一層大一點的樓
[00:23:45.200 --> 00:23:49.600]  讓我家裡的小朋友和我的家人住得舒服一點
[00:23:49.600 --> 00:23:51.600]  也都有一些人會告訴我們
[00:23:51.600 --> 00:23:54.600]  是,我都知道我應該為上帝去盡一點
[00:23:54.600 --> 00:23:56.600]  我應該要奉獻我的生命
[00:23:56.600 --> 00:24:00.200]  但是你要知道,牧師,我的兒子還很小
[00:24:00.200 --> 00:24:05.800]  現在是他最需要我陪伴他成長的時候
[00:24:05.800 --> 00:24:09.400]  奉獻之後,我就沒時間陪伴他成長了
[00:24:09.400 --> 00:24:12.000]  為什麼他這麼清楚奉獻之後會這樣的呢?
[00:24:12.000 --> 00:24:14.200]  可能牧師傳道做得不好
[00:24:14.200 --> 00:24:16.000]  嚇壞了那些弟兄姐妹
[00:24:16.000 --> 00:24:18.800]  奉獻之後,我的子女放假的時候
[00:24:18.800 --> 00:24:22.000]  我又要在教會,我每晚要去開會
[00:24:22.000 --> 00:24:24.200]  我沒辦法陪他成長
[00:24:24.200 --> 00:24:29.800]  這樣好像奉獻了自己,對子女不負責任
[00:24:29.800 --> 00:24:32.000]  所以我們做父母的常常會覺得
[00:24:32.000 --> 00:24:33.400]  是我們對子女負責任
[00:24:33.400 --> 00:24:36.600]  上帝不會對他們負責任
[00:24:36.600 --> 00:24:40.000]  我們從小到大就給他們這樣的觀念
[00:24:40.000 --> 00:24:43.000]  或者,有些人會這樣想
[00:24:43.000 --> 00:24:45.000]  是,我知道奉獻給上帝
[00:24:45.000 --> 00:24:47.800]  或者我為上帝去盡一點是很好的
[00:24:47.800 --> 00:24:51.000]  不過如果我可以先賺多一點錢
[00:24:51.000 --> 00:24:55.600]  我可以為我的家人預備更好的生活
[00:24:55.600 --> 00:25:00.600]  然後才行動,這樣不是更好了嗎?
[00:25:00.600 --> 00:25:02.200]  我不是不回應
[00:25:02.200 --> 00:25:06.800]  不過,可不可以部署好一點?
[00:25:06.800 --> 00:25:09.600]  可不可以多留一點?
[00:25:09.600 --> 00:25:11.800]  可不可以先賣了層樓?
[00:25:11.800 --> 00:25:14.200]  將來賣層樓也可以賣多一點錢
[00:25:14.200 --> 00:25:16.600]  可不可以怎樣?
[00:25:16.600 --> 00:25:18.800]  總之,我的人生
[00:25:18.800 --> 00:25:22.600]  現在還有很多很完美的事
[00:25:22.600 --> 00:25:27.000]  我需要先做好
[00:25:27.000 --> 00:25:31.600]  今天,我們很多人會認為
[00:25:31.600 --> 00:25:36.000]  我們的人生有很多很完美的追求
[00:25:36.000 --> 00:25:38.200]  另一個原因是什麼?
[00:25:38.200 --> 00:25:40.400]  我相信另一個原因是因為信徒
[00:25:40.400 --> 00:25:45.800]  往往我們只看到信仰給我們什麼把握
[00:25:45.800 --> 00:25:50.800]  你一個少年的官,他來到耶穌面前問什麼?
[00:25:50.800 --> 00:25:53.400]  我怎樣承受永生?
[00:25:53.400 --> 00:25:56.400]  我想拿一個把握
[00:25:56.400 --> 00:25:58.800]  你講一套方程式給我聽
[00:25:58.800 --> 00:26:03.000]  你告訴我怎樣做,我可以拿到這件事
[00:26:03.000 --> 00:26:06.000]  因為可能很多頂尖會對信仰都是這樣看的
[00:26:06.000 --> 00:26:07.400]  牧師你告訴我
[00:26:07.400 --> 00:26:11.200]  我上了那個課程,我的靈性就會高一點,是不是?
[00:26:11.200 --> 00:26:15.600]  我上了你的主要課,我就會提升一點,是不是?
[00:26:15.600 --> 00:26:18.000]  今天我們很多時候看我們的信仰
[00:26:18.000 --> 00:26:21.200]  是因為我們很想拿到一些我們能捉到的東西
[00:26:21.200 --> 00:26:22.800]  這是一個把握
[00:26:22.800 --> 00:26:25.200]  但是耶穌說什麼?
[00:26:25.200 --> 00:26:33.600]  耶穌說信祂,跟從祂是一個關係
[00:26:33.600 --> 00:26:37.200]  不是拿一個把握,是建立一個關係
[00:26:37.200 --> 00:26:38.600]  所以耶穌跟他說
[00:26:38.600 --> 00:26:41.600]  你變賣了一切,因為那些東西阻礙著你
[00:26:41.600 --> 00:26:43.200]  然後最重要的是什麼?
[00:26:43.200 --> 00:26:46.600]  來跟從我
[00:26:46.600 --> 00:26:50.200]  各位聽眾,來跟從我是什麼意思?
[00:26:50.200 --> 00:26:52.600]  來跟從我的意思就是說
[00:26:52.600 --> 00:26:56.000]  你來要跟我生活在一起
[00:26:56.000 --> 00:26:59.200]  耶穌基督呼召他的門徒就是這樣的
[00:26:59.200 --> 00:27:00.800]  你撇下所有一切跟著我
[00:27:00.800 --> 00:27:02.200]  所以彼得就這樣做
[00:27:02.200 --> 00:27:03.200]  雅各就這樣做
[00:27:03.200 --> 00:27:04.400]  約翰就這樣做
[00:27:04.400 --> 00:27:08.200]  他就放下這一切去跟從耶穌
[00:27:08.200 --> 00:27:12.800]  跟從耶穌就是跟耶穌基督生活在一起
[00:27:12.800 --> 00:27:17.000]  他們建立了一種關係
[00:27:17.000 --> 00:27:22.200]  一種跟耶穌基督緊密相隨的關係
[00:27:22.200 --> 00:27:24.800]  這種緊密相隨的關係
[00:27:24.800 --> 00:27:28.000]  凝聚到一份愛的交流
[00:27:28.000 --> 00:27:30.200]  一份愛的關係
[00:27:30.200 --> 00:27:32.600]  各位弟兄姊妹,或者我們真的要問一問
[00:27:32.600 --> 00:27:37.400]  弟兄姊妹,你覺得信耶穌的意義在哪裡?
[00:27:37.400 --> 00:27:40.000]  你信耶穌是為了要拿著一些東西
[00:27:40.000 --> 00:27:42.600]  你找到一些把握
[00:27:42.600 --> 00:27:44.400]  還是你真的看到
[00:27:44.400 --> 00:27:47.800]  其實你跟耶穌基督之間
[00:27:47.800 --> 00:27:51.800]  建立著一種緊密相隨
[00:27:51.800 --> 00:27:58.800]  以致彼此相愛的心由而而出的那種關係
[00:27:58.800 --> 00:28:02.600]  耶穌跟這個少年孤冠說
[00:28:02.600 --> 00:28:05.800]  你要把握著永生
[00:28:05.800 --> 00:28:09.400]  就請你變賣你一切
[00:28:09.400 --> 00:28:12.400]  來跟從我
[00:28:12.400 --> 00:28:15.400]  請你放棄你要把握的東西
[00:28:15.400 --> 00:28:20.600]  來建立和我一個很緊密的關係
[00:28:20.600 --> 00:28:23.800]  其實耶穌基督在工作開始的時候
[00:28:23.800 --> 00:28:25.800]  就已經在說這件事
[00:28:25.800 --> 00:28:29.600]  如果你記得在《馬太福音》第五章到第七章
[00:28:29.600 --> 00:28:33.400]  耶穌說了第一篇在《馬太》記載的長篇的講道
[00:28:33.400 --> 00:28:36.000]  那個講道叫做登山補訓
[00:28:36.000 --> 00:28:38.600]  在第六章結束的時候
[00:28:38.600 --> 00:28:44.400]  登山補訓在《馬太福音》第六章第三十三到第三十四節
[00:28:44.400 --> 00:28:46.800]  這句話其實我們很熟悉的
[00:28:46.800 --> 00:28:49.200]  耶穌說什麼我們一起讀好不好
[00:28:49.200 --> 00:28:53.800]  你們要先求他的國和他的兒
[00:28:53.800 --> 00:28:58.200]  這些東西都要加給你們了
[00:28:58.200 --> 00:29:01.400]  所以不要為明天憂慮
[00:29:01.400 --> 00:29:04.800]  因為明天自有明天的憂慮
[00:29:04.800 --> 00:29:09.000]  一天的難處一天當就夠了
[00:29:09.000 --> 00:29:11.600]  各位大家不要忘記
[00:29:11.600 --> 00:29:14.400]  登山補訓在《馬太福音》第六章講到什麼
[00:29:14.400 --> 00:29:16.600]  很多憂慮的問題
[00:29:16.600 --> 00:29:20.200]  吃什麼穿什麼之類之類之類的問題
[00:29:20.200 --> 00:29:23.200]  耶穌總結這方面的教導的時候
[00:29:23.200 --> 00:29:25.000]  他就說了這句話
[00:29:25.000 --> 00:29:30.000]  他說你們要注意先後的問題
[00:29:30.000 --> 00:29:33.800]  所以這句話總結了整個登山補訓第六章的教訓
[00:29:33.800 --> 00:29:35.200]  他講到什麼
[00:29:35.200 --> 00:29:40.000]  講到我們跟從耶穌的人一種價值取向
[00:29:40.000 --> 00:29:43.400]  價值取向是優先次序的問題
[00:29:43.400 --> 00:29:45.400]  還有很多人經常跟我說
[00:29:45.400 --> 00:29:49.600]  林牧師你最近是不是很忙
[00:29:49.600 --> 00:29:51.000]  我很怕你很忙
[00:29:51.000 --> 00:29:52.800]  我不敢跟你聯絡
[00:29:52.800 --> 00:29:54.800]  這樣也可以的
[00:29:54.800 --> 00:29:56.800]  我每次的回應都是
[00:29:56.800 --> 00:30:01.800]  忙與不忙其實是一個價值的決定
[00:30:01.800 --> 00:30:03.800]  什麼是重要的事
[00:30:03.800 --> 00:30:05.800]  就將它擺在優先
[00:30:05.800 --> 00:30:07.200]  什麼是次要的事
[00:30:07.200 --> 00:30:10.000]  就將它擺在後面的位置
[00:30:10.000 --> 00:30:12.200]  我不知道你是否這樣決定的
[00:30:12.200 --> 00:30:15.000]  你是不是覺得重要的事你要先做
[00:30:15.000 --> 00:30:16.000]  是不是
[00:30:16.000 --> 00:30:18.800]  那些次要的事我們暫時放下
[00:30:18.800 --> 00:30:21.400]  所以你覺得哪樣東西是重要
[00:30:21.400 --> 00:30:22.600]  你先做哪樣東西
[00:30:22.600 --> 00:30:26.400]  你的精力擺在哪裏是代表你的價值取向
[00:30:26.400 --> 00:30:29.600]  這裏告訴我們
[00:30:29.600 --> 00:30:31.600]  耶穌基督告訴我們
[00:30:31.600 --> 00:30:33.600]  請我們注意
[00:30:33.600 --> 00:30:35.600]  什麼是先
[00:30:35.600 --> 00:30:37.600]  什麼是後
[00:30:37.600 --> 00:30:39.600]  那個優先次序
[00:30:39.600 --> 00:30:43.600]  讓我們找到我們人生應該有的決定
[00:30:43.600 --> 00:30:46.600]  還有我們應該有的價值取向
[00:30:46.600 --> 00:30:48.600]  這個少年的官
[00:30:48.600 --> 00:30:51.600]  很努力去建立他那個完美的人生
[00:30:51.600 --> 00:30:54.600]  我相信今天其實很多頂姐妹
[00:30:54.600 --> 00:30:56.600]  我們其實是很努力的
[00:30:56.600 --> 00:30:58.600]  在教會裏面我們遇到很多頂姐妹
[00:30:58.600 --> 00:31:01.600]  很努力很忠心去侍奉上帝
[00:31:01.600 --> 00:31:03.600]  其實真的很感動
[00:31:03.600 --> 00:31:05.600]  是非常之好的
[00:31:05.600 --> 00:31:06.600]  我相信包括你
[00:31:06.600 --> 00:31:09.600]  今晚你坐在這裏
[00:31:09.600 --> 00:31:12.600]  我們都是想為自己的人生
[00:31:12.600 --> 00:31:16.600]  找到圓滿和無憾的一個生活的經歷
[00:31:16.600 --> 00:31:19.600]  不過我們要問的是
[00:31:19.600 --> 00:31:21.600]  我們記不記得
[00:31:21.600 --> 00:31:23.600]  在上帝的眼裏
[00:31:23.600 --> 00:31:25.600]  什麼是重要
[00:31:25.600 --> 00:31:28.600]  今天我們最大的問題就是
[00:31:28.600 --> 00:31:31.600]  我們很容易將那個優先的次序
[00:31:31.600 --> 00:31:34.600]  本末倒置了
[00:31:34.600 --> 00:31:35.600]  上帝說
[00:31:35.600 --> 00:31:37.600]  先求他的國和他的義
[00:31:37.600 --> 00:31:39.600]  是最重要的
[00:31:39.600 --> 00:31:41.600]  所以那個是先做的事
[00:31:41.600 --> 00:31:44.600]  但是我們今天卻往往
[00:31:44.600 --> 00:31:48.600]  是先處理好這些東西
[00:31:48.600 --> 00:31:52.600]  然後再去問一下上帝的國
[00:31:52.600 --> 00:31:55.600]  上帝的義是怎麼樣
[00:31:55.600 --> 00:31:57.600]  當我們很努力
[00:31:57.600 --> 00:31:59.600]  營營役役地去處理好
[00:31:59.600 --> 00:32:03.600]  我們要找到完美的人生的時候
[00:32:03.600 --> 00:32:06.600]  你發不發覺可能我們失去了的
[00:32:06.600 --> 00:32:09.600]  就是我們生命最寶貴的東西
[00:32:09.600 --> 00:32:11.600]  好像這個少年的官
[00:32:11.600 --> 00:32:13.600]  我們的人生
[00:32:13.600 --> 00:32:15.600]  充滿壓力
[00:32:15.600 --> 00:32:17.600]  充滿迷茫
[00:32:17.600 --> 00:32:19.600]  有時憂愁
[00:32:19.600 --> 00:32:23.600]  因為我們很難找到真正的把握
[00:32:23.600 --> 00:32:25.600]  美國是一個超級大國
[00:32:25.600 --> 00:32:28.600]  大家都知道
[00:32:28.600 --> 00:32:30.600]  中國就是強國
[00:32:30.600 --> 00:32:32.600]  我們香港人說的
[00:32:32.600 --> 00:32:34.600]  中國人就是強國人
[00:32:34.600 --> 00:32:37.600]  美國人就是超級大國
[00:32:37.600 --> 00:32:41.600]  但是超級大國也有很多窮人
[00:32:41.600 --> 00:32:43.600]  去過美國的人就知道
[00:32:43.600 --> 00:32:45.600]  我記得幾年前
[00:32:45.600 --> 00:32:47.600]  我第一次去三藩市的時候
[00:32:47.600 --> 00:32:49.600]  也不是幾年前,十幾年前
[00:32:49.600 --> 00:32:51.600]  我第一次去三藩市的時候
[00:32:51.600 --> 00:32:53.600]  當時有同工開車
[00:32:53.600 --> 00:32:55.600]  我在三藩市的市區
[00:32:55.600 --> 00:32:57.600]  就是Downtown那裡
[00:32:57.600 --> 00:32:59.600]  讓我在車上游一下
[00:32:59.600 --> 00:33:01.600]  看一下就算了
[00:33:01.600 --> 00:33:03.600]  我有一個很深刻的印象
[00:33:03.600 --> 00:33:05.600]  就是在三藩市的Downtown
[00:33:05.600 --> 00:33:07.600]  就是那個市區裡面
[00:33:07.600 --> 00:33:09.600]  差不多每一條街
[00:33:09.600 --> 00:33:11.600]  我都見到最少有一個人
[00:33:11.600 --> 00:33:13.600]  是舉著牌子的
[00:33:13.600 --> 00:33:15.600]  有沒有見過?有沒有印象?
[00:33:15.600 --> 00:33:17.600]  他不是做廣告
[00:33:17.600 --> 00:33:19.600]  那個牌子是說什麼?
[00:33:19.600 --> 00:33:21.600]  我沒有東西吃
[00:33:21.600 --> 00:33:23.600]  我沒有家住
[00:33:23.600 --> 00:33:25.600]  我沒有東西吃
[00:33:25.600 --> 00:33:27.600]  我當時覺得很震撼
[00:33:27.600 --> 00:33:29.600]  因為每一條街都最少有一個
[00:33:29.600 --> 00:33:31.600]  是這樣舉著牌子
[00:33:31.600 --> 00:33:33.600]  想那些開車的人
[00:33:33.600 --> 00:33:35.600]  開過就給他兩塊
[00:33:35.600 --> 00:33:39.600]  我在美國聽過一個這樣的見證
[00:33:39.600 --> 00:33:41.600]  這個見證
[00:33:41.600 --> 00:33:43.600]  也給我一個很深刻的印象
[00:33:43.600 --> 00:33:45.600]  我講的就是一個流浪者
[00:33:45.600 --> 00:33:47.600]  這個流浪者
[00:33:47.600 --> 00:33:49.600]  當時分享的時候
[00:33:49.600 --> 00:33:51.600]  他已經三十多歲一個中年人
[00:33:51.600 --> 00:33:53.600]  他少年時代
[00:33:53.600 --> 00:33:55.600]  他為了要找他自己的自由的緣故
[00:33:55.600 --> 00:33:57.600]  所以他離家出走
[00:33:57.600 --> 00:33:59.600]  離開了家庭
[00:33:59.600 --> 00:34:01.600]  在美國很自然的
[00:34:01.600 --> 00:34:03.600]  可能十多歲走了
[00:34:03.600 --> 00:34:05.600]  父母就說你大了你自己搞定
[00:34:05.600 --> 00:34:07.600]  不過這個人的父母可能不是這樣
[00:34:07.600 --> 00:34:09.600]  他去找他自己的人生
[00:34:09.600 --> 00:34:11.600]  他要闖自己的天地
[00:34:11.600 --> 00:34:13.600]  近二十年的時間
[00:34:13.600 --> 00:34:15.600]  他沒有再跟他的家人聯絡
[00:34:15.600 --> 00:34:17.600]  在他離家之後
[00:34:17.600 --> 00:34:19.600]  曾經風光
[00:34:19.600 --> 00:34:21.600]  曾經放蕩
[00:34:21.600 --> 00:34:23.600]  結果呢
[00:34:23.600 --> 00:34:25.600]  窮途老道
[00:34:25.600 --> 00:34:27.600]  流落街頭
[00:34:27.600 --> 00:34:29.600]  他是其中一個那些舉牌的人
[00:34:29.600 --> 00:34:31.600]  這個人就說
[00:34:31.600 --> 00:34:33.600]  他每一天的生活是怎樣
[00:34:33.600 --> 00:34:35.600]  有一段很長的時間
[00:34:35.600 --> 00:34:37.600]  他每一天就去到不同的
[00:34:37.600 --> 00:34:39.600]  長途汽車站那裡
[00:34:39.600 --> 00:34:41.600]  有些巴士站
[00:34:41.600 --> 00:34:43.600]  他就專門去搭人肩膀
[00:34:43.600 --> 00:34:45.600]  不是搭劫
[00:34:45.600 --> 00:34:47.600]  原來美國有很多人這樣做
[00:34:47.600 --> 00:34:49.600]  搭人肩膀老兄給我一元
[00:34:49.600 --> 00:34:51.600]  我買杯咖啡喝
[00:34:51.600 --> 00:34:53.600]  現在一元可能買不到咖啡
[00:34:53.600 --> 00:34:55.600]  但他就這樣搭
[00:34:55.600 --> 00:34:57.600]  總有些人會給的
[00:34:57.600 --> 00:34:59.600]  因為美國人很單純的
[00:34:59.600 --> 00:35:01.600]  很有愛心的
[00:35:01.600 --> 00:35:03.600]  所以他每一天就是這樣
[00:35:03.600 --> 00:35:05.600]  老兄給我一元我買杯咖啡喝
[00:35:05.600 --> 00:35:07.600]  他每一天就是靠這樣
[00:35:07.600 --> 00:35:09.600]  來到那一天
[00:35:09.600 --> 00:35:11.600]  有一天他告訴我們
[00:35:11.600 --> 00:35:13.600]  他如常在那些公車站那裡
[00:35:13.600 --> 00:35:15.600]  就拍人的肩膀
[00:35:15.600 --> 00:35:17.600]  他拍了幾個之後
[00:35:17.600 --> 00:35:19.600]  又見到一個老人家坐在那裡
[00:35:19.600 --> 00:35:20.600]  背後盯著他
[00:35:20.600 --> 00:35:22.600]  那個老人家不知道他在那裡
[00:35:22.600 --> 00:35:23.600]  於是他又過去
[00:35:23.600 --> 00:35:25.600]  因為那些老人家通常都是善心一點的
[00:35:25.600 --> 00:35:27.600]  可能會多給兩元
[00:35:27.600 --> 00:35:29.600]  他又答老兄
[00:35:29.600 --> 00:35:31.600]  給我一元我買杯咖啡喝
[00:35:31.600 --> 00:35:33.600]  那個老人家轉身看一看他
[00:35:33.600 --> 00:35:35.600]  四目交投
[00:35:35.600 --> 00:35:38.600]  兩個人竟然相對無言
[00:35:38.600 --> 00:35:40.600]  我想你猜到
[00:35:40.600 --> 00:35:42.600]  他拍了一個什麼人
[00:35:42.600 --> 00:35:46.600]  經過一段很短的沉默之後
[00:35:46.600 --> 00:35:48.600]  這個老人家跟他說
[00:35:48.600 --> 00:35:52.600]  他說你竟然拍我的肩膀
[00:35:52.600 --> 00:35:54.600]  問我拿一元
[00:35:54.600 --> 00:35:56.600]  你知不知道
[00:35:56.600 --> 00:35:59.600]  我所有的都是你
[00:35:59.600 --> 00:36:03.600]  我找了你十九年
[00:36:03.600 --> 00:36:05.600]  這個是他的爸爸
[00:36:05.600 --> 00:36:09.600]  他說我找了你十九年
[00:36:09.600 --> 00:36:12.600]  這個浪子
[00:36:12.600 --> 00:36:16.600]  他只是想拍一個人的肩膀
[00:36:16.600 --> 00:36:18.600]  拿到一元
[00:36:18.600 --> 00:36:20.600]  他不記得
[00:36:20.600 --> 00:36:23.600]  他的爸爸所有的
[00:36:23.600 --> 00:36:25.600]  全部都是他
[00:36:25.600 --> 00:36:27.600]  所以我覺得這個就是
[00:36:27.600 --> 00:36:30.600]  現代版的浪子的比喻
[00:36:30.600 --> 00:36:33.600]  不過那個浪子他想起我爸爸
[00:36:33.600 --> 00:36:35.600]  所以他回家
[00:36:35.600 --> 00:36:38.600]  這個浪子沒有想起他爸爸
[00:36:38.600 --> 00:36:40.600]  他只是天天這樣
[00:36:40.600 --> 00:36:42.600]  拍人的肩膀
[00:36:42.600 --> 00:36:45.600]  其實這個少年的官
[00:36:45.600 --> 00:36:48.600]  和這個靠著天天拍人的肩膀
[00:36:48.600 --> 00:36:52.600]  拿一元半塊去買咖啡的流浪漢
[00:36:52.600 --> 00:36:54.600]  或者我大膽的說
[00:36:54.600 --> 00:36:57.600]  和今天很多教會裡面
[00:36:57.600 --> 00:37:00.600]  很熱心想為信仰
[00:37:00.600 --> 00:37:02.600]  做好一點的信徒
[00:37:02.600 --> 00:37:04.600]  或許我們的生命
[00:37:04.600 --> 00:37:07.600]  很根本的態度
[00:37:07.600 --> 00:37:10.600]  其實不是很有分別
[00:37:10.600 --> 00:37:13.600]  我們大家都努力經營我們的人生
[00:37:13.600 --> 00:37:15.600]  我們大家都盼望
[00:37:15.600 --> 00:37:17.600]  賺取我們認為足夠的財富
[00:37:17.600 --> 00:37:19.600]  我們大家都盼望
[00:37:19.600 --> 00:37:21.600]  建立好我們的前途
[00:37:21.600 --> 00:37:24.600]  我們大家都盡力要做好
[00:37:24.600 --> 00:37:26.600]  做一個有貢獻的人
[00:37:26.600 --> 00:37:28.600]  我們都竭盡所能
[00:37:28.600 --> 00:37:30.600]  為我們的信仰或者敬賢的生活
[00:37:30.600 --> 00:37:32.600]  做多一點的事
[00:37:32.600 --> 00:37:35.600]  我們都努力建立我們的家庭
[00:37:35.600 --> 00:37:36.600]  我們都努力負起
[00:37:36.600 --> 00:37:39.600]  教養我們下一代的責任
[00:37:39.600 --> 00:37:41.600]  這一切都重要
[00:37:41.600 --> 00:37:43.600]  非常重要
[00:37:43.600 --> 00:37:45.600]  但是
[00:37:45.600 --> 00:37:49.600]  如果我們只是這樣努力付出的話
[00:37:49.600 --> 00:37:51.600]  可能我們所作的
[00:37:51.600 --> 00:37:53.600]  都只是好像那個流浪漢一樣
[00:37:53.600 --> 00:37:58.600]  我們找到的只是一元半塊
[00:37:58.600 --> 00:38:00.600]  我們勞勞碌碌
[00:38:00.600 --> 00:38:02.600]  營營役役
[00:38:02.600 --> 00:38:05.600]  得到的就是這麼多
[00:38:05.600 --> 00:38:08.600]  但是我們卻忘記了耶穌幾多個應許
[00:38:08.600 --> 00:38:10.600]  耶穌說什麼
[00:38:10.600 --> 00:38:12.600]  你先求
[00:38:12.600 --> 00:38:14.600]  先後次序的問題
[00:38:14.600 --> 00:38:16.600]  價值取向的問題
[00:38:16.600 --> 00:38:18.600]  先求神的國
[00:38:18.600 --> 00:38:20.600]  神的義
[00:38:20.600 --> 00:38:22.600]  這些東西
[00:38:22.600 --> 00:38:24.600]  你每天要喝的咖啡
[00:38:24.600 --> 00:38:26.600]  不過你不要喝那麼多咖啡對身體不好
[00:38:26.600 --> 00:38:28.600]  這些東西
[00:38:28.600 --> 00:38:30.600]  你一生盼望努力
[00:38:30.600 --> 00:38:32.600]  去經營的
[00:38:32.600 --> 00:38:33.600]  去尋找的
[00:38:33.600 --> 00:38:34.600]  上帝說
[00:38:34.600 --> 00:38:37.600]  祂會加給你
[00:38:37.600 --> 00:38:39.600]  這個就是聖經裡面告訴我們
[00:38:39.600 --> 00:38:41.600]  先後的問題
[00:38:41.600 --> 00:38:43.600]  如果我們不將它
[00:38:43.600 --> 00:38:45.600]  將先後次序
[00:38:45.600 --> 00:38:46.600]  做好
[00:38:46.600 --> 00:38:49.600]  我們就本末倒置
[00:38:49.600 --> 00:38:51.600]  你記得嗎
[00:38:51.600 --> 00:38:53.600]  你同不同意
[00:38:53.600 --> 00:38:56.600]  耶穌基督已經為你的生命
[00:38:56.600 --> 00:38:59.600]  去到幾盡
[00:38:59.600 --> 00:39:02.600]  你回去想一想
[00:39:02.600 --> 00:39:04.600]  祂怎麼愛你
[00:39:04.600 --> 00:39:07.600]  用回You Jump, I Jump的原則
[00:39:07.600 --> 00:39:10.600]  那你又為耶穌
[00:39:10.600 --> 00:39:12.600]  去到幾盡
[00:39:12.600 --> 00:39:13.600]  過去的日子
[00:39:13.600 --> 00:39:15.600]  你怎樣將你的生命
[00:39:15.600 --> 00:39:18.600]  擺在耶穌的面前
[00:39:18.600 --> 00:39:21.600]  或者你只是告訴耶穌
[00:39:21.600 --> 00:39:22.600]  我想拿著一些東西
[00:39:22.600 --> 00:39:23.600]  你要求我做多少
[00:39:23.600 --> 00:39:24.600]  我就做多少
[00:39:24.600 --> 00:39:26.600]  讓我有這個把握
[00:39:26.600 --> 00:39:28.600]  但卻忘記了
[00:39:28.600 --> 00:39:30.600]  原來耶穌要的是
[00:39:30.600 --> 00:39:33.600]  我們和祂建立一個很緊密的關係
[00:39:33.600 --> 00:39:35.600]  以致我們真的樂意
[00:39:35.600 --> 00:39:37.600]  為祂將我們的生命
[00:39:37.600 --> 00:39:40.600]  去盡一點
[00:39:40.600 --> 00:39:42.600]  上帝其實
[00:39:42.600 --> 00:39:44.600]  透過司徒保羅
[00:39:44.600 --> 00:39:46.600]  已經給了我們一個
[00:39:46.600 --> 00:39:47.600]  很重要的宣告
[00:39:47.600 --> 00:39:49.600]  羅馬書第十二章
[00:39:49.600 --> 00:39:51.600]  第一節到第二節
[00:39:51.600 --> 00:39:54.600]  是我們很熟悉的經文
[00:39:54.600 --> 00:39:56.600]  大家要記得羅馬書的結圖
[00:39:56.600 --> 00:39:59.600]  由第一章到第十一章
[00:39:59.600 --> 00:40:00.600]  他很清晰地
[00:40:00.600 --> 00:40:03.600]  將整個基督教的教義表達出來
[00:40:03.600 --> 00:40:04.600]  其實他是
[00:40:04.600 --> 00:40:08.600]  司徒保羅是向非常理性
[00:40:08.600 --> 00:40:11.600]  邏輯思維很強的羅馬信徒
[00:40:11.600 --> 00:40:13.600]  一步一步地解釋
[00:40:13.600 --> 00:40:16.600]  耶穌基督整個救恩的作為
[00:40:16.600 --> 00:40:18.600]  當一個信徒
[00:40:18.600 --> 00:40:21.600]  明白耶穌基督整個拯救的計劃
[00:40:21.600 --> 00:40:23.600]  和大能的時候
[00:40:23.600 --> 00:40:24.600]  司徒保羅就說
[00:40:24.600 --> 00:40:26.600]  所以弟兄們
[00:40:26.600 --> 00:40:29.600]  我以神的慈悲勸你們
[00:40:29.600 --> 00:40:32.600]  將身體獻上當作活祭
[00:40:32.600 --> 00:40:34.600]  是聖潔的,是神所喜悅的
[00:40:34.600 --> 00:40:39.600]  你們如此侍奉乃是理所當然的
[00:40:39.600 --> 00:40:42.600]  不要效法這個世界
[00:40:42.600 --> 00:40:45.600]  只要心意更新而變化
[00:40:45.600 --> 00:40:48.600]  就能察驗何謂神的善良
[00:40:48.600 --> 00:40:52.600]  純存可喜悅的旨意
[00:40:52.600 --> 00:40:55.600]  這段經文放在羅馬書這個地方
[00:40:55.600 --> 00:40:57.600]  就是告訴我們
[00:40:57.600 --> 00:41:02.600]  深刻體會耶穌為我們去到盡的信徒
[00:41:02.600 --> 00:41:06.600]  我們就應該為他去到盡
[00:41:06.600 --> 00:41:07.600]  我們的生命
[00:41:07.600 --> 00:41:10.600]  你如何抉擇呢
[00:41:10.600 --> 00:41:12.600]  在一九九八年
[00:41:12.600 --> 00:41:16.600]  我的人生就做了一個很重要的決定
[00:41:16.600 --> 00:41:18.600]  當時呢
[00:41:18.600 --> 00:41:20.600]  我是讀新聞
[00:41:20.600 --> 00:41:21.600]  最後一個學期
[00:41:21.600 --> 00:41:23.600]  剛才會長說
[00:41:23.600 --> 00:41:24.600]  我是傳媒出身的
[00:41:24.600 --> 00:41:26.600]  我真是有點汗顏
[00:41:26.600 --> 00:41:28.600]  我不敢說我是傳媒出身
[00:41:28.600 --> 00:41:30.600]  因為我未正式
[00:41:30.600 --> 00:41:33.600]  全時間在新聞工作
[00:41:33.600 --> 00:41:34.600]  為什麼呢
[00:41:34.600 --> 00:41:37.600]  因為到了最後一個學期的時候
[00:41:37.600 --> 00:41:39.600]  當時其實我成績真是不錯的
[00:41:39.600 --> 00:41:40.600]  我真是請大家原諒
[00:41:40.600 --> 00:41:42.600]  我這麼大膽說
[00:41:42.600 --> 00:41:43.600]  這是事實
[00:41:43.600 --> 00:41:45.600]  我的成績真是不錯的
[00:41:45.600 --> 00:41:47.600]  我當時也很肯定
[00:41:47.600 --> 00:41:49.600]  讀新聞是上帝給我
[00:41:49.600 --> 00:41:51.600]  為我開的路
[00:41:51.600 --> 00:41:53.600]  在八八年的年初
[00:41:53.600 --> 00:41:55.600]  是我最後一個學期
[00:41:55.600 --> 00:41:58.600]  其實早在八七年的年中
[00:41:58.600 --> 00:42:00.600]  在我畢業之前一年多的時候
[00:42:00.600 --> 00:42:01.600]  當時呢
[00:42:01.600 --> 00:42:03.600]  香港有一個廣播電台
[00:42:03.600 --> 00:42:05.600]  新聞部的主管
[00:42:05.600 --> 00:42:07.600]  是我們的老師
[00:42:07.600 --> 00:42:09.600]  有一天他上課的時候
[00:42:09.600 --> 00:42:11.600]  他向我們班百多個同學說
[00:42:11.600 --> 00:42:13.600]  他說我要在班裏
[00:42:13.600 --> 00:42:15.600]  百多個同學裏找三個人
[00:42:15.600 --> 00:42:17.600]  去我電台面試
[00:42:17.600 --> 00:42:19.600]  因為我們想請一個同學
[00:42:19.600 --> 00:42:21.600]  去電台裏面工作
[00:42:21.600 --> 00:42:24.600]  三個面試只是請一個
[00:42:24.600 --> 00:42:26.600]  於是他就點名了
[00:42:26.600 --> 00:42:28.600]  我是其中一個
[00:42:28.600 --> 00:42:29.600]  有點尷尬的
[00:42:29.600 --> 00:42:32.600]  有百多隻眼看著我們
[00:42:32.600 --> 00:42:35.600]  最後三個面試之後
[00:42:35.600 --> 00:42:38.600]  電台就請了我
[00:42:38.600 --> 00:42:41.600]  所以我當時是很開心的
[00:42:41.600 --> 00:42:43.600]  我得到全班百多個同學
[00:42:43.600 --> 00:42:46.600]  一個艷羨的目光
[00:42:46.600 --> 00:42:47.600]  他們很好
[00:42:47.600 --> 00:42:48.600]  沒有什麼妒忌
[00:42:48.600 --> 00:42:51.600]  最多人在我面前沒有妒忌我
[00:42:51.600 --> 00:42:52.600]  但是唯一的機會
[00:42:52.600 --> 00:42:54.600]  為什麼我會這樣說呢
[00:42:54.600 --> 00:42:56.600]  因為原來二十多年之前
[00:42:56.600 --> 00:42:57.600]  各位
[00:42:57.600 --> 00:42:59.600]  去電台做記者
[00:42:59.600 --> 00:43:01.600]  在我們當時的想法
[00:43:01.600 --> 00:43:05.600]  是進入電視台最好的跳板
[00:43:05.600 --> 00:43:09.600]  我要做主播 哇 多好啊
[00:43:09.600 --> 00:43:11.600]  當時也不是這樣的
[00:43:11.600 --> 00:43:13.600]  覺得也應該不錯的
[00:43:13.600 --> 00:43:15.600]  所以我就很用心
[00:43:15.600 --> 00:43:16.600]  覺得很努力
[00:43:16.600 --> 00:43:18.600]  我要做主播
[00:43:18.600 --> 00:43:20.600]  去到電台裏面工作
[00:43:20.600 --> 00:43:23.600]  其實一邊讀書一邊工作是很辛苦的
[00:43:23.600 --> 00:43:25.600]  電台的工作要去做採訪
[00:43:25.600 --> 00:43:26.600]  所以我採訪過梁振英
[00:43:26.600 --> 00:43:29.600]  當時他還沒做特首
[00:43:29.600 --> 00:43:31.600]  一邊採訪一邊讀書
[00:43:31.600 --> 00:43:33.600]  其實都很辛苦的
[00:43:33.600 --> 00:43:35.600]  但是我咬緊牙筋
[00:43:35.600 --> 00:43:36.600]  為什麼呢
[00:43:36.600 --> 00:43:39.600]  因為我覺得這是給我一個很好的機會
[00:43:39.600 --> 00:43:42.600]  到最後一個學期
[00:43:42.600 --> 00:43:44.600]  我的老師兼老闆
[00:43:44.600 --> 00:43:46.600]  有一天把我抓進來
[00:43:46.600 --> 00:43:48.600]  林秀光
[00:43:48.600 --> 00:43:51.600]  你最近都很有進步
[00:43:51.600 --> 00:43:52.600]  不錯
[00:43:52.600 --> 00:43:54.600]  繼續努力就可以了
[00:43:54.600 --> 00:43:55.600]  各位
[00:43:55.600 --> 00:43:56.600]  如果是我
[00:43:56.600 --> 00:43:57.600]  你覺得怎麼樣呢
[00:43:57.600 --> 00:43:59.600]  一定可以
[00:43:59.600 --> 00:44:00.600]  沾沾自喜
[00:44:00.600 --> 00:44:05.600]  打算畢業之後大展拳腳
[00:44:05.600 --> 00:44:07.600]  我要做主播
[00:44:07.600 --> 00:44:09.600]  這個真是美好的夢想
[00:44:09.600 --> 00:44:11.600]  但是在這個時候
[00:44:11.600 --> 00:44:14.600]  上帝呼召我
[00:44:14.600 --> 00:44:18.600]  我領受上帝給我的一個很重要的提醒
[00:44:18.600 --> 00:44:20.600]  我當時問上帝
[00:44:20.600 --> 00:44:25.600]  上帝你要我放棄做主播嗎
[00:44:25.600 --> 00:44:27.600]  你要我去讀神學
[00:44:27.600 --> 00:44:28.600]  你不是搞錯吧
[00:44:28.600 --> 00:44:30.600]  我四年之前很清楚
[00:44:30.600 --> 00:44:32.600]  上帝帶我去讀新聞
[00:44:32.600 --> 00:44:34.600]  我這四年讀得很努力
[00:44:34.600 --> 00:44:36.600]  拿到幾好的成績
[00:44:36.600 --> 00:44:38.600]  都拿到一個最好的機會
[00:44:38.600 --> 00:44:40.600]  這個時候你要我放棄
[00:44:40.600 --> 00:44:42.600]  不是吧
[00:44:42.600 --> 00:44:45.600]  我真的和上帝拉鋸了半年
[00:44:45.600 --> 00:44:47.600]  不是吧
[00:44:47.600 --> 00:44:50.600]  上帝不是吧
[00:44:50.600 --> 00:44:53.600]  但是經過了半年的不情願
[00:44:53.600 --> 00:44:55.600]  經過了半年的掙扎
[00:44:55.600 --> 00:44:59.600]  我就知道不能違背上帝的命令
[00:44:59.600 --> 00:45:03.600]  不過最後上帝將一個問題放在我心裏
[00:45:03.600 --> 00:45:06.600]  祂問我
[00:45:06.600 --> 00:45:11.600]  你覺得有什麼是值得將你的一生放下去
[00:45:11.600 --> 00:45:13.600]  用今天的用語
[00:45:13.600 --> 00:45:15.600]  當時我的領受不是這句話
[00:45:15.600 --> 00:45:17.600]  不過用今天的一句話就是
[00:45:17.600 --> 00:45:18.600]  上帝當時問我
[00:45:18.600 --> 00:45:23.600]  有什麼是值得你將你的一生去到盡的
[00:45:23.600 --> 00:45:25.600]  我又想起
[00:45:25.600 --> 00:45:28.600]  當時上帝透過約書亞
[00:45:28.600 --> 00:45:31.600]  向以色列人發出的一個提問
[00:45:31.600 --> 00:45:33.600]  約書亞臨終的時候
[00:45:33.600 --> 00:45:35.600]  向以色列人說了一句話
[00:45:35.600 --> 00:45:36.600]  他說什麼
[00:45:36.600 --> 00:45:39.600]  他說如果你們認為侍奉神是不好的
[00:45:39.600 --> 00:45:41.600]  你大可以去侍奉別的神
[00:45:41.600 --> 00:45:42.600]  是不是
[00:45:42.600 --> 00:45:43.600]  別的神
[00:45:43.600 --> 00:45:45.600]  在我的理解就是
[00:45:45.600 --> 00:45:47.600]  你大可以侍奉你的理想
[00:45:47.600 --> 00:45:48.600]  你的人生目標
[00:45:48.600 --> 00:45:50.600]  你可以侍奉你覺得好的東西
[00:45:50.600 --> 00:45:53.600]  我要做主播
[00:45:53.600 --> 00:45:55.600]  但是約書亞他說
[00:45:55.600 --> 00:45:57.600]  至於我和我一家
[00:45:57.600 --> 00:45:58.600]  我只侍奉
[00:45:58.600 --> 00:46:02.600]  我必侍奉耶和華
[00:46:02.600 --> 00:46:06.600]  因此這個問題就放在我生命裏面
[00:46:06.600 --> 00:46:11.600]  有什麼是值得我將我的一生放下去的
[00:46:11.600 --> 00:46:12.600]  頂姐妹
[00:46:12.600 --> 00:46:16.600]  我今天就向你問這個問題
[00:46:16.600 --> 00:46:20.600]  到現在你認為有什麼
[00:46:20.600 --> 00:46:24.600]  是值得你將你的一生放下去的
[00:46:24.600 --> 00:46:26.600]  你為了耶穌
[00:46:26.600 --> 00:46:30.600]  你的生命可以去到多盡
[00:46:30.600 --> 00:46:32.600]  所以各位頂姐妹
[00:46:32.600 --> 00:46:34.600]  在1988年的年中
[00:46:34.600 --> 00:46:36.600]  我畢業
[00:46:36.600 --> 00:46:37.600]  那個暑假
[00:46:37.600 --> 00:46:38.600]  我就和四個同學
[00:46:38.600 --> 00:46:39.600]  加上五個人
[00:46:39.600 --> 00:46:41.600]  加上我五個
[00:46:41.600 --> 00:46:43.600]  其中有一對熱戀的男女
[00:46:43.600 --> 00:46:46.600]  不然一個女孩怎會和我們四個男孩去旅行
[00:46:46.600 --> 00:46:48.600]  有一個熱戀的
[00:46:48.600 --> 00:46:50.600]  我們就背著背囊去了絲綢之路
[00:46:50.600 --> 00:46:52.600]  玩了一個月
[00:46:52.600 --> 00:46:54.600]  他都不敢和我們說
[00:46:54.600 --> 00:46:56.600]  因為幾個都是很好的同學
[00:46:56.600 --> 00:46:57.600]  一個月之後
[00:46:57.600 --> 00:46:58.600]  我們準備回來
[00:46:58.600 --> 00:47:00.600]  最後一晚
[00:47:00.600 --> 00:47:02.600]  我記得當時我們還在烏魯木齊
[00:47:02.600 --> 00:47:03.600]  一起吃飯
[00:47:03.600 --> 00:47:04.600]  最後一晚的時候
[00:47:04.600 --> 00:47:06.600]  我就告訴他們
[00:47:06.600 --> 00:47:10.600]  我說我辭了電台的工作
[00:47:10.600 --> 00:47:13.600]  回香港讀神學
[00:47:13.600 --> 00:47:16.600]  讀三年
[00:47:16.600 --> 00:47:19.600]  當時其中一位和我最熟的同學
[00:47:19.600 --> 00:47:22.600]  有時男人說話就真的很氣死人
[00:47:22.600 --> 00:47:24.600]  你讀了四年
[00:47:24.600 --> 00:47:28.600]  還讀三年不悶嗎
[00:47:28.600 --> 00:47:31.600]  當時我不知道怎樣回答他
[00:47:31.600 --> 00:47:33.600]  但他的女朋友
[00:47:33.600 --> 00:47:36.600]  我這個女同學其實我們都很好朋友
[00:47:36.600 --> 00:47:37.600]  這個女孩
[00:47:37.600 --> 00:47:39.600]  女孩說話有時會比較直接
[00:47:39.600 --> 00:47:41.600]  她說你信耶穌
[00:47:41.600 --> 00:47:43.600]  信了就瘋了
[00:47:43.600 --> 00:47:45.600]  我就告訴她
[00:47:45.600 --> 00:47:47.600]  我都瘋瘋癲癲的
[00:47:47.600 --> 00:47:50.600]  好像你們兩個拍拖一樣瘋癲
[00:47:50.600 --> 00:47:51.600]  我們就是這樣對話
[00:47:51.600 --> 00:47:53.600]  這是我們最後一次
[00:47:53.600 --> 00:47:57.600]  幾個同學一起這樣的對話
[00:47:57.600 --> 00:48:00.600]  我知道我應該做些什麼
[00:48:00.600 --> 00:48:02.600]  各位在人生裡面
[00:48:02.600 --> 00:48:03.600]  不同的時代
[00:48:03.600 --> 00:48:07.600]  我們可能有不同的責任
[00:48:07.600 --> 00:48:08.600]  或者我們在不同的時代
[00:48:08.600 --> 00:48:09.600]  我們會覺得有不同的東西
[00:48:09.600 --> 00:48:12.600]  我們需要將人生放盡
[00:48:12.600 --> 00:48:13.600]  我不知道你現在
[00:48:13.600 --> 00:48:17.600]  覺得要放盡你的生命的是些什麼
[00:48:17.600 --> 00:48:18.600]  是不是你的學業
[00:48:18.600 --> 00:48:19.600]  是不是你的事業
[00:48:19.600 --> 00:48:20.600]  是不是你的家庭
[00:48:20.600 --> 00:48:22.600]  愛情之類之類
[00:48:22.600 --> 00:48:24.600]  我不知道
[00:48:24.600 --> 00:48:25.600]  但是
[00:48:25.600 --> 00:48:28.600]  今天我要發出的一個問題就是
[00:48:28.600 --> 00:48:30.600]  你為耶穌
[00:48:30.600 --> 00:48:33.600]  會有多震驚
[00:48:33.600 --> 00:48:35.600]  如果耶穌告訴你
[00:48:35.600 --> 00:48:38.600]  祂要你為祂去盡一點
[00:48:38.600 --> 00:48:40.600]  有些什麼
[00:48:40.600 --> 00:48:42.600]  是你保留的
