
[00:00:00.000 --> 00:00:06.000]  梁國雄議員
[00:00:30.000 --> 00:00:36.000]  張超雄議員
[00:01:00.000 --> 00:01:06.000]  張國柱議員
[00:01:30.000 --> 00:01:36.000]  梁國雄議員
[00:02:00.000 --> 00:02:06.000]  梁國雄議員
[00:02:30.000 --> 00:02:36.000]  張超雄議員
[00:03:00.000 --> 00:03:06.000]  張超雄議員
[00:03:30.000 --> 00:03:36.000]  張超雄議員
[00:04:00.000 --> 00:04:06.000]  張超雄議員
[00:04:30.000 --> 00:04:36.000]  張超雄議員
[00:05:00.000 --> 00:05:06.000]  梁國雄議員
[00:05:30.000 --> 00:05:36.000]  張超雄議員
[00:06:00.000 --> 00:06:06.000]  張超雄議員
[00:06:30.000 --> 00:06:36.000]  張超雄議員
[00:07:01.000 --> 00:07:07.000]  張超雄議員
[00:07:30.000 --> 00:07:36.000]  張超雄議員
[00:08:01.000 --> 00:08:07.000]  張超雄議員
[00:08:30.000 --> 00:08:36.000]  張超雄議員
[00:09:00.000 --> 00:09:14.000]  「突然有摩西、以利亞向他們顯現與耶穌說話」
[00:09:30.000 --> 00:09:36.000]  張國柱議員
[00:10:00.000 --> 00:10:06.000]  張國柱議員
[00:10:30.000 --> 00:10:36.000]  張超雄議員
[00:11:00.000 --> 00:11:06.000]  張超雄議員
[00:11:30.000 --> 00:11:36.000]  張超雄議員
[00:12:00.000 --> 00:12:06.000]  張超雄議員
[00:12:30.000 --> 00:12:36.000]  張國柱議員
[00:13:01.000 --> 00:13:03.000]  《馬太福音》第17章4節
[00:13:03.000 --> 00:13:14.000]  彼得對耶穌說:「主啊,我們在這裡真好,祢若願意,我就在這裡搭三座棚,一座為祢,一座為摩西,一座為以利亞。」
[00:13:31.000 --> 00:13:37.000]  張超雄議員
[00:14:01.000 --> 00:14:07.000]  張超雄議員
[00:14:31.000 --> 00:14:37.000]  張超雄議員
[00:15:00.000 --> 00:15:06.000]  張超雄議員
[00:15:30.000 --> 00:15:36.000]  張超雄議員
[00:16:01.000 --> 00:16:07.000]  張超雄議員
[00:16:30.000 --> 00:16:36.000]  張超雄議員
[00:17:00.000 --> 00:17:06.000]  張超雄議員
[00:17:30.000 --> 00:17:36.000]  張超雄議員
[00:18:00.000 --> 00:18:06.000]  張超雄議員
[00:18:30.000 --> 00:18:36.000]  張超雄議員
[00:19:01.000 --> 00:19:07.000]  張超雄議員
[00:19:30.000 --> 00:19:36.000]  張超雄議員
[00:19:36.000 --> 00:19:58.000]  張超雄議員
[00:20:00.000 --> 00:20:06.000]  張超雄議員
[00:20:30.000 --> 00:20:36.000]  張超雄議員
[00:21:00.000 --> 00:21:06.000]  張超雄議員
[00:21:31.000 --> 00:21:37.000]  張超雄議員
[00:22:00.000 --> 00:22:06.000]  張超雄議員
[00:22:30.000 --> 00:22:36.000]  張超雄議員
[00:23:00.000 --> 00:23:06.000]  張超雄議員
[00:23:30.000 --> 00:23:36.000]  張超雄議員
[00:24:00.000 --> 00:24:06.000]  張超雄議員
[00:24:30.000 --> 00:24:36.000]  張超雄議員
[00:25:00.000 --> 00:25:06.000]  梁國雄議員
[00:25:30.000 --> 00:25:36.000]  張超雄議員
[00:26:00.000 --> 00:26:06.000]  梁國雄議員
[00:26:31.000 --> 00:26:37.000]  張超雄議員
[00:27:00.000 --> 00:27:06.000]  張超雄議員
[00:27:30.000 --> 00:27:36.000]  張超雄議員
[00:28:01.000 --> 00:28:07.000]  張超雄議員
[00:28:31.000 --> 00:28:37.000]  張超雄議員
[00:29:01.000 --> 00:29:07.000]  張超雄議員
[00:29:31.000 --> 00:29:37.000]  張超雄議員
[00:30:01.000 --> 00:30:07.000]  張超雄議員
[00:30:31.000 --> 00:30:37.000]  張超雄議員
[00:31:01.000 --> 00:31:07.000]  張超雄議員
[00:31:31.000 --> 00:31:37.000]  張超雄議員
[00:32:01.000 --> 00:32:07.000]  張超雄議員
[00:32:31.000 --> 00:32:37.000]  張超雄議員
[00:33:00.000 --> 00:33:06.000]  梁國雄議員
[00:33:31.000 --> 00:33:37.000]  張超雄議員
[00:34:01.000 --> 00:34:07.000]  張超雄議員
[00:34:30.000 --> 00:34:32.000]  咁樣祈禱奉耶穌基督的聖名
