
[00:00:00.000 --> 00:00:02.940]  聽完節目 我今天有個題目叫「認識新知」
[00:00:02.940 --> 00:00:07.720]  我不知道你們回來會點教會
[00:00:07.720 --> 00:00:09.720]  我想先看看一個統計
[00:00:09.720 --> 00:00:13.260]  大家舉手給我看 其實沒甚麼後果的 不用怕
[00:00:13.260 --> 00:00:17.300]  如果你回來會點教會
[00:00:17.300 --> 00:00:19.940]  是認識有人帶你回來
[00:00:19.940 --> 00:00:22.740]  或者你認識有人介紹給你
[00:00:22.740 --> 00:00:25.520]  叫你回來也好 叫你上網看資料也好
[00:00:25.520 --> 00:00:28.600]  總之有一些的結連是
[00:00:28.600 --> 00:00:32.860]  因為你認識人 以致你來到會點教會
[00:00:32.860 --> 00:00:35.600]  有這樣的人 請你舉手
[00:00:35.600 --> 00:00:37.120]  認識人
[00:00:37.120 --> 00:00:39.840]  好了 請放下
[00:00:39.840 --> 00:00:42.120]  如果你是完全不認識人的
[00:00:42.120 --> 00:00:44.420]  只是有一天開車經過
[00:00:44.420 --> 00:00:47.220]  看到這裡的奇海
[00:00:47.220 --> 00:00:51.680]  又或者你突然間性靈感動你
[00:00:51.680 --> 00:00:56.440]  總之開車出去 你突然間走來這裡崇拜
[00:00:56.440 --> 00:00:59.520]  又或者你完全是沒人認識的
[00:00:59.520 --> 00:01:01.520]  你只是上網找教會
[00:01:01.520 --> 00:01:06.000]  找到一間會點 於是你就中來了
[00:01:06.000 --> 00:01:08.840]  有多少人是這樣的 請舉手
[00:01:08.840 --> 00:01:11.200]  有多少人
[00:01:11.200 --> 00:01:14.120]  很少 不足十個 請放下
[00:01:14.120 --> 00:01:18.160]  其實是一個很顯淺的道理
[00:01:18.160 --> 00:01:21.600]  每逢你問教會 大部份人都會告訴你
[00:01:21.600 --> 00:01:25.840]  他回來教會是因為有人認識
[00:01:25.840 --> 00:01:29.720]  或者有人介紹 來到當中
[00:01:29.720 --> 00:01:32.520]  這也是跟很多教育中心的學家
[00:01:32.520 --> 00:01:34.800]  其中一個叫Tom Rainer
[00:01:34.800 --> 00:01:38.840]  現在在Lightway擔任CEO
[00:01:38.840 --> 00:01:44.080]  他以前在南方神話院擔任教授
[00:01:44.080 --> 00:01:46.080]  他做了很多的資料搜集
[00:01:46.080 --> 00:01:48.080]  其中一個資料搜集告訴我們
[00:01:48.080 --> 00:01:52.560]  原來在教會裏面 通常87%以上的人
[00:01:52.560 --> 00:01:57.120]  接近九成的人都是因著某些人的認識
[00:01:57.120 --> 00:02:02.640]  或者轉介 來到教會裏面
[00:02:02.640 --> 00:02:05.360]  道理其實很簡單
[00:02:05.360 --> 00:02:07.840]  你想想 如果你走在街上
[00:02:07.840 --> 00:02:11.440]  有個人介紹你一些好東西
[00:02:11.440 --> 00:02:14.680]  或者吃某些東西可以治好某些病
[00:02:14.680 --> 00:02:18.400]  你都會害怕 完全不認識他
[00:02:18.400 --> 00:02:21.400]  但如果你來到會點 有一個人必定要問他
[00:02:21.400 --> 00:02:24.200]  就是趙思武
[00:02:24.200 --> 00:02:26.200]  我每次跟他吃飯
[00:02:26.200 --> 00:02:28.440]  我都會在身上有什麼問題告訴他
[00:02:28.440 --> 00:02:30.920]  他就會介紹你吃什麼
[00:02:30.920 --> 00:02:35.560]  中國人最希望幫到別人
[00:02:35.560 --> 00:02:40.200]  所以有時候看到趙牧師每天都吃不同的食療補品
[00:02:40.200 --> 00:02:42.440]  這次看到他拿著一杯不知什麼
[00:02:42.440 --> 00:02:45.400]  他就說 師母 告訴他這東西好
[00:02:45.400 --> 00:02:48.320]  其實道理很簡單
[00:02:48.320 --> 00:02:50.720]  如果一個熟悉的人
[00:02:50.720 --> 00:02:53.040]  介紹你一些好的東西
[00:02:53.040 --> 00:02:54.800]  能夠幫到你的
[00:02:54.800 --> 00:02:58.800]  你不是相信那東西那麼簡單
[00:02:58.800 --> 00:03:01.440]  可能你自己都會上網
[00:03:01.440 --> 00:03:03.440]  看看究竟行不行
[00:03:03.440 --> 00:03:05.040]  或者做一些資料搜集
[00:03:05.040 --> 00:03:08.960]  但最重要的是 你有一個人版在看
[00:03:08.960 --> 00:03:11.800]  趙牧師都生存得很好
[00:03:11.800 --> 00:03:14.800]  還活著
[00:03:14.800 --> 00:03:17.520]  吃了這麼多這些 可能我也要試一下
[00:03:17.520 --> 00:03:20.280]  有個人版在看 你認識他
[00:03:20.280 --> 00:03:23.960]  可能你都覺得願意嘗試
[00:03:23.960 --> 00:03:27.640]  如果生命之道
[00:03:27.640 --> 00:03:33.320]  是關乎永生和今生的豐盛的人生的話
[00:03:33.320 --> 00:03:37.320]  而有個人版在你面前向你推介
[00:03:37.320 --> 00:03:40.760]  他又活了見證給你看
[00:03:40.760 --> 00:03:43.680]  這是不是一個更加好的方法
[00:03:43.680 --> 00:03:47.720]  將福音介紹給你認識的人
[00:03:47.720 --> 00:03:51.600]  例如外母 未來外母
[00:03:51.600 --> 00:03:57.680]  這是最好的一個方式
[00:03:57.680 --> 00:03:59.840]  將福音傳出去
[00:03:59.840 --> 00:04:06.800]  無論你聽那些Relationship Evangelism
[00:04:06.800 --> 00:04:09.160]  或者叫Friendship Evangelism
[00:04:09.160 --> 00:04:12.440]  或者用希臘字+這個字
[00:04:12.440 --> 00:04:13.560]  Icos等等
[00:04:13.560 --> 00:04:18.960]  你要結識那個人 就會更加容易地推介
[00:04:18.960 --> 00:04:21.040]  不單是福音
[00:04:21.040 --> 00:04:23.240]  更加是你去外面的世界
[00:04:23.240 --> 00:04:26.960]  你做任何推介的事情
[00:04:26.960 --> 00:04:30.880]  MV傳銷也好 你做保險也好
[00:04:30.880 --> 00:04:34.360]  你買車 買電器 任何東西都是的
[00:04:34.360 --> 00:04:37.720]  如果有人認識的 推介給你
[00:04:37.720 --> 00:04:39.360]  是會容易一些
[00:04:39.360 --> 00:04:42.200]  去將他想推介給你的
[00:04:42.200 --> 00:04:46.440]  無論是貨品也好 人物也好等等
[00:04:46.440 --> 00:04:51.560]  容易地將這件事給接受
[00:04:51.560 --> 00:04:53.080]  不單止是這樣
[00:04:53.080 --> 00:04:55.200]  還有一個很重要的原因
[00:04:55.200 --> 00:04:57.960]  剛才我提到大使命的時候
[00:04:57.960 --> 00:05:01.560]  大使命不單止是將福音傳出去
[00:05:01.560 --> 00:05:04.600]  大使命是要塑造主的門徒
[00:05:04.600 --> 00:05:06.720]  是要make disciples
[00:05:06.720 --> 00:05:08.080]  你make disciples的時候
[00:05:08.080 --> 00:05:10.000]  你純粹傳福音給他
[00:05:10.000 --> 00:05:12.360]  而你沒有任何認識的人
[00:05:12.360 --> 00:05:14.600]  繼續幫他成為主的門徒
[00:05:14.600 --> 00:05:17.000]  很快就會流失
[00:05:17.000 --> 00:05:18.120]  說一些失敗見證
[00:05:18.120 --> 00:05:19.200]  我自己在香港教會
[00:05:19.200 --> 00:05:21.960]  我初初回到香港侍奉的時候
[00:05:21.960 --> 00:05:23.560]  經常覺得要傳福音
[00:05:23.560 --> 00:05:24.920]  所以每天就出去傳福音
[00:05:24.920 --> 00:05:25.920]  我學了三福之後
[00:05:25.920 --> 00:05:29.120]  就帶一些特映姐妹每天出去城門河
[00:05:29.120 --> 00:05:30.240]  例如我在沙田
[00:05:30.240 --> 00:05:31.320]  你知道沙田有條城門河
[00:05:31.320 --> 00:05:32.800]  城門河最好傳福音是為什麼
[00:05:32.800 --> 00:05:35.040]  因為很多情侶在那裡拍拖
[00:05:35.040 --> 00:05:38.120]  你問一下這個正在拍拖的 你就知道了
[00:05:38.120 --> 00:05:41.480]  那些情侶通常在拍拖
[00:05:41.480 --> 00:05:43.080]  你走過去跟他傳福音
[00:05:43.080 --> 00:05:45.560]  那些男的要扮Gentleman
[00:05:45.560 --> 00:05:48.080]  他不會用髒話罵你 叫你走的
[00:05:48.080 --> 00:05:51.000]  在女朋友面前當然是裝模作樣
[00:05:51.000 --> 00:05:53.920]  扮得很溫馴
[00:05:53.920 --> 00:05:55.720]  哎呀 福音好東西
[00:05:55.720 --> 00:05:56.760]  坐下來聽
[00:05:56.760 --> 00:05:59.520]  於是我們很流行跟那些情侶傳福音
[00:05:59.520 --> 00:06:00.760]  有很多老人家坐在那裡
[00:06:00.760 --> 00:06:01.880]  沒有事情做 百無聊賴
[00:06:01.880 --> 00:06:03.320]  於是又跟他傳福音
[00:06:03.320 --> 00:06:04.480]  有很多學生哥放學
[00:06:04.480 --> 00:06:07.000]  不回家又在那裡打等
[00:06:07.000 --> 00:06:08.600]  我們又跟他傳福音
[00:06:08.600 --> 00:06:11.720]  一年裡面我們有的記錄
[00:06:11.720 --> 00:06:13.880]  二百多人聽了福音之後
[00:06:13.880 --> 00:06:16.680]  決志 填滿表格
[00:06:16.680 --> 00:06:18.440]  哇 很開心
[00:06:18.440 --> 00:06:20.640]  但我一年裡面的統計
[00:06:20.640 --> 00:06:23.960]  二百多人裡面有多少人回來教會
[00:06:23.960 --> 00:06:27.000]  我們跟進聯絡
[00:06:27.000 --> 00:06:30.360]  只有八個回來
[00:06:30.360 --> 00:06:32.120]  通常打電話給他的人
[00:06:32.120 --> 00:06:33.440]  他告訴你的就是
[00:06:33.440 --> 00:06:36.560]  哦 我可以了 我自己會回來的
[00:06:36.560 --> 00:06:39.240]  或者是我跟我表哥那間教會
[00:06:39.240 --> 00:06:41.240]  或者我表姐那間教會回來
[00:06:41.240 --> 00:06:42.560]  或者他告訴你的就是
[00:06:42.560 --> 00:06:44.760]  我樓下有教會 我自己會回來的
[00:06:44.760 --> 00:06:46.240]  或者甚至打電話給他的時候
[00:06:46.240 --> 00:06:48.920]  發覺就是假電話來的
[00:06:48.920 --> 00:06:50.720]  很多都是假電話
[00:06:50.720 --> 00:06:53.040]  信了耶穌 給假電話來
[00:06:53.040 --> 00:06:54.920]  剛剛那個就是缺志
[00:06:54.920 --> 00:06:57.280]  因為為什麼我們都明白這件事
[00:06:57.280 --> 00:06:59.000]  喂 三不識七
[00:06:59.000 --> 00:07:00.800]  在街上碰到
[00:07:00.800 --> 00:07:03.200]  就算你說那件事這麼正
[00:07:03.200 --> 00:07:05.120]  我也有一點害怕
[00:07:05.120 --> 00:07:07.400]  又不是給你電話 不知道你想怎樣
[00:07:07.400 --> 00:07:09.360]  還有跟你回教會
[00:07:09.360 --> 00:07:11.000]  誰知道你那間是不是異端
[00:07:11.000 --> 00:07:12.320]  當然不願意
[00:07:12.320 --> 00:07:14.880]  所以我們發覺一個很顯淺的道理
[00:07:14.880 --> 00:07:17.280]  就是如果你信了主 回到教會裡面
[00:07:17.280 --> 00:07:19.400]  如果你沒有建立任何關係
[00:07:19.400 --> 00:07:21.440]  或者沒有人認識
[00:07:21.440 --> 00:07:24.160]  是很難去塑造他
[00:07:24.160 --> 00:07:26.080]  投入教會的肢體生活
[00:07:26.080 --> 00:07:29.360]  和塑造主的門徒
[00:07:29.360 --> 00:07:31.720]  所以今天保羅就
[00:07:31.720 --> 00:07:33.240]  講他自己的心聲
[00:07:33.240 --> 00:07:37.040]  一篇其實保羅已經很工整地告訴我們
[00:07:37.040 --> 00:07:38.400]  這幾樣很重要的東西
[00:07:38.400 --> 00:07:39.320]  告訴我們就是
[00:07:39.320 --> 00:07:41.440]  我們怎樣 有什麼方法
[00:07:41.440 --> 00:07:43.680]  去做全方位的工作呢
[00:07:43.680 --> 00:07:44.960]  這三件事就是
[00:07:44.960 --> 00:07:46.960]  保羅整篇聖經裡面所講的
[00:07:46.960 --> 00:07:48.800]  第一 確立目標
[00:07:48.800 --> 00:07:51.200]  告訴我們為什麼我們要做這件事
[00:07:51.200 --> 00:07:52.760]  但是我不會花時間太多
[00:07:52.760 --> 00:07:56.880]  因為這間都是Purpose Driven Church
[00:07:56.880 --> 00:07:59.720]  我們都明白我們人生目標是什麼
[00:07:59.720 --> 00:08:02.360]  接著保羅就給了我們五個D
[00:08:02.360 --> 00:08:03.440]  我叫他做
[00:08:03.440 --> 00:08:05.840]  有五個原則去運用的
[00:08:05.840 --> 00:08:08.040]  就是我們傳福音的人生
[00:08:08.040 --> 00:08:11.640]  和最後有四個實踐的方法
[00:08:11.640 --> 00:08:13.240]  告訴我們應該怎樣做
[00:08:13.240 --> 00:08:14.200]  很簡單的一段經文
[00:08:14.200 --> 00:08:17.280]  我們很快看看經文裡面講些什麼
[00:08:17.280 --> 00:08:18.080]  保羅那裡說
[00:08:18.080 --> 00:08:20.640]  我傳福音是沒有可誇的
[00:08:20.640 --> 00:08:22.680]  因為我是不得已的
[00:08:22.680 --> 00:08:24.720]  不傳福音我就有禍了
[00:08:24.720 --> 00:08:26.360]  因為我若甘心作者事
[00:08:26.360 --> 00:08:28.000]  就要賞賜若不甘心
[00:08:28.000 --> 00:08:30.760]  責任已經交回了給我們
[00:08:30.760 --> 00:08:33.560]  很簡單 如果你看
[00:08:33.560 --> 00:08:35.080]  聖經書告訴你
[00:08:35.080 --> 00:08:37.800]  不是因為出於懼怕
[00:08:37.800 --> 00:08:39.800]  我們害怕死了
[00:08:39.800 --> 00:08:41.920]  受懲罰於是我們傳福音
[00:08:41.920 --> 00:08:43.800]  但是這個很明顯就是
[00:08:43.800 --> 00:08:45.680]  我們每一個人信主之後
[00:08:45.680 --> 00:08:47.600]  是被呼召要去做的事
[00:08:47.600 --> 00:08:48.880]  無論你喜歡做好
[00:08:48.880 --> 00:08:50.320]  不喜歡做好
[00:08:50.320 --> 00:08:52.200]  你不喜歡真的沒辦法
[00:08:52.200 --> 00:08:53.720]  我們都是要去做
[00:08:53.720 --> 00:08:56.920]  因為這個是上帝請告我們
[00:08:56.920 --> 00:08:58.240]  擺我們在地上
[00:08:58.240 --> 00:08:59.800]  我經常都講
[00:08:59.800 --> 00:09:03.640]  你信主之後不是馬上上天堂
[00:09:03.640 --> 00:09:06.440]  有一個很重要的標竿
[00:09:06.440 --> 00:09:07.840]  目標在地上
[00:09:07.840 --> 00:09:08.840]  上帝要我們做
[00:09:08.840 --> 00:09:09.960]  要不然我們一早
[00:09:09.960 --> 00:09:12.840]  信主馬上永生去天堂
[00:09:12.840 --> 00:09:15.200]  為什麼還要擺我們在地上呢
[00:09:15.200 --> 00:09:18.840]  就是上帝請救人的心
[00:09:18.840 --> 00:09:21.440]  祂派望我們和祂一同同功
[00:09:21.440 --> 00:09:26.200]  在當中去贏得更多的人
[00:09:26.200 --> 00:09:28.000]  所以弟兄姊妹
[00:09:28.000 --> 00:09:31.480]  有些人他們的人生目標是錢
[00:09:31.480 --> 00:09:34.160]  有些人的人生目標是一段感情
[00:09:34.160 --> 00:09:36.320]  有些人人生目標是一些物質上的東西
[00:09:36.320 --> 00:09:38.960]  有些人人生目標是建造自己的理想
[00:09:38.960 --> 00:09:42.080]  這些去到一段時間
[00:09:42.080 --> 00:09:45.280]  或者到你死的時候就沒有了
[00:09:45.280 --> 00:09:48.280]  但是上帝給我們這個標竿
[00:09:48.280 --> 00:09:50.320]  是延續到永生
[00:09:50.320 --> 00:09:52.640]  因為我們的工作
[00:09:52.640 --> 00:09:54.200]  積蓄的財寶
[00:09:54.200 --> 00:09:57.560]  是一路會儲存在天上
[00:09:57.560 --> 00:10:00.120]  我不知道在當中有多少人是
[00:10:00.120 --> 00:10:01.880]  很清楚立志
[00:10:01.880 --> 00:10:08.280]  我們這一生要去完成這個任務
[00:10:08.280 --> 00:10:10.000]  已經沒有這個標竿
[00:10:10.000 --> 00:10:11.400]  弟兄姊妹
[00:10:11.400 --> 00:10:14.440]  我們人生是真的沒有意義的
[00:10:14.440 --> 00:10:16.600]  為什麼我生存在地上
[00:10:16.600 --> 00:10:18.600]  為什麼上帝要請救我
[00:10:18.600 --> 00:10:20.800]  為什麼上帝要創造我
[00:10:20.800 --> 00:10:22.240]  為什麼上帝要保守我
[00:10:22.240 --> 00:10:22.840]  為了什麼
[00:10:22.840 --> 00:10:26.240]  為著有一天我死了
[00:10:26.240 --> 00:10:27.520]  但是如果我們人生有目標的時候
[00:10:27.520 --> 00:10:29.240]  我們知道在地上要做些什麼
[00:10:29.240 --> 00:10:31.360]  確立了這個標竿的話
[00:10:31.360 --> 00:10:33.520]  我們就知道我們要做些什麼
[00:10:33.520 --> 00:10:35.680]  無論你說站也好
[00:10:35.680 --> 00:10:37.160]  或者你真是甘心樂要
[00:10:37.160 --> 00:10:38.240]  就像保羅說
[00:10:38.240 --> 00:10:41.560]  我看到是因為耶穌愛激勵我
[00:10:41.560 --> 00:10:44.120]  我看到自己是何等樣的人
[00:10:44.120 --> 00:10:45.040]  好像剛才那首詩歌
[00:10:45.040 --> 00:10:47.720]  我一邊唱我自己也很感動
[00:10:47.720 --> 00:10:50.120]  不是因為我們要做些什麼
[00:10:50.120 --> 00:10:53.000]  是因為上帝做了所有的事情
[00:10:53.000 --> 00:10:54.480]  只是說一聲
[00:10:54.480 --> 00:10:57.400]  你願意來到祂面前
[00:10:57.400 --> 00:10:59.160]  承認你自己是一個罪人
[00:10:59.160 --> 00:11:02.800]  你就能夠得到這個永生的福分
[00:11:02.800 --> 00:11:03.440]  這麼好的事情
[00:11:03.440 --> 00:11:07.160]  為什麼我們不願意去跟別人分享呢
[00:11:07.160 --> 00:11:09.560]  所以最重要的原則是下一張powerpoint
[00:11:09.560 --> 00:11:11.320]  再下一張powerpoint就是
[00:11:11.320 --> 00:11:13.760]  無論如何總要救些人
[00:11:13.760 --> 00:11:16.760]  你知道保羅的背景就是
[00:11:16.760 --> 00:11:18.120]  第二次婚姻旅程
[00:11:18.120 --> 00:11:20.760]  他之後死去哥倫布多的前書
[00:11:20.760 --> 00:11:22.760]  就是他去哥倫布多的教會
[00:11:22.760 --> 00:11:23.760]  我們也說過
[00:11:23.760 --> 00:11:26.040]  在接受萊加的前書裡面說過
[00:11:26.040 --> 00:11:27.560]  他第二次婚姻旅程的時候
[00:11:27.560 --> 00:11:30.240]  是神推主推
[00:11:30.240 --> 00:11:34.160]  推了他去歐洲做婚姻工作
[00:11:34.160 --> 00:11:36.920]  去到歐洲的地方
[00:11:36.920 --> 00:11:41.360]  本來保羅不是想清庭點水
[00:11:41.360 --> 00:11:43.920]  有些牧師就說
[00:11:43.920 --> 00:11:45.360]  我學保羅
[00:11:45.360 --> 00:11:48.320]  清庭點水不喜歡留在教會裡面做這麼久
[00:11:48.320 --> 00:11:50.600]  其實保羅不是想這樣
[00:11:50.600 --> 00:11:52.400]  不過他每逢去到這個地方
[00:11:52.400 --> 00:11:53.360]  就被人趕
[00:11:53.360 --> 00:11:54.400]  被人逼迫
[00:11:54.400 --> 00:11:57.560]  於是他要一邊傳福音一邊離開
[00:11:57.560 --> 00:11:59.440]  你知道一邊傳福音
[00:11:59.440 --> 00:12:00.720]  保羅很厲害的
[00:12:00.720 --> 00:12:03.000]  嘴巴又好
[00:12:03.000 --> 00:12:04.680]  又有Ph.D.
[00:12:04.680 --> 00:12:10.320]  又是加瑪利門下的弟子
[00:12:10.320 --> 00:12:12.560]  於是就跟很多人去辯論
[00:12:12.560 --> 00:12:15.360]  他就想著靠自己的嘴巴
[00:12:15.360 --> 00:12:16.480]  辯論
[00:12:16.480 --> 00:12:18.560]  能夠幫人去信耶穌
[00:12:18.560 --> 00:12:20.000]  所以去到哪裡他都
[00:12:20.000 --> 00:12:23.120]  向著一大群的群眾去講
[00:12:23.120 --> 00:12:25.360]  去到雅典的時候
[00:12:25.360 --> 00:12:26.960]  向著很多人講
[00:12:26.960 --> 00:12:28.280]  但是沒有什麼人信耶穌
[00:12:28.280 --> 00:12:30.200]  很少人信主
[00:12:30.200 --> 00:12:31.120]  很奇怪的是
[00:12:31.120 --> 00:12:33.040]  去到哥倫多
[00:12:33.040 --> 00:12:36.560]  竟然在當中留了18個月
[00:12:36.560 --> 00:12:38.160]  一年半的時間
[00:12:38.160 --> 00:12:40.080]  在當中跟人建立關係
[00:12:40.080 --> 00:12:41.520]  我不多說了
[00:12:41.520 --> 00:12:43.320]  聖經很奇妙的一件事
[00:12:43.320 --> 00:12:45.920]  去到哥倫多最重要的一件事
[00:12:45.920 --> 00:12:48.120]  他認識了一對夫婦
[00:12:48.120 --> 00:12:49.840]  阿基拉帕基拉
[00:12:49.840 --> 00:12:51.480]  阿基拉帕基拉一對夫婦
[00:12:51.480 --> 00:12:54.360]  接著當保羅要回去的時候
[00:12:54.360 --> 00:12:56.080]  他跟著保羅去到伊弗所
[00:12:56.080 --> 00:12:58.400]  接著他在伊弗所留下了這對夫婦
[00:12:58.400 --> 00:13:00.600]  保羅就回到耶路撒冷
[00:13:00.600 --> 00:13:03.880]  這對夫婦在伊弗所認識了一個年輕人
[00:13:03.880 --> 00:13:06.080]  叫做阿波羅
[00:13:06.080 --> 00:13:09.440]  他訓練了阿波羅這對夫婦
[00:13:09.440 --> 00:13:10.720]  接著阿波羅最後
[00:13:10.720 --> 00:13:12.200]  大家知道的就是
[00:13:12.200 --> 00:13:13.880]  接手了
[00:13:13.880 --> 00:13:17.840]  在伊弗所回到哥倫多
[00:13:17.840 --> 00:13:21.280]  做了哥倫多教會的主任牧師
[00:13:21.280 --> 00:13:23.680]  我們看到一個門徒訓練的歷程
[00:13:23.680 --> 00:13:25.240]  是很奇妙的一件事
[00:13:25.240 --> 00:13:27.240]  但是保羅知道一樣很重要的事
[00:13:27.240 --> 00:13:30.280]  就是我們必須要建造關係
[00:13:30.280 --> 00:13:33.480]  我們才能夠將福音更加有效傳出去
[00:13:33.480 --> 00:13:35.200]  更加能夠將福音
[00:13:35.200 --> 00:13:37.240]  以及大使命做得更加好
[00:13:37.240 --> 00:13:39.360]  所以保羅在這裡就跟我們分享
[00:13:39.360 --> 00:13:40.600]  我叫五個D
[00:13:40.600 --> 00:13:42.000]  或者五個原則
[00:13:42.000 --> 00:13:44.360]  我們看看我們創建關係
[00:13:44.360 --> 00:13:45.680]  一些原則怎樣幫助我們
[00:13:45.680 --> 00:13:48.640]  我也希望有時間跟大家分享一下
[00:13:48.640 --> 00:13:51.800]  一些我在教會裡面做的一些見證
[00:13:51.800 --> 00:13:52.640]  我叫五個D
[00:13:52.640 --> 00:13:54.360]  我叫一個practical guide
[00:13:54.360 --> 00:13:57.480]  就是怎樣去創建關係
[00:13:57.480 --> 00:13:59.840]  創建關係其實
[00:13:59.840 --> 00:14:02.080]  是一個生命的心態
[00:14:02.080 --> 00:14:04.240]  我們就算怎樣說
[00:14:04.240 --> 00:14:06.440]  我們知道什麼叫標竿人生
[00:14:06.440 --> 00:14:09.920]  但是我們沒有這樣的生命的心態去做
[00:14:09.920 --> 00:14:10.440]  是不行的
[00:14:10.440 --> 00:14:11.600]  第一個心態很重要
[00:14:11.600 --> 00:14:12.360]  保羅這樣說
[00:14:12.360 --> 00:14:14.120]  我雖是自由的
[00:14:14.120 --> 00:14:15.200]  沒有人管轄
[00:14:15.200 --> 00:14:18.000]  然而我甘心作了眾人的僕人
[00:14:18.000 --> 00:14:22.800]  為要多得人
[00:14:22.800 --> 00:14:24.040]  我們不需要
[00:14:24.040 --> 00:14:28.440]  有些事情不是必須要去做
[00:14:28.440 --> 00:14:31.440]  但是如果我們要贏取更多人的話
[00:14:31.440 --> 00:14:33.800]  首先第一件事保羅提醒我們就是
[00:14:33.800 --> 00:14:37.520]  我們必須要放下自己
[00:14:37.520 --> 00:14:38.720]  耶穌說
[00:14:38.720 --> 00:14:40.200]  誰願為首的
[00:14:40.200 --> 00:14:43.520]  在《馬克福音》記載的十章四十四字說
[00:14:43.520 --> 00:14:45.160]  誰願為首
[00:14:45.160 --> 00:14:48.160]  你就要不單做耶穌的僕人
[00:14:48.160 --> 00:14:52.800]  你還要做眾人的僕人
[00:14:52.800 --> 00:14:57.280]  在新譯本叫做大家的僕人
[00:14:57.280 --> 00:15:00.760]  你說真的很難受啊這句話
[00:15:00.760 --> 00:15:03.880]  你說叫我來
[00:15:03.880 --> 00:15:05.520]  家祈聖經學校幫幫忙
[00:15:05.520 --> 00:15:06.880]  我做耶穌的僕人
[00:15:06.880 --> 00:15:07.960]  神的僕人
[00:15:07.960 --> 00:15:10.360]  頂硬上都要
[00:15:10.360 --> 00:15:11.440]  但是你說
[00:15:11.440 --> 00:15:13.560]  要做眾人的僕人
[00:15:13.560 --> 00:15:16.960]  那些小朋友去廁所要幫他們擦屁股
[00:15:16.960 --> 00:15:22.000]  要看著這些小朋友
[00:15:22.000 --> 00:15:23.640]  眾人的僕人
[00:15:23.640 --> 00:15:27.000]  那些小朋友的僕人真的不夠
[00:15:27.000 --> 00:15:28.720]  你說馮牧師叫你做一些事
[00:15:28.720 --> 00:15:30.160]  也好
[00:15:30.160 --> 00:15:32.440]  弟兄姊妹一群叫你做
[00:15:32.440 --> 00:15:34.240]  我們又不願意
[00:15:34.240 --> 00:15:36.000]  但是弟兄姊妹第一樣的心態
[00:15:36.000 --> 00:15:38.200]  如果我們要贏取更多的人
[00:15:38.200 --> 00:15:39.720]  保羅提醒我們
[00:15:39.720 --> 00:15:41.920]  我們必須要放下自己
[00:15:41.920 --> 00:15:43.920]  即是說我們有些東西
[00:15:43.920 --> 00:15:46.280]  是要作出我們所謂的犧牲
[00:15:46.280 --> 00:15:48.160]  如果你看這些東西是吃虧的話
[00:15:48.160 --> 00:15:48.840]  就是犧牲
[00:15:48.840 --> 00:15:50.760]  你看這些東西是投資的話
[00:15:50.760 --> 00:15:53.400]  這些就是你自己的福分
[00:15:53.400 --> 00:15:55.960]  即是你能夠給出去
[00:15:55.960 --> 00:15:57.000]  但是弟兄姊妹
[00:15:57.000 --> 00:15:58.200]  教會的增長
[00:15:58.200 --> 00:15:59.840]  或者門徒的增多
[00:15:59.840 --> 00:16:02.280]  是要我們付出時間
[00:16:02.280 --> 00:16:03.520]  可能金錢
[00:16:03.520 --> 00:16:04.920]  可能內心
[00:16:04.920 --> 00:16:06.440]  可能你的愛心
[00:16:06.440 --> 00:16:11.960]  甚至是你的家庭一些的生活
[00:16:11.960 --> 00:16:15.160]  甚至是你的座位
[00:16:15.160 --> 00:16:17.200]  你的泊車位
[00:16:17.200 --> 00:16:19.440]  你去廁所的時間
[00:16:19.440 --> 00:16:22.000]  輪候的時間
[00:16:22.000 --> 00:16:23.280]  大家知不知道
[00:16:23.280 --> 00:16:24.920]  如果上帝很恩典
[00:16:24.920 --> 00:16:25.840]  Cross Point
[00:16:25.840 --> 00:16:28.320]  下個禮拜母親節
[00:16:28.320 --> 00:16:30.320]  多給五百人來聚會
[00:16:30.320 --> 00:16:31.920]  突然間
[00:16:31.920 --> 00:16:32.760]  那些弟兄姊妹
[00:16:32.760 --> 00:16:34.760]  我想有些真的很不開心
[00:16:34.760 --> 00:16:36.480]  說去廁所排長龍
[00:16:36.480 --> 00:16:39.120]  泊車又泊不到
[00:16:39.120 --> 00:16:40.560]  我們面對這些東西
[00:16:40.560 --> 00:16:44.000]  我們都要學習犧牲
[00:16:44.000 --> 00:16:45.120]  其中一樣東西
[00:16:45.120 --> 00:16:46.360]  建創建關係
[00:16:46.360 --> 00:16:49.000]  要學習放下自己
[00:16:49.000 --> 00:16:51.760]  就是自己的性格
[00:16:51.760 --> 00:16:55.840]  大家見我上台說話好像很威風
[00:16:55.840 --> 00:16:59.280]  其實我在任何性格測試裏面
[00:16:59.280 --> 00:17:01.520]  我告訴你一個秘密
[00:17:01.520 --> 00:17:03.760]  我的 MBTI 性格測試
[00:17:03.760 --> 00:17:06.680]  我是一個極度內向的人
[00:17:06.680 --> 00:17:09.440]  所謂的「I introvert」
[00:17:09.440 --> 00:17:10.800]  如果問我太太就知道
[00:17:10.800 --> 00:17:13.200]  我放假最重要的是甚麼呢
[00:17:13.200 --> 00:17:14.960]  就是躲在房裏
[00:17:14.960 --> 00:17:16.440]  關上門
[00:17:16.440 --> 00:17:17.600]  自己困在這裏看書
[00:17:17.600 --> 00:17:20.760]  或者上網看電腦
[00:17:20.760 --> 00:17:23.600]  基本上我不喜歡別人的性格
[00:17:23.600 --> 00:17:25.800]  不喜歡和別人接觸
[00:17:25.800 --> 00:17:27.160]  我記得初初回到香港的時候
[00:17:27.160 --> 00:17:27.920]  講完道
[00:17:27.920 --> 00:17:29.480]  因為和別人接觸
[00:17:29.480 --> 00:17:31.160]  特別講道
[00:17:31.160 --> 00:17:33.960]  見到那麼多人
[00:17:33.960 --> 00:17:36.640]  「I introvert」是很浪費力氣的
[00:17:36.640 --> 00:17:39.160]  所以每逢在會點講完兩篇道
[00:17:39.160 --> 00:17:40.240]  我回來就躺在這裏
[00:17:40.240 --> 00:17:42.120]  幾乎死掉了
[00:17:42.120 --> 00:17:45.840]  沙浸在香港侍奉也是
[00:17:45.840 --> 00:17:46.760]  每逢講完道
[00:17:46.760 --> 00:17:48.360]  中間有幾個字「休息」
[00:17:48.360 --> 00:17:50.560]  我就會躲在休息室裏
[00:17:50.560 --> 00:17:52.320]  自己充充電
[00:17:52.320 --> 00:17:53.920]  有些內向人是要這樣
[00:17:53.920 --> 00:17:55.360]  如果你是內向就知道
[00:17:55.360 --> 00:17:57.000]  但有些執事就說
[00:17:57.000 --> 00:17:58.000]  哎呀梁牧師
[00:17:58.000 --> 00:17:59.440]  你主任牧師
[00:17:59.440 --> 00:18:02.800]  怎麼可以不在門口鞠躬送別呢
[00:18:02.800 --> 00:18:04.600]  心想還要鞠躬
[00:18:04.600 --> 00:18:06.000]  還要對著別人
[00:18:06.000 --> 00:18:08.800]  別人還在握手問你又怎樣
[00:18:08.800 --> 00:18:10.640]  你自己已經很累了
[00:18:10.640 --> 00:18:12.440]  但沒有辦法
[00:18:12.440 --> 00:18:16.080]  都是為福音緣故要去做
[00:18:16.080 --> 00:18:17.400]  所以對我來說
[00:18:17.400 --> 00:18:19.520]  創建關係對我來說
[00:18:19.520 --> 00:18:22.120]  不是那麼容易的一件事
[00:18:22.120 --> 00:18:24.360]  但我自己知道
[00:18:24.360 --> 00:18:27.240]  我們做牧師的生活圈子
[00:18:27.240 --> 00:18:29.640]  已經是很窄的
[00:18:29.640 --> 00:18:31.840]  你想想每天在家
[00:18:31.840 --> 00:18:35.800]  我家全部人都信主
[00:18:35.800 --> 00:18:39.440]  接著回教會辦公室
[00:18:39.440 --> 00:18:41.160]  每個人都信主
[00:18:41.160 --> 00:18:43.440]  接著天天對著弟兄姊妹
[00:18:43.440 --> 00:18:45.040]  很多都是信主
[00:18:45.040 --> 00:18:48.400]  差不多7天24小時
[00:18:48.400 --> 00:18:50.080]  天天對著都是基督徒
[00:18:50.080 --> 00:18:51.240]  我們生存
[00:18:51.240 --> 00:18:53.560]  每天在地上就好像天堂一樣
[00:18:53.560 --> 00:18:57.520]  只有天堂才有所有人才是基督徒
[00:18:57.520 --> 00:19:00.640]  我心想我怎麼能履行這個大使命呢
[00:19:00.640 --> 00:19:01.640]  我叫人做
[00:19:01.640 --> 00:19:02.400]  但自己都沒做
[00:19:02.400 --> 00:19:04.440]  於是我就出街去傳福音
[00:19:04.440 --> 00:19:06.720]  但我發覺不有效
[00:19:06.720 --> 00:19:07.560]  即是有人信主
[00:19:07.560 --> 00:19:12.280]  但不能幫他們繼續做主的門徒
[00:19:12.280 --> 00:19:16.800]  於是我自己就犯了一個很重要的道理
[00:19:16.800 --> 00:19:21.280]  就是來自一些做傳銷和保險業的弟兄姊妹
[00:19:21.280 --> 00:19:22.880]  他們都是正常的工作
[00:19:22.880 --> 00:19:26.800]  但很多時候一些做保險的朋友
[00:19:26.800 --> 00:19:28.080]  或者弟兄姊妹打電話給我
[00:19:28.080 --> 00:19:28.960]  約我出去吃飯
[00:19:28.960 --> 00:19:31.600]  我心想又來了
[00:19:31.600 --> 00:19:33.720]  又想推銷我的東西
[00:19:33.720 --> 00:19:36.960]  但我心想為何要這麼極端地去想
[00:19:36.960 --> 00:19:38.120]  除了推銷你的東西之外
[00:19:38.120 --> 00:19:40.440]  他們也想跟你建立關係
[00:19:40.440 --> 00:19:42.920]  這些東西不一定是可以治癒我的
[00:19:42.920 --> 00:19:45.040]  要不你就買還是不買
[00:19:45.040 --> 00:19:46.040]  你都可以結束
[00:19:46.040 --> 00:19:47.400]  即是他來找你
[00:19:47.400 --> 00:19:48.800]  你可以跟他建立關係
[00:19:48.800 --> 00:19:52.000]  也可以去買他的貨品
[00:19:52.000 --> 00:19:55.080]  所以我開始明白到這件事的時候
[00:19:55.080 --> 00:19:58.760]  於是我就開始學他們所做的事
[00:19:58.760 --> 00:20:02.160]  就是打電話給幼稚園同學
[00:20:02.160 --> 00:20:07.120]  小學同學 中學同學 老師
[00:20:07.120 --> 00:20:08.720]  真的建立幾個關係
[00:20:08.720 --> 00:20:09.760]  很奇妙
[00:20:09.760 --> 00:20:12.240]  有一個弟兄他沒回教會很久
[00:20:12.240 --> 00:20:15.160]  是我小學幼稚園高班的同學
[00:20:15.160 --> 00:20:16.560]  為何我認識他呢
[00:20:16.560 --> 00:20:18.920]  因為那時我跟他兩個考試經常都
[00:20:18.920 --> 00:20:20.160]  不是他第一就是我第一
[00:20:20.160 --> 00:20:22.480]  最後拿獎學金永遠都是他
[00:20:22.480 --> 00:20:23.520]  所以我的電影很不順
[00:20:23.520 --> 00:20:25.200]  永遠都記得這個人的名字
[00:20:25.200 --> 00:20:29.400]  現在想找人很容易
[00:20:29.400 --> 00:20:31.400]  上Facebook就找到了
[00:20:31.400 --> 00:20:33.040]  約了他出來聊天
[00:20:33.040 --> 00:20:34.480]  鼓勵他回教會
[00:20:34.480 --> 00:20:37.760]  另外一個就是我中學中五的老師
[00:20:37.760 --> 00:20:39.480]  就是班主任
[00:20:39.480 --> 00:20:41.960]  很久沒見了 三十多年代
[00:20:41.960 --> 00:20:45.320]  我約了他出來跟他聊天
[00:20:45.320 --> 00:20:50.720]  我不是很多時間跟他一起有幾次見面
[00:20:50.720 --> 00:20:53.800]  但我最記得我離開香港的時候
[00:20:53.800 --> 00:20:58.080]  最後一次找機會跟他分享
[00:20:58.080 --> 00:21:00.240]  他說他願意開放
[00:21:00.240 --> 00:21:01.760]  因為他一直都不肯信
[00:21:01.760 --> 00:21:05.840]  願意開放去聽福音
[00:21:05.840 --> 00:21:09.040]  我想我們每一個都需要學做
[00:21:09.040 --> 00:21:11.440]  一個創建關係的人
[00:21:11.440 --> 00:21:13.160]  但首先最重要的是
[00:21:13.160 --> 00:21:15.960]  你願意放下自己
[00:21:15.960 --> 00:21:18.360]  放出一些你的時間
[00:21:18.360 --> 00:21:19.520]  你的錢
[00:21:19.520 --> 00:21:20.680]  你的內心
[00:21:20.680 --> 00:21:22.840]  特別是錢
[00:21:22.840 --> 00:21:27.240]  你約舊同學或舊朋友出來
[00:21:27.240 --> 00:21:29.480]  如果你說你願意請他吃飯
[00:21:29.480 --> 00:21:30.400]  叫他出來
[00:21:30.400 --> 00:21:32.040]  是容易一點的
[00:21:32.040 --> 00:21:33.240]  你不信試試
[00:21:33.240 --> 00:21:34.560]  我請他來
[00:21:34.560 --> 00:21:36.480]  他都不好意思
[00:21:36.480 --> 00:21:39.360]  這是你開始創建關係的
[00:21:39.360 --> 00:21:41.880]  建立這個關係的第一步
[00:21:41.880 --> 00:21:43.240]  保羅就開始做這些事
[00:21:43.240 --> 00:21:44.720]  第二件事保羅做的就是
[00:21:44.720 --> 00:21:45.680]  發言共通
[00:21:45.680 --> 00:21:47.400]  向猶太人
[00:21:47.400 --> 00:21:49.560]  deserve你的similarities
[00:21:49.560 --> 00:21:51.440]  向猶太人就join猶太人
[00:21:51.440 --> 00:21:52.960]  向什麼人就什麼人
[00:21:52.960 --> 00:21:54.120]  大家不要誤會
[00:21:54.120 --> 00:21:56.480]  有些人看見經文就是
[00:21:56.480 --> 00:21:58.720]  我要跟那些吸毒的傳福音
[00:21:58.720 --> 00:22:01.960]  自己拍拍軟
[00:22:01.960 --> 00:22:04.520]  吸幾口海洛英
[00:22:04.520 --> 00:22:05.720]  試試
[00:22:05.720 --> 00:22:06.480]  那你很慘
[00:22:06.480 --> 00:22:08.560]  如果傳福音是這樣的話
[00:22:08.560 --> 00:22:09.840]  離婚的
[00:22:09.840 --> 00:22:11.120]  你要接觸他們
[00:22:11.120 --> 00:22:12.160]  自己又試
[00:22:12.160 --> 00:22:13.760]  婚外情又試
[00:22:13.760 --> 00:22:15.480]  打老婆的又試
[00:22:15.480 --> 00:22:16.520]  賭錢又試
[00:22:16.520 --> 00:22:17.760]  嘩 你試了多少
[00:22:17.760 --> 00:22:19.480]  保羅說的不是
[00:22:19.480 --> 00:22:22.920]  而是在他接觸的人裏面
[00:22:22.920 --> 00:22:25.720]  保羅有很多不同的身份
[00:22:25.720 --> 00:22:27.840]  很多不同的帽
[00:22:27.840 --> 00:22:29.280]  他戴
[00:22:29.280 --> 00:22:32.000]  保羅說如果你要傳福音的話
[00:22:32.000 --> 00:22:33.280]  你向什麼人
[00:22:33.280 --> 00:22:34.960]  你找到一個共通點的時候
[00:22:34.960 --> 00:22:36.720]  就容易跟他接觸
[00:22:36.720 --> 00:22:37.960]  保羅說我是猶太人
[00:22:37.960 --> 00:22:39.840]  所以我可以跟猶太人講福音
[00:22:39.840 --> 00:22:40.880]  但另一方面就是
[00:22:40.880 --> 00:22:42.400]  我在大宋出生
[00:22:42.400 --> 00:22:43.440]  我在外邦出生
[00:22:43.440 --> 00:22:47.160]  我又可以跟講希臘話的外邦人傳福音
[00:22:47.160 --> 00:22:48.760]  那些信耶和華的
[00:22:48.760 --> 00:22:51.160]  我又可以在律法底下跟他們傳福音
[00:22:51.160 --> 00:22:55.000]  保羅說的一個很重要的教會增長的道理
[00:22:55.000 --> 00:22:59.080]  叫做同質的原則
[00:22:59.080 --> 00:23:01.520]  那些叫Homogenous groups
[00:23:01.520 --> 00:23:03.160]  就是
[00:23:03.160 --> 00:23:05.840]  教會增長學家發現一樣東西
[00:23:05.840 --> 00:23:10.840]  如果你能夠向一些跟你同質的人
[00:23:10.840 --> 00:23:12.320]  傳福音的話
[00:23:12.320 --> 00:23:15.840]  是較容易帶他們去認識真理的
[00:23:15.840 --> 00:23:16.840]  什麼叫同質呢
[00:23:16.840 --> 00:23:18.560]  有很多不同的解釋
[00:23:18.560 --> 00:23:20.960]  你可以是男同女
[00:23:20.960 --> 00:23:23.480]  我教會在香港是分男女的
[00:23:23.480 --> 00:23:24.640]  就是小組的
[00:23:24.640 --> 00:23:27.200]  那些姐妹真是厲害
[00:23:27.200 --> 00:23:28.360]  傳福音
[00:23:28.360 --> 00:23:31.800]  現在我教會差不多是1比99
[00:23:31.800 --> 00:23:34.760]  就是男同女的比例
[00:23:34.760 --> 00:23:35.880]  那些姐妹
[00:23:35.880 --> 00:23:37.120]  你想想她們搞些什麼
[00:23:37.120 --> 00:23:39.120]  都很容易找到人回來的
[00:23:39.120 --> 00:23:42.560]  就是烹飪班
[00:23:42.560 --> 00:23:46.400]  美容班
[00:23:46.400 --> 00:23:48.680]  瘦身班
[00:23:48.680 --> 00:23:53.040]  我不知道你搞些男性瘦身班會不會有人來
[00:23:53.040 --> 00:23:57.320]  姐妹是很容易去接觸到其他姐妹帶他們回來
[00:23:57.320 --> 00:23:58.200]  又或者
[00:23:58.200 --> 00:24:00.200]  你們有共同的背景
[00:24:00.200 --> 00:24:02.800]  有子女的
[00:24:02.800 --> 00:24:04.800]  差不多這個年紀的
[00:24:04.800 --> 00:24:06.080]  有共同的語言
[00:24:06.080 --> 00:24:07.360]  有共同的職業
[00:24:07.360 --> 00:24:09.120]  有共同的興趣
[00:24:09.120 --> 00:24:11.120]  有共同的關注
[00:24:11.120 --> 00:24:15.440]  會點教會其實是一個很明顯的同質的教會
[00:24:15.440 --> 00:24:17.920]  我們講廣東話的
[00:24:17.920 --> 00:24:19.240]  來到當中
[00:24:19.240 --> 00:24:21.120]  我們不是只有這樣東西的
[00:24:21.120 --> 00:24:22.560]  不是只有語言
[00:24:22.560 --> 00:24:24.960]  我們還有其他東西會同樣同質的
[00:24:24.960 --> 00:24:29.840]  於是我們就建造這些同質的一些關係
[00:24:29.840 --> 00:24:32.160]  我們有些人同一個職業
[00:24:32.160 --> 00:24:33.680]  但不是講廣東話的
[00:24:33.680 --> 00:24:37.840]  可能我們同一個背景
[00:24:37.840 --> 00:24:39.360]  我們都有廣東人
[00:24:39.360 --> 00:24:43.280]  但我們認識的人他們未有小朋友的
[00:24:43.280 --> 00:24:46.080]  於是很多東西我們都可以在當中去建造
[00:24:46.080 --> 00:24:47.080]  第三個原則
[00:24:47.080 --> 00:24:48.080]  我們很快看看
[00:24:48.080 --> 00:24:49.520]  第三個原則
[00:24:49.520 --> 00:24:51.520]  保羅說要發展友誼
[00:24:51.520 --> 00:24:52.240]  第三
[00:24:52.240 --> 00:24:54.240]  powerpoint wake up
[00:24:54.240 --> 00:24:58.240]  develop friendship
[00:24:58.240 --> 00:25:03.760]  即是你保羅不是就這樣同質的跟他say hi就算數
[00:25:03.760 --> 00:25:07.360]  要有時間跟他develop friendship
[00:25:07.360 --> 00:25:08.320]  我講的就是
[00:25:08.320 --> 00:25:10.320]  基督徒你千萬不要覺得
[00:25:10.320 --> 00:25:12.320]  被人覺得是屎虧
[00:25:12.320 --> 00:25:14.560]  你為了傳福音給我
[00:25:14.560 --> 00:25:17.280]  你就跟我建立關係
[00:25:17.280 --> 00:25:20.320]  我都說不是either or
[00:25:20.320 --> 00:25:22.320]  你是可以and
[00:25:22.320 --> 00:25:25.920]  當你真誠去關心去愛一個
[00:25:25.920 --> 00:25:29.520]  跟你有友誼關係的人
[00:25:29.520 --> 00:25:32.000]  你對他那份的情
[00:25:32.000 --> 00:25:34.000]  對他那份傳福音的心
[00:25:34.000 --> 00:25:36.000]  所謂的那份passion
[00:25:36.000 --> 00:25:38.000]  是會大很多的
[00:25:38.000 --> 00:25:40.000]  你試想想
[00:25:40.000 --> 00:25:42.000]  你街邊裡面不認識的人
[00:25:42.000 --> 00:25:44.000]  跟你認識的人
[00:25:44.000 --> 00:25:46.000]  你都很想
[00:25:46.000 --> 00:25:48.000]  將福音傳給他
[00:25:48.000 --> 00:25:50.000]  剛才那位弟兄
[00:25:50.000 --> 00:25:52.000]  他不會走出街
[00:25:52.000 --> 00:25:54.000]  痛介問人
[00:25:54.000 --> 00:25:56.000]  今天天氣很熱
[00:25:56.000 --> 00:25:58.000]  不會吧
[00:25:58.000 --> 00:26:00.000]  他想將福音帶給他未來的岳母
[00:26:00.000 --> 00:26:02.000]  於是
[00:26:02.000 --> 00:26:04.000]  他會有那份的urge
[00:26:04.000 --> 00:26:06.000]  有那份的衝動
[00:26:06.000 --> 00:26:08.000]  願意去
[00:26:08.000 --> 00:26:10.000]  將這麼好的東西
[00:26:10.000 --> 00:26:12.000]  跟他分享
[00:26:12.000 --> 00:26:14.000]  所以我覺得建造關係
[00:26:14.000 --> 00:26:16.000]  不單止為了傳福音那麼屎虧
[00:26:16.000 --> 00:26:18.000]  我們建造關係
[00:26:18.000 --> 00:26:20.000]  是因為
[00:26:20.000 --> 00:26:22.000]  我們愛這個人
[00:26:22.000 --> 00:26:24.000]  我們想將這樣好的東西
[00:26:24.000 --> 00:26:26.000]  是更加迫切地
[00:26:26.000 --> 00:26:28.000]  去介紹給他
[00:26:28.000 --> 00:26:30.000]  第四樣東西
[00:26:30.000 --> 00:26:32.000]  除了develop friendship
[00:26:32.000 --> 00:26:34.000]  我們也要deepen our relationship
[00:26:34.000 --> 00:26:36.000]  凡我所行的
[00:26:36.000 --> 00:26:38.000]  你看看保羅說
[00:26:38.000 --> 00:26:40.000]  在這些人面前
[00:26:40.000 --> 00:26:42.000]  他做這些的事
[00:26:42.000 --> 00:26:44.000]  是要建造關係之後
[00:26:44.000 --> 00:26:46.000]  將福音
[00:26:46.000 --> 00:26:48.000]  帶給他們
[00:26:48.000 --> 00:26:50.000]  有時你不明白
[00:26:50.000 --> 00:26:52.000]  像剛才弟兄的分享
[00:26:52.000 --> 00:26:54.000]  神做很多事跟我們同工
[00:26:54.000 --> 00:26:56.000]  我們不會明白
[00:26:56.000 --> 00:26:58.000]  為何一些
[00:26:58.000 --> 00:27:00.000]  甚至我說的
[00:27:00.000 --> 00:27:02.000]  一些這麼stupid的方法
[00:27:02.000 --> 00:27:04.000]  都會有人信主的
[00:27:04.000 --> 00:27:06.000]  這就是人的智慧
[00:27:06.000 --> 00:27:08.000]  有限如絕和神的智慧
[00:27:08.000 --> 00:27:10.000]  我在香港
[00:27:10.000 --> 00:27:12.000]  那些小組
[00:27:12.000 --> 00:27:14.000]  我經常鼓勵他們用一些方法
[00:27:14.000 --> 00:27:16.000]  去傳福音 其中一件事就是開生日會
[00:27:16.000 --> 00:27:18.000]  買個蛋糕
[00:27:18.000 --> 00:27:20.000]  例如五月生日
[00:27:20.000 --> 00:27:22.000]  邀請五月生日的朋友
[00:27:22.000 --> 00:27:24.000]  我們一起為他慶祝生日
[00:27:24.000 --> 00:27:26.000]  這些小組
[00:27:26.000 --> 00:27:28.000]  很鄙視我的鼓勵
[00:27:28.000 --> 00:27:30.000]  梁牧師
[00:27:30.000 --> 00:27:32.000]  it won't work
[00:27:32.000 --> 00:27:34.000]  這麼stupid的方法
[00:27:34.000 --> 00:27:36.000]  每個人都有人為他慶祝生日
[00:27:36.000 --> 00:27:38.000]  我想跟你說一個見證
[00:27:38.000 --> 00:27:40.000]  我去年離開香港的時候
[00:27:40.000 --> 00:27:42.000]  受浸的時候
[00:27:42.000 --> 00:27:44.000]  聽這個弟兄做見證
[00:27:44.000 --> 00:27:46.000]  這個弟兄五十一歲
[00:27:46.000 --> 00:27:48.000]  回我們一個男人的小組
[00:27:48.000 --> 00:27:50.000]  就因為他有朋友
[00:27:50.000 --> 00:27:52.000]  叫他回來這個
[00:27:52.000 --> 00:27:54.000]  慶祝生日的會
[00:27:54.000 --> 00:27:56.000]  只有他一個人慶祝生日
[00:27:56.000 --> 00:27:58.000]  其他人沒有來
[00:27:58.000 --> 00:28:00.000]  有個蛋糕 大家跟他唱生日歌
[00:28:00.000 --> 00:28:02.000]  祝他生日
[00:28:02.000 --> 00:28:04.000]  這個弟兄說
[00:28:04.000 --> 00:28:06.000]  他五十一歲
[00:28:06.000 --> 00:28:08.000]  他在人生裏
[00:28:08.000 --> 00:28:10.000]  他是第一次
[00:28:10.000 --> 00:28:12.000]  有人跟他唱生日歌
[00:28:12.000 --> 00:28:14.000]  他說他爸爸媽媽
[00:28:14.000 --> 00:28:16.000]  很早已經離異了
[00:28:16.000 --> 00:28:18.000]  他說他世界上沒有人
[00:28:18.000 --> 00:28:20.000]  跟他慶祝生日
[00:28:20.000 --> 00:28:22.000]  我在這裏聽的時候
[00:28:22.000 --> 00:28:24.000]  我們這些經常覺得
[00:28:24.000 --> 00:28:26.000]  不會吧
[00:28:26.000 --> 00:28:28.000]  說笑吧
[00:28:28.000 --> 00:28:30.000]  五十一歲沒有人跟你慶祝生日
[00:28:30.000 --> 00:28:32.000]  他真的沒有
[00:28:32.000 --> 00:28:34.000]  所以他說一生人第一次
[00:28:34.000 --> 00:28:36.000]  就是一班完全不認識的
[00:28:36.000 --> 00:28:38.000]  他說這班傻的
[00:28:38.000 --> 00:28:40.000]  這班stupid的人
[00:28:40.000 --> 00:28:42.000]  怎麼跟一個完全不認識的人
[00:28:42.000 --> 00:28:44.000]  去唱生日歌呢
[00:28:44.000 --> 00:28:46.000]  他就很奇怪
[00:28:46.000 --> 00:28:48.000]  為什麼這班基督徒
[00:28:48.000 --> 00:28:50.000]  願意做這件事
[00:28:50.000 --> 00:28:52.000]  所以他就願意留下
[00:28:52.000 --> 00:28:54.000]  接著慢慢結識
[00:28:54.000 --> 00:28:56.000]  這班弟兄姊妹
[00:28:56.000 --> 00:28:58.000]  接著信主
[00:28:58.000 --> 00:29:00.000]  接著願意受浸教會
[00:29:00.000 --> 00:29:02.000]  就在受浸那天
[00:29:02.000 --> 00:29:04.000]  他就講這個見證
[00:29:04.000 --> 00:29:06.000]  激勵了很多人
[00:29:06.000 --> 00:29:08.000]  有時不是我們
[00:29:08.000 --> 00:29:10.000]  知道人很多的東西
[00:29:10.000 --> 00:29:12.000]  好像剛才弟兄講
[00:29:12.000 --> 00:29:14.000]  他都不知道他岳母是
[00:29:14.000 --> 00:29:16.000]  未來岳母
[00:29:16.000 --> 00:29:18.000]  不是寓言
[00:29:18.000 --> 00:29:20.000]  經常講岳母
[00:29:20.000 --> 00:29:22.000]  未來岳母
[00:29:22.000 --> 00:29:24.000]  根本他都不知道
[00:29:24.000 --> 00:29:26.000]  但只要你願意
[00:29:26.000 --> 00:29:28.000]  去學去做
[00:29:28.000 --> 00:29:30.000]  有時上帝出人意外的平安
[00:29:30.000 --> 00:29:32.000]  是超乎你
[00:29:32.000 --> 00:29:34.000]  所想所求
[00:29:34.000 --> 00:29:36.000]  但問題是我們願不願意
[00:29:36.000 --> 00:29:38.000]  為這班未信的人去做
[00:29:38.000 --> 00:29:40.000]  最後在適當的時機
[00:29:40.000 --> 00:29:42.000]  第五
[00:29:42.000 --> 00:29:44.000]  你要deliver your invitation
[00:29:44.000 --> 00:29:46.000]  邀請
[00:29:46.000 --> 00:29:48.000]  Tom Rainer的research
[00:29:48.000 --> 00:29:50.000]  告訴我們
[00:29:50.000 --> 00:29:52.000]  如果你有認識熟絡的人
[00:29:52.000 --> 00:29:54.000]  邀請他回來教會的活動
[00:29:54.000 --> 00:29:56.000]  97%
[00:29:56.000 --> 00:29:58.000]  都會
[00:29:58.000 --> 00:30:00.000]  大大可能願意
[00:30:00.000 --> 00:30:02.000]  接受這個邀請
[00:30:02.000 --> 00:30:04.000]  我們是否願意這樣做
[00:30:04.000 --> 00:30:06.000]  修保羅有
[00:30:06.000 --> 00:30:08.000]  四樣東西提醒我們
[00:30:08.000 --> 00:30:10.000]  實踐的時候
[00:30:10.000 --> 00:30:12.000]  實踐的方法
[00:30:12.000 --> 00:30:14.000]  我們應該怎樣做
[00:30:14.000 --> 00:30:16.000]  第一
[00:30:16.000 --> 00:30:18.000]  不要奔跑無定向
[00:30:18.000 --> 00:30:20.000]  鬥拳打空氣
[00:30:20.000 --> 00:30:22.000]  昨晚那場拳賽
[00:30:22.000 --> 00:30:24.000]  有問題嗎
[00:30:24.000 --> 00:30:26.000]  你有目標
[00:30:26.000 --> 00:30:28.000]  不會上去
[00:30:28.000 --> 00:30:30.000]  被人打
[00:30:30.000 --> 00:30:32.000]  我們都是
[00:30:32.000 --> 00:30:34.000]  希望
[00:30:34.000 --> 00:30:36.000]  完成
[00:30:36.000 --> 00:30:38.000]  戰勝
[00:30:38.000 --> 00:30:40.000]  第一
[00:30:40.000 --> 00:30:42.000]  我們要有目標
[00:30:42.000 --> 00:30:44.000]  沒有目標會很痛苦
[00:30:44.000 --> 00:30:46.000]  純粹責任去做
[00:30:46.000 --> 00:30:48.000]  聖經要我們去做
[00:30:48.000 --> 00:30:50.000]  我們很痛苦
[00:30:50.000 --> 00:30:52.000]  我們有人生的目標
[00:30:52.000 --> 00:30:54.000]  第二
[00:30:54.000 --> 00:30:56.000]  老生常談
[00:30:56.000 --> 00:30:58.000]  說這些都多餘
[00:30:58.000 --> 00:31:00.000]  但實際上
[00:31:00.000 --> 00:31:02.000]  很多人不去做
[00:31:02.000 --> 00:31:04.000]  你知不知道賽跑
[00:31:04.000 --> 00:31:06.000]  最重要的除了定標
[00:31:06.000 --> 00:31:08.000]  之外
[00:31:08.000 --> 00:31:10.000]  就是要跑
[00:31:10.000 --> 00:31:12.000]  定了標就要站著
[00:31:12.000 --> 00:31:14.000]  有什麼用
[00:31:14.000 --> 00:31:16.000]  我人生目標就是這樣
[00:31:16.000 --> 00:31:18.000]  但我站著不出發
[00:31:18.000 --> 00:31:20.000]  你都要
[00:31:20.000 --> 00:31:22.000]  起步去跑
[00:31:22.000 --> 00:31:24.000]  第一步
[00:31:24.000 --> 00:31:26.000]  站好之後
[00:31:26.000 --> 00:31:28.000]  開始你結識新知的人生
[00:31:28.000 --> 00:31:30.000]  開始你建造
[00:31:30.000 --> 00:31:32.000]  關係的人生
[00:31:32.000 --> 00:31:34.000]  第三
[00:31:34.000 --> 00:31:36.000]  堅持
[00:31:36.000 --> 00:31:38.000]  不要
[00:31:38.000 --> 00:31:40.000]  太快放棄
[00:31:40.000 --> 00:31:42.000]  奔跑不是無定向
[00:31:42.000 --> 00:31:44.000]  我鬥拳不是打空氣
[00:31:44.000 --> 00:31:46.000]  我攻克己身叫身服我
[00:31:46.000 --> 00:31:48.000]  大家看一個很重要的希臘字
[00:31:48.000 --> 00:31:50.000]  27節就是攻克己身
[00:31:50.000 --> 00:31:52.000]  原文的意思
[00:31:52.000 --> 00:31:54.000]  就是被人打到臉都腫
[00:31:54.000 --> 00:31:56.000]  即是打拳
[00:31:56.000 --> 00:31:58.000]  即是打到臉都腫
[00:31:58.000 --> 00:32:00.000]  為何要自己被人打到臉都腫
[00:32:00.000 --> 00:32:02.000]  告訴你
[00:32:02.000 --> 00:32:04.000]  鬥拳就是這樣
[00:32:04.000 --> 00:32:06.000]  你被人打一拳就躺下
[00:32:06.000 --> 00:32:08.000]  你不用打
[00:32:08.000 --> 00:32:10.000]  你要訓練到
[00:32:10.000 --> 00:32:12.000]  自己
[00:32:12.000 --> 00:32:14.000]  堅持下去
[00:32:14.000 --> 00:32:16.000]  這就是原文聖經的意思
[00:32:16.000 --> 00:32:20.000]  在結束的時候我想和大家分享
[00:32:20.000 --> 00:32:22.000]  我自己媽媽
[00:32:22.000 --> 00:32:24.000]  得救的見證
[00:32:24.000 --> 00:32:26.000]  在我媽媽
[00:32:26.000 --> 00:32:28.000]  60年來
[00:32:28.000 --> 00:32:30.000]  我媽媽幾年前過世
[00:32:30.000 --> 00:32:32.000]  回到天下
[00:32:32.000 --> 00:32:34.000]  她70多歲過世
[00:32:34.000 --> 00:32:36.000]  60年之前
[00:32:36.000 --> 00:32:38.000]  一直都是拜偶像
[00:32:38.000 --> 00:32:40.000]  中國人在香港
[00:32:40.000 --> 00:32:42.000]  回到家裏
[00:32:42.000 --> 00:32:44.000]  家裏紅色
[00:32:44.000 --> 00:32:46.000]  神檯燈
[00:32:46.000 --> 00:32:48.000]  入門口
[00:32:48.000 --> 00:32:50.000]  前後地主財神
[00:32:50.000 --> 00:32:52.000]  五方五土龍神
[00:32:52.000 --> 00:32:54.000]  入到家裏有觀音
[00:32:54.000 --> 00:32:56.000]  歷代祖先
[00:32:56.000 --> 00:32:58.000]  入到廚房有灶君
[00:32:58.000 --> 00:33:00.000]  門口貼財神
[00:33:00.000 --> 00:33:02.000]  總之什麼都有
[00:33:02.000 --> 00:33:04.000]  滿天神佛回到家裏
[00:33:04.000 --> 00:33:06.000]  我媽媽拜偶像很久
[00:33:06.000 --> 00:33:08.000]  一直
[00:33:08.000 --> 00:33:10.000]  祈禱
[00:33:10.000 --> 00:33:12.000]  叫她信耶穌
[00:33:12.000 --> 00:33:14.000]  但起先就很反對
[00:33:14.000 --> 00:33:16.000]  一講耶穌她就起身走
[00:33:16.000 --> 00:33:18.000]  你不要和我說
[00:33:18.000 --> 00:33:20.000]  我沒有這個兒子
[00:33:20.000 --> 00:33:22.000]  講一些負氣說話
[00:33:22.000 --> 00:33:24.000]  我一直都會找機會和她分享
[00:33:24.000 --> 00:33:26.000]  做見證
[00:33:26.000 --> 00:33:28.000]  我所行的都是帶她信主
[00:33:28.000 --> 00:33:30.000]  但一直都不願意
[00:33:30.000 --> 00:33:32.000]  但生命裏面很有趣的一件事
[00:33:32.000 --> 00:33:34.000]  我甚至邀請她去
[00:33:34.000 --> 00:33:36.000]  有一次陪你來香港
[00:33:36.000 --> 00:33:38.000]  1992年
[00:33:38.000 --> 00:33:40.000]  我記得好像
[00:33:40.000 --> 00:33:42.000]  不如去聽福音
[00:33:42.000 --> 00:33:44.000]  她肯跟我去
[00:33:44.000 --> 00:33:46.000]  但她又不肯決志
[00:33:46.000 --> 00:33:48.000]  但我發覺她的心是慢慢開的
[00:33:48.000 --> 00:33:50.000]  可能我生命見證了也好
[00:33:50.000 --> 00:33:52.000]  所以就
[00:33:52.000 --> 00:33:54.000]  跟著很奇怪
[00:33:54.000 --> 00:33:56.000]  一直都不肯聽
[00:33:56.000 --> 00:33:58.000]  有一次她去行山
[00:33:58.000 --> 00:34:00.000]  就滾下山
[00:34:00.000 --> 00:34:02.000]  跌斷了一隻腳
[00:34:02.000 --> 00:34:04.000]  進了醫院
[00:34:04.000 --> 00:34:06.000]  收到電話後我心裏想
[00:34:06.000 --> 00:34:08.000]  Hallelujah 媽媽跌倒了
[00:34:08.000 --> 00:34:10.000]  是不是
[00:34:10.000 --> 00:34:12.000]  不是因為她跌倒
[00:34:12.000 --> 00:34:14.000]  而是Hallelujah 她跌倒躺在醫院
[00:34:14.000 --> 00:34:16.000]  我有機會去服侍她
[00:34:16.000 --> 00:34:18.000]  為她祈禱
[00:34:18.000 --> 00:34:20.000]  為她見證神的大能
[00:34:20.000 --> 00:34:22.000]  因為人就是這樣
[00:34:22.000 --> 00:34:24.000]  When you lay down, you look up
[00:34:24.000 --> 00:34:26.000]  是不是
[00:34:26.000 --> 00:34:28.000]  你不經歷人生一些創痛
[00:34:28.000 --> 00:34:30.000]  可能你沒有機會認識上帝
[00:34:30.000 --> 00:34:32.000]  她睡了醫院一個月
[00:34:32.000 --> 00:34:34.000]  打了石膏
[00:34:34.000 --> 00:34:36.000]  因為她有糖尿病
[00:34:36.000 --> 00:34:38.000]  所以很難去
[00:34:38.000 --> 00:34:40.000]  做完手術之後很難去痊癒
[00:34:40.000 --> 00:34:42.000]  所以睡了一個月
[00:34:42.000 --> 00:34:44.000]  那個月真的厲害
[00:34:44.000 --> 00:34:46.000]  我日日或隔日走去
[00:34:46.000 --> 00:34:48.000]  服侍她
[00:34:48.000 --> 00:34:50.000]  為她祈禱
[00:34:50.000 --> 00:34:52.000]  和她分享
[00:34:52.000 --> 00:34:54.000]  到她出院之前
[00:34:54.000 --> 00:34:56.000]  媽媽跟我說
[00:34:56.000 --> 00:34:58.000]  兒子,如果我出院之後
[00:34:58.000 --> 00:35:00.000]  你來跟我說福音
[00:35:00.000 --> 00:35:02.000]  我想聽聽
[00:35:02.000 --> 00:35:04.000]  我心裏想
[00:35:04.000 --> 00:35:06.000]  那時候我叫你聽
[00:35:06.000 --> 00:35:08.000]  你聽到她走
[00:35:08.000 --> 00:35:10.000]  現在躺在那裏
[00:35:10.000 --> 00:35:12.000]  動不了
[00:35:12.000 --> 00:35:14.000]  輪到我說了
[00:35:14.000 --> 00:35:16.000]  等她出院
[00:35:16.000 --> 00:35:18.000]  跟她分享
[00:35:18.000 --> 00:35:20.000]  有一日跟她坐下來分享
[00:35:20.000 --> 00:35:22.000]  分享完之後
[00:35:22.000 --> 00:35:24.000]  我問媽媽你明白什麼是福音
[00:35:24.000 --> 00:35:26.000]  她說明白
[00:35:26.000 --> 00:35:28.000]  我問媽媽你願不願意接受相信耶穌
[00:35:28.000 --> 00:35:30.000]  她說我願意
[00:35:30.000 --> 00:35:32.000]  我說媽媽
[00:35:32.000 --> 00:35:34.000]  你不要給兒子的牧師面子
[00:35:34.000 --> 00:35:36.000]  想清楚一點
[00:35:36.000 --> 00:35:38.000]  我們最怕有些人
[00:35:38.000 --> 00:35:40.000]  受某些創傷突然信主
[00:35:40.000 --> 00:35:42.000]  想清楚一點
[00:35:42.000 --> 00:35:44.000]  我最記得我媽媽
[00:35:44.000 --> 00:35:46.000]  那一刻說了什麼
[00:35:46.000 --> 00:35:48.000]  她眼淚流淚
[00:35:48.000 --> 00:35:50.000]  她說
[00:35:50.000 --> 00:35:52.000]  兒子
[00:35:52.000 --> 00:35:54.000]  我是一個罪人
[00:35:54.000 --> 00:35:56.000]  我需要信主
[00:35:56.000 --> 00:35:58.000]  那一刻
[00:35:58.000 --> 00:36:00.000]  我自己當然很感動
[00:36:00.000 --> 00:36:02.000]  跟著
[00:36:02.000 --> 00:36:04.000]  跟她一起決志
[00:36:04.000 --> 00:36:06.000]  跟著媽媽就回了教會
[00:36:06.000 --> 00:36:08.000]  跟著一年之後
[00:36:08.000 --> 00:36:10.000]  我為我媽媽施浸
[00:36:10.000 --> 00:36:12.000]  跟著在教會裏
[00:36:12.000 --> 00:36:14.000]  她負責探訪的工作
[00:36:14.000 --> 00:36:16.000]  做收奉獻的工作
[00:36:16.000 --> 00:36:18.000]  最後
[00:36:18.000 --> 00:36:20.000]  在人生歷程最後的幾年裏
[00:36:20.000 --> 00:36:22.000]  她負責兒童的工作
[00:36:22.000 --> 00:36:24.000]  服侍
[00:36:24.000 --> 00:36:26.000]  等於
[00:36:26.000 --> 00:36:28.000]  當我回望我媽媽
[00:36:28.000 --> 00:36:30.000]  跟著我爸爸
[00:36:30.000 --> 00:36:32.000]  很久沒有回教會
[00:36:32.000 --> 00:36:34.000]  因為我媽媽決志信主
[00:36:34.000 --> 00:36:36.000]  都回教會
[00:36:36.000 --> 00:36:38.000]  一起在教會裏服侍
[00:36:38.000 --> 00:36:40.000]  當我回望的時候
[00:36:40.000 --> 00:36:42.000]  我自己發覺
[00:36:42.000 --> 00:36:44.000]  我為媽媽
[00:36:44.000 --> 00:36:46.000]  祈禱和等待
[00:36:46.000 --> 00:36:48.000]  等了
[00:36:48.000 --> 00:36:50.000]  十幾年
[00:36:50.000 --> 00:36:52.000]  其實對於很多電影節目來說
[00:36:52.000 --> 00:36:54.000]  這不是一段很長的時間
[00:36:54.000 --> 00:36:56.000]  有些等了幾十年
[00:36:56.000 --> 00:36:58.000]  但是不要放棄
[00:36:58.000 --> 00:37:00.000]  因為
[00:37:00.000 --> 00:37:02.000]  第四件事最後
[00:37:02.000 --> 00:37:04.000]  最重要的是
[00:37:04.000 --> 00:37:06.000]  我們必須要成長
[00:37:06.000 --> 00:37:08.000]  生命的見證
[00:37:08.000 --> 00:37:10.000]  是遠比
[00:37:10.000 --> 00:37:12.000]  任何訊息都重要
[00:37:12.000 --> 00:37:14.000]  是不是
[00:37:14.000 --> 00:37:16.000]  因為很多人
[00:37:16.000 --> 00:37:18.000]  他們想見一個人版
[00:37:18.000 --> 00:37:22.000]  究竟我們人生是為了什麼
[00:37:22.000 --> 00:37:24.000]  而不是純粹
[00:37:24.000 --> 00:37:26.000]  聽一份
[00:37:26.000 --> 00:37:28.000]  的message
[00:37:28.000 --> 00:37:30.000]  我經常都記得有一個微信的朋友
[00:37:30.000 --> 00:37:32.000]  這樣說
[00:37:32.000 --> 00:37:34.000]  他說基督徒
[00:37:34.000 --> 00:37:36.000]  就好像一個乞丐
[00:37:36.000 --> 00:37:38.000]  賣一條
[00:37:38.000 --> 00:37:40.000]  發達的秘方
[00:37:40.000 --> 00:37:42.000]  給我們
[00:37:42.000 --> 00:37:44.000]  究竟
[00:37:44.000 --> 00:37:46.000]  我信不信
[00:37:46.000 --> 00:37:48.000]  如果我們真的要
[00:37:48.000 --> 00:37:50.000]  將生命的知道告訴別人
[00:37:50.000 --> 00:37:52.000]  我們的生命就必須成為一個
[00:37:52.000 --> 00:37:54.000]  美好的見證
[00:37:54.000 --> 00:37:56.000]  求主幫助我們
[00:37:56.000 --> 00:37:58.000]  無論怎樣
[00:37:58.000 --> 00:38:00.000]  總要救赦人
[00:38:00.000 --> 00:38:02.000]  我們一起低頭做禱告
[00:38:02.000 --> 00:38:04.000]  以今天的訊息繼續幫助
[00:38:04.000 --> 00:38:06.000]  我們每個弟兄姊妹
[00:38:06.000 --> 00:38:08.000]  學習如何擴大我們的境界
[00:38:08.000 --> 00:38:10.000]  學習如何主動放下自己
[00:38:10.000 --> 00:38:12.000]  學習如何為福音的緣故
[00:38:12.000 --> 00:38:14.000]  我們創建關係
[00:38:14.000 --> 00:38:16.000]  叫更多的人
[00:38:16.000 --> 00:38:18.000]  能夠從我們生命裡
[00:38:18.000 --> 00:38:20.000]  認識主耶穌
[00:38:20.000 --> 00:38:22.000]  就隨地我們禱告
[00:38:22.000 --> 00:38:24.000]  奉耶穌的聖名
[00:38:24.000 --> 00:38:26.000]  阿們
