
[00:00:00.000 --> 00:00:02.000]  (錄音結束)
[00:00:31.000 --> 00:00:32.080]  有沒有也好
[00:00:32.080 --> 00:00:33.560]  你會發覺整體來說
[00:00:33.560 --> 00:00:35.440]  人的品德是越來越差
[00:00:35.440 --> 00:00:36.440]  沒有品的
[00:00:36.440 --> 00:00:39.040]  道路的公路越開越闊
[00:00:39.040 --> 00:00:40.360]  但是我們的氣量呢
[00:00:40.360 --> 00:00:41.560]  不可以說的
[00:00:41.560 --> 00:00:42.640]  越來越狹窄
[00:00:42.640 --> 00:00:44.120]  越來越狹隘
[00:00:44.120 --> 00:00:45.960]  我們看聖經
[00:00:45.960 --> 00:00:48.400]  我們也看到很多很吊詭的東西
[00:00:48.400 --> 00:00:51.160]  神是創始的
[00:00:51.160 --> 00:00:51.960]  創世的
[00:00:51.960 --> 00:00:53.160]  但是祂又成鐘的
[00:00:53.160 --> 00:00:54.080]  祂又是α
[00:00:54.080 --> 00:00:55.120]  又是ω
[00:00:55.120 --> 00:00:56.640]  什麼
[00:00:56.640 --> 00:00:59.480]  本來是在前面而已
[00:00:59.480 --> 00:01:01.040]  又變成了在後面
[00:01:01.040 --> 00:01:03.000]  很多吊詭的東西
[00:01:03.000 --> 00:01:04.920]  的而且確的
[00:01:04.920 --> 00:01:06.760]  所以今天我的講題
[00:01:06.760 --> 00:01:08.760]  從哥林多後書七章五至十六節
[00:01:08.760 --> 00:01:11.200]  都是講一個很吊詭的講題
[00:01:11.200 --> 00:01:13.440]  出死入生的憂愁
[00:01:13.440 --> 00:01:16.480]  因為剛才主席領我們讀的經文
[00:01:16.480 --> 00:01:18.520]  七次講了憂愁
[00:01:18.520 --> 00:01:20.400]  或者不同的版本是說憂傷
[00:01:20.400 --> 00:01:22.840]  但是經文同一段落裡面
[00:01:22.840 --> 00:01:24.800]  就講到憂愁
[00:01:24.800 --> 00:01:26.400]  就帶來什麼呢?
[00:01:26.400 --> 00:01:27.320]  安慰
[00:01:27.600 --> 00:01:29.840]  又帶來一些改變
[00:01:29.840 --> 00:01:32.080]  生出了一連串的特質
[00:01:32.080 --> 00:01:35.200]  接著還說從死而得生
[00:01:35.200 --> 00:01:36.480]  是不是很吊詭呢?
[00:01:36.480 --> 00:01:38.880]  先交代背景吧
[00:01:38.880 --> 00:01:41.000]  雖然說這堂是哥林多後書
[00:01:41.000 --> 00:01:42.560]  已經進入第八講了
[00:01:42.560 --> 00:01:44.560]  相信大家起碼還會記得
[00:01:44.560 --> 00:01:48.320]  哥林多教會是保羅第二次宣教旅程的時候建立的
[00:01:48.320 --> 00:01:52.960]  他留在哥林多教會大概一年半的時間才離開
[00:01:52.960 --> 00:01:55.400]  不過離開不是斷絕關係
[00:01:55.600 --> 00:02:00.000]  他仍然最低限度有兩次重回哥林多教會
[00:02:00.000 --> 00:02:03.000]  也在整個過程當中
[00:02:03.000 --> 00:02:05.040]  他先後寫過好幾封信
[00:02:05.040 --> 00:02:06.880]  在哥林多前書我們看到
[00:02:06.880 --> 00:02:08.480]  講的是一封先前的信
[00:02:08.480 --> 00:02:10.000]  我們知道哥林多前書
[00:02:10.000 --> 00:02:11.840]  已經是有兩封信
[00:02:11.840 --> 00:02:14.920]  在哥林多後書又提到一封流淚的信
[00:02:14.920 --> 00:02:17.120]  就是說起碼我們知道也有四封信
[00:02:17.120 --> 00:02:18.080]  知道的也好
[00:02:18.080 --> 00:02:19.680]  但是無論如何
[00:02:19.680 --> 00:02:22.000]  在聖經裡面只是收錄了兩封信而已
[00:02:22.000 --> 00:02:24.280]  為什麼寫這麼多封信呢?
[00:02:25.080 --> 00:02:26.360]  在哥林多後書
[00:02:26.360 --> 00:02:29.440]  就是在講一封先前的信
[00:02:29.440 --> 00:02:33.240]  可能是哥林多之前的那封信
[00:02:33.240 --> 00:02:34.640]  還有哥林多前書
[00:02:34.640 --> 00:02:38.920]  是令到教會對他有一些意見
[00:02:38.920 --> 00:02:43.200]  可能覺得保羅的教導太過嚴
[00:02:43.200 --> 00:02:44.040]  也未定
[00:02:44.040 --> 00:02:46.280]  也可能會覺得
[00:02:46.280 --> 00:02:47.160]  保羅
[00:02:47.160 --> 00:02:50.720]  你究竟是什麼人?
[00:02:50.720 --> 00:02:51.680]  你什麼身份?
[00:02:51.680 --> 00:02:53.560]  十二門徒都沒有你的份
[00:02:53.680 --> 00:02:56.800]  你走過來真的當自己是很有權威地講
[00:02:56.800 --> 00:02:58.200]  你真的不行
[00:02:58.200 --> 00:03:01.760]  再加上保羅離開了哥林多教會之後
[00:03:01.760 --> 00:03:04.960]  從耶路撒冷來的一些
[00:03:04.960 --> 00:03:07.680]  自己說自己很有輩份的
[00:03:07.680 --> 00:03:08.880]  拿著一封戰信
[00:03:08.880 --> 00:03:10.240]  誰推薦我的?
[00:03:10.240 --> 00:03:12.360]  不過當天不是今天世界
[00:03:12.360 --> 00:03:14.400]  今天世界打個電話查一查就知道了
[00:03:14.400 --> 00:03:15.240]  Fax過去
[00:03:15.240 --> 00:03:16.920]  這個簽名是不是你的?
[00:03:16.920 --> 00:03:18.640]  當天沒有這個過濟場
[00:03:18.640 --> 00:03:20.840]  拿一封信也不知道是不是冒充的
[00:03:21.160 --> 00:03:24.520]  就自薦自己是最大的使徒很了不起的
[00:03:24.520 --> 00:03:26.440]  了不起的比彼得
[00:03:26.440 --> 00:03:28.360]  彼得是在耶路撒冷的
[00:03:28.360 --> 00:03:29.240]  你都不是彼得
[00:03:29.240 --> 00:03:31.600]  這幫人來到的時候
[00:03:31.600 --> 00:03:35.040]  講了很多保羅的壞話
[00:03:35.040 --> 00:03:37.760]  包括他的使徒的身份
[00:03:37.760 --> 00:03:39.960]  包括他所傳的道
[00:03:39.960 --> 00:03:45.560]  包括一些用一個很特殊的角度去看待保羅
[00:03:45.560 --> 00:03:47.680]  總之就是詆毀保羅
[00:03:47.680 --> 00:03:50.760]  保羅雖然不在伊夫索
[00:03:50.960 --> 00:03:54.880]  他聽到哥倫多人竟然信了這幫人在亂說話
[00:03:54.880 --> 00:03:59.040]  再加上當時也有一些異端進入了教會
[00:03:59.040 --> 00:04:03.240]  有部分的信徒更加是走回信主之前
[00:04:03.240 --> 00:04:06.640]  敗壞的異邦信徒的生活
[00:04:06.640 --> 00:04:09.520]  無論是道德倫理是敗壞
[00:04:09.520 --> 00:04:13.440]  保羅匆匆忙忙改變行程
[00:04:13.440 --> 00:04:15.160]  本來在伊夫索的
[00:04:15.160 --> 00:04:17.520]  搭船馬上飄洋過海
[00:04:17.520 --> 00:04:19.320]  趕回哥倫多
[00:04:19.760 --> 00:04:23.200]  但結果保羅這趟的探訪
[00:04:23.200 --> 00:04:25.000]  他的教導和勸勉
[00:04:25.000 --> 00:04:27.360]  不僅沒有改變情況
[00:04:27.360 --> 00:04:29.200]  更惡化了關係
[00:04:29.200 --> 00:04:31.920]  令到保羅覺得根本留在這裡也沒有意思
[00:04:31.920 --> 00:04:34.240]  只會更加吵架或是更加決裂
[00:04:34.240 --> 00:04:39.040]  保羅唯有離開哥倫多
[00:04:39.040 --> 00:04:41.040]  回到伊夫索
[00:04:41.040 --> 00:04:43.760]  在伊夫索寫了一封我剛才所講過的
[00:04:43.760 --> 00:04:47.680]  一封嚴厲的《聖經真理辯明是非》
[00:04:47.680 --> 00:04:51.240]  但他是留著寫的一封流淚的信
[00:04:51.240 --> 00:04:52.840]  保羅在那裡的時候
[00:04:52.840 --> 00:04:53.880]  關係也不好
[00:04:53.880 --> 00:04:56.320]  再回去暫時也起不了作用
[00:04:56.320 --> 00:04:57.920]  保羅就猜拍提督
[00:04:57.920 --> 00:05:00.720]  就帶著這封信去哥倫多教會
[00:05:00.720 --> 00:05:02.960]  保羅打算在伊夫索等消息
[00:05:02.960 --> 00:05:04.720]  但去了一段時間還沒回來
[00:05:04.720 --> 00:05:08.360]  他宣教的召命和實際上工場的需要
[00:05:08.360 --> 00:05:10.000]  他要離開伊夫索
[00:05:10.000 --> 00:05:12.200]  趕去馬其頓
[00:05:12.200 --> 00:05:15.040]  但他去馬其頓的心情
[00:05:15.040 --> 00:05:16.560]  一點也不好過
[00:05:16.560 --> 00:05:20.160]  一方面來到新工場有很多事情要面對
[00:05:20.160 --> 00:05:21.840]  這群人都不相信耶穌
[00:05:21.840 --> 00:05:23.440]  生活亂七八糟
[00:05:23.440 --> 00:05:27.440]  更加有耶路撒冷來的窮追猛打在搗亂
[00:05:27.440 --> 00:05:30.200]  這些外面的攻擊也算了
[00:05:30.200 --> 00:05:32.560]  心還掛著哥倫多教會
[00:05:32.560 --> 00:05:36.520]  他們會不會全離開耶穌基督的舊恩
[00:05:36.520 --> 00:05:38.520]  會不會對提督
[00:05:38.520 --> 00:05:40.800]  對我也尚且如此
[00:05:40.800 --> 00:05:42.920]  提督他們會不會完全不尊重他
[00:05:42.920 --> 00:05:44.560]  甚至扔他走
[00:05:44.560 --> 00:05:47.600]  心掛著很大的重擔
[00:05:47.600 --> 00:05:49.600]  在剛才讀的經文
[00:05:49.600 --> 00:05:53.040]  哥倫多後書七章五至七節
[00:05:53.040 --> 00:05:54.680]  保羅是這樣說的
[00:05:54.680 --> 00:05:58.000]  大家可以仍然看你自己手上的和學本
[00:05:58.000 --> 00:06:00.480]  很多經文是給了新譯本的
[00:06:00.480 --> 00:06:01.480]  大家可以對證
[00:06:01.480 --> 00:06:02.720]  或者用不同的角度
[00:06:02.720 --> 00:06:04.520]  去深入了解這段經文
[00:06:04.520 --> 00:06:07.480]  保羅說我們從前到了馬其頓的時候
[00:06:07.480 --> 00:06:09.280]  身體一點安寧也沒有
[00:06:09.280 --> 00:06:11.280]  反而處處受患難
[00:06:11.280 --> 00:06:12.680]  外面有爭戰
[00:06:12.680 --> 00:06:14.120]  裡面有恐懼
[00:06:14.760 --> 00:06:17.640]  但安慰灰心的人的神
[00:06:17.640 --> 00:06:20.920]  藉著提督來安慰了我們
[00:06:20.920 --> 00:06:22.440]  不但藉著祂來
[00:06:22.440 --> 00:06:23.560]  也藉著祂
[00:06:23.560 --> 00:06:25.920]  從祂們所得的安慰
[00:06:25.920 --> 00:06:27.200]  安慰了我們
[00:06:27.200 --> 00:06:29.000]  祂把你們的渴望
[00:06:29.000 --> 00:06:30.000]  你們的哀動
[00:06:30.000 --> 00:06:31.040]  和你們的熱誠
[00:06:31.040 --> 00:06:32.320]  都告訴了我們
[00:06:32.320 --> 00:06:35.320]  因此我就更加歡喜了
[00:06:35.320 --> 00:06:37.880]  這裡說到灰心
[00:06:37.880 --> 00:06:40.080]  或者和學本所說的喪氣
[00:06:40.080 --> 00:06:43.120]  其實原文的意思是士氣低沉
[00:06:43.120 --> 00:06:44.320]  低沉到什麼程度呢?
[00:06:44.320 --> 00:06:46.320]  低沉到好像
[00:06:46.320 --> 00:06:47.840]  平了 踏在地上
[00:06:47.840 --> 00:06:49.520]  根本連站起來也沒有力量
[00:06:49.520 --> 00:06:50.840]  那種情況
[00:06:50.840 --> 00:06:52.840]  低沉到好像死人一樣
[00:06:52.840 --> 00:06:55.480]  但是經文提到
[00:06:55.480 --> 00:06:57.960]  當提督回到馬其頓的時候
[00:06:57.960 --> 00:07:00.760]  匯合保羅一個吊詭的情況就出現
[00:07:00.760 --> 00:07:02.400]  一個死人復活
[00:07:02.400 --> 00:07:03.760]  翻生
[00:07:03.760 --> 00:07:05.760]  歡喜 快樂
[00:07:05.760 --> 00:07:08.360]  盼望藉著這一段經文
[00:07:08.360 --> 00:07:10.280]  讓我們去學習
[00:07:10.280 --> 00:07:12.760]  作為一個借鏡
[00:07:12.760 --> 00:07:16.720]  因為不單止當時的哥林多人和保羅
[00:07:16.720 --> 00:07:18.120]  今天我們的社會現狀
[00:07:18.120 --> 00:07:20.680]  都是充滿著各種衝突 矛盾
[00:07:20.680 --> 00:07:23.560]  人際關係是經常撕裂
[00:07:23.560 --> 00:07:26.040]  盼望這段經文能夠幫助我們
[00:07:26.040 --> 00:07:29.120]  學習怎樣可以依著神的意思憂愁
[00:07:29.120 --> 00:07:31.960]  生出沒有後悔的懊悔
[00:07:31.960 --> 00:07:34.240]  使人從灰心
[00:07:34.240 --> 00:07:35.520]  從憂傷
[00:07:35.520 --> 00:07:36.800]  從憂愁之中
[00:07:36.800 --> 00:07:39.680]  能夠化為歡喜和得著安慰
[00:07:39.680 --> 00:07:41.400]  出死入生的憂愁
[00:07:41.400 --> 00:07:45.720]  第一點跟大家分享的是以真愛處理憂愁
[00:07:45.720 --> 00:07:47.560]  南無七章十二節
[00:07:47.560 --> 00:07:49.400]  我雖然從前寫信給你們
[00:07:49.400 --> 00:07:51.520]  卻不是為了窺乎人的
[00:07:51.520 --> 00:07:53.800]  也不是為了受人窺乎的
[00:07:53.800 --> 00:07:55.400]  乃是要在神面前
[00:07:55.400 --> 00:07:59.680]  把你們顧念我們的熱心表明出來
[00:07:59.680 --> 00:08:02.280]  什麼又窺乎 又熱心 說這麼多
[00:08:02.280 --> 00:08:04.600]  先解決了什麼叫熱心
[00:08:04.600 --> 00:08:06.040]  什麼叫熱心
[00:08:06.040 --> 00:08:07.040]  熱心
[00:08:07.040 --> 00:08:10.520]  原文的意思就是說一個殷勤
[00:08:10.520 --> 00:08:12.720]  很熱切的
[00:08:12.720 --> 00:08:15.800]  很熱切想做一些事
[00:08:15.800 --> 00:08:17.800]  是屬於一些熱忱
[00:08:17.800 --> 00:08:20.280]  保羅最初去到哥倫多教會
[00:08:20.280 --> 00:08:23.040]  這班人很有熱心
[00:08:23.040 --> 00:08:24.800]  不單止是追求救恩
[00:08:24.800 --> 00:08:26.120]  也很有熱心
[00:08:26.120 --> 00:08:29.640]  是從保羅身上學習聖經的真理
[00:08:29.640 --> 00:08:31.240]  但被人騷擾了
[00:08:31.240 --> 00:08:32.960]  熱心沒有了
[00:08:32.960 --> 00:08:35.600]  保羅說我從前寫過一封信
[00:08:35.600 --> 00:08:38.440]  不是要追究誰窺乎誰
[00:08:38.440 --> 00:08:40.640]  窺乎是什麼意思
[00:08:40.640 --> 00:08:42.520]  窺乎就是對不起你
[00:08:42.520 --> 00:08:45.080]  欠了你一些東西
[00:08:45.080 --> 00:08:50.160]  保羅用真心跟他們宣講神的福音
[00:08:50.160 --> 00:08:52.360]  保羅是怎麼對他們的
[00:08:52.360 --> 00:08:54.440]  保羅真心做了一件事
[00:08:54.440 --> 00:08:56.440]  為了人得到福音的好處
[00:08:56.440 --> 00:08:58.920]  保羅不收任何錢
[00:08:58.920 --> 00:09:02.120]  這班跟耶路撒冷來自高自大的人
[00:09:02.120 --> 00:09:04.200]  拉比較聖經為什麼不收錢
[00:09:04.200 --> 00:09:06.280]  他們要給錢才能聽道
[00:09:06.280 --> 00:09:08.560]  保羅不收錢
[00:09:08.560 --> 00:09:10.240]  他的攻擊是什麼
[00:09:10.240 --> 00:09:12.320]  你看到的
[00:09:12.320 --> 00:09:14.040]  保羅夠不夠膽收你們錢
[00:09:14.040 --> 00:09:15.520]  保羅教你的東西
[00:09:15.520 --> 00:09:16.840]  第一他沒有名份
[00:09:16.840 --> 00:09:17.720]  第二他沒有實力
[00:09:17.720 --> 00:09:19.080]  所以他都不敢收你錢
[00:09:19.080 --> 00:09:20.720]  我教的東西
[00:09:20.720 --> 00:09:22.440]  真的是我名門正派出身的
[00:09:22.440 --> 00:09:24.040]  所以你們給錢來聽道
[00:09:24.040 --> 00:09:25.880]  證明他沒有實力
[00:09:25.880 --> 00:09:27.800]  是假的
[00:09:27.800 --> 00:09:29.640]  這樣都可以
[00:09:29.640 --> 00:09:33.640]  他們怎樣令哥倫多人窺乎保羅
[00:09:33.640 --> 00:09:36.280]  保羅教了一年功夫
[00:09:36.280 --> 00:09:38.000]  世識不對就走了
[00:09:38.000 --> 00:09:39.360]  這裡你沒有給錢他
[00:09:39.360 --> 00:09:41.280]  他就去別的地方謀生
[00:09:41.280 --> 00:09:42.440]  這樣又可以
[00:09:42.440 --> 00:09:44.520]  他說了會回來的
[00:09:44.520 --> 00:09:45.760]  到現在有沒有回來
[00:09:45.760 --> 00:09:48.000]  到現在沒有回來
[00:09:48.000 --> 00:09:49.680]  收到一封信就說他不來
[00:09:49.680 --> 00:09:50.640]  要改變行程
[00:09:50.640 --> 00:09:52.520]  他一轉身就湧過來
[00:09:52.520 --> 00:09:54.080]  你說這些人
[00:09:54.080 --> 00:09:55.160]  言而無信
[00:09:55.160 --> 00:09:56.200]  忽是忽非
[00:09:56.200 --> 00:09:58.040]  這樣的人你都相信
[00:09:58.040 --> 00:10:00.560]  結果就真的有一班這樣的人
[00:10:00.560 --> 00:10:03.040]  就相信了另外這一班人
[00:10:03.040 --> 00:10:05.960]  結果就影響他們對保羅的觀念
[00:10:05.960 --> 00:10:08.800]  辜負了 虧負了 保羅
[00:10:08.800 --> 00:10:09.840]  不過保羅說
[00:10:09.840 --> 00:10:11.200]  我先前寫一封信
[00:10:11.200 --> 00:10:13.280]  我不是要追究誰誰虧負
[00:10:13.280 --> 00:10:15.280]  誰誰給誰虧負
[00:10:15.280 --> 00:10:16.200]  不是
[00:10:16.200 --> 00:10:19.080]  我是要提醒你們在神面前
[00:10:19.080 --> 00:10:22.680]  將你們和我那種熱心相交
[00:10:22.680 --> 00:10:26.760]  追求神的真理那種熱心
[00:10:26.760 --> 00:10:28.360]  我在那封信寫出來
[00:10:28.360 --> 00:10:29.120]  為什麼
[00:10:29.120 --> 00:10:30.720]  因為追求真理
[00:10:30.720 --> 00:10:32.840]  你才明白什麼叫做救恩
[00:10:32.840 --> 00:10:35.840]  你才明白神想我們怎樣
[00:10:35.840 --> 00:10:38.960]  保羅沒有運用仕途權
[00:10:38.960 --> 00:10:40.680]  並在書信當中斥責
[00:10:40.680 --> 00:10:43.960]  就麻過林多仁這些虧負他
[00:10:43.960 --> 00:10:47.600]  反而保羅在之前的一節經文
[00:10:47.600 --> 00:10:50.080]  七章二至四節
[00:10:50.080 --> 00:10:52.720]  是說你們的心要容得下我們
[00:10:52.720 --> 00:10:54.480]  我們沒有虧負過誰
[00:10:54.480 --> 00:10:56.120]  沒有傷害過誰
[00:10:56.120 --> 00:10:59.040]  也沒有佔過誰的便宜
[00:10:59.040 --> 00:10:59.840]  我這樣說
[00:10:59.840 --> 00:11:01.600]  都不是想定你的罪
[00:11:01.600 --> 00:11:03.240]  因為我以前說過
[00:11:03.240 --> 00:11:06.040]  你們常在我心裡
[00:11:06.040 --> 00:11:09.040]  甚至可以和你同生共死
[00:11:09.040 --> 00:11:10.600]  我對你們有信心的
[00:11:10.600 --> 00:11:12.840]  因你們而感到十分光榮
[00:11:12.840 --> 00:11:14.760]  我心裡滿有安慰
[00:11:14.760 --> 00:11:16.640]  在我的一切患難當中
[00:11:16.640 --> 00:11:18.480]  格外充滿喜樂
[00:11:18.480 --> 00:11:20.680]  你怎麼寫得出這封信
[00:11:20.680 --> 00:11:22.480]  我傳福音給他們
[00:11:22.480 --> 00:11:23.600]  不收你錢
[00:11:23.600 --> 00:11:26.000]  我沒有說過任何一些說話
[00:11:26.000 --> 00:11:27.640]  沒有說過一些阿諛奉承
[00:11:27.640 --> 00:11:29.280]  也沒有說過一些踩人的事
[00:11:29.280 --> 00:11:31.000]  我沒有佔你們任何便宜
[00:11:31.000 --> 00:11:32.560]  也沒有定你們的罪
[00:11:32.560 --> 00:11:35.120]  不過我記掛你們
[00:11:35.120 --> 00:11:38.080]  因為每一個真正信了耶穌的人
[00:11:38.080 --> 00:11:40.680]  都記掛別人究竟得救了沒有
[00:11:40.680 --> 00:11:42.400]  記掛別人信了耶穌之外
[00:11:42.400 --> 00:11:48.040]  會不會仍然繼續死在罪惡過犯當中
[00:11:48.040 --> 00:11:49.920]  逼迫從來都沒有停過
[00:11:49.920 --> 00:11:50.840]  所以有一段時間
[00:11:50.840 --> 00:11:53.600]  保羅在哥倫多和他們同生共死
[00:11:53.600 --> 00:11:56.880]  因為面對著的是異邦宗教的逼迫
[00:11:56.880 --> 00:11:59.640]  面對著羅馬政府的逼迫
[00:11:59.640 --> 00:12:00.840]  隨時死得人的
[00:12:00.840 --> 00:12:01.760]  那段時間
[00:12:01.760 --> 00:12:04.400]  我看到你們和你們同生共死
[00:12:04.400 --> 00:12:07.240]  所以那時候我真的對你們很有信心
[00:12:07.240 --> 00:12:08.480]  你們那種轉變
[00:12:08.480 --> 00:12:09.680]  由外邦的信仰
[00:12:09.680 --> 00:12:11.600]  由猶太教的信仰轉變過來
[00:12:11.600 --> 00:12:13.720]  令我覺得恩著神的榮耀
[00:12:13.720 --> 00:12:15.200]  我覺得很光彩
[00:12:15.200 --> 00:12:16.840]  我也得了安慰
[00:12:16.840 --> 00:12:19.000]  以致到我離開了你們
[00:12:19.000 --> 00:12:20.560]  我雖然是面對各樣的患難
[00:12:20.560 --> 00:12:21.840]  我心中都有喜樂
[00:12:21.840 --> 00:12:23.760]  因為你們蒙恩得救
[00:12:23.760 --> 00:12:26.040]  保羅是這樣的心態
[00:12:26.040 --> 00:12:27.800]  同生共死不是那麼容易
[00:12:27.800 --> 00:12:29.320]  不是只有一個「港」字
[00:12:29.320 --> 00:12:31.040]  所以保羅看到他們今天
[00:12:31.040 --> 00:12:33.160]  竟然是誤信殘言
[00:12:33.160 --> 00:12:35.320]  離開了宗教道德倫理
[00:12:35.320 --> 00:12:37.360]  完全淪亡的時候
[00:12:37.360 --> 00:12:39.880]  保羅要用愛心
[00:12:39.880 --> 00:12:41.040]  要用熱心
[00:12:41.040 --> 00:12:43.160]  繼續去挽回他們
[00:12:43.160 --> 00:12:46.000]  因為他和哥倫多的教會
[00:12:46.000 --> 00:12:48.360]  並不是屬世的交情
[00:12:48.360 --> 00:12:49.560]  這個關係
[00:12:49.560 --> 00:12:51.440]  全部是建基於
[00:12:51.440 --> 00:12:54.800]  耶穌基督寫生十字架上面
[00:12:54.800 --> 00:12:57.040]  將所有的罪人挽救過來
[00:12:57.040 --> 00:12:58.960]  凡恩信得救的人
[00:12:58.960 --> 00:13:00.160]  這才是他們建立
[00:13:00.160 --> 00:13:02.200]  哥倫多教會的基礎
[00:13:02.200 --> 00:13:05.400]  這就是令到保羅和哥倫多人
[00:13:05.400 --> 00:13:07.400]  成為肢體相交
[00:13:07.400 --> 00:13:08.760]  所以保羅就說
[00:13:08.760 --> 00:13:09.760]  我寫一封信
[00:13:09.760 --> 00:13:12.000]  我是以真心的愛情
[00:13:12.000 --> 00:13:15.200]  我是真愛要去化解
[00:13:15.200 --> 00:13:17.320]  各樣的憂愁
[00:13:17.320 --> 00:13:19.880]  我能夠以恩愛去處理
[00:13:19.880 --> 00:13:23.360]  我心中和你們心裡的恩仇
[00:13:23.360 --> 00:13:25.560]  出死入生的「憂」第二點
[00:13:25.560 --> 00:13:31.520]  是講到要依神的意思去化死為生
[00:13:31.520 --> 00:13:32.360]  聖經同讀
[00:13:32.360 --> 00:13:34.960]  哥倫多後書七章九至十一節
[00:13:34.960 --> 00:13:36.480]  「現在我快樂
[00:13:36.480 --> 00:13:38.480]  不是因為你們憂傷
[00:13:38.480 --> 00:13:41.560]  而是因為你們的憂傷帶來了悔改
[00:13:41.560 --> 00:13:43.800]  你們依照神的意思憂傷
[00:13:43.800 --> 00:13:47.000]  凡事就不會因我們受到虧損
[00:13:47.000 --> 00:13:50.080]  因為依照神的意思而有的憂傷
[00:13:50.080 --> 00:13:53.000]  可以生出沒有懊悔的悔改
[00:13:53.000 --> 00:13:54.160]  以至得救
[00:13:54.160 --> 00:13:57.720]  世俗的憂傷卻招致死亡
[00:13:57.720 --> 00:14:01.080]  看!你們依照神的意思憂傷
[00:14:01.080 --> 00:14:04.560]  在你們中間就產生了這樣的熱情
[00:14:04.560 --> 00:14:09.080]  申訴、憤慨、賤敬、渴望、熱誠、正義
[00:14:09.080 --> 00:14:11.160]  你們在各方面都表明了
[00:14:11.160 --> 00:14:15.000]  自己在那些事上是清白的」
[00:14:15.000 --> 00:14:15.880]  十節
[00:14:15.880 --> 00:14:18.200]  甚麼叫世俗的憂傷
[00:14:18.200 --> 00:14:21.120]  甚麼叫世俗的憂傷引致死亡
[00:14:21.120 --> 00:14:23.960]  還記得主耶穌曾經說過一番話
[00:14:23.960 --> 00:14:25.200]  《馬太福音》六章二十五節
[00:14:25.200 --> 00:14:25.800]  主耶穌說
[00:14:25.800 --> 00:14:27.080]  「所以我告訴你們
[00:14:27.080 --> 00:14:29.840]  不要為生命憂慮吃甚麼喝甚麼
[00:14:29.840 --> 00:14:31.880]  為身體憂慮穿甚麼
[00:14:31.880 --> 00:14:33.640]  生命不勝於飲食嗎
[00:14:33.640 --> 00:14:35.680]  身體不勝於衣裳嗎」
[00:14:35.680 --> 00:14:38.200]  使徒約翰在約翰一書二章十六節也這樣說
[00:14:38.200 --> 00:14:39.720]  「因為凡世界上的事
[00:14:39.720 --> 00:14:40.880]  就像肉體的情慾
[00:14:40.880 --> 00:14:41.800]  眼目的情慾
[00:14:41.800 --> 00:14:43.520]  並今生的驕傲
[00:14:43.520 --> 00:14:45.160]  都不是從父來的
[00:14:45.160 --> 00:14:48.040]  乃是從世界來的」
[00:14:48.040 --> 00:14:52.840]  飲食、衣食、住行是需要的
[00:14:52.840 --> 00:14:54.440]  但過度的追求
[00:14:54.440 --> 00:14:55.720]  三百呎
[00:14:55.720 --> 00:14:57.160]  不要說三百呎
[00:14:57.160 --> 00:14:58.800]  劏房可能只有三十呎
[00:14:58.800 --> 00:15:01.000]  三十呎的房間很難住
[00:15:01.000 --> 00:15:02.200]  追求當然大一點
[00:15:02.200 --> 00:15:04.560]  三百呎也不是很貪心
[00:15:04.560 --> 00:15:06.280]  只要你的能力負擔得起
[00:15:06.280 --> 00:15:07.600]  三百呎不夠
[00:15:07.600 --> 00:15:10.000]  我團契招呼不到教會的人
[00:15:10.000 --> 00:15:11.720]  我可以買三千呎
[00:15:11.720 --> 00:15:13.520]  三千呎也很少
[00:15:13.520 --> 00:15:14.800]  三萬呎
[00:15:14.800 --> 00:15:16.640]  不如買三十萬呎
[00:15:16.640 --> 00:15:18.000]  那你真是辛苦了
[00:15:18.000 --> 00:15:19.120]  拿苦來身
[00:15:19.120 --> 00:15:20.200]  你要拿很多的錢
[00:15:20.200 --> 00:15:21.480]  你欠下很多的債
[00:15:21.480 --> 00:15:23.280]  你為了這些很憂愁
[00:15:23.280 --> 00:15:24.320]  那份工作沒了怎麼辦
[00:15:24.320 --> 00:15:26.680]  我怎樣還你那些魔技帳
[00:15:26.680 --> 00:15:27.360]  股票
[00:15:27.360 --> 00:15:28.920]  嘩!這段時間的股票很棒
[00:15:28.920 --> 00:15:29.640]  升得那麼厲害
[00:15:29.640 --> 00:15:31.120]  不過又跌得很厲害
[00:15:31.120 --> 00:15:33.080]  心就像坐過山車那樣
[00:15:33.080 --> 00:15:34.760]  升的時候
[00:15:34.760 --> 00:15:36.280]  買好不買好呢
[00:15:36.280 --> 00:15:37.520]  沒那麼高價
[00:15:37.520 --> 00:15:39.440]  跌一點再買吧
[00:15:39.440 --> 00:15:41.720]  但又怕它繼續升怎麼辦
[00:15:41.720 --> 00:15:43.800]  哎呀!看就頭暈了
[00:15:43.800 --> 00:15:44.720]  買吧
[00:15:44.720 --> 00:15:46.640]  買了又怕它一下子跌下去
[00:15:46.640 --> 00:15:48.040]  嘩!持有也沒得剩
[00:15:48.040 --> 00:15:49.840]  持有好還是放好呢
[00:15:49.840 --> 00:15:51.760]  放太早就虧了
[00:15:51.760 --> 00:15:52.520]  賺得不夠
[00:15:52.520 --> 00:15:53.200]  不是虧的
[00:15:53.200 --> 00:15:54.680]  只是賺得不夠
[00:15:54.680 --> 00:15:56.960]  持久了就泡沫爆破
[00:15:56.960 --> 00:15:58.200]  什麼時候才能翻身
[00:15:58.200 --> 00:16:00.160]  隨時連房子也要賣了
[00:16:00.160 --> 00:16:00.840]  買也死
[00:16:00.840 --> 00:16:02.680]  不買也死
[00:16:02.680 --> 00:16:05.360]  耶穌基督和使徒不斷提醒我們
[00:16:05.360 --> 00:16:07.400]  有些東西是屬於需要
[00:16:07.400 --> 00:16:08.480]  不是問題
[00:16:08.480 --> 00:16:11.480]  但過度的追求名利
[00:16:11.480 --> 00:16:14.320]  和各樣的慾望
[00:16:14.320 --> 00:16:15.560]  無止境的
[00:16:15.560 --> 00:16:17.640]  永遠不夠的
[00:16:17.640 --> 00:16:20.560]  而且說實在一點
[00:16:20.560 --> 00:16:22.160]  三千元身家
[00:16:22.160 --> 00:16:24.720]  三千萬身家
[00:16:24.720 --> 00:16:26.560]  三十呎的住房
[00:16:26.560 --> 00:16:28.720]  三十萬呎的住房
[00:16:28.720 --> 00:16:30.720]  沒有人有三十萬呎的
[00:16:30.720 --> 00:16:32.480]  不過有什麼分別呢
[00:16:32.480 --> 00:16:34.440]  能夠改變到生命嗎
[00:16:34.440 --> 00:16:36.240]  能夠改變到命運嗎
[00:16:36.240 --> 00:16:37.720]  或者說不是命運
[00:16:37.720 --> 00:16:40.760]  你能夠改變到神所命定的嗎
[00:16:40.760 --> 00:16:41.520]  是不是
[00:16:41.520 --> 00:16:44.520]  都不能夠改變到那個命運
[00:16:44.520 --> 00:16:46.320]  因為
[00:16:46.320 --> 00:16:48.320]  神說得很清楚
[00:16:48.320 --> 00:16:50.560]  世人都犯了罪
[00:16:50.560 --> 00:16:52.920]  虧缺了神的榮耀
[00:16:52.920 --> 00:16:54.880]  而罪的功能乃是死
[00:16:54.880 --> 00:16:56.600]  唯有神的恩賜
[00:16:56.600 --> 00:16:58.600]  在我們的主耶穌基督裡面
[00:16:58.600 --> 00:17:00.720]  才是永生
[00:17:00.720 --> 00:17:02.120]  這些屬世的東西
[00:17:02.120 --> 00:17:05.840]  並不能夠改變這個事實
[00:17:05.840 --> 00:17:07.040]  另一方面
[00:17:07.040 --> 00:17:12.480]  保羅是連續三次重複了一段關係句
[00:17:12.480 --> 00:17:17.840]  因:依照神的意思憂傷 依照神的意思而有的憂傷
[00:17:17.840 --> 00:17:20.640]  依照神的意思憂傷
[00:17:20.640 --> 00:17:23.480]  或者我本來說憂愁
[00:17:23.480 --> 00:17:26.320]  什麼叫依照神的意思憂愁
[00:17:26.320 --> 00:17:28.160]  你和我都不是神
[00:17:28.160 --> 00:17:29.480]  我不敢大聲說
[00:17:29.480 --> 00:17:31.480]  我的憂愁就是神的憂愁
[00:17:31.480 --> 00:17:33.160]  我真的不敢大聲說
[00:17:33.160 --> 00:17:34.160]  希望你都不會這樣說
[00:17:34.160 --> 00:17:36.160]  因為我一定不會是神
[00:17:36.160 --> 00:17:38.240]  所以從這裡我們就了解到
[00:17:38.240 --> 00:17:40.080]  如果我們不認識神的話
[00:17:40.080 --> 00:17:42.600]  我沒有可能按照祂的意思憂愁
[00:17:42.600 --> 00:17:44.200]  怎樣能夠認識神
[00:17:44.200 --> 00:17:48.920]  唯有我們從神所啟示的聖經當中
[00:17:48.920 --> 00:17:50.280]  我們認識神
[00:17:50.280 --> 00:17:51.640]  Who He Is
[00:17:51.640 --> 00:17:54.480]  祂是一個有什麼屬性的神
[00:17:54.480 --> 00:17:55.720]  What He Has Done
[00:17:55.720 --> 00:17:56.840]  What He Is Doing
[00:17:56.840 --> 00:17:58.160]  What He Will Do
[00:17:58.160 --> 00:17:59.800]  神的作為是怎樣的
[00:17:59.800 --> 00:18:01.520]  神過去 現在 將來的作為
[00:18:01.520 --> 00:18:03.120]  在聖經當中啟示了
[00:18:03.120 --> 00:18:04.280]  神的屬性是怎樣
[00:18:04.280 --> 00:18:07.080]  祂是怎樣處理人的罪
[00:18:07.080 --> 00:18:09.440]  祂是怎樣去挽回人的時候
[00:18:09.440 --> 00:18:11.440]  祂是怎樣去管教人的時候
[00:18:11.440 --> 00:18:14.200]  我們就明白到神的意思
[00:18:14.200 --> 00:18:16.040]  當神從高天望下來
[00:18:16.040 --> 00:18:17.240]  看到人的作為
[00:18:17.240 --> 00:18:20.040]  望一望神所頒下的律法
[00:18:20.040 --> 00:18:22.760]  神看到我們所思所想
[00:18:22.760 --> 00:18:23.800]  所作所為
[00:18:23.800 --> 00:18:26.200]  盡都事惡的時候
[00:18:26.200 --> 00:18:30.880]  你就知道什麼叫做依照神的意思憂傷
[00:18:30.880 --> 00:18:32.960]  就是說依照神的意思憂傷
[00:18:32.960 --> 00:18:37.560]  就是要定精在神和神的話語身上
[00:18:37.560 --> 00:18:38.240]  夠了嗎?
[00:18:38.240 --> 00:18:39.200]  還不夠
[00:18:39.200 --> 00:18:40.160]  你又看那本聖經
[00:18:40.160 --> 00:18:41.280]  我又看那本聖經
[00:18:41.280 --> 00:18:43.520]  那麼多解經家都是看那本聖經
[00:18:43.520 --> 00:18:45.400]  為什麼每個人都不同呢?
[00:18:45.400 --> 00:18:46.160]  幾個問題
[00:18:46.160 --> 00:18:47.720]  第一
[00:18:47.720 --> 00:18:49.040]  人出生的時候
[00:18:49.040 --> 00:18:49.880]  嬰兒來著
[00:18:49.880 --> 00:18:52.040]  你都叫他人了
[00:18:52.040 --> 00:18:52.840]  爬著爬著
[00:18:52.840 --> 00:18:54.560]  兩條避體蟲是人了
[00:18:54.560 --> 00:18:56.560]  不過不是一個成長的人
[00:18:56.560 --> 00:18:58.120]  成長的過程
[00:18:58.120 --> 00:18:59.520]  是一段很漫長的時間
[00:18:59.520 --> 00:19:01.240]  我們信徒都一樣
[00:19:01.240 --> 00:19:01.920]  一信
[00:19:01.920 --> 00:19:02.880]  就已經是得救的時候
[00:19:02.880 --> 00:19:04.280]  你已經是一個信徒了
[00:19:04.280 --> 00:19:06.160]  不過你的信徒的生命
[00:19:06.160 --> 00:19:08.760]  仍然有很長的成長期
[00:19:08.760 --> 00:19:10.840]  仍然需要看很多的聖經
[00:19:10.840 --> 00:19:11.920]  按著聖靈的感動
[00:19:11.920 --> 00:19:13.600]  我們慢慢去成熟
[00:19:13.600 --> 00:19:15.120]  思想我們去了解
[00:19:15.120 --> 00:19:16.960]  以至每個人看同一本聖經
[00:19:16.960 --> 00:19:18.480]  我們有不同的理解
[00:19:18.480 --> 00:19:22.520]  但是如果我們真的觸摸到整本聖經
[00:19:22.520 --> 00:19:25.440]  真的我們能夠明白神的心意的時候
[00:19:25.440 --> 00:19:28.920]  還要按著聖靈給我們去解經
[00:19:28.920 --> 00:19:30.440]  不是喜歡我怎麼解就怎麼解
[00:19:30.440 --> 00:19:31.960]  我怎麼看就怎麼看
[00:19:31.960 --> 00:19:34.000]  真理是按著聖靈的感動
[00:19:34.000 --> 00:19:35.920]  聖經整本聖經
[00:19:35.920 --> 00:19:37.320]  是不是這樣說的
[00:19:37.320 --> 00:19:38.200]  沒理由得
[00:19:38.200 --> 00:19:39.600]  突然間這一句是這樣說
[00:19:39.600 --> 00:19:41.520]  脫離了整本聖經
[00:19:41.520 --> 00:19:43.200]  這樣我們才能夠
[00:19:43.200 --> 00:19:44.200]  怎樣啊
[00:19:44.200 --> 00:19:46.560]  保羅在《羅馬書》說了什麼
[00:19:46.560 --> 00:19:47.520]  保羅說
[00:19:47.520 --> 00:19:49.400]  不要效法這個世界
[00:19:49.400 --> 00:19:50.360]  這個世界是這樣的
[00:19:50.360 --> 00:19:51.240]  我講的是真理
[00:19:51.240 --> 00:19:52.040]  你們就謬理
[00:19:52.040 --> 00:19:52.520]  不是
[00:19:52.520 --> 00:19:53.760]  不要效法這個世界
[00:19:53.760 --> 00:19:56.160]  只要心意更生而變化
[00:19:56.160 --> 00:19:58.160]  你們就叫你們是測驗神
[00:19:58.160 --> 00:19:59.680]  何等善良
[00:19:59.680 --> 00:20:00.520]  順傳
[00:20:00.520 --> 00:20:03.360]  可喜悅的旨意
[00:20:03.360 --> 00:20:05.040]  所以心意更生而變化
[00:20:05.040 --> 00:20:07.160]  是按著聖靈
[00:20:07.160 --> 00:20:10.720]  給我們去明白神的作為
[00:20:10.720 --> 00:20:13.920]  思想神是怎麼處事的時候
[00:20:13.920 --> 00:20:17.080]  以致我們可以依照神的意思
[00:20:17.080 --> 00:20:18.720]  而有憂傷
[00:20:18.720 --> 00:20:21.200]  關係句的下半句是三樣東西
[00:20:21.200 --> 00:20:24.400]  凡事就不會因我們受到虧損
[00:20:24.400 --> 00:20:26.160]  我和你都不是神
[00:20:26.160 --> 00:20:28.560]  我們無論做盡多大的能力
[00:20:28.560 --> 00:20:29.720]  盡多大的改過
[00:20:29.720 --> 00:20:30.920]  希望似耶穌
[00:20:30.920 --> 00:20:32.280]  那個都是一個進程
[00:20:32.280 --> 00:20:34.560]  在當中人會有軟弱跌倒
[00:20:34.560 --> 00:20:38.760]  況且即使行得正站得正
[00:20:38.760 --> 00:20:40.840]  很好的一個意圖
[00:20:40.840 --> 00:20:44.640]  我現在究竟是看著鍵盤還是看著鐘
[00:20:44.640 --> 00:20:47.640]  在你們的角度可能有不同的看法
[00:20:47.640 --> 00:20:48.680]  就證明了
[00:20:48.680 --> 00:20:50.000]  我即使行得正站得正
[00:20:50.000 --> 00:20:51.680]  不同人的觀點與角度
[00:20:51.680 --> 00:20:53.280]  是會有不同的演繹的
[00:20:53.280 --> 00:20:55.840]  你百詞莫辯的
[00:20:55.840 --> 00:20:58.320]  加上如果有人在挑撥離間
[00:20:58.320 --> 00:20:59.360]  講這些講腦的時候
[00:20:59.360 --> 00:21:00.640]  是喔是喔是喔
[00:21:00.640 --> 00:21:01.520]  他目中無人
[00:21:01.520 --> 00:21:03.400]  他只是看著鐘而已
[00:21:03.400 --> 00:21:04.680]  那你怎麼解釋
[00:21:04.680 --> 00:21:06.200]  都是變成了掩飾
[00:21:06.200 --> 00:21:07.800]  那你就沒得搞了
[00:21:07.800 --> 00:21:09.680]  所以當我們看著人
[00:21:09.680 --> 00:21:12.480]  而不是看著神的話語的時候
[00:21:12.480 --> 00:21:14.560]  我們就很容易因為我們的演繹
[00:21:14.560 --> 00:21:15.720]  因為別人的挑撥
[00:21:15.720 --> 00:21:17.520]  以致虧損
[00:21:17.520 --> 00:21:19.600]  可能很多人就是因為這樣的情況
[00:21:19.600 --> 00:21:21.440]  對寶來有很多的誤解
[00:21:21.440 --> 00:21:23.800]  以致他們跌倒偏離信仰
[00:21:23.800 --> 00:21:25.760]  走回他們以前原本信的
[00:21:25.760 --> 00:21:27.960]  可能是邪教異道
[00:21:27.960 --> 00:21:29.400]  那個神容易傾的
[00:21:29.400 --> 00:21:30.720]  弄一隻豬就搞定了
[00:21:30.720 --> 00:21:32.160]  那個神容易搞定的
[00:21:32.160 --> 00:21:34.160]  擺兩擺又搞定了
[00:21:34.160 --> 00:21:35.920]  這個師傅
[00:21:35.920 --> 00:21:36.600]  抬一堆東西去
[00:21:36.600 --> 00:21:37.440]  他就教我的了
[00:21:37.440 --> 00:21:39.080]  保羅都不知道去哪了
[00:21:39.080 --> 00:21:40.000]  甚至乎
[00:21:40.000 --> 00:21:41.040]  保羅是什麼身份
[00:21:41.040 --> 00:21:43.520]  這個是最大的事我跟他學了
[00:21:43.520 --> 00:21:44.480]  不要看人
[00:21:44.480 --> 00:21:45.240]  是看著神
[00:21:45.240 --> 00:21:47.320]  看著神的話語
[00:21:47.320 --> 00:21:48.280]  第二個關係句
[00:21:48.280 --> 00:21:49.920]  生出沒有後悔的悔改
[00:21:49.920 --> 00:21:51.320]  以致得救
[00:21:51.320 --> 00:21:53.440]  我們每個人都是這樣的
[00:21:53.440 --> 00:21:54.840]  我不敢說是人
[00:21:54.840 --> 00:21:56.800]  但是我看我自己就是
[00:21:56.800 --> 00:21:57.960]  我用我的判斷
[00:21:57.960 --> 00:22:00.720]  作為最高的判斷
[00:22:00.720 --> 00:22:02.560]  我看到Mary是這樣的
[00:22:02.560 --> 00:22:03.480]  你這樣就死定了
[00:22:03.480 --> 00:22:04.960]  我看到你是這樣的
[00:22:04.960 --> 00:22:05.840]  我作為審判官
[00:22:05.840 --> 00:22:07.560]  我作為神的份
[00:22:07.560 --> 00:22:09.720]  為了我們安著聖經
[00:22:09.720 --> 00:22:10.640]  我們看到
[00:22:10.640 --> 00:22:13.760]  審判歸於耶和華
[00:22:13.760 --> 00:22:15.160]  我們每個人都是罪人
[00:22:15.160 --> 00:22:16.400]  神是三番四次
[00:22:16.400 --> 00:22:18.680]  用各樣的方法去挽回人
[00:22:18.680 --> 00:22:20.560]  神不是要趕人走
[00:22:20.560 --> 00:22:21.760]  神不是要人死
[00:22:21.760 --> 00:22:23.240]  神是要人生
[00:22:23.240 --> 00:22:24.280]  我們看到的時候
[00:22:24.280 --> 00:22:25.400]  耶穌基督的補血
[00:22:25.400 --> 00:22:26.880]  不僅拯救了我
[00:22:26.880 --> 00:22:28.280]  也拯救了其他人
[00:22:28.280 --> 00:22:30.120]  我心中最憎恨的那個人
[00:22:30.120 --> 00:22:31.480]  神也拯救了的時候
[00:22:31.480 --> 00:22:32.880]  我們在裡面就看到
[00:22:32.880 --> 00:22:35.240]  耶穌基督已經為我死了
[00:22:35.240 --> 00:22:36.800]  我還想祂死多少次
[00:22:36.800 --> 00:22:38.320]  我還不斷犯罪
[00:22:38.320 --> 00:22:39.920]  以致我們的行為
[00:22:39.920 --> 00:22:41.760]  是透過不斷的悔改
[00:22:41.760 --> 00:22:43.480]  重新返回去
[00:22:43.480 --> 00:22:45.480]  以致我們破壞了的關係
[00:22:45.480 --> 00:22:46.920]  我們都是因為這樣
[00:22:46.920 --> 00:22:47.960]  神寬恕了我
[00:22:47.960 --> 00:22:49.760]  我也寬恕了祂
[00:22:49.760 --> 00:22:50.920]  神要審判的話
[00:22:50.920 --> 00:22:51.680]  既審判祂
[00:22:51.680 --> 00:22:53.240]  也審判我
[00:22:53.240 --> 00:22:53.920]  這樣的時候
[00:22:53.920 --> 00:22:55.520]  我們就會為我們的言行
[00:22:55.520 --> 00:22:56.640]  我們那種
[00:22:56.640 --> 00:23:00.120]  那種論斷人的思想而有個懊悔
[00:23:00.120 --> 00:23:02.080]  懊悔是不會後悔的
[00:23:02.080 --> 00:23:03.600]  不會今天我赦免你
[00:23:03.600 --> 00:23:05.080]  明天我又生氣
[00:23:05.080 --> 00:23:08.720]  那你信耶穌真的信得很奇怪
[00:23:08.720 --> 00:23:09.600]  更加重要的就是
[00:23:09.600 --> 00:23:11.240]  在哥林多人的情況
[00:23:11.240 --> 00:23:13.120]  他們已經偏離了
[00:23:13.120 --> 00:23:15.920]  如果他們能夠明白神的心意的時候
[00:23:15.920 --> 00:23:17.200]  重新返回來
[00:23:17.200 --> 00:23:18.720]  真的在神面前認罪
[00:23:18.720 --> 00:23:21.560]  悔改,以致得救
[00:23:21.560 --> 00:23:22.720]  第三樣
[00:23:22.720 --> 00:23:24.640]  你們中間就產生了怎樣的熱情
[00:23:24.640 --> 00:23:29.440]  申訴憤慨,戰驚,渴望,熱誠,正義
[00:23:29.440 --> 00:23:30.720]  就這樣看下去
[00:23:30.720 --> 00:23:32.840]  好像有點無厘頭
[00:23:32.840 --> 00:23:34.360]  你就這樣按照這個字
[00:23:34.360 --> 00:23:35.680]  去演繹很多東西
[00:23:35.680 --> 00:23:38.120]  但是上下文是在告訴我們什麼
[00:23:38.120 --> 00:23:39.080]  上下文是在說
[00:23:39.080 --> 00:23:41.280]  他們誤會了保羅
[00:23:41.280 --> 00:23:43.520]  以致對保羅是疏離
[00:23:43.520 --> 00:23:46.200]  以致他們對基督信仰是有所偏離
[00:23:46.200 --> 00:23:47.960]  所以這一堆東西
[00:23:47.960 --> 00:23:50.800]  就不要想是哥羅西書所說的
[00:23:50.800 --> 00:23:53.120]  那些聖靈所見的果子
[00:23:53.120 --> 00:23:54.080]  都是果子
[00:23:54.080 --> 00:23:58.280]  不過是在這一個上下文的關係當中
[00:23:58.280 --> 00:24:01.520]  如果你看回和學本的英文版本
[00:24:01.520 --> 00:24:04.640]  可能已經幫你了解不少了
[00:24:04.640 --> 00:24:07.040]  就是神的憂慮就產生什麼呢
[00:24:07.040 --> 00:24:09.240]  Eagerness
[00:24:09.240 --> 00:24:10.960]  What eagerness?
[00:24:10.960 --> 00:24:13.520]  To clear yourselves
[00:24:13.520 --> 00:24:14.760]  What indignation?
[00:24:14.760 --> 00:24:15.560]  What alarm?
[00:24:15.560 --> 00:24:16.520]  What longing?
[00:24:16.520 --> 00:24:17.840]  What concern?
[00:24:17.840 --> 00:24:21.400]  What readiness to see justice done?
[00:24:21.400 --> 00:24:23.800]  不要就這樣按照字面去看
[00:24:23.800 --> 00:24:25.360]  以前你是冷淡的
[00:24:25.360 --> 00:24:26.480]  對保羅
[00:24:26.480 --> 00:24:27.360]  算了
[00:24:27.360 --> 00:24:28.800]  他都不是仕途
[00:24:28.800 --> 00:24:29.760]  算了
[00:24:29.760 --> 00:24:32.440]  這個十字架這麼麻煩
[00:24:32.440 --> 00:24:34.400]  要我們做這麼多事
[00:24:34.400 --> 00:24:35.480]  算了
[00:24:35.480 --> 00:24:36.200]  疏遠了
[00:24:36.200 --> 00:24:37.240]  冷淡了
[00:24:37.240 --> 00:24:38.720]  沒有追求的
[00:24:38.720 --> 00:24:41.560]  當按照聖靈的感動
[00:24:41.560 --> 00:24:42.600]  看到聖經的真理
[00:24:42.600 --> 00:24:44.480]  看到神對我們這麼熱情
[00:24:44.480 --> 00:24:48.040]  神願意我們與神和好的話
[00:24:48.040 --> 00:24:49.560]  我們就思想到
[00:24:49.560 --> 00:24:50.720]  看不見的神
[00:24:50.720 --> 00:24:53.520]  都想我們與祂和好
[00:24:53.520 --> 00:24:54.680]  看到的人
[00:24:54.680 --> 00:24:55.920]  我都沒辦法與祂和好
[00:24:55.920 --> 00:24:57.560]  我怎麼可以與神和好
[00:24:57.560 --> 00:24:58.360]  看到的
[00:24:58.360 --> 00:24:59.680]  活生生的
[00:24:59.680 --> 00:25:00.640]  所以
[00:25:00.640 --> 00:25:03.520]  那個懊悔就會產生了那種熱情
[00:25:03.520 --> 00:25:04.520]  Eagerness
[00:25:04.520 --> 00:25:06.080]  重修舊好
[00:25:06.080 --> 00:25:07.840]  認罪悔改
[00:25:07.840 --> 00:25:09.880]  申訴是什麼意思
[00:25:09.880 --> 00:25:10.680]  申訴
[00:25:10.680 --> 00:25:12.000]  不是現在那些申訴
[00:25:12.000 --> 00:25:14.280]  訴諸各樣的訴求
[00:25:14.280 --> 00:25:15.600]  不是那些
[00:25:15.600 --> 00:25:16.840]  申訴
[00:25:16.840 --> 00:25:18.600]  是按照真理
[00:25:18.600 --> 00:25:19.760]  按照良心
[00:25:19.760 --> 00:25:21.000]  去申辯
[00:25:21.000 --> 00:25:23.960]  為什麼你們誤會了我
[00:25:23.960 --> 00:25:24.920]  你不澄清的話
[00:25:24.920 --> 00:25:26.240]  就繼續誤會下去
[00:25:26.240 --> 00:25:27.640]  申訴不是吵架
[00:25:27.640 --> 00:25:30.120]  不是指口篤鼻
[00:25:30.120 --> 00:25:32.560]  是要讓人明白事態
[00:25:32.560 --> 00:25:33.720]  憤慨
[00:25:33.720 --> 00:25:35.720]  憤慨是什麼
[00:25:35.720 --> 00:25:37.840]  憤慨是有人
[00:25:37.840 --> 00:25:41.000]  將一班屬神的子民
[00:25:41.000 --> 00:25:42.080]  拔走
[00:25:42.080 --> 00:25:43.160]  帶他們進入歧途
[00:25:43.160 --> 00:25:45.720]  離開十字架的舊因
[00:25:45.720 --> 00:25:46.840]  憤慨
[00:25:46.840 --> 00:25:48.800]  是憤慨有人
[00:25:48.800 --> 00:25:52.560]  斬開在基督裡成為肢體的關係
[00:25:52.560 --> 00:25:54.080]  是憤慨那班人
[00:25:54.080 --> 00:25:56.600]  是按神的公義來憤慨
[00:25:56.600 --> 00:26:00.880]  而不是一種怒氣的發洩
[00:26:00.880 --> 00:26:01.680]  賤經
[00:26:01.680 --> 00:26:02.800]  賤經是什麼
[00:26:02.800 --> 00:26:04.160]  你對神
[00:26:04.160 --> 00:26:06.800]  你知道審判的不是我的時候
[00:26:06.800 --> 00:26:09.160]  我對神發出一個敬畏
[00:26:09.160 --> 00:26:10.680]  那種賤經的心態
[00:26:10.680 --> 00:26:12.600]  因為我也要面對審判
[00:26:12.600 --> 00:26:14.400]  對方也要
[00:26:14.400 --> 00:26:16.000]  渴望
[00:26:16.000 --> 00:26:17.000]  走就走
[00:26:17.000 --> 00:26:18.960]  不回來就不回來
[00:26:18.960 --> 00:26:21.280]  關係破裂就關係破裂
[00:26:21.280 --> 00:26:22.840]  又是那種冷淡
[00:26:22.840 --> 00:26:26.720]  我是渴望那種感情繼續深化
[00:26:26.720 --> 00:26:28.720]  我對神的話語有渴望
[00:26:28.720 --> 00:26:31.160]  我對我的生命成長有渴望
[00:26:31.160 --> 00:26:34.640]  我對肢體相交有渴望
[00:26:34.640 --> 00:26:35.440]  熱誠
[00:26:35.440 --> 00:26:37.600]  對人有一種熱誠
[00:26:37.600 --> 00:26:38.640]  正義是什麼
[00:26:38.640 --> 00:26:40.160]  新疆正義
[00:26:40.160 --> 00:26:43.560]  不是現在市面上所說的公義
[00:26:43.560 --> 00:26:45.160]  第一放諸四海是不對的
[00:26:45.160 --> 00:26:48.560]  第二是持份者自己所看的
[00:26:48.560 --> 00:26:50.080]  他的公義
[00:26:50.080 --> 00:26:52.840]  正義是按神的態度
[00:26:52.840 --> 00:26:57.920]  去為被冤枉的人新疆正義
[00:26:57.920 --> 00:27:01.320]  也可以說
[00:27:01.320 --> 00:27:02.200]  有一群人
[00:27:02.200 --> 00:27:07.440]  令人對基督的救恩出現了問題
[00:27:07.440 --> 00:27:08.760]  那群人
[00:27:08.760 --> 00:27:11.640]  我也要對他們新疆正義
[00:27:11.640 --> 00:27:13.720]  這群人是蓄意的
[00:27:13.720 --> 00:27:16.440]  可能是一些懲罰
[00:27:16.440 --> 00:27:21.680]  對於一些在道德倫理方面錯了的
[00:27:21.680 --> 00:27:22.600]  懊悔之後
[00:27:22.600 --> 00:27:24.280]  他都要受管教
[00:27:24.280 --> 00:27:26.200]  管教不是為了發洩怒氣
[00:27:26.200 --> 00:27:27.400]  是為了挽回
[00:27:27.400 --> 00:27:30.440]  以致他以後不會再做
[00:27:30.440 --> 00:27:31.560]  所以簡單來說
[00:27:31.560 --> 00:27:33.280]  就是按著聖靈的感動
[00:27:33.280 --> 00:27:36.520]  我們定精在神的身上
[00:27:36.520 --> 00:27:40.680]  以致我們能夠結出
[00:27:40.680 --> 00:27:45.040]  屬靈生命上不同的生命轉化廣效
[00:27:45.040 --> 00:27:46.480]  不是再看人
[00:27:46.480 --> 00:27:48.920]  是看聖經說什麼
[00:27:48.920 --> 00:27:50.400]  我們看到聖經說什麼
[00:27:50.400 --> 00:27:52.840]  我們懂得認罪悔改
[00:27:52.840 --> 00:27:54.840]  得救可能是一剎那
[00:27:54.840 --> 00:27:59.480]  不過認罪悔改是一生的功課
[00:27:59.480 --> 00:28:01.280]  更加按著聖靈
[00:28:01.280 --> 00:28:02.760]  看到聖經的時候
[00:28:02.760 --> 00:28:05.640]  我們孝威保羅所說的
[00:28:05.640 --> 00:28:08.200]  心意更生而變化
[00:28:08.200 --> 00:28:11.920]  以致我們能夠結出各樣屬靈生命成長的果子
[00:28:11.920 --> 00:28:14.520]  我們更能察驗神善良
[00:28:14.520 --> 00:28:18.000]  純傳可喜悅的旨意
[00:28:18.000 --> 00:28:20.640]  為什麼要按著聖靈?
[00:28:20.640 --> 00:28:21.760]  主耶穌提醒我們
[00:28:21.760 --> 00:28:22.680]  保衛師就是
[00:28:22.680 --> 00:28:24.360]  「父因我的名要差來」的聖靈
[00:28:24.360 --> 00:28:26.800]  要將一切的事指教你們
[00:28:26.800 --> 00:28:28.240]  並且要叫我們想起
[00:28:28.240 --> 00:28:31.240]  我對你所說的一切說話
[00:28:31.240 --> 00:28:32.800]  《楊佛鑫十六章八節》也說到
[00:28:32.800 --> 00:28:33.920]  聖靈來了
[00:28:33.920 --> 00:28:36.680]  就要叫世人為罪為義為審判
[00:28:36.680 --> 00:28:38.640]  自己責備自己
[00:28:38.640 --> 00:28:40.640]  不是叫你去責備人
[00:28:40.640 --> 00:28:41.840]  為義為審判
[00:28:41.840 --> 00:28:43.320]  是為了自己的言行
[00:28:43.320 --> 00:28:45.600]  為了自己與人的疏離
[00:28:45.600 --> 00:28:47.640]  為了自己不修復關係
[00:28:47.640 --> 00:28:49.480]  自己責備自己
[00:28:49.480 --> 00:28:52.000]  以致我們能夠主動悔改
[00:28:52.000 --> 00:28:55.800]  我們能夠主動伸出友誼之手
[00:28:55.800 --> 00:28:58.480]  這就是依照神的意思憂傷
[00:28:58.480 --> 00:29:00.520]  我們能夠熱情申訴
[00:29:00.520 --> 00:29:04.480]  憤慨 戰驚 渴望 熱誠 正義
[00:29:04.480 --> 00:29:10.360]  這樣就表明我們沒有後悔的懊悔是說真的
[00:29:10.360 --> 00:29:11.760]  不是只有「講」字
[00:29:11.760 --> 00:29:14.920]  「講而不做」沒有結出個「果」字
[00:29:14.920 --> 00:29:15.960]  保羅就是說
[00:29:15.960 --> 00:29:17.760]  你們既然收到我們的信
[00:29:17.760 --> 00:29:20.160]  既然從提督你們明白了的時候
[00:29:20.160 --> 00:29:21.920]  你們說你們懊悔的時候
[00:29:21.920 --> 00:29:25.280]  就在這些地方你們要注重了
[00:29:25.280 --> 00:29:26.280]  弟兄姊妹
[00:29:26.280 --> 00:29:30.080]  我們同樣都要注重這些地方
[00:29:30.080 --> 00:29:32.240]  出死入生的憂愁第三方面
[00:29:32.240 --> 00:29:33.480]  是依神的意思
[00:29:33.480 --> 00:29:36.920]  以憂愁化憂愁為歡喜
[00:29:36.920 --> 00:29:39.440]  保羅和哥林多信徒的關係
[00:29:39.440 --> 00:29:40.400]  剛才說過了
[00:29:40.400 --> 00:29:43.800]  是建基於基督寫生十字架
[00:29:43.800 --> 00:29:47.600]  完全是因為保羅和提督
[00:29:47.600 --> 00:29:54.000]  同樣承受了使人與神和好的積分
[00:29:54.000 --> 00:29:57.840]  這個積分同樣都交託了給你和我
[00:29:57.840 --> 00:29:59.360]  當日的哥林多教會
[00:29:59.360 --> 00:30:01.280]  是因為一些謠言
[00:30:01.280 --> 00:30:02.760]  一些挑撥離間
[00:30:02.760 --> 00:30:04.920]  以致他們輕看保羅
[00:30:04.920 --> 00:30:08.560]  動搖他們對保羅所傳的福音真道
[00:30:08.560 --> 00:30:11.440]  雖然保羅多番勸勉寫信
[00:30:11.440 --> 00:30:13.520]  都無補於事
[00:30:13.520 --> 00:30:15.280]  但是保羅沒有放棄
[00:30:15.280 --> 00:30:17.160]  保羅仍然熱誠
[00:30:17.160 --> 00:30:18.600]  珍愛
[00:30:18.600 --> 00:30:20.120]  關懷
[00:30:20.120 --> 00:30:21.520]  流淚寫信
[00:30:21.520 --> 00:30:23.760]  派同工提督去
[00:30:23.760 --> 00:30:27.200]  同樣肩負同樣信念的保羅
[00:30:27.200 --> 00:30:29.120]  和提督
[00:30:29.120 --> 00:30:30.240]  所作的功
[00:30:30.240 --> 00:30:31.440]  是沒有白費的
[00:30:31.440 --> 00:30:32.880]  因為他們沒有私意
[00:30:32.880 --> 00:30:36.200]  是安著神的意思去要求
[00:30:36.200 --> 00:30:39.440]  所以保羅事後作的見證是什麼?
[00:30:39.440 --> 00:30:40.880]  臨後七章六至七節
[00:30:40.880 --> 00:30:41.960]  保羅說
[00:30:41.960 --> 00:30:44.560]  安慰人的其實都不是提督
[00:30:44.560 --> 00:30:47.840]  是安慰喪氣之人的神
[00:30:47.840 --> 00:30:51.800]  藉著提督安慰了我們
[00:30:51.800 --> 00:30:53.320]  不要居功於自己
[00:30:53.320 --> 00:30:54.080]  是神
[00:30:54.080 --> 00:30:56.120]  我們只是手中的一個螺絲起子
[00:30:56.120 --> 00:30:57.280]  可能是一把小刀
[00:30:57.280 --> 00:30:59.000]  可能是一個眉鉗
[00:30:59.000 --> 00:31:01.680]  是安慰喪氣之人的神
[00:31:01.680 --> 00:31:05.080]  是藉著我們的同工安慰我們
[00:31:05.080 --> 00:31:06.520]  藉著他來
[00:31:06.520 --> 00:31:08.760]  他在你們身上所得到的安慰
[00:31:08.760 --> 00:31:10.440]  都安慰到我們
[00:31:10.440 --> 00:31:12.680]  因為他告訴我們
[00:31:12.680 --> 00:31:14.800]  你們那種想念
[00:31:14.800 --> 00:31:16.640]  昔日我們的交往
[00:31:16.640 --> 00:31:19.160]  想念在耶穌基督的恩裡面
[00:31:19.160 --> 00:31:21.800]  我們所有的喜樂
[00:31:21.800 --> 00:31:23.200]  你們是掛念的
[00:31:23.200 --> 00:31:25.040]  你們為了分離的感情
[00:31:25.040 --> 00:31:26.400]  你們都有哀動
[00:31:26.400 --> 00:31:28.680]  當你明白真道之後
[00:31:28.680 --> 00:31:30.680]  你在當中為了自己的錯誤
[00:31:30.680 --> 00:31:31.800]  你有哀動
[00:31:31.800 --> 00:31:34.840]  你為了自己離開了十字架
[00:31:34.840 --> 00:31:36.600]  你為了國義使而哀動
[00:31:36.600 --> 00:31:38.640]  你為了離開了
[00:31:38.640 --> 00:31:41.520]  肢體相交的生活而哀動
[00:31:41.520 --> 00:31:43.000]  你們熱心要去悔改
[00:31:43.000 --> 00:31:45.760]  熱心渴求保羅再回來
[00:31:45.760 --> 00:31:47.280]  他們更加熱心去追求神
[00:31:47.280 --> 00:31:49.280]  那種態度的轉變
[00:31:49.280 --> 00:31:50.920]  都告訴保羅
[00:31:50.920 --> 00:31:53.640]  這些是令保羅歡喜
[00:31:53.640 --> 00:31:56.200]  不是看到哥倫多人買了間大屋
[00:31:56.200 --> 00:31:57.760]  不是看到他們升職加薪
[00:31:57.760 --> 00:31:58.840]  全部都不是
[00:31:58.840 --> 00:32:01.480]  是看到他們安著聖靈感動
[00:32:01.480 --> 00:32:04.680]  定精於神和神的話語
[00:32:04.680 --> 00:32:06.120]  帶來的懊悔
[00:32:06.120 --> 00:32:07.680]  沒有後悔的懊悔
[00:32:07.680 --> 00:32:10.360]  而帶出了結果子
[00:32:10.360 --> 00:32:13.200]  令到保羅歡喜快樂
[00:32:13.200 --> 00:32:14.760]  各位聽眾姐妹
[00:32:14.760 --> 00:32:17.640]  這是保羅和哥倫多教會的事
[00:32:17.640 --> 00:32:19.240]  在我們現實生活當中
[00:32:19.240 --> 00:32:21.640]  我們處於什麼樣的光景呢?
[00:32:21.640 --> 00:32:23.800]  我們是為世俗的事憂愁
[00:32:23.800 --> 00:32:25.280]  還是像保羅一樣
[00:32:25.280 --> 00:32:28.520]  是憂愁著神
[00:32:28.520 --> 00:32:30.560]  按著神的意思去憂愁
[00:32:30.560 --> 00:32:31.800]  我們有沒有憂愁著
[00:32:31.800 --> 00:32:33.760]  還有很多我們愛的人
[00:32:33.760 --> 00:32:36.040]  我們親戚朋友
[00:32:36.040 --> 00:32:37.320]  我們身邊的人
[00:32:37.320 --> 00:32:39.080]  仍然是與神為敵呢?
[00:32:39.080 --> 00:32:42.000]  你有沒有為這些憂愁呢?
[00:32:42.000 --> 00:32:43.640]  有沒有憂愁到
[00:32:43.640 --> 00:32:44.680]  信了主的人
[00:32:44.680 --> 00:32:46.760]  仍然是為了種種的原因
[00:32:46.760 --> 00:32:49.320]  可能疏離了他和神的關係
[00:32:49.320 --> 00:32:51.880]  甚至疏離了人和人的關係
[00:32:51.880 --> 00:32:53.600]  甚至已經是決裂
[00:32:53.600 --> 00:32:57.120]  我們會不會按著神的意思憂愁
[00:32:57.120 --> 00:32:59.720]  學校提拔和保羅
[00:32:59.720 --> 00:33:01.680]  作為一個和平之子
[00:33:01.680 --> 00:33:04.960]  幫人按著聖靈
[00:33:04.960 --> 00:33:06.400]  看著神的話語
[00:33:06.400 --> 00:33:07.880]  按著神的意思憂愁
[00:33:07.880 --> 00:33:09.960]  以致到懊悔
[00:33:09.960 --> 00:33:12.880]  以致能夠悔改
[00:33:12.880 --> 00:33:14.680]  修補關係
[00:33:14.680 --> 00:33:16.320]  一個罪人悔改
[00:33:16.320 --> 00:33:18.520]  神的使者也會這樣
[00:33:18.520 --> 00:33:20.760]  在天上歡喜快樂
[00:33:20.760 --> 00:33:24.320]  願意我們不是看到人的
[00:33:24.320 --> 00:33:25.640]  關係的破裂
[00:33:25.640 --> 00:33:27.000]  袖手旁觀
[00:33:27.000 --> 00:33:29.400]  而是願意我們同樣的
[00:33:29.400 --> 00:33:33.080]  都是藉著神的意思憂愁
[00:33:33.080 --> 00:33:34.560]  我們以熱誠
[00:33:34.560 --> 00:33:35.640]  以真愛
[00:33:35.640 --> 00:33:37.000]  去幫助人
[00:33:37.000 --> 00:33:39.440]  重修與神的關係
[00:33:39.440 --> 00:33:41.880]  與人的關係
[00:33:41.880 --> 00:33:44.280]  這樣我們不單止令到自己
[00:33:44.280 --> 00:33:47.600]  也令到悔改者同樣都是化
[00:33:47.600 --> 00:33:50.080]  憂愁為喜樂
[00:33:50.080 --> 00:33:51.440]  有得同禱告
[00:33:51.440 --> 00:33:53.960]  基本上是我們去感謝祢
[00:33:53.960 --> 00:33:56.920]  因為自從我們認識祢之後
[00:33:56.920 --> 00:33:58.880]  不單止我們得著救恩
[00:33:58.880 --> 00:34:00.960]  更加明白神的心意
[00:34:00.960 --> 00:34:02.880]  是要萬人得救
[00:34:02.880 --> 00:34:04.040]  也都願意我們能夠
[00:34:04.040 --> 00:34:06.200]  在祢裏面去成長
[00:34:06.200 --> 00:34:07.840]  也都願意我們能夠
[00:34:07.840 --> 00:34:10.720]  每日更似耶穌基督
[00:34:10.720 --> 00:34:11.880]  最後求祢自己的靈
[00:34:11.880 --> 00:34:14.440]  繼續光照我們
[00:34:14.440 --> 00:34:17.040]  讓我們繼續祢賜給我們的聖靈
[00:34:17.040 --> 00:34:19.160]  我們能夠在聖經當中
[00:34:19.160 --> 00:34:20.560]  更加認識祢
[00:34:20.560 --> 00:34:22.920]  讓我們明白祢的心思意念的時候
[00:34:22.920 --> 00:34:24.720]  能夠改變我們的思想
[00:34:24.720 --> 00:34:26.080]  改變我們的行為
[00:34:26.080 --> 00:34:27.760]  以致我們都能夠成為
[00:34:27.760 --> 00:34:30.760]  神祢自己所喜悅的和平之子
[00:34:30.760 --> 00:34:32.040]  我們這樣禱告
[00:34:32.040 --> 00:34:34.760]  奉耶穌基督的聖名祈求
[00:34:34.760 --> 00:34:35.760]  阿門
