
[00:00:00.000 --> 00:00:01.440]  鄒同志 我也很感謝你
[00:00:01.440 --> 00:00:04.480]  感謝你給我們今天有這個時間來敬拜你
[00:00:04.480 --> 00:00:06.760]  我們也再次為此事感恩
[00:00:06.760 --> 00:00:08.080]  你也知道在這個世界上
[00:00:08.080 --> 00:00:13.120]  不是那麼多人能夠有這個自由敬拜
[00:00:13.120 --> 00:00:15.000]  我們也在這件事上感恩
[00:00:15.000 --> 00:00:17.560]  也很感謝你給我們有這個機會
[00:00:17.560 --> 00:00:20.960]  在你的話語當中得著兩方的提醒
[00:00:20.960 --> 00:00:24.080]  在這個時間 無論是在會中還是下節頭
[00:00:24.080 --> 00:00:24.920]  你都在引導
[00:00:24.920 --> 00:00:27.960]  我們在這個經歷當中得著你的說話提醒
[00:00:27.960 --> 00:00:33.160]  使我們在往後的日子能夠更加準確地跟隨你
[00:00:33.160 --> 00:00:35.280]  我們期待同志的屬基督的祈求
[00:00:35.280 --> 00:00:36.800]  感恩
[00:00:36.800 --> 00:00:38.400]  在2014年的時候
[00:00:38.400 --> 00:00:42.800]  美國的一個基督教大學就曾經有一段新聞出現過
[00:00:42.800 --> 00:00:48.040]  在2014年在美國的一個基督教大學有一個新聞出現
[00:00:48.040 --> 00:00:51.680]  這個事件是關乎這個基督教大學
[00:00:51.680 --> 00:00:54.240]  它所委派一個獨立機構
[00:00:54.240 --> 00:00:59.160]  就是發表了一個長達300頁的一個報告
[00:00:59.160 --> 00:01:02.200]  就是這個大學的委托一個機構
[00:01:02.200 --> 00:01:04.640]  發表了一個很長的三倍的報告
[00:01:04.640 --> 00:01:06.280]  這個報告是什麼呢
[00:01:06.280 --> 00:01:09.480]  就是在過去那兩年裏面
[00:01:09.480 --> 00:01:11.360]  他們用了這個時間
[00:01:11.360 --> 00:01:14.880]  是去看回過去二三十年裏面
[00:01:14.880 --> 00:01:22.360]  這一間大學它去處理受到性侵犯的學生的一些報告
[00:01:22.360 --> 00:01:24.240]  怎樣去處理這些事的報告
[00:01:24.240 --> 00:01:29.840]  這個報告是花了兩年時間去尋找過去三十多年
[00:01:29.840 --> 00:01:34.440]  曾經受到性騷擾的處理的一個報告
[00:01:34.440 --> 00:01:39.560]  報告裏面指出這個大學有很多處理這些性侵犯的投訴
[00:01:39.560 --> 00:01:42.880]  或者援助的一些不恰當的地方
[00:01:42.880 --> 00:01:46.000]  這個報告指出在大學裏面
[00:01:46.000 --> 00:01:51.640]  在處理這個性侵犯不適當的地方
[00:01:51.640 --> 00:01:55.440]  這間基督教的大學的輔導員
[00:01:55.440 --> 00:02:04.320]  在受助者和輔導員接受查詢的過程裏面發現了一些東西
[00:02:04.320 --> 00:02:09.000]  在輔導員或者受害者進行查詢的時候
[00:02:09.000 --> 00:02:10.160]  發生了一些事情
[00:02:10.160 --> 00:02:14.800]  這些輔導員他們是嘗試去阻止這些學生
[00:02:14.800 --> 00:02:18.080]  是將這件事情報警方處理
[00:02:18.080 --> 00:02:24.840]  就是說輔導員通常被阻止學生受害者去報警方式處理
[00:02:24.840 --> 00:02:27.560]  即是大學裏面關上門自己處理
[00:02:27.560 --> 00:02:30.120]  就大學裏面自己把門關上
[00:02:30.120 --> 00:02:32.800]  我們自己內部把這件事情處理好就行了
[00:02:32.800 --> 00:02:37.240]  另外就是這些報告裏面提及
[00:02:37.240 --> 00:02:43.320]  他們這些輔導員用些什麽理由去叫他們不要報警呢
[00:02:43.320 --> 00:02:47.080]  就是說輔導員用什麽理由讓這些學生們不去報警呢
[00:02:47.080 --> 00:02:50.200]  他們說這樣報警法如果宣揚出去
[00:02:50.200 --> 00:02:52.760]  會損毀了基督的名聲
[00:02:52.760 --> 00:02:56.040]  因為這樣報告出去會損害基督的名聲
[00:02:56.040 --> 00:02:57.880]  如果這樣報警法
[00:02:57.880 --> 00:03:02.600]  這些侵犯者 即性侵犯者
[00:03:02.600 --> 00:03:05.240]  他們等於送了他們去地獄一樣
[00:03:05.240 --> 00:03:07.920]  如果說你這樣報告這個性侵犯者
[00:03:07.920 --> 00:03:11.360]  就如同把他送進了地獄
[00:03:11.360 --> 00:03:15.400]  這些被告是沒有好日子過
[00:03:15.400 --> 00:03:17.840]  這被告從此就沒有好日子過了
[00:03:17.840 --> 00:03:21.000]  輔導員也跟著說 要求這些學生
[00:03:21.000 --> 00:03:24.200]  不要為了這些過去的事繼續執著
[00:03:24.200 --> 00:03:30.480]  應該繼續向前走
[00:03:30.480 --> 00:03:33.360]  將這些性侵犯的事拋諸腦後
[00:03:33.360 --> 00:03:36.040]  應該向前走 向前看
[00:03:36.040 --> 00:03:38.760]  把這不愉快的事情拋諸腦後
[00:03:38.760 --> 00:03:44.160]  報告出來之後也吸引了很多傳媒的報告
[00:03:44.160 --> 00:03:47.640]  報告出來之後也吸引了很多傳媒的注意
[00:03:47.640 --> 00:03:52.960]  以上我剛才說的其實是根據紐約時報的報告技術
[00:03:52.960 --> 00:03:57.040]  我剛才說的這些是根據紐約時報的內容
[00:03:57.040 --> 00:04:02.840]  也因此驚動了警方插手調查
[00:04:02.840 --> 00:04:06.440]  驚動警方插手調查
[00:04:06.440 --> 00:04:12.720]  調查究竟在學校處理這些投訴的時候
[00:04:12.720 --> 00:04:16.000]  有沒有一些適當的情形
[00:04:16.000 --> 00:04:19.040]  有沒有將一些其實應該報警但沒有報到的事情
[00:04:19.040 --> 00:04:22.400]  就是說警方多少查了視察
[00:04:22.400 --> 00:04:27.320]  輔導員有沒有做錯的地方
[00:04:27.320 --> 00:04:30.160]  舉個例子 大家明白的
[00:04:30.160 --> 00:04:32.800]  譬如我們在多倫多或安省
[00:04:32.800 --> 00:04:35.360]  譬如我們有交通意外
[00:04:35.360 --> 00:04:39.000]  如果那個損毀達到500元還是1000元
[00:04:39.000 --> 00:04:40.200]  你就一定要報警
[00:04:40.200 --> 00:04:44.480]  或者是有人命損傷
[00:04:44.480 --> 00:04:48.600]  舉個例子在安省如果說出現車禍的話
[00:04:48.600 --> 00:04:55.360]  當出現了人受傷或者損毀程度超過1000元
[00:04:55.360 --> 00:04:56.800]  就一定要報警
[00:04:56.800 --> 00:05:00.080]  1000元 還有人命損傷都要報的
[00:05:00.080 --> 00:05:02.680]  那就是情形就是
[00:05:02.680 --> 00:05:05.800]  是不是在一些情況是應該要報但是大學
[00:05:05.800 --> 00:05:07.480]  這間大學沒有報到呢
[00:05:07.480 --> 00:05:10.840]  是不是有這種情形就是應該要報警的
[00:05:10.840 --> 00:05:15.320]  而原來這間大學有沒有報警的情形呢
[00:05:15.320 --> 00:05:16.920]  經過了7個月的調查
[00:05:16.920 --> 00:05:19.880]  在剛剛過去的7月
[00:05:19.880 --> 00:05:23.000]  這個警方就發出一個公告
[00:05:23.000 --> 00:05:25.760]  這個調查也就正好是上個月
[00:05:25.760 --> 00:05:29.960]  他們認為這個大學並沒有違反這些法例
[00:05:29.960 --> 00:05:31.920]  大學並沒有違反法律
[00:05:31.920 --> 00:05:33.200]  不過他們補充
[00:05:33.200 --> 00:05:37.400]  這個只不過是從一個法律的觀點來看
[00:05:37.400 --> 00:05:39.160]  但是從法律的觀點來看
[00:05:39.160 --> 00:05:40.840]  跟道德倫理是沒有關係的
[00:05:40.840 --> 00:05:43.240]  跟道德倫理沒有關係
[00:05:43.240 --> 00:05:48.600]  這間大學是一些傳統的基督教大學
[00:05:48.600 --> 00:05:51.680]  這間大學是一間傳統的基督教大學
[00:05:51.680 --> 00:05:54.240]  他聲稱是依照聖經
[00:05:54.240 --> 00:05:55.600]  他聲稱是依照聖經
[00:05:55.600 --> 00:05:59.920]  教導一些所謂的基要信仰來教授學生
[00:05:59.920 --> 00:06:03.920]  就是以基要信仰來教導學生
[00:06:03.920 --> 00:06:05.880]  或者叫基要主義
[00:06:05.880 --> 00:06:07.480]  他就稱作基要主義
[00:06:07.480 --> 00:06:09.480]  基要主義就是基督教的名字
[00:06:09.480 --> 00:06:12.080]  可能大家不太知道是甚麼
[00:06:12.080 --> 00:06:16.280]  如果英文叫做fundamentalist
[00:06:16.280 --> 00:06:17.400]  或者可能清楚一點
[00:06:17.400 --> 00:06:20.200]  譬如我們近代如果看新聞
[00:06:20.200 --> 00:06:21.960]  我們看見譬如伊斯蘭教
[00:06:21.960 --> 00:06:27.040]  我們有時會叫一些所謂原教旨主義者
[00:06:27.040 --> 00:06:28.960]  譬如我們最近看電視
[00:06:28.960 --> 00:06:32.760]  譬如說是伊斯蘭教就稱作原教旨主義者
[00:06:32.760 --> 00:06:35.960]  基督教也有原教旨主義者
[00:06:35.960 --> 00:06:40.040]  基督教也有原教旨主義者
[00:06:40.040 --> 00:06:42.720]  他就說用這些基要信仰來教授學生
[00:06:42.720 --> 00:06:46.120]  都是確保他們大學裏面的學生
[00:06:46.120 --> 00:06:48.280]  是不會被世俗所污染
[00:06:48.280 --> 00:06:51.320]  卻說全人不受世俗所污染
[00:06:51.320 --> 00:06:52.840]  但是在這件事件
[00:06:52.840 --> 00:06:56.360]  在這件大學裏面處理性侵犯的事件
[00:06:56.360 --> 00:06:57.600]  跟我們說了些甚麼呢
[00:06:57.600 --> 00:07:00.800]  這大學去性侵犯事件說明了甚麼呢
[00:07:00.800 --> 00:07:04.320]  就是無論是用了甚麼規條指引
[00:07:04.320 --> 00:07:07.760]  甚至是所謂甚麼教育理念也好
[00:07:07.760 --> 00:07:11.160]  罪惡或者罪這件事都不能夠迴避
[00:07:11.160 --> 00:07:15.080]  就是說利用這個規條指引教育理念
[00:07:15.080 --> 00:07:17.640]  都不能防備這件事發生
[00:07:17.640 --> 00:07:19.400]  罪惡不能夠發生
[00:07:19.400 --> 00:07:22.760]  死根本是存在在這個世界上
[00:07:22.760 --> 00:07:24.760]  是避無可避的
[00:07:24.760 --> 00:07:27.080]  罪惡存在這個世界上
[00:07:27.080 --> 00:07:28.480]  必無可避
[00:07:28.480 --> 00:07:32.640]  這個事件也是引發我們看究竟今日教會
[00:07:32.640 --> 00:07:36.000]  這個事件也引發我們考慮到今天的教會
[00:07:36.000 --> 00:07:38.440]  都有一些很多罪惡的事情發生
[00:07:38.440 --> 00:07:40.200]  都有些罪惡的事情發生
[00:07:40.200 --> 00:07:42.560]  大家留意一下新聞
[00:07:42.560 --> 00:07:46.800]  譬如早前香港都有甚麼不關名
[00:07:46.800 --> 00:07:50.720]  有小學學生跳樓
[00:07:50.720 --> 00:07:52.320]  學校沒有報警
[00:07:52.320 --> 00:07:55.520]  譬如說在香港前面有小學學生跳樓
[00:07:55.520 --> 00:07:57.040]  小朋友報警的情形
[00:07:57.040 --> 00:08:02.560]  有很多關於性、權力、錢的醜聞
[00:08:02.560 --> 00:08:06.400]  你不用打開基督教的網站或者報紙
[00:08:06.400 --> 00:08:10.560]  你在一些主流的新聞或者主流的網站都有報道
[00:08:10.560 --> 00:08:12.560]  譬如說關於性、權力
[00:08:12.560 --> 00:08:17.480]  這個就是今天的報紙都有報導
[00:08:17.480 --> 00:08:19.520]  我們在教會來說
[00:08:19.520 --> 00:08:21.640]  根本這些事情是不能夠避的時候
[00:08:21.640 --> 00:08:24.480]  我們是應該怎樣去處理它呢
[00:08:24.480 --> 00:08:27.280]  這些問題不可避免的時候
[00:08:27.280 --> 00:08:28.640]  教會應該如何處理呢
[00:08:28.640 --> 00:08:30.200]  我們將它淡化了
[00:08:30.200 --> 00:08:32.960]  然後等時間慢慢沖淡它
[00:08:32.960 --> 00:08:34.320]  就好像這間大學說
[00:08:34.320 --> 00:08:36.120]  將它拋諸於後
[00:08:36.120 --> 00:08:37.240]  過了三五七年
[00:08:37.240 --> 00:08:39.440]  不記得了就當沒事發生過
[00:08:39.440 --> 00:08:41.760]  是不是將它拋諸於老後
[00:08:41.760 --> 00:08:44.400]  三五年以後不記得了
[00:08:44.400 --> 00:08:46.400]  就當做無事發生一樣呢
[00:08:46.400 --> 00:08:48.480]  還是我們要去正面面對它呢
[00:08:48.480 --> 00:08:50.000]  還是要正面面對它呢
[00:08:50.000 --> 00:08:53.320]  但是正面面對它又應該怎樣面對呢
[00:08:53.320 --> 00:08:55.800]  如果正面面對要怎樣去面對呢
[00:08:55.800 --> 00:09:00.040]  有什麼依據去處理呢
[00:09:00.040 --> 00:09:03.800]  今天我們跟大家看這個哥倫多前書第一章第一節九節
[00:09:03.800 --> 00:09:06.560]  裏面就是有一些借鏡可以給我們看到
[00:09:06.560 --> 00:09:11.320]  我們今天就要看哥倫多前書一到九節
[00:09:11.320 --> 00:09:13.320]  這裏面就有些借鏡可以讓我們知道
[00:09:13.320 --> 00:09:16.600]  我想問大家之前有沒有看過哥倫多前書的
[00:09:16.600 --> 00:09:19.480]  我請問大家之前有沒有看過哥倫多前書
[00:09:19.480 --> 00:09:22.960]  大家都有少少概念這間教會是怎樣的
[00:09:22.960 --> 00:09:25.320]  大家應該心目中都有一個概念
[00:09:25.320 --> 00:09:26.680]  是一個什麼樣的教會
[00:09:26.680 --> 00:09:28.920]  有些事件可能你看完之後
[00:09:28.920 --> 00:09:32.400]  你會說可以有些什麼事情發生的
[00:09:32.400 --> 00:09:36.360]  看完以後就會有這樣的事情發生嗎
[00:09:36.360 --> 00:09:40.160]  我們首先進入經文給大家看
[00:09:40.160 --> 00:09:45.560]  我們首先來看保羅對他的第一節裏面
[00:09:45.560 --> 00:09:49.280]  保羅對他自己的稱呼
[00:09:49.280 --> 00:09:50.920]  其實是可以反映到
[00:09:50.920 --> 00:09:52.560]  他怎樣稱呼呢
[00:09:52.560 --> 00:09:59.800]  奉上帝旨意蒙造作耶穌基督使徒的保羅
[00:09:59.800 --> 00:10:04.280]  你看這裏保羅是怎麽提到他自己的稱呼的
[00:10:04.280 --> 00:10:09.000]  是奉神旨意蒙造作耶穌基督使徒的保羅
[00:10:09.000 --> 00:10:12.320]  我們看這些稱呼我們不要小看它
[00:10:12.320 --> 00:10:14.280]  我們不要小看這些稱呼
[00:10:14.280 --> 00:10:17.720]  這個是哥倫多前書
[00:10:17.720 --> 00:10:20.720]  但如果你翻看前面的羅馬書
[00:10:20.720 --> 00:10:23.960]  或者翻看哥倫多後書
[00:10:23.960 --> 00:10:25.920]  稱呼都是有不同的
[00:10:25.920 --> 00:10:27.800]  保羅對自己的自稱
[00:10:27.800 --> 00:10:29.960]  如果說你打開羅馬書
[00:10:29.960 --> 00:10:31.960]  或者打開哥倫多後書
[00:10:31.960 --> 00:10:36.080]  你都會發現保羅對自己的稱呼都有所變化
[00:10:36.080 --> 00:10:39.880]  他要告訴讀者我是誰
[00:10:39.880 --> 00:10:41.920]  他現在告訴讀者我是誰
[00:10:41.920 --> 00:10:43.720]  我和你的關係是什麽
[00:10:43.720 --> 00:10:45.800]  我和你是什麽樣的關係
[00:10:45.800 --> 00:10:48.720]  這些我是誰和這個關係
[00:10:48.720 --> 00:10:51.960]  亦都引申到往後的經文裏面的內容
[00:10:51.960 --> 00:10:56.000]  所以這裏會影響到往後經文的內容
[00:10:56.000 --> 00:11:00.720]  正如我們小時候學寫信也好
[00:11:00.720 --> 00:11:03.160]  親愛的舅父
[00:11:03.160 --> 00:11:04.960]  就像我們小時候寫信一樣
[00:11:04.960 --> 00:11:06.400]  寫親愛的舅父
[00:11:06.400 --> 00:11:08.480]  一個生和舅父的一個溝通
[00:11:08.480 --> 00:11:14.680]  或者原來舅父是我媽媽的哥或者弟弟
[00:11:14.680 --> 00:11:18.920]  這麽寫就反映了我的生活
[00:11:18.920 --> 00:11:21.240]  我心裏的哥哥和弟弟
[00:11:21.240 --> 00:11:23.880]  在保羅那個時期
[00:11:23.880 --> 00:11:25.120]  即是羅馬帝國的時候
[00:11:25.120 --> 00:11:27.440]  他們都有這樣的格式
[00:11:27.440 --> 00:11:37.800]  甚至更加詳細地對作者的介紹
[00:11:37.800 --> 00:11:40.040]  更加詳細地對作者的介紹
[00:11:40.040 --> 00:11:45.440]  希望一開始讀者可以了解這是什麽人和我什麽關係
[00:11:45.440 --> 00:11:47.200]  他可能將會說些什麽呢
[00:11:47.200 --> 00:11:49.840]  就是說這是什麽人和我有什麽關係
[00:11:49.840 --> 00:11:51.280]  他將會講什麽呢
[00:11:51.280 --> 00:11:56.480]  保羅說自己作為一個耶穌基督的使徒
[00:11:56.480 --> 00:11:58.240]  他作為耶穌基督的使徒
[00:11:58.240 --> 00:12:00.240]  是奉上帝旨意
[00:12:00.240 --> 00:12:01.400]  是奉上帝旨意
[00:12:01.400 --> 00:12:02.640]  夢照的結果
[00:12:02.640 --> 00:12:03.720]  夢照的結果
[00:12:03.720 --> 00:12:07.240]  即是說保羅他能夠成為耶穌基督的使徒
[00:12:07.240 --> 00:12:11.240]  不是他自己的什麽決定
[00:12:11.240 --> 00:12:13.720]  保羅能夠成為耶穌基督的使徒
[00:12:13.720 --> 00:12:15.320]  並不是他自己的什麽決定
[00:12:15.320 --> 00:12:17.360]  是按照上帝的旨意
[00:12:17.360 --> 00:12:18.640]  是按照上帝的旨意
[00:12:18.640 --> 00:12:21.640]  夢照所造成的
[00:12:21.640 --> 00:12:25.440]  不是什麽關係所引發出來的
[00:12:25.440 --> 00:12:26.960]  不是什麽關係所引發出來的
[00:12:26.960 --> 00:12:29.520]  不是因爲我爸爸媽媽開教會
[00:12:29.520 --> 00:12:30.760]  我就回家了
[00:12:30.760 --> 00:12:32.640]  那我就自動做基督徒了
[00:12:32.640 --> 00:12:35.480]  不是我父母去教會
[00:12:35.480 --> 00:12:36.560]  我跟著他們去
[00:12:36.560 --> 00:12:38.120]  我就自動成為基督徒
[00:12:38.120 --> 00:12:40.640]  或者是我經過什麽想法
[00:12:40.640 --> 00:12:42.560]  或者什麽很爭取
[00:12:42.560 --> 00:12:43.640]  回到教會
[00:12:43.640 --> 00:12:45.160]  不是說這件事
[00:12:45.160 --> 00:12:46.440]  不是說我真的有什麽
[00:12:46.440 --> 00:12:49.040]  真的去努力去爭取來的
[00:12:49.040 --> 00:12:52.120]  在奉上帝旨意和夢照這個意義來説
[00:12:52.120 --> 00:12:56.080]  是説到在福音信主這個事情來説
[00:12:56.080 --> 00:12:57.720]  人是沒有主動權的
[00:12:57.720 --> 00:12:59.080]  所以奉上帝旨意
[00:12:59.080 --> 00:13:02.080]  夢照這個是使人沒有主動權的
[00:13:02.080 --> 00:13:05.680]  夢照的意思其中包括一個
[00:13:05.680 --> 00:13:07.760]  邀請呼籲的意義
[00:13:07.760 --> 00:13:10.800]  夢照有這個邀請呼籲的意義
[00:13:10.800 --> 00:13:12.800]  對於呼籲
[00:13:12.800 --> 00:13:14.960]  或者叫做一個invitation
[00:13:14.960 --> 00:13:17.320]  或者一個call
[00:13:17.320 --> 00:13:20.520]  人只可以做兩件事
[00:13:20.520 --> 00:13:22.880]  對福音信主人只可以做兩件事
[00:13:22.880 --> 00:13:25.600]  就是説接受或者是拒絕
[00:13:25.600 --> 00:13:27.760]  要麽接受要麽拒絕
[00:13:27.760 --> 00:13:30.040]  關鍵是如果沒有這個召命的話
[00:13:30.040 --> 00:13:31.640]  如果沒有這個召命的話
[00:13:31.640 --> 00:13:33.360]  人也都沒有一個召命
[00:13:33.360 --> 00:13:36.160]  能夠可以去接受或者是拒絕
[00:13:36.160 --> 00:13:38.920]  人也沒有一個召命可以接受或者拒絕
[00:13:38.920 --> 00:13:42.240]  正如譬如說今晚七點多
[00:13:42.240 --> 00:13:45.080]  我去到你府上
[00:13:45.080 --> 00:13:47.600]  如果今天晚上七點多我到你家去
[00:13:47.600 --> 00:13:49.200]  我敲你門
[00:13:49.200 --> 00:13:49.840]  敲你門
[00:13:49.840 --> 00:13:52.480]  或者原來你今晚去吃飯
[00:13:52.480 --> 00:13:53.520]  你今晚去吃飯
[00:13:53.520 --> 00:13:55.000]  我去到酒家那裏
[00:13:55.000 --> 00:13:57.040]  我坐過來
[00:13:57.040 --> 00:14:00.600]  我走到酒家坐下來
[00:14:00.600 --> 00:14:03.400]  這些叫做什麽
[00:14:03.400 --> 00:14:05.560]  不請自來
[00:14:05.560 --> 00:14:08.200]  那麽你猜我結果我有沒有扮開
[00:14:08.200 --> 00:14:10.840]  你站在我裏面吃飯
[00:14:10.840 --> 00:14:13.800]  可能大家會比較有禮貌
[00:14:13.800 --> 00:14:16.200]  家商筷子坐下來隨便
[00:14:16.200 --> 00:14:17.240]  那麽我又好人
[00:14:17.240 --> 00:14:18.920]  你隨便坐下
[00:14:18.920 --> 00:14:22.680]  如果說七點多家商筷子坐下來吃飯
[00:14:22.680 --> 00:14:24.840]  但是在一個正常的情況下
[00:14:24.840 --> 00:14:27.040]  一個不請自來的人
[00:14:27.040 --> 00:14:32.680]  根本是不可能可以參與一個宴席
[00:14:32.680 --> 00:14:36.600]  或者是一頓簡單的一頓飯都應該不可以
[00:14:36.600 --> 00:14:37.720]  就是不請自來
[00:14:37.720 --> 00:14:40.760]  通常你是不可能去參加一個宴席
[00:14:40.760 --> 00:14:42.920]  我們看看夢召就是有這樣的意義
[00:14:42.920 --> 00:14:44.240]  是一個邀請
[00:14:44.240 --> 00:14:45.560]  夢召就是這個意義
[00:14:45.560 --> 00:14:46.600]  就是一個邀請
[00:14:46.600 --> 00:14:50.640]  我們能夠得以回應這樣的一個夢召
[00:14:50.640 --> 00:14:54.320]  先有上帝作為一個主導
[00:14:54.320 --> 00:14:56.560]  我們才能夠對他的邀請
[00:14:56.560 --> 00:14:59.920]  這個邀約這個夢召去回應
[00:14:59.920 --> 00:15:02.440]  我們只有上帝主動以後
[00:15:02.440 --> 00:15:05.480]  我們才能對這個邀請做出一個回應
[00:15:05.480 --> 00:15:08.680]  所以簡單來說沒有主動的上帝呼召
[00:15:08.680 --> 00:15:12.000]  根本是沒有這個邀請
[00:15:12.000 --> 00:15:14.720]  或者我們能夠回應的一個可能性
[00:15:14.720 --> 00:15:16.600]  如果沒有上帝的邀請
[00:15:16.600 --> 00:15:18.440]  就沒有回應的可能性
[00:15:18.440 --> 00:15:19.600]  普羅順主的經歷
[00:15:19.600 --> 00:15:21.480]  我們其實也可以參考
[00:15:21.480 --> 00:15:24.200]  在《仕途行傳》的第九章
[00:15:24.200 --> 00:15:26.560]  一而其再我們可以知道
[00:15:26.560 --> 00:15:29.480]  保羅這個夢召的經歷
[00:15:29.480 --> 00:15:33.040]  我們可以參考《仕途行傳》的第九章
[00:15:33.040 --> 00:15:36.680]  當大家都已經看過那一段
[00:15:36.680 --> 00:15:37.480]  或者都知道
[00:15:37.480 --> 00:15:43.560]  譬如他是拿了一些宗教領袖的許可
[00:15:43.560 --> 00:15:47.800]  然後就去大馬式想去迫害信徒
[00:15:47.800 --> 00:15:49.000]  大家記得那一段
[00:15:49.000 --> 00:15:50.440]  大家應該都記得那一段
[00:15:50.440 --> 00:15:53.200]  他拿到一些授權
[00:15:53.200 --> 00:15:55.800]  去大馬式去迫害基督徒
[00:15:55.800 --> 00:15:59.720]  然後在這個路上主耶穌就向他點燃了
[00:15:59.720 --> 00:16:02.400]  然後在這個路上主耶穌向他顯現
[00:16:02.400 --> 00:16:05.800]  整個過程都是上帝做主導
[00:16:05.800 --> 00:16:07.840]  整個過程都是上帝做主導
[00:16:07.840 --> 00:16:10.360]  保羅一個很熱心追求
[00:16:10.360 --> 00:16:12.400]  一個很熱心之前稱為蘇俄
[00:16:12.400 --> 00:16:16.120]  一個很熱烈追求猶太信仰的人
[00:16:16.120 --> 00:16:20.200]  他是一個熱心追求猶太信仰的人
[00:16:20.200 --> 00:16:21.440]  如果根據聖經來看
[00:16:21.440 --> 00:16:24.760]  我可以假設他聽見基督徒
[00:16:24.760 --> 00:16:27.000]  或者聽見基督就已經很不耐煩
[00:16:27.000 --> 00:16:28.720]  他聽見基督徒
[00:16:28.720 --> 00:16:32.640]  或者聽到說起基督這個名字
[00:16:32.640 --> 00:16:33.440]  他就很不耐煩
[00:16:33.440 --> 00:16:35.920]  他一個階段是想去迫害基督徒
[00:16:35.920 --> 00:16:38.560]  他到了想迫害基督徒
[00:16:38.560 --> 00:16:40.600]  但是當他迫害的途中
[00:16:40.600 --> 00:16:41.920]  主耶穌向他顯現
[00:16:41.920 --> 00:16:42.920]  當他迫害的途中
[00:16:42.920 --> 00:16:44.440]  主耶穌向他顯現
[00:16:44.440 --> 00:16:45.280]  他信了主
[00:16:45.280 --> 00:16:46.040]  他信了主
[00:16:46.040 --> 00:16:48.120]  是一個很典型的
[00:16:48.120 --> 00:16:51.760]  這是奉上帝旨意的一件事情
[00:16:51.760 --> 00:16:52.800]  是一個很典型的
[00:16:52.800 --> 00:16:54.800]  奉上帝旨意的事情
[00:16:54.800 --> 00:16:58.320]  因此保羅在這裡對他的自稱
[00:16:58.320 --> 00:17:01.280]  也是埋伏在一個伏筆
[00:17:01.280 --> 00:17:02.840]  就是在將來第九章
[00:17:02.840 --> 00:17:04.880]  他在哥倫多教會
[00:17:04.880 --> 00:17:09.280]  去申辯他使徒的身份的事情
[00:17:09.280 --> 00:17:11.880]  就是在這裡留下了一個伏筆
[00:17:11.880 --> 00:17:13.680]  因為這裡留下了一個伏筆
[00:17:13.680 --> 00:17:15.520]  為他第九章申辯
[00:17:15.520 --> 00:17:20.360]  他使徒的事情
[00:17:20.360 --> 00:17:22.760]  如果我們看往後的經文
[00:17:22.760 --> 00:17:24.600]  我們知道哥倫多教會裏面
[00:17:24.600 --> 00:17:27.760]  也有很多關於保羅究竟是不是使徒
[00:17:27.760 --> 00:17:30.760]  或者他使徒身份有很多的疑問
[00:17:30.760 --> 00:17:32.000]  有很多的質疑在那裏
[00:17:32.000 --> 00:17:34.720]  因爲哥倫多教會對保羅
[00:17:34.720 --> 00:17:37.160]  是否是使徒有很多質疑
[00:17:37.160 --> 00:17:38.520]  這裏是一個伏筆
[00:17:38.520 --> 00:17:39.520]  這是一個伏筆
[00:17:39.520 --> 00:17:43.080]  在同一個第一節裏面
[00:17:43.080 --> 00:17:46.120]  也提及到另外一個人叫做索提尼
[00:17:46.120 --> 00:17:48.600]  在第一節裏面提到
[00:17:48.600 --> 00:17:50.200]  另外一個名字叫做索特尼
[00:17:50.200 --> 00:17:53.160]  這個名字也曾經出現在
[00:17:53.160 --> 00:17:56.240]  使徒行傳的第十八章十七節裏面
[00:17:56.240 --> 00:17:57.560]  這個也曾經出現在
[00:17:57.560 --> 00:17:59.400]  《史陀行傳十八章十七節》裏面
[00:17:59.400 --> 00:18:01.560]  說到這個索提尼
[00:18:01.560 --> 00:18:05.640]  是保羅停留在哥倫多的時候
[00:18:05.640 --> 00:18:10.400]  當時管猶太人會堂的一個人
[00:18:10.400 --> 00:18:14.440]  索提尼是當時保羅在
[00:18:14.440 --> 00:18:18.040]  哥倫多教會管理猶太人會堂的一個人
[00:18:18.040 --> 00:18:20.920]  在這個哥倫多傳書裏面說他不是使徒
[00:18:20.920 --> 00:18:22.440]  哥倫多傳書裏面講他不是使徒
[00:18:22.440 --> 00:18:25.440]  但是他因爲蒙召的關係
[00:18:25.440 --> 00:18:27.240]  他因爲蒙召的關係
[00:18:27.240 --> 00:18:29.240]  因爲第二節就講了
[00:18:29.240 --> 00:18:31.760]  其實哥倫多教會都是蒙召的
[00:18:31.760 --> 00:18:33.400]  他是哥倫多教會
[00:18:33.400 --> 00:18:34.400]  這個人是哥倫多教會
[00:18:34.400 --> 00:18:35.800]  他也是蒙召的一部份
[00:18:35.800 --> 00:18:37.440]  這個邏輯清楚了
[00:18:37.440 --> 00:18:41.200]  第二節會講哥倫多教會是被蒙召的
[00:18:41.200 --> 00:18:43.320]  他也是哥倫多教會的一部份
[00:18:43.320 --> 00:18:45.040]  所以他是被蒙召的
[00:18:45.040 --> 00:18:46.440]  雖然不是使徒
[00:18:46.440 --> 00:18:48.840]  但是他被評為弟兄
[00:18:48.840 --> 00:18:50.200]  他不是使徒
[00:18:50.200 --> 00:18:51.400]  他稱作弟兄
[00:18:51.400 --> 00:18:55.960]  還有很多的研究或者追查
[00:18:55.960 --> 00:18:58.800]  哥倫多傳書其實是保羅在
[00:18:58.800 --> 00:19:00.680]  以弗所這個地方寫的
[00:19:00.680 --> 00:19:01.800]  寫給國民教會的
[00:19:01.800 --> 00:19:06.400]  哥倫多傳書應該是保羅在以弗所寫的
[00:19:06.400 --> 00:19:09.240]  而這個所提尼也在這裏被提及
[00:19:09.240 --> 00:19:10.680]  意思就是說
[00:19:10.680 --> 00:19:17.000]  這個所提尼也是和保羅一起在以弗所停留的
[00:19:17.000 --> 00:19:22.440]  數多年應該和保羅都一同在以弗所停留
[00:19:22.440 --> 00:19:24.960]  我們在這裏要留意一個小小的背景就是
[00:19:24.960 --> 00:19:28.600]  哥倫多教會並不是由保羅自己親手去建立
[00:19:28.600 --> 00:19:30.400]  這裏要補充一下
[00:19:30.400 --> 00:19:33.560]  哥倫多教會不是由保羅親自建立
[00:19:33.560 --> 00:19:40.560]  但是保羅在其中一個宣教的報道
[00:19:40.560 --> 00:19:43.240]  或者是他的旅程當中
[00:19:43.240 --> 00:19:47.800]  曾經是在哥倫多教會停留了一年六個月
[00:19:47.800 --> 00:19:51.720]  因為他曾經在司空當中
[00:19:51.720 --> 00:19:54.880]  在哥倫多教會停留了一年六個月
[00:19:54.880 --> 00:19:57.880]  這個就是我們剛才說的第十八章裏面
[00:19:57.880 --> 00:19:59.640]  使徒行傳第十八章提及
[00:19:59.640 --> 00:20:02.960]  當中也提及到這個所提尼
[00:20:02.960 --> 00:20:08.200]  因為在《使徒行傳》第十八章提及到使徒尼
[00:20:08.200 --> 00:20:10.840]  那究竟兩個所提尼
[00:20:10.840 --> 00:20:15.120]  就是使徒行傳和哥倫多前書兩個是不是同一個人呢
[00:20:15.120 --> 00:20:17.600]  同名同姓是有可能的
[00:20:17.600 --> 00:20:20.040]  《使徒行傳》裏面所提到的使徒尼
[00:20:20.040 --> 00:20:22.440]  和哥倫多前書所提及的使徒尼
[00:20:22.440 --> 00:20:24.360]  是否同名同姓是同一個人呢
[00:20:24.360 --> 00:20:28.920]  但是我們姑且假設是兩個人是同一個人
[00:20:28.920 --> 00:20:32.240]  如果我們先假設兩個人或是一個人
[00:20:32.240 --> 00:20:37.040]  這個可以帶出一個相當大的對比
[00:20:37.040 --> 00:20:39.200]  可以帶出一個相當大的對比
[00:20:39.200 --> 00:20:42.800]  保羅在哥倫多停留了一年六個月
[00:20:42.800 --> 00:20:46.360]  保羅在哥倫多教會停留了一年六個月
[00:20:46.360 --> 00:20:48.720]  一年半的時間
[00:20:48.720 --> 00:20:51.320]  在這個之後
[00:20:51.320 --> 00:20:54.480]  這個所提尼金錘保羅
[00:20:54.480 --> 00:20:56.160]  一同繼續去傳道
[00:20:56.160 --> 00:20:58.040]  現在來到異不所了
[00:20:58.040 --> 00:21:02.200]  所以說你跟隨保羅一直傳到現在來到異不所
[00:21:02.200 --> 00:21:04.720]  但是其餘哥倫多的信徒
[00:21:04.720 --> 00:21:08.680]  那些在第二節裏形容他們
[00:21:08.680 --> 00:21:13.800]  在之後又形容他們是一群有知識有口才的哥倫多信徒
[00:21:13.800 --> 00:21:16.640]  竟然在往後的經文裏面
[00:21:16.640 --> 00:21:18.320]  哥倫多前書裏面的經文裏面
[00:21:18.320 --> 00:21:20.080]  是跟他們有摩擦
[00:21:20.080 --> 00:21:24.680]  講到哥倫多教會人跟他們有摩擦
[00:21:24.680 --> 00:21:30.040]  甚至到一個地步對於保羅的使徒身份都成壞
[00:21:30.040 --> 00:21:35.440]  甚至導致他們對保羅的使徒身份表示懷疑
[00:21:35.440 --> 00:21:38.920]  這件事某個程度上是一件很可悲的事情
[00:21:38.920 --> 00:21:40.600]  其實這是一件非常可悲的事情
[00:21:40.600 --> 00:21:43.560]  今天譬如你在某間公司
[00:21:43.560 --> 00:21:46.320]  這個比喻不是很直接
[00:21:46.320 --> 00:21:49.920]  但是你在某間公司打了幾年工
[00:21:49.920 --> 00:21:51.720]  走了回來
[00:21:51.720 --> 00:21:52.680]  那些人問
[00:21:52.680 --> 00:21:54.800]  都是那些人來編過
[00:21:54.800 --> 00:21:57.640]  因為好像說你在這公司幹了幾年以後
[00:21:57.640 --> 00:21:58.840]  離開這公司
[00:21:58.840 --> 00:22:00.800]  然後來了這間公司
[00:22:00.800 --> 00:22:02.480]  還是同一幫人
[00:22:02.480 --> 00:22:03.960]  你是誰
[00:22:03.960 --> 00:22:06.360]  好像陌路人那樣
[00:22:06.360 --> 00:22:08.240]  好像陌路人一樣
[00:22:08.240 --> 00:22:12.600]  我們看到當中保羅和哥倫多教會
[00:22:12.600 --> 00:22:17.680]  他們之間的那種不協調的張力在那裏
[00:22:17.680 --> 00:22:20.800]  又可以看到保羅與哥倫多教會
[00:22:20.800 --> 00:22:23.280]  這種不協調 這種張力的存在
[00:22:23.280 --> 00:22:25.360]  所以保羅在這裏再次重新
[00:22:25.360 --> 00:22:27.040]  透過他蒙著的身份
[00:22:27.040 --> 00:22:31.080]  再次將自己介紹給哥倫多教會
[00:22:31.080 --> 00:22:34.000]  他保羅將自己蒙到
[00:22:34.000 --> 00:22:36.240]  這是他自己的身份
[00:22:36.240 --> 00:22:38.480]  再次介紹給哥倫多教會
[00:22:38.480 --> 00:22:40.920]  接下來來到第二節
[00:22:40.920 --> 00:22:43.320]  我們在這裏需要有一點介紹
[00:22:43.320 --> 00:22:45.400]  關於哥倫多教會
[00:22:45.400 --> 00:22:47.720]  或者哥倫多城是甚麼背景
[00:22:47.720 --> 00:22:50.640]  第二節我們要簡單介紹一下
[00:22:50.640 --> 00:22:55.320]  哥倫多教會和哥倫多城的背景
[00:22:55.320 --> 00:22:57.560]  哥倫多教會處於的地理位置
[00:22:57.560 --> 00:23:00.360]  是屬於希臘的大陸
[00:23:00.360 --> 00:23:09.800]  和中文叫做帕羅賓尼薩島的地方之間
[00:23:09.800 --> 00:23:17.720]  它是在希臘大陸與賓尼薩島之間
[00:23:17.720 --> 00:23:26.840]  技術上來說 帕羅賓尼薩其實是像半島一樣
[00:23:26.840 --> 00:23:28.160]  是黏在一起的
[00:23:28.160 --> 00:23:30.160]  這是一個半島的情況
[00:23:30.160 --> 00:23:31.240]  是黏在一起的
[00:23:31.240 --> 00:23:33.320]  它是有一個地壇
[00:23:33.320 --> 00:23:35.240]  將這兩個地方黏在一起
[00:23:35.240 --> 00:23:37.680]  地壇是將兩個地方黏在一起
[00:23:37.680 --> 00:23:39.880]  如果你有看聖經地圖
[00:23:39.880 --> 00:23:44.040]  你會看到其實是兩個地方
[00:23:44.040 --> 00:23:46.320]  中間是有一個地方黏在一起
[00:23:46.320 --> 00:23:48.520]  海峽我們知道 兩個陸地中間
[00:23:48.520 --> 00:23:50.760]  夾著的水道就稱為海峽
[00:23:50.760 --> 00:23:52.760]  它這兩個地方黏在一起的地方
[00:23:52.760 --> 00:23:55.000]  我們就叫做一個地峽
[00:23:55.000 --> 00:23:56.640]  就是一個很窄的地方
[00:23:56.640 --> 00:23:58.560]  如果有查過
[00:23:58.560 --> 00:24:01.920]  總之那個地峽的寬度是少於十公里的
[00:24:01.920 --> 00:24:06.800]  兩個地峽之間是少於十公里
[00:24:06.800 --> 00:24:08.320]  非常狹窄的地方
[00:24:08.320 --> 00:24:12.800]  是的 它就連接著希臘大陸和這個島
[00:24:12.800 --> 00:24:16.520]  它也是處於愛琴海的西岸
[00:24:16.520 --> 00:24:18.640]  它是處於愛琴海的西岸
[00:24:18.640 --> 00:24:26.480]  以及通往伊奧尼亞海的一個交接點
[00:24:26.480 --> 00:24:31.800]  它是通往伊奧尼亞海的一個交接點
[00:24:31.800 --> 00:24:33.240]  大家要想像一件事
[00:24:33.240 --> 00:24:34.320]  就是剛才說的
[00:24:34.320 --> 00:24:37.080]  它下面是半島
[00:24:37.080 --> 00:24:37.800]  下面是半島
[00:24:37.800 --> 00:24:41.320]  是的 如果以前古時的商船
[00:24:41.320 --> 00:24:44.080]  譬如在雅典出發
[00:24:44.080 --> 00:24:46.560]  它就如果想去地中海另一邊
[00:24:46.560 --> 00:24:48.200]  譬如意大利那邊
[00:24:48.200 --> 00:24:52.600]  正常來說它可能要繞過那個半島才可以去到
[00:24:52.600 --> 00:24:56.120]  所以以前如果說從雅典出發
[00:24:56.120 --> 00:24:58.320]  要到意大利的話
[00:24:58.320 --> 00:25:00.080]  要繞過那個半島才能到
[00:25:00.080 --> 00:25:02.000]  是的 但是繞過那個半島
[00:25:02.000 --> 00:25:03.640]  那裡就比較大風浪
[00:25:03.640 --> 00:25:05.600]  如果繞過那個半島就比較大風浪
[00:25:05.600 --> 00:25:08.080]  所以到了古希臘的時代
[00:25:08.080 --> 00:25:10.120]  其實已經是有些人
[00:25:10.120 --> 00:25:14.400]  如果從雅典出發就去地下這個地方登陸
[00:25:14.400 --> 00:25:19.320]  然後他們就有一些機器
[00:25:19.320 --> 00:25:25.960]  有人說可能是埃及起金字塔的石碌
[00:25:25.960 --> 00:25:27.880]  或者木碌
[00:25:27.880 --> 00:25:31.520]  就像埃及起金字塔的石碌一樣
[00:25:31.520 --> 00:25:35.240]  將船滾到地下的另一邊
[00:25:35.240 --> 00:25:37.480]  就是把它拖到地下的另一邊
[00:25:37.480 --> 00:25:42.720]  這個就可以繼續向意大利方向
[00:25:42.720 --> 00:25:44.480]  就是向意大利方向行走
[00:25:44.480 --> 00:25:47.160]  一來可以省掉兜的路程
[00:25:47.160 --> 00:25:53.240]  二來也可以避過風浪
[00:25:53.240 --> 00:25:55.280]  所以從哥倫多這個地理位置
[00:25:55.280 --> 00:26:00.200]  我們看到它南北將希臘大陸和半島連結起來
[00:26:00.200 --> 00:26:02.560]  因為可以看到中東教會
[00:26:02.560 --> 00:26:08.160]  那個位置是將南北將希臘大陸連結起來
[00:26:08.160 --> 00:26:11.680]  東西也將水路的一個必經之道
[00:26:11.680 --> 00:26:14.120]  它也是將東西水路的必經之道
[00:26:14.120 --> 00:26:18.320]  直到1860年代正式有條運河開了
[00:26:18.320 --> 00:26:20.200]  那些船就直接通過
[00:26:20.200 --> 00:26:22.880]  直到1860年運河開通以後
[00:26:22.880 --> 00:26:24.360]  有船會直接通過
[00:26:24.360 --> 00:26:27.320]  所以以它這個重要的位置
[00:26:27.320 --> 00:26:28.600]  無論在古時來講
[00:26:28.600 --> 00:26:32.680]  貿易和軍事都是一個相當重要的位置
[00:26:32.680 --> 00:26:35.280]  就是說在貿易來講
[00:26:35.280 --> 00:26:37.760]  軍事來講都是一個很重要的位置
[00:26:37.760 --> 00:26:38.840]  在當時羅馬來講
[00:26:38.840 --> 00:26:41.360]  是一個羅馬帝國相當重要的城市
[00:26:41.360 --> 00:26:44.040]  因為在羅馬帝國是一個相當重要的城市
[00:26:44.040 --> 00:26:45.720]  就算到今天也好
[00:26:45.720 --> 00:26:47.400]  仍然是有多不多成人
[00:26:47.400 --> 00:26:49.560]  到今天仍然有哥倫多城
[00:26:49.560 --> 00:26:51.960]  仍然是擔當很多貨運
[00:26:51.960 --> 00:26:55.840]  譬如將一些礦物或者一些資源
[00:26:55.840 --> 00:26:59.760]  仍然是有一個很重要的運輸角色
[00:26:59.760 --> 00:27:02.160]  有一個很重要的運輸角色
[00:27:02.160 --> 00:27:03.920]  這個大家明白到
[00:27:03.920 --> 00:27:06.880]  你可以想像它是一個樞紐
[00:27:06.880 --> 00:27:08.520]  它是一個樞紐
[00:27:08.520 --> 00:27:11.600]  你可以將它聯繫到我們今天有什麼大城市
[00:27:11.600 --> 00:27:12.680]  其實都是這樣
[00:27:12.680 --> 00:27:14.560]  聯繫到我們今天有什麼大城市
[00:27:14.560 --> 00:27:16.520]  人才有很多聚作在這裡
[00:27:16.520 --> 00:27:17.720]  人才有很多
[00:27:17.720 --> 00:27:19.120]  那裡很接近雅典
[00:27:19.120 --> 00:27:21.680]  很多很厲害的人
[00:27:21.680 --> 00:27:23.200]  或者一些獨特
[00:27:23.200 --> 00:27:24.840]  詩書式的人都會在那裡
[00:27:24.840 --> 00:27:29.280]  然後靠近雅典也有很多了不起的文物
[00:27:29.280 --> 00:27:33.120]  人多 錢也會多
[00:27:33.120 --> 00:27:34.920]  人多 錢也會多
[00:27:34.920 --> 00:27:36.760]  他們貿易或者做很多事情
[00:27:36.760 --> 00:27:38.120]  或者留在這裡
[00:27:38.120 --> 00:27:39.320]  或者港海留在這裡
[00:27:39.320 --> 00:27:40.520]  都會帶來很多
[00:27:40.520 --> 00:27:41.400]  累積了很多
[00:27:41.400 --> 00:27:43.440]  人也有 錢也有 簡單來說
[00:27:43.440 --> 00:27:45.400]  人也有 錢也有
[00:27:45.400 --> 00:27:46.280]  那我們看看
[00:27:46.280 --> 00:27:50.000]  保羅曾經就是在這個地方停留
[00:27:50.000 --> 00:27:52.160]  保羅曾經在這麼一個地方停留
[00:27:52.160 --> 00:27:55.320]  這句小杏子也有說
[00:27:55.320 --> 00:27:57.480]  他在停留這一段時間
[00:27:57.480 --> 00:27:59.080]  小杏子十八章四字那裡說
[00:27:59.080 --> 00:28:02.520]  他每逢安息日都會去到這個會堂
[00:28:02.520 --> 00:28:04.800]  來跟別人去辯論
[00:28:04.800 --> 00:28:06.160]  就是說他在停留期間
[00:28:06.160 --> 00:28:09.760]  每逢安息日都會進裡面去辯論
[00:28:09.760 --> 00:28:10.720]  有會堂
[00:28:10.720 --> 00:28:15.120]  就是有為數不少的猶太人在那裡聚居
[00:28:15.120 --> 00:28:18.600]  然後有非常有為數不少的猶太人在那裡聚居
[00:28:18.600 --> 00:28:26.520]  當中也有一些希臘人來參與會堂的活動
[00:28:26.520 --> 00:28:29.680]  所以有希臘人在參與活動
[00:28:29.680 --> 00:28:32.600]  我們看到這個城市是人多錢多
[00:28:32.600 --> 00:28:34.800]  還有那個人種
[00:28:34.800 --> 00:28:39.360]  真的好像當時古代社會的一個國際都市一樣
[00:28:39.360 --> 00:28:43.560]  主要是古代的國際都市
[00:28:43.560 --> 00:28:46.040]  也記載了說
[00:28:46.040 --> 00:28:50.560]  這個本會堂另外有一個人叫做基里斯布
[00:28:50.560 --> 00:28:52.440]  和全家都信了主
[00:28:52.440 --> 00:28:54.680]  講得非常清楚
[00:28:54.680 --> 00:28:56.720]  基里斯布全家都信了主
[00:28:56.720 --> 00:28:59.800]  也有說在保羅去這些會堂講道
[00:28:59.800 --> 00:29:03.600]  當他被拒絕的時候
[00:29:03.600 --> 00:29:06.280]  他也有向外邦來講道
[00:29:06.280 --> 00:29:08.560]  他被拒絕的時候有向外邦講道
[00:29:08.560 --> 00:29:11.520]  也有很多人聽了保羅的道
[00:29:11.520 --> 00:29:13.000]  信了主
[00:29:13.000 --> 00:29:15.400]  有很多人聽了保羅的道信了主
[00:29:15.400 --> 00:29:18.920]  甚至是相信了並且受洗了
[00:29:18.920 --> 00:29:20.560]  因為相信而受洗
[00:29:20.560 --> 00:29:22.600]  但是我們要明白一件事就是
[00:29:22.600 --> 00:29:24.320]  保羅在未來傳道之前
[00:29:24.320 --> 00:29:26.880]  其實這裡已經是有當地信徒
[00:29:26.880 --> 00:29:28.720]  已經是有信主的人在這裡
[00:29:28.720 --> 00:29:32.280]  因為在未來之前就已經有信徒在那
[00:29:32.280 --> 00:29:34.480]  還有那個圍搜是不少的
[00:29:34.480 --> 00:29:35.760]  而且圍搜不少
[00:29:35.760 --> 00:29:42.120]  有些甚至是沒有直接和保羅有當面的接觸
[00:29:42.120 --> 00:29:44.760]  有很多可能和保羅沒有當面接觸
[00:29:44.760 --> 00:29:49.160]  所以可能對保羅他們知道
[00:29:49.160 --> 00:29:52.160]  但是也未必知道得很全面
[00:29:52.160 --> 00:29:53.960]  對保羅可能知道也可能
[00:29:53.960 --> 00:29:56.240]  但是知道可能不全
[00:29:56.240 --> 00:30:00.920]  簡單來說就是保羅不是一個建立教會
[00:30:00.920 --> 00:30:04.720]  大家要知道他不同有些教會
[00:30:04.720 --> 00:30:07.480]  這個教會不是保羅所建立的
[00:30:07.480 --> 00:30:08.600]  保羅剛才說過
[00:30:08.600 --> 00:30:10.320]  他在這裡停留了一年零六個月
[00:30:10.320 --> 00:30:16.160]  然後就向人來到街去教道神的道
[00:30:16.160 --> 00:30:18.000]  他在這裡教了什麼道
[00:30:18.000 --> 00:30:20.320]  然後也有像剛才說的
[00:30:20.320 --> 00:30:24.080]  和他多倫多禪書所說的那個所提尼
[00:30:24.080 --> 00:30:25.160]  有同一個宮
[00:30:25.160 --> 00:30:26.880]  他和所說的同宮
[00:30:26.880 --> 00:30:28.440]  不單是大人信主
[00:30:28.440 --> 00:30:29.560]  有些是恩賜受洗
[00:30:29.560 --> 00:30:31.440]  有些甚至是同宮
[00:30:31.440 --> 00:30:32.520]  不但大人受洗
[00:30:32.520 --> 00:30:34.000]  而且和同宮
[00:30:34.000 --> 00:30:37.840]  保羅在這裡同樣稱呼多倫多的教會是什麼
[00:30:37.840 --> 00:30:39.800]  在這裡同樣稱呼多倫多的教會是什麼
[00:30:39.800 --> 00:30:41.720]  是在基督裡成聖
[00:30:41.720 --> 00:30:42.880]  在基督裡成聖
[00:30:42.880 --> 00:30:44.720]  蒙召做聖堂
[00:30:44.720 --> 00:30:45.960]  蒙召做聖堂
[00:30:45.960 --> 00:30:48.960]  保羅所說在這裡很肯定地說出
[00:30:48.960 --> 00:30:52.200]  多倫多教會的身份和它的特點
[00:30:52.200 --> 00:30:55.040]  特別講到多倫多教會的身份和特點
[00:30:55.040 --> 00:30:56.400]  就是那個蒙召
[00:30:56.400 --> 00:30:57.160]  蒙召
[00:30:57.160 --> 00:30:59.920]  是上帝所邀請的
[00:30:59.920 --> 00:31:01.000]  上帝所邀請的
[00:31:01.000 --> 00:31:02.240]  人有回應
[00:31:02.240 --> 00:31:02.960]  人有回應
[00:31:02.960 --> 00:31:04.720]  同樣都是上帝作為主導的
[00:31:04.720 --> 00:31:06.080]  同樣是上帝作為主導的
[00:31:06.080 --> 00:31:08.360]  同時當他們蒙召了之後
[00:31:08.360 --> 00:31:09.360]  他們是做什麼呢
[00:31:09.360 --> 00:31:10.560]  就是做這個聖堂
[00:31:10.560 --> 00:31:12.040]  蒙召有很多聖堂
[00:31:12.040 --> 00:31:15.400]  蒙召的意思原來也包含了
[00:31:15.400 --> 00:31:18.280]  好像軍人徵召入伍
[00:31:18.280 --> 00:31:21.320]  我召喚你現在是我名下的聖位
[00:31:21.320 --> 00:31:24.080]  有一個被命名的意思
[00:31:24.080 --> 00:31:27.080]  有一個被命名的意思
[00:31:27.080 --> 00:31:28.520]  你做了基督的
[00:31:28.520 --> 00:31:29.720]  好像你做了一個軍隊
[00:31:29.720 --> 00:31:31.360]  就是某某國家的軍人
[00:31:31.360 --> 00:31:34.880]  你可能有一些階級
[00:31:34.880 --> 00:31:37.080]  但是你是某某國的軍隊
[00:31:37.080 --> 00:31:40.120]  某個程度上出戰的時候代表那個國家
[00:31:40.120 --> 00:31:41.920]  如果就像你當了兵一樣
[00:31:41.920 --> 00:31:45.040]  可能你是某某國家的軍隊的成員
[00:31:45.040 --> 00:31:46.960]  那你就蒙召了聖堂
[00:31:46.960 --> 00:31:50.200]  你就變成了一個身份上的蒙召
[00:31:50.200 --> 00:31:53.320]  蒙召聖堂的生意上就不一樣了
[00:31:53.320 --> 00:31:55.200]  並且這件事不單單是保羅
[00:31:55.200 --> 00:31:58.680]  和哥倫多教會身上發生
[00:31:58.680 --> 00:32:02.920]  因為我們看到第二節我講
[00:32:02.920 --> 00:32:09.000]  以及所有在各處求告主耶穌基督之名的人
[00:32:09.000 --> 00:32:12.520]  你現在過去求告我主耶穌基督的名下
[00:32:12.520 --> 00:32:13.800]  這件事很有趣
[00:32:13.800 --> 00:32:16.120]  不是保羅或者單單是保羅
[00:32:16.120 --> 00:32:19.480]  是全部人信主的人
[00:32:19.480 --> 00:32:22.360]  都是蒙召歸於基督的名下
[00:32:22.360 --> 00:32:27.000]  所有蒙召人都是歸於基督的名下
[00:32:27.000 --> 00:32:28.720]  就如剛才所講
[00:32:28.720 --> 00:32:31.760]  這個蒙召不是上帝作為主導
[00:32:31.760 --> 00:32:34.160]  蒙召是上帝作為主導
[00:32:34.160 --> 00:32:35.960]  我們再看一遍
[00:32:35.960 --> 00:32:41.520]  這裡講到他們是需要一個承聖的
[00:32:41.520 --> 00:32:42.800]  他們需要一個承聖
[00:32:42.800 --> 00:32:46.240]  就是第二節那裡
[00:32:46.240 --> 00:32:47.800]  承聖的意思就是說
[00:32:47.800 --> 00:32:50.080]  因為被上帝所呼召
[00:32:50.080 --> 00:32:51.920]  承聖就是被上帝所呼召
[00:32:51.920 --> 00:32:54.760]  信徒的生命再不是屬於自己了
[00:32:54.760 --> 00:32:56.520]  所有的生命不再屬於自己
[00:32:56.520 --> 00:32:57.920]  就是用剛才那個例子
[00:32:57.920 --> 00:32:59.040]  就是軍隊
[00:32:59.040 --> 00:33:01.960]  你進了軍隊你就有一些規矩
[00:33:01.960 --> 00:33:06.320]  有些軍裡面有些規矩是需要跟隨的
[00:33:06.320 --> 00:33:12.400]  你不可以再有自己單獨的一把自圍的了
[00:33:12.400 --> 00:33:16.360]  所以現在軍隊已經有很多規定了
[00:33:16.360 --> 00:33:18.640]  你就必須遵守這些規定
[00:33:18.640 --> 00:33:20.080]  是單單屬於上帝
[00:33:20.080 --> 00:33:22.600]  是單單屬於上帝
[00:33:22.600 --> 00:33:26.680]  你受任何人世俗事所規管
[00:33:26.680 --> 00:33:29.640]  我所問候人問候世俗事所規管
[00:33:29.640 --> 00:33:31.800]  其實這個就是一直在聖經裡面提到的
[00:33:31.800 --> 00:33:33.880]  所謂的分別為聖的概念
[00:33:33.880 --> 00:33:36.320]  所以聖經就經常提到分別為聖的概念
[00:33:36.320 --> 00:33:38.240]  分別為聖就是屬於上帝
[00:33:38.240 --> 00:33:39.960]  分別為聖就是屬於上帝
[00:33:39.960 --> 00:33:43.680]  信徒是要遠離上帝所看為惡的事
[00:33:43.680 --> 00:33:49.160]  就是說信徒就要遠離上帝所看為惡的事
[00:33:49.160 --> 00:33:51.080]  對罪的事應該是要遠離
[00:33:51.080 --> 00:33:52.440]  不要扯上任何關係
[00:33:52.440 --> 00:33:53.880]  對罪的事就要遠離
[00:33:53.880 --> 00:33:55.400]  不要扯上關係
[00:33:55.400 --> 00:33:58.200]  這個也是保羅、哥倫多
[00:33:58.200 --> 00:34:02.320]  以致整個屬於基督的教會都應該是這樣
[00:34:02.320 --> 00:34:05.760]  保羅、哥倫多整個教會都是屬於這樣
[00:34:05.760 --> 00:34:08.800]  在這裡我們有一個小小的總結就是
[00:34:08.800 --> 00:34:11.200]  使徒可以成為信徒
[00:34:11.200 --> 00:34:13.480]  是完全因為上帝主動
[00:34:13.480 --> 00:34:16.000]  藉著耶穌基督所成就而成的
[00:34:16.000 --> 00:34:17.280]  信徒而成為
[00:34:17.280 --> 00:34:18.520]  之所以能夠成為信徒
[00:34:18.520 --> 00:34:19.720]  是因為上帝主動
[00:34:19.720 --> 00:34:21.440]  使基督而成就
[00:34:21.440 --> 00:34:25.280]  因為這個上帝呼召的前設
[00:34:25.280 --> 00:34:26.280]  才能夠實現
[00:34:26.280 --> 00:34:29.840]  我們才能夠實現
[00:34:29.840 --> 00:34:34.040]  只要使得呼召的前例才能夠實現
[00:34:34.040 --> 00:34:36.160]  我們今天信主不是因為
[00:34:36.160 --> 00:34:38.120]  我是生在一個基督教的家庭
[00:34:38.120 --> 00:34:39.240]  於是我就信了
[00:34:39.240 --> 00:34:45.000]  我今天信主不是因為生在一個基督教的家庭而信主
[00:34:45.000 --> 00:34:48.560]  或者是我在一個基督教教會裡面接受教育
[00:34:48.560 --> 00:34:50.760]  我就是因此潛移默化
[00:34:50.760 --> 00:34:51.960]  那我就信了
[00:34:51.960 --> 00:34:53.480]  而不是基督教教會
[00:34:53.480 --> 00:34:55.480]  是教育潛移默化而信
[00:34:55.480 --> 00:34:57.080]  或者主動一點
[00:34:57.080 --> 00:35:00.560]  我去教會裡面找男女朋友
[00:35:00.560 --> 00:35:04.720]  找朋友或者找生意
[00:35:04.720 --> 00:35:06.520]  那我就加入教會
[00:35:06.520 --> 00:35:07.520]  加入得久了
[00:35:07.520 --> 00:35:08.720]  就受洗了
[00:35:08.720 --> 00:35:11.600]  那就信了
[00:35:11.600 --> 00:35:13.680]  或者是在教會裡找朋友
[00:35:13.680 --> 00:35:14.760]  或者做生意
[00:35:14.760 --> 00:35:16.880]  時間長了還信主呢
[00:35:16.880 --> 00:35:19.720]  我們得以信主是因為我們回應上帝的呼喚
[00:35:19.720 --> 00:35:22.320]  因為我們信主是回應上帝的呼召
[00:35:22.320 --> 00:35:24.160]  是相信一位主
[00:35:24.160 --> 00:35:28.840]  而我們願意是回應這位主耶穌基督的教導和原則之下
[00:35:28.840 --> 00:35:31.280]  我們願意負責主耶穌的教導
[00:35:31.280 --> 00:35:33.600]  我們要搞清楚這種心態的取向
[00:35:33.600 --> 00:35:35.520]  我們要搞清楚這種心態的取向
[00:35:35.520 --> 00:35:38.240]  無論在外在的表現或者是內在的心態
[00:35:38.240 --> 00:35:43.280]  我們都要在主耶穌名下相稱
[00:35:43.280 --> 00:35:50.800]  無論如何我們都要和主耶穌這個呼召的名聲相稱
[00:35:50.800 --> 00:35:54.920]  講到這裏我們讀者《哥倫多前書》告訴我們
[00:35:54.920 --> 00:35:57.120]  不禁要問一件事
[00:35:57.120 --> 00:36:00.520]  得到這裏我們不禁要問一件事
[00:36:00.520 --> 00:36:01.720]  剛才我問過大家
[00:36:01.720 --> 00:36:04.080]  大家都之前有看過《哥倫多前書》的
[00:36:04.080 --> 00:36:05.400]  我剛才問過大家
[00:36:05.400 --> 00:36:07.240]  大家應該都看過《哥倫多前書》
[00:36:07.240 --> 00:36:08.160]  那我就想看看
[00:36:08.160 --> 00:36:10.360]  究竟哥倫多教會裏面
[00:36:10.360 --> 00:36:14.240]  他們這些已經有聖徒身份的人
[00:36:14.240 --> 00:36:16.880]  那哥倫多教會有聖徒身份的人
[00:36:16.880 --> 00:36:25.080]  他們所做的事情和這個聖徒身份合不合?
[00:36:25.080 --> 00:36:29.640]  他們所做的事情與聖徒身份相稱呢?
[00:36:29.640 --> 00:36:31.080]  相不相稱?大家有沒有想過?
[00:36:31.080 --> 00:36:33.120]  相稱大家有沒有想過?
[00:36:33.120 --> 00:36:34.800]  不用講太遠
[00:36:34.800 --> 00:36:38.400]  我們看第一章第十節
[00:36:38.400 --> 00:36:40.160]  我們看第一章第十節
[00:36:40.160 --> 00:36:41.120]  弟兄們
[00:36:41.120 --> 00:36:44.400]  我直我們主耶穌基督的名勸你們
[00:36:44.400 --> 00:36:48.840]  都說一樣的話你們中間不可分黨
[00:36:48.840 --> 00:36:52.800]  弟兄們我直我們主耶穌基督的名勸你們
[00:36:52.800 --> 00:36:55.800]  都說一樣的話你們中間也不可分黨
[00:36:55.800 --> 00:36:59.320]  剛才不是說這個是蒙召嗎?做聖徒
[00:36:59.320 --> 00:37:01.080]  不是說蒙召做聖徒嗎?
[00:37:01.080 --> 00:37:02.240]  歸於名下嗎?
[00:37:02.240 --> 00:37:03.240]  歸於名下嗎?
[00:37:03.240 --> 00:37:06.040]  保羅、哥倫多以至全部基督徒
[00:37:06.040 --> 00:37:10.280]  全部聖徒都應該是一個信仰一個名下
[00:37:10.280 --> 00:37:11.560]  屬於基督的
[00:37:11.560 --> 00:37:16.480]  所有聖徒應該是一個名下屬於基督的
[00:37:16.480 --> 00:37:19.560]  這裡講到分黨大家不要想
[00:37:19.560 --> 00:37:23.240]  你說阿Joe你是否認多元化
[00:37:23.240 --> 00:37:24.840]  教會裏面的人多元化
[00:37:24.840 --> 00:37:27.480]  你知道教會應該有很多不同的想法
[00:37:27.480 --> 00:37:30.640]  人都可以兼容得到 是不是?
[00:37:30.640 --> 00:37:33.280]  你知道現在教會有很多想法
[00:37:33.280 --> 00:37:34.840]  各方面都能夠兼容得到
[00:37:34.840 --> 00:37:37.440]  我不是在講要畫一主義
[00:37:37.440 --> 00:37:38.240]  是不是要畫一主義?
[00:37:38.240 --> 00:37:40.240]  不是 教會裏面有很多不同的人
[00:37:40.240 --> 00:37:41.920]  我們包容得到 不同社會階層的人
[00:37:41.920 --> 00:37:42.800]  我們包容得到
[00:37:42.800 --> 00:37:44.240]  因為教會有很多不同的人
[00:37:44.240 --> 00:37:45.600]  我們能夠包容得到
[00:37:45.600 --> 00:37:48.240]  但是我要看回哥倫多後書第十
[00:37:48.240 --> 00:37:49.400]  這一章到後面
[00:37:49.400 --> 00:37:51.320]  後面他們是要分黨分化
[00:37:51.320 --> 00:37:53.120]  我是屬保羅 我是屬阿波羅
[00:37:53.120 --> 00:37:54.920]  那些這樣的說法
[00:37:54.920 --> 00:37:57.960]  後面有說我是保羅 我是屬亞波羅
[00:37:57.960 --> 00:38:02.040]  那班在那裏第十一、十二節
[00:38:02.040 --> 00:38:04.000]  那裏講有些說我是屬保羅
[00:38:04.000 --> 00:38:05.760]  我是屬阿波羅 我是屬基法
[00:38:05.760 --> 00:38:08.000]  即是從彼得我是屬基督的
[00:38:08.000 --> 00:38:11.000]  我說後面十二節講
[00:38:11.000 --> 00:38:12.920]  我是屬保羅 我是屬亞波羅
[00:38:12.920 --> 00:38:15.840]  我是屬基法 我是屬基督的
[00:38:15.840 --> 00:38:19.840]  一班應該是對自己的身份認識
[00:38:19.840 --> 00:38:22.320]  認識自己是屬基督的一班人
[00:38:22.320 --> 00:38:26.720]  分黨分派
[00:38:26.720 --> 00:38:29.480]  他們覺得自己屬於某一個
[00:38:29.480 --> 00:38:32.760]  他們覺得是比較優越的一個群眾
[00:38:32.760 --> 00:38:39.680]  所以保羅這個稱呼你看看多重要
[00:38:39.680 --> 00:38:45.560]  他是蒙召 也是所有教會一起蒙召
[00:38:45.560 --> 00:38:49.960]  然後再引來解釋分黨那裏就變得合理一些
[00:38:49.960 --> 00:38:57.920]  不單止這樣 譬如他們對於智慧的態度
[00:38:57.920 --> 00:39:03.680]  譬如一章後面或者二章頭兩節講到
[00:39:03.680 --> 00:39:08.960]  他們怎樣去看世界的智慧和上帝的智慧的事情
[00:39:08.960 --> 00:39:13.160]  就是依照後半部和二章前半部
[00:39:13.160 --> 00:39:16.880]  都會講看上帝或者看世俗的智慧
[00:39:16.880 --> 00:39:19.120]  或者第三章裏面講他們
[00:39:19.120 --> 00:39:21.760]  即是回來這裏第三章那裏講到
[00:39:21.760 --> 00:39:23.040]  福音的來源的問題
[00:39:23.040 --> 00:39:25.120]  第三章講到福音的來源問題
[00:39:25.120 --> 00:39:27.920]  有些人說我是因為聽哪個傳福音
[00:39:27.920 --> 00:39:29.520]  於是我是屬於某某人的
[00:39:29.520 --> 00:39:35.440]  這個不就是和這個介紹
[00:39:35.440 --> 00:39:38.960]  就是這個開頭這個問案是有矛盾的地方
[00:39:38.960 --> 00:39:43.600]  無論哪個傳福音給你說
[00:39:43.600 --> 00:39:46.520]  最終你是信那個 應該信基督的
[00:39:46.520 --> 00:39:54.000]  不是我聽了什麼報道大會我是信什麼
[00:39:54.000 --> 00:39:57.560]  而是我是聽那個什麼什麼說那個耶穌
[00:39:57.560 --> 00:39:58.760]  我是信了耶穌的
[00:39:58.760 --> 00:40:02.400]  不是因為我聽某某傳道而相信某某
[00:40:02.400 --> 00:40:05.880]  而是因為我聽某某傳道而相信那個耶穌
[00:40:05.880 --> 00:40:08.320]  多倫多教會就是停留在人的層面
[00:40:08.320 --> 00:40:10.680]  多倫多教會停留在人的層面
[00:40:10.680 --> 00:40:15.040]  這個也都和保羅這裏所講的是違背
[00:40:15.040 --> 00:40:16.840]  和保羅這裏所講的是違背
[00:40:16.840 --> 00:40:18.600]  多介紹一下他自己
[00:40:18.600 --> 00:40:21.880]  譬如第五章講到一些倫理道德的問題
[00:40:21.880 --> 00:40:24.120]  譬如第五章講到一些倫理道德的問題
[00:40:24.120 --> 00:40:25.560]  我見大家有血液都可以看到
[00:40:25.560 --> 00:40:28.000]  他們倫理道德去到一個地步
[00:40:28.000 --> 00:40:33.720]  就是有人去收自己的繼母做老婆
[00:40:33.720 --> 00:40:36.360]  譬如說自己敬我做老婆
[00:40:36.360 --> 00:40:38.920]  不是我作的 是這裏第五章有講的
[00:40:38.920 --> 00:40:40.400]  第五章這個時候也講的
[00:40:40.400 --> 00:40:43.880]  這個姓陶嗎 這些行內的姓陶嗎
[00:40:43.880 --> 00:40:45.240]  難道是姓陶嗎
[00:40:45.240 --> 00:40:46.840]  六章的時候也都提到
[00:40:46.840 --> 00:40:50.600]  他們教會裏面的弟兄之間對簿公堂
[00:40:50.600 --> 00:40:54.800]  教會裏面的弟兄之間對簿公堂
[00:40:54.800 --> 00:40:58.160]  教會沒有能力或者是沒有方法
[00:40:58.160 --> 00:41:01.240]  去公平公正去處理這些事情
[00:41:01.240 --> 00:41:06.240]  教會沒有能力去公正處理這些事情
[00:41:06.240 --> 00:41:09.120]  於是搞到教會之間的信徒
[00:41:09.120 --> 00:41:12.040]  要搞到向一些不信的人去告狀
[00:41:12.040 --> 00:41:17.560]  教會之間的信徒要找不信教的人去告狀
[00:41:17.560 --> 00:41:20.160]  這個是一個姓陶的表現嗎
[00:41:20.160 --> 00:41:21.480]  這是一個姓陶的表現嗎
[00:41:21.480 --> 00:41:24.640]  我們用後如果將來有機會
[00:41:24.640 --> 00:41:26.720]  不知道有沒有機會
[00:41:26.720 --> 00:41:28.720]  一度去看哥倫多前書
[00:41:28.720 --> 00:41:30.040]  或者你回去看一看
[00:41:30.040 --> 00:41:31.640]  是一個值得思想的事
[00:41:31.640 --> 00:41:34.280]  就是說我們以後看哥倫多前書的時候
[00:41:34.280 --> 00:41:35.880]  一起很多值得思想的事
[00:41:35.880 --> 00:41:38.960]  然後我們這次錄到第四節至第九節
[00:41:38.960 --> 00:41:40.960]  然後我們看了第四到第九節
[00:41:40.960 --> 00:41:43.000]  是屬於這段
[00:41:43.000 --> 00:41:48.240]  一段保羅為著哥倫多教會所感恩的經文
[00:41:48.240 --> 00:41:51.360]  保羅為著哥倫多教會所感恩的經文
[00:41:51.360 --> 00:41:54.960]  也可以說是一個感恩的圖文
[00:41:54.960 --> 00:41:56.560]  也是感恩的導文
[00:41:56.560 --> 00:41:57.920]  也可以從一個角度看
[00:41:57.920 --> 00:41:59.000]  從它的內容來看
[00:41:59.000 --> 00:42:02.320]  也是整個哥倫多前書的一個引言
[00:42:02.320 --> 00:42:04.720]  這哥倫多前書的一個引言
[00:42:04.720 --> 00:42:05.760]  首先在第三節那裏
[00:42:05.760 --> 00:42:08.680]  保羅是祝願這個多倫多教會
[00:42:08.680 --> 00:42:12.040]  在父神和基督的耶穌的救恩裏面
[00:42:12.040 --> 00:42:14.000]  不著恩惠和彌安
[00:42:14.000 --> 00:42:15.720]  保羅為著哥倫多教會
[00:42:15.720 --> 00:42:18.360]  在父神和耶穌基督的救恩裏面
[00:42:18.360 --> 00:42:20.280]  得到恩惠和平安
[00:42:20.280 --> 00:42:23.080]  因為那些恩惠和平安是由上帝而來的
[00:42:23.080 --> 00:42:25.600]  其實是講到得著拯救
[00:42:25.600 --> 00:42:27.880]  免受審判那方面的平安
[00:42:27.880 --> 00:42:31.920]  得到救恩免受審判的平安
[00:42:31.920 --> 00:42:32.680]  第四節我們看到
[00:42:32.680 --> 00:42:34.960]  保羅也是為著哥倫多教會
[00:42:34.960 --> 00:42:39.480]  是從基督而來的恩惠來感謝上帝
[00:42:39.480 --> 00:42:44.280]  保羅也為耶穌基督的恩惠而感謝上帝
[00:42:44.280 --> 00:42:46.800]  因為這些的恩惠
[00:42:46.800 --> 00:42:50.160]  或者我們所謂的grace
[00:42:50.160 --> 00:42:51.480]  包括什麼呢
[00:42:51.480 --> 00:42:53.880]  就是包括他們有口才
[00:42:53.880 --> 00:42:55.120]  包括有口才
[00:42:55.120 --> 00:42:57.080]  也都是有知識
[00:42:57.080 --> 00:42:58.040]  有知識
[00:42:58.040 --> 00:43:02.000]  就是又會想又會討得
[00:43:02.000 --> 00:43:05.320]  就是說既能想也能講
[00:43:05.320 --> 00:43:06.360]  我們詳細看看
[00:43:06.360 --> 00:43:08.880]  所謂這個口才其實是什麼呢
[00:43:08.880 --> 00:43:10.360]  口才是什麼呢
[00:43:10.360 --> 00:43:14.040]  除了是表達到所謂的語言能力之外
[00:43:14.040 --> 00:43:15.600]  除了是表達到所謂的語言能力之外
[00:43:15.600 --> 00:43:18.800]  也都是包括人的思考
[00:43:18.800 --> 00:43:20.120]  也包括人的思考
[00:43:20.120 --> 00:43:23.080]  你不思考你講話是沒有文腦的
[00:43:23.080 --> 00:43:26.200]  不思考講話沒有文力
[00:43:26.200 --> 00:43:28.080]  聽那個都聽到不耐煩
[00:43:28.080 --> 00:43:29.240]  聽也不耐煩
[00:43:29.240 --> 00:43:32.000]  那你也都是包括你有那個說話
[00:43:32.000 --> 00:43:34.000]  也都是包括你有那個技術能力
[00:43:34.000 --> 00:43:35.560]  包括你有技術能力
[00:43:35.560 --> 00:43:37.840]  因為你記不到故事或者記不到情
[00:43:37.840 --> 00:43:38.680]  你怎麼講
[00:43:38.680 --> 00:43:41.400]  你經常說那個時候這個那個
[00:43:41.400 --> 00:43:42.160]  不行的
[00:43:42.160 --> 00:43:43.920]  你要講某年那樣
[00:43:43.920 --> 00:43:45.000]  三年前或者什麼
[00:43:45.000 --> 00:43:46.200]  你講得很清楚
[00:43:46.200 --> 00:43:49.920]  講話一定要有條不紊
[00:43:49.920 --> 00:43:52.560]  或者你是要有一個理解的能力
[00:43:52.560 --> 00:43:53.920]  要有這個理解的能力
[00:43:53.920 --> 00:43:57.320]  你要把那些東西是很有條理地講出來
[00:43:57.320 --> 00:43:59.080]  要像問題上很條理地講
[00:43:59.080 --> 00:44:00.360]  你沒有條理地講人
[00:44:00.360 --> 00:44:01.880]  就是好像我這些人這樣講
[00:44:01.880 --> 00:44:04.800]  這裡這裡那些聽得來就覺得很煩
[00:44:04.800 --> 00:44:07.360]  如果沒有條理你聽了就很煩
[00:44:07.360 --> 00:44:09.440]  就是你都不知道怎麼去跟的
[00:44:09.440 --> 00:44:11.240]  你也不知道怎麼去跟誰
[00:44:11.240 --> 00:44:13.040]  你都是有一個對答的能力
[00:44:13.040 --> 00:44:14.160]  也有一個對答的能力
[00:44:14.160 --> 00:44:15.600]  因為我們剛才看了保羅
[00:44:15.600 --> 00:44:17.400]  他是進到議會堂裡面
[00:44:17.400 --> 00:44:19.480]  是跟別人去辯論的
[00:44:19.480 --> 00:44:21.520]  因為保羅要到會堂裡面去辯論
[00:44:21.520 --> 00:44:23.600]  辯論是有問有答
[00:44:23.600 --> 00:44:25.280]  辯論是有問有答
[00:44:25.280 --> 00:44:26.640]  問到你口啞啞
[00:44:26.640 --> 00:44:28.040]  那這些就不是對答了
[00:44:28.040 --> 00:44:31.440]  如果說問題你答不上來口吃的話
[00:44:31.440 --> 00:44:32.800]  就不叫能答
[00:44:32.800 --> 00:44:34.520]  這個也都是所謂那個
[00:44:34.520 --> 00:44:37.680]  包括屬於口才那方面的能力
[00:44:37.680 --> 00:44:39.600]  這是口才方面的能力
[00:44:39.600 --> 00:44:44.280]  哥倫多教會跟其他地上的教會一樣
[00:44:44.280 --> 00:44:48.920]  都是因為領受的召命
[00:44:48.920 --> 00:44:51.200]  因為哥倫多教會和其他教會一樣
[00:44:51.200 --> 00:44:53.160]  所領受的召命
[00:44:53.160 --> 00:44:54.920]  歸於基督的名下
[00:44:54.920 --> 00:44:56.160]  歸於基督的名下
[00:44:56.160 --> 00:45:02.120]  並且蒙召向其他世人來見證基督的信息
[00:45:02.120 --> 00:45:07.000]  要無道而向其他人見證基督的角色
[00:45:07.000 --> 00:45:10.080]  哥倫多教會所處的地理優勢
[00:45:10.080 --> 00:45:13.560]  是它能夠接觸到不同地方的人和文化
[00:45:13.560 --> 00:45:17.360]  因為哥倫多教會所處的地理位置
[00:45:17.360 --> 00:45:20.320]  可以接觸到不同的人和文化
[00:45:20.320 --> 00:45:23.760]  在這個混合了不同背景的人的地方裡面
[00:45:23.760 --> 00:45:25.600]  見證口才
[00:45:25.600 --> 00:45:28.880]  我剛才提及的那種口才是很重要的
[00:45:28.880 --> 00:45:31.400]  所以這個口才非常重要
[00:45:31.400 --> 00:45:34.440]  但是我們都要留意的一件事就是
[00:45:34.440 --> 00:45:41.520]  在哥倫多前書往後的經文裡面
[00:45:41.520 --> 00:45:43.720]  在哥倫多往後的經文裡面
[00:45:43.720 --> 00:45:45.840]  也都提及到其實講到這個見證
[00:45:45.840 --> 00:45:48.920]  不是只能講就行了
[00:45:48.920 --> 00:45:52.280]  不是只能講就行了
[00:45:52.280 --> 00:45:53.600]  保羅不二其煩是說
[00:45:53.600 --> 00:45:56.080]  他所傳的唯獨是基督
[00:45:56.080 --> 00:45:58.800]  因為他所講的唯獨全是基督
[00:45:58.800 --> 00:46:01.600]  所講的不是其他什麼智慧
[00:46:01.600 --> 00:46:03.280]  所講的不是其他智慧
[00:46:03.280 --> 00:46:08.320]  保羅稱他所傳的是透過靈
[00:46:08.320 --> 00:46:10.800]  講一些關於基督十誡的信息
[00:46:10.800 --> 00:46:14.680]  就是說他透過靈來傳達基督十誡的信息
[00:46:14.680 --> 00:46:17.000]  在第二章或者第四章
[00:46:17.000 --> 00:46:19.320]  你都講過這些十字架的信息
[00:46:19.320 --> 00:46:22.400]  是在世人看來是一些很愚昧
[00:46:22.400 --> 00:46:25.880]  很不見得人的一些信息
[00:46:25.880 --> 00:46:29.000]  那一章講十字架的信息
[00:46:29.000 --> 00:46:32.840]  在別人看來是很見本人的信息
[00:46:32.840 --> 00:46:35.640]  今天的世界都是這樣
[00:46:35.640 --> 00:46:36.840]  我們要厲害的人
[00:46:36.840 --> 00:46:37.640]  我們要什麼什麼的人
[00:46:37.640 --> 00:46:39.400]  當然要有學識有才幹
[00:46:39.400 --> 00:46:40.520]  做一些偉大的事
[00:46:40.520 --> 00:46:43.240]  做了一件事才叫做厲害的
[00:46:43.240 --> 00:46:49.480]  有見識有學生做偉大事才稱之為能力很強
[00:46:49.480 --> 00:46:52.080]  但是基督在十字架的信息
[00:46:52.080 --> 00:46:56.280]  是在講一個神的兒子被釘死的信息
[00:46:56.280 --> 00:46:58.800]  而基督在十誡經之時
[00:46:58.800 --> 00:47:01.280]  是神的兒子被釘死的信息
[00:47:01.280 --> 00:47:03.400]  當然你說後來我們做基督徒
[00:47:03.400 --> 00:47:05.840]  我們有個前設就是說
[00:47:05.840 --> 00:47:09.000]  他復活之後會再來就是特性
[00:47:09.000 --> 00:47:12.600]  我們做基督徒之後他會復活
[00:47:12.600 --> 00:47:15.480]  他復活以後會再來得勝
[00:47:15.480 --> 00:47:18.080]  但是當時的人未必有這樣的概念
[00:47:18.080 --> 00:47:19.960]  當時人未必有這樣的概念
[00:47:19.960 --> 00:47:22.440]  一個神是死的神
[00:47:22.440 --> 00:47:24.120]  一個神是死的神
[00:47:24.120 --> 00:47:25.520]  釘在十字架
[00:47:25.520 --> 00:47:26.280]  釘在十字架
[00:47:26.280 --> 00:47:29.040]  一種很羞辱的一種刑罰
[00:47:29.040 --> 00:47:31.320]  一種很羞辱的刑罰
[00:47:31.320 --> 00:47:32.360]  這是什麼樣的神
[00:47:32.360 --> 00:47:34.000]  這是什麼樣的神
[00:47:34.000 --> 00:47:37.000]  是當時的人很難接受的一個看法
[00:47:37.000 --> 00:47:39.240]  當時的人很難接受的一個看法
[00:47:39.240 --> 00:47:43.120]  也是對當時人那種的
[00:47:43.120 --> 00:47:46.720]  對知識或者能言善辯的
[00:47:46.720 --> 00:47:50.320]  那些很高智慧的教訓是一個很大的對比
[00:47:50.320 --> 00:47:54.040]  在能言善辯是一個很大的對比
[00:47:54.040 --> 00:47:56.320]  所以這裡保羅也是再次強調
[00:47:56.320 --> 00:47:59.840]  就算你有很多的
[00:47:59.840 --> 00:48:02.160]  如果整本書來看
[00:48:02.160 --> 00:48:03.920]  保羅的講法就是
[00:48:03.920 --> 00:48:06.000]  除了你有那種口才之外
[00:48:06.000 --> 00:48:09.760]  其實你這個口才究竟是否在傳講
[00:48:09.760 --> 00:48:11.080]  你用你的口才來自我
[00:48:11.080 --> 00:48:13.440]  是在傳講這個十字架的信息呢
[00:48:13.440 --> 00:48:16.400]  你信口的去講講私自教的信息呢
[00:48:16.400 --> 00:48:17.840]  還是希臘的背景
[00:48:17.840 --> 00:48:19.360]  你就是講一些哲學
[00:48:19.360 --> 00:48:21.000]  一些很吸引
[00:48:21.000 --> 00:48:22.680]  讓人覺得你很高高在上
[00:48:22.680 --> 00:48:24.280]  很厲害
[00:48:24.280 --> 00:48:26.160]  來去相信你呢
[00:48:26.160 --> 00:48:28.160]  還是在希臘講那種哲學
[00:48:28.160 --> 00:48:30.880]  讓人感覺你很了不起
[00:48:30.880 --> 00:48:31.920]  高高在上
[00:48:31.920 --> 00:48:34.080]  一些抬舉人的信息
[00:48:34.080 --> 00:48:35.280]  那些抬舉人的信息
[00:48:35.280 --> 00:48:37.480]  就是引致後面分黨的原因
[00:48:37.480 --> 00:48:39.680]  就是一個引起後面分黨的原因
[00:48:39.680 --> 00:48:41.200]  哪個哪個講過
[00:48:41.200 --> 00:48:43.440]  講過的人未必有這樣的動機
[00:48:43.440 --> 00:48:44.920]  講了未必有這樣的動機
[00:48:44.920 --> 00:48:47.720]  阿波羅 保羅 彼得未必有這樣的動機
[00:48:47.720 --> 00:48:50.880]  這個保羅 阿波羅 彼得未必有這樣的動機
[00:48:50.880 --> 00:48:54.520]  但是聽了覺得這個人講的東西很野蠻
[00:48:54.520 --> 00:48:56.880]  然後這個聽了覺得這個人講的不錯
[00:48:56.880 --> 00:48:58.040]  我聽阿波羅講
[00:48:58.040 --> 00:48:59.680]  我先聽阿波羅講
[00:48:59.680 --> 00:49:01.440]  保羅這些
[00:49:01.440 --> 00:49:02.960]  保羅一邊去
[00:49:02.960 --> 00:49:04.600]  彼得 什麼人來的
[00:49:04.600 --> 00:49:06.320]  彼得什麼呢 一邊去
[00:49:06.320 --> 00:49:08.400]  基督
[00:49:08.400 --> 00:49:09.040]  聽一下
[00:49:09.040 --> 00:49:10.720]  基督 停一下
[00:49:10.720 --> 00:49:13.360]  我聽說自己屬基督的
[00:49:13.360 --> 00:49:15.120]  那些人說自己屬基督的
[00:49:15.120 --> 00:49:17.880]  厲害了 說自己屬基督
[00:49:17.880 --> 00:49:19.600]  了不起了 說自己屬基督
[00:49:19.600 --> 00:49:21.120]  說自己屬基督
[00:49:21.120 --> 00:49:25.480]  其他都 你要看崇尚人
[00:49:25.480 --> 00:49:26.640]  停在人的層面
[00:49:26.640 --> 00:49:28.480]  卻是換來驕傲和奮鬥
[00:49:28.480 --> 00:49:30.760]  如果停留在人的層面
[00:49:30.760 --> 00:49:34.360]  就會換來驕傲和奮鬥
[00:49:34.360 --> 00:49:36.680]  另一方面是講到知識那方面
[00:49:36.680 --> 00:49:38.080]  因為講知識的方面
[00:49:38.080 --> 00:49:39.720]  保羅為著哥倫多教會
[00:49:39.720 --> 00:49:41.720]  他在知識的層面是感謝
[00:49:41.720 --> 00:49:43.920]  他會支持他們而領感謝
[00:49:43.920 --> 00:49:45.520]  但是這裡所講的知識
[00:49:45.520 --> 00:49:47.800]  不單單只是一些學問上
[00:49:47.800 --> 00:49:49.560]  或者學術上的知識
[00:49:49.560 --> 00:49:52.040]  不光是學問上和學術上的知識
[00:49:52.040 --> 00:49:52.960]  也都是包括一些
[00:49:52.960 --> 00:49:54.760]  在倫理道德上的教導
[00:49:54.760 --> 00:49:56.560]  包括一個倫理道德上的教導
[00:49:56.560 --> 00:49:59.160]  怎樣去處理人際關係的事情
[00:49:59.160 --> 00:50:01.080]  怎樣去處理人際關係的事情
[00:50:01.080 --> 00:50:03.720]  讓我們回到後一點的經文
[00:50:03.720 --> 00:50:05.800]  我們回到第八章
[00:50:05.800 --> 00:50:09.000]  我們打開第八章經文
[00:50:09.000 --> 00:50:11.440]  第八章第十一節
[00:50:11.440 --> 00:50:13.840]  第八章第一節
[00:50:13.840 --> 00:50:17.160]  或者請惠東幫我們讀一讀
[00:50:17.160 --> 00:50:19.640]  因此基督為他死
[00:50:19.640 --> 00:50:21.360]  那遠羅弟兄
[00:50:21.360 --> 00:50:25.000]  也就因你的知識成能了
[00:50:25.000 --> 00:50:26.800]  讀完第十一節
[00:50:26.800 --> 00:50:28.640]  你們這樣得罪弟兄們
[00:50:28.640 --> 00:50:30.680]  殺了他們遠羅的兩兄弟
[00:50:30.680 --> 00:50:32.240]  就是得罪基督
[00:50:32.240 --> 00:50:34.280]  這段經文的背景是什麼呢
[00:50:34.280 --> 00:50:36.200]  就是講到保羅提及到
[00:50:36.200 --> 00:50:38.320]  關於討論到吃偶像
[00:50:38.320 --> 00:50:39.920]  製造偶像的食物的事情
[00:50:39.920 --> 00:50:43.120]  就是吃偶像救的事情
[00:50:43.120 --> 00:50:44.440]  有些人就說
[00:50:44.440 --> 00:50:48.240]  那些遠羅弟兄的想法就是
[00:50:48.240 --> 00:50:53.920]  那些今天拜過神的基督徒
[00:50:53.920 --> 00:50:55.320]  不要吃這些東西
[00:50:55.320 --> 00:50:57.120]  基督徒就說
[00:50:57.120 --> 00:50:58.480]  拜過神的食物
[00:50:58.480 --> 00:50:59.880]  我們基督徒不要再吃
[00:50:59.880 --> 00:51:01.680]  遠羅弟兄就是這樣說
[00:51:01.680 --> 00:51:04.160]  至於那些覺得自己有智慧的人
[00:51:04.160 --> 00:51:05.120]  就怎樣看呢
[00:51:05.120 --> 00:51:07.000]  有智慧的人怎麼看呢
[00:51:07.000 --> 00:51:08.600]  那些偶像是假的
[00:51:08.600 --> 00:51:09.920]  偶像是假的
[00:51:09.920 --> 00:51:11.520]  拜過的又怎樣
[00:51:11.520 --> 00:51:12.440]  拜過又怎樣
[00:51:12.440 --> 00:51:13.560]  我感謝過
[00:51:13.560 --> 00:51:14.360]  我感謝過
[00:51:14.360 --> 00:51:15.520]  我就可以去領受
[00:51:15.520 --> 00:51:16.640]  我就回去領受
[00:51:16.640 --> 00:51:19.360]  這裏就是講到這些人有智慧
[00:51:19.360 --> 00:51:20.920]  有智慧的人就這樣講
[00:51:20.920 --> 00:51:22.960]  而這些有智慧的人不單如此
[00:51:22.960 --> 00:51:26.720]  他們更加在經文裏看
[00:51:26.720 --> 00:51:29.000]  他們認為這一班軟弱的
[00:51:29.000 --> 00:51:31.680]  就是沒有膽量去吃祭物的人
[00:51:31.680 --> 00:51:32.960]  是差一點點的
[00:51:32.960 --> 00:51:36.400]  遠羅沒有膽量去吃祭物的人
[00:51:36.400 --> 00:51:37.400]  就是差一點
[00:51:37.400 --> 00:51:39.200]  有這樣的明白的時候
[00:51:39.200 --> 00:51:41.080]  我們看回這裏講到的智慧
[00:51:41.080 --> 00:51:43.680]  不是單說懂什麼東西那麼簡單
[00:51:43.680 --> 00:51:47.440]  有知識不是單認識什麼東西那麼簡單
[00:51:47.440 --> 00:51:48.800]  而是你認識完之後
[00:51:48.800 --> 00:51:50.480]  對那些不認識的人
[00:51:50.480 --> 00:51:52.400]  你有沒有那個知識智慧
[00:51:52.400 --> 00:51:54.480]  去怎樣培育他呢
[00:51:54.480 --> 00:51:56.480]  就是你認識以後對人家
[00:51:56.480 --> 00:51:59.000]  不論有沒有智慧怎麼去培養他呢
[00:51:59.000 --> 00:52:00.000]  大家都是蒙召
[00:52:00.000 --> 00:52:01.360]  大家都歸於基督的
[00:52:01.360 --> 00:52:02.240]  大家都蒙召
[00:52:02.240 --> 00:52:03.200]  大家都歸於基督
[00:52:03.200 --> 00:52:04.760]  好像一個家庭對一家人的時候
[00:52:04.760 --> 00:52:06.080]  好像一家對一家人的時候
[00:52:06.080 --> 00:52:07.480]  我們是不是應該互相照顧呢
[00:52:07.480 --> 00:52:08.720]  我們是不是應該互相照顧呢
[00:52:08.720 --> 00:52:10.840]  而不是說好像今天有些機構那樣
[00:52:10.840 --> 00:52:11.720]  我認識東西
[00:52:11.720 --> 00:52:12.880]  我比你厲害
[00:52:12.880 --> 00:52:14.640]  你做不到達到我標準
[00:52:14.640 --> 00:52:15.520]  我解僱你
[00:52:15.520 --> 00:52:19.320]  比如說我比你厲害
[00:52:19.320 --> 00:52:21.040]  你要做事達到標準
[00:52:21.040 --> 00:52:22.560]  我就解僱你
[00:52:22.560 --> 00:52:24.680]  這個也是看得到
[00:52:24.680 --> 00:52:27.480]  這個例子我講的說明就是
[00:52:27.480 --> 00:52:31.280]  那種的智慧知識和這個的區別
[00:52:31.280 --> 00:52:34.720]  這個智慧知識和知識的區別
[00:52:34.720 --> 00:52:38.080]  我們接著也是看
[00:52:38.080 --> 00:52:39.800]  第六節那裏也是說
[00:52:39.800 --> 00:52:44.080]  這個單單講到那個知識和言口才
[00:52:44.080 --> 00:52:45.760]  不單單是講這個東西
[00:52:45.760 --> 00:52:47.680]  而是說第六節是說
[00:52:47.680 --> 00:52:51.040]  也都期望保羅在這個祈禱裏面這樣講
[00:52:51.040 --> 00:52:53.360]  正如我為基督作的見證
[00:52:53.360 --> 00:52:55.320]  在你心裏得以堅固
[00:52:55.320 --> 00:52:57.880]  即是講到不單單口才和那個知識
[00:52:57.880 --> 00:53:01.600]  甚至是我向你所傳的這個基督的見證
[00:53:01.600 --> 00:53:04.520]  在你的心裏面得以堅固
[00:53:04.520 --> 00:53:06.120]  即是你真是信的
[00:53:06.120 --> 00:53:09.880]  我所傳的這個見證在你心裏都能堅固
[00:53:09.880 --> 00:53:11.440]  你能夠相信
[00:53:11.440 --> 00:53:13.280]  有口才有知識但沒有基督
[00:53:13.280 --> 00:53:15.800]  就會引致到往後我們看到的驕傲
[00:53:15.800 --> 00:53:17.680]  有口才有知識如果沒有基督
[00:53:17.680 --> 00:53:20.040]  就會引致後面的發生驕傲
[00:53:20.040 --> 00:53:24.760]  我們看這幾方面作為一個信徒要有留意的
[00:53:24.760 --> 00:53:27.120]  這幾個方面信徒都要留意的
[00:53:27.120 --> 00:53:30.160]  保羅繼續為他們祈求
[00:53:30.160 --> 00:53:39.400]  祈求這些口才、知識和基督裏面的相信
[00:53:39.400 --> 00:53:45.200]  在哥倫多教會裏面的人仍然是有足夠的
[00:53:45.200 --> 00:53:53.080]  希望他們這些恩賜能夠成就他們
[00:53:53.080 --> 00:53:55.720]  在全港基督那方面有益處
[00:53:55.720 --> 00:53:58.800]  希望這些恩賜能夠存在他們裏面
[00:53:58.800 --> 00:54:00.320]  這些都有益處
[00:54:00.320 --> 00:54:02.000]  不單單如此
[00:54:02.000 --> 00:54:05.480]  到主耶穌基督再回來的時候
[00:54:05.480 --> 00:54:07.440]  在主耶穌基督再回來的時候
[00:54:07.440 --> 00:54:10.000]  他們是無可指責的
[00:54:10.000 --> 00:54:12.920]  因為那裏亦都是說將來主耶穌基督的時候
[00:54:12.920 --> 00:54:15.920]  他一定都會堅固地留下來
[00:54:15.920 --> 00:54:17.920]  他一定會堅固你們到底
[00:54:17.920 --> 00:54:21.400]  這裏第八節的堅固和第六節的堅固是同一個字
[00:54:21.400 --> 00:54:25.400]  第八節的堅固和第六節的堅固是同一個字
[00:54:25.400 --> 00:54:28.000]  第六節講到信徒去信耶穌基督
[00:54:28.000 --> 00:54:30.320]  他對神的信是得以堅固
[00:54:30.320 --> 00:54:34.080]  信徒對耶穌基督的信
[00:54:34.080 --> 00:54:35.880]  這個信能夠堅固
[00:54:35.880 --> 00:54:39.120]  堅固到主再見主面的時候
[00:54:39.120 --> 00:54:41.840]  堅固到只要見主面的時候
[00:54:41.840 --> 00:54:43.800]  耶穌都會在這個
[00:54:43.800 --> 00:54:47.320]  大家都信了主將來都會面對審判的
[00:54:47.320 --> 00:54:50.200]  我們信了主將來都會面對審判
[00:54:50.200 --> 00:54:51.920]  在這個時候
[00:54:51.920 --> 00:54:55.440]  基督都會在這件事上堅固我們
[00:54:55.440 --> 00:54:57.480]  基督都會在這件事情上堅固我們
[00:54:57.480 --> 00:54:59.720]  叫我們在這個審判的日子是無可指責
[00:54:59.720 --> 00:55:02.320]  在審判的時候讓我們認證無可指責
[00:55:02.320 --> 00:55:04.320]  就是你尊重基督
[00:55:04.320 --> 00:55:09.040]  你去尊重推崇基督相信基督
[00:55:09.040 --> 00:55:11.640]  你推崇真正基督相信基督
[00:55:11.640 --> 00:55:14.440]  到將來基督當你面對審判的時候
[00:55:14.440 --> 00:55:17.800]  基督都會尊重你去確認你所信
[00:55:17.800 --> 00:55:21.440]  基督到時候也會確認你所信的
[00:55:21.440 --> 00:55:23.680]  所以看見信耶穌不是說一時三刻
[00:55:23.680 --> 00:55:27.960]  決志舉手或者手震那一刻就完結了
[00:55:27.960 --> 00:55:31.640]  信耶穌不是說一時三刻就完結了
[00:55:31.640 --> 00:55:34.320]  往後就是這裡講到那種誠信
[00:55:34.320 --> 00:55:37.440]  就在往後就會講到誠信
[00:55:37.440 --> 00:55:38.760]  靈敏一路的增長
[00:55:38.760 --> 00:55:40.640]  靈敏的不但增長
[00:55:40.640 --> 00:55:42.920]  應該今天我對耶穌
[00:55:42.920 --> 00:55:46.640]  信徒對耶穌的信信比昨天是更加堅固
[00:55:46.640 --> 00:55:49.160]  今天的信心應該比昨天更加堅固
[00:55:49.160 --> 00:55:51.480]  明天比今天應該更加堅固
[00:55:51.480 --> 00:55:56.840]  明天比今天更接近主面的時候
[00:55:56.840 --> 00:56:00.280]  我們因為對這個信的持守
[00:56:00.280 --> 00:56:02.120]  確信真實的信的持守
[00:56:02.120 --> 00:56:03.880]  基督的持守
[00:56:03.880 --> 00:56:06.400]  我們的基督信的持守
[00:56:06.400 --> 00:56:09.640]  耶穌也會在審判的時候確認我們
[00:56:09.640 --> 00:56:11.760]  在祂裡面的身份
[00:56:11.760 --> 00:56:16.000]  就是說耶穌基督也會確認我們在祂裡面的身份
[00:56:16.000 --> 00:56:17.240]  所以這個其實是
[00:56:17.240 --> 00:56:20.480]  剛才我們講我們蒙召的信徒
[00:56:20.480 --> 00:56:22.880]  保羅多倫多教會整個教會
[00:56:22.880 --> 00:56:26.240]  是好像一個團體
[00:56:26.240 --> 00:56:29.560]  就是說保羅與多倫多教會的
[00:56:29.560 --> 00:56:31.040]  相輩之間一個團體
[00:56:31.040 --> 00:56:33.240]  原來這個團體不單單是信徒
[00:56:33.240 --> 00:56:34.760]  這個團體不光是信徒
[00:56:34.760 --> 00:56:37.560]  就是因為大家的確信
[00:56:37.560 --> 00:56:38.920]  就是因為大家的確信
[00:56:38.920 --> 00:56:40.400]  於是去到第九章
[00:56:40.400 --> 00:56:43.640]  更加是完成了你和基督是一同得分
[00:56:43.640 --> 00:56:47.640]  就是在第九章你與基督一同得分
[00:56:47.640 --> 00:56:52.080]  原來這個所謂教會的這個蒙召
[00:56:52.080 --> 00:56:55.160]  或者是這樣的一個信仰
[00:56:55.160 --> 00:56:58.240]  不是說單單在人的層面裡面
[00:56:58.240 --> 00:57:04.400]  不 人和基督不光是在人的層面裡面
[00:57:04.400 --> 00:57:09.200]  原來基督也是在我們這樣的一同得分
[00:57:09.200 --> 00:57:10.760]  就是有一起在這個團體
[00:57:10.760 --> 00:57:12.760]  一同在這樣的一個關係裡面
[00:57:12.760 --> 00:57:15.840]  一同得分 一同在這個團體的關係裡面
[00:57:15.840 --> 00:57:17.000]  你想一下耶穌
[00:57:17.000 --> 00:57:18.240]  你想一下耶穌
[00:57:18.240 --> 00:57:22.720]  祂接受了神的父神的差遣
[00:57:22.720 --> 00:57:24.600]  祂接受了父神的差遣
[00:57:24.600 --> 00:57:27.480]  祂有沒有跟隨父神的誡命去做事呢
[00:57:27.480 --> 00:57:29.880]  祂有沒有跟隨父神的誡命去做事呢
[00:57:29.880 --> 00:57:31.600]  祂有沒有聽神的話呢
[00:57:31.600 --> 00:57:33.040]  祂有沒有聽神的話呢
[00:57:33.040 --> 00:57:34.080]  祂是在我們
[00:57:34.080 --> 00:57:35.760]  祂有而已是不是
[00:57:35.760 --> 00:57:36.200]  祂有
[00:57:36.200 --> 00:57:39.440]  祂沒有做一些為自己自私的事
[00:57:39.440 --> 00:57:42.400]  祂沒有作為自己的私事
[00:57:42.400 --> 00:57:44.160]  你找到的 你聰明
[00:57:44.160 --> 00:57:45.200]  你找到的 你覺得沒有
[00:57:45.200 --> 00:57:48.600]  我想不到 我看不到
[00:57:48.600 --> 00:57:53.400]  但是我們看回原來這個信服聖聖的過程裡面
[00:57:53.400 --> 00:57:58.080]  已經有基督在裡面作為一個榜樣
[00:57:58.080 --> 00:58:05.000]  作為我們可以去仰望的一個方向
[00:58:05.000 --> 00:58:07.040]  在這個過程中我們會看到
[00:58:07.040 --> 00:58:09.720]  主耶穌基督為我們做了榜樣
[00:58:09.720 --> 00:58:12.680]  會看到這個仰賴的方向
[00:58:12.680 --> 00:58:14.440]  而上帝是信實的
[00:58:14.440 --> 00:58:16.120]  而上帝是信實的
[00:58:16.120 --> 00:58:17.600]  我們是被祂所召
[00:58:17.600 --> 00:58:18.760]  我們是被祂所召
[00:58:18.760 --> 00:58:21.160]  當我們能夠堅守這個信仰的時候
[00:58:21.160 --> 00:58:22.760]  當我們能夠堅守這個信仰的時候
[00:58:22.760 --> 00:58:27.000]  我們的口才知識都是為著見證基督
[00:58:27.000 --> 00:58:34.840]  這個堅信基督的事來投入的時候
[00:58:34.840 --> 00:58:36.240]  最終去到審判的時候
[00:58:36.240 --> 00:58:37.440]  我們會無可指責
[00:58:37.440 --> 00:58:39.160]  這個是神所確定的事情
[00:58:39.160 --> 00:58:41.360]  就是到最後被審判的時候
[00:58:41.360 --> 00:58:43.760]  我們糊糊指責是神所確定的事情
[00:58:43.760 --> 00:58:46.200]  究竟我們今天在這個口才
[00:58:46.200 --> 00:58:49.840]  我們今天擁有很多不同的東西
[00:58:49.840 --> 00:58:53.240]  我們可能有不同的恩賜
[00:58:53.240 --> 00:58:54.480]  我們有不同的恩賜
[00:58:54.480 --> 00:58:57.880]  我們有些人在某些技術方面很厲害
[00:58:57.880 --> 00:59:00.320]  我們有些技術能力非常強
[00:59:00.320 --> 00:59:04.520]  但是我們會不會純粹拿來當作是一些自娛的
[00:59:04.520 --> 00:59:06.840]  自己娛樂自己的一些途徑呢
[00:59:06.840 --> 00:59:08.640]  是不是當作自娛的途徑呢
[00:59:08.640 --> 00:59:12.120]  還是我們真的在見證主上
[00:59:12.120 --> 00:59:15.080]  來思考我們這些的恩賜
[00:59:15.080 --> 00:59:19.400]  在見證主、在馴服主、在福音基督底下
[00:59:19.400 --> 00:59:20.760]  是做到些什麼呢
[00:59:20.760 --> 00:59:25.040]  江先生在福音基督底下我們到底能做什麼呢
[00:59:25.040 --> 00:59:30.840]  我想我比很多大家在座中是比較聰明一點的
[00:59:30.840 --> 00:59:34.280]  但是我是中學的時間信主的
[00:59:34.280 --> 00:59:36.560]  我學校真是受到慶祝的
[00:59:36.560 --> 00:59:41.040]  那些學生團體就很多故事的
[00:59:41.040 --> 00:59:47.600]  就是說學生團體就會有很多古靈精怪的事情
[00:59:47.600 --> 00:59:51.560]  很多古靈精怪的學生多一些年頭
[00:59:51.560 --> 00:59:57.480]  通常那些會彈琴的就回到教會彈琴
[00:59:57.480 --> 01:00:02.120]  通常那些會彈琴的同學到學校都會去彈琴
[01:00:02.120 --> 01:00:07.800]  如果男生彈的有時候不知道為什麼會明明沒有做
[01:00:07.800 --> 01:00:11.200]  會有信息說教會多多用琴彈下彈下
[01:00:11.200 --> 01:00:15.000]  就是說每次教會的男孩子可能就會叫別人去彈兩下
[01:00:15.000 --> 01:00:17.320]  可能吸引到那些女孩子
[01:00:17.320 --> 01:00:18.760]  哎呀你彈得好聽
[01:00:18.760 --> 01:00:20.960]  就可能會吸引一些女孩子的眼光
[01:00:20.960 --> 01:00:22.240]  哎呀你彈得多好聽
[01:00:22.240 --> 01:00:27.560]  那究竟這個彈琴是為了被人讚賞
[01:00:27.560 --> 01:00:31.760]  還是吸引異性還是什麼呢
[01:00:31.760 --> 01:00:37.200]  就是彈琴的大致目的是為了獲得讚賞和吸引異性的
[01:00:37.200 --> 01:00:40.040]  還是你用你的音樂上的造詣
[01:00:40.040 --> 01:00:45.400]  來幫助在敬拜上或者是在侍奉上讓人得益處呢
[01:00:45.400 --> 01:00:48.000]  還是說你在這個音樂上有造詣
[01:00:48.000 --> 01:00:50.800]  而在侍奉上讓別人得益處呢
[01:00:50.800 --> 01:00:53.040]  我想我們有很多不同的因子
[01:00:53.040 --> 01:00:56.440]  我想我們有很多不同的恩賜
[01:00:56.440 --> 01:00:58.160]  但是究竟是不是用在一個正當
[01:00:58.160 --> 01:01:01.080]  在教會裏面在基督裏面用得正當呢
[01:01:01.080 --> 01:01:03.240]  是不是在基督裏面用得正當呢
[01:01:03.240 --> 01:01:06.800]  這個是今天跟大家分享的根文
[01:01:06.800 --> 01:01:08.800]  也是一些小小的結論
[01:01:08.800 --> 01:01:10.560]  這是要和大家分享的根文
[01:01:10.560 --> 01:01:11.840]  這裏有一些結論
[01:01:11.840 --> 01:01:15.160]  我們看回哥倫多的教會
[01:01:15.160 --> 01:01:17.320]  剛才和往後的經文
[01:01:17.320 --> 01:01:18.800]  和剛才都是看回
[01:01:18.800 --> 01:01:20.360]  哥倫多教會剛才說過
[01:01:20.360 --> 01:01:26.000]  它在地理時勢上可以佔盡天時地利人和
[01:01:26.000 --> 01:01:28.680]  就是說我們前面可以看到
[01:01:28.680 --> 01:01:33.920]  多倫多教會所取的位置可以說是站在天時地利人和
[01:01:33.920 --> 01:01:36.400]  但是往後的經文裏面告訴我們
[01:01:36.400 --> 01:01:38.240]  我們知道他們是問題多多
[01:01:38.240 --> 01:01:40.640]  但是往後的經文告訴我們是問題多多
[01:01:40.640 --> 01:01:43.800]  但是保羅看見一個問題多多的教會
[01:01:43.800 --> 01:01:45.760]  他並沒有抹殺
[01:01:45.760 --> 01:01:51.400]  並沒有抹殺多倫多教會聖徒的身份
[01:01:51.400 --> 01:01:53.800]  儘管這個教會有這麽多問題
[01:01:53.800 --> 01:01:55.720]  保羅並沒有抹殺
[01:01:55.720 --> 01:01:58.200]  這麽多教會聖徒的身份
[01:01:58.200 --> 01:02:00.800]  仍然是循循善誘來教導他們
[01:02:00.800 --> 01:02:03.520]  仍然是循循善誘來教導他們
[01:02:03.520 --> 01:02:09.880]  我們今天看回我們舉個剛才講過的大學的例子
[01:02:09.880 --> 01:02:11.880]  我們舉個剛才講過的大學的例子
[01:02:11.880 --> 01:02:15.640]  可能勾起很多我們接觸的教會
[01:02:15.640 --> 01:02:17.840]  我們接觸基督徒有很多不好的見證
[01:02:17.840 --> 01:02:19.680]  一些不好的經驗
[01:02:19.680 --> 01:02:24.320]  能夠勾起我們對很多教會有一些不好的經歷
[01:02:24.320 --> 01:02:25.960]  當我們看到這些東西的時候
[01:02:25.960 --> 01:02:27.800]  我們難免會有憤怒
[01:02:27.800 --> 01:02:30.240]  看到這些事情我們難免會有憤怒
[01:02:30.240 --> 01:02:31.880]  這些怎麽會是教會呢
[01:02:31.880 --> 01:02:33.400]  這怎麽會是教會呢
[01:02:33.400 --> 01:02:34.920]  這些說信耶穌和
[01:02:34.920 --> 01:02:36.240]  這些說信耶穌和
[01:02:36.240 --> 01:02:37.320]  他們是什麽樣子
[01:02:37.320 --> 01:02:38.400]  這怎麽樣呢
[01:02:38.400 --> 01:02:41.280]  但是在這些憤怒過後
[01:02:41.280 --> 01:02:43.200]  人是難免有憤怒的
[01:02:43.200 --> 01:02:44.920]  難免會有憤怒
[01:02:44.920 --> 01:02:47.720]  但是憤怒完之後我們去看回
[01:02:47.720 --> 01:02:50.520]  我們有沒有因此而抹殺
[01:02:50.520 --> 01:02:52.720]  他們也是一幫蒙召的人
[01:02:52.720 --> 01:02:54.440]  他們也是一幫蒙召的人
[01:02:54.440 --> 01:02:58.840]  他們只不過是因為一點點的不清楚或者盲點
[01:02:58.840 --> 01:03:01.120]  他們沒有活出這個身份
[01:03:01.120 --> 01:03:04.560]  所賦予他們一些應該要做的事情
[01:03:04.560 --> 01:03:06.520]  就是說他們是不是有一些盲點
[01:03:06.520 --> 01:03:09.560]  沒有活出這個身份所要他們做的事情呢
[01:03:09.560 --> 01:03:11.040]  但是我們看回保羅這裏
[01:03:11.040 --> 01:03:15.400]  仍然是這麽純純善良地去
[01:03:15.400 --> 01:03:17.760]  寫了整篇哥倫多前書
[01:03:17.760 --> 01:03:21.520]  來糾正教導這一幫的信徒
[01:03:21.520 --> 01:03:26.120]  而且保羅明年三餐
[01:03:26.120 --> 01:03:29.120]  尋尋善欲
[01:03:29.120 --> 01:03:34.880]  寫了整本哥倫多前後書去教導他們
[01:03:34.880 --> 01:03:38.840]  今天我們看見我們身邊有一些不合體統的信徒的時候
[01:03:38.840 --> 01:03:43.720]  我們看到今天一些不合體統的信徒的時候
[01:03:43.720 --> 01:03:48.960]  我們心想這幫人該死 該死落地獄
[01:03:48.960 --> 01:03:50.960]  然後再往下走 再往下走 地獄
[01:03:50.960 --> 01:03:53.240]  反正我們仍然有這個心腸就是
[01:03:53.240 --> 01:03:55.560]  盼望 我們未必有能力做得到
[01:03:55.560 --> 01:04:01.600]  但是盼望有一些方法 有一些做法可以令到他們回轉
[01:04:01.600 --> 01:04:04.160]  就是說我們能夠盼望
[01:04:04.160 --> 01:04:05.640]  未必我們能做得到
[01:04:05.640 --> 01:04:08.440]  但是他們以後能夠回轉呢
[01:04:08.440 --> 01:04:11.880]  另一方面我們來看保羅以至於上帝
[01:04:11.880 --> 01:04:14.760]  面對哥倫多教會是這麽有耐性的時候
[01:04:14.760 --> 01:04:19.360]  在保羅對上帝 對哥倫多教會有耐心的時候
[01:04:19.360 --> 01:04:23.320]  盼望他們從罪回轉 將來是受審判無可指責
[01:04:23.320 --> 01:04:29.200]  盼望他們能夠回轉 將來是受審判無可指責
[01:04:29.200 --> 01:04:31.800]  對於今天我們自己本身
[01:04:31.800 --> 01:04:33.400]  我們自己今天本身
[01:04:33.400 --> 01:04:34.600]  我們不要說別人了
[01:04:34.600 --> 01:04:35.800]  我們不要說別人了
[01:04:35.800 --> 01:04:38.240]  我們其實都有很多罪纏繞著我們
[01:04:38.240 --> 01:04:40.080]  我們有很多罪纏繞著我們
[01:04:40.080 --> 01:04:46.720]  我們仍然可能有一些東西跟這個信徒的身份是不匹配的
[01:04:46.720 --> 01:04:49.200]  我們仍然可能有一些東西跟這個信徒的身份是不匹配的
[01:04:49.200 --> 01:04:51.200]  我們有沒有及早的力度去回轉呢
[01:04:51.200 --> 01:04:52.720]  我們有沒有及早的回轉呢
[01:04:52.720 --> 01:04:54.840]  時間我們不知道有多少
[01:04:54.840 --> 01:04:56.000]  時間我們不知道有多少
[01:04:56.000 --> 01:04:58.680]  我們不知道何時再面對耶穌基督
[01:04:58.680 --> 01:05:00.720]  我們會不會在那個時間
[01:05:00.720 --> 01:05:02.720]  在面對那日子的時候
[01:05:02.720 --> 01:05:05.000]  我們真的是無可指責
[01:05:05.000 --> 01:05:08.280]  我們真是面對那日子受無可指責
[01:05:08.280 --> 01:05:09.720]  上帝有恩典給我們
[01:05:09.720 --> 01:05:10.880]  上帝有恩典給我們
[01:05:10.880 --> 01:05:13.040]  仍然有耐性 仍然有時間給我們
[01:05:13.040 --> 01:05:15.280]  仍然有耐性 有時間給我們
[01:05:15.280 --> 01:05:16.480]  在哥倫多那個年代
[01:05:16.480 --> 01:05:18.680]  他透過保羅來教訓哥倫多
[01:05:18.680 --> 01:05:19.720]  在哥倫多那個年代
[01:05:19.720 --> 01:05:21.560]  是透過保羅來教訓哥倫多
[01:05:21.560 --> 01:05:23.800]  回想我們很多時候有犯錯
[01:05:23.800 --> 01:05:25.440]  或者有想錯的時候
[01:05:25.440 --> 01:05:28.520]  會不會神其實都有透過不同的弟兄姊妹
[01:05:28.520 --> 01:05:29.440]  透過不同的牧者
[01:05:29.440 --> 01:05:30.360]  或者不同的媒介
[01:05:30.360 --> 01:05:31.760]  其實都是在提醒我們呢
[01:05:31.760 --> 01:05:33.280]  我們犯錯的時候
[01:05:33.280 --> 01:05:35.160]  是通過不同的墨者
[01:05:35.160 --> 01:05:36.160]  不同的地心之面
[01:05:36.160 --> 01:05:38.160]  不同的媒介來提醒我們呢
[01:05:38.160 --> 01:05:40.520]  我們有沒有合適的回應來回轉呢
[01:05:40.520 --> 01:05:43.000]  我們有沒有合適的回應來回轉呢
[01:05:43.000 --> 01:05:45.080]  他們的提醒會不會是提醒我們
[01:05:45.080 --> 01:05:47.480]  我們跟我們的信徒的身份
[01:05:47.480 --> 01:05:48.760]  我們有不相配
[01:05:48.760 --> 01:05:51.000]  我們這個信徒的身份
[01:05:51.000 --> 01:05:52.200]  是不相配的
[01:05:52.200 --> 01:05:53.840]  我們願意在這方面
[01:05:53.840 --> 01:05:57.320]  來聽教聽話在神的面前
[01:05:57.320 --> 01:05:59.400]  我們願意在神的面前聽話
[01:05:59.400 --> 01:06:00.920]  建立在基督的裏面
[01:06:00.920 --> 01:06:02.520]  建立在基督的裏面
[01:06:02.520 --> 01:06:05.000]  並且在這裏也作出一個最後的反省
[01:06:05.000 --> 01:06:08.120]  就是當我們看回剛才我們看過的經文
[01:06:08.120 --> 01:06:09.960]  就是無論口才知識
[01:06:09.960 --> 01:06:12.960]  其實都是為了去建立基督的教會
[01:06:12.960 --> 01:06:13.800]  不是建立基督
[01:06:13.800 --> 01:06:17.400]  是作為這個聖徒
[01:06:17.400 --> 01:06:19.880]  你的口才或者你的知識
[01:06:19.880 --> 01:06:22.840]  都應該要跟這個身份配合
[01:06:22.840 --> 01:06:27.680]  口才與知識是要與你的身份相匹配
[01:06:27.680 --> 01:06:30.440]  保羅在這個哥倫多前書裏
[01:06:30.440 --> 01:06:32.720]  一開頭這個感恩的祈禱
[01:06:32.720 --> 01:06:36.040]  保羅在一開始的時候感恩的祈禱
[01:06:36.040 --> 01:06:39.520]  究竟他開頭是想說一些好聽的話
[01:06:39.520 --> 01:06:41.560]  討好哥倫多教會
[01:06:41.560 --> 01:06:43.000]  他們剛剛聽到的說話
[01:06:43.000 --> 01:06:47.920]  讓他之後說一些指責的時候會順利一點
[01:06:47.920 --> 01:06:50.880]  是不是想先講一些好聽的話
[01:06:50.880 --> 01:06:52.760]  去討好哥倫多教會
[01:06:52.760 --> 01:06:55.000]  再以後去講指責的話的時候
[01:06:55.000 --> 01:06:56.600]  更加容易順利一點呢
[01:06:56.600 --> 01:06:59.000]  凡是在這裏說一些正義的話
[01:06:59.000 --> 01:07:00.600]  其實是在諷刺哥倫多教會
[01:07:00.600 --> 01:07:01.800]  你們根本就不是這些人
[01:07:01.800 --> 01:07:03.680]  不過說來我來用一下你
[01:07:03.680 --> 01:07:07.280]  是不是或者說是要諷刺哥倫多教會
[01:07:07.280 --> 01:07:09.360]  先討好你們
[01:07:09.360 --> 01:07:12.000]  再看看你們自己以後所犯的罪
[01:07:12.000 --> 01:07:14.160]  這些有很多不同的說法
[01:07:14.160 --> 01:07:15.600]  這有很多不同的講法
[01:07:15.600 --> 01:07:17.720]  但是重點的就是保羅在這裏
[01:07:17.720 --> 01:07:19.760]  是有一個正面的提醒
[01:07:19.760 --> 01:07:20.640]  關於哥倫多教會
[01:07:20.640 --> 01:07:23.560]  究竟這個福音的源頭是哪一個
[01:07:23.560 --> 01:07:27.240]  保羅是一個正面的提醒
[01:07:27.240 --> 01:07:30.160]  告訴他們這福音的源頭在何處
[01:07:30.160 --> 01:07:31.960]  福音的源頭就是上帝
[01:07:31.960 --> 01:07:33.760]  藉著耶穌基督所承傳的
[01:07:33.760 --> 01:07:35.200]  福音的源頭是
[01:07:35.200 --> 01:07:36.840]  上帝藉著耶穌基督所承傳的
[01:07:36.840 --> 01:07:38.440]  人只是可以回應
[01:07:38.440 --> 01:07:39.720]  人只可回應
[01:07:39.720 --> 01:07:41.800]  我們聽到這個訊息的時候
[01:07:41.800 --> 01:07:43.880]  我們有沒有這樣的體驗呢
[01:07:43.880 --> 01:07:45.000]  在聽到這個訊息的時候
[01:07:45.000 --> 01:07:47.480]  我們有沒有這樣的體會呢
[01:07:47.480 --> 01:07:49.320]  我們的知識或者口才
[01:07:49.320 --> 01:07:55.240]  未必可能不是拿來傳福音的部分
[01:07:55.240 --> 01:08:00.840]  我們在聽 我們應該是警醒
[01:08:00.840 --> 01:08:02.800]  我們信了福音
[01:08:02.800 --> 01:08:06.800]  我們的思想行為和主內的靈魂
[01:08:06.800 --> 01:08:08.320]  是否相配合呢
[01:08:08.320 --> 01:08:15.280]  讓我們看回這個經文的時候
[01:08:15.280 --> 01:08:19.480]  提醒我們的身份是甚麼人
[01:08:19.480 --> 01:08:25.240]  我們檢討我們所做的所行的
[01:08:25.240 --> 01:08:26.960]  是否和這個身份相配合
[01:08:26.960 --> 01:08:33.720]  正如我們很多移民背景的
[01:08:33.720 --> 01:08:37.120]  我們來到加拿大入籍
[01:08:37.120 --> 01:08:39.400]  我們宣誓對著英女王
[01:08:39.400 --> 01:08:41.240]  我想有宣誓過
[01:08:41.240 --> 01:08:45.560]  某程度上你去到這個地方做一個國民
[01:08:45.560 --> 01:08:48.200]  你就是願意守這個法律
[01:08:48.200 --> 01:08:53.920]  去關心這個國家的一些憂患
[01:08:53.920 --> 01:08:55.920]  在這裡當你宣誓的時候
[01:08:55.920 --> 01:08:57.920]  你就是說你遵守這個法律
[01:08:57.920 --> 01:08:59.920]  關心這個國家的憂患
[01:08:59.920 --> 01:09:01.440]  有加拿大人的身份
[01:09:01.440 --> 01:09:03.440]  就去關心加拿大這個國家的事情
[01:09:03.440 --> 01:09:05.840]  有加拿大身份來關心加拿大的事情
[01:09:05.840 --> 01:09:07.240]  有聖徒這個身份
[01:09:07.240 --> 01:09:08.720]  你有沒有這個憂患
[01:09:08.720 --> 01:09:11.240]  有聖徒這個身份
[01:09:11.240 --> 01:09:13.960]  大家有沒有關心這個聖徒的事情
[01:09:13.960 --> 01:09:16.560]  有聖徒身份大家有沒有關心聖徒的事情
[01:09:16.560 --> 01:09:19.320]  還是各有各都著重在人的一些角度
[01:09:19.320 --> 01:09:21.560]  去看人的一些事情
[01:09:21.560 --> 01:09:24.040]  還是從人的角度來看人的事情
[01:09:24.040 --> 01:09:26.400]  這個是我們在這篇經文裡面
[01:09:26.400 --> 01:09:28.680]  一些想和大家分享的訊息
[01:09:28.680 --> 01:09:31.080]  這次在這篇經文想和大家分享的訊息
[01:09:31.080 --> 01:09:32.080]  讓我們一起祈禱
[01:09:32.080 --> 01:09:34.080]  讓我們向主祈禱
