
[00:00:00.000 --> 00:00:02.000]  長輩大兄弟會平安
[00:00:02.000 --> 00:00:07.000]  今日第一次好高興
[00:00:07.000 --> 00:00:10.000]  都感謝主有機會和你一齊
[00:00:10.000 --> 00:00:12.000]  來分享散個華語
[00:00:12.000 --> 00:00:14.000]  我們一齊祈禱
[00:00:14.000 --> 00:00:22.000]  主我們靠你幫助孩子
[00:00:22.000 --> 00:00:23.000]  節制孩子
[00:00:23.000 --> 00:00:27.000]  都靠聖靈充滿這個地方
[00:00:27.000 --> 00:00:28.000]  充滿我們
[00:00:28.000 --> 00:00:31.000]  以致我們真的在神裡面
[00:00:31.000 --> 00:00:32.000]  散華一點
[00:00:32.000 --> 00:00:36.000]  我們看到那個盼望
[00:00:36.000 --> 00:00:38.000]  看到神那個體諒
[00:00:38.000 --> 00:00:39.000]  我們這樣祈禱
[00:00:39.000 --> 00:00:41.000]  奉耶穌基督的名號
[00:00:41.000 --> 00:00:42.000]  阿們
[00:00:42.000 --> 00:00:44.000]  今天你們
[00:00:44.000 --> 00:00:47.000]  這個是我們
[00:00:47.000 --> 00:00:49.000]  教會今年的專題
[00:00:49.000 --> 00:00:50.000]  專題
[00:00:50.000 --> 00:00:52.000]  最後一個專題
[00:00:52.000 --> 00:00:53.000]  所以你們
[00:00:53.000 --> 00:00:55.000]  那個題目
[00:00:55.000 --> 00:00:58.000]  稍後小組要討論的題目
[00:00:58.000 --> 00:01:01.000]  我已經給了梁牧師
[00:01:01.000 --> 00:01:04.000]  所以你們要好好聽我說什麼
[00:01:04.000 --> 00:01:07.000]  要好好注意我聽什麼
[00:01:07.000 --> 00:01:16.000]  我曾經聽過這樣的報導
[00:01:16.000 --> 00:01:19.000]  他說從前在醫院裡面
[00:01:19.000 --> 00:01:22.000]  醫生和護士他們
[00:01:22.000 --> 00:01:27.000]  很怕治療患了絕症的人
[00:01:27.000 --> 00:01:30.000]  就是患了癌症的人
[00:01:30.000 --> 00:01:31.000]  為什麼呢
[00:01:31.000 --> 00:01:33.000]  一來他們知道
[00:01:33.000 --> 00:01:35.000]  要治療這些絕症的人
[00:01:35.000 --> 00:01:38.000]  是非常非常困難的
[00:01:38.000 --> 00:01:40.000]  二來他們知道
[00:01:40.000 --> 00:01:44.000]  這些患絕症的病人
[00:01:44.000 --> 00:01:46.000]  他們情緒是不好
[00:01:46.000 --> 00:01:47.000]  不行
[00:01:47.000 --> 00:01:50.000]  不是很穩定的
[00:01:50.000 --> 00:01:53.000]  這個我經歷了
[00:01:53.000 --> 00:01:56.000]  因為前陣子我媽媽在新加坡
[00:01:56.000 --> 00:01:57.000]  她患了癌症
[00:01:57.000 --> 00:01:59.000]  第三期癌症的時候
[00:01:59.000 --> 00:02:02.000]  她在醫院差不多兩三個月
[00:02:02.000 --> 00:02:06.000]  我都看到那個情緒不好穩定
[00:02:06.000 --> 00:02:10.000]  那個護士真的沒有辦法
[00:02:10.000 --> 00:02:13.000]  所以這個真的
[00:02:13.000 --> 00:02:16.000]  我看到以前那個醫生護士
[00:02:16.000 --> 00:02:21.000]  他很怕很怕照顧這些病人
[00:02:21.000 --> 00:02:25.000]  直到有一位在歐洲
[00:02:25.000 --> 00:02:27.000]  一個瑞士的心理醫生
[00:02:27.000 --> 00:02:31.000]  他經過了很長很長的時間
[00:02:31.000 --> 00:02:32.000]  研究
[00:02:32.000 --> 00:02:34.000]  他研究的時候
[00:02:34.000 --> 00:02:36.000]  他就陪那個病人
[00:02:36.000 --> 00:02:38.000]  都陪那個病人的家屬
[00:02:38.000 --> 00:02:41.000]  用了很多年之後
[00:02:41.000 --> 00:02:42.000]  他發現了
[00:02:42.000 --> 00:02:45.000]  其實這些病人的情緒
[00:02:45.000 --> 00:02:49.000]  不是我們想這樣無理取鬧
[00:02:49.000 --> 00:02:54.000]  其實他們的情緒是有一個規則的
[00:02:54.000 --> 00:02:56.000]  有規則的
[00:02:56.000 --> 00:02:58.000]  所以這個一般來說
[00:02:58.000 --> 00:03:05.000]  這個規則是可以分五個階段
[00:03:05.000 --> 00:03:07.000]  哪個階段呢
[00:03:07.000 --> 00:03:10.000]  第一個階段就是恐懼
[00:03:10.000 --> 00:03:16.000]  但是當人家醫生說你得了癌症
[00:03:16.000 --> 00:03:19.000]  所以一般人他就不喜歡
[00:03:19.000 --> 00:03:22.000]  他不想面對
[00:03:22.000 --> 00:03:23.000]  他說怎麼會啊
[00:03:23.000 --> 00:03:25.000]  我都沒有吸煙
[00:03:25.000 --> 00:03:27.000]  我都沒有喝酒
[00:03:27.000 --> 00:03:28.000]  我都沒有什麼
[00:03:28.000 --> 00:03:30.000]  我每天都運動
[00:03:30.000 --> 00:03:34.000]  我很健康為什麼會得癌症呢
[00:03:34.000 --> 00:03:36.000]  不會的
[00:03:36.000 --> 00:03:39.000]  這個是第一個階段
[00:03:39.000 --> 00:03:42.000]  第二個就是他很憤怒
[00:03:42.000 --> 00:03:46.000]  他覺得為什麼我這麼好人
[00:03:46.000 --> 00:03:48.000]  我這麼愛喝
[00:03:48.000 --> 00:03:50.000]  我這麼這個這個
[00:03:50.000 --> 00:03:52.000]  我時時都幫人
[00:03:52.000 --> 00:03:55.000]  我為什麼會這件事
[00:03:55.000 --> 00:03:58.000]  這個病會在我心上呢
[00:03:58.000 --> 00:04:01.000]  他就很生氣很憤怒
[00:04:01.000 --> 00:04:03.000]  第三個階段是什麼呢
[00:04:03.000 --> 00:04:06.000]  他是討價還價
[00:04:06.000 --> 00:04:08.000]  什麼是討價還價呢
[00:04:08.000 --> 00:04:11.000]  他就是跟天討價還價
[00:04:11.000 --> 00:04:15.000]  如果吃素可能他說
[00:04:15.000 --> 00:04:18.000]  你給我不會的
[00:04:18.000 --> 00:04:22.000]  如果我這個不是癌症
[00:04:22.000 --> 00:04:26.000]  我會吃一個月的素
[00:04:26.000 --> 00:04:28.000]  或者我吃一年的素
[00:04:28.000 --> 00:04:30.000]  多少可能他說
[00:04:30.000 --> 00:04:33.000]  如果這個不是真的
[00:04:33.000 --> 00:04:36.000]  如果這個不是真的話
[00:04:36.000 --> 00:04:38.000]  可能我會
[00:04:38.000 --> 00:04:40.000]  以前我都沒有來教會
[00:04:40.000 --> 00:04:42.000]  現在我每個星期都來教會
[00:04:42.000 --> 00:04:44.000]  以前我沒有釋放主
[00:04:44.000 --> 00:04:45.000]  我多多釋放主
[00:04:45.000 --> 00:04:47.000]  我多多奉獻
[00:04:47.000 --> 00:04:50.000]  所以就跟天討價還價
[00:04:50.000 --> 00:04:53.000]  希望有轉機
[00:04:53.000 --> 00:04:56.000]  所以第四個階段是
[00:04:56.000 --> 00:04:59.000]  為什麼他看不到轉機
[00:04:59.000 --> 00:05:00.000]  他看那個
[00:05:00.000 --> 00:05:02.000]  其實那個醫生給的報告
[00:05:02.000 --> 00:05:03.000]  每一次的報告
[00:05:03.000 --> 00:05:07.000]  他的情況是不好的
[00:05:07.000 --> 00:05:09.000]  所以他開始很低潮
[00:05:09.000 --> 00:05:11.000]  他開始很悲傷
[00:05:11.000 --> 00:05:14.000]  他開始很難過
[00:05:14.000 --> 00:05:19.000]  但是如果他繼續
[00:05:19.000 --> 00:05:23.000]  在可能家人的支持之下
[00:05:23.000 --> 00:05:25.000]  可能大兄姊妹的支持之下
[00:05:25.000 --> 00:05:27.000]  或者關心之下
[00:05:27.000 --> 00:05:33.000]  他這個經過一個時間
[00:05:33.000 --> 00:05:35.000]  他可能慢慢慢慢
[00:05:35.000 --> 00:05:38.000]  他就有那個節納
[00:05:38.000 --> 00:05:40.000]  他節納他說
[00:05:40.000 --> 00:05:41.000]  我真是有病
[00:05:41.000 --> 00:05:43.000]  我真是得到癌症
[00:05:43.000 --> 00:05:46.000]  我真是得到絕症
[00:05:46.000 --> 00:05:49.000]  他節納之後
[00:05:49.000 --> 00:05:51.000]  他就會走出來
[00:05:51.000 --> 00:05:54.000]  那個醫生
[00:05:54.000 --> 00:05:56.000]  那個隨時的醫生
[00:05:56.000 --> 00:05:58.000]  給我們看到不夠癌
[00:05:58.000 --> 00:06:01.000]  這樣那個不夠state
[00:06:01.000 --> 00:06:07.000]  其實作為牧師
[00:06:07.000 --> 00:06:09.000]  我們都常常
[00:06:09.000 --> 00:06:11.000]  都有這樣的機會
[00:06:11.000 --> 00:06:17.000]  跟那些患絕症的那些人
[00:06:17.000 --> 00:06:19.000]  都會跟他們陪他們
[00:06:19.000 --> 00:06:20.000]  都跟他們一起
[00:06:20.000 --> 00:06:23.000]  我說我在拍戲
[00:06:23.000 --> 00:06:27.000]  我最少在六年
[00:06:27.000 --> 00:06:31.000]  最少有六個送來
[00:06:31.000 --> 00:06:34.000]  以前蔡牧師來這邊
[00:06:34.000 --> 00:06:35.000]  在這邊的時候
[00:06:35.000 --> 00:06:36.000]  我們可以說
[00:06:36.000 --> 00:06:41.000]  蔡牧師你是主持回來的牧師
[00:06:41.000 --> 00:06:44.000]  我是主持送來的牧師
[00:06:44.000 --> 00:06:45.000]  你知不知道
[00:06:45.000 --> 00:06:49.000]  蔡牧師在這裡主持很多回來
[00:06:49.000 --> 00:06:54.000]  所以我都是主持送來的牧師
[00:06:54.000 --> 00:06:56.000]  但是主持送來的牧師
[00:06:56.000 --> 00:06:58.000]  不是說你主持過
[00:06:58.000 --> 00:07:01.000]  是之前陪他們的時候
[00:07:01.000 --> 00:07:02.000]  有些人我陪了半年
[00:07:02.000 --> 00:07:04.000]  有些人我陪了一年
[00:07:04.000 --> 00:07:06.000]  有些人我陪了兩年
[00:07:06.000 --> 00:07:09.000]  陪那個時間是最痛苦
[00:07:09.000 --> 00:07:10.000]  是最難過的
[00:07:10.000 --> 00:07:13.000]  因為你怎樣安慰他們呢
[00:07:13.000 --> 00:07:15.000]  以前我們說
[00:07:15.000 --> 00:07:18.000]  他開始得到癌症的時候
[00:07:18.000 --> 00:07:20.000]  我們會說我們祈禱了
[00:07:20.000 --> 00:07:22.000]  我們祈禱了
[00:07:22.000 --> 00:07:24.000]  有一次柴兄跟我說
[00:07:24.000 --> 00:07:26.000]  其實牧師
[00:07:26.000 --> 00:07:29.000]  我們真的想為他祈禱
[00:07:29.000 --> 00:07:32.000]  但是其實我們都知道
[00:07:32.000 --> 00:07:34.000]  他是不會好的
[00:07:34.000 --> 00:07:36.000]  其實這個是事實
[00:07:36.000 --> 00:07:38.000]  他是不會好的
[00:07:38.000 --> 00:07:41.000]  因為我們看他每一天
[00:07:41.000 --> 00:07:43.000]  他一天的病情
[00:07:43.000 --> 00:07:47.000]  是比一天一天不好
[00:07:47.000 --> 00:07:51.000]  如果他開始看到他的腳腫
[00:07:51.000 --> 00:07:55.000]  你就知道不是很好的情況
[00:07:55.000 --> 00:08:00.000]  最後給我一個很好的學習
[00:08:00.000 --> 00:08:01.000]  學習什麼呢
[00:08:01.000 --> 00:08:04.000]  學習我怎樣陪這個病人
[00:08:04.000 --> 00:08:07.000]  陪他的家屬
[00:08:07.000 --> 00:08:08.000]  陪那個時候
[00:08:08.000 --> 00:08:10.000]  每一次我用聖詩
[00:08:10.000 --> 00:08:12.000]  每一次我用
[00:08:12.000 --> 00:08:13.000]  讀詩篇
[00:08:13.000 --> 00:08:16.000]  或者讀聖經跟他面禮
[00:08:16.000 --> 00:08:18.000]  面禮那時候
[00:08:18.000 --> 00:08:20.000]  我不是跟他講三醫治他
[00:08:20.000 --> 00:08:22.000]  當然我們都要祈禱
[00:08:22.000 --> 00:08:24.000]  需要祈禱三醫治他們
[00:08:24.000 --> 00:08:26.000]  但是我面禮他們
[00:08:26.000 --> 00:08:30.000]  我面禮他們要面對
[00:08:30.000 --> 00:08:33.000]  我們的死亡這個事實
[00:08:33.000 --> 00:08:35.000]  因為聖經說
[00:08:35.000 --> 00:08:40.000]  人人都有一死
[00:08:40.000 --> 00:08:41.000]  我面對
[00:08:41.000 --> 00:08:43.000]  但是怎樣面對
[00:08:43.000 --> 00:08:46.000]  怎樣讓他可以接納
[00:08:46.000 --> 00:08:48.000]  走出來呢
[00:08:48.000 --> 00:08:51.000]  最後就是讓他看到
[00:08:51.000 --> 00:08:54.000]  聖經的那個確距
[00:08:54.000 --> 00:08:57.000]  死亡不是那麼可怕
[00:08:57.000 --> 00:09:01.000]  其實他想的是
[00:09:01.000 --> 00:09:02.000]  我們怕的是
[00:09:02.000 --> 00:09:04.000]  死亡
[00:09:04.000 --> 00:09:05.000]  死了之後
[00:09:05.000 --> 00:09:07.000]  生命會去哪裡呢
[00:09:07.000 --> 00:09:10.000]  所以這個是人為什麼會怕
[00:09:10.000 --> 00:09:11.000]  怕人死了之後
[00:09:11.000 --> 00:09:12.000]  生命會怎樣呢
[00:09:12.000 --> 00:09:14.000]  因為他不知道
[00:09:14.000 --> 00:09:18.000]  所以在我們華人的觀念裡面
[00:09:18.000 --> 00:09:20.000]  有一個輪迴
[00:09:20.000 --> 00:09:22.000]  輪迴的觀念
[00:09:22.000 --> 00:09:24.000]  輪迴的觀念就是說
[00:09:24.000 --> 00:09:28.000]  因果你前世做什麼
[00:09:28.000 --> 00:09:30.000]  好事或者壞事
[00:09:30.000 --> 00:09:32.000]  但是後果
[00:09:32.000 --> 00:09:36.000]  你來生就變成什麼
[00:09:36.000 --> 00:09:38.000]  可能你變成好人
[00:09:38.000 --> 00:09:39.000]  你好人變成好人
[00:09:39.000 --> 00:09:41.000]  可能你變成貓
[00:09:41.000 --> 00:09:43.000]  你變成狗
[00:09:43.000 --> 00:09:44.000]  你變成牛
[00:09:44.000 --> 00:09:46.000]  變成什麼
[00:09:46.000 --> 00:09:47.000]  有時候我說
[00:09:47.000 --> 00:09:49.000]  變成貓都不錯
[00:09:49.000 --> 00:09:50.000]  但是變成貓
[00:09:50.000 --> 00:09:55.000]  最好是變成梁思武的貓
[00:09:55.000 --> 00:09:58.000]  梁思武很疼愛那個貓
[00:09:58.000 --> 00:10:02.000]  我不知道梁牧師會不會吃醋
[00:10:02.000 --> 00:10:04.000]  他很疼愛那個貓
[00:10:04.000 --> 00:10:06.000]  在香港也帶來利帕斯
[00:10:06.000 --> 00:10:08.000]  所以不是
[00:10:08.000 --> 00:10:11.000]  這個是中國人的輪迴
[00:10:11.000 --> 00:10:13.000]  但是希臘人
[00:10:13.000 --> 00:10:16.000]  希臘人的觀念是
[00:10:16.000 --> 00:10:18.000]  靈魂不明
[00:10:18.000 --> 00:10:20.000]  就是那個靈魂
[00:10:20.000 --> 00:10:22.000]  你死了
[00:10:22.000 --> 00:10:25.000]  你靈魂不明
[00:10:25.000 --> 00:10:29.000]  所以哥倫多信徒的時候
[00:10:29.000 --> 00:10:33.000]  他們因為被希臘人的思想
[00:10:33.000 --> 00:10:35.000]  他們覺得靈魂不明
[00:10:35.000 --> 00:10:39.000]  所以他們覺得死了之後
[00:10:39.000 --> 00:10:42.000]  沒有三胎復活
[00:10:42.000 --> 00:10:44.000]  這件事
[00:10:44.000 --> 00:10:45.000]  他們可能相信
[00:10:45.000 --> 00:10:47.000]  耶穌真是復活了
[00:10:47.000 --> 00:10:48.000]  但是他們不相信
[00:10:48.000 --> 00:10:50.000]  三胎復活了
[00:10:50.000 --> 00:10:53.000]  所以因為他們被希臘人
[00:10:53.000 --> 00:10:56.000]  我們希臘人的異端
[00:10:56.000 --> 00:10:58.000]  影響了之後
[00:10:58.000 --> 00:11:01.000]  他們就開始說
[00:11:01.000 --> 00:11:06.000]  我們這輩子要不要學
[00:11:06.000 --> 00:11:08.000]  就可以了
[00:11:08.000 --> 00:11:10.000]  我們永壽今生
[00:11:10.000 --> 00:11:12.000]  靈魂不明
[00:11:12.000 --> 00:11:14.000]  所以哥倫多人
[00:11:14.000 --> 00:11:16.000]  或者信徒
[00:11:16.000 --> 00:11:20.000]  被希臘人影響了
[00:11:20.000 --> 00:11:22.000]  所以波羅
[00:11:22.000 --> 00:11:23.000]  因為這樣
[00:11:23.000 --> 00:11:32.000]  所以波羅就和他們提出錯誤的看法
[00:11:32.000 --> 00:11:41.000]  所以波羅就和他們說
[00:11:41.000 --> 00:11:44.000]  為什麼他們會錯呢
[00:11:44.000 --> 00:11:45.000]  第一他說
[00:11:45.000 --> 00:12:13.000]  他的復活盤旺庭教徒第十二到十四節
[00:12:13.000 --> 00:12:16.000]  所以波羅就和他們說
[00:12:16.000 --> 00:12:20.000]  十二節你們中間沒有寫人復活
[00:12:20.000 --> 00:12:23.000]  所以波羅就和他們說
[00:12:23.000 --> 00:12:25.000]  其實耶穌基督的復活
[00:12:25.000 --> 00:12:28.000]  和我們人的復活有很大的關係
[00:12:28.000 --> 00:12:29.000]  耶穌基督的復活
[00:12:29.000 --> 00:12:32.000]  代表我們是人會復活的
[00:12:32.000 --> 00:12:34.000]  如果我們不復活
[00:12:34.000 --> 00:12:36.000]  耶穌基督就不用復活了
[00:12:36.000 --> 00:12:38.000]  所以他說
[00:12:38.000 --> 00:12:40.000]  如果我們全婚姻
[00:12:40.000 --> 00:12:43.000]  整個婚姻
[00:12:43.000 --> 00:12:46.000]  我們不是單單說耶穌降生聖誕節
[00:12:46.000 --> 00:12:48.000]  不是單單說祂的死
[00:12:48.000 --> 00:12:51.000]  或是聖誕節
[00:12:51.000 --> 00:12:54.000]  我們都要說
[00:12:54.000 --> 00:12:56.000]  祂復活
[00:12:56.000 --> 00:12:58.000]  這件事是很重要的
[00:12:58.000 --> 00:13:00.000]  因為耶穌基督的復活
[00:13:00.000 --> 00:13:02.000]  有看到我們
[00:13:02.000 --> 00:13:03.000]  盤旺下
[00:13:03.000 --> 00:13:05.000]  以後我們要什麼
[00:13:05.000 --> 00:13:07.000]  我們要復活
[00:13:07.000 --> 00:13:09.000]  這個復活是什麼
[00:13:09.000 --> 00:13:12.000]  就是永生的復活
[00:13:12.000 --> 00:13:14.000]  所以第五十節
[00:13:14.000 --> 00:13:17.000]  請大家讀一讀五十節
[00:13:17.000 --> 00:13:32.000]  波羅在這邊和我們說
[00:13:32.000 --> 00:13:35.000]  我們的身體
[00:13:35.000 --> 00:13:38.000]  我們的身體血肉
[00:13:38.000 --> 00:13:40.000]  那個身體
[00:13:40.000 --> 00:13:42.000]  我們是有行的
[00:13:42.000 --> 00:13:44.000]  我們會安慰的
[00:13:44.000 --> 00:13:48.000]  但是我們將來是一個
[00:13:48.000 --> 00:13:52.000]  是一個不會壞的身體
[00:13:52.000 --> 00:13:55.000]  這個就是可以改變
[00:13:55.000 --> 00:13:58.000]  變成一個靈體
[00:13:58.000 --> 00:14:00.000]  就是因為我們那個
[00:14:00.000 --> 00:14:03.000]  不會壞的身體
[00:14:03.000 --> 00:14:06.000]  我們才可以和神一起
[00:14:06.000 --> 00:14:08.000]  和神一起同活
[00:14:08.000 --> 00:14:10.000]  和神一起生活
[00:14:10.000 --> 00:14:12.000]  所以這個就是
[00:14:12.000 --> 00:14:14.000]  波羅在五十節和我們說的
[00:14:14.000 --> 00:14:16.000]  所以我們在我們
[00:14:16.000 --> 00:14:18.000]  當我們在
[00:14:18.000 --> 00:14:21.000]  我和一些家屬
[00:14:21.000 --> 00:14:23.000]  或者和一些大兄姐妹
[00:14:23.000 --> 00:14:26.000]  有絕症的
[00:14:26.000 --> 00:14:28.000]  我要讓他們看到
[00:14:28.000 --> 00:14:30.000]  祂是一個盤旺
[00:14:30.000 --> 00:14:32.000]  這個盤旺是復活的盤旺
[00:14:32.000 --> 00:14:34.000]  所以大兄姐妹
[00:14:34.000 --> 00:14:36.000]  當我們傳福音的時候
[00:14:36.000 --> 00:14:38.000]  復活的盤旺不是
[00:14:38.000 --> 00:14:41.000]  只是送禮的時候說的
[00:14:41.000 --> 00:14:43.000]  是那個人
[00:14:43.000 --> 00:14:45.000]  是那時候他覺得
[00:14:45.000 --> 00:14:47.000]  他得到絕症
[00:14:47.000 --> 00:14:49.000]  我們都要讓他看到
[00:14:49.000 --> 00:14:51.000]  其實你不用怕
[00:14:51.000 --> 00:14:52.000]  你有一個盤旺
[00:14:52.000 --> 00:14:54.000]  這個是復活的盤旺
[00:14:54.000 --> 00:14:56.000]  你這個身體
[00:14:56.000 --> 00:14:58.000]  只是一個暫時
[00:14:58.000 --> 00:15:00.000]  你會過去
[00:15:00.000 --> 00:15:02.000]  我都會過去
[00:15:02.000 --> 00:15:04.000]  大家都會過去
[00:15:04.000 --> 00:15:06.000]  只是我們時間不同
[00:15:06.000 --> 00:15:08.000]  所以我們當然
[00:15:08.000 --> 00:15:10.000]  當然我們看到
[00:15:10.000 --> 00:15:12.000]  我們沒有
[00:15:12.000 --> 00:15:14.000]  我們要讓他們看到
[00:15:14.000 --> 00:15:16.000]  這樣的盤旺
[00:15:16.000 --> 00:15:18.000]  但是我們看到
[00:15:18.000 --> 00:15:24.000]  所以但是我們看到
[00:15:24.000 --> 00:15:28.000]  請大家看到
[00:15:32.000 --> 00:15:34.000]  請大家看到
[00:15:34.000 --> 00:15:36.000]  請大家看到
[00:15:36.000 --> 00:15:38.000]  請大家看到
[00:15:38.000 --> 00:15:40.000]  請大家看到
[00:15:40.000 --> 00:15:42.000]  請大家看到
[00:15:42.000 --> 00:15:44.000]  請大家看到
[00:15:44.000 --> 00:15:46.000]  請大家看到
[00:15:46.000 --> 00:15:48.000]  請大家看到
[00:15:48.000 --> 00:15:50.000]  我們為什麼會
[00:15:50.000 --> 00:15:52.000]  這樣和
[00:15:52.000 --> 00:15:54.000]  和他們
[00:15:54.000 --> 00:15:56.000]  和他們說
[00:15:56.000 --> 00:15:58.000]  我們有一個盤旺呢
[00:15:58.000 --> 00:16:00.000]  因為我們
[00:16:00.000 --> 00:16:02.000]  第二方面我們看到
[00:16:02.000 --> 00:16:04.000]  神有那個復活
[00:16:04.000 --> 00:16:06.000]  那個大難
[00:16:06.000 --> 00:16:08.000]  所以保羅講寫下你們的
[00:16:08.000 --> 00:16:10.000]  得逞權勢在哪裏
[00:16:10.000 --> 00:16:12.000]  你的道教
[00:16:12.000 --> 00:16:14.000]  你的罪的
[00:16:14.000 --> 00:16:16.000]  權勢在哪裏
[00:16:16.000 --> 00:16:18.000]  感謝我們
[00:16:18.000 --> 00:16:20.000]  因為追耶穌基督
[00:16:20.000 --> 00:16:22.000]  我們得逞了
[00:16:22.000 --> 00:16:24.000]  所以我們知道
[00:16:24.000 --> 00:16:26.000]  剛才我們說的
[00:16:26.000 --> 00:16:28.000]  我們按照定明
[00:16:28.000 --> 00:16:30.000]  每個人都有
[00:16:30.000 --> 00:16:32.000]  一死
[00:16:32.000 --> 00:16:34.000]  之後才有
[00:16:34.000 --> 00:16:36.000]  懺悔
[00:16:36.000 --> 00:16:38.000]  因為最有
[00:16:38.000 --> 00:16:40.000]  功架
[00:16:40.000 --> 00:16:42.000]  他的功架就是死
[00:16:42.000 --> 00:16:44.000]  所以這個我們看到
[00:16:44.000 --> 00:16:46.000]  他的功架是死
[00:16:46.000 --> 00:16:48.000]  讓我們知道罪在哪裏
[00:16:48.000 --> 00:16:50.000]  六法
[00:16:50.000 --> 00:16:52.000]  所以
[00:16:52.000 --> 00:16:54.000]  讓我們知道罪在哪裏
[00:16:54.000 --> 00:16:56.000]  六法
[00:16:56.000 --> 00:16:58.000]  我們發現
[00:16:58.000 --> 00:17:00.000]  如果我們在法庭裏
[00:17:00.000 --> 00:17:02.000]  那時
[00:17:02.000 --> 00:17:04.000]  法官判我們
[00:17:04.000 --> 00:17:06.000]  判我們
[00:17:06.000 --> 00:17:08.000]  判我們刑期那時
[00:17:08.000 --> 00:17:10.000]  他是根據什麼
[00:17:10.000 --> 00:17:12.000]  他是根據不單單是
[00:17:12.000 --> 00:17:14.000]  那個人犯了什麼罪
[00:17:14.000 --> 00:17:16.000]  是根據東地那個
[00:17:16.000 --> 00:17:18.000]  六法那個法律
[00:17:18.000 --> 00:17:20.000]  來判
[00:17:20.000 --> 00:17:22.000]  好像我們說
[00:17:22.000 --> 00:17:24.000]  販毒
[00:17:24.000 --> 00:17:26.000]  如果你在澳洲販毒
[00:17:26.000 --> 00:17:28.000]  或者你在東南亞
[00:17:28.000 --> 00:17:30.000]  新加坡
[00:17:30.000 --> 00:17:32.000]  馬來西亞
[00:17:32.000 --> 00:17:34.000]  或者你在印尼
[00:17:34.000 --> 00:17:36.000]  是不同的
[00:17:36.000 --> 00:17:38.000]  是不同的
[00:17:38.000 --> 00:17:40.000]  這邊
[00:17:40.000 --> 00:17:42.000]  他不會判你什麼
[00:17:42.000 --> 00:17:44.000]  死刑
[00:17:44.000 --> 00:17:46.000]  他不單不判你死刑
[00:17:46.000 --> 00:17:48.000]  他都會反對
[00:17:48.000 --> 00:17:50.000]  東南亞的國家
[00:17:50.000 --> 00:17:52.000]  判人死刑
[00:17:52.000 --> 00:17:54.000]  在東南亞國家那時
[00:17:54.000 --> 00:17:56.000]  他會
[00:17:56.000 --> 00:17:58.000]  他都會判你死刑
[00:17:58.000 --> 00:18:00.000]  他是根據東地那個
[00:18:00.000 --> 00:18:02.000]  法律來判刑
[00:18:02.000 --> 00:18:04.000]  但是同樣的
[00:18:04.000 --> 00:18:06.000]  我們以後的審判
[00:18:06.000 --> 00:18:08.000]  日子裏面
[00:18:08.000 --> 00:18:10.000]  只是根據什麼
[00:18:10.000 --> 00:18:12.000]  根據神
[00:18:12.000 --> 00:18:14.000]  的六法
[00:18:14.000 --> 00:18:16.000]  來判我們
[00:18:16.000 --> 00:18:18.000]  來審判我們
[00:18:18.000 --> 00:18:20.000]  不是根據我們自己說的
[00:18:20.000 --> 00:18:22.000]  都不是根據澳洲
[00:18:22.000 --> 00:18:24.000]  或者誰的六法
[00:18:24.000 --> 00:18:26.000]  是根據神的六法
[00:18:26.000 --> 00:18:28.000]  但是如果根據神的六法
[00:18:28.000 --> 00:18:30.000]  那時
[00:18:30.000 --> 00:18:32.000]  我們每一個是異人
[00:18:32.000 --> 00:18:34.000]  我們每一個人
[00:18:34.000 --> 00:18:36.000]  所以我們每一個人
[00:18:36.000 --> 00:18:38.000]  都會
[00:18:38.000 --> 00:18:40.000]  都會怎樣
[00:18:40.000 --> 00:18:42.000]  我們都每一個
[00:18:42.000 --> 00:18:44.000]  都逃避不了
[00:18:44.000 --> 00:18:46.000]  一個
[00:18:46.000 --> 00:18:48.000]  死刑法
[00:18:48.000 --> 00:18:50.000]  那個死刑法
[00:18:50.000 --> 00:18:52.000]  是永遠的死刑法
[00:18:52.000 --> 00:18:54.000]  是永遠的死刑法
[00:18:54.000 --> 00:18:56.000]  所以
[00:18:56.000 --> 00:18:58.000]  但是感謝主
[00:18:58.000 --> 00:19:00.000]  因為神愛世人
[00:19:00.000 --> 00:19:02.000]  祂馬上
[00:19:02.000 --> 00:19:04.000]  耶穌基督
[00:19:04.000 --> 00:19:06.000]  教授我們
[00:19:06.000 --> 00:19:08.000]  給我們怎樣
[00:19:08.000 --> 00:19:10.000]  因為耶穌基督
[00:19:10.000 --> 00:19:12.000]  有那個權勢
[00:19:12.000 --> 00:19:14.000]  因為耶穌基督那個
[00:19:14.000 --> 00:19:16.000]  大能
[00:19:16.000 --> 00:19:18.000]  剛才我們說過
[00:19:18.000 --> 00:19:20.000]  他成功
[00:19:20.000 --> 00:19:22.000]  他成功
[00:19:22.000 --> 00:19:24.000]  他達成
[00:19:24.000 --> 00:19:26.000]  那個死的權勢
[00:19:26.000 --> 00:19:28.000]  他達成那個
[00:19:28.000 --> 00:19:30.000]  罪的權勢
[00:19:30.000 --> 00:19:32.000]  以至於我們可以
[00:19:32.000 --> 00:19:34.000]  去
[00:19:34.000 --> 00:19:36.000]  宣告
[00:19:36.000 --> 00:19:38.000]  我們可以知道
[00:19:38.000 --> 00:19:40.000]  這個大能可以救我們
[00:19:40.000 --> 00:19:44.000]  所以
[00:19:44.000 --> 00:19:46.000]  當我寫
[00:19:46.000 --> 00:19:48.000]  這個
[00:19:48.000 --> 00:19:52.000]  公章
[00:19:52.000 --> 00:19:54.000]  的時候
[00:19:54.000 --> 00:19:58.000]  其實是很難過的
[00:19:58.000 --> 00:20:00.000]  因為
[00:20:00.000 --> 00:20:02.000]  我星期五突然間
[00:20:02.000 --> 00:20:04.000]  收到一個消息
[00:20:04.000 --> 00:20:06.000]  那個消息就是
[00:20:06.000 --> 00:20:08.000]  我姑姑
[00:20:08.000 --> 00:20:12.000]  過世了
[00:20:12.000 --> 00:20:14.000]  過世了
[00:20:14.000 --> 00:20:16.000]  我不知道她是否在悉尼
[00:20:16.000 --> 00:20:18.000]  我看到新加坡
[00:20:18.000 --> 00:20:20.000]  這個姑姑
[00:20:20.000 --> 00:20:22.000]  其實我很少
[00:20:22.000 --> 00:20:24.000]  跟她
[00:20:24.000 --> 00:20:26.000]  跟她聯絡
[00:20:26.000 --> 00:20:28.000]  我們有聯絡就是過年過節
[00:20:28.000 --> 00:20:30.000]  發訊息
[00:20:30.000 --> 00:20:32.000]  學她
[00:20:32.000 --> 00:20:34.000]  過年過節
[00:20:34.000 --> 00:20:36.000]  所以剛剛好
[00:20:36.000 --> 00:20:38.000]  今天幾號
[00:20:38.000 --> 00:20:40.000]  今天22號
[00:20:40.000 --> 00:20:42.000]  我記得差不多
[00:20:42.000 --> 00:20:44.000]  8號的時候
[00:20:44.000 --> 00:20:46.000]  她發訊息給我
[00:20:46.000 --> 00:20:48.000]  其實是她要發訊息給
[00:20:48.000 --> 00:20:50.000]  其他人
[00:20:50.000 --> 00:20:52.000]  但她發錯訊息給我
[00:20:52.000 --> 00:20:54.000]  她發訊息給我
[00:20:54.000 --> 00:20:56.000]  因為你們知道我星期天很忙
[00:20:56.000 --> 00:20:58.000]  星期天不喜歡
[00:20:58.000 --> 00:21:00.000]  做什麼的
[00:21:00.000 --> 00:21:02.000]  所以我沒有回覆
[00:21:02.000 --> 00:21:04.000]  但她覺得不行要回覆
[00:21:04.000 --> 00:21:06.000]  所以我10號兩天後就回覆她
[00:21:06.000 --> 00:21:08.000]  我跟她說姑姑
[00:21:08.000 --> 00:21:10.000]  我在Perth
[00:21:10.000 --> 00:21:12.000]  那個
[00:21:12.000 --> 00:21:14.000]  她就
[00:21:14.000 --> 00:21:16.000]  她就發訊息給我
[00:21:16.000 --> 00:21:18.000]  她說抱歉
[00:21:18.000 --> 00:21:20.000]  你怎樣
[00:21:20.000 --> 00:21:22.000]  我就回覆她
[00:21:22.000 --> 00:21:24.000]  姑姑我家很好
[00:21:24.000 --> 00:21:26.000]  我兩個兒子在新加坡讀大學
[00:21:26.000 --> 00:21:28.000]  這個在Perth讀大學
[00:21:28.000 --> 00:21:30.000]  以為
[00:21:30.000 --> 00:21:32.000]  跟她聊天是很好
[00:21:32.000 --> 00:21:34.000]  她是打英文的
[00:21:34.000 --> 00:21:36.000]  最後
[00:21:38.000 --> 00:21:40.000]  但是很快
[00:21:40.000 --> 00:21:42.000]  只是過了一個星期兩個星期
[00:21:42.000 --> 00:21:44.000]  就聽到她這樣
[00:21:44.000 --> 00:21:48.000]  過世了
[00:21:48.000 --> 00:21:50.000]  這個是很難過
[00:21:50.000 --> 00:21:52.000]  但是真是我們
[00:21:52.000 --> 00:21:54.000]  如果說我們心
[00:21:54.000 --> 00:21:56.000]  我們要
[00:21:56.000 --> 00:21:58.000]  求生怕死
[00:21:58.000 --> 00:22:00.000]  這個是事實
[00:22:00.000 --> 00:22:02.000]  心理
[00:22:02.000 --> 00:22:04.000]  都是很難過的
[00:22:04.000 --> 00:22:06.000]  真是我們求生怕死
[00:22:06.000 --> 00:22:08.000]  我們都會
[00:22:08.000 --> 00:22:10.000]  這個是人性
[00:22:10.000 --> 00:22:12.000]  你不信如果現在
[00:22:12.000 --> 00:22:14.000]  恐怖份子過來
[00:22:14.000 --> 00:22:16.000]  ISIS過來
[00:22:16.000 --> 00:22:18.000]  你看你們會不會走
[00:22:18.000 --> 00:22:20.000]  或者誰會留下來
[00:22:20.000 --> 00:22:22.000]  多多會走
[00:22:22.000 --> 00:22:24.000]  是不是
[00:22:24.000 --> 00:22:26.000]  多多都會走
[00:22:26.000 --> 00:22:28.000]  同樣毒物都是這樣
[00:22:28.000 --> 00:22:30.000]  你如果在
[00:22:30.000 --> 00:22:32.000]  牛群裏面
[00:22:32.000 --> 00:22:34.000]  你放在獅子鞋裏面
[00:22:34.000 --> 00:22:36.000]  你說牠走不走
[00:22:36.000 --> 00:22:38.000]  牠都會走
[00:22:38.000 --> 00:22:40.000]  牠都會走
[00:22:40.000 --> 00:22:42.000]  牠都
[00:22:42.000 --> 00:22:44.000]  牛都會走
[00:22:44.000 --> 00:22:46.000]  人都會走
[00:22:46.000 --> 00:22:48.000]  但是
[00:22:48.000 --> 00:22:50.000]  問題是我們
[00:22:50.000 --> 00:22:52.000]  我們沒有辦法
[00:22:52.000 --> 00:22:54.000]  避免
[00:22:54.000 --> 00:22:56.000]  當我們沒有辦法避免的時候
[00:22:56.000 --> 00:22:58.000]  我們只可以用聖經
[00:22:58.000 --> 00:23:00.000]  這樣的確距
[00:23:00.000 --> 00:23:02.000]  和牠這樣分享
[00:23:02.000 --> 00:23:04.000]  差不多
[00:23:04.000 --> 00:23:08.000]  一年多
[00:23:08.000 --> 00:23:10.000]  或者兩年前
[00:23:10.000 --> 00:23:12.000]  一年多前
[00:23:12.000 --> 00:23:14.000]  有一個大兄我們華裔同一個大兄
[00:23:14.000 --> 00:23:16.000]  他都
[00:23:16.000 --> 00:23:18.000]  得到
[00:23:18.000 --> 00:23:20.000]  癌症
[00:23:20.000 --> 00:23:22.000]  他得到癌症的時候
[00:23:22.000 --> 00:23:26.000]  我陪他
[00:23:26.000 --> 00:23:30.000]  其實有兩個
[00:23:30.000 --> 00:23:32.000]  我等一下想說
[00:23:32.000 --> 00:23:34.000]  有兩個很難過
[00:23:34.000 --> 00:23:36.000]  現在都很難過的事
[00:23:36.000 --> 00:23:38.000]  有一個大兄是這樣
[00:23:38.000 --> 00:23:40.000]  應該是兩年前
[00:23:40.000 --> 00:23:42.000]  有一個大兄是這樣
[00:23:42.000 --> 00:23:44.000]  每一次我和師母去探望他的時候
[00:23:44.000 --> 00:23:46.000]  最後
[00:23:46.000 --> 00:23:48.000]  他真的不行
[00:23:48.000 --> 00:23:50.000]  他只可以在家裏的蟲
[00:23:50.000 --> 00:23:52.000]  蟲那邊
[00:23:52.000 --> 00:23:54.000]  不是家裏的蟲
[00:23:54.000 --> 00:23:56.000]  就是醫院給他預備的蟲
[00:23:56.000 --> 00:23:58.000]  那時候
[00:23:58.000 --> 00:24:00.000]  每一次我們要回去
[00:24:00.000 --> 00:24:02.000]  他一定要
[00:24:02.000 --> 00:24:04.000]  他一定要
[00:24:04.000 --> 00:24:06.000]  和我們
[00:24:06.000 --> 00:24:08.000]  到現在我都
[00:24:08.000 --> 00:24:10.000]  可以記得
[00:24:10.000 --> 00:24:12.000]  他每一次我們出去
[00:24:12.000 --> 00:24:14.000]  我們走了
[00:24:14.000 --> 00:24:16.000]  另一個case
[00:24:16.000 --> 00:24:18.000]  是一個大兄
[00:24:18.000 --> 00:24:20.000]  差不多
[00:24:20.000 --> 00:24:22.000]  今年2月
[00:24:22.000 --> 00:24:24.000]  那時候
[00:24:24.000 --> 00:24:26.000]  他差不多
[00:24:26.000 --> 00:24:28.000]  他去醫院
[00:24:28.000 --> 00:24:30.000]  醫院開始要打麻醉
[00:24:30.000 --> 00:24:32.000]  那時候
[00:24:32.000 --> 00:24:34.000]  我有些事要回去新加坡
[00:24:34.000 --> 00:24:36.000]  幾天
[00:24:36.000 --> 00:24:38.000]  我和他說你都不用怕
[00:24:38.000 --> 00:24:40.000]  他說他已經寫了
[00:24:40.000 --> 00:24:42.000]  寫了
[00:24:42.000 --> 00:24:44.000]  他寫了要怎樣
[00:24:44.000 --> 00:24:46.000]  選什麼歌
[00:24:46.000 --> 00:24:48.000]  他都寫了
[00:24:48.000 --> 00:24:50.000]  要怎樣
[00:24:50.000 --> 00:24:52.000]  他都寫了
[00:24:52.000 --> 00:24:54.000]  他都寫了
[00:24:54.000 --> 00:24:56.000]  我去幾天
[00:24:56.000 --> 00:24:58.000]  但是如果
[00:24:58.000 --> 00:25:00.000]  我們這邊有很多牧師
[00:25:00.000 --> 00:25:02.000]  我支持不了
[00:25:02.000 --> 00:25:04.000]  很多牧師我都和他們交代過
[00:25:04.000 --> 00:25:06.000]  他們都可以支持
[00:25:06.000 --> 00:25:08.000]  但是我去
[00:25:08.000 --> 00:25:10.000]  新加坡
[00:25:10.000 --> 00:25:12.000]  回來他過了世
[00:25:12.000 --> 00:25:14.000]  我第一時間
[00:25:14.000 --> 00:25:16.000]  去探他
[00:25:16.000 --> 00:25:18.000]  太太
[00:25:18.000 --> 00:25:20.000]  那時候他太太和我一件事
[00:25:20.000 --> 00:25:22.000]  她說你知道嗎
[00:25:22.000 --> 00:25:24.000]  我
[00:25:24.000 --> 00:25:26.000]  丈夫那天和我說
[00:25:26.000 --> 00:25:28.000]  他一直問我
[00:25:28.000 --> 00:25:30.000]  牧師回來了嗎
[00:25:30.000 --> 00:25:32.000]  師母回來了嗎
[00:25:32.000 --> 00:25:36.000]  我聽他很難說
[00:25:36.000 --> 00:25:38.000]  因為原來
[00:25:38.000 --> 00:25:42.000]  他臨死之前
[00:25:42.000 --> 00:25:44.000]  他一直想著
[00:25:44.000 --> 00:25:46.000]  和牧師和師母
[00:25:46.000 --> 00:25:48.000]  見一見面
[00:25:48.000 --> 00:25:50.000]  或者他希望牧師
[00:25:50.000 --> 00:25:52.000]  是和他主持的
[00:25:52.000 --> 00:25:54.000]  這個是
[00:25:54.000 --> 00:25:56.000]  到現在我都很難說
[00:25:56.000 --> 00:25:58.000]  但是給我很大的
[00:25:58.000 --> 00:26:00.000]  安慰是什麼
[00:26:00.000 --> 00:26:02.000]  安慰是他太太和我說
[00:26:02.000 --> 00:26:04.000]  她說以前一年前
[00:26:04.000 --> 00:26:10.000]  我先生過世了
[00:26:10.000 --> 00:26:12.000]  我一定
[00:26:12.000 --> 00:26:14.000]  撐不住
[00:26:14.000 --> 00:26:16.000]  我一定
[00:26:16.000 --> 00:26:18.000]  情緒
[00:26:18.000 --> 00:26:20.000]  不行
[00:26:20.000 --> 00:26:22.000]  憂鬱
[00:26:22.000 --> 00:26:24.000]  但是現在
[00:26:24.000 --> 00:26:26.000]  感謝神
[00:26:26.000 --> 00:26:28.000]  因為這一年
[00:26:28.000 --> 00:26:30.000]  的時間
[00:26:30.000 --> 00:26:32.000]  你們陪我們
[00:26:32.000 --> 00:26:34.000]  都和我們說
[00:26:34.000 --> 00:26:36.000]  返回神國復活的大難
[00:26:36.000 --> 00:26:38.000]  返回神國復活的
[00:26:38.000 --> 00:26:40.000]  盼望的時候
[00:26:40.000 --> 00:26:42.000]  我知道我有盼望
[00:26:42.000 --> 00:26:44.000]  我先生只是讓我
[00:26:44.000 --> 00:26:46.000]  做一些在神那邊
[00:26:46.000 --> 00:26:48.000]  有一天
[00:26:48.000 --> 00:26:50.000]  我都會和我先生
[00:26:50.000 --> 00:26:52.000]  在一起
[00:26:52.000 --> 00:26:54.000]  這個不是永遠的
[00:26:54.000 --> 00:26:56.000]  離別
[00:26:56.000 --> 00:26:58.000]  這個是
[00:26:58.000 --> 00:27:00.000]  曾是我和他離開
[00:27:00.000 --> 00:27:02.000]  所以大兄姊妹
[00:27:02.000 --> 00:27:06.000]  保羅就是
[00:27:06.000 --> 00:27:08.000]  這樣的
[00:27:08.000 --> 00:27:10.000]  和
[00:27:10.000 --> 00:27:12.000]  哥倫多信徒
[00:27:12.000 --> 00:27:14.000]  他們說
[00:27:14.000 --> 00:27:16.000]  盼望不是很可怕
[00:27:16.000 --> 00:27:18.000]  只是我們相信
[00:27:18.000 --> 00:27:20.000]  我們要
[00:27:20.000 --> 00:27:22.000]  復活的盼望
[00:27:22.000 --> 00:27:24.000]  只是我們相信
[00:27:24.000 --> 00:27:26.000]  耶穌已經有復活的大難
[00:27:26.000 --> 00:27:28.000]  我們不用怕
[00:27:28.000 --> 00:27:30.000]  所以保羅就是
[00:27:30.000 --> 00:27:32.000]  最後
[00:27:32.000 --> 00:27:38.000]  58節
[00:27:38.000 --> 00:27:40.000]  請大家讀一讀
[00:27:44.000 --> 00:27:46.000]  保羅的弟兄就和他們說
[00:27:46.000 --> 00:27:48.000]  這張是
[00:27:48.000 --> 00:27:50.000]  保羅對他們
[00:27:50.000 --> 00:27:52.000]  最後的教導
[00:27:52.000 --> 00:27:54.000]  和獻面
[00:27:54.000 --> 00:27:56.000]  保羅要說
[00:27:56.000 --> 00:27:58.000]  自然你們知道
[00:27:58.000 --> 00:28:00.000]  我和你們說明了
[00:28:00.000 --> 00:28:02.000]  我們要復活的盼望
[00:28:02.000 --> 00:28:04.000]  主耶穌基督都要
[00:28:04.000 --> 00:28:06.000]  復活的大難
[00:28:06.000 --> 00:28:08.000]  但是我們要
[00:28:08.000 --> 00:28:10.000]  信徒
[00:28:10.000 --> 00:28:12.000]  我們要信徒
[00:28:12.000 --> 00:28:14.000]  我們也要復活的大難
[00:28:14.000 --> 00:28:18.000]  我們只是靠
[00:28:18.000 --> 00:28:20.000]  我們相信他
[00:28:20.000 --> 00:28:22.000]  我們也可以
[00:28:22.000 --> 00:28:24.000]  我們也有這樣的盼望
[00:28:24.000 --> 00:28:26.000]  所以保羅就說
[00:28:26.000 --> 00:28:28.000]  所以我們要
[00:28:28.000 --> 00:28:30.000]  我們一定要堅固
[00:28:30.000 --> 00:28:32.000]  他說怎樣堅固呢
[00:28:32.000 --> 00:28:34.000]  要堅固
[00:28:34.000 --> 00:28:36.000]  要堅固的意思是這樣
[00:28:36.000 --> 00:28:38.000]  就是一定要
[00:28:38.000 --> 00:28:40.000]  一定要
[00:28:40.000 --> 00:28:42.000]  比如我在周刊裡面
[00:28:42.000 --> 00:28:44.000]  或者我在報告裡面
[00:28:44.000 --> 00:28:46.000]  有些同工參加會議的時候
[00:28:46.000 --> 00:28:48.000]  我一定要
[00:28:48.000 --> 00:28:50.000]  復活別
[00:28:50.000 --> 00:28:52.000]  他們說為何要復活別
[00:28:52.000 --> 00:28:54.000]  意思是跟你說
[00:28:54.000 --> 00:28:56.000]  你一定要出席
[00:28:56.000 --> 00:28:58.000]  你一定要出席
[00:28:58.000 --> 00:29:00.000]  意思是你一定要出席
[00:29:00.000 --> 00:29:02.000]  不能談的
[00:29:02.000 --> 00:29:04.000]  你一定要出席會議
[00:29:04.000 --> 00:29:06.000]  所以
[00:29:06.000 --> 00:29:08.000]  保羅說
[00:29:08.000 --> 00:29:10.000]  一定要堅固
[00:29:10.000 --> 00:29:12.000]  一定要堅固這個信心
[00:29:12.000 --> 00:29:14.000]  一定要堅固
[00:29:14.000 --> 00:29:16.000]  那個盼望
[00:29:16.000 --> 00:29:18.000]  因為我們指望不是今生
[00:29:18.000 --> 00:29:20.000]  還有永生
[00:29:20.000 --> 00:29:22.000]  所以最後他有說
[00:29:22.000 --> 00:29:24.000]  不可以
[00:29:24.000 --> 00:29:26.000]  妖動
[00:29:26.000 --> 00:29:28.000]  不可以妖動
[00:29:28.000 --> 00:29:30.000]  因為那些信徒
[00:29:30.000 --> 00:29:32.000]  他們被一些希臘文化
[00:29:32.000 --> 00:29:34.000]  希臘的餘敦
[00:29:34.000 --> 00:29:36.000]  他們有妖動
[00:29:36.000 --> 00:29:38.000]  我們都是活了
[00:29:38.000 --> 00:29:40.000]  但是我們真的會復活
[00:29:40.000 --> 00:29:42.000]  所以我們不要妖動
[00:29:42.000 --> 00:29:44.000]  我們受到
[00:29:44.000 --> 00:29:46.000]  什麼餘敦
[00:29:46.000 --> 00:29:48.000]  學說
[00:29:48.000 --> 00:29:50.000]  或者我們處在什麼環境
[00:29:50.000 --> 00:29:52.000]  我們都要知道
[00:29:52.000 --> 00:29:54.000]  我們要對
[00:29:54.000 --> 00:29:56.000]  我們都要相信
[00:29:56.000 --> 00:29:58.000]  要相信這個
[00:29:58.000 --> 00:30:00.000]  不要因為
[00:30:00.000 --> 00:30:02.000]  這些東西
[00:30:02.000 --> 00:30:04.000]  妖動我們的信心
[00:30:04.000 --> 00:30:06.000]  可能
[00:30:06.000 --> 00:30:08.000]  跟我講
[00:30:08.000 --> 00:30:10.000]  我第一次
[00:30:10.000 --> 00:30:12.000]  又這樣想
[00:30:12.000 --> 00:30:14.000]  我和哥倫多教會的信徒
[00:30:14.000 --> 00:30:16.000]  一樣已經妖動了
[00:30:16.000 --> 00:30:18.000]  為什麼
[00:30:18.000 --> 00:30:20.000]  如果這樣的話
[00:30:20.000 --> 00:30:22.000]  我只是
[00:30:22.000 --> 00:30:24.000]  勸勉你
[00:30:24.000 --> 00:30:26.000]  靠主
[00:30:26.000 --> 00:30:28.000]  靠主
[00:30:28.000 --> 00:30:30.000]  站立起來
[00:30:30.000 --> 00:30:32.000]  所以會尊主
[00:30:32.000 --> 00:30:34.000]  所以佛羅教有講
[00:30:34.000 --> 00:30:36.000]  要想像
[00:30:36.000 --> 00:30:38.000]  要協力
[00:30:38.000 --> 00:30:40.000]  多做主綱
[00:30:40.000 --> 00:30:42.000]  他就講
[00:30:42.000 --> 00:30:44.000]  不單單我們信
[00:30:44.000 --> 00:30:46.000]  我們都要
[00:30:46.000 --> 00:30:48.000]  傳
[00:30:48.000 --> 00:30:50.000]  傳是我們
[00:30:50.000 --> 00:30:52.000]  想像就是不不斷的
[00:30:52.000 --> 00:30:54.000]  協力就是
[00:30:54.000 --> 00:30:56.000]  尊你最大的力量
[00:30:56.000 --> 00:30:58.000]  做綱
[00:30:58.000 --> 00:31:00.000]  多做是什麼
[00:31:00.000 --> 00:31:02.000]  負你最大的代價
[00:31:02.000 --> 00:31:04.000]  去做
[00:31:04.000 --> 00:31:06.000]  所以他講
[00:31:06.000 --> 00:31:08.000]  我們要做主綱
[00:31:08.000 --> 00:31:10.000]  我們要不斷的尊我們最大的力量
[00:31:10.000 --> 00:31:12.000]  負我們最大的代價
[00:31:12.000 --> 00:31:14.000]  去做主綱
[00:31:14.000 --> 00:31:16.000]  但是因為知道
[00:31:16.000 --> 00:31:18.000]  在散的老虎
[00:31:18.000 --> 00:31:20.000]  老虎裏面
[00:31:20.000 --> 00:31:22.000]  在主裏面
[00:31:22.000 --> 00:31:24.000]  不會在討厭的
[00:31:24.000 --> 00:31:26.000]  不會敗的
[00:31:26.000 --> 00:31:28.000]  我來與同
[00:31:28.000 --> 00:31:30.000]  其實我很喜歡與同講道
[00:31:30.000 --> 00:31:32.000]  這是很訓練我的語言
[00:31:32.000 --> 00:31:34.000]  用廣東話講道
[00:31:34.000 --> 00:31:36.000]  但是呢
[00:31:36.000 --> 00:31:38.000]  都是很壓力的
[00:31:38.000 --> 00:31:40.000]  我要花很多時間
[00:31:40.000 --> 00:31:42.000]  多些時間
[00:31:42.000 --> 00:31:44.000]  不是很多時間
[00:31:44.000 --> 00:31:46.000]  多些時間
[00:31:46.000 --> 00:31:48.000]  所以我昨晚
[00:31:48.000 --> 00:31:50.000]  今早都問師母
[00:31:50.000 --> 00:31:52.000]  你講我這樣分享
[00:31:52.000 --> 00:31:54.000]  我有些字
[00:31:54.000 --> 00:31:56.000]  我就問她
[00:31:56.000 --> 00:31:58.000]  我與他們分享
[00:31:58.000 --> 00:32:00.000]  他們知不知道
[00:32:00.000 --> 00:32:02.000]  我講什麼
[00:32:02.000 --> 00:32:06.000]  師母說
[00:32:06.000 --> 00:32:08.000]  你當你
[00:32:08.000 --> 00:32:10.000]  你好像
[00:32:10.000 --> 00:32:12.000]  講廣東話
[00:32:12.000 --> 00:32:14.000]  好像平時
[00:32:14.000 --> 00:32:16.000]  你與他們對話
[00:32:16.000 --> 00:32:18.000]  平時講話
[00:32:18.000 --> 00:32:20.000]  都沒有問題
[00:32:20.000 --> 00:32:22.000]  所以但是
[00:32:22.000 --> 00:32:24.000]  這個字就給我很大的
[00:32:24.000 --> 00:32:26.000]  很大的
[00:32:26.000 --> 00:32:28.000]  提升
[00:32:28.000 --> 00:32:30.000]  或者很大的
[00:32:30.000 --> 00:32:32.000]  安慰
[00:32:32.000 --> 00:32:34.000]  因為我不知道我剛才
[00:32:34.000 --> 00:32:36.000]  你們聽不聽得清楚
[00:32:36.000 --> 00:32:38.000]  但是我知道不會敗的
[00:32:38.000 --> 00:32:40.000]  因為我已經
[00:32:40.000 --> 00:32:42.000]  盡我最大的力量
[00:32:42.000 --> 00:32:44.000]  我已經付我最大的代價
[00:32:44.000 --> 00:32:46.000]  去準備這個講章
[00:32:46.000 --> 00:32:48.000]  這個講章不是舊講章
[00:32:48.000 --> 00:32:50.000]  這個是新的講章
[00:32:50.000 --> 00:32:52.000]  這個不是舊的講章
[00:32:52.000 --> 00:32:54.000]  是新的講章
[00:32:54.000 --> 00:32:56.000]  所以
[00:32:56.000 --> 00:32:58.000]  求主幫助我們
[00:32:58.000 --> 00:33:02.000]  最後我要用一個
[00:33:02.000 --> 00:33:06.000]  你們
[00:33:06.000 --> 00:33:08.000]  這個我們都
[00:33:08.000 --> 00:33:10.000]  這首歌我們都很熟
[00:33:10.000 --> 00:33:12.000]  如果我們
[00:33:12.000 --> 00:33:14.000]  試試
[00:33:14.000 --> 00:33:16.000]  我心靈不安寧
[00:33:16.000 --> 00:33:18.000]  我心靈不安寧
[00:33:18.000 --> 00:33:20.000]  我不知道你們知道
[00:33:20.000 --> 00:33:22.000]  這個作詞
[00:33:22.000 --> 00:33:24.000]  這個人有沒有聽過
[00:33:24.000 --> 00:33:26.000]  有沒有聽過
[00:33:26.000 --> 00:33:28.000]  史帕弗
[00:33:28.000 --> 00:33:30.000]  這個史帕弗
[00:33:30.000 --> 00:33:32.000]  是一位
[00:33:32.000 --> 00:33:34.000]  大眾
[00:33:34.000 --> 00:33:36.000]  大眾區
[00:33:36.000 --> 00:33:38.000]  美國的總理會
[00:33:38.000 --> 00:33:40.000]  的一個會議
[00:33:40.000 --> 00:33:42.000]  他在薩奧英都做過
[00:33:42.000 --> 00:33:44.000]  這個人
[00:33:44.000 --> 00:33:46.000]  是很好的基督徒
[00:33:46.000 --> 00:33:48.000]  但是他都是
[00:33:48.000 --> 00:33:50.000]  他在
[00:33:50.000 --> 00:33:52.000]  芝加哥
[00:33:52.000 --> 00:33:54.000]  在美國的芝加哥那邊
[00:33:54.000 --> 00:33:56.000]  他有投資
[00:33:56.000 --> 00:33:58.000]  很多很大的
[00:33:58.000 --> 00:34:00.000]  房
[00:34:00.000 --> 00:34:02.000]  房
[00:34:02.000 --> 00:34:04.000]  房地產
[00:34:04.000 --> 00:34:06.000]  房地產
[00:34:06.000 --> 00:34:08.000]  他房地產的時候
[00:34:08.000 --> 00:34:10.000]  但是開始那個芝加哥
[00:34:10.000 --> 00:34:12.000]  那個就
[00:34:12.000 --> 00:34:14.000]  發生一個大火
[00:34:14.000 --> 00:34:16.000]  發生那個大火的時候
[00:34:16.000 --> 00:34:18.000]  他投資那個房地產
[00:34:18.000 --> 00:34:20.000]  損失很大很大
[00:34:20.000 --> 00:34:22.000]  不單單他損失
[00:34:22.000 --> 00:34:24.000]  那個房地
[00:34:24.000 --> 00:34:26.000]  那個投資那個錢
[00:34:26.000 --> 00:34:28.000]  那個房地產那個事業
[00:34:28.000 --> 00:34:30.000]  他那時候那個大火
[00:34:30.000 --> 00:34:32.000]  損失他一個
[00:34:32.000 --> 00:34:34.000]  唯一
[00:34:34.000 --> 00:34:36.000]  一個兒子
[00:34:36.000 --> 00:34:38.000]  他有四個女兒
[00:34:38.000 --> 00:34:40.000]  一個兒子
[00:34:40.000 --> 00:34:42.000]  這個又是一個兒子
[00:34:42.000 --> 00:34:44.000]  他都是一個大火死了
[00:34:44.000 --> 00:34:46.000]  但是那個
[00:34:46.000 --> 00:34:48.000]  史柏弗
[00:34:48.000 --> 00:34:50.000]  史柏弗他不會
[00:34:50.000 --> 00:34:52.000]  他雖然是這樣
[00:34:52.000 --> 00:34:54.000]  他損失
[00:34:54.000 --> 00:34:56.000]  又損失這個又損失那個兒子
[00:34:56.000 --> 00:34:58.000]  他
[00:34:58.000 --> 00:35:00.000]  繼續
[00:35:00.000 --> 00:35:02.000]  幫忙當時美國一個
[00:35:02.000 --> 00:35:04.000]  很出名的
[00:35:04.000 --> 00:35:06.000]  報導家利奧穆迪
[00:35:06.000 --> 00:35:08.000]  你們應該都聽過了
[00:35:08.000 --> 00:35:10.000]  穆迪先生
[00:35:10.000 --> 00:35:12.000]  利奧穆迪他們那個
[00:35:12.000 --> 00:35:14.000]  那個大火之後
[00:35:14.000 --> 00:35:16.000]  他們就怎樣幫忙
[00:35:16.000 --> 00:35:18.000]  重建那個
[00:35:18.000 --> 00:35:20.000]  重建那個家園
[00:35:20.000 --> 00:35:22.000]  重建那個家園
[00:35:22.000 --> 00:35:24.000]  他繼續幫忙他們
[00:35:24.000 --> 00:35:26.000]  他加入去幫助他們
[00:35:26.000 --> 00:35:28.000]  兩年之後這個史柏弗
[00:35:28.000 --> 00:35:30.000]  和他的妻子和四個女兒
[00:35:30.000 --> 00:35:32.000]  準備去
[00:35:32.000 --> 00:35:34.000]  澳洲
[00:35:34.000 --> 00:35:36.000]  歐洲去度假
[00:35:36.000 --> 00:35:38.000]  去度假那時候
[00:35:38.000 --> 00:35:40.000]  那天那時候剛剛好
[00:35:40.000 --> 00:35:42.000]  有一天
[00:35:42.000 --> 00:35:44.000]  有一些事務要談
[00:35:44.000 --> 00:35:46.000]  有一些事務要談
[00:35:46.000 --> 00:35:48.000]  所以他們不能去
[00:35:48.000 --> 00:35:50.000]  之後他的
[00:35:50.000 --> 00:35:52.000]  四個女兒和他的
[00:35:52.000 --> 00:35:54.000]  太太就坐船去
[00:35:54.000 --> 00:35:58.000]  他太太去坐船那時候
[00:35:58.000 --> 00:36:00.000]  去歐洲那時候
[00:36:00.000 --> 00:36:02.000]  一個禮拜之後
[00:36:02.000 --> 00:36:04.000]  你知道以前坐船不是很快
[00:36:04.000 --> 00:36:06.000]  都要一百多年
[00:36:06.000 --> 00:36:08.000]  很久的
[00:36:08.000 --> 00:36:10.000]  他就聽到一個消息
[00:36:10.000 --> 00:36:12.000]  這個消息是那個
[00:36:12.000 --> 00:36:14.000]  他太太坐那個
[00:36:14.000 --> 00:36:16.000]  郵輪
[00:36:16.000 --> 00:36:18.000]  和另外一個郵輪
[00:36:18.000 --> 00:36:20.000]  重了
[00:36:20.000 --> 00:36:22.000]  他太太那個郵輪
[00:36:22.000 --> 00:36:24.000]  就整個
[00:36:24.000 --> 00:36:26.000]  殘了
[00:36:26.000 --> 00:36:28.000]  殘了之後不知道
[00:36:28.000 --> 00:36:30.000]  怎樣
[00:36:30.000 --> 00:36:32.000]  最後一個禮拜
[00:36:32.000 --> 00:36:34.000]  之後
[00:36:34.000 --> 00:36:36.000]  幾天之後他聽到
[00:36:36.000 --> 00:36:38.000]  他的妻子
[00:36:38.000 --> 00:36:40.000]  給一個電報
[00:36:40.000 --> 00:36:42.000]  那個電報跟他說
[00:36:42.000 --> 00:36:44.000]  Safe Alone
[00:36:44.000 --> 00:36:46.000]  就是全部死了之後
[00:36:46.000 --> 00:36:48.000]  我一個人得假
[00:36:48.000 --> 00:36:54.000]  史帕弗
[00:36:54.000 --> 00:36:56.000]  收到這個消息
[00:36:56.000 --> 00:36:58.000]  他馬上在美國
[00:36:58.000 --> 00:37:00.000]  就趕去
[00:37:00.000 --> 00:37:02.000]  要趕去
[00:37:02.000 --> 00:37:04.000]  看他太太
[00:37:04.000 --> 00:37:06.000]  他坐船
[00:37:06.000 --> 00:37:08.000]  要去
[00:37:08.000 --> 00:37:10.000]  英國
[00:37:10.000 --> 00:37:12.000]  看他太太那時候
[00:37:12.000 --> 00:37:14.000]  他就全是經過
[00:37:14.000 --> 00:37:16.000]  一個地方
[00:37:16.000 --> 00:37:18.000]  船長就跟他說
[00:37:18.000 --> 00:37:20.000]  這個地方就是你女兒
[00:37:20.000 --> 00:37:22.000]  出事的地方
[00:37:22.000 --> 00:37:24.000]  史帕弗
[00:37:24.000 --> 00:37:26.000]  這樣聽之後
[00:37:26.000 --> 00:37:28.000]  他就
[00:37:28.000 --> 00:37:30.000]  馬上寫了
[00:37:30.000 --> 00:37:32.000]  一個詞
[00:37:32.000 --> 00:37:34.000]  一個詞就是
[00:37:34.000 --> 00:37:36.000]  我心靈得安寧
[00:37:36.000 --> 00:37:38.000]  這個他就寫了
[00:37:38.000 --> 00:37:40.000]  一個詞
[00:37:40.000 --> 00:37:42.000]  一個什麼都
[00:37:42.000 --> 00:37:44.000]  失去的人
[00:37:44.000 --> 00:37:48.000]  四個兒子
[00:37:48.000 --> 00:37:50.000]  什麼都沒有
[00:37:50.000 --> 00:37:52.000]  四個女兒都死了
[00:37:52.000 --> 00:37:54.000]  他在船裏
[00:37:54.000 --> 00:37:56.000]  靠船
[00:37:56.000 --> 00:37:58.000]  我心靈得安寧
[00:37:58.000 --> 00:38:00.000]  因為他相信
[00:38:00.000 --> 00:38:02.000]  神父的
[00:38:02.000 --> 00:38:04.000]  伯母
[00:38:04.000 --> 00:38:06.000]  因為他相信
[00:38:06.000 --> 00:38:08.000]  神父的太太
[00:38:08.000 --> 00:38:12.000]  下面我會給你們看一個
[00:38:12.000 --> 00:38:14.000]  video
[00:38:14.000 --> 00:38:16.000]  那個video是一個
[00:38:16.000 --> 00:38:18.000]  其實除了
[00:38:18.000 --> 00:38:20.000]  史帕弗
[00:38:20.000 --> 00:38:22.000]  這件事之外
[00:38:22.000 --> 00:38:24.000]  還有一件事就是
[00:38:24.000 --> 00:38:26.000]  有一個姓容的
[00:38:26.000 --> 00:38:28.000]  姓容的馬來西亞
[00:38:28.000 --> 00:38:30.000]  有錢人
[00:38:30.000 --> 00:38:32.000]  富翁
[00:38:32.000 --> 00:38:34.000]  這個有錢人
[00:38:34.000 --> 00:38:36.000]  他在英國
[00:38:36.000 --> 00:38:38.000]  投資了一個
[00:38:38.000 --> 00:38:40.000]  水力
[00:38:40.000 --> 00:38:42.000]  水力供水的
[00:38:42.000 --> 00:38:44.000]  大公司
[00:38:44.000 --> 00:38:50.000]  這個容大兄
[00:38:50.000 --> 00:38:52.000]  他有一次
[00:38:52.000 --> 00:38:54.000]  為了
[00:38:54.000 --> 00:38:56.000]  答謝當地的
[00:38:56.000 --> 00:38:58.000]  居民
[00:38:58.000 --> 00:39:00.000]  他就在那邊
[00:39:00.000 --> 00:39:02.000]  開始一個
[00:39:02.000 --> 00:39:04.000]  免費讓他們在公園
[00:39:04.000 --> 00:39:06.000]  欣賞
[00:39:06.000 --> 00:39:08.000]  一個音樂
[00:39:08.000 --> 00:39:10.000]  這個音樂他就
[00:39:10.000 --> 00:39:12.000]  請了三大
[00:39:12.000 --> 00:39:14.000]  高音很有名的
[00:39:14.000 --> 00:39:16.000]  很有名的
[00:39:16.000 --> 00:39:18.000]  一個人他請了一百萬
[00:39:18.000 --> 00:39:20.000]  英鎊
[00:39:20.000 --> 00:39:22.000]  英鎊
[00:39:22.000 --> 00:39:24.000]  所以三個人是三百萬
[00:39:24.000 --> 00:39:26.000]  免費給人家看
[00:39:26.000 --> 00:39:28.000]  但是他那時候
[00:39:28.000 --> 00:39:30.000]  要他們唱的就是
[00:39:30.000 --> 00:39:32.000]  我心靈
[00:39:32.000 --> 00:39:34.000]  得安寧
[00:39:34.000 --> 00:39:36.000]  對他來說
[00:39:36.000 --> 00:39:38.000]  那時候
[00:39:38.000 --> 00:39:40.000]  因為他的太太
[00:39:40.000 --> 00:39:42.000]  都得了癌症
[00:39:42.000 --> 00:39:44.000]  他太太都差不多了
[00:39:44.000 --> 00:39:46.000]  但是
[00:39:46.000 --> 00:39:48.000]  那時候因為那個音樂
[00:39:48.000 --> 00:39:50.000]  他們
[00:39:50.000 --> 00:39:52.000]  他們舉辦那個音樂
[00:39:52.000 --> 00:39:54.000]  那個
[00:39:54.000 --> 00:39:56.000]  那個演唱會那時候
[00:39:56.000 --> 00:39:58.000]  他和他太太都
[00:39:58.000 --> 00:40:00.000]  得到很大很大的安慰
[00:40:00.000 --> 00:40:02.000]  尤其是
[00:40:02.000 --> 00:40:04.000]  他太太
[00:40:04.000 --> 00:40:06.000]  離開他之後
[00:40:06.000 --> 00:40:08.000]  他說
[00:40:08.000 --> 00:40:10.000]  因為真的這個
[00:40:10.000 --> 00:40:12.000]  我心靈得安寧
[00:40:12.000 --> 00:40:14.000]  讓我可以
[00:40:14.000 --> 00:40:16.000]  面對我太太
[00:40:16.000 --> 00:40:18.000]  離開我這樣的事實
[00:40:18.000 --> 00:40:20.000]  我們看個video
[00:40:20.000 --> 00:40:22.000]  就在最後那一段
[00:40:50.000 --> 00:40:52.000]  And I did not know
[00:40:52.000 --> 00:40:54.000]  that a man could still write
[00:40:54.000 --> 00:40:56.000]  him so beautifully
[00:40:56.000 --> 00:40:58.000]  after such devastation
[00:40:58.000 --> 00:41:00.000]  And
[00:41:00.000 --> 00:41:02.000]  I did not know
[00:41:02.000 --> 00:41:04.000]  that a man could still write
[00:41:04.000 --> 00:41:06.000]  him so beautifully
[00:41:06.000 --> 00:41:08.000]  after such devastation
[00:41:08.000 --> 00:41:10.000]  And
[00:41:10.000 --> 00:41:12.000]  I did not know
[00:41:12.000 --> 00:41:14.000]  that a man could still write
[00:41:14.000 --> 00:41:16.000]  him so beautifully
[00:41:16.000 --> 00:41:18.000]  after such devastation
[00:41:18.000 --> 00:41:20.000]  And
[00:41:20.000 --> 00:41:22.000]  it was a lightning bolt
[00:41:22.000 --> 00:41:24.000]  that struck me
[00:41:24.000 --> 00:41:26.000]  if only the three tenors could do this
[00:41:26.000 --> 00:41:28.000]  how nice
[00:41:28.000 --> 00:41:30.000]  if I have an opportunity one day
[00:41:30.000 --> 00:41:32.000]  I would like to get the three tenors to do this song
[00:41:32.000 --> 00:41:34.000]  because it just touches
[00:41:34.000 --> 00:41:36.000]  my heart so much
[00:41:48.000 --> 00:41:50.000]  And
[00:41:50.000 --> 00:41:52.000]  I
[00:41:52.000 --> 00:41:54.000]  did not
[00:41:54.000 --> 00:41:56.000]  impart
[00:41:56.000 --> 00:41:58.000]  but the whole
[00:41:58.000 --> 00:42:00.000]  His
[00:42:00.000 --> 00:42:02.000]  nephew
[00:42:02.000 --> 00:42:04.000]  the cross
[00:42:04.000 --> 00:42:06.000]  held
[00:42:06.000 --> 00:42:08.000]  I buried
[00:42:08.000 --> 00:42:10.000]  no more
[00:42:10.000 --> 00:42:12.000]  raised
[00:42:12.000 --> 00:42:14.000]  the law
[00:42:14.000 --> 00:42:16.000]  raised the law
[00:42:16.000 --> 00:42:18.000]  I buried
[00:42:18.000 --> 00:42:20.000]  the law
[00:42:20.000 --> 00:42:22.000]  raised the law
[00:42:22.000 --> 00:42:24.000]  I buried
[00:42:24.000 --> 00:42:26.000]  the law
[00:42:26.000 --> 00:42:28.000]  raised the law
[00:42:28.000 --> 00:42:30.000]  I buried
[00:42:30.000 --> 00:42:32.000]  the law
[00:42:32.000 --> 00:42:34.000]  raised the law
[00:42:34.000 --> 00:42:36.000]  I buried
[00:42:36.000 --> 00:42:38.000]  the law
[00:42:38.000 --> 00:42:40.000]  raised the law
[00:42:40.000 --> 00:42:42.000]  I buried
[00:42:42.000 --> 00:42:44.000]  the law
[00:42:44.000 --> 00:42:46.000]  raised the law
[00:42:46.000 --> 00:42:48.000]  I buried
[00:42:48.000 --> 00:42:50.000]  the law
[00:42:50.000 --> 00:42:52.000]  raised the law
[00:42:52.000 --> 00:42:54.000]  I buried
[00:42:54.000 --> 00:42:56.000]  the law
[00:42:56.000 --> 00:42:58.000]  raised the law
[00:42:58.000 --> 00:43:00.000]  I buried
[00:43:00.000 --> 00:43:02.000]  the law
[00:43:02.000 --> 00:43:04.000]  raised the law
[00:43:04.000 --> 00:43:06.000]  I buried
[00:43:06.000 --> 00:43:08.000]  the law
[00:43:08.000 --> 00:43:10.000]  raised the law
[00:43:10.000 --> 00:43:12.000]  I buried
[00:43:12.000 --> 00:43:14.000]  the law
[00:43:14.000 --> 00:43:16.000]  raised the law
[00:43:16.000 --> 00:43:18.000]  I buried
[00:43:18.000 --> 00:43:20.000]  the law
[00:43:20.000 --> 00:43:22.000]  raised the law
[00:43:22.000 --> 00:43:24.000]  I buried
[00:43:24.000 --> 00:43:26.000]  the law
[00:43:26.000 --> 00:43:28.000]  raised the law
[00:43:28.000 --> 00:43:30.000]  I buried
[00:43:30.000 --> 00:43:32.000]  the law
[00:43:32.000 --> 00:43:34.000]  raised the law
[00:43:34.000 --> 00:43:36.000]  I buried
[00:43:36.000 --> 00:43:38.000]  the law
[00:43:38.000 --> 00:43:40.000]  raised the law
[00:43:40.000 --> 00:43:42.000]  I buried
[00:43:42.000 --> 00:43:44.000]  the law
[00:43:44.000 --> 00:43:46.000]  raised the law
[00:43:46.000 --> 00:43:48.000]  I buried
[00:43:48.000 --> 00:43:50.000]  the law
[00:43:50.000 --> 00:43:52.000]  raised the law
[00:43:52.000 --> 00:43:54.000]  I buried
[00:43:54.000 --> 00:43:56.000]  the law
[00:43:56.000 --> 00:43:58.000]  raised the law
[00:43:58.000 --> 00:44:00.000]  I buried
[00:44:00.000 --> 00:44:02.000]  the law
[00:44:02.000 --> 00:44:04.000]  raised the law
[00:44:04.000 --> 00:44:06.000]  I buried
[00:44:06.000 --> 00:44:08.000]  the law
[00:44:08.000 --> 00:44:10.000]  raised the law
[00:44:10.000 --> 00:44:12.000]  I buried
[00:44:12.000 --> 00:44:14.000]  the law
[00:44:14.000 --> 00:44:16.000]  raised the law
[00:44:16.000 --> 00:44:18.000]  I buried
[00:44:18.000 --> 00:44:20.000]  the law
[00:44:20.000 --> 00:44:22.000]  raised the law
[00:44:22.000 --> 00:44:24.000]  I buried
[00:44:24.000 --> 00:44:26.000]  the law
[00:44:26.000 --> 00:44:28.000]  raised the law
[00:44:28.000 --> 00:44:30.000]  I buried
[00:44:30.000 --> 00:44:32.000]  the law
[00:44:32.000 --> 00:44:34.000]  raised the law
[00:44:34.000 --> 00:44:36.000]  I buried
[00:44:36.000 --> 00:44:38.000]  the law
[00:44:38.000 --> 00:44:40.000]  raised the law
[00:44:40.000 --> 00:44:42.000]  I buried
[00:44:42.000 --> 00:44:44.000]  the law
[00:44:44.000 --> 00:44:46.000]  raised the law
[00:44:46.000 --> 00:44:48.000]  I buried
[00:44:48.000 --> 00:44:50.000]  the law
[00:44:50.000 --> 00:44:52.000]  raised the law
[00:44:52.000 --> 00:44:54.000]  I buried
[00:44:54.000 --> 00:44:56.000]  the law
[00:44:56.000 --> 00:44:58.000]  raised the law
[00:44:58.000 --> 00:45:00.000]  I buried
[00:45:00.000 --> 00:45:02.000]  the law
[00:45:02.000 --> 00:45:04.000]  raised the law
[00:45:04.000 --> 00:45:06.000]  I buried
[00:45:06.000 --> 00:45:08.000]  the law
[00:45:08.000 --> 00:45:10.000]  raised the law
[00:45:10.000 --> 00:45:12.000]  I buried
[00:45:12.000 --> 00:45:14.000]  the law
[00:45:14.000 --> 00:45:16.000]  raised the law
[00:45:16.000 --> 00:45:18.000]  I buried
[00:45:18.000 --> 00:45:20.000]  the law
[00:45:20.000 --> 00:45:22.000]  raised the law
[00:45:22.000 --> 00:45:24.000]  I buried
[00:45:24.000 --> 00:45:26.000]  the law
[00:45:26.000 --> 00:45:28.000]  raised the law
[00:45:28.000 --> 00:45:30.000]  I buried
[00:45:30.000 --> 00:45:32.000]  the law
[00:45:32.000 --> 00:45:34.000]  raised the law
[00:45:34.000 --> 00:45:36.000]  I buried
[00:45:36.000 --> 00:45:38.000]  the law
[00:45:38.000 --> 00:45:40.000]  raised the law
[00:45:40.000 --> 00:45:42.000]  I buried
[00:45:42.000 --> 00:45:44.000]  the law
[00:45:44.000 --> 00:45:46.000]  raised the law
[00:45:46.000 --> 00:45:48.000]  I buried
[00:45:48.000 --> 00:45:50.000]  the law
[00:45:50.000 --> 00:45:52.000]  raised the law
[00:45:52.000 --> 00:45:54.000]  I buried
[00:45:54.000 --> 00:45:56.000]  the law
[00:45:56.000 --> 00:45:58.000]  raised the law
[00:45:58.000 --> 00:46:00.000]  I buried
[00:46:00.000 --> 00:46:02.000]  the law
[00:46:02.000 --> 00:46:04.000]  raised the law
[00:46:04.000 --> 00:46:06.000]  I buried
[00:46:06.000 --> 00:46:08.000]  the law
[00:46:08.000 --> 00:46:10.000]  raised the law
[00:46:10.000 --> 00:46:12.000]  I buried
[00:46:12.000 --> 00:46:14.000]  the law
[00:46:14.000 --> 00:46:16.000]  raised the law
[00:46:16.000 --> 00:46:18.000]  I buried
[00:46:18.000 --> 00:46:20.000]  the law
[00:46:20.000 --> 00:46:22.000]  raised the law
[00:46:22.000 --> 00:46:24.000]  I buried
[00:46:24.000 --> 00:46:26.000]  the law
[00:46:26.000 --> 00:46:28.000]  raised the law
[00:46:28.000 --> 00:46:30.000]  I buried
[00:46:30.000 --> 00:46:32.000]  the law
[00:46:32.000 --> 00:46:34.000]  raised the law
[00:46:34.000 --> 00:46:36.000]  I buried
[00:46:36.000 --> 00:46:38.000]  the law
[00:46:38.000 --> 00:46:40.000]  raised the law
[00:46:40.000 --> 00:46:42.000]  I buried
[00:46:42.000 --> 00:46:44.000]  the law
[00:46:44.000 --> 00:46:46.000]  raised the law
[00:46:46.000 --> 00:46:48.000]  I buried
[00:46:48.000 --> 00:46:50.000]  the law
[00:46:50.000 --> 00:46:52.000]  raised the law
[00:46:52.000 --> 00:46:54.000]  I buried
[00:46:54.000 --> 00:46:56.000]  the law
[00:46:56.000 --> 00:46:58.000]  raised the law
[00:46:58.000 --> 00:47:00.000]  I buried
[00:47:00.000 --> 00:47:02.000]  the law
[00:47:02.000 --> 00:47:04.000]  raised the law
[00:47:04.000 --> 00:47:06.000]  I buried
[00:47:06.000 --> 00:47:08.000]  the law
[00:47:08.000 --> 00:47:10.000]  raised the law
[00:47:10.000 --> 00:47:12.000]  I buried
[00:47:12.000 --> 00:47:14.000]  the law
[00:47:14.000 --> 00:47:16.000]  raised the law
[00:47:16.000 --> 00:47:18.000]  I buried
[00:47:18.000 --> 00:47:20.000]  the law
[00:47:20.000 --> 00:47:22.000]  raised the law
[00:47:22.000 --> 00:47:24.000]  I buried
[00:47:24.000 --> 00:47:26.000]  the law
[00:47:26.000 --> 00:47:28.000]  raised the law
[00:47:28.000 --> 00:47:30.000]  I buried
[00:47:30.000 --> 00:47:32.000]  the law
[00:47:32.000 --> 00:47:34.000]  raised the law
[00:47:34.000 --> 00:47:36.000]  I buried
[00:47:36.000 --> 00:47:38.000]  the law
[00:47:38.000 --> 00:47:40.000]  raised the law
[00:47:40.000 --> 00:47:42.000]  I buried
[00:47:42.000 --> 00:47:44.000]  the law
[00:47:44.000 --> 00:47:46.000]  raised the law
[00:47:46.000 --> 00:47:48.000]  I buried
[00:47:48.000 --> 00:47:50.000]  the law
[00:47:50.000 --> 00:47:52.000]  raised the law
[00:47:52.000 --> 00:47:54.000]  I buried
[00:47:54.000 --> 00:47:56.000]  the law
[00:47:56.000 --> 00:47:58.000]  raised the law
[00:47:58.000 --> 00:48:00.000]  I buried
[00:48:00.000 --> 00:48:02.000]  the law
[00:48:02.000 --> 00:48:04.000]  raised the law
[00:48:04.000 --> 00:48:06.000]  I buried
[00:48:06.000 --> 00:48:08.000]  the law
[00:48:08.000 --> 00:48:10.000]  raised the law
