
[00:00:00.000 --> 00:00:02.000]  弟兄姊妹平安
[00:00:02.000 --> 00:00:04.000]  很高興今天早晨
[00:00:04.000 --> 00:00:06.000]  跟大家一同來
[00:00:06.000 --> 00:00:08.000]  思想神的話語
[00:00:08.000 --> 00:00:10.000]  願上帝祝福大家
[00:00:10.000 --> 00:00:14.000]  身體健壯 凡事興盛
[00:00:14.000 --> 00:00:16.000]  剛才我們唱的詩
[00:00:16.000 --> 00:00:18.000]  恩典之路啊 但願我們
[00:00:18.000 --> 00:00:22.000]  真的是深深地受到感動
[00:00:22.000 --> 00:00:24.000]  我們這一生能夠
[00:00:24.000 --> 00:00:26.000]  接受主 做我們的救主
[00:00:26.000 --> 00:00:29.000]  是何等大的恩典
[00:00:29.000 --> 00:00:31.000]  今天我們早晨
[00:00:31.000 --> 00:00:36.000]  所讀的兩段的經文
[00:00:36.000 --> 00:00:38.000]  第一段是
[00:00:38.000 --> 00:00:42.000]  以色列的領袖摩西
[00:00:42.000 --> 00:00:46.000]  向以色列人所講的話語
[00:00:46.000 --> 00:00:49.000]  第二段是我們的主耶穌基督
[00:00:49.000 --> 00:01:03.000]  親自向我們說的話語
[00:01:03.000 --> 00:01:04.000]  我們還有一個禮拜
[00:01:04.000 --> 00:01:07.000]  就是年二十九了
[00:01:07.000 --> 00:01:10.000]  也是我們農曆年
[00:01:10.000 --> 00:01:12.000]  新年的開始
[00:01:12.000 --> 00:01:15.000]  今天早晨我經過
[00:01:15.000 --> 00:01:17.000]  自地廣場 Landmark
[00:01:17.000 --> 00:01:19.000]  看到有很多美麗的花
[00:01:19.000 --> 00:01:21.000]  有紅的 有金黃色的
[00:01:21.000 --> 00:01:24.000]  或者是粉紅色的
[00:01:24.000 --> 00:01:27.000]  然後我初看的時候
[00:01:27.000 --> 00:01:29.000]  有點不太理解
[00:01:29.000 --> 00:01:31.000]  後來再細看一下
[00:01:31.000 --> 00:01:34.000]  看到幾個黃色的猴子
[00:01:34.000 --> 00:01:38.000]  在這個花的枝上爬著
[00:01:38.000 --> 00:01:40.000]  挺有趣的
[00:01:40.000 --> 00:01:42.000]  讓我想起我們中國人
[00:01:42.000 --> 00:01:43.000]  真的很好
[00:01:43.000 --> 00:01:46.000]  我們有兩個新年
[00:01:46.000 --> 00:01:51.000]  一個是在上個月 十二月底
[00:01:51.000 --> 00:01:58.000]  邁進2016年1月1號的元旦
[00:01:58.000 --> 00:02:01.000]  然後再過了下個禮拜二
[00:02:01.000 --> 00:02:03.000]  然後再下個禮拜一
[00:02:03.000 --> 00:02:09.000]  就是我們新年年初一了
[00:02:09.000 --> 00:02:11.000]  我們一般在年底的時候
[00:02:11.000 --> 00:02:16.000]  都可能會了解一些
[00:02:16.000 --> 00:02:17.000]  或者計算一下
[00:02:17.000 --> 00:02:21.000]  我們今年到底過得好嗎
[00:02:21.000 --> 00:02:24.000]  可能這個話語
[00:02:24.000 --> 00:02:25.000]  過得好嗎
[00:02:25.000 --> 00:02:28.000]  這個太廣泛了
[00:02:28.000 --> 00:02:31.000]  所以我就加了兩個小問題
[00:02:31.000 --> 00:02:36.000]  就是今年有多少的恩典
[00:02:36.000 --> 00:02:37.000]  不是全部都是恩典
[00:02:37.000 --> 00:02:39.000]  有的時候也有困難
[00:02:39.000 --> 00:02:41.000]  所以我們不是單單的
[00:02:41.000 --> 00:02:43.000]  是從正面去看
[00:02:43.000 --> 00:02:47.000]  我們年終的這個核算
[00:02:47.000 --> 00:02:51.000]  所以在面對新年年底
[00:02:51.000 --> 00:02:53.000]  那我們要思想
[00:02:53.000 --> 00:02:56.000]  今天我們也要早上來思想
[00:02:56.000 --> 00:02:59.000]  我們在過去一年
[00:02:59.000 --> 00:03:01.000]  我們有多少的恩典
[00:03:01.000 --> 00:03:04.000]  有多少的困難
[00:03:04.000 --> 00:03:07.000]  剛才我在下面的時候也想一想
[00:03:07.000 --> 00:03:12.000]  到底我今年有多少的恩典
[00:03:12.000 --> 00:03:16.000]  今年我碰到有多少的困難
[00:03:16.000 --> 00:03:19.000]  心中在想
[00:03:19.000 --> 00:03:20.000]  也很感謝上帝
[00:03:20.000 --> 00:03:23.000]  讓我想起有兩件事
[00:03:23.000 --> 00:03:24.000]  今天時間不夠
[00:03:24.000 --> 00:03:26.000]  所以不跟大家分享了
[00:03:26.000 --> 00:03:27.000]  很感恩
[00:03:27.000 --> 00:03:29.000]  當然也有困難
[00:03:29.000 --> 00:03:31.000]  也是令人哀傷的事
[00:03:31.000 --> 00:03:36.000]  但是上帝的恩典足夠我們用
[00:03:36.000 --> 00:03:40.000]  好了我們再聽一下
[00:03:40.000 --> 00:03:45.000]  摩西剛才在生命記
[00:03:45.000 --> 00:03:47.000]  所告訴我們的
[00:03:47.000 --> 00:03:52.000]  他的話語裡面是帶著很大的勉勵
[00:03:52.000 --> 00:03:54.000]  生命記
[00:03:54.000 --> 00:03:57.000]  可能大家看中文的時候
[00:03:57.000 --> 00:04:00.000]  你都會想到公佈
[00:04:00.000 --> 00:04:03.000]  這個誡命的一個書
[00:04:03.000 --> 00:04:09.000]  其實這個是摩西120歲了
[00:04:09.000 --> 00:04:13.000]  他要再往前走的路也不多了
[00:04:13.000 --> 00:04:16.000]  所以他再次的勉勵
[00:04:16.000 --> 00:04:19.000]  以色列人上帝的誡命
[00:04:19.000 --> 00:04:21.000]  所以生命記就是
[00:04:21.000 --> 00:04:26.000]  簡單來說就是誡命的第二次
[00:04:26.000 --> 00:04:29.000]  這個頒布或者是解釋
[00:04:29.000 --> 00:04:33.000]  所以他要以色列人在曠野
[00:04:33.000 --> 00:04:35.000]  經過四十年以後
[00:04:35.000 --> 00:04:39.000]  再次提醒他們上帝的話語
[00:04:39.000 --> 00:04:42.000]  我們從第八章十一節
[00:04:42.000 --> 00:04:45.000]  一直看到十四節的時候
[00:04:45.000 --> 00:04:49.000]  我們可以將它分成兩個重點
[00:04:49.000 --> 00:04:52.000]  一個是要勉勵我們
[00:04:52.000 --> 00:04:53.000]  要謹慎
[00:04:53.000 --> 00:04:54.000]  這個很重要
[00:04:54.000 --> 00:04:56.000]  我們要謹慎
[00:04:56.000 --> 00:05:01.000]  謹慎什麼 不忘記上帝
[00:05:01.000 --> 00:05:04.000]  然後第二點也是非常重要的
[00:05:04.000 --> 00:05:09.000]  就是要守誡命
[00:05:09.000 --> 00:05:11.000]  當我們談到誡命的時候
[00:05:11.000 --> 00:05:13.000]  你馬上可以想到什麼呢
[00:05:13.000 --> 00:05:16.000]  就是十節了
[00:05:25.000 --> 00:05:27.000]  這個是財富
[00:05:27.000 --> 00:05:29.000]  當然以色列人經過四十年
[00:05:29.000 --> 00:05:33.000]  在曠野裡面漫長的歲月裡面
[00:05:33.000 --> 00:05:36.000]  他們要過去約旦河了
[00:05:36.000 --> 00:05:38.000]  他們也開始會想到
[00:05:38.000 --> 00:05:40.000]  如果過了哪邊去
[00:05:40.000 --> 00:05:46.000]  可能也有會有財富有房屋
[00:05:46.000 --> 00:05:50.000]  也有牛羊
[00:05:50.000 --> 00:05:52.000]  就是他們要過去約旦河哪邊
[00:05:52.000 --> 00:05:54.000]  就定居的時候
[00:05:54.000 --> 00:05:57.000]  所以摩西在此先提醒他們
[00:05:57.000 --> 00:06:01.000]  當上帝將這個機會
[00:06:01.000 --> 00:06:04.000]  將這個財富賜給他們的時候
[00:06:04.000 --> 00:06:07.000]  他們要記住上面
[00:06:07.000 --> 00:06:09.000]  不要高傲
[00:06:09.000 --> 00:06:11.000]  因為當你有房屋
[00:06:11.000 --> 00:06:13.000]  有金銀
[00:06:13.000 --> 00:06:15.000]  有牛羊
[00:06:15.000 --> 00:06:19.000]  你就很容易會忘記上帝的恩典
[00:06:19.000 --> 00:06:21.000]  今天你說這個事情
[00:06:21.000 --> 00:06:25.000]  好像我們今天這個年代
[00:06:25.000 --> 00:06:27.000]  你說有牛有羊
[00:06:27.000 --> 00:06:30.000]  這個好像我們從來沒有想過
[00:06:30.000 --> 00:06:32.000]  那到底
[00:06:32.000 --> 00:06:35.000]  今天我們在解釋聖經
[00:06:35.000 --> 00:06:37.000]  說有牛
[00:06:37.000 --> 00:06:39.000]  說要養羊呢
[00:06:39.000 --> 00:06:40.000]  沒有吧
[00:06:40.000 --> 00:06:41.000]  那我們可以將它
[00:06:41.000 --> 00:06:44.000]  作為我們生財的工具
[00:06:44.000 --> 00:06:46.000]  投資股票
[00:06:46.000 --> 00:06:49.000]  基金或者債券
[00:06:49.000 --> 00:06:54.000]  那這個是為你生財的嗎
[00:06:54.000 --> 00:06:55.000]  你說我沒有做
[00:06:55.000 --> 00:06:56.000]  我沒有買
[00:06:56.000 --> 00:06:57.000]  如果是你打工財的話
[00:06:57.000 --> 00:06:58.000]  你一定要有
[00:06:58.000 --> 00:06:59.000]  因為這個MPF
[00:06:59.000 --> 00:07:01.000]  強積金
[00:07:01.000 --> 00:07:02.000]  它是買很多股票
[00:07:02.000 --> 00:07:04.000]  也有很多投資
[00:07:04.000 --> 00:07:05.000]  你願意不願意
[00:07:05.000 --> 00:07:07.000]  你都要每個月
[00:07:07.000 --> 00:07:09.000]  定期的扣下你的工資
[00:07:09.000 --> 00:07:13.000]  去供這個強積金
[00:07:13.000 --> 00:07:14.000]  很多人說
[00:07:14.000 --> 00:07:17.000]  這個是我自己的聰明
[00:07:17.000 --> 00:07:18.000]  我自己的財富
[00:07:18.000 --> 00:07:20.000]  所賺取的
[00:07:20.000 --> 00:07:21.000]  所以為什麼我要
[00:07:21.000 --> 00:07:25.000]  數算數恩呢
[00:07:25.000 --> 00:07:27.000]  我們有健康的身體
[00:07:27.000 --> 00:07:30.000]  今天我們可以在這裡
[00:07:30.000 --> 00:07:31.000]  不是偶然的
[00:07:31.000 --> 00:07:33.000]  也不是必然的
[00:07:33.000 --> 00:07:34.000]  我們要感謝上帝
[00:07:34.000 --> 00:07:36.000]  今天我可以開考在這裡
[00:07:36.000 --> 00:07:38.000]  也是上帝的恩典
[00:07:38.000 --> 00:07:39.000]  所以我們要為
[00:07:39.000 --> 00:07:41.000]  每一件事都要感恩
[00:07:41.000 --> 00:07:42.000]  今天如果是我大感冒
[00:07:42.000 --> 00:07:43.000]  大傷風的時候
[00:07:43.000 --> 00:07:45.000]  可能講不出來
[00:07:45.000 --> 00:07:47.000]  前兩天晚上
[00:07:47.000 --> 00:07:50.000]  喉嚨有一點是不太舒服
[00:07:50.000 --> 00:07:51.000]  所以我想
[00:07:51.000 --> 00:07:53.000]  今天禮拜天要講到
[00:07:53.000 --> 00:07:55.000]  如果是聲音沙啞的話
[00:07:55.000 --> 00:07:57.000]  就不是太好了
[00:07:57.000 --> 00:07:58.000]  那肯定是撒旦的工作
[00:07:58.000 --> 00:08:00.000]  就是在前一兩天
[00:08:00.000 --> 00:08:05.000]  給我一個很大的壓力
[00:08:05.000 --> 00:08:06.000]  然後禱告
[00:08:06.000 --> 00:08:07.000]  我上帝
[00:08:07.000 --> 00:08:08.000]  我今天禮拜要講到
[00:08:08.000 --> 00:08:12.000]  所以讓我身體能夠健康
[00:08:12.000 --> 00:08:14.000]  聲音能夠說得好
[00:08:14.000 --> 00:08:16.000]  能夠幫助在座的
[00:08:16.000 --> 00:08:17.000]  每一位弟兄姊妹
[00:08:17.000 --> 00:08:18.000]  所以我們禱告
[00:08:18.000 --> 00:08:19.000]  禱告以後
[00:08:19.000 --> 00:08:20.000]  上帝聽話
[00:08:20.000 --> 00:08:21.000]  聽我們的禱告
[00:08:21.000 --> 00:08:25.000]  然後我們就可以有感恩的心
[00:08:25.000 --> 00:08:26.000]  有的人說
[00:08:26.000 --> 00:08:28.000]  所有東西都是我自己的聰明
[00:08:28.000 --> 00:08:29.000]  很多人說
[00:08:29.000 --> 00:08:30.000]  我自己的聰明
[00:08:30.000 --> 00:08:34.000]  我自己的才幹所賺取的
[00:08:34.000 --> 00:08:38.000]  幹嘛我要感謝上帝
[00:08:38.000 --> 00:08:41.000]  我們在就業的時候
[00:08:41.000 --> 00:08:43.000]  詩人大衛就說了一句很好的話
[00:08:43.000 --> 00:08:45.000]  如果大家有時間去看
[00:08:45.000 --> 00:08:48.000]  一代記上二十九章十四節
[00:08:48.000 --> 00:08:52.000]  萬物都是從神而來的
[00:08:52.000 --> 00:08:54.000]  這個不單是你的財富
[00:08:54.000 --> 00:08:56.000]  包括你的智慧
[00:08:56.000 --> 00:08:59.000]  你的才幹
[00:08:59.000 --> 00:09:01.000]  你的機會
[00:09:01.000 --> 00:09:03.000]  有才幹不一定可以賺到錢
[00:09:03.000 --> 00:09:05.000]  有才幹也不一定成功
[00:09:05.000 --> 00:09:07.000]  上帝給你的機會
[00:09:07.000 --> 00:09:09.000]  你算一下
[00:09:09.000 --> 00:09:12.000]  有哪一件事不是上帝賜給你的
[00:09:12.000 --> 00:09:15.000]  所以詩人大衛說得很好
[00:09:15.000 --> 00:09:17.000]  萬物就是包括所有的
[00:09:17.000 --> 00:09:20.000]  都是從神而來的
[00:09:20.000 --> 00:09:29.000]  所以我們要謙卑
[00:09:29.000 --> 00:09:30.000]  然後這裡呢
[00:09:30.000 --> 00:09:33.000]  剛才我們講到要守誡命
[00:09:33.000 --> 00:09:34.000]  這是我們兩大的原則
[00:09:34.000 --> 00:09:37.000]  要守誡命
[00:09:37.000 --> 00:09:40.000]  這個誡命就是要
[00:09:40.000 --> 00:09:42.000]  主要有很多的
[00:09:42.000 --> 00:09:44.000]  在就業聖經裡面
[00:09:44.000 --> 00:09:45.000]  也有很多很多的教訓
[00:09:45.000 --> 00:09:49.000]  包括先知書裡面所記載的
[00:09:49.000 --> 00:09:50.000]  有很多的
[00:09:50.000 --> 00:09:53.000]  就是要我們要存謙卑的心
[00:09:53.000 --> 00:09:54.000]  我們要悔改
[00:09:54.000 --> 00:09:57.000]  我們要認識上帝
[00:09:57.000 --> 00:09:59.000]  先知我們很多時候
[00:09:59.000 --> 00:10:03.000]  以為先知就是可以預測未來的事情
[00:10:03.000 --> 00:10:07.000]  其實先知在我們聖經裡面
[00:10:07.000 --> 00:10:10.000]  不單單是說可以預測將來的事
[00:10:10.000 --> 00:10:13.000]  他們也是代表上帝說話
[00:10:13.000 --> 00:10:14.000]  所以基本上
[00:10:14.000 --> 00:10:19.000]  先知就是上帝的發言人
[00:10:19.000 --> 00:10:22.000]  就是因為上帝講的話
[00:10:22.000 --> 00:10:24.000]  我們受不了
[00:10:24.000 --> 00:10:26.000]  當上帝說話的時候
[00:10:26.000 --> 00:10:27.000]  以色列人說
[00:10:27.000 --> 00:10:29.000]  哎呀摩西啊
[00:10:29.000 --> 00:10:31.000]  求你啊
[00:10:31.000 --> 00:10:33.000]  求上帝不要跟我們說話
[00:10:33.000 --> 00:10:35.000]  我們受不了
[00:10:35.000 --> 00:10:37.000]  真的如果上帝跟你說話
[00:10:37.000 --> 00:10:38.000]  上帝是那麼聖潔
[00:10:38.000 --> 00:10:39.000]  是那麼威嚴
[00:10:39.000 --> 00:10:41.000]  他一說話我們都受不了
[00:10:41.000 --> 00:10:44.000]  所以他要透過先知向我們說話
[00:10:44.000 --> 00:10:46.000]  所以在就業的時候
[00:10:46.000 --> 00:10:48.000]  先知也告訴我們
[00:10:48.000 --> 00:10:50.000]  怎麼去敬拜我們的上帝
[00:10:50.000 --> 00:10:53.000]  其實我們很多時候都
[00:10:53.000 --> 00:10:56.000]  以為大衛是一個君王
[00:10:56.000 --> 00:10:58.000]  其實大衛也是一個先知
[00:10:58.000 --> 00:11:02.000]  他也是一個非常聰明的神學家
[00:11:02.000 --> 00:11:05.000]  所以他所寫的詩裡面
[00:11:05.000 --> 00:11:08.000]  都可以幫助我們歷代的基督徒
[00:11:08.000 --> 00:11:11.000]  也幫助了歷代的以色列人
[00:11:11.000 --> 00:11:15.000]  所以我們真的是要好好去
[00:11:15.000 --> 00:11:17.000]  記住上帝的話語
[00:11:17.000 --> 00:11:21.000]  今天我們很多時候都認為
[00:11:21.000 --> 00:11:22.000]  哎呀沒問題吧
[00:11:22.000 --> 00:11:24.000]  我們就一個禮拜
[00:11:24.000 --> 00:11:27.000]  來禮拜堂一次就可以了
[00:11:27.000 --> 00:11:29.000]  平常讀聖經
[00:11:29.000 --> 00:11:31.000]  不讀聖經沒什麼問題
[00:11:31.000 --> 00:11:34.000]  反正一天還是一天過
[00:11:34.000 --> 00:11:36.000]  再次勉勵大家
[00:11:36.000 --> 00:11:40.000]  我們要天天讀聖經
[00:11:40.000 --> 00:11:43.000]  要將他的話語藏在我們心裡
[00:11:43.000 --> 00:11:45.000]  不容易
[00:11:45.000 --> 00:11:46.000]  我們一定要
[00:11:46.000 --> 00:11:47.000]  不但是要看
[00:11:47.000 --> 00:11:49.000]  我們要記住
[00:11:49.000 --> 00:11:56.000]  然後我們要就業思想
[00:11:56.000 --> 00:12:00.000]  剛才我們說了很多恩典
[00:12:00.000 --> 00:12:03.000]  我們在這個生門記裡面看到
[00:12:03.000 --> 00:12:06.000]  他們有房屋
[00:12:06.000 --> 00:12:07.000]  有經營
[00:12:07.000 --> 00:12:08.000]  有牛羊
[00:12:08.000 --> 00:12:10.000]  今天我們可能有很多
[00:12:10.000 --> 00:12:11.000]  其他的投資
[00:12:11.000 --> 00:12:13.000]  外匯投資
[00:12:13.000 --> 00:12:14.000]  股票債券
[00:12:14.000 --> 00:12:18.000]  各方面的收益
[00:12:18.000 --> 00:12:20.000]  然後呢
[00:12:20.000 --> 00:12:23.000]  我們有的時候也會碰到困難
[00:12:23.000 --> 00:12:25.000]  所以我們從舊業
[00:12:25.000 --> 00:12:28.000]  馬上跳到新業去了
[00:12:28.000 --> 00:12:31.000]  我們這個新的聖經裡面
[00:12:31.000 --> 00:12:32.000]  很好
[00:12:32.000 --> 00:12:34.000]  是紅字的聖經
[00:12:34.000 --> 00:12:36.000]  就是耶穌基督所說的話
[00:12:36.000 --> 00:12:37.000]  都是紅色的
[00:12:37.000 --> 00:12:39.000]  所以剛才
[00:12:39.000 --> 00:12:42.000]  起源之師給我們讀的經文
[00:12:42.000 --> 00:12:43.000]  馬賽福音
[00:12:43.000 --> 00:12:48.000]  也是我們今天的教會主題的經文
[00:12:48.000 --> 00:12:51.000]  當你看這個陳水扁後面
[00:12:51.000 --> 00:12:52.000]  你看到
[00:12:52.000 --> 00:12:54.000]  因為你的財寶在那裡
[00:12:54.000 --> 00:12:56.000]  你的心也在那裡
[00:12:56.000 --> 00:12:57.000]  你可能看了半天
[00:12:57.000 --> 00:13:00.000]  可能不知道裡面是說什麼
[00:13:00.000 --> 00:13:05.000]  這是我們很多快餐室的基督徒
[00:13:05.000 --> 00:13:06.000]  他們喜歡的
[00:13:06.000 --> 00:13:08.000]  就是背經句
[00:13:08.000 --> 00:13:10.000]  一兩句背下來就可以了
[00:13:10.000 --> 00:13:11.000]  你背完以後
[00:13:11.000 --> 00:13:15.000]  你要知道他上文下理
[00:13:15.000 --> 00:13:17.000]  為什麼有這一段經文
[00:13:17.000 --> 00:13:19.000]  這一段經文是說什麼
[00:13:19.000 --> 00:13:22.000]  所以我們是讀完這個經文
[00:13:22.000 --> 00:13:23.000]  如果是
[00:13:23.000 --> 00:13:25.000]  你會去看一下
[00:13:25.000 --> 00:13:27.000]  整卷的馬賽福音第六章
[00:13:27.000 --> 00:13:28.000]  你會更明白
[00:13:28.000 --> 00:13:31.000]  耶穌基督為什麼講這個
[00:13:31.000 --> 00:13:33.000]  祂是要勉勵我們
[00:13:33.000 --> 00:13:37.000]  要往天上看
[00:13:37.000 --> 00:13:39.000]  我特別要講的就是
[00:13:39.000 --> 00:13:43.000]  剛才說了我們教會的新的聖經
[00:13:43.000 --> 00:13:45.000]  是用紅色字
[00:13:45.000 --> 00:13:47.000]  就是表示耶穌基督所說的話
[00:13:47.000 --> 00:13:49.000]  因為我上一兩個禮拜
[00:13:49.000 --> 00:13:52.000]  到另外一個教會去崇拜的時候
[00:13:52.000 --> 00:13:55.000]  聽到一個牧師分享
[00:13:55.000 --> 00:14:01.000]  就是有一個很有名的牧者
[00:14:01.000 --> 00:14:04.000]  他是在一間教會裡面的牧會
[00:14:04.000 --> 00:14:05.000]  他已經是非常好了
[00:14:05.000 --> 00:14:08.000]  但是他覺得自己
[00:14:08.000 --> 00:14:12.000]  好像沒有聖靈充滿
[00:14:12.000 --> 00:14:15.000]  因為他不懂說方言
[00:14:15.000 --> 00:14:18.000]  也不會醫病
[00:14:18.000 --> 00:14:21.000]  也好像沒有趕過鬼
[00:14:21.000 --> 00:14:23.000]  所以他好像覺得
[00:14:23.000 --> 00:14:24.000]  我們好像
[00:14:24.000 --> 00:14:26.000]  他好像是沒有聖靈充滿
[00:14:26.000 --> 00:14:29.000]  所以就很灰心了
[00:14:29.000 --> 00:14:33.000]  他要去參加一些靈恩派的教會
[00:14:33.000 --> 00:14:35.000]  我們基督會很少說
[00:14:35.000 --> 00:14:37.000]  聖靈充滿這件事
[00:14:37.000 --> 00:14:40.000]  其實聖靈充滿
[00:14:40.000 --> 00:14:44.000]  不一定會說方言
[00:14:44.000 --> 00:14:45.000]  聖靈充滿
[00:14:45.000 --> 00:14:48.000]  就是聖靈給你的恩賜
[00:14:48.000 --> 00:14:52.000]  你可能會去照顧別人
[00:14:52.000 --> 00:14:54.000]  那好像在這裡
[00:14:54.000 --> 00:14:57.000]  我想這個玉清姐妹
[00:14:57.000 --> 00:15:00.000]  還有她的先生漢寧
[00:15:00.000 --> 00:15:03.000]  他們懂得這個手語
[00:15:03.000 --> 00:15:06.000]  也是恩典恩賜
[00:15:06.000 --> 00:15:07.000]  因為不然的話
[00:15:07.000 --> 00:15:08.000]  這兩位來的朋友
[00:15:08.000 --> 00:15:10.000]  他們可能也聽不懂
[00:15:10.000 --> 00:15:11.000]  也聽不到
[00:15:11.000 --> 00:15:12.000]  所以聖靈充滿
[00:15:12.000 --> 00:15:16.000]  不一定是說你能夠行神蹟
[00:15:16.000 --> 00:15:18.000]  當然你可以行神蹟最好了
[00:15:18.000 --> 00:15:20.000]  有的可以醫病
[00:15:20.000 --> 00:15:22.000]  然後也有很多
[00:15:22.000 --> 00:15:23.000]  就是一講到的話
[00:15:23.000 --> 00:15:28.000]  整個會場都有靈恩在當中
[00:15:28.000 --> 00:15:30.000]  然後很多人就會受感動
[00:15:30.000 --> 00:15:32.000]  會流淚
[00:15:32.000 --> 00:15:35.000]  也會受感動
[00:15:35.000 --> 00:15:39.000]  所以聖靈感動是有不同的情況
[00:15:39.000 --> 00:15:40.000]  所以這位牧者
[00:15:40.000 --> 00:15:43.000]  他說我要追求聖靈充滿
[00:15:43.000 --> 00:15:45.000]  後來去了一些靈恩的教會
[00:15:45.000 --> 00:15:48.000]  也請他們來給他禱告
[00:15:48.000 --> 00:15:51.000]  還是沒有聖靈充滿
[00:15:51.000 --> 00:15:53.000]  那他就很灰心了
[00:15:53.000 --> 00:15:54.000]  哎呀真的不行了
[00:15:54.000 --> 00:15:56.000]  那好了我就休假一個禮拜
[00:15:56.000 --> 00:15:57.000]  什麼事都不做了
[00:15:57.000 --> 00:15:58.000]  電話也不聽了
[00:15:58.000 --> 00:15:59.000]  什麼都不做
[00:15:59.000 --> 00:16:00.000]  跑到一個地方
[00:16:00.000 --> 00:16:01.000]  沒有人打擾他了
[00:16:01.000 --> 00:16:04.000]  就是我要靜靜在這裡
[00:16:04.000 --> 00:16:05.000]  問一下
[00:16:05.000 --> 00:16:06.000]  到底為什麼
[00:16:06.000 --> 00:16:10.000]  我沒有給這個聖靈充滿
[00:16:10.000 --> 00:16:13.000]  離開沒有人打擾的地方
[00:16:13.000 --> 00:16:16.000]  一個禮拜你說幹什麼好
[00:16:16.000 --> 00:16:17.000]  他是一個牧者
[00:16:17.000 --> 00:16:20.000]  所以他唯一可以做的是讀聖經
[00:16:20.000 --> 00:16:25.000]  讀這個紅字聖經
[00:16:25.000 --> 00:16:26.000]  一個禮拜沒事做
[00:16:26.000 --> 00:16:30.000]  就是單單看這個四福音
[00:16:30.000 --> 00:16:31.000]  奇怪
[00:16:31.000 --> 00:16:34.000]  每次看這個紅字的時候
[00:16:34.000 --> 00:16:35.000]  以前看了很多遍
[00:16:35.000 --> 00:16:37.000]  牧者可能看了很多次了
[00:16:37.000 --> 00:16:41.000]  好像受的感動特別大
[00:16:41.000 --> 00:16:43.000]  以前看不懂了
[00:16:43.000 --> 00:16:44.000]  看不明白了
[00:16:44.000 --> 00:16:45.000]  現在一看
[00:16:45.000 --> 00:16:47.000]  喔好像有很大的亮光
[00:16:47.000 --> 00:16:50.000]  好像我們中國的偉大那個
[00:16:50.000 --> 00:16:52.000]  舞蹈家那個尼陀生一樣
[00:16:52.000 --> 00:16:54.000]  就是有亮光
[00:16:54.000 --> 00:16:57.000]  他是非常喜歡用這個亮光
[00:16:57.000 --> 00:17:00.000]  所以看到耶穌基督所講的話
[00:17:00.000 --> 00:17:02.000]  給他有很大的亮光
[00:17:02.000 --> 00:17:04.000]  那他受了很大的感動
[00:17:04.000 --> 00:17:07.000]  其實這個也是聖靈的恩賜
[00:17:07.000 --> 00:17:10.000]  因為他身邊有智慧
[00:17:10.000 --> 00:17:14.000]  也看到裡面以前沒有看到的
[00:17:14.000 --> 00:17:16.000]  祂的教導
[00:17:16.000 --> 00:17:18.000]  所以今天我特別找出
[00:17:18.000 --> 00:17:24.000]  這個兩段的經文
[00:17:24.000 --> 00:17:26.000]  這耶穌基督所說了
[00:17:26.000 --> 00:17:27.000]  很短啊
[00:17:27.000 --> 00:17:29.000]  我們剛才讀的馬太福音
[00:17:29.000 --> 00:17:34.000]  我們看第十章
[00:17:34.000 --> 00:17:39.000]  這是非常大的恩典
[00:17:39.000 --> 00:17:44.000]  也給我有很大的鼓勵安慰
[00:17:44.000 --> 00:17:45.000]  非常寶貴的
[00:17:45.000 --> 00:17:47.000]  我每次都想到這兩句話的話
[00:17:47.000 --> 00:17:49.000]  非常非常的受感動
[00:17:49.000 --> 00:17:50.000]  你看啊
[00:17:50.000 --> 00:17:52.000]  第十章大家一起來看啊
[00:17:52.000 --> 00:17:56.000]  第十章
[00:17:56.000 --> 00:18:05.000]  二十九節
[00:18:05.000 --> 00:18:09.000]  我們一起來讀吧
[00:18:09.000 --> 00:18:13.000]  兩個麻雀不是賣一分銀子嗎
[00:18:13.000 --> 00:18:16.000]  若是你們的父不許
[00:18:16.000 --> 00:18:20.000]  一個也不能留在地上
[00:18:20.000 --> 00:18:21.000]  你看
[00:18:21.000 --> 00:18:24.000]  麻雀就是沒有什麼價值的
[00:18:24.000 --> 00:18:27.000]  如果上帝不容許
[00:18:27.000 --> 00:18:29.000]  一個也不會掉下來
[00:18:29.000 --> 00:18:31.000]  當然也有時候
[00:18:31.000 --> 00:18:32.000]  飛的會掉下來
[00:18:32.000 --> 00:18:35.000]  禽流感的時候他們會掉下來
[00:18:35.000 --> 00:18:38.000]  這是另外一件事了
[00:18:38.000 --> 00:18:39.000]  但是也是上帝容許
[00:18:39.000 --> 00:18:42.000]  因為其實今天
[00:18:42.000 --> 00:18:44.000]  跟我們講題沒有什麼關係
[00:18:44.000 --> 00:18:48.000]  但是你看到很多有禽流感的
[00:18:48.000 --> 00:18:49.000]  現在我們吃雞的
[00:18:49.000 --> 00:18:51.000]  不管去吃活雞的
[00:18:51.000 --> 00:18:53.000]  都是冰鮮雞
[00:18:53.000 --> 00:18:57.000]  然後你最近看到在南美洲的
[00:18:57.000 --> 00:19:00.000]  有一個新的疾病出來了
[00:19:00.000 --> 00:19:02.000]  但是現在還沒有
[00:19:02.000 --> 00:19:04.000]  沒有給藥啊
[00:19:04.000 --> 00:19:05.000]  疫苗給醫治了
[00:19:05.000 --> 00:19:08.000]  你看到心裡是有點不太舒服了
[00:19:08.000 --> 00:19:10.000]  有點擔心了
[00:19:10.000 --> 00:19:11.000]  所以呢
[00:19:11.000 --> 00:19:15.000]  你說這個世衛組織
[00:19:15.000 --> 00:19:16.000]  他們要開會
[00:19:16.000 --> 00:19:17.000]  怎麼去面對這個問題
[00:19:17.000 --> 00:19:18.000]  因為這個東西呢
[00:19:18.000 --> 00:19:21.000]  是會透過蚊子傳播了
[00:19:21.000 --> 00:19:23.000]  以前這個禽流感呢
[00:19:23.000 --> 00:19:26.000]  就是透過飛鳥來傳播了
[00:19:26.000 --> 00:19:27.000]  現在透過蚊子
[00:19:27.000 --> 00:19:28.000]  那蚊子厲害了
[00:19:28.000 --> 00:19:33.000]  飛鳥受到地域性地區的限制
[00:19:33.000 --> 00:19:34.000]  蚊子呢
[00:19:34.000 --> 00:19:36.000]  牠可以上飛機了
[00:19:36.000 --> 00:19:38.000]  所以牠可以跑到全世界去了
[00:19:38.000 --> 00:19:39.000]  所以非常恐怖了
[00:19:39.000 --> 00:19:41.000]  所以求上帝憐憫
[00:19:41.000 --> 00:19:43.000]  不要讓第四
[00:19:43.000 --> 00:19:46.000]  第四個騎馬的
[00:19:46.000 --> 00:19:48.000]  我們看騎士路的時候
[00:19:48.000 --> 00:19:51.000]  就是折兵死亡
[00:19:51.000 --> 00:19:55.000]  這個馬奔跑的時候
[00:19:55.000 --> 00:19:59.000]  對整個世界造成非常大的危機
[00:19:59.000 --> 00:20:00.000]  今天我們看到這裡
[00:20:00.000 --> 00:20:02.000]  耶穌基督告訴我們呢
[00:20:02.000 --> 00:20:05.000]  麻雀不是值什麼錢的
[00:20:05.000 --> 00:20:08.000]  但是我們天父如果不允許
[00:20:08.000 --> 00:20:11.000]  一個也不會掉下來
[00:20:11.000 --> 00:20:14.000]  多麼好的安慰
[00:20:14.000 --> 00:20:19.000]  如果任何的困難
[00:20:19.000 --> 00:20:21.000]  任何的災難
[00:20:21.000 --> 00:20:24.000]  如果不是上帝允許
[00:20:24.000 --> 00:20:26.000]  也不會臨到你
[00:20:26.000 --> 00:20:28.000]  也不會臨到我
[00:20:28.000 --> 00:20:31.000]  這是上帝的恩典
[00:20:31.000 --> 00:20:33.000]  你有沒有去感恩呢
[00:20:33.000 --> 00:20:35.000]  昨天我跟我的爸爸
[00:20:35.000 --> 00:20:38.000]  跟我太太去上環永樂街
[00:20:38.000 --> 00:20:40.000]  買海味海參
[00:20:40.000 --> 00:20:41.000]  什麼印尼的海參
[00:20:41.000 --> 00:20:43.000]  什麼這個新幾內亞的海參
[00:20:43.000 --> 00:20:44.000]  還有鮑魚
[00:20:44.000 --> 00:20:45.000]  南非的鮑魚
[00:20:45.000 --> 00:20:46.000]  買完以後
[00:20:46.000 --> 00:20:49.000]  就要送爸爸去乘車了
[00:20:49.000 --> 00:20:50.000]  過馬路的時候
[00:20:50.000 --> 00:20:51.000]  真的要感恩
[00:20:51.000 --> 00:20:54.000]  因為我們已經停了
[00:20:54.000 --> 00:20:56.000]  我爸爸往前跑
[00:20:56.000 --> 00:20:59.000]  因為他看到前面有綠燈
[00:20:59.000 --> 00:21:01.000]  原來這馬路是有兩條的
[00:21:01.000 --> 00:21:03.000]  綠燈是在另外一條
[00:21:03.000 --> 00:21:05.000]  哎呀 我嚇了一跳
[00:21:05.000 --> 00:21:07.000]  哎呀 上帝保守
[00:21:07.000 --> 00:21:08.000]  沒事 沒有車
[00:21:08.000 --> 00:21:09.000]  整條馬路都沒有車
[00:21:09.000 --> 00:21:11.000]  在上環地方沒有車
[00:21:11.000 --> 00:21:13.000]  所以真的要感恩
[00:21:13.000 --> 00:21:14.000]  我們要回到聖經裡面
[00:21:14.000 --> 00:21:18.000]  如果不是上帝允許
[00:21:18.000 --> 00:21:21.000]  一陣麻雀也不會掉下來
[00:21:21.000 --> 00:21:22.000]  不是上帝允許
[00:21:22.000 --> 00:21:24.000]  一部車也不會跑過來
[00:21:24.000 --> 00:21:26.000]  你相不相信啊
[00:21:26.000 --> 00:21:29.000]  這個是我們的信心的考驗
[00:21:29.000 --> 00:21:30.000]  我們不要講
[00:21:30.000 --> 00:21:32.000]  我們的這個見證是前年的見證
[00:21:32.000 --> 00:21:33.000]  是昨天的
[00:21:33.000 --> 00:21:35.000]  上個禮拜的
[00:21:35.000 --> 00:21:38.000]  都是每天陪著你跟我
[00:21:38.000 --> 00:21:41.000]  所以恩典之路
[00:21:41.000 --> 00:21:42.000]  不是以前
[00:21:42.000 --> 00:21:43.000]  從現在
[00:21:43.000 --> 00:21:44.000]  包括以前
[00:21:44.000 --> 00:21:47.000]  將來都是陪著我們
[00:21:47.000 --> 00:21:49.000]  另外一句
[00:21:49.000 --> 00:21:51.000]  就是在前幾章
[00:21:51.000 --> 00:21:54.000]  第六章
[00:21:54.000 --> 00:21:58.000]  我們看26
[00:21:58.000 --> 00:22:00.000]  626這個很容易記
[00:22:00.000 --> 00:22:05.000]  我們看第六章26
[00:22:05.000 --> 00:22:11.000]  這個也是非常好的安慰
[00:22:11.000 --> 00:22:13.000]  也是非常好的應許
[00:22:13.000 --> 00:22:15.000]  你看26就找到
[00:22:15.000 --> 00:22:16.000]  我們一起來讀
[00:22:16.000 --> 00:22:17.000]  也是飛了
[00:22:17.000 --> 00:22:19.000]  耶穌基督非常喜歡
[00:22:19.000 --> 00:22:20.000]  指著天上
[00:22:20.000 --> 00:22:21.000]  因為他講到的時候
[00:22:21.000 --> 00:22:22.000]  在曠野
[00:22:22.000 --> 00:22:23.000]  不是在我們這裡
[00:22:23.000 --> 00:22:25.000]  我們這裡看不到飛了
[00:22:25.000 --> 00:22:26.000]  耶穌基督講到的時候
[00:22:26.000 --> 00:22:27.000]  在曠野
[00:22:27.000 --> 00:22:28.000]  在山上
[00:22:28.000 --> 00:22:30.000]  所以他是一個
[00:22:30.000 --> 00:22:31.000]  我們說是multimedia
[00:22:31.000 --> 00:22:33.000]  看到飛了
[00:22:33.000 --> 00:22:35.000]  你看天上的飛了
[00:22:35.000 --> 00:22:36.000]  指著天上的飛了
[00:22:36.000 --> 00:22:37.000]  所以想像一下
[00:22:37.000 --> 00:22:39.000]  所以我特別找到一幅圖畫
[00:22:39.000 --> 00:22:41.000]  耶穌指著天上的飛了
[00:22:41.000 --> 00:22:42.000]  所以他說什麼
[00:22:42.000 --> 00:22:43.000]  我們一起來讀
[00:22:43.000 --> 00:22:44.000]  26節
[00:22:44.000 --> 00:22:47.000]  你們看天上的飛了
[00:22:47.000 --> 00:22:49.000]  也不種也不收
[00:22:49.000 --> 00:22:51.000]  也不積蓄在倉裡
[00:22:51.000 --> 00:22:54.000]  你們天父尚且養活他
[00:22:54.000 --> 00:22:58.000]  你們不比飛了貴重得嗎
[00:22:58.000 --> 00:22:59.000]  你看
[00:22:59.000 --> 00:23:02.000]  飛了也不種不收
[00:23:02.000 --> 00:23:05.000]  天父尚且養活他
[00:23:05.000 --> 00:23:07.000]  你看到這個經文的時候
[00:23:07.000 --> 00:23:10.000]  你有沒有問一些問題
[00:23:10.000 --> 00:23:13.000]  我以前煉藥的時候
[00:23:13.000 --> 00:23:14.000]  一直問問題
[00:23:14.000 --> 00:23:16.000]  天父怎麼養他
[00:23:16.000 --> 00:23:18.000]  是不是好像我們人一樣
[00:23:18.000 --> 00:23:20.000]  在我們尖沙咀
[00:23:20.000 --> 00:23:22.000]  以前的碼頭
[00:23:22.000 --> 00:23:24.000]  很多格子那裡邊
[00:23:24.000 --> 00:23:28.000]  我拿一些玉米
[00:23:28.000 --> 00:23:31.000]  或者是一些鳥
[00:23:31.000 --> 00:23:34.000]  吃東西餵飛了
[00:23:34.000 --> 00:23:39.000]  那我們天父怎麼去養活這些飛了呢
[00:23:39.000 --> 00:23:41.000]  當然麻雀是容易的
[00:23:41.000 --> 00:23:45.000]  牠吃田裡面剩下的五穀米
[00:23:45.000 --> 00:23:48.000]  大米或者是米
[00:23:48.000 --> 00:23:51.000]  鷹飛得很高了
[00:23:51.000 --> 00:23:53.000]  天父怎麼去養活牠呢
[00:23:53.000 --> 00:23:55.000]  你有沒有想過
[00:23:55.000 --> 00:23:57.000]  鷹天父怎麼去養活牠
[00:23:57.000 --> 00:24:01.000]  直到有一次我看Discovery Channel
[00:24:01.000 --> 00:24:04.000]  發現頻道
[00:24:04.000 --> 00:24:07.000]  他們有一個特別的介紹
[00:24:07.000 --> 00:24:10.000]  就是飛鷹在天上怎麼去找食物
[00:24:10.000 --> 00:24:12.000]  飛鷹你知道吃什麼東西了
[00:24:12.000 --> 00:24:13.000]  吃什麼呢
[00:24:13.000 --> 00:24:15.000]  牠吃魚
[00:24:15.000 --> 00:24:17.000]  也吃蛇
[00:24:17.000 --> 00:24:19.000]  在地上爬的蛇
[00:24:19.000 --> 00:24:23.000]  也吃在地上跑的老鼠
[00:24:23.000 --> 00:24:27.000]  那當然這個沒有什麼秘密了
[00:24:27.000 --> 00:24:29.000]  飛鷹在下面看到
[00:24:29.000 --> 00:24:33.000]  然後牠就說原來鷹的眼睛很厲害
[00:24:33.000 --> 00:24:35.000]  牠在高空裡面
[00:24:35.000 --> 00:24:36.000]  牠特別做了一個報告
[00:24:36.000 --> 00:24:38.000]  牠在高空裡面可以看到
[00:24:38.000 --> 00:24:41.000]  老鼠活動的地方
[00:24:41.000 --> 00:24:43.000]  奇怪牠為什麼
[00:24:43.000 --> 00:24:45.000]  原來牠的眼睛可以看到
[00:24:45.000 --> 00:24:46.000]  這個老鼠跑過的地方
[00:24:46.000 --> 00:24:49.000]  有一種藍色的光
[00:24:49.000 --> 00:24:53.000]  就是因為牠這個老鼠的身體不乾淨
[00:24:53.000 --> 00:24:55.000]  所以大小惡變
[00:24:55.000 --> 00:24:56.000]  亂亂亂丟
[00:24:56.000 --> 00:24:58.000]  所以這個是看到藍色的
[00:24:58.000 --> 00:25:00.000]  所以飛鷹就在上面已經看到了
[00:25:00.000 --> 00:25:02.000]  所以當老鼠出來的時候
[00:25:02.000 --> 00:25:05.000]  牠就從那上面衝下來
[00:25:05.000 --> 00:25:07.000]  這個我看了以後
[00:25:07.000 --> 00:25:10.000]  真的要感謝上帝讓我看到這個
[00:25:10.000 --> 00:25:11.000]  特別的鏡頭
[00:25:11.000 --> 00:25:15.000]  原來上帝去養活飛鷹就這樣
[00:25:15.000 --> 00:25:19.000]  就是已經是給牠有一個非常銳利的眼
[00:25:19.000 --> 00:25:21.000]  可以看到下面
[00:25:21.000 --> 00:25:25.000]  所以牠會自己去找食物
[00:25:25.000 --> 00:25:27.000]  這些都是上帝給鷹的
[00:25:27.000 --> 00:25:30.000]  一個特殊的技巧
[00:25:30.000 --> 00:25:32.000]  所以上帝也給你跟我
[00:25:32.000 --> 00:25:34.000]  每一個人都不一樣
[00:25:34.000 --> 00:25:37.000]  有的人有安慰人的恩賜
[00:25:37.000 --> 00:25:40.000]  有的人會有賺錢的能力
[00:25:40.000 --> 00:25:43.000]  有的人會有計劃的能力
[00:25:43.000 --> 00:25:45.000]  有的人會彈琴
[00:25:45.000 --> 00:25:46.000]  我就不行了
[00:25:46.000 --> 00:25:49.000]  所以我也放棄了不學了
[00:25:49.000 --> 00:25:51.000]  有人會唱歌
[00:25:51.000 --> 00:25:53.000]  每一個人都有恩賜
[00:25:53.000 --> 00:25:55.000]  你想一想
[00:25:55.000 --> 00:25:57.000]  上帝給你是什麼恩賜
[00:25:57.000 --> 00:25:59.000]  肯定有
[00:25:59.000 --> 00:26:01.000]  人的恩賜不只是一種
[00:26:01.000 --> 00:26:03.000]  應該是有多種的
[00:26:03.000 --> 00:26:06.000]  你一定要好好去尋找
[00:26:06.000 --> 00:26:08.000]  好好去利用它
[00:26:08.000 --> 00:26:11.000]  所以耶穌基督告訴我們
[00:26:11.000 --> 00:26:13.000]  天下的飛鳥
[00:26:13.000 --> 00:26:16.000]  他也是這樣去養活牠們
[00:26:16.000 --> 00:26:18.000]  何況是你跟我呢
[00:26:18.000 --> 00:26:22.000]  非常好的安慰的話語
[00:26:22.000 --> 00:26:24.000]  讓我們都能夠常常記住
[00:26:24.000 --> 00:26:28.000]  我們的天父常常養活我們
[00:26:34.000 --> 00:26:37.000]  我們說了這麼多的恩典
[00:26:37.000 --> 00:26:40.000]  怎麼去回應呢
[00:26:40.000 --> 00:26:44.000]  所以詩人在詩篇裡面告訴我們
[00:26:44.000 --> 00:26:48.000]  我要舉起救恩的杯
[00:26:48.000 --> 00:26:50.000]  這個背景是這樣的
[00:26:50.000 --> 00:26:52.000]  以色列人他們獻祭
[00:26:52.000 --> 00:26:54.000]  他們有很多祭
[00:26:54.000 --> 00:26:56.000]  有數祭
[00:26:56.000 --> 00:26:58.000]  有感恩祭
[00:26:58.000 --> 00:27:02.000]  數祭就是獻這個蔬果的
[00:27:02.000 --> 00:27:05.000]  感恩祭就是獻上感恩
[00:27:05.000 --> 00:27:08.000]  他上帝許願
[00:27:08.000 --> 00:27:11.000]  上帝應允他的禱告
[00:27:11.000 --> 00:27:14.000]  答應他的祈禱的時候
[00:27:14.000 --> 00:27:15.000]  他就感恩了
[00:27:15.000 --> 00:27:17.000]  所以獻這個感恩祭
[00:27:17.000 --> 00:27:19.000]  獻感恩祭以後
[00:27:19.000 --> 00:27:21.000]  他們就會有的時候
[00:27:21.000 --> 00:27:23.000]  有錢的就宰牛
[00:27:23.000 --> 00:27:27.000]  錢不太多的就宰羊
[00:27:27.000 --> 00:27:30.000]  沒有錢的就獻鴿子
[00:27:30.000 --> 00:27:33.000]  所以反正他們有東西可以吃了
[00:27:33.000 --> 00:27:35.000]  人家他們也會喝酒
[00:27:35.000 --> 00:27:37.000]  所以這個酒杯
[00:27:37.000 --> 00:27:39.000]  就是他們要感謝上帝
[00:27:39.000 --> 00:27:42.000]  吃牛排 吃羊排
[00:27:42.000 --> 00:27:45.000]  或者是吃鴿子的時候
[00:27:45.000 --> 00:27:50.000]  他們都會喝酒
[00:27:50.000 --> 00:27:52.000]  所以杯就是
[00:27:52.000 --> 00:27:54.000]  好像我們中國人乾杯乾杯
[00:27:54.000 --> 00:27:56.000]  就是喜慶的時候
[00:27:56.000 --> 00:27:57.000]  感恩的時候
[00:27:57.000 --> 00:28:00.000]  舉起這個杯感謝上帝
[00:28:00.000 --> 00:28:04.000]  今天是給我們風調雨順
[00:28:04.000 --> 00:28:07.000]  或者今天讓我們能夠
[00:28:07.000 --> 00:28:08.000]  賺了很多錢
[00:28:08.000 --> 00:28:10.000]  或者是有很多如意的事情
[00:28:10.000 --> 00:28:12.000]  所以舉起救恩的杯
[00:28:12.000 --> 00:28:15.000]  就是要向上帝來感恩的意思
[00:28:15.000 --> 00:28:20.000]  所以我們要怎麼回應
[00:28:20.000 --> 00:28:23.000]  這個我特別找出來
[00:28:23.000 --> 00:28:27.000]  四人大會是在祖前
[00:28:27.000 --> 00:28:29.000]  差不多一千多年了
[00:28:29.000 --> 00:28:31.000]  離我們今天差不多三千人了
[00:28:31.000 --> 00:28:33.000]  我們看一看
[00:28:33.000 --> 00:28:36.000]  在人類的歷史上
[00:28:36.000 --> 00:28:41.000]  有多少人懂得感恩的
[00:28:41.000 --> 00:28:43.000]  早一點往前推
[00:28:43.000 --> 00:28:46.000]  離我們今天大概是五千年了
[00:28:46.000 --> 00:28:48.000]  這是挪亞
[00:28:48.000 --> 00:28:50.000]  你看到我特別找出來
[00:28:50.000 --> 00:28:53.000]  挪亞他舉起雙手
[00:28:53.000 --> 00:28:57.000]  就是向天向上帝來感恩
[00:28:57.000 --> 00:29:01.000]  他前面你看到有些煙
[00:29:01.000 --> 00:29:03.000]  然後他石頭上面
[00:29:03.000 --> 00:29:07.000]  是放了各樣的走數
[00:29:07.000 --> 00:29:11.000]  然後他旁邊細看一下
[00:29:11.000 --> 00:29:13.000]  我看到這個有沒有
[00:29:13.000 --> 00:29:14.000]  有啊
[00:29:14.000 --> 00:29:17.000]  然後有一個這個是男的
[00:29:17.000 --> 00:29:19.000]  這個是女的
[00:29:19.000 --> 00:29:21.000]  男的女的
[00:29:21.000 --> 00:29:23.000]  然後這個挪亞
[00:29:23.000 --> 00:29:24.000]  然後這個是女的
[00:29:24.000 --> 00:29:26.000]  他的老婆
[00:29:26.000 --> 00:29:28.000]  然後這個是女的
[00:29:28.000 --> 00:29:30.000]  然後這個男的
[00:29:30.000 --> 00:29:31.000]  你猜一下
[00:29:31.000 --> 00:29:35.000]  挪亞現階段年紀多大
[00:29:35.000 --> 00:29:37.000]  一百多年輕了
[00:29:37.000 --> 00:29:39.000]  五百多
[00:29:39.000 --> 00:29:40.000]  你要讀聖經了
[00:29:40.000 --> 00:29:42.000]  恭喜你
[00:29:42.000 --> 00:29:43.000]  挪亞五百歲的時候
[00:29:43.000 --> 00:29:44.000]  才生他的兒子
[00:29:44.000 --> 00:29:46.000]  所以應該是五百多歲
[00:29:46.000 --> 00:29:50.000]  大概五百五十左右了
[00:29:50.000 --> 00:29:52.000]  然後你看
[00:29:52.000 --> 00:29:54.000]  我為什麼特別挑這個
[00:29:54.000 --> 00:29:55.000]  因為這個很好
[00:29:55.000 --> 00:29:56.000]  第一就是
[00:29:56.000 --> 00:29:58.000]  他八個人都在這裡
[00:29:58.000 --> 00:30:01.000]  三個兒子
[00:30:01.000 --> 00:30:04.000]  他大的兒子是神
[00:30:04.000 --> 00:30:06.000]  韓亞佛
[00:30:06.000 --> 00:30:08.000]  三個兒子
[00:30:08.000 --> 00:30:10.000]  然後後面你看這個四方東西
[00:30:10.000 --> 00:30:12.000]  就是一個方舟
[00:30:12.000 --> 00:30:14.000]  然後最好的這一條
[00:30:14.000 --> 00:30:18.000]  地球氣候大變化
[00:30:18.000 --> 00:30:20.000]  連天也變了
[00:30:20.000 --> 00:30:21.000]  彩虹已經沒有了
[00:30:21.000 --> 00:30:23.000]  是在洪水以後
[00:30:23.000 --> 00:30:29.000]  這個洪水將整個世界都淹蓋了
[00:30:29.000 --> 00:30:30.000]  當時有人說
[00:30:30.000 --> 00:30:32.000]  可能地球有極端大的變化
[00:30:32.000 --> 00:30:35.000]  所以現在我們看這個氣候變化
[00:30:35.000 --> 00:30:36.000]  小意思了
[00:30:36.000 --> 00:30:38.000]  你比起這個方舟的年代
[00:30:38.000 --> 00:30:40.000]  就很小意思了
[00:30:40.000 --> 00:30:41.000]  所以這個圖畫很好
[00:30:41.000 --> 00:30:43.000]  就提醒我們氣候大變化
[00:30:43.000 --> 00:30:45.000]  這個水
[00:30:45.000 --> 00:30:47.000]  大水洪水來的時候
[00:30:47.000 --> 00:30:49.000]  將所有的生物都淹死了
[00:30:49.000 --> 00:30:53.000]  然後上帝就跟羅亞要立約了
[00:30:53.000 --> 00:30:58.000]  今後他不會再滅絕生物了
[00:30:58.000 --> 00:31:00.000]  所以不但是說
[00:31:00.000 --> 00:31:02.000]  還天上顯出一個彩虹
[00:31:02.000 --> 00:31:04.000]  所以我們看到彩虹的時候
[00:31:04.000 --> 00:31:07.000]  就是上帝允許我們人類
[00:31:07.000 --> 00:31:10.000]  不滅絕我們人類
[00:31:10.000 --> 00:31:12.000]  然後在上面這個方舟
[00:31:12.000 --> 00:31:16.000]  我特別提到它離我們五千多年
[00:31:16.000 --> 00:31:17.000]  所以你可以想到
[00:31:17.000 --> 00:31:19.000]  我上面會說五千多年
[00:31:19.000 --> 00:31:21.000]  然後看到這個日
[00:31:21.000 --> 00:31:22.000]  這個船
[00:31:22.000 --> 00:31:23.000]  這個很好
[00:31:23.000 --> 00:31:25.000]  我這個寫上來的時候
[00:31:25.000 --> 00:31:26.000]  這個船
[00:31:26.000 --> 00:31:27.000]  有個舟
[00:31:27.000 --> 00:31:28.000]  舟大家知道什麼嗎
[00:31:28.000 --> 00:31:30.000]  舟就是這個方舟
[00:31:30.000 --> 00:31:31.000]  人家奇怪
[00:31:31.000 --> 00:31:32.000]  八個口
[00:31:32.000 --> 00:31:35.000]  八個口
[00:31:35.000 --> 00:31:36.000]  不是七個口
[00:31:36.000 --> 00:31:39.000]  也不是一個口
[00:31:39.000 --> 00:31:41.000]  這是非常有意思的
[00:31:41.000 --> 00:31:45.000]  我們中文字是很有意思的
[00:31:45.000 --> 00:31:47.000]  前一兩個禮拜
[00:31:47.000 --> 00:31:49.000]  Patrick有一個短片
[00:31:49.000 --> 00:31:52.000]  送給我們國語班的同學
[00:31:52.000 --> 00:31:54.000]  就是介紹一下
[00:31:54.000 --> 00:31:56.000]  中國的文字
[00:31:56.000 --> 00:32:01.000]  跟我們《九月聖經》裡面的一些關聯
[00:32:01.000 --> 00:32:04.000]  所以我們這個船字
[00:32:04.000 --> 00:32:05.000]  原來很有意思
[00:32:05.000 --> 00:32:10.000]  可以跟羅亞連接起來
[00:32:10.000 --> 00:32:11.000]  我剛才說了
[00:32:11.000 --> 00:32:15.000]  羅亞離開我們今天差不多五千年左右
[00:32:15.000 --> 00:32:18.000]  跟我們中國歷史
[00:32:18.000 --> 00:32:19.000]  華夏文化
[00:32:19.000 --> 00:32:22.000]  我們大約都說五千年的文化
[00:32:22.000 --> 00:32:23.000]  其實沒有五千年
[00:32:23.000 --> 00:32:25.000]  是四千五到五千年左右
[00:32:25.000 --> 00:32:26.000]  沒關係
[00:32:26.000 --> 00:32:30.000]  這個讓歷史學家他們去爭論
[00:32:30.000 --> 00:32:33.000]  所以我們中國人基本上
[00:32:33.000 --> 00:32:35.000]  很多解經家就說
[00:32:35.000 --> 00:32:38.000]  我們是羅亞大兒子
[00:32:38.000 --> 00:32:41.000]  應該在右手邊的
[00:32:41.000 --> 00:32:42.000]  站著這個
[00:32:42.000 --> 00:32:45.000]  大兒子 傘的後裔
[00:32:45.000 --> 00:32:47.000]  我們以色列人
[00:32:47.000 --> 00:32:48.000]  中國人
[00:32:48.000 --> 00:32:49.000]  亞洲的
[00:32:49.000 --> 00:32:53.000]  都是傘的後裔
[00:32:53.000 --> 00:32:55.000]  小兒子應該是這個吧
[00:32:55.000 --> 00:32:58.000]  這個應該是亞佛
[00:32:58.000 --> 00:33:02.000]  亞佛應該是歐洲人的祖先
[00:33:02.000 --> 00:33:04.000]  歐洲白種人
[00:33:04.000 --> 00:33:08.000]  人道中間這個地的這個函
[00:33:08.000 --> 00:33:09.000]  就是埃及
[00:33:09.000 --> 00:33:12.000]  所以人類原來不同膚色
[00:33:12.000 --> 00:33:13.000]  白色的
[00:33:13.000 --> 00:33:14.000]  黃色的
[00:33:14.000 --> 00:33:15.000]  人道黑色的
[00:33:15.000 --> 00:33:18.000]  都是從羅亞的後裔來的
[00:33:18.000 --> 00:33:21.000]  所以今後不唱龍的傳人這首歌
[00:33:21.000 --> 00:33:23.000]  我是非常反感
[00:33:23.000 --> 00:33:25.000]  這首歌不好唱
[00:33:25.000 --> 00:33:26.000]  我們中國人
[00:33:26.000 --> 00:33:27.000]  什麼是龍的傳人
[00:33:27.000 --> 00:33:29.000]  我們中國人就是羅亞的後裔
[00:33:29.000 --> 00:33:31.000]  就是亞當的後裔
[00:33:31.000 --> 00:33:33.000]  胡說八道什麼是龍的傳人
[00:33:33.000 --> 00:33:36.000]  絕對不是動物的後裔
[00:33:36.000 --> 00:33:39.000]  所以當天人們一唱龍的傳人的時候
[00:33:39.000 --> 00:33:42.000]  我就說完蛋了
[00:33:42.000 --> 00:33:43.000]  完了
[00:33:43.000 --> 00:33:44.000]  沒得救了
[00:33:44.000 --> 00:33:47.000]  天使一定離開你們了
[00:33:47.000 --> 00:33:49.000]  你唱出這個撒旦的歌
[00:33:49.000 --> 00:33:50.000]  肯定完蛋了
[00:33:50.000 --> 00:33:52.000]  所以坦克車就開過來了
[00:33:52.000 --> 00:33:56.000]  所以我們要熟齡的眼觀去看
[00:33:56.000 --> 00:33:58.000]  世界的局勢
[00:33:58.000 --> 00:34:00.000]  所以要感謝上帝
[00:34:00.000 --> 00:34:03.000]  他就在我們中國
[00:34:03.000 --> 00:34:05.000]  這個古老的文化裡面
[00:34:05.000 --> 00:34:08.000]  上帝從來沒有離開過我們中國人
[00:34:08.000 --> 00:34:10.000]  他愛我們中國人
[00:34:10.000 --> 00:34:12.000]  所以透過這個文字
[00:34:12.000 --> 00:34:14.000]  也提醒我們
[00:34:14.000 --> 00:34:16.000]  原來我們傳的
[00:34:16.000 --> 00:34:17.000]  跟羅亞的故事
[00:34:17.000 --> 00:34:27.000]  非常的有關聯
[00:34:27.000 --> 00:34:28.000]  好
[00:34:28.000 --> 00:34:29.000]  我們有很多恩典
[00:34:29.000 --> 00:34:30.000]  我們要獻祭了
[00:34:30.000 --> 00:34:34.000]  我們要感恩了
[00:34:34.000 --> 00:34:36.000]  那我怎麼回應呢
[00:34:36.000 --> 00:34:38.000]  我們知道十誡
[00:34:38.000 --> 00:34:39.000]  總共要十條
[00:34:39.000 --> 00:34:42.000]  前四條是上帝的
[00:34:42.000 --> 00:34:46.000]  後六條就是要對人的
[00:34:46.000 --> 00:34:49.000]  所以都包含在這裡
[00:34:49.000 --> 00:34:53.000]  連續人
[00:34:53.000 --> 00:34:55.000]  就約翰告訴我們了
[00:34:55.000 --> 00:34:59.000]  然後呢 第二方面要看顧人
[00:34:59.000 --> 00:35:02.000]  這個是基督徒非常重要的
[00:35:02.000 --> 00:35:03.000]  我們基督徒不但是
[00:35:03.000 --> 00:35:05.000]  信了耶穌以後就算了
[00:35:05.000 --> 00:35:09.000]  也不是說我們來禮拜堂崇拜
[00:35:09.000 --> 00:35:11.000]  一個禮拜來一次
[00:35:11.000 --> 00:35:14.000]  我們也教會裡面有服事
[00:35:14.000 --> 00:35:16.000]  可能也有崗位
[00:35:16.000 --> 00:35:17.000]  有服事的崗位
[00:35:17.000 --> 00:35:20.000]  有服事的職位
[00:35:20.000 --> 00:35:23.000]  不應該單單這樣
[00:35:23.000 --> 00:35:27.000]  我們應該常常要互相勉勵
[00:35:27.000 --> 00:35:31.000]  我們要存著一個連續人的心
[00:35:31.000 --> 00:35:33.000]  同時看到人家有需要
[00:35:33.000 --> 00:35:36.000]  我們要去看顧
[00:35:36.000 --> 00:35:38.000]  約翰在《約翰一書》裡面講到
[00:35:38.000 --> 00:35:40.000]  今天沒時間讀了
[00:35:40.000 --> 00:35:46.000]  他說你看到弟兄窮乏
[00:35:46.000 --> 00:35:49.000]  不要說你平平安安的回去吧
[00:35:49.000 --> 00:35:53.000]  希望你可以吃得飽穿得暖
[00:35:53.000 --> 00:35:55.000]  求上帝安待你
[00:35:55.000 --> 00:35:59.000]  這些都是非常沒有水平的說話
[00:35:59.000 --> 00:36:02.000]  看到弟兄貧乏
[00:36:02.000 --> 00:36:05.000]  你有錢了應該去支持他
[00:36:05.000 --> 00:36:07.000]  上帝讓你看到他有需要
[00:36:07.000 --> 00:36:09.000]  你就幫助他
[00:36:09.000 --> 00:36:11.000]  這裡的弟兄姊妹
[00:36:11.000 --> 00:36:13.000]  沒這方面我沒聽過
[00:36:13.000 --> 00:36:16.000]  但是前一段子
[00:36:16.000 --> 00:36:18.000]  有一位弟兄真的這樣
[00:36:18.000 --> 00:36:22.000]  看到殃儀堂那邊有一個姊妹有需要
[00:36:22.000 --> 00:36:26.000]  他好像只給他一萬多兩萬塊
[00:36:26.000 --> 00:36:29.000]  我看到這個弟兄非常知道
[00:36:29.000 --> 00:36:32.000]  怎麼去連續人
[00:36:32.000 --> 00:36:35.000]  當然風險是很多
[00:36:35.000 --> 00:36:37.000]  可惜今天他不在我們當中
[00:36:37.000 --> 00:36:39.000]  所以要求上帝祝福他
[00:36:39.000 --> 00:36:42.000]  他到了另外一個教會
[00:36:42.000 --> 00:36:43.000]  沒關係啦
[00:36:43.000 --> 00:36:44.000]  反正他不離開上帝
[00:36:44.000 --> 00:36:47.000]  到其他教會去崇拜沒問題
[00:36:47.000 --> 00:36:49.000]  就是要連續人
[00:36:49.000 --> 00:36:53.000]  看顧人這個是比較簡單一點
[00:36:53.000 --> 00:36:56.000]  看顧
[00:36:56.000 --> 00:36:58.000]  在雅各書裡面
[00:36:58.000 --> 00:37:02.000]  雅各就是耶穌的弟弟
[00:37:02.000 --> 00:37:08.000]  他說你要看顧孤兒寡婦
[00:37:08.000 --> 00:37:10.000]  所以非常重要
[00:37:10.000 --> 00:37:12.000]  你不單單是來這裡崇拜
[00:37:12.000 --> 00:37:14.000]  做個基督徒
[00:37:14.000 --> 00:37:16.000]  你還要看顧周邊的人
[00:37:16.000 --> 00:37:18.000]  你的親戚
[00:37:18.000 --> 00:37:21.000]  有沒有留意你的親戚
[00:37:21.000 --> 00:37:26.000]  上個禮拜我跟我太太有事
[00:37:26.000 --> 00:37:29.000]  所以到另外一個教會去崇拜
[00:37:29.000 --> 00:37:34.000]  就馬上趕到一個地方去看我的親戚
[00:37:34.000 --> 00:37:37.000]  一個老人家九十多歲
[00:37:37.000 --> 00:37:40.000]  他說睡得不暖
[00:37:40.000 --> 00:37:43.000]  因為上個禮拜天是挺寒暖的
[00:37:43.000 --> 00:37:45.000]  差不多是十度以下
[00:37:45.000 --> 00:37:47.000]  那天早上我要穿衣服的時候
[00:37:47.000 --> 00:37:50.000]  不行我就馬上去看他
[00:37:50.000 --> 00:37:55.000]  馬上到永安去買一個乳溶配置
[00:37:55.000 --> 00:37:56.000]  送給他
[00:37:56.000 --> 00:37:58.000]  看看他可不可以暖一點
[00:37:58.000 --> 00:38:00.000]  所以買了一張配
[00:38:00.000 --> 00:38:02.000]  然後就送到那邊去
[00:38:02.000 --> 00:38:05.000]  看到他的床上
[00:38:05.000 --> 00:38:06.000]  沒有什麼東西
[00:38:06.000 --> 00:38:11.000]  只有兩張毯子
[00:38:11.000 --> 00:38:12.000]  很薄的毯子
[00:38:12.000 --> 00:38:16.000]  難怪你睡覺睡不了
[00:38:16.000 --> 00:38:17.000]  原來我還以為
[00:38:17.000 --> 00:38:19.000]  因為老人家地方小
[00:38:19.000 --> 00:38:21.000]  所以可能他的大的棉被
[00:38:21.000 --> 00:38:23.000]  放在這個櫥櫃裡面
[00:38:23.000 --> 00:38:25.000]  後來我太太去打開看
[00:38:25.000 --> 00:38:26.000]  沒有找不到
[00:38:26.000 --> 00:38:29.000]  問他你是不是被淹到那裡
[00:38:29.000 --> 00:38:30.000]  他說沒有就是這兩張
[00:38:30.000 --> 00:38:33.000]  我們看到也非常的傷心
[00:38:33.000 --> 00:38:36.000]  幸好我們當天早晨
[00:38:36.000 --> 00:38:39.000]  就馬上買了一張配
[00:38:39.000 --> 00:38:44.000]  非常暖的乳溶配送給他
[00:38:44.000 --> 00:38:45.000]  他睡了以後
[00:38:45.000 --> 00:38:47.000]  第二天非常高興
[00:38:47.000 --> 00:38:49.000]  昨天睡得很好了
[00:38:49.000 --> 00:38:50.000]  這些故事
[00:38:50.000 --> 00:38:53.000]  這些事不是說來表揚我們自己
[00:38:53.000 --> 00:38:55.000]  很多時候
[00:38:55.000 --> 00:38:57.000]  我們很多是掉以輕心
[00:38:57.000 --> 00:38:58.000]  我們以為人家會照顧他
[00:38:58.000 --> 00:39:00.000]  我們一直以為有人照顧他
[00:39:00.000 --> 00:39:02.000]  他有很多其他的親戚
[00:39:02.000 --> 00:39:05.000]  原來很多人都是會說話
[00:39:05.000 --> 00:39:06.000]  說得很好聽
[00:39:06.000 --> 00:39:08.000]  然後很動聽
[00:39:08.000 --> 00:39:10.000]  原來沒有人有行動
[00:39:10.000 --> 00:39:13.000]  這個是我們要互相勉勵
[00:39:13.000 --> 00:39:16.000]  當然大家真的可以
[00:39:16.000 --> 00:39:19.000]  除了我們奉獻
[00:39:19.000 --> 00:39:21.000]  除了我們服侍以外
[00:39:21.000 --> 00:39:25.000]  都能夠多一點去留心
[00:39:25.000 --> 00:39:29.000]  關注周邊的人
[00:39:29.000 --> 00:39:30.000]  從小做起
[00:39:30.000 --> 00:39:32.000]  親戚先做起
[00:39:32.000 --> 00:39:35.000]  人家在推廣朋友
[00:39:35.000 --> 00:39:37.000]  我們都說了很多
[00:39:37.000 --> 00:39:41.000]  這是我們要愛神愛人
[00:39:41.000 --> 00:39:43.000]  那耶穌基督
[00:39:43.000 --> 00:39:47.000]  在剛才我們讀的經文裡面
[00:39:47.000 --> 00:39:50.000]  有一個非常好的
[00:39:50.000 --> 00:39:51.000]  不但要看世上的事
[00:39:51.000 --> 00:39:53.000]  要往天上看
[00:39:53.000 --> 00:39:55.000]  耶穌基督非常好
[00:39:55.000 --> 00:39:57.000]  很喜歡要我們往天看
[00:39:57.000 --> 00:39:59.000]  你看到飛了
[00:39:59.000 --> 00:40:01.000]  天上的飛了
[00:40:01.000 --> 00:40:03.000]  然後他這裡也告訴我們
[00:40:03.000 --> 00:40:05.000]  要往天看
[00:40:05.000 --> 00:40:10.000]  要積財寶在天
[00:40:10.000 --> 00:40:12.000]  不管你賺多少錢
[00:40:12.000 --> 00:40:13.000]  你可能會花
[00:40:13.000 --> 00:40:16.000]  可能你會留給你的子孫
[00:40:16.000 --> 00:40:18.000]  或者你說我僅僅夠生活
[00:40:18.000 --> 00:40:19.000]  沒問題
[00:40:19.000 --> 00:40:21.000]  多少都沒問題
[00:40:21.000 --> 00:40:25.000]  最重要是你積聚多少
[00:40:25.000 --> 00:40:27.000]  在天國的銀行
[00:40:27.000 --> 00:40:29.000]  有人算過
[00:40:29.000 --> 00:40:32.000]  如果說我們天國的銀行
[00:40:32.000 --> 00:40:34.000]  就會給你有利息的
[00:40:34.000 --> 00:40:35.000]  舉個例子
[00:40:35.000 --> 00:40:38.000]  我不知道是不是3%
[00:40:38.000 --> 00:40:43.000]  我就很簡單地用3%
[00:40:43.000 --> 00:40:45.000]  作為一個例子
[00:40:45.000 --> 00:40:48.000]  如果每年在耶穌的年代
[00:40:48.000 --> 00:40:50.000]  你放下一塊錢
[00:40:50.000 --> 00:40:52.000]  然後耶穌說好
[00:40:52.000 --> 00:40:53.000]  我接受你一塊錢
[00:40:53.000 --> 00:40:55.000]  放在我天國的銀行
[00:40:55.000 --> 00:40:57.000]  然後每年給你3%的利息
[00:40:57.000 --> 00:40:59.000]  不是太高了
[00:40:59.000 --> 00:41:04.000]  然後到今天
[00:41:04.000 --> 00:41:06.000]  從這個2000年
[00:41:06.000 --> 00:41:07.000]  嚇死人了
[00:41:07.000 --> 00:41:10.000]  原來一塊錢
[00:41:10.000 --> 00:41:12.000]  變成19萬億
[00:41:12.000 --> 00:41:15.000]  19個T催年
[00:41:15.000 --> 00:41:18.000]  這個是非常厲害
[00:41:18.000 --> 00:41:19.000]  所以你可以知道
[00:41:19.000 --> 00:41:21.000]  如果耶穌基督給你利息的話
[00:41:21.000 --> 00:41:22.000]  不得了
[00:41:22.000 --> 00:41:24.000]  今天你奉獻一塊錢
[00:41:24.000 --> 00:41:28.000]  2000年後很快的
[00:41:28.000 --> 00:41:30.000]  你看我不在世界上
[00:41:30.000 --> 00:41:32.000]  但是在天國
[00:41:32.000 --> 00:41:34.000]  時間和昨天一樣
[00:41:34.000 --> 00:41:35.000]  很快的
[00:41:35.000 --> 00:41:38.000]  一塊錢變成19萬億
[00:41:38.000 --> 00:41:40.000]  這個不得了
[00:41:40.000 --> 00:41:42.000]  這個我特別拿出來
[00:41:42.000 --> 00:41:44.000]  就是要勉勵大家
[00:41:44.000 --> 00:41:46.000]  多一點奉獻
[00:41:46.000 --> 00:41:48.000]  奉獻多
[00:41:48.000 --> 00:41:51.000]  祝福更多
[00:41:51.000 --> 00:41:53.000]  你說錢不要了
[00:41:53.000 --> 00:41:54.000]  放到上帝的面前
[00:41:54.000 --> 00:41:56.000]  我自己沒有主權
[00:41:56.000 --> 00:41:58.000]  都給他了
[00:41:58.000 --> 00:41:59.000]  我自己還是
[00:41:59.000 --> 00:42:02.000]  自己保護我的財產
[00:42:02.000 --> 00:42:03.000]  你看一下
[00:42:03.000 --> 00:42:05.000]  耶穌基督又說了
[00:42:05.000 --> 00:42:07.000]  剛才我們讀的經文
[00:42:07.000 --> 00:42:10.000]  不要傳不看到你世上的錢
[00:42:10.000 --> 00:42:12.000]  有蟲咬
[00:42:12.000 --> 00:42:14.000]  也會嗅壞
[00:42:14.000 --> 00:42:17.000]  還有賊來偷
[00:42:17.000 --> 00:42:19.000]  這個我要理解
[00:42:19.000 --> 00:42:20.000]  有賊來偷
[00:42:20.000 --> 00:42:21.000]  我年幼的時候
[00:42:21.000 --> 00:42:23.000]  讀這段經文就搞不清楚
[00:42:23.000 --> 00:42:25.000]  耶穌基督在講什麼
[00:42:25.000 --> 00:42:28.000]  錢有蟲咬
[00:42:28.000 --> 00:42:30.000]  也會嗅壞
[00:42:30.000 --> 00:42:32.000]  搞不清楚是什麼意思
[00:42:32.000 --> 00:42:34.000]  後來慢慢長大了
[00:42:34.000 --> 00:42:35.000]  也理解了
[00:42:35.000 --> 00:42:36.000]  真的是
[00:42:36.000 --> 00:42:38.000]  你的錢會有蟲咬
[00:42:38.000 --> 00:42:39.000]  我有一個親戚
[00:42:39.000 --> 00:42:40.000]  不是我的
[00:42:40.000 --> 00:42:42.000]  我太太有親戚
[00:42:42.000 --> 00:42:45.000]  她的錢多了很
[00:42:45.000 --> 00:42:46.000]  多了
[00:42:46.000 --> 00:42:48.000]  用這個報紙
[00:42:48.000 --> 00:42:49.000]  報紙捲起來
[00:42:49.000 --> 00:42:52.000]  放在床底下
[00:42:52.000 --> 00:42:54.000]  過了幾天以後都忘記了
[00:42:54.000 --> 00:42:55.000]  後來又想起來
[00:42:55.000 --> 00:42:57.000]  錢放在床底下拿出來看
[00:42:57.000 --> 00:43:00.000]  給老鼠咬壞了
[00:43:00.000 --> 00:43:03.000]  一堆堆的紙粒都咬掉了
[00:43:03.000 --> 00:43:05.000]  這個理解可以蟲咬
[00:43:05.000 --> 00:43:08.000]  它是老鼠咬不是蟲咬
[00:43:08.000 --> 00:43:11.000]  但是你再了解一下
[00:43:11.000 --> 00:43:12.000]  耶穌基督講這個話
[00:43:12.000 --> 00:43:13.000]  應該是他說的話
[00:43:13.000 --> 00:43:16.000]  不會有時間的限制了
[00:43:16.000 --> 00:43:18.000]  因為是上帝的話語
[00:43:18.000 --> 00:43:19.000]  今天怎麼去解釋呢
[00:43:19.000 --> 00:43:21.000]  原來真的有
[00:43:21.000 --> 00:43:22.000]  你再看一下
[00:43:22.000 --> 00:43:24.000]  可能你耶穌基督真厲害
[00:43:24.000 --> 00:43:25.000]  祂的話語
[00:43:25.000 --> 00:43:28.000]  昨天今天
[00:43:28.000 --> 00:43:30.000]  直到永遠都是真理
[00:43:30.000 --> 00:43:34.000]  你看到通貨屏障
[00:43:34.000 --> 00:43:35.000]  物價越來越高
[00:43:35.000 --> 00:43:36.000]  今天你買蓮花的時候
[00:43:36.000 --> 00:43:39.000]  可能要貴兩三成
[00:43:39.000 --> 00:43:41.000]  你買一個五尺高的桃花
[00:43:41.000 --> 00:43:45.000]  可能要六百多塊
[00:43:45.000 --> 00:43:47.000]  比去年可能貴三成了
[00:43:47.000 --> 00:43:48.000]  通貨屏障
[00:43:48.000 --> 00:43:49.000]  不是往上跑
[00:43:49.000 --> 00:43:51.000]  有的是往下跌了
[00:43:51.000 --> 00:43:55.000]  這個也挺恐怖
[00:43:55.000 --> 00:43:56.000]  價格會跌
[00:43:56.000 --> 00:43:57.000]  為什麼呢
[00:43:57.000 --> 00:43:58.000]  現在大家都不高興了
[00:43:58.000 --> 00:44:00.000]  因為好像這個房子的價格
[00:44:00.000 --> 00:44:03.000]  樓價是有一點是往下調了
[00:44:03.000 --> 00:44:04.000]  沒有買樓的很高興
[00:44:04.000 --> 00:44:06.000]  越跌越好
[00:44:06.000 --> 00:44:07.000]  你自己有房子的話
[00:44:07.000 --> 00:44:08.000]  哎呀不要跌了
[00:44:08.000 --> 00:44:10.000]  跌我就睡不了
[00:44:10.000 --> 00:44:11.000]  一跌
[00:44:11.000 --> 00:44:14.000]  我要可能損失幾十萬
[00:44:14.000 --> 00:44:16.000]  所以價格也會跌
[00:44:16.000 --> 00:44:18.000]  就是秀壞
[00:44:18.000 --> 00:44:20.000]  蟲咬都是這樣
[00:44:20.000 --> 00:44:22.000]  還有這個更糟糕
[00:44:22.000 --> 00:44:26.000]  這個可能你看不到下面的東西
[00:44:26.000 --> 00:44:27.000]  Lehman Brothers
[00:44:27.000 --> 00:44:29.000]  雷曼
[00:44:29.000 --> 00:44:30.000]  這個已經倒閉了
[00:44:30.000 --> 00:44:31.000]  這個銀行
[00:44:31.000 --> 00:44:33.000]  我希望你沒有中招
[00:44:33.000 --> 00:44:35.000]  我們教會有一些姐妹是中了招了
[00:44:35.000 --> 00:44:37.000]  買了這個雷曼的債券
[00:44:37.000 --> 00:44:39.000]  所以都中了招了
[00:44:39.000 --> 00:44:40.000]  幸好不多
[00:44:40.000 --> 00:44:43.000]  所以垃圾股票跟垃圾債券
[00:44:43.000 --> 00:44:49.000]  都是會令你的財富燒掉
[00:44:49.000 --> 00:44:51.000]  還有這個
[00:44:51.000 --> 00:44:54.000]  有人可能投資在這個商品上面
[00:44:54.000 --> 00:44:55.000]  你看這個油價
[00:44:55.000 --> 00:44:59.000]  從六個差不多去年五月份
[00:44:59.000 --> 00:45:02.000]  67塊跌到現在30多塊
[00:45:02.000 --> 00:45:03.000]  跌了一半
[00:45:03.000 --> 00:45:06.000]  人家因為中國的經濟的下滑
[00:45:06.000 --> 00:45:08.000]  現在我們中國最熱的
[00:45:08.000 --> 00:45:11.000]  這個詞語就是經濟下滑
[00:45:11.000 --> 00:45:13.000]  往下走
[00:45:13.000 --> 00:45:15.000]  所以中國經濟要下滑
[00:45:15.000 --> 00:45:18.000]  以前中國經濟沒有什麼人去看
[00:45:18.000 --> 00:45:21.000]  因為你漲你跌沒什麼問題
[00:45:21.000 --> 00:45:22.000]  現在不行了
[00:45:22.000 --> 00:45:23.000]  中國經濟一下跌
[00:45:23.000 --> 00:45:25.000]  全世界的商品都往下跌
[00:45:25.000 --> 00:45:27.000]  金屬也跌
[00:45:27.000 --> 00:45:28.000]  這個金價
[00:45:28.000 --> 00:45:30.000]  我們看電視的時候
[00:45:30.000 --> 00:45:32.000]  以前中國的大媽
[00:45:32.000 --> 00:45:34.000]  當這個黃金跌的時候
[00:45:34.000 --> 00:45:35.000]  跌了2000多塊
[00:45:35.000 --> 00:45:36.000]  他們就很高興
[00:45:36.000 --> 00:45:37.000]  跌了很多了
[00:45:37.000 --> 00:45:41.000]  中國的大媽馬上去買很多的金
[00:45:41.000 --> 00:45:43.000]  金的首飾
[00:45:43.000 --> 00:45:44.000]  你看電視上
[00:45:44.000 --> 00:45:46.000]  他們都穿金戴銀
[00:45:46.000 --> 00:45:50.000]  還有這個金鍊
[00:45:50.000 --> 00:45:52.000]  現在都糟糕了
[00:45:52.000 --> 00:45:53.000]  1000多塊
[00:45:53.000 --> 00:45:55.000]  跌了一塌糊塗
[00:45:55.000 --> 00:45:56.000]  所以真的是
[00:45:56.000 --> 00:45:58.000]  顏書記都提醒我們
[00:45:58.000 --> 00:46:01.000]  在這個動盪的世代裡面
[00:46:01.000 --> 00:46:04.000]  我們很多時候
[00:46:04.000 --> 00:46:05.000]  都會受到損失
[00:46:05.000 --> 00:46:07.000]  包括你跟我都會有
[00:46:07.000 --> 00:46:10.000]  我們香港政府外匯基金
[00:46:10.000 --> 00:46:13.000]  去年2015年
[00:46:13.000 --> 00:46:14.000]  也賠錢了
[00:46:14.000 --> 00:46:17.000]  賠了183億港幣
[00:46:17.000 --> 00:46:19.000]  這個數字很大了
[00:46:19.000 --> 00:46:21.000]  當然我們的外匯儲備很多
[00:46:21.000 --> 00:46:32.000]  3.4萬億外匯儲備
[00:46:32.000 --> 00:46:34.000]  所以183億
[00:46:34.000 --> 00:46:37.000]  佔它是0.5的損失
[00:46:37.000 --> 00:46:39.000]  也不是太高了
[00:46:39.000 --> 00:46:42.000]  那也是影響我們香港人的財富
[00:46:42.000 --> 00:46:45.000]  所以原來財富在世界上
[00:46:45.000 --> 00:46:47.000]  是非常不穩定的
[00:46:47.000 --> 00:46:50.000]  那我們真的要記住
[00:46:50.000 --> 00:46:52.000]  我們有錢的話
[00:46:52.000 --> 00:46:54.000]  我們要多奉獻
[00:46:54.000 --> 00:46:58.000]  在這個動盪的經濟
[00:46:58.000 --> 00:47:00.000]  動盪的社會當中
[00:47:00.000 --> 00:47:03.000]  希望你心裡面有平安
[00:47:03.000 --> 00:47:05.000]  沒有平安的話
[00:47:05.000 --> 00:47:08.000]  讓這個也可以幫助你
[00:47:08.000 --> 00:47:10.000]  救生圈
[00:47:10.000 --> 00:47:12.000]  抓住
[00:47:12.000 --> 00:47:13.000]  就算抓住
[00:47:13.000 --> 00:47:15.000]  耶穌基督給你的
[00:47:15.000 --> 00:47:19.000]  那你就可能心裡會踏實一點
[00:47:19.000 --> 00:47:20.000]  未來一年
[00:47:20.000 --> 00:47:22.000]  很多人都說
[00:47:22.000 --> 00:47:24.000]  可能不是太理想
[00:47:24.000 --> 00:47:26.000]  我們稅守
[00:47:26.000 --> 00:47:30.000]  我們稅位的時候
[00:47:30.000 --> 00:47:33.000]  今年年底我們看一下
[00:47:33.000 --> 00:47:36.000]  回顧我們去年整年的時候
[00:47:36.000 --> 00:47:39.000]  我們展望未來一年的時候
[00:47:39.000 --> 00:47:41.000]  我們靠主
[00:47:41.000 --> 00:47:45.000]  就能夠心裡有平安
[00:47:45.000 --> 00:47:47.000]  最重要的就是
[00:47:47.000 --> 00:47:49.000]  不論你是恩典
[00:47:49.000 --> 00:47:51.000]  不論你是困難
[00:47:51.000 --> 00:47:52.000]  最重要的
[00:47:52.000 --> 00:47:54.000]  我們靠主
[00:47:54.000 --> 00:47:57.000]  走這個恩典之路
[00:47:57.000 --> 00:47:59.000]  也讓這個主恩
[00:47:59.000 --> 00:48:02.000]  藏在我們生活當中
[00:48:02.000 --> 00:48:03.000]  最重要
[00:48:03.000 --> 00:48:05.000]  我們要常常數算主恩
[00:48:05.000 --> 00:48:09.000]  請大家低頭我們同心禱告
[00:48:09.000 --> 00:48:12.000]  天父我們滿心感謝讚美你
[00:48:12.000 --> 00:48:13.000]  在主的早晨
[00:48:13.000 --> 00:48:16.000]  讓我們眾弟兄姊妹來到你的殿中
[00:48:16.000 --> 00:48:18.000]  我們有健康的身體
[00:48:18.000 --> 00:48:20.000]  能夠跑到這裡
[00:48:20.000 --> 00:48:22.000]  也不是偶然的
[00:48:22.000 --> 00:48:23.000]  也不是必然的
[00:48:23.000 --> 00:48:25.000]  都是你的恩典
[00:48:25.000 --> 00:48:28.000]  求主教導我們在座每一位弟兄姊妹
[00:48:28.000 --> 00:48:31.000]  都能夠靠主走恩典之路
[00:48:31.000 --> 00:48:35.000]  也能夠常常數算主恩
[00:48:35.000 --> 00:48:36.000]  讓你的恩典
[00:48:36.000 --> 00:48:39.000]  藏於我們在座的每一位同在
[00:48:39.000 --> 00:48:40.000]  我們禱告
[00:48:40.000 --> 00:48:43.000]  是奉主耶穌基督得聖的名酒
[00:48:43.000 --> 00:48:44.000]  阿們
