
[00:00:00.000 --> 00:00:02.000]  各位電影姐妹早晨
[00:00:02.000 --> 00:00:04.000]  很多時候我們覺得
[00:00:04.000 --> 00:00:06.000]  世界上的事情
[00:00:06.000 --> 00:00:08.000]  是
[00:00:08.000 --> 00:00:10.000]  可能是偶然發生
[00:00:10.000 --> 00:00:12.000]  但是在
[00:00:12.000 --> 00:00:14.000]  一個信徒的生命
[00:00:14.000 --> 00:00:16.000]  在一個國度的生命
[00:00:16.000 --> 00:00:18.000]  所發生的事情
[00:00:18.000 --> 00:00:20.000]  沒有偶然的回事
[00:00:20.000 --> 00:00:22.000]  完全是有
[00:00:22.000 --> 00:00:24.000]  上帝的安排
[00:00:24.000 --> 00:00:26.000]  待會我會跟你說西大加的
[00:00:26.000 --> 00:00:28.000]  這個故事
[00:00:28.000 --> 00:00:30.000]  我現在已經和你去到
[00:00:30.000 --> 00:00:32.000]  獵王記下
[00:00:32.000 --> 00:00:34.000]  差不多拉尾了,25張是最後一張
[00:00:34.000 --> 00:00:36.000]  你見我的題目是
[00:00:36.000 --> 00:00:38.000]  應許
[00:00:38.000 --> 00:00:40.000]  拆除
[00:00:40.000 --> 00:00:42.000]  我的英文叫Dismantle
[00:00:42.000 --> 00:00:44.000]  什麼叫Dismantle呢
[00:00:44.000 --> 00:00:46.000]  你將一些東西
[00:00:46.000 --> 00:00:48.000]  整個架子擺好
[00:00:48.000 --> 00:00:50.000]  叫Dismantle
[00:00:50.000 --> 00:00:52.000]  Dismantle
[00:00:52.000 --> 00:00:54.000]  將它拆除
[00:00:54.000 --> 00:00:56.000]  如果用一個最好的例子,香港
[00:00:56.000 --> 00:00:58.000]  打棚
[00:00:58.000 --> 00:01:00.000]  打棚
[00:01:00.000 --> 00:01:02.000]  將棚拆除
[00:01:02.000 --> 00:01:04.000]  叫Dismantle
[00:01:04.000 --> 00:01:06.000]  在一個國度來說
[00:01:06.000 --> 00:01:08.000]  上帝給了這個
[00:01:08.000 --> 00:01:10.000]  國家一個國度
[00:01:10.000 --> 00:01:12.000]  有應許
[00:01:12.000 --> 00:01:14.000]  但這個應許已經拆除了
[00:01:14.000 --> 00:01:16.000]  當上帝
[00:01:16.000 --> 00:01:18.000]  給了猶大國
[00:01:18.000 --> 00:01:20.000]  一個應許,他說要拆除
[00:01:20.000 --> 00:01:22.000]  什麼意思呢
[00:01:22.000 --> 00:01:24.000]  他的末日
[00:01:24.000 --> 00:01:26.000]  到了
[00:01:26.000 --> 00:01:28.000]  你看我的題目
[00:01:28.000 --> 00:01:30.000]  有個第三講
[00:01:30.000 --> 00:01:32.000]  猶大第二
[00:01:32.000 --> 00:01:34.000]  我漏了一個字
[00:01:34.000 --> 00:01:36.000]  我先字打錯了
[00:01:36.000 --> 00:01:38.000]  第二次被擄
[00:01:38.000 --> 00:01:40.000]  你見到
[00:01:40.000 --> 00:01:42.000]  我手上的大綱
[00:01:42.000 --> 00:01:44.000]  我有兩點和大家說
[00:01:44.000 --> 00:01:46.000]  一會兒會回應
[00:01:46.000 --> 00:01:48.000]  這兩點
[00:01:48.000 --> 00:01:50.000]  不過我想回顧一點
[00:01:50.000 --> 00:01:52.000]  獵王記
[00:01:52.000 --> 00:01:54.000]  來到這裡
[00:01:54.000 --> 00:01:58.000]  最後
[00:01:58.000 --> 00:02:00.000]  他最後一個好的王
[00:02:00.000 --> 00:02:02.000]  叫約西亞
[00:02:02.000 --> 00:02:04.000]  喬西亞
[00:02:04.000 --> 00:02:06.000]  是一個好的王
[00:02:06.000 --> 00:02:08.000]  但他死了之後
[00:02:08.000 --> 00:02:10.000]  31年這個國度就亡了
[00:02:10.000 --> 00:02:12.000]  但他死了之後這31年
[00:02:12.000 --> 00:02:14.000]  出了四個王
[00:02:14.000 --> 00:02:16.000]  首先
[00:02:16.000 --> 00:02:18.000]  作王的
[00:02:18.000 --> 00:02:20.000]  約哈斯
[00:02:20.000 --> 00:02:22.000]  是他中間的兒子
[00:02:22.000 --> 00:02:24.000]  作王三個月
[00:02:24.000 --> 00:02:28.000]  法老王尼戈
[00:02:28.000 --> 00:02:30.000]  不喜歡他
[00:02:30.000 --> 00:02:32.000]  就立了他的哥哥
[00:02:32.000 --> 00:02:34.000]  叫約瓦敬
[00:02:34.000 --> 00:02:36.000]  作王
[00:02:36.000 --> 00:02:38.000]  約瓦敬就做了十一年王
[00:02:38.000 --> 00:02:40.000]  但是
[00:02:40.000 --> 00:02:42.000]  又被尼布甲尼撒
[00:02:42.000 --> 00:02:44.000]  不喜歡他
[00:02:50.000 --> 00:02:52.000]  約瓦敬在耶路撒冷
[00:02:52.000 --> 00:02:54.000]  做王十一年
[00:02:54.000 --> 00:02:58.000]  法老不能夠保護他
[00:02:58.000 --> 00:03:00.000]  約瓦敬被迫
[00:03:00.000 --> 00:03:02.000]  臣服尼布甲尼撒
[00:03:02.000 --> 00:03:04.000]  約瓦敬
[00:03:04.000 --> 00:03:06.000]  就造反第一次被擄
[00:03:06.000 --> 00:03:08.000]  整個國第一次被擄
[00:03:08.000 --> 00:03:10.000]  被擄之後
[00:03:10.000 --> 00:03:12.000]  尼布甲尼撒就立了約瓦根
[00:03:12.000 --> 00:03:16.000]  約瓦根
[00:03:16.000 --> 00:03:18.000]  就是約瓦敬的兒子
[00:03:18.000 --> 00:03:20.000]  是約西亞王的孫
[00:03:20.000 --> 00:03:26.000]  約瓦敬
[00:03:26.000 --> 00:03:28.000]  也是造反
[00:03:28.000 --> 00:03:30.000]  所以約瓦根
[00:03:30.000 --> 00:03:32.000]  作王三個月後
[00:03:32.000 --> 00:03:34.000]  又被人廢了巴比倫
[00:03:34.000 --> 00:03:36.000]  王尼布甲尼撒廢了他
[00:03:36.000 --> 00:03:38.000]  就立了另一個
[00:03:38.000 --> 00:03:40.000]  立他的叔
[00:03:40.000 --> 00:03:42.000]  就是約西亞最小的兒子
[00:03:42.000 --> 00:03:44.000]  叫西底加
[00:03:44.000 --> 00:03:46.000]  所以今天的經文
[00:03:46.000 --> 00:03:48.000]  開始讀的時候
[00:03:48.000 --> 00:03:50.000]  第十七節
[00:03:50.000 --> 00:03:52.000]  二十七章第十七節
[00:03:52.000 --> 00:03:54.000]  西底加
[00:03:54.000 --> 00:03:56.000]  剛才明保在讀的時候
[00:03:56.000 --> 00:03:58.000]  造王二十一歲造王
[00:03:58.000 --> 00:04:00.000]  是他最小的兒子
[00:04:00.000 --> 00:04:02.000]  二十一歲造王
[00:04:02.000 --> 00:04:04.000]  西底加
[00:04:04.000 --> 00:04:08.000]  其實他原本
[00:04:08.000 --> 00:04:10.000]  西底加
[00:04:10.000 --> 00:04:12.000]  在希伯來文
[00:04:12.000 --> 00:04:14.000]  是公義
[00:04:14.000 --> 00:04:16.000]  耶和華
[00:04:16.000 --> 00:04:18.000]  是公義
[00:04:18.000 --> 00:04:20.000]  這是巴比倫王給他的名字
[00:04:20.000 --> 00:04:22.000]  但是他本來的名字叫
[00:04:22.000 --> 00:04:24.000]  Metania
[00:04:24.000 --> 00:04:26.000]  有沒有看到這個字
[00:04:26.000 --> 00:04:30.000]  是耶和華的禮物
[00:04:30.000 --> 00:04:36.000]  那麼
[00:04:36.000 --> 00:04:38.000]  當我
[00:04:38.000 --> 00:04:40.000]  大家留意
[00:04:40.000 --> 00:04:42.000]  當一個上王幫下王
[00:04:42.000 --> 00:04:44.000]  改了一個名字
[00:04:44.000 --> 00:04:46.000]  就是我和你爸爸
[00:04:46.000 --> 00:04:48.000]  今天改名的
[00:04:48.000 --> 00:04:50.000]  特權
[00:04:50.000 --> 00:04:52.000]  是誰
[00:04:52.000 --> 00:04:54.000]  做爸爸
[00:04:54.000 --> 00:04:56.000]  誰有權將這個身份證起名
[00:04:56.000 --> 00:04:58.000]  爸爸
[00:04:58.000 --> 00:05:00.000]  對不對
[00:05:00.000 --> 00:05:02.000]  特權
[00:05:02.000 --> 00:05:04.000]  如果一個人
[00:05:04.000 --> 00:05:06.000]  人家要幫你改名你要接受
[00:05:06.000 --> 00:05:08.000]  那個人就是你叫什麼
[00:05:08.000 --> 00:05:10.000]  爸爸
[00:05:10.000 --> 00:05:12.000]  所以尼泊爾加里薩
[00:05:12.000 --> 00:05:14.000]  這個字是中文
[00:05:14.000 --> 00:05:16.000]  尼泊爾加里薩
[00:05:16.000 --> 00:05:18.000]  中文五個字
[00:05:18.000 --> 00:05:20.000]  尼泊爾加里薩
[00:05:20.000 --> 00:05:24.000]  原文呢
[00:05:24.000 --> 00:05:26.000]  或者英文翻譯是什麼
[00:05:26.000 --> 00:05:28.000]  一個字
[00:05:28.000 --> 00:05:30.000]  尼泊爾加里薩這個人
[00:05:30.000 --> 00:05:32.000]  是一個很值得我們去讀的
[00:05:32.000 --> 00:05:34.000]  但以你書會有介紹他
[00:05:34.000 --> 00:05:36.000]  尼泊爾加里薩是一個
[00:05:36.000 --> 00:05:38.000]  非常傳奇性的人
[00:05:38.000 --> 00:05:40.000]  不過在這個時候他用
[00:05:40.000 --> 00:05:42.000]  醜角出現
[00:05:42.000 --> 00:05:44.000]  什麼叫醜角
[00:05:44.000 --> 00:05:46.000]  大家看戲劇
[00:05:46.000 --> 00:05:48.000]  不是好人
[00:05:48.000 --> 00:05:50.000]  後來變好人
[00:05:50.000 --> 00:05:52.000]  不過上帝在這個時候就用他
[00:05:52.000 --> 00:05:54.000]  不過anyway
[00:05:54.000 --> 00:05:56.000]  因為不是主要學
[00:05:56.000 --> 00:05:58.000]  其實我的廣宗裡面
[00:05:58.000 --> 00:06:00.000]  我將約哈斯
[00:06:00.000 --> 00:06:02.000]  和約瓦京
[00:06:02.000 --> 00:06:04.000]  約哈斯是叔叔
[00:06:04.000 --> 00:06:06.000]  約瓦京是侄子
[00:06:06.000 --> 00:06:08.000]  他們的王是很相似
[00:06:08.000 --> 00:06:10.000]  大家祖王三個月
[00:06:10.000 --> 00:06:12.000]  但最相似是行夜禍
[00:06:12.000 --> 00:06:14.000]  眼中安寧惡的事
[00:06:14.000 --> 00:06:16.000]  我今天就不提這件事
[00:06:16.000 --> 00:06:18.000]  不過我就想
[00:06:18.000 --> 00:06:20.000]  繼續來看
[00:06:20.000 --> 00:06:22.000]  這個約瓦京
[00:06:22.000 --> 00:06:28.000]  約瓦京
[00:06:28.000 --> 00:06:30.000]  剛剛我讀了
[00:06:30.000 --> 00:06:32.000]  約瓦京就剛剛被
[00:06:32.000 --> 00:06:34.000]  巴比倫王
[00:06:34.000 --> 00:06:36.000]  尼保加雷撒
[00:06:36.000 --> 00:06:38.000]  將他擄了
[00:06:38.000 --> 00:06:40.000]  擄到巴比倫
[00:06:40.000 --> 00:06:42.000]  約瓦京
[00:06:42.000 --> 00:06:44.000]  Johiachin
[00:06:44.000 --> 00:06:46.000]  英文是Johiachin
[00:06:46.000 --> 00:06:48.000]  中文叫約瓦京
[00:06:48.000 --> 00:06:50.000]  中文叫約瓦京
[00:06:50.000 --> 00:06:52.000]  他另一個名叫Jekaniah
[00:06:52.000 --> 00:06:54.000]  耶哥尼亞
[00:06:54.000 --> 00:06:56.000]  是耶穌的家譜
[00:06:56.000 --> 00:06:58.000]  裡面一個人物
[00:06:58.000 --> 00:07:00.000]  就是耶穌的
[00:07:00.000 --> 00:07:02.000]  one of the forefathers
[00:07:02.000 --> 00:07:04.000]  of Jesus Christ
[00:07:04.000 --> 00:07:06.000]  His name appears in the book
[00:07:06.000 --> 00:07:08.000]  in the gospel of Matthew chapter 1
[00:07:08.000 --> 00:07:10.000]  OK
[00:07:10.000 --> 00:07:12.000]  在耶穌基督的家譜裡面
[00:07:12.000 --> 00:07:14.000]  是有Jekaniah
[00:07:14.000 --> 00:07:16.000]  用這個字
[00:07:16.000 --> 00:07:18.000]  其實就是約瓦京
[00:07:18.000 --> 00:07:20.000]  他被擄
[00:07:20.000 --> 00:07:22.000]  那時候是不是讀聖經呢
[00:07:22.000 --> 00:07:24.000]  不是說這一堂記住這個人就行了
[00:07:24.000 --> 00:07:26.000]  其實聖經一直有聯繫下去
[00:07:26.000 --> 00:07:30.000]  所以讀聖經
[00:07:30.000 --> 00:07:32.000]  不是說一次過一次到
[00:07:32.000 --> 00:07:34.000]  這個斬件
[00:07:34.000 --> 00:07:36.000]  聖經的故事從來不是斬件式
[00:07:36.000 --> 00:07:38.000]  是有聯繫性的
[00:07:38.000 --> 00:07:40.000]  所以各位聽眾
[00:07:40.000 --> 00:07:42.000]  我們是跟隨主
[00:07:42.000 --> 00:07:44.000]  讀神的話
[00:07:44.000 --> 00:07:46.000]  我們對聖經的知識
[00:07:46.000 --> 00:07:48.000]  是一直慢慢建立
[00:07:48.000 --> 00:07:50.000]  Build up
[00:07:50.000 --> 00:07:52.000]  是有聯繫的
[00:07:52.000 --> 00:07:54.000]  所以一個基督徒
[00:07:54.000 --> 00:07:56.000]  如果你信主得久
[00:07:56.000 --> 00:07:58.000]  聽道主的道久了
[00:07:58.000 --> 00:08:00.000]  你應該有差不多的
[00:08:00.000 --> 00:08:02.000]  造詣
[00:08:02.000 --> 00:08:04.000]  所以很多時候如果你想騙人
[00:08:04.000 --> 00:08:06.000]  說我很懂聖經
[00:08:06.000 --> 00:08:08.000]  我多問你兩句你就會知道
[00:08:08.000 --> 00:08:10.000]  聖經是一生的學習
[00:08:10.000 --> 00:08:12.000]  是很長時間
[00:08:12.000 --> 00:08:16.000]  不是一天
[00:08:16.000 --> 00:08:18.000]  我昨天信了耶穌
[00:08:18.000 --> 00:08:20.000]  昨天就立刻很熟悉
[00:08:20.000 --> 00:08:22.000]  沒有這回事的
[00:08:22.000 --> 00:08:24.000]  熟悉是要慢慢建立
[00:08:24.000 --> 00:08:26.000]  聖經的知識也是慢慢
[00:08:26.000 --> 00:08:28.000]  聖經是一生的學習
[00:08:28.000 --> 00:08:30.000]  是一生的學習
[00:08:30.000 --> 00:08:32.000]  聖經是一生的學習
[00:08:32.000 --> 00:08:34.000]  聖經是一生的學習
[00:08:34.000 --> 00:08:36.000]  聖經是一生的學習
[00:08:36.000 --> 00:08:38.000]  聖經是一生的學習
[00:08:38.000 --> 00:08:40.000]  聖經是一生的學習
[00:08:40.000 --> 00:08:42.000]  聖經是一生的學習
[00:08:42.000 --> 00:08:44.000]  聖經是一生的學習
[00:08:44.000 --> 00:08:46.000]  聖經是一生的學習
[00:08:46.000 --> 00:08:48.000]  聖經是一生的學習
[00:08:48.000 --> 00:08:50.000]  聖經是一生的學習
[00:08:50.000 --> 00:08:52.000]  聖經是一生的學習
[00:08:52.000 --> 00:08:54.000]  聖經是一生的學習
[00:08:54.000 --> 00:08:56.000]  聖經是一生的學習
[00:08:56.000 --> 00:08:58.000]  聖經是一生的學習
[00:08:58.000 --> 00:09:00.000]  聖經是一生的學習
[00:09:00.000 --> 00:09:02.000]  聖經是一生的學習
[00:09:02.000 --> 00:09:04.000]  聖經是一生的學習
[00:09:04.000 --> 00:09:06.000]  聖經是一生的學習
[00:09:06.000 --> 00:09:08.000]  聖經是一生的學習
[00:09:08.000 --> 00:09:10.000]  聖經是一生的學習
[00:09:10.000 --> 00:09:12.000]  聖經是一生的學習
[00:09:12.000 --> 00:09:14.000]  聖經是一生的學習
[00:09:14.000 --> 00:09:16.000]  聖經是一生的學習
[00:09:16.000 --> 00:09:18.000]  聖經是一生的學習
[00:09:18.000 --> 00:09:20.000]  聖經是一生的學習
[00:09:20.000 --> 00:09:22.000]  聖經是一生的學習
[00:09:22.000 --> 00:09:24.000]  聖經是一生的學習
[00:09:24.000 --> 00:09:26.000]  聖經是一生的學習
[00:09:26.000 --> 00:09:28.000]  聖經是一生的學習
[00:09:28.000 --> 00:09:30.000]  聖經是一生的學習
[00:09:30.000 --> 00:09:32.000]  聖經是一生的學習
[00:09:32.000 --> 00:09:34.000]  聖經是一生的學習
[00:09:34.000 --> 00:09:36.000]  聖經是一生的學習
[00:09:36.000 --> 00:09:38.000]  聖經是一生的學習
[00:09:38.000 --> 00:09:40.000]  聖經是一生的學習
[00:09:40.000 --> 00:09:42.000]  聖經是一生的學習
[00:09:42.000 --> 00:09:44.000]  聖經是一生的學習
[00:09:44.000 --> 00:09:46.000]  聖經是一生的學習
[00:09:46.000 --> 00:09:48.000]  聖經是一生的學習
[00:09:48.000 --> 00:09:50.000]  聖經是一生的學習
[00:09:50.000 --> 00:09:52.000]  聖經是一生的學習
[00:09:52.000 --> 00:09:54.000]  聖經是一生的學習
[00:09:54.000 --> 00:09:56.000]  聖經是一生的學習
[00:09:56.000 --> 00:09:58.000]  聖經是一生的學習
[00:09:58.000 --> 00:10:00.000]  聖經是一生的學習
[00:10:00.000 --> 00:10:02.000]  聖經是一生的學習
[00:10:02.000 --> 00:10:04.000]  聖經是一生的學習
[00:10:04.000 --> 00:10:06.000]  聖經是一生的學習
[00:10:06.000 --> 00:10:08.000]  聖經是一生的學習
[00:10:08.000 --> 00:10:10.000]  聖經是一生的學習
[00:10:10.000 --> 00:10:12.000]  聖經是一生的學習
[00:10:12.000 --> 00:10:14.000]  聖經是一生的學習
[00:10:14.000 --> 00:10:16.000]  聖經是一生的學習
[00:10:16.000 --> 00:10:18.000]  聖經是一生的學習
[00:10:18.000 --> 00:10:20.000]  聖經是一生的學習
[00:10:20.000 --> 00:10:22.000]  聖經是一生的學習
[00:10:22.000 --> 00:10:24.000]  聖經是一生的學習
[00:10:24.000 --> 00:10:26.000]  聖經是一生的學習
[00:10:26.000 --> 00:10:28.000]  聖經是一生的學習
[00:10:28.000 --> 00:10:30.000]  聖經是一生的學習
[00:10:30.000 --> 00:10:32.000]  聖經是一生的學習
[00:10:32.000 --> 00:10:34.000]  聖經是一生的學習
[00:10:34.000 --> 00:10:36.000]  聖經是一生的學習
[00:10:36.000 --> 00:10:38.000]  聖經是一生的學習
[00:10:38.000 --> 00:10:40.000]  聖經是一生的學習
[00:10:40.000 --> 00:10:42.000]  聖經是一生的學習
[00:10:42.000 --> 00:10:44.000]  聖經是一生的學習
[00:10:44.000 --> 00:10:46.000]  聖經是一生的學習
[00:10:46.000 --> 00:10:48.000]  聖經是一生的學習
[00:10:48.000 --> 00:10:50.000]  聖經是一生的學習
[00:10:50.000 --> 00:10:52.000]  聖經是一生的學習
[00:10:52.000 --> 00:10:54.000]  聖經是一生的學習
[00:10:54.000 --> 00:10:56.000]  聖經是一生的學習
[00:10:56.000 --> 00:10:58.000]  聖經是一生的學習
[00:10:58.000 --> 00:11:00.000]  聖經是一生的學習
[00:11:00.000 --> 00:11:02.000]  聖經是一生的學習
[00:11:02.000 --> 00:11:04.000]  聖經是一生的學習
[00:11:04.000 --> 00:11:06.000]  聖經是一生的學習
[00:11:06.000 --> 00:11:08.000]  聖經是一生的學習
[00:11:08.000 --> 00:11:10.000]  聖經是一生的學習
[00:11:10.000 --> 00:11:12.000]  聖經是一生的學習
[00:11:12.000 --> 00:11:14.000]  聖經是一生的學習
[00:11:14.000 --> 00:11:16.000]  聖經是一生的學習
[00:11:16.000 --> 00:11:18.000]  聖經是一生的學習
[00:11:18.000 --> 00:11:20.000]  聖經是一生的學習
[00:11:20.000 --> 00:11:22.000]  聖經是一生的學習
[00:11:22.000 --> 00:11:24.000]  聖經是一生的學習
[00:11:24.000 --> 00:11:26.000]  聖經是一生的學習
[00:11:26.000 --> 00:11:28.000]  聖經是一生的學習
[00:11:28.000 --> 00:11:30.000]  聖經是一生的學習
[00:11:30.000 --> 00:11:32.000]  聖經是一生的學習
[00:11:32.000 --> 00:11:34.000]  聖經是一生的學習
[00:11:34.000 --> 00:11:36.000]  聖經是一生的學習
[00:11:36.000 --> 00:11:38.000]  聖經是一生的學習
[00:11:38.000 --> 00:11:40.000]  聖經是一生的學習
[00:11:40.000 --> 00:11:42.000]  聖經是一生的學習
[00:11:42.000 --> 00:11:44.000]  聖經是一生的學習
[00:11:44.000 --> 00:11:46.000]  聖經是一生的學習
[00:11:46.000 --> 00:11:48.000]  聖經是一生的學習
[00:11:48.000 --> 00:11:50.000]  聖經是一生的學習
[00:11:50.000 --> 00:11:52.000]  聖經是一生的學習
[00:11:52.000 --> 00:11:54.000]  聖經是一生的學習
[00:11:54.000 --> 00:11:56.000]  聖經是一生的學習
[00:11:56.000 --> 00:11:58.000]  聖經是一生的學習
[00:11:58.000 --> 00:12:00.000]  聖經是一生的學習
[00:12:00.000 --> 00:12:02.000]  聖經是一生的學習
[00:12:02.000 --> 00:12:04.000]  聖經是一生的學習
[00:12:04.000 --> 00:12:06.000]  聖經是一生的學習
[00:12:06.000 --> 00:12:08.000]  聖經是一生的學習
[00:12:08.000 --> 00:12:10.000]  聖經是一生的學習
[00:12:10.000 --> 00:12:12.000]  聖經是一生的學習
[00:12:12.000 --> 00:12:14.000]  聖經是一生的學習
[00:12:14.000 --> 00:12:16.000]  聖經是一生的學習
[00:12:16.000 --> 00:12:18.000]  聖經是一生的學習
[00:12:18.000 --> 00:12:20.000]  聖經是一生的學習
[00:12:20.000 --> 00:12:22.000]  聖經是一生的學習
[00:12:22.000 --> 00:12:24.000]  聖經是一生的學習
[00:12:24.000 --> 00:12:26.000]  聖經是一生的學習
[00:12:26.000 --> 00:12:28.000]  聖經是一生的學習
[00:12:28.000 --> 00:12:30.000]  聖經是一生的學習
[00:12:30.000 --> 00:12:32.000]  聖經是一生的學習
[00:12:32.000 --> 00:12:34.000]  聖經是一生的學習
[00:12:34.000 --> 00:12:36.000]  聖經是一生的學習
[00:12:36.000 --> 00:12:38.000]  聖經是一生的學習
[00:12:38.000 --> 00:12:40.000]  聖經是一生的學習
[00:12:40.000 --> 00:12:42.000]  聖經是一生的學習
[00:12:42.000 --> 00:12:44.000]  聖經是一生的學習
[00:12:44.000 --> 00:12:46.000]  聖經是一生的學習
[00:12:46.000 --> 00:12:48.000]  聖經是一生的學習
[00:12:48.000 --> 00:12:50.000]  聖經是一生的學習
[00:12:50.000 --> 00:12:52.000]  聖經是一生的學習
[00:12:52.000 --> 00:12:54.000]  聖經是一生的學習
[00:12:54.000 --> 00:12:56.000]  聖經是一生的學習
[00:12:56.000 --> 00:12:58.000]  聖經是一生的學習
[00:12:58.000 --> 00:13:00.000]  聖經是一生的學習
[00:13:00.000 --> 00:13:02.000]  聖經是一生的學習
[00:13:02.000 --> 00:13:04.000]  聖經是一生的學習
[00:13:04.000 --> 00:13:06.000]  聖經是一生的學習
[00:13:06.000 --> 00:13:08.000]  聖經是一生的學習
[00:13:08.000 --> 00:13:10.000]  聖經是一生的學習
[00:13:10.000 --> 00:13:12.000]  聖經是一生的學習
[00:13:12.000 --> 00:13:14.000]  聖經是一生的學習
[00:13:14.000 --> 00:13:16.000]  聖經是一生的學習
[00:13:16.000 --> 00:13:18.000]  聖經是一生的學習
[00:13:18.000 --> 00:13:20.000]  聖經是一生的學習
[00:13:20.000 --> 00:13:22.000]  聖經是一生的學習
[00:13:22.000 --> 00:13:24.000]  聖經是一生的學習
[00:13:24.000 --> 00:13:26.000]  聖經是一生的學習
[00:13:26.000 --> 00:13:28.000]  聖經是一生的學習
[00:13:28.000 --> 00:13:30.000]  聖經是一生的學習
[00:13:30.000 --> 00:13:32.000]  聖經是一生的學習
[00:13:32.000 --> 00:13:34.000]  聖經是一生的學習
[00:13:34.000 --> 00:13:36.000]  聖經是一生的學習
[00:13:36.000 --> 00:13:38.000]  聖經是一生的學習
[00:13:38.000 --> 00:13:40.000]  聖經是一生的學習
[00:13:40.000 --> 00:13:42.000]  聖經是一生的學習
[00:13:42.000 --> 00:13:44.000]  聖經是一生的學習
[00:13:44.000 --> 00:13:46.000]  聖經是一生的學習
[00:13:46.000 --> 00:13:48.000]  聖經是一生的學習
[00:13:48.000 --> 00:13:50.000]  聖經是一生的學習
[00:13:50.000 --> 00:13:52.000]  聖經是一生的學習
[00:13:52.000 --> 00:13:54.000]  聖經是一生的學習
[00:13:54.000 --> 00:13:56.000]  聖經是一生的學習
[00:13:56.000 --> 00:13:58.000]  聖經是一生的學習
[00:13:58.000 --> 00:14:00.000]  聖經是一生的學習
[00:14:00.000 --> 00:14:02.000]  聖經是一生的學習
[00:14:02.000 --> 00:14:04.000]  聖經是一生的學習
[00:14:04.000 --> 00:14:06.000]  聖經是一生的學習
[00:14:06.000 --> 00:14:08.000]  聖經是一生的學習
[00:14:08.000 --> 00:14:10.000]  聖經是一生的學習
[00:14:10.000 --> 00:14:12.000]  聖經是一生的學習
[00:14:12.000 --> 00:14:14.000]  聖經是一生的學習
[00:14:14.000 --> 00:14:16.000]  聖經是一生的學習
[00:14:16.000 --> 00:14:18.000]  聖經是一生的學習
[00:14:18.000 --> 00:14:20.000]  聖經是一生的學習
[00:14:20.000 --> 00:14:22.000]  聖經是一生的學習
[00:14:22.000 --> 00:14:24.000]  聖經是一生的學習
[00:14:24.000 --> 00:14:26.000]  聖經是一生的學習
[00:14:26.000 --> 00:14:28.000]  聖經是一生的學習
[00:14:28.000 --> 00:14:30.000]  聖經是一生的學習
[00:14:30.000 --> 00:14:32.000]  聖經是一生的學習
[00:14:32.000 --> 00:14:34.000]  聖經是一生的學習
[00:14:34.000 --> 00:14:36.000]  聖經是一生的學習
[00:14:36.000 --> 00:14:38.000]  聖經是一生的學習
[00:14:38.000 --> 00:14:40.000]  聖經是一生的學習
[00:14:40.000 --> 00:14:42.000]  聖經是一生的學習
[00:14:42.000 --> 00:14:44.000]  聖經是一生的學習
[00:14:44.000 --> 00:14:46.000]  聖經是一生的學習
[00:14:46.000 --> 00:14:48.000]  聖經是一生的學習
[00:14:48.000 --> 00:14:50.000]  聖經是一生的學習
[00:14:50.000 --> 00:14:52.000]  聖經是一生的學習
[00:14:52.000 --> 00:14:54.000]  聖經是一生的學習
[00:14:54.000 --> 00:14:56.000]  聖經是一生的學習
[00:14:56.000 --> 00:14:58.000]  聖經是一生的學習
[00:14:58.000 --> 00:15:00.000]  聖經是一生的學習
[00:15:00.000 --> 00:15:02.000]  聖經是一生的學習
[00:15:02.000 --> 00:15:04.000]  聖經是一生的學習
[00:15:04.000 --> 00:15:06.000]  聖經是一生的學習
[00:15:06.000 --> 00:15:08.000]  聖經是一生的學習
[00:15:08.000 --> 00:15:10.000]  聖經是一生的學習
[00:15:10.000 --> 00:15:12.000]  聖經是一生的學習
[00:15:12.000 --> 00:15:14.000]  聖經是一生的學習
[00:15:14.000 --> 00:15:16.000]  聖經是一生的學習
[00:15:16.000 --> 00:15:18.000]  聖經是一生的學習
[00:15:18.000 --> 00:15:20.000]  聖經是一生的學習
[00:15:20.000 --> 00:15:22.000]  聖經是一生的學習
[00:15:22.000 --> 00:15:24.000]  聖經是一生的學習
[00:15:24.000 --> 00:15:26.000]  聖經是一生的學習
[00:15:26.000 --> 00:15:28.000]  聖經是一生的學習
[00:15:28.000 --> 00:15:30.000]  聖經是一生的學習
[00:15:30.000 --> 00:15:32.000]  聖經是一生的學習
[00:15:32.000 --> 00:15:34.000]  聖經是一生的學習
[00:15:34.000 --> 00:15:36.000]  聖經是一生的學習
[00:15:36.000 --> 00:15:38.000]  聖經是一生的學習
[00:15:38.000 --> 00:15:40.000]  聖經是一生的學習
[00:15:40.000 --> 00:15:42.000]  聖經是一生的學習
[00:15:42.000 --> 00:15:44.000]  聖經是一生的學習
[00:15:44.000 --> 00:15:46.000]  聖經是一生的學習
[00:15:46.000 --> 00:15:48.000]  聖經是一生的學習
[00:15:48.000 --> 00:15:50.000]  聖經是一生的學習
[00:15:50.000 --> 00:15:52.000]  聖經是一生的學習
[00:15:52.000 --> 00:15:54.000]  聖經是一生的學習
[00:15:54.000 --> 00:15:56.000]  聖經是一生的學習
[00:15:56.000 --> 00:15:58.000]  聖經是一生的學習
[00:15:58.000 --> 00:16:00.000]  聖經是一生的學習
[00:16:00.000 --> 00:16:02.000]  聖經是一生的學習
[00:16:02.000 --> 00:16:04.000]  聖經是一生的學習
[00:16:04.000 --> 00:16:06.000]  聖經是一生的學習
[00:16:06.000 --> 00:16:08.000]  聖經是一生的學習
[00:16:08.000 --> 00:16:10.000]  聖經是一生的學習
[00:16:10.000 --> 00:16:12.000]  聖經是一生的學習
[00:16:12.000 --> 00:16:14.000]  聖經是一生的學習
[00:16:14.000 --> 00:16:16.000]  聖經是一生的學習
[00:16:16.000 --> 00:16:18.000]  聖經是一生的學習
[00:16:18.000 --> 00:16:20.000]  聖經是一生的學習
[00:16:20.000 --> 00:16:22.000]  聖經是一生的學習
[00:16:22.000 --> 00:16:24.000]  聖經是一生的學習
[00:16:24.000 --> 00:16:26.000]  聖經是一生的學習
[00:16:26.000 --> 00:16:28.000]  聖經是一生的學習
[00:16:28.000 --> 00:16:30.000]  聖經是一生的學習
[00:16:30.000 --> 00:16:32.000]  聖經是一生的學習
[00:16:32.000 --> 00:16:34.000]  聖經是一生的學習
[00:16:34.000 --> 00:16:36.000]  聖經是一生的學習
[00:16:36.000 --> 00:16:38.000]  聖經是一生的學習
[00:16:38.000 --> 00:16:40.000]  聖經是一生的學習
[00:16:40.000 --> 00:16:42.000]  聖經是一生的學習
[00:16:42.000 --> 00:16:44.000]  聖經是一生的學習
[00:16:44.000 --> 00:16:46.000]  聖經是一生的學習
[00:16:46.000 --> 00:16:48.000]  聖經是一生的學習
[00:16:48.000 --> 00:16:50.000]  聖經是一生的學習
[00:16:50.000 --> 00:16:52.000]  聖經是一生的學習
[00:16:52.000 --> 00:16:54.000]  聖經是一生的學習
[00:16:54.000 --> 00:16:56.000]  聖經是一生的學習
[00:16:56.000 --> 00:16:58.000]  聖經是一生的學習
[00:16:58.000 --> 00:17:00.000]  聖經是一生的學習
[00:17:00.000 --> 00:17:02.000]  聖經是一生的學習
[00:17:02.000 --> 00:17:04.000]  聖經是一生的學習
[00:17:04.000 --> 00:17:06.000]  聖經是一生的學習
[00:17:06.000 --> 00:17:08.000]  聖經是一生的學習
[00:17:08.000 --> 00:17:10.000]  聖經是一生的學習
[00:17:10.000 --> 00:17:12.000]  聖經是一生的學習
[00:17:12.000 --> 00:17:14.000]  聖經是一生的學習
[00:17:14.000 --> 00:17:16.000]  聖經是一生的學習
[00:17:16.000 --> 00:17:18.000]  聖經是一生的學習
[00:17:18.000 --> 00:17:20.000]  聖經是一生的學習
[00:17:20.000 --> 00:17:22.000]  聖經是一生的學習
[00:17:22.000 --> 00:17:24.000]  聖經是一生的學習
[00:17:24.000 --> 00:17:26.000]  聖經是一生的學習
[00:17:26.000 --> 00:17:28.000]  聖經是一生的學習
[00:17:28.000 --> 00:17:30.000]  聖經是一生的學習
[00:17:30.000 --> 00:17:32.000]  聖經是一生的學習
[00:17:32.000 --> 00:17:34.000]  聖經是一生的學習
[00:17:34.000 --> 00:17:36.000]  聖經是一生的學習
[00:17:36.000 --> 00:17:38.000]  聖經是一生的學習
[00:17:38.000 --> 00:17:40.000]  聖經是一生的學習
[00:17:40.000 --> 00:17:42.000]  聖經是一生的學習
[00:17:42.000 --> 00:17:44.000]  聖經是一生的學習
[00:17:44.000 --> 00:17:46.000]  聖經是一生的學習
[00:17:46.000 --> 00:17:48.000]  聖經是一生的學習
[00:17:48.000 --> 00:17:50.000]  聖經是一生的學習
[00:17:50.000 --> 00:17:52.000]  聖經是一生的學習
[00:17:52.000 --> 00:17:54.000]  聖經是一生的學習
[00:17:54.000 --> 00:17:56.000]  聖經是一生的學習
[00:17:56.000 --> 00:17:58.000]  聖經是一生的學習
[00:17:58.000 --> 00:18:00.000]  聖經是一生的學習
[00:18:00.000 --> 00:18:02.000]  聖經是一生的學習
[00:18:02.000 --> 00:18:04.000]  聖經是一生的學習
[00:18:04.000 --> 00:18:06.000]  聖經是一生的學習
[00:18:06.000 --> 00:18:08.000]  聖經是一生的學習
[00:18:08.000 --> 00:18:10.000]  聖經是一生的學習
[00:18:10.000 --> 00:18:12.000]  聖經是一生的學習
[00:18:12.000 --> 00:18:14.000]  聖經是一生的學習
[00:18:14.000 --> 00:18:16.000]  聖經是一生的學習
[00:18:16.000 --> 00:18:18.000]  聖經是一生的學習
[00:18:18.000 --> 00:18:20.000]  聖經是一生的學習
[00:18:20.000 --> 00:18:22.000]  聖經是一生的學習
[00:18:22.000 --> 00:18:24.000]  聖經是一生的學習
[00:18:24.000 --> 00:18:26.000]  聖經是一生的學習
[00:18:26.000 --> 00:18:28.000]  聖經是一生的學習
[00:18:28.000 --> 00:18:30.000]  聖經是一生的學習
[00:18:30.000 --> 00:18:32.000]  聖經是一生的學習
[00:18:32.000 --> 00:18:34.000]  聖經是一生的學習
[00:18:34.000 --> 00:18:36.000]  聖經是一生的學習
[00:18:36.000 --> 00:18:38.000]  聖經是一生的學習
[00:18:38.000 --> 00:18:40.000]  聖經是一生的學習
[00:18:40.000 --> 00:18:42.000]  聖經是一生的學習
[00:18:42.000 --> 00:18:44.000]  聖經是一生的學習
[00:18:44.000 --> 00:18:46.000]  聖經是一生的學習
[00:18:46.000 --> 00:18:48.000]  聖經是一生的學習
[00:18:48.000 --> 00:18:50.000]  聖經是一生的學習
[00:18:50.000 --> 00:18:52.000]  聖經是一生的學習
[00:18:52.000 --> 00:18:54.000]  聖經是一生的學習
[00:18:54.000 --> 00:18:56.000]  聖經是一生的學習
[00:18:56.000 --> 00:18:58.000]  聖經是一生的學習
[00:18:58.000 --> 00:19:00.000]  聖經是一生的學習
[00:19:00.000 --> 00:19:02.000]  聖經是一生的學習
[00:19:02.000 --> 00:19:04.000]  聖經是一生的學習
[00:19:04.000 --> 00:19:06.000]  聖經是一生的學習
[00:19:06.000 --> 00:19:08.000]  聖經是一生的學習
[00:19:08.000 --> 00:19:10.000]  聖經是一生的學習
[00:19:10.000 --> 00:19:12.000]  聖經是一生的學習
[00:19:12.000 --> 00:19:14.000]  聖經是一生的學習
[00:19:14.000 --> 00:19:16.000]  聖經是一生的學習
[00:19:16.000 --> 00:19:18.000]  聖經是一生的學習
[00:19:18.000 --> 00:19:20.000]  聖經是一生的學習
[00:19:20.000 --> 00:19:22.000]  聖經是一生的學習
[00:19:22.000 --> 00:19:24.000]  聖經是一生的學習
[00:19:24.000 --> 00:19:26.000]  聖經是一生的學習
[00:19:26.000 --> 00:19:28.000]  聖經是一生的學習
[00:19:28.000 --> 00:19:30.000]  聖經是一生的學習
[00:19:30.000 --> 00:19:32.000]  聖經是一生的學習
[00:19:32.000 --> 00:19:34.000]  聖經是一生的學習
[00:19:34.000 --> 00:19:36.000]  聖經是一生的學習
[00:19:36.000 --> 00:19:38.000]  聖經是一生的學習
[00:19:38.000 --> 00:19:40.000]  聖經是一生的學習
[00:19:40.000 --> 00:19:42.000]  聖經是一生的學習
[00:19:42.000 --> 00:19:44.000]  聖經是一生的學習
[00:19:44.000 --> 00:19:46.000]  聖經是一生的學習
[00:19:46.000 --> 00:19:48.000]  聖經是一生的學習
[00:19:48.000 --> 00:19:50.000]  聖經是一生的學習
[00:19:50.000 --> 00:19:52.000]  聖經是一生的學習
[00:19:52.000 --> 00:19:54.000]  聖經是一生的學習
[00:19:54.000 --> 00:19:56.000]  聖經是一生的學習
[00:19:56.000 --> 00:19:58.000]  聖經是一生的學習
[00:19:58.000 --> 00:20:00.000]  聖經是一生的學習
[00:20:00.000 --> 00:20:02.000]  聖經是一生的學習
[00:20:02.000 --> 00:20:04.000]  聖經是一生的學習
[00:20:04.000 --> 00:20:06.000]  聖經是一生的學習
[00:20:06.000 --> 00:20:08.000]  聖經是一生的學習
[00:20:08.000 --> 00:20:10.000]  聖經是一生的學習
[00:20:10.000 --> 00:20:12.000]  聖經是一生的學習
[00:20:12.000 --> 00:20:14.000]  聖經是一生的學習
[00:20:14.000 --> 00:20:16.000]  聖經是一生的學習
[00:20:16.000 --> 00:20:18.000]  聖經是一生的學習
[00:20:18.000 --> 00:20:20.000]  聖經是一生的學習
[00:20:20.000 --> 00:20:22.000]  聖經是一生的學習
[00:20:22.000 --> 00:20:24.000]  聖經是一生的學習
[00:20:24.000 --> 00:20:26.000]  聖經是一生的學習
[00:20:26.000 --> 00:20:28.000]  聖經是一生的學習
[00:20:28.000 --> 00:20:30.000]  聖經是一生的學習
[00:20:30.000 --> 00:20:32.000]  聖經是一生的學習
[00:20:32.000 --> 00:20:34.000]  聖經是一生的學習
[00:20:34.000 --> 00:20:36.000]  聖經是一生的學習
[00:20:36.000 --> 00:20:38.000]  聖經是一生的學習
[00:20:38.000 --> 00:20:40.000]  聖經是一生的學習
[00:20:40.000 --> 00:20:42.000]  聖經是一生的學習
[00:20:42.000 --> 00:20:44.000]  聖經是一生的學習
[00:20:44.000 --> 00:20:46.000]  聖經是一生的學習
[00:20:46.000 --> 00:20:48.000]  聖經是一生的學習
[00:20:48.000 --> 00:20:50.000]  聖經是一生的學習
[00:20:50.000 --> 00:20:52.000]  聖經是一生的學習
[00:20:52.000 --> 00:20:54.000]  聖經是一生的學習
[00:20:54.000 --> 00:20:56.000]  聖經是一生的學習
[00:20:56.000 --> 00:20:58.000]  聖經是一生的學習
[00:20:58.000 --> 00:21:00.000]  聖經是一生的學習
[00:21:00.000 --> 00:21:02.000]  聖經是一生的學習
[00:21:02.000 --> 00:21:04.000]  聖經是一生的學習
[00:21:04.000 --> 00:21:06.000]  聖經是一生的學習
[00:21:06.000 --> 00:21:08.000]  聖經是一生的學習
[00:21:08.000 --> 00:21:10.000]  聖經是一生的學習
[00:21:10.000 --> 00:21:12.000]  聖經是一生的學習
[00:21:12.000 --> 00:21:14.000]  聖經是一生的學習
[00:21:14.000 --> 00:21:16.000]  聖經是一生的學習
[00:21:16.000 --> 00:21:18.000]  聖經是一生的學習
[00:21:18.000 --> 00:21:20.000]  聖經是一生的學習
[00:21:20.000 --> 00:21:22.000]  聖經是一生的學習
[00:21:22.000 --> 00:21:24.000]  聖經是一生的學習
[00:21:24.000 --> 00:21:26.000]  聖經是一生的學習
[00:21:26.000 --> 00:21:28.000]  聖經是一生的學習
[00:21:28.000 --> 00:21:32.000]  聖經是一生的學習
[00:21:32.000 --> 00:21:34.000]  聖經是一生的學習
[00:21:34.000 --> 00:21:36.000]  聖經是一生的學習
[00:21:36.000 --> 00:21:38.000]  聖經是一生的學習
[00:21:38.000 --> 00:21:40.000]  聖經是一生的學習
[00:21:40.000 --> 00:21:42.000]  聖經是一生的學習
[00:21:42.000 --> 00:21:44.000]  聖經是一生的學習
[00:21:44.000 --> 00:21:46.000]  聖經是一生的學習
[00:21:46.000 --> 00:21:48.000]  聖經是一生的學習
[00:21:48.000 --> 00:21:50.000]  聖經是一生的學習
[00:21:50.000 --> 00:21:52.000]  聖經是一生的學習
[00:21:52.000 --> 00:21:54.000]  聖經是一生的學習
[00:21:54.000 --> 00:21:56.000]  聖經是一生的學習
[00:21:56.000 --> 00:21:58.000]  聖經是一生的學習
[00:21:58.000 --> 00:22:00.000]  聖經是一生的學習
[00:22:00.000 --> 00:22:02.000]  聖經是一生的學習
[00:22:02.000 --> 00:22:04.000]  聖經是一生的學習
[00:22:04.000 --> 00:22:06.000]  聖經是一生的學習
[00:22:06.000 --> 00:22:08.000]  聖經是一生的學習
[00:22:08.000 --> 00:22:10.000]  聖經是一生的學習
[00:22:10.000 --> 00:22:12.000]  聖經是一生的學習
[00:22:12.000 --> 00:22:14.000]  聖經是一生的學習
[00:22:14.000 --> 00:22:16.000]  聖經是一生的學習
[00:22:16.000 --> 00:22:18.000]  聖經是一生的學習
[00:22:18.000 --> 00:22:20.000]  聖經是一生的學習
[00:22:20.000 --> 00:22:22.000]  聖經是一生的學習
[00:22:22.000 --> 00:22:24.000]  聖經是一生的學習
[00:22:24.000 --> 00:22:26.000]  聖經是一生的學習
[00:22:26.000 --> 00:22:28.000]  聖經是一生的學習
[00:22:28.000 --> 00:22:30.000]  聖經是一生的學習
[00:22:30.000 --> 00:22:32.000]  聖經是一生的學習
[00:22:32.000 --> 00:22:34.000]  聖經是一生的學習
[00:22:34.000 --> 00:22:36.000]  聖經是一生的學習
[00:22:36.000 --> 00:22:38.000]  聖經是一生的學習
[00:22:38.000 --> 00:22:40.000]  聖經是一生的學習
[00:22:40.000 --> 00:22:42.000]  聖經是一生的學習
[00:22:42.000 --> 00:22:44.000]  聖經是一生的學習
[00:22:44.000 --> 00:22:46.000]  聖經是一生的學習
[00:22:46.000 --> 00:22:48.000]  聖經是一生的學習
[00:22:48.000 --> 00:22:50.000]  聖經是一生的學習
[00:22:50.000 --> 00:22:52.000]  聖經是一生的學習
[00:22:52.000 --> 00:22:54.000]  聖經是一生的學習
[00:22:54.000 --> 00:22:56.000]  聖經是一生的學習
[00:22:56.000 --> 00:22:58.000]  聖經是一生的學習
[00:22:58.000 --> 00:23:00.000]  聖經是一生的學習
[00:23:00.000 --> 00:23:02.000]  聖經是一生的學習
[00:23:02.000 --> 00:23:04.000]  聖經是一生的學習
[00:23:04.000 --> 00:23:06.000]  聖經是一生的學習
[00:23:06.000 --> 00:23:08.000]  聖經是一生的學習
[00:23:08.000 --> 00:23:10.000]  聖經是一生的學習
[00:23:10.000 --> 00:23:12.000]  聖經是一生的學習
[00:23:12.000 --> 00:23:14.000]  聖經是一生的學習
[00:23:14.000 --> 00:23:16.000]  聖經是一生的學習
[00:23:16.000 --> 00:23:18.000]  聖經是一生的學習
[00:23:18.000 --> 00:23:20.000]  聖經是一生的學習
[00:23:20.000 --> 00:23:22.000]  聖經是一生的學習
[00:23:22.000 --> 00:23:24.000]  聖經是一生的學習
[00:23:24.000 --> 00:23:26.000]  聖經是一生的學習
[00:23:26.000 --> 00:23:28.000]  聖經是一生的學習
[00:23:28.000 --> 00:23:30.000]  聖經是一生的學習
[00:23:30.000 --> 00:23:32.000]  聖經是一生的學習
[00:23:32.000 --> 00:23:34.000]  聖經是一生的學習
[00:23:34.000 --> 00:23:36.000]  聖經是一生的學習
[00:23:36.000 --> 00:23:38.000]  聖經是一生的學習
[00:23:38.000 --> 00:23:40.000]  聖經是一生的學習
[00:23:40.000 --> 00:23:42.000]  聖經是一生的學習
[00:23:42.000 --> 00:23:44.000]  聖經是一生的學習
[00:23:44.000 --> 00:23:46.000]  聖經是一生的學習
[00:23:46.000 --> 00:23:48.000]  聖經是一生的學習
[00:23:48.000 --> 00:23:50.000]  聖經是一生的學習
[00:23:50.000 --> 00:23:52.000]  聖經是一生的學習
[00:23:52.000 --> 00:23:54.000]  聖經是一生的學習
[00:23:54.000 --> 00:23:56.000]  聖經是一生的學習
[00:23:56.000 --> 00:23:58.000]  聖經是一生的學習
[00:23:58.000 --> 00:24:00.000]  聖經是一生的學習
[00:24:00.000 --> 00:24:02.000]  聖經是一生的學習
[00:24:02.000 --> 00:24:04.000]  聖經是一生的學習
[00:24:04.000 --> 00:24:06.000]  聖經是一生的學習
[00:24:06.000 --> 00:24:08.000]  聖經是一生的學習
[00:24:08.000 --> 00:24:10.000]  聖經是一生的學習
[00:24:10.000 --> 00:24:12.000]  聖經是一生的學習
[00:24:12.000 --> 00:24:14.000]  聖經是一生的學習
[00:24:14.000 --> 00:24:16.000]  聖經是一生的學習
[00:24:16.000 --> 00:24:18.000]  聖經是一生的學習
[00:24:18.000 --> 00:24:20.000]  聖經是一生的學習
[00:24:20.000 --> 00:24:22.000]  聖經是一生的學習
[00:24:22.000 --> 00:24:24.000]  聖經是一生的學習
[00:24:24.000 --> 00:24:26.000]  聖經是一生的學習
[00:24:26.000 --> 00:24:28.000]  聖經是一生的學習
[00:24:28.000 --> 00:24:30.000]  聖經是一生的學習
[00:24:30.000 --> 00:24:32.000]  聖經是一生的學習
[00:24:32.000 --> 00:24:34.000]  聖經是一生的學習
[00:24:34.000 --> 00:24:36.000]  聖經是一生的學習
[00:24:36.000 --> 00:24:38.000]  聖經是一生的學習
[00:24:38.000 --> 00:24:40.000]  聖經是一生的學習
[00:24:40.000 --> 00:24:42.000]  聖經是一生的學習
[00:24:42.000 --> 00:24:44.000]  聖經是一生的學習
[00:24:44.000 --> 00:24:46.000]  聖經是一生的學習
[00:24:46.000 --> 00:24:48.000]  聖經是一生的學習
[00:24:48.000 --> 00:24:50.000]  聖經是一生的學習
[00:24:50.000 --> 00:24:52.000]  聖經是一生的學習
[00:24:52.000 --> 00:24:54.000]  聖經是一生的學習
[00:24:54.000 --> 00:24:56.000]  聖經是一生的學習
[00:24:56.000 --> 00:24:58.000]  聖經是一生的學習
[00:24:58.000 --> 00:25:00.000]  聖經是一生的學習
[00:25:00.000 --> 00:25:02.000]  聖經是一生的學習
[00:25:02.000 --> 00:25:04.000]  聖經是一生的學習
[00:25:04.000 --> 00:25:06.000]  聖經是一生的學習
[00:25:06.000 --> 00:25:08.000]  聖經是一生的學習
[00:25:08.000 --> 00:25:10.000]  聖經是一生的學習
[00:25:10.000 --> 00:25:12.000]  聖經是一生的學習
[00:25:12.000 --> 00:25:14.000]  聖經是一生的學習
[00:25:14.000 --> 00:25:16.000]  聖經是一生的學習
[00:25:16.000 --> 00:25:18.000]  聖經是一生的學習
[00:25:18.000 --> 00:25:20.000]  聖經是一生的學習
[00:25:20.000 --> 00:25:22.000]  聖經是一生的學習
[00:25:22.000 --> 00:25:24.000]  聖經是一生的學習
[00:25:24.000 --> 00:25:26.000]  聖經是一生的學習
[00:25:26.000 --> 00:25:28.000]  聖經是一生的學習
[00:25:28.000 --> 00:25:30.000]  聖經是一生的學習
[00:25:30.000 --> 00:25:32.000]  聖經是一生的學習
[00:25:32.000 --> 00:25:34.000]  聖經是一生的學習
[00:25:34.000 --> 00:25:36.000]  聖經是一生的學習
[00:25:36.000 --> 00:25:38.000]  聖經是一生的學習
[00:25:38.000 --> 00:25:40.000]  聖經是一生的學習
[00:25:40.000 --> 00:25:42.000]  聖經是一生的學習
[00:25:42.000 --> 00:25:44.000]  聖經是一生的學習
[00:25:44.000 --> 00:25:46.000]  聖經是一生的學習
[00:25:46.000 --> 00:25:48.000]  聖經是一生的學習
[00:25:48.000 --> 00:25:50.000]  聖經是一生的學習
[00:25:50.000 --> 00:25:52.000]  聖經是一生的學習
[00:25:52.000 --> 00:25:54.000]  聖經是一生的學習
[00:25:54.000 --> 00:25:56.000]  聖經是一生的學習
[00:25:56.000 --> 00:25:58.000]  聖經是一生的學習
[00:25:58.000 --> 00:26:00.000]  聖經是一生的學習
[00:26:00.000 --> 00:26:02.000]  聖經是一生的學習
[00:26:02.000 --> 00:26:04.000]  聖經是一生的學習
[00:26:04.000 --> 00:26:06.000]  聖經是一生的學習
[00:26:06.000 --> 00:26:08.000]  聖經是一生的學習
[00:26:08.000 --> 00:26:10.000]  聖經是一生的學習
[00:26:10.000 --> 00:26:12.000]  聖經是一生的學習
[00:26:12.000 --> 00:26:14.000]  聖經是一生的學習
[00:26:14.000 --> 00:26:16.000]  聖經是一生的學習
[00:26:16.000 --> 00:26:18.000]  聖經是一生的學習
[00:26:18.000 --> 00:26:20.000]  聖經是一生的學習
[00:26:20.000 --> 00:26:22.000]  聖經是一生的學習
[00:26:22.000 --> 00:26:24.000]  聖經是一生的學習
[00:26:24.000 --> 00:26:26.000]  聖經是一生的學習
[00:26:26.000 --> 00:26:28.000]  聖經是一生的學習
[00:26:28.000 --> 00:26:30.000]  聖經是一生的學習
[00:26:30.000 --> 00:26:32.000]  聖經是一生的學習
[00:26:32.000 --> 00:26:34.000]  聖經是一生的學習
[00:26:34.000 --> 00:26:36.000]  聖經是一生的學習
[00:26:36.000 --> 00:26:38.000]  聖經是一生的學習
[00:26:38.000 --> 00:26:40.000]  聖經是一生的學習
[00:26:40.000 --> 00:26:42.000]  聖經是一生的學習
[00:26:42.000 --> 00:26:44.000]  聖經是一生的學習
[00:26:44.000 --> 00:26:46.000]  聖經是一生的學習
[00:26:46.000 --> 00:26:48.000]  聖經是一生的學習
[00:26:48.000 --> 00:26:50.000]  聖經是一生的學習
[00:26:50.000 --> 00:26:52.000]  聖經是一生的學習
[00:26:52.000 --> 00:26:54.000]  聖經是一生的學習
[00:26:54.000 --> 00:26:56.000]  聖經是一生的學習
[00:26:56.000 --> 00:26:58.000]  聖經是一生的學習
[00:26:58.000 --> 00:27:00.000]  聖經是一生的學習
[00:27:00.000 --> 00:27:02.000]  聖經是一生的學習
[00:27:02.000 --> 00:27:04.000]  聖經是一生的學習
[00:27:04.000 --> 00:27:06.000]  聖經是一生的學習
[00:27:06.000 --> 00:27:08.000]  聖經是一生的學習
[00:27:08.000 --> 00:27:10.000]  聖經是一生的學習
[00:27:10.000 --> 00:27:12.000]  聖經是一生的學習
[00:27:12.000 --> 00:27:14.000]  聖經是一生的學習
[00:27:14.000 --> 00:27:16.000]  聖經是一生的學習
[00:27:16.000 --> 00:27:18.000]  聖經是一生的學習
[00:27:18.000 --> 00:27:20.000]  聖經是一生的學習
[00:27:20.000 --> 00:27:22.000]  聖經是一生的學習
[00:27:22.000 --> 00:27:24.000]  聖經是一生的學習
[00:27:24.000 --> 00:27:26.000]  聖經是一生的學習
[00:27:26.000 --> 00:27:28.000]  聖經是一生的學習
[00:27:28.000 --> 00:27:30.000]  聖經是一生的學習
[00:27:30.000 --> 00:27:32.000]  聖經是一生的學習
[00:27:32.000 --> 00:27:34.000]  聖經是一生的學習
[00:27:34.000 --> 00:27:36.000]  聖經是一生的學習
[00:27:36.000 --> 00:27:38.000]  聖經是一生的學習
[00:27:38.000 --> 00:27:40.000]  聖經是一生的學習
[00:27:40.000 --> 00:27:42.000]  聖經是一生的學習
[00:27:42.000 --> 00:27:44.000]  聖經是一生的學習
[00:27:44.000 --> 00:27:46.000]  聖經是一生的學習
[00:27:46.000 --> 00:27:48.000]  聖經是一生的學習
[00:27:48.000 --> 00:27:50.000]  聖經是一生的學習
[00:27:50.000 --> 00:27:52.000]  聖經是一生的學習
[00:27:52.000 --> 00:27:54.000]  聖經是一生的學習
[00:27:54.000 --> 00:27:56.000]  聖經是一生的學習
[00:27:56.000 --> 00:27:58.000]  聖經是一生的學習
[00:27:58.000 --> 00:28:00.000]  聖經是一生的學習
[00:28:00.000 --> 00:28:02.000]  聖經是一生的學習
[00:28:02.000 --> 00:28:04.000]  聖經是一生的學習
[00:28:04.000 --> 00:28:06.000]  聖經是一生的學習
[00:28:06.000 --> 00:28:08.000]  聖經是一生的學習
[00:28:08.000 --> 00:28:10.000]  聖經是一生的學習
[00:28:10.000 --> 00:28:12.000]  聖經是一生的學習
[00:28:12.000 --> 00:28:14.000]  聖經是一生的學習
[00:28:14.000 --> 00:28:16.000]  聖經是一生的學習
[00:28:16.000 --> 00:28:18.000]  聖經是一生的學習
[00:28:18.000 --> 00:28:20.000]  聖經是一生的學習
[00:28:20.000 --> 00:28:22.000]  聖經是一生的學習
[00:28:22.000 --> 00:28:24.000]  聖經是一生的學習
[00:28:24.000 --> 00:28:26.000]  聖經是一生的學習
[00:28:26.000 --> 00:28:28.000]  聖經是一生的學習
[00:28:28.000 --> 00:28:30.000]  聖經是一生的學習
[00:28:30.000 --> 00:28:32.000]  聖經是一生的學習
[00:28:32.000 --> 00:28:34.000]  聖經是一生的學習
[00:28:34.000 --> 00:28:36.000]  聖經是一生的學習
[00:28:36.000 --> 00:28:38.000]  聖經是一生的學習
[00:28:38.000 --> 00:28:40.000]  聖經是一生的學習
[00:28:40.000 --> 00:28:42.000]  聖經是一生的學習
[00:28:42.000 --> 00:28:44.000]  聖經是一生的學習
[00:28:44.000 --> 00:28:46.000]  聖經是一生的學習
[00:28:46.000 --> 00:28:48.000]  聖經是一生的學習
[00:28:48.000 --> 00:28:50.000]  聖經是一生的學習
[00:28:50.000 --> 00:28:52.000]  聖經是一生的學習
[00:28:52.000 --> 00:28:54.000]  聖經是一生的學習
[00:28:54.000 --> 00:28:56.000]  聖經是一生的學習
[00:28:56.000 --> 00:28:58.000]  聖經是一生的學習
[00:28:58.000 --> 00:29:00.000]  聖經是一生的學習
[00:29:00.000 --> 00:29:02.000]  聖經是一生的學習
[00:29:02.000 --> 00:29:04.000]  聖經是一生的學習
[00:29:04.000 --> 00:29:06.000]  聖經是一生的學習
[00:29:06.000 --> 00:29:08.000]  聖經是一生的學習
[00:29:08.000 --> 00:29:10.000]  聖經是一生的學習
[00:29:10.000 --> 00:29:12.000]  聖經是一生的學習
[00:29:12.000 --> 00:29:14.000]  聖經是一生的學習
[00:29:14.000 --> 00:29:16.000]  聖經是一生的學習
[00:29:16.000 --> 00:29:18.000]  聖經是一生的學習
[00:29:18.000 --> 00:29:20.000]  聖經是一生的學習
[00:29:20.000 --> 00:29:22.000]  聖經是一生的學習
[00:29:22.000 --> 00:29:24.000]  聖經是一生的學習
[00:29:24.000 --> 00:29:26.000]  聖經是一生的學習
[00:29:26.000 --> 00:29:28.000]  聖經是一生的學習
[00:29:28.000 --> 00:29:30.000]  聖經是一生的學習
[00:29:30.000 --> 00:29:32.000]  聖經是一生的學習
[00:29:32.000 --> 00:29:34.000]  聖經是一生的學習
[00:29:34.000 --> 00:29:36.000]  聖經是一生的學習
[00:29:36.000 --> 00:29:38.000]  聖經是一生的學習
[00:29:38.000 --> 00:29:40.000]  聖經是一生的學習
[00:29:40.000 --> 00:29:42.000]  聖經是一生的學習
[00:29:42.000 --> 00:29:44.000]  聖經是一生的學習
[00:29:44.000 --> 00:29:46.000]  聖經是一生的學習
[00:29:46.000 --> 00:29:56.000]  聖經是一生的學習
[00:29:56.000 --> 00:29:58.000]  聖經是一生的學習
[00:29:58.000 --> 00:30:00.000]  聖經是一生的學習
[00:30:00.000 --> 00:30:02.000]  聖經是一生的學習
[00:30:02.000 --> 00:30:04.000]  聖經是一生的學習
[00:30:04.000 --> 00:30:06.000]  聖經是一生的學習
[00:30:06.000 --> 00:30:08.000]  聖經是一生的學習
[00:30:08.000 --> 00:30:10.000]  聖經是一生的學習
[00:30:10.000 --> 00:30:12.000]  聖經是一生的學習
[00:30:12.000 --> 00:30:14.000]  聖經是一生的學習
[00:30:14.000 --> 00:30:16.000]  聖經是一生的學習
[00:30:16.000 --> 00:30:18.000]  聖經是一生的學習
[00:30:18.000 --> 00:30:20.000]  聖經是一生的學習
[00:30:20.000 --> 00:30:22.000]  聖經是一生的學習
[00:30:22.000 --> 00:30:24.000]  聖經是一生的學習
[00:30:24.000 --> 00:30:26.000]  聖經是一生的學習
[00:30:26.000 --> 00:30:28.000]  聖經是一生的學習
[00:30:28.000 --> 00:30:30.000]  聖經是一生的學習
[00:30:30.000 --> 00:30:32.000]  聖經是一生的學習
[00:30:32.000 --> 00:30:34.000]  聖經是一生的學習
[00:30:34.000 --> 00:30:36.000]  聖經是一生的學習
[00:30:36.000 --> 00:30:38.000]  聖經是一生的學習
[00:30:38.000 --> 00:30:40.000]  聖經是一生的學習
[00:30:40.000 --> 00:30:56.000]  自古以來,在你我以前的先知向多國和大邦說論到戰爭,災禍瘟疫的事,先知預言的平安,到話語成熟的時候,人才知道他是真敵。
[00:30:56.000 --> 00:31:12.000]  先知說的話,如果是真的,那就是真先知。於是哈拿尼亞就把耶利米亞頸上的額脫下來,截斷了。耶利米亞那時候已經很慘,好像被人綁住了。
[00:31:12.000 --> 00:31:31.000]  耶利米亞說,不要緊,你的額會斷了。哈拿尼亞當時還說,兩年之內,我必從列國人的頸上截斷巴比倫和巴比倫尼泊格尼沙的額,於是先知耶利米亞就走了。
[00:31:42.000 --> 00:31:57.000]  頸上的額截斷之後,耶和華的額臨到耶利米亞,先知耶利米亞就說,你去告訴哈拿尼亞,你截斷木額卻換了鐵額。
[00:31:57.000 --> 00:32:19.000]  什麼意思?變本加厲,你想截斷木額,上帝給你鐵額。因為萬君子耶和華以色列的上帝如此說,我已將鐵額加在這些國的頸上,使他們服侍巴比倫尼泊格尼沙,他們總要服侍他。
[00:32:19.000 --> 00:32:48.000]  上帝說這些要服侍巴比倫尼泊格尼沙。我也把田野的酒受給了他,28章15節,於是耶利米亞對先知哈拿尼亞說,哈拿尼亞你應該聽,耶和華沒有差遣你,你警示者薄,百姓已靠方,耶和華沒有向你說謊,你在說謊,28章16節,所以耶和華說,哈拿,我必要叫你去西。
[00:32:48.000 --> 00:33:08.000]  翻譯得好好,如果我用廣東話怎麼說?我要叫你去死,你今年必死,因為你向耶和華說了,薄亦的說,17節,這樣先知哈拿尼亞當年七月就死了。
[00:33:08.000 --> 00:33:37.000]  這些事放在以色列的面前,放在猶大面前看到,因為他的信息太漂亮,西底加不相信,但西底加看到當時的情形,見到法老王,當時有一個法老王侵佔菲尼西亞,以為有宗兄,沒多久他的兒子又繼承,他的兒子叫Hofra,這個兒子也是法老的,589,
[00:33:37.000 --> 00:34:04.000]  繼承他,以為很厲害,所以西底加想投靠埃及,於是他反叛伯比倫,兄姐妹,你坐這個位在提布甲尼撒,
[00:34:04.000 --> 00:34:28.000]  你竟然去反對他,是不是死路一條?其實英文還有句說話,you cannot hit the hand that feeds you,給你食飯的手,你不要打他,你只是打爛你的飯碗,有沒有人和老闆作對?
[00:34:28.000 --> 00:34:52.000]  你和老闆作對,就會吃一條豉椒炒魷魚,西底加的狂怒使尼布加雷撒沒有選擇,於是588年,西底加在位的第九年,耶利米斯三十九章一節同樣說,
[00:34:52.000 --> 00:35:19.000]  耶利米斯,巴比倫冰林城下,在耶路撒冷周圍,已經建了一些Earth Ram,即是他攻城,尼布加雷撒是天才,在耶路撒冷周圍,他已經建了一些Ram,你開車開來出口,是不是有Ram?
[00:35:19.000 --> 00:35:47.000]  尼布加雷撒在這個圍城,建了一些Ram,他不進去,即是你出來的時候,我守著他,我就殺你,防止你逃走,但這班愚蠢的貴族仍然在發白日夢,上帝會救我,和秘魯的約阿根會回來,
[00:35:47.000 --> 00:36:15.000]  結果耶路撒冷被圍城十八個月,兩年多了,耶路撒冷嘆息,地上的王,君王和世上的王,都不信敵人和受敵人能夠進入耶路撒冷,耶利米斯開國死了十二年,可見西底加和他的貴族,自己以為他有防疑,攻不進來,
[00:36:15.000 --> 00:36:42.000]  五八七年,第二年,西底加因為阿彬的話不好聽,就將耶利米收監,殊不知耶和華的怒氣就在耶路撒冷發作,二十四章二十節,什麼防衛都無濟於事,耶路撒冷城被圍十八個月,城裡面有大饑荒,甚至百姓沒糧食,二十五章三節,大家看到了,
[00:36:42.000 --> 00:37:07.000]  到了四月,五八年,五八六年,四月,城被攻破,西底加的夢想,以為自由成為噩夢,從夢想變成噩夢,兵丁頹跑,迦勒底人正在攻城,西底加就向阿拉巴,阿拉巴,我解釋給你聽,阿拉巴就是死海的名字,
[00:37:07.000 --> 00:37:28.000]  鹽海,死海是否很鹹,但他另一個名叫阿拉巴,所以阿拉巴谷,大家知道地勢,耶路撒在這裡,死海在這裡,於是他走人了,
[00:37:28.000 --> 00:37:54.000]  城破的時候,他希望去過約旦河的東岸,東岸是阿曼人,阿曼人和他很要好,這裡很出奇,我特別找到一個很有趣的故事,有傳統說,皇宮有一條地道可以通到耶利哥,
[00:37:54.000 --> 00:38:17.000]  西底加從這條地道走出來,但上帝安排了一隻鹿,同時從這條地道走出來,跑向耶利哥,迦勒底人,大家聽清楚,迦勒底人和巴比倫人有什麼不同?
[00:38:17.000 --> 00:38:46.000]  我給你一個比喻,美國,紐約,紐約人是不是美國人?整個大的地方就是迦勒底,巴比倫是其中,我們香港人是不是中國人?
[00:38:46.000 --> 00:39:08.000]  是不是中國人?卡爾地安,迦勒底是一個大地方,巴比倫是迦勒底裡面一個,所以大家可以重疊,所以你看到迦勒底就不用出奇了,這個時候有迦勒底人,
[00:39:08.000 --> 00:39:32.000]  究竟是不是巴比倫人呢?即是有其他人,剛剛在追鹿,來到耶利哥平原,從這個地道出口,剛剛從西底加出口撞到正,於是二十五章五節,我們聖經五章,
[00:39:38.000 --> 00:40:03.000]  然後耶利哥平原追上他,他的全軍就離開他,散了,一隻鹿,將他曝光,所以我剛才開始問,有些事情發生是不是偶然呢?不是,上帝有安排,連那隻鹿也是上帝安排,
[00:40:03.000 --> 00:40:32.000]  所以迦勒底人就找到他,弟兄姊妹,這個是巴比倫第二次被擄,並且毀滅猶大,聖殿的前奏,迦勒底人就拿著王將他拉到利比拉,利比拉是在巴勒斯坦和巴比倫中間路程,
[00:40:33.000 --> 00:41:01.000]  是哈瑪斯南部五十米,在黎巴嫩谷的北邊,而且這裏是尼泊爾加尼沙離開巴比倫國家的headquarter,軍事重點,尼泊爾加尼沙帶兵向南走,
[00:41:01.000 --> 00:41:29.000]  但是他要建立一個軍部中心,就是在利比拉,抓到這個王就在這裏定他,二十五章六節,抓到這個西底加,要命了,在他面前將他所有的兒子殺光,還有,為什麼要殺他的兒子呢?斬草,除根,還有,挖走他的眼睛,
[00:41:29.000 --> 00:41:48.000]  大家知不知道挖眼這個形呢?你記不記得有哪位士子被人挖眼?挖眼是什麼刑罰?義五制的刑罰,什麼叫義五制?
[00:41:48.000 --> 00:42:14.000]  不聽話,其實當尼泊爾加尼沙立這個西底加的時候,下了一個命令,要聽話,你不聽話,我會對付你,所以大家看到,這個西底加我不知道他怎樣想,他又不依靠上帝,他又不聽這個人的話,又不聽尼泊爾加尼沙的話,又背叛他,
[00:42:14.000 --> 00:42:40.000]  聽這些小賊說話,這是一個災難的食譜,這句中文英文好不好一點?這是一個悲劇的食譜,什麼叫食譜?你翻譯一下,Sandy,食譜,食譜,菜單,悲劇的菜單怎樣?
[00:42:40.000 --> 00:43:07.000]  不敬畏上帝,聽小賊說話,又背叛一個上帝說話,你要聽他的話,最主要夜裡才說完,他不聽,還要捉夜裡坐牢,挖眼,他又不死,不死,可能上帝叫他看一下猶太會怎樣,
[00:43:07.000 --> 00:43:29.000]  因為他沒有了眼睛看不到東西,巴比倫怎樣毀滅耶路撒冷?在我下一堂來說就是八節,十五章八節到二十一節,大概二十一節,於是我有些感想和大家分享,猶太國生存了三百三十六年,
[00:43:29.000 --> 00:43:58.000]  三百三十六年是九二二至五八六,比北角以色列久了一百三十五年,因為北角以色列是七二一五六,七二一至五八六是一百三十六,三十五,作為讀者,你有沒有看到這本書,烈王記,Book of Kings,一開場的時候,所羅門,多麼威風,
[00:43:59.000 --> 00:44:22.000]  結束的時候,被人挖眼,下一次會說猶太第二次秘魯,秘魯怎樣,刮空你的東西,人又被人拿走,下一次會說,你有沒有想到為什麼這個國度原本開場開得這麼好,
[00:44:22.000 --> 00:44:48.000]  所羅門是他們的父親,烈祖來的,祖先來的,那時候多麼威風,現在為什麼慘成這樣,其實烈王記想告訴我一件事,為什麼這個國度上帝曾經是這麼祝福,現在來到這麼慘,作者很好,作者沒有落井下石,
[00:44:48.000 --> 00:45:11.000]  作者說,你想一下為什麼,你想一下為什麼,在烈王記下的開始,烈王記上,剛才是說所羅門,烈王記下的開始是以利亞升天,
[00:45:11.000 --> 00:45:35.000]  這個是信靠上帝的人,他的龜叔升天,現在這個西仔家去哪裡,被人挖了眼,還被拉去帕里倫,這個就是沒有上帝的人的收場,大家看到嗎,我是從烈王記看到這樣圖畫,
[00:45:35.000 --> 00:46:00.000]  烈王記上的開始,所羅門,很厲害,烈王記下的開始,以利亞升天,現在結尾了,西仔家的兒子在他面前,全部被他親眼看到被殺,這個比劃,我想問問你們,世界上有什麼比這個情形更慘,
[00:46:06.000 --> 00:46:27.000]  留下這本書,給我看看,我們在想,烈王記想說什麼呢,如果我們任何人,甚或事物,如果我們將任何人,任何事物都給上帝看得重要呢,
[00:46:27.000 --> 00:46:50.000]  由於那些毫不可靠,必被毀滅的人結盟,心裡麻木,不辨是非,不認識上帝的旨意,西仔家就跟那班賊一起,亂來,聽他假才說話,就會落到這樣的地步,
[00:46:50.000 --> 00:47:07.000]  所以今天烈王記說什麼呢,上帝派他的兒子來救我們,我們要跟隨著走這條道路,十字架是一條艱難的道路,但是這條道路是永生的道路,
[00:47:07.000 --> 00:47:24.000]  但是今天有很多疑端出來,混亂我們,告訴你,信了耶穌之後,搞定,舉手,信耶穌,搞定了,以後回去做以前的事,心裡沒有改變,
[00:47:24.000 --> 00:47:46.000]  跟一些不好的人一起,詩篇第一篇怎麼說,不從惡人的拒謀,不站在人的路,行其所,不要跟那些壞的人有關係,你跟那些壞的人有關係,你就是滅亡,
[00:47:46.000 --> 00:47:57.000]  西仔家就是跟那些滅亡的人有關係,不敬畏上帝,就是這個收場,你忘記在活生生把這個圖片告訴我,
[00:47:57.000 --> 00:48:18.000]  其實聖經的theme一直在重複,今天你不信主的人,你跟一群什麼人,群一群什麼人,你就是怎樣的人,所以弟兄姊妹,你去到任何環境,你應該跟一群敬畏上帝一起,
[00:48:18.000 --> 00:48:35.000]  你跟一群什麼friend,他怎樣你就怎樣,所以那些friend不是信耶穌的,不是敬畏主的,亂來的,你跟他做friend,你的收場不是很好,求主幫助我們,
[00:48:35.000 --> 00:48:53.000]  讓我們去讀這本聖經,有智慧,不過我始終覺得上帝真的很nice,雖然是被擄,雖然很慘,但是上帝安排了二世傑先知在被擄的人當中向他們說話,
[00:48:53.000 --> 00:49:12.000]  當上帝仍然派先知的時候,就是God has not given up on the Jews,上帝沒有give up,今天上帝派耶穌,耶穌來,祂對我們世人,祂沒有give up,沒有放棄,問題是我們有沒有去回應,
[00:49:12.000 --> 00:49:24.000]  如果我們回應,正面回應,主耶穌也說我會回來接你,求主幫助我們,從聶王記領略這個訊息,我們看投其道,
[00:49:24.000 --> 00:49:38.000]  親愛的天父上帝感謝讚美你,你實在很愛我們,你很愛你的子民,但是你的子民不聽你的話,你是一個公義的神,
[00:49:38.000 --> 00:49:55.000]  你是會持責罰審判,但是責罰的後面仍然有慈愛,你在猶太人被擄的時候,你安排了先知,
[00:49:55.000 --> 00:50:12.000]  讓我們看到你安排了以西傑,也安排了伊達尼尼,活在被擄人當中,即是說天父你沒有放棄你的子民,今天你也沒有放棄世上的人,
[00:50:12.000 --> 00:50:29.000]  因為你安排了你的愛子耶穌基督救我們,當耶穌離開世界升天的時候,你也賜下聖靈,讓我們這班相信主的人有聖靈的同在,有聖靈的指引,帶領我們走上前面的道路,
[00:50:29.000 --> 00:50:39.000]  求主幫助我們有一個肅靈的敏銳的心,看到你要做什麼,今天我們看到美國是很可憐的狀況,
[00:50:39.000 --> 00:50:55.000]  他們的祖先敬畏你,仰望你,但是今天已經淪落到一個地步,將天父你趕走了,即是他們的立法和性戀墮胎將你趕走,
[00:50:55.000 --> 00:51:15.000]  以至到今天美國自己有內亂黑白鬥爭,非常可怕,求主給他們執政的人,曉得要仰望你,因為要治理國家,不是人的智慧,是需要從你那裡得到智慧,
[00:51:15.000 --> 00:51:32.000]  天父我們看到你在做事,你讓這些災禍淋到美國,讓美國的領袖向你請求指示,向你悔改,天父我們也為我們的國家向你苦求,
[00:51:32.000 --> 00:51:48.000]  我們看到上個兩個禮拜Gay Pride Parade在多倫多的時候,我看到我們的首相,看到我們的省長和我們的市長一起,
[00:51:48.000 --> 00:52:08.000]  最後我們覺得很可憐,因為這個是索多瓦摩拉的景象,昔日你要審判索多瓦摩拉,你今年一定要審判多倫多,求主憐憫,讓人悔改,從你那裡得到智慧,悔改,
[00:52:08.000 --> 00:52:24.000]  最後我們不是有什麼給人什麼好處,完全是因為你私隱,我們願意聽,求你繼續引導我們,看到人家怎樣不敬畏你的時候,是為他悲傷,是為他祈禱,
[00:52:24.000 --> 00:52:39.000]  我們沒有什麼作為,我們只能將這些焦慮的事帶到你的面前,求天父你憐憫,也帶領我們活在這群不敬畏的人當中,
[00:52:39.000 --> 00:52:54.000]  讓他們為你作見證,求你的靈繼續引導,引導幫助,讓我們走這條道路的時候,是清醒,有盼望,有希望,跟著耶穌基督明教,阿們。
