
[00:00:00.000 --> 00:00:01.600]  我們祈禱
[00:00:01.600 --> 00:00:03.120]  奉主祢愛我們
[00:00:03.120 --> 00:00:06.360]  讓我們在生活中經歷不同新的處境
[00:00:06.360 --> 00:00:08.760]  主求你恩待和賜福
[00:00:08.760 --> 00:00:12.760]  讓我們能夠按著祢的心意和旨意
[00:00:12.760 --> 00:00:17.440]  我們能夠忠心地跟從祢
[00:00:17.440 --> 00:00:19.240]  主求祢賜福
[00:00:19.240 --> 00:00:20.720]  多謝我們恩主
[00:00:20.720 --> 00:00:22.080]  你聽我們的祈禱
[00:00:22.080 --> 00:00:23.520]  奉主明求
[00:00:23.520 --> 00:00:24.400]  阿們
[00:00:26.800 --> 00:00:30.440]  一個新的環境大家會有什麼感覺呢?
[00:00:30.440 --> 00:00:36.240]  一個新的環境其實就有很多不同需要有的學習
[00:00:36.240 --> 00:00:39.520]  去年9月7日去台南
[00:00:39.520 --> 00:00:44.080]  其實我在2015年的9月10月
[00:00:44.080 --> 00:00:46.920]  已經安排要去台南了
[00:00:46.920 --> 00:00:49.880]  台南是什麼地方?為什麼要去台南呢?
[00:00:49.880 --> 00:00:53.040]  那裡有一間很特別的神學院
[00:00:53.040 --> 00:00:56.600]  是第一間專上的大學在台灣設立的
[00:00:56.800 --> 00:00:58.120]  台南神學院
[00:00:58.120 --> 00:00:59.600]  百多年的歷史
[00:00:59.600 --> 00:01:05.960]  其實一間長老會的神學院有很多不同的傳統
[00:01:05.960 --> 00:01:08.720]  我作為浸信會的牧師去那裡學習
[00:01:08.720 --> 00:01:13.520]  人們都會問究竟為什麼要來這間神學院
[00:01:13.520 --> 00:01:16.600]  但是其實有很多不同的適應
[00:01:16.600 --> 00:01:23.760]  大家都應該記得我很喜歡香港
[00:01:23.760 --> 00:01:26.400]  我出生在香港
[00:01:27.520 --> 00:01:29.840]  我這麼多年的日子都在香港
[00:01:29.840 --> 00:01:34.080]  除了在之前的安息年9293年
[00:01:34.080 --> 00:01:37.560]  我有一年在德州的福和市之外
[00:01:37.560 --> 00:01:40.840]  我在台南住了差不多三個多四個月
[00:01:40.840 --> 00:01:43.360]  這是最長的一個城市
[00:01:43.360 --> 00:01:45.560]  所以都是一個很大的適應
[00:01:45.560 --> 00:01:49.080]  我年輕的時候去福和市適應容易
[00:01:49.080 --> 00:01:51.360]  我一把年紀去台南
[00:01:51.360 --> 00:01:52.800]  有很多不同的適應
[00:01:56.800 --> 00:01:58.440]  面對一個新的環境
[00:01:58.440 --> 00:01:59.800]  就有很多的準備
[00:01:59.800 --> 00:02:03.000]  經歷兩次的地震
[00:02:03.000 --> 00:02:05.600]  那些吊燈不斷地搖晃
[00:02:05.600 --> 00:02:07.120]  很特別的一個經驗
[00:02:07.120 --> 00:02:09.680]  咦?我需要躲在桌子底下嗎?
[00:02:09.680 --> 00:02:13.040]  想了十秒就已經停止了
[00:02:13.040 --> 00:02:16.880]  已經停止了
[00:02:16.880 --> 00:02:17.840]  繼續睡覺
[00:02:17.840 --> 00:02:19.920]  其實當時才沒有在香港
[00:02:19.920 --> 00:02:23.960]  然後又有兩個大風
[00:02:25.400 --> 00:02:28.200]  原來是台灣的風比香港強一點
[00:02:28.200 --> 00:02:30.560]  一個很大的感覺
[00:02:30.560 --> 00:02:33.040]  咦?離開了香港
[00:02:33.040 --> 00:02:34.240]  這裡打大風
[00:02:34.240 --> 00:02:35.960]  我能不能回去呢?
[00:02:35.960 --> 00:02:39.080]  很特別的處境
[00:02:39.080 --> 00:02:41.200]  就和師母安慰她
[00:02:41.200 --> 00:02:42.840]  行了放心
[00:02:42.840 --> 00:02:47.280]  我會走騎樓底和戴個頭盔
[00:02:47.280 --> 00:02:49.320]  所以又可以安慰到她
[00:02:49.320 --> 00:02:51.360]  原來一個人在一個新的環境
[00:02:51.360 --> 00:02:53.440]  要有很多不同的適應和準備
[00:02:53.440 --> 00:02:54.680]  大家知道
[00:02:55.000 --> 00:02:57.680]  上主與我同行
[00:02:57.680 --> 00:03:01.880]  梗之妹你面對一個新的環境
[00:03:01.880 --> 00:03:04.440]  你會有沒有一些懼怕的呢?
[00:03:04.440 --> 00:03:06.520]  有沒有人怕打針的?
[00:03:06.520 --> 00:03:08.720]  很怕的
[00:03:08.720 --> 00:03:09.640]  為什麼你這麼怕呢?
[00:03:09.640 --> 00:03:10.520]  因為痛
[00:03:10.520 --> 00:03:12.680]  是不是因為痛呢?
[00:03:12.680 --> 00:03:16.200]  新的一年你有沒有轉工的?
[00:03:16.200 --> 00:03:17.480]  有沒有人轉工的新的一年?
[00:03:17.480 --> 00:03:18.920]  有
[00:03:18.920 --> 00:03:19.480]  有一個
[00:03:19.480 --> 00:03:21.600]  咦?新的工作環境
[00:03:21.600 --> 00:03:23.160]  神與你同在
[00:03:23.160 --> 00:03:23.800]  不用怕
[00:03:25.000 --> 00:03:26.360]  有沒有人準備移民呢?
[00:03:26.360 --> 00:03:28.880]  原來很多人移民去台灣
[00:03:28.880 --> 00:03:30.520]  最近我知道的消息
[00:03:30.520 --> 00:03:31.800]  很多人移民去台灣
[00:03:31.800 --> 00:03:35.640]  有沒有人準備去外地升學呢?
[00:03:35.640 --> 00:03:38.840]  有沒有人準備這一年要拍拖呢?
[00:03:38.840 --> 00:03:40.920]  有沒有這樣的立志年青人?
[00:03:40.920 --> 00:03:43.880]  我準備要拍拖
[00:03:43.880 --> 00:03:45.440]  我要結婚
[00:03:45.440 --> 00:03:46.960]  嘩!這個厲害了
[00:03:46.960 --> 00:03:48.480]  結婚又是一個很大的適應
[00:03:52.760 --> 00:03:55.280]  每個人原來我們面對一個新的環境
[00:03:55.280 --> 00:03:56.680]  我們都要有一個適應
[00:03:56.680 --> 00:03:58.560]  以色列人
[00:03:58.560 --> 00:04:00.920]  將要進入英女之地
[00:04:00.920 --> 00:04:02.760]  是一個新生活的開始
[00:04:02.760 --> 00:04:04.200]  在曠野漂流了四十年
[00:04:04.200 --> 00:04:05.480]  這四十年裡面
[00:04:05.480 --> 00:04:07.480]  很多不同的處境
[00:04:07.480 --> 00:04:09.640]  本來很短的行程
[00:04:09.640 --> 00:04:10.880]  他們走了四十年
[00:04:10.880 --> 00:04:13.160]  對摩西有很多的埋怨
[00:04:13.160 --> 00:04:15.360]  又說要渴死了
[00:04:15.360 --> 00:04:17.160]  又說沒有東西吃了
[00:04:17.160 --> 00:04:18.640]  沒有鵪鶉了
[00:04:18.640 --> 00:04:19.240]  沒有麻辣了
[00:04:19.240 --> 00:04:20.160]  這樣那樣
[00:04:22.000 --> 00:04:24.280]  最終摩西在曠野死了
[00:04:24.280 --> 00:04:25.600]  然後看著
[00:04:25.600 --> 00:04:27.680]  加拿美地
[00:04:27.680 --> 00:04:28.480]  他進不了去
[00:04:28.480 --> 00:04:30.000]  約書亞
[00:04:30.000 --> 00:04:33.520]  要帶領這一班的以色列人進入加拿大
[00:04:33.520 --> 00:04:37.520]  這個是他們很長久以來
[00:04:37.520 --> 00:04:39.520]  神應許給他們的地方
[00:04:39.520 --> 00:04:41.600]  要進入這個應許之地
[00:04:41.600 --> 00:04:45.760]  是神給他們美好的疆界
[00:04:45.760 --> 00:04:50.160]  聖經由第一節到第五節
[00:04:50.600 --> 00:04:52.320]  其實經歷的那個處境
[00:04:52.320 --> 00:04:56.000]  他們需要轉換一個領袖
[00:04:56.000 --> 00:04:57.440]  摩西死了之後
[00:04:57.440 --> 00:04:59.520]  然後對摩西的助手
[00:04:59.520 --> 00:05:00.120]  亂見而止
[00:05:00.120 --> 00:05:01.040]  約書亞就說
[00:05:01.040 --> 00:05:03.160]  你要帶領這一班以色列人
[00:05:03.160 --> 00:05:04.240]  第二節
[00:05:04.240 --> 00:05:07.800]  他說我僕人摩西死了
[00:05:07.800 --> 00:05:10.320]  聖經裡面提到僕人
[00:05:10.320 --> 00:05:12.560]  摩西是一個很獨特的稱呼
[00:05:12.560 --> 00:05:15.520]  約書亞你現在要起來了
[00:05:15.520 --> 00:05:17.000]  要過這個約旦河
[00:05:17.560 --> 00:05:22.280]  我要將地方賜給以色列人
[00:05:22.280 --> 00:05:24.000]  要去的地方
[00:05:24.000 --> 00:05:25.440]  第三節
[00:05:25.440 --> 00:05:29.280]  然後腳掌所踏之地
[00:05:29.280 --> 00:05:33.080]  腳所踏的地方就是征服的地方
[00:05:33.080 --> 00:05:37.560]  然後照應許摩西的話賜給你們
[00:05:37.560 --> 00:05:39.240]  然後那個地方是什麼呢?
[00:05:39.240 --> 00:05:43.800]  曠野和黎巴嫩直到大河
[00:05:43.800 --> 00:05:46.280]  就是那個幼發拉底河
[00:05:47.840 --> 00:05:49.280]  然後黑人的傳遞
[00:05:49.280 --> 00:05:51.200]  就是現在敘利亞的地方
[00:05:51.200 --> 00:05:53.960]  大海日落之處
[00:05:53.960 --> 00:05:57.040]  這個大海當然不是大西洋或者太平洋
[00:05:57.040 --> 00:06:01.200]  這個大海就是地中海
[00:06:01.200 --> 00:06:07.640]  地中海的東邊就成為這個美好的境界
[00:06:07.640 --> 00:06:11.360]  就成為這個疆界
[00:06:11.360 --> 00:06:13.680]  這個就成為一個新的空間
[00:06:13.680 --> 00:06:15.280]  一個應許之地
[00:06:16.440 --> 00:06:18.720]  以色列人要在當地生活
[00:06:18.720 --> 00:06:23.920]  答應約書亞怎樣呢?
[00:06:23.920 --> 00:06:26.920]  除了這個疆界之外
[00:06:26.920 --> 00:06:30.440]  沒有敵人可以在約書亞面前站立
[00:06:30.440 --> 00:06:33.440]  我懂得怎樣和摩西在一起
[00:06:33.440 --> 00:06:37.640]  今天我要和你在一起
[00:06:37.640 --> 00:06:41.360]  然後聖經第五節最後那句
[00:06:41.560 --> 00:06:47.280]  它說「我必不撇下你也不丟棄你」
[00:06:47.280 --> 00:06:50.600]  丁子妹有沒有被人撇的感覺?
[00:06:50.600 --> 00:06:53.640]  有沒有試過被人丟棄或者撇棄你的感覺?
[00:06:53.640 --> 00:06:55.880]  有沒有?
[00:06:55.880 --> 00:06:57.600]  有嗎?
[00:06:57.600 --> 00:06:59.640]  那個感覺是不是很差的?
[00:06:59.640 --> 00:07:02.120]  即是人不理你
[00:07:02.120 --> 00:07:06.040]  拍拍下多
[00:07:06.040 --> 00:07:09.240]  吵架甩開你的手然後自己走
[00:07:09.240 --> 00:07:10.120]  那就被撇了
[00:07:10.240 --> 00:07:13.360]  又或者在某些處境
[00:07:13.360 --> 00:07:15.520]  小朋友在街市
[00:07:15.520 --> 00:07:18.880]  本來和媽媽在一起牽著手走走
[00:07:18.880 --> 00:07:20.840]  不知媽媽在看什麼、買什麼
[00:07:20.840 --> 00:07:22.160]  突然找兒子
[00:07:22.160 --> 00:07:23.920]  兒子就不見了
[00:07:23.920 --> 00:07:28.080]  但是那個兒子其實感覺是被丟棄、撇下
[00:07:28.080 --> 00:07:29.120]  那種感覺
[00:07:29.120 --> 00:07:33.240]  但是你這輩子實應許約書亞
[00:07:33.240 --> 00:07:39.280]  「我不撇下你也不丟棄你」
[00:07:41.080 --> 00:07:43.160]  我覺得總之應許也好
[00:07:43.160 --> 00:07:44.160]  這個應許很重要
[00:07:44.160 --> 00:07:47.720]  當我們離開神很遠的時候
[00:07:47.720 --> 00:07:49.840]  又或者你感覺神不在我們當中的時候
[00:07:49.840 --> 00:07:51.120]  那個感覺是最差的
[00:07:51.120 --> 00:07:53.160]  常常都問神
[00:07:53.160 --> 00:07:56.760]  為什麼在這個時間你不理我?
[00:07:56.760 --> 00:07:59.560]  就是人在一個苦難、苦痛、不開心
[00:07:59.560 --> 00:08:03.520]  很孤寂的情況下我們都會問這個問題
[00:08:03.520 --> 00:08:05.880]  但是神就告訴約書亞
[00:08:05.880 --> 00:08:07.120]  「我不會離開你」
[00:08:08.360 --> 00:08:12.200]  因為終於要進入一個神應許的地方
[00:08:12.200 --> 00:08:19.360]  頂尖妹妹今年有沒有什麼目標要達成?
[00:08:19.360 --> 00:08:26.440]  當看到這個目標的時候
[00:08:26.440 --> 00:08:31.200]  我們就願意朝著這個目標向前走
[00:08:31.200 --> 00:08:35.640]  我們是迷門一腳
[00:08:35.640 --> 00:08:38.160]  快要射到龍門的時候
[00:08:38.160 --> 00:08:39.280]  不如又射入呢?
[00:08:39.280 --> 00:08:41.200]  那我們的感覺很好
[00:08:41.200 --> 00:08:43.600]  但是射不進去
[00:08:43.600 --> 00:08:45.320]  就是另一個問題
[00:08:45.320 --> 00:08:50.320]  但是約書亞帶領這班以色列民族
[00:08:50.320 --> 00:08:52.480]  他們經歷過曠野、漂流的
[00:08:52.480 --> 00:08:55.200]  至於現在應許之地就在門前
[00:08:55.200 --> 00:08:58.680]  實在太好了
[00:08:58.680 --> 00:09:02.520]  在一個可見的前方
[00:09:02.520 --> 00:09:04.040]  可見的將來
[00:09:04.040 --> 00:09:05.680]  他們要向前走
[00:09:07.240 --> 00:09:08.720]  這個是神應許的地方
[00:09:08.720 --> 00:09:14.120]  2017年我們教會會怎樣呢?
[00:09:14.120 --> 00:09:15.560]  大家有沒有想過?
[00:09:15.560 --> 00:09:19.080]  一年365天,現在是第一天
[00:09:19.080 --> 00:09:22.680]  有沒有想過2017是什麼?
[00:09:22.680 --> 00:09:24.000]  我們的主題是什麼?
[00:09:24.000 --> 00:09:29.960]  培育新童
[00:09:29.960 --> 00:09:31.360]  生命更新
[00:09:31.360 --> 00:09:36.160]  這個主題不是新的,是舊的了
[00:09:37.640 --> 00:09:39.120]  如果你去年更新了一半
[00:09:39.120 --> 00:09:40.520]  今年要更新那一半
[00:09:40.520 --> 00:09:42.520]  你明不明白?
[00:09:42.520 --> 00:09:46.440]  我們沒有試過不更新主題的
[00:09:46.440 --> 00:09:49.760]  起碼我來到這六、七年
[00:09:49.760 --> 00:09:51.960]  是今年沒有更新主題
[00:09:51.960 --> 00:09:53.280]  因為其實
[00:09:53.280 --> 00:09:55.160]  我們很希望
[00:09:55.160 --> 00:09:57.720]  培育新童是用兩年的時間
[00:09:57.720 --> 00:09:59.320]  這個重點、這個主題
[00:09:59.320 --> 00:10:01.000]  我們要去更新
[00:10:01.000 --> 00:10:02.640]  如果你去年
[00:10:02.640 --> 00:10:04.480]  真的未完全更新了
[00:10:04.480 --> 00:10:06.080]  今年你可以完全更新了
[00:10:07.840 --> 00:10:11.520]  但你和我們一起走的時候
[00:10:11.520 --> 00:10:12.640]  我們要面對什麼呢?
[00:10:12.640 --> 00:10:15.960]  我都以為我走的那四個月
[00:10:15.960 --> 00:10:17.680]  莊傳徒你好
[00:10:17.680 --> 00:10:19.920]  你應該搞定那個抗糖
[00:10:19.920 --> 00:10:28.000]  終於神不是這樣去準備
[00:10:28.000 --> 00:10:29.240]  今年怎樣?
[00:10:29.240 --> 00:10:31.320]  辣椒不影響我們
[00:10:31.320 --> 00:10:32.360]  如果我們買雙夏
[00:10:32.360 --> 00:10:36.320]  買住宅就要有辣椒
[00:10:36.320 --> 00:10:37.360]  15%而已
[00:10:37.360 --> 00:10:39.240]  買雙夏是不是不影響的?
[00:10:39.240 --> 00:10:41.360]  都要嗎?
[00:10:41.360 --> 00:10:42.920]  檢查一下
[00:10:42.920 --> 00:10:47.600]  我只知道住宅要給15%而已
[00:10:47.600 --> 00:10:48.920]  我心想
[00:10:48.920 --> 00:10:51.640]  一六年我們抗糖就好了
[00:10:51.640 --> 00:10:53.320]  不用給15%
[00:10:53.320 --> 00:10:54.720]  誰知道現在一七年
[00:10:54.720 --> 00:10:56.720]  我在想看看我們要不要給
[00:10:56.720 --> 00:10:58.600]  就算要給又如何
[00:10:58.600 --> 00:11:00.080]  你和我都有,是不是?
[00:11:05.400 --> 00:11:07.200]  有人咳嗽
[00:11:07.200 --> 00:11:12.320]  但是你知不知道神給我們的地方是什麼呢?
[00:11:12.320 --> 00:11:15.720]  可能是新的地方
[00:11:15.720 --> 00:11:18.960]  可能是一個新的目標和挑戰
[00:11:18.960 --> 00:11:21.400]  但是最重要
[00:11:21.400 --> 00:11:22.680]  在六至九節
[00:11:22.680 --> 00:11:27.120]  祂說:你當剛強壯膽
[00:11:27.120 --> 00:11:31.880]  因為你必使者比百姓承受那地為嚴
[00:11:32.520 --> 00:11:36.960]  就是我向他們列祖起誓要吸他們的地
[00:11:36.960 --> 00:11:39.520]  剛強壯膽
[00:11:39.520 --> 00:11:41.800]  在六至九節提了三次
[00:11:41.800 --> 00:11:47.760]  堅強勇敢有些時候都要看時勢
[00:11:47.760 --> 00:11:51.080]  時勢需要你就做英雄
[00:11:51.080 --> 00:11:53.840]  有些事有人做
[00:11:53.840 --> 00:11:55.520]  其實我們就不用做
[00:11:55.520 --> 00:11:57.440]  但是沒有人做你就要做
[00:11:59.520 --> 00:12:02.800]  弟兄,你在家裡什麼時候覺得被需要的感覺?
[00:12:02.800 --> 00:12:06.520]  你什麼時候會覺得你很勇敢?
[00:12:06.520 --> 00:12:10.480]  就是家裡幾個女人見到蟑螂都不懂打的時候
[00:12:10.480 --> 00:12:13.040]  你就出來要勇敢面對那隻蟑螂
[00:12:13.040 --> 00:12:14.960]  是不是?
[00:12:14.960 --> 00:12:17.960]  不是的嗎?你們
[00:12:17.960 --> 00:12:20.000]  你們是女人打蟑螂的
[00:12:20.000 --> 00:12:22.080]  特別飛的那隻
[00:12:22.080 --> 00:12:26.280]  原來有時候時勢做英雄
[00:12:26.280 --> 00:12:27.960]  我們怎麼可以勇敢呢?
[00:12:27.960 --> 00:12:31.240]  原來我們要保護家眷的時候
[00:12:31.240 --> 00:12:32.440]  做男人就出來了
[00:12:32.440 --> 00:12:34.320]  因為有一個目標
[00:12:34.320 --> 00:12:37.800]  弟兄姊妹同樣在我們的生命裡面
[00:12:37.800 --> 00:12:39.280]  如果我們知道一個目標
[00:12:39.280 --> 00:12:41.160]  我們就可以堅強勇敢
[00:12:41.160 --> 00:12:44.960]  約書亞去作大寧
[00:12:44.960 --> 00:12:47.800]  因為摩西離開了他們
[00:12:47.800 --> 00:12:51.840]  摩西帶領了以色列人一段日子
[00:12:51.840 --> 00:12:53.360]  很長很長的日子
[00:12:53.360 --> 00:12:56.320]  每個人都知道摩西是他們的領袖
[00:12:56.520 --> 00:12:58.520]  但是今天他們轉換一個領袖
[00:12:58.520 --> 00:12:59.600]  約書亞
[00:12:59.600 --> 00:13:04.000]  他就提醒約書亞
[00:13:04.000 --> 00:13:06.480]  你當剛強壯膽
[00:13:06.480 --> 00:13:07.520]  然後第七節
[00:13:07.520 --> 00:13:10.800]  你只要剛強大大壯膽
[00:13:10.800 --> 00:13:14.480]  然後有一個很重要的提醒
[00:13:14.480 --> 00:13:17.200]  原來無論作領袖也好
[00:13:17.200 --> 00:13:18.280]  作弟兄姊妹也好
[00:13:18.280 --> 00:13:20.520]  我們都需要謹守遵行
[00:13:20.520 --> 00:13:23.280]  神給我們的律法
[00:13:25.320 --> 00:13:27.720]  摩西所吩咐的一切律法
[00:13:27.720 --> 00:13:29.640]  不可以偏離左右
[00:13:29.640 --> 00:13:31.080]  在這樣的情況
[00:13:31.080 --> 00:13:32.280]  在這樣的處境
[00:13:32.280 --> 00:13:33.960]  在這樣的基礎底下
[00:13:33.960 --> 00:13:36.240]  你無論去哪裡
[00:13:36.240 --> 00:13:38.360]  都可以順利
[00:13:38.360 --> 00:13:41.040]  原來耶和華神
[00:13:41.040 --> 00:13:43.720]  在這裡的應許就很清晰了
[00:13:43.720 --> 00:13:46.800]  基礎就是我們要遵行祂的律法
[00:13:46.800 --> 00:13:47.720]  我們要看聖經
[00:13:47.720 --> 00:13:49.200]  我們要行祂的道
[00:13:49.200 --> 00:13:50.480]  然後第八第九節
[00:13:50.480 --> 00:13:53.600]  這個律法書不可以離開你的口
[00:13:53.600 --> 00:13:54.640]  你要晝夜思想
[00:13:54.640 --> 00:13:55.520]  你要想
[00:13:55.520 --> 00:13:59.280]  當然亦都要去謹守遵行
[00:13:59.280 --> 00:14:01.640]  書裏面一齊說
[00:14:01.640 --> 00:14:03.560]  然後這樣的情況怎樣?
[00:14:03.560 --> 00:14:05.600]  你的道路才可以亨通
[00:14:05.600 --> 00:14:08.120]  凡事順利
[00:14:08.120 --> 00:14:10.560]  第九節最後
[00:14:10.560 --> 00:14:11.920]  仍然要提一次
[00:14:11.920 --> 00:14:13.720]  我沒有吩咐你
[00:14:13.720 --> 00:14:15.440]  你要剛強壯膽
[00:14:15.440 --> 00:14:16.320]  不要懼怕
[00:14:16.320 --> 00:14:17.120]  不要驚慌
[00:14:17.120 --> 00:14:18.160]  你去到哪裡
[00:14:18.160 --> 00:14:19.160]  耶和華
[00:14:19.160 --> 00:14:21.600]  你的神必如你同在
[00:14:21.600 --> 00:14:23.560]  弟兄姊妹
[00:14:24.120 --> 00:14:24.920]  耶和華
[00:14:24.920 --> 00:14:26.960]  你的神必如你同在
[00:14:26.960 --> 00:14:28.200]  這是保證
[00:14:28.200 --> 00:14:31.160]  這是保證我們應許可以成就
[00:14:31.160 --> 00:14:33.200]  弟兄姊妹
[00:14:33.200 --> 00:14:34.680]  在愛裏面
[00:14:34.680 --> 00:14:35.720]  沒有懼怕
[00:14:35.720 --> 00:14:38.520]  在愛裏面
[00:14:38.520 --> 00:14:40.480]  我們知道有愛我們的人
[00:14:40.480 --> 00:14:41.760]  有愛我們的主
[00:14:41.760 --> 00:14:43.280]  我們就沒有需要懼怕
[00:14:43.280 --> 00:14:45.720]  懼怕是因著什麼?
[00:14:45.720 --> 00:14:49.280]  因著不適應
[00:14:49.280 --> 00:14:52.280]  因著一些事情不可知
[00:14:53.200 --> 00:14:55.000]  因著不知什麼原因
[00:14:55.000 --> 00:14:57.280]  是有一種特別的恐懼
[00:14:57.280 --> 00:15:01.520]  你怎樣去訓練自己有勇氣?
[00:15:01.520 --> 00:15:05.120]  記得有一年
[00:15:05.120 --> 00:15:07.320]  我在另一間教會
[00:15:07.320 --> 00:15:09.520]  神學院派了一位神學生來
[00:15:09.520 --> 00:15:11.200]  特別的
[00:15:11.200 --> 00:15:13.400]  他不是一年實習那種
[00:15:13.400 --> 00:15:14.200]  派了來
[00:15:14.200 --> 00:15:15.160]  就要跟我
[00:15:15.160 --> 00:15:16.960]  跟我什麼呢?
[00:15:16.960 --> 00:15:21.040]  原來這位神學生
[00:15:21.040 --> 00:15:23.000]  他很害怕一件事
[00:15:24.200 --> 00:15:26.240]  他很害怕死人
[00:15:26.240 --> 00:15:29.360]  很害怕死人
[00:15:29.360 --> 00:15:31.840]  很害怕死人
[00:15:31.840 --> 00:15:33.680]  在教會牧羊侍奉
[00:15:33.680 --> 00:15:35.440]  就面對很多生老病死
[00:15:35.440 --> 00:15:35.960]  對不對?
[00:15:35.960 --> 00:15:37.440]  特別
[00:15:37.440 --> 00:15:40.640]  你和離開這個世界的人
[00:15:40.640 --> 00:15:41.960]  有一個很近的距離
[00:15:41.960 --> 00:15:43.560]  的時候
[00:15:43.560 --> 00:15:45.280]  他就很害怕
[00:15:45.280 --> 00:15:47.760]  就來跟我
[00:15:47.760 --> 00:15:50.600]  所有的喪禮
[00:15:50.600 --> 00:15:51.560]  不如我找他
[00:15:53.040 --> 00:15:54.480]  見得多 摸得多
[00:15:54.480 --> 00:15:56.840]  走得近一點
[00:15:56.840 --> 00:15:57.600]  就不害怕
[00:15:57.600 --> 00:16:01.000]  姐妹你害怕什麼?
[00:16:01.000 --> 00:16:02.920]  Janet
[00:16:02.920 --> 00:16:06.920]  害怕會令我們癱瘓
[00:16:06.920 --> 00:16:07.800]  你做不到事
[00:16:07.800 --> 00:16:08.400]  不要害怕
[00:16:08.400 --> 00:16:10.360]  想想用什麼方法
[00:16:10.360 --> 00:16:10.960]  不要害怕
[00:16:10.960 --> 00:16:13.160]  莊傳道你害怕什麼?
[00:16:13.160 --> 00:16:16.840]  害怕我不回來?
[00:16:19.800 --> 00:16:24.080]  害怕我不回來?
[00:16:24.080 --> 00:16:25.600]  不用害怕
[00:16:25.600 --> 00:16:29.200]  姐妹你害怕什麼?
[00:16:29.200 --> 00:16:35.560]  你害怕什麼?
[00:16:35.560 --> 00:16:38.480]  害怕有時候是心理
[00:16:38.480 --> 00:16:40.720]  對我們的影響
[00:16:40.720 --> 00:16:41.680]  又或者
[00:16:41.680 --> 00:16:44.520]  有些成長的處境
[00:16:44.520 --> 00:16:47.320]  令我們對某些事情會害怕
[00:16:49.240 --> 00:16:50.120]  所以有些人
[00:16:50.120 --> 00:16:51.200]  噎到魚骨
[00:16:51.200 --> 00:16:52.480]  他一輩子都不吃魚
[00:16:52.480 --> 00:16:53.760]  因為怕噎到魚骨
[00:16:53.760 --> 00:16:58.280]  有這樣的經歷的人
[00:16:58.280 --> 00:16:59.080]  就會不害怕
[00:16:59.080 --> 00:17:00.120]  但是當我們
[00:17:00.120 --> 00:17:02.520]  需要面對前面的日子
[00:17:02.520 --> 00:17:06.160]  若孫雅
[00:17:06.160 --> 00:17:08.360]  在這一段裡面
[00:17:08.360 --> 00:17:10.560]  神就勸勉她
[00:17:10.560 --> 00:17:11.920]  你要剛強
[00:17:11.920 --> 00:17:13.440]  壯膽
[00:17:13.440 --> 00:17:17.080]  弟兄姊妹
[00:17:17.080 --> 00:17:19.040]  求主賜下勇氣
[00:17:19.520 --> 00:17:20.760]  我們一定要知道
[00:17:20.760 --> 00:17:21.960]  神的同在
[00:17:21.960 --> 00:17:24.160]  神祂愛的同在
[00:17:24.160 --> 00:17:25.960]  祂的同在
[00:17:25.960 --> 00:17:27.760]  就叫我們能夠
[00:17:27.760 --> 00:17:29.600]  可以面對任何的處境
[00:17:29.600 --> 00:17:30.480]  去哪裡
[00:17:30.480 --> 00:17:33.040]  都毋須要懼怕
[00:17:33.040 --> 00:17:36.480]  這是不是你前面的日子
[00:17:36.480 --> 00:17:40.200]  你面對生活的改變和適應
[00:17:40.200 --> 00:17:43.880]  你可以有的堅強勇敢呢?
[00:17:47.040 --> 00:17:49.320]  這是對若孫雅的挑戰
[00:17:49.320 --> 00:17:52.400]  是否同樣對你的挑戰呢?
[00:17:52.400 --> 00:17:54.840]  然後十節十五節
[00:17:54.840 --> 00:17:56.600]  就很簡單了
[00:17:56.600 --> 00:17:58.160]  是準備過河而已
[00:17:58.160 --> 00:17:59.920]  準備的過程
[00:17:59.920 --> 00:18:02.640]  都要有很多的提醒
[00:18:02.640 --> 00:18:04.600]  其實最主要的提醒就是一樣
[00:18:04.600 --> 00:18:07.120]  就讓以色列民和一班領袖
[00:18:07.120 --> 00:18:08.960]  他們心智上合一
[00:18:08.960 --> 00:18:12.360]  過河三天要過了
[00:18:12.360 --> 00:18:15.200]  你們去跟一班官長說
[00:18:15.200 --> 00:18:17.040]  長官說你們要好好準備
[00:18:17.040 --> 00:18:18.120]  預備食物
[00:18:18.120 --> 00:18:21.040]  你過去一定要吃東西
[00:18:21.040 --> 00:18:23.000]  打仗一定要吃東西
[00:18:23.000 --> 00:18:24.720]  過這個約旦河
[00:18:24.720 --> 00:18:26.040]  準備食物
[00:18:26.040 --> 00:18:28.680]  其實準備食物都是次要
[00:18:28.680 --> 00:18:30.080]  這是很大的需要
[00:18:30.080 --> 00:18:31.040]  但是都是次要
[00:18:31.040 --> 00:18:32.760]  更加重要的是什麼呢?
[00:18:32.760 --> 00:18:34.560]  十二節
[00:18:34.560 --> 00:18:38.280]  跟若孫雅和裡面的人
[00:18:38.280 --> 00:18:41.040]  加德人馬來西半支派的人去講
[00:18:41.040 --> 00:18:42.560]  你們要記得
[00:18:42.560 --> 00:18:43.600]  昔日
[00:18:43.800 --> 00:18:45.800]  摩西應許給他們
[00:18:45.800 --> 00:18:47.400]  這兩支派伴
[00:18:47.400 --> 00:18:48.880]  他們贏了仗之後
[00:18:48.880 --> 00:18:50.640]  十二支派要分他的地
[00:18:50.640 --> 00:18:52.360]  但是這兩支派伴
[00:18:52.360 --> 00:18:55.040]  他們得的地
[00:18:55.040 --> 00:18:56.720]  就不在河西
[00:18:56.720 --> 00:18:58.560]  即是不用過河的
[00:18:58.560 --> 00:19:00.360]  就在河東而已
[00:19:00.360 --> 00:19:05.280]  那我現在已經在河東了
[00:19:05.280 --> 00:19:08.840]  這兩支派伴的人是不是不需要過呢?
[00:19:08.840 --> 00:19:11.120]  這裡就說
[00:19:11.120 --> 00:19:12.880]  你們要記得
[00:19:13.960 --> 00:19:15.880]  穆人摩西所吩咐你們的話
[00:19:15.880 --> 00:19:19.480]  也要說你們的臣子得享安寧
[00:19:19.480 --> 00:19:21.440]  必將這地賜給你們
[00:19:21.440 --> 00:19:24.080]  然後十四、十五節就要他們做事了
[00:19:24.080 --> 00:19:26.080]  但是你們的
[00:19:26.080 --> 00:19:28.760]  太太、你的小孩和生畜
[00:19:28.760 --> 00:19:30.320]  可以留在約旦河東
[00:19:30.320 --> 00:19:31.600]  即是說很多
[00:19:31.600 --> 00:19:35.640]  他們的兒子、太太和生畜
[00:19:35.640 --> 00:19:37.640]  可以留在約旦河東
[00:19:37.640 --> 00:19:38.520]  可以不需要過
[00:19:38.520 --> 00:19:39.800]  但是
[00:19:39.800 --> 00:19:41.800]  你們中間
[00:19:42.320 --> 00:19:45.120]  的大能勇士就要帶著兵器過
[00:19:45.120 --> 00:19:46.840]  並且
[00:19:46.840 --> 00:19:50.560]  是要在你們弟兄面前過去
[00:19:50.560 --> 00:19:51.600]  即是說
[00:19:51.600 --> 00:19:53.960]  即是說什麼
[00:19:53.960 --> 00:19:55.560]  你們打仗
[00:19:55.560 --> 00:19:57.240]  走就要先走
[00:19:57.240 --> 00:20:00.400]  如果死就是你們先死
[00:20:00.400 --> 00:20:03.320]  你們不可以在後面
[00:20:03.320 --> 00:20:05.280]  看著你們的弟兄先打
[00:20:05.280 --> 00:20:09.040]  弟兄姐妹原來在
[00:20:09.040 --> 00:20:11.120]  準備過河的過程
[00:20:11.120 --> 00:20:12.320]  食物都是次要
[00:20:12.320 --> 00:20:14.200]  更加重要的就是他們的心智
[00:20:14.200 --> 00:20:16.600]  和十二支派的合一
[00:20:16.600 --> 00:20:23.720]  要得這個應許之地
[00:20:23.720 --> 00:20:26.040]  無論河東
[00:20:26.040 --> 00:20:27.440]  無論河西
[00:20:27.440 --> 00:20:32.600]  要成為一個團隊
[00:20:32.600 --> 00:20:36.640]  有沒有聽過
[00:20:36.640 --> 00:20:37.800]  贏就一起贏
[00:20:37.800 --> 00:20:38.880]  輸就一起輸
[00:20:40.960 --> 00:20:42.560]  你做得好就是我做得好
[00:20:42.560 --> 00:20:44.720]  我做得好也是你做得好
[00:20:44.720 --> 00:20:49.720]  所以我們
[00:20:49.720 --> 00:20:52.440]  弟兄姐妹我們同工我們執事
[00:20:52.440 --> 00:20:55.720]  你做得好就是我做得好
[00:20:55.720 --> 00:20:58.160]  你的榮耀就是我的榮耀
[00:20:58.160 --> 00:20:59.680]  你做得壞就是我做得壞
[00:20:59.680 --> 00:21:00.600]  我也有份的
[00:21:00.600 --> 00:21:01.320]  因為
[00:21:01.320 --> 00:21:03.480]  我們就是一個團隊
[00:21:03.480 --> 00:21:09.040]  所以如果我們家裏有一個家庭成員
[00:21:09.040 --> 00:21:10.480]  得到一點榮耀
[00:21:10.800 --> 00:21:11.480]  我們
[00:21:11.480 --> 00:21:14.000]  會感到驕傲
[00:21:14.000 --> 00:21:17.000]  同樣在教會
[00:21:17.000 --> 00:21:18.320]  我們弟兄姐妹
[00:21:18.320 --> 00:21:23.080]  得到一些成就
[00:21:23.080 --> 00:21:24.680]  榮耀
[00:21:24.680 --> 00:21:27.560]  我們做傳道人
[00:21:27.560 --> 00:21:28.280]  我們做牧者
[00:21:28.280 --> 00:21:28.920]  我們做執事
[00:21:28.920 --> 00:21:29.840]  我們做弟兄姐妹
[00:21:29.840 --> 00:21:31.160]  全部都為你
[00:21:31.160 --> 00:21:33.640]  向神感恩
[00:21:33.640 --> 00:21:36.880]  弟兄姐妹
[00:21:36.880 --> 00:21:39.680]  這是一個團隊
[00:21:41.800 --> 00:21:42.920]  這是一個合一
[00:21:42.920 --> 00:21:47.640]  所以弟兄姐妹我們去做一些工作
[00:21:47.640 --> 00:21:49.360]  特別是一些大件的事情
[00:21:49.360 --> 00:21:51.720]  我們一定是需要共同參與
[00:21:51.720 --> 00:21:55.640]  這是一個很重要的
[00:21:55.640 --> 00:21:58.520]  準備
[00:21:58.520 --> 00:22:01.560]  弟兄姐妹
[00:22:01.560 --> 00:22:04.000]  你能不能夠體會呢?
[00:22:04.000 --> 00:22:08.560]  百姓接著的回應是怎樣?
[00:22:08.560 --> 00:22:10.920]  十六節
[00:22:10.920 --> 00:22:13.200]  他們就回答約書雅
[00:22:13.200 --> 00:22:15.680]  「你吩咐我們的,我們都做」
[00:22:15.680 --> 00:22:18.520]  「你撐我們去的,我們都去」
[00:22:18.520 --> 00:22:19.760]  第十七節
[00:22:19.760 --> 00:22:21.720]  「我們在一切事上
[00:22:21.720 --> 00:22:25.160]  我們怎樣聽摩西,也照樣聽你」
[00:22:25.160 --> 00:22:28.720]  「惟願耀華,你的神與你同在」
[00:22:28.720 --> 00:22:32.360]  「就好像與摩西同在一樣」
[00:22:35.440 --> 00:22:40.160]  這兩支派伴或眾百姓的共同回應
[00:22:40.160 --> 00:22:43.080]  大家有甚麼體會和感受呢?
[00:22:43.080 --> 00:22:48.600]  這是一個跟隨、遵守
[00:22:48.600 --> 00:22:51.240]  很重要
[00:22:51.240 --> 00:22:54.160]  「你吩咐的,我們遵守」
[00:22:54.160 --> 00:22:57.520]  「無論你猜探我們做甚麼,我們都去」
[00:22:57.520 --> 00:23:00.640]  「從前聽摩西的,現在都聽你」
[00:23:02.800 --> 00:23:05.680]  百姓接著還跟約書雅說
[00:23:05.680 --> 00:23:08.800]  「惟願耀華,你的神與你同在」
[00:23:08.800 --> 00:23:12.040]  給約書雅祝福
[00:23:12.040 --> 00:23:15.160]  「就好像與摩西同在一樣」
[00:23:15.160 --> 00:23:19.280]  弟兄姊妹明白嗎?
[00:23:19.280 --> 00:23:24.400]  弟兄姊妹你們有沒有機會讀一些書
[00:23:24.400 --> 00:23:28.960]  是有關領袖或領導學的?
[00:23:30.560 --> 00:23:34.040]  沒有的?立他一本兩本都可以來看看
[00:23:34.040 --> 00:23:35.360]  甚麼是領導?
[00:23:35.360 --> 00:23:39.560]  你在家裏做父母都可以是一種領袖
[00:23:39.560 --> 00:23:45.480]  在學校裏面做校長、主任都可以是領袖
[00:23:45.480 --> 00:23:48.000]  你做一個部門的主管都可以是領袖
[00:23:48.000 --> 00:23:52.880]  原來這個世界上有很多有關領導學的書
[00:23:52.880 --> 00:23:58.160]  卻是沒有跟隨學習的
[00:23:58.160 --> 00:24:01.440]  沒有跟隨學習的書
[00:24:01.440 --> 00:24:04.600]  領導學,因為我們要領導
[00:24:04.600 --> 00:24:06.520]  所以有很多領袖學
[00:24:06.520 --> 00:24:11.400]  但是沒有跟隨學習的書
[00:24:11.400 --> 00:24:15.640]  Leadership和Followship
[00:24:15.640 --> 00:24:18.160]  這班百姓在這裏很好
[00:24:18.160 --> 00:24:21.040]  第十六至第八節特別在這裏
[00:24:21.040 --> 00:24:24.360]  「我怎樣聽摩西,一樣照聽你」
[00:24:24.360 --> 00:24:27.760]  「我怎樣過往跟隨摩西」
[00:24:27.760 --> 00:24:29.160]  「我一樣照跟隨」
[00:24:29.160 --> 00:24:30.560]  然後祝福他
[00:24:30.560 --> 00:24:33.840]  「惟願耶和華臣與你同在」
[00:24:33.840 --> 00:24:36.200]  就好像跟摩西同在一樣
[00:24:36.200 --> 00:24:39.880]  原來百姓和領袖
[00:24:39.880 --> 00:24:41.480]  帶領的和跟隨
[00:24:41.480 --> 00:24:43.520]  各有責任和本份
[00:24:43.520 --> 00:24:47.560]  否則後果可以很嚴重
[00:24:47.560 --> 00:24:53.160]  在這段裏面
[00:24:53.160 --> 00:24:59.360]  百姓的回應就給約書亞很大的肯定
[00:24:59.360 --> 00:25:01.960]  然後去到第十八節最後一節
[00:25:01.960 --> 00:25:04.840]  他說「無論任何人違背你的命令」
[00:25:04.840 --> 00:25:05.960]  這裏厲害了
[00:25:05.960 --> 00:25:09.800]  「不聽從你吩咐的一切話,就必處死」
[00:25:09.800 --> 00:25:15.160]  你只要剛強壯膽
[00:25:15.160 --> 00:25:18.360]  所以九月的時候
[00:25:18.360 --> 00:25:19.640]  我應該說這句說話
[00:25:19.640 --> 00:25:20.880]  跟弟兄姊妹說
[00:25:21.560 --> 00:25:25.080]  「九年九月,誰不聽莊傳道的話」
[00:25:25.080 --> 00:25:27.960]  「不聽他的話,就必處死」
[00:25:27.960 --> 00:25:29.400]  「你只要剛強壯膽」
[00:25:29.400 --> 00:25:31.680]  我當然不是這樣說
[00:25:31.680 --> 00:25:34.000]  我只是知道神與他同在
[00:25:34.000 --> 00:25:39.880]  所以今天已經功力大進
[00:25:39.880 --> 00:25:41.960]  弟兄姊妹
[00:25:41.960 --> 00:25:44.720]  甚麼是領導?
[00:25:44.720 --> 00:25:47.080]  甚麼是跟從?
[00:25:47.080 --> 00:25:49.640]  十六節到十八節
[00:25:49.640 --> 00:25:51.240]  就好好地典範
[00:25:52.560 --> 00:25:55.720]  原來領導和跟從
[00:25:55.720 --> 00:25:57.880]  有些時候是下命令
[00:25:57.880 --> 00:26:01.160]  在一些紀律部隊一定是下命令
[00:26:01.160 --> 00:26:02.440]  This is an order
[00:26:02.440 --> 00:26:04.440]  你不要問,你照做就可以了
[00:26:04.440 --> 00:26:05.920]  現在我們做人不是這樣
[00:26:05.920 --> 00:26:07.160]  為甚麼我要做?
[00:26:07.160 --> 00:26:08.640]  為甚麼要聽你講?
[00:26:08.640 --> 00:26:10.120]  你是哪一個?
[00:26:10.120 --> 00:26:12.600]  我們會這樣,特別是
[00:26:12.600 --> 00:26:13.960]  其實人都是這樣
[00:26:13.960 --> 00:26:15.400]  人都是自我
[00:26:15.400 --> 00:26:17.880]  我為甚麼要聽你講?
[00:26:17.880 --> 00:26:19.360]  為甚麼要跟從?
[00:26:19.880 --> 00:26:22.160]  弄一大輪,弄到頭都大了
[00:26:22.160 --> 00:26:24.040]  然後都不知道誰跟誰
[00:26:24.040 --> 00:26:25.760]  那就糟糕了
[00:26:25.760 --> 00:26:28.600]  原來領導和跟從的人
[00:26:28.600 --> 00:26:30.000]  有一個相互責任
[00:26:30.000 --> 00:26:31.640]  領袖和跟隨的人
[00:26:31.640 --> 00:26:33.160]  這份相互責任
[00:26:33.160 --> 00:26:35.080]  就要叫我們達成前面
[00:26:35.080 --> 00:26:36.880]  神要我們做工作
[00:26:36.880 --> 00:26:38.360]  但是有一個條件
[00:26:38.360 --> 00:26:42.880]  就是這個領袖的人
[00:26:42.880 --> 00:26:47.720]  他一定是跟隨神給他的吩咐
[00:26:49.440 --> 00:26:53.120]  一定是行在神的心意裏面
[00:26:53.120 --> 00:26:56.920]  弟兄姊妹,這個就很重要
[00:26:56.920 --> 00:26:59.360]  一個新環境
[00:26:59.360 --> 00:27:01.000]  我們要適應
[00:27:01.000 --> 00:27:04.320]  進入一個新的年度
[00:27:04.320 --> 00:27:07.880]  我們仍然要去學習
[00:27:07.880 --> 00:27:11.760]  甚麼情況下我們可以有勇氣呢?
[00:27:11.760 --> 00:27:13.960]  你知道你的目標
[00:27:15.000 --> 00:27:19.600]  甚麼情況下你能夠有勇氣呢?
[00:27:19.600 --> 00:27:23.280]  這就是你堅持的信念
[00:27:23.280 --> 00:27:25.920]  你知道這是神要你做的
[00:27:25.920 --> 00:27:30.320]  你知道這是神在聖經裏面教導我們的價值觀念
[00:27:30.320 --> 00:27:32.040]  我們就要做
[00:27:32.040 --> 00:27:37.520]  今年我有一節金句
[00:27:37.520 --> 00:27:40.080]  神給的我
[00:27:40.080 --> 00:27:43.440]  就在《眉家書》三章第八節
[00:27:43.440 --> 00:27:45.120]  我喜歡現代中文譯本
[00:27:45.120 --> 00:27:46.240]  但是是畫本
[00:27:46.240 --> 00:27:47.320]  它是這樣說
[00:27:47.320 --> 00:27:49.760]  「至於我,我夕夜畫的靈
[00:27:49.760 --> 00:27:52.920]  滿有力量、公平、才能
[00:27:52.920 --> 00:27:55.800]  可以向雅各說明他的過犯
[00:27:55.800 --> 00:27:58.200]  向以色列指出他的罪惡」
[00:27:58.200 --> 00:28:01.400]  就是知道甚麼是對甚麼是不對
[00:28:01.400 --> 00:28:05.840]  然後你能夠有智慧
[00:28:05.840 --> 00:28:08.640]  以及現代中文譯本
[00:28:08.640 --> 00:28:13.160]  它就是有勇氣去說出甚麼是不對
[00:28:14.440 --> 00:28:16.320]  這是很難
[00:28:16.320 --> 00:28:20.480]  但是神就要我們每一個人去學習
[00:28:20.480 --> 00:28:22.320]  面對一個新的處境
[00:28:22.320 --> 00:28:25.000]  我們怎樣去面對
[00:28:25.000 --> 00:28:27.440]  所以弟兄姊妹
[00:28:27.440 --> 00:28:29.000]  今年的生命更新
[00:28:29.000 --> 00:28:31.040]  你想更新甚麼呢?
[00:28:31.040 --> 00:28:34.040]  這不單單是一個口號
[00:28:34.040 --> 00:28:35.640]  你要設定一個目標
[00:28:35.640 --> 00:28:39.080]  你要有一個目標
[00:28:39.080 --> 00:28:43.320]  你無論如何都要在神的裏面定一個方向和目標
[00:28:44.440 --> 00:28:49.440]  讓神在你生命裏面去彰顯祂自己的作為
[00:28:49.440 --> 00:28:51.520]  弟兄姊妹
[00:28:51.520 --> 00:28:55.920]  你有沒有信心呢?
[00:28:55.920 --> 00:29:00.160]  很感恩
[00:29:00.160 --> 00:29:01.360]  十一月
[00:29:01.360 --> 00:29:05.880]  十一月回來唐慶
[00:29:05.880 --> 00:29:10.120]  唐慶我講了一點
[00:29:12.160 --> 00:29:15.240]  若朱許可我就一語一號回來
[00:29:15.240 --> 00:29:17.040]  所以大家很清楚
[00:29:17.040 --> 00:29:19.560]  就是神許可我今天還可以站在這裏
[00:29:19.560 --> 00:29:23.840]  但是十一月完了唐慶
[00:29:23.840 --> 00:29:25.720]  禮拜一休息
[00:29:25.720 --> 00:29:29.120]  禮拜二坐飛機回台南
[00:29:29.120 --> 00:29:31.520]  坐那部A-12
[00:29:31.520 --> 00:29:34.640]  行柴灣的長命斜
[00:29:34.640 --> 00:29:37.360]  中間有三條線
[00:29:37.360 --> 00:29:39.600]  中間那條線就是在製造路
[00:29:41.360 --> 00:29:44.160]  整部A-12機場巴士只有兩個人
[00:29:44.160 --> 00:29:45.280]  全部在樓上
[00:29:45.280 --> 00:29:47.040]  一個就是我
[00:29:47.040 --> 00:29:50.680]  一個就是另一個年青人坐在樓上
[00:29:50.680 --> 00:29:54.680]  大家還記得我坐在樓上一定是坐在左手邊
[00:29:54.680 --> 00:29:57.560]  第一個位置最前的那個
[00:29:57.560 --> 00:29:59.240]  那天
[00:29:59.240 --> 00:30:01.200]  那天
[00:30:01.200 --> 00:30:03.720]  臨出門口
[00:30:03.720 --> 00:30:04.800]  有頂帽子在那裏
[00:30:04.800 --> 00:30:06.840]  就戴頂帽子出門口
[00:30:06.840 --> 00:30:07.960]  戴頂帽子
[00:30:09.640 --> 00:30:12.240]  在樓上的時候
[00:30:12.240 --> 00:30:15.320]  現在通常都是這樣
[00:30:15.320 --> 00:30:17.320]  悶悶地一個人對著機器
[00:30:17.320 --> 00:30:20.920]  低頭對著手機
[00:30:20.920 --> 00:30:22.440]  突然間
[00:30:22.440 --> 00:30:28.960]  好像有雪花衝到我的臉上
[00:30:28.960 --> 00:30:33.240]  車船玻璃和旁邊的玻璃
[00:30:33.240 --> 00:30:35.120]  撞爛了
[00:30:35.120 --> 00:30:37.320]  那天我坐第二排
[00:30:37.320 --> 00:30:39.560]  我為什麼坐第二排
[00:30:40.040 --> 00:30:42.880]  因為機場巴士第一排是不能晃腿的
[00:30:42.880 --> 00:30:45.640]  所以坐第二排
[00:30:45.640 --> 00:30:49.080]  整個臉都是玻璃
[00:30:49.080 --> 00:30:51.640]  然後有些玻璃全都進了身上
[00:30:51.640 --> 00:30:54.120]  我這副眼鏡
[00:30:54.120 --> 00:30:55.760]  花了
[00:30:55.760 --> 00:30:57.880]  就是玻璃碎狀花
[00:30:57.880 --> 00:31:01.560]  那天剛好有半瓶水
[00:31:01.560 --> 00:31:03.720]  請司機幫我淋一淋眼睛
[00:31:03.720 --> 00:31:04.960]  他說你需要進醫院嗎
[00:31:04.960 --> 00:31:06.080]  我只問了一個問題
[00:31:06.080 --> 00:31:07.080]  我有沒有流血
[00:31:08.360 --> 00:31:10.480]  沒有 還要進醫院 我要趕飛機
[00:31:10.480 --> 00:31:11.480]  傻的嗎
[00:31:11.480 --> 00:31:16.560]  我覺得這是神的恩典
[00:31:16.560 --> 00:31:18.080]  所以不死
[00:31:18.080 --> 00:31:20.280]  又可以做多三十年
[00:31:20.280 --> 00:31:23.280]  等於每一切都是恩典
[00:31:23.280 --> 00:31:24.840]  今天我又感恩
[00:31:24.840 --> 00:31:25.680]  因為
[00:31:25.680 --> 00:31:28.000]  我1987年1月1日結婚
[00:31:28.000 --> 00:31:31.400]  所以待會
[00:31:31.400 --> 00:31:33.680]  外面大家可以吃些鳳梨酥
[00:31:33.680 --> 00:31:36.800]  那你成雙成對的就拿兩個
[00:31:36.800 --> 00:31:38.440]  你很想今年成雙成對
[00:31:38.440 --> 00:31:39.440]  你也拿兩個吧
[00:31:39.440 --> 00:31:44.440]  是不是應該感恩呢
[00:31:44.440 --> 00:31:47.680]  一切都是神的恩典
[00:31:47.680 --> 00:31:51.480]  如果我坐第一排就慘了 我猜
[00:31:51.480 --> 00:31:53.840]  但是
[00:31:53.840 --> 00:31:56.960]  有頂帽子擋一擋
[00:31:56.960 --> 00:31:59.560]  一切都有神的保守
[00:31:59.560 --> 00:32:02.600]  2017年的西浸會怎樣
[00:32:02.600 --> 00:32:03.920]  有沒有想過
[00:32:05.280 --> 00:32:06.880]  沒有在西區出入幾個月
[00:32:06.880 --> 00:32:08.680]  旁邊又有些改變
[00:32:08.680 --> 00:32:11.760]  又有國際幼稚園
[00:32:11.760 --> 00:32:13.200]  那麼多人生小孩嗎
[00:32:13.200 --> 00:32:17.960]  可能和這裡四周環境不一樣
[00:32:17.960 --> 00:32:18.920]  我在想
[00:32:18.920 --> 00:32:21.800]  旁邊星期日應該不用
[00:32:21.800 --> 00:32:23.840]  我們可以借他們來主要學班房
[00:32:23.840 --> 00:32:24.400]  有沒有想過
[00:32:24.400 --> 00:32:28.960]  或者用來做一些幼稚園的地方
[00:32:28.960 --> 00:32:31.160]  總之很多的機會
[00:32:31.160 --> 00:32:32.800]  頂智媒
[00:32:32.800 --> 00:32:34.240]  我們一於想
[00:32:35.760 --> 00:32:36.360]  唉
[00:32:36.360 --> 00:32:39.280]  今天不可以叫
[00:32:39.280 --> 00:32:41.400]  美華執事了
[00:32:41.400 --> 00:32:45.280]  不過你還在搞抗糖
[00:32:45.280 --> 00:32:46.960]  不是嗎
[00:32:46.960 --> 00:32:48.440]  昨天的WhatsApp
[00:32:48.440 --> 00:32:50.120]  還是你在打色的
[00:32:50.120 --> 00:32:56.040]  我真的很想我們可以有一個新的地方
[00:32:56.040 --> 00:32:59.560]  求主賜下一個新的地方
[00:32:59.560 --> 00:33:02.440]  但是更加重要地方還是次要
[00:33:02.440 --> 00:33:04.600]  我覺得地方仍然是次要
[00:33:05.680 --> 00:33:07.560]  你的生命的改變
[00:33:07.560 --> 00:33:09.360]  你的生命更新
[00:33:09.360 --> 00:33:11.760]  是更加重要
[00:33:11.760 --> 00:33:14.160]  為園主的恩典
[00:33:14.160 --> 00:33:17.120]  今天我慶祝三十週年
[00:33:17.120 --> 00:33:18.600]  我相信
[00:33:18.600 --> 00:33:20.880]  我不死應該可以神給我三十年
[00:33:20.880 --> 00:33:22.760]  我也是九十歲
[00:33:22.760 --> 00:33:24.240]  師母是八十八
[00:33:24.240 --> 00:33:25.640]  年紀也很漂亮
[00:33:25.640 --> 00:33:27.720]  園主是去賜福
[00:33:27.720 --> 00:33:28.960]  離境日子
[00:33:28.960 --> 00:33:30.280]  當神給我們時間
[00:33:30.280 --> 00:33:30.960]  給我們機會
[00:33:30.960 --> 00:33:32.240]  給我們空間的時候
[00:33:32.240 --> 00:33:35.080]  就勇敢地去闖
[00:33:35.760 --> 00:33:36.720]  新的境地
[00:33:36.720 --> 00:33:38.240]  園主賜福
[00:33:38.240 --> 00:33:39.920]  祈禱
[00:33:39.920 --> 00:33:42.600]  七月恩主你愛我們
[00:33:42.600 --> 00:33:44.720]  叫我們在生命裏面經歷你
[00:33:44.720 --> 00:33:46.680]  主也求你是恩代
[00:33:46.680 --> 00:33:49.000]  叫我們面對很多不同的處境
[00:33:49.000 --> 00:33:51.720]  當我們說要去生命更新的時候
[00:33:51.720 --> 00:33:53.400]  主求你給我們勇氣
[00:33:53.400 --> 00:33:54.880]  叫我們剛強
[00:33:54.880 --> 00:33:56.320]  叫我們壯膽
[00:33:56.320 --> 00:33:57.840]  我們不懼怕
[00:33:57.840 --> 00:33:59.200]  我們不驚惶
[00:33:59.200 --> 00:34:00.200]  因為
[00:34:00.200 --> 00:34:01.400]  我們知道
[00:34:01.400 --> 00:34:02.880]  這位的主
[00:34:02.880 --> 00:34:04.560]  是一位歷史的主
[00:34:04.960 --> 00:34:06.640]  是我們個人生命的主
[00:34:06.640 --> 00:34:08.280]  必與我們同行
[00:34:08.280 --> 00:34:10.080]  在你的愛裏面
[00:34:10.080 --> 00:34:12.240]  帶領我們前進
[00:34:12.240 --> 00:34:13.640]  多謝恩主
[00:34:13.640 --> 00:34:14.920]  聽我們祈禱
[00:34:14.920 --> 00:34:16.200]  奉主明求
[00:34:16.200 --> 00:34:17.080]  阿門
