
[00:00:00.000 --> 00:00:03.000]  丁字妹主來平安
[00:00:03.000 --> 00:00:06.000]  我們一齊同心禱告
[00:00:06.000 --> 00:00:10.000]  耶和華你是我們的目者
[00:00:10.000 --> 00:00:13.000]  我們在你裏面一無所缺
[00:00:13.000 --> 00:00:20.000]  主願以詩篇二十三篇再一次帶領我們的心向你
[00:00:20.000 --> 00:00:23.000]  因為你是我們的目者
[00:00:23.000 --> 00:00:28.000]  我們在你那裏找到安穩的帶領
[00:00:28.000 --> 00:00:31.000]  現在我們打開你的說話
[00:00:31.000 --> 00:00:34.000]  一同來去思想
[00:00:34.000 --> 00:00:36.000]  求聖靈引導我們
[00:00:36.000 --> 00:00:40.000]  在當中我們有亮光去明白
[00:00:40.000 --> 00:00:44.000]  以上禱告奉主耶穌基督的聖名祈求
[00:00:44.000 --> 00:00:45.000]  阿們
[00:00:45.000 --> 00:00:52.000]  我首先想給一張照片大家看看
[00:00:52.000 --> 00:00:55.000]  你看到這張照片之後你有什麼感覺
[00:00:56.000 --> 00:00:58.000]  我也試過給好幾個人看
[00:00:58.000 --> 00:01:05.000]  基本上大家都覺得這張照片可能給出來的感覺就是寧靜
[00:01:05.000 --> 00:01:07.000]  祥和
[00:01:07.000 --> 00:01:09.000]  一種很穩妥
[00:01:09.000 --> 00:01:13.000]  很靜的感覺
[00:01:13.000 --> 00:01:16.000]  當我讀到詩篇一百三十一篇
[00:01:16.000 --> 00:01:19.000]  在預備今天的講章的時候
[00:01:19.000 --> 00:01:28.000]  我腦海裏面就呈現這張我十年前在紐西蘭拍的照片
[00:01:28.000 --> 00:01:30.000]  在詩篇一百三十一篇裏面
[00:01:30.000 --> 00:01:33.000]  詩人所描述的內心世界
[00:01:33.000 --> 00:01:37.000]  沒有一個很長長的清單
[00:01:37.000 --> 00:01:43.000]  列舉了他當日或者他那一個月需要完成所有的事情
[00:01:43.000 --> 00:01:46.000]  沒有一個to do list在裏面
[00:01:46.000 --> 00:01:52.000]  他心裏面沒有太多的煩躁和焦慮
[00:01:52.000 --> 00:01:57.000]  詩人的心裏面只有上帝
[00:01:57.000 --> 00:02:01.000]  究竟是什麼原因使詩人有這份安穩
[00:02:01.000 --> 00:02:05.000]  能夠令他心如止水
[00:02:05.000 --> 00:02:08.000]  謙卑來信靠上帝呢
[00:02:08.000 --> 00:02:12.000]  或者現在就讓我們一起來看詩篇一百三十一篇
[00:02:12.000 --> 00:02:16.000]  一同去思想尋找這個答案
[00:02:16.000 --> 00:02:21.000]  我請大家一同打開詩篇一百三十一篇
[00:02:21.000 --> 00:02:26.000]  在教會的聖經舊約部份第八百一十三篇
[00:02:26.000 --> 00:02:30.000]  找到的我希望和大家一齊讀出
[00:02:30.000 --> 00:02:33.000]  詩篇一百三十一篇
[00:02:33.000 --> 00:02:34.000]  第一節請
[00:02:34.000 --> 00:02:44.000]  耶和華 我的心不狂傲 我的眼不高大 重大和測不透的事 我也不敢行
[00:02:44.000 --> 00:02:53.000]  我的心平穩安靜 好像斷過賴的孩子 在他母親的懷中
[00:02:53.000 --> 00:02:58.000]  我的心在我裏面 真像斷過賴的孩子
[00:02:58.000 --> 00:03:06.000]  以色列 你當仰望耶和華 從今時直到永遠
[00:03:06.000 --> 00:03:09.000]  這篇詩篇一開始的時候
[00:03:09.000 --> 00:03:14.000]  詩人就用了三個的不來形容他自己的心態
[00:03:14.000 --> 00:03:20.000]  是不狂傲 不高大 和不敢行
[00:03:20.000 --> 00:03:23.000]  如果我用新普及譯本這樣翻譯
[00:03:23.000 --> 00:03:28.000]  上主啊 我的心不驕傲 我的眼也不高傲
[00:03:28.000 --> 00:03:36.000]  太大 太奇妙 非我能把握的事 我都不去做
[00:03:36.000 --> 00:03:39.000]  在希伯來人的心裏面
[00:03:39.000 --> 00:03:41.000]  他的描述就是
[00:03:41.000 --> 00:03:46.000]  心就是指人的頭腦 人的mind
[00:03:46.000 --> 00:03:55.000]  心和眼就是指女和愛 意思就是指整個人的心思意念和行為
[00:03:55.000 --> 00:03:59.000]  如果我嘗試將這三個不反過來
[00:03:59.000 --> 00:04:02.000]  用一個相反的意思來講的時候
[00:04:02.000 --> 00:04:04.000]  經文就變成怎樣呢
[00:04:04.000 --> 00:04:11.000]  就是我心驕傲 我眼高傲 我沒有把握的事 我都敢去做
[00:04:11.000 --> 00:04:17.000]  是不是啊 原本是不狂傲嘛 不眼高嘛
[00:04:17.000 --> 00:04:25.000]  我將它反過來就是 我心驕傲 我眼高傲 我沒有把握的事 我都敢去做
[00:04:25.000 --> 00:04:28.000]  有什麼不對啊
[00:04:28.000 --> 00:04:34.000]  原來心狂傲 眼高大 是指一個人的驕傲 是自恃
[00:04:34.000 --> 00:04:40.000]  在聖經裏面給我們看到 以色列人常常對這些人有這樣的提醒
[00:04:40.000 --> 00:04:44.000]  我們一起讀 針研第十八章第十二節
[00:04:44.000 --> 00:04:50.000]  敗壞之先 人心驕傲 尊榮以前 必有謙卑
[00:04:50.000 --> 00:04:58.000]  原來在敗壞之先 在跌倒之先 人的心首先會驕傲
[00:04:58.000 --> 00:05:02.000]  另外有一段經文來自針研三十章第十三節
[00:05:02.000 --> 00:05:08.000]  有一眾人眼目何其高傲 眼皮也是高舉
[00:05:08.000 --> 00:05:11.000]  用今日來說就是有些不甘眼
[00:05:11.000 --> 00:05:13.000]  有沒有見過有些不甘眼
[00:05:13.000 --> 00:05:17.000]  哇 這樣去形容 眼皮也高舉 望都不望一下
[00:05:17.000 --> 00:05:20.000]  那種內心的驕傲
[00:05:20.000 --> 00:05:26.000]  在先知的傳統裏面 這種驕傲的人都是和上帝為敵的
[00:05:26.000 --> 00:05:30.000]  所以在歷代之下三十二章二十五節裏說
[00:05:30.000 --> 00:05:38.000]  希西迦卻沒有照他所蒙的恩報答耶和華 因他心裡驕傲
[00:05:38.000 --> 00:05:44.000]  所以憤怒要臨到他 和猶大並耶路撒冷
[00:05:44.000 --> 00:05:51.000]  希西迦那份驕傲也沒有按照神所給他的恩來回應神
[00:05:51.000 --> 00:05:55.000]  所以神的憤怒臨到他
[00:05:55.000 --> 00:05:59.000]  所以人的驕傲是神所不起悅的
[00:05:59.000 --> 00:06:02.000]  眼睛高大又如何
[00:06:02.000 --> 00:06:04.000]  真言第六章十六到十七節說
[00:06:04.000 --> 00:06:13.000]  耶和華所憎恨的有六樣 連他心所憎惡的共有七樣 就是高傲的眼
[00:06:13.000 --> 00:06:19.000]  那種目空一切就是神所憎惡的 上帝所不起悅的
[00:06:19.000 --> 00:06:23.000]  至於重大和七不透的事是說什麼呢
[00:06:23.000 --> 00:06:28.000]  原來是指上帝在地上的作為
[00:06:28.000 --> 00:06:30.000]  所以第十節說
[00:06:30.000 --> 00:06:33.000]  因祢為大 且行奇妙的事
[00:06:33.000 --> 00:06:37.000]  那些事原本是耶和華所作的行為
[00:06:37.000 --> 00:06:42.000]  那些事原本是神的大能和大力所讓我們看到祂的作為
[00:06:42.000 --> 00:06:45.000]  不是人做的
[00:06:45.000 --> 00:06:51.000]  但是人竟然說那些事是祂做的
[00:06:51.000 --> 00:06:54.000]  去褫奪了神的榮耀
[00:06:54.000 --> 00:06:58.000]  如果我們從剛才我引述其他的經文去看得到
[00:06:58.000 --> 00:07:04.000]  我們就明白為何詩人一開始的時候就用三個筆字
[00:07:04.000 --> 00:07:14.000]  因為詩人覺得驕傲 眼高 和這些黏著神榮耀的事情都是不好的
[00:07:14.000 --> 00:07:19.000]  因為這些心態背後都有一種態度
[00:07:19.000 --> 00:07:27.000]  就是眼裡只有自己 沒有其他人
[00:07:27.000 --> 00:07:31.000]  這篇詩篇一開始的時候很清楚說到
[00:07:31.000 --> 00:07:35.000]  這篇詩篇是大衛所寫的
[00:07:35.000 --> 00:07:39.000]  狂傲 眼高 無所不能的態度
[00:07:39.000 --> 00:07:41.000]  目空一切只有自己
[00:07:41.000 --> 00:07:48.000]  這豈不是一個一國之君應該有和必須要有的心態嗎
[00:07:48.000 --> 00:07:52.000]  大衛貴為一國之君 權傾天下
[00:07:52.000 --> 00:07:57.000]  為何他不可以眼高 驕傲 目空一切
[00:07:57.000 --> 00:08:02.000]  為何他不可以覺得自己所擁有的比任何人都要高
[00:08:02.000 --> 00:08:07.000]  他絕對可以在神面前這樣誇口
[00:08:07.000 --> 00:08:11.000]  我就是這樣 我就是可以眼高 目空一切
[00:08:11.000 --> 00:08:14.000]  我心裡就是充滿了驕傲
[00:08:14.000 --> 00:08:20.000]  這豈不是一個一國之君 甚至很多的領袖都很希望
[00:08:20.000 --> 00:08:28.000]  趨之若鶩 很希望追求的一種心態嗎?
[00:08:28.000 --> 00:08:35.000]  聽姐妹 這個正正就是這篇詩篇可貴的地方
[00:08:35.000 --> 00:08:41.000]  可貴的地方就是貴為一國之君的大衛
[00:08:41.000 --> 00:08:48.000]  竟然在神面前說出第一節的說話
[00:08:48.000 --> 00:08:54.000]  大衛經歷了年輕時候的豪情壯志
[00:08:54.000 --> 00:08:57.000]  他打過了一場又一場的人生戰爭
[00:08:57.000 --> 00:09:00.000]  衝過了生命的驚濤駭浪
[00:09:00.000 --> 00:09:06.000]  他經歷過富貴 權力 榮耀 情慾
[00:09:06.000 --> 00:09:12.000]  他也經歷過懼怕 戰爭 被人追殺
[00:09:12.000 --> 00:09:18.000]  他又體會到骨肉相殘的那種悲痛
[00:09:18.000 --> 00:09:26.000]  在人生這個階段裡面 他最珍貴的是什麼呢?
[00:09:26.000 --> 00:09:34.000]  他最珍貴的竟然是在上帝裡面那份平穩和安靜
[00:09:36.000 --> 00:09:40.000]  正如我說的 這是最可貴的地方
[00:09:40.000 --> 00:09:44.000]  就是一國之君他能夠在神面前
[00:09:44.000 --> 00:09:48.000]  全然地敞開自己的內心
[00:09:48.000 --> 00:09:52.000]  向上帝一個懺悔
[00:09:52.000 --> 00:09:56.000]  在這個懺悔裡面我們看到
[00:09:56.000 --> 00:10:01.000]  私人所體重和所興翰的事物
[00:10:02.000 --> 00:10:06.000]  私人在上帝面前的謙卑
[00:10:06.000 --> 00:10:14.000]  是在上帝面前一個坦誠的表白和一個認信
[00:10:14.000 --> 00:10:22.000]  究竟是什麼令一個人狂傲和眼高呢?
[00:10:22.000 --> 00:10:26.000]  我相信其中一個原因就是他確實是擁有很多
[00:10:26.000 --> 00:10:29.000]  他的錢比別人多 他的能力比別人高
[00:10:29.000 --> 00:10:32.000]  他各樣的東西都比別人優勝
[00:10:32.000 --> 00:10:36.000]  所以他絕對有這樣的資格
[00:10:36.000 --> 00:10:39.000]  他可以驕傲 他可以目空一切
[00:10:39.000 --> 00:10:43.000]  他可以看低周圍的人 是不是?
[00:10:43.000 --> 00:10:48.000]  但是我們有一句話叫做
[00:10:48.000 --> 00:10:52.000]  自卑和自大是怎樣的呢?
[00:10:52.000 --> 00:10:54.000]  一線之差
[00:10:55.000 --> 00:11:00.000]  原來當一個人覺得別人比自己強的時候
[00:11:00.000 --> 00:11:03.000]  別人所擁有的是比自己多的時候
[00:11:03.000 --> 00:11:08.000]  同樣他都要擺出一個驕傲自大的樣子
[00:11:08.000 --> 00:11:12.000]  因為他要撐著
[00:11:12.000 --> 00:11:16.000]  所以在比較裡面
[00:11:16.000 --> 00:11:21.000]  人往往就顯出自己那份不滿足
[00:11:23.000 --> 00:11:30.000]  有人形容不滿足和貪婪是硬幣的兩面
[00:11:30.000 --> 00:11:32.000]  我相信這個說法
[00:11:32.000 --> 00:11:37.000]  我們可以在十誡裡面最後一誡可以看得到
[00:11:37.000 --> 00:11:38.000]  不如我們一起讀吧
[00:11:38.000 --> 00:11:41.000]  不可貪戀人的房屋
[00:11:41.000 --> 00:11:48.000]  也不可貪戀人的妻子 瀑皮 牛奴 並他一切所有的
[00:11:48.000 --> 00:11:51.000]  記載在《出埃及記》二十章第十七節這段經文
[00:11:51.000 --> 00:11:53.000]  其實給我們看得到
[00:11:53.000 --> 00:11:57.000]  房屋 妻子 瀑皮 牛奴
[00:11:57.000 --> 00:11:59.000]  是一些忠誠的善物
[00:11:59.000 --> 00:12:01.000]  神賜給我們的時候
[00:12:01.000 --> 00:12:04.000]  我們可以享用 我們享有
[00:12:04.000 --> 00:12:06.000]  我們並且樂在其中
[00:12:06.000 --> 00:12:08.000]  今天我們所擁有的
[00:12:08.000 --> 00:12:10.000]  無論是屋 我們的錢
[00:12:10.000 --> 00:12:13.000]  我們的工作 我們的家庭
[00:12:13.000 --> 00:12:15.000]  神所給我們的
[00:12:15.000 --> 00:12:17.000]  我們不會拒絕
[00:12:17.000 --> 00:12:20.000]  我們並且能夠享受在當中
[00:12:20.000 --> 00:12:25.000]  用感恩的心來經歷天父的供應
[00:12:25.000 --> 00:12:28.000]  但問題在哪裡呢?
[00:12:28.000 --> 00:12:30.000]  問題就在這段經文
[00:12:30.000 --> 00:12:32.000]  兩個字
[00:12:32.000 --> 00:12:34.000]  是貪戀
[00:12:34.000 --> 00:12:39.000]  貪戀 或者我用另一個形容詞
[00:12:39.000 --> 00:12:41.000]  就是眼見心盲
[00:12:41.000 --> 00:12:45.000]  當你看到別人比你擁有的多的時候
[00:12:45.000 --> 00:12:48.000]  你就想連別人的也摟過來
[00:12:49.000 --> 00:12:51.000]  貪戀就是你不滿足於
[00:12:51.000 --> 00:12:53.000]  就算神給你多少
[00:12:53.000 --> 00:12:54.000]  你都不滿足於
[00:12:54.000 --> 00:12:57.000]  你仍然覺得自己擁有的是不足
[00:12:57.000 --> 00:13:01.000]  仍然去想連別人的也拿回來
[00:13:01.000 --> 00:13:06.000]  所以在提摩太前書第六章第九節
[00:13:06.000 --> 00:13:07.000]  經文這樣說
[00:13:07.000 --> 00:13:09.000]  但那些想要發財的人
[00:13:09.000 --> 00:13:12.000]  就陷在迷惑
[00:13:12.000 --> 00:13:17.000]  落在網羅和許多無知有害的私慾裡
[00:13:17.000 --> 00:13:22.000]  叫人沉在敗壞亡滅亡中
[00:13:22.000 --> 00:13:26.000]  貪財是萬惡之根
[00:13:26.000 --> 00:13:28.000]  有人貪戀錢財
[00:13:28.000 --> 00:13:31.000]  就被引誘離了真道
[00:13:31.000 --> 00:13:36.000]  用許多受苦把自己刺透了
[00:13:36.000 --> 00:13:40.000]  富有不是一個罪
[00:13:40.000 --> 00:13:43.000]  有錢不是問題
[00:13:43.000 --> 00:13:49.000]  但去貪,去常常覺得自己不足夠
[00:13:49.000 --> 00:13:55.000]  而且這個貪是引誘你離開了真道
[00:13:55.000 --> 00:13:57.000]  是因為這個貪,這種貪慕
[00:13:57.000 --> 00:14:01.000]  讓你連自己的信仰都放下
[00:14:01.000 --> 00:14:04.000]  因為這個貪,連你親愛的神
[00:14:04.000 --> 00:14:06.000]  你都願意撇棄的時候
[00:14:06.000 --> 00:14:09.000]  這個才是問題的所在
[00:14:12.000 --> 00:14:14.000]  弟兄姊妹
[00:14:14.000 --> 00:14:20.000]  我不知道你今天心裡有沒有一些不滿足
[00:14:20.000 --> 00:14:24.000]  或者你跟牧師說不止一些,是很多
[00:14:24.000 --> 00:14:30.000]  究竟你那份不滿足
[00:14:30.000 --> 00:14:34.000]  是不是導致你會去貪戀呢?
[00:14:34.000 --> 00:14:39.000]  詩人在第一節經文裡給我們看到
[00:14:39.000 --> 00:14:43.000]  他不再驕傲,不再眼高
[00:14:43.000 --> 00:14:50.000]  不再做一些是神的作為而不是人能做的事情
[00:14:50.000 --> 00:14:55.000]  他看到自己的欠缺
[00:14:55.000 --> 00:14:59.000]  更重要的是他敞開自己的心
[00:14:59.000 --> 00:15:05.000]  坦然地在上帝面前去承認
[00:15:07.000 --> 00:15:12.000]  弟兄姊妹,我鼓勵你去學習詩人
[00:15:12.000 --> 00:15:17.000]  去檢視自己的生命究竟有沒有這份不滿足
[00:15:17.000 --> 00:15:24.000]  這份貪戀去窒礙了你跟神的關係
[00:15:24.000 --> 00:15:32.000]  接著,詩人在第二節裡是一個向上帝的信靠
[00:15:32.000 --> 00:15:35.000]  我用《新普及譯本》來譯第二節
[00:15:35.000 --> 00:15:38.000]  相反我讓自己安然添靜
[00:15:38.000 --> 00:15:42.000]  像斷奶的孩子不再為吃奶哭鬧
[00:15:42.000 --> 00:15:49.000]  我的心在我裡面就像斷奶的孩子一般
[00:15:49.000 --> 00:15:52.000]  在剛才大家所看的經文第一節裡
[00:15:52.000 --> 00:15:56.000]  我們看到詩人的心不再是見機於那些偉大的事情
[00:15:56.000 --> 00:16:00.000]  而是充滿了野心的慾望
[00:16:00.000 --> 00:16:07.000]  這一節,詩人再說出他在生命裡只重視一樣的事物
[00:16:07.000 --> 00:16:15.000]  就是對上帝那份絕對、相信和傳言的信求
[00:16:15.000 --> 00:16:18.000]  詩人用了一個比喻
[00:16:18.000 --> 00:16:23.000]  就是媽媽跟嬰兒關係的比喻
[00:16:23.000 --> 00:16:29.000]  當一個正在吃奶的嬰兒
[00:16:29.000 --> 00:16:33.000]  他去到媽媽那裡,他只需要喝奶
[00:16:33.000 --> 00:16:39.000]  所以媽媽就成為他肚腹上的供應者
[00:16:39.000 --> 00:16:41.000]  他只有一個目的
[00:16:41.000 --> 00:16:46.000]  就是去到媽媽那裡,媽媽就會令他飽腹
[00:16:46.000 --> 00:16:49.000]  滿足了他肉體上的需要
[00:16:49.000 --> 00:16:52.000]  這是吃奶的嬰孩
[00:16:52.000 --> 00:16:55.000]  但是當我們細心去看的時候
[00:16:55.000 --> 00:17:00.000]  詩人描述是斷過奶的孩子
[00:17:00.000 --> 00:17:03.000]  是斷了奶的孩子
[00:17:03.000 --> 00:17:08.000]  做過媽媽的都知道斷奶是一個過程
[00:17:08.000 --> 00:17:10.000]  是一個不容易的過程
[00:17:10.000 --> 00:17:16.000]  媽媽可能需要忍耐著狠心一點不給他吃
[00:17:16.000 --> 00:17:21.000]  媽媽需要忍耐著嬰兒的哭聲
[00:17:21.000 --> 00:17:25.000]  因為在媽媽的心裡知道這是一個必經的過程
[00:17:25.000 --> 00:17:28.000]  經歷了之後,斷奶之後
[00:17:28.000 --> 00:17:32.000]  嬰兒就進入另一個成長的過程裡
[00:17:32.000 --> 00:17:35.000]  生命的另一個階段裡
[00:17:35.000 --> 00:17:38.000]  是一個必須的過程裡
[00:17:38.000 --> 00:17:44.000]  吃奶的嬰孩和斷奶的嬰孩
[00:17:44.000 --> 00:17:46.000]  跟媽媽的關係
[00:17:46.000 --> 00:17:49.000]  如果我們比喻成人跟上帝的關係
[00:17:49.000 --> 00:17:54.000]  吃奶的嬰孩就像那些常常只希望天父
[00:17:54.000 --> 00:17:58.000]  去供應他一切所需的那份心態
[00:17:58.000 --> 00:18:00.000]  是滿足了他日常生活上
[00:18:00.000 --> 00:18:03.000]  滿足了他物質上各樣的需要
[00:18:03.000 --> 00:18:07.000]  是一個滿足他個人需要的供應者
[00:18:07.000 --> 00:18:11.000]  神就是一個這樣的角色
[00:18:11.000 --> 00:18:15.000]  至於斷了奶的嬰孩
[00:18:15.000 --> 00:18:20.000]  他不再需要去到媽媽那裡被餵養
[00:18:20.000 --> 00:18:25.000]  但是他仍然很希望去到媽媽的懷裡
[00:18:25.000 --> 00:18:28.000]  依偎在媽媽的懷裡
[00:18:28.000 --> 00:18:31.000]  那不是一個食物的供應
[00:18:31.000 --> 00:18:35.000]  那是一個關係的結裂
[00:18:35.000 --> 00:18:38.000]  他不再去找食物
[00:18:38.000 --> 00:18:46.000]  他相反的就是很希望跟媽媽有那份親密
[00:18:46.000 --> 00:18:48.000]  那份親密
[00:18:48.000 --> 00:18:54.000]  只要在媽媽的懷裡被媽媽擁抱著
[00:18:54.000 --> 00:18:57.000]  就已經滿足了
[00:18:57.000 --> 00:19:00.000]  是不需要吃東西的
[00:19:00.000 --> 00:19:07.000]  因為那份滿足是來自媽媽那份擁抱
[00:19:07.000 --> 00:19:11.000]  這是一個成長的過程
[00:19:11.000 --> 00:19:14.000]  吃奶的嬰孩
[00:19:14.000 --> 00:19:18.000]  由需要媽媽給他
[00:19:18.000 --> 00:19:20.000]  到斷了奶的嬰孩
[00:19:20.000 --> 00:19:24.000]  他開始學會怎樣去付出他的愛
[00:19:24.000 --> 00:19:28.000]  來給媽媽
[00:19:28.000 --> 00:19:35.000]  丁子妹,我們常常希望上帝供應我們各樣的需要
[00:19:35.000 --> 00:19:40.000]  但是我們有沒有像斯人這份心思意念
[00:19:40.000 --> 00:19:44.000]  我們所追求的不只是物質上的需要
[00:19:44.000 --> 00:19:50.000]  我們所追求的是跟上帝那份親密
[00:19:50.000 --> 00:19:55.000]  那份親密、緊聯的關係
[00:19:55.000 --> 00:20:01.000]  那不是一些需索、一些要求、一些物件
[00:20:01.000 --> 00:20:04.000]  而是一個關係
[00:20:04.000 --> 00:20:12.000]  是一個安然在上帝懷裡的那份關係
[00:20:12.000 --> 00:20:17.000]  Richard Forster 在他的書《Celebration of Disciples》裡說
[00:20:17.000 --> 00:20:21.000]  他是現代人最重視的三樣事物
[00:20:21.000 --> 00:20:27.000]  這三樣東西就是噪音、繁忙和擠擁
[00:20:27.000 --> 00:20:31.000]  就是Noise、Hurry和Crowds
[00:20:31.000 --> 00:20:35.000]  很厲害啊,我們香港人全部擁有了
[00:20:35.000 --> 00:20:38.000]  我們在哪裡可以寧靜呢?
[00:20:38.000 --> 00:20:41.000]  到處都充滿了噪音
[00:20:41.000 --> 00:20:43.000]  今天我們看到電視節目
[00:20:43.000 --> 00:20:45.000]  你很忙啊,你這句問題很傻啊
[00:20:45.000 --> 00:20:48.000]  有誰不忙啊?
[00:20:48.000 --> 00:20:54.000]  擠迫,到處都充滿了人
[00:20:54.000 --> 00:21:00.000]  今天我們是不是也被噪音、繁忙、擠擁
[00:21:00.000 --> 00:21:05.000]  令我們沒有安靜的時間呢?
[00:21:05.000 --> 00:21:07.000]  心理學家Carl Jung 曾經這樣說
[00:21:07.000 --> 00:21:10.000]  他說匆忙不是來自魔鬼
[00:21:10.000 --> 00:21:14.000]  它本身就是魔鬼
[00:21:14.000 --> 00:21:16.000]  英文的一句話是
[00:21:16.000 --> 00:21:23.000]  Hurry is not of the devil, it is the devil
[00:21:23.000 --> 00:21:30.000]  丁姐妹,我不知道在今天我們匆忙的生活裡
[00:21:30.000 --> 00:21:33.000]  匆忙這個魔鬼
[00:21:33.000 --> 00:21:38.000]  是不是就隔絕了你和神的關係
[00:21:38.000 --> 00:21:41.000]  以致我們不懂得怎樣有一刻的安靜
[00:21:41.000 --> 00:21:44.000]  好像斷尿蟹、斷尿奶的嬰孩那樣
[00:21:44.000 --> 00:21:47.000]  才會在媽媽的胸懷裡
[00:21:47.000 --> 00:21:51.000]  享受那份寧靜和安穩呢?
[00:21:51.000 --> 00:21:53.000]  我們沒有一刻的寧靜
[00:21:53.000 --> 00:21:56.000]  可以去到神的裡面
[00:21:56.000 --> 00:22:00.000]  去靠在上帝的懷裡
[00:22:00.000 --> 00:22:06.000]  去享受那份安穩
[00:22:06.000 --> 00:22:10.000]  當描述到天父的公認的時候
[00:22:10.000 --> 00:22:15.000]  我想到大家所熟悉的詩篇23篇
[00:22:15.000 --> 00:22:18.000]  有沒有人不懂詩篇23篇呢?
[00:22:18.000 --> 00:22:21.000]  千萬不要舉手
[00:22:21.000 --> 00:22:25.000]  當剛才詩班唱詩篇23篇的時候
[00:22:25.000 --> 00:22:27.000]  你有什麼感覺?
[00:22:27.000 --> 00:22:30.000]  或者當聽到23篇讀到23篇的時候
[00:22:30.000 --> 00:22:34.000]  你腦海裡面呈現的那個青草地
[00:22:34.000 --> 00:22:37.000]  是怎樣的樣子呢?我想問一下
[00:22:37.000 --> 00:22:40.000]  我給你一點時間去構思一下
[00:22:40.000 --> 00:22:43.000]  是怎樣的一塊草地呢?
[00:22:43.000 --> 00:22:46.000]  會不會是這樣的?
[00:22:46.000 --> 00:22:49.000]  綠油油一塊的草地
[00:22:49.000 --> 00:22:52.000]  肥嘟嘟很可愛的白雪雪的羊
[00:22:52.000 --> 00:22:58.000]  只要牠摀著頭就周圍都有肥美的草可以吃
[00:22:58.000 --> 00:23:00.000]  你對於詩篇23篇
[00:23:00.000 --> 00:23:02.000]  青草地溪水旁
[00:23:02.000 --> 00:23:06.000]  是不是就是一個這樣的圖畫呢?
[00:23:06.000 --> 00:23:09.000]  最近我在Facebook看到一條短片
[00:23:09.000 --> 00:23:14.000]  是由美國一位研究聖經和猶太文化的學者
[00:23:14.000 --> 00:23:16.000]  Ray Vander Lee
[00:23:16.000 --> 00:23:19.000]  他在當中的短片裡講解
[00:23:19.000 --> 00:23:22.000]  他帶我們去到以色列和巴勒斯坦的地方
[00:23:22.000 --> 00:23:28.000]  看一下聖經裡面所形容的青草地究竟是怎樣的
[00:23:28.000 --> 00:23:30.000]  你想不想看一下?
[00:23:44.000 --> 00:23:46.000]  As the green pastures
[00:23:46.000 --> 00:23:49.000]  So the shepherd looks for a hillside
[00:23:49.000 --> 00:23:51.000]  That's exactly what she was doing
[00:23:51.000 --> 00:23:53.000]  Look at that flock across from us there
[00:23:53.000 --> 00:23:54.000]  Just stunning
[00:23:54.000 --> 00:23:57.000]  Those two shepherd girls have found a hillside
[00:23:57.000 --> 00:24:00.000]  And they move that flock across the hillside
[00:24:00.000 --> 00:24:02.000]  And it's one mouthful here
[00:24:02.000 --> 00:24:03.000]  Walk a step or two
[00:24:03.000 --> 00:24:04.000]  Another mouthful
[00:24:04.000 --> 00:24:05.000]  Another mouthful
[00:24:05.000 --> 00:24:07.000]  Another mouthful
[00:24:07.000 --> 00:24:11.000]  Now that changes the green pasture image a little bit
[00:24:11.000 --> 00:24:13.000]  Besides the picture changing radically
[00:24:13.000 --> 00:24:17.000]  Green pastures are not everything you need for the rest of your life
[00:24:17.000 --> 00:24:19.000]  If you make that belly deep alfalfa
[00:24:19.000 --> 00:24:21.000]  Then what God is saying
[00:24:21.000 --> 00:24:23.000]  If you follow me, I'm gonna plunk you down
[00:24:23.000 --> 00:24:25.000]  And you'll never have to move an inch the rest of your life
[00:24:25.000 --> 00:24:27.000]  Just reach out and grab it
[00:24:27.000 --> 00:24:31.000]  Tell me that your life with God has been like that
[00:24:31.000 --> 00:24:39.000]  Worry, said one rabbi, is dealing with tomorrow's problems on today's pasture
[00:24:39.000 --> 00:24:45.000]  In the desert, you learn, the shepherd will get you what you need for right now
[00:24:45.000 --> 00:24:49.000]  Ten minutes from now, you trust the shepherd
[00:24:49.000 --> 00:24:52.000]  Just enough
[00:24:52.000 --> 00:24:57.000]  對不起
[00:24:57.000 --> 00:25:02.000]  我想我破壞了你對於青草地美麗的圖畫
[00:25:02.000 --> 00:25:04.000]  那些就是青草地
[00:25:04.000 --> 00:25:07.000]  我記得好幾年前去以色列的時候
[00:25:07.000 --> 00:25:09.000]  那個導遊那些羊在那裡走來走去
[00:25:09.000 --> 00:25:11.000]  他說在吃草
[00:25:11.000 --> 00:25:13.000]  我當時不相信他
[00:25:13.000 --> 00:25:16.000]  因為離遠的時候你見不見到那些草
[00:25:16.000 --> 00:25:19.000]  根本你見不到有那些草
[00:25:19.000 --> 00:25:26.000]  這個完全跟我們過往對於青草地的想法是完全不同的
[00:25:26.000 --> 00:25:28.000]  但是在這條短片裡面
[00:25:28.000 --> 00:25:31.000]  他是讓我們很清楚看得到
[00:25:31.000 --> 00:25:37.000]  那些羊安心不是有一片路悠悠任他吃的草地
[00:25:37.000 --> 00:25:44.000]  他的安心是來自他一步一步跟隨著這個牧者
[00:25:44.000 --> 00:25:52.000]  因為牧羊人帶到他有一口一口一口的青草
[00:25:52.000 --> 00:25:55.000]  他不需要擔心前面是怎樣
[00:25:55.000 --> 00:26:03.000]  他只要緊緊跟隨安然的信靠就可以
[00:26:03.000 --> 00:26:09.000]  Just Enough 剛好足夠
[00:26:09.000 --> 00:26:12.000]  剛好足夠對於我們今天
[00:26:12.000 --> 00:26:15.000]  整個衣櫃都是衣服
[00:26:15.000 --> 00:26:17.000]  幾十雙鞋子的弟兄姊妹來說
[00:26:17.000 --> 00:26:20.000]  可能不知道怎樣處理
[00:26:20.000 --> 00:26:25.000]  但是Just Enough 可能Just Enough
[00:26:25.000 --> 00:26:34.000]  就能夠幫我們解決那種無窮的慾望
[00:26:34.000 --> 00:26:38.000]  就好像詩人所形容
[00:26:38.000 --> 00:26:42.000]  鷹蟹就算吃奶的鷹蟹
[00:26:42.000 --> 00:26:46.000]  牠去到媽媽那裡就可以吃得飽
[00:26:46.000 --> 00:26:50.000]  牠不需要你聽後日是怎樣
[00:26:50.000 --> 00:26:53.000]  因為牠知道只要去到媽媽那裡
[00:26:53.000 --> 00:26:57.000]  牠就有飽足
[00:26:57.000 --> 00:26:59.000]  這段經文讓我看到
[00:26:59.000 --> 00:27:04.000]  這不單止是一個吃飽
[00:27:04.000 --> 00:27:06.000]  是斷了賴
[00:27:06.000 --> 00:27:09.000]  是一個在神和人之間的關係
[00:27:09.000 --> 00:27:15.000]  令我們安穩和信靠
[00:27:15.000 --> 00:27:18.000]  剛才給大家看這張照片
[00:27:18.000 --> 00:27:21.000]  其實拍攝得很普通
[00:27:21.000 --> 00:27:24.000]  但對於我和師母來說
[00:27:24.000 --> 00:27:28.000]  是有很深層的意義
[00:27:28.000 --> 00:27:32.000]  記得十年前我們去紐西蘭的時候
[00:27:32.000 --> 00:27:35.000]  就是去之前一段時間
[00:27:35.000 --> 00:27:38.000]  師母的媽媽突然離開世界
[00:27:38.000 --> 00:27:41.000]  師母有很多懷念
[00:27:41.000 --> 00:27:45.000]  究竟雖然知道媽媽信了主 天堂是怎樣呢
[00:27:45.000 --> 00:27:47.000]  有一天我們去到紐西蘭
[00:27:47.000 --> 00:27:49.000]  一個Queen's Town 大家很多人去過
[00:27:49.000 --> 00:27:51.000]  皇后鎮那邊
[00:27:51.000 --> 00:27:53.000]  那裡有一個很美的湖
[00:27:53.000 --> 00:27:55.000]  那裡停了幾架船
[00:27:55.000 --> 00:27:57.000]  這架是其中一架
[00:27:57.000 --> 00:28:00.000]  於是我就拿相機拍照
[00:28:00.000 --> 00:28:04.000]  拍完照師母在那裡哭
[00:28:04.000 --> 00:28:14.000]  她說 如果世界上也有這麼漂亮 平靜 令人安穩的地方
[00:28:14.000 --> 00:28:19.000]  天堂豈不是更美麗
[00:28:19.000 --> 00:28:22.000]  我相信接下來的一小時
[00:28:22.000 --> 00:28:25.000]  我和師母基本上沒什麼話說
[00:28:25.000 --> 00:28:27.000]  我們就坐在那裡
[00:28:27.000 --> 00:28:29.000]  看著這個景色
[00:28:29.000 --> 00:28:34.000]  當然現實景色比照片漂亮得多
[00:28:34.000 --> 00:28:36.000]  為什麼我今天拿回這張照片呢
[00:28:36.000 --> 00:28:39.000]  就是當我看詩篇131篇的時候
[00:28:39.000 --> 00:28:42.000]  我就會明白和上帝的那種結連
[00:28:42.000 --> 00:28:47.000]  不是坐在那裡要求上帝給我什麼
[00:28:47.000 --> 00:28:53.000]  就是坐在那裡看著天父的創造
[00:28:53.000 --> 00:28:59.000]  就好像在上帝的愛裡的那份擁抱
[00:28:59.000 --> 00:29:04.000]  我就會更加明白詩篇131篇所說的
[00:29:04.000 --> 00:29:06.000]  斷了賴的嬰孩
[00:29:06.000 --> 00:29:13.000]  在母親懷裡的那份滿足
[00:29:13.000 --> 00:29:16.000]  詩篇131篇開始的時候
[00:29:16.000 --> 00:29:20.000]  是一個個人向上帝的祈禱
[00:29:20.000 --> 00:29:23.000]  但到最後詩人在第三節
[00:29:23.000 --> 00:29:25.000]  是給眾人一個呼籲
[00:29:25.000 --> 00:29:28.000]  所以他說:以色列那你當仰望耶和華
[00:29:28.000 --> 00:29:33.000]  從今時直到永遠
[00:29:33.000 --> 00:29:35.000]  在猶太傳統的運用上
[00:29:35.000 --> 00:29:39.000]  所有的詩篇都是團體性的
[00:29:39.000 --> 00:29:42.000]  所以不單只是坐在下面去讀詩篇
[00:29:42.000 --> 00:29:44.000]  更加是讓群眾
[00:29:44.000 --> 00:29:46.000]  讓會眾一起來去誦讀
[00:29:46.000 --> 00:29:48.000]  一起來去唱
[00:29:48.000 --> 00:29:50.000]  一起來去宣告
[00:29:50.000 --> 00:29:52.000]  一起來去實踐
[00:29:52.000 --> 00:29:55.000]  所以這篇詩篇開始的時候
[00:29:55.000 --> 00:29:57.000]  是一個個人的祈禱
[00:29:57.000 --> 00:29:59.000]  但是到了第三節
[00:29:59.000 --> 00:30:02.000]  詩人就呼籲大家
[00:30:02.000 --> 00:30:04.000]  呼籲就是希望詩人
[00:30:04.000 --> 00:30:06.000]  希望透過自己的經歷
[00:30:06.000 --> 00:30:08.000]  去呼籲群眾來到
[00:30:08.000 --> 00:30:10.000]  一起去感受
[00:30:10.000 --> 00:30:12.000]  一起去分享
[00:30:12.000 --> 00:30:14.000]  並且去分享
[00:30:14.000 --> 00:30:16.000]  去明白得到
[00:30:16.000 --> 00:30:20.000]  他在神面前那份的認訊
[00:30:20.000 --> 00:30:25.000]  所以詩篇不是自私的擁有
[00:30:25.000 --> 00:30:28.000]  是一個共同
[00:30:28.000 --> 00:30:33.000]  一同來去反省和享有
[00:30:33.000 --> 00:30:35.000]  Eugene Peterson 在他一本書
[00:30:35.000 --> 00:30:38.000]  叫做《從實無私的禱告祭壇》
[00:30:38.000 --> 00:30:41.000]  他形容在詩底下面
[00:30:41.000 --> 00:30:44.000]  那個獨處的祈禱的重要性
[00:30:44.000 --> 00:30:46.000]  他說
[00:30:46.000 --> 00:30:49.000]  獨處是令我們更加深入去聆聽
[00:30:49.000 --> 00:30:51.000]  去關注
[00:30:51.000 --> 00:30:53.000]  更加明白
[00:30:53.000 --> 00:30:55.000]  神的心意
[00:30:55.000 --> 00:30:57.000]  獨處是暫時離開人群
[00:30:57.000 --> 00:31:00.000]  不是因為怕別人騷擾
[00:31:00.000 --> 00:31:03.000]  而是獨處令你更加集中
[00:31:03.000 --> 00:31:05.000]  去聆聽神的心意
[00:31:05.000 --> 00:31:07.000]  以致你更加明白
[00:31:07.000 --> 00:31:10.000]  不單止只是為了個人的修為
[00:31:10.000 --> 00:31:12.000]  而是在獨處裡面
[00:31:12.000 --> 00:31:14.000]  當你在神面前去祈禱
[00:31:14.000 --> 00:31:16.000]  去安靜
[00:31:16.000 --> 00:31:18.000]  去等候
[00:31:18.000 --> 00:31:20.000]  你再一次聽到神的聲音
[00:31:20.000 --> 00:31:22.000]  教導的時候
[00:31:22.000 --> 00:31:25.000]  你的禱告不單止是為自己
[00:31:25.000 --> 00:31:28.000]  你的禱告也是為其他人
[00:31:28.000 --> 00:31:31.000]  你的禱告也是為教會
[00:31:31.000 --> 00:31:35.000]  你的禱告同時間是為社會
[00:31:35.000 --> 00:31:37.000]  所以
[00:31:37.000 --> 00:31:41.000]  個人的祈禱不是個人的修煉
[00:31:41.000 --> 00:31:43.000]  而是一個
[00:31:43.000 --> 00:31:46.000]  在神面前的安靜
[00:31:46.000 --> 00:31:49.000]  等候和守望
[00:31:49.000 --> 00:31:55.000]  我相信Eugene Peterson在這本書裡面所描述的
[00:31:55.000 --> 00:31:58.000]  正好解釋了詩篇131篇
[00:31:58.000 --> 00:32:01.000]  第三節這段經文
[00:32:01.000 --> 00:32:03.000]  這篇經文
[00:32:03.000 --> 00:32:06.000]  這篇詩篇開始的時候是一個個人的心聲
[00:32:06.000 --> 00:32:08.000]  然後這個個人的心聲
[00:32:08.000 --> 00:32:12.000]  希望延展到每一個人
[00:32:12.000 --> 00:32:16.000]  所以
[00:32:16.000 --> 00:32:18.000]  如果我們將群體的祈禱
[00:32:18.000 --> 00:32:21.000]  讚美或者是哀歌
[00:32:21.000 --> 00:32:24.000]  作為只是個人尋找安慰
[00:32:24.000 --> 00:32:28.000]  我相信就違反了詩篇的精神
[00:32:28.000 --> 00:32:32.000]  在我們的祈禱裡面
[00:32:32.000 --> 00:32:36.000]  我們其實同時間去守護著其他人
[00:32:36.000 --> 00:32:38.000]  在我們的祈禱裡面
[00:32:38.000 --> 00:32:41.000]  我們用救我們脫離凶惡
[00:32:41.000 --> 00:32:44.000]  來為其他人去代求
[00:32:44.000 --> 00:32:47.000]  還有去扶持著其他人
[00:32:47.000 --> 00:32:48.000]  所以
[00:32:48.000 --> 00:32:51.000]  好像這篇詩篇向我們所展述的
[00:32:51.000 --> 00:32:55.000]  很多時候個人的祈禱由個人開始
[00:32:55.000 --> 00:32:58.000]  但是不是以個人作為終結
[00:32:58.000 --> 00:33:00.000]  而是以群體作為終結
[00:33:00.000 --> 00:33:01.000]  意思就是說
[00:33:01.000 --> 00:33:03.000]  當我們開始的時候可能為自己祈禱
[00:33:03.000 --> 00:33:06.000]  但是在我們在神面前去守候
[00:33:06.000 --> 00:33:08.000]  讓神的聲音
[00:33:08.000 --> 00:33:11.000]  讓神的感動淋到我們心裡面的時候
[00:33:11.000 --> 00:33:15.000]  可能我們會為更多人類去祈禱
[00:33:15.000 --> 00:33:18.000]  會為身邊有需要的人類去祈禱
[00:33:18.000 --> 00:33:21.000]  這個就是詩篇131篇
[00:33:21.000 --> 00:33:24.000]  為什麼開始的時候是個人
[00:33:24.000 --> 00:33:26.000]  而去到第三節
[00:33:26.000 --> 00:33:31.000]  使人再一次去呼籲每一個人
[00:33:31.000 --> 00:33:34.000]  來去明白這篇詩篇
[00:33:34.000 --> 00:33:42.000]  剛剛三個星期前的星期日凌晨
[00:33:42.000 --> 00:33:46.000]  我哥哥在一個交通意外裡面
[00:33:46.000 --> 00:33:48.000]  突然離世
[00:33:48.000 --> 00:33:52.000]  這段時間
[00:33:52.000 --> 00:33:54.000]  我很感謝大家弟兄姊妹
[00:33:54.000 --> 00:33:55.000]  知道的弟兄姊妹
[00:33:55.000 --> 00:33:58.000]  送上了很多慰問
[00:33:58.000 --> 00:34:00.000]  無論是透過電郵
[00:34:00.000 --> 00:34:02.000]  WhatsApp
[00:34:02.000 --> 00:34:04.000]  無論是你的擁抱
[00:34:04.000 --> 00:34:06.000]  輕輕拍我的肩膀
[00:34:06.000 --> 00:34:08.000]  一個眼神
[00:34:08.000 --> 00:34:10.000]  一個心意卡
[00:34:10.000 --> 00:34:12.000]  或者來打我一拳
[00:34:12.000 --> 00:34:16.000]  我感謝你們
[00:34:16.000 --> 00:34:17.000]  你們的支持
[00:34:17.000 --> 00:34:19.000]  你們的安慰
[00:34:19.000 --> 00:34:21.000]  幫助了我們
[00:34:21.000 --> 00:34:23.000]  哥哥安息禮拜
[00:34:23.000 --> 00:34:27.000]  今晚我們為他來舉行
[00:34:27.000 --> 00:34:29.000]  我們找了一個很小的地方
[00:34:29.000 --> 00:34:32.000]  自己的家人來舉行安息禮拜
[00:34:32.000 --> 00:34:36.000]  在這個經歷裡面
[00:34:36.000 --> 00:34:38.000]  我更加深深明白
[00:34:38.000 --> 00:34:43.000]  詩篇131篇第三節所講的訊息
[00:34:43.000 --> 00:34:49.000]  是因為你們私底下為我的祈禱
[00:34:49.000 --> 00:34:54.000]  你的安慰結連了我們
[00:34:54.000 --> 00:34:56.000]  是因為你的愛
[00:34:56.000 --> 00:34:59.000]  因為你在神面前為我的守望
[00:34:59.000 --> 00:35:01.000]  為我的支持
[00:35:01.000 --> 00:35:04.000]  你帶給我們很多的祝福
[00:35:04.000 --> 00:35:06.000]  很多的支持和安慰
[00:35:06.000 --> 00:35:11.000]  這豈不是詩篇131篇
[00:35:11.000 --> 00:35:15.000]  個人的祈禱延展到群體裡面嗎?
[00:35:15.000 --> 00:35:19.000]  這豈不是詩人所講的
[00:35:19.000 --> 00:35:23.000]  以色列你當仰望耶和華嗎?
[00:35:24.000 --> 00:35:28.000]  是因為你在神面前領受這份愛
[00:35:28.000 --> 00:35:33.000]  但是你的愛沒有停留在你自己個人那裡
[00:35:33.000 --> 00:35:35.000]  你將這份愛
[00:35:35.000 --> 00:35:37.000]  這份激勵
[00:35:37.000 --> 00:35:39.000]  這份安慰
[00:35:39.000 --> 00:35:42.000]  送給了我
[00:35:42.000 --> 00:35:45.000]  是因為神的愛
[00:35:45.000 --> 00:35:49.000]  將我們再一次結連起來
[00:35:52.000 --> 00:35:54.000]  施布真曾經說
[00:35:54.000 --> 00:35:58.000]  這篇詩篇是其中最短的一篇
[00:35:58.000 --> 00:36:03.000]  但是它是我們需要用最長的時間去學習的一篇
[00:36:03.000 --> 00:36:08.000]  他說:One of the shortest psalms to read
[00:36:08.000 --> 00:36:11.000]  but one of the longest to learn
[00:36:11.000 --> 00:36:14.000]  我很贊成施布真所講的
[00:36:14.000 --> 00:36:18.000]  詩人短短三句的說話
[00:36:19.000 --> 00:36:25.000]  足夠我們一生去思考、去體會、去實踐
[00:36:25.000 --> 00:36:28.000]  特別是在我們急促、忙碌
[00:36:28.000 --> 00:36:32.000]  令我們喘不過氣的生活節奏裡面
[00:36:32.000 --> 00:36:37.000]  我們真的要好好用一生的時間去學習
[00:36:37.000 --> 00:36:42.000]  並且實踐什麼是心如止水
[00:36:42.000 --> 00:36:45.000]  謙卑順求
[00:36:45.000 --> 00:36:48.000]  我們一起同心同意
[00:36:50.000 --> 00:36:53.000]  菩薩我們感謝您
[00:36:53.000 --> 00:36:57.000]  因著施人的提醒
[00:36:57.000 --> 00:37:00.000]  縱然是一個王
[00:37:00.000 --> 00:37:07.000]  他都能夠在您面前謙卑承認自己的罪
[00:37:07.000 --> 00:37:13.000]  能夠敞開自己坦然地向您迎信
[00:37:13.000 --> 00:37:15.000]  主也願意我們學習
[00:37:15.000 --> 00:37:18.000]  施人常常檢視自己生命
[00:37:18.000 --> 00:37:22.000]  並且向神裡應信
[00:37:22.000 --> 00:37:25.000]  願意我們和您的關係
[00:37:25.000 --> 00:37:30.000]  不只是滿足於您供應我們所需
[00:37:30.000 --> 00:37:32.000]  我們所要的不是綠油油
[00:37:32.000 --> 00:37:35.000]  一望無際的青草地
[00:37:35.000 --> 00:37:39.000]  我們是需要您適時的供應
[00:37:39.000 --> 00:37:42.000]  Just enough
[00:37:42.000 --> 00:37:46.000]  我們要學習這個信靠
[00:37:46.000 --> 00:37:51.000]  我們更願意我們心所想所求的
[00:37:51.000 --> 00:37:56.000]  讓我們身邊的人都能夠去領受得到
[00:37:56.000 --> 00:38:00.000]  分享得到和體會得到
[00:38:00.000 --> 00:38:04.000]  以上禱告奉主耶穌基督的聖名祈求
[00:38:04.000 --> 00:38:05.000]  阿門
