
[00:00:00.000 --> 00:00:04.140]  今日的信息是叫做末世的國族
[00:00:04.140 --> 00:00:07.580]  我們知道中文的成語都有說
[00:00:07.580 --> 00:00:10.440]  國族中原
[00:00:10.440 --> 00:00:13.640]  國族這個字就是爭鬥的意思
[00:00:13.640 --> 00:00:16.500]  但是和聖經的教導是很相似的
[00:00:16.500 --> 00:00:20.720]  聖經裏面說動物的國是它的力量
[00:00:20.720 --> 00:00:25.940]  所以我們見到末世是用國來代表不同的國家
[00:00:26.100 --> 00:00:31.120]  末世的國族就是代表末世有很多的爭鬥
[00:00:31.120 --> 00:00:36.340]  上次和大家講《謹古常載者》
[00:00:36.340 --> 00:00:38.820]  我們是介紹神自己
[00:00:38.820 --> 00:00:40.980]  就是那位自由永久的神
[00:00:40.980 --> 00:00:43.320]  今天剛剛相反
[00:00:43.320 --> 00:00:46.440]  今天要和大家講的是狄基督
[00:00:46.440 --> 00:00:49.820]  是撒旦的化身
[00:00:49.820 --> 00:00:55.400]  如果我和大家講說末世
[00:00:55.400 --> 00:00:57.980]  相信有很多人會彎着頭
[00:00:57.980 --> 00:01:00.400]  末世和我有什麼關係
[00:01:00.400 --> 00:01:03.980]  說到耶穌基督再次來臨
[00:01:03.980 --> 00:01:06.220]  有很多人好像提不起勁
[00:01:06.220 --> 00:01:08.420]  好像覺得不是很重要一樣
[00:01:08.420 --> 00:01:11.760]  但是其實在聖經裏面
[00:01:11.760 --> 00:01:14.620]  末世是一個很重要的信息
[00:01:14.620 --> 00:01:17.760]  我們首先看看聖經裏面
[00:01:17.760 --> 00:01:20.260]  講語言的經文是有多少
[00:01:20.260 --> 00:01:23.960]  差不多全部經文的四分之一
[00:01:23.960 --> 00:01:27.580]  全部聖經的四分之一是講語言
[00:01:27.580 --> 00:01:33.360]  在舊約有23145節的經文
[00:01:33.360 --> 00:01:37.740]  有6642節是講到語言
[00:01:37.740 --> 00:01:42.500]  在新約有7957節的經文
[00:01:42.500 --> 00:01:47.080]  有1711節的經文是講到語言
[00:01:47.080 --> 00:01:49.180]  也就是說在舊約
[00:01:49.180 --> 00:01:53.980]  每三節的經文就差不多有一節是講語言
[00:01:53.980 --> 00:01:58.700]  在新約每五節的經文就有一節是講語言
[00:01:58.700 --> 00:02:02.120]  你將新舊約加在一起的話
[00:02:02.120 --> 00:02:06.920]  差不多全部聖經四分之一就是講語言
[00:02:06.920 --> 00:02:11.280]  而語言當中又有三分之一
[00:02:11.280 --> 00:02:14.840]  是講到耶穌基督的第二次來臨
[00:02:14.840 --> 00:02:17.400]  差不多十分之一
[00:02:17.400 --> 00:02:18.740]  很厲害
[00:02:20.180 --> 00:02:23.640]  如果我們不看篇幅 看次數的話
[00:02:23.640 --> 00:02:27.960]  在聖經裏面有講到耶穌基督的語言有很多
[00:02:27.960 --> 00:02:31.260]  有講到祂第一次來臨的語言
[00:02:31.260 --> 00:02:34.880]  在舊約是提了355次
[00:02:34.880 --> 00:02:38.320]  而講到祂第二次來臨的語言
[00:02:38.320 --> 00:02:40.760]  就有1527次
[00:02:40.760 --> 00:02:43.960]  也就是說是祂第一次來臨的五倍
[00:02:43.960 --> 00:02:49.000]  在新約有109次講到祂第一次來臨
[00:02:49.000 --> 00:02:53.480]  說到第二次是有224次
[00:02:53.480 --> 00:02:56.460]  也就是說每一次講祂第一次的來臨
[00:02:56.460 --> 00:02:59.200]  就有兩次講祂第二次的來臨
[00:02:59.200 --> 00:03:03.120]  每24節新約的經文
[00:03:03.120 --> 00:03:07.000]  差不多就有一節是講到耶穌基督第二次的來臨
[00:03:07.000 --> 00:03:09.920]  而如果我們講篇幅的話
[00:03:09.920 --> 00:03:13.080]  每一次講到耶穌基督第一次的來臨
[00:03:13.080 --> 00:03:17.080]  就有八倍的經文是講祂第二次的來臨
[00:03:19.160 --> 00:03:23.240]  耶穌基督第二次的來臨的信息其實是非常非常重要
[00:03:23.240 --> 00:03:27.120]  我們知道聖經裏面時時和我們講信心
[00:03:27.120 --> 00:03:29.680]  有很多講信心的經文
[00:03:29.680 --> 00:03:32.120]  除了信心以外
[00:03:32.120 --> 00:03:37.200]  最多提及的就是耶穌基督第二次來臨的經文
[00:03:37.200 --> 00:03:44.680]  而每當有一次講到耶穌基督的救贖
[00:03:44.680 --> 00:03:48.480]  就有兩次是講到耶穌基督第二次來臨
[00:03:49.320 --> 00:03:52.320]  全部九位新約的作者
[00:03:52.320 --> 00:03:56.200]  在這裏27部新約的書信
[00:03:56.200 --> 00:04:00.440]  居然有23部提到祂第二次的來臨
[00:04:00.440 --> 00:04:06.560]  耶穌基督自己21次提到祂會再來世上
[00:04:06.560 --> 00:04:14.840]  而在聖經裏面有超過50次提醒我們的信徒
[00:04:14.840 --> 00:04:20.160]  是要警醒因爲耶穌基督隨時都會回來這個世上
[00:04:20.160 --> 00:04:27.280]  今天要和大家繼續講的是《但爾利書》第七章
[00:04:27.280 --> 00:04:30.200]  《但爾利書》第七章有一樣很有趣的
[00:04:30.200 --> 00:04:34.240]  就是每一次有重要的事情發生的時候
[00:04:34.240 --> 00:04:37.840]  都會有一個相同的開場白
[00:04:37.840 --> 00:04:40.000]  這個開場白是什麼
[00:04:40.000 --> 00:04:44.840]  就是「但爾利華,我在夜間看見異象」
[00:04:44.840 --> 00:04:47.320]  在這七章二節出現過
[00:04:47.320 --> 00:04:52.520]  是講前面四個國家的頭三個國家
[00:04:52.520 --> 00:04:54.680]  在這七章七節又出現
[00:04:54.680 --> 00:04:57.120]  是講第四個國家
[00:04:57.120 --> 00:04:58.480]  即是羅馬
[00:04:58.480 --> 00:05:01.440]  在這七章十三節又繼續出現
[00:05:01.440 --> 00:05:04.200]  是講到耶穌基督的國家
[00:05:04.200 --> 00:05:08.320]  每逢重要的都有同一樣的開場白
[00:05:08.320 --> 00:05:11.360]  七章二節是講到三個國家
[00:05:11.360 --> 00:05:13.640]  獅子是代表巴比倫
[00:05:13.640 --> 00:05:16.880]  紅隱是代表馬來波斯
[00:05:16.880 --> 00:05:20.160]  還有豹是代表希臘
[00:05:20.160 --> 00:05:24.480]  爲什麼講到第四個國家又重新有個開場白出來
[00:05:24.480 --> 00:05:26.560]  因爲第四個國家很重要
[00:05:26.560 --> 00:05:29.200]  和前面三個國家是完全不同
[00:05:29.200 --> 00:05:33.880]  但爾利是想不到有一個動物可以代表第四個國家
[00:05:33.880 --> 00:05:39.480]  他說只不過是一個十個國的國家
[00:05:39.480 --> 00:05:43.360]  而它不能夠講出一個是什麼動物
[00:05:43.360 --> 00:05:45.520]  這個就是羅馬
[00:05:45.520 --> 00:05:47.680]  我們也講過
[00:05:47.680 --> 00:05:49.880]  這個獸是非常強壯
[00:05:49.880 --> 00:05:51.400]  它是有力量
[00:05:51.400 --> 00:05:52.360]  有鐵牙
[00:05:52.360 --> 00:05:53.200]  可以咀嚼
[00:05:53.200 --> 00:05:54.560]  可以吞喫
[00:05:54.560 --> 00:05:58.640]  喫不完的它還要踩在腳上踩踏
[00:05:58.640 --> 00:06:01.440]  我們講到羅馬帝國是非常殘忍
[00:06:01.440 --> 00:06:03.200]  非常兇惡
[00:06:03.200 --> 00:06:08.320]  記不記得我說是羅馬帝國發明十字架
[00:06:08.320 --> 00:06:13.440]  是羅馬帝國將耶穌基督釘死在十字架上
[00:06:13.440 --> 00:06:16.400]  是羅馬帝國將差不多所有的門徒
[00:06:16.400 --> 00:06:20.800]  除了約翰全部處死
[00:06:20.800 --> 00:06:23.040]  在這裏
[00:06:23.040 --> 00:06:24.800]  但爾利書七章七節
[00:06:24.800 --> 00:06:28.040]  我們講到這個獸代表羅馬
[00:06:28.040 --> 00:06:31.480]  它是有十個國
[00:06:31.480 --> 00:06:33.880]  我們剛纔講到聖經裏
[00:06:33.880 --> 00:06:36.480]  動物的國是代表它的力量
[00:06:36.480 --> 00:06:39.560]  十個國是代表十個國家的力量
[00:06:39.560 --> 00:06:41.600]  有十個王
[00:06:41.600 --> 00:06:43.920]  這十個國家
[00:06:43.920 --> 00:06:46.240]  是由羅馬帝國而出
[00:06:46.240 --> 00:06:49.600]  我們說羅馬帝國好像滅亡了
[00:06:49.600 --> 00:06:51.120]  但始終沒有滅亡
[00:06:51.120 --> 00:06:52.760]  只不過瓦解了
[00:06:52.760 --> 00:06:55.400]  分了東羅馬和西羅馬
[00:06:55.400 --> 00:06:58.720]  東羅馬變成了中東很多個國家
[00:06:58.720 --> 00:07:03.040]  西羅馬變成了西歐很多個國家
[00:07:03.040 --> 00:07:05.320]  在這裏七章八節
[00:07:05.320 --> 00:07:08.640]  但爾利說我靜觀看這些國
[00:07:08.640 --> 00:07:11.200]  見其中又長起一個國
[00:07:11.200 --> 00:07:15.840]  在十個國當中又生多一個小國出來
[00:07:15.840 --> 00:07:18.480]  在這裏但爾利書七章二十四節有解釋
[00:07:18.480 --> 00:07:21.000]  這個小國是代表什麼
[00:07:21.000 --> 00:07:24.320]  說又有一王興起
[00:07:24.320 --> 00:07:29.960]  所以在十個國當中又有多一個王興起了
[00:07:29.960 --> 00:07:32.760]  這個就是我們今天的主角
[00:07:32.760 --> 00:07:34.960]  狄基督
[00:07:34.960 --> 00:07:37.680]  在這裏但爾利書七章八節
[00:07:37.680 --> 00:07:41.120]  說先前有十個國家
[00:07:41.120 --> 00:07:42.760]  十個國來代表
[00:07:42.760 --> 00:07:48.560]  有三個國被狄基督連根拔起
[00:07:48.560 --> 00:07:50.760]  在這裏但爾利書七章二十四節
[00:07:50.760 --> 00:07:57.520]  說狄基督是制服了十個國其中的三個國
[00:07:57.520 --> 00:08:00.400]  很明顯這個小國狄基督
[00:08:00.400 --> 00:08:04.920]  是由十個羅馬帝國
[00:08:04.920 --> 00:08:08.520]  所出來的十個國裏面出來的
[00:08:08.520 --> 00:08:13.480]  所以他很可能是由西歐和中東的地方出來的
[00:08:13.480 --> 00:08:14.920]  這個狄基督
[00:08:14.920 --> 00:08:17.720]  頭頭他很小是微不足道
[00:08:17.720 --> 00:08:20.200]  聖經說是一個小國
[00:08:20.200 --> 00:08:22.720]  但慢慢他很快升級
[00:08:22.720 --> 00:08:28.120]  他是制服了其中十個國當中的三個國
[00:08:28.120 --> 00:08:32.240]  七章八節還說他講誇大的說話
[00:08:32.240 --> 00:08:36.840]  他向至高者講誇大的說話
[00:08:36.840 --> 00:08:39.360]  甚至折磨至高者的聖民
[00:08:39.360 --> 00:08:43.000]  即以色列人有三年半的時間
[00:08:43.000 --> 00:08:45.280]  要改變他們的節旗
[00:08:45.280 --> 00:08:48.080]  要改變他們的律法
[00:08:48.080 --> 00:08:50.120]  他制服了三個國
[00:08:50.120 --> 00:08:53.120]  然後聯合了其他三個國
[00:08:53.120 --> 00:08:56.000]  成爲他自己的國度
[00:08:56.000 --> 00:08:59.080]  這個啓示錄十三章
[00:08:59.080 --> 00:09:01.800]  其實是有講得很清楚
[00:09:01.800 --> 00:09:04.000]  我們知道啓示錄和但爾利書
[00:09:04.000 --> 00:09:07.160]  都是兩部講將來預言的書
[00:09:07.160 --> 00:09:08.720]  在這十三章
[00:09:08.720 --> 00:09:11.160]  啓示錄講得很清楚
[00:09:11.160 --> 00:09:12.440]  使徒約翰
[00:09:12.440 --> 00:09:16.760]  他說我有看見一個獸從海中上來
[00:09:16.760 --> 00:09:18.760]  有十個七頭
[00:09:18.760 --> 00:09:21.200]  在十國上戴着十個冠冕
[00:09:21.200 --> 00:09:24.200]  七頭上有舌族的名號
[00:09:24.200 --> 00:09:27.080]  一講到這個獸從海中上來
[00:09:27.080 --> 00:09:30.040]  我們就想起但爾利書七章所講
[00:09:30.040 --> 00:09:33.000]  那四隻獸都是海中出來的
[00:09:33.000 --> 00:09:35.000]  所以我們知道
[00:09:35.000 --> 00:09:37.560]  使徒約翰所見到的
[00:09:37.560 --> 00:09:39.560]  也是一個國家
[00:09:39.560 --> 00:09:43.040]  是撒旦是敵基督的國家
[00:09:43.040 --> 00:09:45.400]  我們見到有七頭十國
[00:09:45.400 --> 00:09:49.400]  七頭十國應該和我們很熟悉
[00:09:49.400 --> 00:09:51.160]  剛纔講
[00:09:51.160 --> 00:09:54.720]  敵基督是滅了其中三個國
[00:09:54.720 --> 00:09:57.120]  本來有十個國有十個王
[00:09:57.120 --> 00:10:00.280]  他滅了三個國之後變成七個國
[00:10:00.280 --> 00:10:03.320]  但仍然還是有十個皇帝
[00:10:03.320 --> 00:10:06.760]  在啓示錄十三章一節我們見到
[00:10:06.760 --> 00:10:08.880]  十個國是帶着十個冠冕
[00:10:08.880 --> 00:10:11.360]  所以有十個王的存在
[00:10:11.360 --> 00:10:13.360]  只不過是有七個國家
[00:10:16.320 --> 00:10:20.720]  我們見到這七個頭是講蠍族的話
[00:10:20.720 --> 00:10:22.720]  他們不是神的國家
[00:10:22.720 --> 00:10:25.280]  他們是服從撒旦
[00:10:25.280 --> 00:10:27.280]  是講蠍族的話
[00:10:27.280 --> 00:10:29.280]  接着
[00:10:29.280 --> 00:10:31.280]  第二節又講得很有趣
[00:10:31.280 --> 00:10:36.200]  這隻獸是有炮的形狀
[00:10:36.200 --> 00:10:38.200]  是有紅隱的腳
[00:10:38.200 --> 00:10:40.200]  是有獅子的口
[00:10:40.200 --> 00:10:42.920]  獅子、紅隱和炮
[00:10:42.920 --> 00:10:44.920]  又是對我們很熟悉的
[00:10:44.920 --> 00:10:47.640]  但以你先知所講
[00:10:47.640 --> 00:10:49.640]  頭三個國是一模一樣的
[00:10:49.640 --> 00:10:52.920]  獅子的口很厲害
[00:10:52.920 --> 00:10:54.920]  千萬不要讓獅子咬你一口
[00:10:54.920 --> 00:10:56.520]  不行的
[00:10:56.520 --> 00:10:58.520]  牙很厲害
[00:10:58.520 --> 00:11:00.520]  紅隱厲害在哪裏
[00:11:00.520 --> 00:11:02.520]  他的腳他的爪
[00:11:02.520 --> 00:11:04.520]  他的爪很長的
[00:11:04.520 --> 00:11:06.520]  好像刀劍一樣鋒利
[00:11:06.520 --> 00:11:09.600]  炮是什麼
[00:11:09.600 --> 00:11:11.600]  厲害的地方是他的形狀
[00:11:11.600 --> 00:11:13.600]  這件事有沒有想過
[00:11:13.600 --> 00:11:17.000]  炮的厲害的地方是他的速度
[00:11:17.000 --> 00:11:19.560]  他的速度爲什麼會有這麼迅速
[00:11:19.560 --> 00:11:22.160]  是他的形狀流線形
[00:11:22.160 --> 00:11:24.160]  streamline
[00:11:24.160 --> 00:11:27.040]  所以炮的形狀
[00:11:27.040 --> 00:11:29.040]  紅隱的腳獅子的口
[00:11:29.040 --> 00:11:33.280]  包括所有前面國家所厲害的力量
[00:11:33.280 --> 00:11:35.280]  最厲害的力量
[00:11:35.280 --> 00:11:37.280]  在狄基督的國家裏
[00:11:37.280 --> 00:11:39.280]  那你說
[00:11:39.280 --> 00:11:41.280]  羅馬帝國爲什麼沒有講
[00:11:41.280 --> 00:11:43.280]  第四個國
[00:11:43.280 --> 00:11:45.280]  你還記不記得
[00:11:45.280 --> 00:11:47.280]  那七個頭十個國
[00:11:47.280 --> 00:11:49.280]  就是從羅馬帝國出來
[00:11:49.280 --> 00:11:51.280]  所以已經是包括在
[00:11:51.280 --> 00:11:53.280]  撒旦狄基督的國家裏
[00:11:53.280 --> 00:11:55.280]  接着經文很有趣
[00:11:55.280 --> 00:11:57.280]  說龍將自己的能力
[00:11:57.280 --> 00:11:59.280]  座位和大權
[00:11:59.280 --> 00:12:01.280]  給了狄基督
[00:12:01.280 --> 00:12:03.280]  你聽起來
[00:12:03.280 --> 00:12:05.280]  又好像熟口熟面
[00:12:05.280 --> 00:12:07.280]  我們知道富
[00:12:07.280 --> 00:12:09.280]  是將什麼
[00:12:09.280 --> 00:12:11.280]  將國度權並榮耀
[00:12:11.280 --> 00:12:13.280]  給了誰
[00:12:13.280 --> 00:12:15.280]  給了耶穌基督
[00:12:15.280 --> 00:12:17.280]  撒旦將他的能力
[00:12:17.280 --> 00:12:19.280]  座位大權
[00:12:19.280 --> 00:12:21.280]  給了狄基督
[00:12:21.280 --> 00:12:23.280]  好像在抄耶穌基督
[00:12:23.280 --> 00:12:25.280]  耶穌基督有什麼他就有什麼
[00:12:25.280 --> 00:12:27.280]  其實
[00:12:27.280 --> 00:12:29.280]  耶穌基督
[00:12:29.280 --> 00:12:31.280]  是神變爲人
[00:12:31.280 --> 00:12:33.280]  狄基督
[00:12:33.280 --> 00:12:35.280]  是撒旦變爲人
[00:12:35.280 --> 00:12:37.280]  是撒旦的化身
[00:12:37.280 --> 00:12:39.280]  接着經文說
[00:12:39.280 --> 00:12:41.280]  使徒約翰
[00:12:41.280 --> 00:12:43.280]  說我看見獸的七頭
[00:12:43.280 --> 00:12:45.280]  中有一個似乎
[00:12:45.280 --> 00:12:47.280]  受了死傷
[00:12:47.280 --> 00:12:49.280]  那死傷卻醫好了
[00:12:49.280 --> 00:12:51.280]  全地的人都稀奇
[00:12:51.280 --> 00:12:53.280]  跟從那獸
[00:12:53.280 --> 00:12:55.280]  我們說頭是代表國
[00:12:55.280 --> 00:12:57.280]  國是滅亡了
[00:12:57.280 --> 00:12:59.280]  又好像翻山一樣
[00:12:59.280 --> 00:13:01.280]  復興了
[00:13:01.280 --> 00:13:03.280]  有沒有像最後的羅馬帝國
[00:13:03.280 --> 00:13:05.280]  現在羅馬帝國在哪
[00:13:05.280 --> 00:13:07.280]  有很多人說滅亡了
[00:13:07.280 --> 00:13:09.280]  不是沒有滅亡
[00:13:09.280 --> 00:13:11.280]  好像滅亡
[00:13:11.280 --> 00:13:13.280]  但將來會復興
[00:13:13.280 --> 00:13:15.280]  好像有些
[00:13:15.280 --> 00:13:17.280]  這樣的意表
[00:13:17.280 --> 00:13:19.280]  但如果我們再看其他
[00:13:19.280 --> 00:13:21.280]  經文我們知道有一個更深的
[00:13:21.280 --> 00:13:23.280]  意思在裏面
[00:13:23.280 --> 00:13:25.280]  在啓示63章12節
[00:13:25.280 --> 00:13:27.280]  叫地和住在地上
[00:13:27.280 --> 00:13:29.280]  的人拜那死傷
[00:13:29.280 --> 00:13:31.280]  醫好的獸
[00:13:31.280 --> 00:13:33.280]  那個獸是狄基督
[00:13:33.280 --> 00:13:35.280]  好像傷了好像死了
[00:13:35.280 --> 00:13:37.280]  但又沒有死
[00:13:37.280 --> 00:13:39.280]  醫好
[00:13:39.280 --> 00:13:41.280]  接着在啓示63章14節
[00:13:41.280 --> 00:13:43.280]  又說要吸那
[00:13:43.280 --> 00:13:45.280]  受傷還活着的獸
[00:13:45.280 --> 00:13:47.280]  作個像
[00:13:47.280 --> 00:13:49.280]  傷了
[00:13:49.280 --> 00:13:51.280]  又好了
[00:13:51.280 --> 00:13:53.280]  好像死了
[00:13:53.280 --> 00:13:55.280]  要幫他做個像
[00:13:55.280 --> 00:13:57.280]  好像假的死了一樣
[00:13:57.280 --> 00:13:59.280]  又翻山
[00:13:59.280 --> 00:14:01.280]  那些人見到就個個都信了
[00:14:01.280 --> 00:14:03.280]  個個都去伏他
[00:14:03.280 --> 00:14:05.280]  去敬拜他
[00:14:05.280 --> 00:14:07.280]  所以要做個像來給人敬拜
[00:14:07.280 --> 00:14:09.280]  在啓示67章
[00:14:09.280 --> 00:14:11.280]  8節和11節又說
[00:14:11.280 --> 00:14:13.280]  狄基督是先前有
[00:14:13.280 --> 00:14:15.280]  如今沒有
[00:14:15.280 --> 00:14:17.280]  以後再有的獸
[00:14:17.280 --> 00:14:19.280]  先前有
[00:14:19.280 --> 00:14:21.280]  是有的
[00:14:21.280 --> 00:14:23.280]  現在沒有了
[00:14:23.280 --> 00:14:25.280]  死了
[00:14:25.280 --> 00:14:27.280]  後來又有出現了
[00:14:27.280 --> 00:14:29.280]  這個就是復活
[00:14:29.280 --> 00:14:31.280]  又搞復活
[00:14:31.280 --> 00:14:33.280]  這是掩眼法
[00:14:33.280 --> 00:14:35.280]  我們知道狄基督不能復活
[00:14:35.280 --> 00:14:37.280]  只有神有使人復活的能力
[00:14:37.280 --> 00:14:39.280]  所以這是掩眼法
[00:14:39.280 --> 00:14:41.280]  但當他復活的時候
[00:14:41.280 --> 00:14:43.280]  人們就敬拜他跟隨他
[00:14:43.280 --> 00:14:45.280]  又一次被我們見到
[00:14:45.280 --> 00:14:47.280]  又是抄耶穌基督
[00:14:47.280 --> 00:14:49.280]  耶穌基督
[00:14:49.280 --> 00:14:51.280]  爲我們的罪
[00:14:51.280 --> 00:14:53.280]  而在十誡上死
[00:14:53.280 --> 00:14:55.280]  復活
[00:14:55.280 --> 00:14:57.280]  得到我們的擁戴
[00:14:57.280 --> 00:14:59.280]  得到我們的敬拜
[00:14:59.280 --> 00:15:01.280]  我又要搞復活
[00:15:01.280 --> 00:15:03.280]  掩眼法
[00:15:03.280 --> 00:15:05.280]  當他復活的時候的確有很多人
[00:15:05.280 --> 00:15:07.280]  跟隨他
[00:15:07.280 --> 00:15:09.280]  在啓示6
[00:15:09.280 --> 00:15:11.280]  13章4至5節
[00:15:11.280 --> 00:15:13.280]  說龍也就是撒旦
[00:15:13.280 --> 00:15:15.280]  將權柄交給獸
[00:15:15.280 --> 00:15:17.280]  誰能給獸
[00:15:17.280 --> 00:15:19.280]  誰能與他交戰
[00:15:19.280 --> 00:15:21.280]  又賜給他說誇大
[00:15:21.280 --> 00:15:23.280]  說俗話的口
[00:15:23.280 --> 00:15:25.280]  又有權柄賜給他可以任意
[00:15:25.280 --> 00:15:27.280]  而行42個月
[00:15:27.280 --> 00:15:29.280]  42個月?
[00:15:29.280 --> 00:15:31.280]  是一段什麼時間
[00:15:31.280 --> 00:15:33.280]  42個月
[00:15:33.280 --> 00:15:35.280]  在聖經裏面說得很清楚
[00:15:35.280 --> 00:15:37.280]  有關42個月
[00:15:37.280 --> 00:15:39.280]  聖經裏面說
[00:15:39.280 --> 00:15:41.280]  末世是有七年的大災難
[00:15:41.280 --> 00:15:43.280]  而最後的三年半
[00:15:43.280 --> 00:15:45.280]  是最難捱
[00:15:45.280 --> 00:15:47.280]  是最大的逼迫
[00:15:47.280 --> 00:15:49.280]  敵基督是逼迫聖徒
[00:15:49.280 --> 00:15:51.280]  在這三年半
[00:15:51.280 --> 00:15:53.280]  聖經裏面說得很清楚
[00:15:53.280 --> 00:15:55.280]  好像今天誕爾利書7章25節
[00:15:55.280 --> 00:15:57.280]  還有9章27
[00:15:57.280 --> 00:15:59.280]  12章7節
[00:15:59.280 --> 00:16:01.280]  還有啓示錄12章14節
[00:16:01.280 --> 00:16:03.280]  都說到一載
[00:16:03.280 --> 00:16:05.280]  二載,半載
[00:16:05.280 --> 00:16:07.280]  一載是什麼
[00:16:07.280 --> 00:16:09.280]  剛纔Larry的版本已經翻譯了一年
[00:16:09.280 --> 00:16:11.280]  一年,兩年
[00:16:11.280 --> 00:16:13.280]  一年加兩年就是三年
[00:16:13.280 --> 00:16:15.280]  三年再加半年
[00:16:15.280 --> 00:16:17.280]  是多久
[00:16:17.280 --> 00:16:19.280]  三年半
[00:16:19.280 --> 00:16:21.280]  剛好是七年的最後的三年半
[00:16:21.280 --> 00:16:23.280]  是最難捱
[00:16:23.280 --> 00:16:25.280]  聖經有說到
[00:16:25.280 --> 00:16:27.280]  是有42個月
[00:16:27.280 --> 00:16:29.280]  就是剛纔啓示錄13章5節
[00:16:29.280 --> 00:16:31.280]  和啓示錄11章2節
[00:16:31.280 --> 00:16:33.280]  42個月是多久
[00:16:33.280 --> 00:16:35.280]  我們知道
[00:16:35.280 --> 00:16:37.280]  一年是12個月
[00:16:37.280 --> 00:16:39.280]  三年就是36個月
[00:16:39.280 --> 00:16:41.280]  42-36
[00:16:41.280 --> 00:16:43.280]  還剩下6個月
[00:16:43.280 --> 00:16:45.280]  3年6個月是多久
[00:16:45.280 --> 00:16:47.280]  又是三年半
[00:16:47.280 --> 00:16:49.280]  又有
[00:16:49.280 --> 00:16:51.280]  經文誕爾利書12章6節
[00:16:51.280 --> 00:16:53.280]  啓示錄13章3節
[00:16:53.280 --> 00:16:55.280]  有說到
[00:16:55.280 --> 00:16:57.280]  1260日的大災難
[00:16:57.280 --> 00:16:59.280]  我們知道
[00:16:59.280 --> 00:17:01.280]  猶太人的日曆
[00:17:01.280 --> 00:17:03.280]  一年是360日
[00:17:03.280 --> 00:17:05.280]  你說不是365日嗎
[00:17:05.280 --> 00:17:07.280]  一年
[00:17:07.280 --> 00:17:09.280]  猶太人是用陰曆的
[00:17:09.280 --> 00:17:11.280]  好像中國人那樣
[00:17:11.280 --> 00:17:13.280]  用陰曆
[00:17:13.280 --> 00:17:15.280]  一個月是30日
[00:17:15.280 --> 00:17:17.280]  12個月就是360日
[00:17:17.280 --> 00:17:19.280]  所以他們每隔幾年就要有一個院月
[00:17:19.280 --> 00:17:21.280]  好像我們中國人一模一樣
[00:17:21.280 --> 00:17:23.280]  不然時間就搞不定
[00:17:23.280 --> 00:17:25.280]  你試一下
[00:17:25.280 --> 00:17:27.280]  將1260日除360
[00:17:27.280 --> 00:17:29.280]  又出現
[00:17:29.280 --> 00:17:31.280]  是三年零六個月
[00:17:31.280 --> 00:17:33.280]  將來
[00:17:33.280 --> 00:17:35.280]  過幾個禮拜會和大家說
[00:17:35.280 --> 00:17:37.280]  誕爾利書9章27節
[00:17:37.280 --> 00:17:39.280]  有77個語言
[00:17:39.280 --> 00:17:41.280]  是非常準確
[00:17:41.280 --> 00:17:43.280]  說到有7年的大災難
[00:17:43.280 --> 00:17:45.280]  三年半的後三年半
[00:17:45.280 --> 00:17:47.280]  非常難熬
[00:17:47.280 --> 00:17:49.280]  有很多歷史學家
[00:17:49.280 --> 00:17:51.280]  有很多解經家
[00:17:51.280 --> 00:17:53.280]  神學家都說
[00:17:53.280 --> 00:17:55.280]  這個不是真真正正的7年
[00:17:55.280 --> 00:17:57.280]  只不過7是代表完美的數字
[00:17:57.280 --> 00:17:59.280]  所以說有一個完全的大災難要來
[00:17:59.280 --> 00:18:01.280]  所以說有一個完全的大災難要來
[00:18:01.280 --> 00:18:03.280]  所以說有一個完全的大災難要來
[00:18:03.280 --> 00:18:05.280]  但如果這個是象徵式的話
[00:18:05.280 --> 00:18:07.280]  爲何神要說42個月
[00:18:07.280 --> 00:18:09.280]  爲何神要說1260日
[00:18:09.280 --> 00:18:11.280]  爲何神要說1260日
[00:18:11.280 --> 00:18:13.280]  我絕對相信
[00:18:13.280 --> 00:18:15.280]  這是一個真真正正的7年
[00:18:15.280 --> 00:18:17.280]  真真正正的7年
[00:18:17.280 --> 00:18:19.280]  而最後的三年半
[00:18:19.280 --> 00:18:21.280]  是非常難熬
[00:18:21.280 --> 00:18:23.280]  非常大的逼迫
[00:18:23.280 --> 00:18:25.280]  神學家
[00:18:25.280 --> 00:18:27.280]  很多神學家都在想
[00:18:27.280 --> 00:18:29.280]  究竟狄基督是怎樣
[00:18:29.280 --> 00:18:31.280]  究竟狄基督是怎樣
[00:18:31.280 --> 00:18:33.280]  有很多人都會說
[00:18:33.280 --> 00:18:35.280]  歷史當中有很多人是狄基督
[00:18:35.280 --> 00:18:37.280]  歷史當中有很多人是狄基督
[00:18:37.280 --> 00:18:39.280]  其實最出名的狄基督
[00:18:39.280 --> 00:18:41.280]  其實最出名的狄基督
[00:18:41.280 --> 00:18:43.280]  有關狄基督的
[00:18:43.280 --> 00:18:45.280]  就是666
[00:18:45.280 --> 00:18:47.280]  不知道大家知不知道
[00:18:47.280 --> 00:18:49.280]  第十三章第八節
[00:18:49.280 --> 00:18:51.280]  講到狄基督的號碼
[00:18:51.280 --> 00:18:53.280]  就是3個6
[00:18:53.280 --> 00:18:55.280]  爲何會3個6
[00:18:55.280 --> 00:18:57.280]  6是人的數字
[00:18:57.280 --> 00:18:59.280]  在聖經裏面
[00:18:59.280 --> 00:19:01.280]  7是神的數字
[00:19:01.280 --> 00:19:03.280]  6是永遠去不到7
[00:19:03.280 --> 00:19:05.280]  所以
[00:19:05.280 --> 00:19:07.280]  我們是不能夠變成神
[00:19:07.280 --> 00:19:09.280]  6是有限的
[00:19:09.280 --> 00:19:11.280]  爲何會是3個6
[00:19:11.280 --> 00:19:13.280]  爲何會是3個6
[00:19:13.280 --> 00:19:15.280]  其實3字在聖經裏面
[00:19:15.280 --> 00:19:17.280]  和神很有淵源
[00:19:17.280 --> 00:19:19.280]  我們信的是三位一體的神
[00:19:19.280 --> 00:19:21.280]  我們信的是三位一體的神
[00:19:21.280 --> 00:19:23.280]  當以賽亞先知
[00:19:23.280 --> 00:19:25.280]  在《以賽亞書》第六章
[00:19:25.280 --> 00:19:27.280]  見到神高高在上
[00:19:27.280 --> 00:19:29.280]  坐在寶座上高
[00:19:29.280 --> 00:19:31.280]  有天使飄飄他們唱什麼
[00:19:31.280 --> 00:19:33.280]  聖哉 聖哉 聖哉
[00:19:33.280 --> 00:19:35.280]  多少個聖哉
[00:19:35.280 --> 00:19:37.280]  3個聖哉
[00:19:37.280 --> 00:19:39.280]  和神是很有淵源的3字
[00:19:39.280 --> 00:19:41.280]  也讓我們見到
[00:19:41.280 --> 00:19:43.280]  狄基督是處處相
[00:19:43.280 --> 00:19:45.280]  是怎樣的
[00:19:45.280 --> 00:19:47.280]  是無形神
[00:19:47.280 --> 00:19:49.280]  我們已經見到
[00:19:49.280 --> 00:19:51.280]  賜給子
[00:19:51.280 --> 00:19:53.280]  有榮耀國度權並
[00:19:53.280 --> 00:19:55.280]  撒旦賜給狄基督
[00:19:55.280 --> 00:19:57.280]  有他的能力座位
[00:19:57.280 --> 00:19:59.280]  和他的權並
[00:19:59.280 --> 00:20:01.280]  耶穌基督復活
[00:20:01.280 --> 00:20:03.280]  狄基督
[00:20:03.280 --> 00:20:05.280]  也假冒復活
[00:20:05.280 --> 00:20:07.280]  甚至假的
[00:20:07.280 --> 00:20:09.280]  狄基督是三位一體
[00:20:09.280 --> 00:20:11.280]  圖片好像移動了一點
[00:20:11.280 --> 00:20:15.280]  父子聖靈
[00:20:15.280 --> 00:20:17.280]  是三位一體
[00:20:17.280 --> 00:20:19.280]  而撒旦
[00:20:19.280 --> 00:20:21.280]  也搞撒旦 狄基督
[00:20:21.280 --> 00:20:23.280]  和假先知
[00:20:23.280 --> 00:20:25.280]  也是搞他的三位一體
[00:20:25.280 --> 00:20:27.280]  其實
[00:20:27.280 --> 00:20:29.280]  Antichrist
[00:20:29.280 --> 00:20:31.280]  狄基督這個字
[00:20:31.280 --> 00:20:33.280]  原文是pseudo-christ
[00:20:33.280 --> 00:20:35.280]  意思是假基督
[00:20:35.280 --> 00:20:37.280]  後排基督
[00:20:37.280 --> 00:20:39.280]  所以我們見到撒旦
[00:20:39.280 --> 00:20:41.280]  整個狄基督出來
[00:20:41.280 --> 00:20:43.280]  是不斷的想冒認基督
[00:20:43.280 --> 00:20:45.280]  在歷史當中
[00:20:45.280 --> 00:20:47.280]  有很多人被認爲是狄基督
[00:20:47.280 --> 00:20:49.280]  在1930年
[00:20:49.280 --> 00:20:51.280]  至1940年間
[00:20:51.280 --> 00:20:53.280]  很多人認爲
[00:20:53.280 --> 00:20:55.280]  希特勒就是狄基督
[00:20:55.280 --> 00:20:59.280]  在1941年
[00:20:59.280 --> 00:21:01.280]  出了一張海報
[00:21:01.280 --> 00:21:03.280]  叫做《收假先知希特勒》
[00:21:03.280 --> 00:21:05.280]  有人指名換姓
[00:21:05.280 --> 00:21:07.280]  說希特勒就是狄基督
[00:21:07.280 --> 00:21:09.280]  又有人
[00:21:09.280 --> 00:21:11.280]  希望用數字的遊戲
[00:21:11.280 --> 00:21:13.280]  來證實
[00:21:13.280 --> 00:21:15.280]  希特勒就是狄基督
[00:21:15.280 --> 00:21:17.280]  他們說666是三位的數字
[00:21:17.280 --> 00:21:19.280]  所以由100開始
[00:21:19.280 --> 00:21:21.280]  因爲100是第一個三位數字
[00:21:21.280 --> 00:21:23.280]  英文的字母
[00:21:23.280 --> 00:21:25.280]  是有26個字母
[00:21:25.280 --> 00:21:27.280]  所以如果100
[00:21:27.280 --> 00:21:29.280]  是代表A
[00:21:29.280 --> 00:21:31.280]  101就是代表B
[00:21:31.280 --> 00:21:33.280]  102就是代表C
[00:21:33.280 --> 00:21:35.280]  如此類推
[00:21:35.280 --> 00:21:37.280]  26個字母可以數到
[00:21:37.280 --> 00:21:39.280]  125
[00:21:39.280 --> 00:21:41.280]  所以H就是
[00:21:41.280 --> 00:21:43.280]  107
[00:21:43.280 --> 00:21:45.280]  I就是108
[00:21:45.280 --> 00:21:47.280]  T就是119
[00:21:47.280 --> 00:21:49.280]  L就是111
[00:21:49.280 --> 00:21:51.280]  E就是104
[00:21:51.280 --> 00:21:53.280]  R就是117
[00:21:53.280 --> 00:21:55.280]  希特勒整個名字
[00:21:55.280 --> 00:21:57.280]  你可以計算到
[00:21:57.280 --> 00:21:59.280]  如果你加起來所有的數字
[00:21:59.280 --> 00:22:01.280]  恰恰就是666
[00:22:01.280 --> 00:22:03.280]  其實
[00:22:03.280 --> 00:22:05.280]  你不喜歡哪個
[00:22:05.280 --> 00:22:07.280]  你可以砌他生豬肉
[00:22:07.280 --> 00:22:09.280]  任何人都可以砌到666
[00:22:09.280 --> 00:22:11.280]  出來
[00:22:11.280 --> 00:22:13.280]  只差你想不想到這個辦法
[00:22:13.280 --> 00:22:15.280]  OK
[00:22:15.280 --> 00:22:17.280]  1967年
[00:22:17.280 --> 00:22:19.280]  有六日的大戰爭
[00:22:19.280 --> 00:22:21.280]  以色列用迅雷
[00:22:21.280 --> 00:22:23.280]  不及掩耳的手法
[00:22:23.280 --> 00:22:25.280]  將鄰近的阿拉伯國家
[00:22:25.280 --> 00:22:27.280]  全部打敗
[00:22:27.280 --> 00:22:29.280]  當時他們的前國防部長
[00:22:29.280 --> 00:22:31.280]  叫做摩西達揚
[00:22:31.280 --> 00:22:33.280]  有人說摩西達揚
[00:22:33.280 --> 00:22:35.280]  就是狄基督
[00:22:35.280 --> 00:22:37.280]  因爲他第二次世界大戰的時候
[00:22:37.280 --> 00:22:39.280]  他頭部受傷
[00:22:39.280 --> 00:22:41.280]  所以他瞎了一隻眼
[00:22:41.280 --> 00:22:43.280]  如果你看到
[00:22:43.280 --> 00:22:45.280]  摩西達揚的照片
[00:22:45.280 --> 00:22:47.280]  他是毒眼龍
[00:22:47.280 --> 00:22:49.280]  有人說這個還不是狄基督
[00:22:49.280 --> 00:22:51.280]  狄基督這麼厲害的手腕
[00:22:51.280 --> 00:22:53.280]  打倒所有阿拉伯國家
[00:22:53.280 --> 00:22:55.280]  頭部受傷
[00:22:55.280 --> 00:22:57.280]  還不是他
[00:22:57.280 --> 00:22:59.280]  在60年代
[00:22:59.280 --> 00:23:01.280]  又有很多人說
[00:23:01.280 --> 00:23:03.280]  我們美國的總統金乃狄
[00:23:03.280 --> 00:23:05.280]  是狄基督
[00:23:05.280 --> 00:23:07.280]  他是非常有
[00:23:07.280 --> 00:23:09.280]  好的口才
[00:23:09.280 --> 00:23:11.280]  他非常得人愛戴
[00:23:11.280 --> 00:23:13.280]  他非常得人心
[00:23:13.280 --> 00:23:15.280]  的一個總統
[00:23:15.280 --> 00:23:17.280]  在美國總統提名大會
[00:23:17.280 --> 00:23:19.280]  他得選
[00:23:19.280 --> 00:23:21.280]  得選的票數是多少票
[00:23:21.280 --> 00:23:23.280]  你猜到了
[00:23:23.280 --> 00:23:25.280]  666票
[00:23:25.280 --> 00:23:29.280]  很多人說這個就不一定
[00:23:29.280 --> 00:23:31.280]  是狄基督了
[00:23:31.280 --> 00:23:33.280]  當總統在
[00:23:33.280 --> 00:23:35.280]  達拉斯他是遇行刺
[00:23:35.280 --> 00:23:37.280]  他是頭部受傷而死
[00:23:37.280 --> 00:23:39.280]  有很多人
[00:23:39.280 --> 00:23:41.280]  去到他的葬禮都不斷
[00:23:41.280 --> 00:23:43.280]  看着他的棺材
[00:23:43.280 --> 00:23:45.280]  想想他何時會重新站起來
[00:23:45.280 --> 00:23:47.280]  然後以狄基督的
[00:23:47.280 --> 00:23:49.280]  名分來統領
[00:23:49.280 --> 00:23:51.280]  全世界
[00:23:51.280 --> 00:23:53.280]  他始終沒有站起來
[00:23:53.280 --> 00:23:55.280]  也有很多人認爲
[00:23:55.280 --> 00:23:57.280]  猶大就是狄基督
[00:23:57.280 --> 00:23:59.280]  在聖經裏面
[00:23:59.280 --> 00:24:01.280]  約翰福音六章七十節
[00:24:01.280 --> 00:24:03.280]  耶穌基督說
[00:24:03.280 --> 00:24:05.280]  我不是揀選了你們十二個門徒嗎
[00:24:05.280 --> 00:24:07.280]  你們當中
[00:24:07.280 --> 00:24:09.280]  有一個是魔鬼
[00:24:09.280 --> 00:24:11.280]  在聖經裏面
[00:24:11.280 --> 00:24:13.280]  唯一一個被稱爲魔鬼
[00:24:13.280 --> 00:24:15.280]  還是耶穌基督叫他魔鬼的
[00:24:15.280 --> 00:24:17.280]  是猶大
[00:24:17.280 --> 00:24:19.280]  而在約翰福音十七章十二節
[00:24:19.280 --> 00:24:21.280]  耶穌又一次
[00:24:21.280 --> 00:24:23.280]  說到猶大
[00:24:23.280 --> 00:24:25.280]  這次叫他滅亡之子
[00:24:25.280 --> 00:24:27.280]  而保羅在
[00:24:27.280 --> 00:24:29.280]  鐵撒羅尼後書二章
[00:24:29.280 --> 00:24:31.280]  三節
[00:24:31.280 --> 00:24:33.280]  叫狄基督做沉淪之子
[00:24:33.280 --> 00:24:35.280]  如果你看回希伯來文
[00:24:35.280 --> 00:24:37.280]  希列文
[00:24:37.280 --> 00:24:39.280]  原文的話
[00:24:39.280 --> 00:24:41.280]  滅亡之子和沉淪之子
[00:24:41.280 --> 00:24:43.280]  是同一個字
[00:24:43.280 --> 00:24:45.280]  所以人家說還不是他
[00:24:45.280 --> 00:24:47.280]  加上我們剛纔讀的
[00:24:47.280 --> 00:24:49.280]  經文啓示六十七章八節
[00:24:49.280 --> 00:24:51.280]  和十一節
[00:24:51.280 --> 00:24:53.280]  說狄基督是先前有
[00:24:53.280 --> 00:24:55.280]  如今沒有 以後再有
[00:24:55.280 --> 00:24:57.280]  先前有什麼 爲什麼
[00:24:57.280 --> 00:24:59.280]  他是和耶穌基督同在
[00:24:59.280 --> 00:25:01.280]  那時候就有
[00:25:01.280 --> 00:25:03.280]  現在有沒有
[00:25:03.280 --> 00:25:05.280]  現在沒有
[00:25:05.280 --> 00:25:07.280]  將來還會復活
[00:25:07.280 --> 00:25:09.280]  以狄基督的身份出現
[00:25:09.280 --> 00:25:13.280]  其實我們不知道狄基督是誰
[00:25:13.280 --> 00:25:15.280]  但是聖經有
[00:25:15.280 --> 00:25:17.280]  很清楚的描述
[00:25:17.280 --> 00:25:19.280]  在舊約 狄基督有
[00:25:19.280 --> 00:25:21.280]  三十三個名字
[00:25:21.280 --> 00:25:23.280]  我們見到但以利書第七章
[00:25:23.280 --> 00:25:25.280]  說叫他做小國
[00:25:25.280 --> 00:25:27.280]  在第八章叫他做王
[00:25:27.280 --> 00:25:29.280]  在十一章叫他做
[00:25:29.280 --> 00:25:31.280]  卑鄙的人
[00:25:31.280 --> 00:25:33.280]  而在新約也有
[00:25:33.280 --> 00:25:35.280]  十三個狄基督的名字
[00:25:35.280 --> 00:25:37.280]  叫他做沉淪之子
[00:25:37.280 --> 00:25:39.280]  叫他做不法的人
[00:25:39.280 --> 00:25:41.280]  叫他做大罪人
[00:25:41.280 --> 00:25:43.280]  這些在
[00:25:43.280 --> 00:25:45.280]  鐵撒羅尼後書
[00:25:45.280 --> 00:25:47.280]  所叫他的名字
[00:25:47.280 --> 00:25:49.280]  一共十三個
[00:25:49.280 --> 00:25:51.280]  其實從這一切
[00:25:51.280 --> 00:25:53.280]  我們可以知道狄基督
[00:25:53.280 --> 00:25:55.280]  將來會是一個怎麼樣的人
[00:25:55.280 --> 00:25:59.280]  狄基督
[00:25:59.280 --> 00:26:01.280]  第一點
[00:26:01.280 --> 00:26:03.280]  他會是一個政治
[00:26:03.280 --> 00:26:05.280]  的奇才
[00:26:05.280 --> 00:26:07.280]  我們剛纔見到
[00:26:07.280 --> 00:26:09.280]  他會用手法
[00:26:09.280 --> 00:26:11.280]  令三個國家連根拔起
[00:26:13.280 --> 00:26:15.280]  其實這個字的原文
[00:26:15.280 --> 00:26:17.280]  我們聽起來這個字連根拔起
[00:26:17.280 --> 00:26:19.280]  好像很暴力一樣
[00:26:19.280 --> 00:26:21.280]  其實這個字的原文不是那麼暴力
[00:26:21.280 --> 00:26:23.280]  是慢慢慢慢將
[00:26:23.280 --> 00:26:25.280]  三個國家推開了
[00:26:25.280 --> 00:26:27.280]  滅亡了
[00:26:27.280 --> 00:26:29.280]  他是有手段
[00:26:29.280 --> 00:26:31.280]  他是一個非常之
[00:26:31.280 --> 00:26:33.280]  圓滑的人
[00:26:33.280 --> 00:26:35.280]  在這裏啓示六章二節
[00:26:35.280 --> 00:26:37.280]  說狄基督將來
[00:26:37.280 --> 00:26:39.280]  出現的時候
[00:26:39.280 --> 00:26:41.280]  他會騎着一匹白馬
[00:26:41.280 --> 00:26:43.280]  他是白馬王子
[00:26:43.280 --> 00:26:45.280]  不是說
[00:26:45.280 --> 00:26:47.280]  撒旦化身就以爲他很恐怖
[00:26:47.280 --> 00:26:49.280]  白馬王子手上有弓
[00:26:49.280 --> 00:26:51.280]  但是沒有箭
[00:26:51.280 --> 00:26:53.280]  而他是頭戴冠冕
[00:26:53.280 --> 00:26:55.280]  是有權柄
[00:26:55.280 --> 00:26:57.280]  賜給他
[00:26:57.280 --> 00:26:59.280]  他是勝了尤勝
[00:26:59.280 --> 00:27:01.280]  啓示六章二節
[00:27:01.280 --> 00:27:03.280]  我經常覺得很奇怪
[00:27:03.280 --> 00:27:05.280]  一個人有弓
[00:27:05.280 --> 00:27:07.280]  沒有箭他就可以贏
[00:27:07.280 --> 00:27:09.280]  怎麼贏呢
[00:27:09.280 --> 00:27:11.280]  就是剛纔所說
[00:27:11.280 --> 00:27:13.280]  他是很圓滑
[00:27:13.280 --> 00:27:15.280]  是有手段
[00:27:15.280 --> 00:27:17.280]  他是以和平使者的身份出現
[00:27:17.280 --> 00:27:19.280]  不需要一動到一兵一卒
[00:27:19.280 --> 00:27:21.280]  他就可以得過
[00:27:21.280 --> 00:27:23.280]  在這裏
[00:27:23.280 --> 00:27:25.280]  但爾利書九節
[00:27:25.280 --> 00:27:27.280]  說他將會和以色列納約
[00:27:27.280 --> 00:27:29.280]  然後後來又會毀約
[00:27:29.280 --> 00:27:31.280]  在這裏但爾利書十一章二十一節
[00:27:31.280 --> 00:27:33.280]  又說到
[00:27:33.280 --> 00:27:35.280]  必有一個卑鄙的人
[00:27:35.280 --> 00:27:37.280]  興起折族爲王
[00:27:37.280 --> 00:27:39.280]  人未曾將國的尊榮
[00:27:39.280 --> 00:27:41.280]  是給他
[00:27:41.280 --> 00:27:43.280]  他卻趁人坦然
[00:27:43.280 --> 00:27:45.280]  無避的時候
[00:27:45.280 --> 00:27:47.280]  用淺味的話得國
[00:27:47.280 --> 00:27:49.280]  用淺味的話
[00:27:49.280 --> 00:27:51.280]  得國
[00:27:51.280 --> 00:27:53.280]  用個話語就能夠得國
[00:27:53.280 --> 00:27:55.280]  你想想他是一個
[00:27:55.280 --> 00:27:57.280]  多有政治手腕的人
[00:27:57.280 --> 00:27:59.280]  所以他是一個政治的奇才
[00:27:59.280 --> 00:28:01.280]  第二點
[00:28:01.280 --> 00:28:03.280]  他是一個絕對聰明的人
[00:28:03.280 --> 00:28:05.280]  非常聰明的人
[00:28:05.280 --> 00:28:07.280]  在這裏但爾利書七章八節
[00:28:07.280 --> 00:28:09.280]  說他是小國
[00:28:09.280 --> 00:28:11.280]  但是他有眼
[00:28:11.280 --> 00:28:13.280]  而且是人的眼
[00:28:13.280 --> 00:28:15.280]  眼在聖經裏代表智慧
[00:28:15.280 --> 00:28:17.280]  其實我說
[00:28:17.280 --> 00:28:19.280]  中國人也有這樣說
[00:28:19.280 --> 00:28:21.280]  慧眼是什麼
[00:28:21.280 --> 00:28:23.280]  慧眼是色英雄
[00:28:23.280 --> 00:28:25.280]  慧眼是代表聰明的眼
[00:28:25.280 --> 00:28:27.280]  中國人也是一樣
[00:28:27.280 --> 00:28:31.280]  所以他是一個非常聰明的人
[00:28:31.280 --> 00:28:33.280]  這個世界正在等着
[00:28:33.280 --> 00:28:35.280]  要有一個非常聰明的人
[00:28:35.280 --> 00:28:37.280]  來替我們解決問題
[00:28:37.280 --> 00:28:39.280]  你看看中東
[00:28:39.280 --> 00:28:41.280]  亂成一片
[00:28:41.280 --> 00:28:43.280]  亂七八糟
[00:28:43.280 --> 00:28:45.280]  隨時可以爆發戰爭
[00:28:45.280 --> 00:28:47.280]  現在中東
[00:28:47.280 --> 00:28:49.280]  很需要有一個
[00:28:49.280 --> 00:28:51.280]  國際的和平使者
[00:28:51.280 --> 00:28:53.280]  出現來
[00:28:53.280 --> 00:28:55.280]  解決這些國際
[00:28:55.280 --> 00:28:57.280]  的危機
[00:28:57.280 --> 00:28:59.280]  你看看現在世界的經濟
[00:28:59.280 --> 00:29:01.280]  怎麼樣
[00:29:01.280 --> 00:29:03.280]  中國這麼強大的國家
[00:29:03.280 --> 00:29:05.280]  負債累累
[00:29:05.280 --> 00:29:07.280]  欠一億多的錢
[00:29:07.280 --> 00:29:11.280]  中國認爲是強國
[00:29:11.280 --> 00:29:13.280]  他們也是負債累累的
[00:29:13.280 --> 00:29:15.280]  他們學了美國
[00:29:15.280 --> 00:29:17.280]  也是負債
[00:29:17.280 --> 00:29:19.280]  現在我們看到股票
[00:29:19.280 --> 00:29:21.280]  每天上下幾百點不出奇
[00:29:21.280 --> 00:29:23.280]  以前說幾百點不得了
[00:29:23.280 --> 00:29:25.280]  現在六百點
[00:29:25.280 --> 00:29:27.280]  好像很閒的一樣
[00:29:27.280 --> 00:29:29.280]  經濟是非常不穩定
[00:29:29.280 --> 00:29:31.280]  很需要有一個
[00:29:31.280 --> 00:29:33.280]  能夠解決經濟危機的
[00:29:33.280 --> 00:29:35.280]  領袖出現
[00:29:35.280 --> 00:29:37.280]  The stage is set
[00:29:37.280 --> 00:29:39.280]  是等候一個
[00:29:39.280 --> 00:29:41.280]  是狄基督來到這個世上
[00:29:41.280 --> 00:29:43.280]  啓示錄第十八章
[00:29:43.280 --> 00:29:45.280]  告訴我們
[00:29:45.280 --> 00:29:47.280]  當狄基督來到的時候
[00:29:47.280 --> 00:29:49.280]  他會有一個世界經濟的系統
[00:29:49.280 --> 00:29:51.280]  來幫助人
[00:29:51.280 --> 00:29:53.280]  解決經濟的問題
[00:29:53.280 --> 00:29:55.280]  他不單止
[00:29:55.280 --> 00:29:57.280]  是一個有政治天才
[00:29:57.280 --> 00:29:59.280]  他不單止是一個聰明的人
[00:29:59.280 --> 00:30:01.280]  他還是很有口才的人
[00:30:01.280 --> 00:30:03.280]  剛纔我們也見過
[00:30:03.280 --> 00:30:05.280]  其實他的花名應該叫
[00:30:05.280 --> 00:30:07.280]  大嘴巴
[00:30:07.280 --> 00:30:09.280]  他經常說誇大的說話
[00:30:09.280 --> 00:30:11.280]  在這彈爾利書
[00:30:11.280 --> 00:30:13.280]  七章八節二十節
[00:30:13.280 --> 00:30:15.280]  在這彈爾利書
[00:30:15.280 --> 00:30:17.280]  七章二十五節
[00:30:17.280 --> 00:30:19.280]  甚至是向至高者說誇大的說話
[00:30:19.280 --> 00:30:21.280]  在這啓示錄
[00:30:21.280 --> 00:30:23.280]  十三章五節
[00:30:23.280 --> 00:30:25.280]  又說次級他又誇大
[00:30:25.280 --> 00:30:27.280]  詩俗的口
[00:30:27.280 --> 00:30:29.280]  在這剛纔我們見到
[00:30:29.280 --> 00:30:31.280]  彈爾利書十一章二十一節
[00:30:31.280 --> 00:30:33.280]  告訴我們
[00:30:33.280 --> 00:30:35.280]  他用淺味的話是德國
[00:30:35.280 --> 00:30:37.280]  非常之會說話
[00:30:37.280 --> 00:30:39.280]  非常之有口的好彩
[00:30:39.280 --> 00:30:41.280]  他的口是朗過油
[00:30:41.280 --> 00:30:45.280]  除此之外
[00:30:45.280 --> 00:30:47.280]  他還是一個軍事的奇才
[00:30:47.280 --> 00:30:51.280]  上一次我們講到
[00:30:51.280 --> 00:30:53.280]  教會
[00:30:53.280 --> 00:30:55.280]  教會在七年的
[00:30:55.280 --> 00:30:57.280]  大災難之前會被提
[00:30:57.280 --> 00:30:59.280]  我們提了上天
[00:30:59.280 --> 00:31:01.280]  就變成了什麼
[00:31:01.280 --> 00:31:03.280]  二十四位長老
[00:31:03.280 --> 00:31:05.280]  和大家講過
[00:31:05.280 --> 00:31:07.280]  我們會逃避地上的七年的大災難
[00:31:07.280 --> 00:31:09.280]  當我們離開了之後
[00:31:09.280 --> 00:31:11.280]  當教會離開了
[00:31:11.280 --> 00:31:13.280]  這個地上
[00:31:13.280 --> 00:31:15.280]  沒有真宗教了
[00:31:15.280 --> 00:31:17.280]  全部地上的都是假宗教
[00:31:17.280 --> 00:31:19.280]  都是異端
[00:31:19.280 --> 00:31:21.280]  所以去到
[00:31:21.280 --> 00:31:23.280]  七年大災難的時候
[00:31:23.280 --> 00:31:25.280]  就是狄基督出來的時候
[00:31:25.280 --> 00:31:27.280]  將會有很多的假宗教
[00:31:27.280 --> 00:31:29.280]  有很多的異端
[00:31:29.280 --> 00:31:31.280]  是很興旺
[00:31:31.280 --> 00:31:33.280]  狄基督頭頭就會
[00:31:33.280 --> 00:31:35.280]  靠着這些異端和假宗教
[00:31:35.280 --> 00:31:37.280]  來得到勢力
[00:31:37.280 --> 00:31:39.280]  接着
[00:31:39.280 --> 00:31:41.280]  打完仗又怎麼樣
[00:31:41.280 --> 00:31:43.280]  不要和尚
[00:31:43.280 --> 00:31:45.280]  會將異端和
[00:31:45.280 --> 00:31:47.280]  這些假宗教消滅
[00:31:47.280 --> 00:31:49.280]  接着他叫人直接
[00:31:49.280 --> 00:31:51.280]  敬拜自己
[00:31:51.280 --> 00:31:53.280]  在這裏
[00:31:53.280 --> 00:31:55.280]  撒加利亞書13章
[00:31:55.280 --> 00:31:57.280]  8至9節告訴我們
[00:31:57.280 --> 00:31:59.280]  他會和猶太人
[00:31:59.280 --> 00:32:01.280]  和以色列人廢約
[00:32:01.280 --> 00:32:03.280]  廢了約之後
[00:32:03.280 --> 00:32:05.280]  他會殺死三分之二的
[00:32:05.280 --> 00:32:07.280]  以色列人
[00:32:07.280 --> 00:32:09.280]  他也會
[00:32:09.280 --> 00:32:11.280]  殺死很多
[00:32:11.280 --> 00:32:13.280]  很多的
[00:32:13.280 --> 00:32:15.280]  很多的外邦人
[00:32:15.280 --> 00:32:17.280]  啟示錄13章
[00:32:17.280 --> 00:32:19.280]  7至10節
[00:32:19.280 --> 00:32:21.280]  但以歷史書
[00:32:21.280 --> 00:32:23.280]  7章25節說他會
[00:32:23.280 --> 00:32:25.280]  折磨神的子民
[00:32:25.280 --> 00:32:27.280]  啟示錄
[00:32:27.280 --> 00:32:29.280]  13章4節
[00:32:29.280 --> 00:32:31.280]  說誰能彼者受
[00:32:31.280 --> 00:32:33.280]  誰能與他
[00:32:33.280 --> 00:32:35.280]  爭戰
[00:32:35.280 --> 00:32:37.280]  13章7節啟示錄
[00:32:37.280 --> 00:32:39.280]  說他戰勝各邦各族各民
[00:32:39.280 --> 00:32:41.280]  他是一個
[00:32:41.280 --> 00:32:43.280]  極有才能
[00:32:43.280 --> 00:32:45.280]  是一個軍事的奇才
[00:32:45.280 --> 00:32:47.280]  最後
[00:32:47.280 --> 00:32:49.280]  他是一個宗教的奇才
[00:32:49.280 --> 00:32:53.280]  他是
[00:32:53.280 --> 00:32:55.280]  撒旦的化身
[00:32:55.280 --> 00:32:57.280]  很多時我們認爲撒旦的化身
[00:32:57.280 --> 00:32:59.280]  可能很多人害怕
[00:32:59.280 --> 00:33:01.280]  拿着三叉穿着紅色的衣服
[00:33:01.280 --> 00:33:03.280]  面目真靈
[00:33:03.280 --> 00:33:05.280]  但剛纔說過
[00:33:05.280 --> 00:33:07.280]  不是的,他是非常得人心
[00:33:07.280 --> 00:33:09.280]  他非常會說話
[00:33:09.280 --> 00:33:13.280]  他是一個
[00:33:13.280 --> 00:33:15.280]  很吸引人的領袖
[00:33:15.280 --> 00:33:17.280]  他就啟示
[00:33:17.280 --> 00:33:19.280]  63章8節
[00:33:19.280 --> 00:33:21.280]  全世界的人都要敬拜撒旦
[00:33:21.280 --> 00:33:23.280]  但以歷史書
[00:33:23.280 --> 00:33:25.280]  11章37至38節
[00:33:25.280 --> 00:33:27.280]  說他
[00:33:27.280 --> 00:33:29.280]  以自己與神同等
[00:33:29.280 --> 00:33:31.280]  而在這
[00:33:31.280 --> 00:33:33.280]  貼上後書2章3節
[00:33:33.280 --> 00:33:35.280]  說他直接
[00:33:35.280 --> 00:33:37.280]  坐在神的聖殿
[00:33:37.280 --> 00:33:39.280]  來受人的敬拜
[00:33:39.280 --> 00:33:41.280]  剛纔我們也說過
[00:33:41.280 --> 00:33:43.280]  經文說
[00:33:43.280 --> 00:33:45.280]  他將會向神
[00:33:45.280 --> 00:33:47.280]  向至高者
[00:33:47.280 --> 00:33:49.280]  說誇大的話
[00:33:49.280 --> 00:33:51.280]  其實原文是說
[00:33:51.280 --> 00:33:53.280]  他站在至高者旁邊
[00:33:53.280 --> 00:33:55.280]  來說誇大的話
[00:33:55.280 --> 00:33:57.280]  他將自己
[00:33:57.280 --> 00:33:59.280]  與神同等
[00:33:59.280 --> 00:34:01.280]  但以歷史書
[00:34:01.280 --> 00:34:03.280]  7章25節
[00:34:03.280 --> 00:34:05.280]  又說他會改變
[00:34:05.280 --> 00:34:07.280]  節旗和律法
[00:34:07.280 --> 00:34:09.280]  這些我們都見到
[00:34:09.280 --> 00:34:11.280]  現在中國大陸
[00:34:11.280 --> 00:34:13.280]  新近說什麼
[00:34:13.280 --> 00:34:15.280]  要重編聖經
[00:34:15.280 --> 00:34:17.280]  改變神的話義
[00:34:17.280 --> 00:34:19.280]  我們也見到
[00:34:19.280 --> 00:34:21.280]  基督將來會改變
[00:34:21.280 --> 00:34:23.280]  節旗
[00:34:23.280 --> 00:34:25.280]  他可能
[00:34:25.280 --> 00:34:27.280]  相信他會改變
[00:34:27.280 --> 00:34:29.280]  安息日的
[00:34:29.280 --> 00:34:31.280]  節旗
[00:34:31.280 --> 00:34:33.280]  以致將來
[00:34:33.280 --> 00:34:35.280]  不再是紀念神
[00:34:35.280 --> 00:34:37.280]  而是他將會有
[00:34:37.280 --> 00:34:39.280]  節旗來紀念自己
[00:34:39.280 --> 00:34:45.280]  所以他是一個極有
[00:34:45.280 --> 00:34:47.280]  天才的
[00:34:47.280 --> 00:34:49.280]  一個宗教的領袖
[00:34:49.280 --> 00:34:55.280]  我們看看狄基督的收場
[00:34:55.280 --> 00:34:57.280]  將會是怎樣
[00:34:57.280 --> 00:35:01.280]  在這裏但以歷史
[00:35:01.280 --> 00:35:03.280]  7章11節
[00:35:03.280 --> 00:35:05.280]  說我那時
[00:35:05.280 --> 00:35:07.280]  我觀看
[00:35:07.280 --> 00:35:09.280]  健那獸因小國
[00:35:09.280 --> 00:35:11.280]  說誇大的聲音
[00:35:11.280 --> 00:35:13.280]  被殺
[00:35:13.280 --> 00:35:15.280]  身體損壞
[00:35:15.280 --> 00:35:17.280]  仍在火中
[00:35:17.280 --> 00:35:19.280]  焚燒
[00:35:19.280 --> 00:35:21.280]  他將會
[00:35:21.280 --> 00:35:23.280]  被扔到火湖裏
[00:35:23.280 --> 00:35:25.280]  而他
[00:35:25.280 --> 00:35:27.280]  其他國
[00:35:27.280 --> 00:35:29.280]  其餘獸的權並都被奪去
[00:35:29.280 --> 00:35:31.280]  生命卻仍流傳
[00:35:31.280 --> 00:35:33.280]  爲何我們會說
[00:35:33.280 --> 00:35:35.280]  其他國
[00:35:35.280 --> 00:35:37.280]  他的權並會奪去
[00:35:37.280 --> 00:35:39.280]  但爲何生命仍要流傳
[00:35:39.280 --> 00:35:41.280]  相信很簡單
[00:35:41.280 --> 00:35:43.280]  因爲我們見到
[00:35:43.280 --> 00:35:45.280]  就算是羅馬
[00:35:45.280 --> 00:35:47.280]  是滅了希臘
[00:35:47.280 --> 00:35:49.280]  希臘是滅了
[00:35:49.280 --> 00:35:51.280]  馬代波斯
[00:35:51.280 --> 00:35:53.280]  馬代波斯是滅了巴比倫
[00:35:53.280 --> 00:35:55.280]  我們見到國仍然存在
[00:35:55.280 --> 00:35:57.280]  但只不過權並
[00:35:57.280 --> 00:35:59.280]  被奪走了
[00:35:59.280 --> 00:36:01.280]  而在這裏
[00:36:01.280 --> 00:36:03.280]  但以理書七章二十六節
[00:36:03.280 --> 00:36:05.280]  又說到
[00:36:05.280 --> 00:36:07.280]  耶穌基督將會
[00:36:07.280 --> 00:36:09.280]  和他的衆聖徒
[00:36:09.280 --> 00:36:11.280]  回到掌權
[00:36:11.280 --> 00:36:13.280]  而他會
[00:36:13.280 --> 00:36:15.280]  坐在這裏
[00:36:15.280 --> 00:36:17.280]  行審判
[00:36:17.280 --> 00:36:19.280]  但以理書七章二十七節
[00:36:19.280 --> 00:36:21.280]  又說到
[00:36:21.280 --> 00:36:23.280]  國道權並和天下
[00:36:23.280 --> 00:36:25.280]  諸國的大權
[00:36:25.280 --> 00:36:27.280]  必賜給至高者的聖民
[00:36:27.280 --> 00:36:29.280]  他的國是永遠的
[00:36:29.280 --> 00:36:31.280]  一切掌權的
[00:36:31.280 --> 00:36:33.280]  都必侍奉他 順從他
[00:36:33.280 --> 00:36:35.280]  我相信我們基督徒
[00:36:35.280 --> 00:36:37.280]  都會和
[00:36:37.280 --> 00:36:39.280]  以色列神的子民一起
[00:36:39.280 --> 00:36:41.280]  將會永永遠遠地
[00:36:41.280 --> 00:36:43.280]  來侍奉
[00:36:43.280 --> 00:36:45.280]  我們的神
[00:36:45.280 --> 00:36:47.280]  我們看了
[00:36:47.280 --> 00:36:49.280]  這個末世的預言
[00:36:49.280 --> 00:36:51.280]  我們應該有什麼回應
[00:36:51.280 --> 00:36:53.280]  我們看看
[00:36:53.280 --> 00:36:55.280]  但以理先知
[00:36:55.280 --> 00:36:57.280]  有什麼回應
[00:36:57.280 --> 00:36:59.280]  但以理書
[00:36:59.280 --> 00:37:01.280]  七章二十八節
[00:37:01.280 --> 00:37:03.280]  但以理說
[00:37:03.280 --> 00:37:05.280]  那事至此完不
[00:37:05.280 --> 00:37:07.280]  至於我但以理
[00:37:07.280 --> 00:37:09.280]  心中甚是驚惶
[00:37:09.280 --> 00:37:11.280]  面色也變了
[00:37:11.280 --> 00:37:13.280]  卻將那事存記在心
[00:37:13.280 --> 00:37:15.280]  但以理說
[00:37:15.280 --> 00:37:17.280]  我是心中驚惶
[00:37:17.280 --> 00:37:19.280]  我的面色
[00:37:19.280 --> 00:37:21.280]  都變了
[00:37:21.280 --> 00:37:23.280]  我們看見末世的事
[00:37:23.280 --> 00:37:25.280]  有什麼回應
[00:37:25.280 --> 00:37:27.280]  有什麼感受
[00:37:27.280 --> 00:37:29.280]  其實我們很幸福
[00:37:29.280 --> 00:37:31.280]  我們看很多科幻的電影
[00:37:31.280 --> 00:37:33.280]  我們看很多恐怖的電影
[00:37:33.280 --> 00:37:35.280]  現在做到很逼真的
[00:37:35.280 --> 00:37:37.280]  我們可能
[00:37:37.280 --> 00:37:39.280]  看完這些電影
[00:37:39.280 --> 00:37:41.280]  看回聖經教導
[00:37:41.280 --> 00:37:43.280]  覺得這些小兒科來的
[00:37:43.280 --> 00:37:45.280]  有什麼可怕的
[00:37:45.280 --> 00:37:47.280]  但是我相信這裏所說的
[00:37:47.280 --> 00:37:49.280]  但以理不只是
[00:37:49.280 --> 00:37:51.280]  覺得驚惶
[00:37:51.280 --> 00:37:53.280]  驚怕
[00:37:53.280 --> 00:37:55.280]  是一個惻隱的心
[00:37:55.280 --> 00:37:57.280]  見到末世有千千萬萬
[00:37:57.280 --> 00:37:59.280]  不接受神的人
[00:37:59.280 --> 00:38:01.280]  將會
[00:38:01.280 --> 00:38:03.280]  受到審判
[00:38:03.280 --> 00:38:05.280]  這是使他驚惶的原因
[00:38:05.280 --> 00:38:07.280]  我們也可以
[00:38:07.280 --> 00:38:09.280]  看看啓示錄第十章
[00:38:09.280 --> 00:38:11.280]  九至十節
[00:38:11.280 --> 00:38:13.280]  說到有一部小手冊
[00:38:13.280 --> 00:38:15.280]  記不記得
[00:38:15.280 --> 00:38:17.280]  我上次緊箍常在者
[00:38:17.280 --> 00:38:19.280]  和大家分享的時候
[00:38:19.280 --> 00:38:21.280]  說有一部叫七印的書
[00:38:21.280 --> 00:38:23.280]  這一部書一打開的時候
[00:38:23.280 --> 00:38:25.280]  七印的審判
[00:38:25.280 --> 00:38:27.280]  就會開始
[00:38:27.280 --> 00:38:29.280]  七碗的審判
[00:38:29.280 --> 00:38:31.280]  七套的審判會繼續而來
[00:38:31.280 --> 00:38:35.280]  有個天使
[00:38:35.280 --> 00:38:37.280]  是叫約翰
[00:38:37.280 --> 00:38:39.280]  他說你吞了這部書
[00:38:39.280 --> 00:38:41.280]  你喫了它
[00:38:41.280 --> 00:38:43.280]  喫了這部書什麼意思
[00:38:43.280 --> 00:38:45.280]  我相信的意思
[00:38:45.280 --> 00:38:47.280]  就是要約翰
[00:38:47.280 --> 00:38:49.280]  如同新壽
[00:38:49.280 --> 00:38:51.280]  你不要像
[00:38:51.280 --> 00:38:53.280]  看影畫戲一樣
[00:38:53.280 --> 00:38:55.280]  置身於道外
[00:38:55.280 --> 00:38:57.280]  你喫了它
[00:38:57.280 --> 00:38:59.280]  以新爲壽
[00:38:59.280 --> 00:39:01.280]  當
[00:39:01.280 --> 00:39:03.280]  使徒約翰喫了這部書的時候
[00:39:03.280 --> 00:39:05.280]  他頭頭覺得很甜
[00:39:05.280 --> 00:39:07.280]  爲什麼會甜
[00:39:07.280 --> 00:39:09.280]  見到耶穌基督
[00:39:09.280 --> 00:39:11.280]  回來掌權甜不甜
[00:39:11.280 --> 00:39:13.280]  當然甜
[00:39:13.280 --> 00:39:15.280]  但是很快他就覺得苦
[00:39:15.280 --> 00:39:17.280]  爲什麼苦
[00:39:17.280 --> 00:39:19.280]  他回來掌權
[00:39:19.280 --> 00:39:21.280]  是有千千萬萬的人
[00:39:21.280 --> 00:39:23.280]  會得到審判
[00:39:23.280 --> 00:39:25.280]  那些是
[00:39:25.280 --> 00:39:27.280]  不接受耶穌基督的人
[00:39:27.280 --> 00:39:29.280]  所以令到他有一個惻隱的心
[00:39:29.280 --> 00:39:31.280]  所以我相信這也是
[00:39:31.280 --> 00:39:33.280]  但以你
[00:39:33.280 --> 00:39:35.280]  面色變了
[00:39:35.280 --> 00:39:37.280]  所以他是驚惶的意思
[00:39:37.280 --> 00:39:39.280]  我們福音派
[00:39:39.280 --> 00:39:41.280]  時時都被人罵
[00:39:41.280 --> 00:39:43.280]  我們教的是什麼
[00:39:43.280 --> 00:39:45.280]  教會是會被提
[00:39:45.280 --> 00:39:47.280]  這個絕對是事實
[00:39:47.280 --> 00:39:49.280]  我相信這個是聖經的教導
[00:39:49.280 --> 00:39:51.280]  但是因爲這樣
[00:39:51.280 --> 00:39:53.280]  很多人覺得
[00:39:53.280 --> 00:39:55.280]  我們就不理
[00:39:55.280 --> 00:39:57.280]  人家的死活
[00:39:57.280 --> 00:39:59.280]  教會被提就算了
[00:39:59.280 --> 00:40:01.280]  理得人家怎樣
[00:40:01.280 --> 00:40:03.280]  有很多人認爲這樣
[00:40:03.280 --> 00:40:05.280]  所以很多基督徒都不是去傳福音
[00:40:05.280 --> 00:40:07.280]  沒有這個心去傳福音
[00:40:07.280 --> 00:40:09.280]  我們應該
[00:40:09.280 --> 00:40:11.280]  好像仕徒約翰一樣
[00:40:11.280 --> 00:40:13.280]  是有一個負擔
[00:40:13.280 --> 00:40:15.280]  見到有千千萬萬
[00:40:15.280 --> 00:40:17.280]  未接受耶穌基督的人
[00:40:17.280 --> 00:40:19.280]  爲他們而苦
[00:40:19.280 --> 00:40:21.280]  爲他們得到有審判
[00:40:21.280 --> 00:40:23.280]  而覺得驚惶
[00:40:23.280 --> 00:40:25.280]  記不記得
[00:40:25.280 --> 00:40:27.280]  在約拿書
[00:40:27.280 --> 00:40:29.280]  約拿先知
[00:40:29.280 --> 00:40:31.280]  是被神
[00:40:31.280 --> 00:40:33.280]  叫他向尼尼尼人傳福音
[00:40:33.280 --> 00:40:35.280]  他頭頭不肯去
[00:40:35.280 --> 00:40:37.280]  後來去了
[00:40:37.280 --> 00:40:39.280]  但後來他又很不憤氣
[00:40:39.280 --> 00:40:41.280]  因爲尼尼尼人是得救
[00:40:41.280 --> 00:40:43.280]  神和約拿先知
[00:40:43.280 --> 00:40:45.280]  說了什麼
[00:40:45.280 --> 00:40:47.280]  最後四章十一節
[00:40:47.280 --> 00:40:49.280]  何況這尼尼未大成
[00:40:49.280 --> 00:40:51.280]  其中不能分辨左右手的
[00:40:51.280 --> 00:40:53.280]  有十二萬多人
[00:40:53.280 --> 00:40:55.280]  我豈能不愛惜呢
[00:40:55.280 --> 00:40:57.280]  神就是那位
[00:40:57.280 --> 00:40:59.280]  願萬人不救
[00:40:59.280 --> 00:41:01.280]  不願一人沉淪的
[00:41:01.280 --> 00:41:03.280]  是神
[00:41:03.280 --> 00:41:05.280]  我們要同樣像仕徒約翰一樣
[00:41:05.280 --> 00:41:07.280]  有一個向人傳福音的心
[00:41:11.280 --> 00:41:13.280]  今天我們看完末世
[00:41:13.280 --> 00:41:15.280]  我們學到什麼
[00:41:15.280 --> 00:41:17.280]  相信我們所學到的有四點
[00:41:17.280 --> 00:41:19.280]  第一點
[00:41:19.280 --> 00:41:21.280]  狄基督是隨時可以出現的
[00:41:21.280 --> 00:41:23.280]  在約翰一書
[00:41:23.280 --> 00:41:25.280]  仕徒約翰
[00:41:25.280 --> 00:41:27.280]  在二章十八節說
[00:41:27.280 --> 00:41:29.280]  小子們啊
[00:41:29.280 --> 00:41:31.280]  如今是末時了
[00:41:31.280 --> 00:41:33.280]  你們曾聽見說
[00:41:33.280 --> 00:41:35.280]  那狄基督的要來
[00:41:35.280 --> 00:41:37.280]  現在已經有好些狄基督的出來了
[00:41:37.280 --> 00:41:39.280]  從此我們就知道
[00:41:39.280 --> 00:41:41.280]  如今是末時了
[00:41:41.280 --> 00:41:43.280]  仕徒約翰說
[00:41:43.280 --> 00:41:45.280]  當有好多狄基督出現的時候
[00:41:45.280 --> 00:41:47.280]  耶穌基督就快回來
[00:41:47.280 --> 00:41:49.280]  這裏是說什麼
[00:41:49.280 --> 00:41:51.280]  我們剛纔說狄基督是Pseudo Christ
[00:41:51.280 --> 00:41:53.280]  是假耶穌
[00:41:53.280 --> 00:41:55.280]  假基督
[00:41:55.280 --> 00:41:57.280]  是冒牌基督
[00:41:57.280 --> 00:41:59.280]  當有好多冒牌基督出現的時候
[00:41:59.280 --> 00:42:01.280]  耶穌基督回來的時候
[00:42:01.280 --> 00:42:03.280]  就近了
[00:42:03.280 --> 00:42:05.280]  我真的去查一查
[00:42:05.280 --> 00:42:07.280]  有多少個冒牌基督
[00:42:07.280 --> 00:42:09.280]  在Wikipedia都有說
[00:42:09.280 --> 00:42:11.280]  有哪個自認基督
[00:42:11.280 --> 00:42:13.280]  在十八世紀有兩個
[00:42:13.280 --> 00:42:15.280]  去到十九世紀有六個
[00:42:15.280 --> 00:42:17.280]  去到二十世紀有二十三個
[00:42:17.280 --> 00:42:19.280]  包括Jim Jones
[00:42:19.280 --> 00:42:21.280]  包括David Koresh
[00:42:21.280 --> 00:42:23.280]  就是Waco,Texas那個
[00:42:23.280 --> 00:42:25.280]  也都包括
[00:42:25.280 --> 00:42:27.280]  韓國的文先明
[00:42:27.280 --> 00:42:31.280]  但是他們沒有包括到東方閃點
[00:42:31.280 --> 00:42:33.280]  你加上文先明
[00:42:35.280 --> 00:42:37.280]  二十一世紀都還沒完
[00:42:37.280 --> 00:42:39.280]  剛剛開始已經有五個了
[00:42:39.280 --> 00:42:41.280]  網上有名
[00:42:41.280 --> 00:42:43.280]  狄基督真的越來越多
[00:42:43.280 --> 00:42:45.280]  我相信十七世紀沒有
[00:42:45.280 --> 00:42:47.280]  十八世紀有兩個
[00:42:47.280 --> 00:42:49.280]  十九世紀有六個
[00:42:49.280 --> 00:42:51.280]  二十世紀有二十四個
[00:42:51.280 --> 00:42:53.280]  二十一世紀我不知道
[00:42:53.280 --> 00:42:55.280]  但是我們可以看得到
[00:42:55.280 --> 00:42:57.280]  耶穌基督隨時都會回來
[00:42:57.280 --> 00:42:59.280]  第二點學到的是要仰望基督的出現
[00:42:59.280 --> 00:43:01.280]  第二點學到的就是要仰望基督的出現
[00:43:01.280 --> 00:43:05.280]  第二點學到的就是要仰望基督的出現
[00:43:05.280 --> 00:43:07.280]  我們時時很興奮
[00:43:07.280 --> 00:43:09.280]  想知道誰是狄基督
[00:43:09.280 --> 00:43:11.280]  說到狄基督我們耳朵都豎起
[00:43:11.280 --> 00:43:13.280]  但是聖經從來沒有叫我們仰望狄基督
[00:43:13.280 --> 00:43:15.280]  是叫我們仰望耶穌基督
[00:43:15.280 --> 00:43:17.280]  在鐵撒羅尼前書一章十節
[00:43:17.280 --> 00:43:19.280]  在鐵撒羅尼前書一章十節
[00:43:19.280 --> 00:43:21.280]  或等候他兒子從天降臨
[00:43:21.280 --> 00:43:23.280]  或等候他兒子從天降臨
[00:43:23.280 --> 00:43:25.280]  就是他從死裏活活
[00:43:25.280 --> 00:43:27.280]  那位救我們脫離將來憤怒的耶穌
[00:43:27.280 --> 00:43:29.280]  那位救我們脫離將來憤怒的耶穌
[00:43:29.280 --> 00:43:31.280]  我們剛纔說過
[00:43:31.280 --> 00:43:33.280]  我們會脫離憤怒
[00:43:33.280 --> 00:43:35.280]  但是不要因爲我們脫離憤怒
[00:43:35.280 --> 00:43:37.280]  就置身到外
[00:43:37.280 --> 00:43:39.280]  我們要和別人傳福音
[00:43:39.280 --> 00:43:41.280]  我們要和別人傳福音
[00:43:41.280 --> 00:43:43.280]  也有很多基督徒可能在等候的時候
[00:43:43.280 --> 00:43:45.280]  也有很多基督徒可能在等候的時候
[00:43:45.280 --> 00:43:47.280]  覺得你不要說將來七年大災難
[00:43:47.280 --> 00:43:49.280]  我現在的生活就有大災難
[00:43:49.280 --> 00:43:51.280]  我度日如年我很難過
[00:43:51.280 --> 00:43:53.280]  我度日如年我很難過
[00:43:53.280 --> 00:43:55.280]  希望弟兄姊妹
[00:43:55.280 --> 00:43:57.280]  你看到啓示錄裏面的經文
[00:43:57.280 --> 00:43:59.280]  啓示錄六次提到撒旦
[00:43:59.280 --> 00:44:01.280]  給敵基督能力
[00:44:01.280 --> 00:44:03.280]  給敵基督能力
[00:44:03.280 --> 00:44:05.280]  這也是神所容許所發生
[00:44:05.280 --> 00:44:07.280]  掌權的仍然是神自己
[00:44:07.280 --> 00:44:09.280]  掌權的仍然是神自己
[00:44:09.280 --> 00:44:11.280]  所以當你在危難當中
[00:44:11.280 --> 00:44:13.280]  你要記得你要堅持
[00:44:13.280 --> 00:44:15.280]  你要持守
[00:44:15.280 --> 00:44:17.280]  神仍然是掌權的那一位
[00:44:17.280 --> 00:44:19.280]  神仍然是掌權的那一位
[00:44:19.280 --> 00:44:21.280]  第三樣我們學到的
[00:44:21.280 --> 00:44:23.280]  就是要警醒
[00:44:23.280 --> 00:44:25.280]  等待耶穌基督的回來
[00:44:25.280 --> 00:44:27.280]  有末世的經文
[00:44:27.280 --> 00:44:29.280]  是重複出現在聖經裏面
[00:44:29.280 --> 00:44:31.280]  是重複出現在聖經裏面
[00:44:31.280 --> 00:44:33.280]  但是有超過五十次是叫基督徒
[00:44:33.280 --> 00:44:35.280]  是要警醒
[00:44:35.280 --> 00:44:37.280]  其中一章的經文在這裏
[00:44:37.280 --> 00:44:39.280]  哥林多前書十六章十三節
[00:44:39.280 --> 00:44:41.280]  你們務要警醒
[00:44:41.280 --> 00:44:43.280]  在真道上站立得穩
[00:44:43.280 --> 00:44:45.280]  要作大丈夫要剛強
[00:44:45.280 --> 00:44:49.280]  而最後我們是要有負擔
[00:44:49.280 --> 00:44:51.280]  而最後我們是要有負擔
[00:44:51.280 --> 00:44:53.280]  我們要趕快傳福音
[00:44:53.280 --> 00:44:55.280]  像使徒約翰一樣有負擔
[00:44:55.280 --> 00:44:57.280]  要覺得爲了沒聽過福音的人
[00:44:57.280 --> 00:44:59.280]  爲了不接受耶穌基督的人
[00:44:59.280 --> 00:45:01.280]  爲了不接受耶穌基督的人
[00:45:01.280 --> 00:45:03.280]  而覺得苦
[00:45:03.280 --> 00:45:05.280]  快點去傳福音
[00:45:05.280 --> 00:45:07.280]  馬太福音九章三十七至十八節
[00:45:07.280 --> 00:45:09.280]  於是對門徒說
[00:45:09.280 --> 00:45:11.280]  要收的莊稼多
[00:45:11.280 --> 00:45:13.280]  工作的人少
[00:45:13.280 --> 00:45:15.280]  所以你們當求莊稼的主
[00:45:15.280 --> 00:45:17.280]  打發工人出去收他的莊稼
[00:45:17.280 --> 00:45:19.280]  打發工人出去收他的莊稼
[00:45:19.280 --> 00:45:21.280]  願神祝福他自己的話語
[00:45:21.280 --> 00:45:23.280]  願每一個人
[00:45:23.280 --> 00:45:25.280]  我們都有
[00:45:25.280 --> 00:45:27.280]  向沒聽過耶穌基督的名義
[00:45:27.280 --> 00:45:29.280]  向沒聽過耶穌基督的名義
[00:45:29.280 --> 00:45:31.280]  去傳福音
[00:45:31.280 --> 00:45:33.280]  我們有一個機會
[00:45:33.280 --> 00:45:35.280]  去到一個新的教堂
[00:45:35.280 --> 00:45:37.280]  去到一個新的地方
[00:45:37.280 --> 00:45:39.280]  一個新的社區
[00:45:39.280 --> 00:45:41.280]  來向當地的人傳福音
[00:45:41.280 --> 00:45:43.280]  來向當地的人傳福音
[00:45:43.280 --> 00:45:45.280]  願我們大家都有這個心
[00:45:45.280 --> 00:45:47.280]  去做這件事
[00:45:47.280 --> 00:45:49.280]  不要爲了自己的安樂
[00:45:49.280 --> 00:45:51.280]  還是爲了神的福音
[00:45:51.280 --> 00:45:53.280]  來祈求
[00:45:53.280 --> 00:45:55.280]  讓我們一起低頭禱告
[00:45:55.280 --> 00:45:57.280]  讓我們一起低頭禱告
[00:45:57.280 --> 00:45:59.280]  主啊
[00:45:59.280 --> 00:46:01.280]  我們感謝禰
[00:46:01.280 --> 00:46:03.280]  給我們彈耳理書
[00:46:03.280 --> 00:46:05.280]  當我們見到末世的情形
[00:46:05.280 --> 00:46:07.280]  當我們見到敵基督的來臨
[00:46:07.280 --> 00:46:09.280]  七年地上的大災難
[00:46:09.280 --> 00:46:11.280]  實在令人驚惶失色
[00:46:11.280 --> 00:46:13.280]  實在令人驚惶失色
[00:46:13.280 --> 00:46:15.280]  主要的是有很多
[00:46:15.280 --> 00:46:17.280]  未聽過福音
[00:46:17.280 --> 00:46:19.280]  或者不接受耶穌基督的人
[00:46:19.280 --> 00:46:21.280]  願我們都有這個心
[00:46:21.280 --> 00:46:23.280]  願我們都有這個心
[00:46:23.280 --> 00:46:25.280]  爲了他們而覺得苦
[00:46:25.280 --> 00:46:27.280]  爲了他們而有負擔
[00:46:27.280 --> 00:46:29.280]  以致我們能夠廣傳福音
[00:46:29.280 --> 00:46:31.280]  我們自己也要
[00:46:31.280 --> 00:46:33.280]  逼切地盼望
[00:46:33.280 --> 00:46:35.280]  我們自己也要逼切地盼望
[00:46:35.280 --> 00:46:37.280]  我們也要做好準備
[00:46:37.280 --> 00:46:39.280]  警醒
[00:46:39.280 --> 00:46:41.280]  來迎接這位新郎
[00:46:41.280 --> 00:46:43.280]  來迎接你的新父
[00:46:43.280 --> 00:46:45.280]  主啊我們感謝禰
[00:46:45.280 --> 00:46:47.280]  願禰繼續祝福我們
[00:46:47.280 --> 00:46:49.280]  以後分享彈耳理書的時候
[00:46:49.280 --> 00:46:51.280]  以後分享彈耳理書的時候
[00:46:51.280 --> 00:46:53.280]  我們這樣的禱告
[00:46:53.280 --> 00:46:55.280]  奉主耶穌基督的名而求
