
[00:00:00.000 --> 00:00:03.080]  你為甚麼會祈禱呢?
[00:00:03.080 --> 00:00:09.920]  如果你覺得祈禱是一個敬虔的表現
[00:00:09.920 --> 00:00:15.920]  祈禱可以令人覺得你是一個虔誠的人
[00:00:15.920 --> 00:00:19.920]  是一個愛主的基督徒的話
[00:00:19.920 --> 00:00:22.920]  耶穌有一段說話告訴你
[00:00:22.920 --> 00:00:27.920]  在馬太福音第六章第五節開始
[00:00:27.920 --> 00:00:32.920]  耶穌說:你們禱告的時候不可仗那假冒為善的人
[00:00:32.920 --> 00:00:37.920]  外站在會堂裡和十字路口上禱告
[00:00:37.920 --> 00:00:40.920]  故意叫人看見
[00:00:40.920 --> 00:00:44.920]  我實在告訴你們他們已經得了他們的賞賜
[00:00:44.920 --> 00:00:47.920]  你禱告的時候要進你的內屋
[00:00:47.920 --> 00:00:51.920]  關上門禱告你在暗中的父
[00:00:51.920 --> 00:00:55.920]  你父在暗中察看必然報答你
[00:00:57.920 --> 00:01:01.920]  如果你祈禱是因為你覺得
[00:01:01.920 --> 00:01:04.920]  神不太知道你想要甚麼
[00:01:04.920 --> 00:01:06.920]  你是需要告訴祂
[00:01:06.920 --> 00:01:09.920]  而且是要很沉氣的
[00:01:09.920 --> 00:01:12.920]  不斷地告訴祂
[00:01:12.920 --> 00:01:18.920]  祂才會聽到和將你求的東西給你
[00:01:18.920 --> 00:01:21.920]  耶穌又有說話告訴你
[00:01:21.920 --> 00:01:27.920]  在馬太福音第六章第七節耶穌繼續說
[00:01:27.920 --> 00:01:31.920]  你們禱告不可仗外幫人
[00:01:31.920 --> 00:01:33.920]  用許多重覆話
[00:01:33.920 --> 00:01:37.920]  他們以為話多了必蒙誰聽
[00:01:37.920 --> 00:01:39.920]  你們不可效法他們
[00:01:39.920 --> 00:01:42.920]  因為你們沒有祈求以先
[00:01:42.920 --> 00:01:44.920]  你們所需用的
[00:01:44.920 --> 00:01:49.920]  你們的父祖已知道了
[00:01:49.920 --> 00:01:52.920]  為何我們要祈禱呢
[00:01:52.920 --> 00:01:55.920]  為何門徒要祈禱呢
[00:01:55.920 --> 00:01:58.920]  當然耶穌沒有停在這裡
[00:01:58.920 --> 00:02:01.920]  耶穌繼續說為何門徒要祈禱
[00:02:01.920 --> 00:02:04.920]  耶穌用一個方法說
[00:02:04.920 --> 00:02:08.920]  就是教門徒一個祈禱文
[00:02:08.920 --> 00:02:11.920]  所以在第九節說
[00:02:11.920 --> 00:02:14.920]  你們禱告要這樣說
[00:02:14.920 --> 00:02:17.920]  這個祈禱文是耶穌教導的
[00:02:17.920 --> 00:02:21.920]  雖然我們一般稱它為主禱文
[00:02:21.920 --> 00:02:25.920]  但實際上它不是耶穌的祈禱
[00:02:25.920 --> 00:02:27.920]  因為耶穌不需要這樣祈禱
[00:02:27.920 --> 00:02:30.920]  這個祈禱是耶穌教門徒的祈禱
[00:02:30.920 --> 00:02:35.920]  所以這個祈禱應該被稱為門徒的禱文
[00:02:35.920 --> 00:02:37.920]  耶穌自己也會祈禱
[00:02:37.920 --> 00:02:40.920]  在聖經記載最長的一個耶穌的祈禱
[00:02:40.920 --> 00:02:42.920]  在《約翰福音》第十七章
[00:02:42.920 --> 00:02:44.920]  稱為大祭司的禱告
[00:02:44.920 --> 00:02:48.920]  這個禱告主要是為門徒求合一
[00:02:48.920 --> 00:02:51.920]  但在這個主禱文裡
[00:02:51.920 --> 00:02:54.920]  就是耶穌教門徒的祈禱
[00:02:54.920 --> 00:02:56.920]  透過這個教導
[00:02:56.920 --> 00:03:05.920]  告訴我們我們和神應該有怎樣的關係
[00:03:05.920 --> 00:03:10.920]  因為說話是一種關係的表達
[00:03:10.920 --> 00:03:14.920]  我們可以向神祈禱
[00:03:14.920 --> 00:03:16.920]  你想說什麼就說吧
[00:03:16.920 --> 00:03:17.920]  無所謂的
[00:03:17.920 --> 00:03:19.920]  但是你說什麼
[00:03:19.920 --> 00:03:23.920]  是代表著你和神的一種關係
[00:03:23.920 --> 00:03:27.920]  正如我們和人聊天也是一樣
[00:03:27.920 --> 00:03:29.920]  你不知道他和誰在聊天
[00:03:29.920 --> 00:03:31.920]  但是你聽他講電話
[00:03:31.920 --> 00:03:34.920]  你也大概猜到他和誰在聊天
[00:03:34.920 --> 00:03:37.920]  因為他和老闆和下屬講話的聲音也不同
[00:03:37.920 --> 00:03:39.920]  你知道他在用什麼聲音
[00:03:39.920 --> 00:03:41.920]  就知道他和誰在說話
[00:03:41.920 --> 00:03:46.920]  所以說話是一個關係的表達
[00:03:46.920 --> 00:03:49.920]  耶穌教導我們祈禱
[00:03:49.920 --> 00:03:52.920]  不是給我們一段不停的念
[00:03:52.920 --> 00:03:54.920]  以為就可以了
[00:03:54.920 --> 00:03:57.920]  耶穌教導我們的祈禱
[00:03:57.920 --> 00:03:59.920]  就是想告訴我們
[00:03:59.920 --> 00:04:02.920]  我們和神的關係應該是怎樣的
[00:04:02.920 --> 00:04:05.920]  如果我們可以這樣祈禱
[00:04:05.920 --> 00:04:08.920]  如果這個祈禱是出於我們真心的祈禱
[00:04:08.920 --> 00:04:13.920]  如果這個祈禱是出於我們真心的祈禱
[00:04:13.920 --> 00:04:16.920]  耶穌不教我們我們自己也會這樣說
[00:04:16.920 --> 00:04:19.920]  耶穌說這是一個理想的關係
[00:04:19.920 --> 00:04:25.920]  這代表著我們和神的關係是一個合適的關係
[00:04:25.920 --> 00:04:30.920]  所以主禱文基本上不是用來念的
[00:04:30.920 --> 00:04:32.920]  主禱文是用來追求的
[00:04:32.920 --> 00:04:34.920]  是一個方向
[00:04:34.920 --> 00:04:41.920]  是一個我們和神的關係的理想來告訴我們
[00:04:41.920 --> 00:04:45.920]  主禱文的內容是什麼呢?
[00:04:45.920 --> 00:04:49.920]  一個稱呼,兩個願望,三個祈求
[00:04:49.920 --> 00:04:52.920]  這些學大陸的
[00:04:52.920 --> 00:04:54.920]  容易記
[00:04:54.920 --> 00:05:00.920]  耶穌教導我們稱呼神為我們天上的父
[00:05:00.920 --> 00:05:03.920]  這就是一個理想的關係
[00:05:03.920 --> 00:05:05.920]  這是耶穌告訴我們
[00:05:05.920 --> 00:05:12.920]  我們和神好像和兒子、兒女、父親的關係一樣
[00:05:12.920 --> 00:05:15.920]  但是我們不要搞錯
[00:05:15.920 --> 00:05:20.920]  耶穌不是說神好像你的父親一樣
[00:05:20.920 --> 00:05:23.920]  因為每個人的父親都不同
[00:05:23.920 --> 00:05:26.920]  你的父親可能是特別差的
[00:05:26.920 --> 00:05:28.920]  見到你就會打他
[00:05:28.920 --> 00:05:30.920]  如果你說神是這樣的就糟糕了
[00:05:30.920 --> 00:05:33.920]  不是的,神不是你的父親
[00:05:33.920 --> 00:05:35.920]  神是一個父親,是天上的父親
[00:05:35.920 --> 00:05:37.920]  是一個一般的父親
[00:05:37.920 --> 00:05:41.920]  你不要代入你和你父親的關係
[00:05:41.920 --> 00:05:43.920]  去思考你和神的關係
[00:05:43.920 --> 00:05:45.920]  這樣多數都是搞錯的
[00:05:45.920 --> 00:05:50.920]  現在耶穌說我們和神的關係就像一般的父親一樣
[00:05:50.920 --> 00:05:53.920]  但這個一般的父親又不是現在的一般的父親
[00:05:53.920 --> 00:05:55.920]  現在的一般的父親
[00:05:55.920 --> 00:05:59.920]  和兒女的關係是比較平等的
[00:05:59.920 --> 00:06:03.920]  現在聽說都是父親和兒女玩
[00:06:03.920 --> 00:06:05.920]  媽媽才是教的
[00:06:05.920 --> 00:06:08.920]  和以前的世界不太一樣
[00:06:08.920 --> 00:06:11.920]  現在就算做父母和以前都很不同
[00:06:11.920 --> 00:06:17.920]  現在的父母基本上不是幫兒女做所有的事
[00:06:17.920 --> 00:06:20.920]  而是基本上是一個代理人
[00:06:20.920 --> 00:06:23.920]  幫他找一些厲害的人去做事
[00:06:23.920 --> 00:06:25.920]  以前你想吃什麼,媽媽就煮給你吃
[00:06:25.920 --> 00:06:29.920]  現在你想吃什麼,媽媽就會找一家這麼好的餐廳請你去吃
[00:06:29.920 --> 00:06:32.920]  以前你想穿什麼衣服,媽媽幫你做
[00:06:32.920 --> 00:06:38.920]  現在你想穿什麼衣服,媽媽就會帶你去一家很貴的時裝店買衣服給你穿
[00:06:38.920 --> 00:06:42.920]  或者找一個厲害的人幫你量身訂做
[00:06:42.920 --> 00:06:49.920]  以前你有病,爸爸媽媽就會幫你處理
[00:06:49.920 --> 00:06:53.920]  現在你有病,爸爸媽媽就會找一個很厲害的醫生幫你醫治
[00:06:53.920 --> 00:06:56.920]  基本上都是做代理人
[00:06:56.920 --> 00:07:00.920]  沒有任何事是親手做的
[00:07:00.920 --> 00:07:05.920]  基本上就是出錢找一些專業的人去幫你解決問題
[00:07:05.920 --> 00:07:08.920]  所以我們不是在說這種關係
[00:07:08.920 --> 00:07:12.920]  耶穌說,神好像我們的父親一樣
[00:07:12.920 --> 00:07:15.920]  就是在說2000年前的那種父親
[00:07:15.920 --> 00:07:20.920]  在羅馬世界裡面,父親是絕對的主權
[00:07:20.920 --> 00:07:26.920]  一個嬰兒出生,都是媽媽生的,不是爸爸生的
[00:07:26.920 --> 00:07:29.920]  就會帶他去父親的面前
[00:07:29.920 --> 00:07:32.920]  父親要表示接不接受
[00:07:32.920 --> 00:07:36.920]  如果父親抱起他,就接受,這是他的子女
[00:07:36.920 --> 00:07:40.920]  如果父親不抱起他,那兒子就會被扔出街
[00:07:40.920 --> 00:07:47.920]  在羅馬的法例裡面,一個爸爸可以殺了自己的兒子是不犯法的
[00:07:47.920 --> 00:07:50.920]  自己的兒子可以,但是別人的兒子不可以
[00:07:50.920 --> 00:07:52.920]  殺別人的兒子是犯法的
[00:07:52.920 --> 00:07:56.920]  所以父親是一個絕對的主權者
[00:07:56.920 --> 00:08:00.920]  所以耶穌教導我們祈禱,向神祈禱
[00:08:00.920 --> 00:08:04.920]  是叫我們在天上的父,是在說他是絕對的
[00:08:04.920 --> 00:08:06.920]  不是在說平等
[00:08:06.920 --> 00:08:09.920]  不是在說有說有笑的那種
[00:08:09.920 --> 00:08:13.920]  是在說你要聽他所說的
[00:08:13.920 --> 00:08:19.920]  所有事情都是從他而來的,你沒有辦法脫離他的掌握
[00:08:19.920 --> 00:08:24.920]  朱祖文說我們跟神的關係是怎樣呢?
[00:08:24.920 --> 00:08:27.920]  如果他是我們的父親,代表的是甚麼呢?
[00:08:27.920 --> 00:08:30.920]  有兩個方向,一個方向是有兩個願望
[00:08:30.920 --> 00:08:34.920]  就是如果我們跟一個人關係好
[00:08:34.920 --> 00:08:39.920]  我們跟他聊天的時候,就不會只想自己
[00:08:39.920 --> 00:08:44.920]  在街上遇到一個你認識的人
[00:08:44.920 --> 00:08:47.920]  也不需要關係很好,遇到一個你認識的人
[00:08:47.920 --> 00:08:51.920]  你也要問候他,很久沒見,最近怎樣?
[00:08:51.920 --> 00:08:53.920]  在哪裡發財?
[00:08:53.920 --> 00:08:56.920]  或者簡單一點,問他吃飯了沒有?
[00:08:56.920 --> 00:08:59.920]  也要問對方怎樣
[00:08:59.920 --> 00:09:05.920]  如果你不是很認識的人,很多時候就只會說自己的事
[00:09:05.920 --> 00:09:11.920]  例如你跟別人講電話,如果他不停地講自己的事
[00:09:11.920 --> 00:09:13.920]  你真的不知道他在跟誰講電話
[00:09:13.920 --> 00:09:16.920]  至於他問別人,回答別人
[00:09:16.920 --> 00:09:20.920]  你也可能猜到他在講這些事的對方是誰
[00:09:20.920 --> 00:09:23.920]  所以如果我們的祈禱
[00:09:23.920 --> 00:09:27.920]  只是我們來到別人面前不停地講自己的事
[00:09:27.920 --> 00:09:30.920]  其實跟自言自語是沒有分別的
[00:09:30.920 --> 00:09:32.920]  自言自語都是自己不停地講自己的事
[00:09:32.920 --> 00:09:35.920]  我很慘,我很壞,我有很多問題
[00:09:35.920 --> 00:09:37.920]  我有很多困難,諸如此類
[00:09:37.920 --> 00:09:39.920]  是自己不停地說
[00:09:39.920 --> 00:09:42.920]  但是如果我們跟一個人關係好的話
[00:09:42.920 --> 00:09:46.920]  我們是會先關心他的看法
[00:09:46.920 --> 00:09:48.920]  會想想他的事
[00:09:48.920 --> 00:09:50.920]  如果我們跟他關係再好的話
[00:09:50.920 --> 00:09:54.920]  我們是會關心他的願望
[00:09:54.920 --> 00:09:56.920]  他想怎樣呢?
[00:09:56.920 --> 00:09:58.920]  他有什麼心願呢?
[00:09:58.920 --> 00:10:03.920]  剛才提及過,如果我們想像神是我們的老闆的話
[00:10:03.920 --> 00:10:08.920]  你跟老闆相處,你當然會想想他想怎樣
[00:10:08.920 --> 00:10:10.920]  然後做他想的事
[00:10:10.920 --> 00:10:13.920]  不是你在老闆面前只講自己想怎樣
[00:10:13.920 --> 00:10:16.920]  老闆,我想這樣,這樣,這樣
[00:10:16.920 --> 00:10:17.920]  不是這樣的
[00:10:17.920 --> 00:10:18.920]  反過來,你是老闆就可以了
[00:10:18.920 --> 00:10:20.920]  你跟夥計就可以說你想怎樣
[00:10:20.920 --> 00:10:22.920]  然後要求他去做你想他做的事
[00:10:22.920 --> 00:10:25.920]  問題是,神是我們的老闆
[00:10:25.920 --> 00:10:27.920]  不是我們是神的老闆
[00:10:27.920 --> 00:10:29.920]  我們來到神的面前
[00:10:29.920 --> 00:10:31.920]  一個正確的關係
[00:10:31.920 --> 00:10:34.920]  就是我們要想想神想怎樣
[00:10:34.920 --> 00:10:36.920]  有時候不要說老闆
[00:10:36.920 --> 00:10:37.920]  有時候你關心的人
[00:10:37.920 --> 00:10:39.920]  你也會想想他想怎樣
[00:10:39.920 --> 00:10:41.920]  你跟一個好朋友吃飯
[00:10:41.920 --> 00:10:44.920]  喝茶,吃飯,可能是自己叫自己
[00:10:44.920 --> 00:10:46.920]  如果你關係不太好的話
[00:10:46.920 --> 00:10:49.920]  你去拿點心紙就剔自己想吃的東西
[00:10:49.920 --> 00:10:51.920]  你畫紙隔壁的又怎樣
[00:10:51.920 --> 00:10:53.920]  那些叫搭檯
[00:10:53.920 --> 00:10:55.920]  你也不會想他
[00:10:55.920 --> 00:10:57.920]  如果關係好的話
[00:10:57.920 --> 00:10:59.920]  大家去喝茶,你拿點心紙
[00:10:59.920 --> 00:11:00.920]  你想吃什麼?
[00:11:00.920 --> 00:11:02.920]  你想吃這個,我就剔這個
[00:11:02.920 --> 00:11:04.920]  關係再好的那些
[00:11:04.920 --> 00:11:06.920]  基本上
[00:11:06.920 --> 00:11:08.920]  譬如兩夫妻那些
[00:11:08.920 --> 00:11:11.920]  基本上就不需要問了
[00:11:11.920 --> 00:11:13.920]  你拿點心紙,你想起他想吃什麼
[00:11:13.920 --> 00:11:14.920]  你就幫他點了
[00:11:14.920 --> 00:11:16.920]  他也想吃這些
[00:11:16.920 --> 00:11:18.920]  所以我們來到神的面前
[00:11:18.920 --> 00:11:20.920]  要去思考
[00:11:20.920 --> 00:11:22.920]  耶穌教我們有兩個願望
[00:11:22.920 --> 00:11:24.920]  開始期待的兩個願望
[00:11:24.920 --> 00:11:26.920]  就是幫助我們去思考
[00:11:26.920 --> 00:11:28.920]  神想要什麼
[00:11:28.920 --> 00:11:30.920]  願人都尊祢的名為聖
[00:11:30.920 --> 00:11:31.920]  願祢的國降臨
[00:11:31.920 --> 00:11:34.920]  願祢的旨意行在地上和行在天上
[00:11:34.920 --> 00:11:36.920]  我們說兩個神的願望
[00:11:36.920 --> 00:11:39.920]  一個神的願望就是神想人尊祂的名為聖
[00:11:39.920 --> 00:11:43.920]  神想人都以祂為神
[00:11:43.920 --> 00:11:46.920]  以祂為特別的
[00:11:46.920 --> 00:11:48.920]  聖的意思就是與眾不同
[00:11:48.920 --> 00:11:52.920]  不要將神當作這個世界的東西
[00:11:52.920 --> 00:11:56.920]  不要去追求一些不是屬於神的東西
[00:11:56.920 --> 00:11:57.920]  以祂為神
[00:11:57.920 --> 00:11:59.920]  第二個神的願望
[00:11:59.920 --> 00:12:02.920]  就是祂願祂的國降臨
[00:12:02.920 --> 00:12:04.920]  意思就是願祂的旨意行在地上
[00:12:04.920 --> 00:12:06.920]  和行在天上
[00:12:06.920 --> 00:12:08.920]  因為各道的範圍
[00:12:08.920 --> 00:12:12.920]  就是與旨意有關係
[00:12:12.920 --> 00:12:14.920]  如果在封建的社會
[00:12:14.920 --> 00:12:16.920]  一個皇帝可以管理
[00:12:16.920 --> 00:12:19.920]  什麼地方是屬於這個皇帝
[00:12:19.920 --> 00:12:22.920]  國裡面就是他的旨意在那裡執行
[00:12:22.920 --> 00:12:24.920]  如果旨意執行不到
[00:12:24.920 --> 00:12:25.920]  是另一個人的旨意執行
[00:12:25.920 --> 00:12:27.920]  就是那個地方屬於另一個皇帝
[00:12:27.920 --> 00:12:29.920]  今時今日我們說法律
[00:12:29.920 --> 00:12:31.920]  一個地方是屬於哪裡的
[00:12:31.920 --> 00:12:35.920]  就是看看哪裡的法律在哪裡可以執行
[00:12:35.920 --> 00:12:36.920]  如果這裡是屬於美國
[00:12:36.920 --> 00:12:38.920]  美國法律可以執行
[00:12:38.920 --> 00:12:39.920]  如果這裡是屬於英國
[00:12:39.920 --> 00:12:40.920]  英國法律可以執行
[00:12:40.920 --> 00:12:42.920]  所以現在我們被教導
[00:12:42.920 --> 00:12:44.920]  這裡是屬於中國的
[00:12:44.920 --> 00:12:45.920]  所以中國法律
[00:12:45.920 --> 00:12:46.920]  英國法律
[00:12:46.920 --> 00:12:49.920]  是可以在這裡執行的
[00:12:49.920 --> 00:12:51.920]  所以各道是代表旨意
[00:12:51.920 --> 00:12:53.920]  代表律法
[00:12:53.920 --> 00:12:55.920]  所以神第二個願望
[00:12:55.920 --> 00:12:57.920]  就是願意祂的旨意
[00:12:57.920 --> 00:13:00.920]  能夠行在地上
[00:13:00.920 --> 00:13:02.920]  能夠如同行在天上的時候
[00:13:02.920 --> 00:13:04.920]  祂的各道就降臨
[00:13:04.920 --> 00:13:07.920]  祂的各道就彰顯出來了
[00:13:07.920 --> 00:13:09.920]  這個是神的心願
[00:13:09.920 --> 00:13:10.920]  這個神的心願
[00:13:10.920 --> 00:13:14.920]  不只是在主統文反映出來
[00:13:14.920 --> 00:13:18.920]  在舊約神將律法賜給以色列人
[00:13:18.920 --> 00:13:20.920]  十誡一開始的第一誡
[00:13:20.920 --> 00:13:22.920]  「除了我以外,你不可有別的神」
[00:13:22.920 --> 00:13:26.920]  就是神希望以色列人尊祂的名為聖
[00:13:26.920 --> 00:13:28.920]  你們不可以挑剔任何的偶像
[00:13:28.920 --> 00:13:30.920]  好像天上地下去代表神
[00:13:30.920 --> 00:13:32.920]  要尊神為聖
[00:13:32.920 --> 00:13:35.920]  祂跟這個世界是不同的
[00:13:35.920 --> 00:13:37.920]  神將律法賜給以色列人
[00:13:37.920 --> 00:13:39.920]  律法就表明神的旨意
[00:13:39.920 --> 00:13:41.920]  如果以色列人遵行神的旨意
[00:13:41.920 --> 00:13:45.920]  它的各道就臨在以色列人當中
[00:13:45.920 --> 00:13:47.920]  當然沒有做一件事
[00:13:47.920 --> 00:13:49.920]  這個是神的心願
[00:13:49.920 --> 00:13:50.920]  神在新約
[00:13:50.920 --> 00:13:53.920]  藉著耶穌將使命給教會
[00:13:53.920 --> 00:13:57.920]  要我們去使萬民做耶穌的門徒
[00:13:57.920 --> 00:14:00.920]  讓那些人都能夠跟隨耶穌
[00:14:00.920 --> 00:14:02.920]  不再跟隨其他的神
[00:14:02.920 --> 00:14:05.920]  他們都會尊神的名為聖
[00:14:05.920 --> 00:14:09.920]  因為只有耶穌是我們使命的門徒
[00:14:09.920 --> 00:14:12.920]  因為只有耶穌是我們所要跟隨的
[00:14:12.920 --> 00:14:15.920]  並且凡是耶穌教導我們的
[00:14:15.920 --> 00:14:17.920]  都教導他們遵守
[00:14:17.920 --> 00:14:21.920]  所以就是讓耶穌的旨意來行在地上
[00:14:21.920 --> 00:14:24.920]  因為當我們來進行耶穌的教訓的時候
[00:14:24.920 --> 00:14:27.920]  神的旨意就被執行出來
[00:14:27.920 --> 00:14:30.920]  神的各道就臨到我們當中
[00:14:30.920 --> 00:14:32.920]  所以這個是神的心願
[00:14:32.920 --> 00:14:34.920]  在舊約和新約都是這樣說
[00:14:34.920 --> 00:14:38.920]  我們去祈禱將這個變成一種願望
[00:14:38.920 --> 00:14:45.920]  我們不是求神去達到這兩個目的
[00:14:45.920 --> 00:14:48.920]  不是說你叫那些人尊你名為聖
[00:14:48.920 --> 00:14:51.920]  神很想那些人尊他名為聖
[00:14:51.920 --> 00:14:53.920]  不用你叫他這樣做
[00:14:53.920 --> 00:14:55.920]  不是神不想這樣做
[00:14:55.920 --> 00:14:58.920]  問題是什麼令那些人不尊他名為聖呢?
[00:14:58.920 --> 00:15:00.920]  是人嘛
[00:15:00.920 --> 00:15:02.920]  是我們不尊神的名為聖
[00:15:02.920 --> 00:15:03.920]  人不尊神的名為聖
[00:15:03.920 --> 00:15:05.920]  這個世界是不認識神的
[00:15:05.920 --> 00:15:07.920]  他們就不尊神的名為聖
[00:15:07.920 --> 00:15:09.920]  實際上是誰去做到這件事呢?
[00:15:09.920 --> 00:15:11.920]  是我們去做這件事
[00:15:11.920 --> 00:15:13.920]  願人都尊你的名為聖
[00:15:13.920 --> 00:15:16.920]  首先我們自己要尊神的名為聖
[00:15:16.920 --> 00:15:20.920]  不是我們叫神去叫那些人尊他名為聖
[00:15:20.920 --> 00:15:23.920]  是我們被提醒我們要做的事
[00:15:23.920 --> 00:15:24.920]  要遵行神的旨意
[00:15:24.920 --> 00:15:26.920]  是我們去遵行神的旨意
[00:15:26.920 --> 00:15:28.920]  神的旨意為什麼不能夠行在地上呢?
[00:15:28.920 --> 00:15:30.920]  因為那些人抗拒
[00:15:30.920 --> 00:15:31.920]  那些人不願意
[00:15:31.920 --> 00:15:33.920]  那些人要遵行自己的意思
[00:15:33.920 --> 00:15:37.920]  當我們來遵行上帝旨意的時候
[00:15:37.920 --> 00:15:39.920]  神的國就會降臨
[00:15:39.920 --> 00:15:41.920]  當我們教人去遵行神的旨意的時候
[00:15:41.920 --> 00:15:43.920]  神的國就會彰顯出來
[00:15:43.920 --> 00:15:45.920]  所以
[00:15:45.920 --> 00:15:49.920]  孫子孔文第一部分提醒我們
[00:15:49.920 --> 00:15:50.920]  神的心意是什麼呢?
[00:15:50.920 --> 00:15:52.920]  就是要我們去做的
[00:15:52.920 --> 00:15:54.920]  要我們透過這個祈禱
[00:15:54.920 --> 00:15:56.920]  我們就被提醒
[00:15:56.920 --> 00:15:57.920]  我們要去做的
[00:15:57.920 --> 00:15:58.920]  要去尊神的名為聖
[00:15:58.920 --> 00:16:00.920]  要去遵行神的旨意
[00:16:00.920 --> 00:16:02.920]  讓神的國降臨
[00:16:02.920 --> 00:16:04.920]  所以不是將這東西推給神
[00:16:04.920 --> 00:16:07.920]  而是將這東西重新提醒自己
[00:16:07.920 --> 00:16:10.920]  如果我們和神的關係很好的時候
[00:16:10.920 --> 00:16:11.920]  我們自然就會這樣說
[00:16:11.920 --> 00:16:13.920]  不過現在反過來
[00:16:13.920 --> 00:16:14.920]  一開始未必這麼好
[00:16:14.920 --> 00:16:16.920]  耶穌就透過教我們這樣祈禱
[00:16:16.920 --> 00:16:20.920]  幫助我們進入上帝的心意裡面
[00:16:20.920 --> 00:16:23.920]  去了解神
[00:16:23.920 --> 00:16:25.920]  去建立和神的關係
[00:16:25.920 --> 00:16:28.920]  以致我們會產生這種願望
[00:16:28.920 --> 00:16:30.920]  去實行
[00:16:30.920 --> 00:16:31.920]  去滿足神的願望
[00:16:31.920 --> 00:16:33.920]  我們就成為神的僕人
[00:16:33.920 --> 00:16:35.920]  祂就成為我們的主
[00:16:35.920 --> 00:16:40.920]  我們就真的成為一個好的下屬
[00:16:40.920 --> 00:16:44.920]  下屬也是要完成老闆的旨意
[00:16:44.920 --> 00:16:45.920]  他的心願
[00:16:45.920 --> 00:16:47.920]  還說最好不要問
[00:16:47.920 --> 00:16:48.920]  如果要問的話
[00:16:48.920 --> 00:16:50.920]  你就差一點
[00:16:50.920 --> 00:16:52.920]  老闆你想我怎樣?
[00:16:52.920 --> 00:16:55.920]  老闆就說你自己想吧
[00:16:55.920 --> 00:16:57.920]  你跟官這麼久都不知道官成不成
[00:16:57.920 --> 00:16:59.920]  你基本上就可以走了
[00:16:59.920 --> 00:17:01.920]  你第一天上班就可以問
[00:17:01.920 --> 00:17:06.920]  但是你要看自己的眉頭眼額
[00:17:06.920 --> 00:17:09.920]  你老闆究竟想你怎樣做
[00:17:09.920 --> 00:17:12.920]  要開口問就很低層次
[00:17:12.920 --> 00:17:17.920]  兩夫妻都是這樣說
[00:17:17.920 --> 00:17:19.920]  結婚這麼久你還要問
[00:17:19.920 --> 00:17:21.920]  老婆你想吃什麼?
[00:17:21.920 --> 00:17:22.920]  這樣就很低層次
[00:17:22.920 --> 00:17:23.920]  你跟我吃了這麼久的東西
[00:17:23.920 --> 00:17:24.920]  你都不知道我想吃什麼
[00:17:24.920 --> 00:17:26.920]  你還叫一些我不會吃的東西
[00:17:26.920 --> 00:17:27.920]  這樣就很低層次
[00:17:27.920 --> 00:17:29.920]  沒理由要問這些東西
[00:17:29.920 --> 00:17:32.920]  自己培養一下觀察能力
[00:17:32.920 --> 00:17:34.920]  自己了解
[00:17:34.920 --> 00:17:36.920]  為什麼我們經常覺得我們了解不了神的旨意
[00:17:36.920 --> 00:17:39.920]  就是因為我們沒有觀察能力
[00:17:39.920 --> 00:17:42.920]  你為什麼不知道你老婆喜歡吃什麼?
[00:17:42.920 --> 00:17:44.920]  就是因為你從來不留心她在吃什麼
[00:17:44.920 --> 00:17:47.920]  你每次吃飯就只顧著自己吃
[00:17:47.920 --> 00:17:50.920]  你都不知道那碟菜她有沒有夾過
[00:17:50.920 --> 00:17:52.920]  你就當然不明白
[00:17:52.920 --> 00:17:55.920]  所以我們跟神建立關係是一個過程
[00:17:55.920 --> 00:17:57.920]  我們了解神的旨意
[00:17:57.920 --> 00:17:58.920]  很難說
[00:17:58.920 --> 00:18:01.920]  神,你告訴我你的旨意是什麼
[00:18:01.920 --> 00:18:03.920]  我告訴你,神不會告訴你的
[00:18:03.920 --> 00:18:05.920]  因為你這麼低層次
[00:18:05.920 --> 00:18:06.920]  關係這麼疏離
[00:18:06.920 --> 00:18:08.920]  一說給你聽你都不明白
[00:18:08.920 --> 00:18:11.920]  我們是要慢慢去建立關係
[00:18:11.920 --> 00:18:13.920]  我們是要去留心
[00:18:13.920 --> 00:18:14.920]  神在做什麼
[00:18:14.920 --> 00:18:15.920]  在我們的生命裡
[00:18:15.920 --> 00:18:16.920]  在別人的生命裡
[00:18:16.920 --> 00:18:17.920]  在這個世界裡
[00:18:17.920 --> 00:18:19.920]  神在做什麼
[00:18:19.920 --> 00:18:22.920]  然後我們就知道神其實想我們做什麼
[00:18:22.920 --> 00:18:25.920]  這個是我們自己要留心
[00:18:25.920 --> 00:18:27.920]  只是時間積累
[00:18:27.920 --> 00:18:30.920]  慢慢你就會明白
[00:18:30.920 --> 00:18:32.920]  你沒理由不明白
[00:18:32.920 --> 00:18:34.920]  除非你的心裡不是放在那裡
[00:18:34.920 --> 00:18:38.920]  第二部分主祖文告訴我們
[00:18:38.920 --> 00:18:40.920]  有些事情我們要求
[00:18:40.920 --> 00:18:42.920]  我們要求的意思就是
[00:18:42.920 --> 00:18:47.920]  這些事情其實我們自己是做不到的
[00:18:47.920 --> 00:18:50.920]  當然我們很想自己去做
[00:18:50.920 --> 00:18:53.920]  我們很想自己去得到這些東西
[00:18:53.920 --> 00:18:56.920]  但是耶穌教我們要祈禱
[00:18:56.920 --> 00:18:58.920]  就是要求神
[00:18:58.920 --> 00:19:00.920]  就是要提醒我們
[00:19:00.920 --> 00:19:02.920]  我們是做不到的
[00:19:02.920 --> 00:19:04.920]  我們靠自己是做不到的
[00:19:04.920 --> 00:19:05.920]  所以我們要祈禱
[00:19:05.920 --> 00:19:08.920]  我們要去依靠神
[00:19:08.920 --> 00:19:10.920]  因為我們以為自己做到的事情
[00:19:10.920 --> 00:19:12.920]  我們是不會祈禱的
[00:19:12.920 --> 00:19:13.920]  我們不會求的
[00:19:13.920 --> 00:19:15.920]  以前有個人說法
[00:19:15.920 --> 00:19:17.920]  人的盡頭就是神的開始
[00:19:17.920 --> 00:19:19.920]  意思就是我們還以為自己有辦法
[00:19:19.920 --> 00:19:20.920]  我們就自己去做
[00:19:20.920 --> 00:19:21.920]  我們不會去祈禱
[00:19:21.920 --> 00:19:22.920]  當我們覺得沒有辦法
[00:19:22.920 --> 00:19:23.920]  我們才會去祈禱
[00:19:23.920 --> 00:19:25.920]  但其實實際上耶穌教我們
[00:19:25.920 --> 00:19:26.920]  一開始要祈禱
[00:19:26.920 --> 00:19:28.920]  就是一開始要知道自己是做不到的
[00:19:28.920 --> 00:19:30.920]  有三樣東西
[00:19:30.920 --> 00:19:32.920]  包括我們今天的需要
[00:19:32.920 --> 00:19:33.920]  我們現在的需要
[00:19:33.920 --> 00:19:34.920]  我們過去的需要
[00:19:34.920 --> 00:19:36.920]  和我們將來的需要
[00:19:36.920 --> 00:19:37.920]  我們現在需要什麼呢
[00:19:37.920 --> 00:19:39.920]  我們需要日用的飲食
[00:19:39.920 --> 00:19:41.920]  我們需要吃東西
[00:19:41.920 --> 00:19:42.920]  我們的身體需要
[00:19:42.920 --> 00:19:43.920]  我們需要食物
[00:19:43.920 --> 00:19:45.920]  我們需要健康
[00:19:45.920 --> 00:19:48.920]  現在我們代表多其他的東西
[00:19:48.920 --> 00:19:50.920]  我們需要好的情緒
[00:19:50.920 --> 00:19:53.920]  我們需要和別人有好的關係等等
[00:19:53.920 --> 00:19:56.920]  我們需要求神賜給我們
[00:19:56.920 --> 00:19:57.920]  我們日用的飲食
[00:19:57.920 --> 00:19:59.920]  今天賜給我們
[00:19:59.920 --> 00:20:02.920]  但是我們在這個世界被教導
[00:20:02.920 --> 00:20:05.920]  我們需要自己去想辦法解決
[00:20:05.920 --> 00:20:07.920]  所以我們很少人會這樣祈禱
[00:20:07.920 --> 00:20:10.920]  你今早有沒有為了你今天的飲食
[00:20:10.920 --> 00:20:13.920]  來求神賜給你呢
[00:20:13.920 --> 00:20:15.920]  你有沒有這樣祈禱呢
[00:20:15.920 --> 00:20:16.920]  我有了
[00:20:16.920 --> 00:20:19.920]  所以我記得自己要祈禱
[00:20:19.920 --> 00:20:21.920]  不然怎麼告訴你我有呢
[00:20:21.920 --> 00:20:25.920]  我們今天的飲食要求神賜給我們
[00:20:25.920 --> 00:20:26.920]  我們不祈禱
[00:20:26.920 --> 00:20:28.920]  因為我們覺得不會一定有得吃的
[00:20:28.920 --> 00:20:29.920]  我有錢了
[00:20:29.920 --> 00:20:30.920]  我買到了
[00:20:30.920 --> 00:20:32.920]  我家的冰箱有很多東西吃
[00:20:32.920 --> 00:20:34.920]  到處都是7-11
[00:20:34.920 --> 00:20:36.920]  我怎麼會缺乏飲食呢
[00:20:36.920 --> 00:20:38.920]  所以我們不會求的
[00:20:38.920 --> 00:20:40.920]  我們以為我們可以的
[00:20:40.920 --> 00:20:42.920]  香港大部分人都
[00:20:42.920 --> 00:20:45.920]  很少人早上起床會擔心今天沒有東西吃
[00:20:45.920 --> 00:20:48.920]  當然這個世界有些人會這麼擔心
[00:20:48.920 --> 00:20:50.920]  他們很體會這件事
[00:20:50.920 --> 00:20:52.920]  但是我們其實也有這種體會
[00:20:52.920 --> 00:20:56.920]  因為我們是不是今天一定有得吃呢
[00:20:56.920 --> 00:20:59.920]  其實我們是沒有把握的
[00:20:59.920 --> 00:21:01.920]  不是因為我們沒有錢
[00:21:01.920 --> 00:21:03.920]  不是因為我們冰箱沒東西吃
[00:21:03.920 --> 00:21:05.920]  不是因為街上沒東西買
[00:21:05.920 --> 00:21:07.920]  很多時候我們沒得吃
[00:21:07.920 --> 00:21:09.920]  最多情況發生的
[00:21:09.920 --> 00:21:11.920]  就是你沒空吃
[00:21:11.920 --> 00:21:13.920]  你試過沒空吃嗎
[00:21:13.920 --> 00:21:15.920]  太忙
[00:21:15.920 --> 00:21:17.920]  沒空吃或者忘記了吃
[00:21:17.920 --> 00:21:19.920]  那就沒得吃了
[00:21:19.920 --> 00:21:21.920]  所以神賜給你的
[00:21:21.920 --> 00:21:23.920]  你沒空不是你控制的
[00:21:23.920 --> 00:21:25.920]  你不會讓自己故意沒空吃
[00:21:25.920 --> 00:21:26.920]  那些就是故意不吃
[00:21:26.920 --> 00:21:27.920]  那些叫節食
[00:21:27.920 --> 00:21:29.920]  有時候你是真的太忙
[00:21:29.920 --> 00:21:31.920]  吃不到的
[00:21:31.920 --> 00:21:32.920]  這一方面
[00:21:32.920 --> 00:21:34.920]  讓自己不要太忙吧
[00:21:34.920 --> 00:21:38.920]  有時候我們有食物放在我們面前
[00:21:38.920 --> 00:21:40.920]  我們也吃不到
[00:21:40.920 --> 00:21:41.920]  就不是沒空
[00:21:41.920 --> 00:21:43.920]  我們可能是沒心情吃
[00:21:43.920 --> 00:21:47.920]  你又試過沒心情吃東西嗎
[00:21:47.920 --> 00:21:49.920]  就是吃不到
[00:21:49.920 --> 00:21:53.920]  可能你收到一個壞消息
[00:21:53.920 --> 00:21:58.920]  我們傳道人有時候也有這樣的經驗
[00:21:58.920 --> 00:22:01.920]  朱牧由來
[00:22:01.920 --> 00:22:03.920]  我趁他在這裡才說
[00:22:03.920 --> 00:22:06.920]  他也試過
[00:22:06.920 --> 00:22:07.920]  你吃一頓飯
[00:22:07.920 --> 00:22:08.920]  可能有個電話來
[00:22:08.920 --> 00:22:10.920]  有個會友病了
[00:22:10.920 --> 00:22:11.920]  很緊急
[00:22:11.920 --> 00:22:12.920]  你要去探望他
[00:22:12.920 --> 00:22:14.920]  除了沒空吃之外
[00:22:14.920 --> 00:22:16.920]  就是沒心情吃
[00:22:16.920 --> 00:22:18.920]  我們經常會接到一些不好的消息
[00:22:18.920 --> 00:22:20.920]  如果你吃飯的時候接到不好的消息
[00:22:20.920 --> 00:22:22.920]  你吃不下的
[00:22:22.920 --> 00:22:24.920]  那就沒得吃了
[00:22:24.920 --> 00:22:26.920]  所以你怎樣讓自己有得吃
[00:22:26.920 --> 00:22:28.920]  你是要祈禱的
[00:22:28.920 --> 00:22:31.920]  你要求神賜給你的
[00:22:31.920 --> 00:22:33.920]  有時候就算你有心情吃
[00:22:33.920 --> 00:22:35.920]  也有些情況是
[00:22:35.920 --> 00:22:37.920]  吃下去不消化的
[00:22:37.920 --> 00:22:39.920]  因為你生病的時候
[00:22:39.920 --> 00:22:42.920]  消化了不一定吸收
[00:22:42.920 --> 00:22:44.920]  有病
[00:22:44.920 --> 00:22:47.920]  有時候消化了吸收太多
[00:22:47.920 --> 00:22:49.920]  又放不出來
[00:22:49.920 --> 00:22:51.920]  我們整個過程
[00:22:51.920 --> 00:22:54.920]  我們是需要祈求神的
[00:22:54.920 --> 00:22:57.920]  耶穌教我們說我們日日都要吃
[00:22:57.920 --> 00:22:58.920]  今天賜給我們
[00:22:58.920 --> 00:23:00.920]  這樣去祈禱
[00:23:00.920 --> 00:23:02.920]  要提醒我們和神的關係
[00:23:02.920 --> 00:23:05.920]  就是我們其實是供應不了我們自己
[00:23:05.920 --> 00:23:07.920]  我們以為自己可以
[00:23:07.920 --> 00:23:08.920]  除了飲食
[00:23:08.920 --> 00:23:10.920]  我們不能夠令自己快樂
[00:23:10.920 --> 00:23:12.920]  所以我們很想
[00:23:12.920 --> 00:23:14.920]  我們每一天開心地生活
[00:23:14.920 --> 00:23:17.920]  你會不會早上起床
[00:23:17.920 --> 00:23:20.920]  來求神讓你今天開心一點
[00:23:20.920 --> 00:23:23.920]  還是你以為你自己可以令自己開心
[00:23:23.920 --> 00:23:24.920]  但不一定可以的
[00:23:24.920 --> 00:23:26.920]  很多不開心的事情會發生
[00:23:26.920 --> 00:23:27.920]  是你控制不了的
[00:23:27.920 --> 00:23:30.920]  你不祈求就未必會發生
[00:23:30.920 --> 00:23:32.920]  你想不想和別人的關係好一點
[00:23:32.920 --> 00:23:34.920]  你要早上起床
[00:23:34.920 --> 00:23:35.920]  你要祈禱
[00:23:35.920 --> 00:23:37.920]  神求你讓我今天和別人的關係
[00:23:37.920 --> 00:23:39.920]  可以相處得好
[00:23:39.920 --> 00:23:42.920]  有時不是因為你忍得就相處得好
[00:23:42.920 --> 00:23:45.920]  有時人會衝著你來
[00:23:45.920 --> 00:23:46.920]  就好像你開車
[00:23:46.920 --> 00:23:47.920]  懂得開車的人都知道
[00:23:47.920 --> 00:23:49.920]  不是你開得小心一定沒事
[00:23:49.920 --> 00:23:51.920]  有些人故意撞你
[00:23:51.920 --> 00:23:53.920]  你怎麼開都沒有辦法
[00:23:53.920 --> 00:23:55.920]  那些人是要衝著你來
[00:23:55.920 --> 00:23:57.920]  你是不能搞的
[00:23:57.920 --> 00:23:58.920]  所以你控制不了
[00:23:58.920 --> 00:24:00.920]  控制不了
[00:24:00.920 --> 00:24:02.920]  我們就要祈禱
[00:24:02.920 --> 00:24:04.920]  耶穌教我們祈禱說
[00:24:04.920 --> 00:24:05.920]  我們日用的飲食
[00:24:05.920 --> 00:24:06.920]  今天賜給我們
[00:24:06.920 --> 00:24:07.920]  就是要提醒我們
[00:24:07.920 --> 00:24:09.920]  我們是控制不了
[00:24:09.920 --> 00:24:11.920]  我們日常的需要
[00:24:11.920 --> 00:24:14.920]  我們是要祈禱求神去幫助
[00:24:14.920 --> 00:24:15.920]  因為詩篇告訴我們
[00:24:15.920 --> 00:24:17.920]  不是建造房屋
[00:24:17.920 --> 00:24:19.920]  建造的人就枉然勞力
[00:24:19.920 --> 00:24:21.920]  不是看守城池
[00:24:21.920 --> 00:24:24.920]  看守的人就枉然警醒
[00:24:24.920 --> 00:24:26.920]  所以我們要學習
[00:24:26.920 --> 00:24:27.920]  來這樣祈禱
[00:24:27.920 --> 00:24:29.920]  就是提醒我們自己
[00:24:29.920 --> 00:24:31.920]  其實我們控制不了
[00:24:31.920 --> 00:24:33.920]  我們每一天為我們的飲食
[00:24:33.920 --> 00:24:34.920]  為我們的情緒
[00:24:34.920 --> 00:24:37.920]  為我們的人際關係祈禱
[00:24:37.920 --> 00:24:38.920]  訓練我們
[00:24:38.920 --> 00:24:39.920]  讓我們知道
[00:24:39.920 --> 00:24:41.920]  我們是控制不了這些東西
[00:24:41.920 --> 00:24:43.920]  我們是需要靠神去幫助我們
[00:24:43.920 --> 00:24:44.920]  引導我們
[00:24:44.920 --> 00:24:45.920]  第二
[00:24:45.920 --> 00:24:46.920]  因為我們要祈禱
[00:24:46.920 --> 00:24:47.920]  要求的
[00:24:47.920 --> 00:24:49.920]  就是關於過去
[00:24:49.920 --> 00:24:52.920]  我們就不會為昨天的飲食祈禱
[00:24:52.920 --> 00:24:53.920]  因為都沒有了
[00:24:53.920 --> 00:24:54.920]  沒得吃就沒得吃
[00:24:54.920 --> 00:24:56.920]  昨天忙得太久沒得吃
[00:24:56.920 --> 00:24:58.920]  神求你賜昨天的飲食給我
[00:24:58.920 --> 00:24:59.920]  沒用的
[00:24:59.920 --> 00:25:00.920]  都過去了
[00:25:00.920 --> 00:25:01.920]  昨天都過去了
[00:25:01.920 --> 00:25:02.920]  昨天你不開心
[00:25:02.920 --> 00:25:03.920]  都沒得求得了
[00:25:03.920 --> 00:25:06.920]  我們為過去要求什麼呢
[00:25:06.920 --> 00:25:08.920]  耶穌用了一個例子
[00:25:08.920 --> 00:25:11.920]  這個例子就是欠債的例子
[00:25:11.920 --> 00:25:13.920]  這是一個例子
[00:25:13.920 --> 00:25:15.920]  當我們求神免我們的債
[00:25:15.920 --> 00:25:16.920]  與我們免別人的債
[00:25:16.920 --> 00:25:17.920]  是一個例子
[00:25:17.920 --> 00:25:20.920]  不代表我們必須免別人的債
[00:25:20.920 --> 00:25:21.920]  神才會免我們的債
[00:25:21.920 --> 00:25:23.920]  這個如同是一個例子
[00:25:23.920 --> 00:25:24.920]  我們會做
[00:25:24.920 --> 00:25:26.920]  我們為過去
[00:25:26.920 --> 00:25:28.920]  過去的需要是什麼呢
[00:25:28.920 --> 00:25:30.920]  影響今天我們的
[00:25:30.920 --> 00:25:34.920]  通常就是我們過去一些不好的東西
[00:25:34.920 --> 00:25:35.920]  欠債就是
[00:25:35.920 --> 00:25:37.920]  什麼叫欠債呢
[00:25:37.920 --> 00:25:39.920]  就是你欠債的時候
[00:25:39.920 --> 00:25:42.920]  你就會被債來捆綁你
[00:25:42.920 --> 00:25:44.920]  影響你
[00:25:44.920 --> 00:25:47.920]  你試過欠債沒有
[00:25:47.920 --> 00:25:51.920]  如果你買了房子
[00:25:51.920 --> 00:25:52.920]  你都知道
[00:25:52.920 --> 00:25:53.920]  你買房子一定欠債
[00:25:53.920 --> 00:25:55.920]  你很少人自己真金白銀買房子
[00:25:55.920 --> 00:25:56.920]  你又欠銀行錢
[00:25:56.920 --> 00:25:57.920]  你就要供房子
[00:25:57.920 --> 00:25:59.920]  供房子就是還債
[00:25:59.920 --> 00:26:00.920]  還債的時候
[00:26:00.920 --> 00:26:03.920]  你就會被債來捆綁
[00:26:03.920 --> 00:26:06.920]  以前我們試過
[00:26:06.920 --> 00:26:07.920]  給了你負資產
[00:26:07.920 --> 00:26:08.920]  你更加知道
[00:26:08.920 --> 00:26:09.920]  什麼叫被債來捆綁
[00:26:09.920 --> 00:26:10.920]  你是無法脫身的
[00:26:10.920 --> 00:26:12.920]  你被迫每個月要還債
[00:26:12.920 --> 00:26:14.920]  你一定要有錢
[00:26:14.920 --> 00:26:15.920]  你一定要賺錢
[00:26:15.920 --> 00:26:16.920]  你沒有錢就無法還債
[00:26:16.920 --> 00:26:18.920]  你會受債來捆綁的影響
[00:26:18.920 --> 00:26:21.920]  甚至心理上也會受債來捆綁的影響
[00:26:21.920 --> 00:26:23.920]  你不敢失去工作
[00:26:23.920 --> 00:26:25.920]  你不敢轉工
[00:26:26.920 --> 00:26:30.920]  我老婆做銀行
[00:26:30.920 --> 00:26:32.920]  以前都是這樣
[00:26:32.920 --> 00:26:33.920]  供房子的時候
[00:26:33.920 --> 00:26:35.920]  她說你一轉銀行
[00:26:35.920 --> 00:26:36.920]  她轉工都不敢
[00:26:36.920 --> 00:26:37.920]  雖然轉銀行
[00:26:37.920 --> 00:26:39.920]  銀行都會給你按揭
[00:26:39.920 --> 00:26:41.920]  但是她要重新估價
[00:26:41.920 --> 00:26:42.920]  如果你是負資產
[00:26:42.920 --> 00:26:43.920]  你就慘了
[00:26:43.920 --> 00:26:44.920]  你要重新拿一筆錢出來
[00:26:44.920 --> 00:26:45.920]  你沒有
[00:26:45.920 --> 00:26:47.920]  你就連轉工都不敢
[00:26:47.920 --> 00:26:50.920]  你是會被這些東西捆綁的
[00:26:50.920 --> 00:26:53.920]  羅馬人他們欠債欠得厲害的時候
[00:26:53.920 --> 00:26:55.920]  結果是怎樣呢
[00:26:55.920 --> 00:26:57.920]  他們就會變成奴隸
[00:26:57.920 --> 00:27:00.920]  羅馬奴隸制度的出現
[00:27:00.920 --> 00:27:03.920]  歷史上最早期就是因為欠債
[00:27:03.920 --> 00:27:04.920]  那些人欠債
[00:27:04.920 --> 00:27:06.920]  欠債得多的時候
[00:27:06.920 --> 00:27:09.920]  就會賣了自己給債主
[00:27:09.920 --> 00:27:11.920]  所謂你要永遠跟他打工
[00:27:11.920 --> 00:27:13.920]  因為你欠他很多錢
[00:27:13.920 --> 00:27:15.920]  當時當然沒有破產法例
[00:27:15.920 --> 00:27:17.920]  也沒有這些搞笑的東西
[00:27:17.920 --> 00:27:19.920]  總之你欠很多錢的時候
[00:27:19.920 --> 00:27:21.920]  你就真的一輩子跟他打工
[00:27:21.920 --> 00:27:23.920]  就等於奴隸
[00:27:23.920 --> 00:27:24.920]  奴隸就是這樣出來的
[00:27:24.920 --> 00:27:26.920]  所以耶穌用這個比喻
[00:27:26.920 --> 00:27:29.920]  對於過去我們要處理的
[00:27:29.920 --> 00:27:31.920]  就是那些影響我們今天的東西
[00:27:31.920 --> 00:27:33.920]  什麼影響我們今天呢
[00:27:33.920 --> 00:27:37.920]  就是我們有些東西會纏累我們到今天
[00:27:37.920 --> 00:27:42.920]  那些東西我們只能夠求神去免去
[00:27:42.920 --> 00:27:44.920]  多數都是我們的罪
[00:27:44.920 --> 00:27:46.920]  以致我們很容易
[00:27:46.920 --> 00:27:48.920]  今天我們的生活
[00:27:48.920 --> 00:27:52.920]  為了補償我們過去的錯誤去做人
[00:27:52.920 --> 00:27:54.920]  我們就被那些東西纏累了
[00:27:54.920 --> 00:27:57.920]  我們沒辦法選擇我們自己想過的生活
[00:27:57.920 --> 00:27:59.920]  就好像一個欠債的人
[00:27:59.920 --> 00:28:01.920]  沒辦法選擇自己去花錢
[00:28:01.920 --> 00:28:03.920]  因為他的錢全部用來還債
[00:28:03.920 --> 00:28:04.920]  那些錢不是他的
[00:28:04.920 --> 00:28:06.920]  但他仍然要很辛苦去賺錢
[00:28:06.920 --> 00:28:07.920]  但那些錢不是他的
[00:28:07.920 --> 00:28:08.920]  因為他欠很多錢
[00:28:08.920 --> 00:28:10.920]  所以他要去還債
[00:28:10.920 --> 00:28:12.920]  所以我們很多時候在過去
[00:28:12.920 --> 00:28:15.920]  就會因著過去我們所做的事
[00:28:15.920 --> 00:28:18.920]  影響了我們今天去生活
[00:28:18.920 --> 00:28:19.920]  我們去做人
[00:28:19.920 --> 00:28:22.920]  我們被迫去還債
[00:28:22.920 --> 00:28:28.920]  以致我們沒辦法去自由選擇我們的生活
[00:28:28.920 --> 00:28:31.920]  沒辦法自由去遵從上帝的旨意
[00:28:31.920 --> 00:28:34.920]  因為我們好像欠了過去一樣
[00:28:34.920 --> 00:28:38.920]  但耶穌基督要讓我們得著自由
[00:28:38.920 --> 00:28:40.920]  真理是叫人得著自由的意思
[00:28:40.920 --> 00:28:42.920]  不是你想做什麼就做什麼
[00:28:42.920 --> 00:28:44.920]  真理叫我們得著自由的意思
[00:28:44.920 --> 00:28:46.920]  就是我們可以擺脫過去的纏累
[00:28:46.920 --> 00:28:50.920]  擺脫過去我們所做錯的事
[00:28:50.920 --> 00:28:53.920]  因為耶穌神赦免我們
[00:28:53.920 --> 00:28:56.920]  神是可以赦免我們的
[00:28:56.920 --> 00:28:59.920]  所以我們需要祈求神赦免我們
[00:28:59.920 --> 00:29:02.920]  幫助我們有新的開始
[00:29:02.920 --> 00:29:04.920]  幫助我們重新做人
[00:29:04.920 --> 00:29:07.920]  幫助我們成為一個新做的人
[00:29:07.920 --> 00:29:11.920]  等等都是在說我們要擺脫過去
[00:29:11.920 --> 00:29:15.920]  我們要求神免我們的債
[00:29:15.920 --> 00:29:17.920]  債是可以免的
[00:29:17.920 --> 00:29:19.920]  如果我們做債主
[00:29:19.920 --> 00:29:22.920]  我們就知道我們可以免人的債
[00:29:22.920 --> 00:29:25.920]  我們最多什麼時候做債主呢
[00:29:25.920 --> 00:29:26.920]  就是吃飯
[00:29:26.920 --> 00:29:29.920]  吃完飯有個人先結帳
[00:29:29.920 --> 00:29:30.920]  我結帳了
[00:29:30.920 --> 00:29:32.920]  你們就麻煩把錢交給我
[00:29:32.920 --> 00:29:34.920]  在你們還沒把錢交給我之前
[00:29:34.920 --> 00:29:35.920]  我就是債主
[00:29:35.920 --> 00:29:36.920]  你們是債主
[00:29:36.920 --> 00:29:38.920]  你們是欠我的
[00:29:38.920 --> 00:29:39.920]  你們要還
[00:29:39.920 --> 00:29:41.920]  你們可能還不了
[00:29:41.920 --> 00:29:42.920]  那不是大錢
[00:29:42.920 --> 00:29:44.920]  我下次見到你才還給你
[00:29:44.920 --> 00:29:47.920]  那你不知何時下次見到我
[00:29:47.920 --> 00:29:49.920]  那你就錢累你了
[00:29:49.920 --> 00:29:51.920]  你一路被這個債綁住
[00:29:51.920 --> 00:29:52.920]  慘了
[00:29:52.920 --> 00:29:55.920]  何時要記住欠誰多少錢
[00:29:55.920 --> 00:29:57.920]  所以當我們是債主
[00:29:57.920 --> 00:29:58.920]  我們就有一個權柄
[00:29:58.920 --> 00:29:59.920]  權柄是什麼呢
[00:29:59.920 --> 00:30:01.920]  我們可以免人的債
[00:30:01.920 --> 00:30:02.920]  我欠了錢
[00:30:02.920 --> 00:30:04.920]  你們花錢還給我
[00:30:04.920 --> 00:30:05.920]  沒帶錢了
[00:30:05.920 --> 00:30:07.920]  你不會安樂的
[00:30:07.920 --> 00:30:09.920]  你還錢給我那種
[00:30:09.920 --> 00:30:10.920]  你一定不會安樂
[00:30:10.920 --> 00:30:12.920]  你可以一路逼他
[00:30:12.920 --> 00:30:15.920]  每天給他WhatsApp還錢
[00:30:15.920 --> 00:30:19.920]  但你都可以免他債
[00:30:19.920 --> 00:30:20.920]  你沒帶錢
[00:30:20.920 --> 00:30:21.920]  算了我請
[00:30:21.920 --> 00:30:23.920]  那就免他債
[00:30:23.920 --> 00:30:25.920]  很容易
[00:30:25.920 --> 00:30:26.920]  你說話也行
[00:30:26.920 --> 00:30:27.920]  因為你是債主
[00:30:27.920 --> 00:30:29.920]  債主有權柄
[00:30:29.920 --> 00:30:31.920]  如果我們得罪神的時候
[00:30:31.920 --> 00:30:34.920]  神是掌管天地萬有的
[00:30:34.920 --> 00:30:36.920]  祂是可以赦免我們
[00:30:36.920 --> 00:30:39.920]  不過神免我們的債
[00:30:39.920 --> 00:30:40.920]  祂要付代價
[00:30:40.920 --> 00:30:43.920]  就好像我們免人的債要付代價一樣
[00:30:43.920 --> 00:30:45.920]  不是口爽爽的
[00:30:45.920 --> 00:30:47.920]  算了你沒帶錢不用還
[00:30:47.920 --> 00:30:48.920]  我付吧
[00:30:48.920 --> 00:30:49.920]  我付代價
[00:30:49.920 --> 00:30:50.920]  因為我付了錢
[00:30:50.920 --> 00:30:52.920]  我真的沒錢
[00:30:52.920 --> 00:30:53.920]  我不是貪口爽
[00:30:53.920 --> 00:30:55.920]  說一句很容易
[00:30:55.920 --> 00:30:57.920]  所以神要赦免我們的罪
[00:30:57.920 --> 00:30:59.920]  也不是貪口爽
[00:30:59.920 --> 00:31:00.920]  祂要付代價
[00:31:00.920 --> 00:31:02.920]  祂就將祂獨生的兒子
[00:31:02.920 --> 00:31:04.920]  差來這個世界為我們死
[00:31:04.920 --> 00:31:06.920]  所以祂是付了
[00:31:06.920 --> 00:31:08.920]  因為祂付了
[00:31:08.920 --> 00:31:09.920]  所以祂可以說一聲
[00:31:09.920 --> 00:31:11.920]  算了免你的罪
[00:31:11.920 --> 00:31:13.920]  就好像我幫你付了錢
[00:31:13.920 --> 00:31:15.920]  你吃了頓飯
[00:31:15.920 --> 00:31:16.920]  我幫你付了錢
[00:31:16.920 --> 00:31:17.920]  你欠我的
[00:31:17.920 --> 00:31:19.920]  所以我可以說一聲
[00:31:19.920 --> 00:31:20.920]  算了我請
[00:31:20.920 --> 00:31:21.920]  不用你付
[00:31:21.920 --> 00:31:23.920]  就好像很容易
[00:31:23.920 --> 00:31:25.920]  但之前是付了代價
[00:31:25.920 --> 00:31:27.920]  耶神為我們付代價
[00:31:27.920 --> 00:31:32.920]  所以我們要擺脫過去的前類
[00:31:32.920 --> 00:31:34.920]  我們只能求神
[00:31:34.920 --> 00:31:36.920]  我們自己努力做不到
[00:31:36.920 --> 00:31:39.920]  我們以為我們在補償我們的錯嗎
[00:31:39.920 --> 00:31:40.920]  我告訴你
[00:31:40.920 --> 00:31:41.920]  你越補償
[00:31:41.920 --> 00:31:43.920]  你覺得你越需要補償
[00:31:43.920 --> 00:31:44.920]  不知為何
[00:31:44.920 --> 00:31:47.920]  你永遠都覺得是填不滿頭
[00:31:47.920 --> 00:31:49.920]  如果你覺得你得罪過某人
[00:31:49.920 --> 00:31:50.920]  你傷害過某人
[00:31:50.920 --> 00:31:51.920]  你要來補償他
[00:31:51.920 --> 00:31:53.920]  你不會有一天覺得你是滿足
[00:31:53.920 --> 00:31:54.920]  我補償夠了
[00:31:54.920 --> 00:31:55.920]  不會的
[00:31:55.920 --> 00:31:58.920]  你除非是被赦免
[00:31:58.920 --> 00:31:59.920]  除非那個人說
[00:31:59.920 --> 00:32:01.920]  算了不用你付
[00:32:01.920 --> 00:32:02.920]  否則的話
[00:32:02.920 --> 00:32:04.920]  你自己努力去做
[00:32:04.920 --> 00:32:06.920]  你仍然覺得你還是差的
[00:32:06.920 --> 00:32:08.920]  你還是欠的
[00:32:08.920 --> 00:32:10.920]  所以我們去處理過去
[00:32:10.920 --> 00:32:13.920]  是需要擺脫過去的前類
[00:32:13.920 --> 00:32:16.920]  唯有靠神來幫助我們
[00:32:16.920 --> 00:32:19.920]  唯有靠神來赦免我們
[00:32:19.920 --> 00:32:20.920]  當然我們的祈禱
[00:32:20.920 --> 00:32:22.920]  常常都會有這件事
[00:32:22.920 --> 00:32:24.920]  特別我們做了基督徒
[00:32:24.920 --> 00:32:27.920]  我們知道我們自己處理不到我們的罪
[00:32:27.920 --> 00:32:30.920]  所以我們是求神赦罪的
[00:32:30.920 --> 00:32:31.920]  這個禱告
[00:32:31.920 --> 00:32:33.920]  我們很多時候
[00:32:33.920 --> 00:32:34.920]  就算你自己沒有
[00:32:34.920 --> 00:32:37.920]  我們在崇拜都會有赦罪的禱告
[00:32:37.920 --> 00:32:39.920]  有人帶領我們做這件事
[00:32:39.920 --> 00:32:40.920]  但是日用飲食
[00:32:40.920 --> 00:32:42.920]  我很少聽崇拜
[00:32:42.920 --> 00:32:44.920]  主席會為大家祈禱
[00:32:44.920 --> 00:32:46.920]  神賜我們今晚有得吃
[00:32:46.920 --> 00:32:47.920]  今天下午有得吃
[00:32:47.920 --> 00:32:49.920]  這是很少的
[00:32:49.920 --> 00:32:50.920]  第三件事
[00:32:50.920 --> 00:32:54.920]  我們是不能夠靠我們自己力量來做的
[00:32:54.920 --> 00:32:56.920]  都是要求神的
[00:32:56.920 --> 00:32:58.920]  就是面對將來
[00:32:58.920 --> 00:32:59.920]  面對將來
[00:32:59.920 --> 00:33:01.920]  我們最大的挑戰
[00:33:01.920 --> 00:33:05.920]  就是我們會遇到很多危險
[00:33:05.920 --> 00:33:07.920]  我們的挑戰不是我們缺乏
[00:33:07.920 --> 00:33:09.920]  我們缺乏神可以給我們
[00:33:09.920 --> 00:33:10.920]  但是有些時候
[00:33:10.920 --> 00:33:14.920]  我們可能會遇到很多危險
[00:33:14.920 --> 00:33:16.920]  遇到很多的爭戰
[00:33:16.920 --> 00:33:17.920]  遇到很多的凶惡
[00:33:17.920 --> 00:33:19.920]  所以耶穌教我們的祈禱
[00:33:19.920 --> 00:33:21.920]  就是不叫我們遇見試探
[00:33:21.920 --> 00:33:23.920]  叫我們脫離凶惡
[00:33:23.920 --> 00:33:28.920]  因為人生是一個危險的旅程
[00:33:28.920 --> 00:33:31.920]  我們面對的世界
[00:33:31.920 --> 00:33:32.920]  面對的將來
[00:33:32.920 --> 00:33:36.920]  不是童話故事裏寫得那麼美好的
[00:33:36.920 --> 00:33:38.920]  我們周圍的人
[00:33:38.920 --> 00:33:43.920]  不是我們所想的那麼好人
[00:33:43.920 --> 00:33:46.920]  我們是在危險裏生活的
[00:33:46.920 --> 00:33:48.920]  因為地球是一個很危險的地方
[00:33:48.920 --> 00:33:52.920]  我們是面對很多的困難
[00:33:52.920 --> 00:33:55.920]  周圍有很多很凶惡的人
[00:33:55.920 --> 00:33:59.920]  當然我們沒有機會見到很多很凶惡的人
[00:33:59.920 --> 00:34:01.920]  特別是在教會做
[00:34:01.920 --> 00:34:03.920]  當警察會見到更多
[00:34:03.920 --> 00:34:05.920]  但這個世界真的有些很凶惡很凶惡的人
[00:34:05.920 --> 00:34:07.920]  有些很壞很壞的人
[00:34:07.920 --> 00:34:11.920]  我們以為憑自己可以應付他們
[00:34:11.920 --> 00:34:14.920]  其實是不行的
[00:34:14.920 --> 00:34:16.920]  是要神幫助我們
[00:34:16.920 --> 00:34:19.920]  我們是很容易犯錯的
[00:34:19.920 --> 00:34:22.920]  我們是很容易被傷害的
[00:34:22.920 --> 00:34:27.920]  總之我們是很危險的
[00:34:27.920 --> 00:34:30.920]  你開車在香港
[00:34:30.920 --> 00:34:33.920]  這些是要Dexter才明白的
[00:34:33.920 --> 00:34:35.920]  有些人真的是亂開車
[00:34:35.920 --> 00:34:37.920]  你沒有遇到這些人
[00:34:37.920 --> 00:34:40.920]  你真的是神敢保守你的
[00:34:40.920 --> 00:34:43.920]  否則的話你肯定會被他撞到
[00:34:43.920 --> 00:34:46.920]  你是沒有辦法脫離的
[00:34:46.920 --> 00:34:49.920]  我們有些時候以為我們是操練自己
[00:34:49.920 --> 00:34:52.920]  讓自己受得了所有危險
[00:34:52.920 --> 00:34:53.920]  受得了所有試探
[00:34:53.920 --> 00:34:54.920]  我不會犯錯
[00:34:54.920 --> 00:34:56.920]  其實是不行的
[00:34:56.920 --> 00:35:00.920]  我們受得了因為那些試探是很輕微的
[00:35:00.920 --> 00:35:03.920]  你想一下
[00:35:03.920 --> 00:35:06.920]  詹仕牧師是負責編港島的
[00:35:06.920 --> 00:35:08.920]  安排人來港島的
[00:35:08.920 --> 00:35:11.920]  我給你一百元你幫我港島
[00:35:11.920 --> 00:35:12.920]  讓我來港島
[00:35:12.920 --> 00:35:13.920]  他當然不會騷擾我
[00:35:13.920 --> 00:35:14.920]  一百元而已
[00:35:14.920 --> 00:35:15.920]  我給你二百元
[00:35:15.920 --> 00:35:17.920]  你不要來
[00:35:17.920 --> 00:35:18.920]  沒用的
[00:35:18.920 --> 00:35:19.920]  但如果我給他一百萬
[00:35:19.920 --> 00:35:21.920]  你猜他會不會想一下呢
[00:35:21.920 --> 00:35:22.920]  我給你一百萬
[00:35:22.920 --> 00:35:23.920]  你安排我來港島
[00:35:23.920 --> 00:35:24.920]  當然這個例子
[00:35:24.920 --> 00:35:26.920]  這個世界沒有人會出一百萬為了港島的
[00:35:26.920 --> 00:35:28.920]  我假設這樣說
[00:35:28.920 --> 00:35:30.920]  但是詹仕牧師也不會騷擾我
[00:35:30.920 --> 00:35:31.920]  一百萬我沒有嗎
[00:35:31.920 --> 00:35:33.920]  很厲害嗎
[00:35:33.920 --> 00:35:35.920]  我給他一億
[00:35:35.920 --> 00:35:37.920]  一億他可能可以想一下
[00:35:37.920 --> 00:35:38.920]  沒所謂的
[00:35:38.920 --> 00:35:40.920]  給人降一度而已
[00:35:40.920 --> 00:35:43.920]  也不會亂說
[00:35:43.920 --> 00:35:45.920]  也不會說異端
[00:35:45.920 --> 00:35:46.920]  但是收了一億
[00:35:46.920 --> 00:35:49.920]  我比較會用才好
[00:35:49.920 --> 00:35:51.920]  我們有時候不會犯錯
[00:35:51.920 --> 00:35:55.920]  是因為我們面對的試探很小
[00:35:55.920 --> 00:35:57.920]  而如果我們面對很大的試探
[00:35:57.920 --> 00:35:59.920]  我們沒有人保證
[00:35:59.920 --> 00:36:01.920]  我們是不會貪
[00:36:01.920 --> 00:36:03.920]  不會錯
[00:36:03.920 --> 00:36:05.920]  除非我們求神幫助我們
[00:36:05.920 --> 00:36:07.920]  不要遇到那些事
[00:36:07.920 --> 00:36:09.920]  不要遇到那些危險
[00:36:09.920 --> 00:36:11.920]  不要遇到那些問題
[00:36:11.920 --> 00:36:12.920]  所以你說貪污
[00:36:12.920 --> 00:36:14.920]  是不是那些人貪污是很壞呢
[00:36:14.920 --> 00:36:16.920]  其實要看貪多少
[00:36:16.920 --> 00:36:18.920]  我們未必受得了
[00:36:18.920 --> 00:36:20.920]  一百幾十你不會貪
[00:36:20.920 --> 00:36:22.920]  一億幾千萬
[00:36:22.920 --> 00:36:24.920]  對很多人來說
[00:36:24.920 --> 00:36:26.920]  都很難抗拒
[00:36:26.920 --> 00:36:28.920]  所以最好不要遇到這件事
[00:36:28.920 --> 00:36:31.920]  以前我認識一個姊妹
[00:36:31.920 --> 00:36:33.920]  在另一間教會
[00:36:33.920 --> 00:36:34.920]  她也試過
[00:36:34.920 --> 00:36:36.920]  有一個客人
[00:36:36.920 --> 00:36:38.920]  不知道要求她幫他做些什麼
[00:36:38.920 --> 00:36:40.920]  給她一個公文袋
[00:36:40.920 --> 00:36:42.920]  沒有錢
[00:36:42.920 --> 00:36:44.920]  她不敢打開公文袋
[00:36:44.920 --> 00:36:46.920]  因為她一打開公文袋
[00:36:46.920 --> 00:36:48.920]  他就會收了她
[00:36:48.920 --> 00:36:50.920]  所以她不敢
[00:36:50.920 --> 00:36:52.920]  她原封退回給客人
[00:36:52.920 --> 00:36:54.920]  因為她知道
[00:36:54.920 --> 00:36:56.920]  人是很危險的
[00:36:56.920 --> 00:36:58.920]  我們去暴露在
[00:36:58.920 --> 00:37:00.920]  試探裏面
[00:37:00.920 --> 00:37:02.920]  我們是很容易跌倒
[00:37:02.920 --> 00:37:04.920]  所以她不看
[00:37:04.920 --> 00:37:06.920]  一看就算了
[00:37:06.920 --> 00:37:08.920]  一看那些東西就來了
[00:37:08.920 --> 00:37:10.920]  你就未必放得手
[00:37:10.920 --> 00:37:12.920]  不要
[00:37:12.920 --> 00:37:14.920]  所以
[00:37:14.920 --> 00:37:16.920]  我們是要求神幫助我們
[00:37:16.920 --> 00:37:18.920]  這些事我們做不到
[00:37:18.920 --> 00:37:20.920]  我們不要
[00:37:20.920 --> 00:37:22.920]  看到自己那麼厲害
[00:37:22.920 --> 00:37:24.920]  那麼好打
[00:37:24.920 --> 00:37:26.920]  你未見過好打的人
[00:37:26.920 --> 00:37:28.920]  你以為你欺負周圍的人
[00:37:28.920 --> 00:37:30.920]  是很好欺負
[00:37:30.920 --> 00:37:32.920]  你真的遇到一個那麼高手
[00:37:32.920 --> 00:37:34.920]  你知道這個世界
[00:37:34.920 --> 00:37:36.920]  一山還有一山高
[00:37:36.920 --> 00:37:38.920]  所以我們只能求神幫助我們
[00:37:38.920 --> 00:37:40.920]  不要遇到
[00:37:40.920 --> 00:37:42.920]  不要陷入
[00:37:42.920 --> 00:37:44.920]  或者真正面對的時候
[00:37:44.920 --> 00:37:46.920]  救我們脫離
[00:37:46.920 --> 00:37:48.920]  讓我們快點離開
[00:37:48.920 --> 00:37:50.920]  不要在這個環境
[00:37:50.920 --> 00:37:52.920]  在這個環境我們會被毀滅
[00:37:52.920 --> 00:37:54.920]  我們會被打倒
[00:37:54.920 --> 00:37:56.920]  我們是不行的
[00:37:56.920 --> 00:37:58.920]  所以這個祈禱
[00:37:58.920 --> 00:38:00.920]  提醒我們
[00:38:00.920 --> 00:38:02.920]  如果我們相信自己是很厲害的
[00:38:02.920 --> 00:38:04.920]  什麼怪獸都打倒的話
[00:38:04.920 --> 00:38:06.920]  當我們
[00:38:06.920 --> 00:38:08.920]  用耶穌教我們的祈禱
[00:38:08.920 --> 00:38:10.920]  求神救我們脫離凶惡
[00:38:10.920 --> 00:38:12.920]  我們就提醒我們自己
[00:38:12.920 --> 00:38:14.920]  其實我們不是那麼能打的人
[00:38:14.920 --> 00:38:16.920]  我們以為自己行
[00:38:16.920 --> 00:38:18.920]  因為我們未遇過最惡的人
[00:38:18.920 --> 00:38:20.920]  這個世界的人
[00:38:20.920 --> 00:38:22.920]  可以很殘忍,可以很差
[00:38:22.920 --> 00:38:24.920]  我們可能在我們周圍的生活
[00:38:24.920 --> 00:38:26.920]  沒有這些人
[00:38:26.920 --> 00:38:28.920]  但是你看新聞
[00:38:28.920 --> 00:38:30.920]  香港的新聞,世界的新聞
[00:38:30.920 --> 00:38:32.920]  你看那些人在戰爭裏面所做的
[00:38:32.920 --> 00:38:34.920]  犯的那些事
[00:38:34.920 --> 00:38:36.920]  人是可以這麼壞的
[00:38:36.920 --> 00:38:38.920]  我們沒有機會遇到
[00:38:38.920 --> 00:38:40.920]  是上帝的恩典
[00:38:40.920 --> 00:38:42.920]  所以我們要繼續為自己祈禱
[00:38:42.920 --> 00:38:44.920]  第二部分說我們要求的
[00:38:44.920 --> 00:38:46.920]  三樣東西就是要提醒
[00:38:46.920 --> 00:38:48.920]  我們我們不行
[00:38:48.920 --> 00:38:50.920]  我們和神的關係是什麼?
[00:38:50.920 --> 00:38:52.920]  因為是神才能夠幫助我們
[00:38:52.920 --> 00:38:54.920]  得到這些東西
[00:38:54.920 --> 00:38:56.920]  因為神是至高的
[00:38:56.920 --> 00:38:58.920]  因為各道權並榮耀都是祂
[00:38:58.920 --> 00:39:00.920]  所以我們學習
[00:39:00.920 --> 00:39:02.920]  這樣去祈求
[00:39:02.920 --> 00:39:04.920]  我們就會知道
[00:39:04.920 --> 00:39:06.920]  提醒自己
[00:39:06.920 --> 00:39:08.920]  我們其實是很脆弱和有限
[00:39:08.920 --> 00:39:10.920]  是神才能夠幫助我們
[00:39:10.920 --> 00:39:12.920]  供應我們今天的需要
[00:39:12.920 --> 00:39:14.920]  幫助我們脫離過去的前類
[00:39:14.920 --> 00:39:16.920]  保護我們
[00:39:16.920 --> 00:39:18.920]  面對將來的危險
[00:39:18.920 --> 00:39:20.920]  我們靠自己
[00:39:20.920 --> 00:39:22.920]  其實是不行的
[00:39:22.920 --> 00:39:24.920]  我們要相信神才是這樣
[00:39:24.920 --> 00:39:26.920]  而這是一個理想的狀況
[00:39:26.920 --> 00:39:28.920]  當我們和神
[00:39:28.920 --> 00:39:30.920]  這麼理想的關係的時候
[00:39:30.920 --> 00:39:32.920]  我們會體會到
[00:39:32.920 --> 00:39:34.920]  現在我們可能不太體會到
[00:39:34.920 --> 00:39:36.920]  因為我們還是很相信自己
[00:39:36.920 --> 00:39:38.920]  在某些情況都可以
[00:39:38.920 --> 00:39:40.920]  但一個屬靈的人
[00:39:40.920 --> 00:39:42.920]  很多人在屬靈的操練
[00:39:42.920 --> 00:39:44.920]  很成功的時候
[00:39:44.920 --> 00:39:46.920]  他們什麼芝麻綠豆都會祈禱
[00:39:46.920 --> 00:39:48.920]  因為知道自己不行
[00:39:48.920 --> 00:39:50.920]  我們就不是
[00:39:50.920 --> 00:39:52.920]  很多人問我們有什麼可以祈禱
[00:39:52.920 --> 00:39:54.920]  沒什麼可以感恩
[00:39:54.920 --> 00:39:56.920]  一來可能是客氣
[00:39:56.920 --> 00:39:58.920]  二來就是不想讓你知道這麼多
[00:39:58.920 --> 00:40:00.920]  但是一個很親密的人
[00:40:00.920 --> 00:40:02.920]  他知道什麼都要祈禱
[00:40:02.920 --> 00:40:04.920]  不然我也不知道
[00:40:04.920 --> 00:40:06.920]  一會兒有沒有硬食
[00:40:06.920 --> 00:40:08.920]  我開始肚子餓
[00:40:08.920 --> 00:40:10.920]  我們要祈禱
[00:40:10.920 --> 00:40:12.920]  神就給我硬食
[00:40:12.920 --> 00:40:14.920]  吃了是不是真的可以健康
[00:40:14.920 --> 00:40:16.920]  是不是真的會沒事
[00:40:16.920 --> 00:40:18.920]  我們是體會到每樣東西
[00:40:18.920 --> 00:40:20.920]  我們都需要去祈禱
[00:40:20.920 --> 00:40:22.920]  所以我們就反過來說
[00:40:22.920 --> 00:40:24.920]  我們就透過凡是禱告
[00:40:24.920 --> 00:40:26.920]  每樣東西都祈禱
[00:40:26.920 --> 00:40:28.920]  我們自己其實是不行的
[00:40:28.920 --> 00:40:30.920]  因為人都是這樣的
[00:40:30.920 --> 00:40:32.920]  我們覺得可以的東西我們是不會祈禱的
[00:40:32.920 --> 00:40:34.920]  我們覺得沒什麼可以祈禱
[00:40:34.920 --> 00:40:36.920]  我們自己搞定
[00:40:36.920 --> 00:40:38.920]  但當我們慢慢體會
[00:40:38.920 --> 00:40:40.920]  很多東西都搞不定
[00:40:40.920 --> 00:40:42.920]  我們就有很多東西去祈禱
[00:40:42.920 --> 00:40:44.920]  很少的東西我們知道我們都不行
[00:40:44.920 --> 00:40:46.920]  我們都盡力去做
[00:40:46.920 --> 00:40:48.920]  而不是我們放棄
[00:40:48.920 --> 00:40:50.920]  我們知道我們做壞我們做
[00:40:50.920 --> 00:40:52.920]  但是最後
[00:40:52.920 --> 00:40:54.920]  剛才提過
[00:40:54.920 --> 00:40:56.920]  有沒有吃
[00:40:56.920 --> 00:40:58.920]  我們都是要仰望神的幫助
[00:40:58.920 --> 00:41:00.920]  我們就真的有很多東西
[00:41:00.920 --> 00:41:02.920]  可以來祈禱
[00:41:02.920 --> 00:41:04.920]  主禱文是提醒我們
[00:41:04.920 --> 00:41:06.920]  我們和神的關係
[00:41:06.920 --> 00:41:08.920]  是一個怎樣的關係
[00:41:08.920 --> 00:41:10.920]  祂是我們的符的意思
[00:41:10.920 --> 00:41:12.920]  我們是要去納智
[00:41:12.920 --> 00:41:14.920]  跟隨祂去做祂想要我們做的事
[00:41:14.920 --> 00:41:16.920]  而我們自己的需要
[00:41:16.920 --> 00:41:18.920]  祂是幫到我們的
[00:41:18.920 --> 00:41:20.920]  祂是有榮耀的
[00:41:20.920 --> 00:41:22.920]  祂是有權柄的
[00:41:22.920 --> 00:41:24.920]  這個角度是屬於祂的
[00:41:24.920 --> 00:41:26.920]  所以我們是可以
[00:41:26.920 --> 00:41:28.920]  將這些事帶到神的面前
[00:41:28.920 --> 00:41:30.920]  來仰望
[00:41:30.920 --> 00:41:32.920]  來等候祂
[00:41:32.920 --> 00:41:34.920]  來相信祂能夠
[00:41:34.920 --> 00:41:36.920]  去幫助我們
[00:41:36.920 --> 00:41:38.920]  去引導我們
[00:41:38.920 --> 00:41:40.920]  最後我們一同
[00:41:40.920 --> 00:41:42.920]  用主耶穌教導我們的祈禱
[00:41:42.920 --> 00:41:44.920]  我們一同開聲來祈禱
[00:41:44.920 --> 00:41:46.920]  我們在天上的父
[00:41:46.920 --> 00:41:48.920]  願人都尊祢的名為聖
[00:41:48.920 --> 00:41:50.920]  願祢的國降臨
[00:41:50.920 --> 00:41:52.920]  願祢的旨意
[00:41:52.920 --> 00:41:54.920]  行在地上
[00:41:54.920 --> 00:41:56.920]  如同行在天上
[00:41:56.920 --> 00:41:58.920]  我們日用的飲食
[00:41:58.920 --> 00:42:00.920]  今日賜給我們
[00:42:00.920 --> 00:42:02.920]  以我們的債
[00:42:02.920 --> 00:42:04.920]  如同我們免了人的債
[00:42:04.920 --> 00:42:06.920]  不叫我們遇見試探
[00:42:06.920 --> 00:42:08.920]  救我們脫離凶惡
[00:42:08.920 --> 00:42:10.920]  因為國度
[00:42:10.920 --> 00:42:12.920]  權柄
[00:42:12.920 --> 00:42:14.920]  榮耀全是祢的
[00:42:14.920 --> 00:42:16.920]  直到永遠
[00:42:16.920 --> 00:42:18.920]  阿們
