
[00:00:00.000 --> 00:00:02.000]  各位聽眾平安
[00:00:02.000 --> 00:00:08.000]  我們今天繼續思想聖經裡面有關於信仰的實踐的經文
[00:00:08.000 --> 00:00:10.000]  我們很盼望上帝幫助我們
[00:00:10.000 --> 00:00:13.000]  我們真的可以活出神給我們的心意
[00:00:13.000 --> 00:00:15.000]  我們大家再一起祈禱
[00:00:15.000 --> 00:00:23.000]  在天上的主
[00:00:23.000 --> 00:00:27.000]  在寶座掌管萬佑的上帝
[00:00:27.000 --> 00:00:31.000]  求祢這個時候開我們的眼睛
[00:00:31.000 --> 00:00:34.000]  讓我們看到祢的尊榮
[00:00:34.000 --> 00:00:36.000]  看到祢的崇高
[00:00:36.000 --> 00:00:39.000]  我們知道祂敬畏祢
[00:00:39.000 --> 00:00:45.000]  我們仰望祢自己將那顆聽從的心賜給我們
[00:00:45.000 --> 00:00:48.000]  讓我們行在祢的道上面
[00:00:48.000 --> 00:00:50.000]  我們真正蒙福
[00:00:50.000 --> 00:00:53.000]  如今我們打開聖經思想祢的說話
[00:00:53.000 --> 00:00:55.000]  我們仰望真理的成靈
[00:00:55.000 --> 00:00:58.000]  在我們心中指教我們
[00:00:58.000 --> 00:01:01.000]  讓我們在祢裡面因為領受祢的話
[00:01:01.000 --> 00:01:04.000]  我們心就可以滿足
[00:01:04.000 --> 00:01:09.000]  聽我們祈禱仰望奉耶穌成名祈求
[00:01:09.000 --> 00:01:15.000]  我們再打開剛才讀過的亞國書第四章的經文
[00:01:15.000 --> 00:01:24.000]  我們今天思想的是驕傲自恃和行善
[00:01:24.000 --> 00:01:27.000]  二者之間很多的關係
[00:01:27.000 --> 00:01:30.000]  講到驕傲大家都可能會記得我們在教會裡面
[00:01:30.000 --> 00:01:32.000]  很經常提及一次經文
[00:01:32.000 --> 00:01:35.000]  就是亞國書裡面的第四章第六節
[00:01:35.000 --> 00:01:38.000]  這次經文我們很多場合都會提及
[00:01:38.000 --> 00:01:40.000]  就是聖經所說
[00:01:40.000 --> 00:01:43.000]  神抵擋驕傲的人
[00:01:43.000 --> 00:01:47.000]  次因及謙卑的人
[00:01:47.000 --> 00:01:50.000]  上帝抵擋驕傲的人
[00:01:50.000 --> 00:01:54.000]  但是以謙卑的人為他次因的對象
[00:01:54.000 --> 00:02:00.000]  也都意味著只有謙卑的人才會承受恩典
[00:02:00.000 --> 00:02:02.000]  驕傲的人不能夠承受恩典
[00:02:02.000 --> 00:02:07.000]  同時成為了神所敵對的人
[00:02:07.000 --> 00:02:10.000]  聖經裡面很嚴肅地說這件事情
[00:02:10.000 --> 00:02:14.000]  驕傲的心是不能夠討神的喜悅
[00:02:14.000 --> 00:02:18.000]  也都因此不能夠行神的道
[00:02:18.000 --> 00:02:20.000]  當我們讀到這些經文的時候
[00:02:20.000 --> 00:02:23.000]  就會明白聖經所講述的這種驕傲
[00:02:23.000 --> 00:02:26.000]  不單止是講述你對人驕傲
[00:02:26.000 --> 00:02:28.000]  而是對神驕傲
[00:02:28.000 --> 00:02:30.000]  這是最大的驕傲
[00:02:30.000 --> 00:02:32.000]  因為你可以去掌控一切
[00:02:32.000 --> 00:02:35.000]  你可以操控自己的人生
[00:02:35.000 --> 00:02:37.000]  你為我搞得怎樣
[00:02:37.000 --> 00:02:39.000]  但是在過程當中
[00:02:39.000 --> 00:02:42.000]  發覺當對神驕傲的時候
[00:02:42.000 --> 00:02:45.000]  這個人變得很自恃
[00:02:45.000 --> 00:02:48.000]  也都不會有那種力量
[00:02:48.000 --> 00:02:51.000]  可以行神自己的路
[00:02:51.000 --> 00:02:53.000]  因此當我們讀這段經文的時候
[00:02:53.000 --> 00:02:55.000]  我們心裡面的祈禱就是
[00:02:55.000 --> 00:02:58.000]  求神給我們一顆誠實謙卑的心
[00:02:58.000 --> 00:03:00.000]  來跟隨上帝
[00:03:00.000 --> 00:03:02.000]  一路來跟隨他
[00:03:02.000 --> 00:03:05.000]  聖經一開始的第十三節
[00:03:05.000 --> 00:03:10.000]  就提到很多信徒可能會有的
[00:03:10.000 --> 00:03:12.000]  一種對生活的看法
[00:03:12.000 --> 00:03:13.000]  所以十三節
[00:03:13.000 --> 00:03:17.000]  你們說,這裡你們相對於前面第十一節
[00:03:17.000 --> 00:03:19.000]  都是在講驕傲
[00:03:19.000 --> 00:03:24.000]  當時聖經雅各就對當時的驕傲說
[00:03:24.000 --> 00:03:26.000]  今天或明天
[00:03:26.000 --> 00:03:28.000]  我們要到某城去
[00:03:28.000 --> 00:03:30.000]  在那裡住一年
[00:03:30.000 --> 00:03:32.000]  作生意,賺錢
[00:03:32.000 --> 00:03:34.000]  其實明天怎樣
[00:03:34.000 --> 00:03:35.000]  你們並不知道
[00:03:35.000 --> 00:03:38.000]  你們的生命是什麼
[00:03:38.000 --> 00:03:40.000]  當時的弟兄姊妹
[00:03:40.000 --> 00:03:42.000]  他們有一些會這樣說
[00:03:42.000 --> 00:03:44.000]  我能夠去計劃我將來
[00:03:44.000 --> 00:03:46.000]  我無論去那裡
[00:03:46.000 --> 00:03:47.000]  留多久
[00:03:47.000 --> 00:03:48.000]  做些什麼
[00:03:48.000 --> 00:03:50.000]  會得到什麼
[00:03:50.000 --> 00:03:52.000]  都完全在我計劃之內
[00:03:52.000 --> 00:03:55.000]  我可以去決定
[00:03:55.000 --> 00:03:57.000]  自己將來會怎樣
[00:03:57.000 --> 00:03:59.000]  當這樣說的時候
[00:03:59.000 --> 00:04:00.000]  雅各就提醒
[00:04:00.000 --> 00:04:03.000]  其實有兩件事情你是完全不知道的
[00:04:03.000 --> 00:04:04.000]  第一件事情
[00:04:04.000 --> 00:04:07.000]  明天會如何
[00:04:07.000 --> 00:04:10.000]  你今天是不是會知道
[00:04:10.000 --> 00:04:14.000]  你的生命明天會怎樣
[00:04:14.000 --> 00:04:17.000]  你會不會知道
[00:04:17.000 --> 00:04:20.000]  一個很直接的訊問
[00:04:20.000 --> 00:04:23.000]  而我們很快就會體會
[00:04:23.000 --> 00:04:25.000]  其實我們真的不知道
[00:04:25.000 --> 00:04:28.000]  剛剛這段時間大家常常看新聞
[00:04:28.000 --> 00:04:32.000]  就會看到不斷報導意大利的消息
[00:04:32.000 --> 00:04:33.000]  大家知道
[00:04:33.000 --> 00:04:35.000]  一條五十年的橋
[00:04:35.000 --> 00:04:38.000]  多年來很多人在上面經過
[00:04:38.000 --> 00:04:40.000]  但突然間意想不到
[00:04:40.000 --> 00:04:42.000]  這條橋的中間一段
[00:04:42.000 --> 00:04:45.000]  突然間整段倒塌下來
[00:04:45.000 --> 00:04:49.000]  裡面的車連人帶車就掉下去
[00:04:49.000 --> 00:04:50.000]  報導說
[00:04:50.000 --> 00:04:52.000]  有最少四十二個人死亡
[00:04:52.000 --> 00:04:55.000]  很多人重傷
[00:04:55.000 --> 00:04:56.000]  我想很多人都會很驚訝
[00:04:56.000 --> 00:04:59.000]  因為他們經常經過那條天橋
[00:04:59.000 --> 00:05:03.000]  但為什麼今天突然間會倒下去
[00:05:03.000 --> 00:05:04.000]  甚至
[00:05:04.000 --> 00:05:06.000]  昨天在看新聞的時候說到
[00:05:06.000 --> 00:05:08.000]  很多家人很傷心
[00:05:08.000 --> 00:05:14.000]  沒想到身邊的人會突然間消失
[00:05:14.000 --> 00:05:16.000]  這些事情我們常常都會看到
[00:05:16.000 --> 00:05:17.000]  聽到
[00:05:17.000 --> 00:05:19.000]  有太多明天發生的事情
[00:05:19.000 --> 00:05:22.000]  我們不會知道
[00:05:22.000 --> 00:05:23.000]  另一件事情
[00:05:23.000 --> 00:05:24.000]  我想起一位弟兄
[00:05:24.000 --> 00:05:30.000]  這位弟兄過去工作很勤奮
[00:05:30.000 --> 00:05:33.000]  很快就累積了不少金錢
[00:05:33.000 --> 00:05:36.000]  到了差不多五十歲的時候
[00:05:36.000 --> 00:05:37.000]  他就計劃
[00:05:37.000 --> 00:05:39.000]  五十歲我可以退休
[00:05:39.000 --> 00:05:42.000]  將來生活完全沒問題
[00:05:42.000 --> 00:05:44.000]  然後他就很想在退休之後
[00:05:44.000 --> 00:05:47.000]  做些什麼就做些什麼
[00:05:47.000 --> 00:05:48.000]  但完全想不到
[00:05:48.000 --> 00:05:51.000]  就是當他五十歲退休那一年
[00:05:51.000 --> 00:05:53.000]  突然間就發覺自己
[00:05:53.000 --> 00:05:56.000]  是患了急性的重病
[00:05:56.000 --> 00:05:58.000]  然後在退休同年
[00:05:58.000 --> 00:06:01.000]  他就過世了
[00:06:01.000 --> 00:06:02.000]  當我想起這位弟兄的時候
[00:06:02.000 --> 00:06:03.000]  我就想
[00:06:03.000 --> 00:06:04.000]  有太多事情
[00:06:04.000 --> 00:06:07.000]  是我們不能夠預計的
[00:06:07.000 --> 00:06:10.000]  不是我們能夠控制的事情
[00:06:10.000 --> 00:06:11.000]  這位弟兄告訴我們
[00:06:11.000 --> 00:06:14.000]  不要對神自誇
[00:06:14.000 --> 00:06:17.000]  以為你可以掌握自己的人生
[00:06:17.000 --> 00:06:19.000]  以為你可以自己知道
[00:06:19.000 --> 00:06:22.000]  怎樣去處理
[00:06:22.000 --> 00:06:23.000]  這位弟兄就反而說
[00:06:23.000 --> 00:06:24.000]  你要留意的
[00:06:24.000 --> 00:06:25.000]  反而是你要這樣說
[00:06:25.000 --> 00:06:28.000]  在下面第十五節繼續說
[00:06:28.000 --> 00:06:32.000]  「你們賭不如說
[00:06:32.000 --> 00:06:33.000]  主若願意
[00:06:33.000 --> 00:06:35.000]  我們就可以活著
[00:06:35.000 --> 00:06:38.000]  作者是或作那是」
[00:06:38.000 --> 00:06:40.000]  在內心裡很清楚承認
[00:06:40.000 --> 00:06:42.000]  上帝在這個人世間
[00:06:42.000 --> 00:06:45.000]  在我的生命當中掌權
[00:06:45.000 --> 00:06:48.000]  因此承認一切所能夠做的
[00:06:48.000 --> 00:06:49.000]  存在乎神
[00:06:49.000 --> 00:06:51.000]  如果主若願意
[00:06:51.000 --> 00:06:53.000]  就可以做到
[00:06:53.000 --> 00:06:55.000]  完全在祂的掌權當中
[00:06:55.000 --> 00:06:59.000]  而我們自己是沒有甚麼可誇的地方
[00:06:59.000 --> 00:07:01.000]  是沒有甚麼可以誇口
[00:07:01.000 --> 00:07:04.000]  是我的聰明
[00:07:04.000 --> 00:07:07.000]  是我自己的雄才
[00:07:07.000 --> 00:07:08.000]  偉略
[00:07:08.000 --> 00:07:10.000]  成就這些事情
[00:07:10.000 --> 00:07:12.000]  在當中只能夠說
[00:07:12.000 --> 00:07:13.000]  主若願意
[00:07:13.000 --> 00:07:14.000]  我可以做這件事
[00:07:14.000 --> 00:07:16.000]  做那件事
[00:07:16.000 --> 00:07:19.000]  全部都是恩典
[00:07:19.000 --> 00:07:22.000]  我記得有一次聽到一位姊妹
[00:07:22.000 --> 00:07:26.000]  她住在美國紐約
[00:07:26.000 --> 00:07:30.000]  這位姊妹是義務女傳道
[00:07:30.000 --> 00:07:32.000]  在一間教會服侍
[00:07:32.000 --> 00:07:34.000]  她告訴我一件事
[00:07:34.000 --> 00:07:36.000]  她說「其實我很清楚
[00:07:36.000 --> 00:07:37.000]  我今天能夠做的
[00:07:37.000 --> 00:07:39.000]  完全是神的恩典」
[00:07:39.000 --> 00:07:40.000]  她這樣說
[00:07:40.000 --> 00:07:41.000]  我再次追問她
[00:07:41.000 --> 00:07:44.000]  她說「你記不記得911事件」
[00:07:44.000 --> 00:07:46.000]  大家都知道
[00:07:46.000 --> 00:07:47.000]  911事件
[00:07:47.000 --> 00:07:53.000]  當時美國這兩座貿易的大廈
[00:07:53.000 --> 00:07:57.000]  被撞塌的處境
[00:07:57.000 --> 00:08:00.000]  她說當時我在上面上班
[00:08:00.000 --> 00:08:02.000]  但是在這件事發生之前
[00:08:02.000 --> 00:08:04.000]  我的老闆突然跟我說
[00:08:04.000 --> 00:08:06.000]  叫我去另一個部門
[00:08:06.000 --> 00:08:08.000]  我就接受了
[00:08:08.000 --> 00:08:09.000]  但是去到之後
[00:08:09.000 --> 00:08:12.000]  發覺這個部門很忙碌
[00:08:12.000 --> 00:08:14.000]  它整個生活都改變了
[00:08:14.000 --> 00:08:16.000]  星期六日很多時候都要上班
[00:08:16.000 --> 00:08:18.000]  然後再回到教會
[00:08:18.000 --> 00:08:19.000]  生活很混亂
[00:08:19.000 --> 00:08:21.000]  因為很多工作
[00:08:21.000 --> 00:08:22.000]  在那個時候
[00:08:22.000 --> 00:08:23.000]  她自己都祈禱
[00:08:23.000 --> 00:08:26.000]  問我可不可以改變這個環境呢
[00:08:26.000 --> 00:08:27.000]  當然她擔心
[00:08:27.000 --> 00:08:28.000]  如果沒有一份工作
[00:08:28.000 --> 00:08:30.000]  她的生活會有影響
[00:08:30.000 --> 00:08:31.000]  但是祈禱之後
[00:08:31.000 --> 00:08:34.000]  她覺得應該放心離開
[00:08:34.000 --> 00:08:36.000]  所以她就離開了
[00:08:36.000 --> 00:08:39.000]  辭退了這份工作
[00:08:39.000 --> 00:08:41.000]  很快隨神為她預備一份新工作
[00:08:41.000 --> 00:08:43.000]  但是當她還沒有上班之前
[00:08:43.000 --> 00:08:45.000]  911事件發生
[00:08:45.000 --> 00:08:49.000]  她本來是在94樓上班
[00:08:49.000 --> 00:08:51.000]  當事件發生的時候
[00:08:51.000 --> 00:08:53.000]  她心裏很震撼
[00:08:53.000 --> 00:08:56.000]  因為94樓全層
[00:08:56.000 --> 00:08:59.000]  她每一個同事
[00:08:59.000 --> 00:09:03.000]  在那天都過世了
[00:09:03.000 --> 00:09:05.000]  剩下她
[00:09:05.000 --> 00:09:07.000]  她剛剛離職
[00:09:07.000 --> 00:09:09.000]  因此不在當場
[00:09:09.000 --> 00:09:10.000]  而她想
[00:09:10.000 --> 00:09:12.000]  這班同事當中有驕徒
[00:09:12.000 --> 00:09:15.000]  有些甚至覺得比她更好的驕徒
[00:09:15.000 --> 00:09:18.000]  但是神容許他們都離開世界
[00:09:18.000 --> 00:09:21.000]  但是為什麼保留我呢
[00:09:21.000 --> 00:09:25.000]  這件事情給她心裏很多反省
[00:09:25.000 --> 00:09:27.000]  反省人生究竟是什麼
[00:09:27.000 --> 00:09:29.000]  很清楚知道
[00:09:29.000 --> 00:09:31.000]  今天生命能夠存留
[00:09:31.000 --> 00:09:33.000]  完全在乎神
[00:09:33.000 --> 00:09:35.000]  也感受到神存留
[00:09:35.000 --> 00:09:37.000]  祂一定有祂的目的
[00:09:37.000 --> 00:09:40.000]  所以她一直思想著自己人生的方向
[00:09:40.000 --> 00:09:42.000]  後來她自己就很清楚知道
[00:09:42.000 --> 00:09:43.000]  神帶領她
[00:09:43.000 --> 00:09:46.000]  她轉為一位傳道人
[00:09:46.000 --> 00:09:50.000]  然後在教會裏服事
[00:09:50.000 --> 00:09:52.000]  當我想到她分享的時候
[00:09:52.000 --> 00:09:53.000]  就想到
[00:09:53.000 --> 00:09:56.000]  我們未必避開什麼大災難
[00:09:56.000 --> 00:09:58.000]  但是有些時候你會發覺
[00:09:58.000 --> 00:10:00.000]  你今天有健康
[00:10:00.000 --> 00:10:03.000]  你今天仍然能夠做到某些事情
[00:10:03.000 --> 00:10:05.000]  你推回以前的日子
[00:10:05.000 --> 00:10:07.000]  如果不是那些事情發生
[00:10:07.000 --> 00:10:09.000]  你今天不會是今天
[00:10:09.000 --> 00:10:11.000]  很多個體會你會知道
[00:10:11.000 --> 00:10:12.000]  如果不是這位上帝
[00:10:12.000 --> 00:10:14.000]  在我生命裏面帶領我
[00:10:14.000 --> 00:10:17.000]  我也不知道我會變成怎樣
[00:10:17.000 --> 00:10:20.000]  在生命裏面常常記得一件事情
[00:10:20.000 --> 00:10:26.000]  一切一切在這位上帝的掌權當中
[00:10:26.000 --> 00:10:27.000]  所以當我們記得
[00:10:27.000 --> 00:10:30.000]  我們常常讀到真言三章五字的時候
[00:10:30.000 --> 00:10:32.000]  你記得聖經所講
[00:10:32.000 --> 00:10:33.000]  聖經就說
[00:10:33.000 --> 00:10:37.000]  你要專心仰賴耶和華
[00:10:37.000 --> 00:10:40.000]  不可以靠自己的聰明
[00:10:40.000 --> 00:10:43.000]  在你一切所行的事上
[00:10:43.000 --> 00:10:45.000]  要認定祂
[00:10:45.000 --> 00:10:48.000]  祂必指引你的路
[00:10:48.000 --> 00:10:51.000]  聖經說到你要認定祂
[00:10:51.000 --> 00:10:54.000]  英文的翻譯是acknowledge
[00:10:54.000 --> 00:10:58.000]  就是去承認祂的主權
[00:10:58.000 --> 00:11:03.000]  承認祂在人世間掌管萬有
[00:11:03.000 --> 00:11:06.000]  因此你會去敬畏祂
[00:11:06.000 --> 00:11:08.000]  會聽從祂的心意
[00:11:08.000 --> 00:11:11.000]  有留心祂對你的引導
[00:11:11.000 --> 00:11:13.000]  而行在祂的路上
[00:11:13.000 --> 00:11:16.000]  一個真正相信神掌權的人
[00:11:16.000 --> 00:11:21.000]  是會知道去聽從神
[00:11:21.000 --> 00:11:25.000]  我想分享另一件事情
[00:11:25.000 --> 00:11:27.000]  很多電影節目都為我禱告
[00:11:27.000 --> 00:11:29.000]  剛剛從美國的羅省回來
[00:11:29.000 --> 00:11:32.000]  在當地有一些港島的服侍
[00:11:32.000 --> 00:11:34.000]  他們安排了在一個地方
[00:11:34.000 --> 00:11:35.000]  是我從未去過的
[00:11:35.000 --> 00:11:38.000]  是羅省的UC Riverside大學
[00:11:38.000 --> 00:11:41.000]  就是加州大學的河濱分校
[00:11:41.000 --> 00:11:43.000]  不知道有沒有人去過那個地方
[00:11:43.000 --> 00:11:44.000]  我第一次去
[00:11:44.000 --> 00:11:47.000]  他們的迎會也是第一次在那裡舉行
[00:11:47.000 --> 00:11:49.000]  我去到的時候
[00:11:49.000 --> 00:11:51.000]  突然間想起很多事情
[00:11:51.000 --> 00:11:53.000]  很多年之前
[00:11:53.000 --> 00:11:58.000]  我跟女朋友拍拖的時候
[00:11:58.000 --> 00:12:00.000]  很多年前
[00:12:00.000 --> 00:12:05.000]  我女朋友就是今天的蕭思母
[00:12:05.000 --> 00:12:08.000]  在那時候我們的關係都很成熟
[00:12:08.000 --> 00:12:10.000]  都在想結婚的事
[00:12:10.000 --> 00:12:14.000]  但是當時蕭思母她是很想讀書
[00:12:14.000 --> 00:12:17.000]  很多年她很想有機會再進修
[00:12:17.000 --> 00:12:19.000]  因此她申請了學校
[00:12:19.000 --> 00:12:21.000]  就申請了UC Riverside
[00:12:21.000 --> 00:12:23.000]  讀他們的碩士科職
[00:12:23.000 --> 00:12:24.000]  但是很奇怪
[00:12:24.000 --> 00:12:25.000]  很久沒有收到消息
[00:12:25.000 --> 00:12:27.000]  其他自己認識的朋友同學
[00:12:27.000 --> 00:12:29.000]  曾經未必有她那麼好
[00:12:29.000 --> 00:12:32.000]  也接受到取錄的消息
[00:12:32.000 --> 00:12:33.000]  所以她一直在等候
[00:12:33.000 --> 00:12:36.000]  為什麼會沒有消息呢
[00:12:36.000 --> 00:12:37.000]  在過程當中
[00:12:37.000 --> 00:12:39.000]  她一直有些不安
[00:12:39.000 --> 00:12:40.000]  她就在祈禱
[00:12:40.000 --> 00:12:41.000]  一直在祈禱的時候
[00:12:41.000 --> 00:12:44.000]  很清楚神給她一種感動
[00:12:44.000 --> 00:12:51.000]  你應該先結婚
[00:12:51.000 --> 00:12:56.000]  不是我告訴她的
[00:12:56.000 --> 00:12:57.000]  她告訴我之後
[00:12:57.000 --> 00:12:59.000]  我祈禱的時候
[00:12:59.000 --> 00:13:03.000]  知道應該先行這一步
[00:13:03.000 --> 00:13:07.000]  當然我很高興
[00:13:07.000 --> 00:13:09.000]  因為當時的處境
[00:13:09.000 --> 00:13:11.000]  如果一個人去了讀書
[00:13:11.000 --> 00:13:12.000]  去海外
[00:13:12.000 --> 00:13:14.000]  其實是否能夠維持感情
[00:13:14.000 --> 00:13:16.000]  是很難說的
[00:13:16.000 --> 00:13:17.000]  那時候不會有WhatsApp
[00:13:17.000 --> 00:13:19.000]  不會有FaceTime
[00:13:19.000 --> 00:13:22.000]  全部都是寫信
[00:13:22.000 --> 00:13:23.000]  就是這樣
[00:13:23.000 --> 00:13:25.000]  隔了一個星期之後
[00:13:25.000 --> 00:13:26.000]  她收到信
[00:13:26.000 --> 00:13:28.000]  那間大學通知她
[00:13:28.000 --> 00:13:30.000]  我們取錄你
[00:13:30.000 --> 00:13:33.000]  去修讀我們的碩士課程
[00:13:33.000 --> 00:13:34.000]  她收到這封信之後
[00:13:34.000 --> 00:13:35.000]  她說
[00:13:35.000 --> 00:13:36.000]  感謝上帝
[00:13:36.000 --> 00:13:38.000]  我決定了
[00:13:38.000 --> 00:13:41.000]  我決定了不去了
[00:13:41.000 --> 00:13:43.000]  事情放下了
[00:13:43.000 --> 00:13:44.000]  後來過了一段時間
[00:13:44.000 --> 00:13:46.000]  我們結了婚
[00:13:46.000 --> 00:13:48.000]  後來神帶領我們一起去讀書
[00:13:48.000 --> 00:13:49.000]  不是去美國
[00:13:49.000 --> 00:13:51.000]  是去加拿大
[00:13:51.000 --> 00:13:52.000]  我讀神學
[00:13:52.000 --> 00:13:54.000]  蕭思慕讀音樂
[00:13:54.000 --> 00:13:56.000]  改變了她的方向
[00:13:56.000 --> 00:13:57.000]  無論讀書
[00:13:57.000 --> 00:13:59.000]  或者讀的地方
[00:13:59.000 --> 00:14:01.000]  而且入學的過程
[00:14:01.000 --> 00:14:03.000]  是神跡性地進入的
[00:14:03.000 --> 00:14:06.000]  我不多說了
[00:14:06.000 --> 00:14:09.000]  當我這次去第一大學的時候
[00:14:09.000 --> 00:14:10.000]  我突然想起
[00:14:10.000 --> 00:14:12.000]  如果當時
[00:14:12.000 --> 00:14:17.000]  女朋友真的去了這間大學讀書
[00:14:17.000 --> 00:14:19.000]  後來發生什麼事呢
[00:14:19.000 --> 00:14:21.000]  我會怎樣呢
[00:14:21.000 --> 00:14:22.000]  我突然會感覺
[00:14:22.000 --> 00:14:25.000]  我再不是可能現在的我
[00:14:25.000 --> 00:14:28.000]  有太多可能中間發生的事情
[00:14:28.000 --> 00:14:32.000]  會改變整個人生的歷程
[00:14:32.000 --> 00:14:33.000]  去到那個地方的時候
[00:14:33.000 --> 00:14:35.000]  只是再一次感受到
[00:14:35.000 --> 00:14:39.000]  神掌管我們的人生
[00:14:39.000 --> 00:14:40.000]  也感受到
[00:14:40.000 --> 00:14:42.000]  當人承認神的掌權
[00:14:42.000 --> 00:14:44.000]  存著謙卑的心
[00:14:44.000 --> 00:14:46.000]  去尋求祂的帶領
[00:14:46.000 --> 00:14:48.000]  行在神的路上
[00:14:48.000 --> 00:14:50.000]  而不是自己的路
[00:14:50.000 --> 00:14:53.000]  祂是真正蒙恩
[00:14:53.000 --> 00:14:55.000]  在我們後來回來香港的時候
[00:14:55.000 --> 00:14:57.000]  很深刻體會到
[00:14:57.000 --> 00:14:59.000]  我們所接受的訓練
[00:14:59.000 --> 00:15:01.000]  對於將來我們在教會的服事
[00:15:01.000 --> 00:15:03.000]  是非常配合
[00:15:03.000 --> 00:15:05.000]  和產生更好的
[00:15:05.000 --> 00:15:08.000]  一種互相支援的關係
[00:15:08.000 --> 00:15:12.000]  來在香港教會服事
[00:15:12.000 --> 00:15:15.000]  當你去真的承認祂的掌權
[00:15:15.000 --> 00:15:18.000]  你會經歷恩典
[00:15:18.000 --> 00:15:21.000]  你會領受祂給你的保守
[00:15:21.000 --> 00:15:22.000]  但相對來說
[00:15:22.000 --> 00:15:24.000]  當你向神驕傲
[00:15:24.000 --> 00:15:25.000]  《下體聖經》再說
[00:15:25.000 --> 00:15:27.000]  你留意十六節
[00:15:27.000 --> 00:15:31.000]  但現在你們竟然將狂自誇
[00:15:31.000 --> 00:15:34.000]  這一切自誇都是邪惡的
[00:15:34.000 --> 00:15:37.000]  聖經提到那種自誇
[00:15:37.000 --> 00:15:39.000]  是人內心那種沾沾自喜
[00:15:39.000 --> 00:15:42.000]  覺得我可以控制自己一切
[00:15:42.000 --> 00:15:44.000]  控制其他的事情
[00:15:44.000 --> 00:15:45.000]  但這種自誇
[00:15:45.000 --> 00:15:47.000]  聖經說是邪惡的
[00:15:47.000 --> 00:15:50.000]  因為你否定了神的主權
[00:15:50.000 --> 00:15:54.000]  只是以自己為主
[00:15:54.000 --> 00:16:00.000]  這種情況是一種對神的否定
[00:16:00.000 --> 00:16:01.000]  當我們看聖經的時候
[00:16:01.000 --> 00:16:05.000]  這種自誇延伸出一種驕傲
[00:16:05.000 --> 00:16:06.000]  或者我們很多時候
[00:16:06.000 --> 00:16:08.000]  在生活上都會體驗
[00:16:08.000 --> 00:16:10.000]  當你發覺自己內心
[00:16:10.000 --> 00:16:12.000]  出現一種對神的驕傲的時候
[00:16:12.000 --> 00:16:13.000]  就會產生一種
[00:16:13.000 --> 00:16:18.000]  要操控環境的一種情慾
[00:16:18.000 --> 00:16:20.000]  因為你覺得在你控制裡面
[00:16:20.000 --> 00:16:23.000]  所以你很想能夠達到某些目的
[00:16:23.000 --> 00:16:25.000]  甚至有時候會不擇手段
[00:16:25.000 --> 00:16:27.000]  甚至會不理一切
[00:16:27.000 --> 00:16:30.000]  付出一切自己能夠付出的代價
[00:16:30.000 --> 00:16:33.000]  拼搏地去達到目的
[00:16:33.000 --> 00:16:36.000]  又或者不理人家究竟是怎樣
[00:16:36.000 --> 00:16:41.000]  最主要是我能夠完成我的心願
[00:16:41.000 --> 00:16:43.000]  所以有時候你發覺
[00:16:43.000 --> 00:16:45.000]  一個人很忙碌
[00:16:45.000 --> 00:16:47.000]  或者因為他勤奮
[00:16:47.000 --> 00:16:50.000]  又或者因為他內心驕傲
[00:16:50.000 --> 00:16:53.000]  我一定要拼搏上位
[00:16:53.000 --> 00:16:57.000]  我一定要去超越別人的業績
[00:16:57.000 --> 00:16:59.000]  我一定要去做到一件
[00:16:59.000 --> 00:17:03.000]  我很相信我會得到的事情
[00:17:03.000 --> 00:17:06.000]  不是叫我們去放棄一些理想
[00:17:06.000 --> 00:17:12.000]  而是知道去尋求神給你的理想
[00:17:12.000 --> 00:17:18.000]  不是你自己那種自我中心的理想
[00:17:18.000 --> 00:17:19.000]  在過程裡面
[00:17:19.000 --> 00:17:22.000]  這種內心裡面的驕傲
[00:17:22.000 --> 00:17:26.000]  也都帶來了一個相應的後果
[00:17:26.000 --> 00:17:27.000]  就是心裡面會充塞了
[00:17:27.000 --> 00:17:30.000]  很多不同的自己的事情
[00:17:30.000 --> 00:17:32.000]  以致你不能夠去做
[00:17:32.000 --> 00:17:36.000]  你知道要做的善事、好的事情
[00:17:36.000 --> 00:17:38.000]  所以來到第17節的時候
[00:17:38.000 --> 00:17:40.000]  也都總結了上面的小段經文
[00:17:40.000 --> 00:17:41.000]  聖經就說
[00:17:41.000 --> 00:17:44.000]  人若知道該行的善事
[00:17:44.000 --> 00:17:46.000]  卻不去行
[00:17:46.000 --> 00:17:49.000]  這就是他的罪
[00:17:49.000 --> 00:17:51.000]  他不是不知道應該這樣做
[00:17:51.000 --> 00:17:53.000]  不是不知道要這樣去愛護
[00:17:53.000 --> 00:17:55.000]  這樣去關心別人
[00:17:55.000 --> 00:17:58.000]  這樣去做一些美善的事情
[00:17:58.000 --> 00:17:59.000]  內心那種驕傲
[00:17:59.000 --> 00:18:01.000]  要掌控著環境
[00:18:01.000 --> 00:18:03.000]  要去掌握一切
[00:18:03.000 --> 00:18:04.000]  這種關注
[00:18:04.000 --> 00:18:08.000]  遮蓋了他那種內心裡面的行善的心
[00:18:08.000 --> 00:18:11.000]  或者說行善的空間
[00:18:11.000 --> 00:18:14.000]  心裡面都是充塞著很多自己的事情
[00:18:14.000 --> 00:18:18.000]  以致他不能夠去行善
[00:18:18.000 --> 00:18:21.000]  很想能夠出人頭地
[00:18:21.000 --> 00:18:23.000]  所以媽媽病了
[00:18:23.000 --> 00:18:24.000]  要關心她
[00:18:24.000 --> 00:18:26.000]  當然啦
[00:18:26.000 --> 00:18:28.000]  不過沒時間
[00:18:28.000 --> 00:18:31.000]  不管她那麼多
[00:18:31.000 --> 00:18:33.000]  知道是要行的善事
[00:18:33.000 --> 00:18:35.000]  但是內心裡面那種驕傲
[00:18:35.000 --> 00:18:37.000]  以致他裡面不再有一種空間
[00:18:37.000 --> 00:18:39.000]  不再有一種動力
[00:18:39.000 --> 00:18:42.000]  去行當行的事
[00:18:42.000 --> 00:18:44.000]  聖經說一件事情
[00:18:44.000 --> 00:18:47.000]  這就是他的罪
[00:18:47.000 --> 00:18:50.000]  他未必做了一些惡的事情
[00:18:50.000 --> 00:18:51.000]  或者你會記得
[00:18:51.000 --> 00:18:54.000]  聖經裡面提到有一個比喻
[00:18:54.000 --> 00:18:56.000]  就是有幾個僕人
[00:18:56.000 --> 00:18:58.000]  有一千兩、二千兩
[00:18:58.000 --> 00:18:59.000]  還有呢?
[00:18:59.000 --> 00:19:01.000]  五千兩
[00:19:01.000 --> 00:19:02.000]  二千兩、五千兩的人
[00:19:02.000 --> 00:19:04.000]  按照他們所領受的
[00:19:04.000 --> 00:19:06.000]  來去再運用
[00:19:06.000 --> 00:19:09.000]  另外賺了二千兩、五千兩
[00:19:09.000 --> 00:19:12.000]  主人回來的時候怎麼說呢?
[00:19:12.000 --> 00:19:14.000]  你們是良善
[00:19:14.000 --> 00:19:17.000]  又是忠心的僕人
[00:19:17.000 --> 00:19:18.000]  但是那個領了一千兩的
[00:19:18.000 --> 00:19:20.000]  雖然少了一點
[00:19:20.000 --> 00:19:21.000]  似乎應該賺少一點
[00:19:21.000 --> 00:19:24.000]  但是他沒有去運用一筆錢
[00:19:24.000 --> 00:19:27.000]  他將它埋藏了
[00:19:27.000 --> 00:19:28.000]  當主人回來的時候
[00:19:28.000 --> 00:19:29.000]  主人就說
[00:19:29.000 --> 00:19:35.000]  你是那個又懶又惡的僕人
[00:19:35.000 --> 00:19:36.000]  沒有了他的懶
[00:19:36.000 --> 00:19:38.000]  他沒有去最基本的運用
[00:19:38.000 --> 00:19:40.000]  他也不去做
[00:19:40.000 --> 00:19:43.000]  但是聖經說他是惡
[00:19:43.000 --> 00:19:45.000]  他是邪惡
[00:19:45.000 --> 00:19:47.000]  他是Evil
[00:19:47.000 --> 00:19:50.000]  因為他做了惡事
[00:19:50.000 --> 00:19:51.000]  不是
[00:19:51.000 --> 00:19:53.000]  聖經沒有說他做了什麼惡事
[00:19:53.000 --> 00:19:55.000]  他沒有運用他有的一千兩
[00:19:55.000 --> 00:19:57.000]  去做良善的事
[00:19:57.000 --> 00:20:00.000]  做當作的事情
[00:20:00.000 --> 00:20:04.000]  聖經說他是惡的
[00:20:04.000 --> 00:20:06.000]  人內心的驕傲
[00:20:06.000 --> 00:20:08.000]  引發出來的情形就是
[00:20:08.000 --> 00:20:12.000]  他明明知道什麼是當行的事情
[00:20:12.000 --> 00:20:14.000]  但是他不去行
[00:20:14.000 --> 00:20:15.000]  聖經就說
[00:20:15.000 --> 00:20:18.000]  這就是他的罪孽
[00:20:18.000 --> 00:20:20.000]  一個人
[00:20:20.000 --> 00:20:21.000]  他因為驕傲
[00:20:21.000 --> 00:20:24.000]  而不能夠聽從主
[00:20:24.000 --> 00:20:25.000]  遵從主
[00:20:25.000 --> 00:20:27.000]  沒有行當行的事
[00:20:27.000 --> 00:20:29.000]  要警覺
[00:20:29.000 --> 00:20:32.000]  免得陸在罪當中
[00:20:32.000 --> 00:20:33.000]  請再跟我們再說
[00:20:33.000 --> 00:20:34.000]  在下體的時候
[00:20:34.000 --> 00:20:36.000]  你放心提及一些有錢的人
[00:20:36.000 --> 00:20:37.000]  富足的人
[00:20:37.000 --> 00:20:41.000]  要小心不要單單在經濟上有富足
[00:20:41.000 --> 00:20:42.000]  而是在好的事
[00:20:42.000 --> 00:20:44.000]  善的事上富足
[00:20:44.000 --> 00:20:49.000]  這是聖經裡面對驕傲的有錢人提醒
[00:20:49.000 --> 00:20:52.000]  我們再看下五章一展
[00:20:52.000 --> 00:20:54.000]  聖經說你們富足的人
[00:20:54.000 --> 00:20:55.000]  富有的人
[00:20:55.000 --> 00:20:58.000]  應當為那將要臨到你們的災禍
[00:20:58.000 --> 00:21:00.000]  哭泣哀號
[00:21:00.000 --> 00:21:02.000]  你說為什麼要哭呢
[00:21:02.000 --> 00:21:05.000]  聖經說這些人雖然有財富
[00:21:05.000 --> 00:21:07.000]  但是他們行很多不義的事情
[00:21:07.000 --> 00:21:08.000]  剛才大家讀聖經
[00:21:08.000 --> 00:21:10.000]  你會留意到
[00:21:10.000 --> 00:21:13.000]  這些人要面對神的審判
[00:21:13.000 --> 00:21:15.000]  聖經說你現在要做的
[00:21:15.000 --> 00:21:17.000]  最適合的
[00:21:17.000 --> 00:21:21.000]  最需要的是為自己的罪悔改
[00:21:21.000 --> 00:21:23.000]  哀哭悔改
[00:21:23.000 --> 00:21:26.000]  是你這個時候要做的事情
[00:21:26.000 --> 00:21:27.000]  他們做了什麼事情
[00:21:27.000 --> 00:21:29.000]  下體二三節有特別提及
[00:21:29.000 --> 00:21:32.000]  他們積聚財寶
[00:21:32.000 --> 00:21:35.000]  他們所積的財物扭壞了
[00:21:35.000 --> 00:21:38.000]  當時的財物當然不是你有多少股票
[00:21:38.000 --> 00:21:42.000]  不是你有多少儲蓄物業
[00:21:42.000 --> 00:21:46.000]  他們有很多穀物積存在大穀倉裡面
[00:21:46.000 --> 00:21:48.000]  這些是他們的財富
[00:21:48.000 --> 00:21:49.000]  但是他們積積的財富
[00:21:49.000 --> 00:21:51.000]  沒有小心運用的時候
[00:21:51.000 --> 00:21:54.000]  其實有很多都扭壞了
[00:21:54.000 --> 00:21:55.000]  然後說到他們的衣服
[00:21:55.000 --> 00:21:57.000]  很多積存會被蛀
[00:21:57.000 --> 00:21:59.000]  甚至有的金銀
[00:21:59.000 --> 00:22:00.000]  擺存很久
[00:22:00.000 --> 00:22:04.000]  甚至生了一些獸出來
[00:22:04.000 --> 00:22:05.000]  聖經講述到的是
[00:22:05.000 --> 00:22:07.000]  在第三節中間所說
[00:22:07.000 --> 00:22:14.000]  你們竟然在這末後的日子積聚財寶
[00:22:14.000 --> 00:22:15.000]  積聚財寶
[00:22:15.000 --> 00:22:18.000]  是因為他們沒有運用他們的財寶
[00:22:18.000 --> 00:22:22.000]  去作善事
[00:22:22.000 --> 00:22:26.000]  而帶來的是對他們的審判
[00:22:26.000 --> 00:22:27.000]  說到財寶
[00:22:27.000 --> 00:22:28.000]  我相信大家都會常常記得
[00:22:28.000 --> 00:22:30.000]  我們很重視聖經裡面
[00:22:30.000 --> 00:22:32.000]  其中提摩泰前書一段經文
[00:22:32.000 --> 00:22:34.000]  我想今天都帶大家再看一看
[00:22:34.000 --> 00:22:37.000]  在前面或者你翻一翻
[00:22:37.000 --> 00:22:44.000]  前面提摩泰前書第六章
[00:22:44.000 --> 00:22:51.000]  聖經179三頁
[00:22:51.000 --> 00:22:58.000]  提摩泰前書第六章第十七節
[00:22:58.000 --> 00:23:01.000]  聖經說:和合本
[00:23:01.000 --> 00:23:04.000]  你要祝福那些今世富足的人
[00:23:04.000 --> 00:23:06.000]  說的是富足的人
[00:23:06.000 --> 00:23:08.000]  不要自高
[00:23:08.000 --> 00:23:10.000]  很明顯富足的人
[00:23:10.000 --> 00:23:12.000]  以為自己足夠
[00:23:12.000 --> 00:23:14.000]  就產生一種
[00:23:14.000 --> 00:23:16.000]  很容易有一種自高的情況
[00:23:16.000 --> 00:23:18.000]  以為自己超越別人
[00:23:18.000 --> 00:23:20.000]  聖經特別提醒他們
[00:23:20.000 --> 00:23:22.000]  不要自高
[00:23:22.000 --> 00:23:26.000]  也不要依靠無定的錢財
[00:23:26.000 --> 00:23:27.000]  很多人都說
[00:23:27.000 --> 00:23:29.000]  為什麼股票還是在跌
[00:23:29.000 --> 00:23:32.000]  什麼時候才會升
[00:23:32.000 --> 00:23:34.000]  但是金錢本身
[00:23:34.000 --> 00:23:35.000]  聖經就說
[00:23:35.000 --> 00:23:39.000]  那個特性就是無定向
[00:23:39.000 --> 00:23:42.000]  是新義本所說
[00:23:42.000 --> 00:23:46.000]  是飄浮不定
[00:23:46.000 --> 00:23:50.000]  聖經說不要依靠財富
[00:23:50.000 --> 00:23:51.000]  不要讓財富給你一種
[00:23:51.000 --> 00:23:54.000]  虛假的安全感
[00:23:54.000 --> 00:23:57.000]  以為得到財富就有保障
[00:23:57.000 --> 00:24:00.000]  財富不能夠給你保障
[00:24:00.000 --> 00:24:01.000]  反而你要給自己
[00:24:01.000 --> 00:24:03.000]  有另一種的富足
[00:24:03.000 --> 00:24:05.000]  十八節說
[00:24:05.000 --> 00:24:08.000]  又要祝福他們行善
[00:24:08.000 --> 00:24:11.000]  在好事上富足
[00:24:11.000 --> 00:24:12.000]  什麼事上富足
[00:24:12.000 --> 00:24:14.000]  在好的事上
[00:24:14.000 --> 00:24:17.000]  你說好事都會富足嗎
[00:24:17.000 --> 00:24:20.000]  聖經不是說累積了多少財富
[00:24:20.000 --> 00:24:23.000]  而是說在好的事上
[00:24:23.000 --> 00:24:25.000]  英文有個翻譯叫
[00:24:25.000 --> 00:24:28.000]  Rich in good deeds
[00:24:28.000 --> 00:24:29.000]  在好的事上
[00:24:29.000 --> 00:24:31.000]  在美善的事上
[00:24:31.000 --> 00:24:33.000]  不斷見證出來
[00:24:33.000 --> 00:24:36.000]  因此在好事上富足
[00:24:36.000 --> 00:24:38.000]  因此聖經再說
[00:24:38.000 --> 00:24:39.000]  當你這樣做的時候
[00:24:39.000 --> 00:24:43.000]  為自己積存了美好的根基
[00:24:43.000 --> 00:24:45.000]  是真正生命的根基
[00:24:45.000 --> 00:24:48.000]  預備將來自定那真正的生命
[00:24:48.000 --> 00:24:52.000]  因此你得到的是真正富足的生命
[00:24:52.000 --> 00:24:55.000]  我們回到《雅各書》的時候
[00:24:55.000 --> 00:24:59.000]  你就明白為何聖經在當中一直提醒
[00:24:59.000 --> 00:25:01.000]  有財富的人
[00:25:01.000 --> 00:25:06.000]  要去留心在好事上富足
[00:25:06.000 --> 00:25:07.000]  或者你讀的時候
[00:25:07.000 --> 00:25:11.000]  你會說我都不算有錢
[00:25:11.000 --> 00:25:13.000]  所以沒事的
[00:25:13.000 --> 00:25:15.000]  我都沒什麼問題
[00:25:15.000 --> 00:25:18.000]  或者你未必在金錢上富足
[00:25:18.000 --> 00:25:20.000]  但肯定你有某些範圍
[00:25:20.000 --> 00:25:22.000]  你會富足的
[00:25:22.000 --> 00:25:24.000]  或者你比別人健康
[00:25:24.000 --> 00:25:27.000]  或者你比別人多一些時間
[00:25:27.000 --> 00:25:34.000]  或者你比別人多一些知識、學位、學歷、聰明
[00:25:34.000 --> 00:25:36.000]  當你有不同的富足的時候
[00:25:36.000 --> 00:25:38.000]  你同樣要記得一件事情
[00:25:38.000 --> 00:25:40.000]  你在那些富足當中
[00:25:40.000 --> 00:25:43.000]  不要自告
[00:25:43.000 --> 00:25:46.000]  不要變得自恥
[00:25:46.000 --> 00:25:50.000]  我能夠去掌握這些事情
[00:25:50.000 --> 00:25:51.000]  反而在過程當中
[00:25:51.000 --> 00:25:54.000]  更加要知道謙卑自己
[00:25:54.000 --> 00:25:57.000]  你都要全心去依靠神
[00:25:57.000 --> 00:26:00.000]  去敬畏祂
[00:26:00.000 --> 00:26:03.000]  以至你可以留心聽從神對你的心意
[00:26:03.000 --> 00:26:06.000]  去行當行的善
[00:26:06.000 --> 00:26:11.000]  以至你在善事上富足
[00:26:11.000 --> 00:26:13.000]  突然之間我們這樣說的時候
[00:26:13.000 --> 00:26:16.000]  當然不是說你不用照顧自己
[00:26:16.000 --> 00:26:19.000]  你又不需要去小心理財
[00:26:19.000 --> 00:26:20.000]  不是
[00:26:20.000 --> 00:26:23.000]  仍然是背後一個重要的因素
[00:26:23.000 --> 00:26:25.000]  在這些過程當中
[00:26:25.000 --> 00:26:30.000]  你保守著自己一顆謙卑、依靠神的心
[00:26:30.000 --> 00:26:32.000]  大家都記得我們上述都講一件事情
[00:26:32.000 --> 00:26:34.000]  你記得我們上述講尼加書
[00:26:34.000 --> 00:26:37.000]  神要我們在地上做什麼呢
[00:26:37.000 --> 00:26:41.000]  要我們行公義、好憐憫
[00:26:41.000 --> 00:26:42.000]  還有呢
[00:26:42.000 --> 00:26:46.000]  全謙卑的心與你的神同行
[00:26:46.000 --> 00:26:50.000]  你發覺三件事情是連在一起的
[00:26:50.000 --> 00:26:55.000]  如果你不是帶著一份謙卑的心與神同行
[00:26:55.000 --> 00:26:58.000]  如果你不是去敬畏祂
[00:26:58.000 --> 00:27:01.000]  你不會聽神的話
[00:27:01.000 --> 00:27:07.000]  你都不會行公義、做到憐憫人的事情
[00:27:07.000 --> 00:27:10.000]  因此在你自己人生的路上
[00:27:10.000 --> 00:27:14.000]  你知道不是你去操控你的人生
[00:27:14.000 --> 00:27:17.000]  你承認祂的掌權
[00:27:17.000 --> 00:27:22.000]  也因此在你的內心裡去聽從祂
[00:27:22.000 --> 00:27:25.000]  去行祂要你行的路
[00:27:25.000 --> 00:27:29.000]  你就會在生命當中真正的富足
[00:27:29.000 --> 00:27:31.000]  弟兄姊妹
[00:27:31.000 --> 00:27:33.000]  一個很簡單的訊息
[00:27:33.000 --> 00:27:35.000]  就是神喜悅我們
[00:27:35.000 --> 00:27:39.000]  全謙卑的心與祂同行
[00:27:39.000 --> 00:27:42.000]  叫我們可以真正富足
[00:27:42.000 --> 00:27:47.000]  兩條路,一條是地上某方面的富足
[00:27:47.000 --> 00:27:51.000]  第二條路是永恆真正的富足
[00:27:51.000 --> 00:27:54.000]  你要小心去選擇
[00:27:54.000 --> 00:28:00.000]  我們一起祈禱
[00:28:00.000 --> 00:28:14.000]  請你為自己祈禱
[00:28:30.000 --> 00:28:55.000]  天父我們感謝祢
[00:28:55.000 --> 00:28:57.000]  祢賜給我們生命
[00:28:57.000 --> 00:29:01.000]  主啊祢不要我們自卑
[00:29:01.000 --> 00:29:04.000]  但是要我們誠實的謙卑
[00:29:04.000 --> 00:29:07.000]  以致我們真的知道祢是神
[00:29:07.000 --> 00:29:09.000]  我們去信靠祢
[00:29:09.000 --> 00:29:12.000]  不去為生活的事情擔憂
[00:29:12.000 --> 00:29:14.000]  反而更加知道
[00:29:14.000 --> 00:29:18.000]  去聽從天地主宰的吩咐
[00:29:18.000 --> 00:29:21.000]  主啊求祢給我們心存謙卑
[00:29:21.000 --> 00:29:23.000]  將自己人生交託給你
[00:29:23.000 --> 00:29:27.000]  留心去分辨你的心意
[00:29:27.000 --> 00:29:29.000]  去行你的路
[00:29:29.000 --> 00:29:32.000]  以致我們能夠可以聽從你
[00:29:32.000 --> 00:29:34.000]  行美善的事
[00:29:34.000 --> 00:29:37.000]  主啊求你這樣帶領我們
[00:29:37.000 --> 00:29:39.000]  我們剛才小許的祈禱
[00:29:39.000 --> 00:29:41.000]  求你垂聽
[00:29:41.000 --> 00:29:43.000]  讓我們在人生的路上靠著你
[00:29:43.000 --> 00:29:45.000]  更能夠行善
[00:29:45.000 --> 00:29:47.000]  更能夠走在你的路上
[00:29:47.000 --> 00:29:49.000]  叫我們眾人
[00:29:49.000 --> 00:29:51.000]  我們今天在這裡的每一個
[00:29:51.000 --> 00:29:53.000]  都在你面前
[00:29:53.000 --> 00:29:56.000]  蒙受真正永恆的付足
[00:29:56.000 --> 00:29:58.000]  聽我們祈禱
[00:29:58.000 --> 00:30:00.000]  奉耶穌聖命祈求
[00:30:00.000 --> 00:30:02.000]  阿們
