
[00:00:00.000 --> 00:00:02.540]  多謝您讓我們聽上帝的說話
[00:00:02.540 --> 00:00:04.100]  也請讓我們同心地禱告
[00:00:04.100 --> 00:00:07.140]  女士姐妹讓我們聽神道之前先同心禱告
[00:00:07.140 --> 00:00:10.180]  主廟的父神感謝祢
[00:00:10.180 --> 00:00:12.520]  讓我們再次來到祢的跟前
[00:00:12.520 --> 00:00:15.500]  讓我們一起來聆聽祢的話語
[00:00:15.500 --> 00:00:17.920]  父神求祢的幫助
[00:00:17.920 --> 00:00:22.400]  讓祢的心靈使我們能夠隨著祢的引導
[00:00:22.400 --> 00:00:25.740]  能夠更明白我們今天應當怎麼樣活出
[00:00:25.740 --> 00:00:28.820]  真正有主樣式的基督徒
[00:00:28.820 --> 00:00:31.300]  讓我們是屬於主祢的子民
[00:00:31.300 --> 00:00:33.800]  也真正能夠得到
[00:00:33.800 --> 00:00:37.660]  屬神神國裡面子民應有的生命力
[00:00:37.660 --> 00:00:40.900]  讓我們再次把這段時間恭敬教授
[00:00:40.900 --> 00:00:42.220]  求祢的幫助
[00:00:42.220 --> 00:00:43.300]  我真的最多謝祢
[00:00:43.300 --> 00:00:45.660]  讓我們能夠再次回到祢
[00:00:45.660 --> 00:00:47.300]  去能夠聆聽祢的話語
[00:00:47.300 --> 00:00:49.960]  讓我們能夠再次去學會
[00:00:49.960 --> 00:00:53.780]  怎樣去有一個真正屬神子民的生命
[00:00:53.780 --> 00:00:56.400]  能夠活在上帝祢的國國當中
[00:00:56.400 --> 00:00:58.300]  從今天直到永恆
[00:00:58.300 --> 00:01:00.320]  所以求祢的聖靈與我們同在
[00:01:00.320 --> 00:01:01.580]  感動我們的心
[00:01:01.580 --> 00:01:03.600]  有動我們能夠更明白
[00:01:03.600 --> 00:01:07.640]  怎樣去活出有信徒屬神子民的風範
[00:01:07.640 --> 00:01:09.160]  求祢與我們同在
[00:01:09.160 --> 00:01:12.240]  祈禱奉靠主耶穌基督登上明日之球
[00:01:12.240 --> 00:01:13.500]  阿們
[00:01:13.500 --> 00:01:16.960]  今天是父親節
[00:01:16.960 --> 00:01:18.640]  今天是父親節
[00:01:18.640 --> 00:01:22.300]  不知道你們怎樣和你們父親慶祝
[00:01:22.300 --> 00:01:25.400]  或者給他一個短訊也好
[00:01:25.400 --> 00:01:28.300]  好像我這些爸爸已經在海外了
[00:01:28.300 --> 00:01:31.700]  不知道你是如何和你爸爸過父親節呢?
[00:01:31.700 --> 00:01:33.260]  是不是有一個短訊呢?
[00:01:33.260 --> 00:01:36.980]  在英語世界裏面有一個這樣的說話
[00:01:36.980 --> 00:01:39.280]  在英語世界有這麼一句話
[00:01:39.280 --> 00:01:41.700]  Like father, like son
[00:01:41.700 --> 00:01:43.480]  Like father, like son
[00:01:43.480 --> 00:01:45.940]  有其父必有其子
[00:01:45.940 --> 00:01:47.460]  有其父必有其子
[00:01:47.460 --> 00:01:49.720]  爸爸怎樣養息呢?
[00:01:49.720 --> 00:01:54.200]  通常子女都應該有他的養息
[00:01:54.200 --> 00:01:57.860]  爸爸是怎樣呢?他的子女也差不多是怎樣呢?
[00:01:57.860 --> 00:02:00.000]  其實做信徒也是一樣的
[00:02:00.000 --> 00:02:01.440]  做信徒也一樣
[00:02:01.440 --> 00:02:04.280]  做基督徒我們既然是神的子民
[00:02:04.280 --> 00:02:06.140]  作為基督徒是神的子民
[00:02:06.140 --> 00:02:10.560]  我們也理應有上帝神的生命和樣式
[00:02:10.560 --> 00:02:13.480]  在我們裏面慢慢散發出來
[00:02:13.480 --> 00:02:17.840]  我們應該也有神的樣式慢慢地散發出來
[00:02:17.840 --> 00:02:21.680]  不需要怎樣裝模作樣去做一些事
[00:02:21.680 --> 00:02:26.600]  很自然你就會流露出這樣的性情出來
[00:02:26.600 --> 00:02:28.720]  很自然地流露出這樣的性情
[00:02:28.720 --> 00:02:32.540]  所以有些人去形容一對夫婦
[00:02:32.540 --> 00:02:34.280]  有些人形容一對夫婦
[00:02:34.280 --> 00:02:36.400]  說他們是老夫老妻
[00:02:36.400 --> 00:02:37.880]  說是老夫老妻
[00:02:37.880 --> 00:02:40.280]  老夫老妻不是形容他們很老
[00:02:40.280 --> 00:02:41.640]  不是形容他們已經很老
[00:02:41.640 --> 00:02:44.400]  是形容他們能夠經常在一起
[00:02:44.400 --> 00:02:47.080]  大家開始一同的生活
[00:02:47.080 --> 00:02:49.400]  是說他們經常在一起一起生活
[00:02:49.400 --> 00:02:51.680]  經過了一段時間之後
[00:02:51.680 --> 00:02:52.920]  經過一段時間
[00:02:52.920 --> 00:02:55.800]  他們無論生活的習慣
[00:02:55.800 --> 00:02:57.080]  無論生活習慣
[00:02:57.080 --> 00:02:58.200]  他們的喜好
[00:02:58.200 --> 00:02:59.000]  喜好
[00:02:59.000 --> 00:03:00.720]  甚至他們所吃的東西
[00:03:00.720 --> 00:03:02.000]  或者說吃的東西
[00:03:02.000 --> 00:03:05.080]  甚至越來越可能樣子也很相似
[00:03:05.080 --> 00:03:07.400]  甚至連樣子也很像
[00:03:07.400 --> 00:03:09.480]  所以有沒有聽過有些說
[00:03:09.480 --> 00:03:14.240]  兩夫妻老夫老妻有夫妻相就是這樣的情況
[00:03:14.240 --> 00:03:17.240]  所以說形容那些老夫老妻有夫妻相
[00:03:17.240 --> 00:03:18.680]  因為他們經常走在一起
[00:03:18.680 --> 00:03:20.960]  所以他們的習掩漸漸改變
[00:03:20.960 --> 00:03:22.160]  大家很相似
[00:03:22.160 --> 00:03:23.400]  因為經常在一起
[00:03:23.400 --> 00:03:25.760]  所以他們漸漸地長得都很像
[00:03:25.760 --> 00:03:27.000]  我們回頭來看一下
[00:03:27.000 --> 00:03:29.760]  如果原本兩個獨立的人
[00:03:29.760 --> 00:03:31.280]  我們回答如果兩個獨立的人
[00:03:31.280 --> 00:03:33.840]  因著他們大家願意同心走在一起的時候
[00:03:33.840 --> 00:03:35.640]  他們會越來越相似
[00:03:35.640 --> 00:03:37.560]  因為大家同心走在一起的時候
[00:03:37.560 --> 00:03:38.600]  會越來越相似
[00:03:38.600 --> 00:03:39.800]  基督徒
[00:03:39.800 --> 00:03:43.600]  如果我們經常和上帝走在一起的時候
[00:03:43.600 --> 00:03:46.280]  如果我們經常和上帝走在一起的時候
[00:03:46.280 --> 00:03:49.360]  豈不會大家更加越來越像上帝呢?
[00:03:49.360 --> 00:03:52.760]  豈不會更加像上帝呢?
[00:03:52.760 --> 00:03:53.840]  為什麼我說這件事?
[00:03:53.840 --> 00:03:56.520]  不是,純粹是因為父親節
[00:03:56.520 --> 00:03:57.600]  為什麼要講這個呢?
[00:03:57.600 --> 00:03:59.200]  不是因為今天是父親節
[00:03:59.200 --> 00:04:01.360]  而是今天我們所看的經文
[00:04:01.360 --> 00:04:02.760]  今天我們所看的經文
[00:04:02.760 --> 00:04:07.640]  甚至上文在第23章的第一節至第五節
[00:04:07.640 --> 00:04:12.600]  總結上次講的經文23章1到5節
[00:04:12.600 --> 00:04:17.720]  保羅被安排在千夫長的安排之下
[00:04:17.720 --> 00:04:23.080]  和當時要撒冷教會的工會大祭司
[00:04:23.080 --> 00:04:26.400]  一起面對面去商議
[00:04:26.400 --> 00:04:29.240]  保羅在千夫長的安排下
[00:04:29.240 --> 00:04:31.440]  跟大祭司一起商議
[00:04:31.440 --> 00:04:33.800]  讓保羅能夠向他陳述
[00:04:33.800 --> 00:04:37.560]  保羅他的看法和保羅所相信的道理
[00:04:37.560 --> 00:04:41.280]  讓保羅能說出他的看法和道理
[00:04:41.280 --> 00:04:44.200]  在這個時候一開始
[00:04:44.200 --> 00:04:50.080]  同名叫做阿拿尼亞的大祭司
[00:04:50.080 --> 00:04:53.040]  一出來就已經說要砍保羅兩巴
[00:04:53.040 --> 00:04:55.360]  一開始就要打他的嘴
[00:04:55.360 --> 00:04:59.360]  於是保羅二話不說
[00:04:59.360 --> 00:05:01.000]  就馬上自殺
[00:05:01.000 --> 00:05:02.440]  馬上對著他說
[00:05:02.440 --> 00:05:04.440]  你竟敢找人來打我?
[00:05:04.440 --> 00:05:06.240]  你竟然能叫人來打我
[00:05:06.240 --> 00:05:08.120]  保羅怎麼回答他?
[00:05:08.120 --> 00:05:11.000]  我們看一下第3節
[00:05:11.000 --> 00:05:15.120]  保羅說你這道粉色的牆
[00:05:15.120 --> 00:05:18.080]  上帝來打你的時候
[00:05:18.080 --> 00:05:24.200]  你坐堂來到應該按律法來審問我的
[00:05:24.200 --> 00:05:30.440]  你竟然用違背律法的方法來叫人打我?
[00:05:30.440 --> 00:05:31.920]  其實保羅這句說話
[00:05:31.920 --> 00:05:34.400]  用回很地道的廣東話的意思
[00:05:34.400 --> 00:05:36.080]  或者今天的用語
[00:05:36.080 --> 00:05:38.400]  保羅這句話用今天的話來說
[00:05:38.400 --> 00:05:42.760]  你只得油頭粉面的一個人
[00:05:42.760 --> 00:05:47.080]  表面很懂得去裝飾自己
[00:05:47.080 --> 00:05:49.640]  但你心底裏
[00:05:49.640 --> 00:05:55.760]  其實根本不配做上帝的大祭司
[00:05:55.760 --> 00:05:59.480]  於是旁邊的人馬上就去說保羅
[00:05:59.480 --> 00:06:06.040]  你竟敢責罵上帝的大祭司?
[00:06:06.040 --> 00:06:09.720]  身邊的嘍囉根本都聽不明白保羅說的話
[00:06:09.720 --> 00:06:13.640]  身邊的嘍囉根本聽不懂保羅在說什麼
[00:06:13.640 --> 00:06:16.800]  保羅於是說得更明白一點
[00:06:16.800 --> 00:06:18.480]  保羅更講得明白一點
[00:06:18.480 --> 00:06:19.920]  第5節
[00:06:19.920 --> 00:06:21.520]  甚至這樣說
[00:06:21.520 --> 00:06:25.720]  保羅真是畫到牆都出賣了
[00:06:25.720 --> 00:06:28.280]  保羅說得很清楚了
[00:06:28.280 --> 00:06:32.640]  就是說根本我們看你一點都不像大祭司的風範
[00:06:32.640 --> 00:06:34.840]  我真的看不出你有大祭司的風範
[00:06:34.840 --> 00:06:36.360]  如果你是大祭司的話
[00:06:36.360 --> 00:06:38.840]  付出一點點給我看看
[00:06:38.840 --> 00:06:39.840]  活出來 表現出來
[00:06:39.840 --> 00:06:41.960]  等一等 姐妹
[00:06:41.960 --> 00:06:46.240]  保羅在這裏其實反映一個很實際的現象給我們知道
[00:06:46.240 --> 00:06:48.840]  保羅在這裏反映一個很現實的現象
[00:06:48.840 --> 00:06:52.200]  我們應不應該作為一個基督徒
[00:06:52.200 --> 00:06:56.480]  也是應該活到有上帝的生命在我們當中呢?
[00:06:56.480 --> 00:07:00.080]  作為基督徒我們是不是應該要活出上帝在我們心中呢?
[00:07:00.080 --> 00:07:02.800]  在這樣的情況之下
[00:07:02.800 --> 00:07:05.440]  其實保羅就打開了一個見證的機會
[00:07:05.440 --> 00:07:06.920]  保羅就打開了一個見證的機會
[00:07:06.920 --> 00:07:09.480]  是連保羅可能他事先都未必想得到的
[00:07:09.480 --> 00:07:10.880]  可能保羅事先都沒有想到
[00:07:10.880 --> 00:07:12.640]  上帝做事就是這麼奇妙
[00:07:12.640 --> 00:07:14.520]  上帝做事就是這麼奇妙
[00:07:14.520 --> 00:07:17.120]  為保羅安排了一個這樣的機會
[00:07:17.120 --> 00:07:18.320]  為保羅安排了這樣一個機會
[00:07:18.320 --> 00:07:24.720]  去見證出保羅他自己怎樣在上帝裏面的領受
[00:07:24.720 --> 00:07:27.720]  保羅是怎樣見證在上帝面前是一個領受
[00:07:27.720 --> 00:07:34.000]  亦都怎樣憑著這份信心在這個時候見證出主
[00:07:34.000 --> 00:07:36.280]  也是憑著信心這時候見證出主
[00:07:36.280 --> 00:07:39.040]  勝過所有大祭司所講的說話
[00:07:39.040 --> 00:07:41.120]  勝過所有大祭司所講的話
[00:07:41.120 --> 00:07:43.240]  好了 這段聖經講甚麼呢?
[00:07:43.240 --> 00:07:44.360]  這段聖經講些甚麼呢?
[00:07:44.360 --> 00:07:45.960]  今天這個講題是叫做
[00:07:45.960 --> 00:07:49.360]  「憑良心而活在神面前」的第二講
[00:07:49.360 --> 00:07:52.960]  今天的題目是「憑良心活在神的面前」第二講
[00:07:52.960 --> 00:07:54.880]  之前我已經講過了
[00:07:54.880 --> 00:07:55.760]  之前我們講過了
[00:07:55.760 --> 00:07:58.040]  21章30節
[00:07:58.040 --> 00:07:59.240]  21章30節
[00:07:59.240 --> 00:08:03.280]  那是講千夫長活出一個良心的表現
[00:08:03.280 --> 00:08:05.840]  千夫長活出一個良心的表現
[00:08:05.840 --> 00:08:07.440]  總之他不是神的子民
[00:08:07.440 --> 00:08:08.480]  他不是神的子民
[00:08:08.480 --> 00:08:11.280]  他都有求真實事實的心
[00:08:11.280 --> 00:08:13.760]  他還有求真實真相的心
[00:08:13.760 --> 00:08:16.160]  這個可以說是世人應該有的態度
[00:08:16.160 --> 00:08:18.280]  這是應該世人都有的態度
[00:08:18.280 --> 00:08:19.480]  第二個層面
[00:08:19.480 --> 00:08:20.040]  第二層面
[00:08:20.040 --> 00:08:22.000]  23章第一至第五節
[00:08:22.000 --> 00:08:23.320]  23章一到五節
[00:08:23.320 --> 00:08:29.200]  我們看見保羅形容到這個大祭司為首的一班工會人員
[00:08:29.200 --> 00:08:32.320]  保羅面對這些以大祭司為首的一些工會人員
[00:08:32.320 --> 00:08:34.920]  他根本不是活在有良知之下
[00:08:34.920 --> 00:08:36.120]  他們沒有良知
[00:08:36.120 --> 00:08:38.120]  他按照自己的意思而行
[00:08:38.120 --> 00:08:39.480]  按照自己的意思而行
[00:08:39.480 --> 00:08:46.160]  不過又背著一個宗教領袖的身份來做
[00:08:46.160 --> 00:08:48.400]  又打著一個宗教領袖的身份
[00:08:48.400 --> 00:08:50.400]  接著第六節開始
[00:08:50.400 --> 00:08:51.320]  接著第六節開始
[00:08:51.320 --> 00:08:53.200]  接著是我們今天看的第十一節
[00:08:53.200 --> 00:08:54.160]  接著是我們今天看的第十一節
[00:08:54.160 --> 00:08:58.240]  這一部份是講保羅如何活在上帝的良心
[00:08:58.240 --> 00:09:00.560]  以良心活在上帝的面前
[00:09:00.560 --> 00:09:00.680]  以良心活在上帝的面前
[00:09:00.680 --> 00:09:03.480]  保羅是怎麼憑良心活在神的面前
[00:09:03.480 --> 00:09:04.960]  講到良心
[00:09:04.960 --> 00:09:06.120]  講到良心
[00:09:06.120 --> 00:09:08.160]  就是有一個很重要的元素
[00:09:08.160 --> 00:09:09.520]  就是有一個很重要的元素
[00:09:09.520 --> 00:09:10.640]  就是一個人
[00:09:10.640 --> 00:09:11.400]  一個人
[00:09:11.400 --> 00:09:13.160]  他對於他的本
[00:09:13.160 --> 00:09:14.600]  就是他原本的來源
[00:09:14.600 --> 00:09:16.680]  他的歷史是尊重的
[00:09:16.680 --> 00:09:18.960]  所以他的本就是他的歷史很尊重的
[00:09:18.960 --> 00:09:20.400]  保羅是一個甚麼人呢?
[00:09:20.400 --> 00:09:21.480]  保羅是一個甚麼人呢?
[00:09:21.480 --> 00:09:24.400]  保羅本身是一個法尼塞人
[00:09:24.400 --> 00:09:24.440]  保羅本身是一個法尼塞人
[00:09:24.440 --> 00:09:25.920]  保羅本身是一個法尼塞人
[00:09:25.920 --> 00:09:28.360]  在多次的保羅的見證裏面
[00:09:28.360 --> 00:09:29.840]  包括他自己的德教見證
[00:09:29.840 --> 00:09:33.720]  或者我們剛剛才看完第20章、21章裏面
[00:09:33.720 --> 00:09:37.040]  他去向眾人講述他信主的過程
[00:09:37.040 --> 00:09:39.600]  在保羅多次的見證當中
[00:09:39.600 --> 00:09:42.040]  包括前面21章、22章
[00:09:42.040 --> 00:09:43.240]  所有他的見證當中
[00:09:43.240 --> 00:09:45.520]  保羅從來都沒有遮掩過
[00:09:45.520 --> 00:09:49.000]  他是法尼塞人這個歷史身份
[00:09:49.000 --> 00:09:50.440]  保羅從來沒有遮掩
[00:09:50.440 --> 00:09:52.440]  他是法尼塞人這個身份
[00:09:52.440 --> 00:09:54.040]  這個歷史的身份
[00:09:54.040 --> 00:09:55.040]  這個歷史身份
[00:09:55.040 --> 00:09:57.680]  對於保羅來講
[00:09:57.680 --> 00:10:00.360]  其實可以說是一個黑歷史
[00:10:00.360 --> 00:10:01.400]  是一個黑歷史
[00:10:01.400 --> 00:10:02.800]  知不知道甚麼叫做黑歷史?
[00:10:02.800 --> 00:10:04.200]  甚麼是黑歷史呢?
[00:10:04.200 --> 00:10:07.000]  黑歷史就是一些不好的東西
[00:10:07.000 --> 00:10:10.360]  就是一個不好的不見光
[00:10:10.360 --> 00:10:11.640]  可以見光
[00:10:11.640 --> 00:10:14.360]  不過是一些不好的東西
[00:10:14.360 --> 00:10:15.720]  他做過些甚麼呢?
[00:10:15.720 --> 00:10:16.680]  他做過甚麼呢?
[00:10:16.680 --> 00:10:22.400]  他因為不信上帝的道,以律法行律法的思維去行
[00:10:22.400 --> 00:10:26.040]  因為不信上帝的道,就是只行律法而行
[00:10:26.040 --> 00:10:27.880]  沒有理解律法的意義
[00:10:27.880 --> 00:10:30.400]  而是只是按律法的表面而行
[00:10:30.400 --> 00:10:32.160]  沒有理解律法的意義
[00:10:32.160 --> 00:10:33.480]  而是按表面去行
[00:10:33.480 --> 00:10:35.240]  他甚至殺基督徒都做得出來
[00:10:35.240 --> 00:10:37.160]  甚至他殺害基督徒
[00:10:37.160 --> 00:10:39.000]  我們回心一想
[00:10:39.000 --> 00:10:39.880]  我們回想
[00:10:39.880 --> 00:10:43.240]  殺人這件事,不要理會是甚麼情況
[00:10:43.240 --> 00:10:45.240]  已經違背十戒的標準
[00:10:45.240 --> 00:10:47.000]  殺人不管是甚麼狀況
[00:10:47.000 --> 00:10:48.440]  都是已經違背了十戒
[00:10:48.440 --> 00:10:49.840]  換句話來說
[00:10:49.840 --> 00:10:50.680]  換句話講
[00:10:50.680 --> 00:10:52.920]  如果比如你是保羅的話
[00:10:52.920 --> 00:10:54.160]  如果換作你是保羅
[00:10:54.160 --> 00:10:56.120]  你想不想提這件事出來?
[00:10:56.120 --> 00:10:57.680]  你會不會把這些提出來呢?
[00:10:57.680 --> 00:10:59.080]  醜死怪呀
[00:10:59.080 --> 00:10:59.960]  這很醜了
[00:10:59.960 --> 00:11:02.440]  說出來都見不得人
[00:11:02.440 --> 00:11:03.880]  講出來都見不得人
[00:11:03.880 --> 00:11:05.480]  不要再提了
[00:11:05.480 --> 00:11:06.480]  不要提了
[00:11:06.480 --> 00:11:07.440]  但保羅怎樣?
[00:11:07.440 --> 00:11:08.800]  多次提出
[00:11:08.800 --> 00:11:10.200]  但保羅多次提出來
[00:11:10.200 --> 00:11:11.880]  為甚麼保羅這樣做呢?
[00:11:11.880 --> 00:11:13.080]  為甚麼保羅這麼做呢?
[00:11:13.080 --> 00:11:15.360]  良心第一件事,我剛才已經講過了
[00:11:15.360 --> 00:11:16.600]  良心是第一
[00:11:16.600 --> 00:11:19.640]  尊重你自己的本來的現象
[00:11:19.640 --> 00:11:21.400]  一個尊重自己本來的
[00:11:21.400 --> 00:11:23.240]  尊重歷史的事實
[00:11:23.240 --> 00:11:24.880]  尊重歷史的事實
[00:11:24.880 --> 00:11:26.880]  保羅他自己是一個法尼塞人
[00:11:26.880 --> 00:11:28.120]  保羅自己是一個法尼塞人
[00:11:28.120 --> 00:11:32.200]  他明白到他昔日按照法尼塞人的生活
[00:11:32.200 --> 00:11:33.960]  是活錯了
[00:11:33.960 --> 00:11:37.000]  他明白昔日按法尼塞人來活是活錯了
[00:11:37.000 --> 00:11:39.720]  但法尼塞人有些事是對的
[00:11:39.720 --> 00:11:42.320]  但法尼塞人有些事是對的
[00:11:42.320 --> 00:11:45.760]  而這些事在上帝的真理裏是同意的話
[00:11:45.760 --> 00:11:48.360]  如果這些事在上帝的真理裏是同意的話
[00:11:48.360 --> 00:11:50.120]  他仍然堅持
[00:11:50.120 --> 00:11:51.280]  他仍然可以堅持
[00:11:51.280 --> 00:11:52.400]  怎樣看到他堅持呢?
[00:11:52.400 --> 00:11:54.240]  這段聖經就講了
[00:11:54.240 --> 00:11:55.360]  怎麼看到堅持呢?
[00:11:55.360 --> 00:11:56.200]  這段聖經就講了
[00:11:56.200 --> 00:11:58.360]  我們再打開這段聖經讀一次好嗎?
[00:11:58.360 --> 00:11:58.960]  我們重新讀一次
[00:11:58.960 --> 00:12:00.800]  看這裏發生了甚麼事
[00:12:00.800 --> 00:12:01.840]  再重新讀一遍
[00:12:01.840 --> 00:12:02.560]  看發生了甚麼事
[00:12:02.560 --> 00:12:04.480]  我們從第六節開始再讀一次好嗎?
[00:12:04.480 --> 00:12:05.440]  我們從第六節開始
[00:12:05.440 --> 00:12:06.120]  我們一起讀
[00:12:06.120 --> 00:12:07.680]  我們讀到第十節好嗎?
[00:12:07.680 --> 00:12:08.960]  我們一起來讀到十節
[00:12:08.960 --> 00:12:10.640]  好,我們一起讀了
[00:12:10.640 --> 00:12:15.560]  保羅看出大眾一半是薩都哥人
[00:12:15.560 --> 00:12:18.000]  一半是法尼塞人
[00:12:18.000 --> 00:12:20.960]  就在公會中大聲說
[00:12:20.960 --> 00:12:22.200]  弟兄們
[00:12:22.200 --> 00:12:24.200]  我是法尼塞人
[00:12:24.200 --> 00:12:26.960]  也是法尼塞人的子孫
[00:12:26.960 --> 00:12:29.200]  我現在受審問
[00:12:29.200 --> 00:12:32.200]  唯要盼望死人復活
[00:12:32.200 --> 00:12:33.480]  說了者說
[00:12:33.480 --> 00:12:37.400]  法尼塞人和薩都哥人就爭論起來
[00:12:37.400 --> 00:12:39.600]  會眾分為兩黨
[00:12:39.600 --> 00:12:41.800]  因為薩都哥人說
[00:12:41.800 --> 00:12:43.200]  沒有復活
[00:12:43.200 --> 00:12:46.200]  也沒有天使和鬼魂
[00:12:46.200 --> 00:12:48.200]  法尼塞人卻說
[00:12:48.200 --> 00:12:50.200]  兩樣都有
[00:12:50.200 --> 00:12:53.400]  於是大大地囂張起來
[00:12:53.400 --> 00:12:58.400]  有幾個法尼塞黨的民事站起來爭辯說
[00:12:58.400 --> 00:13:02.200]  我們看不出這人有甚麼惡處
[00:13:02.200 --> 00:13:06.600]  倘若有鬼魂或是天使對他說過話
[00:13:06.600 --> 00:13:08.200]  怎麼樣呢?
[00:13:08.200 --> 00:13:10.600]  那時大起爭吵
[00:13:10.600 --> 00:13:14.600]  千夫長恐怕保羅被他們扯碎了
[00:13:14.600 --> 00:13:17.200]  就逐步冰冰下去
[00:13:17.200 --> 00:13:20.400]  把他從眾人當中搶出來
[00:13:20.400 --> 00:13:22.400]  大盡刑留去
[00:13:22.400 --> 00:13:24.400]  來到這段聖經
[00:13:24.400 --> 00:13:25.400]  來到這段聖經
[00:13:25.400 --> 00:13:27.000]  我們見到保羅
[00:13:27.000 --> 00:13:30.800]  不單止不否認他是法尼塞人的身份
[00:13:30.800 --> 00:13:34.400]  我們看到保羅不單不否認他是法尼塞人的身份
[00:13:34.400 --> 00:13:39.400]  而且他能夠很準確地去看到上帝接著在做甚麼
[00:13:39.400 --> 00:13:42.000]  而準確地看到上帝在做些甚麼
[00:13:42.000 --> 00:13:42.800]  等等小妹
[00:13:42.800 --> 00:13:44.800]  很多時候我們經常都問一個問題
[00:13:44.800 --> 00:13:46.400]  很多時候我們都在問一個問題
[00:13:46.400 --> 00:13:47.400]  我都問一個時間
[00:13:47.400 --> 00:13:51.200]  我怎麼知道上帝的旨意要我在這一刻怎麼做呢?
[00:13:51.200 --> 00:13:54.600]  我怎麼知道上帝的旨意是讓我這一刻要怎麼去做呢?
[00:13:54.600 --> 00:13:58.200]  我很記得我初初返教會的頭一年
[00:13:58.200 --> 00:14:01.000]  我很記得我剛剛去教會的第一年
[00:14:01.000 --> 00:14:04.600]  有個姐妹走來跟我聊天
[00:14:04.600 --> 00:14:07.600]  在團聚的時候有個姐妹跟我聊天
[00:14:07.600 --> 00:14:10.000]  我們那時候的團聚是很健康的
[00:14:10.000 --> 00:14:11.400]  那時候的團聚很健康
[00:14:11.400 --> 00:14:13.400]  現在的教會的團聚是不健康的
[00:14:13.400 --> 00:14:17.400]  現在去玩、去吃、去玩、去癲、去奧遜park
[00:14:17.400 --> 00:14:19.400]  是這樣的狀態
[00:14:19.400 --> 00:14:22.000]  現在的教會就不同以前
[00:14:22.000 --> 00:14:22.800]  我們很健康的
[00:14:22.800 --> 00:14:25.000]  我們討論一些神學問題的
[00:14:25.000 --> 00:14:28.400]  現在的教會的團聚跟以前有很大的不同
[00:14:28.400 --> 00:14:31.800]  我們去嘗試了解我們怎麼做一個好的基督徒
[00:14:31.800 --> 00:14:34.800]  我們想了解怎麼去做一個好的基督徒
[00:14:34.800 --> 00:14:36.600]  那位姐妹走來問我
[00:14:36.600 --> 00:14:37.200]  姐妹來問
[00:14:37.200 --> 00:14:39.400]  她說弟兄,我想問你一個問題
[00:14:39.400 --> 00:14:40.800]  弟兄,我問一個問題
[00:14:40.800 --> 00:14:43.200]  我怎麼知道到那個時候
[00:14:43.200 --> 00:14:45.400]  神有什麼旨意要我怎麼做呢?
[00:14:45.400 --> 00:14:52.400]  我怎麼知道在那一時刻,神要我去做什麼呢?
[00:14:52.400 --> 00:14:55.200]  當時我這樣回答她
[00:14:55.200 --> 00:14:59.200]  我說,你如果想知道上帝的旨意是什麼
[00:14:59.200 --> 00:15:07.200]  如果你想知道神的旨意在這個時刻呢?
[00:15:07.200 --> 00:15:08.800]  那你平時有沒有好好讀聖經
[00:15:08.800 --> 00:15:11.200]  明白上帝想你怎麼做人呢?
[00:15:11.200 --> 00:15:13.600]  那你平時有沒有好好地讀聖經
[00:15:13.600 --> 00:15:15.200]  了解聖經呢?
[00:15:15.200 --> 00:15:18.000]  記不記得我剛才引言那裡說
[00:15:18.000 --> 00:15:19.600]  記不記得我開始引言講
[00:15:19.600 --> 00:15:21.600]  你們夫妻走在一起越來越像樣
[00:15:21.600 --> 00:15:25.000]  因為你們了解對方的生活習慣等等的東西
[00:15:25.000 --> 00:15:27.200]  因為兩夫妻為什麼越來越像呢?
[00:15:27.200 --> 00:15:29.000]  就是因為他們彼此了解
[00:15:29.000 --> 00:15:32.000]  你知道你丈夫喜歡些什麼,不喜歡些什麼
[00:15:32.000 --> 00:15:34.200]  你知道你丈夫喜歡什麼,不喜歡什麼
[00:15:34.200 --> 00:15:36.600]  你也知道你太太喜歡些什麼,不喜歡些什麼
[00:15:36.600 --> 00:15:38.600]  你也知道你太太喜歡什麼,不喜歡什麼
[00:15:38.600 --> 00:15:42.400]  很自然做丈夫就不會去做一些太太不喜歡做的事情
[00:15:42.400 --> 00:15:46.400]  很自然,丈夫就不會做一些太太不喜歡的事情
[00:15:46.400 --> 00:15:50.200]  會盡量讓她喜歡做的事情你幫她做
[00:15:50.200 --> 00:15:53.600]  讓她做一些喜歡的事情
[00:15:53.600 --> 00:15:55.800]  保羅來到這裡
[00:15:55.800 --> 00:15:57.000]  保羅來到這裡
[00:15:57.000 --> 00:15:59.400]  他看到的情況是怎麼樣呢?
[00:15:59.400 --> 00:16:00.600]  他看到什麼樣的情況呢?
[00:16:00.600 --> 00:16:03.200]  上帝讓他在這一刻開始了解到
[00:16:03.200 --> 00:16:06.600]  上帝擺出一個很特別的情況
[00:16:06.600 --> 00:16:08.600]  上帝擺出一個很特別的情況
[00:16:08.600 --> 00:16:11.400]  上帝要在這裡做些什麼旨意呢?
[00:16:11.400 --> 00:16:13.400]  上帝在做什麼旨意呢?
[00:16:13.400 --> 00:16:14.800]  我相信保羅來到這一刻
[00:16:14.800 --> 00:16:17.400]  可能他最初都不知道會落得一個這樣的現象
[00:16:17.400 --> 00:16:20.600]  不過保羅他是一個真正的基督徒
[00:16:20.600 --> 00:16:22.400]  他有一個求真的事實
[00:16:22.400 --> 00:16:24.400]  保羅可能在一開始都不明白
[00:16:24.400 --> 00:16:27.200]  不過保羅是一個求真的基督徒
[00:16:27.200 --> 00:16:28.400]  所以他怎麼樣呢?
[00:16:28.400 --> 00:16:30.400]  他對上帝做的事情
[00:16:30.400 --> 00:16:32.600]  他在這裡留心觀察
[00:16:32.600 --> 00:16:34.200]  他對上帝留下的事情
[00:16:34.200 --> 00:16:35.600]  他留心觀察
[00:16:35.600 --> 00:16:38.600]  所以大家今天要多些來祈禱會了
[00:16:38.600 --> 00:16:40.600]  彭玲今天又剛剛分享了
[00:16:40.600 --> 00:16:42.600]  今天希望大家多的來到祈禱會
[00:16:42.600 --> 00:16:45.000]  為什麼瑪利亞
[00:16:45.000 --> 00:16:46.400]  當耶穌降生的時候
[00:16:46.400 --> 00:16:50.800]  她很多事情要將她藏在心裡反覆思想呢?
[00:16:50.800 --> 00:16:53.800]  為什麼在耶穌降生的時候
[00:16:53.800 --> 00:16:57.000]  瑪利亞是沉默不語反覆思想呢?
[00:16:57.000 --> 00:16:59.200]  你知道嗎?很多事情我們活在當下
[00:16:59.200 --> 00:17:01.600]  我們根本不明白為什麼會這樣發生
[00:17:01.600 --> 00:17:03.400]  很多事情活在當下
[00:17:03.400 --> 00:17:04.800]  不明白為什麼會這樣
[00:17:04.800 --> 00:17:06.400]  不明白就不要說
[00:17:06.400 --> 00:17:08.600]  哦 那就算了 不是
[00:17:08.600 --> 00:17:10.600]  不明白就不要說 哎呀 算了
[00:17:10.600 --> 00:17:14.000]  不明白我們就留心看清楚這個狀況
[00:17:14.000 --> 00:17:16.200]  不明白就要留心看清楚
[00:17:16.200 --> 00:17:19.000]  再求問神你的靈去幫我去想
[00:17:19.000 --> 00:17:20.400]  究竟為什麼
[00:17:20.400 --> 00:17:24.200]  我測驗上帝你的心是為什麼在這一刻這樣做呢?
[00:17:24.200 --> 00:17:27.000]  該去求問神 測驗
[00:17:27.000 --> 00:17:28.200]  為什麼要這樣做
[00:17:28.200 --> 00:17:29.600]  最近香港發生了什麼事情
[00:17:29.600 --> 00:17:30.600]  大家應該知道
[00:17:30.600 --> 00:17:34.000]  不知道的話 應該要打手板了
[00:17:34.000 --> 00:17:37.000]  最近香港發生了什麼事情呢?
[00:17:37.000 --> 00:17:39.000]  上個禮拜有100萬人遊行
[00:17:39.000 --> 00:17:40.800]  今天有200萬人
[00:17:40.800 --> 00:17:42.400]  上個禮拜有100萬
[00:17:42.400 --> 00:17:44.400]  今天有200萬人流行
[00:17:44.400 --> 00:17:46.200]  有很多人走來問我
[00:17:46.200 --> 00:17:50.600]  遠洋有人問 究竟為什麼會這樣
[00:17:50.600 --> 00:17:51.800]  我都不知道
[00:17:51.800 --> 00:17:54.600]  很多人來問 為什麼會發生這樣的狀況
[00:17:54.600 --> 00:17:55.600]  但我們做基督徒
[00:17:55.600 --> 00:17:58.600]  我們要留心看上帝怎麼做事才行
[00:17:58.600 --> 00:18:01.600]  我們作為基督應該要留心上帝是怎麼去做
[00:18:01.600 --> 00:18:03.400]  但我這一刻不知道
[00:18:03.400 --> 00:18:04.400]  這一刻我不明白
[00:18:04.400 --> 00:18:07.000]  我不知道你就慢慢反覆思想
[00:18:07.000 --> 00:18:08.400]  不知道就要反覆去想
[00:18:08.400 --> 00:18:10.200]  在上帝的靈裏面
[00:18:10.200 --> 00:18:11.400]  在上帝的靈裏面
[00:18:11.400 --> 00:18:12.800]  去明白當中的意義
[00:18:12.800 --> 00:18:14.000]  明白當中的意義
[00:18:14.000 --> 00:18:16.000]  保羅在這一刻發生什麼事呢?
[00:18:16.000 --> 00:18:18.000]  保羅在這一刻發生什麼事呢?
[00:18:18.000 --> 00:18:19.000]  根本不知道是什麼事
[00:18:19.000 --> 00:18:20.000]  又派來一個大祭司
[00:18:20.000 --> 00:18:22.000]  又是叫阿拿尼亞
[00:18:22.000 --> 00:18:24.600]  派來一個大祭司叫阿拿尼亞
[00:18:24.600 --> 00:18:25.600]  如果是阿拿尼亞
[00:18:25.600 --> 00:18:28.200]  根本也沒有祭司的心腸
[00:18:28.200 --> 00:18:30.200]  這個大祭司也沒有大祭司的心腸
[00:18:30.200 --> 00:18:31.200]  都不像上帝
[00:18:31.200 --> 00:18:32.800]  這個人沒有上帝的心
[00:18:32.800 --> 00:18:33.800]  也不像上帝
[00:18:33.800 --> 00:18:34.800]  沒有上帝的心
[00:18:34.800 --> 00:18:35.800]  順帶插句口
[00:18:35.800 --> 00:18:37.800]  如果大家看到一個牧師
[00:18:37.800 --> 00:18:39.000]  對上帝沒有心的
[00:18:39.000 --> 00:18:41.000]  你會怎麼想呢?
[00:18:41.000 --> 00:18:41.600]  順便說一下
[00:18:41.600 --> 00:18:44.000]  如果一個牧師沒有上帝的心
[00:18:44.000 --> 00:18:45.200]  你會怎麼想呢?
[00:18:45.200 --> 00:18:46.200]  你們見過沒有?
[00:18:46.200 --> 00:18:48.000]  希望你們沒有見過
[00:18:48.000 --> 00:18:49.600]  不過事實上是有的
[00:18:49.600 --> 00:18:50.600]  事實上是有的
[00:18:50.600 --> 00:18:52.400]  希望大家都沒有見過
[00:18:52.400 --> 00:18:54.200]  保羅真的不明白
[00:18:54.200 --> 00:18:55.400]  保羅不明白
[00:18:55.400 --> 00:18:57.800]  希望有一個有上帝道理的人
[00:18:57.800 --> 00:18:59.800]  可以幫一下忙也好
[00:18:59.800 --> 00:19:01.800]  希望有一個有道理的人
[00:19:01.800 --> 00:19:02.600]  幫一下也好
[00:19:02.600 --> 00:19:03.200]  不是的
[00:19:03.200 --> 00:19:05.600]  這個一來到就要打他兩巴掌
[00:19:05.600 --> 00:19:08.600]  這個大祭司一來就打了他兩巴掌
[00:19:08.600 --> 00:19:10.000]  真的不明白
[00:19:10.000 --> 00:19:10.600]  不明白
[00:19:10.600 --> 00:19:13.400]  上帝如果你在這一刻還在掌管
[00:19:13.400 --> 00:19:14.400]  如果你是保羅
[00:19:14.400 --> 00:19:15.800]  你會怎麼祈禱?
[00:19:15.800 --> 00:19:17.200]  如果你是保羅
[00:19:17.200 --> 00:19:19.000]  這一刻你會如何祈禱呢?
[00:19:19.000 --> 00:19:21.000]  上帝請你降下恩手
[00:19:21.000 --> 00:19:21.800]  改變這件事
[00:19:21.800 --> 00:19:22.400]  是不是這樣?
[00:19:22.400 --> 00:19:24.200]  你可能會這樣祈禱的
[00:19:24.200 --> 00:19:25.400]  你可能會這樣祈禱
[00:19:25.400 --> 00:19:28.400]  說上帝賜下你的恩手
[00:19:28.400 --> 00:19:30.800]  大便這個事情吧
[00:19:30.800 --> 00:19:32.200]  但是保羅沒有這樣祈禱
[00:19:32.200 --> 00:19:33.800]  坐底這段經文沒有記載了
[00:19:33.800 --> 00:19:35.000]  是不是?
[00:19:35.000 --> 00:19:36.200]  保羅沒有這樣的祈禱
[00:19:36.200 --> 00:19:37.400]  保羅做了什麼?
[00:19:37.400 --> 00:19:38.200]  保羅做了什麼呢?
[00:19:38.200 --> 00:19:39.200]  留心看
[00:19:39.200 --> 00:19:41.200]  我們有沒有看一下
[00:19:41.200 --> 00:19:45.800]  保羅看出大眾一半是薩都該人
[00:19:45.800 --> 00:19:48.200]  一半是法尼塞人
[00:19:48.200 --> 00:19:51.400]  保羅能看出大眾一半是薩都該人
[00:19:51.400 --> 00:19:53.000]  一半是法尼塞人
[00:19:53.000 --> 00:19:54.000]  英文聖經
[00:19:54.000 --> 00:19:56.400]  Noticed
[00:19:56.400 --> 00:19:58.200]  在NRSB譯本裏面
[00:19:58.200 --> 00:19:59.800]  在NRSB譯本裏是
[00:19:59.800 --> 00:20:01.000]  英文是Noticed
[00:20:01.000 --> 00:20:02.400]  就是說這個不是就這樣
[00:20:02.400 --> 00:20:04.400]  看著看著這麼簡單
[00:20:04.400 --> 00:20:05.800]  不是隨便看看這麼簡單
[00:20:05.800 --> 00:20:07.000]  他在這個過程當中
[00:20:07.000 --> 00:20:07.800]  很留心
[00:20:07.800 --> 00:20:09.000]  察透
[00:20:09.000 --> 00:20:10.600]  上帝你在做什麼
[00:20:10.600 --> 00:20:13.400]  他看看環境發生了什麼事
[00:20:13.400 --> 00:20:14.800]  很留心的察透
[00:20:14.800 --> 00:20:16.400]  上帝在做些什麼呢?
[00:20:16.400 --> 00:20:18.600]  察驗上帝你在這個
[00:20:18.600 --> 00:20:22.200]  你原來擺了一個這樣的局面在我面前
[00:20:22.200 --> 00:20:25.400]  察驗上帝原來擺了一個這樣的局面在我面前
[00:20:25.400 --> 00:20:27.200]  有一半是薩都該人
[00:20:27.200 --> 00:20:28.000]  一半是薩都該人
[00:20:28.000 --> 00:20:29.200]  一半是法尼塞人
[00:20:29.200 --> 00:20:30.400]  一半是法尼塞人
[00:20:30.400 --> 00:20:32.000]  一般基督徒讀到這裏
[00:20:32.000 --> 00:20:32.800]  So what?
[00:20:32.800 --> 00:20:33.600]  是不是?
[00:20:33.600 --> 00:20:35.600]  一般的基督徒讀到這裏
[00:20:35.600 --> 00:20:36.800]  那又怎樣?
[00:20:36.800 --> 00:20:39.200]  那又怎麼樣?
[00:20:39.200 --> 00:20:42.800]  那你就要了解這兩派人有什麼神學分別
[00:20:42.800 --> 00:20:44.800]  你就要明白這兩批人
[00:20:44.800 --> 00:20:45.800]  他的神學有什麼分別
[00:20:45.800 --> 00:20:47.800]  很多基督徒都不明白的
[00:20:47.800 --> 00:20:48.800]  很多基督徒不明白
[00:20:48.800 --> 00:20:50.400]  這兩派人有什麼分別?
[00:20:50.400 --> 00:20:51.400]  這兩派有什麼分別?
[00:20:51.400 --> 00:20:52.200]  不過
[00:20:52.200 --> 00:20:52.800]  不過呢?
[00:20:52.800 --> 00:20:55.200]  路加怕我們不明白
[00:20:55.200 --> 00:20:57.000]  路加怕我們不明白
[00:20:57.000 --> 00:20:58.000]  於是乎
[00:20:58.000 --> 00:21:00.400]  他就特意記載保羅
[00:21:00.400 --> 00:21:03.000]  在這裏為我們解釋
[00:21:03.000 --> 00:21:06.600]  法尼塞人和薩都該人有什麼分別?
[00:21:06.600 --> 00:21:12.600]  What is or are the differences between the Sadducees and the Pharisees?
[00:21:12.600 --> 00:21:16.000]  但是經文通過保羅給我們解釋
[00:21:16.000 --> 00:21:19.000]  薩都該人和法尼塞人有什麼不一樣?
[00:21:19.000 --> 00:21:20.600]  第六節下半節我們看完
[00:21:20.600 --> 00:21:22.600]  我們看第六節的下半節
[00:21:22.600 --> 00:21:24.400]  於是保羅就在這個時候
[00:21:24.400 --> 00:21:26.200]  見到兩批這樣的人
[00:21:26.200 --> 00:21:28.000]  他就大聲跟他們說
[00:21:28.000 --> 00:21:30.400]  因為看到這兩批人就跟大聲說
[00:21:30.400 --> 00:21:32.200]  他說弟兄們
[00:21:32.200 --> 00:21:33.200]  我說弟兄們
[00:21:33.200 --> 00:21:36.000]  保羅用弟兄們這句話
[00:21:36.000 --> 00:21:38.400]  保羅用弟兄們
[00:21:38.400 --> 00:21:40.400]  是一種涵複性的說話
[00:21:40.400 --> 00:21:42.800]  是一個涵複的
[00:21:42.800 --> 00:21:46.200]  保羅不是分黨分派的人
[00:21:46.200 --> 00:21:47.600]  他不是一個分黨分派的人
[00:21:47.600 --> 00:21:48.600]  有沒有留意?
[00:21:48.600 --> 00:21:51.800]  他不是非我者我就拒絕他
[00:21:51.800 --> 00:21:52.800]  我不跟他談
[00:21:52.800 --> 00:21:54.200]  自己有就自己談
[00:21:54.200 --> 00:21:54.800]  是不是?
[00:21:54.800 --> 00:21:57.800]  他說不是我同黨的就不聊
[00:21:57.800 --> 00:21:59.400]  我不想太講香港的事情
[00:21:59.400 --> 00:22:00.400]  不過你們現在看見
[00:22:00.400 --> 00:22:02.200]  這個世界是非我族裔的
[00:22:02.200 --> 00:22:03.200]  我就不跟他談
[00:22:03.200 --> 00:22:04.800]  自己人就拉門
[00:22:04.800 --> 00:22:06.200]  自己談是不是?
[00:22:06.200 --> 00:22:08.200]  只跟自己人聊
[00:22:08.200 --> 00:22:09.600]  保羅不是這樣的
[00:22:09.600 --> 00:22:11.400]  保羅不是這樣的
[00:22:11.400 --> 00:22:12.600]  My brothers
[00:22:12.600 --> 00:22:15.000]  我的眾兄弟
[00:22:15.000 --> 00:22:16.000]  我的眾兄弟
[00:22:16.000 --> 00:22:17.600]  接著說什麼?
[00:22:17.600 --> 00:22:18.200]  跟著講
[00:22:18.200 --> 00:22:20.200]  他說我是一個法尼塞人
[00:22:20.200 --> 00:22:21.600]  他說我是法尼塞人
[00:22:21.600 --> 00:22:24.200]  保羅又挑起他自己的黑歷史出來
[00:22:24.200 --> 00:22:26.400]  又挑出他的黑歷史
[00:22:26.400 --> 00:22:28.200]  The dark history
[00:22:28.200 --> 00:22:29.000]  OK
[00:22:29.000 --> 00:22:30.000]  又挑出來
[00:22:30.000 --> 00:22:33.000]  為什麼保羅又拿這件事出來講?
[00:22:33.000 --> 00:22:35.400]  為什麼保羅又把這個講出來?
[00:22:35.400 --> 00:22:37.600]  你都說自己昔日做法尼塞人的時候
[00:22:37.600 --> 00:22:39.000]  殺了很多基督徒
[00:22:39.000 --> 00:22:40.600]  之前講過兩三次了
[00:22:40.600 --> 00:22:43.400]  在西域的時候他也殺了很多基督徒
[00:22:43.400 --> 00:22:44.800]  你又撩出來講?
[00:22:44.800 --> 00:22:45.600]  又挑出來
[00:22:45.600 --> 00:22:47.000]  你不想別人笑你?
[00:22:47.000 --> 00:22:48.400]  不想別人笑你嗎?
[00:22:48.400 --> 00:22:50.200]  保羅在這一刻其實
[00:22:50.200 --> 00:22:52.600]  一般人來看是很冒險的
[00:22:52.600 --> 00:22:54.000]  保羅這時候來講
[00:22:54.000 --> 00:22:55.400]  對一般人來講是很冒險的
[00:22:55.400 --> 00:22:57.800]  既然你知道在你面前有兩批人
[00:22:57.800 --> 00:22:59.200]  既然知道面前有兩批的人
[00:22:59.200 --> 00:23:00.600]  以前你有講過很多次
[00:23:00.600 --> 00:23:01.600]  自己做法尼塞人
[00:23:01.600 --> 00:23:03.000]  已經做壞了法尼塞人
[00:23:03.000 --> 00:23:05.200]  也知道自己做法尼塞人的時候做了錯事
[00:23:05.200 --> 00:23:05.800]  你再這樣提
[00:23:05.800 --> 00:23:08.800]  不就是撩起那幫法尼塞人來攻擊你?
[00:23:08.800 --> 00:23:09.800]  現在又提出來
[00:23:09.800 --> 00:23:13.600]  難道不是撩起那些法尼塞人來攻擊你?
[00:23:13.600 --> 00:23:16.200]  還有原來法尼塞人和薩都該人的神學
[00:23:16.200 --> 00:23:17.800]  是原來相反的
[00:23:17.800 --> 00:23:20.400]  還有薩都該人和法尼塞人
[00:23:20.400 --> 00:23:21.400]  他們的神學觀念是相反的
[00:23:21.400 --> 00:23:23.600]  我們一會兒看就知道了
[00:23:23.600 --> 00:23:24.400]  我們一看就知道了
[00:23:24.400 --> 00:23:25.200]  保羅很冒險
[00:23:25.200 --> 00:23:25.800]  在這裡說
[00:23:25.800 --> 00:23:27.000]  我不單是法尼塞人
[00:23:27.000 --> 00:23:30.400]  我甚至是法尼塞人的子孫
[00:23:30.400 --> 00:23:32.200]  你也不單是法尼塞人
[00:23:32.200 --> 00:23:34.000]  也是法尼塞人的子孫
[00:23:34.000 --> 00:23:35.200]  如果你是法尼塞人
[00:23:35.200 --> 00:23:36.200]  坐在其中一個人
[00:23:36.200 --> 00:23:37.400]  聽見保羅這樣講的
[00:23:37.400 --> 00:23:38.600]  你會怎麼想?
[00:23:38.600 --> 00:23:40.200]  如果你是法尼塞人坐在當中
[00:23:40.200 --> 00:23:41.200]  聽保羅這麼講
[00:23:41.200 --> 00:23:42.200]  你會怎麼想?
[00:23:42.200 --> 00:23:43.600]  廣東人就會這樣講的
[00:23:43.600 --> 00:23:44.600]  廣東人就會這樣講
[00:23:44.600 --> 00:23:47.000]  你看這個保羅還認親認戚
[00:23:47.000 --> 00:23:51.200]  你看保羅還要認親認戚
[00:23:51.200 --> 00:23:52.000]  薄蜜
[00:23:52.000 --> 00:23:53.800]  你已經做壞了法尼塞人
[00:23:53.800 --> 00:23:56.000]  你還來認親認戚?
[00:23:56.000 --> 00:23:58.800]  已經做壞了法尼塞人
[00:23:58.800 --> 00:24:00.800]  還要去認親認戚
[00:24:00.800 --> 00:24:02.200]  接著保羅說
[00:24:02.200 --> 00:24:03.400]  我現在受審
[00:24:03.400 --> 00:24:05.400]  在這裡有個聽審的機會
[00:24:05.400 --> 00:24:07.400]  我現在受審問
[00:24:07.400 --> 00:24:09.200]  主題是甚麼?
[00:24:09.200 --> 00:24:10.000]  主題是甚麼?
[00:24:10.000 --> 00:24:13.200]  他真是定準了神學
[00:24:13.200 --> 00:24:14.400]  他定準了神學
[00:24:14.400 --> 00:24:18.200]  是為盼望死人復活這件事來討論
[00:24:18.200 --> 00:24:21.200]  是為盼望死人復活這件事來討論
[00:24:21.200 --> 00:24:22.600]  這個題目
[00:24:22.600 --> 00:24:23.800]  這個題目
[00:24:23.800 --> 00:24:26.000]  簡單來說是一個甚麼題目?
[00:24:26.000 --> 00:24:28.000]  簡單來說是一個甚麼題目呢?
[00:24:28.000 --> 00:24:31.400]  請問你應該馬上回答這個問題
[00:24:31.400 --> 00:24:33.600]  請問你應該馬上回答這個問題
[00:24:33.600 --> 00:24:36.200]  就是討論耶穌死後復活的事
[00:24:36.200 --> 00:24:38.800]  討論耶穌死後復活的事
[00:24:38.800 --> 00:24:39.800]  很簡單
[00:24:39.800 --> 00:24:41.400]  很簡單的題目
[00:24:41.400 --> 00:24:46.000]  保羅把整個焦點提到死人會復活
[00:24:46.000 --> 00:24:49.800]  我們每一個人都有盼望死人會復活的機會
[00:24:49.800 --> 00:24:52.800]  保羅把焦點提到死人復活
[00:24:52.800 --> 00:24:54.800]  當他講這句話之後
[00:24:54.800 --> 00:24:56.000]  當他講這句話之後
[00:24:56.000 --> 00:24:58.800]  馬上法利塞人和薩都該人在爭論
[00:24:58.800 --> 00:25:01.000]  馬上法利塞人和薩都該人就開始爭論
[00:25:01.000 --> 00:25:01.000]  馬上法利塞人和薩都該人就開始爭論
[00:25:01.000 --> 00:25:04.400]  這班人自動站好位置
[00:25:04.400 --> 00:25:04.400]  這班人自動站好位置
[00:25:04.400 --> 00:25:05.800]  自動的分開
[00:25:05.800 --> 00:25:07.600]  然後怎樣?
[00:25:07.600 --> 00:25:09.200]  怕我們不懂
[00:25:09.200 --> 00:25:11.200]  路加第八節說
[00:25:11.200 --> 00:25:13.400]  因為薩都該人說
[00:25:13.400 --> 00:25:15.400]  沒有復活
[00:25:15.400 --> 00:25:17.000]  沒有天使
[00:25:17.000 --> 00:25:18.800]  沒有鬼魂
[00:25:18.800 --> 00:25:21.600]  因為薩都該人說沒有復活
[00:25:21.600 --> 00:25:23.400]  也沒有天使和鬼魂
[00:25:23.400 --> 00:25:25.000]  法利塞人卻說
[00:25:25.000 --> 00:25:26.600]  兩樣都有
[00:25:26.600 --> 00:25:26.600]  法利塞人卻說兩樣都有
[00:25:26.600 --> 00:25:28.600]  法利塞人卻說兩樣都有
[00:25:28.600 --> 00:25:28.600]  法利塞人卻說兩樣都有
[00:25:28.600 --> 00:25:29.800]  法利塞人卻說兩樣都有
[00:25:29.800 --> 00:25:30.800]  兄弟姐妹
[00:25:30.800 --> 00:25:32.400]  兄弟姐妹
[00:25:32.400 --> 00:25:33.800]  我們是基督徒
[00:25:33.800 --> 00:25:35.000]  我們是基督徒
[00:25:35.000 --> 00:25:36.600]  如果有人問你
[00:25:36.600 --> 00:25:36.600]  如果有人問你
[00:25:36.600 --> 00:25:38.200]  如果有人問你
[00:25:38.200 --> 00:25:40.000]  現在這個世界有沒有鬼?
[00:25:40.000 --> 00:25:40.000]  現在這個世界有沒有鬼?
[00:25:40.000 --> 00:25:42.000]  這個世界上有鬼嗎?
[00:25:42.000 --> 00:25:43.400]  你會怎樣回答?
[00:25:43.400 --> 00:25:43.400]  你會怎樣回答?
[00:25:43.400 --> 00:25:43.400]  你會怎樣回答?
[00:25:43.400 --> 00:25:45.200]  你會怎樣回答?
[00:25:45.200 --> 00:25:46.800]  有鬼還是沒有鬼?
[00:25:46.800 --> 00:25:46.800]  有鬼還是沒有鬼?
[00:25:46.800 --> 00:25:48.600]  有鬼還是沒有鬼?
[00:25:48.600 --> 00:25:51.600]  我想特別做中國人的信徒
[00:25:51.600 --> 00:25:53.600]  做中國人信徒的基督徒
[00:25:53.600 --> 00:25:55.380]  對這條題目很矛盾的
[00:25:55.380 --> 00:25:56.880]  對這個題目很矛盾
[00:25:56.880 --> 00:25:58.980]  你怕答「有」呢?
[00:25:58.980 --> 00:26:02.180]  你還怕如果說回答「有」呢?
[00:26:02.180 --> 00:26:05.840]  那就應了很多民間傳說就說「被鬼整」
[00:26:05.840 --> 00:26:08.960]  就會印證了民間的傳說說「被鬼整」了
[00:26:08.960 --> 00:26:12.160]  就好像我媽媽經常都說我小時候「你真是被鬼整」
[00:26:12.160 --> 00:26:14.600]  就像我媽媽經常小時候跟我說「你被鬼整」
[00:26:14.600 --> 00:26:16.440]  我們不是真的被鬼整
[00:26:16.440 --> 00:26:19.720]  就是做些事做些事錯的就被鬼整了
[00:26:19.720 --> 00:26:21.720]  就是經常做錯事就被鬼整了
[00:26:21.720 --> 00:26:25.760]  但是中國民間傳說、傳統
[00:26:25.760 --> 00:26:28.240]  有多少說「被鬼整」的東西?
[00:26:28.240 --> 00:26:31.080]  在中國的民間的傳說、傳統
[00:26:31.080 --> 00:26:34.440]  講了很多被鬼整的故事
[00:26:34.440 --> 00:26:37.840]  你知不知道還有一樣東西?
[00:26:37.840 --> 00:26:39.040]  還有一樣事情
[00:26:39.040 --> 00:26:40.480]  我又問一下你
[00:26:40.480 --> 00:26:41.440]  問一下大家
[00:26:41.440 --> 00:26:43.720]  有沒有聽過「被鬼砸」?
[00:26:43.720 --> 00:26:47.920]  有沒有聽過「被鬼壓」?
[00:26:47.920 --> 00:26:51.080]  「壓」
[00:26:51.080 --> 00:26:52.200]  有沒有的?
[00:26:52.200 --> 00:26:55.200]  有沒有呢?
[00:26:55.200 --> 00:26:58.000]  根據日本的醫療
[00:26:58.000 --> 00:27:01.720]  厚生省做過一個醫學研究
[00:27:01.720 --> 00:27:05.800]  聽過日本的一個研究的醫學研究
[00:27:05.800 --> 00:27:07.720]  什麼?
[00:27:07.720 --> 00:27:10.680]  「被鬼」?不是我不是
[00:27:10.680 --> 00:27:14.200]  你知不知道其實「被鬼砸」這件事
[00:27:14.200 --> 00:27:15.840]  「被鬼壓」呢?
[00:27:15.840 --> 00:27:17.400]  是真的有的
[00:27:17.400 --> 00:27:18.400]  真的有?
[00:27:18.400 --> 00:27:21.360]  哎呀你答這樣牧師你做基督徒
[00:27:21.360 --> 00:27:23.360]  你說有你死了是不是?
[00:27:23.360 --> 00:27:25.840]  哎呀牧師你做基督徒這麼回答
[00:27:25.840 --> 00:27:29.000]  我現在講的全部是厚生省做的東西
[00:27:29.000 --> 00:27:29.720]  OK?
[00:27:29.720 --> 00:27:31.680]  我回答的是厚生省做的
[00:27:31.680 --> 00:27:36.280]  接著他們做研究的時候發現了一件事
[00:27:36.280 --> 00:27:37.800]  他們做研究的時候發現一件事
[00:27:37.800 --> 00:27:40.880]  原來所謂「被鬼砸」這件事
[00:27:40.880 --> 00:27:43.080]  原來那個所謂的「被鬼壓」呢?
[00:27:43.080 --> 00:27:45.240]  不是真的有事實
[00:27:45.240 --> 00:27:46.360]  不是真的有事實
[00:27:46.360 --> 00:27:50.400]  原來當一個人的身體到某一個年紀的時候
[00:27:50.400 --> 00:27:52.200]  一個人的身體到一定的年紀
[00:27:52.200 --> 00:27:53.680]  比如極度疲勞
[00:27:53.680 --> 00:27:56.280]  或者極度疲勞
[00:27:56.280 --> 00:27:57.880]  他在睡覺的時候
[00:27:57.880 --> 00:27:58.600]  他睡覺的時候
[00:27:58.600 --> 00:28:01.000]  原來在腦的神經裏面
[00:28:01.000 --> 00:28:02.160]  在腦神經裏面
[00:28:02.160 --> 00:28:04.800]  有一些元素堵塞了
[00:28:04.800 --> 00:28:07.080]  有些元素呢
[00:28:07.080 --> 00:28:15.440]  將你的腦的聯繫在這個身體的其它部分的系統裏面的反應
[00:28:15.440 --> 00:28:16.760]  就斷了
[00:28:16.760 --> 00:28:21.200]  腦神經將身體的一些神經斷了
[00:28:21.200 --> 00:28:23.200]  於是你仍然很清醒的
[00:28:23.200 --> 00:28:25.440]  你仍然很清醒的
[00:28:25.440 --> 00:28:26.200]  但是
[00:28:26.200 --> 00:28:27.880]  但是最大的問題是甚麼呢?
[00:28:27.880 --> 00:28:28.880]  但是最大的問題是甚麼呢?
[00:28:28.880 --> 00:28:33.720]  就是原來你聯繫不到的突然斷了線
[00:28:33.720 --> 00:28:34.840]  突然斷了線
[00:28:34.840 --> 00:28:38.440]  就好像你的手機突然上不到線發了神經那樣
[00:28:38.440 --> 00:28:39.480]  就是這個情況
[00:28:39.480 --> 00:28:40.800]  是啊 手機斷了網
[00:28:40.800 --> 00:28:41.600]  等一下
[00:28:41.600 --> 00:28:43.600]  我們看一下在這個世界裏面
[00:28:43.600 --> 00:28:45.320]  其實有很多東西我們不知道的
[00:28:45.320 --> 00:28:47.440]  這世界上有很多事情我們不知道
[00:28:47.440 --> 00:28:49.600]  上帝原來創造的裏面
[00:28:49.600 --> 00:28:51.000]  上帝在創造裏面
[00:28:51.000 --> 00:28:52.360]  有很多的東西
[00:28:52.360 --> 00:28:54.600]  我們看上去解釋不了的
[00:28:54.600 --> 00:28:56.000]  我們看上去解釋不了的
[00:28:56.000 --> 00:28:57.760]  但是祂是存在的
[00:28:57.760 --> 00:28:59.680]  但是祂是存在的
[00:28:59.680 --> 00:29:01.920]  在這個世界裏有上帝就有神
[00:29:01.920 --> 00:29:02.800]  神的靈
[00:29:02.800 --> 00:29:04.360]  有神的靈就有靈界
[00:29:04.360 --> 00:29:06.640]  有靈界就會有靈體
[00:29:06.640 --> 00:29:09.080]  這世界有神就會有靈
[00:29:09.080 --> 00:29:10.680]  有靈就會有靈界
[00:29:10.680 --> 00:29:13.200]  所以在這段聖經裏面
[00:29:13.200 --> 00:29:14.440]  在這段聖經裏面
[00:29:14.440 --> 00:29:17.920]  作者是故意提出給我們知道
[00:29:17.920 --> 00:29:19.800]  作者故意提出給我們知道
[00:29:19.800 --> 00:29:21.440]  薩都該人的神學
[00:29:21.440 --> 00:29:22.160]  薩都該人的神學
[00:29:22.160 --> 00:29:23.680]  和法利賽人的神學
[00:29:23.680 --> 00:29:24.480]  和法利賽人的神學
[00:29:24.480 --> 00:29:28.400]  哪一個的神學才是合上帝的啟示呢?
[00:29:28.400 --> 00:29:32.480]  哪一個的神學關鍵是合上帝的啟示呢?
[00:29:32.480 --> 00:29:34.520]  原來是法利賽人的神學
[00:29:34.520 --> 00:29:35.880]  原來是法利賽人的神學
[00:29:35.880 --> 00:29:37.800]  因為在這樣的狀態之下
[00:29:37.800 --> 00:29:39.000]  由這樣的狀態下
[00:29:39.000 --> 00:29:40.720]  讓我們開始明白到
[00:29:40.720 --> 00:29:42.040]  讓我明白到
[00:29:42.040 --> 00:29:46.040]  原來保羅他沒有否認他是法利賽人這個身份
[00:29:46.040 --> 00:29:48.640]  原來保羅沒有否認他的法利賽人身份
[00:29:48.640 --> 00:29:50.080]  最主要的原因
[00:29:50.080 --> 00:29:51.360]  最主要的原因
[00:29:51.360 --> 00:29:53.040]  就是因為他看見
[00:29:53.040 --> 00:29:54.360]  法利賽人的神學裏面
[00:29:54.360 --> 00:29:57.240]  有一些合乎聖經的啟示
[00:29:57.240 --> 00:29:59.760]  他看到法利賽人裏的神學關鍵
[00:29:59.760 --> 00:30:01.480]  有符合聖經的啟示
[00:30:01.480 --> 00:30:03.160]  但是在這個場合裏面
[00:30:03.160 --> 00:30:05.280]  是上帝設計了出來
[00:30:05.280 --> 00:30:07.480]  在這樣的場合上帝設計出來的
[00:30:07.480 --> 00:30:14.120]  將薩都蓋人和法利賽人同場在一個地方裏面
[00:30:14.120 --> 00:30:17.480]  讓薩都蓋人和法利賽人在同一個環境裏面
[00:30:17.480 --> 00:30:20.720]  於是保羅將正確的神學的部份
[00:30:20.720 --> 00:30:23.600]  保羅將對的神學部份
[00:30:23.600 --> 00:30:26.480]  合乎耶穌基督啟示的部份
[00:30:26.480 --> 00:30:28.480]  合乎耶穌啟示的部份
[00:30:28.480 --> 00:30:31.480]  死後復活這個事實
[00:30:31.480 --> 00:30:32.840]  死後復活這個事實
[00:30:32.840 --> 00:30:33.800]  這個題目
[00:30:33.800 --> 00:30:34.320]  這個題目
[00:30:34.320 --> 00:30:35.720]  這個討論的核心
[00:30:35.720 --> 00:30:36.440]  討論的核心
[00:30:36.440 --> 00:30:37.800]  藉著這個審判
[00:30:37.800 --> 00:30:38.360]  藉著這個審判
[00:30:38.360 --> 00:30:39.760]  準確地
[00:30:39.760 --> 00:30:40.360]  準確地
[00:30:40.360 --> 00:30:41.240]  提了它出來
[00:30:41.240 --> 00:30:42.120]  提了出來
[00:30:42.120 --> 00:30:42.880]  甚至可以這樣說
[00:30:42.880 --> 00:30:43.560]  用英文
[00:30:43.560 --> 00:30:47.120]  He highlighted the right discussion topic
[00:30:47.120 --> 00:30:50.400]  他將最適合的討論題目提了出來
[00:30:50.400 --> 00:30:52.920]  最合適的題目提了出來
[00:30:52.920 --> 00:30:55.240]  我們求真的是真理
[00:30:55.240 --> 00:30:56.560]  我們求真的是真理
[00:30:56.560 --> 00:30:59.360]  於是就將這個真理的核心提了出來
[00:30:59.360 --> 00:31:00.920]  將這個真理的核心提了出來
[00:31:00.920 --> 00:31:03.360]  這個核心一提了出來之後
[00:31:03.360 --> 00:31:04.400]  將這個核心提了出來之後
[00:31:04.400 --> 00:31:05.440]  精彩了
[00:31:05.440 --> 00:31:06.600]  精彩了
[00:31:06.600 --> 00:31:08.320]  原來上帝的道理
[00:31:08.320 --> 00:31:10.960]  一將它顯明的時候
[00:31:10.960 --> 00:31:13.040]  上帝將它道理顯明的時候
[00:31:13.040 --> 00:31:15.800]  就會造成一種分化的現象
[00:31:15.800 --> 00:31:18.880]  就會造成一種分化的現象
[00:31:18.880 --> 00:31:21.160]  分化成
[00:31:21.160 --> 00:31:22.520]  跟隨真理的
[00:31:22.520 --> 00:31:26.560]  和不跟隨真理的兩個團體
[00:31:26.560 --> 00:31:28.280]  分化成跟隨真理的
[00:31:28.280 --> 00:31:30.480]  和不跟隨真理的兩個團體
[00:31:30.480 --> 00:31:32.400]  在這個過程當中
[00:31:32.400 --> 00:31:33.560]  這樣的過程當中
[00:31:33.560 --> 00:31:37.400]  讓他們誘發他們去討論一個真理的題目
[00:31:37.400 --> 00:31:39.880]  誘發他們去討論真理這個題目
[00:31:39.880 --> 00:31:40.840]  丁小妹
[00:31:40.840 --> 00:31:42.920]  其實這個是我們今天基督徒
[00:31:42.920 --> 00:31:45.760]  應該有的態度
[00:31:45.760 --> 00:31:46.920]  活在這個地上
[00:31:46.920 --> 00:31:48.640]  應有的觀念來的
[00:31:48.640 --> 00:31:49.760]  就是因為我們基督徒
[00:31:49.760 --> 00:31:51.880]  應該有這種態度和觀念
[00:31:51.880 --> 00:31:53.880]  當基督徒活在這個地上的時候
[00:31:53.880 --> 00:31:55.240]  當基督徒活在這個世上
[00:31:55.240 --> 00:31:57.200]  我們經常都說我們要見證耶穌
[00:31:57.200 --> 00:31:58.240]  見證真理
[00:31:58.240 --> 00:32:00.920]  見證上帝的說話
[00:32:00.920 --> 00:32:02.480]  我們經常說見證耶穌
[00:32:02.480 --> 00:32:03.240]  見證真理
[00:32:03.240 --> 00:32:04.440]  見證上帝的說話
[00:32:04.440 --> 00:32:06.560]  很多時候見證些什麼呢?
[00:32:06.560 --> 00:32:08.120]  很多時候我們見證了什麼呢?
[00:32:08.120 --> 00:32:10.360]  見證那些都是虛假的東西
[00:32:10.360 --> 00:32:12.080]  見證那些虛假的
[00:32:12.080 --> 00:32:14.440]  見證一些討人喜悅的東西
[00:32:14.440 --> 00:32:16.040]  見證一些討人喜歡的
[00:32:16.040 --> 00:32:18.080]  譬如簡單一點你這樣說
[00:32:18.080 --> 00:32:18.960]  譬如說
[00:32:18.960 --> 00:32:19.680]  教會
[00:32:19.680 --> 00:32:21.200]  經常有很多的教會
[00:32:21.200 --> 00:32:22.480]  其中一些宗派討論
[00:32:22.480 --> 00:32:24.000]  我們信耶穌
[00:32:24.000 --> 00:32:24.880]  常常信得
[00:32:24.880 --> 00:32:27.920]  耶穌有神蹟騎士在你身上發生的
[00:32:27.920 --> 00:32:29.880]  很多教會說信耶穌了
[00:32:29.880 --> 00:32:32.200]  耶穌有很多神蹟騎士在你上面
[00:32:32.200 --> 00:32:33.120]  丁小妹
[00:32:33.120 --> 00:32:33.640]  丁小妹
[00:32:33.640 --> 00:32:36.920]  這種是不是上帝說的一種啟示的核心
[00:32:36.920 --> 00:32:39.040]  這是上帝所講的啟示的核心
[00:32:39.040 --> 00:32:41.680]  其實整本聖經所講的啟示的核心是什麼?
[00:32:41.680 --> 00:32:45.320]  其實整本聖經的啟示核心是什麼?
[00:32:45.320 --> 00:32:46.400]  六個字講完了
[00:32:46.400 --> 00:32:47.600]  七個字講完了
[00:32:47.600 --> 00:32:48.560]  七個字
[00:32:48.560 --> 00:32:49.680]  認罪
[00:32:49.680 --> 00:32:50.640]  認罪
[00:32:50.640 --> 00:32:51.320]  悔改
[00:32:51.320 --> 00:32:51.920]  悔改
[00:32:51.920 --> 00:32:52.840]  信耶穌
[00:32:52.840 --> 00:32:53.760]  信耶穌
[00:32:53.760 --> 00:32:54.720]  講完了
[00:32:54.720 --> 00:32:55.640]  七個字
[00:32:55.640 --> 00:32:56.080]  七個字
[00:32:56.080 --> 00:32:58.440]  七個字講完了
[00:32:58.440 --> 00:33:01.040]  而在這七個字裏面的演繹呢?
[00:33:01.040 --> 00:33:02.400]  在七個字裏的演繹
[00:33:02.400 --> 00:33:07.520]  有哪一樣東西是要有神蹟騎士才能證明你可以信主呢?
[00:33:07.520 --> 00:33:10.480]  有哪一個是說有神蹟騎士才信主呢?
[00:33:10.480 --> 00:33:11.080]  沒有
[00:33:11.080 --> 00:33:11.600]  沒有
[00:33:11.600 --> 00:33:16.600]  但今天的教會經常都講要有神蹟騎士
[00:33:16.600 --> 00:33:19.040]  誰病了誰患癌症
[00:33:19.040 --> 00:33:20.600]  又康復了
[00:33:20.600 --> 00:33:24.440]  現在教會都說有很多奇蹟的事情發生
[00:33:24.440 --> 00:33:26.080]  誰得了癌症就好了
[00:33:26.080 --> 00:33:26.760]  丁小妹
[00:33:26.760 --> 00:33:28.000]  不要誤會我講
[00:33:28.000 --> 00:33:31.000]  我不是代表說上帝不可以醫治
[00:33:31.000 --> 00:33:31.680]  不是
[00:33:31.680 --> 00:33:33.040]  上帝可以醫治
[00:33:33.040 --> 00:33:35.040]  大家不要誤會我所講的
[00:33:35.040 --> 00:33:36.480]  上帝不是說不會醫治
[00:33:36.480 --> 00:33:37.520]  上帝會醫治
[00:33:37.520 --> 00:33:42.880]  但是上帝不需要用這種方法來引人去認罪悔改
[00:33:42.880 --> 00:33:46.240]  上帝不需要用這種方法去引人認罪悔改
[00:33:46.240 --> 00:33:49.760]  而且這種方法很多時候不是引發人去認罪悔改
[00:33:49.760 --> 00:33:52.840]  而是變成一種收買人心的做法
[00:33:52.840 --> 00:33:56.560]  很多時候不是讓這種方法去讓人去認罪悔改
[00:33:56.560 --> 00:33:58.600]  反而成為一個收買人心的做法
[00:33:58.600 --> 00:34:00.640]  現代版本變成怎樣呢?
[00:34:00.640 --> 00:34:01.840]  現在的版本變成怎樣?
[00:34:01.840 --> 00:34:03.640]  就不是說神蹟醫治了
[00:34:03.640 --> 00:34:05.200]  就不是神蹟醫治了
[00:34:05.200 --> 00:34:07.120]  教會要多些醫生護士
[00:34:07.120 --> 00:34:08.440]  教會要多些醫生護士
[00:34:08.440 --> 00:34:10.000]  你回我教會就可以了
[00:34:10.000 --> 00:34:12.600]  這些神蹟奇事就會發生在你身上
[00:34:12.600 --> 00:34:14.160]  你來到我們教會就對了
[00:34:14.160 --> 00:34:16.160]  很多神蹟就會發生了
[00:34:16.160 --> 00:34:18.160]  當你有什麼問題的時候呢?
[00:34:18.160 --> 00:34:19.360]  你有問題的時候呢?
[00:34:19.360 --> 00:34:22.000]  上帝安排了這些弟兄姊妹在教會
[00:34:22.000 --> 00:34:25.320]  醫生護士可以來幫助你、醫療你
[00:34:25.320 --> 00:34:28.720]  上帝安排了這些醫生護士來幫助你
[00:34:28.720 --> 00:34:29.920]  所以弟兄姊妹
[00:34:29.920 --> 00:34:30.760]  所以弟兄姊妹
[00:34:30.760 --> 00:34:34.080]  這種是現代版的扭曲的神蹟奇事的表達
[00:34:34.080 --> 00:34:37.240]  這是現在版的扭曲的這種表達
[00:34:37.240 --> 00:34:39.760]  所以你開始明白為什麼很多教會
[00:34:39.760 --> 00:34:40.920]  很多人湧去
[00:34:40.920 --> 00:34:43.920]  很多醫生、律師、護士、警察
[00:34:43.920 --> 00:34:44.760]  什麼都去呢?
[00:34:44.760 --> 00:34:46.080]  你明白為什麼嗎?
[00:34:46.080 --> 00:34:49.600]  為什麼有些教會有很多醫生、護士或者警察呢?
[00:34:49.600 --> 00:34:50.840]  為什麼先去那裡呢?
[00:34:50.840 --> 00:34:54.400]  因為可以方便他們說這些就是上帝的工作
[00:34:54.400 --> 00:34:56.800]  因為方便可以講這是上帝的工作
[00:34:56.800 --> 00:34:58.520]  其實全部都是人為的工作
[00:34:58.520 --> 00:35:00.520]  其實全部都是人為的
[00:35:00.520 --> 00:35:03.720]  你就以為是上帝的工作?
[00:35:03.720 --> 00:35:05.720]  你就以為是上帝的工作?
[00:35:05.720 --> 00:35:10.480]  我曾經認識一個老牧者患了腎衰竭
[00:35:10.480 --> 00:35:13.960]  我曾經認識一個老牧者他患了腎衰竭
[00:35:13.960 --> 00:35:18.440]  後來他去醫院急速即刻換了一個腎
[00:35:18.440 --> 00:35:21.880]  他去醫院馬上可以換了一個腎
[00:35:21.880 --> 00:35:25.560]  你知不知道為什麼可以換到這個腎呢?
[00:35:25.560 --> 00:35:27.640]  知道為什麼換了一個腎
[00:35:27.640 --> 00:35:33.840]  因為他們教會有很多醫生、護士、院長、醫院的主事人
[00:35:33.840 --> 00:35:39.040]  因為他們教會有很多醫生、護士還有一些醫院的院長
[00:35:39.040 --> 00:35:42.880]  然後教會就編輯了一個這樣的見證
[00:35:42.880 --> 00:35:45.360]  然後教會就可以編輯出這樣一個見證
[00:35:45.360 --> 00:35:48.320]  大能的神醫治這位老牧者
[00:35:48.320 --> 00:35:51.160]  大能的神醫治這個老牧者
[00:35:51.160 --> 00:35:55.160]  所以可以在短時間之內上帝安排一個腎給他
[00:35:55.160 --> 00:35:57.680]  然後安排醫院給他換腎
[00:35:57.680 --> 00:36:00.960]  所以在短時間內給他安排好了醫院讓他換了腎
[00:36:00.960 --> 00:36:04.240]  我們眾弟兄妹要為此Hallelujah感謝神
[00:36:04.240 --> 00:36:07.520]  我們眾弟兄妹應該為此Hallelujah感謝神
[00:36:07.520 --> 00:36:11.240]  眾弟兄妹 你聽到之後你的反應應該是什麼呢?
[00:36:11.240 --> 00:36:13.240]  你的反應是什麼呢?
[00:36:13.240 --> 00:36:17.000]  如果你是真的有公義的話呢?
[00:36:17.000 --> 00:36:18.520]  如果你是有公義的話
[00:36:18.520 --> 00:36:20.600]  有真是聖經所講的公義
[00:36:20.600 --> 00:36:22.200]  有聖經所講的公義
[00:36:22.200 --> 00:36:23.400]  你應該怎麼想?
[00:36:23.400 --> 00:36:24.240]  你應該怎麼想?
[00:36:24.240 --> 00:36:26.120]  這個牧師真是壞人
[00:36:26.120 --> 00:36:30.320]  這個牧師真是不太好
[00:36:30.320 --> 00:36:32.320]  你打尖去換腎
[00:36:32.320 --> 00:36:35.760]  你是插對了去換腎
[00:36:35.760 --> 00:36:37.320]  沒有一個信徒這樣想
[00:36:37.320 --> 00:36:38.920]  沒有一個信徒會這麼想
[00:36:38.920 --> 00:36:41.560]  認為「哇!Hallelujah感謝主」
[00:36:41.560 --> 00:36:43.360]  認為是Hallelujah感謝主
[00:36:43.360 --> 00:36:45.680]  眾弟兄妹 這些虛偽的做法
[00:36:45.680 --> 00:36:46.600]  這些虛偽的做法
[00:36:46.600 --> 00:36:48.320]  今天多而又多
[00:36:48.320 --> 00:36:50.040]  今天多而又多
[00:36:50.040 --> 00:36:51.720]  真理一傳開的時候
[00:36:51.720 --> 00:36:53.280]  沒有人喜歡聽的
[00:36:53.280 --> 00:36:54.600]  真理一傳開的時候
[00:36:54.600 --> 00:36:55.200]  沒有人喜歡聽的
[00:36:55.200 --> 00:36:56.200]  你看看這裡
[00:36:56.200 --> 00:36:57.480]  真理一傳開的時候
[00:36:57.480 --> 00:36:59.280]  保羅只是講了一樣東西
[00:36:59.280 --> 00:37:01.480]  盼望死人復活
[00:37:01.480 --> 00:37:04.080]  馬上分為兩黨
[00:37:04.080 --> 00:37:05.520]  像保羅說
[00:37:05.520 --> 00:37:07.160]  盼望死人復活之後
[00:37:07.160 --> 00:37:08.480]  馬上就分為兩黨
[00:37:08.480 --> 00:37:10.600]  工會的人連同
[00:37:10.600 --> 00:37:14.080]  他們原本是想一起側死保羅的
[00:37:14.080 --> 00:37:18.400]  工會的人本來是想要殺死保羅
[00:37:18.400 --> 00:37:19.960]  結局造成什麼現象?
[00:37:19.960 --> 00:37:21.240]  第九節我們看看
[00:37:21.240 --> 00:37:22.520]  結果變成了第九節
[00:37:22.520 --> 00:37:24.760]  於是大大地宣揚起來
[00:37:24.760 --> 00:37:25.680]  大大地宣揚起來
[00:37:25.680 --> 00:37:29.720]  有幾個法利賽黨的民事站起來爭辯說
[00:37:29.720 --> 00:37:32.920]  有幾個法利賽黨的民事站起來爭辯說
[00:37:32.920 --> 00:37:35.520]  我們看不到有些什麼說話
[00:37:35.520 --> 00:37:36.920]  有些什麼問題
[00:37:36.920 --> 00:37:39.040]  這個人有什麼惡處
[00:37:39.040 --> 00:37:41.280]  我看不出這個人有什麼惡處
[00:37:41.280 --> 00:37:43.920]  如果保羅真的見到鬼魂和天使
[00:37:43.920 --> 00:37:45.200]  對他講過說話
[00:37:45.200 --> 00:37:47.000]  那怎麼算好?
[00:37:47.000 --> 00:37:49.800]  他說真的有鬼魂天使對他說過話
[00:37:49.800 --> 00:37:50.920]  怎麼辦呢?
[00:37:50.920 --> 00:37:54.040]  這句話和合本現在很文雅
[00:37:54.040 --> 00:37:58.360]  這句話何鶴本翻譯得很精彩
[00:37:58.360 --> 00:38:00.360]  正式這句話的含義
[00:38:00.360 --> 00:38:04.080]  是向這幫殺都該人進行挑戰
[00:38:04.080 --> 00:38:07.640]  這句話是向殺都該人挑戰
[00:38:07.640 --> 00:38:09.400]  我翻譯一次給大家聽
[00:38:09.400 --> 00:38:11.640]  我翻譯成另外一個版本
[00:38:11.640 --> 00:38:14.800]  他說我們根本見不到保羅有什麼問題
[00:38:14.800 --> 00:38:17.080]  我們根本看不到保羅有什麼問題
[00:38:17.080 --> 00:38:19.920]  如果保羅真的曾經見過鬼魂天使
[00:38:19.920 --> 00:38:22.480]  跟他說過這幫復活的人
[00:38:22.480 --> 00:38:26.680]  會在盼望當中可以從死亡復活的話
[00:38:26.680 --> 00:38:29.080]  如果保羅真的向這些人講過
[00:38:29.080 --> 00:38:31.280]  說此人可以復活的話
[00:38:31.280 --> 00:38:33.240]  怎麼辦呢?
[00:38:33.240 --> 00:38:35.000]  怎麼辦呢?怎麼辦呢?
[00:38:35.000 --> 00:38:38.040]  這句話應該這樣翻譯
[00:38:38.040 --> 00:38:39.320]  這句話應該這樣翻譯
[00:38:39.320 --> 00:38:42.400]  保羅挑戰這幫殺都該人
[00:38:42.400 --> 00:38:43.720]  不是,不是保羅
[00:38:43.720 --> 00:38:46.920]  法利賽人挑戰這幫殺都該人
[00:38:46.920 --> 00:38:49.920]  法利賽人挑戰那些殺都該人
[00:38:49.920 --> 00:38:52.040]  怎麼辦呢?如果真的是這樣
[00:38:52.040 --> 00:38:54.000]  那怎麼辦呢?
[00:38:54.000 --> 00:38:56.640]  大兄姐妹
[00:38:56.640 --> 00:38:59.160]  你看看當真理顯現的時候
[00:38:59.160 --> 00:39:00.840]  當真理顯現的時候
[00:39:00.840 --> 00:39:03.320]  不需要保羅說多少話
[00:39:03.320 --> 00:39:04.920]  不需要保羅講多
[00:39:04.920 --> 00:39:06.360]  因為接著我們也看見
[00:39:06.360 --> 00:39:08.160]  保羅在那裡也沒什麼好說的
[00:39:08.160 --> 00:39:09.320]  接下來保羅也沒什麼好說的
[00:39:09.320 --> 00:39:11.880]  有沒有留意?保羅沒有說話的
[00:39:11.880 --> 00:39:13.040]  保羅沒有講
[00:39:13.040 --> 00:39:14.760]  他們在那裡吵完一輪
[00:39:14.760 --> 00:39:15.560]  那些人吵了
[00:39:15.560 --> 00:39:17.560]  第十節吵完一輪
[00:39:17.560 --> 00:39:18.320]  吵了一陣
[00:39:18.320 --> 00:39:20.000]  唯有怎麼樣?
[00:39:20.000 --> 00:39:23.120]  搏亂
[00:39:23.120 --> 00:39:24.880]  沒有就亂
[00:39:24.880 --> 00:39:26.720]  趁機搞亂它
[00:39:26.720 --> 00:39:27.560]  趁機搞亂
[00:39:27.560 --> 00:39:28.720]  希望在亂的當中
[00:39:28.720 --> 00:39:32.840]  有人想從中可以達到另外的目的
[00:39:32.840 --> 00:39:33.920]  希望在亂中
[00:39:33.920 --> 00:39:37.080]  有些人可以達到他自己的目的
[00:39:37.080 --> 00:39:39.640]  其實我不知道為什麼上帝
[00:39:39.640 --> 00:39:41.800]  讓我今天才講這堂道
[00:39:41.800 --> 00:39:45.120]  我不知道上帝為什麼讓我今天講這堂道
[00:39:45.120 --> 00:39:48.240]  其實這堂道很適合香港現在的情況聽
[00:39:48.240 --> 00:39:52.240]  所以這堂道很適合今天的香港
[00:39:52.240 --> 00:39:54.200]  你看看有些東西
[00:39:54.200 --> 00:39:58.400]  當真理顯明的時候
[00:39:58.400 --> 00:40:01.440]  有些人的別有用心就顯明出來
[00:40:01.440 --> 00:40:03.880]  有些人的別有用心就顯示出來了
[00:40:03.880 --> 00:40:06.560]  什麼人的那些鬼鬼怪怪
[00:40:06.560 --> 00:40:08.000]  古古惑惑的東西
[00:40:08.000 --> 00:40:10.760]  趁機會所以暴露出來
[00:40:10.760 --> 00:40:14.000]  很多鬼鬼化化的都會暴露出來
[00:40:14.000 --> 00:40:15.640]  如果香港的信徒
[00:40:15.640 --> 00:40:17.320]  如果網絡聽完這堂訊息
[00:40:17.320 --> 00:40:18.880]  我希望你們這樣想
[00:40:18.880 --> 00:40:22.600]  如果香港的信徒通過網絡聽到這堂道
[00:40:22.600 --> 00:40:23.280]  我希望你這麼想
[00:40:23.280 --> 00:40:25.240]  我希望我們這裡都是這樣想
[00:40:25.240 --> 00:40:26.960]  我希望我們都是這麼想
[00:40:26.960 --> 00:40:28.520]  當真理顯明的時候
[00:40:28.520 --> 00:40:29.640]  當真理顯明
[00:40:29.640 --> 00:40:32.080]  顯露了什麼人的醜惡出來
[00:40:32.080 --> 00:40:35.200]  顯露了人的醜惡出來
[00:40:35.200 --> 00:40:37.040]  很多人在一個機會裡面
[00:40:37.040 --> 00:40:39.040]  你看它以為很光明
[00:40:39.040 --> 00:40:41.640]  其實它背後有很多古惑的東西
[00:40:41.640 --> 00:40:43.640]  在後面隱藏出來
[00:40:43.640 --> 00:40:45.240]  在面前你看它很光榮
[00:40:45.240 --> 00:40:47.360]  可是在背後有很多的污穢
[00:40:47.360 --> 00:40:49.720]  你看它以為它很公義
[00:40:49.720 --> 00:40:53.720]  其實它可能後面有其它意思想達到的目的
[00:40:53.720 --> 00:40:55.320]  你看它表面上很公義
[00:40:55.320 --> 00:40:57.320]  其實在背後有很多不同的目的
[00:40:57.320 --> 00:40:58.280]  你就不要看另外一邊
[00:40:58.280 --> 00:40:59.320]  那邊就很好了
[00:40:59.320 --> 00:41:02.960]  其實這幫人都可能有其它的目的在裡面
[00:41:02.960 --> 00:41:04.200]  不要看另一方面的人
[00:41:04.200 --> 00:41:05.920]  看他們也有他們的目的
[00:41:05.920 --> 00:41:08.120]  這段聖經就正正講了這件事實
[00:41:08.120 --> 00:41:09.400]  這段聖經就講這樣
[00:41:09.400 --> 00:41:14.680]  法利塞人有他自己想的那一堆東西
[00:41:14.680 --> 00:41:19.400]  法利塞人整天就想和薩都該人勢不兩立
[00:41:19.400 --> 00:41:20.760]  有機會去踩他
[00:41:20.760 --> 00:41:23.000]  法利塞人和薩都該人勢不兩立
[00:41:23.000 --> 00:41:25.200]  有機會就踩到了這一次
[00:41:25.200 --> 00:41:26.400]  這一次踩到了
[00:41:26.400 --> 00:41:27.520]  剛剛我講過了
[00:41:27.520 --> 00:41:29.760]  第九節說「怎麼辦?」
[00:41:29.760 --> 00:41:33.080]  這個東西真的很應景
[00:41:33.080 --> 00:41:36.960]  第九節講「怎麼辦呢?」
[00:41:36.960 --> 00:41:38.280]  他們在那裡吵
[00:41:38.280 --> 00:41:39.560]  他們在那裡爭吵
[00:41:39.560 --> 00:41:42.440]  於是有些人在後面想殺死保羅
[00:41:42.440 --> 00:41:44.280]  所以
[00:41:44.280 --> 00:41:46.400]  有沒有留意我們看這段聖經
[00:41:46.400 --> 00:41:49.800]  千夫長恐怕保羅在這個時候被他扯碎
[00:41:49.800 --> 00:41:50.880]  有沒有看第十節
[00:41:50.880 --> 00:41:53.040]  千夫長恐怕保羅被他們扯碎
[00:41:53.040 --> 00:41:54.800]  和合本又寫得很文雅了
[00:41:54.800 --> 00:41:56.920]  和合本寫得很文雅了
[00:41:56.920 --> 00:41:59.160]  如果用今天廣東話翻譯呢
[00:41:59.160 --> 00:42:01.640]  用今天的廣東話說呢
[00:42:01.640 --> 00:42:04.440]  千夫長很擔心保羅被他們做垮了
[00:42:04.440 --> 00:42:07.320]  千夫長很擔心保羅被他們殺了
[00:42:07.320 --> 00:42:10.680]  於是馬上叫兵丁帶了保羅
[00:42:10.680 --> 00:42:12.000]  把他搶出來
[00:42:12.000 --> 00:42:14.000]  然後把他收回營裡
[00:42:14.000 --> 00:42:17.520]  就吩咐兵丁下去把他從當中搶出來
[00:42:17.520 --> 00:42:18.560]  帶進營中
[00:42:18.560 --> 00:42:19.960]  大姐姐妹
[00:42:19.960 --> 00:42:22.440]  整件事想說些什麼呢?
[00:42:22.440 --> 00:42:24.160]  其實上帝想做些什麼呢?
[00:42:24.160 --> 00:42:25.880]  這個反而我們要問
[00:42:25.880 --> 00:42:27.480]  我一直都在問上帝的旨意
[00:42:27.480 --> 00:42:28.960]  在這一刻想做些什麼呢?
[00:42:28.960 --> 00:42:30.640]  我們要問上帝在這一刻
[00:42:30.640 --> 00:42:32.000]  究竟要做些什麼呢?
[00:42:32.000 --> 00:42:34.640]  上帝是不是想法尼塞人全對呢?
[00:42:34.640 --> 00:42:36.440]  上帝是要法尼塞人對嗎?
[00:42:36.440 --> 00:42:39.080]  是不是上帝想薩都那人全輸了呢?
[00:42:39.080 --> 00:42:40.800]  還是要薩都該人輸了呢?
[00:42:40.800 --> 00:42:43.960]  是不是上帝想工會的人可以殺死保羅呢?
[00:42:43.960 --> 00:42:45.960]  是不是要工會的人殺死保羅呢?
[00:42:45.960 --> 00:42:49.040]  還是上帝不想保羅死繼續這樣做呢?
[00:42:49.040 --> 00:42:51.080]  還是上帝不想保羅死繼續這樣做呢?
[00:42:51.080 --> 00:42:54.120]  整段經文仍然都是在說一個主題
[00:42:54.120 --> 00:42:57.080]  整段經文仍然是講一個主題
[00:42:57.080 --> 00:43:00.560]  盼望死人復活這個題目
[00:43:00.560 --> 00:43:02.520]  盼望死人復活這個題目
[00:43:02.520 --> 00:43:03.840]  這個題目顯明出來
[00:43:03.840 --> 00:43:05.280]  這個題目顯明出來
[00:43:05.280 --> 00:43:08.040]  每一個今天的基督徒讀完這段聖經
[00:43:08.040 --> 00:43:09.920]  每一個基督徒讀完今天的聖經
[00:43:09.920 --> 00:43:13.280]  我們所有的焦點應該在這個這麼複雜的世界裏面
[00:43:13.280 --> 00:43:18.360]  仍然瞄準在我們究竟怎樣預備去見我們這位上帝
[00:43:18.360 --> 00:43:21.360]  所有的焦點都是應該聚集在
[00:43:21.360 --> 00:43:22.960]  我們將來是怎樣去見上帝
[00:43:22.960 --> 00:43:24.520]  首先你是不是有盼望先?
[00:43:24.520 --> 00:43:26.520]  首先你有盼望嗎?
[00:43:26.520 --> 00:43:27.880]  你的盼望從何來?
[00:43:27.880 --> 00:43:29.080]  你的盼望從何而來?
[00:43:29.080 --> 00:43:30.560]  從主耶穌基督而來
[00:43:30.560 --> 00:43:31.360]  從主耶穌而來
[00:43:31.360 --> 00:43:33.160]  如果你沒有這一樣東西
[00:43:33.160 --> 00:43:34.040]  如果你沒有
[00:43:34.040 --> 00:43:36.640]  即使你死了你都不用想著復活了
[00:43:36.640 --> 00:43:39.320]  即使你死了也不需要想著復活了
[00:43:39.320 --> 00:43:40.880]  兄弟姐妹
[00:43:40.880 --> 00:43:42.640]  復活這個字眼
[00:43:42.640 --> 00:43:43.360]  復活這個字眼
[00:43:43.360 --> 00:43:45.480]  不是只是說翻生這麼簡單
[00:43:45.480 --> 00:43:48.040]  不是說重生而已
[00:43:48.040 --> 00:43:49.440]  復活這個字眼
[00:43:49.440 --> 00:43:49.920]  復活
[00:43:49.920 --> 00:43:53.320]  是重歸於上帝做人與祂的關係的意思
[00:43:53.320 --> 00:43:56.720]  是重歸上帝造人跟祂的關係的意思
[00:43:56.720 --> 00:43:58.360]  你知道死人復不復活的?
[00:43:58.360 --> 00:44:00.760]  那些不信主的死人復不復活的?
[00:44:00.760 --> 00:44:02.800]  不信主那些死人復不復活呢?
[00:44:02.800 --> 00:44:05.000]  你可以看看其他經文
[00:44:05.000 --> 00:44:06.400]  可以看其他的經文
[00:44:06.400 --> 00:44:07.200]  生人
[00:44:07.200 --> 00:44:10.200]  那些信主的、不信主的全部都復活
[00:44:10.200 --> 00:44:12.320]  信主的和不信主的全部復活
[00:44:12.320 --> 00:44:14.040]  全部都會耶穌審一次
[00:44:14.040 --> 00:44:15.400]  全部由耶穌審判
[00:44:15.400 --> 00:44:18.520]  不過不信的就在永死的裏面
[00:44:18.520 --> 00:44:20.200]  不過不信的就在永死裏面
[00:44:20.200 --> 00:44:21.360]  甚麼叫永死?
[00:44:21.360 --> 00:44:21.960]  甚麼是永死?
[00:44:21.960 --> 00:44:23.840]  與上帝永遠分割
[00:44:23.840 --> 00:44:25.400]  與上帝永遠分割
[00:44:25.400 --> 00:44:27.640]  而信主的人是甚麼東西?
[00:44:27.640 --> 00:44:28.400]  信主的人呢?
[00:44:28.400 --> 00:44:29.320]  永生
[00:44:29.320 --> 00:44:29.960]  是永生
[00:44:29.960 --> 00:44:31.800]  永遠跟上帝走在一起
[00:44:31.800 --> 00:44:33.280]  永遠跟上帝在一起
[00:44:33.280 --> 00:44:33.960]  弟兄姊妹
[00:44:33.960 --> 00:44:35.480]  這個才是主題
[00:44:35.480 --> 00:44:37.960]  我們在這個這麼混亂的世界裏面
[00:44:37.960 --> 00:44:39.680]  在這個混亂的世界裏
[00:44:39.680 --> 00:44:43.720]  我們現在不是在爭取誰贏誰輸的問題
[00:44:43.720 --> 00:44:46.040]  現在不是在討論誰贏誰輸的問題
[00:44:46.040 --> 00:44:48.080]  而是真理是甚麼東西?
[00:44:48.080 --> 00:44:49.240]  你說真理是甚麼?
[00:44:49.240 --> 00:44:51.360]  就是看見這個這麼垃圾的世界
[00:44:51.360 --> 00:44:52.600]  看見這種垃圾的世界
[00:44:52.600 --> 00:44:54.120]  這麼混亂的世界
[00:44:54.120 --> 00:44:54.600]  混亂的世界
[00:44:54.600 --> 00:44:56.200]  充滿罪惡的世界
[00:44:56.200 --> 00:44:56.680]  罪惡的世界
[00:44:56.680 --> 00:44:59.040]  我們今天是怎樣在這個世界裏面
[00:44:59.040 --> 00:45:01.280]  仍然對上帝不離不棄?
[00:45:01.280 --> 00:45:02.920]  我們怎樣在這樣的世界裏面
[00:45:02.920 --> 00:45:05.560]  才對上帝不離不棄?
[00:45:05.560 --> 00:45:07.320]  講一件事給大家聽
[00:45:07.320 --> 00:45:08.280]  講一件事給大家聽
[00:45:08.280 --> 00:45:10.520]  上帝其實做事是很好的
[00:45:10.520 --> 00:45:11.840]  上帝做事情是很好的
[00:45:11.840 --> 00:45:14.240]  好在有些事我都不知道它發生了甚麼事
[00:45:14.240 --> 00:45:15.440]  好的我都不知道發生了甚麼事
[00:45:15.440 --> 00:45:17.200]  但是我儘管照著走
[00:45:17.200 --> 00:45:18.480]  我儘管照著行走
[00:45:18.480 --> 00:45:19.000]  弟兄姊妹
[00:45:19.000 --> 00:45:20.120]  如果你知道的
[00:45:20.120 --> 00:45:20.920]  上帝是很好的
[00:45:20.920 --> 00:45:23.240]  現在給了我一份暫時的工作
[00:45:23.240 --> 00:45:24.920]  大家知道上帝很好
[00:45:24.920 --> 00:45:26.800]  暫時給我一份工作
[00:45:26.800 --> 00:45:29.600]  這份工作讓我接觸了很多人
[00:45:29.600 --> 00:45:31.600]  這份工作讓我接觸了很多人
[00:45:31.600 --> 00:45:34.880]  而且對那些人的背景非常了解
[00:45:34.880 --> 00:45:37.560]  對那些人的背景都很了解
[00:45:37.560 --> 00:45:38.520]  了解到一個地步
[00:45:38.520 --> 00:45:40.120]  我開始發現到一件事
[00:45:40.120 --> 00:45:42.400]  了解之後我發現
[00:45:42.400 --> 00:45:45.520]  人的罪惡、醜惡到了一個地步
[00:45:45.520 --> 00:45:48.000]  是比我想像的更醜惡
[00:45:48.000 --> 00:45:51.240]  人的醜惡比我想像的還真是更醜惡
[00:45:51.240 --> 00:45:53.640]  以我所見的人當中
[00:45:53.640 --> 00:45:54.880]  在我所見的人當中
[00:45:54.880 --> 00:46:00.200]  每天我接見三至四十個人的對話
[00:46:00.200 --> 00:46:04.200]  每天我大概接待三、四十個人的電話
[00:46:04.200 --> 00:46:08.040]  星期五那天我接了四十七個的對話
[00:46:08.040 --> 00:46:10.560]  星期五我接了四十七個的電話
[00:46:10.560 --> 00:46:12.240]  我自己做了一些統計
[00:46:12.240 --> 00:46:13.880]  自己做了統計
[00:46:13.880 --> 00:46:17.720]  由二十歲到六十歲這個年齡界別
[00:46:17.720 --> 00:46:20.960]  由二十到六十幾歲的這個年齡
[00:46:20.960 --> 00:46:22.600]  他們的婚姻狀況
[00:46:22.600 --> 00:46:24.200]  他們的婚姻狀況
[00:46:24.200 --> 00:46:26.560]  絕大部分
[00:46:26.560 --> 00:46:28.000]  絕大部分
[00:46:28.000 --> 00:46:29.280]  是同居的
[00:46:29.280 --> 00:46:31.280]  是同居
[00:46:31.280 --> 00:46:33.280]  大約佔七成左右
[00:46:33.280 --> 00:46:35.280]  佔七成
[00:46:35.280 --> 00:46:36.680]  另外的呢?
[00:46:36.680 --> 00:46:37.560]  另外的呢?
[00:46:37.560 --> 00:46:39.760]  大約一成左右是離婚
[00:46:39.760 --> 00:46:42.240]  一成是離婚
[00:46:42.240 --> 00:46:43.960]  再剩下一成左右呢?
[00:46:43.960 --> 00:46:45.080]  還有一成呢?
[00:46:45.080 --> 00:46:46.920]  還寫著結婚
[00:46:46.920 --> 00:46:47.880]  就是結婚了
[00:46:47.880 --> 00:46:49.040]  剩下一成
[00:46:49.040 --> 00:46:52.960]  就是有時離婚、有時獨身
[00:46:52.960 --> 00:46:55.840]  還剩下一成是有時離婚、有時結婚
[00:46:55.840 --> 00:46:59.680]  而當我仔細去看一下這一堆人數當中
[00:46:59.680 --> 00:47:02.080]  在我看這些人群當中
[00:47:02.080 --> 00:47:05.040]  由頭到尾只有一個伴侶的人呢?
[00:47:05.040 --> 00:47:07.720]  由頭到尾只有一個伴侶的人呢?
[00:47:07.720 --> 00:47:09.320]  不超過5%
[00:47:09.320 --> 00:47:10.960]  不超過5%
[00:47:10.960 --> 00:47:13.440]  告訴我這是甚麼事呢?
[00:47:13.440 --> 00:47:15.480]  告訴我這是甚麼事情呢?
[00:47:15.480 --> 00:47:16.800]  在這個世界當中
[00:47:16.800 --> 00:47:18.120]  在這個世界當中
[00:47:18.120 --> 00:47:22.520]  現在的人對婚姻、對人倫關係已經是全部破產
[00:47:22.520 --> 00:47:26.120]  現在的人對婚姻、對人倫關係已經是全部破產
[00:47:26.120 --> 00:47:29.040]  現在你留意一下大部份的家庭
[00:47:29.040 --> 00:47:30.840]  大家留意一下大部份的家庭
[00:47:30.840 --> 00:47:32.080]  當中的成員
[00:47:32.080 --> 00:47:33.960]  他不當這個是家
[00:47:33.960 --> 00:47:36.560]  當中的成員他不當這個家是家
[00:47:36.560 --> 00:47:38.880]  他覺得這個地方根本
[00:47:38.880 --> 00:47:39.920]  只不過
[00:47:39.920 --> 00:47:43.560]  可能甚至連一張床都不值這個地方
[00:47:43.560 --> 00:47:45.920]  可能是擺東西的儲物室來的
[00:47:45.920 --> 00:47:49.680]  當自己的家是一個儲物室
[00:47:49.680 --> 00:47:51.400]  在這樣的世界裏面
[00:47:51.400 --> 00:47:53.440]  在這樣的世界裏面
[00:47:53.440 --> 00:47:54.840]  我所見的人
[00:47:54.840 --> 00:47:56.880]  我所見的人
[00:47:56.880 --> 00:47:58.520]  淒涼到一個地步
[00:47:58.520 --> 00:47:59.760]  淒涼到一個地步呢?
[00:47:59.760 --> 00:48:01.680]  結完婚、離婚、離婚、同居、同居
[00:48:01.680 --> 00:48:03.280]  再離婚、離婚、再獨生、獨生
[00:48:03.280 --> 00:48:06.200]  再結婚、結婚、再離婚
[00:48:06.200 --> 00:48:09.400]  已經超過十次八次的人多的是呀
[00:48:09.400 --> 00:48:11.000]  離婚、結婚、結婚、離婚
[00:48:11.000 --> 00:48:12.440]  又獨生又同居
[00:48:12.440 --> 00:48:13.760]  各種狀況
[00:48:13.760 --> 00:48:16.200]  挺好的你的翻譯
[00:48:16.200 --> 00:48:17.360]  靜心姐妹
[00:48:17.360 --> 00:48:17.800]  靜心姐妹
[00:48:17.800 --> 00:48:19.160]  反映著甚麼事實?
[00:48:19.160 --> 00:48:19.760]  反映著甚麼事實?
[00:48:19.760 --> 00:48:23.200]  這個世界人與人之間的關係已經破裂
[00:48:23.200 --> 00:48:24.840]  人與人之間的關係已經破裂
[00:48:24.840 --> 00:48:26.400]  如果我們做基督徒
[00:48:26.400 --> 00:48:31.560]  都不活出一個對正常關係的尊重的話
[00:48:31.560 --> 00:48:32.680]  如果我們做基督徒
[00:48:32.680 --> 00:48:35.640]  都不對這種關係活出一個正常的話
[00:48:35.640 --> 00:48:38.120]  我怎麼帶人去到上帝面前
[00:48:38.120 --> 00:48:40.560]  和一個永恆的神建立一個關係?
[00:48:40.560 --> 00:48:42.600]  我怎麼帶人走到上帝面前
[00:48:42.600 --> 00:48:44.520]  說是有一個永恆的關係?
[00:48:44.520 --> 00:48:48.320]  你不要以為基督徒不是這樣的系列
[00:48:48.320 --> 00:48:50.120]  基督徒也有很多是這樣的
[00:48:50.120 --> 00:48:51.800]  基督徒也有很多這樣的
[00:48:51.800 --> 00:48:54.040]  我見過一個離了婚不知多少次
[00:48:54.040 --> 00:48:55.520]  最後跟我說完之後
[00:48:55.520 --> 00:48:57.760]  他說「Praise the Lord」
[00:48:57.760 --> 00:49:01.520]  有一個人見過一個人離了很多次婚
[00:49:01.520 --> 00:49:03.480]  感謝主
[00:49:03.480 --> 00:49:04.800]  靜心姐妹
[00:49:04.800 --> 00:49:07.120]  原來人已經到達一個這樣的地步
[00:49:07.120 --> 00:49:08.800]  人已經到達這種地步
[00:49:08.800 --> 00:49:11.720]  保羅在這裡說出一個很重要的事情
[00:49:11.720 --> 00:49:13.040]  保羅在這裡說出一個很重要的事情
[00:49:13.040 --> 00:49:15.600]  你覺得與上帝的關係
[00:49:15.600 --> 00:49:17.360]  活在一個甚麼狀態裡面?
[00:49:17.360 --> 00:49:18.800]  你願意與上帝的關係
[00:49:18.800 --> 00:49:20.080]  活在一個甚麼樣的狀態裡面?
[00:49:20.080 --> 00:49:21.520]  你站在上帝面前的時候
[00:49:21.520 --> 00:49:23.840]  今天我讓你站在上帝面前的時候
[00:49:23.840 --> 00:49:25.680]  你站在上帝面前的時候
[00:49:25.680 --> 00:49:28.720]  你能不能夠過得過上帝的良心呢?
[00:49:28.720 --> 00:49:30.960]  你能過得了上帝的良心嗎?
[00:49:30.960 --> 00:49:32.560]  我們再看第十一節
[00:49:32.560 --> 00:49:33.360]  我們看第十一節
[00:49:33.360 --> 00:49:34.760]  馬上
[00:49:34.760 --> 00:49:35.360]  馬上
[00:49:35.360 --> 00:49:36.280]  我們一起讀好不好?
[00:49:36.280 --> 00:49:36.760]  十一節
[00:49:36.760 --> 00:49:38.560]  很重要的一節經文
[00:49:38.560 --> 00:49:39.640]  十一節很重要的一節經文
[00:49:39.640 --> 00:49:40.800]  因為第十一節的經文
[00:49:40.800 --> 00:49:43.240]  是計十八章九至十節
[00:49:43.240 --> 00:49:45.320]  和十九章二十一節之後
[00:49:45.320 --> 00:49:47.160]  因為這個十一節經文
[00:49:47.160 --> 00:49:53.000]  是計十八章九至十節
[00:49:53.000 --> 00:49:58.560]  和十九章二十一節之後
[00:49:58.560 --> 00:50:00.280]  上帝有一個很重要的
[00:50:00.280 --> 00:50:02.200]  另一次向保羅的見面
[00:50:02.200 --> 00:50:05.720]  我們一起讀
[00:50:05.720 --> 00:50:08.680]  我們一起讀十一節
[00:50:08.680 --> 00:50:13.080]  「當耶主站在保羅旁邊說:
[00:50:13.080 --> 00:50:14.680]  「當耶主站在保羅旁邊說: 放心吧!
[00:50:14.680 --> 00:50:18.640]  「當耶主站在保羅旁邊說: 你怎樣在耶路撒冷為我作見證
[00:50:18.640 --> 00:50:23.600]  「你怎樣在耶路撒冷為我作見證 也必怎樣在羅馬為我作見證」
[00:50:23.600 --> 00:50:25.440]  弟子們
[00:50:25.440 --> 00:50:29.600]  你看看主馬上在保羅的面前顯現
[00:50:29.600 --> 00:50:32.840]  你看看主馬上在保羅的面前顯現
[00:50:32.840 --> 00:50:33.640]  這句話
[00:50:33.640 --> 00:50:38.680]  十八章九至十九章二十一節之後
[00:50:38.680 --> 00:50:41.040]  這是非常重要的一節經文
[00:50:41.040 --> 00:50:45.000]  保羅馬上有機會再次和主直接見面
[00:50:45.000 --> 00:50:48.320]  保羅跟主有直接的見面
[00:50:48.320 --> 00:50:51.160]  然後主跟他說
[00:50:51.160 --> 00:50:55.400]  「放心吧!」
[00:50:55.400 --> 00:50:57.280]  上帝肯定他做的事情是對的
[00:50:57.280 --> 00:50:58.320]  上帝肯定做的事情是對的
[00:50:58.320 --> 00:50:59.200]  「放心吧!」
[00:50:59.200 --> 00:50:59.800]  「放心吧!」
[00:50:59.800 --> 00:51:01.080]  「你死不去的!」
[00:51:01.080 --> 00:51:02.720]  「你死不了的!」
[00:51:02.720 --> 00:51:03.840]  我有時這樣想
[00:51:03.840 --> 00:51:05.320]  保羅又被人砌
[00:51:05.320 --> 00:51:06.040]  又被人打
[00:51:06.040 --> 00:51:06.760]  又被人拉
[00:51:06.760 --> 00:51:08.080]  又被人鎖
[00:51:08.080 --> 00:51:09.400]  主現在還說
[00:51:09.400 --> 00:51:11.160]  「放心吧!死不去的!」
[00:51:11.160 --> 00:51:12.800]  那一刻你不知道該怎麼想
[00:51:12.800 --> 00:51:13.720]  可是我在想
[00:51:13.720 --> 00:51:14.840]  保羅被人罵
[00:51:14.840 --> 00:51:15.600]  被人打
[00:51:15.600 --> 00:51:17.600]  被人拉
[00:51:17.600 --> 00:51:19.360]  我想保羅主說
[00:51:19.360 --> 00:51:20.280]  「放心吧!」
[00:51:20.280 --> 00:51:21.160]  「不知道你會怎麼想」
[00:51:21.160 --> 00:51:22.560]  主在這裡跟保羅說
[00:51:22.560 --> 00:51:24.840]  「You are on the right track!」
[00:51:24.840 --> 00:51:26.680]  「你在這裡走對了!」
[00:51:26.680 --> 00:51:28.400]  「你在這裡走對了!」
[00:51:28.400 --> 00:51:29.760]  「繼續這麼做吧!」
[00:51:29.760 --> 00:51:30.440]  「繼續這麼做!」
[00:51:30.440 --> 00:51:32.600]  「你現在在耶路撒冷怎樣見證」
[00:51:32.600 --> 00:51:34.800]  「很快 很快」
[00:51:34.800 --> 00:51:36.640]  「將會在羅馬那裡」
[00:51:36.640 --> 00:51:38.400]  「你和我同樣做這樣的見證」
[00:51:38.400 --> 00:51:41.280]  「你在耶路撒冷怎麼為我做見證」
[00:51:41.280 --> 00:51:43.480]  「你一樣在羅馬為我做見證」
[00:51:43.480 --> 00:51:45.240]  我說「很快」也好
[00:51:45.240 --> 00:51:46.520]  「很快 很快」也好
[00:51:46.520 --> 00:51:47.960]  「很快」你猜多快?
[00:51:47.960 --> 00:51:48.800]  「很快」有多快呢?
[00:51:48.800 --> 00:51:49.760]  從這一刻
[00:51:49.760 --> 00:51:51.240]  到保羅去到羅馬
[00:51:51.240 --> 00:51:52.680]  你知不知道還有幾年?
[00:51:52.680 --> 00:51:55.160]  「從這一刻到羅馬」
[00:51:55.160 --> 00:51:56.560]  「保羅到羅馬有多久呢?」
[00:51:56.560 --> 00:51:57.600]  至少四年
[00:51:57.600 --> 00:51:58.160]  「至少四年」
[00:51:58.160 --> 00:51:59.360]  很快的了
[00:51:59.360 --> 00:52:00.160]  「很快」
[00:52:00.160 --> 00:52:01.920]  上帝的「很快」
[00:52:01.920 --> 00:52:02.560]  「上帝的很快」
[00:52:02.560 --> 00:52:03.800]  都要四年
[00:52:03.800 --> 00:52:04.920]  「要四年」
[00:52:04.920 --> 00:52:05.920]  兄弟姐妹
[00:52:05.920 --> 00:52:07.120]  我讀完這段聖經之後
[00:52:07.120 --> 00:52:09.520]  我開始將人打慢了
[00:52:09.520 --> 00:52:11.520]  「我讀完這段聖經之後」
[00:52:11.520 --> 00:52:12.600]  「將人減慢了」
[00:52:12.600 --> 00:52:13.680]  不要太心急
[00:52:13.680 --> 00:52:14.440]  「不要太心急」
[00:52:14.440 --> 00:52:15.960]  因為很快都四年
[00:52:15.960 --> 00:52:16.960]  「四年」
[00:52:16.960 --> 00:52:18.560]  在這裡
[00:52:18.560 --> 00:52:19.960]  保羅做什麼呢?
[00:52:19.960 --> 00:52:21.320]  「保羅做了什麼呢?」
[00:52:21.320 --> 00:52:22.280]  主說
[00:52:22.280 --> 00:52:23.000]  「保羅說」
[00:52:23.000 --> 00:52:27.400]  「也必怎樣在羅馬為我做見證」
[00:52:27.400 --> 00:52:31.720]  「主說也必怎樣在羅馬為我做見證」
[00:52:31.720 --> 00:52:33.040]  有沒有留意《和合本聖經》
[00:52:33.040 --> 00:52:34.640]  「為我」那兩個字
[00:52:34.640 --> 00:52:38.120]  有「點點點點點」放進去嗎?
[00:52:38.120 --> 00:52:41.920]  在《和合本聖經》有「點點點」
[00:52:41.920 --> 00:52:45.040]  《和合本聖經》每當有「點點點點」
[00:52:45.040 --> 00:52:47.440]  貼在這個字下面
[00:52:47.440 --> 00:52:49.000]  意思是什麼呢?
[00:52:49.000 --> 00:52:52.040]  如果在聖經上有這些「點點點」
[00:52:52.040 --> 00:52:54.960]  是翻譯的人加進去的嗎?
[00:52:54.960 --> 00:52:56.960]  是翻譯的人加進去的
[00:52:56.960 --> 00:52:59.760]  即不是「為我作見證」
[00:52:59.760 --> 00:53:02.760]  不需要「為我」這個說法
[00:53:02.760 --> 00:53:05.000]  不需要「為我作見證」
[00:53:05.000 --> 00:53:06.120]  不需要這麼講
[00:53:06.120 --> 00:53:07.680]  你作見證就可以了
[00:53:07.680 --> 00:53:08.320]  你作見證就可以了
[00:53:08.320 --> 00:53:09.720]  繼續作見證
[00:53:09.720 --> 00:53:11.440]  不要說「為誰」
[00:53:11.440 --> 00:53:13.440]  不要說「為哪一個」
[00:53:13.440 --> 00:53:15.280]  你說牧師有什麼分別?
[00:53:15.280 --> 00:53:16.280]  你說有什麼分別?
[00:53:16.280 --> 00:53:17.760]  有,有很大分別
[00:53:17.760 --> 00:53:18.560]  有很大分別
[00:53:18.560 --> 00:53:21.280]  今天很多基督徒怎樣才去侍奉?
[00:53:21.280 --> 00:53:22.800]  今天的基督徒他是怎樣侍奉的?
[00:53:22.800 --> 00:53:24.400]  「為主作見證」
[00:53:24.400 --> 00:53:26.400]  好像自己很威猛那樣
[00:53:26.400 --> 00:53:28.920]  要代表耶穌基督
[00:53:28.920 --> 00:53:30.840]  代表神那樣去做
[00:53:30.840 --> 00:53:34.240]  「為主作見證」好像是代表耶穌
[00:53:34.240 --> 00:53:35.440]  代表神那樣
[00:53:35.440 --> 00:53:38.120]  你不需要代表神的
[00:53:38.120 --> 00:53:38.840]  你不需要代表神
[00:53:38.840 --> 00:53:41.480]  你都是這樣的見證
[00:53:41.480 --> 00:53:42.440]  你都需要去見證
[00:53:42.440 --> 00:53:44.240]  意思是什麼?
[00:53:44.240 --> 00:53:46.040]  你這樣就是你本來的生命
[00:53:46.040 --> 00:53:47.240]  應該有的樣式
[00:53:47.240 --> 00:53:49.440]  就是你本來生命就應該有的樣子
[00:53:49.440 --> 00:53:50.960]  你不是為誰而做
[00:53:50.960 --> 00:53:52.160]  不是為上帝而做
[00:53:52.160 --> 00:53:54.280]  你本來就應該是這樣
[00:53:54.280 --> 00:53:55.560]  你本來就應該這樣
[00:53:55.560 --> 00:53:56.560]  不是為了誰
[00:53:56.560 --> 00:53:59.360]  回應之前那個大祭司阿那尼
[00:53:59.360 --> 00:54:03.440]  你本來應該要做了大祭司的風範
[00:54:03.440 --> 00:54:05.800]  回到前面那個阿那尼亞的大祭司
[00:54:05.800 --> 00:54:08.120]  你本應該有這個大祭司的風範
[00:54:08.120 --> 00:54:09.960]  但是你沒有
[00:54:09.960 --> 00:54:12.040]  保羅卻有
[00:54:12.040 --> 00:54:13.000]  保羅就有
[00:54:13.000 --> 00:54:15.360]  保羅還要在主的面前
[00:54:15.360 --> 00:54:16.560]  保羅在主的面前
[00:54:16.560 --> 00:54:20.880]  過得了我們這位主給他的評語
[00:54:20.880 --> 00:54:22.960]  過得了主給他的評語
[00:54:22.960 --> 00:54:26.160]  這是很重要的屬靈分別
[00:54:26.160 --> 00:54:27.400]  這是很重要的屬靈分別
[00:54:27.400 --> 00:54:29.400]  大姐們 今天
[00:54:29.400 --> 00:54:31.520]  你做甚麼都好
[00:54:31.520 --> 00:54:32.720]  你做甚麼都好
[00:54:32.720 --> 00:54:34.920]  你吃飯好 睡覺好 玩好
[00:54:34.920 --> 00:54:36.800]  你駕車好 你說句說話好
[00:54:36.800 --> 00:54:37.920]  甚麼都好
[00:54:37.920 --> 00:54:40.280]  做甚麼都好 吃飯 睡覺 開車
[00:54:40.280 --> 00:54:43.080]  如果你這些事 做的事
[00:54:43.080 --> 00:54:44.840]  擺在上帝面前的話
[00:54:44.840 --> 00:54:46.800]  如果這些事擺在上帝面前的話
[00:54:46.800 --> 00:54:48.760]  上帝說
[00:54:48.760 --> 00:54:51.600]  放心吧
[00:54:51.600 --> 00:54:54.320]  OK Everything is fine
[00:54:54.320 --> 00:54:55.120]  放心吧
[00:54:55.120 --> 00:54:57.320]  如果主是這樣說的話
[00:54:57.320 --> 00:54:58.720]  如果主這樣說的話
[00:54:58.720 --> 00:55:01.840]  那你就On the right track
[00:55:01.840 --> 00:55:03.880]  你就在這條正軌上面
[00:55:03.880 --> 00:55:05.200]  你就在我在正軌上面
[00:55:05.200 --> 00:55:08.000]  如果你做的事 說的事
[00:55:08.000 --> 00:55:09.320]  去到上帝面前
[00:55:09.320 --> 00:55:11.880]  你都知道上帝不會接受的話
[00:55:11.880 --> 00:55:13.040]  如果你做的事情
[00:55:13.040 --> 00:55:15.040]  你都知道上帝不會接受的話
[00:55:15.040 --> 00:55:16.240]  那你就不要做了
[00:55:16.240 --> 00:55:17.320]  那就不要做了
[00:55:17.320 --> 00:55:18.920]  踩煞車
[00:55:18.920 --> 00:55:20.000]  你要停下來
[00:55:20.000 --> 00:55:21.520]  Stop
[00:55:21.520 --> 00:55:23.720]  Break
[00:55:23.720 --> 00:55:25.440]  應該是這樣
[00:55:25.440 --> 00:55:26.680]  如果不是的話
[00:55:26.680 --> 00:55:27.600]  如果不是的話
[00:55:27.600 --> 00:55:29.040]  你就會繼續錯下去
[00:55:29.040 --> 00:55:30.320]  你就會繼續錯下去
[00:55:30.320 --> 00:55:31.600]  在這樣的情況之下
[00:55:31.600 --> 00:55:33.080]  在這樣的情況下
[00:55:33.080 --> 00:55:34.360]  弟兄姐妹
[00:55:34.360 --> 00:55:37.400]  我們屬靈生命才能夠過得到神
[00:55:37.400 --> 00:55:39.760]  我們的屬靈生命才能過得到神
[00:55:39.760 --> 00:55:40.960]  又過得到人
[00:55:40.960 --> 00:55:42.400]  也過得到人
[00:55:42.400 --> 00:55:43.800]  人 是哪些人
[00:55:43.800 --> 00:55:44.400]  有哪些人
[00:55:44.400 --> 00:55:45.600]  同屬主的人
[00:55:45.600 --> 00:55:46.680]  同屬主的人
[00:55:46.680 --> 00:55:48.480]  我們今天活在這個地上
[00:55:48.480 --> 00:55:51.680]  不是人的心我們都需要過的
[00:55:51.680 --> 00:55:54.000]  有些人的心我們不需要過的
[00:55:54.000 --> 00:55:55.760]  有些人的心我們不需要去過
[00:55:55.760 --> 00:55:58.000]  有些人的心根本是邪惡的
[00:55:58.000 --> 00:55:59.400]  有些人的心根本是邪惡的
[00:55:59.400 --> 00:56:00.840]  你今天討好到他
[00:56:00.840 --> 00:56:01.720]  你今天討好了他
[00:56:01.720 --> 00:56:03.000]  下次已經沒有了
[00:56:03.000 --> 00:56:03.640]  下次已經沒有了
[00:56:03.640 --> 00:56:04.720]  他隨時會改變
[00:56:04.720 --> 00:56:05.840]  他隨時會改變
[00:56:05.840 --> 00:56:07.200]  不過從這段聖經當中
[00:56:07.200 --> 00:56:08.520]  我們最後可以看到
[00:56:08.520 --> 00:56:10.440]  不過從這段聖經我們可以看到
[00:56:10.440 --> 00:56:12.720]  我們要去得到上帝的肯定
[00:56:12.720 --> 00:56:14.320]  我們要得到上帝的肯定
[00:56:14.320 --> 00:56:18.600]  一顆真正屬神的良知、良心是不可缺的
[00:56:18.600 --> 00:56:22.520]  一顆真正神的良知、良心不可缺的
[00:56:22.520 --> 00:56:25.320]  保羅沒有抹殺他自己的過去歷史
[00:56:25.320 --> 00:56:27.440]  保羅沒有抹殺他自己的過去歷史
[00:56:27.440 --> 00:56:29.560]  他承認他是一個法尼塞人
[00:56:29.560 --> 00:56:30.800]  他承認他是一個法尼塞人
[00:56:30.800 --> 00:56:34.760]  但是他卻從法尼塞人的錯誤當中走出來
[00:56:34.760 --> 00:56:36.920]  但是卻從法尼塞人的錯誤當中走出來
[00:56:36.920 --> 00:56:38.520]  何嘗我們基督徒不是呢?
[00:56:38.520 --> 00:56:39.320]  何嘗我們基督徒不是這樣呢?
[00:56:39.320 --> 00:56:41.720]  你和我有哪個是完美的?
[00:56:41.720 --> 00:56:42.720]  你和我有哪個是完美的?
[00:56:42.720 --> 00:56:45.480]  沒有,但是上帝讓我們走出來
[00:56:45.480 --> 00:56:47.560]  上帝讓我們走出來
[00:56:47.560 --> 00:56:49.400]  如果我們不是這樣的心態的話
[00:56:49.400 --> 00:56:50.240]  如果不是這樣的心態
[00:56:50.240 --> 00:56:51.440]  我們今天走的道路
[00:56:51.440 --> 00:56:52.480]  我們今天走的道路
[00:56:52.480 --> 00:56:53.800]  即是往走的道路
[00:56:53.800 --> 00:56:54.960]  即是往走的道路
[00:56:54.960 --> 00:56:55.640]  有一樣東西
[00:56:55.640 --> 00:56:58.120]  我很想在最後這個講道的時候
[00:56:58.120 --> 00:56:59.840]  很想和大家分享一下
[00:56:59.840 --> 00:57:01.800]  最後的時候我跟大家分享一下
[00:57:01.800 --> 00:57:03.720]  就是關於今天的教會
[00:57:03.720 --> 00:57:05.120]  就是關於今天的教會
[00:57:05.120 --> 00:57:07.000]  今天的教會是甚麼呢?
[00:57:07.000 --> 00:57:08.640]  今天的教會是甚麼呢?
[00:57:08.640 --> 00:57:11.000]  社本族末的教會
[00:57:11.000 --> 00:57:15.360]  社本族末
[00:57:15.360 --> 00:57:17.880]  社本族
[00:57:17.880 --> 00:57:20.080]  即是追族的族
[00:57:20.080 --> 00:57:22.560]  末,泡沫的末
[00:57:22.560 --> 00:57:25.640]  或者最後的末,那個末子
[00:57:25.640 --> 00:57:28.080]  意思是甚麼呢?
[00:57:28.080 --> 00:57:29.320]  甚麼意思呢?
[00:57:29.320 --> 00:57:32.080]  今天教會經常說要貼近這個世界
[00:57:32.080 --> 00:57:34.120]  傳主的道給這個世界
[00:57:34.120 --> 00:57:37.760]  今天教會說要貼近這個世界
[00:57:37.760 --> 00:57:38.640]  貼近這個主
[00:57:38.640 --> 00:57:40.920]  於是將自己教會所有的歷史循跡
[00:57:40.920 --> 00:57:42.360]  全部洗掉
[00:57:42.360 --> 00:57:44.000]  將教會的歷史全部洗掉
[00:57:44.000 --> 00:57:46.440]  其中一個最普遍的現象是甚麼呢?
[00:57:46.440 --> 00:57:47.960]  其中一個最普遍的現象是甚麼呢?
[00:57:47.960 --> 00:57:49.520]  就是將教會名改
[00:57:49.520 --> 00:57:50.560]  將教會的名改
[00:57:50.560 --> 00:57:53.640]  教會名改不是最重要的問題
[00:57:53.640 --> 00:57:55.960]  最重要的是背後動機的問題
[00:57:55.960 --> 00:57:57.800]  教會改名沒關係
[00:57:57.800 --> 00:57:59.840]  最關鍵的是背後的動機
[00:57:59.840 --> 00:58:01.440]  今天很多的教會說
[00:58:01.440 --> 00:58:03.840]  我因為要傳福音
[00:58:03.840 --> 00:58:05.800]  於是我將教會的名
[00:58:05.800 --> 00:58:07.880]  將宗派的名改掉
[00:58:07.880 --> 00:58:09.520]  有些教會說我要傳福音
[00:58:09.520 --> 00:58:12.400]  將教會的宗派改掉
[00:58:12.400 --> 00:58:14.560]  即是以馬來華人浸信會
[00:58:14.560 --> 00:58:15.560]  將浸信會丟掉
[00:58:15.560 --> 00:58:17.640]  因為人們不喜歡浸信會
[00:58:17.640 --> 00:58:21.360]  就好像是將以馬來華人浸信會的浸信會改掉
[00:58:21.360 --> 00:58:22.320]  隱藏就可以了
[00:58:22.320 --> 00:58:23.920]  我們不需要告訴別人
[00:58:23.920 --> 00:58:25.600]  隱藏不需要告訴別人
[00:58:25.600 --> 00:58:26.800]  接著還有一樣東西
[00:58:26.800 --> 00:58:28.640]  不要認自己是中國人
[00:58:28.640 --> 00:58:30.120]  不要承認自己是中國人
[00:58:30.120 --> 00:58:32.080]  將教會的Chinese都改掉
[00:58:32.080 --> 00:58:33.320]  以馬來華人
[00:58:33.320 --> 00:58:34.680]  華人也拔掉
[00:58:34.680 --> 00:58:36.920]  連華人也要捨去
[00:58:36.920 --> 00:58:39.360]  於是就變成了一間甚麼教會
[00:58:39.360 --> 00:58:40.360]  於是就成了甚麼樣的教會
[00:58:40.360 --> 00:58:42.000]  叫做以馬來教會
[00:58:42.000 --> 00:58:43.640]  叫做以馬來教會
[00:58:43.640 --> 00:58:44.960]  巧合地說
[00:58:44.960 --> 00:58:46.160]  結局是怎樣呢?
[00:58:46.160 --> 00:58:48.600]  人們都不喜歡教會這個名字
[00:58:48.600 --> 00:58:50.400]  結局是有些人不喜歡教會
[00:58:50.400 --> 00:58:52.720]  我們連教會這個字也刪掉
[00:58:52.720 --> 00:58:53.680]  連教會也刪掉
[00:58:53.680 --> 00:58:55.360]  以後我們不要叫教會了
[00:58:55.360 --> 00:58:55.960]  我不叫教會了
[00:58:55.960 --> 00:58:57.560]  我叫社區中心
[00:58:57.560 --> 00:58:59.280]  叫做社區中心
[00:58:59.280 --> 00:59:00.680]  mission好了
[00:59:00.680 --> 00:59:02.960]  或者center好了
[00:59:02.960 --> 00:59:05.120]  變成以馬內利中心
[00:59:05.120 --> 00:59:07.120]  叫做以馬內利中心
[00:59:07.120 --> 00:59:08.840]  你知道下一步會變成怎樣嗎?
[00:59:08.840 --> 00:59:09.720]  下一步是甚麼呢?
[00:59:09.720 --> 00:59:11.720]  以馬內利這個沒人喜歡的名字
[00:59:11.720 --> 00:59:13.000]  都沒人知道你說甚麼
[00:59:13.000 --> 00:59:15.280]  以馬內利的也不知道是甚麼
[00:59:15.280 --> 00:59:16.960]  希伯來文?
[00:59:16.960 --> 00:59:18.560]  希伯來文
[00:59:18.560 --> 00:59:20.560]  我最討厭希伯來文了
[00:59:20.560 --> 00:59:22.560]  最討厭的希伯來文
[00:59:22.560 --> 00:59:24.280]  就好像西方人經常說
[00:59:24.280 --> 00:59:25.440]  You are Jew
[00:59:25.440 --> 00:59:25.920]  OK?
[00:59:25.920 --> 00:59:26.840]  你知道是甚麼意思嗎?
[00:59:26.840 --> 00:59:27.760]  Jew
[00:59:27.760 --> 00:59:30.440]  就是說你很Jew
[00:59:30.440 --> 00:59:31.080]  知道嗎?
[00:59:31.080 --> 00:59:32.040]  知道意思嗎?
[00:59:32.040 --> 00:59:33.200]  當有人告訴你
[00:59:33.200 --> 00:59:35.840]  你很Jew
[00:59:35.840 --> 00:59:36.480]  意思是甚麼?
[00:59:36.480 --> 00:59:38.160]  不是像一頭豬
[00:59:38.160 --> 00:59:39.760]  OK?
[00:59:39.760 --> 00:59:42.600]  就是說你孤寒了
[00:59:42.600 --> 00:59:44.120]  沒人喜歡希伯來文
[00:59:44.120 --> 00:59:46.560]  改掉它
[00:59:46.560 --> 00:59:47.520]  關掉它
[00:59:47.520 --> 00:59:49.640]  甚麼都不要叫
[00:59:49.640 --> 00:59:52.680]  最好叫做快樂谷
[00:59:52.680 --> 00:59:55.800]  滿恩屋谷
[00:59:55.800 --> 00:59:59.080]  這些名字大家喜歡
[00:59:59.080 --> 01:00:02.280]  領事館將所有東西都丟掉
[01:00:02.280 --> 01:00:03.800]  歷史都丟掉
[01:00:03.800 --> 01:00:05.720]  將所有的歷史都抹除
[01:00:05.720 --> 01:00:10.120]  保羅卻是將他自己的背景一一倒進
[01:00:10.120 --> 01:00:13.040]  保羅是將他的背景一一倒進
[01:00:13.040 --> 01:00:16.840]  他沒有因為他有這個黑歷史
[01:00:16.840 --> 01:00:18.960]  而覺得不好
[01:00:18.960 --> 01:00:21.120]  反而這個黑歷史
[01:00:21.120 --> 01:00:26.200]  讓人更清楚看見它的改變
[01:00:26.200 --> 01:00:28.240]  今天的教會
[01:00:28.240 --> 01:00:30.680]  捨本逐末
[01:00:30.680 --> 01:00:34.840]  矯枉過正
[01:00:34.840 --> 01:00:36.920]  甚麼歷史都丟掉
[01:00:36.920 --> 01:00:39.400]  不要理了
[01:00:39.400 --> 01:00:43.440]  就造成那些Community Church Community Center出現
[01:00:43.440 --> 01:00:45.120]  YMCA都是這樣出來的
[01:00:45.120 --> 01:00:46.240]  你們知不知道?
[01:00:46.240 --> 01:00:47.600]  出現了很多這種事
[01:00:47.600 --> 01:00:49.720]  YMCA YWCA 青年會
[01:00:49.720 --> 01:00:52.200]  女青年會全部是因為這樣走出來的
[01:00:52.200 --> 01:00:54.880]  像是青年會是這樣出來的
[01:00:54.880 --> 01:00:56.400]  保羅是沒有這樣做
[01:00:56.400 --> 01:00:57.360]  保羅有沒有這樣做呢?
[01:00:57.360 --> 01:00:58.880]  領事館
[01:00:58.880 --> 01:01:01.560]  當將來我們去見到主的時候
[01:01:01.560 --> 01:01:03.160]  將來我們見到主的時候
[01:01:03.160 --> 01:01:04.680]  主和我們見面的時候
[01:01:04.680 --> 01:01:05.960]  主和我們見面的時候
[01:01:05.960 --> 01:01:07.320]  主會這樣和我們說
[01:01:07.320 --> 01:01:10.600]  無論你的背景怎樣都好
[01:01:10.600 --> 01:01:15.840]  你尊重我在你整個人生裏面的帶領的話
[01:01:15.840 --> 01:01:19.320]  然後你改變
[01:01:19.320 --> 01:01:22.240]  你就是和我同心的人
[01:01:22.240 --> 01:01:26.720]  如果你將我在你一生裏面的帶領
[01:01:26.720 --> 01:01:30.240]  將它抹殺掉
[01:01:30.240 --> 01:01:34.240]  你知不知道有些牧師連名字都改了
[01:01:34.240 --> 01:01:37.400]  有些牧師連名字都改了
[01:01:37.400 --> 01:01:39.560]  又將自己改做約翰
[01:01:39.560 --> 01:01:43.440]  又改做 先生不是這樣的名字
[01:01:43.440 --> 01:01:46.720]  我信了主 名字都改了
[01:01:46.720 --> 01:01:49.280]  你真是怎樣?
[01:01:49.280 --> 01:01:50.880]  中國人有一句話
[01:01:50.880 --> 01:01:52.560]  江 我們怎樣?
[01:01:52.560 --> 01:01:57.120]  坐不改名 死不改姓 是吧?
[01:01:57.120 --> 01:02:00.480]  行不改名 坐不改姓 是吧?
[01:02:00.480 --> 01:02:01.800]  中國人都曉得這樣
[01:02:01.800 --> 01:02:04.520]  為甚麼我們基督徒做得比中國人還壞?
[01:02:04.520 --> 01:02:05.560]  中國人有句話
[01:02:05.560 --> 01:02:08.760]  行不改名 坐不改姓
[01:02:08.760 --> 01:02:12.200]  行不改名 坐不改姓 是吧?
[01:02:12.200 --> 01:02:14.200]  釋迪欽精末
[01:02:14.200 --> 01:02:15.680]  無論我們怎樣都好
[01:02:15.680 --> 01:02:17.840]  無論我們怎樣
[01:02:17.840 --> 01:02:19.320]  我們的背景是如何?
[01:02:19.320 --> 01:02:20.520]  我們的背景如何?
[01:02:20.520 --> 01:02:22.440]  上帝帶領你這樣做
[01:02:22.440 --> 01:02:23.640]  上帝帶領這樣做
[01:02:23.640 --> 01:02:24.840]  帶領這樣走
[01:02:24.840 --> 01:02:25.520]  帶領這樣走
[01:02:25.520 --> 01:02:27.120]  你就欣賞整個過程
[01:02:27.120 --> 01:02:28.800]  就欣賞整個過程
[01:02:28.800 --> 01:02:31.160]  在這樣的狀態下活在上帝面前
[01:02:31.160 --> 01:02:32.520]  在這樣的狀態下活在上帝面前
[01:02:32.520 --> 01:02:33.640]  更新你的生命
[01:02:33.640 --> 01:02:34.720]  更新生命
[01:02:34.720 --> 01:02:36.960]  然後活到永恆在裏面
[01:02:36.960 --> 01:02:38.440]  然後活到永恆裏面
[01:02:38.440 --> 01:02:40.040]  這個才是真正基督徒的生命
[01:02:40.040 --> 01:02:41.840]  這才是真正的基督徒的生命
[01:02:41.840 --> 01:02:43.760]  這個就是這段聖經
[01:02:43.760 --> 01:02:45.280]  普羅在這一刻
[01:02:45.280 --> 01:02:46.080]  在這一刻
[01:02:46.080 --> 01:02:48.560]  上帝要給他做的旨意
[01:02:48.560 --> 01:02:50.840]  上帝要他做的旨意
[01:02:50.840 --> 01:02:53.560]  我們又怎樣揣摩我們今天的生命、生活呢?
[01:02:53.560 --> 01:02:55.720]  我們怎樣去揣摩今天的生命?
[01:02:55.720 --> 01:02:59.160]  讓我們一起繼續去反覆思想
[01:02:59.160 --> 01:03:01.640]  讓我們一起去反覆思想
[01:03:01.640 --> 01:03:02.560]  讓我們同心禱告
[01:03:02.560 --> 01:03:05.760]  讓我們同心禱告
[01:03:05.760 --> 01:03:07.760]  使徒父神多謝您給了我們今天
[01:03:07.760 --> 01:03:12.640]  藉著這段聖經有很多不同層次的教導
[01:03:12.640 --> 01:03:19.760]  藉著普羅在一場面對著公會的審訊當中
[01:03:19.760 --> 01:03:26.560]  我們看見千夫長都能夠有一個求真實的心智
[01:03:26.560 --> 01:03:34.320]  倒過來一群稱為神的僕人、神的侍奉者
[01:03:34.320 --> 01:03:38.520]  卻對上帝一無所知
[01:03:38.520 --> 01:03:45.160]  因為他們已經被自己的利欲所蒙蔽
[01:03:45.160 --> 01:03:47.360]  因此我們不想掉入這樣的光景
[01:03:47.360 --> 01:03:53.280]  所以我們再次懇求聖靈能夠不斷地提醒我們
[01:03:53.280 --> 01:03:57.200]  讓我們能夠隨時有悟性
[01:03:57.200 --> 01:04:02.560]  能夠仔細地察看上帝的心
[01:04:02.560 --> 01:04:04.240]  求您的幫助
[01:04:04.240 --> 01:04:05.640]  我們親愛的父神感謝您
[01:04:05.640 --> 01:04:07.560]  讓我們今天透過這段聖經
[01:04:07.560 --> 01:04:12.160]  讓我們能夠更明白、掌握上帝
[01:04:12.160 --> 01:04:15.280]  你怎樣讓我們隨著你的帶領
[01:04:15.280 --> 01:04:18.360]  一步一步來到察驗
[01:04:18.360 --> 01:04:22.800]  處理在每時每刻的主旨
[01:04:22.800 --> 01:04:26.440]  也讓我們能夠隨著祢的引導
[01:04:26.440 --> 01:04:32.120]  來到一步一步走主祢所肯定的道路
[01:04:32.120 --> 01:04:33.840]  求祢的幫助
[01:04:33.840 --> 01:04:36.880]  我們的禱告奉主耶穌的名求
[01:04:36.880 --> 01:04:37.880]  Amen
