
[00:00:00.000 --> 00:00:05.000]  弟子們,二千多年前耶穌復活之後
[00:00:05.000 --> 00:00:09.000]  當時的門徒們因為怕猶太人
[00:00:09.000 --> 00:00:12.000]  所以關門聚集
[00:00:12.000 --> 00:00:15.000]  復活的主就站在他們中間
[00:00:15.000 --> 00:00:19.000]  對他們說:願你們平安
[00:00:19.000 --> 00:00:21.000]  說了這話
[00:00:21.000 --> 00:00:26.000]  就把他的手和肋旁給他們看
[00:00:26.000 --> 00:00:32.000]  門徒看見主就喜樂了
[00:00:32.000 --> 00:00:37.000]  約翰福音20章19-20節
[00:00:37.000 --> 00:00:40.000]  今天我們來到教會聚集
[00:00:40.000 --> 00:00:45.000]  敬拜誰?
[00:00:45.000 --> 00:00:48.000]  焦點在哪裡?
[00:00:48.000 --> 00:00:50.000]  你看見主嗎?
[00:00:50.000 --> 00:00:53.000]  有沒有喜樂?
[00:00:53.000 --> 00:00:59.000]  當時耶穌給你看的就是釘人的手和肋旁
[00:00:59.000 --> 00:01:03.000]  這是上帝公義的表號
[00:01:03.000 --> 00:01:08.000]  也是上帝慈愛的表徵
[00:01:08.000 --> 00:01:13.000]  所有的真理就在十字架上
[00:01:13.000 --> 00:01:18.000]  沒有十字架,沒有真理
[00:01:18.000 --> 00:01:22.000]  為這個緣故,今早我覺得
[00:01:22.000 --> 00:01:26.000]  神給我一個很特別的機會
[00:01:26.000 --> 00:01:33.000]  做牧師講到什麼特別機會?
[00:01:33.000 --> 00:01:36.000]  我不知道為什麼
[00:01:36.000 --> 00:01:39.000]  會在5月20日
[00:01:39.000 --> 00:01:41.000]  在那天早上決定
[00:01:41.000 --> 00:01:48.000]  不坐飛機離開香港
[00:01:48.000 --> 00:01:51.000]  師母不適宜坐長途飛機
[00:01:51.000 --> 00:01:53.000]  要留下來
[00:01:53.000 --> 00:01:56.000]  我一定要陪她留下來
[00:01:56.000 --> 00:02:00.000]  雖然兩個兒女都安排好了
[00:02:00.000 --> 00:02:02.000]  但到今天
[00:02:02.000 --> 00:02:04.000]  我有些明白
[00:02:04.000 --> 00:02:06.000]  不是因為我會講到
[00:02:06.000 --> 00:02:08.000]  而是原來三個星期前
[00:02:08.000 --> 00:02:11.000]  那天早上我做最難決定的時候
[00:02:11.000 --> 00:02:13.000]  那個人滋餓到不得了
[00:02:13.000 --> 00:02:16.000]  那些時間已經成為歷史了
[00:02:16.000 --> 00:02:18.000]  過了
[00:02:18.000 --> 00:02:20.000]  在這三個星期裡
[00:02:20.000 --> 00:02:23.000]  學習、經歷、體會
[00:02:23.000 --> 00:02:27.000]  很多東西是我以前沒有學過的
[00:02:27.000 --> 00:02:28.000]  弟兄姊妹
[00:02:28.000 --> 00:02:31.000]  我以下有幾段經文
[00:02:31.000 --> 00:02:32.000]  我告訴你
[00:02:32.000 --> 00:02:34.000]  為什麼我可以靠著這個恩典
[00:02:34.000 --> 00:02:36.000]  到今天
[00:02:36.000 --> 00:02:39.000]  仍然帶著喜樂的心
[00:02:39.000 --> 00:02:42.000]  來到神的面前
[00:02:42.000 --> 00:02:44.000]  我真的要問
[00:02:44.000 --> 00:02:47.000]  你有盼望,有信,有望,有愛
[00:02:47.000 --> 00:02:49.000]  沒錯,你看到周圍的東西
[00:02:49.000 --> 00:02:52.000]  如果有人知道我的情況
[00:02:52.000 --> 00:02:57.000]  我應該是愁眉苦臉的
[00:02:57.000 --> 00:03:00.000]  我告訴你,不是我超人
[00:03:00.000 --> 00:03:02.000]  是因為一件事
[00:03:02.000 --> 00:03:04.000]  有整個話語
[00:03:04.000 --> 00:03:06.000]  整個靈在我心中
[00:03:06.000 --> 00:03:10.000]  將我所有東西化解了
[00:03:10.000 --> 00:03:12.000]  今天早上我想用幾段經文
[00:03:12.000 --> 00:03:16.000]  但這些經文我只是打了經節出來
[00:03:16.000 --> 00:03:21.000]  就沒有打到經文
[00:03:21.000 --> 00:03:23.000]  原因是我不想你
[00:03:23.000 --> 00:03:26.000]  因為你叫我看,我就看
[00:03:26.000 --> 00:03:27.000]  你有興趣就自己看
[00:03:27.000 --> 00:03:29.000]  如果這是潔聖經,你當然要學潔聖經
[00:03:29.000 --> 00:03:31.000]  我會讀給你聽
[00:03:31.000 --> 00:03:36.000]  為什麼我心中有平安與喜樂
[00:03:36.000 --> 00:03:37.000]  第一段經文
[00:03:37.000 --> 00:03:41.000]  耶穌基督在約翰福音十六章三十三節說
[00:03:41.000 --> 00:03:46.000]  我張姐姐是告訴你們,是要叫你們在我裡面有平安
[00:03:46.000 --> 00:03:52.000]  在世上你們有苦難
[00:03:52.000 --> 00:03:55.000]  但你們可以放心
[00:03:55.000 --> 00:03:59.000]  我已經勝了世界
[00:03:59.000 --> 00:04:02.000]  有苦難,很多人不放心
[00:04:02.000 --> 00:04:05.000]  但你相信整個話語的人
[00:04:05.000 --> 00:04:09.000]  知道有苦難,仍然要放心
[00:04:09.000 --> 00:04:15.000]  第二段經文是我們的信仰
[00:04:15.000 --> 00:04:17.000]  如果有人告訴你明天會更好
[00:04:17.000 --> 00:04:21.000]  我會相信永恆會更好
[00:04:21.000 --> 00:04:22.000]  我不知道你
[00:04:22.000 --> 00:04:26.000]  我的明天,我會走一步
[00:04:26.000 --> 00:04:27.000]  好像昔日我講道的時候
[00:04:27.000 --> 00:04:28.000]  很多坐在這裡的第二段經文
[00:04:28.000 --> 00:04:31.000]  現在不坐在這裡了
[00:04:31.000 --> 00:04:33.000]  你會嗎?
[00:04:33.000 --> 00:04:36.000]  但感謝神,我有永恆的盼望
[00:04:36.000 --> 00:04:38.000]  我不會多講解這些經文
[00:04:38.000 --> 00:04:39.000]  我只是略解釋
[00:04:39.000 --> 00:04:43.000]  否則一查解經就要爭論很久
[00:04:43.000 --> 00:04:46.000]  要等神學院的人去講
[00:04:46.000 --> 00:04:48.000]  第二段經文
[00:04:48.000 --> 00:04:54.000]  哥羅太書第五章二十五到二十六節
[00:04:54.000 --> 00:04:59.000]  你們若是靠著聖靈得生
[00:04:59.000 --> 00:05:04.000]  不是用仁義,不是用仁性來得到永生
[00:05:04.000 --> 00:05:08.000]  是借著聖靈,神的話語得到永生的話
[00:05:08.000 --> 00:05:16.000]  就應當靠聖靈,神的話語來行事
[00:05:16.000 --> 00:05:20.000]  什麼叫做行事?你們自己去理解
[00:05:20.000 --> 00:05:21.000]  我的理解就是
[00:05:21.000 --> 00:05:25.000]  我生活起居,飲食就是我的行事
[00:05:25.000 --> 00:05:28.000]  我要做這個,不做那個都是我的行事
[00:05:28.000 --> 00:05:38.000]  下面說,不要貪圖虛名,彼此惹氣,互相嫉妒
[00:05:38.000 --> 00:05:40.000]  你們不知道什麼叫做嫉妒
[00:05:40.000 --> 00:05:43.000]  我處理過一個團機構的問題
[00:05:43.000 --> 00:05:46.000]  就是兩個帶領人嫉妒
[00:05:46.000 --> 00:05:50.000]  搞到兩幫人在教會庫堂裡開會
[00:05:50.000 --> 00:05:52.000]  開到最後幾乎開遍
[00:05:52.000 --> 00:05:54.000]  你不相信的
[00:05:54.000 --> 00:05:56.000]  師傅問我,要不要打電話報警
[00:05:56.000 --> 00:06:02.000]  報警很大件事,我經歷過
[00:06:02.000 --> 00:06:05.000]  弟兄姊妹,不知道什麼叫做嫉妒嗎?
[00:06:05.000 --> 00:06:08.000]  敲結看看吧
[00:06:08.000 --> 00:06:12.000]  第三段聖經,雅各書第一章二十節
[00:06:12.000 --> 00:06:20.000]  因為人的怒氣並不成就神的義
[00:06:20.000 --> 00:06:23.000]  你說什麼義,仁義、公義,什麼義都好
[00:06:23.000 --> 00:06:26.000]  弟兄姊妹,只要是人的怒氣
[00:06:26.000 --> 00:06:29.000]  甚至乎我個人看
[00:06:29.000 --> 00:06:33.000]  你的怨氣,你的不平之氣
[00:06:33.000 --> 00:06:36.000]  甚至乎你覺得要出氣
[00:06:36.000 --> 00:06:43.000]  小心,不要將社會的問題帶到家裡出氣
[00:06:43.000 --> 00:06:48.000]  我已經聽聞有些家裡這樣分開了
[00:06:48.000 --> 00:06:55.000]  關什麼事?不是,真理是什麼?
[00:06:55.000 --> 00:07:00.000]  公義,and 慈愛
[00:07:00.000 --> 00:07:04.000]  武井說過一句話,一支棍釘不到耶穌
[00:07:04.000 --> 00:07:07.000]  今天求主讓我們從這裡看回
[00:07:07.000 --> 00:07:09.000]  原主席對他的說話
[00:07:09.000 --> 00:07:12.000]  門徒們怕得不得了,不安的時候
[00:07:12.000 --> 00:07:14.000]  他給他們看什麼?
[00:07:14.000 --> 00:07:18.000]  他們看我釘人的手,看我勒膀
[00:07:18.000 --> 00:07:22.000]  無厘頭,神的兒子
[00:07:22.000 --> 00:07:24.000]  被迫要動刀的時候,不用動了
[00:07:24.000 --> 00:07:26.000]  我不可以叫十二型天使
[00:07:26.000 --> 00:07:28.000]  為什麼要十二型天使呢?
[00:07:28.000 --> 00:07:30.000]  祂只要說,你們這樣?
[00:07:30.000 --> 00:07:32.000]  那些人就會全部哭了
[00:07:32.000 --> 00:07:34.000]  耶穌沒有這樣做
[00:07:34.000 --> 00:07:35.000]  原因是什麼?
[00:07:35.000 --> 00:07:38.000]  神的意念,那個人的意念
[00:07:38.000 --> 00:07:40.000]  神的道路,那個人的道路
[00:07:40.000 --> 00:07:41.000]  我希望等一會
[00:07:41.000 --> 00:07:43.000]  我可以將一些我個人的經歷
[00:07:43.000 --> 00:07:45.000]  我只是講個人,我講得很清楚
[00:07:45.000 --> 00:07:48.000]  我講的東西不關任何事情
[00:07:48.000 --> 00:07:49.000]  但有些人的經歷
[00:07:49.000 --> 00:07:52.000]  有些跟我以前做同事的人知道我的經歷
[00:07:52.000 --> 00:07:54.000]  但經歷裡面告訴你
[00:07:54.000 --> 00:07:57.000]  如果沒有神的話語
[00:07:57.000 --> 00:08:01.000]  我很肯定,人活著不是單靠食物
[00:08:01.000 --> 00:08:12.000]  那些環境、文化周遭的壓力
[00:08:12.000 --> 00:08:15.000]  令到你的情緒變化
[00:08:15.000 --> 00:08:17.000]  小心
[00:08:17.000 --> 00:08:20.000]  不要用人性發展下去
[00:08:20.000 --> 00:08:27.000]  否則你遲早會看心理醫生
[00:08:27.000 --> 00:08:30.000]  你說一次兩次無所謂
[00:08:30.000 --> 00:08:34.000]  成了習慣就糟了
[00:08:34.000 --> 00:08:40.000]  我講這番話是很深刻的感受
[00:08:40.000 --> 00:08:44.000]  不是每個人都聽得懂
[00:08:44.000 --> 00:08:46.000]  我說的不是我高超
[00:08:46.000 --> 00:08:48.000]  而是神讓我學習
[00:08:48.000 --> 00:08:50.000]  我亦知道
[00:08:50.000 --> 00:08:52.000]  等一會看經文你就知道
[00:08:52.000 --> 00:08:56.000]  詩篇46篇第十節
[00:08:56.000 --> 00:08:59.000]  你們要休息
[00:08:59.000 --> 00:09:03.000]  要知道我是神
[00:09:03.000 --> 00:09:06.000]  這裡不是叫你安息
[00:09:06.000 --> 00:09:10.000]  你們要休息
[00:09:10.000 --> 00:09:13.000]  要知道我是神
[00:09:13.000 --> 00:09:14.000]  你不休息
[00:09:14.000 --> 00:09:16.000]  你不知道祂是神
[00:09:16.000 --> 00:09:18.000]  你口說祂是神
[00:09:18.000 --> 00:09:21.000]  可以唱很多歌榮耀歸於神
[00:09:21.000 --> 00:09:23.000]  但你不知道祂是神
[00:09:23.000 --> 00:09:24.000]  為什麼?
[00:09:24.000 --> 00:09:26.000]  除非你靜下來
[00:09:26.000 --> 00:09:28.000]  當你靜下來不動的時候
[00:09:28.000 --> 00:09:30.000]  上帝就留心一句聖經
[00:09:30.000 --> 00:09:34.000]  獨行其事的神
[00:09:34.000 --> 00:09:37.000]  神不需要人幫祂做事
[00:09:37.000 --> 00:09:40.000]  神只要照著祂的吩咐去做就行了
[00:09:40.000 --> 00:09:42.000]  所以你有神的吩咐去做
[00:09:42.000 --> 00:09:43.000]  是對的
[00:09:43.000 --> 00:09:45.000]  你說我想幫神做
[00:09:45.000 --> 00:09:46.000]  我告訴你在我自己的經驗
[00:09:46.000 --> 00:09:47.000]  我不知道你
[00:09:47.000 --> 00:09:50.000]  我覺得越幫越忙
[00:09:50.000 --> 00:09:52.000]  是真的
[00:09:52.000 --> 00:09:54.000]  獨行其事的神
[00:09:54.000 --> 00:09:58.000]  我可以給你很多見證
[00:09:58.000 --> 00:10:00.000]  你求祂又求
[00:10:00.000 --> 00:10:03.000]  有一個我以前的畢業同學告訴我
[00:10:03.000 --> 00:10:05.000]  我求這件事
[00:10:05.000 --> 00:10:10.000]  家裡兩個老爺奶奶又去廟宇求
[00:10:10.000 --> 00:10:12.000]  當時對應了之後
[00:10:12.000 --> 00:10:15.000]  不知道是廟靈還是我求上帝靈
[00:10:15.000 --> 00:10:16.000]  後來他明白了
[00:10:16.000 --> 00:10:18.000]  他說我不求上帝
[00:10:18.000 --> 00:10:19.000]  我放鬆了
[00:10:19.000 --> 00:10:21.000]  我不求我心想要的東西
[00:10:21.000 --> 00:10:23.000]  我交給你
[00:10:23.000 --> 00:10:24.000]  他說交給你
[00:10:24.000 --> 00:10:26.000]  接著有報道會進行
[00:10:26.000 --> 00:10:28.000]  他帶他老爺奶奶去參加報道會
[00:10:28.000 --> 00:10:30.000]  在報道會裡
[00:10:30.000 --> 00:10:32.000]  信了耶穌的奶奶
[00:10:32.000 --> 00:10:35.000]  他老爺迷信得不得了
[00:10:35.000 --> 00:10:37.000]  奇怪的事件
[00:10:37.000 --> 00:10:39.000]  經過一個月之後
[00:10:39.000 --> 00:10:40.000]  他所求的事情
[00:10:40.000 --> 00:10:42.000]  在他家裡發生
[00:10:42.000 --> 00:10:45.000]  他和他奶奶都懷孕了
[00:10:45.000 --> 00:10:49.000]  他老爺奶奶覺得很奇怪
[00:10:49.000 --> 00:10:52.000]  後來他老爺
[00:10:52.000 --> 00:10:54.000]  吃田園飯的時候
[00:10:54.000 --> 00:10:55.000]  跟他說
[00:10:55.000 --> 00:10:58.000]  把公仔全都扔掉
[00:10:58.000 --> 00:11:01.000]  知道耶和華是神
[00:11:01.000 --> 00:11:02.000]  這是真的
[00:11:02.000 --> 00:11:04.000]  所以我們今天禱告
[00:11:04.000 --> 00:11:06.000]  求主的使義成就的時候
[00:11:06.000 --> 00:11:10.000]  不要讓我們心中有既定的目的
[00:11:10.000 --> 00:11:11.000]  因為這樣做
[00:11:11.000 --> 00:11:14.000]  你已經是對他的要求
[00:11:14.000 --> 00:11:16.000]  你已經誇誇誇了他
[00:11:16.000 --> 00:11:18.000]  這樣我就感謝你
[00:11:18.000 --> 00:11:19.000]  如果不是這樣
[00:11:19.000 --> 00:11:22.000]  那你怎麼辦?
[00:11:22.000 --> 00:11:24.000]  哥林多前書第二章
[00:11:24.000 --> 00:11:28.000]  第十到十六節
[00:11:28.000 --> 00:11:31.000]  是我第三段經文
[00:11:31.000 --> 00:11:34.000]  只有神藉著聖靈向我們顯明了
[00:11:34.000 --> 00:11:39.000]  因為聖靈參透萬事
[00:11:39.000 --> 00:11:42.000]  就是神深奧的事也參透了
[00:11:42.000 --> 00:11:45.000]  除了在人裡面的靈
[00:11:45.000 --> 00:11:46.000]  不是這個人
[00:11:46.000 --> 00:11:48.000]  是人裡面的靈
[00:11:48.000 --> 00:11:51.000]  誰能夠知道人的事?
[00:11:51.000 --> 00:11:53.000]  像這樣除了神的靈
[00:11:53.000 --> 00:11:57.000]  也沒有人可以知道神的事
[00:11:57.000 --> 00:11:59.000]  到神面前
[00:11:59.000 --> 00:12:01.000]  你讀過聖經
[00:12:01.000 --> 00:12:03.000]  我要用心靈和誠實來拜祭他
[00:12:03.000 --> 00:12:06.000]  請問你的靈在哪裡?
[00:12:06.000 --> 00:12:07.000]  不是你的思想
[00:12:07.000 --> 00:12:08.000]  不是你的人為
[00:12:08.000 --> 00:12:10.000]  下面有說
[00:12:10.000 --> 00:12:13.000]  我們所領受的並不是世上的靈
[00:12:13.000 --> 00:12:15.000]  而是從神來的靈
[00:12:15.000 --> 00:12:16.000]  叫我們能知道
[00:12:16.000 --> 00:12:20.000]  神可以恩賜給我們的事
[00:12:20.000 --> 00:12:23.000]  並且我們講說的事
[00:12:23.000 --> 00:12:25.000]  不是用人的智慧所指教的
[00:12:25.000 --> 00:12:27.000]  言語
[00:12:27.000 --> 00:12:30.000]  乃是用聖靈所指教的言語
[00:12:30.000 --> 00:12:34.000]  將屬靈的事解釋屬靈的事
[00:12:34.000 --> 00:12:35.000]  請照會
[00:12:35.000 --> 00:12:36.000]  下面還有說
[00:12:36.000 --> 00:12:38.000]  因而屬血氣的人
[00:12:38.000 --> 00:12:40.000]  不領會神的聖靈
[00:12:40.000 --> 00:12:43.000]  這個血氣不是指那些壞的東西
[00:12:43.000 --> 00:12:45.000]  血氣可言之是人性
[00:12:45.000 --> 00:12:46.000]  是正常的
[00:12:46.000 --> 00:12:47.000]  理性感性是正常的
[00:12:47.000 --> 00:12:48.000]  不過
[00:12:48.000 --> 00:12:53.000]  這個做不到神要你明白的事幹
[00:12:53.000 --> 00:12:55.000]  反倒以為如此
[00:12:55.000 --> 00:12:56.000]  並不能知道
[00:12:56.000 --> 00:12:59.000]  因為這些事唯有屬靈的人才能看透
[00:12:59.000 --> 00:13:01.000]  屬靈的人能看透萬事
[00:13:01.000 --> 00:13:03.000]  卻沒有一個人能看透他
[00:13:03.000 --> 00:13:05.000]  誰曾知道主的心
[00:13:05.000 --> 00:13:07.000]  去教導他呢?
[00:13:07.000 --> 00:13:10.000]  但我們是有基督的心了
[00:13:10.000 --> 00:13:12.000]  我在這個經文裡面
[00:13:12.000 --> 00:13:13.000]  沒有意思
[00:13:13.000 --> 00:13:15.000]  分別你是屬靈你是屬血氣
[00:13:15.000 --> 00:13:17.000]  沒有
[00:13:17.000 --> 00:13:20.000]  只要我裡面沒有了基督的靈
[00:13:20.000 --> 00:13:22.000]  我都可以做血氣的事
[00:13:22.000 --> 00:13:25.000]  我也試過犯這些錯
[00:13:25.000 --> 00:13:28.000]  但當我裡面覺得有神的話語
[00:13:28.000 --> 00:13:29.000]  靈啊
[00:13:29.000 --> 00:13:32.000]  神話語我跟大家說過很多次了
[00:13:32.000 --> 00:13:34.000]  約翰福音6:63
[00:13:34.000 --> 00:13:35.000]  耶穌也說過
[00:13:35.000 --> 00:13:37.000]  我說的話就是靈就是生命
[00:13:37.000 --> 00:13:40.000]  所以當我裡面有神的話語的時候
[00:13:40.000 --> 00:13:42.000]  我去做我就知道要做什麼
[00:13:42.000 --> 00:13:43.000]  如果沒有神的話語
[00:13:43.000 --> 00:13:45.000]  沒有神靈的時候
[00:13:45.000 --> 00:13:46.000]  我是憑我的人性
[00:13:46.000 --> 00:13:47.000]  我的理性
[00:13:47.000 --> 00:13:48.000]  我的感受去做的時候
[00:13:48.000 --> 00:13:53.000]  一定出差
[00:13:53.000 --> 00:13:55.000]  最後一次聖經
[00:13:55.000 --> 00:13:57.000]  是我這三個星期裡面
[00:13:57.000 --> 00:13:59.000]  一直看的時候
[00:13:59.000 --> 00:14:00.000]  我們友弟兄收到
[00:14:00.000 --> 00:14:01.000]  我每個星期都寫一篇文章
[00:14:01.000 --> 00:14:02.000]  哇 牧師
[00:14:02.000 --> 00:14:04.000]  為什麼這段時間
[00:14:04.000 --> 00:14:06.000]  每天都好像在寫香港社會
[00:14:06.000 --> 00:14:07.000]  我說那篇不是我寫的
[00:14:07.000 --> 00:14:10.000]  是我從一本書拿出來看的
[00:14:10.000 --> 00:14:11.000]  那個情形
[00:14:11.000 --> 00:14:12.000]  有一天
[00:14:12.000 --> 00:14:14.000]  我自己看到一篇文章是這樣的
[00:14:14.000 --> 00:14:17.000]  羅馬書第二章第一度日節
[00:14:17.000 --> 00:14:21.000]  所以你這評論人的人
[00:14:21.000 --> 00:14:23.000]  無論你是誰
[00:14:23.000 --> 00:14:25.000]  都無可推諉
[00:14:25.000 --> 00:14:28.000]  你在什麼事上評斷人
[00:14:28.000 --> 00:14:30.000]  就是在什麼事上定自己的罪
[00:14:30.000 --> 00:14:31.000]  我告訴你
[00:14:31.000 --> 00:14:32.000]  這個不是說你
[00:14:32.000 --> 00:14:33.000]  我讀聖經的時候
[00:14:33.000 --> 00:14:35.000]  這個你就是指我
[00:14:35.000 --> 00:14:36.000]  你不要誤會
[00:14:36.000 --> 00:14:39.000]  我不是讀聖經隨便做炮台
[00:14:39.000 --> 00:14:41.000]  這本書對我說的
[00:14:41.000 --> 00:14:42.000]  你在什麼事上評斷人
[00:14:42.000 --> 00:14:44.000]  就是在什麼事上定自己的罪
[00:14:44.000 --> 00:14:46.000]  因為你在評斷人的
[00:14:46.000 --> 00:14:50.000]  自己所做的卻和別人一樣
[00:14:50.000 --> 00:14:52.000]  我們知道這樣的人
[00:14:52.000 --> 00:14:56.000]  上帝必公平地審判他
[00:14:56.000 --> 00:14:57.000]  我看到這件事
[00:14:57.000 --> 00:15:00.000]  我很怕神
[00:15:00.000 --> 00:15:02.000]  這件事我不是很怕
[00:15:02.000 --> 00:15:06.000]  我是怕最後那個審判
[00:15:06.000 --> 00:15:08.000]  那個審判不是上帝給憐憫我
[00:15:08.000 --> 00:15:11.000]  我過不了關的
[00:15:11.000 --> 00:15:12.000]  我要承認我的軟弱
[00:15:12.000 --> 00:15:15.000]  然後求神給憐憫我
[00:15:15.000 --> 00:15:16.000]  讓我能夠跨過那個審判
[00:15:16.000 --> 00:15:17.000]  這是《雅各書》所說的
[00:15:17.000 --> 00:15:20.000]  全部是經文來的
[00:15:20.000 --> 00:15:23.000]  這些我希望你們有時間
[00:15:23.000 --> 00:15:25.000]  回去自己看
[00:15:25.000 --> 00:15:27.000]  不是聽我所說的
[00:15:27.000 --> 00:15:28.000]  你自己回去看
[00:15:28.000 --> 00:15:30.000]  面對整個華語
[00:15:30.000 --> 00:15:33.000]  看看到底今時今日
[00:15:33.000 --> 00:15:35.000]  這個環境
[00:15:35.000 --> 00:15:40.000]  是不是你覺得是世界末日
[00:15:40.000 --> 00:15:42.000]  七百萬人的城市
[00:15:42.000 --> 00:15:45.000]  我不是說風涼話
[00:15:45.000 --> 00:15:49.000]  我有一天和海外一個人通電話
[00:15:49.000 --> 00:15:51.000]  他說香港發生大事
[00:15:51.000 --> 00:15:53.000]  我說香港也有些事發生
[00:15:53.000 --> 00:15:55.000]  我問他
[00:15:55.000 --> 00:15:59.000]  你們那裡的人最注意什麼事幹
[00:15:59.000 --> 00:16:03.000]  他說速龍贏了
[00:16:03.000 --> 00:16:04.000]  知道什麼是速龍贏了嗎
[00:16:04.000 --> 00:16:07.000]  知道就算了
[00:16:07.000 --> 00:16:09.000]  我說這個是事實
[00:16:09.000 --> 00:16:11.000]  世界很多地方發生很多大事
[00:16:11.000 --> 00:16:12.000]  他們關心
[00:16:12.000 --> 00:16:13.000]  沒錯
[00:16:13.000 --> 00:16:15.000]  我們要關心這個地方
[00:16:15.000 --> 00:16:17.000]  為自己成就平安
[00:16:17.000 --> 00:16:19.000]  所以今天我想給一段聖經
[00:16:19.000 --> 00:16:23.000]  希望大家得到一些安慰與保護
[00:16:23.000 --> 00:16:28.000]  就是詩篇121篇
[00:16:28.000 --> 00:16:29.000]  我們一起讀好嗎
[00:16:29.000 --> 00:16:43.000]  123
[00:17:00.000 --> 00:17:02.000]  請各位保護你
[00:17:02.000 --> 00:17:04.000]  然後一起災難
[00:17:04.000 --> 00:17:06.000]  但要保護你的精靈
[00:17:06.000 --> 00:17:08.000]  你出生的人
[00:17:08.000 --> 00:17:10.000]  請各位保護你
[00:17:10.000 --> 00:17:12.000]  從今至永遠
[00:17:12.000 --> 00:17:13.000]  留心
[00:17:13.000 --> 00:17:17.000]  這個保護不是保護到今世
[00:17:17.000 --> 00:17:19.000]  保護到永遠
[00:17:19.000 --> 00:17:20.000]  所以不要拿這支聖經
[00:17:20.000 --> 00:17:21.000]  說不用怕了
[00:17:21.000 --> 00:17:23.000]  我什麼都不怕了
[00:17:23.000 --> 00:17:26.000]  那些乒乒乓乓打過來的時候怕不怕
[00:17:26.000 --> 00:17:27.000]  這與我無關
[00:17:27.000 --> 00:17:29.000]  我這支聖經沒有任何的含義
[00:17:29.000 --> 00:17:30.000]  說你出去吧
[00:17:30.000 --> 00:17:31.000]  沒事的
[00:17:31.000 --> 00:17:32.000]  我沒有這樣說的
[00:17:32.000 --> 00:17:39.000]  這個保護是直到永遠的保護
[00:17:39.000 --> 00:17:42.000]  白日太陽艱難的日子
[00:17:42.000 --> 00:17:43.000]  夜間月亮
[00:17:43.000 --> 00:17:50.000]  你悲哀悲傷憤恨積累那些情緒的日子
[00:17:50.000 --> 00:17:51.000]  小心
[00:17:51.000 --> 00:17:56.000]  環境會令到你的情緒起變化
[00:17:56.000 --> 00:17:59.000]  會令到你的生理起變化
[00:17:59.000 --> 00:18:02.000]  會令你的言行起變化
[00:18:02.000 --> 00:18:04.000]  你真的會失常的
[00:18:04.000 --> 00:18:05.000]  什麼叫失常?
[00:18:05.000 --> 00:18:07.000]  失去常態
[00:18:07.000 --> 00:18:10.000]  那個常態是給予的
[00:18:10.000 --> 00:18:12.000]  我本來這篇導講之前
[00:18:12.000 --> 00:18:14.000]  今早想打電話給那些心理醫生
[00:18:14.000 --> 00:18:15.000]  或者那些
[00:18:15.000 --> 00:18:16.000]  我想問一問他們
[00:18:16.000 --> 00:18:19.000]  原來真的有根據
[00:18:19.000 --> 00:18:25.000]  我不是開玩笑的
[00:18:25.000 --> 00:18:27.000]  以下我會跟大家透過這段經文
[00:18:27.000 --> 00:18:29.000]  去看我們三樣東西
[00:18:29.000 --> 00:18:31.000]  第一我們的信
[00:18:31.000 --> 00:18:32.000]  第二我們的望
[00:18:32.000 --> 00:18:35.000]  第三我們的愛
[00:18:35.000 --> 00:18:37.000]  我掙扎了很久
[00:18:37.000 --> 00:18:39.000]  我想將信那一段裡面
[00:18:39.000 --> 00:18:44.000]  我講一些很個人的經歷和見證
[00:18:44.000 --> 00:18:46.000]  不過請大家留意
[00:18:46.000 --> 00:18:48.000]  我再重新再聲明
[00:18:48.000 --> 00:18:50.000]  我所講出來的東西
[00:18:50.000 --> 00:18:53.000]  很少人知道很少人聽
[00:18:53.000 --> 00:18:58.000]  不過請你們千萬不要對號入座
[00:18:58.000 --> 00:18:59.000]  為什麼?
[00:18:59.000 --> 00:19:01.000]  因為每個人經歷不同
[00:19:01.000 --> 00:19:03.000]  每個人上帝給予的學習不同
[00:19:03.000 --> 00:19:06.000]  每個人的取向都不同
[00:19:06.000 --> 00:19:07.000]  在這個不同裡面
[00:19:07.000 --> 00:19:11.000]  正正是上帝安排最權威的地方
[00:19:11.000 --> 00:19:13.000]  所以希望你們聽
[00:19:13.000 --> 00:19:15.000]  就聽完整篇信息
[00:19:15.000 --> 00:19:16.000]  就不要拿一段
[00:19:16.000 --> 00:19:20.000]  免得日後引起很多誤會
[00:19:20.000 --> 00:19:23.000]  羅馬書第十章十七節說
[00:19:23.000 --> 00:19:25.000]  信道是從聽道來的
[00:19:25.000 --> 00:19:28.000]  聽道是從基督的懷疑來的
[00:19:28.000 --> 00:19:31.000]  這一節經文對我們生命堂的弟兄姊妹來說
[00:19:31.000 --> 00:19:34.000]  不會陌生的
[00:19:34.000 --> 00:19:35.000]  是不是?
[00:19:35.000 --> 00:19:37.000]  我想我在台上講這句話
[00:19:37.000 --> 00:19:38.000]  講了差不多
[00:19:38.000 --> 00:19:41.000]  沒有十多次都幾次這麼多了
[00:19:41.000 --> 00:19:44.000]  因為大家都參加了那個聆聽聖經
[00:19:44.000 --> 00:19:47.000]  是不是?
[00:19:47.000 --> 00:19:50.000]  我們知道這個道信心
[00:19:50.000 --> 00:19:53.000]  除了從神的懷疑來之外
[00:19:53.000 --> 00:19:56.000]  哥林多祠書第十二章第九節說
[00:19:56.000 --> 00:19:59.000]  若有一人同一聖靈領受信心
[00:19:59.000 --> 00:20:03.000]  原來我們有信心
[00:20:03.000 --> 00:20:05.000]  不是你的經驗
[00:20:05.000 --> 00:20:06.000]  不是你的學歷
[00:20:06.000 --> 00:20:09.000]  不是你的人性產生的
[00:20:09.000 --> 00:20:13.000]  人性產生的是自信
[00:20:13.000 --> 00:20:17.000]  人性產生不了那種真正對永恆的信心
[00:20:17.000 --> 00:20:19.000]  是聖靈所賜的
[00:20:19.000 --> 00:20:20.000]  一講聖靈所賜
[00:20:20.000 --> 00:20:22.000]  有些弟兄姊妹會莫名其妙
[00:20:22.000 --> 00:20:25.000]  那怎麼會是聖靈所賜呢?
[00:20:25.000 --> 00:20:27.000]  好像白鴿飛下來
[00:20:27.000 --> 00:20:29.000]  試試吹風過來
[00:20:29.000 --> 00:20:30.000]  給點火辣辣
[00:20:30.000 --> 00:20:31.000]  不是
[00:20:31.000 --> 00:20:33.000]  羅馬書就說了
[00:20:33.000 --> 00:20:37.000]  這個信心是從神的懷疑來的
[00:20:37.000 --> 00:20:38.000]  是不是?
[00:20:38.000 --> 00:20:41.000]  我想大家應該比較明白一點
[00:20:41.000 --> 00:20:46.000]  我希望盡量講到大家能夠理解到
[00:20:46.000 --> 00:20:47.000]  問題在這裡
[00:20:47.000 --> 00:20:50.000]  有神的懷疑沒有神的懷疑
[00:20:50.000 --> 00:20:55.000]  那個行動有什麼不同?
[00:20:55.000 --> 00:20:56.000]  或者這麼說
[00:20:56.000 --> 00:20:58.000]  有神的懷疑在先
[00:20:58.000 --> 00:20:59.000]  而有你的行動
[00:20:59.000 --> 00:21:02.000]  和沒有神的懷疑因為受其他東西影響你的行動
[00:21:02.000 --> 00:21:06.000]  有什麼不同?
[00:21:06.000 --> 00:21:08.000]  你考我們的問題
[00:21:08.000 --> 00:21:11.000]  問神學畢業生
[00:21:11.000 --> 00:21:13.000]  你在神學院的時候
[00:21:13.000 --> 00:21:16.000]  是憑感動有需要去讀嗎?
[00:21:16.000 --> 00:21:19.000]  還是你說有上帝的懷疑給我
[00:21:19.000 --> 00:21:21.000]  我拿著那些懷疑去做
[00:21:21.000 --> 00:21:23.000]  如果我在神學院裡面任教
[00:21:23.000 --> 00:21:27.000]  我一定問這個問題
[00:21:27.000 --> 00:21:29.000]  當然有神的懷疑
[00:21:29.000 --> 00:21:30.000]  我舉歷史上
[00:21:30.000 --> 00:21:33.000]  聖經上的例子給你聽
[00:21:33.000 --> 00:21:34.000]  我在這三個禮拜裡面
[00:21:34.000 --> 00:21:35.000]  我為了聖經
[00:21:35.000 --> 00:21:37.000]  我花了很多時間去想
[00:21:37.000 --> 00:21:38.000]  你問我
[00:21:38.000 --> 00:21:39.000]  香港這個環境
[00:21:39.000 --> 00:21:40.000]  你知不知道?
[00:21:40.000 --> 00:21:44.000]  我知道
[00:21:44.000 --> 00:21:45.000]  上一次佔中
[00:21:45.000 --> 00:21:46.000]  你知不知道?
[00:21:46.000 --> 00:21:47.000]  我知道
[00:21:47.000 --> 00:21:48.000]  這些我不應該說的
[00:21:48.000 --> 00:21:51.000]  不過我看一看
[00:21:51.000 --> 00:21:52.000]  六四民運
[00:21:52.000 --> 00:21:53.000]  你知不知道?
[00:21:53.000 --> 00:21:56.000]  我知道
[00:21:56.000 --> 00:21:57.000]  你有沒有什麼表達?
[00:21:57.000 --> 00:21:58.000]  有
[00:21:58.000 --> 00:22:00.000]  你再問我
[00:22:00.000 --> 00:22:01.000]  文化大革命
[00:22:01.000 --> 00:22:02.000]  你知不知道?
[00:22:02.000 --> 00:22:04.000]  我知道
[00:22:04.000 --> 00:22:07.000]  我昨天早上才跟一班
[00:22:07.000 --> 00:22:10.000]  有心基督教教育的人士聊天
[00:22:10.000 --> 00:22:11.000]  他說來這裡
[00:22:11.000 --> 00:22:14.000]  想來香港取經
[00:22:14.000 --> 00:22:15.000]  我覺得
[00:22:15.000 --> 00:22:17.000]  初初我已經覺得很想迴避
[00:22:17.000 --> 00:22:18.000]  後來我說
[00:22:18.000 --> 00:22:20.000]  索性就讓他來
[00:22:20.000 --> 00:22:21.000]  結果
[00:22:21.000 --> 00:22:23.000]  他們想來取經
[00:22:23.000 --> 00:22:24.000]  我因著他們的經歷
[00:22:24.000 --> 00:22:31.000]  使我得到復興
[00:22:31.000 --> 00:22:32.000]  真的
[00:22:32.000 --> 00:22:37.000]  我有同事可以見證
[00:22:37.000 --> 00:22:40.000]  當我們在神的面前
[00:22:40.000 --> 00:22:41.000]  有聖靈的感動
[00:22:41.000 --> 00:22:43.000]  有神的話語的時候
[00:22:43.000 --> 00:22:44.000]  你才行動
[00:22:44.000 --> 00:22:46.000]  頂智慧
[00:22:46.000 --> 00:22:48.000]  你一定覺得是一個無福的人
[00:22:48.000 --> 00:22:50.000]  否則
[00:22:50.000 --> 00:22:51.000]  我不說得不得救
[00:22:51.000 --> 00:22:53.000]  因為這個問題是很爭議性的
[00:22:53.000 --> 00:22:56.000]  有些人說一次得救永遠得救
[00:22:56.000 --> 00:22:57.000]  但聖經裡面有一個人物
[00:22:57.000 --> 00:23:00.000]  名字叫阿伯拉罕
[00:23:00.000 --> 00:23:03.000]  另一個名字叫羅德
[00:23:03.000 --> 00:23:06.000]  這兩個關係你都知道
[00:23:06.000 --> 00:23:10.000]  當他們離開
[00:23:10.000 --> 00:23:11.000]  不明白
[00:23:11.000 --> 00:23:13.000]  加勒底吾爾的時候
[00:23:13.000 --> 00:23:17.000]  是阿爺和他父親帶他們出去
[00:23:17.000 --> 00:23:20.000]  但去到哈蘭亭那裡沒有動
[00:23:20.000 --> 00:23:24.000]  然後阿伯拉罕有上帝的說話
[00:23:24.000 --> 00:23:26.000]  阿伯拉罕你離開
[00:23:26.000 --> 00:23:27.000]  去哪裡
[00:23:27.000 --> 00:23:29.000]  我要賜大福給你
[00:23:29.000 --> 00:23:31.000]  人萬國於因你得福
[00:23:31.000 --> 00:23:32.000]  留心聽著
[00:23:32.000 --> 00:23:36.000]  福不是說得救
[00:23:36.000 --> 00:23:40.000]  羅德有沒有離開哈蘭
[00:23:40.000 --> 00:23:41.000]  有
[00:23:41.000 --> 00:23:43.000]  羅德有沒有神的話
[00:23:43.000 --> 00:23:45.000]  有沒有
[00:23:45.000 --> 00:23:47.000]  沒有
[00:23:47.000 --> 00:23:49.000]  他沒有著數
[00:23:49.000 --> 00:23:52.000]  因為他是阿伯
[00:23:52.000 --> 00:23:55.000]  他這麼無福
[00:23:55.000 --> 00:23:57.000]  他跟著神走
[00:23:57.000 --> 00:23:59.000]  我們就跟著走
[00:23:59.000 --> 00:24:01.000]  結果兩個人的結局和不同嗎
[00:24:01.000 --> 00:24:02.000]  不同
[00:24:02.000 --> 00:24:03.000]  請問
[00:24:03.000 --> 00:24:06.000]  最大的不同是什麼
[00:24:06.000 --> 00:24:07.000]  阿伯拉罕得救
[00:24:07.000 --> 00:24:09.000]  羅德不得救
[00:24:09.000 --> 00:24:13.000]  如果這樣你就回諸學了
[00:24:13.000 --> 00:24:16.000]  羅德是一個異人
[00:24:16.000 --> 00:24:19.000]  這個異人住在索多瑪俄摩拉裡面的時候
[00:24:19.000 --> 00:24:21.000]  天天為那城
[00:24:21.000 --> 00:24:22.000]  不要說痛哭
[00:24:22.000 --> 00:24:24.000]  哀動
[00:24:24.000 --> 00:24:28.000]  讓你回去看後書
[00:24:28.000 --> 00:24:30.000]  羅德不差的
[00:24:30.000 --> 00:24:32.000]  唯一
[00:24:32.000 --> 00:24:34.000]  我相信按正經所說
[00:24:34.000 --> 00:24:36.000]  他得救
[00:24:36.000 --> 00:24:38.000]  不過如果只是做一個僅僅得救的基督徒
[00:24:38.000 --> 00:24:39.000]  就是這樣
[00:24:39.000 --> 00:24:40.000]  我現在跟你說
[00:24:40.000 --> 00:24:41.000]  福
[00:24:41.000 --> 00:24:43.000]  臣給阿伯拉罕福
[00:24:43.000 --> 00:24:49.000]  臣要阿伯拉罕將這個福給其他人
[00:24:49.000 --> 00:24:50.000]  我告訴你
[00:24:50.000 --> 00:24:52.000]  阿伯拉罕遇到考驗
[00:24:52.000 --> 00:24:54.000]  阿伯拉罕有沒有犯過罪
[00:24:54.000 --> 00:24:56.000]  如果容許我這麼說
[00:24:56.000 --> 00:24:57.000]  是不是
[00:24:57.000 --> 00:24:59.000]  他老婆很漂亮
[00:24:59.000 --> 00:25:00.000]  六十
[00:25:00.000 --> 00:25:01.000]  應該是六十幾歲
[00:25:01.000 --> 00:25:03.000]  七十五到六十五
[00:25:03.000 --> 00:25:05.000]  發腦見到眼睛青青
[00:25:05.000 --> 00:25:07.000]  眼睛金金的
[00:25:07.000 --> 00:25:08.000]  不是青青白白的
[00:25:08.000 --> 00:25:10.000]  我知不知道眼睛有這麼大
[00:25:10.000 --> 00:25:12.000]  讓你鬆弛一下
[00:25:12.000 --> 00:25:15.000]  不要這麼緊張
[00:25:15.000 --> 00:25:16.000]  取他過去
[00:25:16.000 --> 00:25:17.000]  不是
[00:25:17.000 --> 00:25:19.000]  拿他過去
[00:25:19.000 --> 00:25:21.000]  你說上帝是不是保護阿伯拉罕呢
[00:25:21.000 --> 00:25:22.000]  你唱到詩歌
[00:25:22.000 --> 00:25:24.000]  上帝的保護很奇妙
[00:25:24.000 --> 00:25:25.000]  因為他有話語給你
[00:25:25.000 --> 00:25:26.000]  你去做
[00:25:26.000 --> 00:25:27.000]  你就算行差踏錯
[00:25:27.000 --> 00:25:30.000]  他都請你回來
[00:25:30.000 --> 00:25:32.000]  阿伯拉罕就是這樣
[00:25:32.000 --> 00:25:33.000]  你有沒有回去看
[00:25:33.000 --> 00:25:35.000]  法老怎麼跟阿伯拉罕說
[00:25:35.000 --> 00:25:36.000]  嘩 你這樣也行
[00:25:36.000 --> 00:25:38.000]  阿伯拉罕有沒有說謊
[00:25:38.000 --> 00:25:40.000]  說一點
[00:25:40.000 --> 00:25:41.000]  沒有說完
[00:25:41.000 --> 00:25:43.000]  這個是最麻煩的事情
[00:25:43.000 --> 00:25:45.000]  今天這個社會迷惑輿論人
[00:25:45.000 --> 00:25:47.000]  就是說一點不說一點
[00:25:47.000 --> 00:25:50.000]  問題是你們知不知道一點
[00:25:50.000 --> 00:25:52.000]  如果問我是不是很多人上街
[00:25:52.000 --> 00:25:53.000]  我說是
[00:25:53.000 --> 00:25:57.000]  有多少人我不知道
[00:25:57.000 --> 00:25:59.000]  我真的這樣說
[00:25:59.000 --> 00:26:00.000]  你們不要看報紙報
[00:26:00.000 --> 00:26:01.000]  報紙說
[00:26:01.000 --> 00:26:02.000]  我再重複說
[00:26:02.000 --> 00:26:06.000]  我就做了那個幫兇
[00:26:06.000 --> 00:26:07.000]  無論你二十萬也好
[00:26:07.000 --> 00:26:09.000]  一百萬也好
[00:26:09.000 --> 00:26:12.000]  小心你的言語
[00:26:12.000 --> 00:26:15.000]  因為人聽到劉牧師都這樣說
[00:26:15.000 --> 00:26:18.000]  他不相信
[00:26:18.000 --> 00:26:22.000]  他不知道我誤中了迷惑
[00:26:22.000 --> 00:26:24.000]  我試過一次撞大板
[00:26:24.000 --> 00:26:26.000]  我從來不再做了
[00:26:26.000 --> 00:26:27.000]  我告訴你
[00:26:27.000 --> 00:26:28.000]  我以前在學校的時候
[00:26:28.000 --> 00:26:29.000]  有一個很好的同事
[00:26:29.000 --> 00:26:30.000]  很愛主的同事
[00:26:30.000 --> 00:26:31.000]  發短信給我
[00:26:31.000 --> 00:26:34.000]  一直不知道美國的清潔劑
[00:26:34.000 --> 00:26:36.000]  不知道清潔劑還是什麼
[00:26:36.000 --> 00:26:37.000]  什麼潔淨劑
[00:26:37.000 --> 00:26:39.000]  說那些符號代表魔鬼
[00:26:39.000 --> 00:26:40.000]  那些東西
[00:26:40.000 --> 00:26:41.000]  我看了覺得很氣憤
[00:26:41.000 --> 00:26:43.000]  那些東西以為霸佔不了他
[00:26:43.000 --> 00:26:47.000]  結果後來出了一個商業古惑
[00:26:47.000 --> 00:26:48.000]  那次之後
[00:26:48.000 --> 00:26:49.000]  我所傳遞的東西
[00:26:49.000 --> 00:26:51.000]  我一定不傳
[00:26:51.000 --> 00:26:53.000]  就算你明知
[00:26:53.000 --> 00:26:55.000]  都是局部
[00:26:55.000 --> 00:26:56.000]  所以這個時候
[00:26:56.000 --> 00:26:57.000]  頂智妹
[00:26:57.000 --> 00:26:58.000]  讓我看到的是
[00:26:58.000 --> 00:27:01.000]  阿巴蘭和羅德最大的分別
[00:27:01.000 --> 00:27:03.000]  羅德的經歷比你更豐富
[00:27:03.000 --> 00:27:05.000]  誰試過上帝救你的時候
[00:27:05.000 --> 00:27:06.000]  要派天使去家裡
[00:27:06.000 --> 00:27:08.000]  抓住兩夫妻
[00:27:08.000 --> 00:27:10.000]  抓住兩個女兒走
[00:27:10.000 --> 00:27:12.000]  你經歷過沒有?
[00:27:12.000 --> 00:27:14.000]  這樣就神職不得羅德的家
[00:27:14.000 --> 00:27:17.000]  這樣神也算做盡了吧
[00:27:17.000 --> 00:27:19.000]  我想問一個問題
[00:27:19.000 --> 00:27:21.000]  你會不會為了羅太
[00:27:21.000 --> 00:27:23.000]  變成一條鹽柱
[00:27:23.000 --> 00:27:25.000]  哎呀 怎麼會這樣
[00:27:25.000 --> 00:27:27.000]  會不會這樣?
[00:27:27.000 --> 00:27:29.000]  會不會?
[00:27:29.000 --> 00:27:34.000]  人性會的
[00:27:34.000 --> 00:27:36.000]  正常的
[00:27:36.000 --> 00:27:39.000]  但是問題是一樣東西
[00:27:39.000 --> 00:27:40.000]  頂智妹
[00:27:40.000 --> 00:27:43.000]  今天我們現在說的是
[00:27:43.000 --> 00:27:46.000]  如果你將祈禱放在一邊
[00:27:46.000 --> 00:27:47.000]  你做世上
[00:27:47.000 --> 00:27:48.000]  世人都做過事的
[00:27:48.000 --> 00:27:49.000]  沒有問題
[00:27:49.000 --> 00:27:51.000]  但是你將我們的神
[00:27:51.000 --> 00:27:52.000]  拉進去的時候
[00:27:52.000 --> 00:27:54.000]  向他又祈禱
[00:27:54.000 --> 00:27:55.000]  你叫他現在
[00:27:55.000 --> 00:27:57.000]  發功這樣說
[00:27:57.000 --> 00:28:00.000]  到底發什麼功?
[00:28:00.000 --> 00:28:01.000]  之前成就的時候
[00:28:01.000 --> 00:28:03.000]  你可不可以說
[00:28:03.000 --> 00:28:05.000]  全部榮耀歸給神?
[00:28:05.000 --> 00:28:10.000]  所以我在這裡看到的時候
[00:28:10.000 --> 00:28:11.000]  我說神啊
[00:28:11.000 --> 00:28:13.000]  我不知道怎麼跟頂智妹說
[00:28:13.000 --> 00:28:15.000]  但是我有感動
[00:28:15.000 --> 00:28:17.000]  我想了幾天
[00:28:17.000 --> 00:28:18.000]  到今天早上寫的時候
[00:28:18.000 --> 00:28:20.000]  我還在掙扎
[00:28:20.000 --> 00:28:22.000]  1990年代
[00:28:22.000 --> 00:28:24.000]  1990年5月5日
[00:28:24.000 --> 00:28:25.000]  2010年
[00:28:25.000 --> 00:28:26.000]  那個時候
[00:28:26.000 --> 00:28:28.000]  下午五點鐘
[00:28:28.000 --> 00:28:31.000]  我當時被香港的環境
[00:28:31.000 --> 00:28:32.000]  氣氛
[00:28:32.000 --> 00:28:35.000]  逼得我真的透不過氣
[00:28:35.000 --> 00:28:38.000]  如果你還知道1990年
[00:28:38.000 --> 00:28:40.000]  那個時候發生什麼事
[00:28:40.000 --> 00:28:41.000]  就是
[00:28:41.000 --> 00:28:43.000]  80年代中英談判
[00:28:43.000 --> 00:28:45.000]  香港已經開始亂了
[00:28:45.000 --> 00:28:48.000]  到了89民運
[00:28:48.000 --> 00:28:50.000]  還來一單結的
[00:28:50.000 --> 00:28:52.000]  還沒有那個民運
[00:28:52.000 --> 00:28:54.000]  我還不覺得這麼亂
[00:28:54.000 --> 00:28:56.000]  當時的氣氛
[00:28:56.000 --> 00:29:00.000]  無論在我學校
[00:29:00.000 --> 00:29:02.000]  我面對的同事
[00:29:02.000 --> 00:29:05.000]  帶的信
[00:29:05.000 --> 00:29:08.000]  無論是在
[00:29:08.000 --> 00:29:11.000]  我的朋友中間的氣氛
[00:29:11.000 --> 00:29:13.000]  甚至乎在家裡
[00:29:13.000 --> 00:29:16.000]  我面對很大的壓力
[00:29:16.000 --> 00:29:18.000]  當時我自己這樣想
[00:29:18.000 --> 00:29:21.000]  我都聽憑上帝的引論
[00:29:21.000 --> 00:29:22.000]  我有理性
[00:29:22.000 --> 00:29:24.000]  我有感受
[00:29:24.000 --> 00:29:27.000]  最難堪的一件事就是
[00:29:27.000 --> 00:29:29.000]  在教會圈子裡面
[00:29:29.000 --> 00:29:31.000]  當時我都經常去參加會議
[00:29:31.000 --> 00:29:33.000]  聽聽麻煩的事
[00:29:33.000 --> 00:29:35.000]  教會裡面給我的消息
[00:29:35.000 --> 00:29:37.000]  並沒有給我得到鼓勵
[00:29:39.000 --> 00:29:41.000]  最糟糕的一件事
[00:29:41.000 --> 00:29:42.000]  我不應該講
[00:29:42.000 --> 00:29:44.000]  但我都講了
[00:29:44.000 --> 00:29:45.000]  有一天
[00:29:45.000 --> 00:29:47.000]  我太太給我一疊表格
[00:29:47.000 --> 00:29:50.000]  她說某某某人給我的
[00:29:50.000 --> 00:29:52.000]  她說交給你
[00:29:52.000 --> 00:29:54.000]  你申請吧
[00:29:54.000 --> 00:29:56.000]  我說幹什麼
[00:29:56.000 --> 00:29:57.000]  她說
[00:29:57.000 --> 00:29:59.000]  她說你不為自己考慮
[00:29:59.000 --> 00:30:01.000]  也為子女考慮一下吧
[00:30:01.000 --> 00:30:04.000]  當一個爸爸
[00:30:04.000 --> 00:30:05.000]  在那個時間
[00:30:05.000 --> 00:30:06.000]  遇到這樣的
[00:30:06.000 --> 00:30:09.000]  你說申請也好提問也好
[00:30:09.000 --> 00:30:11.000]  我不知道怎麼回答
[00:30:11.000 --> 00:30:15.000]  兩難之間
[00:30:15.000 --> 00:30:17.000]  我86年離開香港
[00:30:17.000 --> 00:30:20.000]  政府給我全費去讀書
[00:30:20.000 --> 00:30:23.000]  按道理兩年
[00:30:23.000 --> 00:30:24.000]  做完我應該做的事
[00:30:24.000 --> 00:30:25.000]  我是責任完成
[00:30:25.000 --> 00:30:26.000]  義務完成
[00:30:26.000 --> 00:30:27.000]  什麼都完成了
[00:30:27.000 --> 00:30:29.000]  但我覺得不是
[00:30:29.000 --> 00:30:31.000]  上帝叫我去學習
[00:30:31.000 --> 00:30:32.000]  去服侍這個地方
[00:30:32.000 --> 00:30:34.000]  我怎麼可以這樣
[00:30:34.000 --> 00:30:36.000]  這裡還有很多故事
[00:30:36.000 --> 00:30:38.000]  我不會一一告訴你
[00:30:38.000 --> 00:30:40.000]  知道的人非常非常少
[00:30:40.000 --> 00:30:43.000]  當那天我拿到答方
[00:30:43.000 --> 00:30:44.000]  我不知道怎麼辦
[00:30:44.000 --> 00:30:46.000]  但我在這個時候
[00:30:46.000 --> 00:30:48.000]  如果你有話語給我
[00:30:48.000 --> 00:30:50.000]  很清楚地告訴我
[00:30:50.000 --> 00:30:52.000]  我要怎麼做的時候
[00:30:52.000 --> 00:30:55.000]  我就照你的旨意去做
[00:30:55.000 --> 00:30:58.000]  我拿到聖經上天台
[00:30:58.000 --> 00:31:01.000]  當時是下午五點十分
[00:31:01.000 --> 00:31:03.000]  我全都記下了
[00:31:03.000 --> 00:31:05.000]  這本聖經我還在
[00:31:05.000 --> 00:31:07.000]  所以今天帶你來
[00:31:07.000 --> 00:31:09.000]  裡面畫了很多東西
[00:31:09.000 --> 00:31:10.000]  打開一看
[00:31:10.000 --> 00:31:13.000]  詩篇72篇第五節
[00:31:13.000 --> 00:31:15.000]  我不是像打通訊那樣剪開
[00:31:15.000 --> 00:31:17.000]  一篤就不是那些
[00:31:17.000 --> 00:31:19.000]  我是按程序去看聖經的
[00:31:19.000 --> 00:31:24.000]  太陽還全月亮還在
[00:31:24.000 --> 00:31:28.000]  人要敬畏你直到萬代
[00:31:28.000 --> 00:31:30.000]  我不知道說什麼
[00:31:30.000 --> 00:31:32.000]  不過我抬頭一看
[00:31:32.000 --> 00:31:34.000]  我住在大埔
[00:31:34.000 --> 00:31:38.000]  西面是太陽下山
[00:31:38.000 --> 00:31:41.000]  東面馬鞍山月亮升上來
[00:31:41.000 --> 00:31:43.000]  這麼巧
[00:31:43.000 --> 00:31:45.000]  這邊有太陽這邊有月亮
[00:31:45.000 --> 00:31:48.000]  你不要覺得我是一個很迷信的人
[00:31:48.000 --> 00:31:49.000]  我覺得這麼巧
[00:31:49.000 --> 00:31:50.000]  我都不明白
[00:31:50.000 --> 00:31:54.000]  接著我再翻開聖經
[00:31:54.000 --> 00:31:58.000]  當時我們是看到約爾賽亞斯第八章
[00:31:58.000 --> 00:32:00.000]  我讀給你聽
[00:32:00.000 --> 00:32:02.000]  詩篇我不讀了
[00:32:02.000 --> 00:32:03.000]  因為時間問題
[00:32:03.000 --> 00:32:06.000]  約爾賽亞斯第八章第十一節
[00:32:06.000 --> 00:32:09.000]  耶和華以大能的手指教我
[00:32:09.000 --> 00:32:13.000]  不可行這百姓所行的道
[00:32:13.000 --> 00:32:15.000]  對我這樣說
[00:32:15.000 --> 00:32:17.000]  這百姓說同謀背叛
[00:32:17.000 --> 00:32:20.000]  你們不要說同謀背叛
[00:32:20.000 --> 00:32:23.000]  他們所怕的
[00:32:23.000 --> 00:32:26.000]  你們不要怕
[00:32:26.000 --> 00:32:28.000]  也不要畏懼
[00:32:28.000 --> 00:32:30.000]  我都不知道是什麼
[00:32:30.000 --> 00:32:32.000]  第十三節
[00:32:32.000 --> 00:32:35.000]  但要尊萬君之耶和華為聖
[00:32:35.000 --> 00:32:38.000]  以他為你們所當怕的
[00:32:38.000 --> 00:32:42.000]  所當畏懼的
[00:32:42.000 --> 00:32:46.000]  一讀到這裡就醒了
[00:32:46.000 --> 00:32:49.000]  原來我以怕的那些東西
[00:32:49.000 --> 00:32:50.000]  擔心的那些東西
[00:32:50.000 --> 00:32:54.000]  代替了我心中應該怕的那位神
[00:32:54.000 --> 00:32:56.000]  詩篇十六篇第四節就說清楚
[00:32:56.000 --> 00:32:58.000]  以別的代替耶和華
[00:32:58.000 --> 00:33:01.000]  他的仇苦就增加
[00:33:01.000 --> 00:33:03.000]  我不是常常裝著樣子
[00:33:03.000 --> 00:33:04.000]  笑給你看的
[00:33:04.000 --> 00:33:06.000]  但我看到頂天母的樣子
[00:33:06.000 --> 00:33:10.000]  我一清二楚的
[00:33:10.000 --> 00:33:11.000]  你一看到我的人
[00:33:11.000 --> 00:33:12.000]  你怎會有人
[00:33:12.000 --> 00:33:13.000]  我不誇獎自己
[00:33:13.000 --> 00:33:15.000]  因為我實在是很軟弱
[00:33:15.000 --> 00:33:18.000]  我很害怕的
[00:33:18.000 --> 00:33:20.000]  但我不知道怎麼辦
[00:33:20.000 --> 00:33:21.000]  靈怎麼來
[00:33:21.000 --> 00:33:22.000]  不知我奇蹟也在
[00:33:22.000 --> 00:33:24.000]  怎麼會這樣來
[00:33:24.000 --> 00:33:25.000]  神的話語來了
[00:33:25.000 --> 00:33:28.000]  你看到外面的景象
[00:33:28.000 --> 00:33:29.000]  又有神的話語
[00:33:29.000 --> 00:33:30.000]  在你心中提醒你
[00:33:30.000 --> 00:33:33.000]  那你當不當是上帝的說話
[00:33:33.000 --> 00:33:35.000]  你說當不當呢
[00:33:35.000 --> 00:33:36.000]  當我怎樣
[00:33:36.000 --> 00:33:38.000]  我就不怕了
[00:33:38.000 --> 00:33:42.000]  不怕後來我跟太太說對不起
[00:33:42.000 --> 00:33:45.000]  她幾乎跟我吵起來
[00:33:45.000 --> 00:33:47.000]  她就很害怕
[00:33:47.000 --> 00:33:51.000]  說你嫁給我就相信我吧
[00:33:51.000 --> 00:33:54.000]  因為我相信的是神
[00:33:54.000 --> 00:33:56.000]  如果相信我這個頭腦
[00:33:56.000 --> 00:33:58.000]  這麼魯莽的人
[00:33:58.000 --> 00:34:01.000]  你很不幸
[00:34:01.000 --> 00:34:03.000]  頂天母
[00:34:03.000 --> 00:34:06.000]  當我有了這件聖經之後
[00:34:06.000 --> 00:34:09.000]  在我當時的迷茫、掙扎
[00:34:09.000 --> 00:34:11.000]  而我又想蒙福
[00:34:11.000 --> 00:34:13.000]  面對周圍的環境、氣氛
[00:34:13.000 --> 00:34:16.000]  令我身不由己的時候
[00:34:16.000 --> 00:34:23.000]  我這個人性是被靈性帶領了
[00:34:23.000 --> 00:34:26.000]  這個靈性是神的話語
[00:34:26.000 --> 00:34:28.000]  管理了我的思想
[00:34:28.000 --> 00:34:29.000]  於是我知道
[00:34:29.000 --> 00:34:31.000]  什麼叫作晝夜思想
[00:34:31.000 --> 00:34:33.000]  夜和華律法的
[00:34:33.000 --> 00:34:38.000]  這人便為有
[00:34:38.000 --> 00:34:40.000]  所以你要做一個有福的基督徒
[00:34:40.000 --> 00:34:45.000]  還是做一個只得到永生的基督徒呢
[00:34:45.000 --> 00:34:47.000]  根本上在我們信仰裡面
[00:34:47.000 --> 00:34:48.000]  亞伯拉罕蒙召
[00:34:48.000 --> 00:34:50.000]  不是叫人得永生這麼簡單
[00:34:50.000 --> 00:34:52.000]  是要有福的
[00:34:52.000 --> 00:34:55.000]  我那一代是要人得生命
[00:34:55.000 --> 00:34:58.000]  並且要活得更豐盛
[00:34:58.000 --> 00:34:59.000]  頂天母
[00:34:59.000 --> 00:35:02.000]  我也是一個很執著的人
[00:35:02.000 --> 00:35:03.000]  如果我不執著
[00:35:03.000 --> 00:35:05.000]  我過去不會撞那麼多板
[00:35:05.000 --> 00:35:07.000]  但因為我執著
[00:35:07.000 --> 00:35:08.000]  我覺得對
[00:35:08.000 --> 00:35:09.000]  我要做
[00:35:09.000 --> 00:35:10.000]  但到後來
[00:35:10.000 --> 00:35:12.000]  到上帝話語一出
[00:35:12.000 --> 00:35:14.000]  我只要每一次有神的話語一出
[00:35:14.000 --> 00:35:16.000]  我裡面有同感
[00:35:16.000 --> 00:35:19.000]  我馬上就 Surrender
[00:35:19.000 --> 00:35:22.000]  無論我聰明還是懦弱
[00:35:22.000 --> 00:35:23.000]  為什麼呢
[00:35:23.000 --> 00:35:25.000]  如果我連神的話語都不服
[00:35:25.000 --> 00:35:27.000]  裡面的感動我都不去的時候
[00:35:27.000 --> 00:35:30.000]  我還能召喚一個神
[00:35:30.000 --> 00:35:33.000]  補血寵駕買贖回來的人嗎
[00:35:33.000 --> 00:35:35.000]  你們是補血寵駕所買贖回來的
[00:35:35.000 --> 00:35:37.000]  所以要在你們身上榮耀神
[00:35:37.000 --> 00:35:41.000]  豈不知你們身體就是聖靈的殿嗎
[00:35:41.000 --> 00:35:43.000]  這些金句你背一背吧
[00:35:43.000 --> 00:35:44.000]  你背完之後發覺
[00:35:44.000 --> 00:35:46.000]  我今天背
[00:35:46.000 --> 00:35:48.000]  我絕無意思在這裡說
[00:35:48.000 --> 00:35:49.000]  悉俗四天之下
[00:35:49.000 --> 00:35:51.000]  是每一次神一出現的時候
[00:35:51.000 --> 00:35:53.000]  我就神啊
[00:35:53.000 --> 00:35:55.000]  所以我說
[00:35:55.000 --> 00:35:57.000]  我真的很害怕神
[00:35:57.000 --> 00:35:59.000]  我害怕神不是那種恐懼
[00:35:59.000 --> 00:36:02.000]  是一種敬畏的神
[00:36:02.000 --> 00:36:03.000]  弟子姊妹
[00:36:03.000 --> 00:36:05.000]  有了神的話語
[00:36:05.000 --> 00:36:07.000]  我有了盼望
[00:36:07.000 --> 00:36:10.000]  所以信是從神話語而來的
[00:36:10.000 --> 00:36:12.000]  這是從聖靈而來的
[00:36:12.000 --> 00:36:15.000]  第二點羅馬書第十五章十三節
[00:36:15.000 --> 00:36:17.000]  但願賜人盼望的神
[00:36:17.000 --> 00:36:19.000]  因著你的信
[00:36:19.000 --> 00:36:23.000]  就把他的喜樂、平安
[00:36:23.000 --> 00:36:24.000]  充滿你的心
[00:36:24.000 --> 00:36:26.000]  你去做甚麼都好
[00:36:26.000 --> 00:36:27.000]  沒有喜樂、沒有平安
[00:36:27.000 --> 00:36:31.000]  你做來做甚麼呢
[00:36:31.000 --> 00:36:35.000]  你又害怕、又煩、又生氣
[00:36:35.000 --> 00:36:39.000]  對不起,我馬上說
[00:36:39.000 --> 00:36:42.000]  但你是感謝主
[00:36:42.000 --> 00:36:43.000]  有聖靈在裡面的時候
[00:36:43.000 --> 00:36:45.000]  你是充滿了喜樂的
[00:36:45.000 --> 00:36:47.000]  是藉著聖靈的能力
[00:36:47.000 --> 00:36:48.000]  又說聖靈了
[00:36:48.000 --> 00:36:49.000]  一說聖靈
[00:36:49.000 --> 00:36:50.000]  很多人說你是說靈恩
[00:36:50.000 --> 00:36:51.000]  我不是說靈不靈恩
[00:36:51.000 --> 00:36:53.000]  我說的靈就是耶穌說的
[00:36:53.000 --> 00:36:55.000]  我說的話就是靈就是生命
[00:36:55.000 --> 00:36:58.000]  像上帝說的充滿你的心
[00:36:58.000 --> 00:37:00.000]  不知道你有沒有經歷過
[00:37:00.000 --> 00:37:01.000]  我煩到
[00:37:01.000 --> 00:37:02.000]  哇,怎麼辦
[00:37:02.000 --> 00:37:03.000]  我曾經聽過消息之後
[00:37:03.000 --> 00:37:05.000]  那個感受
[00:37:05.000 --> 00:37:07.000]  好像從頭到腳被滾水滾下去
[00:37:07.000 --> 00:37:08.000]  這樣的經歷
[00:37:08.000 --> 00:37:11.000]  我想當時我不敢流血
[00:37:13.000 --> 00:37:15.000]  一定爆
[00:37:15.000 --> 00:37:16.000]  但感謝主
[00:37:16.000 --> 00:37:20.000]  上帝的說話馬上降溫、降壓
[00:37:20.000 --> 00:37:26.000]  喜伯來書十一章三十九節
[00:37:26.000 --> 00:37:31.000]  這些人都因信得了讚許
[00:37:31.000 --> 00:37:34.000]  但是未得到所應許
[00:37:34.000 --> 00:37:35.000]  你看看
[00:37:35.000 --> 00:37:36.000]  有盼望的人
[00:37:36.000 --> 00:37:38.000]  他們因著未見到的東西
[00:37:38.000 --> 00:37:40.000]  但他有這個信心
[00:37:40.000 --> 00:37:44.000]  因此他們被讚許
[00:37:44.000 --> 00:37:46.000]  其實羅列加前書第四章
[00:37:46.000 --> 00:37:47.000]  弟兄們
[00:37:47.000 --> 00:37:49.000]  對於已睡的人
[00:37:49.000 --> 00:37:51.000]  我不願意你們不知道
[00:37:51.000 --> 00:37:52.000]  恐怕你們
[00:37:52.000 --> 00:37:53.000]  什麼
[00:37:53.000 --> 00:37:56.000]  憂傷
[00:37:56.000 --> 00:37:59.000]  為自己的罪憂傷痛悔
[00:37:59.000 --> 00:38:01.000]  值得的
[00:38:01.000 --> 00:38:04.000]  但是為很多其他的事情憂傷痛悔
[00:38:04.000 --> 00:38:06.000]  不是,憂傷
[00:38:06.000 --> 00:38:08.000]  我說我不敢說完全不值得
[00:38:08.000 --> 00:38:10.000]  人性當然會值得
[00:38:10.000 --> 00:38:12.000]  我們要小心
[00:38:12.000 --> 00:38:16.000]  長期在這些憂傷的心理情況下
[00:38:16.000 --> 00:38:17.000]  情緒下
[00:38:17.000 --> 00:38:20.000]  你不健康
[00:38:20.000 --> 00:38:21.000]  你不單影響自己
[00:38:21.000 --> 00:38:23.000]  影響別人
[00:38:23.000 --> 00:38:28.000]  因為這些人是沒有指望
[00:38:28.000 --> 00:38:30.000]  今天你回來教會聚會之後
[00:38:30.000 --> 00:38:35.000]  我希望你重現指望
[00:38:35.000 --> 00:38:37.000]  從那裡來
[00:38:37.000 --> 00:38:40.000]  我們幫助重造
[00:38:40.000 --> 00:38:43.000]  說
[00:38:43.000 --> 00:38:47.000]  我們幫助是從天地的耶和華而來
[00:38:47.000 --> 00:38:54.000]  我告訴你周圍什麼事發生都好
[00:38:54.000 --> 00:38:55.000]  弟兄們
[00:38:55.000 --> 00:38:59.000]  這麼簡單的聖經
[00:38:59.000 --> 00:39:01.000]  我們都是憂傷
[00:39:01.000 --> 00:39:02.000]  煩惱
[00:39:02.000 --> 00:39:04.000]  煩什麼
[00:39:04.000 --> 00:39:06.000]  這個地方我很愛
[00:39:06.000 --> 00:39:08.000]  這個地方多過愛神
[00:39:08.000 --> 00:39:11.000]  以這個做偶像
[00:39:11.000 --> 00:39:13.000]  很簡單的道理
[00:39:13.000 --> 00:39:16.000]  連害怕都會成為你的偶像
[00:39:16.000 --> 00:39:18.000]  當然自我成為偶像更加不在話下
[00:39:18.000 --> 00:39:19.000]  我說這番話
[00:39:19.000 --> 00:39:22.000]  剛才羅馬書第二章給我很大的提醒
[00:39:22.000 --> 00:39:23.000]  你不要說人
[00:39:23.000 --> 00:39:25.000]  我很謹慎
[00:39:25.000 --> 00:39:29.000]  不過今天早上也有寫過來
[00:39:29.000 --> 00:39:31.000]  但是我一邊看我一邊想
[00:39:31.000 --> 00:39:32.000]  我要說就讓我說
[00:39:32.000 --> 00:39:36.000]  他們不要讓我說
[00:39:36.000 --> 00:39:39.000]  免得人以為這個人在說自己
[00:39:39.000 --> 00:39:41.000]  經歷
[00:39:41.000 --> 00:39:42.000]  完全我不想
[00:39:42.000 --> 00:39:44.000]  我這麼多年沒有說
[00:39:44.000 --> 00:39:45.000]  為什麼
[00:39:45.000 --> 00:39:47.000]  我現在知道了
[00:39:47.000 --> 00:39:49.000]  有機會我等這件事情過了之後
[00:39:49.000 --> 00:39:50.000]  告訴你
[00:39:50.000 --> 00:39:52.000]  我為什麼會來生命堂
[00:39:52.000 --> 00:39:55.000]  是有上帝的說話的
[00:39:55.000 --> 00:39:56.000]  沒有上帝的說話
[00:39:56.000 --> 00:39:58.000]  我不會來的
[00:39:58.000 --> 00:39:59.000]  什麼話
[00:39:59.000 --> 00:40:03.000]  我不告訴你
[00:40:03.000 --> 00:40:05.000]  真的
[00:40:05.000 --> 00:40:09.000]  你們堂議會有人和我接觸和我聊天
[00:40:09.000 --> 00:40:11.000]  我知道明白
[00:40:11.000 --> 00:40:13.000]  當時我答應了一個機構
[00:40:13.000 --> 00:40:15.000]  要做好總幹事
[00:40:15.000 --> 00:40:17.000]  答應了人家
[00:40:17.000 --> 00:40:19.000]  後來上帝有說話給我
[00:40:19.000 --> 00:40:21.000]  這樣啊?好,我去
[00:40:21.000 --> 00:40:24.000]  苦差來的
[00:40:24.000 --> 00:40:25.000]  第三點
[00:40:25.000 --> 00:40:26.000]  愛
[00:40:26.000 --> 00:40:28.000]  羅馬書第五章第五節
[00:40:28.000 --> 00:40:30.000]  盼望不至於落空
[00:40:30.000 --> 00:40:31.000]  因為有神的愛
[00:40:31.000 --> 00:40:33.000]  以藉著所賜給我們的聖靈
[00:40:33.000 --> 00:40:35.000]  囂觀在我們心裡
[00:40:35.000 --> 00:40:38.000]  原來愛是上帝囂觀下來的
[00:40:38.000 --> 00:40:41.000]  愛不是人性的愛
[00:40:41.000 --> 00:40:44.000]  人性有愛的
[00:40:44.000 --> 00:40:48.000]  但是如果你在道真理上的時候看
[00:40:48.000 --> 00:40:51.000]  如果神不把這個愛囂觀在我們心裡的時候
[00:40:51.000 --> 00:40:53.000]  我們做不到很多事情
[00:40:53.000 --> 00:40:54.000]  第一
[00:40:54.000 --> 00:40:57.000]  約翰一書第四章第八節說
[00:40:57.000 --> 00:41:04.000]  這個愛裡面是沒有懼怕的
[00:41:04.000 --> 00:41:06.000]  因為懼怕陷了懲罰
[00:41:06.000 --> 00:41:10.000]  懼怕人是愛裡面未完全的
[00:41:10.000 --> 00:41:12.000]  人的愛是不完全的
[00:41:12.000 --> 00:41:14.000]  但是神的愛是完全的
[00:41:14.000 --> 00:41:17.000]  這個道理說話大家都明白
[00:41:17.000 --> 00:41:19.000]  不過最難的一點就是
[00:41:19.000 --> 00:41:21.000]  到底我在大英天會中間
[00:41:21.000 --> 00:41:24.000]  我要將人的愛表達出來
[00:41:24.000 --> 00:41:28.000]  還是將我從神領受的愛表達出來呢?
[00:41:28.000 --> 00:41:30.000]  這一點很考人的
[00:41:30.000 --> 00:41:32.000]  我也被考過的
[00:41:32.000 --> 00:41:36.000]  因為我這個人性是正常的
[00:41:36.000 --> 00:41:38.000]  我有我的理性
[00:41:38.000 --> 00:41:41.000]  我有我的感性
[00:41:41.000 --> 00:41:44.000]  我的理性是思維、推測、分析
[00:41:44.000 --> 00:41:48.000]  但是我的感性是我的情緒
[00:41:48.000 --> 00:41:50.000]  當我有些環境不好的時候
[00:41:50.000 --> 00:41:51.000]  我的情緒不安的時候
[00:41:51.000 --> 00:41:52.000]  只不過有這樣東西
[00:41:52.000 --> 00:41:56.000]  所以不可以用理性
[00:41:56.000 --> 00:41:59.000]  對理性去解決所有的問題
[00:41:59.000 --> 00:42:02.000]  也不可以用理性
[00:42:02.000 --> 00:42:04.000]  去對付情緒的問題
[00:42:04.000 --> 00:42:06.000]  是不是?
[00:42:06.000 --> 00:42:07.000]  有時候兩夫妻吵架
[00:42:07.000 --> 00:42:09.000]  就是理性對情緒而已
[00:42:09.000 --> 00:42:11.000]  很簡單的東西
[00:42:11.000 --> 00:42:13.000]  小小的東西
[00:42:13.000 --> 00:42:16.000]  我覺得這次真的小小的東西
[00:42:16.000 --> 00:42:18.000]  對不起,我再說一次
[00:42:18.000 --> 00:42:20.000]  那些名字叫做逃犯條例
[00:42:20.000 --> 00:42:23.000]  因為猜到很多其他東西出來
[00:42:23.000 --> 00:42:26.000]  其實我真的無知,對不起
[00:42:26.000 --> 00:42:29.000]  因為我不會用那麼多時間再看那些東西
[00:42:29.000 --> 00:42:31.000]  但我相信一件事
[00:42:31.000 --> 00:42:33.000]  如果這個愛是從人而來的時候
[00:42:33.000 --> 00:42:35.000]  我也會有這樣的人的反應
[00:42:35.000 --> 00:42:37.000]  正常的
[00:42:37.000 --> 00:42:39.000]  但如果當我曉得
[00:42:39.000 --> 00:42:41.000]  我應該去求的
[00:42:41.000 --> 00:42:43.000]  去遵行的命令
[00:42:43.000 --> 00:42:45.000]  人間的愛沒有人叫你遵行的
[00:42:45.000 --> 00:42:47.000]  但是神的愛要你遵守的
[00:42:47.000 --> 00:42:50.000]  約翰一書第五章第三節
[00:42:50.000 --> 00:42:52.000]  我們遵守神的命令
[00:42:52.000 --> 00:42:54.000]  這就是愛他人
[00:42:54.000 --> 00:42:55.000]  你回去看約翰一書
[00:42:55.000 --> 00:42:57.000]  我們很多人很熟悉的
[00:42:57.000 --> 00:42:59.000]  彼此相愛
[00:42:59.000 --> 00:43:01.000]  不是你喜歡我,我喜歡你
[00:43:01.000 --> 00:43:03.000]  你喜歡我,我喜歡你
[00:43:03.000 --> 00:43:06.000]  彼此相愛在基督耶穌裡面
[00:43:06.000 --> 00:43:07.000]  是一個命令來的
[00:43:07.000 --> 00:43:10.000]  好像十戒一樣
[00:43:10.000 --> 00:43:14.000]  是不是?
[00:43:14.000 --> 00:43:16.000]  我來到沒多久就馬上被人得罪了
[00:43:16.000 --> 00:43:20.000]  不是沒得罪,有人誤會我了
[00:43:20.000 --> 00:43:21.000]  黑黑面對著我
[00:43:21.000 --> 00:43:25.000]  我心想我來這裡做什麼?
[00:43:25.000 --> 00:43:26.000]  之前就算怎麼壞
[00:43:26.000 --> 00:43:31.000]  在學校也沒有人這樣面對我
[00:43:31.000 --> 00:43:34.000]  我完全當沒事
[00:43:34.000 --> 00:43:37.000]  其實我在學校也被老師罵過
[00:43:37.000 --> 00:43:39.000]  有人笑
[00:43:39.000 --> 00:43:40.000]  我當沒事
[00:43:40.000 --> 00:43:41.000]  為什麼?我覺得
[00:43:41.000 --> 00:43:43.000]  我如果要人性的愛對他的時候
[00:43:43.000 --> 00:43:45.000]  一定有問題
[00:43:45.000 --> 00:43:47.000]  但我感謝神
[00:43:47.000 --> 00:43:48.000]  不是我這個人能幹
[00:43:48.000 --> 00:43:51.000]  而是上帝用他的話語和力量
[00:43:51.000 --> 00:43:52.000]  框著我
[00:43:52.000 --> 00:43:55.000]  讓我不可以發作
[00:43:55.000 --> 00:43:57.000]  我用不發作這個詞
[00:43:57.000 --> 00:43:58.000]  我就降伏
[00:43:58.000 --> 00:43:59.000]  降伏之後
[00:43:59.000 --> 00:44:04.000]  就見到神的榮耀
[00:44:04.000 --> 00:44:08.000]  見到神的恩典和福氣
[00:44:08.000 --> 00:44:10.000]  所以弟兄姊妹
[00:44:10.000 --> 00:44:14.000]  理性、感性、人性是正常的
[00:44:14.000 --> 00:44:15.000]  請你們聽著
[00:44:15.000 --> 00:44:17.000]  我自己警惕我自己
[00:44:17.000 --> 00:44:22.000]  千千萬萬不要用人性去做神的工作
[00:44:22.000 --> 00:44:27.000]  上帝從來不會叫你用人性去幫他做事
[00:44:27.000 --> 00:44:30.000]  神要用他的靈感動人
[00:44:30.000 --> 00:44:33.000]  所以阿不拉罕和羅德最大的分別
[00:44:33.000 --> 00:44:36.000]  阿不拉罕有上帝的說話去做
[00:44:36.000 --> 00:44:38.000]  羅德沒有
[00:44:38.000 --> 00:44:40.000]  我不知道有沒有
[00:44:40.000 --> 00:44:41.000]  或者這麼說
[00:44:41.000 --> 00:44:42.000]  聖經記述是沒有
[00:44:42.000 --> 00:44:44.000]  但是羅德跟著他之後
[00:44:44.000 --> 00:44:47.000]  同樣的在迦南地
[00:44:47.000 --> 00:44:48.000]  而且羅德還很聰明
[00:44:48.000 --> 00:44:49.000]  照著阿不拉罕的吩咐
[00:44:49.000 --> 00:44:51.000]  選了一個漂亮的地方
[00:44:51.000 --> 00:44:53.000]  但結果
[00:44:53.000 --> 00:44:56.000]  要被天使帶他離開家
[00:44:56.000 --> 00:44:58.000]  今天弟兄姊妹
[00:44:58.000 --> 00:45:00.000]  社會發生所有的事
[00:45:00.000 --> 00:45:01.000]  不要說社會
[00:45:01.000 --> 00:45:03.000]  就算是家庭發生的事
[00:45:03.000 --> 00:45:05.000]  你自己要做任何決定的時候
[00:45:05.000 --> 00:45:06.000]  請你記著
[00:45:06.000 --> 00:45:09.000]  先跟神好好禱告
[00:45:09.000 --> 00:45:10.000]  你的迫切禱告
[00:45:10.000 --> 00:45:13.000]  聖經允許了凡祈求就行
[00:45:13.000 --> 00:45:16.000]  不是說兩句就行
[00:45:16.000 --> 00:45:19.000]  專心尋求一定尋見
[00:45:19.000 --> 00:45:22.000]  真的
[00:45:22.000 --> 00:45:25.000]  我記得我將七個力
[00:45:25.000 --> 00:45:28.000]  過去三十多年裡面
[00:45:28.000 --> 00:45:30.000]  每一單事件發生的時候
[00:45:30.000 --> 00:45:33.000]  上帝用什麼說話給我
[00:45:33.000 --> 00:45:35.000]  我覺得神力真的很奇妙
[00:45:35.000 --> 00:45:37.000]  原來你允許阿不拉罕的事
[00:45:37.000 --> 00:45:39.000]  不只是給阿不拉罕的
[00:45:39.000 --> 00:45:40.000]  也是給我們
[00:45:40.000 --> 00:45:42.000]  我看《傳記》的時候
[00:45:42.000 --> 00:45:44.000]  奧斯基尼特寫了一本一生的聖詔
[00:45:44.000 --> 00:45:48.000]  他的曾祖母
[00:45:48.000 --> 00:45:49.000]  如何蒙恩德教
[00:45:49.000 --> 00:45:50.000]  上帝被他允許
[00:45:50.000 --> 00:45:51.000]  因代至子孫孫
[00:45:51.000 --> 00:45:53.000]  到他那一代
[00:45:53.000 --> 00:45:54.000]  嘩 這樣都行
[00:45:54.000 --> 00:45:56.000]  結果到我八零年代
[00:45:56.000 --> 00:45:57.000]  我聽到我
[00:45:57.000 --> 00:45:58.000]  七零年代的時候
[00:45:58.000 --> 00:45:59.000]  我聽到我姑媽告訴我
[00:45:59.000 --> 00:46:01.000]  我的祖母也是這樣為我們祈禱
[00:46:01.000 --> 00:46:02.000]  上帝被她允許
[00:46:02.000 --> 00:46:03.000]  她才離開
[00:46:03.000 --> 00:46:05.000]  嘩 這樣都行
[00:46:05.000 --> 00:46:07.000]  我一看完這麼多經文的時候
[00:46:07.000 --> 00:46:09.000]  我也學了
[00:46:09.000 --> 00:46:11.000]  結果去年我也拿到了
[00:46:11.000 --> 00:46:15.000]  我又不說了
[00:46:15.000 --> 00:46:17.000]  真的
[00:46:17.000 --> 00:46:18.000]  我不是在那裡
[00:46:18.000 --> 00:46:20.000]  你千萬不要覺得我這樣
[00:46:20.000 --> 00:46:22.000]  我只是覺得大家在仇苦中間
[00:46:22.000 --> 00:46:24.000]  不值得
[00:46:24.000 --> 00:46:26.000]  相信神的話
[00:46:26.000 --> 00:46:28.000]  你一相信神的話的時候
[00:46:28.000 --> 00:46:29.000]  你有神的位置
[00:46:29.000 --> 00:46:30.000]  在你裡面的力量
[00:46:30.000 --> 00:46:32.000]  安慰腳前的燈路上的光
[00:46:32.000 --> 00:46:33.000]  還有
[00:46:33.000 --> 00:46:36.000]  遵守祂的命令
[00:46:36.000 --> 00:46:38.000]  就算有突然之間會得罪你
[00:46:38.000 --> 00:46:40.000]  說不好聽的話
[00:46:40.000 --> 00:46:42.000]  我不是叫你聽到它
[00:46:42.000 --> 00:46:45.000]  你如果真的大量大方一點
[00:46:45.000 --> 00:46:48.000]  你就學斯提法
[00:46:48.000 --> 00:46:50.000]  斯提法說什麼?
[00:46:50.000 --> 00:46:52.000]  好像耶穌十字架上說的
[00:46:52.000 --> 00:46:53.000]  他們所作的
[00:46:53.000 --> 00:46:55.000]  他們不知道
[00:46:55.000 --> 00:46:56.000]  原來是真的
[00:46:56.000 --> 00:46:58.000]  有時候你做錯事
[00:46:58.000 --> 00:47:01.000]  都在情緒管理下
[00:47:01.000 --> 00:47:03.000]  你不知道自己在做什麼
[00:47:03.000 --> 00:47:05.000]  所以情緒做的事
[00:47:05.000 --> 00:47:08.000]  理性是解釋不了的
[00:47:08.000 --> 00:47:09.000]  是不是?
[00:47:09.000 --> 00:47:11.000]  當然在人與人之間衝突的時候
[00:47:11.000 --> 00:47:13.000]  誤會的時候
[00:47:13.000 --> 00:47:15.000]  所以為什麼聖經將羅馬書第二章給我
[00:47:15.000 --> 00:47:16.000]  就是說
[00:47:16.000 --> 00:47:17.000]  心得很鎮定
[00:47:17.000 --> 00:47:18.000]  一做得不對
[00:47:18.000 --> 00:47:19.000]  馬上一句話
[00:47:19.000 --> 00:47:20.000]  劈下來
[00:47:20.000 --> 00:47:21.000]  你做不做?
[00:47:21.000 --> 00:47:22.000]  我說實話我不說
[00:47:22.000 --> 00:47:23.000]  我不出聲
[00:47:23.000 --> 00:47:25.000]  所以突然之間
[00:47:25.000 --> 00:47:26.000]  很多人誤會
[00:47:26.000 --> 00:47:27.000]  為什麼天下最逃
[00:47:27.000 --> 00:47:28.000]  什麼都不表態
[00:47:28.000 --> 00:47:30.000]  表什麼態?
[00:47:30.000 --> 00:47:33.000]  表什麼態?
[00:47:33.000 --> 00:47:40.000]  上帝叫我表嗎?
[00:47:40.000 --> 00:47:43.000]  英許在這裡
[00:47:43.000 --> 00:47:45.000]  你可以拿上帝的心意
[00:47:45.000 --> 00:47:46.000]  對不起
[00:47:46.000 --> 00:47:48.000]  我講話語嚴厲一點
[00:47:48.000 --> 00:47:50.000]  如果語氣過重請你見諒
[00:47:50.000 --> 00:47:53.000]  我裡面的激動不是為了憤不憤氣
[00:47:53.000 --> 00:47:58.000]  為什麼不back to the Bible?
[00:47:58.000 --> 00:48:00.000]  這裡有聖靈在
[00:48:00.000 --> 00:48:05.000]  有整個話語在
[00:48:05.000 --> 00:48:08.000]  你既然口頭都理智都明白
[00:48:08.000 --> 00:48:10.000]  這些言論不是值得完全相信
[00:48:10.000 --> 00:48:12.000]  我說不是完全
[00:48:12.000 --> 00:48:14.000]  不是所有
[00:48:14.000 --> 00:48:15.000]  既然如此
[00:48:15.000 --> 00:48:17.000]  為什麼不回去尋求一個
[00:48:17.000 --> 00:48:24.000]  值得完全相信的聖經?
[00:48:24.000 --> 00:48:27.000]  我不斷禱告
[00:48:27.000 --> 00:48:32.000]  讓我小心謹慎言語行為
[00:48:32.000 --> 00:48:34.000]  但在大家中間十五年
[00:48:34.000 --> 00:48:35.000]  我如果是十五天
[00:48:35.000 --> 00:48:36.000]  你聽我講話時
[00:48:36.000 --> 00:48:39.000]  覺得一時氣憤
[00:48:39.000 --> 00:48:42.000]  你知道我做什麼
[00:48:42.000 --> 00:48:43.000]  當然
[00:48:43.000 --> 00:48:45.000]  我也不完全知道你做什麼
[00:48:45.000 --> 00:48:47.000]  只有上帝知道
[00:48:47.000 --> 00:48:48.000]  但我做到
[00:48:48.000 --> 00:48:49.000]  我見到的情況下
[00:48:49.000 --> 00:48:50.000]  我只好禱告
[00:48:50.000 --> 00:48:51.000]  禱告
[00:48:51.000 --> 00:48:52.000]  禱告
[00:48:52.000 --> 00:48:55.000]  不出聲
[00:48:55.000 --> 00:48:59.000]  我看聖經裡有很多宗都是這樣
[00:48:59.000 --> 00:49:01.000]  但以你一日三次禱告
[00:49:01.000 --> 00:49:03.000]  他救了謀士一命
[00:49:03.000 --> 00:49:05.000]  皇帝要殺光所有人
[00:49:05.000 --> 00:49:09.000]  那些謀略家
[00:49:09.000 --> 00:49:11.000]  皇帝吸引的時候
[00:49:11.000 --> 00:49:12.000]  雖然被奸臣害
[00:49:12.000 --> 00:49:14.000]  我想朝廷裡面有兩派
[00:49:14.000 --> 00:49:16.000]  但你要發動一下
[00:49:16.000 --> 00:49:17.000]  我救過你們命
[00:49:17.000 --> 00:49:18.000]  我祈禱了
[00:49:18.000 --> 00:49:19.000]  我沒什麼事
[00:49:19.000 --> 00:49:21.000]  照他
[00:49:21.000 --> 00:49:23.000]  到另一級之後
[00:49:23.000 --> 00:49:26.000]  才有斯子坎的神跡看
[00:49:26.000 --> 00:49:27.000]  如果有斯子坎的神跡
[00:49:27.000 --> 00:49:30.000]  哪裡可以看
[00:49:30.000 --> 00:49:31.000]  我說的是
[00:49:31.000 --> 00:49:33.000]  有些是個人太過
[00:49:33.000 --> 00:49:35.000]  好像主觀了一點
[00:49:35.000 --> 00:49:38.000]  我今早問過弟兄姊妹
[00:49:38.000 --> 00:49:39.000]  有沒有主觀
[00:49:39.000 --> 00:49:40.000]  他們說沒有
[00:49:40.000 --> 00:49:42.000]  聽起來好像很個人
[00:49:42.000 --> 00:49:43.000]  但我告訴你
[00:49:43.000 --> 00:49:44.000]  這個道
[00:49:44.000 --> 00:49:45.000]  這個聖經
[00:49:45.000 --> 00:49:47.000]  是我經歷過
[00:49:47.000 --> 00:49:48.000]  走過的
[00:49:48.000 --> 00:49:50.000]  我不希望你好像我過日
[00:49:50.000 --> 00:49:54.000]  昔日那麼掙扎痛苦的日子
[00:49:54.000 --> 00:49:57.000]  今時今日我都是走這條路
[00:49:57.000 --> 00:50:00.000]  但神知道
[00:50:00.000 --> 00:50:02.000]  求主幫助我們
[00:50:02.000 --> 00:50:04.000]  在這個時代裡
[00:50:04.000 --> 00:50:06.000]  阿伯拉罕所得的福
[00:50:06.000 --> 00:50:07.000]  是祂的福
[00:50:07.000 --> 00:50:09.000]  使別人都得福
[00:50:09.000 --> 00:50:10.000]  我們得到的福
[00:50:10.000 --> 00:50:12.000]  都應該給別人得福
[00:50:12.000 --> 00:50:14.000]  所以我不認為
[00:50:14.000 --> 00:50:17.000]  我們應該在這四面牆裡
[00:50:17.000 --> 00:50:20.000]  只是Hallelujah感謝你兄弟
[00:50:20.000 --> 00:50:21.000]  我們要盡量
[00:50:21.000 --> 00:50:24.000]  我的領袖
[00:50:24.000 --> 00:50:26.000]  一個歷史的印證
[00:50:26.000 --> 00:50:27.000]  我1980年
[00:50:27.000 --> 00:50:29.000]  1979年做校長
[00:50:29.000 --> 00:50:30.000]  曾經有人跟我說
[00:50:30.000 --> 00:50:31.000]  劉恩德
[00:50:31.000 --> 00:50:32.000]  你都可以講福音
[00:50:32.000 --> 00:50:33.000]  可以報道會
[00:50:33.000 --> 00:50:35.000]  不如你組織一個報道團
[00:50:35.000 --> 00:50:36.000]  他說我們支持你
[00:50:36.000 --> 00:50:39.000]  當時是幾大牧師跟我說
[00:50:39.000 --> 00:50:40.000]  我聽完之後
[00:50:40.000 --> 00:50:42.000]  我說不如我祈禱一下
[00:50:42.000 --> 00:50:44.000]  我祈禱之後沒有感動
[00:50:44.000 --> 00:50:46.000]  所以留在學校
[00:50:46.000 --> 00:50:47.000]  但到今天
[00:50:47.000 --> 00:50:49.000]  我才知道原來
[00:50:49.000 --> 00:50:51.000]  我這個這麼軟弱
[00:50:51.000 --> 00:50:53.000]  很需要恩典的人
[00:50:53.000 --> 00:50:56.000]  甚至乎
[00:50:56.000 --> 00:50:58.000]  我經常向神禱告
[00:50:58.000 --> 00:50:59.000]  我神啊
[00:50:59.000 --> 00:51:01.000]  我可以做什麼
[00:51:01.000 --> 00:51:03.000]  原來透過教育工作
[00:51:03.000 --> 00:51:07.000]  是可以令很多學生
[00:51:07.000 --> 00:51:08.000]  不止一個學生說
[00:51:08.000 --> 00:51:10.000]  我今天得到平安
[00:51:10.000 --> 00:51:13.000]  這頭老丈夫過世
[00:51:13.000 --> 00:51:15.000]  他拿著平安紙
[00:51:15.000 --> 00:51:16.000]  他說我心中的平安
[00:51:16.000 --> 00:51:18.000]  不是從這張紙來的
[00:51:18.000 --> 00:51:19.000]  我心中的平安
[00:51:19.000 --> 00:51:23.000]  是從創造天地的東西來的
[00:51:23.000 --> 00:51:28.000]  現在的見證一個個多得不得了
[00:51:28.000 --> 00:51:29.000]  有那些參加
[00:51:29.000 --> 00:51:31.000]  我們生命之道查經的
[00:51:31.000 --> 00:51:33.000]  那些腳要割了
[00:51:33.000 --> 00:51:35.000]  植肉菌
[00:51:35.000 --> 00:51:37.000]  禱告
[00:51:37.000 --> 00:51:39.000]  一天出院就在家裡
[00:51:39.000 --> 00:51:41.000]  本來三個月的
[00:51:41.000 --> 00:51:46.000]  他兩夫妻上來這裡做見證
[00:51:46.000 --> 00:51:49.000]  不是得志體愧美培育了他們
[00:51:49.000 --> 00:51:51.000]  他出了學校之後
[00:51:51.000 --> 00:51:53.000]  他的生活好過得不得了
[00:51:53.000 --> 00:51:55.000]  不得成就
[00:51:55.000 --> 00:51:57.000]  一遇到挫折困難考驗的時候
[00:51:57.000 --> 00:51:59.000]  怎麼辦
[00:51:59.000 --> 00:52:01.000]  弟兄姊妹
[00:52:01.000 --> 00:52:05.000]  我要向山舉目
[00:52:12.000 --> 00:52:13.000]  你要認識神
[00:52:13.000 --> 00:52:17.000]  休息
[00:52:17.000 --> 00:52:19.000]  不是單單行動休不休息
[00:52:19.000 --> 00:52:21.000]  你可以做到行動
[00:52:21.000 --> 00:52:24.000]  腦袋休息
[00:52:24.000 --> 00:52:26.000]  太多思慮煩惱
[00:52:26.000 --> 00:52:28.000]  是我被按目之前
[00:52:28.000 --> 00:52:30.000]  一個獎物師跟我說
[00:52:30.000 --> 00:52:32.000]  劉弟兄
[00:52:32.000 --> 00:52:36.000]  你實在腦袋太過繁忙
[00:52:36.000 --> 00:52:38.000]  我知道
[00:52:38.000 --> 00:52:40.000]  做行政局的人怎麼會不忙
[00:52:40.000 --> 00:52:42.000]  要策劃安排
[00:52:42.000 --> 00:52:43.000]  過去的習性就是
[00:52:43.000 --> 00:52:45.000]  我策劃安排好東西
[00:52:45.000 --> 00:52:47.000]  如果不成事
[00:52:47.000 --> 00:52:48.000]  我不會很氣憤
[00:52:48.000 --> 00:52:49.000]  我會很懊惱
[00:52:49.000 --> 00:52:51.000]  為什麼就是為什麼
[00:52:51.000 --> 00:52:52.000]  但現在我學會了一件事
[00:52:52.000 --> 00:52:54.000]  我不會問自己為什麼
[00:52:54.000 --> 00:52:56.000]  我只要做一件事
[00:52:56.000 --> 00:52:57.000]  神啊
[00:52:57.000 --> 00:52:59.000]  祢若准許發生
[00:52:59.000 --> 00:53:02.000]  我就願意順服去接受
[00:53:02.000 --> 00:53:05.000]  我們唱首詩歌好不好
[00:53:05.000 --> 00:53:07.000]  天父我們感謝祢
[00:53:07.000 --> 00:53:10.000]  因為詩人怎麼說
[00:53:10.000 --> 00:53:13.000]  我們幫助重造天地的耶和華而來
[00:53:13.000 --> 00:53:16.000]  最後今天求祢讓我們眾弟兄姊妹都看到
[00:53:16.000 --> 00:53:18.000]  我們唯一的幫助
[00:53:18.000 --> 00:53:20.000]  唯一力量的來源
[00:53:20.000 --> 00:53:21.000]  是來自祢
[00:53:21.000 --> 00:53:23.000]  主啊我們感謝祢
[00:53:23.000 --> 00:53:25.000]  祢不單單不打頓不睡覺
[00:53:25.000 --> 00:53:27.000]  祢已經穩了無論白日黑夜
[00:53:27.000 --> 00:53:29.000]  祢看顧同在
[00:53:29.000 --> 00:53:33.000]  天父我們求祢特別為香港這個動亂的時候
[00:53:33.000 --> 00:53:34.000]  主啊
[00:53:34.000 --> 00:53:35.000]  無論是祢的兒女
[00:53:35.000 --> 00:53:37.000]  或者那些未信祢的人
[00:53:37.000 --> 00:53:40.000]  主啊求祢都給他們有平安
[00:53:40.000 --> 00:53:42.000]  因為給那些未信的人有平安
[00:53:42.000 --> 00:53:45.000]  給他們有一天能夠聽到祢的名字
[00:53:45.000 --> 00:53:47.000]  耳鳴耀歸給你的時候
[00:53:47.000 --> 00:53:49.000]  讓他們得到這個救恩
[00:53:49.000 --> 00:53:52.000]  天父我們也拜託我們每一位靈姐妹禱告
[00:53:52.000 --> 00:53:54.000]  讓我們再次相信
[00:53:54.000 --> 00:53:55.000]  沒有祢的靈
[00:53:55.000 --> 00:53:57.000]  我們不能夠親近祢
[00:53:57.000 --> 00:53:59.000]  沒有祢的話語
[00:53:59.000 --> 00:54:01.000]  我們不知道應該怎麼走怎麼做
[00:54:01.000 --> 00:54:03.000]  今天我們再次承認我們的軟弱卑微
[00:54:03.000 --> 00:54:05.000]  在祢面前的時候
[00:54:05.000 --> 00:54:07.000]  主啊祢是我們唯一的力量
[00:54:07.000 --> 00:54:08.000]  方向
[00:54:08.000 --> 00:54:09.000]  引導
[00:54:09.000 --> 00:54:10.000]  安慰
[00:54:10.000 --> 00:54:12.000]  更加求主賜給我們
[00:54:12.000 --> 00:54:14.000]  對祢有更多的認識
[00:54:14.000 --> 00:54:17.000]  以致我們成為祢所喜悅的人
[00:54:17.000 --> 00:54:18.000]  多謝祢
[00:54:18.000 --> 00:54:20.000]  藉著祢自己的話語給我們提醒
[00:54:20.000 --> 00:54:22.000]  求聖靈繼續不斷地工作
[00:54:22.000 --> 00:54:24.000]  若然人的聲音
[00:54:24.000 --> 00:54:26.000]  在我們心中造成了煩擾
[00:54:26.000 --> 00:54:28.000]  主啊幫他拿去
[00:54:28.000 --> 00:54:29.000]  但是祢自己的說話
[00:54:29.000 --> 00:54:31.000]  在我們心中動功
[00:54:31.000 --> 00:54:34.000]  讓我們完全降伏在祢的主權裡面
[00:54:34.000 --> 00:54:36.000]  我們禱告求主誰聽
[00:54:36.000 --> 00:54:38.000]  奉耶穌名字祈求
[00:54:38.000 --> 00:54:40.000]  各位請坐
