
[00:00:00.000 --> 00:00:02.240]  各位影帖媒體 早安
[00:00:02.240 --> 00:00:04.120]  大家記得八年前
[00:00:04.120 --> 00:00:07.840]  我有機會跟基督少年軍的分隊
[00:00:07.840 --> 00:00:10.240]  一起去到沙巴這個地方
[00:00:10.240 --> 00:00:13.200]  跟當地的分隊交流
[00:00:13.200 --> 00:00:17.000]  其中兩天我們就上了去神山
[00:00:17.000 --> 00:00:19.360]  有沒有人上過神山 舉舉手
[00:00:19.360 --> 00:00:22.680]  都不少人 原來大家都是行山之人
[00:00:22.680 --> 00:00:24.200]  不過你不用預我
[00:00:24.200 --> 00:00:26.320]  我在香港很少行山
[00:00:26.320 --> 00:00:29.160]  十年都不行一日那一隻
[00:00:29.160 --> 00:00:31.840]  當時你有入過那個公園
[00:00:31.840 --> 00:00:34.360]  就應該有這張證書
[00:00:34.360 --> 00:00:36.520]  我不是亂說的
[00:00:36.520 --> 00:00:38.000]  有去過的
[00:00:38.000 --> 00:00:43.360]  還記得當時買了套全套行山杖
[00:00:43.360 --> 00:00:44.600]  行過那次之後
[00:00:44.600 --> 00:00:47.200]  就一直放在我辦公室 都沒用過
[00:00:47.200 --> 00:00:52.480]  當行到上去那個宿舍的時候
[00:00:52.480 --> 00:00:54.960]  對我來說已經任務完成了
[00:00:54.960 --> 00:00:57.920]  因為我都覺得已經很超額
[00:00:57.920 --> 00:01:01.960]  去到完成了我生命裏的一個創舉
[00:01:01.960 --> 00:01:03.840]  根本不會想攻不攻頂
[00:01:03.840 --> 00:01:05.920]  這些都不是我想要去想的事情
[00:01:05.920 --> 00:01:07.800]  因為覺得自己不行
[00:01:07.800 --> 00:01:11.560]  上到去的時候就有一個高山反應
[00:01:11.560 --> 00:01:13.040]  大部份人都會頭痛
[00:01:13.040 --> 00:01:14.600]  我的高山反應是什麼呢
[00:01:14.600 --> 00:01:17.640]  心跳得很快 人很hyper
[00:01:17.640 --> 00:01:20.440]  所以那一晚整晚都睡不著
[00:01:20.440 --> 00:01:22.080]  在這裏十五十六
[00:01:22.080 --> 00:01:25.120]  因為通常攻頂就是凌晨兩點鐘就起身
[00:01:25.120 --> 00:01:27.960]  大家就隨隊出發
[00:01:27.960 --> 00:01:30.520]  當時我又睡不著
[00:01:30.520 --> 00:01:31.440]  怎麼辦呢
[00:01:31.440 --> 00:01:33.920]  見到一班年輕的隊員
[00:01:33.920 --> 00:01:35.440]  沒理由我不去的
[00:01:35.440 --> 00:01:37.920]  於是胸口掛著個信字
[00:01:37.920 --> 00:01:40.600]  去就去吧
[00:01:40.600 --> 00:01:43.440]  我記得當時導遊都提醒我們
[00:01:43.440 --> 00:01:44.640]  千萬不要揹太多東西
[00:01:44.640 --> 00:01:47.160]  我只是揹著一個空的背包
[00:01:47.160 --> 00:01:49.080]  揹著三瓶氧氣瓶
[00:01:49.080 --> 00:01:50.880]  因為想著是給別人用的
[00:01:50.880 --> 00:01:55.160]  殊不知三瓶也是我自己用完的
[00:01:55.160 --> 00:01:56.440]  走的過程裏面
[00:01:56.440 --> 00:01:58.480]  每走幾步就要吸一吸
[00:01:58.480 --> 00:01:59.920]  每走幾步就要吸一吸
[00:01:59.920 --> 00:02:01.360]  真的很辛苦
[00:02:01.360 --> 00:02:03.440]  在當時的心裏
[00:02:03.440 --> 00:02:04.840]  就想起一首詩歌
[00:02:04.840 --> 00:02:06.520]  那首詩歌大家應該都很熟悉
[00:02:06.520 --> 00:02:08.680]  我的幫助是從何而來
[00:02:08.680 --> 00:02:12.880]  我的幫助是從造天地的耶和華而來
[00:02:12.880 --> 00:02:13.960]  一路走的時候
[00:02:13.960 --> 00:02:16.120]  你就會看見那條山路
[00:02:16.120 --> 00:02:17.680]  基本上就不是路
[00:02:17.680 --> 00:02:20.000]  即不是你想的那條路
[00:02:20.000 --> 00:02:22.640]  我開始明白為何要晚上上去
[00:02:22.640 --> 00:02:24.000]  因為摸黑的時候
[00:02:24.000 --> 00:02:25.880]  你不知道害怕
[00:02:25.880 --> 00:02:27.240]  當日光日白的時候
[00:02:27.240 --> 00:02:28.120]  回頭看
[00:02:28.120 --> 00:02:29.720]  原來走這樣的路
[00:02:29.720 --> 00:02:32.240]  腳都在顫抖
[00:02:32.240 --> 00:02:33.560]  走的過程裏面
[00:02:33.560 --> 00:02:36.360]  想著何時到達
[00:02:36.360 --> 00:02:38.840]  當去到有一幕以為到達的時候
[00:02:38.840 --> 00:02:40.320]  誰知原來還未到達
[00:02:40.320 --> 00:02:45.160]  還要再有一個大概五十米高的山峰
[00:02:45.160 --> 00:02:49.520]  要用繩爬上去四十五度角
[00:02:49.520 --> 00:02:53.000]  才到達所謂的頂
[00:02:53.000 --> 00:02:56.600]  當時我已經沒有力氣了
[00:02:56.600 --> 00:02:58.280]  我就止步了
[00:02:58.280 --> 00:03:01.560]  看著隊友一路走
[00:03:01.560 --> 00:03:03.320]  有些人問我為何不上去
[00:03:03.320 --> 00:03:07.760]  然後我問他為何不揹我上去
[00:03:07.760 --> 00:03:09.160]  在過程裏面
[00:03:09.160 --> 00:03:10.680]  我就坐在這裏
[00:03:10.680 --> 00:03:12.920]  看著一個很優美的環境
[00:03:12.920 --> 00:03:16.480]  繼續唱剛才我唱的詩歌
[00:03:16.480 --> 00:03:17.440]  在這段時間
[00:03:17.440 --> 00:03:21.480]  我都想起現在我們所面對的警房
[00:03:21.480 --> 00:03:23.120]  面對社會的局面
[00:03:23.120 --> 00:03:27.240]  可能都會帶給我們一些無望無助
[00:03:27.240 --> 00:03:30.440]  環境似乎都不是我們所能夠控制
[00:03:30.440 --> 00:03:33.080]  好像都從人的角度
[00:03:33.080 --> 00:03:35.640]  想不到有甚麼出路可言
[00:03:35.640 --> 00:03:39.200]  我們都好像被眼前這個景象
[00:03:39.200 --> 00:03:43.360]  令到我們失去了信心
[00:03:43.360 --> 00:03:45.960]  作為一班信仰的群體
[00:03:45.960 --> 00:03:49.280]  究竟我們的幫助是從那裏而來呢?
[00:03:49.280 --> 00:03:54.040]  我們的幫助是否從天地的耶和華而來呢?
[00:03:54.040 --> 00:03:55.160]  盼望今日這段經文
[00:03:55.160 --> 00:03:57.800]  再一次成為我們的提醒面例
[00:03:57.800 --> 00:04:02.400]  在上星期我們看到第三章的尾部份
[00:04:02.400 --> 00:04:09.560]  保羅重申上帝要成為猶太人和外邦人的主
[00:04:09.560 --> 00:04:15.400]  藉著信無論受了國禮或未受國禮
[00:04:15.400 --> 00:04:16.800]  在上帝的裏面
[00:04:16.800 --> 00:04:19.680]  這班人都被稱為「義」
[00:04:19.680 --> 00:04:21.160]  保羅是很厲害的
[00:04:21.160 --> 00:04:23.120]  他說話是一位辯論家
[00:04:23.120 --> 00:04:24.880]  他不是只說話
[00:04:24.880 --> 00:04:28.440]  他就要用一些例子來支持他的論述
[00:04:28.440 --> 00:04:29.760]  所以來到第四章
[00:04:29.760 --> 00:04:31.760]  他就用了一個人物
[00:04:31.760 --> 00:04:33.720]  就是阿伯拉罕
[00:04:33.720 --> 00:04:38.400]  阿伯拉罕去引證他之前的論述
[00:04:38.400 --> 00:04:40.960]  阿伯拉罕被稱為甚麼呢?
[00:04:40.960 --> 00:04:43.000]  信心之父
[00:04:43.000 --> 00:04:45.080]  在猶太人的心目中
[00:04:45.080 --> 00:04:48.280]  是一個很崇高很尊貴的人物
[00:04:48.280 --> 00:04:53.080]  他們都很自豪自己是阿伯拉罕的子孫
[00:04:53.080 --> 00:04:55.680]  所以既然你這麼崇高
[00:04:55.680 --> 00:04:58.280]  我們就來看看這個人
[00:04:58.280 --> 00:05:03.560]  在神裏面如何去恩訊、去稱義
[00:05:03.560 --> 00:05:08.440]  保羅不斷地問猶太人一個問題
[00:05:08.440 --> 00:05:12.880]  究竟阿伯拉罕憑甚麼去稱義呢?
[00:05:12.880 --> 00:05:16.560]  其實他也在曲線地問我們每一個
[00:05:16.560 --> 00:05:17.880]  是憑甚麼呢?
[00:05:17.880 --> 00:05:21.640]  上帝稱義的人
[00:05:21.640 --> 00:05:25.760]  不是指那些人是一個道德特別高的人
[00:05:25.760 --> 00:05:30.960]  上帝的義並不是律法上所說的義
[00:05:30.960 --> 00:05:35.480]  而是指我們和上帝一起的這群人
[00:05:35.480 --> 00:05:40.640]  是上帝和我們的納約所說的關係
[00:05:40.640 --> 00:05:46.160]  我們中國人也會用「結拜」、「結義」
[00:05:46.160 --> 00:05:48.800]  意思是本來大家沒有關係
[00:05:48.800 --> 00:05:50.720]  突然間變成有關係
[00:05:50.720 --> 00:05:54.280]  會稱義兄為義父
[00:05:54.280 --> 00:05:56.880]  大家會剛膽相照
[00:05:56.880 --> 00:05:59.080]  兩脅插刀
[00:05:59.080 --> 00:06:03.320]  上帝的義是指一個約的關係
[00:06:03.320 --> 00:06:05.280]  是基於信
[00:06:05.280 --> 00:06:09.640]  因為祂就是那位守約、施慈愛的神
[00:06:09.640 --> 00:06:16.400]  保羅也藉著恩信、稱義去處理當時
[00:06:16.400 --> 00:06:17.600]  如果我們知道的話
[00:06:17.600 --> 00:06:22.880]  猶太人和外邦基督徒的分裂
[00:06:22.880 --> 00:06:26.760]  那種勢不兩立、不咬弦的情況
[00:06:26.760 --> 00:06:30.720]  當時這群猶太人也很著重
[00:06:30.720 --> 00:06:35.520]  「善行」、「國禮」、「守律法」
[00:06:35.520 --> 00:06:39.720]  形成了猶太人的一個很志異
[00:06:39.720 --> 00:06:42.440]  和一個很強烈的民族主義
[00:06:42.440 --> 00:06:45.400]  是相當排他的
[00:06:45.400 --> 00:06:48.520]  所以保羅在四章一開始的時候
[00:06:48.520 --> 00:06:54.360]  他說「阿伯拉罕不是因行為而稱義」
[00:06:54.360 --> 00:06:56.040]  在四章二節裡說
[00:06:56.040 --> 00:06:59.960]  「倘若阿伯拉罕是因行為稱義,就有可誇的
[00:06:59.960 --> 00:07:04.320]  只是在神面前,並無可誇」
[00:07:04.320 --> 00:07:07.200]  這句經文用了一個假設的語句
[00:07:07.200 --> 00:07:10.400]  說明因行為稱義這件事情
[00:07:10.400 --> 00:07:14.560]  在神面前是不可能發生的
[00:07:14.560 --> 00:07:15.720]  我們經常說
[00:07:15.720 --> 00:07:18.560]  好人就會上天堂
[00:07:18.560 --> 00:07:20.400]  惡人就會落地獄
[00:07:20.400 --> 00:07:24.920]  有這樣的觀念流傳在我們中國人的心中
[00:07:24.920 --> 00:07:27.920]  在神面前這句話是不成立的
[00:07:27.920 --> 00:07:33.200]  因為沒有一個人能夠在神面前誇口
[00:07:33.200 --> 00:07:37.360]  正如保羅在羅馬書教早前三章十節裡所說
[00:07:37.360 --> 00:07:41.240]  「沒有義人,連一個都沒有」
[00:07:41.240 --> 00:07:48.320]  所以唯一得救的路是藉著信而被神算為義
[00:07:48.320 --> 00:07:51.000]  我們看整個第四章裡面
[00:07:51.000 --> 00:07:54.120]  除了「義」這個字出現了很多次之外
[00:07:54.120 --> 00:07:57.280]  有另一個字也出現了十一次
[00:07:57.280 --> 00:07:58.680]  大家很快地看一看
[00:07:58.680 --> 00:07:59.760]  在四章裡面
[00:07:59.760 --> 00:08:03.920]  這個字究竟是哪一個字呢?
[00:08:03.920 --> 00:08:05.960]  除了「義」這個字之外
[00:08:05.960 --> 00:08:08.400]  有另一個字
[00:08:08.400 --> 00:08:09.800]  我找到的時候可以大聲讀出來
[00:08:09.800 --> 00:08:11.560]  是什麼字?
[00:08:11.560 --> 00:08:12.560]  「信」
[00:08:12.560 --> 00:08:15.680]  不過我想說這個字「算」
[00:08:15.680 --> 00:08:17.480]  這個「算」字
[00:08:17.480 --> 00:08:20.120]  希臘文Logishomai
[00:08:20.120 --> 00:08:23.880]  就是說一個好像計算的東西
[00:08:23.880 --> 00:08:25.600]  如果在四章裡面
[00:08:25.600 --> 00:08:26.720]  不是我說的
[00:08:26.720 --> 00:08:29.880]  的確是出現了十一次
[00:08:29.880 --> 00:08:35.560]  大多數是以一個被動的語態來出現
[00:08:35.560 --> 00:08:39.440]  可以翻譯成「被看為」、「被算為」
[00:08:39.440 --> 00:08:46.200]  這個「算」字其實就是表明了完全是出於神
[00:08:46.200 --> 00:08:50.560]  其實我們之所以能夠稱而是一份禮物
[00:08:50.560 --> 00:08:52.760]  是一個恩典
[00:08:52.760 --> 00:08:55.560]  我們經常說「恩典」
[00:08:55.560 --> 00:08:57.120]  究竟「恩典」是什麼意思呢?
[00:08:57.120 --> 00:08:58.120]  你知不知道?
[00:08:58.120 --> 00:09:02.320]  「恩典」在第四和第五節
[00:09:02.320 --> 00:09:03.960]  就讓我們清楚明白
[00:09:03.960 --> 00:09:04.760]  我們一起讀出來
[00:09:04.760 --> 00:09:06.160]  預備起
[00:09:06.160 --> 00:09:08.360]  作公的得公家
[00:09:08.360 --> 00:09:09.960]  不算恩典
[00:09:09.960 --> 00:09:11.840]  乃是該得的
[00:09:11.840 --> 00:09:13.920]  唯有不作公的
[00:09:13.920 --> 00:09:17.280]  只信稱罪人為義的神
[00:09:17.280 --> 00:09:20.480]  他的信就算為義
[00:09:20.480 --> 00:09:23.480]  在這裡說到
[00:09:23.480 --> 00:09:25.560]  打工仔
[00:09:25.560 --> 00:09:27.120]  當我們上班的時候
[00:09:27.120 --> 00:09:28.680]  我們都會想
[00:09:28.680 --> 00:09:30.760]  當我們做妥了
[00:09:30.760 --> 00:09:33.280]  老闆要求我們做的事情
[00:09:33.280 --> 00:09:35.680]  到月底你就會想著等什麼?
[00:09:35.680 --> 00:09:36.680]  等出糧
[00:09:36.680 --> 00:09:38.360]  出不了糧你會怎樣?
[00:09:38.360 --> 00:09:41.080]  你就會發牢騷
[00:09:41.080 --> 00:09:44.120]  甚至會告老闆等等
[00:09:44.120 --> 00:09:47.760]  當真的出糧給你的時候
[00:09:47.760 --> 00:09:49.040]  你會不會心想
[00:09:49.040 --> 00:09:51.240]  我這個老闆真是好了
[00:09:51.240 --> 00:09:53.320]  他真是滿有恩典的老闆
[00:09:53.320 --> 00:09:54.480]  你會不會這樣說?
[00:09:54.480 --> 00:09:56.280]  一定不會
[00:09:56.280 --> 00:09:57.480]  你會覺得我應份
[00:09:57.480 --> 00:09:58.640]  我應得的
[00:09:58.640 --> 00:10:00.480]  在這裡所說
[00:10:00.480 --> 00:10:04.480]  「恩典」不是賺回來的
[00:10:04.480 --> 00:10:07.960]  「恩典」其實不是我們做了什麼
[00:10:07.960 --> 00:10:09.960]  又或者我們是誰
[00:10:09.960 --> 00:10:15.880]  而是上帝伯伯來給你和我
[00:10:15.880 --> 00:10:19.120]  是神恩賜的一個行動
[00:10:19.120 --> 00:10:22.280]  只是要求人的信心
[00:10:22.280 --> 00:10:24.280]  以致我們能夠去經歷
[00:10:24.280 --> 00:10:28.840]  上帝這個慈愛的本性
[00:10:28.840 --> 00:10:32.760]  所以當去看猶太人的昔日
[00:10:32.760 --> 00:10:34.880]  其實都好像
[00:10:34.880 --> 00:10:37.480]  我們如果用在今天的裡面
[00:10:37.480 --> 00:10:39.960]  我們有時候都會有一些比較
[00:10:39.960 --> 00:10:42.560]  就會覺得我有做到什麼什麼
[00:10:42.560 --> 00:10:45.680]  那個人好像沒有做到這件事那件事
[00:10:45.680 --> 00:10:47.640]  或者他沒有參與侍奉的時候
[00:10:47.640 --> 00:10:50.560]  可能我們都會對他有一些評價
[00:10:50.560 --> 00:10:54.760]  當時這群猶太人就將這個行為的指標
[00:10:54.760 --> 00:10:56.240]  推至一個極端
[00:10:56.240 --> 00:10:58.440]  認為他沒有做到的時候
[00:10:58.440 --> 00:11:00.040]  其實你就是不配
[00:11:00.040 --> 00:11:03.480]  是不屬於在上帝的國度裡面
[00:11:03.480 --> 00:11:04.600]  所以在第二方面
[00:11:04.600 --> 00:11:06.320]  亞伯拉罕亦都是
[00:11:06.320 --> 00:11:07.960]  保羅亦提醒我們
[00:11:07.960 --> 00:11:12.440]  亞伯拉罕亦都不是因為國禮而去到清儀
[00:11:12.440 --> 00:11:14.280]  我們一起讀第九至十節
[00:11:14.280 --> 00:11:15.640]  預備起
[00:11:15.640 --> 00:11:25.720]  「如此看來,這福是丹家級那未受國禮的人嗎?
[00:11:25.720 --> 00:11:29.440]  因我們所說,亞伯拉罕的信
[00:11:29.440 --> 00:11:31.520]  就算為他的兒
[00:11:31.520 --> 00:11:33.600]  是怎麼算的呢?
[00:11:33.600 --> 00:11:36.720]  是在他受國禮的時候呢?
[00:11:36.720 --> 00:11:40.080]  是在他未受國禮的時候呢?
[00:11:40.080 --> 00:11:42.920]  不是在受國禮的時候
[00:11:42.920 --> 00:11:46.240]  乃是在未受國禮的時候
[00:11:46.240 --> 00:11:47.960]  在這裏經文究竟即是
[00:11:47.960 --> 00:11:50.320]  亞伯拉罕是未受國禮的時候算兒
[00:11:50.320 --> 00:11:53.680]  還是受國禮的時候算兒呢?
[00:11:53.680 --> 00:11:55.840]  是未受國禮的時候
[00:11:55.840 --> 00:11:58.520]  就已經算為兒了
[00:11:58.520 --> 00:12:00.000]  在經文裡面我們看到
[00:12:00.000 --> 00:12:01.800]  亞伯拉罕被上帝稱義是
[00:12:01.800 --> 00:12:06.240]  早過摩西頒佈律法之前
[00:12:06.240 --> 00:12:08.920]  當時摩西未受國禮
[00:12:08.920 --> 00:12:11.240]  已被稱為兒
[00:12:11.240 --> 00:12:12.440]  在猶太人來說
[00:12:12.440 --> 00:12:15.040]  他們認為必須要受過國禮
[00:12:15.040 --> 00:12:16.600]  才能夠得救
[00:12:16.600 --> 00:12:19.320]  那些未受過國禮的外邦人
[00:12:19.320 --> 00:12:22.200]  他們不能夠得救
[00:12:22.200 --> 00:12:24.960]  保羅就指出這個謬誤
[00:12:24.960 --> 00:12:26.400]  第三方面
[00:12:26.400 --> 00:12:27.800]  保羅亦都講到
[00:12:27.800 --> 00:12:32.360]  亞伯拉罕並不是因為律法而稱義
[00:12:32.360 --> 00:12:33.640]  保羅在這裏強調
[00:12:33.640 --> 00:12:37.240]  不按照律法移民的外邦信徒
[00:12:37.240 --> 00:12:39.240]  亦都能夠領受
[00:12:39.240 --> 00:12:44.040]  神賜給亞伯拉罕的約所帶來的應許
[00:12:44.040 --> 00:12:47.200]  律法其實是要讓人知罪
[00:12:47.200 --> 00:12:50.000]  並不是帶給人的救恩
[00:12:50.000 --> 00:12:52.360]  只有神的救恩的預備
[00:12:52.360 --> 00:12:55.800]  這個救恩不單止臨到在猶太的信徒
[00:12:55.800 --> 00:13:00.160]  亦都臨到在每一個外邦的信徒
[00:13:00.160 --> 00:13:02.840]  亞伯拉罕這個榜樣
[00:13:02.840 --> 00:13:06.760]  讓那些以為要透過行為
[00:13:06.760 --> 00:13:10.040]  國禮、律法自誇的猶太人
[00:13:10.040 --> 00:13:11.760]  無地自容
[00:13:11.760 --> 00:13:14.760]  他們啞口無言
[00:13:14.760 --> 00:13:17.800]  人稱為義的唯一方法
[00:13:17.800 --> 00:13:19.800]  是藉著信心
[00:13:19.800 --> 00:13:22.960]  去領受上帝的恩典
[00:13:22.960 --> 00:13:27.000]  保羅在這裏試圖講出信心
[00:13:27.000 --> 00:13:31.120]  就是成為一個信仰群體的共同基礎
[00:13:31.120 --> 00:13:36.320]  而不是以行為、國禮或救約要求的生活規範
[00:13:36.320 --> 00:13:41.240]  來分辨哪些是真正的信徒
[00:13:41.240 --> 00:13:48.040]  究竟亞伯拉罕的信心具體是怎樣呈現呢?
[00:13:48.040 --> 00:13:49.520]  在講這個之前
[00:13:49.520 --> 00:13:53.240]  我們要先去到《創世紀》十五章時
[00:13:53.240 --> 00:13:54.400]  在這一段
[00:13:54.400 --> 00:13:58.320]  當上帝呼召亞伯拉罕
[00:13:58.320 --> 00:14:03.960]  有一晚帶他到空地上看星星
[00:14:03.960 --> 00:14:08.120]  他在經文裏跟亞伯拉罕說
[00:14:08.120 --> 00:14:10.120]  當時還叫做「阿伯蘭」
[00:14:10.120 --> 00:14:12.320]  你叫他向天觀看
[00:14:12.320 --> 00:14:13.920]  數算眾星
[00:14:13.920 --> 00:14:15.920]  你能夠數到多少顆星呢?
[00:14:15.920 --> 00:14:16.920]  又跟他說
[00:14:16.920 --> 00:14:20.800]  你的後裔將要如此
[00:14:20.800 --> 00:14:24.200]  如果我們知道當時亞伯拉罕
[00:14:24.200 --> 00:14:26.200]  其實他是一個怎樣的境況呢?
[00:14:26.200 --> 00:14:28.480]  其實已經是一把年紀了
[00:14:28.480 --> 00:14:30.480]  一顆兒子都沒有
[00:14:30.480 --> 00:14:32.720]  我不知道如果你是亞伯拉罕
[00:14:32.720 --> 00:14:35.720]  你會有什麼反應呢?
[00:14:35.720 --> 00:14:38.000]  上帝不要玩了
[00:14:38.000 --> 00:14:40.600]  在一個這樣的境況裏
[00:14:40.600 --> 00:14:42.560]  我講出來都會被人笑
[00:14:42.560 --> 00:14:45.040]  被人試問我是否精神錯亂
[00:14:45.040 --> 00:14:46.840]  還說作多國的父
[00:14:46.840 --> 00:14:49.840]  後裔好像天上的星星那麼多
[00:14:49.840 --> 00:14:51.840]  真是很好笑
[00:14:51.840 --> 00:14:54.840]  但經文在第六節告訴我們
[00:14:54.840 --> 00:14:57.960]  亞伯拉罕信耶和華
[00:14:57.960 --> 00:15:03.560]  耶和華就以此為他的兒
[00:15:03.560 --> 00:15:05.760]  在這裏正好表明
[00:15:05.760 --> 00:15:07.560]  亞伯拉罕因信稱義
[00:15:07.560 --> 00:15:10.160]  一個很好的例證
[00:15:10.160 --> 00:15:12.960]  如果當我們來到世月
[00:15:12.960 --> 00:15:17.440]  整個創世紀描述亞伯拉罕的故事的時候
[00:15:17.440 --> 00:15:20.440]  我們就知道其實他也是一個很普通
[00:15:20.440 --> 00:15:23.440]  跟你和我都一樣的人
[00:15:23.440 --> 00:15:29.440]  究竟他是不是真的時時都是信心爆棚到極點呢?
[00:15:29.440 --> 00:15:31.440]  如果我們一直看下去的時候
[00:15:31.440 --> 00:15:35.440]  我們就發現其中兩幕都令我們很費解
[00:15:35.440 --> 00:15:39.440]  其中一幕竟然他不認老婆
[00:15:39.440 --> 00:15:41.440]  在他漂流的時候
[00:15:41.440 --> 00:15:44.440]  他就和當時還是叫撒萊
[00:15:44.440 --> 00:15:46.440]  就和他老婆說
[00:15:46.440 --> 00:15:48.440]  不如我們以兄妹相稱
[00:15:48.440 --> 00:15:50.440]  一個暗中的協議
[00:15:50.440 --> 00:15:52.440]  記不記得為什麼?
[00:15:52.440 --> 00:15:56.440]  因為亞伯蘭很想為了保障他個人的安全
[00:15:56.440 --> 00:15:59.440]  因為聖經當時描述撒萊
[00:15:59.440 --> 00:16:01.440]  樣子長得很美
[00:16:01.440 --> 00:16:05.440]  當時他們準備進入埃及這個地方
[00:16:05.440 --> 00:16:08.440]  他很怕皇見到一個這麼美的女子
[00:16:08.440 --> 00:16:11.440]  於是就殺了他滅口
[00:16:11.440 --> 00:16:13.440]  以致奪得他老婆
[00:16:13.440 --> 00:16:19.440]  所以亞伯蘭當時就唯有以這樣的說法
[00:16:19.440 --> 00:16:22.440]  去掩飾用人的方法
[00:16:22.440 --> 00:16:25.440]  試圖去解決這個困境
[00:16:25.440 --> 00:16:31.440]  亞伯蘭當時所說的是一個似是而非
[00:16:31.440 --> 00:16:32.440]  都沒有錯的
[00:16:32.440 --> 00:16:35.440]  的確他們是兄妹是一個事實
[00:16:35.440 --> 00:16:38.440]  只不過沒有說完全部
[00:16:38.440 --> 00:16:40.440]  我們都會有一種感覺
[00:16:40.440 --> 00:16:43.440]  一個信心之虎
[00:16:43.440 --> 00:16:47.440]  竟然在這一刻都會有一個軟弱的時候
[00:16:47.440 --> 00:16:50.440]  另一幕就是納徹生子
[00:16:50.440 --> 00:16:54.440]  當上帝重新對亞伯拉罕的英許
[00:16:54.440 --> 00:16:56.440]  很明確地告訴他
[00:16:56.440 --> 00:17:00.440]  你本身所生的才成為你的後裔
[00:17:00.440 --> 00:17:02.440]  當亞伯拉罕聽完之後
[00:17:02.440 --> 00:17:04.440]  他就一直等等等
[00:17:04.440 --> 00:17:06.440]  寄居了大概十年的時候
[00:17:06.440 --> 00:17:07.440]  神的英許
[00:17:07.440 --> 00:17:10.440]  這個兒子仍然未應驗
[00:17:10.440 --> 00:17:13.440]  於是乎就很坐立不安
[00:17:13.440 --> 00:17:15.440]  很不知怎麼辦
[00:17:15.440 --> 00:17:18.440]  他就聽從他太太撒萊的話
[00:17:18.440 --> 00:17:20.440]  就立下甲為妾
[00:17:20.440 --> 00:17:22.440]  就生了誰呢?
[00:17:22.440 --> 00:17:24.440]  以實瑪利
[00:17:24.440 --> 00:17:26.440]  有一次讓我們看到
[00:17:26.440 --> 00:17:29.440]  這個信心之虎
[00:17:29.440 --> 00:17:33.440]  他經歷了一個信心軟弱的事情
[00:17:33.440 --> 00:17:35.440]  當我們看亞伯拉罕
[00:17:35.440 --> 00:17:40.440]  他回應神給他人生的召命的時候
[00:17:40.440 --> 00:17:43.440]  原來都有一刻是靠自己
[00:17:43.440 --> 00:17:45.440]  亦都經歷衰了
[00:17:45.440 --> 00:17:46.440]  亦都經歷斷症
[00:17:46.440 --> 00:17:48.440]  這些事情
[00:17:48.440 --> 00:17:50.440]  而且不只是一次
[00:17:50.440 --> 00:17:51.440]  我會一直看到
[00:17:51.440 --> 00:17:53.440]  從他個人失敗的裏面
[00:17:53.440 --> 00:17:56.440]  我相信他更加意會
[00:17:56.440 --> 00:18:00.440]  神他的恩典和憐憫
[00:18:00.440 --> 00:18:05.440]  他更加認清自己對神的無知
[00:18:05.440 --> 00:18:07.440]  所謂認識神
[00:18:07.440 --> 00:18:10.440]  從來都不是說我們對神的知識
[00:18:10.440 --> 00:18:12.440]  有多麼豐富
[00:18:12.440 --> 00:18:18.440]  而是說我們和上帝之間的生命歷練
[00:18:18.440 --> 00:18:20.440]  就算是我們所認識一些
[00:18:20.440 --> 00:18:23.440]  信得很堅的人都好
[00:18:23.440 --> 00:18:25.440]  其實他都會經歷過一些
[00:18:25.440 --> 00:18:28.440]  信心疑惑動搖的時候
[00:18:28.440 --> 00:18:30.440]  我們試想想
[00:18:30.440 --> 00:18:34.440]  當我們這一刻對神那份信心
[00:18:34.440 --> 00:18:36.440]  豈不是就是透過我們過去
[00:18:36.440 --> 00:18:39.440]  信心軟弱懷疑的時候
[00:18:39.440 --> 00:18:43.440]  一直孕育成長而出來的嗎?
[00:18:43.440 --> 00:18:45.440]  所以當我們不要看
[00:18:45.440 --> 00:18:48.440]  那個人一時的軟弱
[00:18:48.440 --> 00:18:52.440]  縱然可能他信心微小有軟弱的時候
[00:18:52.440 --> 00:18:56.440]  我們乃是要看他長期的成長
[00:18:56.440 --> 00:18:58.440]  我們都很認識有一個人物
[00:18:58.440 --> 00:19:00.440]  叫做德蘭修女
[00:19:00.440 --> 00:19:03.440]  當我們一直想起這個人物的時候
[00:19:03.440 --> 00:19:05.440]  可能就是不斷想起他做了什麼
[00:19:05.440 --> 00:19:06.440]  做了什麼好事
[00:19:06.440 --> 00:19:09.440]  他好像是一個聖人一樣
[00:19:09.440 --> 00:19:11.440]  我不知道你有沒有看過這本書
[00:19:11.440 --> 00:19:14.440]  叫做《來作我的光》
[00:19:14.440 --> 00:19:16.440]  在這本書裏面
[00:19:16.440 --> 00:19:18.440]  其實就刊登了很多
[00:19:18.440 --> 00:19:21.440]  德蘭修女她未公開的書信
[00:19:21.440 --> 00:19:24.440]  來向我們披露
[00:19:24.440 --> 00:19:26.440]  在她的信裏面
[00:19:26.440 --> 00:19:27.440]  披露了很多
[00:19:27.440 --> 00:19:30.440]  她原來都有經歷一些
[00:19:30.440 --> 00:19:32.440]  屬靈的黑暗面
[00:19:32.440 --> 00:19:37.440]  她記述曾幾何時試過和神父傾訴
[00:19:37.440 --> 00:19:38.440]  她和神父說
[00:19:38.440 --> 00:19:39.440]  神父啊
[00:19:39.440 --> 00:19:41.440]  我知道當我去到和別人說
[00:19:41.440 --> 00:19:43.440]  神的工作的時候
[00:19:43.440 --> 00:19:46.440]  神能夠帶給人光明喜悅勇氣
[00:19:46.440 --> 00:19:49.440]  但其實自己那一刻
[00:19:49.440 --> 00:19:51.440]  根本沒有這個感覺
[00:19:51.440 --> 00:19:54.440]  我的心裏面是充滿著黑暗
[00:19:54.440 --> 00:19:58.440]  我覺得和上帝很遠離
[00:19:58.440 --> 00:19:59.440]  她也說
[00:19:59.440 --> 00:20:02.440]  其實我也知道我的微笑
[00:20:02.440 --> 00:20:05.440]  有時是用來掩飾
[00:20:05.440 --> 00:20:08.440]  我內心裏面光景的一個工具
[00:20:08.440 --> 00:20:09.440]  當我說
[00:20:09.440 --> 00:20:14.440]  我的心是充滿對神那份甜蜜的愛的時候
[00:20:14.440 --> 00:20:18.440]  其實我只不過是自欺欺人
[00:20:18.440 --> 00:20:23.440]  你和我的一生都很需要恩典
[00:20:23.440 --> 00:20:26.440]  神的僕人也不例外
[00:20:26.440 --> 00:20:29.440]  可能我們內心裏面
[00:20:29.440 --> 00:20:31.440]  也有一些有份量
[00:20:31.440 --> 00:20:33.440]  我們所尊敬的屬靈偉人
[00:20:33.440 --> 00:20:36.440]  例如潘福華、史托德
[00:20:36.440 --> 00:20:38.440]  一些先賢先哲
[00:20:38.440 --> 00:20:41.440]  其實他和你我都一樣
[00:20:41.440 --> 00:20:45.440]  他們都在他們的生命歷程裏面
[00:20:45.440 --> 00:20:48.440]  經歷很多很真實的爭戰
[00:20:48.440 --> 00:20:51.440]  說的是內心
[00:20:51.440 --> 00:20:52.440]  心裏面
[00:20:52.440 --> 00:20:54.440]  在他們生命深處裏面
[00:20:54.440 --> 00:20:59.440]  而不是在說頭腦認知的事
[00:20:59.440 --> 00:21:05.440]  我們每一天都需要回歸在耶穌基督裏面
[00:21:05.440 --> 00:21:08.440]  即使在這個過程裏面
[00:21:08.440 --> 00:21:12.440]  我們持續不斷地醒悟過來
[00:21:12.440 --> 00:21:16.440]  原來我們是不能夠靠自己的行為
[00:21:16.440 --> 00:21:17.440]  或者是禮儀
[00:21:17.440 --> 00:21:18.440]  或者是規條
[00:21:18.440 --> 00:21:22.440]  來去到清儀
[00:21:22.440 --> 00:21:27.440]  但是靠著神祂自己給過我們的恩典
[00:21:27.440 --> 00:21:29.440]  不知道每天早上
[00:21:29.440 --> 00:21:31.440]  當我們醒的時候
[00:21:31.440 --> 00:21:34.440]  你第一件事會找什麼呢?
[00:21:34.440 --> 00:21:37.440]  我希望你不是找手機
[00:21:37.440 --> 00:21:40.440]  你是找上帝
[00:21:40.440 --> 00:21:41.440]  特別當我們這一刻
[00:21:41.440 --> 00:21:45.440]  面對一個很不容易的境況裏面
[00:21:45.440 --> 00:21:47.440]  會不會我們能夠可以
[00:21:47.440 --> 00:21:49.440]  每天早上起床的時候
[00:21:49.440 --> 00:21:51.440]  我們就先去到親近神
[00:21:51.440 --> 00:21:53.440]  讓神祂自己的話語
[00:21:53.440 --> 00:21:56.440]  讓神祂自己的愛
[00:21:56.440 --> 00:21:59.440]  來去到先充滿了我們的內心
[00:21:59.440 --> 00:22:01.440]  而不是被手機一開出來
[00:22:01.440 --> 00:22:02.440]  那些資訊
[00:22:02.440 --> 00:22:05.440]  那些慘不忍睹的畫面
[00:22:05.440 --> 00:22:11.440]  來去到蠶食了我們的心靈
[00:22:11.440 --> 00:22:17.440]  這個可能成為我們每天的一個操練
[00:22:17.440 --> 00:22:20.440]  每天早上我們就來到神的根前
[00:22:20.440 --> 00:22:22.440]  好像回歸在神的裏面
[00:22:22.440 --> 00:22:24.440]  以致我們能夠帶著信心
[00:22:24.440 --> 00:22:25.440]  帶著喜樂
[00:22:25.440 --> 00:22:28.440]  帶著從上而來的力量
[00:22:28.440 --> 00:22:31.440]  來去到去面對每一天
[00:22:31.440 --> 00:22:33.440]  的確此刻的香港
[00:22:33.440 --> 00:22:38.440]  情緒流行性感冒的情況都很嚴重
[00:22:38.440 --> 00:22:42.440]  很多人每天都會以淚洗面
[00:22:42.440 --> 00:22:43.440]  坐不安
[00:22:43.440 --> 00:22:44.440]  睡不落
[00:22:44.440 --> 00:22:47.440]  在我接觸的弟兄姊妹裏面
[00:22:47.440 --> 00:22:48.440]  如果有能力的話
[00:22:48.440 --> 00:22:50.440]  已經在想何時離開香港
[00:22:50.440 --> 00:22:53.440]  只差去那裏
[00:22:53.440 --> 00:22:55.440]  究竟此刻
[00:22:55.440 --> 00:22:57.440]  上帝要我們繼續留下
[00:22:57.440 --> 00:22:59.440]  還是要我們離開
[00:22:59.440 --> 00:23:01.440]  我們作為一個信仰群體
[00:23:01.440 --> 00:23:04.440]  究竟我們正在信的這位上帝
[00:23:04.440 --> 00:23:07.440]  是一個怎樣的上帝
[00:23:07.440 --> 00:23:09.440]  可能都會在我們心裏面
[00:23:09.440 --> 00:23:12.440]  有很多的疑問
[00:23:12.440 --> 00:23:13.440]  亞伯拉罕
[00:23:13.440 --> 00:23:18.440]  他怎樣去面對一個無可指望的時候
[00:23:18.440 --> 00:23:20.440]  我們一起讀這節經文
[00:23:20.440 --> 00:23:21.440]  預備起
[00:23:21.440 --> 00:23:24.440]  他在無可指望的時候
[00:23:24.440 --> 00:23:27.440]  因信仍有指望
[00:23:27.440 --> 00:23:30.440]  就得以作多國的父
[00:23:30.440 --> 00:23:32.440]  正如先前所說
[00:23:32.440 --> 00:23:35.440]  他的後裔將要如此
[00:23:35.440 --> 00:23:38.440]  本來在這裏論到亞伯拉罕的信心
[00:23:38.440 --> 00:23:41.440]  是在環境縱使無可指望的時候
[00:23:41.440 --> 00:23:44.440]  他仍然盼望
[00:23:44.440 --> 00:23:46.440]  相信上帝的話
[00:23:46.440 --> 00:23:48.440]  是會成就
[00:23:48.440 --> 00:23:50.440]  從人的角度
[00:23:50.440 --> 00:23:51.440]  在十九節裏面
[00:23:51.440 --> 00:23:52.440]  經文都說
[00:23:52.440 --> 00:23:54.440]  當其時他將近八歲
[00:23:54.440 --> 00:23:56.440]  亦都知道自己的身體
[00:23:56.440 --> 00:23:58.440]  已經是衰敗
[00:23:58.440 --> 00:24:00.440]  好像死了一樣
[00:24:00.440 --> 00:24:04.440]  連他的妻子撒拉都已經停了經
[00:24:04.440 --> 00:24:06.440]  在一個這樣的情況
[00:24:06.440 --> 00:24:08.440]  連受精卵都沒有的時候
[00:24:08.440 --> 00:24:11.440]  何來會有嬰兒
[00:24:11.440 --> 00:24:15.440]  這根本是不可能的事
[00:24:15.440 --> 00:24:22.440]  這個事實並沒有動搖亞伯拉罕對上帝的信心
[00:24:22.440 --> 00:24:25.440]  因為他所信的是一位怎樣的神
[00:24:25.440 --> 00:24:26.440]  我們一起讀出來
[00:24:26.440 --> 00:24:27.440]  預備起
[00:24:27.440 --> 00:24:32.440]  亞伯拉罕所信的是那叫死人復活
[00:24:32.440 --> 00:24:35.440]  使無變為有的神
[00:24:35.440 --> 00:24:40.440]  在這裏保羅所描述的那叫死人復活
[00:24:40.440 --> 00:24:41.440]  意思是說
[00:24:41.440 --> 00:24:44.440]  撒拉在不能夠生育的身體裏面
[00:24:44.440 --> 00:24:48.440]  竟然能夠創造一個生命
[00:24:48.440 --> 00:24:51.440]  使無變為有是指神對亞伯拉罕
[00:24:51.440 --> 00:24:56.440]  應許那班尚未出生的後裔
[00:24:56.440 --> 00:25:02.440]  這就是亞伯拉罕對上帝那一份的凝訊
[00:25:02.440 --> 00:25:05.440]  各位兄弟姐妹
[00:25:05.440 --> 00:25:09.440]  不知道今天你是否這樣來相信我們這位上帝
[00:25:09.440 --> 00:25:11.440]  在你的心目中
[00:25:11.440 --> 00:25:14.440]  你所信的是那叫死人復活
[00:25:14.440 --> 00:25:20.440]  使無變為有的神
[00:25:20.440 --> 00:25:23.440]  抑或其實你只是隨口說的
[00:25:23.440 --> 00:25:26.440]  其實你不明白
[00:25:26.440 --> 00:25:32.440]  或者你不是真的這樣相信
[00:25:32.440 --> 00:25:33.440]  經文亦再說
[00:25:33.440 --> 00:25:34.440]  我們一起讀
[00:25:34.440 --> 00:25:35.440]  預備起
[00:25:35.440 --> 00:25:38.440]  並且仰望神的應許
[00:25:38.440 --> 00:25:42.440]  總沒有因不信心裡喜而或
[00:25:42.440 --> 00:25:46.440]  反倒因信心裡得堅固
[00:25:46.440 --> 00:25:48.440]  將榮耀歸給神
[00:25:48.440 --> 00:25:52.440]  且滿心相信神所應許的
[00:25:52.440 --> 00:25:54.440]  必能作成
[00:25:54.440 --> 00:25:55.440]  當我們翻開聖經的時候
[00:25:55.440 --> 00:26:01.440]  我們看見上帝給了我們很多的應許
[00:26:01.440 --> 00:26:04.440]  不知道你是否也這樣相信
[00:26:04.440 --> 00:26:08.440]  你是否相信這些應許是會成就的
[00:26:08.440 --> 00:26:09.440]  經文說
[00:26:09.440 --> 00:26:12.440]  亞伯拉罕仰望神的應許
[00:26:12.440 --> 00:26:14.440]  總沒有因不信
[00:26:14.440 --> 00:26:19.440]  這個不信可能是指眼前我們所見到的事物
[00:26:19.440 --> 00:26:22.440]  可能是我們內心裡的軟弱
[00:26:22.440 --> 00:26:24.440]  所帶給我們的疑惑
[00:26:24.440 --> 00:26:25.440]  壓力
[00:26:25.440 --> 00:26:28.440]  可能有一個聲音不斷跟我們說
[00:26:28.440 --> 00:26:32.440]  不行了不行了不行了不行了
[00:26:32.440 --> 00:26:34.440]  亞伯拉罕眼前
[00:26:34.440 --> 00:26:39.440]  沒錯的而且確是一個鐵一般的事實
[00:26:39.440 --> 00:26:43.440]  根本是不可能不可能不可能
[00:26:43.440 --> 00:26:45.440]  但他相信
[00:26:45.440 --> 00:26:50.440]  在上帝裡面豈有難成的事
[00:26:50.440 --> 00:26:53.440]  上帝的支票一開出的時候
[00:26:53.440 --> 00:26:57.440]  一定會兌現
[00:26:57.440 --> 00:26:59.440]  各位鼎姐妹
[00:26:59.440 --> 00:27:01.440]  究竟今天我們的生命
[00:27:01.440 --> 00:27:04.440]  是建立在哪裡呢
[00:27:04.440 --> 00:27:06.440]  建立在環境當中
[00:27:06.440 --> 00:27:10.440]  還是建立在神話與應許當中
[00:27:10.440 --> 00:27:15.440]  環境就讓我們看見是不斷的改變
[00:27:15.440 --> 00:27:17.440]  我們看看社會的時局
[00:27:17.440 --> 00:27:19.440]  看看我們人生的際遇
[00:27:19.440 --> 00:27:22.440]  看看我們的健康
[00:27:22.440 --> 00:27:24.440]  都是不斷改變
[00:27:24.440 --> 00:27:27.440]  但是神話與的應許
[00:27:27.440 --> 00:27:28.440]  昨日
[00:27:28.440 --> 00:27:29.440]  今日
[00:27:29.440 --> 00:27:30.440]  將來
[00:27:30.440 --> 00:27:34.440]  都不會改變
[00:27:34.440 --> 00:27:36.440]  信心究竟是什麼
[00:27:36.440 --> 00:27:39.440]  信心就是講到我們能夠將我們的目光
[00:27:39.440 --> 00:27:42.440]  放在這位偉大的神身上
[00:27:42.440 --> 00:27:46.440]  以至到祂能夠去遮蓋我們人生各樣的不可能
[00:27:46.440 --> 00:27:48.440]  能夠成為可能
[00:27:48.440 --> 00:27:51.440]  當我們的心放在神裡面的時候
[00:27:51.440 --> 00:27:53.440]  我們就會看見
[00:27:53.440 --> 00:27:54.440]  屬靈
[00:27:54.440 --> 00:27:55.440]  超自然
[00:27:55.440 --> 00:27:57.440]  和永恆
[00:27:57.440 --> 00:27:59.440]  牧師你說什麼
[00:27:59.440 --> 00:28:02.440]  這三個term都好像很離地
[00:28:02.440 --> 00:28:03.440]  你知不知道
[00:28:03.440 --> 00:28:05.440]  我每天工作多麼辛苦
[00:28:05.440 --> 00:28:07.440]  你知不知道這一刻我多麼困難
[00:28:07.440 --> 00:28:10.440]  你知不知道這一刻我對前路多麼灰暗
[00:28:10.440 --> 00:28:12.440]  如果明天神接走我
[00:28:12.440 --> 00:28:14.440]  那時候我可能會明白
[00:28:14.440 --> 00:28:17.440]  你所說的屬靈
[00:28:17.440 --> 00:28:18.440]  超自然
[00:28:18.440 --> 00:28:19.440]  永恆
[00:28:19.440 --> 00:28:21.440]  不過好像時候又未到
[00:28:21.440 --> 00:28:24.440]  明天我又是要繼續面對我的人生處境
[00:28:24.440 --> 00:28:28.440]  今日我又是要面對一會兒我要做的事
[00:28:28.440 --> 00:28:29.440]  頂姊妹
[00:28:29.440 --> 00:28:30.440]  不要搞錯
[00:28:30.440 --> 00:28:33.440]  我所說的是很真實
[00:28:33.440 --> 00:28:35.440]  因為如果我們作為主的門徒
[00:28:35.440 --> 00:28:39.440]  我們的信心只是放在物質
[00:28:39.440 --> 00:28:40.440]  自然
[00:28:40.440 --> 00:28:43.440]  和在今日我們眼前所見的事情的時候
[00:28:43.440 --> 00:28:48.440]  這個只不過是我們對今生有指望
[00:28:48.440 --> 00:28:52.440]  但如果我們真正經歷在聖靈裏面那種重生
[00:28:52.440 --> 00:28:55.440]  體會到聖靈對我們生命那種轉變
[00:28:55.440 --> 00:29:00.440]  我們知道我們所信靠的神是怎樣的神
[00:29:00.440 --> 00:29:02.440]  而在上帝裏面
[00:29:02.440 --> 00:29:06.440]  神給每一個人都有不同的目標方向
[00:29:06.440 --> 00:29:10.440]  我們就能夠經歷那個信心的成長
[00:29:10.440 --> 00:29:12.440]  由一個軟弱變為剛強
[00:29:12.440 --> 00:29:18.440]  由不信疑惑變為沒有信心
[00:29:18.440 --> 00:29:21.440]  當我們能夠將信心放在超自然
[00:29:21.440 --> 00:29:22.440]  放在屬靈
[00:29:22.440 --> 00:29:25.440]  放在永恆的事情上面的時候
[00:29:25.440 --> 00:29:28.440]  我們就會毅然醒覺到
[00:29:28.440 --> 00:29:31.440]  原來超自然是會影響自然
[00:29:31.440 --> 00:29:34.440]  屬靈是會影響現實的短暫
[00:29:34.440 --> 00:29:38.440]  永恆是會帶給我們一個轉變
[00:29:38.440 --> 00:29:41.440]  是會影響今日
[00:29:41.440 --> 00:29:44.440]  因為我們的價值觀已經不同了
[00:29:44.440 --> 00:29:46.440]  我們的投資也不同了
[00:29:46.440 --> 00:29:48.440]  我們的眼光也不同了
[00:29:48.440 --> 00:29:50.440]  以前我們所看重的
[00:29:50.440 --> 00:29:52.440]  就像保羅所說
[00:29:52.440 --> 00:29:57.440]  如今都變成為糞土
[00:29:57.440 --> 00:30:01.440]  這是一個信心成長的歷程
[00:30:01.440 --> 00:30:04.440]  當我們不斷去看神的話語
[00:30:04.440 --> 00:30:06.440]  當我們看見耶穌在四方的裏面
[00:30:06.440 --> 00:30:08.440]  那些行神蹟奇事
[00:30:08.440 --> 00:30:12.440]  是否在說屬靈超自然永恆呢?
[00:30:12.440 --> 00:30:15.440]  是否在說一個非理性
[00:30:15.440 --> 00:30:20.440]  讓我們去明白屬靈的教導呢?
[00:30:20.440 --> 00:30:23.440]  但今日我們卻活在一個理性的層面
[00:30:23.440 --> 00:30:26.440]  我們經常用人的有限的智慧
[00:30:26.440 --> 00:30:29.440]  知識和經驗
[00:30:29.440 --> 00:30:35.440]  去限制了上帝的作為
[00:30:35.440 --> 00:30:37.440]  沒錯,我們生活在地上
[00:30:37.440 --> 00:30:39.440]  我們的信仰的實踐
[00:30:39.440 --> 00:30:43.440]  的而且確需要很道地
[00:30:43.440 --> 00:30:46.440]  但我們對上帝的信心
[00:30:46.440 --> 00:30:50.440]  必須要堅離地才行
[00:30:50.440 --> 00:30:52.440]  堅離地說的就是
[00:30:52.440 --> 00:30:55.440]  我們不從地上的認知
[00:30:55.440 --> 00:30:57.440]  去看上帝的作為
[00:30:57.440 --> 00:31:02.440]  我們要從祂的角度去看事物
[00:31:02.440 --> 00:31:06.440]  上帝是在絕望的裏面帶來希望
[00:31:06.440 --> 00:31:08.440]  上帝就是那位使無變為有
[00:31:08.440 --> 00:31:12.440]  能夠叫死人復活
[00:31:12.440 --> 00:31:16.440]  當我們回想在我們過去生命的成長
[00:31:16.440 --> 00:31:18.440]  與神相遇的時候
[00:31:18.440 --> 00:31:23.440]  我們是否經歷了很多非理性的事情呢?
[00:31:23.440 --> 00:31:27.440]  在我們當中是否有人經歷過病得醫治
[00:31:27.440 --> 00:31:29.440]  是否經歷過在職場裏面
[00:31:29.440 --> 00:31:31.440]  遇到一些很困難的事情
[00:31:31.440 --> 00:31:36.440]  卻不知為何又能過得了?
[00:31:36.440 --> 00:31:38.440]  在座的各位弟兄姊妹
[00:31:38.440 --> 00:31:41.440]  可能有很多活生生的見證
[00:31:41.440 --> 00:31:43.440]  有血有肉的見證
[00:31:43.440 --> 00:31:48.440]  這些是否上帝給予我們的確據呢?
[00:31:48.440 --> 00:31:51.440]  是否在我們生命歷程的應許呢?
[00:31:51.440 --> 00:31:53.440]  原來在上帝的裏面
[00:31:53.440 --> 00:31:56.440]  祂能夠在我們的生命裏面
[00:31:56.440 --> 00:31:58.440]  的而且確我們會問
[00:31:58.440 --> 00:32:04.440]  神豈不是 神豈不曾 神豈不會嗎?
[00:32:04.440 --> 00:32:06.440]  我不知道你的答案是什麼
[00:32:06.440 --> 00:32:08.440]  我的答案很肯定
[00:32:08.440 --> 00:32:16.440]  是絕對是 絕對曾 絕對會
[00:32:16.440 --> 00:32:19.440]  最後 保羅進一步來到大昌
[00:32:19.440 --> 00:32:22.440]  我們一起來到第23到25節
[00:32:22.440 --> 00:32:23.440]  預備起
[00:32:23.440 --> 00:32:28.440]  算為他意的這句話不是單為他捨的
[00:32:28.440 --> 00:32:33.440]  也是為我們將來不算為意之人捨的
[00:32:33.440 --> 00:32:37.440]  就是我們這信神使我們的主耶穌
[00:32:37.440 --> 00:32:40.440]  從死裡復活的人
[00:32:40.440 --> 00:32:44.440]  耶穌被交給人是為我們的過犯
[00:32:44.440 --> 00:32:48.440]  復活是為叫我們清怡
[00:32:48.440 --> 00:32:51.440]  耶穌的受死和復活
[00:32:51.440 --> 00:32:54.440]  是為了你和我
[00:32:54.440 --> 00:32:56.440]  死是為了我們的過犯
[00:32:56.440 --> 00:33:00.440]  生是為了我們能夠得而清怡
[00:33:00.440 --> 00:33:03.440]  耶穌基督的死而復活
[00:33:03.440 --> 00:33:07.440]  再次讓我們看見十字架的大愛
[00:33:07.440 --> 00:33:10.440]  十字架的愛再次去提醒我們
[00:33:10.440 --> 00:33:13.440]  一個復活的盼望
[00:33:13.440 --> 00:33:16.440]  我們能夠從一個復活的未來
[00:33:16.440 --> 00:33:18.440]  來到去看今生的邪惡
[00:33:18.440 --> 00:33:23.440]  從一個永生的福樂來到去忍受現今的苦楚
[00:33:23.440 --> 00:33:27.440]  當我們看到唯有上帝的愛和饒恕
[00:33:27.440 --> 00:33:31.440]  是可以超越咒咒和仇恨
[00:33:31.440 --> 00:33:33.440]  新天新地的應許
[00:33:33.440 --> 00:33:37.440]  可以安慰哀哭的靈魂
[00:33:37.440 --> 00:33:40.440]  無論現在我們所受的苦
[00:33:40.440 --> 00:33:42.440]  可能令你覺得很無謂
[00:33:42.440 --> 00:33:43.440]  很冤屈
[00:33:43.440 --> 00:33:44.440]  很無奈
[00:33:44.440 --> 00:33:45.440]  很無稽
[00:33:45.440 --> 00:33:48.440]  甚至乎是無端百事
[00:33:48.440 --> 00:33:53.440]  又或者這是出於上帝對我們的管教和試煉
[00:33:53.440 --> 00:33:57.440]  在混亂模糊的人生裡面
[00:33:57.440 --> 00:34:01.440]  我們要認定上帝是愛
[00:34:01.440 --> 00:34:04.440]  並且上帝知道我們生命征服的圖畫
[00:34:04.440 --> 00:34:06.440]  在上帝的眼中
[00:34:06.440 --> 00:34:10.440]  你和我都有一個特殊的意義
[00:34:10.440 --> 00:34:20.440]  以致我們更加懂得如何面對當下的挑戰和困難
[00:34:20.440 --> 00:34:22.440]  十字架的愛
[00:34:22.440 --> 00:34:27.440]  就是以愛化解仇恨
[00:34:27.440 --> 00:34:29.440]  這個價值
[00:34:29.440 --> 00:34:30.440]  在神人的角度
[00:34:30.440 --> 00:34:31.440]  覺得是不可能
[00:34:31.440 --> 00:34:33.440]  覺得是很傻
[00:34:33.440 --> 00:34:34.440]  很吃虧
[00:34:34.440 --> 00:34:36.440]  但是我想說
[00:34:36.440 --> 00:34:39.440]  就是因為十字架的道理
[00:34:39.440 --> 00:34:40.440]  保羅說
[00:34:40.440 --> 00:34:43.440]  那滅亡的人是體為愚拙
[00:34:43.440 --> 00:34:45.440]  那些得救的人
[00:34:45.440 --> 00:34:50.440]  卻是視為神的大能
[00:34:50.440 --> 00:34:52.440]  十字架的大能
[00:34:52.440 --> 00:34:55.440]  可以打破人與人之間的對立
[00:34:55.440 --> 00:34:58.440]  可以打破人自以為意
[00:34:58.440 --> 00:35:00.440]  廢掉冤仇
[00:35:00.440 --> 00:35:02.440]  就好像保羅的時代裡面
[00:35:02.440 --> 00:35:06.440]  猶太人和外邦人彼此之間的仇恨
[00:35:06.440 --> 00:35:10.440]  因為十字架的緣故得以廢除
[00:35:10.440 --> 00:35:11.440]  因為十字架的緣故
[00:35:11.440 --> 00:35:16.440]  他們能夠變回神家裡面的人
[00:35:16.440 --> 00:35:17.440]  人與人之間的對立
[00:35:17.440 --> 00:35:21.440]  也在耶穌基督裡面成為一體
[00:35:21.440 --> 00:35:23.440]  彼此合一
[00:35:23.440 --> 00:35:29.440]  這就是十字架和愛的記號
[00:35:29.440 --> 00:35:30.440]  各位頂姐妹
[00:35:30.440 --> 00:35:32.440]  此刻我們眼前
[00:35:32.440 --> 00:35:36.440]  就是在面對一個磨難的日子
[00:35:36.440 --> 00:35:37.440]  是集體的
[00:35:37.440 --> 00:35:38.440]  是所有的人
[00:35:38.440 --> 00:35:42.440]  是上下左右無一倖免
[00:35:42.440 --> 00:35:48.440]  大家都體會一個很不容易度過的片段經歷
[00:35:48.440 --> 00:35:49.440]  在這段時間我也在想
[00:35:49.440 --> 00:35:55.440]  這些經歷會不會成為我們每一個頂姐妹的生命
[00:35:55.440 --> 00:35:57.440]  和我們整個的信仰群體
[00:35:57.440 --> 00:36:07.440]  好像在金紙的紅爐裡面被煉成的一個歷程
[00:36:07.440 --> 00:36:08.440]  盼望
[00:36:08.440 --> 00:36:11.440]  你和我都因信神
[00:36:11.440 --> 00:36:13.440]  就是那位使死人復活
[00:36:13.440 --> 00:36:15.440]  使無變為有
[00:36:15.440 --> 00:36:17.440]  因信上帝
[00:36:17.440 --> 00:36:19.440]  在無可指望的裡面
[00:36:19.440 --> 00:36:21.440]  祂成就祂的應許
[00:36:21.440 --> 00:36:23.440]  因為信上帝的緣故
[00:36:23.440 --> 00:36:29.440]  為愛忍受苦悲死而復活
[00:36:29.440 --> 00:36:33.440]  即使目前我們遇到幾個困難
[00:36:33.440 --> 00:36:34.440]  挫折
[00:36:34.440 --> 00:36:36.440]  沮喪的事情
[00:36:36.440 --> 00:36:40.440]  我們仍然能夠靠主喜樂
[00:36:40.440 --> 00:36:41.440]  盼望
[00:36:41.440 --> 00:36:43.440]  最後我們一起以這一句經文
[00:36:43.440 --> 00:36:46.440]  來完成今天的講章
[00:36:46.440 --> 00:36:47.440]  我們一起讀出來
[00:36:47.440 --> 00:36:48.440]  預備起
[00:36:48.440 --> 00:36:54.440]  不但如此,就是在患難中也是歡歡喜喜的
[00:36:54.440 --> 00:36:57.440]  因為知道患難生忍耐
[00:36:57.440 --> 00:36:59.440]  忍耐生老練
[00:36:59.440 --> 00:37:01.440]  老練生盼望
[00:37:01.440 --> 00:37:04.440]  盼望不至於羞恥
[00:37:04.440 --> 00:37:07.440]  因為所洩含我們的性命
[00:37:07.440 --> 00:37:11.440]  將神的愛攪灌在我們心裡
[00:37:11.440 --> 00:37:15.440]  我們一起低頭禱告
[00:37:15.440 --> 00:37:20.440]  在這一刻我也很想你去為自己來禱告
[00:37:20.440 --> 00:37:22.440]  藉著今天這段經文
[00:37:22.440 --> 00:37:26.440]  上帝跟我們說什麼話呢?
[00:37:26.440 --> 00:37:28.440]  我們要怎樣去回應
[00:37:28.440 --> 00:37:30.440]  上帝的呼召
[00:37:30.440 --> 00:37:32.440]  上帝的話語
[00:37:32.440 --> 00:37:34.440]  怎樣去堅定我們
[00:37:34.440 --> 00:37:35.440]  上帝的話語
[00:37:35.440 --> 00:37:36.440]  怎樣來帶領我們
[00:37:36.440 --> 00:37:39.440]  面對當下的處境
[00:37:46.440 --> 00:37:48.440]  我們一起禱告
[00:37:48.440 --> 00:37:50.440]  天父我們要感謝祢
[00:37:50.440 --> 00:37:51.440]  感謝祢
[00:37:51.440 --> 00:37:55.440]  祢就是那位超越萬有的主
[00:37:55.440 --> 00:37:56.440]  我們要讚美祢
[00:37:56.440 --> 00:37:59.440]  因為祢就是那位無所不能
[00:37:59.440 --> 00:38:00.440]  無所不在
[00:38:00.440 --> 00:38:02.440]  無所不知的神
[00:38:02.440 --> 00:38:06.440]  祢就是那位洗死人的神
[00:38:06.440 --> 00:38:08.440]  祢就是那位洗死人的神
[00:38:08.440 --> 00:38:10.440]  祢就是那位洗死人的神
[00:38:10.440 --> 00:38:12.440]  祢就是那位洗死人的神
[00:38:12.440 --> 00:38:14.440]  祢就是那位洗死人的神
[00:38:14.440 --> 00:38:16.440]  祢就是那位洗死人復活
[00:38:16.440 --> 00:38:19.440]  洗無變為有的神
[00:38:19.440 --> 00:38:20.440]  主啊
[00:38:20.440 --> 00:38:23.440]  求我們每一個弟兄姊妹
[00:38:23.440 --> 00:38:26.440]  我們都是能夠去認定祢
[00:38:26.440 --> 00:38:28.440]  我們緊緊的來跟隨祢
[00:38:28.440 --> 00:38:29.440]  主啊
[00:38:29.440 --> 00:38:31.440]  求祢也赦免我們的無知
[00:38:31.440 --> 00:38:32.440]  因為很多時候
[00:38:32.440 --> 00:38:36.440]  我們都活在一個自我的裡面
[00:38:36.440 --> 00:38:39.440]  我們的信心很軟弱
[00:38:39.440 --> 00:38:42.440]  我們都會受到環境
[00:38:42.440 --> 00:38:44.440]  受到我們的經驗
[00:38:44.440 --> 00:38:46.440]  以致到限制天父
[00:38:46.440 --> 00:38:48.440]  祢在我們生命裡面的作為
[00:38:48.440 --> 00:38:51.440]  以致到限制我們看不見
[00:38:51.440 --> 00:38:54.440]  天父祢的心意
[00:38:54.440 --> 00:38:55.440]  主啊
[00:38:55.440 --> 00:38:56.440]  求祢幫助我們
[00:38:56.440 --> 00:38:58.440]  憐憫我們
[00:38:58.440 --> 00:38:59.440]  赦免我們
[00:38:59.440 --> 00:39:02.440]  讓我們都能夠在絕望的裡面
[00:39:02.440 --> 00:39:04.440]  因為我們去認定祢
[00:39:04.440 --> 00:39:05.440]  依靠祢
[00:39:05.440 --> 00:39:07.440]  因為我們去到親近祢的時候
[00:39:07.440 --> 00:39:08.440]  主啊
[00:39:08.440 --> 00:39:10.440]  祢就向我們說話
[00:39:10.440 --> 00:39:14.440]  使我們心裡面能夠信心得以堅固
[00:39:14.440 --> 00:39:17.440]  使我們能夠在困境裡面
[00:39:17.440 --> 00:39:19.440]  仍有指望
[00:39:19.440 --> 00:39:20.440]  主啊
[00:39:20.440 --> 00:39:23.440]  求祢來光照我們
[00:39:23.440 --> 00:39:25.440]  使我們每一個屬祢的兒女
[00:39:25.440 --> 00:39:27.440]  我們都能夠在此刻
[00:39:27.440 --> 00:39:30.440]  我們的身份、崗位、角色裡面
[00:39:30.440 --> 00:39:33.440]  繼續去敏銳上帝祢自己的大名
[00:39:33.440 --> 00:39:36.440]  繼續去敏銳前面的路
[00:39:36.440 --> 00:39:39.440]  我們應該怎樣去與神同行
[00:39:39.440 --> 00:39:41.440]  與神同工
[00:39:41.440 --> 00:39:43.440]  教我們怎樣去禱告
[00:39:43.440 --> 00:39:46.440]  以致我們能夠在這一個歷程裡面
[00:39:46.440 --> 00:39:48.440]  正如剛才的經文所說
[00:39:48.440 --> 00:39:52.440]  我們能夠在患難裡面新忍耐
[00:39:52.440 --> 00:39:53.440]  忍耐裡面新老練
[00:39:53.440 --> 00:39:55.440]  老練新盼望
[00:39:55.440 --> 00:39:58.440]  盼望不至於羞恥
[00:39:58.440 --> 00:40:01.440]  願祢的愛常常地
[00:40:01.440 --> 00:40:04.440]  囂冠在眾人的內心裡面
[00:40:04.440 --> 00:40:05.440]  多謝祢
[00:40:05.440 --> 00:40:08.440]  求祢垂聽我們每一個的禱告
[00:40:08.440 --> 00:40:09.940]  禱告奉耶穌基督
[00:40:09.940 --> 00:40:11.340]  得勝的名祈求
[00:40:11.340 --> 00:40:12.340]  阿們
