
[00:00:00.000 --> 00:00:05.120]  今天很想跟大家說一些
[00:00:05.120 --> 00:00:09.720]  我們生命裏面的一些挫折
[00:00:09.720 --> 00:00:11.400]  或者是一些「雨」的事
[00:00:11.400 --> 00:00:17.720]  或者是一些難忘的「雨事」
[00:00:17.720 --> 00:00:21.400]  話說中學水運會的時候
[00:00:21.400 --> 00:00:25.640]  杜牧師在講台上又不做啦啦隊
[00:00:25.640 --> 00:00:27.640]  你知道做水運會很悶的
[00:00:27.640 --> 00:00:29.680]  水運會沒什麼好做的
[00:00:29.680 --> 00:00:32.240]  唯有打一下遊戲機
[00:00:32.240 --> 00:00:35.160]  杜牧師那段時間其實也有遊戲機的
[00:00:35.160 --> 00:00:38.240]  不過那些遊戲機就沒大家那麼好玩的
[00:00:38.240 --> 00:00:40.200]  主要就是
[00:00:40.200 --> 00:00:41.160]  笑死你了
[00:00:41.160 --> 00:00:43.080]  就是那個計算機裏面
[00:00:43.080 --> 00:00:45.160]  有些數字這樣
[00:00:45.160 --> 00:00:47.080]  加上10那些就打
[00:00:47.080 --> 00:00:50.600]  打完之後數字就一路快快地加進來
[00:00:50.600 --> 00:00:52.200]  越打越快的時候
[00:00:52.200 --> 00:00:55.520]  如果趕不及就會輸了
[00:00:55.520 --> 00:01:00.400]  在牧師很興高采烈地打遊戲機的時候
[00:01:00.400 --> 00:01:02.400]  打數字的時候
[00:01:02.400 --> 00:01:05.280]  突然間老師一經過的時候
[00:01:05.280 --> 00:01:10.840]  就說水運會不准打機的
[00:01:10.840 --> 00:01:13.200]  我們要沒收你那部機
[00:01:13.200 --> 00:01:16.680]  你要去校務處
[00:01:16.680 --> 00:01:19.600]  放完假之後在校務處找回我
[00:01:19.600 --> 00:01:21.240]  才給你
[00:01:21.240 --> 00:01:23.960]  幸好不用家長才給
[00:01:23.960 --> 00:01:25.840]  因為我聽女兒說
[00:01:25.840 --> 00:01:28.960]  現在如果在上課
[00:01:28.960 --> 00:01:33.520]  打電話講電話響都不行的
[00:01:33.520 --> 00:01:36.040]  我不知道你們學校有沒有這樣的規矩
[00:01:36.040 --> 00:01:38.520]  不可以給你電話響的
[00:01:38.520 --> 00:01:42.760]  電話響都沒收你那部機的
[00:01:42.760 --> 00:01:45.480]  所以其實我們都發現
[00:01:45.480 --> 00:01:49.920]  其實很多長輩都經常給我們一些驚嚇的
[00:01:49.920 --> 00:01:53.280]  經常都讓我們覺得不安的
[00:01:53.280 --> 00:01:57.800]  但是在自己的生命裏面又覺得
[00:01:57.800 --> 00:02:02.280]  有時長輩對我們的提醒是很重要的
[00:02:02.280 --> 00:02:03.360]  是很好的
[00:02:03.360 --> 00:02:05.560]  因為他提醒我的時候
[00:02:05.560 --> 00:02:08.040]  我就不會撞板
[00:02:08.040 --> 00:02:14.320]  又想起牧師那時候已經在教會做傳導人
[00:02:14.320 --> 00:02:16.440]  不知道大家有沒有聽過
[00:02:16.440 --> 00:02:19.880]  我為什麼會和師母相識呢
[00:02:19.880 --> 00:02:24.040]  主要是因為大家都在同一個團契
[00:02:24.040 --> 00:02:26.280]  或者座道會裏面一起侍奉
[00:02:26.280 --> 00:02:28.280]  那時候我是做傳導人
[00:02:28.280 --> 00:02:32.560]  當時師母還不是
[00:02:32.560 --> 00:02:36.280]  她就在團契裏面去幫忙
[00:02:36.280 --> 00:02:38.800]  但是我心裏面一直都有很感動
[00:02:38.800 --> 00:02:43.960]  就是希望怎樣去表達我自己對她的意思
[00:02:43.960 --> 00:02:47.880]  但是我當時就做了一件很聰明的事
[00:02:47.880 --> 00:02:52.000]  就是將我這個心思和我一位同工
[00:02:52.000 --> 00:02:54.800]  就是教牧的女同工
[00:02:54.800 --> 00:02:56.480]  就是我們一起侍奉的女同工
[00:02:56.480 --> 00:02:57.800]  她比我年長一點
[00:02:57.800 --> 00:02:59.880]  比我經驗豐富一點
[00:02:59.880 --> 00:03:02.840]  她就說「好吧,我又為你祈禱」
[00:03:02.840 --> 00:03:04.400]  「你自己又祈禱」
[00:03:04.400 --> 00:03:09.040]  「究竟你這個心中的感動是不是對方的呢?」
[00:03:09.040 --> 00:03:13.200]  後來這位女傳導
[00:03:13.200 --> 00:03:17.600]  她就說「哎呀,我也和你一起祈禱」
[00:03:17.600 --> 00:03:19.560]  因為她的鼓勵之下
[00:03:19.560 --> 00:03:25.520]  我才夠膽跟師母說
[00:03:25.520 --> 00:03:27.960]  其實我心裏面也有感動的
[00:03:27.960 --> 00:03:31.480]  一直覺得神讓我認識你
[00:03:31.480 --> 00:03:37.600]  我感受到神有感動將我們放在一起
[00:03:37.600 --> 00:03:39.600]  最重要的一件事
[00:03:39.600 --> 00:03:42.160]  我有感動,她也要有感動才行
[00:03:42.160 --> 00:03:43.640]  如果我有感動,她沒有感動
[00:03:43.640 --> 00:03:45.640]  那就不行了
[00:03:45.640 --> 00:03:49.600]  所以這位女傳導也給了我很大的鼓勵
[00:03:49.600 --> 00:03:53.520]  在過程裏面提醒我
[00:03:53.520 --> 00:03:55.720]  去做一件事的時候
[00:03:55.720 --> 00:03:57.720]  要先去禱告,去尋求
[00:03:57.720 --> 00:04:01.440]  而且她說她會和我一起禱告
[00:04:01.440 --> 00:04:04.600]  她在當中也留意和物色
[00:04:04.600 --> 00:04:08.440]  在過程裏面所發展的情況
[00:04:08.440 --> 00:04:11.080]  所以在教會裏面
[00:04:11.080 --> 00:04:13.880]  其中一件事最寶貴的就是
[00:04:13.880 --> 00:04:16.920]  我們有一些哥哥姐姐也好
[00:04:16.920 --> 00:04:22.120]  或者有一些比我們年長的人
[00:04:22.120 --> 00:04:23.720]  其實在我們的生活裏面
[00:04:23.720 --> 00:04:27.640]  成為我們的指導和關心是很重要的
[00:04:27.640 --> 00:04:33.520]  一直到我完成神學出來的時候
[00:04:33.520 --> 00:04:38.800]  其中有一位牧師成為我很大的鼓勵
[00:04:38.800 --> 00:04:42.160]  因為我心目中有什麼不開心
[00:04:42.160 --> 00:04:45.000]  有什麼困難的時候我都會和他分享
[00:04:45.000 --> 00:04:47.320]  所以你看到在人生裏面
[00:04:47.320 --> 00:04:49.120]  特別在我們這個群體裏面
[00:04:49.120 --> 00:04:52.280]  能夠有一個前輩、一個長輩
[00:04:52.280 --> 00:04:54.680]  去成為我們的鼓勵和同行
[00:04:54.680 --> 00:04:56.720]  是一件很寶貴的事情
[00:04:56.720 --> 00:04:58.920]  所以我很鼓勵每一位
[00:04:58.920 --> 00:05:01.120]  我們今天都年輕的時候
[00:05:01.120 --> 00:05:02.720]  我們都要認定
[00:05:02.720 --> 00:05:05.160]  神要讓我們在這個教會裏面
[00:05:05.160 --> 00:05:08.120]  不只是我們同年齡的一班人
[00:05:08.120 --> 00:05:10.120]  是我們有跨代的
[00:05:10.120 --> 00:05:11.680]  不單止我們這一代的人
[00:05:11.680 --> 00:05:15.800]  我們和其他的代人都能夠結連在一起
[00:05:15.800 --> 00:05:19.320]  我們的生命就能夠更加精彩
[00:05:19.320 --> 00:05:22.440]  而且更加合乎神的心意
[00:05:22.440 --> 00:05:25.720]  所以今天和大家去思想的
[00:05:25.720 --> 00:05:28.080]  就是我們在教會裏面
[00:05:28.080 --> 00:05:32.280]  我們要建立跨代的真實的關係
[00:05:32.280 --> 00:05:33.640]  跨代的真實關係
[00:05:33.640 --> 00:05:35.360]  不單止是人與人
[00:05:35.360 --> 00:05:36.960]  即是我們同代的真實關係
[00:05:36.960 --> 00:05:38.520]  我們要跨代的
[00:05:38.520 --> 00:05:40.560]  都要有一種真實的關係
[00:05:40.560 --> 00:05:43.160]  讓我們一起有祈禱
[00:05:43.160 --> 00:05:46.400]  慈愛天父,我們願意你去幫助我們
[00:05:46.400 --> 00:05:48.480]  從你的話語,你的聖經裏面
[00:05:48.480 --> 00:05:49.640]  讓我們看到
[00:05:49.640 --> 00:05:52.400]  今天有一件事是非常重要的
[00:05:52.400 --> 00:05:54.160]  就是我們要去建立一個
[00:05:54.160 --> 00:05:56.800]  跨代真實同行的關係
[00:05:56.800 --> 00:05:59.680]  以致我們的生命不是孤軍作戰
[00:05:59.680 --> 00:06:02.120]  不是我們自己一個人在摸索
[00:06:02.120 --> 00:06:05.000]  而是我們真是同一班的人同行
[00:06:05.000 --> 00:06:07.160]  以致我們的生命能夠看到
[00:06:07.160 --> 00:06:08.720]  在這一班人裏面
[00:06:08.720 --> 00:06:10.520]  我們一起去尋求主
[00:06:10.520 --> 00:06:12.880]  在我們當中的引導和帶領
[00:06:12.880 --> 00:06:14.800]  天父,你與我們同在
[00:06:14.800 --> 00:06:16.160]  帥領我們
[00:06:16.160 --> 00:06:17.680]  我們在你面前祈禱
[00:06:17.680 --> 00:06:21.160]  感恩奉主名求
[00:06:21.160 --> 00:06:24.520]  今天和大家去思想提多書
[00:06:24.520 --> 00:06:28.400]  其實上個月和大家思想了提多書第一章
[00:06:28.400 --> 00:06:31.080]  上個月主要和你講
[00:06:31.080 --> 00:06:32.520]  你要對自己有期望
[00:06:32.520 --> 00:06:35.000]  我不知道大家記不記得
[00:06:35.000 --> 00:06:38.520]  期望這件事是人家對你有的期望
[00:06:38.520 --> 00:06:40.760]  但是不單是人家對你有期望
[00:06:40.760 --> 00:06:42.640]  你自己也要對自己有期望
[00:06:42.640 --> 00:06:44.600]  因為我們是屬神的兒女
[00:06:44.600 --> 00:06:48.280]  所以神對我們有一個十足的信心
[00:06:48.280 --> 00:06:51.000]  就是要讓我們的生命能夠成為一個
[00:06:51.000 --> 00:06:52.320]  神所喜悅的人
[00:06:52.320 --> 00:06:54.040]  神所使用的人
[00:06:54.040 --> 00:06:57.840]  今天我們繼續看提多書第二章的時候
[00:06:57.840 --> 00:07:01.160]  我們就去思想提多
[00:07:01.160 --> 00:07:03.360]  保羅怎樣去幫助提多
[00:07:03.360 --> 00:07:07.200]  去和教會裏面不同年齡層的人
[00:07:07.200 --> 00:07:08.880]  去相處
[00:07:08.880 --> 00:07:11.080]  其實這個手冊是很重要的
[00:07:11.080 --> 00:07:14.840]  因為當我們知道不同年齡層的人
[00:07:14.840 --> 00:07:19.680]  他們的生命有什麼特質的時候
[00:07:19.680 --> 00:07:23.320]  我們就懂得怎樣和他們好好相處
[00:07:23.320 --> 00:07:26.920]  所以這次保羅不單是對我們年輕人
[00:07:26.920 --> 00:07:29.320]  是對我們不同年齡層的人
[00:07:29.320 --> 00:07:32.120]  都一樣有那種提醒
[00:07:32.120 --> 00:07:34.120]  我們不如先看看聖經
[00:07:34.120 --> 00:07:35.800]  提多書第二章
[00:07:35.800 --> 00:07:37.600]  第一到第十五節
[00:07:37.600 --> 00:07:42.680]  所以我們去思想一下
[00:07:42.680 --> 00:07:47.240]  其實保羅怎樣勸勉提多的時候
[00:07:47.240 --> 00:07:49.360]  亦都怎樣勸勉我們
[00:07:49.360 --> 00:07:52.240]  我們在剛才那段經文裏面
[00:07:52.240 --> 00:07:56.360]  我們就看到提多
[00:07:56.360 --> 00:07:58.840]  保羅勸勉提多的時候
[00:07:58.840 --> 00:08:03.000]  是要將他的焦點放在這個信徒
[00:08:03.000 --> 00:08:06.640]  整體的品格和操守上面
[00:08:06.640 --> 00:08:08.400]  你留意在聖經裏面
[00:08:08.400 --> 00:08:12.760]  提到不同年紀的人應該怎樣做
[00:08:12.760 --> 00:08:16.120]  這個經文就不多
[00:08:16.120 --> 00:08:19.920]  所以今天這段聖經比較特別的地方
[00:08:19.920 --> 00:08:22.440]  就是他覺得已經是說
[00:08:22.440 --> 00:08:26.680]  勸那些老年人是怎樣
[00:08:26.680 --> 00:08:28.920]  勸那些年長的婦女是怎樣
[00:08:28.920 --> 00:08:31.120]  勸那些年輕人是怎樣
[00:08:31.120 --> 00:08:34.040]  所以保羅在他的教導裏面
[00:08:34.040 --> 00:08:36.920]  很注重在教會群體裏面
[00:08:36.920 --> 00:08:38.640]  每一個年齡層的人
[00:08:38.640 --> 00:08:40.440]  其實都有一些地方
[00:08:40.440 --> 00:08:43.040]  他的生命繼續需要去成長
[00:08:43.040 --> 00:08:46.520]  所以其實我們單去了解
[00:08:46.520 --> 00:08:49.000]  對其他人的提醒的時候
[00:08:49.000 --> 00:08:52.640]  其實亦都是對自己一個提醒和一個學習
[00:08:52.640 --> 00:08:55.440]  所以我們要留心一件事的時候
[00:08:55.440 --> 00:08:57.520]  其實在教會裏面
[00:08:57.520 --> 00:09:01.240]  當我們明白到神對其他年紀的人的教導的時候
[00:09:01.240 --> 00:09:04.080]  其實和我們息息相關
[00:09:04.080 --> 00:09:07.080]  我們要了解一下
[00:09:07.080 --> 00:09:10.520]  其實保羅在這段經文裏面
[00:09:10.520 --> 00:09:13.720]  向長者、年輕人、提多
[00:09:13.720 --> 00:09:17.840]  和作僕人提出一些在生活上的教導
[00:09:17.840 --> 00:09:21.760]  當中包含他們要建立一個美德
[00:09:21.760 --> 00:09:24.160]  和去除惡
[00:09:24.160 --> 00:09:29.680]  他們要建立一個美德和去除一些不好的習慣
[00:09:29.680 --> 00:09:32.440]  這是很有趣的
[00:09:32.440 --> 00:09:35.160]  我想問一下你認為
[00:09:35.160 --> 00:09:39.560]  聖經裏面所講的那些老年人
[00:09:39.560 --> 00:09:41.200]  先講一下
[00:09:41.200 --> 00:09:45.040]  在聖經裏面有多少歲為之老年人呢?
[00:09:45.040 --> 00:09:48.040]  60歲嗎?
[00:09:48.040 --> 00:09:51.720]  對不對?60歲是不是老呢?
[00:09:51.720 --> 00:09:55.960]  今天如果你叫一個60歲的人做老年人
[00:09:55.960 --> 00:09:59.360]  你猜那個人肯不肯得過你呢?
[00:09:59.360 --> 00:10:02.280]  他不肯得過你啦
[00:10:02.280 --> 00:10:05.400]  因為現在很……
[00:10:05.400 --> 00:10:09.280]  70歲才開始最精力旺盛的嘛
[00:10:09.280 --> 00:10:11.680]  如果是一般的人
[00:10:11.680 --> 00:10:15.480]  但是原來在保羅那個時代
[00:10:15.480 --> 00:10:17.680]  就不是這樣計算的
[00:10:17.680 --> 00:10:19.960]  你真的要聽著
[00:10:19.960 --> 00:10:23.200]  牧師已經是老年人了
[00:10:23.200 --> 00:10:26.840]  在聖經的標準牧師已經是老年人了
[00:10:26.840 --> 00:10:31.120]  為什麼呢?牧師剛剛50歲
[00:10:31.120 --> 00:10:36.840]  50歲以上的人就當是老年人了
[00:10:36.840 --> 00:10:39.720]  其實有原因的
[00:10:39.720 --> 00:10:43.920]  因為當時的人很早就結婚了
[00:10:43.920 --> 00:10:46.720]  當你16、17歲結婚
[00:10:46.720 --> 00:10:51.680]  當你20歲的時候生孩子
[00:10:51.680 --> 00:10:53.520]  當你50歲的時候
[00:10:53.520 --> 00:10:56.680]  你那個兒子都30歲了
[00:10:56.680 --> 00:10:59.240]  30歲他又可以娶老婆又生小朋友
[00:10:59.240 --> 00:11:00.680]  你做阿爺了
[00:11:00.680 --> 00:11:03.240]  所以50歲做老人一點都不奇怪
[00:11:03.240 --> 00:11:04.600]  在那個時代
[00:11:04.600 --> 00:11:08.440]  其實這個在我們以前舊的年代
[00:11:08.440 --> 00:11:09.680]  都是一樣的
[00:11:09.680 --> 00:11:13.080]  中國以前的年代都是這樣
[00:11:13.080 --> 00:11:14.440]  其實都是一樣
[00:11:14.440 --> 00:11:15.880]  因為那些人很早就結婚了
[00:11:15.880 --> 00:11:20.120]  所以他50歲以上就已經算是老年人了
[00:11:20.120 --> 00:11:21.840]  但是無論如何
[00:11:21.840 --> 00:11:24.880]  老年人怎麼為之老年呢?
[00:11:24.880 --> 00:11:28.880]  就是因為他已經有下一代再下一代了
[00:11:28.880 --> 00:11:31.760]  所以他就為之老年人
[00:11:31.760 --> 00:11:35.400]  其實這個跟那個跨代的關係很重要
[00:11:35.400 --> 00:11:39.800]  老年人就要給那些年輕人有一個榜樣
[00:11:39.800 --> 00:11:42.200]  所以一代給一代有一個榜樣
[00:11:42.200 --> 00:11:45.200]  所以這個才是那個內容的重點
[00:11:45.200 --> 00:11:49.400]  它裏面勸老年人有幾樣東西要注意的
[00:11:49.400 --> 00:11:53.480]  它說勸老年人要有節制
[00:11:53.480 --> 00:11:54.640]  要有端正
[00:11:54.640 --> 00:11:56.000]  要有刻己
[00:11:56.000 --> 00:12:01.760]  在信心、愛心、內心上都要健全
[00:12:01.760 --> 00:12:06.560]  我們就去看一下這段經文
[00:12:06.560 --> 00:12:11.920]  其實在三個地方
[00:12:11.920 --> 00:12:15.560]  我們繼續下去
[00:12:15.560 --> 00:12:18.000]  我們去思想到
[00:12:18.000 --> 00:12:21.040]  為什麼保羅勸勉老年人呢?
[00:12:21.040 --> 00:12:24.720]  就是因為他要我們有一個跨代的結連
[00:12:24.720 --> 00:12:26.560]  能夠活出一個美好的品格
[00:12:26.560 --> 00:12:30.880]  剛才我們說老年人就是年輕一輩的榜樣
[00:12:30.880 --> 00:12:36.400]  所以其實他對不同人生階段的人都有他的提醒
[00:12:36.400 --> 00:12:38.720]  剛才第一方面就說到
[00:12:38.720 --> 00:12:42.120]  我們要老年人有幾樣東西
[00:12:42.120 --> 00:12:44.480]  年長的婦女有幾樣東西
[00:12:44.480 --> 00:12:46.720]  年輕的婦女有幾樣東西
[00:12:46.720 --> 00:12:49.040]  勸年輕人有幾樣東西
[00:12:49.040 --> 00:12:51.760]  其中有一個共同點是什麼呢?
[00:12:51.760 --> 00:12:54.560]  共同的地方就是他們都提及到
[00:12:54.560 --> 00:12:56.200]  他們要刻己
[00:12:56.200 --> 00:12:57.840]  他們要刻己
[00:12:57.840 --> 00:13:00.160]  什麼叫刻己呢?
[00:13:00.160 --> 00:13:02.040]  原來刻己這個字
[00:13:02.040 --> 00:13:05.920]  就是剛才給大家總結了
[00:13:05.920 --> 00:13:08.080]  健全的教導就是在教會裏面
[00:13:08.080 --> 00:13:11.680]  我們要有一個合乎真理的教導
[00:13:11.680 --> 00:13:13.720]  這個就是所謂的健全的教導
[00:13:13.720 --> 00:13:16.720]  而在不同的年齡層的時候
[00:13:16.720 --> 00:13:20.960]  都要有一個地方他們特別留意的叫刻己
[00:13:20.960 --> 00:13:22.640]  究竟什麼叫刻己呢?
[00:13:22.640 --> 00:13:24.440]  如果我們明白到刻己的時候
[00:13:24.440 --> 00:13:30.840]  我們就明白到這個跨代同行的重心在哪裡
[00:13:30.840 --> 00:13:32.680]  刻己這個意思是什麼呢?
[00:13:32.680 --> 00:13:34.480]  就是自我控制
[00:13:34.480 --> 00:13:37.760]  就是一個自我約束的生命
[00:13:37.760 --> 00:13:43.600]  就是很有智慧地去管理自己的熱情和渴望
[00:13:43.600 --> 00:13:47.560]  第二個意思就是一個謹慎的意思
[00:13:47.560 --> 00:13:50.480]  所以你留意刻己這個字
[00:13:50.480 --> 00:13:52.440]  對我們來說
[00:13:52.440 --> 00:13:55.960]  特別年輕人是有一個很重要的意思
[00:13:55.960 --> 00:13:59.880]  就是一種自我約束的生命
[00:13:59.880 --> 00:14:03.720]  我不知道大家聽聖經故事的時候
[00:14:03.720 --> 00:14:08.720]  有沒有聽過一個故事叫做參宣
[00:14:08.720 --> 00:14:09.960]  有沒有啊?
[00:14:09.960 --> 00:14:10.480]  有啊?
[00:14:10.480 --> 00:14:13.440]  有還是沒有啊?
[00:14:13.440 --> 00:14:14.320]  好了
[00:14:14.320 --> 00:14:17.400]  到故事時間了
[00:14:17.400 --> 00:14:17.840]  好了
[00:14:17.840 --> 00:14:23.720]  那大家說一說參宣的故事給我聽聽
[00:14:23.720 --> 00:14:28.320]  你記得參宣是做些什麼的
[00:14:28.320 --> 00:14:29.400]  是事司來的
[00:14:29.400 --> 00:14:30.800]  還有呢
[00:14:30.800 --> 00:14:31.440]  提一提
[00:14:31.440 --> 00:14:33.600]  你能說幾樣東西讓我知道
[00:14:33.600 --> 00:14:34.200]  不要緊
[00:14:34.200 --> 00:14:37.480]  你告訴我吧
[00:14:37.480 --> 00:14:38.680]  參宣是很大力的
[00:14:38.680 --> 00:14:40.680]  還有呢
[00:14:40.680 --> 00:14:41.640]  長頭髮的
[00:14:41.640 --> 00:14:42.280]  是
[00:14:42.280 --> 00:14:43.000]  長頭髮
[00:14:43.000 --> 00:14:43.720]  厲害
[00:14:43.720 --> 00:14:44.880]  你也記得
[00:14:44.880 --> 00:14:49.000]  還有些什麼?
[00:14:49.000 --> 00:14:49.880]  記不記得?
[00:14:49.880 --> 00:14:53.720]  參宣有些什麼特色?
[00:14:53.720 --> 00:14:59.680]  他是不是一個很有節制的人?
[00:14:59.680 --> 00:15:01.040]  不知道
[00:15:01.040 --> 00:15:04.240]  猜猜
[00:15:04.240 --> 00:15:04.720]  好了
[00:15:04.720 --> 00:15:13.120]  牧師就說回我們主日學的課程給大家聽
[00:15:13.120 --> 00:15:17.640]  大家知道其實參宣是一個事司來的
[00:15:17.640 --> 00:15:23.240]  事司其實一出生就有一個心願
[00:15:23.240 --> 00:15:27.400]  他的媽媽就已經將他獻給神了
[00:15:27.400 --> 00:15:31.440]  就叫做那世爾人
[00:15:31.440 --> 00:15:33.200]  那世爾人是做什麼的呢?
[00:15:33.200 --> 00:15:36.720]  就是說他清酒濃酒都不能喝的
[00:15:36.720 --> 00:15:40.560]  而且他從小就不會剃頭髮的
[00:15:40.560 --> 00:15:42.400]  所以他的頭髮這麼長
[00:15:42.400 --> 00:15:45.640]  就因為他立了願做那世爾人
[00:15:45.640 --> 00:15:48.800]  那世爾人是一個離族歸性的人
[00:15:48.800 --> 00:15:54.720]  他應該在生命裡面很常常和主有親近的
[00:15:54.720 --> 00:15:56.120]  但是很可惜
[00:15:56.120 --> 00:15:58.440]  其實參宣就相反的
[00:15:58.440 --> 00:16:00.520]  他是一個很反叛的人
[00:16:00.520 --> 00:16:04.120]  他是一個很不聽話的人
[00:16:04.120 --> 00:16:06.640]  但是神就很奇怪
[00:16:06.640 --> 00:16:11.560]  神竟然用他去懲罰當時的非利士人
[00:16:11.560 --> 00:16:15.960]  當時的國家就陷在一個很痛苦的時刻
[00:16:15.960 --> 00:16:20.800]  因為當時以色列人就被非利士人欺壓
[00:16:20.800 --> 00:16:24.760]  所以神興起參宣成為一個事司
[00:16:24.760 --> 00:16:28.880]  就是帶領他們去擊退敵人
[00:16:28.880 --> 00:16:32.920]  但是其實你看回參宣裡面的故事
[00:16:32.920 --> 00:16:38.840]  沒有一個故事是說到參宣是帶領那群百姓去擊殺敵人的
[00:16:38.840 --> 00:16:39.880]  攻打敵人的
[00:16:39.880 --> 00:16:41.280]  是沒有的
[00:16:41.280 --> 00:16:44.520]  全部的故事都是他單打獨鬥的
[00:16:44.520 --> 00:16:49.800]  全部的故事都是因為他那個義氣之爭
[00:16:49.800 --> 00:16:52.880]  所以就傷害了那些非利士人
[00:16:52.880 --> 00:16:56.320]  完全不是因為神在他們的生命裡面有什麼可以做
[00:16:56.320 --> 00:16:58.040]  雖然神揀選了他
[00:16:58.040 --> 00:17:02.760]  但是他的生命不能夠去管理好自己的生命
[00:17:02.760 --> 00:17:07.000]  所以他的生命的結局就很悲慘
[00:17:07.000 --> 00:17:12.520]  記不記得參宣為什麼這麼大力
[00:17:12.520 --> 00:17:15.520]  參宣這麼大力是因為他的頭髮
[00:17:15.520 --> 00:17:23.080]  非利士人就用了重金賄賂了他的女人
[00:17:23.080 --> 00:17:25.520]  因為他有很多個太太
[00:17:25.520 --> 00:17:31.720]  後來這個女人叫什麼名字
[00:17:31.720 --> 00:17:37.240]  誰哄她說出她頭髮的秘密
[00:17:37.240 --> 00:17:39.200]  對了 大利拉
[00:17:39.200 --> 00:17:42.600]  所以第一次說的時候
[00:17:42.600 --> 00:17:45.800]  參宣當然不會傻 不會跟她說他的秘密
[00:17:45.800 --> 00:17:47.520]  第二次說都不會說
[00:17:47.520 --> 00:17:49.280]  為什麼第三次說的時候
[00:17:49.280 --> 00:17:51.720]  參宣大利拉就說
[00:17:51.720 --> 00:17:53.160]  你愛不愛我
[00:17:53.160 --> 00:17:54.320]  你都不愛我
[00:17:54.320 --> 00:17:58.840]  你都不說你心裡面的秘密給我聽
[00:17:58.840 --> 00:18:00.520]  她就說
[00:18:00.520 --> 00:18:02.200]  我想參宣的內心就說
[00:18:02.200 --> 00:18:04.680]  哎呀 女人真是很煩
[00:18:04.680 --> 00:18:07.160]  算了 算了 我就告訴你
[00:18:07.160 --> 00:18:09.400]  如果你將她的頭髮剪了之後
[00:18:09.400 --> 00:18:11.000]  我們就會沒有氣力了
[00:18:11.000 --> 00:18:15.200]  就好像上人一樣
[00:18:15.200 --> 00:18:17.280]  當大利拉知道他的秘密之後
[00:18:17.280 --> 00:18:19.920]  連夜就找了非利士人來
[00:18:19.920 --> 00:18:23.640]  在半夜三更的時候就剃了他的頭髮
[00:18:23.640 --> 00:18:25.120]  然後大利拉就說
[00:18:25.120 --> 00:18:26.320]  非利士人來了
[00:18:26.320 --> 00:18:28.520]  其實他那時候就希望掙脫
[00:18:28.520 --> 00:18:30.160]  因為他之前那兩次
[00:18:30.160 --> 00:18:32.440]  都能夠很順利地掙脫那條繩子
[00:18:32.440 --> 00:18:34.880]  綁住他的人
[00:18:34.880 --> 00:18:35.960]  但是這次不行了
[00:18:35.960 --> 00:18:38.760]  因為他發現他的頭髮被剃了之後
[00:18:38.760 --> 00:18:41.200]  整個身體都沒有力氣了
[00:18:41.200 --> 00:18:44.480]  所以他就束手就擒
[00:18:44.480 --> 00:18:46.760]  參宣的結局就慘了
[00:18:46.760 --> 00:18:48.320]  因為他被人抓了之後
[00:18:48.320 --> 00:18:50.400]  就把他的雙眼挽了出來
[00:18:50.400 --> 00:18:52.800]  然後逼他去做苦工
[00:18:52.800 --> 00:18:54.640]  天天去做苦工
[00:18:54.640 --> 00:18:58.360]  去到他最後一個情節是怎樣呢
[00:18:58.360 --> 00:19:01.440]  就是當時那些非利士人就戲弄他
[00:19:01.440 --> 00:19:03.120]  就說參宣啊
[00:19:03.120 --> 00:19:05.360]  不如我們出去戲玩一下他
[00:19:05.360 --> 00:19:10.760]  就帶了去當時非利士人的大菌廟那裡
[00:19:10.760 --> 00:19:15.520]  那時候參宣的頭髮就開始長出來了
[00:19:15.520 --> 00:19:17.760]  他就在那裡倚著兩條柱子
[00:19:17.760 --> 00:19:20.480]  他就向神發出一個最後的禱告
[00:19:20.480 --> 00:19:21.800]  主啊
[00:19:21.800 --> 00:19:24.440]  你再一次把力量交給我吧
[00:19:24.440 --> 00:19:27.400]  我願意與這幫人同歸於盡
[00:19:27.400 --> 00:19:29.720]  所以他向前一壓的時候
[00:19:29.720 --> 00:19:33.720]  他就把整個大菌廟的柱子砸倒了
[00:19:33.720 --> 00:19:39.080]  然後整個大菌廟因為沒有了重心就塌了下來
[00:19:39.080 --> 00:19:41.440]  聖經說他當時殺的人
[00:19:41.440 --> 00:19:45.400]  在他平生裡都沒有那次殺的人那麼多
[00:19:45.400 --> 00:19:47.640]  殺了幾千人
[00:19:47.640 --> 00:19:49.000]  參宣是一個什麼人呢
[00:19:49.000 --> 00:19:51.280]  參宣是一個有力量的人
[00:19:51.280 --> 00:19:53.320]  參宣是一個有熱情的人
[00:19:53.320 --> 00:19:57.280]  可惜他的熱情和力量
[00:19:57.280 --> 00:20:02.120]  不是用在神要他用的事上
[00:20:02.120 --> 00:20:06.800]  他沒有一個自我約束的生命
[00:20:06.800 --> 00:20:09.640]  因為參宣不能夠控制他的脾氣
[00:20:09.640 --> 00:20:11.200]  不能夠控制他的食慾
[00:20:11.200 --> 00:20:13.040]  不能夠控制他的性慾
[00:20:13.040 --> 00:20:16.560]  以致他被世界同化
[00:20:16.560 --> 00:20:19.240]  其實今天我們信主的人
[00:20:19.240 --> 00:20:21.000]  都會有這樣的危險的
[00:20:21.000 --> 00:20:22.760]  弟兄姊妹
[00:20:22.760 --> 00:20:25.320]  不要以為我們信了耶穌之後
[00:20:25.320 --> 00:20:26.920]  我們就會沒有這個危險
[00:20:26.920 --> 00:20:30.400]  我們一樣有這個危險
[00:20:30.400 --> 00:20:35.960]  曾經有一位弟兄出身一個破碎的家庭
[00:20:35.960 --> 00:20:39.080]  在他的生命裡有一樣東西是撕不掉的
[00:20:39.080 --> 00:20:40.560]  很痛苦的
[00:20:40.560 --> 00:20:44.920]  就是他經常忍不住
[00:20:44.920 --> 00:20:48.560]  去上網看一些不好的東西
[00:20:48.560 --> 00:20:50.120]  他忍不住
[00:20:50.120 --> 00:20:51.960]  他經常覺得很痛苦
[00:20:51.960 --> 00:20:53.000]  看完之後他又覺得
[00:20:53.000 --> 00:20:54.640]  哎呀為什麼我又再看呢
[00:20:54.640 --> 00:20:55.480]  我真的不行了
[00:20:55.480 --> 00:20:56.360]  我忍不住了
[00:20:56.360 --> 00:20:59.640]  我受不了了
[00:20:59.640 --> 00:21:04.240]  他將這件經過有機會和我分享
[00:21:04.240 --> 00:21:06.240]  其實牧師聽到的時候
[00:21:06.240 --> 00:21:07.880]  牧師都想和他說
[00:21:07.880 --> 00:21:08.880]  唉
[00:21:08.880 --> 00:21:10.080]  牧師都過來人
[00:21:10.080 --> 00:21:12.160]  我都很明白你的掙扎
[00:21:12.160 --> 00:21:14.720]  但是你一定要找到出路
[00:21:14.720 --> 00:21:18.480]  因為你只是不做那件事
[00:21:18.480 --> 00:21:20.080]  你找不到出路
[00:21:20.080 --> 00:21:23.240]  你是沒有辦法解決問題的
[00:21:23.240 --> 00:21:24.960]  那怎麼做呢
[00:21:24.960 --> 00:21:30.480]  你需要求主去有一個守望你的人
[00:21:30.480 --> 00:21:32.240]  守望你的人
[00:21:32.240 --> 00:21:36.360]  那個人就會定期問你
[00:21:36.360 --> 00:21:39.880]  某某某過去那個星期
[00:21:39.880 --> 00:21:43.920]  你有沒有看一些不應該看的網站
[00:21:43.920 --> 00:21:49.600]  你有沒有去做一些神不起眼的事情
[00:21:49.600 --> 00:21:51.480]  你要這樣才行
[00:21:51.480 --> 00:21:55.000]  你如果說我不做我不做
[00:21:55.000 --> 00:21:56.800]  你這樣壓制自己是沒有用的
[00:21:56.800 --> 00:21:58.400]  你一定要有人守望你
[00:21:58.400 --> 00:21:59.520]  有人看著你
[00:21:59.520 --> 00:22:00.960]  有人提醒著你
[00:22:00.960 --> 00:22:03.080]  有人鼓勵著你
[00:22:03.080 --> 00:22:06.840]  那你才可以克服這些問題
[00:22:06.840 --> 00:22:07.840]  所以為什麼我們說
[00:22:07.840 --> 00:22:09.400]  跨代同行那麼重要
[00:22:09.400 --> 00:22:12.360]  如果我們沒有這樣的人的時候
[00:22:12.360 --> 00:22:14.040]  我們就算走錯了路
[00:22:14.040 --> 00:22:15.720]  做一些不對的事情的時候
[00:22:15.720 --> 00:22:17.920]  做一些神不起眼的事情的時候
[00:22:17.920 --> 00:22:20.960]  都沒有人知道
[00:22:20.960 --> 00:22:24.920]  所以今天我們都需要提醒我們的生命
[00:22:24.920 --> 00:22:28.640]  我們需要找到有人守望我們
[00:22:28.640 --> 00:22:29.680]  提醒我們
[00:22:29.680 --> 00:22:32.640]  以致我們不要陷在這些罪裡面
[00:22:32.640 --> 00:22:36.240]  不能自拔
[00:22:36.240 --> 00:22:39.640]  有時其實色情的事情
[00:22:39.640 --> 00:22:42.840]  為什麼會成為人的牢籠呢
[00:22:42.840 --> 00:22:44.640]  弟兄姊妹
[00:22:44.640 --> 00:22:48.280]  其實很可能是因為我們生命裡面
[00:22:48.280 --> 00:22:59.160]  沒有了那種跟人去真實建立關係的意欲
[00:22:59.160 --> 00:23:02.360]  色情很容易給我們的吸引是什麼呢
[00:23:02.360 --> 00:23:05.600]  你不需要跟那個人有什麼交流
[00:23:05.600 --> 00:23:07.920]  你不需要建立一個真實的關係
[00:23:07.920 --> 00:23:11.920]  其實你看到的只是一個虛擬的關係
[00:23:11.920 --> 00:23:14.360]  而且那樣東西是一件物件來的
[00:23:14.360 --> 00:23:18.000]  是一個object來的
[00:23:18.000 --> 00:23:21.120]  是一件物件來的
[00:23:21.120 --> 00:23:24.400]  其實你跟它沒有什麼關係的
[00:23:24.400 --> 00:23:30.600]  你只是滿足你自己那種想像力而已
[00:23:30.600 --> 00:23:34.320]  但是今天我們跟一個人建立一個真實的關係的時候
[00:23:34.320 --> 00:23:35.880]  不是這樣的
[00:23:35.880 --> 00:23:38.840]  一個真實的關係是全人的關係
[00:23:38.840 --> 00:23:40.680]  不是只是看到那個object
[00:23:40.680 --> 00:23:42.560]  然後令到你自己
[00:23:42.560 --> 00:23:45.200]  其實色情的問題是什麼問題
[00:23:45.200 --> 00:23:47.320]  是腦的問題
[00:23:47.320 --> 00:23:50.240]  不是身體的問題
[00:23:50.240 --> 00:23:53.120]  因為我們的腦是掌管著我們的身體
[00:23:53.120 --> 00:23:55.760]  我們的問題是在於我們的腦
[00:23:55.760 --> 00:23:59.920]  我們的腦就經常被我們的幻想
[00:23:59.920 --> 00:24:03.200]  去牢籠了我們的生命
[00:24:03.200 --> 00:24:05.360]  所以其實你想清楚這個問題
[00:24:05.360 --> 00:24:07.640]  怎樣能夠解決呢
[00:24:07.640 --> 00:24:10.960]  不是從做不做那件事開始
[00:24:10.960 --> 00:24:14.640]  是從你的思想的改變來開始
[00:24:14.640 --> 00:24:16.840]  你的思想不能夠改變的時候
[00:24:16.840 --> 00:24:19.320]  你只是說我不做那件事
[00:24:19.320 --> 00:24:21.200]  你是沒有改變到那個事實
[00:24:21.200 --> 00:24:23.120]  你沒有改變到那個傾向
[00:24:23.120 --> 00:24:25.760]  因為你的腦沒有改變
[00:24:25.760 --> 00:24:29.440]  色情的問題就是我們要面對
[00:24:29.440 --> 00:24:31.240]  就是我這樣說
[00:24:31.240 --> 00:24:35.000]  我們跟異性之間的關係
[00:24:35.000 --> 00:24:37.440]  有一個正常化的關係
[00:24:37.440 --> 00:24:42.200]  有一個真實明白相交的關係
[00:24:42.200 --> 00:24:47.160]  這樣我們才可以杜絕這個問題
[00:24:47.160 --> 00:24:49.240]  為什麼牧師能夠說
[00:24:49.240 --> 00:24:51.640]  我今天不去做這些事情
[00:24:51.640 --> 00:24:53.080]  因為我做這件事情
[00:24:53.080 --> 00:24:55.040]  是對不起我的太太的
[00:24:55.040 --> 00:24:58.760]  對不起我的配偶的
[00:24:58.760 --> 00:25:00.960]  等於我今天做這件事情
[00:25:00.960 --> 00:25:02.080]  我們所做的事情
[00:25:02.080 --> 00:25:04.440]  是對不起我們對方的
[00:25:04.440 --> 00:25:07.760]  有一個accountable給我的人的
[00:25:07.760 --> 00:25:09.400]  我要在這件事上面
[00:25:09.400 --> 00:25:15.200]  我們要去拿清楚神的心意
[00:25:15.200 --> 00:25:16.520]  今天我們要克服的是
[00:25:16.520 --> 00:25:19.040]  我們的腦裡面的那種思想
[00:25:19.040 --> 00:25:22.000]  當我們的腦的思想搞得清楚的時候
[00:25:22.000 --> 00:25:26.160]  很多的問題能夠得以解決
[00:25:26.160 --> 00:25:28.440]  參孫為什麼不能夠給神使用
[00:25:28.440 --> 00:25:30.560]  就是因為祂的任性
[00:25:30.560 --> 00:25:31.680]  祂的妄為
[00:25:31.680 --> 00:25:34.960]  掌管了祂所做的一切
[00:25:34.960 --> 00:25:38.400]  今天唯有我們去面對
[00:25:38.400 --> 00:25:41.160]  一個真實的關係
[00:25:41.160 --> 00:25:48.160]  我們才能擺脫那些虛擬的關係
[00:25:48.160 --> 00:25:51.800]  其實色情的問題
[00:25:51.800 --> 00:25:55.560]  怎麼會只是男士的問題呢
[00:25:55.560 --> 00:26:00.160]  所有人都要面對的這個問題
[00:26:00.160 --> 00:26:02.400]  你記得一件事
[00:26:02.400 --> 00:26:05.360]  不是我需要的東西
[00:26:05.360 --> 00:26:09.560]  和我想要的東西是不同的
[00:26:09.560 --> 00:26:12.040]  其實有些東西不是你想要的
[00:26:12.040 --> 00:26:14.680]  是你需要的
[00:26:14.680 --> 00:26:18.680]  我想要的東西不是我需要的東西
[00:26:18.680 --> 00:26:21.640]  那什麼才是一個有意義的人生呢
[00:26:21.640 --> 00:26:24.120]  就是我們要做對的事
[00:26:24.120 --> 00:26:27.680]  我們才有一個有意義的人生
[00:26:27.680 --> 00:26:28.600]  有些人經常說
[00:26:28.600 --> 00:26:30.000]  哎 我年輕了
[00:26:30.000 --> 00:26:33.200]  所以我血氣方剛 我需要
[00:26:33.200 --> 00:26:35.600]  你需要就一定要做這件事了嗎
[00:26:35.600 --> 00:26:36.280]  你需要的時候
[00:26:36.280 --> 00:26:37.920]  你可以做另一件事
[00:26:37.920 --> 00:26:41.640]  那件事能夠幫助你去專注的
[00:26:41.640 --> 00:26:45.640]  去做一些喜悅的事情
[00:26:45.640 --> 00:26:48.280]  色情的事就是將你的生命
[00:26:48.280 --> 00:26:50.120]  放在一個密室裡
[00:26:50.120 --> 00:26:52.680]  不讓人知道 不讓人看到
[00:26:52.680 --> 00:26:56.560]  自己去埋藏在自己裡面
[00:26:56.560 --> 00:26:59.800]  一直向下去轉
[00:26:59.800 --> 00:27:02.600]  但是今天我們需要走出
[00:27:02.600 --> 00:27:04.480]  我們需要有同行者
[00:27:04.480 --> 00:27:10.120]  我們需要有彼此的守望和提醒
[00:27:10.120 --> 00:27:13.120]  所以有時我們在小組裡面
[00:27:13.120 --> 00:27:15.960]  可能我們要一對一守望的時候
[00:27:15.960 --> 00:27:17.600]  我們都要在
[00:27:17.600 --> 00:27:23.560]  我們要有一個坦誠的交通
[00:27:23.560 --> 00:27:26.520]  問 究竟在這件事上面
[00:27:26.520 --> 00:27:29.840]  我們有沒有一些不勝過的地方
[00:27:29.840 --> 00:27:35.040]  我們需要在組員和組長之前
[00:27:35.040 --> 00:27:37.080]  我們去有一個守望
[00:27:37.080 --> 00:27:39.120]  這個是很需要信任
[00:27:39.120 --> 00:27:42.400]  和很重要的一件事情
[00:27:42.400 --> 00:27:46.680]  是的 今天我們要有一個同行
[00:27:46.680 --> 00:27:48.600]  我們今天要在神裡面
[00:27:48.600 --> 00:27:51.440]  有一個黑己的生命
[00:27:51.440 --> 00:27:56.600]  我們要去謹慎自己的生命
[00:27:56.600 --> 00:27:58.680]  第二 我們去思想道
[00:27:58.680 --> 00:28:02.520]  勸那些年長的婦女
[00:28:02.520 --> 00:28:05.720]  勸年長的婦女操守上公正
[00:28:05.720 --> 00:28:08.480]  不說殘言 不作酒的奴隸
[00:28:08.480 --> 00:28:11.200]  用善道教導人
[00:28:11.200 --> 00:28:14.200]  保羅給了年長婦女兩個禁令
[00:28:14.200 --> 00:28:16.200]  第一個就是不說殘言
[00:28:16.200 --> 00:28:19.440]  就是不要說長道短
[00:28:19.440 --> 00:28:21.800]  說長道短 要謹慎什麼
[00:28:21.800 --> 00:28:23.840]  謹慎舌頭
[00:28:23.840 --> 00:28:26.560]  第二 不要給酒作奴隸
[00:28:26.560 --> 00:28:28.760]  這個不是說滴酒不沾
[00:28:28.760 --> 00:28:32.480]  乃是要不被酒精所控制
[00:28:32.480 --> 00:28:36.040]  我們的生命不應該被酒精所控制
[00:28:36.040 --> 00:28:40.440]  乃是要被聖靈所充滿和管理
[00:28:40.440 --> 00:28:43.040]  我們發現保羅給長輩的祝福
[00:28:43.040 --> 00:28:45.200]  乃是要在他們的生命中
[00:28:45.200 --> 00:28:47.080]  去樹立榜樣
[00:28:47.080 --> 00:28:52.600]  被晚輩所尊重
[00:28:52.600 --> 00:28:55.320]  年長的人 年長的婦女
[00:28:55.320 --> 00:28:57.640]  他們所做出的生命
[00:28:57.640 --> 00:28:59.240]  就要成為一個榜樣
[00:28:59.240 --> 00:29:03.640]  讓後來的人去跟隨
[00:29:03.640 --> 00:29:05.400]  第四節說
[00:29:05.400 --> 00:29:10.080]  好指教年輕的婦女愛丈夫愛兒女
[00:29:10.080 --> 00:29:12.600]  黑己 貞潔 禮嘉 善良
[00:29:12.600 --> 00:29:14.280]  信服自己的丈夫
[00:29:14.280 --> 00:29:17.120]  免得神的道被毀旁
[00:29:17.120 --> 00:29:19.960]  這裡說愛丈夫和愛兒女
[00:29:19.960 --> 00:29:23.480]  這是唯一出現在新約聖經的教導
[00:29:23.480 --> 00:29:28.920]  這裡的重點就是尊重和忠心
[00:29:28.920 --> 00:29:30.880]  愛丈夫愛兒女
[00:29:30.880 --> 00:29:34.240]  不是一種來望剃黑的感受
[00:29:34.240 --> 00:29:39.360]  卻是一種對家庭的忠貞基本責任
[00:29:39.360 --> 00:29:43.040]  黑己就是要自律
[00:29:43.040 --> 00:29:45.000]  各位姐妹今天
[00:29:45.000 --> 00:29:49.520]  保羅對不同年齡的人所教導的重點
[00:29:49.520 --> 00:29:51.760]  就是黑己
[00:29:51.760 --> 00:29:54.760]  在和學本裡叫做謹守
[00:29:54.760 --> 00:29:56.160]  就是我們的生命
[00:29:56.160 --> 00:29:59.760]  需要在神面前有一種謹守的心
[00:29:59.760 --> 00:30:01.120]  怎樣能夠謹守呢
[00:30:01.120 --> 00:30:03.240]  不是自己立志就能做到
[00:30:03.240 --> 00:30:08.160]  我們需要有人在當中與我們同行守望
[00:30:08.160 --> 00:30:09.840]  所以當前面的人
[00:30:09.840 --> 00:30:11.240]  當他們黑聖了的時候
[00:30:11.240 --> 00:30:12.600]  當他們聖過的時候
[00:30:12.600 --> 00:30:17.080]  他就可以成為後來的人的幫助
[00:30:17.080 --> 00:30:21.720]  幫助後來的人同樣能夠黑聖
[00:30:21.720 --> 00:30:23.920]  有人說得很好
[00:30:23.920 --> 00:30:26.520]  如果你要走得快
[00:30:26.520 --> 00:30:28.520]  你就自己一個人走
[00:30:28.520 --> 00:30:30.040]  但如果你要走得遠
[00:30:30.040 --> 00:30:32.200]  你要怎樣
[00:30:32.200 --> 00:30:35.760]  要一群人一起去走
[00:30:35.760 --> 00:30:36.960]  一起去走
[00:30:36.960 --> 00:30:38.880]  彼此去鼓勵
[00:30:38.880 --> 00:30:40.080]  彼此去勉勵
[00:30:40.080 --> 00:30:41.200]  一起去走的時候
[00:30:41.200 --> 00:30:43.320]  你就可以走得遠
[00:30:43.320 --> 00:30:46.440]  今天我們的生命都是一樣
[00:30:46.440 --> 00:30:48.400]  你想我們走得快還是走得遠呢
[00:30:48.400 --> 00:30:51.320]  當然是又遠又快好了
[00:30:51.320 --> 00:30:53.040]  但走得快未必是好的
[00:30:53.040 --> 00:30:55.120]  有時會撞板
[00:30:55.120 --> 00:30:57.480]  我們寧願是一群人
[00:30:57.480 --> 00:30:59.040]  我們一起去走
[00:30:59.040 --> 00:31:01.800]  我們一起去前面
[00:31:01.800 --> 00:31:06.960]  去讓神去帶領我們
[00:31:06.960 --> 00:31:08.400]  所以今天
[00:31:08.400 --> 00:31:11.480]  在這段經文裡我們看到
[00:31:11.480 --> 00:31:13.600]  你在生命的哪一方面
[00:31:13.600 --> 00:31:17.160]  你需要刻記呢
[00:31:17.160 --> 00:31:21.640]  牧師令我很容易跌入的陷阱是什麼呢
[00:31:21.640 --> 00:31:26.320]  就是那種不受控制的
[00:31:26.320 --> 00:31:28.000]  吃東西
[00:31:28.000 --> 00:31:30.200]  我不知道你們會不會有
[00:31:30.200 --> 00:31:32.520]  在街上買東西吃
[00:31:32.520 --> 00:31:33.400]  又很想吃
[00:31:33.400 --> 00:31:35.680]  買了東西又很想吃
[00:31:35.680 --> 00:31:38.480]  但這個是牧師的死穴
[00:31:38.480 --> 00:31:43.040]  因為我不可以吃那麼多東西
[00:31:43.040 --> 00:31:45.160]  那我就要求主幫助
[00:31:45.160 --> 00:31:48.520]  你去幫助我克性自己這方面的軟弱
[00:31:48.520 --> 00:31:50.040]  那怎樣做呢
[00:31:50.040 --> 00:31:54.240]  第一就是告訴你家人
[00:31:54.240 --> 00:31:56.720]  你每次看到我亂買東西吃的時候
[00:31:56.720 --> 00:31:58.960]  你就要提醒我
[00:31:58.960 --> 00:32:01.760]  這招真的很有用
[00:32:01.760 --> 00:32:04.000]  有些東西我做不到的時候
[00:32:04.000 --> 00:32:05.160]  我就叫人
[00:32:05.160 --> 00:32:06.240]  你提醒我
[00:32:06.240 --> 00:32:08.920]  你提醒我不要做那件事
[00:32:08.920 --> 00:32:11.200]  這個是有用的
[00:32:11.200 --> 00:32:14.200]  這件事是重要的
[00:32:14.200 --> 00:32:16.760]  第二就是你要在生命裡
[00:32:16.760 --> 00:32:21.280]  你願意將你那種生命的困惑
[00:32:21.280 --> 00:32:24.120]  與你所信任的人分享的時候
[00:32:24.120 --> 00:32:25.800]  有一個很重要的作用
[00:32:25.800 --> 00:32:28.040]  就是多大的困難
[00:32:28.040 --> 00:32:29.320]  多難的問題
[00:32:29.320 --> 00:32:31.920]  都能夠見光就死了
[00:32:31.920 --> 00:32:38.840]  要克服自己生命裡的糾結的時候
[00:32:38.840 --> 00:32:42.600]  你需要對神開放
[00:32:42.600 --> 00:32:46.480]  你也要對人開放
[00:32:46.480 --> 00:32:49.640]  所以今天我們看到
[00:32:49.640 --> 00:32:51.120]  在第六節說
[00:32:51.120 --> 00:32:56.800]  我們要勸年輕人凡事克己
[00:32:56.800 --> 00:33:00.480]  反而對年輕人就是凡事克己
[00:33:00.480 --> 00:33:03.440]  所以今天牧師跟你說的一個點
[00:33:03.440 --> 00:33:05.560]  就是說我們要克己
[00:33:05.560 --> 00:33:06.800]  我們怎樣克己呢
[00:33:06.800 --> 00:33:09.000]  不可以靠我們一個人的努力
[00:33:09.000 --> 00:33:10.840]  我們要有一群人
[00:33:10.840 --> 00:33:12.960]  我們要有一個人去守望我們
[00:33:12.960 --> 00:33:16.080]  我們要一起跨代同行
[00:33:16.080 --> 00:33:18.920]  以至我們生命裡很多的挑戰
[00:33:18.920 --> 00:33:20.480]  能夠克服
[00:33:20.480 --> 00:33:23.080]  能夠勝過
[00:33:23.080 --> 00:33:25.640]  保羅祝福年輕人在一切的事上
[00:33:25.640 --> 00:33:28.560]  在各方面都要審慎自制
[00:33:28.560 --> 00:33:32.200]  面對世上各種的錯謀
[00:33:32.200 --> 00:33:34.080]  我們在作決定的時候
[00:33:34.080 --> 00:33:36.640]  必須保守自己的頭腦清晰
[00:33:36.640 --> 00:33:39.120]  行事要有明智
[00:33:39.120 --> 00:33:41.440]  我們要察驗什麼是要做的
[00:33:41.440 --> 00:33:43.240]  什麼是不應該做的
[00:33:43.240 --> 00:33:45.560]  還有我們怎樣去做
[00:33:45.560 --> 00:33:48.120]  所以我們要克己
[00:33:48.120 --> 00:33:53.760]  是一個成熟屬靈人所具備的美德
[00:33:53.760 --> 00:33:55.320]  弟兄姊妹
[00:33:55.320 --> 00:33:58.640]  今天牧師其實就是說克己兩個字
[00:33:58.640 --> 00:33:59.920]  克己兩個字
[00:33:59.920 --> 00:34:02.840]  在我們生命裡的應用很重要
[00:34:02.840 --> 00:34:06.880]  克己應用在我們心思的戰場裡
[00:34:06.880 --> 00:34:12.000]  我們心裡有很多東西在掙扎的時候
[00:34:12.000 --> 00:34:16.200]  我們要求主讓我們有守望者
[00:34:16.200 --> 00:34:21.400]  我們一起去面對生命的問題
[00:34:21.400 --> 00:34:22.840]  有一些東西
[00:34:22.840 --> 00:34:27.240]  我們可以成為後來的人的榜樣
[00:34:27.240 --> 00:34:31.720]  或者我們勝過的一些德性的經歷
[00:34:31.720 --> 00:34:38.080]  我們可以成為後來人的見證和鼓勵
[00:34:38.080 --> 00:34:41.960]  所以我最後的結論是什麼呢
[00:34:41.960 --> 00:34:45.800]  就是我們需要在跨代裡
[00:34:45.800 --> 00:34:48.880]  我們要結出一個美好的品格
[00:34:48.880 --> 00:34:52.040]  我們要在跨代裡去榮耀主
[00:34:52.040 --> 00:34:55.120]  要在我們生命裡去榮耀我們的主
[00:34:55.120 --> 00:34:57.560]  我們要在跨代的結連當中
[00:34:57.560 --> 00:35:04.720]  我們要認定一切都是出於神的恩典
[00:35:04.720 --> 00:35:10.160]  讓我們一起有祈禱
[00:35:10.160 --> 00:35:12.800]  慈愛天父
[00:35:12.800 --> 00:35:15.560]  今天我們去思想克己
[00:35:15.560 --> 00:35:19.000]  克己就是將我們的熱情
[00:35:19.000 --> 00:35:21.240]  和將我們的力氣
[00:35:21.240 --> 00:35:25.280]  放在一些對的事上
[00:35:25.280 --> 00:35:29.120]  今天我們面對的生命有很多的挑戰
[00:35:29.120 --> 00:35:34.120]  其中的挑戰就在我們心思的戰場裡
[00:35:34.120 --> 00:35:36.560]  主耶穌你去幫助我們
[00:35:36.560 --> 00:35:38.240]  不要讓我們一個人
[00:35:38.240 --> 00:35:44.160]  單一個人孤獨地去面對這個心思的戰場
[00:35:44.160 --> 00:35:48.080]  我們需要有身邊的同行者
[00:35:48.080 --> 00:35:51.120]  與我們一起去面對
[00:35:51.120 --> 00:35:54.040]  我們去真誠地去對待自己
[00:35:54.040 --> 00:35:56.840]  去建立一個真實的關係
[00:35:56.840 --> 00:36:01.160]  不是建立一個虛擬的關係
[00:36:01.160 --> 00:36:03.480]  主你也去幫助我們
[00:36:03.480 --> 00:36:08.640]  在生命裡要學會克己的時候
[00:36:08.640 --> 00:36:10.560]  我們不是一個人去做
[00:36:10.560 --> 00:36:15.640]  我們是一群人去一起努力去做
[00:36:15.640 --> 00:36:16.840]  主
[00:36:16.840 --> 00:36:20.920]  今天你拯救我們的恩典已經顯明出來了
[00:36:20.920 --> 00:36:25.080]  所以你很希望我們能夠除去不敬虔的心
[00:36:25.080 --> 00:36:28.560]  和那些世俗的情慾
[00:36:28.560 --> 00:36:31.160]  主你去幫助我們
[00:36:31.160 --> 00:36:33.520]  唯有你的聖道
[00:36:33.520 --> 00:36:35.400]  唯有你的聖靈
[00:36:35.400 --> 00:36:38.560]  才可以成為我們生命裡
[00:36:38.560 --> 00:36:44.480]  克性情慾的道路
[00:36:44.480 --> 00:36:46.680]  就願意你去幫助我們
[00:36:46.680 --> 00:36:49.200]  幫助我們這群弟兄姊妹
[00:36:49.200 --> 00:36:51.680]  幫助我們成為一個謹守
[00:36:51.680 --> 00:36:55.960]  合乎你心意的兒女
[00:36:55.960 --> 00:36:58.240]  我們這樣在你面前祈禱感恩
[00:36:58.240 --> 00:37:00.200]  奉基督寶貴命求
[00:37:00.200 --> 00:37:01.400]  阿門
