
[00:00:00.000 --> 00:00:02.000]  我們一起祈禱
[00:00:02.000 --> 00:00:05.440]  天上的爸爸,我們一起來敬拜祢
[00:00:05.440 --> 00:00:09.240]  一起來留心聽祢的說話
[00:00:09.240 --> 00:00:11.240]  求主祢幫助我們
[00:00:11.240 --> 00:00:14.680]  讓我們來到祢的面前
[00:00:14.680 --> 00:00:18.180]  我們真的去認知祢
[00:00:18.180 --> 00:00:19.780]  去認識祢
[00:00:19.780 --> 00:00:23.100]  和祢有一個很深的關係
[00:00:23.100 --> 00:00:27.360]  求主祢預備我們的心靈來聽祢的說話
[00:00:27.360 --> 00:00:32.660]  讓我們真的聽到祢有回應、有行動
[00:00:32.660 --> 00:00:35.160]  求主祢來幫助我們
[00:00:35.160 --> 00:00:38.000]  在過去一段時間
[00:00:38.000 --> 00:00:40.740]  我們從《約翰福音》、從《舌頭行傳》
[00:00:40.740 --> 00:00:45.840]  一直聽說祢的信息的時候
[00:00:45.840 --> 00:00:47.640]  如果我們到這一刻
[00:00:47.640 --> 00:00:53.220]  仍然覺得全福音和我們作為基督徒無關
[00:00:53.220 --> 00:00:56.720]  我求主祢再一次興旺我們的內心
[00:00:56.720 --> 00:01:00.060]  讓我們認定祢是神祢
[00:01:00.060 --> 00:01:01.560]  讓我們照明
[00:01:01.560 --> 00:01:03.560]  我們這樣的祈禱
[00:01:03.560 --> 00:01:05.560]  是奉主耶穌基督的名求
[00:01:05.560 --> 00:01:06.900]  Amen
[00:01:06.900 --> 00:01:11.580]  我們從《約翰福音》講到《舌頭行傳》
[00:01:11.580 --> 00:01:14.080]  對耶穌整個的生平
[00:01:14.080 --> 00:01:17.540]  對《舌頭行傳》講到福音被傳開
[00:01:17.540 --> 00:01:22.640]  大大話話都已經兩年多的時間了
[00:01:22.640 --> 00:01:26.860]  所以如果我們到今天看完《舌頭行傳》的二十六章
[00:01:26.860 --> 00:01:29.660]  仍然覺得全福音和我們無關
[00:01:29.660 --> 00:01:34.800]  我們真的要留心今天的信息
[00:01:34.800 --> 00:01:39.700]  你見我一開始就說有個奇妙之旅
[00:01:39.700 --> 00:01:41.200]  其實也不是什麼特別的
[00:01:41.200 --> 00:01:47.880]  我只是問你有沒有做過旅行團的領隊呢?
[00:01:47.880 --> 00:01:54.020]  我做護士的時候試過和同學一起去
[00:01:54.020 --> 00:01:56.720]  我們去完一個旅行團
[00:01:56.720 --> 00:01:59.020]  就留下自己去玩
[00:01:59.020 --> 00:02:01.020]  要自己量度行程
[00:02:01.020 --> 00:02:03.520]  買船票
[00:02:03.520 --> 00:02:09.500]  買回程的地方住
[00:02:09.500 --> 00:02:12.560]  那時候我就做了這個領隊
[00:02:12.560 --> 00:02:13.400]  很成功
[00:02:13.400 --> 00:02:19.680]  我們去了團之後就懂得去到碼頭 上到船 下到船
[00:02:19.680 --> 00:02:24.000]  但是我就帶不到他們去那個目的地
[00:02:24.000 --> 00:02:26.260]  原因就是因為真的是大鄉里
[00:02:26.260 --> 00:02:29.400]  我是完全不知道那個地圖的比例
[00:02:29.400 --> 00:02:32.440]  我在我的成長裡面
[00:02:32.440 --> 00:02:37.060]  離島就是大嶼山 長洲
[00:02:37.060 --> 00:02:38.980]  是可以走的
[00:02:38.980 --> 00:02:41.980]  但是我去的那個叫蘇梅島
[00:02:41.980 --> 00:02:45.260]  你可想而知是走不到去的
[00:02:45.260 --> 00:02:46.720]  我還在我的印象裡面說
[00:02:46.720 --> 00:02:48.420]  是可以走的
[00:02:48.420 --> 00:02:51.340]  轉個彎就到了
[00:02:51.340 --> 00:02:54.180]  所以那次是一個很深刻
[00:02:54.180 --> 00:02:56.280]  後來我們走了一個多小時
[00:02:56.280 --> 00:02:58.260]  最後決定放棄
[00:02:58.260 --> 00:03:00.340]  之後我們轉了坐車
[00:03:00.340 --> 00:03:01.640]  在那裡截車
[00:03:01.640 --> 00:03:04.420]  才最後去到那個目的地
[00:03:04.420 --> 00:03:08.340]  另外一次又是有一個旅程
[00:03:08.340 --> 00:03:09.840]  是一個很特別的旅行
[00:03:09.840 --> 00:03:13.480]  就是我和永泉兩個人去泰國
[00:03:13.480 --> 00:03:15.800]  但是那次我們去的時候
[00:03:15.800 --> 00:03:18.460]  我們就參加一個團去瀑布
[00:03:18.460 --> 00:03:21.140]  可能之前有些人沒聽過我講
[00:03:21.140 --> 00:03:25.200]  我們已經很小心的問那個報名的時候
[00:03:25.200 --> 00:03:26.740]  問那個酒店的導遊
[00:03:26.740 --> 00:03:28.340]  他看不到的
[00:03:28.340 --> 00:03:30.260]  安不安全的
[00:03:30.260 --> 00:03:31.260]  那個人說
[00:03:31.260 --> 00:03:32.580]  他失明的
[00:03:32.580 --> 00:03:33.860]  OK的
[00:03:33.860 --> 00:03:36.420]  沒難度的
[00:03:36.420 --> 00:03:40.600]  但是那次是一個很驚險的旅程
[00:03:40.600 --> 00:03:41.900]  我差不多跟永泉說
[00:03:41.900 --> 00:03:44.680]  你這一步搭這裡
[00:03:44.680 --> 00:03:46.000]  這一步搭這裡
[00:03:46.000 --> 00:03:48.580]  這樣去完成旅程
[00:03:48.580 --> 00:03:49.340]  還有和我們一起
[00:03:49.340 --> 00:03:50.900]  另外有一對夫婦
[00:03:50.900 --> 00:03:53.840]  那個女士走完這個旅程
[00:03:53.840 --> 00:03:54.880]  回到酒店之後
[00:03:54.880 --> 00:03:58.300]  她就說她的膝蓋的關節腫了
[00:03:58.300 --> 00:03:59.100]  可想而知
[00:03:59.100 --> 00:04:01.640]  大家都知道是多麼驚險
[00:04:01.640 --> 00:04:03.220]  但是我們去到目的地
[00:04:03.220 --> 00:04:03.720]  為什麼呢
[00:04:03.720 --> 00:04:06.420]  因為對那個導遊來說
[00:04:06.420 --> 00:04:07.640]  帶我們去的那個
[00:04:07.640 --> 00:04:10.080]  他真的覺得一點難度都沒有的
[00:04:10.080 --> 00:04:12.240]  因為他真的帶我們去
[00:04:12.240 --> 00:04:14.100]  又平安回來了
[00:04:14.100 --> 00:04:16.000]  用他的標準是OK的
[00:04:16.000 --> 00:04:16.740]  但是他不知道
[00:04:16.740 --> 00:04:18.320]  在我和永泉
[00:04:18.320 --> 00:04:22.260]  是沒遇過這樣的情況
[00:04:22.260 --> 00:04:23.020]  所以對我來說
[00:04:23.020 --> 00:04:24.500]  我覺得這個導遊
[00:04:24.500 --> 00:04:26.040]  令我們這麼難忘
[00:04:26.040 --> 00:04:27.460]  是因為他的經驗
[00:04:27.460 --> 00:04:28.240]  他幫了我們
[00:04:28.240 --> 00:04:29.160]  帶領我們
[00:04:29.160 --> 00:04:31.340]  走足了全場
[00:04:31.340 --> 00:04:35.000]  我們回看我們自己作為基督徒
[00:04:35.000 --> 00:04:37.020]  我不知道你有沒有意識到
[00:04:37.020 --> 00:04:38.620]  我們經常說
[00:04:38.620 --> 00:04:39.820]  其實基督徒
[00:04:39.820 --> 00:04:41.420]  你有一個身份
[00:04:41.420 --> 00:04:44.320]  就是一個親善大士
[00:04:44.320 --> 00:04:48.560]  還要是天國的親善大士
[00:04:48.560 --> 00:04:50.660]  即是你在信主的那一刻
[00:04:50.660 --> 00:04:53.320]  其實你已經移民了
[00:04:53.320 --> 00:04:57.180]  你是屬於天國的子民
[00:04:57.180 --> 00:05:00.260]  現在神就派你回來
[00:05:00.260 --> 00:05:03.020]  回到地上
[00:05:03.020 --> 00:05:04.320]  在這裡繼續
[00:05:04.320 --> 00:05:07.620]  你是用一個全新的你
[00:05:07.620 --> 00:05:13.580]  去完成這個親善大士的召命
[00:05:13.580 --> 00:05:15.900]  保羅就是帶著這樣的觀念
[00:05:15.900 --> 00:05:17.760]  帶著這樣的召命
[00:05:17.760 --> 00:05:21.900]  來到這裡屢次受審判
[00:05:21.900 --> 00:05:25.140]  屢次受打
[00:05:25.140 --> 00:05:28.580]  打到別人以為他死了
[00:05:28.580 --> 00:05:31.540]  我的題目今天叫做「機會來了」
[00:05:31.540 --> 00:05:32.860]  很肯定很明白
[00:05:32.860 --> 00:05:35.180]  因為如果你之前有看過《次蘭傳》
[00:05:35.180 --> 00:05:36.140]  九章十五節
[00:05:36.140 --> 00:05:38.780]  你都知道耶穌一早已經跟保羅
[00:05:38.780 --> 00:05:39.860]  讓他知道
[00:05:39.860 --> 00:05:43.060]  他要去福音傳到外邦
[00:05:43.060 --> 00:05:46.660]  甚至去到王的面前
[00:05:46.660 --> 00:05:47.820]  雖然上一章
[00:05:47.820 --> 00:05:51.340]  上星期詠全牧師說到
[00:05:51.340 --> 00:05:56.660]  他怎樣遇到雅基柏王的審訊
[00:05:56.660 --> 00:06:00.180]  今天真的開始一個審訊
[00:06:00.180 --> 00:06:01.300]  但嚴格來說
[00:06:01.300 --> 00:06:03.900]  其實又不是一個審訊
[00:06:03.900 --> 00:06:06.820]  因為純粹是一個提問
[00:06:06.820 --> 00:06:11.060]  因為早已經結案了
[00:06:11.060 --> 00:06:13.860]  這個菲斯都
[00:06:13.860 --> 00:06:16.020]  其實已經是結案了
[00:06:16.020 --> 00:06:18.220]  公安是沒有罪的
[00:06:18.220 --> 00:06:22.660]  不過我不知道怎樣
[00:06:22.660 --> 00:06:24.300]  幫他寫一個證供
[00:06:24.300 --> 00:06:28.180]  帶上他的上訴 他的羅馬
[00:06:28.180 --> 00:06:30.340]  所以在那一刻
[00:06:30.340 --> 00:06:33.700]  保羅雖然是被囚
[00:06:33.700 --> 00:06:37.700]  但他的罪名已經很清楚
[00:06:37.700 --> 00:06:40.580]  他沒有犯過任何所說的罪
[00:06:40.580 --> 00:06:41.660]  就像上星期所說
[00:06:41.660 --> 00:06:42.820]  他沒有預期
[00:06:42.820 --> 00:06:44.740]  我們會在審訊聽到的
[00:06:44.740 --> 00:06:46.620]  他做過一些違法的事
[00:06:46.620 --> 00:06:47.380]  沒有
[00:06:47.380 --> 00:06:49.700]  完全不是那回事
[00:06:49.700 --> 00:06:56.020]  甚至上一次在菲斯都上任之後
[00:06:56.020 --> 00:06:59.580]  見到這些猶太人過來
[00:06:59.580 --> 00:07:01.180]  耶路撒冷過來的猶太人
[00:07:01.180 --> 00:07:02.700]  他們在指控的時候
[00:07:02.700 --> 00:07:07.380]  他們說沒有一個實質的證據
[00:07:07.380 --> 00:07:11.220]  所以當保羅有一個這樣的機會
[00:07:11.220 --> 00:07:15.780]  來到被雅基柏王接見的時候
[00:07:15.780 --> 00:07:18.340]  其實嚴格來說不是一個審訊
[00:07:18.340 --> 00:07:21.260]  是一個聆聽會
[00:07:21.260 --> 00:07:23.580]  給機會他來分數
[00:07:23.580 --> 00:07:25.940]  因為雅基柏王本著一個
[00:07:25.940 --> 00:07:28.820]  想幫菲斯都的心
[00:07:28.820 --> 00:07:35.380]  來聽這個內容
[00:07:35.380 --> 00:07:38.860]  所以保羅就有這樣的機會
[00:07:38.860 --> 00:07:42.380]  保羅就好好把握這個機會
[00:07:42.380 --> 00:07:44.020]  因為真的會見到王
[00:07:44.020 --> 00:07:50.300]  在王面前來講他自己的過去
[00:07:50.300 --> 00:07:52.140]  為何會走到這一步
[00:07:52.140 --> 00:07:53.420]  究竟發生了甚麼事
[00:07:53.420 --> 00:07:55.180]  他的信仰是怎樣
[00:07:55.180 --> 00:07:56.660]  有一個這樣的機會
[00:07:56.660 --> 00:07:57.900]  從保羅的心裏面
[00:07:57.900 --> 00:07:59.740]  和我們今天看的經文裏面
[00:07:59.740 --> 00:08:00.940]  很清楚
[00:08:00.940 --> 00:08:04.300]  保羅真的打算開報道會
[00:08:04.300 --> 00:08:06.180]  因為他已經問他
[00:08:06.180 --> 00:08:07.620]  你信不信先知
[00:08:07.620 --> 00:08:11.420]  已經逼到聽的人要回應
[00:08:11.420 --> 00:08:13.780]  當這些東西在你面前的時候
[00:08:13.780 --> 00:08:15.780]  你怎樣回應呢
[00:08:15.780 --> 00:08:17.980]  等於我們很多時候會問
[00:08:17.980 --> 00:08:19.460]  當下一分鐘
[00:08:19.460 --> 00:08:21.580]  你離開這個世界
[00:08:21.580 --> 00:08:22.980]  你多有把握
[00:08:22.980 --> 00:08:24.340]  你信甚麼
[00:08:24.340 --> 00:08:25.620]  好像已經去到一個
[00:08:25.620 --> 00:08:26.740]  要他做決定的時候
[00:08:26.740 --> 00:08:28.180]  所以他們後來都明白
[00:08:28.180 --> 00:08:30.060]  是否你想勸我做基督徒
[00:08:30.060 --> 00:08:32.100]  還擺明不是報道會
[00:08:32.100 --> 00:08:34.460]  簡直是一個報道會
[00:08:34.460 --> 00:08:36.620]  所以保羅所講的內容
[00:08:36.620 --> 00:08:39.220]  是從一個這樣的出發點
[00:08:39.220 --> 00:08:41.940]  連聽的人都聽得出
[00:08:41.940 --> 00:08:43.100]  聽的人都聽得出
[00:08:43.100 --> 00:08:45.580]  原來你想勸我做基督徒
[00:08:45.580 --> 00:08:46.740]  的時候
[00:08:46.740 --> 00:08:50.500]  保羅怎樣把握這個機會呢
[00:08:50.500 --> 00:08:54.140]  我們嘗試來看今天的經文
[00:08:54.140 --> 00:08:58.260]  我們來讀《竊行傳》26章
[00:08:58.260 --> 00:09:02.940]  我們先來看一到三節
[00:09:02.940 --> 00:09:06.740]  麻煩現場讀
[00:09:06.740 --> 00:09:08.780]  我又讀
[00:09:10.780 --> 00:09:14.020]  比起阿基伯對保羅說
[00:09:14.020 --> 00:09:16.260]  准你為自己申訴
[00:09:16.260 --> 00:09:19.060]  於是保羅伸手辯護說
[00:09:19.060 --> 00:09:20.500]  阿基伯王啊
[00:09:20.500 --> 00:09:23.620]  猶太人所控告我的一切事
[00:09:23.620 --> 00:09:26.420]  今日得以在你面前辯護
[00:09:26.420 --> 00:09:28.140]  實為萬幸
[00:09:28.140 --> 00:09:29.780]  更慶幸的是
[00:09:29.780 --> 00:09:33.100]  你熟悉猶太人的規矩
[00:09:33.100 --> 00:09:34.940]  和他們的爭論
[00:09:34.940 --> 00:09:38.700]  所以求你耐心聽我
[00:09:38.700 --> 00:09:40.220]  很難得的機會
[00:09:40.220 --> 00:09:43.100]  所以保羅說
[00:09:43.100 --> 00:09:47.300]  請你耐心來聽
[00:09:47.300 --> 00:09:50.540]  其實很感恩的是
[00:09:50.540 --> 00:09:52.420]  有人聽
[00:09:52.420 --> 00:09:56.020]  有人給保羅機會聽
[00:09:56.020 --> 00:09:58.620]  他自己的見證
[00:09:58.620 --> 00:10:02.420]  我讀的時候
[00:10:02.420 --> 00:10:04.420]  在第一節裡說
[00:10:04.420 --> 00:10:09.060]  保羅伸手辯護
[00:10:09.060 --> 00:10:10.580]  我覺得很感恩
[00:10:10.580 --> 00:10:12.980]  他在那裡的看待
[00:10:12.980 --> 00:10:15.980]  此時此刻沒有上鎖
[00:10:15.980 --> 00:10:19.900]  他可以伸手攤開手
[00:10:19.900 --> 00:10:22.860]  好像一個表達的開始
[00:10:22.860 --> 00:10:25.740]  一個他自己的講論的開始
[00:10:25.740 --> 00:10:28.260]  但似乎給我的感受
[00:10:28.260 --> 00:10:30.380]  為何要刻意去說呢
[00:10:30.380 --> 00:10:31.780]  是否想告訴我
[00:10:31.780 --> 00:10:35.580]  他當時沒有了枷鎖
[00:10:35.580 --> 00:10:37.500]  還是在他心裡
[00:10:37.500 --> 00:10:40.060]  其實這個枷鎖一直不存在
[00:10:40.060 --> 00:10:42.140]  但我們知道上星期也說過
[00:10:42.140 --> 00:10:45.140]  「被囚的保羅」
[00:10:45.140 --> 00:10:51.580]  接著我們來看4到15節
[00:10:51.580 --> 00:10:55.780]  在這一段裡我們會看到
[00:10:55.780 --> 00:11:00.020]  保羅如何講述他自己的成長
[00:11:00.020 --> 00:11:03.420]  特別強調他是一個法尼塞人
[00:11:03.420 --> 00:11:04.580]  在猶太人裡
[00:11:04.580 --> 00:11:07.740]  法尼塞人是一個派別
[00:11:07.740 --> 00:11:09.540]  受到很高的尊崇
[00:11:09.540 --> 00:11:14.460]  他們也自稱是一個被分別出來
[00:11:14.460 --> 00:11:16.940]  很願意去跟從神
[00:11:16.940 --> 00:11:19.380]  跟從聖經的話的人
[00:11:19.380 --> 00:11:22.540]  在第七節他又提到十二支派
[00:11:22.540 --> 00:11:25.180]  說到他們在等待一個盼望
[00:11:25.180 --> 00:11:29.340]  第四到八節好像在說一個中心
[00:11:29.340 --> 00:11:36.580]  這次審訊的起源是因為甚麼呢
[00:11:36.580 --> 00:11:38.180]  在第八節說
[00:11:38.180 --> 00:11:39.900]  「神令死人復活
[00:11:39.900 --> 00:11:44.340]  你們為甚麼判斷為不可信的呢?」
[00:11:44.340 --> 00:11:49.660]  其實那是一個很有趣的矛盾
[00:11:49.660 --> 00:11:52.100]  他讀這句話的時候
[00:11:52.100 --> 00:11:56.220]  法尼塞人是相信有復活的
[00:11:56.220 --> 00:12:00.380]  就好像馬達和瑪利亞的弟弟
[00:12:00.380 --> 00:12:02.140]  拉薩路死一樣
[00:12:02.140 --> 00:12:04.700]  他們也相信有復活的
[00:12:04.700 --> 00:12:06.580]  不過這個復活是在說將來
[00:12:06.580 --> 00:12:10.940]  這是人死後的復活
[00:12:10.940 --> 00:12:13.500]  但我們對復活的觀念
[00:12:13.500 --> 00:12:16.100]  整體整個猶太人裡面
[00:12:16.100 --> 00:12:17.700]  特別是法尼塞人
[00:12:17.700 --> 00:12:22.620]  他們是相信會有死人復活的事件
[00:12:22.620 --> 00:12:30.140]  但為甚麼保羅不相信
[00:12:30.140 --> 00:12:33.820]  耶穌會死裡復活呢
[00:12:33.820 --> 00:12:36.820]  因為他一開始迫害基督教的時候
[00:12:36.820 --> 00:12:39.380]  或者迫害基督徒的時候
[00:12:39.380 --> 00:12:42.580]  或者信耶穌的人的時候
[00:12:42.580 --> 00:12:45.260]  他是否定的
[00:12:45.260 --> 00:12:49.100]  我的命題就是
[00:12:49.100 --> 00:12:52.500]  作為法尼塞人的保羅
[00:12:52.500 --> 00:12:56.940]  否定有死人復活
[00:12:56.940 --> 00:13:00.820]  還是一個信復活的猶太人
[00:13:00.820 --> 00:13:03.500]  法尼塞人保羅
[00:13:03.500 --> 00:13:07.100]  否定耶穌的復活呢
[00:13:07.100 --> 00:13:09.540]  似乎第二句比較準確
[00:13:09.540 --> 00:13:11.060]  他是否定耶穌的復活
[00:13:11.060 --> 00:13:13.100]  因為當時從《馬太福音》裡面說
[00:13:13.100 --> 00:13:15.660]  他知道一直流傳的是甚麼
[00:13:15.660 --> 00:13:19.260]  耶穌的屍體被人偷了
[00:13:19.260 --> 00:13:20.180]  但對他來說
[00:13:20.180 --> 00:13:22.060]  他一直不相信
[00:13:22.060 --> 00:13:25.060]  因為跟他們的盼望
[00:13:25.060 --> 00:13:26.380]  他們的期望
[00:13:26.380 --> 00:13:29.540]  他們是相信有一個基督
[00:13:29.540 --> 00:13:32.500]  有一個救主會來
[00:13:32.500 --> 00:13:35.100]  不過情景跟他們現在所見到的
[00:13:35.100 --> 00:13:38.300]  在耶穌身上是完全不同
[00:13:38.300 --> 00:13:40.140]  所以令到這個
[00:13:40.140 --> 00:13:45.940]  相信會有人復活的事情的保羅也好
[00:13:45.940 --> 00:13:47.420]  他也要提出這個反對
[00:13:47.420 --> 00:13:53.300]  耶穌不可能復活 或者祂不是復活
[00:13:53.300 --> 00:13:55.820]  所以在這個命題裡面
[00:13:55.820 --> 00:13:59.660]  保羅幫阿基柏王了解很清楚
[00:13:59.660 --> 00:14:03.540]  這個核心似乎在這個立場上
[00:14:03.540 --> 00:14:08.100]  如果用我們今天21世紀的說法
[00:14:08.100 --> 00:14:11.300]  就是在哪裏有爭拗呢
[00:14:11.300 --> 00:14:14.820]  就是在我們整個系統神學裡面的
[00:14:14.820 --> 00:14:17.860]  基督論跟救恩論
[00:14:17.860 --> 00:14:20.260]  基督是不是耶穌
[00:14:20.260 --> 00:14:23.060]  救恩是誰來承傳
[00:14:23.060 --> 00:14:24.420]  好像在基督論上
[00:14:24.420 --> 00:14:27.060]  如果我用今天所說的
[00:14:27.060 --> 00:14:30.060]  就是系統神學裡面的基督論
[00:14:30.060 --> 00:14:31.380]  在這個課題上
[00:14:31.380 --> 00:14:33.860]  大家在一個不同的位置
[00:14:33.860 --> 00:14:35.300]  來看到不同的東西
[00:14:35.300 --> 00:14:39.780]  第二段說保羅他自己是怎樣迫害
[00:14:39.780 --> 00:14:41.620]  因為他的信念
[00:14:41.620 --> 00:14:43.860]  我記得之前22章時也提過
[00:14:43.860 --> 00:14:46.620]  然後他怎樣遇到主耶穌
[00:14:46.620 --> 00:14:48.820]  是他自己一個的經歷
[00:14:48.820 --> 00:14:53.220]  他是迫害這群相信耶穌復活
[00:14:53.220 --> 00:14:55.860]  有跟隨耶穌的人
[00:14:55.860 --> 00:14:57.660]  然後耶穌告訴他
[00:14:57.660 --> 00:15:00.540]  你是迫害著我
[00:15:00.540 --> 00:15:05.700]  以致他看到他迫害的那群人
[00:15:05.700 --> 00:15:10.700]  是相信耶穌是復活主
[00:15:10.700 --> 00:15:14.140]  而這個相信是他自己今天
[00:15:14.140 --> 00:15:16.340]  有第一手的經歷
[00:15:16.340 --> 00:15:20.260]  是他自己一個很清楚的個人經歷
[00:15:20.260 --> 00:15:23.180]  由16節來到23節
[00:15:23.180 --> 00:15:25.260]  來到這裡我們看到
[00:15:25.260 --> 00:15:26.980]  因為24節開始
[00:15:26.980 --> 00:15:29.780]  菲斯都開始說話
[00:15:29.780 --> 00:15:33.700]  所以由16節來到24節
[00:15:33.700 --> 00:15:36.300]  就是保羅他說的
[00:15:36.300 --> 00:15:41.220]  讓他分享 讓他說他自己
[00:15:41.220 --> 00:15:45.260]  包括了福音的內容
[00:15:45.260 --> 00:15:47.060]  剛才說了他的見證
[00:15:47.060 --> 00:15:48.900]  然後說了福音的內容
[00:15:48.900 --> 00:15:50.500]  直到18節
[00:15:50.500 --> 00:15:53.380]  然後19到23節
[00:15:53.380 --> 00:15:55.500]  好像是說他的呼召
[00:15:55.500 --> 00:15:57.180]  或者他的召命
[00:15:57.180 --> 00:15:59.940]  我們稍後會回來再看
[00:15:59.940 --> 00:16:04.460]  我們再看24節到32節
[00:16:04.460 --> 00:16:06.460]  謝謝你 表臣
[00:16:34.620 --> 00:16:39.100]  因為都不是在背地裡做的
[00:16:39.100 --> 00:16:42.100]  阿基伯王 你信先知嗎?
[00:16:42.100 --> 00:16:44.020]  我知道你是信的
[00:16:44.020 --> 00:16:45.740]  阿基伯對保羅說
[00:16:45.740 --> 00:16:47.620]  你想稍微勸一勸
[00:16:47.620 --> 00:16:51.100]  就能說服我做基督徒了嗎?
[00:16:51.100 --> 00:16:52.060]  保羅說
[00:16:52.060 --> 00:16:54.780]  無論小勸還是多勸
[00:16:54.780 --> 00:16:56.540]  我向神所求的
[00:16:56.540 --> 00:16:58.060]  不單你一個人
[00:16:58.060 --> 00:17:01.300]  就是今天所有聽我說話的人
[00:17:01.300 --> 00:17:03.220]  都要像我一樣
[00:17:03.220 --> 00:17:06.500]  只是不要有這些所憐
[00:17:06.500 --> 00:17:08.980]  於是王和總督
[00:17:08.980 --> 00:17:10.540]  以及伯尼基
[00:17:10.540 --> 00:17:12.980]  跟同在的人都站起來
[00:17:12.980 --> 00:17:14.540]  退到裡面
[00:17:14.540 --> 00:17:16.020]  彼此談論說
[00:17:16.020 --> 00:17:20.660]  這個人並沒有犯什麼該死該監禁的罪
[00:17:20.660 --> 00:17:22.980]  阿基伯對菲斯道說
[00:17:22.980 --> 00:17:25.940]  這人若沒有向凱撒上訴
[00:17:25.940 --> 00:17:27.780]  早就被釋放了
[00:17:27.780 --> 00:17:30.620]  是的 我們看到24節到29節
[00:17:30.620 --> 00:17:32.980]  這一段就是一個對談
[00:17:32.980 --> 00:17:34.380]  而這個對談一開始
[00:17:34.380 --> 00:17:39.700]  就被菲斯道截停了保羅的分享
[00:17:39.700 --> 00:17:40.860]  而他的回應
[00:17:40.860 --> 00:17:42.460]  就是很顯明
[00:17:42.460 --> 00:17:45.140]  他不相信保羅所說的話
[00:17:45.140 --> 00:17:46.220]  或者保羅所說的話
[00:17:46.220 --> 00:17:50.060]  是近乎他不能夠接受的程度
[00:17:50.060 --> 00:17:51.940]  至於阿基伯王
[00:17:51.940 --> 00:17:54.780]  保羅叫他去思考
[00:17:54.780 --> 00:17:55.860]  你信不信先知
[00:17:55.860 --> 00:17:57.180]  因為阿基伯王
[00:17:57.180 --> 00:18:02.300]  本身他對猶太人所信奉的傳統
[00:18:02.300 --> 00:18:03.780]  或者今天我們叫猶太教
[00:18:03.780 --> 00:18:06.420]  這個傳統很清楚的內容
[00:18:06.420 --> 00:18:08.580]  知道他們盼望的基督
[00:18:08.580 --> 00:18:11.020]  在先知的一路預言
[00:18:11.020 --> 00:18:14.140]  就好像我們剛才在《崇拜》裡面
[00:18:14.140 --> 00:18:17.380]  《敬拜》裡面聽過的《耳塞俠書》53章一樣
[00:18:17.380 --> 00:18:20.140]  在《耳塞俠書》裡面比較熟悉的
[00:18:20.140 --> 00:18:23.740]  經文阿塞俄比亞的太監
[00:18:23.740 --> 00:18:25.540]  也是看著這段經文
[00:18:25.540 --> 00:18:31.740]  講到基督怎樣為人受苦
[00:18:31.740 --> 00:18:38.740]  特別講到他受苦的事件的時候
[00:18:38.740 --> 00:18:41.300]  因為當時會有一個混淆
[00:18:41.300 --> 00:18:43.900]  因為耶穌基督被釘十字架的時候
[00:18:43.900 --> 00:18:47.260]  十字架是一個羞辱
[00:18:47.260 --> 00:18:52.420]  而他的刑罰可能是代表他懷疑他有叛國
[00:18:52.420 --> 00:18:55.420]  或者甚至懷疑他有叛亂
[00:18:55.420 --> 00:18:58.060]  這個罪名下
[00:18:58.060 --> 00:19:01.060]  以致他受刑罰
[00:19:01.060 --> 00:19:05.940]  但是保羅想告訴他
[00:19:05.940 --> 00:19:08.180]  耶穌基督受苦
[00:19:08.180 --> 00:19:11.460]  絕對不是因為他要叛國叛亂
[00:19:11.460 --> 00:19:15.300]  而這個當然對當時有這個記載
[00:19:15.300 --> 00:19:20.220]  對保羅對整個基督教的合法性
[00:19:20.220 --> 00:19:24.460]  或者他們本身是完全沒有叛國的動機
[00:19:24.460 --> 00:19:27.820]  做一個澄清也好
[00:19:27.820 --> 00:19:31.740]  但是對保羅來說
[00:19:31.740 --> 00:19:35.060]  他看到耶穌基督的死
[00:19:35.060 --> 00:19:36.500]  是有一個特別的意義
[00:19:36.500 --> 00:19:39.980]  是為了人的罪來受死
[00:19:39.980 --> 00:19:45.060]  令我想起在我自己醫護的過程裡
[00:19:45.060 --> 00:19:47.620]  我們知道有一種病叫中風
[00:19:47.620 --> 00:19:49.820]  中風有些人會癱瘓
[00:19:49.820 --> 00:19:51.100]  可能半邊不遂
[00:19:51.100 --> 00:19:55.180]  或者全身都不能動
[00:19:55.180 --> 00:19:58.900]  中風可以來自飲食上不接濟
[00:19:58.900 --> 00:20:01.620]  你明知道自己血壓高
[00:20:01.620 --> 00:20:02.660]  你都不戒口
[00:20:02.660 --> 00:20:05.180]  你走著一條這樣的路
[00:20:05.180 --> 00:20:08.180]  但是有一樣東西叫血管瘤
[00:20:08.180 --> 00:20:10.580]  血管瘤是在腦裡的
[00:20:10.580 --> 00:20:14.460]  是你一出生就可能已經在這裡
[00:20:14.460 --> 00:20:16.500]  不過你不知道什麼時候爆發
[00:20:16.500 --> 00:20:19.300]  同樣你看到一個躺著
[00:20:19.300 --> 00:20:21.580]  診斷做中風的人
[00:20:21.580 --> 00:20:25.220]  他可以因為兩個不同的原因
[00:20:25.220 --> 00:20:27.220]  但有同一個的表現
[00:20:27.220 --> 00:20:29.340]  所以對周圍的人
[00:20:29.340 --> 00:20:31.420]  甚至對所有的老百姓來說
[00:20:31.420 --> 00:20:33.700]  看到一個被釘十字架的人
[00:20:33.700 --> 00:20:36.140]  他們會覺得他該死
[00:20:36.140 --> 00:20:38.140]  他犯罪了
[00:20:38.140 --> 00:20:39.500]  他該死
[00:20:39.500 --> 00:20:41.740]  但是對保羅的解釋
[00:20:41.740 --> 00:20:44.060]  看到耶穌基督的十字架是什麼
[00:20:44.060 --> 00:20:48.420]  因為他要幫我們承擔我們的罪
[00:20:48.420 --> 00:20:51.060]  保羅認得很清楚
[00:20:51.060 --> 00:20:55.780]  也很清楚耶穌基督來受苦
[00:20:55.780 --> 00:20:58.380]  是為了我們得醫治
[00:20:58.380 --> 00:21:00.140]  為了我們得拯救
[00:21:00.140 --> 00:21:03.580]  我已經預備了兩張PowerPoint
[00:21:03.580 --> 00:21:09.140]  第一張就是我們剛才看的那一段
[00:21:09.140 --> 00:21:12.900]  分成三個段落
[00:21:12.900 --> 00:21:15.620]  這三個段落很簡單
[00:21:15.620 --> 00:21:20.860]  按照26張的情節來分
[00:21:20.860 --> 00:21:23.740]  第一段是有申訴的機會
[00:21:23.740 --> 00:21:25.140]  是一到三節
[00:21:25.140 --> 00:21:30.300]  四到二十九節是整個申訴的經過
[00:21:30.300 --> 00:21:34.620]  三十到三十二節是最尾
[00:21:34.620 --> 00:21:38.060]  經過是包括對談
[00:21:38.060 --> 00:21:40.580]  最後結尾是一個結案
[00:21:40.580 --> 00:21:42.780]  最後是沒有罪
[00:21:42.780 --> 00:21:43.540]  早知道了
[00:21:43.540 --> 00:21:46.540]  不過我有另一些的看法
[00:21:46.540 --> 00:21:49.740]  不是看法 是另一些的領袖
[00:21:49.740 --> 00:21:54.660]  所以我暫時給一個這麼簡單的分段
[00:21:54.660 --> 00:21:57.380]  而下一張PowerPoint
[00:21:57.380 --> 00:22:00.460]  你會看到嘗試這個分段
[00:22:00.460 --> 00:22:07.460]  似乎是一個報道會的流程的分段
[00:22:07.460 --> 00:22:09.260]  或者不知道是不是保羅
[00:22:09.260 --> 00:22:14.100]  他自己設計這個報道會的流程
[00:22:14.100 --> 00:22:18.020]  由四到二十三節這一段
[00:22:18.020 --> 00:22:21.020]  是他的內容 又是他的申訴內容
[00:22:21.020 --> 00:22:23.660]  其實就正如我第一段的分段
[00:22:23.660 --> 00:22:27.300]  我自己在我的港島大綱裏的分段
[00:22:27.300 --> 00:22:30.620]  就是講福音的內容
[00:22:30.620 --> 00:22:34.140]  包括了怎樣去引他們的興趣
[00:22:34.140 --> 00:22:35.620]  和他的切身關係
[00:22:35.620 --> 00:22:38.140]  今天為甚麼我會站在這裏呢
[00:22:38.140 --> 00:22:40.300]  而九到十五節
[00:22:40.300 --> 00:22:44.940]  就是講到他現在被告的那班人
[00:22:44.940 --> 00:22:49.860]  或者和他爭論的另一個對立派
[00:22:49.860 --> 00:22:52.820]  為甚麼會成為對敵呢
[00:22:52.820 --> 00:22:55.220]  因為保羅改變了
[00:22:55.220 --> 00:22:57.860]  這是他自己的個人見證
[00:22:57.860 --> 00:23:02.140]  也是他自己怎樣和耶穌相遇的見證
[00:23:02.140 --> 00:23:06.140]  二十六到十八節就是福音的核心
[00:23:06.140 --> 00:23:07.940]  然後十九到二十一節
[00:23:07.940 --> 00:23:13.620]  就是保羅怎樣在他講完福音的核心之後
[00:23:13.620 --> 00:23:17.060]  將人推到去
[00:23:17.060 --> 00:23:19.780]  你不得不回應
[00:23:19.780 --> 00:23:22.020]  因為他的召命就是在講
[00:23:22.020 --> 00:23:25.420]  這一個就是人人都需要去回應
[00:23:25.420 --> 00:23:30.100]  當你知道在講耶穌是基督
[00:23:30.100 --> 00:23:33.380]  耶穌是救主的時候
[00:23:33.380 --> 00:23:36.700]  原來人人都要有一個回應
[00:23:36.700 --> 00:23:38.100]  然後二十四到二十九節
[00:23:38.100 --> 00:23:38.900]  我剛才都講過
[00:23:38.900 --> 00:23:40.180]  就好像一個對談
[00:23:40.180 --> 00:23:43.180]  好像 不知道是否像今天的陪談
[00:23:43.180 --> 00:23:44.420]  即是你有問題
[00:23:44.420 --> 00:23:48.020]  我們就來解答
[00:23:48.020 --> 00:23:50.460]  但你看到十六到十八節
[00:23:50.460 --> 00:23:52.300]  就是整個訊息內容
[00:23:52.300 --> 00:23:54.580]  十九到二十一節就是一個挑戰
[00:23:54.580 --> 00:23:57.140]  我會給他一個挑戰
[00:23:57.140 --> 00:24:01.420]  所以有人去形容
[00:24:01.420 --> 00:24:02.140]  很有趣
[00:24:02.140 --> 00:24:04.660]  將福音
[00:24:04.660 --> 00:24:06.540]  耶穌基督的福音
[00:24:06.540 --> 00:24:11.460]  形容得好像榴槤
[00:24:11.460 --> 00:24:13.700]  要麼你很喜歡
[00:24:13.700 --> 00:24:15.940]  要麼你很不喜歡
[00:24:15.940 --> 00:24:17.140]  很對立的
[00:24:17.140 --> 00:24:21.820]  很少你可以站在中間
[00:24:21.820 --> 00:24:25.340]  意思就是當你吃過榴槤的人
[00:24:25.340 --> 00:24:26.260]  你一吃
[00:24:26.260 --> 00:24:27.980]  你不是只問你
[00:24:27.980 --> 00:24:33.460]  你要試吃過那些很香的榴槤
[00:24:33.460 --> 00:24:36.300]  你的反應是喜歡還是不喜歡
[00:24:36.300 --> 00:24:40.380]  這個比喻是我以前一個神學院的師長用的
[00:24:40.380 --> 00:24:43.220]  有時福音就像榴槤一樣
[00:24:43.220 --> 00:24:44.580]  喜歡的人就很喜歡
[00:24:44.580 --> 00:24:47.060]  很願意繼續打開心來聽
[00:24:47.060 --> 00:24:48.180]  當他不喜歡的時候
[00:24:48.180 --> 00:24:50.060]  他就很不喜歡
[00:24:50.060 --> 00:24:54.340]  甚至他們可以聯群
[00:24:54.340 --> 00:24:57.660]  因為我不喜歡請酒店
[00:24:57.660 --> 00:24:59.660]  就算泰國也好
[00:24:59.660 --> 00:25:02.900]  酒店請你禁止吃榴槤的人進入
[00:25:02.900 --> 00:25:04.060]  或者買榴槤回來
[00:25:04.060 --> 00:25:06.260]  放在酒店裏面
[00:25:06.260 --> 00:25:07.580]  那份抗拒
[00:25:07.580 --> 00:25:09.300]  那份拒絕
[00:25:09.300 --> 00:25:12.940]  不可以大到這樣
[00:25:12.940 --> 00:25:17.380]  但其實你去到泰國國家
[00:25:17.380 --> 00:25:18.700]  見到榴槤
[00:25:18.700 --> 00:25:22.180]  然後說你不可以在酒店享受
[00:25:22.180 --> 00:25:23.580]  因為其實很久了
[00:25:23.580 --> 00:25:25.820]  酒店能夠吃榴槤
[00:25:25.820 --> 00:25:28.420]  反而是近十年八年
[00:25:28.420 --> 00:25:29.900]  人的拒絕
[00:25:29.900 --> 00:25:31.500]  人的否定
[00:25:31.500 --> 00:25:35.260]  是這麼大
[00:25:35.260 --> 00:25:36.180]  好 當我們來
[00:25:36.180 --> 00:25:37.220]  所以我們今天
[00:25:37.220 --> 00:25:38.300]  如果是這樣說的時候
[00:25:38.300 --> 00:25:42.300]  就會集中來看16到18節
[00:25:42.300 --> 00:25:43.820]  或者可以這樣說
[00:25:43.820 --> 00:25:47.260]  我第二個分段
[00:25:47.260 --> 00:25:48.980]  裏面說到的就是
[00:25:48.980 --> 00:25:51.940]  對福音的態度
[00:25:51.940 --> 00:25:52.860]  保羅說
[00:25:52.860 --> 00:25:56.500]  他希望他把握機會傳福音的時候
[00:25:56.500 --> 00:25:59.260]  人人都能夠像他一樣
[00:25:59.260 --> 00:26:01.180]  信耶穌 信主
[00:26:01.180 --> 00:26:03.580]  和去侍奉主
[00:26:03.580 --> 00:26:06.940]  但最好不要像他一樣有所憐
[00:26:06.940 --> 00:26:10.540]  在保羅來說 他是把握每一個傳福音的機會
[00:26:10.540 --> 00:26:13.780]  可能今天我們會說機會來了
[00:26:13.780 --> 00:26:19.140]  但是什麼令到我不能夠去傳
[00:26:19.140 --> 00:26:21.260]  或者甚至不夠膽
[00:26:21.260 --> 00:26:23.540]  還是還有其他原因呢
[00:26:23.540 --> 00:26:26.220]  我覺得其中一個很重要的原因
[00:26:26.220 --> 00:26:29.380]  就是當我們去到福音內容的時候
[00:26:29.380 --> 00:26:30.180]  裏面說了
[00:26:30.180 --> 00:26:31.780]  他用很多的形容詞
[00:26:31.780 --> 00:26:33.540]  這個16到18節去說
[00:26:33.540 --> 00:26:37.060]  他叫人的眼睛睜開
[00:26:37.060 --> 00:26:40.420]  叫人從黑暗走向光明
[00:26:40.420 --> 00:26:44.220]  叫人離開撒旦的權勢
[00:26:44.220 --> 00:26:45.620]  歸向神
[00:26:45.620 --> 00:26:48.100]  叫人聚得赦免
[00:26:48.100 --> 00:26:50.260]  叫人去親近主
[00:26:50.260 --> 00:26:52.540]  各式各樣的形容詞
[00:26:52.540 --> 00:26:54.700]  或者這麼多的表達
[00:26:54.700 --> 00:26:57.460]  其實都是在說同一個意思
[00:26:57.460 --> 00:27:00.260]  特別保羅他自己更加有一個經歷
[00:27:00.260 --> 00:27:02.820]  就是真的看不到東西
[00:27:02.820 --> 00:27:04.900]  他很明白聖經說
[00:27:04.900 --> 00:27:08.500]  人那種對福音的拒絕
[00:27:08.500 --> 00:27:10.860]  就好像瞎了眼一樣
[00:27:10.860 --> 00:27:13.780]  是亞拿利亞按著神的吩咐
[00:27:13.780 --> 00:27:15.620]  叫他開眼
[00:27:15.620 --> 00:27:18.900]  對他來說一個人可以重見光明
[00:27:18.900 --> 00:27:20.900]  一個瞎的人重見光明
[00:27:20.900 --> 00:27:24.460]  對於黑暗的理解
[00:27:24.460 --> 00:27:26.940]  和我今天信耶穌
[00:27:26.940 --> 00:27:29.740]  我怎樣看罪
[00:27:29.740 --> 00:27:33.820]  我對罪的厭惡有多強烈
[00:27:33.820 --> 00:27:35.900]  我對黑暗
[00:27:35.900 --> 00:27:39.620]  對我的困擾有多難過
[00:27:39.620 --> 00:27:42.340]  我有沒有這些真實的經歷
[00:27:42.340 --> 00:27:46.420]  我有沒有從黑暗入光明的親身經歷
[00:27:46.420 --> 00:27:48.580]  不是說我信主那一刻
[00:27:48.580 --> 00:27:51.660]  而是說我每一天在我的生活裏
[00:27:51.660 --> 00:27:55.740]  在我自己信主的歷程上
[00:27:55.740 --> 00:28:01.540]  我有沒有經歷過那份赦罪得來的平安
[00:28:01.540 --> 00:28:06.300]  那一份真的看到罪那種
[00:28:06.300 --> 00:28:10.660]  和撒旦那種勾結那種關係
[00:28:10.660 --> 00:28:13.940]  我們有沒有意識到我們好像真的在一個
[00:28:13.940 --> 00:28:20.260]  不受控的環境下由撒旦來操控一個這樣的黑暗
[00:28:20.260 --> 00:28:25.940]  所以如果我沒有在這些經歷上經歷過
[00:28:25.940 --> 00:28:29.300]  那一份同神同行
[00:28:29.300 --> 00:28:31.940]  特別是後面保羅自己也說
[00:28:31.940 --> 00:28:35.940]  我今天能夠在這裏
[00:28:35.940 --> 00:28:38.900]  其實他在整個信主的歷程
[00:28:38.900 --> 00:28:41.060]  由他自己遇到主
[00:28:41.060 --> 00:28:42.260]  到他今天被控
[00:28:42.260 --> 00:28:45.700]  其實經歷了一個很長的時間
[00:28:45.700 --> 00:28:51.340]  他是很親身感受第一身經歷
[00:28:51.340 --> 00:28:53.940]  神怎樣每一天和他一起
[00:28:53.940 --> 00:28:56.020]  包括怎樣保護他
[00:28:56.020 --> 00:29:01.900]  怎樣帶他一個一個的難關來渡過
[00:29:01.900 --> 00:29:05.340]  所以他這個經歷是那麼真實
[00:29:05.340 --> 00:29:09.220]  是每一天都可以那麼真實的時候
[00:29:09.220 --> 00:29:11.820]  他要和別人講福音
[00:29:11.820 --> 00:29:17.860]  這是不是一個難關呢?或者是一個很難講的東西呢?
[00:29:17.860 --> 00:29:29.220]  今天我們會要求很多職業的人要有專業
[00:29:29.220 --> 00:29:33.980]  我們很多時候會要求他要有專業水平
[00:29:33.980 --> 00:29:35.740]  如果神不知道會不會說
[00:29:35.740 --> 00:29:40.300]  基督徒你的專業水平你到不到
[00:29:40.300 --> 00:29:43.900]  用這個表達其實是很負面和很不對的
[00:29:43.900 --> 00:29:49.060]  因為我們信耶穌傳福音是不講資歷的
[00:29:49.060 --> 00:29:51.260]  你不要說我要信了兩年三年
[00:29:51.260 --> 00:29:53.940]  我要讀完哪個課程我才可以去傳福音
[00:29:53.940 --> 00:29:55.220]  絕對不需要
[00:29:55.220 --> 00:30:01.220]  因為當你有剛才說你在福音真正的內容裏面
[00:30:01.220 --> 00:30:05.340]  經歷過怎樣同神同行的時候
[00:30:05.340 --> 00:30:07.940]  你就會講到
[00:30:07.940 --> 00:30:13.300]  我自己的體會
[00:30:13.300 --> 00:30:18.860]  似乎多人問我關於醫護的常識
[00:30:18.860 --> 00:30:23.180]  多過問我信耶穌的常識
[00:30:23.180 --> 00:30:27.140]  我就想我是成功還是失敗呢?
[00:30:27.140 --> 00:30:31.860]  我有一件事別人會覺得信任我多一點
[00:30:31.860 --> 00:30:33.620]  想聽我講多一點
[00:30:33.620 --> 00:30:39.260]  但可惜我的信仰不是講我怎樣信耶穌
[00:30:39.260 --> 00:30:41.260]  是講我怎樣做護士
[00:30:41.260 --> 00:30:43.940]  或者我對護士的常識
[00:30:43.940 --> 00:30:45.980]  會不會其實機會
[00:30:45.980 --> 00:30:49.620]  我們好像很久就有機會來到
[00:30:49.620 --> 00:30:51.820]  但為什麼我沒有這個機會呢?
[00:30:51.820 --> 00:30:58.180]  是不是其實就算我的同事也會想
[00:30:58.180 --> 00:31:01.820]  我有這個人生的難題
[00:31:01.820 --> 00:31:05.860]  我走到人生的低谷的時候
[00:31:05.860 --> 00:31:08.740]  不過我也不會想起YY去問她
[00:31:08.740 --> 00:31:13.540]  我也不會有想過去請教她
[00:31:13.540 --> 00:31:18.620]  因為她好像給了我沒有一個我能夠信任
[00:31:18.620 --> 00:31:22.260]  她在這方面可以成為我的指路明燈
[00:31:22.260 --> 00:31:25.500]  一個這樣的身份、一個這樣的角色
[00:31:25.500 --> 00:31:31.220]  這個是不是機會不是不在
[00:31:31.220 --> 00:31:34.980]  但只不過是什麼令到我
[00:31:34.980 --> 00:31:36.820]  別人不信任我
[00:31:36.820 --> 00:31:39.260]  不會問我這些問題
[00:31:39.260 --> 00:31:45.980]  甚至連講的機會都沒有
[00:31:45.980 --> 00:31:50.540]  我相信這個很值得我們去思考
[00:31:50.540 --> 00:31:55.140]  正如我在下面的總結也有一個挑戰
[00:31:55.140 --> 00:31:58.260]  你敢不敢去問呢?
[00:31:58.260 --> 00:31:59.620]  有時候不敢是因為什麼
[00:31:59.620 --> 00:32:02.540]  你問到我的經歷
[00:32:02.540 --> 00:32:04.500]  我還在講我初信主的時候
[00:32:04.500 --> 00:32:08.140]  怎樣帶護士學生信主
[00:32:08.140 --> 00:32:12.300]  我十幾年沒有再有新經歷了
[00:32:12.300 --> 00:32:15.220]  我怎樣跟別人分享福音
[00:32:15.220 --> 00:32:20.860]  不知道這是不是我害怕的其中一個原因
[00:32:20.860 --> 00:32:21.700]  另外第二個
[00:32:21.700 --> 00:32:24.420]  我相信耶穌基督也講過的
[00:32:24.420 --> 00:32:27.420]  也教過我們去明白
[00:32:27.420 --> 00:32:32.940]  你記得他講過一個女子來到耶穌面前
[00:32:32.940 --> 00:32:36.220]  哭到用頭髮幫耶穌抹腳
[00:32:36.220 --> 00:32:39.540]  而請耶穌吃飯的那個
[00:32:39.540 --> 00:32:41.180]  她看不到
[00:32:41.180 --> 00:32:43.740]  耶穌要教導她明白
[00:32:43.740 --> 00:32:45.220]  她能夠看到
[00:32:45.220 --> 00:32:48.260]  因為她看到自己的恩典很大
[00:32:48.260 --> 00:32:49.580]  另外一個
[00:32:49.580 --> 00:32:53.900]  令到我們很不敢
[00:32:53.900 --> 00:32:56.420]  或者很不敢跟別人分享
[00:32:56.420 --> 00:32:58.220]  和我對耶穌基督
[00:32:58.220 --> 00:33:05.420]  對那個恩典的愛有什麼關係呢?
[00:33:05.420 --> 00:33:08.220]  是不是我還沒感受到?
[00:33:08.220 --> 00:33:10.220]  另外我想剛才說
[00:33:10.220 --> 00:33:15.860]  我的事令到別人沒什麼信任感
[00:33:15.860 --> 00:33:16.860]  我不夠專業
[00:33:16.860 --> 00:33:21.900]  所以沒什麼人會來問我
[00:33:21.900 --> 00:33:25.180]  關於信仰的事
[00:33:25.180 --> 00:33:26.740]  我會想會不會是因為
[00:33:26.740 --> 00:33:29.100]  這裡是關乎我的態度
[00:33:29.100 --> 00:33:33.060]  或者我自己怎樣同神的經歷
[00:33:33.060 --> 00:33:36.660]  是不是我自己成日的憂慮
[00:33:36.660 --> 00:33:40.860]  令到別人覺得我信的事不可信呢?
[00:33:40.860 --> 00:33:42.900]  是不是我的驕傲
[00:33:42.900 --> 00:33:48.220]  令到別人覺得我講的事不可信呢?
[00:33:48.220 --> 00:33:51.500]  還是我的怒氣
[00:33:51.500 --> 00:33:55.380]  令到別人覺得我講的事
[00:33:55.380 --> 00:33:58.660]  他不覺得我可以幫到他呢?
[00:33:58.660 --> 00:34:01.740]  或者他有困難的時候
[00:34:01.740 --> 00:34:05.780]  他也不會考慮找我
[00:34:05.780 --> 00:34:10.020]  去談這些難題呢?
[00:34:10.020 --> 00:34:12.820]  但是記住我這樣說不是否定
[00:34:12.820 --> 00:34:15.220]  當我今天仍然作為一個教徒時
[00:34:15.220 --> 00:34:16.820]  我仍然經歷著憂慮
[00:34:16.820 --> 00:34:18.340]  我仍然是一個驕傲的人時
[00:34:18.340 --> 00:34:21.260]  或者我仍然處理著我的憤怒時
[00:34:21.260 --> 00:34:22.340]  就不能去傳福音
[00:34:22.340 --> 00:34:23.100]  對不起
[00:34:23.100 --> 00:34:24.900]  絕對沒有這件事
[00:34:24.900 --> 00:34:26.220]  我自己的體會就是
[00:34:26.220 --> 00:34:30.100]  我們自己怎樣去經歷神的大能
[00:34:30.100 --> 00:34:32.700]  在我生命裏的時候
[00:34:32.700 --> 00:34:36.220]  我同樣可以跟別人分享
[00:34:36.220 --> 00:34:37.860]  這個就是我分享甚麼
[00:34:37.860 --> 00:34:39.460]  是分享聖靈的大能
[00:34:39.460 --> 00:34:40.980]  神的大能
[00:34:40.980 --> 00:34:44.060]  不是我搞定才去跟別人說
[00:34:44.060 --> 00:34:48.900]  不是我搞定才能成為一個可信任的人
[00:34:48.900 --> 00:34:56.060]  我很相信在我仍然在掙扎這些問題的時候
[00:34:56.060 --> 00:34:58.740]  我可能會更加明白他
[00:34:58.740 --> 00:35:00.900]  不過我願不願意去告訴他
[00:35:00.900 --> 00:35:03.580]  其實我也有這些掙扎
[00:35:03.580 --> 00:35:04.900]  你看到我這麼憂慮
[00:35:04.900 --> 00:35:07.060]  但是你沒有看到我十年前的我
[00:35:07.060 --> 00:35:08.500]  我剛剛信主的時候
[00:35:08.500 --> 00:35:09.620]  或者信主之前
[00:35:09.620 --> 00:35:11.500]  我還在憂慮
[00:35:11.500 --> 00:35:12.820]  我還不知道該怎麼辦
[00:35:12.820 --> 00:35:14.900]  我當時甚至想死
[00:35:14.900 --> 00:35:17.140]  可能是一個這樣的過程
[00:35:17.140 --> 00:35:18.340]  也不一定
[00:35:18.340 --> 00:35:22.900]  但我相信在我們的生命裏
[00:35:22.900 --> 00:35:24.700]  我們自己怎樣去經歷神
[00:35:24.700 --> 00:35:28.020]  我們自己怎樣去跟別人分享
[00:35:28.020 --> 00:35:33.140]  最後你記得
[00:35:33.140 --> 00:35:38.420]  保羅被雅紀柏王的挑戰
[00:35:38.420 --> 00:35:40.260]  也是問他
[00:35:40.260 --> 00:35:42.820]  聖經的可信性
[00:35:42.820 --> 00:35:46.180]  因為當你有生命的見證的時候
[00:35:46.180 --> 00:35:51.860]  一些理性的理據、證據
[00:35:51.860 --> 00:35:57.060]  我們好像在19-23節裏看到的
[00:35:57.060 --> 00:35:59.580]  關於整個以色列的歷史
[00:35:59.580 --> 00:36:01.740]  他們的歷史
[00:36:01.740 --> 00:36:02.740]  所發生的事
[00:36:02.740 --> 00:36:05.020]  他們自己怎樣來看這段歷史
[00:36:05.020 --> 00:36:05.940]  為何他們會覺得
[00:36:05.940 --> 00:36:09.260]  今天以色列是他們必爭之地
[00:36:09.260 --> 00:36:12.580]  這個歷史背後帶同來的耶穌基督
[00:36:12.580 --> 00:36:17.060]  這個基督怎樣應驗在耶穌身上
[00:36:17.060 --> 00:36:18.540]  以色列的歷史
[00:36:18.540 --> 00:36:19.860]  聖經的權威
[00:36:19.860 --> 00:36:21.380]  聖經的可靠
[00:36:21.380 --> 00:36:22.940]  聖經來自神的說話
[00:36:22.940 --> 00:36:29.140]  這些我們都要能夠去回應
[00:36:29.140 --> 00:36:32.700]  或者進一步去了解得更深
[00:36:32.700 --> 00:36:34.860]  所以我們說信耶穌
[00:36:34.860 --> 00:36:38.060]  不是一個純感受
[00:36:38.060 --> 00:36:43.500]  或者一個非理性、不看理性
[00:36:43.500 --> 00:36:44.660]  而是我們有了這些
[00:36:44.660 --> 00:36:47.220]  好像理性的證據也好
[00:36:47.220 --> 00:36:49.820]  我們仍然需要一份超越
[00:36:49.820 --> 00:36:52.980]  這個理性的信心
[00:36:52.980 --> 00:36:55.620]  但今次這個講道
[00:36:55.620 --> 00:36:59.620]  其實給我最大的一個挑戰
[00:36:59.620 --> 00:37:02.260]  其實就在最後那段
[00:37:02.260 --> 00:37:05.980]  這個結案陳詞那裏
[00:37:05.980 --> 00:37:10.260]  我為何會覺得這麼深刻呢
[00:37:10.260 --> 00:37:14.260]  當我今天還未敢去傳福音
[00:37:14.260 --> 00:37:16.740]  或者我今天好像找不到機會
[00:37:16.740 --> 00:37:20.020]  去傳福音的時候
[00:37:20.020 --> 00:37:22.820]  神的福音的工具
[00:37:22.820 --> 00:37:24.940]  神傳福音的工具
[00:37:24.940 --> 00:37:28.940]  是包括這兩個王
[00:37:28.940 --> 00:37:32.020]  神可以不用我
[00:37:32.020 --> 00:37:34.060]  神可以用一些不信的人
[00:37:34.060 --> 00:37:38.740]  去承受祂整個的福音
[00:37:38.740 --> 00:37:41.540]  整個的福音廣傳
[00:37:41.540 --> 00:37:44.700]  但神是想我們去經歷
[00:37:44.700 --> 00:37:47.780]  聖靈在我們生命裏面的那種大能
[00:37:47.780 --> 00:37:49.020]  就好像我在這裏
[00:37:49.020 --> 00:37:51.180]  引用了《思量傳》一章八節
[00:37:51.180 --> 00:37:55.900]  我每次講道都是引用這一節
[00:37:55.900 --> 00:37:58.260]  因為聖靈的降臨
[00:37:58.260 --> 00:38:00.940]  是令我們有能力
[00:38:00.940 --> 00:38:02.260]  能力不是我來的
[00:38:02.260 --> 00:38:03.860]  所以剛才我說不是我的資格
[00:38:03.860 --> 00:38:05.660]  不是我的資歷
[00:38:05.660 --> 00:38:09.220]  而是神給予我們的能力
[00:38:09.220 --> 00:38:12.620]  我們去為主見證
[00:38:12.620 --> 00:38:16.020]  今天我們不是耶穌復活的第一身
[00:38:16.020 --> 00:38:17.780]  那個第一人
[00:38:17.780 --> 00:38:20.100]  復活了的耶穌
[00:38:20.100 --> 00:38:22.260]  但我們可以每一天
[00:38:22.260 --> 00:38:26.260]  仍然有跟這個活神
[00:38:26.260 --> 00:38:29.460]  復活了的耶穌有經歷
[00:38:29.460 --> 00:38:33.660]  每一天我都可以有新的經歷在裏面
[00:38:33.660 --> 00:38:37.260]  當我們去想
[00:38:37.260 --> 00:38:40.140]  如果沒有東西難了我的時候
[00:38:40.140 --> 00:38:43.220]  我就要想想我怎樣創造機會
[00:38:43.220 --> 00:38:48.060]  我再不是被動地等機會來
[00:38:48.060 --> 00:38:50.820]  我有沒有主動去創造
[00:38:50.820 --> 00:38:53.380]  這些傳福音的機會呢
[00:38:53.380 --> 00:38:54.780]  我相信有的
[00:38:54.780 --> 00:38:56.500]  我相信有很多的
[00:38:56.500 --> 00:39:00.180]  而這個機會最開先的時候
[00:39:00.180 --> 00:39:02.580]  我相信祈禱是其中一個
[00:39:02.580 --> 00:39:04.420]  當我有一些對象
[00:39:04.420 --> 00:39:05.580]  當我有一些人
[00:39:05.580 --> 00:39:07.620]  我很想去信主的時候
[00:39:07.620 --> 00:39:11.540]  你會開始為他祈禱
[00:39:11.540 --> 00:39:14.020]  甚至主動去關心他
[00:39:14.020 --> 00:39:16.580]  我記得有朋友說
[00:39:16.580 --> 00:39:19.500]  他每年都換一個新的教會閱歷
[00:39:19.500 --> 00:39:22.940]  甚至選一些有金句的閱歷
[00:39:22.940 --> 00:39:24.660]  放在他的枱頭
[00:39:24.660 --> 00:39:28.020]  他的同事走過都知道
[00:39:28.020 --> 00:39:32.660]  這時候是否當同事有需要的時候
[00:39:32.660 --> 00:39:35.260]  你去接觸他關心他
[00:39:35.260 --> 00:39:40.140]  他很快就知道你是一個基督徒
[00:39:40.140 --> 00:39:41.900]  不需要當時才問
[00:39:41.900 --> 00:39:43.940]  原來你是基督徒
[00:39:43.940 --> 00:39:47.460]  好像減少了一些尷尬
[00:39:47.460 --> 00:39:48.780]  但無論如何我相信
[00:39:48.780 --> 00:39:53.900]  我們怎樣主動去創造機會
[00:39:53.900 --> 00:39:56.260]  或者真的機會來的時候
[00:39:56.260 --> 00:39:59.220]  我夠不夠膽去講呢
[00:39:59.220 --> 00:40:04.060]  我相信這就是今天神給我們的挑戰
[00:40:04.060 --> 00:40:05.780]  我們一起祈禱
[00:40:05.780 --> 00:40:08.220]  天上的爸爸
[00:40:08.220 --> 00:40:10.380]  我們多謝你
[00:40:10.380 --> 00:40:14.500]  在一個這麼長的經文裏面
[00:40:14.500 --> 00:40:18.260]  可能你對我們不同聽到的人
[00:40:18.260 --> 00:40:21.740]  都有不同的提醒
[00:40:21.740 --> 00:40:25.340]  或者都有不同的挑戰
[00:40:25.340 --> 00:40:27.580]  挑戰我們知不知道
[00:40:27.580 --> 00:40:33.100]  我們有一個親善大士這個身份
[00:40:33.100 --> 00:40:35.500]  挑戰我們看不看得到
[00:40:35.500 --> 00:40:37.580]  為甚麼我身邊的人
[00:40:37.580 --> 00:40:39.620]  不會來跟我談
[00:40:39.620 --> 00:40:43.500]  在生命裏面遇到黑暗的時候
[00:40:43.500 --> 00:40:46.580]  他不覺得我是可以為他
[00:40:46.580 --> 00:40:49.900]  一個指路明燈去指向你
[00:40:49.900 --> 00:40:54.540]  還是我們不夠細不夠敏銳
[00:40:54.540 --> 00:40:59.460]  很多機會在你身邊來到去流失
[00:40:59.460 --> 00:41:03.260]  我們完全沒有察覺
[00:41:03.260 --> 00:41:06.060]  主要如果我們真的
[00:41:06.060 --> 00:41:08.300]  整個的疫情來到現在
[00:41:08.300 --> 00:41:11.060]  經歷了八個月的時間
[00:41:11.060 --> 00:41:14.060]  我們仍然分辨不到
[00:41:14.060 --> 00:41:18.900]  人的得救多麼重要的時候
[00:41:18.900 --> 00:41:24.860]  仍然沒有真是將我心裏面那份熱切
[00:41:24.860 --> 00:41:27.140]  那份對福音的passion
[00:41:27.140 --> 00:41:31.700]  去增加或者增強
[00:41:31.700 --> 00:41:34.260]  我求主你寬恕我們
[00:41:34.260 --> 00:41:36.020]  原諒我們
[00:41:36.020 --> 00:41:39.340]  我也求主你讓我們真是看到
[00:41:39.340 --> 00:41:43.620]  我們是依靠著聖靈的能力
[00:41:43.620 --> 00:41:47.180]  去完成一個福音工作
[00:41:47.180 --> 00:41:49.180]  因為我們知道
[00:41:49.180 --> 00:41:52.100]  神你將這個的吩咐給了我們
[00:41:52.100 --> 00:41:56.860]  但不代表神你不可以用其他人
[00:41:56.860 --> 00:41:58.860]  甚至不信主的人
[00:41:58.860 --> 00:42:01.260]  都可以成為你福音的工具
[00:42:01.260 --> 00:42:03.540]  所以你要我們
[00:42:03.540 --> 00:42:07.900]  是怎樣去經歷你是那位活的神
[00:42:07.900 --> 00:42:09.460]  希望這個都是我們
[00:42:09.460 --> 00:42:12.020]  來到更新自己生命的一個機會
[00:42:12.020 --> 00:42:13.780]  主多謝你聽我們的祈禱
[00:42:13.780 --> 00:42:15.780]  多謝主耶穌 多謝民靈
