
[00:00:00.000 --> 00:00:01.860]  各位弟兄姊妹平安
[00:00:01.860 --> 00:00:07.100]  我們真是得到主的恩典帶領
[00:00:07.100 --> 00:00:09.420]  讓我們上過主日
[00:00:09.420 --> 00:00:12.460]  我們有鄧牧師在我們中間靜悟
[00:00:12.460 --> 00:00:15.100]  我們也願意天父繼續的引領
[00:00:15.100 --> 00:00:21.420]  讓我們一起尋求主的心意
[00:00:21.420 --> 00:00:23.720]  我記得前一次
[00:00:23.720 --> 00:00:30.120]  陳偉傑傳道跟我們分享兩個兒子的訊息
[00:00:30.120 --> 00:00:33.520]  我就想起那位父親
[00:00:33.520 --> 00:00:36.120]  那位慈愛的父親
[00:00:36.120 --> 00:00:39.120]  在這個故事裏面
[00:00:39.120 --> 00:00:41.320]  其實是一個主角
[00:00:41.320 --> 00:00:43.120]  我就想起
[00:00:43.120 --> 00:00:46.120]  今天我們在這個社會裏面
[00:00:46.120 --> 00:00:50.520]  似乎我們對父親的形象
[00:00:50.520 --> 00:00:53.320]  可能要去重新定義
[00:00:53.320 --> 00:00:55.920]  回想起幾十年前
[00:00:55.920 --> 00:00:58.320]  其實做爸爸的他們
[00:00:58.320 --> 00:01:01.120]  主要是負責謀生
[00:01:01.120 --> 00:01:03.120]  在家裏面
[00:01:03.120 --> 00:01:05.720]  媽媽就含辛茹苦
[00:01:05.720 --> 00:01:08.320]  去養育很多子女
[00:01:08.320 --> 00:01:10.320]  去成長
[00:01:10.320 --> 00:01:12.320]  但是今天你發現
[00:01:12.320 --> 00:01:14.520]  父母的角色有點不同
[00:01:14.520 --> 00:01:16.120]  因為以前很多小朋友
[00:01:16.120 --> 00:01:19.320]  到今天可能生一個兩個
[00:01:19.320 --> 00:01:21.120]  最多生三個
[00:01:21.120 --> 00:01:24.120]  所以子女的教育問題
[00:01:24.120 --> 00:01:26.120]  是非常重視
[00:01:26.120 --> 00:01:28.120]  以我自己為例
[00:01:28.120 --> 00:01:29.720]  我自己的女兒
[00:01:29.720 --> 00:01:31.320]  當她升中學的時候
[00:01:31.320 --> 00:01:33.320]  我們都給她很多機會
[00:01:33.320 --> 00:01:34.720]  去學學樂器
[00:01:34.720 --> 00:01:36.320]  去補習
[00:01:36.320 --> 00:01:38.520]  玩玩運動
[00:01:38.520 --> 00:01:42.120]  這件事在幾十年前是很難想像的
[00:01:42.120 --> 00:01:44.520]  但是我又發現
[00:01:44.520 --> 00:01:47.920]  那個父親的角色又變得很不同
[00:01:47.920 --> 00:01:49.520]  因為我們看到
[00:01:49.520 --> 00:01:52.520]  現在那個父親的形象
[00:01:52.520 --> 00:01:54.520]  是非常重要
[00:01:54.520 --> 00:01:56.520]  我認識一些朋友
[00:01:56.520 --> 00:01:59.720]  由於經濟的問題
[00:01:59.720 --> 00:02:04.720]  所以父親和母親的角色是相反的
[00:02:04.720 --> 00:02:08.920]  反而是母親出去賺錢
[00:02:08.920 --> 00:02:12.320]  而這個父親就含辛茹苦
[00:02:12.320 --> 00:02:15.520]  去養育他的孩子成材
[00:02:15.520 --> 00:02:17.520]  我認識我的朋友
[00:02:17.520 --> 00:02:21.120]  現在我的兒子準備去英國留學
[00:02:21.120 --> 00:02:23.520]  其實這個兒子的成長是我帶的
[00:02:23.520 --> 00:02:25.120]  我一直帶他
[00:02:25.120 --> 00:02:26.920]  他學校各樣的活動
[00:02:26.920 --> 00:02:29.120]  都是我陪他去的
[00:02:29.120 --> 00:02:30.320]  我就覺得
[00:02:30.320 --> 00:02:34.720]  原來現在這個改變真的很大
[00:02:34.720 --> 00:02:36.720]  不過我又思想到
[00:02:36.720 --> 00:02:37.720]  今天
[00:02:37.720 --> 00:02:42.920]  我們要尋求一個父親形象之旅
[00:02:42.920 --> 00:02:43.920]  你記不記得
[00:02:43.920 --> 00:02:46.720]  我們在《馬拉基書》裏面
[00:02:46.720 --> 00:02:47.920]  就說到
[00:02:47.920 --> 00:02:51.920]  以利亞要讓父親的心歸向兒女
[00:02:51.920 --> 00:02:54.120]  兒女的心歸向父親
[00:02:54.120 --> 00:02:57.720]  所以這個父親是很重要的
[00:02:57.720 --> 00:02:59.320]  今天我們發現
[00:02:59.320 --> 00:03:01.920]  很多家庭的問題
[00:03:01.920 --> 00:03:06.120]  就是出於那個父親的形象失落了
[00:03:06.120 --> 00:03:09.320]  其中有一些同性戀的問題
[00:03:09.320 --> 00:03:11.320]  很多人查根究底
[00:03:11.320 --> 00:03:15.520]  就是因為家庭裏面那個父親的形象不明顯
[00:03:15.520 --> 00:03:18.520]  甚至那個Essence Father
[00:03:18.520 --> 00:03:21.920]  沒有辦法在這個成長的過程裏面
[00:03:21.920 --> 00:03:25.520]  和小朋友一起長大
[00:03:25.520 --> 00:03:26.920]  所以我們看到
[00:03:26.920 --> 00:03:31.120]  父親他對於養育他的孩子的責任
[00:03:31.120 --> 00:03:32.120]  是非常的大
[00:03:32.120 --> 00:03:34.120]  而今天我們可以這樣說
[00:03:34.120 --> 00:03:36.720]  我們每一個屬神的兒女
[00:03:36.720 --> 00:03:39.920]  我們都要學做父親
[00:03:39.920 --> 00:03:43.320]  很多時候我們是第一代基督徒的時候
[00:03:43.320 --> 00:03:45.320]  這件事我們是很難的
[00:03:45.320 --> 00:03:47.920]  因為我們自己都沒有經歷過
[00:03:47.920 --> 00:03:51.720]  這個聖經裏面那種父親的教導
[00:03:51.720 --> 00:03:55.120]  但願意我們今天在經文裏面去思想到
[00:03:55.120 --> 00:03:59.520]  原來父神視我們為他的子女
[00:03:59.520 --> 00:04:02.320]  看我們如珠如寶
[00:04:02.320 --> 00:04:05.920]  就讓我們在這個天上的父親裏面
[00:04:05.920 --> 00:04:12.120]  尋得我們怎樣去做地上的父親
[00:04:12.120 --> 00:04:15.720]  讓我們一起的童心禱告
[00:04:15.720 --> 00:04:19.520]  慈愛的天父我們滿心感謝讚美你
[00:04:19.520 --> 00:04:21.720]  因為你在我們的生命裏面
[00:04:21.720 --> 00:04:26.720]  為我們安放在這個家庭裏面去成長
[00:04:26.720 --> 00:04:29.920]  你讓我們在這個家庭的成長過程裏面
[00:04:29.920 --> 00:04:35.720]  我們學習去怎樣去做一個神所喜悅的人
[00:04:35.720 --> 00:04:38.920]  可能我們的父母尚未信主
[00:04:38.920 --> 00:04:40.720]  但是在我們的生命裏面
[00:04:40.720 --> 00:04:46.520]  我們不能否認我們在家庭裏面所受的教育
[00:04:46.520 --> 00:04:49.920]  甚或是比我們在學校裏面所受的
[00:04:49.920 --> 00:04:53.320]  是更基本是更重要
[00:04:53.320 --> 00:04:57.320]  就願意天父今天你帶領我們去看到
[00:04:57.320 --> 00:05:00.920]  原來我們是你的兒女
[00:05:00.920 --> 00:05:03.920]  我們今天要仰望你
[00:05:03.920 --> 00:05:06.920]  假如我們不懂得去怎樣做父親
[00:05:06.920 --> 00:05:08.920]  不懂得去做兒女的時候
[00:05:08.920 --> 00:05:12.920]  求你幫助我們要去幫助學習
[00:05:12.920 --> 00:05:17.120]  怎樣去做一個討你喜悅的父母
[00:05:17.120 --> 00:05:19.120]  又或者是子女
[00:05:19.120 --> 00:05:22.920]  願天父帶領我們一起去經歷
[00:05:22.920 --> 00:05:25.320]  在這個信息裏面給到孩子
[00:05:25.320 --> 00:05:28.720]  亦都給到我們眾弟兄姊妹一個激勵
[00:05:28.720 --> 00:05:31.120]  我們這樣在你面前祈禱感恩
[00:05:31.120 --> 00:05:33.720]  奉基督寶貴名字祈求
[00:05:33.720 --> 00:05:36.120]  阿門
[00:05:36.120 --> 00:05:41.520]  今天我們看的經文是羅馬書第八章十二到二十五節
[00:05:41.520 --> 00:05:45.120]  羅馬書第八章可以說是聖經裏面
[00:05:45.120 --> 00:05:49.120]  一章最寶貴亦都是最重要的經文
[00:05:49.120 --> 00:05:53.320]  因為它講到我們因信稱義所帶來的結果
[00:05:53.320 --> 00:05:55.320]  不是我們只是得拯救
[00:05:55.320 --> 00:05:59.520]  它讓我們揭示到神在我們生命裏面的計劃
[00:05:59.520 --> 00:06:02.120]  就是要我們成聖
[00:06:02.120 --> 00:06:06.920]  亦都我們要讓神讓我們去得榮耀
[00:06:06.920 --> 00:06:08.720]  所以在這幾部曲裏面
[00:06:08.720 --> 00:06:10.520]  讓我們去思想到
[00:06:10.520 --> 00:06:12.920]  今天我們不是一個奴僕
[00:06:12.920 --> 00:06:17.520]  而是一個神的兒女
[00:06:17.520 --> 00:06:18.920]  我們在經文裏面
[00:06:18.920 --> 00:06:23.720]  羅馬書第八章十二到十七節裏面
[00:06:23.720 --> 00:06:25.720]  我們先去看
[00:06:25.720 --> 00:06:31.920]  就是我們要恢復我們作為神兒女的身份
[00:06:31.920 --> 00:06:36.520]  不如我們慢慢一起讀這段經文
[00:06:36.520 --> 00:06:37.920]  預備起
[00:06:37.920 --> 00:06:40.720]  弟兄們,這樣看來
[00:06:40.720 --> 00:06:45.920]  我們不是欠肉體的債,去順從肉體而活
[00:06:45.920 --> 00:06:50.320]  你們若順從肉體活著,必定會死
[00:06:50.320 --> 00:06:56.120]  若靠著聖靈把身體的惡行處死,就必存活
[00:06:56.120 --> 00:07:01.520]  因為凡被上帝的靈引導的,都是上帝的兒子
[00:07:01.520 --> 00:07:06.320]  你們所領受的不是奴僕的靈,仍舊害怕
[00:07:06.320 --> 00:07:09.720]  所領受的是兒子命份的靈
[00:07:09.720 --> 00:07:12.720]  因此我們呼叫阿爸父
[00:07:12.720 --> 00:07:15.120]  聖靈自己與我們的靈
[00:07:15.120 --> 00:07:18.520]  一同見證我們是上帝的兒女
[00:07:18.520 --> 00:07:21.520]  若是兒女,就是後製
[00:07:21.520 --> 00:07:26.120]  是上帝的後製,和基督同作後製
[00:07:26.120 --> 00:07:28.720]  如果我們和祂一同受苦
[00:07:28.720 --> 00:07:32.520]  是要我們和祂一同得榮耀
[00:07:58.920 --> 00:08:02.520]  我們順著聖靈而行
[00:08:02.520 --> 00:08:04.520]  所以聖經裏面說
[00:08:04.520 --> 00:08:09.920]  我們不順著肉體的債,去順從肉體而活
[00:08:09.920 --> 00:08:13.520]  肉體就是代表了天然的本性
[00:08:13.520 --> 00:08:16.120]  大家知道,如果沒有聖靈的幫助
[00:08:16.120 --> 00:08:19.720]  我們的天然本性,就是一路一路讓我們向下
[00:08:19.720 --> 00:08:23.120]  向著罪,低頭屈服
[00:08:23.120 --> 00:08:27.920]  但是如果我們看到靠著聖靈的時候
[00:08:27.920 --> 00:08:31.520]  我們就能夠將我們的身體變化
[00:08:31.520 --> 00:08:34.720]  我們不再受罪的克制
[00:08:34.720 --> 00:08:36.920]  我們在神的靈裏面
[00:08:36.920 --> 00:08:42.720]  我們可以恢復神做我們身體的美好的目的
[00:08:42.720 --> 00:08:50.320]  所以十二、十三節是接續上次八至十一節的經文
[00:08:50.320 --> 00:08:54.920]  從十四節開始,我們就看到一個新的段落
[00:08:54.920 --> 00:09:02.120]  因為凡被上帝的靈引導的,都是上帝的兒子
[00:09:02.120 --> 00:09:05.320]  我們怎樣知道自己是上帝的兒女?
[00:09:05.320 --> 00:09:09.920]  就是我們的生命裏面,經歷聖靈的引導
[00:09:09.920 --> 00:09:12.920]  我們的生命不是隨從自己的喜好
[00:09:12.920 --> 00:09:16.320]  因為我們感受到聖靈帶領我們
[00:09:16.320 --> 00:09:18.320]  直至我們看祂的話語的時候
[00:09:18.320 --> 00:09:20.320]  聖靈進到我們的內心
[00:09:20.320 --> 00:09:23.120]  和神的話語在彼此互動的時候
[00:09:23.120 --> 00:09:26.720]  我們明白神的心意
[00:09:26.720 --> 00:09:30.920]  在經文裏面,特別有兩個地方我們要留心的
[00:09:30.920 --> 00:09:34.320]  第一個就是一個叫做奴僕的靈
[00:09:34.320 --> 00:09:38.120]  另一個就叫做兒子名分的靈
[00:09:38.120 --> 00:09:40.720]  什麼叫做奴僕的靈呢?
[00:09:40.720 --> 00:09:47.520]  如果這段經文,我和《皆太書》第四章一至第七節的話
[00:09:47.520 --> 00:09:50.520]  你會發現有一個很特別的對比
[00:09:50.520 --> 00:09:54.120]  這兩段經文有很多相似的地方
[00:09:54.120 --> 00:09:58.720]  大家都是說到什麼叫做奴僕的靈
[00:09:58.720 --> 00:10:02.320]  大家都提到什麼是阿爸父
[00:10:02.320 --> 00:10:08.320]  而且也說到我們還不是兒子接觸之前
[00:10:08.320 --> 00:10:12.320]  其實我們仍然在限制之下
[00:10:12.320 --> 00:10:16.320]  所以如果你有機會去對比一下這兩段經文
[00:10:16.320 --> 00:10:19.320]  就是《羅馬書》第八章十二到十七節
[00:10:19.320 --> 00:10:22.920]  和《加拉太書》四章一至七節的時候
[00:10:22.920 --> 00:10:26.720]  你會發現很精彩的一件事
[00:10:26.720 --> 00:10:33.720]  而且它們的意義是可以互相參照的
[00:10:33.720 --> 00:10:36.920]  我們去看第十五節的時候
[00:10:36.920 --> 00:10:38.120]  《羅馬書》八章十五節
[00:10:38.120 --> 00:10:43.520]  它說你們所領受的不是一個奴僕的靈
[00:10:43.520 --> 00:10:44.320]  而是什麼呢?
[00:10:44.320 --> 00:10:45.520]  營救害怕
[00:10:45.520 --> 00:10:49.120]  所領受的是兒子名分的靈
[00:10:49.120 --> 00:10:53.520]  因此我們能夠呼叫阿爸父
[00:10:53.520 --> 00:10:54.920]  大家其實知道
[00:10:54.920 --> 00:11:02.120]  阿爸父就是當時猶太人不敢親密地稱呼上帝
[00:11:02.120 --> 00:11:03.720]  所以在舊約裡面
[00:11:03.720 --> 00:11:06.920]  他們稱上帝為耶和華
[00:11:06.920 --> 00:11:10.720]  耶和華其實是一個避諱的字
[00:11:10.720 --> 00:11:17.520]  所以他是用耶和華代表父上帝
[00:11:17.520 --> 00:11:19.120]  但是今天
[00:11:19.120 --> 00:11:23.520]  當這群屬神的兒女來到神的面前的時候
[00:11:23.520 --> 00:11:28.920]  他可以很親密地稱父為阿爸父
[00:11:28.920 --> 00:11:30.920]  就好像什麼呢?
[00:11:30.920 --> 00:11:32.920]  有時候我們在家裡
[00:11:32.920 --> 00:11:35.720]  我不知道你會怎樣叫你爸爸
[00:11:35.720 --> 00:11:36.720]  很多時候
[00:11:36.720 --> 00:11:37.520]  「老豆」
[00:11:37.520 --> 00:11:39.520]  我們經常叫他老豆
[00:11:39.520 --> 00:11:42.120]  或者有時候
[00:11:42.120 --> 00:11:43.720]  我會叫他的名字
[00:11:43.720 --> 00:11:45.320]  這樣真的很離譜
[00:11:45.320 --> 00:11:48.720]  如果你看外國人是很特別的
[00:11:48.720 --> 00:11:51.920]  他們叫爸爸是叫名字的
[00:11:51.920 --> 00:11:54.920]  但是我不知道你們會不會叫爸爸
[00:11:54.920 --> 00:11:56.920]  「爹地」
[00:11:56.920 --> 00:12:00.920]  「爹地」這個字好像代表了阿爸父
[00:12:00.920 --> 00:12:04.720]  代表我們跟父親的關係是很密切的
[00:12:04.720 --> 00:12:06.720]  可以去看看他
[00:12:06.720 --> 00:12:09.520]  雖然阿傑上次跟我們分享說
[00:12:09.520 --> 00:12:12.520]  爸爸的心意是非常難測的
[00:12:12.520 --> 00:12:14.720]  但是我們也學習
[00:12:14.720 --> 00:12:17.720]  與我們的爸爸可以親近的時候
[00:12:17.720 --> 00:12:20.120]  因為跟我們爸爸親近的時候
[00:12:20.120 --> 00:12:21.720]  是沒有帶著恐懼的
[00:12:21.720 --> 00:12:24.720]  是沒有帶著疑惑的
[00:12:24.720 --> 00:12:25.920]  所以
[00:12:25.920 --> 00:12:28.720]  在這段經文裡面所提到的
[00:12:28.720 --> 00:12:30.120]  這個奴僕
[00:12:30.120 --> 00:12:32.120]  奴僕就是害怕的
[00:12:32.120 --> 00:12:34.120]  奴僕就是懼怕的
[00:12:34.120 --> 00:12:36.920]  但是兒子是親切的
[00:12:36.920 --> 00:12:42.520]  兒子是建立在關係的上面
[00:12:42.520 --> 00:12:44.520]  我們就想一想
[00:12:44.520 --> 00:12:46.720]  如果我們發現
[00:12:46.720 --> 00:12:49.520]  在我們今天基督徒的生命裡面
[00:12:49.520 --> 00:12:52.720]  仍然有懼怕的時候
[00:12:52.720 --> 00:12:54.720]  那我們就要問一下
[00:12:54.720 --> 00:12:57.920]  究竟我們跟父親的關係
[00:12:57.920 --> 00:13:01.520]  出了什麼問題呢?
[00:13:01.520 --> 00:13:04.520]  其中這裡說的奴僕的靈
[00:13:04.520 --> 00:13:07.720]  可以說是帶出我們今天
[00:13:07.720 --> 00:13:12.920]  跟父上帝那種疏離的問題
[00:13:12.920 --> 00:13:14.520]  我們既然有奴僕的靈
[00:13:14.520 --> 00:13:19.320]  就是因為我們今天仍然受律法所限制
[00:13:19.320 --> 00:13:21.320]  我們仍然未去經歷
[00:13:21.320 --> 00:13:24.520]  在基督裡面一個真的自由
[00:13:24.520 --> 00:13:26.120]  直到什麼時候?
[00:13:26.120 --> 00:13:30.120]  直到基督的靈進入我們的生命
[00:13:30.120 --> 00:13:35.520]  我們才能夠在基督裡面得到一個真自由
[00:13:35.520 --> 00:13:36.520]  同樣的
[00:13:36.520 --> 00:13:37.920]  很多時候今天
[00:13:37.920 --> 00:13:40.320]  人以為信耶穌
[00:13:40.320 --> 00:13:41.520]  就是什麼呢?
[00:13:41.520 --> 00:13:43.720]  就是循規蹈矩
[00:13:43.720 --> 00:13:45.720]  做一個好人
[00:13:45.720 --> 00:13:50.320]  而且我們知道我們死後可以上天堂
[00:13:50.320 --> 00:13:52.120]  如果我們這樣傳福音
[00:13:52.120 --> 00:13:54.520]  其實我又不可以說你錯的
[00:13:54.520 --> 00:13:57.920]  不過已經是焦點錯了
[00:13:57.920 --> 00:13:58.720]  沒錯
[00:13:58.720 --> 00:14:00.720]  我們是循規蹈矩
[00:14:00.720 --> 00:14:02.520]  我們是做一個好人
[00:14:02.520 --> 00:14:05.720]  但是我們知道我們原本根本就不是好人
[00:14:05.720 --> 00:14:09.720]  沒有一個可以在神面前稱自己為好人的
[00:14:09.720 --> 00:14:12.320]  其實我們都是罪人
[00:14:12.320 --> 00:14:14.120]  而且更加重要的
[00:14:14.120 --> 00:14:20.720]  我們的信仰不是等著我們信耶穌之後上天堂
[00:14:20.720 --> 00:14:22.320]  信仰是真的
[00:14:22.320 --> 00:14:23.320]  可以這樣說
[00:14:23.320 --> 00:14:28.520]  其實就是我們恢復我們作為神兒女的身份
[00:14:28.520 --> 00:14:35.920]  我們能夠重建我們與天父的那個阿爸父的關係
[00:14:35.920 --> 00:14:39.920]  就好像我們與地上的父親
[00:14:39.920 --> 00:14:42.520]  要重建我們的關係一樣
[00:14:42.520 --> 00:14:47.920]  這件事不是我們自己的努力做得到的
[00:14:47.920 --> 00:14:54.520]  這件事是神主動的來到我們的當中
[00:14:54.520 --> 00:14:58.720]  可惜今天我們不少跟從主的人
[00:14:58.720 --> 00:15:04.120]  我們感受不到基督的靈進到我們的生命裏面
[00:15:04.120 --> 00:15:08.720]  反而我們有一個孤兒的靈
[00:15:08.720 --> 00:15:13.520]  就是覺得我們自己不配得被愛
[00:15:13.520 --> 00:15:15.920]  而且我們在信仰的生命裏面
[00:15:15.920 --> 00:15:19.920]  感到上帝距離我們很遠
[00:15:19.920 --> 00:15:27.920]  其實我們的心靈無時無刻都需要被醫治和釋放
[00:15:27.920 --> 00:15:32.320]  邀請聖靈進入我們的生命
[00:15:32.320 --> 00:15:35.520]  渴慕被聖靈充滿
[00:15:35.520 --> 00:15:41.320]  肯定自己作為上帝兒女的身份
[00:15:41.320 --> 00:15:46.520]  剛剛我們參加了整個啟發營
[00:15:46.520 --> 00:15:48.120]  這次的啟發營很特別
[00:15:48.120 --> 00:15:51.720]  因為我們大部分的課堂都是上Zoom的
[00:15:51.720 --> 00:15:53.520]  我們沒有辦法實體見面
[00:15:53.520 --> 00:15:56.520]  但是很感謝神給我們有機會
[00:15:56.520 --> 00:16:01.920]  我們能夠在這個禮拜堂裏面舉行啟發營
[00:16:01.920 --> 00:16:06.520]  大家可能都知道啟發營裏面一個很重要的一刻
[00:16:06.520 --> 00:16:10.920]  就是我們要清理自己生命的罪
[00:16:10.920 --> 00:16:17.120]  更加重要的就是預備我們的生命被聖靈充滿
[00:16:17.120 --> 00:16:20.320]  對我來說是第一次參加啟發營
[00:16:20.320 --> 00:16:25.920]  第一次慰問到姐妹們去禱告
[00:16:25.920 --> 00:16:27.520]  姐妹們告訴我們
[00:16:27.520 --> 00:16:30.320]  當聖靈充滿的時候
[00:16:30.320 --> 00:16:33.520]  那個感覺是很舒服的
[00:16:33.520 --> 00:16:36.120]  那個關係是很密切的
[00:16:36.120 --> 00:16:39.120]  當主耶穌觸摸她的生命的時候
[00:16:39.120 --> 00:16:41.920]  她的心由軟起上來
[00:16:41.920 --> 00:16:43.120]  她哭起上來
[00:16:43.120 --> 00:16:46.920]  但是這個不是悲哀的哭
[00:16:46.920 --> 00:16:51.320]  這是一個喜樂的眼淚
[00:16:51.320 --> 00:16:53.320]  當然聖靈充滿的時候
[00:16:53.320 --> 00:16:54.920]  有很多不同的方式
[00:16:54.920 --> 00:16:57.120]  但是我在這次所經歷的
[00:16:57.120 --> 00:17:00.520]  姐妹跟我分享的就是
[00:17:00.520 --> 00:17:04.520]  神在她們當中做很多安慰的
[00:17:04.520 --> 00:17:06.720]  做很多勉勵的
[00:17:06.720 --> 00:17:09.320]  做很多打氣的工作
[00:17:09.320 --> 00:17:11.920]  其實我自己都很感恩
[00:17:11.920 --> 00:17:14.720]  我自己透過為人禱告的時候
[00:17:14.720 --> 00:17:16.320]  我自己心裏面感受到
[00:17:16.320 --> 00:17:20.120]  我真是與聖靈同工
[00:17:20.120 --> 00:17:21.720]  我很開心
[00:17:21.720 --> 00:17:24.720]  能夠在這個侍奉的過程裏面
[00:17:24.720 --> 00:17:30.120]  感受到神與我同在
[00:17:30.120 --> 00:17:31.720]  感謝主
[00:17:31.720 --> 00:17:32.920]  是的
[00:17:32.920 --> 00:17:35.720]  我們當能夠與神同工
[00:17:35.720 --> 00:17:39.320]  我們這個侍奉是出於愛神的時候
[00:17:39.320 --> 00:17:44.920]  我們就不會再有一個孤兒的靈
[00:17:44.920 --> 00:17:49.920]  孤兒的靈究竟對我們有什麼影響呢
[00:17:49.920 --> 00:17:52.720]  我嘗試去想一想
[00:17:52.720 --> 00:17:55.120]  有三方面對我們都有影響
[00:17:55.120 --> 00:17:56.320]  第一方面
[00:17:56.320 --> 00:17:59.720]  就是我們經常會陷入一個自憐的境地
[00:17:59.720 --> 00:18:04.120]  覺得連上帝都不能夠了解我自己
[00:18:04.120 --> 00:18:07.520]  結果我們就不能夠接受神的愛
[00:18:07.520 --> 00:18:11.520]  我們更加不懂得去愛人
[00:18:11.520 --> 00:18:13.120]  不說你不知道
[00:18:13.120 --> 00:18:14.520]  我在中學階段的時候
[00:18:14.520 --> 00:18:18.120]  曾經因為自己體型肥胖
[00:18:18.120 --> 00:18:20.120]  很自卑
[00:18:20.120 --> 00:18:25.920]  中一的時候進入教會團契的時候
[00:18:25.920 --> 00:18:28.520]  我看到那些弟兄姊妹
[00:18:28.520 --> 00:18:31.320]  個個都很活躍很開心
[00:18:31.320 --> 00:18:35.120]  但是當他們說要去派單張的時候
[00:18:35.120 --> 00:18:35.720]  自己很害怕
[00:18:35.720 --> 00:18:37.120]  哎呀我沒有派過單張
[00:18:37.120 --> 00:18:38.920]  怎麼辦怎麼辦
[00:18:38.920 --> 00:18:40.920]  再加上一件事就是
[00:18:40.920 --> 00:18:43.720]  那個時候我是很重的
[00:18:43.720 --> 00:18:45.920]  大大件件的
[00:18:45.920 --> 00:18:48.720]  所以看到別人又這麼苗條
[00:18:48.720 --> 00:18:49.720]  這麼有活力
[00:18:49.720 --> 00:18:50.720]  喜歡打球
[00:18:50.720 --> 00:18:52.120]  喜歡運動
[00:18:52.120 --> 00:18:54.920]  自己不是說跑不動
[00:18:54.920 --> 00:18:56.720]  不過跑得很辛苦
[00:18:56.720 --> 00:18:59.520]  所以都不敢去玩
[00:18:59.520 --> 00:19:03.120]  所以那時候我心裡就覺得
[00:19:03.120 --> 00:19:06.920]  我很怕別人覺得我不行
[00:19:06.920 --> 00:19:10.120]  我覺得我是不活躍的
[00:19:10.120 --> 00:19:13.720]  是不能夠很開懷的
[00:19:13.720 --> 00:19:15.720]  這樣去跟別人相處的
[00:19:15.720 --> 00:19:20.920]  這個自卑產生了一個懼怕
[00:19:20.920 --> 00:19:22.720]  懼怕與人交往
[00:19:22.720 --> 00:19:29.320]  懼怕建立一個更與人深入的關係
[00:19:29.320 --> 00:19:31.120]  第二個
[00:19:31.120 --> 00:19:33.320]  一個孤兒的靈的表現
[00:19:33.320 --> 00:19:35.320]  又可以說是什麼呢
[00:19:35.320 --> 00:19:38.920]  就是我們侍奉上帝的動機
[00:19:38.920 --> 00:19:40.920]  可能是出於懼怕
[00:19:40.920 --> 00:19:43.120]  或者是別人的看法
[00:19:43.120 --> 00:19:46.520]  不是出於一個單純愛上帝的心
[00:19:46.520 --> 00:19:48.120]  其中一個表現
[00:19:48.120 --> 00:19:50.720]  就是我們不能夠接受弟兄姊妹
[00:19:50.720 --> 00:19:54.720]  對你所做的言行的提醒
[00:19:54.720 --> 00:19:59.320]  以及能夠接受他們分享感受
[00:19:59.320 --> 00:20:04.320]  確定自己不能夠接受別人對你的評語
[00:20:04.320 --> 00:20:05.920]  你這樣說我
[00:20:05.920 --> 00:20:07.120]  我不接受的
[00:20:07.120 --> 00:20:10.120]  我覺得你這樣去詆毀我
[00:20:10.120 --> 00:20:13.520]  你這樣去傷害我
[00:20:13.520 --> 00:20:16.920]  其實這個原來也是一個孤兒的靈
[00:20:16.920 --> 00:20:24.520]  因為你不能夠跟別人建立一種真誠交往的關係
[00:20:24.520 --> 00:20:28.920]  我想起大概一兩年前
[00:20:28.920 --> 00:20:32.120]  自己在患病的過程中
[00:20:32.120 --> 00:20:35.320]  其實有一個想法很可怕
[00:20:35.320 --> 00:20:36.720]  就是說什麼呢
[00:20:36.720 --> 00:20:38.920]  就是說我現在在病中
[00:20:38.920 --> 00:20:41.720]  我不知道可不可以康復
[00:20:41.720 --> 00:20:43.120]  如果我不可以康復
[00:20:43.120 --> 00:20:44.120]  我就不可以侍奉你
[00:20:44.120 --> 00:20:47.520]  我就沒有機會再侍奉你
[00:20:47.520 --> 00:20:48.520]  但是有一次
[00:20:48.520 --> 00:20:52.320]  有一位牧長跟我聊天的時候
[00:20:52.320 --> 00:20:54.120]  他提醒我一件事
[00:20:54.120 --> 00:20:55.320]  他說崇基
[00:20:55.320 --> 00:20:57.520]  今天神看你的
[00:20:57.520 --> 00:21:00.120]  不是看你為祂做多少事
[00:21:00.120 --> 00:21:01.920]  而是祂看你的
[00:21:01.920 --> 00:21:05.720]  是祂的兒子
[00:21:05.720 --> 00:21:07.920]  祂因為愛你
[00:21:07.920 --> 00:21:11.520]  祂揀選你成為祂的兒子
[00:21:11.520 --> 00:21:13.120]  我是神的兒子
[00:21:13.120 --> 00:21:14.720]  我不是因為我要做很多事
[00:21:14.720 --> 00:21:15.920]  做很多侍奉
[00:21:15.920 --> 00:21:18.920]  去換取神愛我
[00:21:18.920 --> 00:21:22.520]  就算今天我沒有為神能夠做到什麼
[00:21:22.520 --> 00:21:28.320]  但是神仍然因為我是祂的兒子而去愛我
[00:21:28.320 --> 00:21:31.920]  我覺得這個是我們生命裡面一個經歷
[00:21:31.920 --> 00:21:33.720]  要去克服這個孤兒的靈
[00:21:33.720 --> 00:21:37.920]  就是一定要知道上帝是愛我的
[00:21:37.920 --> 00:21:41.320]  祂不是要看我為祂做多少事
[00:21:41.320 --> 00:21:48.120]  而是祂就是單單的去接受我這個人
[00:21:48.120 --> 00:21:49.920]  第三個孤兒的靈的表現
[00:21:49.920 --> 00:21:52.320]  我覺得很特別的地方就是反過來
[00:21:52.320 --> 00:21:55.920]  之前我們說很自卑很自憐
[00:21:55.920 --> 00:22:01.520]  但是第三個表現就是一個孤芳自賞的表現
[00:22:01.520 --> 00:22:02.920]  什麼叫孤芳自賞呢?
[00:22:02.920 --> 00:22:05.120]  就是覺得自己很OK的
[00:22:05.120 --> 00:22:07.720]  覺得自己是看別人不順眼的
[00:22:07.720 --> 00:22:12.320]  我是真的一個追求屬靈的人
[00:22:12.320 --> 00:22:13.920]  但是漸漸的
[00:22:13.920 --> 00:22:17.720]  祂就不願意打開祂的生命跟人分享
[00:22:17.720 --> 00:22:21.720]  祂活在一個封閉的生命裡面
[00:22:21.720 --> 00:22:24.320]  而且祂更加認為自己一個人
[00:22:24.320 --> 00:22:26.320]  就可以去跟隨主
[00:22:26.320 --> 00:22:31.320]  不需要周圍任何人的幫助
[00:22:31.320 --> 00:22:36.920]  其實這個生命可以說是一個封閉的生命
[00:22:36.920 --> 00:22:38.920]  祂不能夠跟人開放的時候
[00:22:38.920 --> 00:22:44.720]  等於祂不能夠自己跟神開放
[00:22:44.720 --> 00:22:49.520]  當我們去看這三個孤兒的靈的表現的時候
[00:22:49.520 --> 00:22:52.920]  我們求天父去幫助我們
[00:22:52.920 --> 00:22:57.720]  我們要除去這個孤兒的靈
[00:22:57.720 --> 00:22:59.520]  當我們除去孤兒的靈裡面
[00:22:59.520 --> 00:23:02.720]  同樣有三方面我們要去留心的
[00:23:02.720 --> 00:23:04.320]  第一個我們要留心的就是
[00:23:04.320 --> 00:23:08.920]  我們要記得上帝的愛是無條件的
[00:23:08.920 --> 00:23:12.320]  我們沒有什麼辦法去做什麼
[00:23:12.320 --> 00:23:14.320]  去贏得祂的愛
[00:23:14.320 --> 00:23:20.720]  上帝邀請我們更盡心的去到祂的愛裡面
[00:23:20.720 --> 00:23:23.720]  祂不需要人成為一個奴隸
[00:23:23.720 --> 00:23:27.920]  祂渴望你成為祂的孩子
[00:23:27.920 --> 00:23:32.320]  如果我們孤兒純粹感到孤單、絕望、心碎
[00:23:32.320 --> 00:23:35.320]  甚至我們沒有辦法與自己的家族去連結
[00:23:35.320 --> 00:23:38.120]  也沒有辦法在主裡面得安息
[00:23:38.120 --> 00:23:41.720]  結果他們就會不斷尋求自我
[00:23:41.720 --> 00:23:47.320]  不斷想用事情去填補內心的安全感
[00:23:47.320 --> 00:23:50.720]  孤兒這個封閉的靈很難向人躺開
[00:23:50.720 --> 00:23:53.320]  很難對自己誠實
[00:23:53.320 --> 00:23:56.920]  他們會認為凡事都要依靠自己
[00:23:56.920 --> 00:23:58.720]  心中常常想到
[00:23:58.720 --> 00:24:01.720]  如果我不照顧自己的時候
[00:24:01.720 --> 00:24:04.920]  就沒有人去照顧我
[00:24:04.920 --> 00:24:07.120]  孤兒在人際的關係上面
[00:24:07.120 --> 00:24:09.920]  有時會去操控別人
[00:24:09.920 --> 00:24:13.320]  用一個憤怒去表達情緒
[00:24:13.320 --> 00:24:16.520]  或者是將自己孤立起來
[00:24:16.520 --> 00:24:18.120]  內心受傷
[00:24:18.120 --> 00:24:21.320]  所以不願意冒險去愛
[00:24:21.320 --> 00:24:27.520]  因為怕最後得到的是失望和傷害
[00:24:27.520 --> 00:24:29.320]  第二方面我們要留意的
[00:24:29.320 --> 00:24:31.520]  如何能夠從孤兒的靈德釋放
[00:24:31.520 --> 00:24:36.720]  就是上帝設計我們要享受祂的愛
[00:24:36.720 --> 00:24:40.320]  因為祂是愛的根源
[00:24:40.320 --> 00:24:47.720]  上帝要我們跟祂一起活在愛的關係裡面
[00:24:47.720 --> 00:24:49.720]  當我們領受這份愛的時候
[00:24:49.720 --> 00:24:51.720]  其他的一切事情
[00:24:51.720 --> 00:24:56.520]  自然就會放在一個正確的位置上面
[00:24:56.520 --> 00:24:58.320]  今天我們所見到的愛
[00:24:58.320 --> 00:25:00.120]  很多時候是自私的
[00:25:00.120 --> 00:25:01.920]  以自我為中心的
[00:25:01.920 --> 00:25:03.120]  自我去操控
[00:25:03.120 --> 00:25:06.120]  亦都覺得這種愛是我應得的
[00:25:06.120 --> 00:25:08.520]  或者如果你愛我
[00:25:08.520 --> 00:25:10.920]  就是要令我開心
[00:25:10.920 --> 00:25:13.520]  今天很容易我們會有這種覺得
[00:25:13.520 --> 00:25:14.520]  你愛我嘛
[00:25:14.520 --> 00:25:15.720]  你就要令我開心
[00:25:15.720 --> 00:25:18.320]  你滿足我
[00:25:18.320 --> 00:25:20.720]  但是我們知道
[00:25:20.720 --> 00:25:22.520]  真正的喜樂
[00:25:22.520 --> 00:25:26.520]  滿足、平安和尊榮的身份
[00:25:26.520 --> 00:25:30.720]  都是在耶穌基督裡面才找到的
[00:25:30.720 --> 00:25:34.720]  如果在神的愛裡面我們能夠得到滿足
[00:25:34.720 --> 00:25:36.720]  這樣剩下來的一切
[00:25:36.720 --> 00:25:41.720]  都會成為從神而來的祝福和禮物
[00:25:41.720 --> 00:25:44.520]  當我們安息在上帝的愛裡面的時候
[00:25:44.520 --> 00:25:47.720]  當我們經歷祂愛我們的時候
[00:25:47.720 --> 00:25:53.120]  我們就發現自己的生命開始改變
[00:25:53.120 --> 00:25:57.320]  我們的生命開始茁壯成長
[00:25:57.320 --> 00:26:00.120]  當我們真正領受上帝的愛的時候
[00:26:00.120 --> 00:26:05.520]  我們的生命就好像一朵盛開的花
[00:26:05.520 --> 00:26:10.320]  開始可以成就天父做我們的目的
[00:26:10.320 --> 00:26:14.720]  找到神在我們生命裡面的計劃
[00:26:14.720 --> 00:26:18.920]  我們的生命就會發出香氣
[00:26:18.920 --> 00:26:22.120]  今天天父正在等候我們
[00:26:22.120 --> 00:26:27.520]  回到祂愛的懷抱裡面
[00:26:27.520 --> 00:26:31.520]  我不知道我們的弟兄姊妹
[00:26:31.520 --> 00:26:34.920]  你今天的生命的現況是怎樣
[00:26:34.920 --> 00:26:36.720]  你會不會感覺到
[00:26:36.720 --> 00:26:38.920]  你有一種孤兒的靈
[00:26:38.920 --> 00:26:42.520]  你會不會感覺到自殘盈悔
[00:26:42.520 --> 00:26:44.920]  你會不會感受到我們現在所作的
[00:26:44.920 --> 00:26:48.320]  是不配得神去愛呢
[00:26:48.320 --> 00:26:49.920]  又或者我們要覺得
[00:26:49.920 --> 00:26:52.520]  我們要為神做了些什麼
[00:26:52.520 --> 00:26:54.120]  成就了些什麼
[00:26:54.120 --> 00:26:59.520]  我們才可以配得神去愛我們
[00:26:59.520 --> 00:27:02.920]  又反過來我們會不會覺得
[00:27:02.920 --> 00:27:07.320]  我們不需要向任何人去交代我們的生命
[00:27:07.320 --> 00:27:08.720]  我們不需要守望
[00:27:08.720 --> 00:27:12.920]  因為我們覺得守望太過冒犯自己
[00:27:12.920 --> 00:27:17.720]  為什麼要將內心的東西告訴別人呢
[00:27:17.720 --> 00:27:19.520]  在我們的數年生命裡面
[00:27:19.520 --> 00:27:23.520]  可能我們落在一個孤孤單單的境況
[00:27:23.520 --> 00:27:25.920]  當我們不能夠對弟兄姊妹開放的時候
[00:27:25.920 --> 00:27:30.520]  我們同樣不能夠對我們的主去開放
[00:27:30.520 --> 00:27:36.120]  很多時候我們自己騙了自己
[00:27:36.120 --> 00:27:39.120]  所以我們要求主幫助我們
[00:27:39.120 --> 00:27:41.920]  求主幫助我們去記得
[00:27:41.920 --> 00:27:45.120]  不是因為我們做了些什麼
[00:27:45.120 --> 00:27:49.920]  而是因為神看我為祂的寶貝
[00:27:49.920 --> 00:27:54.720]  神看我如珠如寶
[00:27:54.720 --> 00:27:58.920]  每當我們心中有孤兒的靈出現的時候
[00:27:58.920 --> 00:28:01.120]  求主讓我們第一時間去察覺
[00:28:01.120 --> 00:28:06.720]  然後我們回到神愛的懷抱裡面
[00:28:06.720 --> 00:28:08.720]  我們向神去禱告
[00:28:08.720 --> 00:28:14.720]  我們向神去開放我們的生命
[00:28:14.720 --> 00:28:17.520]  我記得兩個禮拜前陳偉傑傳道去港島
[00:28:17.520 --> 00:28:20.320]  大家記不記得講什麼故事
[00:28:20.320 --> 00:28:27.120]  就是講父親和小兒子大兒子的故事
[00:28:27.120 --> 00:28:29.320]  有兩幅畫我想給大家看一下
[00:28:29.320 --> 00:28:33.320]  第一幅畫兩幅都是講這個故事
[00:28:33.320 --> 00:28:36.920]  第一幅畫就是父親和小兒子
[00:28:36.920 --> 00:28:38.320]  這幅是第一幅畫
[00:28:38.320 --> 00:28:40.320]  接著給你看第二幅
[00:28:40.320 --> 00:28:43.520]  第二幅又是父親和小兒子
[00:28:43.520 --> 00:28:44.720]  我問一下你
[00:28:44.720 --> 00:28:47.520]  如果根據聖經
[00:28:47.520 --> 00:28:53.520]  哪一幅比較像聖經的描述呢
[00:28:53.520 --> 00:28:54.920]  第一幅大家看一下
[00:28:54.920 --> 00:29:01.120]  第一幅是黑白的
[00:29:01.120 --> 00:29:10.520]  第二幅大家猜一下
[00:29:10.520 --> 00:29:17.320]  第一幅畫像是聖經裡面所講的
[00:29:17.320 --> 00:29:19.720]  第二幅感覺像
[00:29:19.720 --> 00:29:21.720]  大家很聰明
[00:29:21.720 --> 00:29:26.720]  為什麼
[00:29:26.720 --> 00:29:33.120]  第二幅就是講父親遠遠望見小兒子來的時候
[00:29:33.120 --> 00:29:38.320]  也不等小兒子跟他說話就衝過去
[00:29:38.320 --> 00:29:39.520]  那個父親怎樣
[00:29:39.520 --> 00:29:43.120]  那個父親也不顧自己身世
[00:29:43.120 --> 00:29:44.120]  跑很快
[00:29:44.120 --> 00:29:46.520]  你知道老人家通常不會跑得快
[00:29:46.520 --> 00:29:49.920]  因為他是一個德高望重的父親
[00:29:49.920 --> 00:29:54.920]  他竟然跑去擁抱這個滿身骯髒的
[00:29:54.920 --> 00:29:58.920]  甚至可能身上有臭味的小兒子
[00:29:58.920 --> 00:30:00.120]  其實今天
[00:30:00.120 --> 00:30:03.520]  父親同樣是這樣對我們
[00:30:03.520 --> 00:30:06.520]  他不會因為我們很差
[00:30:06.520 --> 00:30:08.520]  他不會因為我們有罪
[00:30:08.520 --> 00:30:12.920]  不會因為我們做了一些他不起意的事
[00:30:12.920 --> 00:30:14.520]  他仍然主動去抱我們
[00:30:14.520 --> 00:30:21.120]  為什麼?因為他要去解決我們罪的問題
[00:30:21.120 --> 00:30:24.920]  因為耶穌基督在十字架上所釘身流血的
[00:30:24.920 --> 00:30:26.920]  為著我們的罪的問題
[00:30:26.920 --> 00:30:29.720]  當我們的罪的問題得以解決的時候
[00:30:29.720 --> 00:30:34.120]  我們跟神的關係就能夠恢復
[00:30:34.120 --> 00:30:37.120]  千萬不要覺得神愛你
[00:30:37.120 --> 00:30:40.720]  就不需要講罪
[00:30:40.720 --> 00:30:42.920]  今天我們的真理是怎樣?
[00:30:42.920 --> 00:30:45.320]  當我們的罪的問題得以清除的時候
[00:30:45.320 --> 00:30:49.120]  我們跟神的關係就能夠連結
[00:30:49.120 --> 00:30:51.720]  但是如果我們不肯認自己的罪
[00:30:51.720 --> 00:30:56.920]  神他不能夠在這件事上擁抱我們
[00:30:56.920 --> 00:31:03.320]  因為神不可以跟罪在一起
[00:31:03.320 --> 00:31:06.720]  今天我們看這段經文的時候
[00:31:06.720 --> 00:31:11.920]  又是我們回到兒子的身份
[00:31:11.920 --> 00:31:16.120]  我們有一個兒子的身份
[00:31:16.120 --> 00:31:18.520]  另一方面我們看這段經文的時候
[00:31:18.520 --> 00:31:20.720]  有一個很重要的觀念
[00:31:20.720 --> 00:31:25.720]  是記載在第十八到第二十五節
[00:31:25.720 --> 00:31:27.920]  當我們從一個敗壞的轄制
[00:31:27.920 --> 00:31:30.320]  能夠得到釋放
[00:31:30.320 --> 00:31:37.120]  第二方面就是我們盼望我們的身體能夠得救贖
[00:31:37.120 --> 00:31:40.520]  盼望我們的身體能夠得救贖
[00:31:40.520 --> 00:31:45.120]  讓我們一起慢慢讀十八到二十五節
[00:31:45.120 --> 00:31:46.720]  預備起
[00:31:46.720 --> 00:31:48.120]  我認為
[00:31:48.120 --> 00:31:49.720]  現在的苦楚
[00:31:49.720 --> 00:31:53.720]  若比起將來要顯示給我們的榮耀
[00:31:53.720 --> 00:31:55.720]  是不足介意的
[00:31:55.720 --> 00:31:56.720]  受造之物
[00:31:56.720 --> 00:32:00.320]  切忘等候上帝的眾子顯出來
[00:32:00.320 --> 00:32:03.920]  因為受造之物屈服在虛空之下
[00:32:03.920 --> 00:32:05.520]  不是自己願意
[00:32:05.520 --> 00:32:08.120]  而是因那使他屈服的
[00:32:08.120 --> 00:32:10.520]  叫他如此
[00:32:10.520 --> 00:32:11.920]  但受造之物
[00:32:11.920 --> 00:32:16.720]  仍然指望從敗壞的轄制中得釋放
[00:32:16.720 --> 00:32:20.520]  得享上帝兒女榮耀的自由
[00:32:20.520 --> 00:32:21.720]  我們知道
[00:32:21.720 --> 00:32:23.120]  一切受造之物
[00:32:23.120 --> 00:32:24.320]  一同伸入
[00:32:24.320 --> 00:32:26.520]  一同忍受陣痛
[00:32:26.520 --> 00:32:28.120]  直到如今
[00:32:28.120 --> 00:32:29.320]  不但如此
[00:32:29.320 --> 00:32:32.720]  就是我們只有聖靈作初屬果子的
[00:32:32.720 --> 00:32:35.320]  也是自己心內伸入
[00:32:35.320 --> 00:32:37.720]  等候得著兒子的名份
[00:32:37.720 --> 00:32:40.720]  就是我們的身體得救屬
[00:32:40.720 --> 00:32:43.120]  我們得救是在盼望
[00:32:43.120 --> 00:32:44.920]  可是看得見的盼望
[00:32:44.920 --> 00:32:46.520]  就不是盼望
[00:32:46.520 --> 00:32:49.920]  誰還去盼望他所看得見的呢
[00:32:49.920 --> 00:32:53.120]  但我們若盼望那看不見的
[00:32:53.120 --> 00:32:56.520]  我們就內心等候
[00:32:56.520 --> 00:33:00.920]  這段經文可以給我們做一個查經練習
[00:33:00.920 --> 00:33:02.520]  首先問問大家
[00:33:02.520 --> 00:33:04.520]  在這段經文裡
[00:33:04.520 --> 00:33:06.720]  盼望這個字出現多少次
[00:33:06.720 --> 00:33:10.720]  大家數一數
[00:33:10.720 --> 00:33:16.120]  在第24節的時候
[00:33:16.120 --> 00:33:19.720]  出現了一次、兩次、三次、四次
[00:33:19.720 --> 00:33:21.720]  第25節又一次
[00:33:21.720 --> 00:33:24.720]  出現了五次這個盼望
[00:33:24.720 --> 00:33:27.520]  因為設望也是這個意思
[00:33:27.520 --> 00:33:30.120]  第19節又出現設望
[00:33:30.120 --> 00:33:32.320]  在第25節又出現什麼
[00:33:32.320 --> 00:33:34.120]  內心等候
[00:33:34.120 --> 00:33:35.720]  所以你看看整段經文
[00:33:35.720 --> 00:33:37.120]  出現這麼多次
[00:33:37.120 --> 00:33:41.720]  其實就是講到盼望
[00:33:41.720 --> 00:33:45.520]  整段經文的主調是盼望、是設望
[00:33:45.520 --> 00:33:48.120]  盼望、設望是什麼呢
[00:33:48.120 --> 00:33:50.120]  我們看黃色那裡
[00:33:50.120 --> 00:33:53.920]  第23節那裡
[00:33:53.920 --> 00:33:56.320]  我們等候什麼
[00:33:56.320 --> 00:33:59.520]  等候兒子的名份
[00:33:59.520 --> 00:34:03.520]  就是我們的身體得救屬
[00:34:03.520 --> 00:34:05.320]  等候兒子的名份
[00:34:05.320 --> 00:34:08.920]  就是我們的身體得救屬
[00:34:08.920 --> 00:34:11.120]  而且在這段經文裡提醒我們
[00:34:11.120 --> 00:34:13.520]  今天我們作為一個受造之物
[00:34:13.520 --> 00:34:15.520]  活在此刻的時候
[00:34:15.520 --> 00:34:16.520]  我們是怎樣的
[00:34:16.520 --> 00:34:18.120]  22節
[00:34:18.120 --> 00:34:20.320]  一切受造之物
[00:34:20.320 --> 00:34:22.520]  一同伸入
[00:34:22.520 --> 00:34:27.320]  一同忍受陣痛
[00:34:27.320 --> 00:34:28.920]  不知道大家看這段經文的時候
[00:34:28.920 --> 00:34:32.720]  你會怎樣感受
[00:34:32.720 --> 00:34:34.720]  不是我們信耶穌的時候
[00:34:34.720 --> 00:34:36.320]  我們有永生嗎
[00:34:36.320 --> 00:34:37.920]  不是我們信耶穌的時候
[00:34:37.920 --> 00:34:39.720]  我們跟父神的關係
[00:34:39.720 --> 00:34:42.120]  是他的兒女的關係嗎
[00:34:42.120 --> 00:34:44.320]  不是我們已經得著
[00:34:44.320 --> 00:34:46.120]  他的同在的時候
[00:34:46.120 --> 00:34:47.720]  我們會得安慰嗎
[00:34:47.720 --> 00:34:51.520]  在苦難當中我們能夠得脫離嗎
[00:34:51.520 --> 00:34:54.120]  但是為什麼在這個地方
[00:34:54.120 --> 00:34:55.720]  保羅告訴我們
[00:34:55.720 --> 00:34:57.520]  我們要一同伸入
[00:34:57.520 --> 00:34:59.920]  一同忍受陣痛
[00:34:59.920 --> 00:35:04.720]  而且告訴我們我們的內心深淵
[00:35:04.720 --> 00:35:08.920]  原來我們這個救恩
[00:35:08.920 --> 00:35:13.520]  還未完全的實現
[00:35:13.520 --> 00:35:15.720]  這個救恩還未完全的實現
[00:35:15.720 --> 00:35:18.320]  不是這樣就完了
[00:35:18.320 --> 00:35:20.520]  我們這個救恩
[00:35:20.520 --> 00:35:23.920]  我們這個救恩是等待著
[00:35:23.920 --> 00:35:26.120]  我們這個卑賤的身體
[00:35:26.120 --> 00:35:29.520]  要轉化成為一個活潑的
[00:35:29.520 --> 00:35:31.520]  復活的身體
[00:35:31.520 --> 00:35:34.920]  可能多前書第十五章是提到復活
[00:35:34.920 --> 00:35:36.520]  因為耶穌基督的復活
[00:35:36.520 --> 00:35:38.920]  成為我們所有歲鳥之人
[00:35:38.920 --> 00:35:41.320]  初熟的果子
[00:35:41.320 --> 00:35:42.120]  弟兄姊妹
[00:35:42.120 --> 00:35:45.920]  今天我們還未完成這個救恩
[00:35:45.920 --> 00:35:48.920]  我們要等這個救恩的圓滿
[00:35:48.920 --> 00:35:52.120]  這個圓滿就是等主再回來的時候
[00:35:52.120 --> 00:35:57.520]  這個救恩就能夠圓滿
[00:35:57.520 --> 00:35:59.120]  講到盼望
[00:35:59.120 --> 00:36:03.120]  德國有一個神學家叫莫特曼
[00:36:03.120 --> 00:36:06.120]  他年輕的時候問過一個問題
[00:36:06.120 --> 00:36:09.120]  他說世界上有沒有一種盼望
[00:36:09.120 --> 00:36:10.920]  是能夠讓人活下去
[00:36:10.920 --> 00:36:14.120]  又給人力量的呢?
[00:36:14.120 --> 00:36:15.720]  其實我們要知道
[00:36:15.720 --> 00:36:18.520]  莫特曼的一個神學思想
[00:36:18.520 --> 00:36:20.520]  是源於第二次世界大戰
[00:36:20.520 --> 00:36:23.720]  他在戰俘營裏面的經歷
[00:36:23.720 --> 00:36:24.920]  在大戰之後
[00:36:24.920 --> 00:36:29.520]  他說我不再能夠去談論上帝
[00:36:29.520 --> 00:36:32.120]  但是他另外一個聲音就是說
[00:36:32.120 --> 00:36:35.520]  我們仍然必須去談論上帝
[00:36:35.520 --> 00:36:36.720]  我不想講上帝
[00:36:36.720 --> 00:36:37.920]  我又講上帝
[00:36:37.920 --> 00:36:41.120]  兩種的思想交織著
[00:36:41.120 --> 00:36:43.120]  這番的心聲
[00:36:43.120 --> 00:36:45.520]  就好像今天一樣
[00:36:45.520 --> 00:36:47.920]  今天我們做了基督徒
[00:36:47.920 --> 00:36:51.520]  我不知道你做了基督徒做了多少年
[00:36:51.520 --> 00:36:55.520]  一年?五年?十年?二十年?三十年?
[00:36:55.520 --> 00:36:58.320]  或者四十年?
[00:36:58.320 --> 00:37:02.920]  究竟我們今天所面對的處境
[00:37:02.920 --> 00:37:05.520]  你做了這麼多年的基督徒
[00:37:05.520 --> 00:37:08.920]  你預過沒有?
[00:37:08.920 --> 00:37:10.320]  你預過沒有?
[00:37:10.320 --> 00:37:12.920]  你預過我們有這麼長的時間
[00:37:12.920 --> 00:37:18.720]  不能夠在禮堂裏面一起敬拜沒有?
[00:37:18.720 --> 00:37:23.320]  可能如果你真的第二次世界大戰的時候
[00:37:23.320 --> 00:37:25.920]  可能會有機會不能聚會
[00:37:25.920 --> 00:37:28.920]  我記得我爺爺那時候就講過
[00:37:28.920 --> 00:37:31.320]  他住在堅島浸信會
[00:37:31.320 --> 00:37:33.520]  即是今日香港浸信教會
[00:37:33.520 --> 00:37:36.920]  還未去重建的那個堂裏面
[00:37:36.920 --> 00:37:40.320]  因為當時打仗的時候
[00:37:40.320 --> 00:37:44.720]  那個堂開放給很多信徒進去暫避
[00:37:44.720 --> 00:37:46.920]  你真的可不可以想像一下
[00:37:46.920 --> 00:37:50.920]  打仗啊,外面日軍在打仗
[00:37:50.920 --> 00:37:52.120]  那些人沒有了家
[00:37:52.120 --> 00:37:55.520]  他就走進去禮堂避難
[00:37:55.520 --> 00:37:56.720]  我爺爺這樣講
[00:37:56.720 --> 00:38:01.920]  當時就運一些米、糧食進去禮拜堂
[00:38:01.920 --> 00:38:05.920]  給那些人可以去吃
[00:38:05.920 --> 00:38:09.720]  你可能說:不會的,今天不會
[00:38:09.720 --> 00:38:13.120]  但我們不知道會發生什麼事
[00:38:13.120 --> 00:38:21.320]  每日的新聞都是令我們覺得沒有盼望
[00:38:21.320 --> 00:38:23.720]  我們看到沒有盼望
[00:38:23.720 --> 00:38:28.320]  其實莫特曼當年也是看到這件事
[00:38:28.320 --> 00:38:30.520]  但是在莫特曼的神學裏面
[00:38:30.520 --> 00:38:36.720]  他強調上帝應許他要創造一個新的將來
[00:38:36.720 --> 00:38:38.920]  並且透過耶穌基督的復活
[00:38:38.920 --> 00:38:45.120]  指向上帝綜活創造的新作為
[00:38:45.120 --> 00:38:47.120]  在啟示錄裏面
[00:38:47.120 --> 00:38:53.720]  約翰說:汗啊,我將一切都更新了
[00:38:53.720 --> 00:38:55.320]  這一種新
[00:38:55.320 --> 00:38:58.920]  不單是將那些舊的事物毀滅
[00:38:58.920 --> 00:39:00.520]  而是接納它
[00:39:00.520 --> 00:39:04.520]  對它重新的創造
[00:39:04.520 --> 00:39:07.320]  在這個混亂世界裏面
[00:39:07.320 --> 00:39:10.920]  重新去創造
[00:39:10.920 --> 00:39:13.320]  我不知道你可不可以明白
[00:39:13.320 --> 00:39:15.520]  莫特曼說這些話
[00:39:15.520 --> 00:39:18.920]  或者我們可以簡單地說
[00:39:18.920 --> 00:39:22.920]  你有沒有玩過電腦
[00:39:22.920 --> 00:39:27.720]  Restore to 原廠設定
[00:39:27.720 --> 00:39:29.920]  恢復原廠設定
[00:39:29.920 --> 00:39:31.520]  你有沒有試過
[00:39:31.520 --> 00:39:32.720]  其實很慘的
[00:39:32.720 --> 00:39:33.920]  恢復原廠設定
[00:39:33.920 --> 00:39:37.720]  就是因為可能你輸入的軟件撞了其他軟件
[00:39:37.720 --> 00:39:40.320]  那你整部電腦就變輕了
[00:39:40.320 --> 00:39:41.520]  用不到了
[00:39:41.520 --> 00:39:42.720]  那你說要怎樣
[00:39:42.720 --> 00:39:45.120]  你要Restore to 原廠設定
[00:39:45.120 --> 00:39:46.720]  意思就是說
[00:39:46.720 --> 00:39:50.520]  這部電腦你安裝的程式全部沒有了
[00:39:50.520 --> 00:39:53.920]  甚至你的資料全部沒有了
[00:39:53.920 --> 00:39:58.720]  你要重新去設定這部電腦
[00:39:58.720 --> 00:40:00.720]  有人可以這樣說
[00:40:00.720 --> 00:40:02.920]  究竟是不是原廠設定呢
[00:40:02.920 --> 00:40:03.920]  什麼意思
[00:40:03.920 --> 00:40:06.920]  就是當時阿東夏娃在伊甸園裏面
[00:40:06.920 --> 00:40:09.920]  她未犯罪之前那種美好的情況
[00:40:09.920 --> 00:40:12.120]  所以今天我們等候什麼
[00:40:12.120 --> 00:40:14.920]  我們等候主再回來的時候
[00:40:14.920 --> 00:40:21.920]  他將我們恢復我們在伊甸園裏面的那個情況
[00:40:21.920 --> 00:40:23.920]  不再有犯罪
[00:40:23.920 --> 00:40:25.920]  不再有她的眼淚
[00:40:25.920 --> 00:40:29.520]  是不是 我不知道你明不明白我想說什麼
[00:40:29.520 --> 00:40:32.320]  不過莫特曼他不是這樣的意思
[00:40:32.320 --> 00:40:36.320]  特別的地方他就說不是原廠設定
[00:40:36.320 --> 00:40:37.520]  是什麼呢
[00:40:37.520 --> 00:40:39.520]  是軟件升級
[00:40:39.520 --> 00:40:44.920]  原本我們這個原廠設定是一個Windows 7的系統
[00:40:44.920 --> 00:40:47.720]  但是當我們的主再回來的時候
[00:40:47.720 --> 00:40:49.520]  他再設定的時候
[00:40:49.520 --> 00:40:52.920]  不是Windows 7 是Windows 10
[00:40:52.920 --> 00:40:56.720]  就是說這個軟件已經升級了
[00:40:56.720 --> 00:41:01.720]  我們的終末盼望不是只是回到原初那個伊甸園
[00:41:01.720 --> 00:41:06.320]  是一個比原廠更好的設計
[00:41:06.320 --> 00:41:08.320]  因為我們終末的盼望
[00:41:08.320 --> 00:41:12.520]  未來和過去是一個質的分別
[00:41:12.520 --> 00:41:16.720]  過去是這個世界的模式即將過去
[00:41:16.720 --> 00:41:18.520]  它不會持久
[00:41:18.520 --> 00:41:26.720]  將來就是被永遠長存的暫生創造所充滿
[00:41:26.720 --> 00:41:33.520]  如果我們這樣去理解這個所謂新的創造的時候
[00:41:33.520 --> 00:41:35.920]  其實對我們今天的影響
[00:41:35.920 --> 00:41:39.720]  或者對我們今天的應用很大
[00:41:39.720 --> 00:41:43.920]  這個盼望是讓我們能夠跳脫個人的迷失
[00:41:43.920 --> 00:41:46.520]  走去那個團體深入群眾
[00:41:46.520 --> 00:41:49.320]  關懷人類的社會
[00:41:49.320 --> 00:41:56.920]  並且我們去顧惜上帝創造這個地球的生態和資源
[00:41:56.920 --> 00:42:01.720]  其實如果大家留心的時候
[00:42:01.720 --> 00:42:04.520]  大家知道這個地球
[00:42:04.520 --> 00:42:08.120]  很快很快就會有大件事發生
[00:42:08.120 --> 00:42:11.120]  北極裏面那些冰一路一路融的時候
[00:42:11.120 --> 00:42:13.920]  那些水位一路一路升高
[00:42:13.920 --> 00:42:16.720]  以前北極是不可以行船的
[00:42:16.720 --> 00:42:19.720]  但是現在冰融到差不多的時候
[00:42:19.720 --> 00:42:21.920]  發現在北極也可以行船
[00:42:21.920 --> 00:42:24.720]  所以那些航道通了很多
[00:42:24.720 --> 00:42:25.520]  快了很多
[00:42:25.520 --> 00:42:26.720]  但是代表什麼?
[00:42:26.720 --> 00:42:30.320]  那個水位不斷地升高
[00:42:30.320 --> 00:42:37.120]  我們要留意這個世界正是趨於不斷地被破壞
[00:42:37.120 --> 00:42:40.520]  貧窮的國家不斷地被掠奪
[00:42:40.520 --> 00:42:42.320]  生態的浩劫
[00:42:42.320 --> 00:42:49.320]  慢慢顯示這個世界正很快很快地走到末日
[00:42:49.320 --> 00:42:53.320]  它不是一個短暫的危機只出現於一時
[00:42:53.320 --> 00:42:58.920]  是一種緩慢無法逆轉的浩劫
[00:42:58.920 --> 00:43:05.320]  但是當我們有這種新創造的盼望的時候
[00:43:05.320 --> 00:43:07.520]  我們不但能夠積極地活下去
[00:43:07.520 --> 00:43:16.120]  我們更加能夠讓我們有力量去愛這個受傷的世界
[00:43:16.120 --> 00:43:20.120]  在我們以往的基要派的信仰
[00:43:20.120 --> 00:43:22.520]  宏教會裏面有一種基要派的信仰
[00:43:22.520 --> 00:43:25.520]  就是說這世界非我家
[00:43:25.520 --> 00:43:29.720]  所以我渴慕快點回天父那裏
[00:43:29.720 --> 00:43:30.920]  因為這樣的緣故
[00:43:30.920 --> 00:43:32.720]  所以我們不需要理會這個世界
[00:43:32.720 --> 00:43:33.920]  這個世界亂七八糟
[00:43:33.920 --> 00:43:35.720]  因為這個是聖經裏面所講的
[00:43:35.720 --> 00:43:37.320]  末世
[00:43:37.320 --> 00:43:38.520]  所以我們不要理會
[00:43:38.520 --> 00:43:40.120]  這個末世快要消滅了
[00:43:40.120 --> 00:43:41.920]  我們最重要的是什麼?
[00:43:41.920 --> 00:43:43.920]  最重要的是信耶穌
[00:43:43.920 --> 00:43:52.720]  最重要就是我們可以脫離這個世界的浩劫和苦難
[00:43:52.720 --> 00:44:00.120]  但是如果我們知道這個盼望是一個升級的新創造的時候
[00:44:00.120 --> 00:44:03.120]  即使今天我們在很惡劣的環境裏面
[00:44:03.120 --> 00:44:13.320]  我們仍然看到父神要留我們在這個地上有祂的目的
[00:44:13.320 --> 00:44:18.520]  我經常說基督徒是炎和光
[00:44:18.520 --> 00:44:23.520]  炎就是減慢這個世界的腐化
[00:44:23.520 --> 00:44:27.920]  光就是要進到黑暗的裏面
[00:44:27.920 --> 00:44:29.920]  為什麼我們有這種的本質
[00:44:29.920 --> 00:44:31.320]  有這種的能力
[00:44:31.320 --> 00:44:39.320]  因為我們在神的裏面有盼望
[00:44:39.320 --> 00:44:45.320]  今天我們去作主的兒女
[00:44:45.320 --> 00:44:51.120]  我們恢復我們和神之間的那種關係
[00:44:51.120 --> 00:44:55.120]  我們就好像詩人那種感覺
[00:44:55.120 --> 00:44:58.720]  詩篇130篇第五第六節這樣說
[00:44:58.720 --> 00:45:06.520]  祂說:我等候耶和華,我的心等候,我也仰望祂的話
[00:45:06.520 --> 00:45:14.720]  我的心等候主,勝於守夜的,等候天亮
[00:45:14.720 --> 00:45:21.120]  今天我們的生命不是沒有盼望的去等
[00:45:21.120 --> 00:45:24.320]  不是絕望的去等
[00:45:24.320 --> 00:45:34.120]  而是我們知道今天這個等待是準備迎向上帝一個新的創造
[00:45:34.120 --> 00:45:36.520]  不是原廠設定的創造
[00:45:36.520 --> 00:45:42.320]  而是一個系統升級的創造
[00:45:42.320 --> 00:45:45.320]  今天我們作主的兒女
[00:45:45.320 --> 00:45:47.120]  有這個得贖的盼望
[00:45:47.120 --> 00:45:50.920]  使我們能夠脫離生命的合制
[00:45:50.920 --> 00:45:52.320]  就在此時此刻
[00:45:52.320 --> 00:45:56.320]  基督信仰的盼望就在於肯定
[00:45:56.320 --> 00:46:00.720]  和恢復我們作為上帝兒女的身份
[00:46:00.720 --> 00:46:01.920]  我們明白
[00:46:01.920 --> 00:46:05.720]  現在正等候身體得救贖
[00:46:05.720 --> 00:46:11.720]  唯願你和我都在這段等候的時間裏面
[00:46:11.720 --> 00:46:14.120]  能夠彼此同心
[00:46:14.120 --> 00:46:25.520]  互相守望,在愛心日漸冷淡的時代當中發出光輝
[00:46:25.520 --> 00:46:27.520]  親愛的主
[00:46:27.520 --> 00:46:29.720]  今天去分享這個訊息的時候
[00:46:29.720 --> 00:46:36.320]  心裏面都要求主加我們的盼望
[00:46:36.320 --> 00:46:41.720]  也都讓我們再一次的回到父神的懷抱裏面
[00:46:41.720 --> 00:46:43.320]  不是我們去找祢
[00:46:43.320 --> 00:46:48.320]  而是祢主動的走來擁抱我們
[00:46:48.320 --> 00:46:52.120]  求祢幫助我們不要再有一個奴僕的靈魂
[00:46:52.120 --> 00:46:54.120]  奴僕的心
[00:46:54.120 --> 00:46:59.720]  我們要回去作祢兒子的那個身
[00:46:59.720 --> 00:47:04.920]  主我們求祢幫助我們在這個世界裏面
[00:47:04.920 --> 00:47:08.920]  不只是一個獨善其身的基督徒
[00:47:08.920 --> 00:47:14.120]  我是看到今天神仍然放我們在這個地方
[00:47:14.120 --> 00:47:18.320]  有祢自己的目的
[00:47:18.320 --> 00:47:21.520]  天父我們感謝祢
[00:47:21.520 --> 00:47:23.320]  可能在我們的弟兄姊妹當中
[00:47:23.320 --> 00:47:27.120]  仍然有一種孤兒的靈的時候
[00:47:27.120 --> 00:47:31.720]  主祢就是讓弟兄姊妹
[00:47:31.720 --> 00:47:35.520]  在神的面前去禱告
[00:47:35.520 --> 00:47:39.720]  祢說主啊我願意
[00:47:39.720 --> 00:47:45.120]  我願意重新的被祢去擁抱
[00:47:45.120 --> 00:47:56.120]  我們願意祢愛的擁抱進到我的心裏
[00:47:56.120 --> 00:47:58.520]  前衛主我們滿心感謝祢
[00:47:58.520 --> 00:48:01.720]  願祢的話語能夠成為我們的激勵
[00:48:01.720 --> 00:48:04.320]  願祢我們子女的名分
[00:48:04.320 --> 00:48:07.120]  不會因為我們的軟弱而失去
[00:48:07.120 --> 00:48:10.120]  當我們願意再一次的認罪悔改的時候
[00:48:10.120 --> 00:48:15.120]  我們和祢恢復這個父子的關係
[00:48:15.120 --> 00:48:18.120]  當我們帶著這個盼望去活的時候
[00:48:18.120 --> 00:48:21.320]  縱然這個世代多麼黑暗都好
[00:48:21.320 --> 00:48:23.920]  我們仍然在神的面前
[00:48:23.920 --> 00:48:29.720]  等候祢那個星級的新創造
[00:48:29.720 --> 00:48:34.720]  願主耶穌基督因為天父的慈愛、聖靈的感動
[00:48:34.720 --> 00:48:37.320]  常與我們眾弟兄姊妹同在
[00:48:37.320 --> 00:48:42.520]  從今時直到主耶穌基督再回來的時候
[00:48:42.520 --> 00:48:43.520]  阿門
