
[00:00:00.000 --> 00:00:03.120]  今天和大家在崇拜的港島
[00:00:03.120 --> 00:00:05.640]  我們會開始有一個新的系列
[00:00:05.640 --> 00:00:08.360]  我們過去都是按照教會
[00:00:08.360 --> 00:00:10.000]  我們今年的主題
[00:00:10.000 --> 00:00:12.480]  「高舉基督,活出照明」
[00:00:12.480 --> 00:00:16.200]  我們從不同的舊約人物來學習
[00:00:16.200 --> 00:00:20.240]  在當中知道如何明白神的心意
[00:00:20.240 --> 00:00:22.280]  在這個世代活出照明
[00:00:22.280 --> 00:00:24.200]  今天我想和大家開展
[00:00:24.200 --> 00:00:28.000]  在我們今年仍然有的崇拜港島裏面
[00:00:28.000 --> 00:00:29.280]  我們有一個新的系列
[00:00:29.280 --> 00:00:32.800]  我們主要會從登山補訓
[00:00:32.800 --> 00:00:35.360]  可能我們也有弟兄姊妹很熟悉的
[00:00:35.360 --> 00:00:38.240]  其中更加熟悉的就是「八福」
[00:00:38.240 --> 00:00:42.400]  在當中我們從耶穌的教導
[00:00:42.400 --> 00:00:46.720]  在祂對天國子民的期望裏面
[00:00:46.720 --> 00:00:48.800]  我們如何去領受
[00:00:48.800 --> 00:00:51.520]  我們要成為一個可以活出
[00:00:51.520 --> 00:00:54.960]  天國子民生命素質的基督徒
[00:00:54.960 --> 00:00:57.080]  這個我相信是在耶穌
[00:00:57.080 --> 00:00:59.480]  在登山補訓裏面給我們的教導
[00:00:59.480 --> 00:01:03.560]  在福音書裏面對我們的要求
[00:01:03.560 --> 00:01:05.520]  所以今天會從大家先來看
[00:01:05.520 --> 00:01:09.400]  「八福」裏面的第一福的開始
[00:01:09.400 --> 00:01:13.640]  可能有些弟兄姊妹很喜歡背聖經
[00:01:13.640 --> 00:01:14.720]  「八福」對你們來說
[00:01:14.720 --> 00:01:15.760]  也是一個很熟悉
[00:01:15.760 --> 00:01:18.320]  你背得到的經文
[00:01:18.320 --> 00:01:20.200]  尤其第一節、第一個福
[00:01:20.200 --> 00:01:22.520]  通常都是比較容易記得的
[00:01:22.520 --> 00:01:25.640]  背到第八個可能都一般般
[00:01:25.640 --> 00:01:29.600]  所以我很想和大家來看「八福」的第一福
[00:01:29.600 --> 00:01:32.320]  也是在馬達福音第五章的第三節
[00:01:32.320 --> 00:01:34.360]  我們通常都會記得
[00:01:34.360 --> 00:01:38.480]  一說到就是「虛心的人有福了」
[00:01:38.480 --> 00:01:41.040]  因為天國是他們的
[00:01:41.040 --> 00:01:43.360]  虛心可能我們都可以
[00:01:43.360 --> 00:01:44.520]  如果簡單的話
[00:01:44.520 --> 00:01:48.360]  我們會想起我們要做一個謙虛的人
[00:01:48.360 --> 00:01:52.000]  我們要有這份虛心
[00:01:52.000 --> 00:01:53.720]  其實這個都是好的
[00:01:53.720 --> 00:01:55.720]  也可以是一個這樣的意思
[00:01:55.720 --> 00:01:59.080]  但我想從另外一些的翻譯
[00:01:59.080 --> 00:02:02.080]  特別能夠將這個「虛心的人」
[00:02:02.080 --> 00:02:05.560]  可以給我們更多的認識
[00:02:05.560 --> 00:02:11.600]  在當中表達一個更精準一點的意義
[00:02:11.600 --> 00:02:13.880]  所以我拿了另外兩個版本
[00:02:13.880 --> 00:02:15.000]  和大家一起來看
[00:02:15.000 --> 00:02:16.960]  也很想邀請大家待會一起讀
[00:02:16.960 --> 00:02:19.600]  這兩個版本就是和學本的修訂版
[00:02:19.600 --> 00:02:21.440]  和現代中文譯本
[00:02:21.440 --> 00:02:25.000]  去將馬達福音第五章三節裡面的翻譯
[00:02:25.000 --> 00:02:25.600]  如果找到的話
[00:02:25.600 --> 00:02:26.960]  我們就讀這兩個版本
[00:02:26.960 --> 00:02:29.640]  和修版和現代中文譯本的版本
[00:02:29.640 --> 00:02:31.520]  我們嘗試去記一下
[00:02:31.520 --> 00:02:34.080]  這個另外一個翻譯的意思
[00:02:34.080 --> 00:02:35.520]  其實也是很好的
[00:02:35.520 --> 00:02:36.480]  我們一起來讀吧
[00:02:36.480 --> 00:02:37.520]  預備起
[00:02:37.520 --> 00:02:41.280]  「心靈貧窮的人有福了」
[00:02:41.280 --> 00:02:44.960]  「因為天國是他們的」
[00:02:44.960 --> 00:02:48.680]  「承認自己靈性貧乏的人」
[00:02:48.680 --> 00:02:50.800]  「多麼有福啊」
[00:02:50.800 --> 00:02:54.600]  「他們是天國的子民」
[00:02:54.600 --> 00:02:56.080]  所以原來給我們看見
[00:02:56.080 --> 00:02:57.960]  這個「虛心的人」
[00:02:57.960 --> 00:03:01.680]  其實原來可以更多的意思告訴我們
[00:03:01.680 --> 00:03:04.160]  就是心靈的貧窮
[00:03:04.160 --> 00:03:06.800]  靈性貧乏
[00:03:06.800 --> 00:03:12.040]  我們願意承認自己有心靈貧窮的時候
[00:03:12.040 --> 00:03:15.920]  我們就可以經歷從神而來的福氣
[00:03:15.920 --> 00:03:17.720]  這個心靈也好
[00:03:17.720 --> 00:03:19.280]  虛心也好
[00:03:19.280 --> 00:03:23.120]  我想問一下大家一個問題
[00:03:23.120 --> 00:03:27.120]  我有一個怎樣的心呢?
[00:03:27.120 --> 00:03:29.240]  心對我們每一個人都很重要
[00:03:29.240 --> 00:03:32.680]  特別是說到身體健康的時候
[00:03:32.680 --> 00:03:34.840]  這個心其實大家都很關心
[00:03:34.840 --> 00:03:39.680]  因為心臟很容易有不同的疾病
[00:03:39.680 --> 00:03:41.000]  有些人如果我們看新聞
[00:03:41.000 --> 00:03:42.920]  都知道有些人可能運動的時候
[00:03:42.920 --> 00:03:44.960]  或者突然間開車的時候
[00:03:44.960 --> 00:03:46.040]  都會猝死
[00:03:46.040 --> 00:03:50.720]  可能很多時候都是跟心臟有毛病關係
[00:03:50.720 --> 00:03:54.160]  我的題目「你還好嗎?心靈健康」
[00:03:54.160 --> 00:03:55.160]  這個「你還好嗎?」
[00:03:55.160 --> 00:03:56.840]  其實如果大家有印象
[00:03:56.840 --> 00:03:59.400]  可能是記得其中一個電視節目
[00:03:59.400 --> 00:04:00.560]  都用了這個名字
[00:04:00.560 --> 00:04:02.520]  其實正正都是我想提的
[00:04:02.520 --> 00:04:04.200]  今天在這個疫情底下
[00:04:04.200 --> 00:04:07.880]  我們有很多不同程度的距離
[00:04:07.880 --> 00:04:08.880]  有些是社交距離
[00:04:08.880 --> 00:04:13.080]  有些是跟外地的親友離開
[00:04:13.080 --> 00:04:16.480]  不是跟香港的親友有很遠的距離
[00:04:16.480 --> 00:04:18.080]  大家都很關心
[00:04:18.080 --> 00:04:20.040]  到底他們那邊的疫情是怎樣
[00:04:20.040 --> 00:04:22.040]  他們身體健不健康呢?
[00:04:22.040 --> 00:04:24.360]  所以就有一個「你還好嗎?」
[00:04:24.360 --> 00:04:25.720]  大家都很關心的
[00:04:25.720 --> 00:04:26.840]  而這個「你還好嗎?」
[00:04:26.840 --> 00:04:28.920]  其實最主要都是問到大家
[00:04:28.920 --> 00:04:30.760]  會不會病了?
[00:04:30.760 --> 00:04:32.080]  有沒有受到感染?
[00:04:32.080 --> 00:04:34.080]  都是關心大家的健康
[00:04:34.080 --> 00:04:39.880]  是我們這段日子裡都常常記掛
[00:04:39.880 --> 00:04:43.160]  在健康裡面我們可能都聽過
[00:04:43.160 --> 00:04:45.480]  有一個叫「世界衛生組織」
[00:04:45.480 --> 00:04:48.600]  這個機構將健康做了一個定義
[00:04:48.600 --> 00:04:50.560]  它是說到三方面的範疇
[00:04:50.560 --> 00:04:52.960]  是說到一個人要身體
[00:04:52.960 --> 00:04:54.560]  以至精神、心理
[00:04:54.560 --> 00:04:57.760]  以及一個社交、社群的關係
[00:04:57.760 --> 00:05:00.120]  他都要有健康
[00:05:00.120 --> 00:05:03.840]  有一個和諧的狀態就是健康的
[00:05:03.840 --> 00:05:06.880]  所以這個在我們今天經歷這個
[00:05:06.880 --> 00:05:08.240]  新冠肺炎疫情的時候
[00:05:08.240 --> 00:05:09.720]  我們都體會多一點
[00:05:09.720 --> 00:05:13.800]  我們都很記掛身體會不會受感染
[00:05:13.800 --> 00:05:17.240]  有沒有隱形患者、確診者
[00:05:17.240 --> 00:05:18.800]  我們會記掛身體健康
[00:05:18.800 --> 00:05:22.400]  這個都是我們今天很多時候都想到的
[00:05:22.400 --> 00:05:25.880]  但原來我們都經歷這個疫情的時候
[00:05:25.880 --> 00:05:29.040]  我們都發覺原來不單止可能我們感恩
[00:05:29.040 --> 00:05:30.640]  我們沒有感染
[00:05:30.640 --> 00:05:33.800]  但是整個差不多十個月裡面
[00:05:33.800 --> 00:05:34.960]  這段日子
[00:05:34.960 --> 00:05:37.680]  可能我們雖然身體都叫健康
[00:05:37.680 --> 00:05:38.680]  沒有受到感染
[00:05:38.680 --> 00:05:42.480]  但是我們的心理、精神、情緒
[00:05:42.480 --> 00:05:44.640]  可能我們各個不同的人
[00:05:44.640 --> 00:05:46.960]  都有不同程度的影響
[00:05:46.960 --> 00:05:50.240]  可能大家都有這方面的體會
[00:05:50.240 --> 00:05:54.560]  以至我們的社群的關係
[00:05:54.560 --> 00:05:57.720]  無論是社交距離、四人限聚令
[00:05:57.720 --> 00:05:58.880]  多少人的限聚令
[00:05:58.880 --> 00:06:02.520]  或者我們怎樣來跟人聯繫
[00:06:02.520 --> 00:06:04.840]  我們都會發覺好像人與人之間
[00:06:04.840 --> 00:06:08.400]  都有一些的距離、隔離
[00:06:08.400 --> 00:06:12.720]  其實都或多或少有影響我們人際的關係
[00:06:12.720 --> 00:06:13.920]  當然有時候有些人覺得
[00:06:13.920 --> 00:06:17.040]  不如限聚令可能對某些家庭是好事
[00:06:17.040 --> 00:06:19.160]  大家都在家裡多了見面
[00:06:19.160 --> 00:06:21.400]  又建立到不同的關係
[00:06:21.400 --> 00:06:24.200]  但都是某個程度都受到影響
[00:06:24.200 --> 00:06:25.440]  所以健康裡面
[00:06:25.440 --> 00:06:27.360]  我們都更深體會就是
[00:06:27.360 --> 00:06:30.040]  原來這個對我們一個全人
[00:06:30.040 --> 00:06:34.360]  或者我們的生活各個層面都有影響
[00:06:34.360 --> 00:06:35.360]  但除了之外
[00:06:35.360 --> 00:06:37.000]  我想跟大家一起去看看
[00:06:37.000 --> 00:06:39.640]  今天我有一個怎樣的心
[00:06:39.640 --> 00:06:42.680]  這個心題是提到心靈方面
[00:06:42.680 --> 00:06:46.800]  所以就是提到我的心靈健康
[00:06:46.800 --> 00:06:49.280]  身心靈的健康
[00:06:49.280 --> 00:06:52.320]  我不知道大家在當中體會
[00:06:52.320 --> 00:06:53.880]  或者是經歷有多少
[00:06:53.880 --> 00:06:56.080]  原來我們不單只是關注
[00:06:56.080 --> 00:06:58.960]  在世界衛生組織的定義裡面
[00:06:58.960 --> 00:07:03.480]  說到身體、精神、心理、社群的關係
[00:07:03.480 --> 00:07:04.920]  其實在世界衛生組織
[00:07:04.920 --> 00:07:06.680]  他們談這個健康定義
[00:07:06.680 --> 00:07:08.880]  其實時不時都會去看看
[00:07:08.880 --> 00:07:11.080]  需不需要有些轉變
[00:07:11.080 --> 00:07:13.160]  當然最終都沒有轉變
[00:07:13.160 --> 00:07:14.480]  但都真的談過的
[00:07:14.480 --> 00:07:18.880]  在公共衛生的研究或者去認識裡面
[00:07:18.880 --> 00:07:20.120]  其實他們都提到
[00:07:20.120 --> 00:07:21.960]  不單只是那三個範疇
[00:07:21.960 --> 00:07:25.160]  身體、心理、精神、社群
[00:07:25.160 --> 00:07:26.800]  其實我們通常將它簡稱叫
[00:07:26.800 --> 00:07:30.440]  身心、社靈這四方面
[00:07:30.440 --> 00:07:32.520]  其實都應該關注一下
[00:07:32.520 --> 00:07:34.560]  是不是健康
[00:07:34.560 --> 00:07:36.000]  就算沒有病沒有痛
[00:07:36.000 --> 00:07:38.280]  就算精神狀態很好
[00:07:38.280 --> 00:07:39.760]  人際關係很好
[00:07:39.760 --> 00:07:43.520]  其實原來還有一個是心靈的健康
[00:07:43.520 --> 00:07:46.280]  在我們香港的醫療系統裡面
[00:07:46.280 --> 00:07:48.640]  過去幾十年、三四十年
[00:07:48.640 --> 00:07:52.480]  都已經有一個服務叫做「軟目服務」
[00:07:52.480 --> 00:07:54.280]  在當中其實正正就是
[00:07:54.280 --> 00:07:57.000]  特別在心靈的健康上
[00:07:57.000 --> 00:07:59.200]  去關懷這些病人
[00:07:59.200 --> 00:08:02.200]  也是在整個醫療的團隊當中
[00:08:02.200 --> 00:08:06.840]  將心靈健康、將軟目的服務、服事
[00:08:06.840 --> 00:08:08.040]  帶進去
[00:08:08.040 --> 00:08:10.680]  這個在當中大家都體會
[00:08:10.680 --> 00:08:13.280]  其實原來一個病人的需要
[00:08:13.280 --> 00:08:15.480]  除了身體、心理
[00:08:15.480 --> 00:08:18.280]  以至一些經濟或者人際關係
[00:08:18.280 --> 00:08:20.160]  其實同樣有一個重要
[00:08:20.160 --> 00:08:21.840]  甚至可能我們覺得很重要的
[00:08:21.840 --> 00:08:24.400]  就是心靈的健康
[00:08:24.400 --> 00:08:27.160]  所以如果問大家健康的話
[00:08:27.160 --> 00:08:29.000]  其實可能我們作為基督徒
[00:08:29.000 --> 00:08:32.280]  我們自己都要問一下我們的心靈健康
[00:08:32.280 --> 00:08:34.200]  我有沒有關注一下我身邊的人
[00:08:34.200 --> 00:08:38.000]  他的心靈健不健康呢?
[00:08:38.000 --> 00:08:41.720]  我們提到最近我們教會的讀經
[00:08:41.720 --> 00:08:43.120]  去到《以西傑書》
[00:08:43.120 --> 00:08:45.800]  之前沒多久剛剛讀完《耶利米書》
[00:08:45.800 --> 00:08:46.920]  當中有兩節經文
[00:08:46.920 --> 00:08:48.720]  很想跟大家重溫
[00:08:48.720 --> 00:08:50.240]  我們都讀過了
[00:08:50.240 --> 00:08:52.920]  《以西傑書》第三章第七節
[00:08:52.920 --> 00:08:55.520]  先知宣講的訊息
[00:08:55.520 --> 00:08:58.760]  神怎樣形容這一班以色列人呢?
[00:08:58.760 --> 00:09:03.520]  告訴我們,原來他們是額肩心硬的人
[00:09:03.520 --> 00:09:05.600]  是跟心很有關係
[00:09:05.600 --> 00:09:07.400]  然後《耶利米書》的宣告
[00:09:07.400 --> 00:09:11.720]  亦提到「人心比萬物都詭窄」
[00:09:11.720 --> 00:09:13.760]  即是說更加詭窄
[00:09:13.760 --> 00:09:19.040]  「壞到極處,誰能識透呢?」
[00:09:19.040 --> 00:09:20.680]  所以很著重心
[00:09:20.680 --> 00:09:23.040]  當然你回看希伯來的文化
[00:09:23.040 --> 00:09:24.720]  其實他們寫「心」的時候
[00:09:24.720 --> 00:09:27.800]  又不是我們今天所說的「心」的意思
[00:09:27.800 --> 00:09:28.880]  其實是很豐富的
[00:09:28.880 --> 00:09:30.040]  他們說到「心」
[00:09:30.040 --> 00:09:32.200]  當時他們是在說一個「全人」
[00:09:32.200 --> 00:09:33.640]  是整個人
[00:09:33.640 --> 00:09:36.280]  這整個人原來都是很心硬的
[00:09:36.280 --> 00:09:39.720]  這個人的心地其實是很壞的
[00:09:39.720 --> 00:09:41.520]  大致上是這個意思
[00:09:41.520 --> 00:09:43.160]  所以其實是在說一個「全人」
[00:09:43.160 --> 00:09:44.120]  而這個「全人」
[00:09:44.120 --> 00:09:48.960]  我相信更加需要我們關注他的心靈
[00:09:48.960 --> 00:09:51.440]  所以今天如果我們有機會見到神的時候
[00:09:51.440 --> 00:09:52.600]  我不知道你有沒有想過
[00:09:52.600 --> 00:09:55.560]  將來或今天突然間神出現
[00:09:55.560 --> 00:09:58.760]  神見到你的時候會問你些什麼呢?
[00:09:58.760 --> 00:10:00.880]  會問你有沒有靈修?
[00:10:00.880 --> 00:10:02.720]  問你有沒有在教會侍奉?
[00:10:02.720 --> 00:10:04.800]  問你有沒有傳福音?
[00:10:04.800 --> 00:10:06.680]  或者問你有沒有服侍到社區
[00:10:06.680 --> 00:10:09.920]  去服侍一些微小的人
[00:10:09.920 --> 00:10:12.600]  我們教會推動的服侍關懷
[00:10:12.600 --> 00:10:13.840]  是問這些
[00:10:13.840 --> 00:10:15.400]  還是神會問什麼呢?
[00:10:15.400 --> 00:10:16.840]  我想和大家看看
[00:10:16.840 --> 00:10:20.120]  神可能其中一樣會問「心」
[00:10:20.120 --> 00:10:22.360]  問你的「心」是怎樣?
[00:10:22.360 --> 00:10:26.680]  是不是剛才所說的「額肩心硬」呢?
[00:10:26.680 --> 00:10:31.080]  還有是不是比萬物更加詭詐的「心」呢?
[00:10:31.080 --> 00:10:36.600]  耶利米茲書記在「比萬物都詭詐」之後形容什麼呢?
[00:10:36.600 --> 00:10:38.880]  「壞到極處」
[00:10:38.880 --> 00:10:40.600]  「壞到極處」的意思
[00:10:40.600 --> 00:10:43.760]  原來他的意思是在說「病」
[00:10:43.760 --> 00:10:46.880]  這個人的心詭詐得像病了一樣
[00:10:46.880 --> 00:10:48.240]  而這個「病」是怎樣呢?
[00:10:48.240 --> 00:10:49.400]  這個「病」的「壞到極處」
[00:10:49.400 --> 00:10:52.880]  其實是在形容一個「病」是無法醫治的
[00:10:52.880 --> 00:10:54.680]  簡單來說就是絕症
[00:10:54.680 --> 00:10:56.000]  是醫不了的
[00:10:56.000 --> 00:10:57.280]  但當然我會提醒
[00:10:57.280 --> 00:10:58.880]  人心比萬物詭詐
[00:10:58.880 --> 00:11:00.400]  醫不了的是「人」
[00:11:00.400 --> 00:11:02.280]  沒有辦法醫治
[00:11:02.280 --> 00:11:03.760]  所以是回到什麼呢?
[00:11:03.760 --> 00:11:05.400]  回到神的面前
[00:11:05.400 --> 00:11:06.840]  神會問「心」
[00:11:06.840 --> 00:11:09.640]  神這個「問心」有點像什麼呢?
[00:11:09.640 --> 00:11:11.240]  就好像我們來見神
[00:11:11.240 --> 00:11:13.120]  去看醫生一樣
[00:11:13.120 --> 00:11:14.880]  上次我講以實瑪利的時候
[00:11:14.880 --> 00:11:17.320]  提到「神聽見」
[00:11:17.320 --> 00:11:19.400]  神就像一個醫生一樣
[00:11:19.400 --> 00:11:21.640]  當他問我們「心」的時候
[00:11:21.640 --> 00:11:24.320]  就是拿著聽筒聽一下我們的「心」
[00:11:24.320 --> 00:11:25.680]  神會聽到
[00:11:25.680 --> 00:11:28.080]  神也是問我們的「心」
[00:11:28.080 --> 00:11:30.520]  到底我們帶著一個怎樣的心靈
[00:11:30.520 --> 00:11:33.400]  我這個人是一個怎樣的人
[00:11:33.400 --> 00:11:37.280]  我的屬靈生命是一個怎樣的狀況呢?
[00:11:37.280 --> 00:11:39.320]  神會問「心」
[00:11:39.320 --> 00:11:42.480]  神不需要問我們有多少做過什麼侍奉
[00:11:42.480 --> 00:11:43.400]  有什麼功績
[00:11:43.400 --> 00:11:45.360]  當然可能神都會問
[00:11:45.360 --> 00:11:47.000]  或者神其實都知道
[00:11:47.000 --> 00:11:50.120]  但最重要神看我們的「心」
[00:11:50.120 --> 00:11:52.960]  看我們這個人的心靈
[00:11:52.960 --> 00:11:55.000]  人醫不好
[00:11:55.000 --> 00:11:58.120]  唯有是神自己工作
[00:11:58.120 --> 00:11:59.480]  所以在《以西傑書》
[00:11:59.480 --> 00:12:00.280]  我們有一段
[00:12:00.280 --> 00:12:03.760]  可能大家對《以西傑書》雖然未必熟悉
[00:12:03.760 --> 00:12:04.880]  但可能你都曾經聽過
[00:12:04.880 --> 00:12:07.120]  《以西傑書》第三十六章裡面
[00:12:07.120 --> 00:12:08.640]  講到一個很重要
[00:12:08.640 --> 00:12:11.360]  新的心、新的靈
[00:12:11.360 --> 00:12:12.920]  但其實之前
[00:12:12.920 --> 00:12:15.720]  如果你有參與讀經計劃
[00:12:15.720 --> 00:12:18.120]  你看到《以西傑書》的第十一章
[00:12:18.120 --> 00:12:19.600]  第十八章
[00:12:19.600 --> 00:12:22.360]  第十八章是我們剛剛在星期五才看完的
[00:12:22.360 --> 00:12:23.880]  大家可以回去再看
[00:12:23.880 --> 00:12:28.320]  其實都在講一個新的心、新的靈
[00:12:28.320 --> 00:12:32.760]  第十八章裡面好像有一點點給我們的訊息
[00:12:32.760 --> 00:12:39.120]  好像是神要求人自己去做一個新的心、新的靈
[00:12:39.120 --> 00:12:40.520]  但其實是不行的
[00:12:40.520 --> 00:12:44.760]  那段說話其實是在講人做不到的
[00:12:44.760 --> 00:12:46.280]  人的心硬
[00:12:46.280 --> 00:12:49.080]  人的心被萬物詭詐
[00:12:49.080 --> 00:12:50.640]  無法醫治
[00:12:50.640 --> 00:12:51.920]  唯有是甚麼?
[00:12:51.920 --> 00:12:53.800]  好像《以西傑書》三十六章
[00:12:53.800 --> 00:12:55.800]  很清楚更加詳細講到
[00:12:55.800 --> 00:13:00.280]  神自己要用清水來潔淨人
[00:13:00.280 --> 00:13:04.960]  將人的硬心、錫心改變成為
[00:13:04.960 --> 00:13:07.320]  換了一個肉心
[00:13:07.320 --> 00:13:09.200]  擺一個新的心
[00:13:09.200 --> 00:13:11.960]  神更加要將他的新的靈
[00:13:11.960 --> 00:13:17.320]  擺在這個重新再做的人的生命裡面
[00:13:17.320 --> 00:13:20.480]  所以這個是人做不到的
[00:13:20.480 --> 00:13:23.760]  是唯有神才可以做到
[00:13:23.760 --> 00:13:26.760]  神會問我們的心
[00:13:26.760 --> 00:13:30.160]  我們的心要帶著這份謙卑
[00:13:30.160 --> 00:13:31.760]  更加要帶著甚麼呢?
[00:13:31.760 --> 00:13:34.120]  一份不悔
[00:13:34.120 --> 00:13:35.760]  當我們來到神的面前
[00:13:35.760 --> 00:13:39.840]  我們要存在一個在主面前不悔的心
[00:13:39.840 --> 00:13:42.640]  雖然在三十六章剛才我們所看的
[00:13:42.640 --> 00:13:45.000]  如果大家有留意的話
[00:13:45.000 --> 00:13:46.040]  可以告訴我們
[00:13:46.040 --> 00:13:49.560]  神將一個新心、新靈賜給我們的時候
[00:13:49.560 --> 00:13:54.400]  我們就能夠遵守神的律法
[00:13:54.400 --> 00:13:55.840]  守神的話
[00:13:55.840 --> 00:13:57.040]  更加重要的是
[00:13:57.040 --> 00:14:00.320]  神會將我們再一次接納
[00:14:00.320 --> 00:14:03.800]  再一次接納以色列人成為他的子民
[00:14:03.800 --> 00:14:06.560]  去要做以色列人的神
[00:14:06.560 --> 00:14:10.440]  其實這是在《以西傑書》裡面很重要的訊息
[00:14:10.440 --> 00:14:12.960]  神要成為以色列的神
[00:14:12.960 --> 00:14:15.240]  神要成為你和我的神
[00:14:15.240 --> 00:14:17.520]  所以唯有神才可以做到
[00:14:17.520 --> 00:14:20.280]  但當我們有神子民的身份的時候
[00:14:20.280 --> 00:14:21.800]  我想提醒弟兄姊妹
[00:14:21.800 --> 00:14:25.440]  其實我們要多帶著一份不悔的心
[00:14:25.440 --> 00:14:28.680]  不是我們能夠有甚麼可以誇口
[00:14:28.680 --> 00:14:30.080]  我們的心硬
[00:14:30.080 --> 00:14:31.880]  我們的心鬼扎
[00:14:31.880 --> 00:14:33.080]  是自己治不好
[00:14:33.080 --> 00:14:34.840]  是人做不到事
[00:14:34.840 --> 00:14:37.160]  唯有神才可以潔淨
[00:14:37.160 --> 00:14:39.040]  是我們不悔
[00:14:39.040 --> 00:14:43.320]  我們能夠有這份恩典稱為神的子民
[00:14:43.320 --> 00:14:45.480]  是神自己施恩
[00:14:45.480 --> 00:14:47.680]  神親自動功
[00:14:47.680 --> 00:14:52.040]  神就好像一個要開心手術的大醫生一樣
[00:14:52.040 --> 00:14:54.720]  將我們硬心、錫心
[00:14:54.720 --> 00:14:57.440]  重新換為一個新的心
[00:14:57.440 --> 00:15:00.280]  是神自己施恩憐憫
[00:15:00.280 --> 00:15:04.120]  神親自動功
[00:15:04.120 --> 00:15:04.840]  所以弟兄姊妹
[00:15:04.840 --> 00:15:10.160]  我不知道你今天有一個怎樣的心呢?
[00:15:10.160 --> 00:15:12.040]  是否好像這班以色列人
[00:15:12.040 --> 00:15:14.280]  是硬心腸
[00:15:14.280 --> 00:15:17.240]  是一個鬼扎的心呢?
[00:15:17.240 --> 00:15:18.800]  還是你已經願意讓神
[00:15:18.800 --> 00:15:21.880]  來到你生命裏面工作
[00:15:21.880 --> 00:15:24.120]  換了這個新的心
[00:15:24.120 --> 00:15:25.360]  新的靈
[00:15:25.360 --> 00:15:27.800]  有神的話語在當中
[00:15:27.800 --> 00:15:28.840]  當我們讀到
[00:15:28.840 --> 00:15:30.720]  以色列記者一直讀下去的時候
[00:15:30.720 --> 00:15:32.640]  三十七章更加提醒我們
[00:15:32.640 --> 00:15:36.720]  我們要重新進入一個新的藥裏面
[00:15:36.720 --> 00:15:39.760]  更加有新的聖典
[00:15:39.760 --> 00:15:41.200]  是藉著耶穌基督
[00:15:41.200 --> 00:15:44.320]  我們和神來和好
[00:15:44.320 --> 00:15:47.920]  這就是我們今天作為基督徒已經經歷了
[00:15:47.920 --> 00:15:49.680]  是神仍然施恩
[00:15:49.680 --> 00:15:53.560]  神親自動功
[00:15:53.560 --> 00:15:54.920]  雖然我們不悔
[00:15:54.920 --> 00:15:58.160]  但神仍然將這份恩典給了你和我
[00:15:58.160 --> 00:16:00.080]  我們可以成為祂的子民
[00:16:00.080 --> 00:16:05.240]  成為這個天國裏面的一份子
[00:16:05.240 --> 00:16:08.040]  無論是《馬太福音》的登山補訓
[00:16:08.040 --> 00:16:10.120]  或者是整個福音書裏面
[00:16:10.120 --> 00:16:12.240]  耶穌基督的教導
[00:16:12.240 --> 00:16:15.240]  其中一個很重要要我們領受的就是
[00:16:15.240 --> 00:16:20.040]  神對天國子民的期望
[00:16:20.040 --> 00:16:23.800]  我們怎樣從耶穌基督的教導當中
[00:16:23.800 --> 00:16:25.800]  領受天國子民
[00:16:25.800 --> 00:16:29.200]  這個生命應該是怎樣的質素
[00:16:29.200 --> 00:16:34.440]  甚至可以說是神對每一個基督徒的要求
[00:16:34.440 --> 00:16:36.520]  祂的標準是怎樣
[00:16:36.520 --> 00:16:38.800]  都在福音書裏面
[00:16:38.800 --> 00:16:40.520]  耶穌基督的教導當中
[00:16:40.520 --> 00:16:42.320]  很清楚地讓我們知道
[00:16:42.320 --> 00:16:45.000]  登山補訓在福音書裏面
[00:16:45.000 --> 00:16:47.360]  我們看到《馬太福音》一開始的時候
[00:16:47.360 --> 00:16:49.680]  是一個很重要的講章
[00:16:49.680 --> 00:16:52.520]  從這個開始其實是帶我們進入
[00:16:52.520 --> 00:16:55.360]  我們可以怎樣從心出發
[00:16:55.360 --> 00:17:02.600]  從我們這個全人的生命不斷地成長
[00:17:02.600 --> 00:17:05.680]  我們領受神給我們的教訓
[00:17:05.680 --> 00:17:07.600]  領受上主的說話
[00:17:07.600 --> 00:17:11.600]  以致我們經歷神給我們的祝福和應許
[00:17:11.600 --> 00:17:13.640]  所以整個登山補訓
[00:17:13.640 --> 00:17:17.640]  其實是在講神對我們的期望
[00:17:17.640 --> 00:17:22.520]  神給我們知道作為天國子民的標準是什麼
[00:17:22.520 --> 00:17:24.760]  天國是屬於神
[00:17:24.760 --> 00:17:27.520]  彰顯神的統治
[00:17:27.520 --> 00:17:31.160]  彰顯神去掌管著我們每一個
[00:17:31.160 --> 00:17:33.560]  屬於天國子民的生命
[00:17:33.560 --> 00:17:38.040]  所以我們應該是跟從神的要求
[00:17:38.040 --> 00:17:39.200]  神的期望
[00:17:39.200 --> 00:17:43.560]  來活出一個天國子民生命的素質
[00:17:43.560 --> 00:17:45.600]  詩人都有這樣的經歷
[00:17:45.600 --> 00:17:47.560]  詩篇十五篇第一節裏面提到
[00:17:47.560 --> 00:17:49.080]  詩人的經歷就是
[00:17:49.080 --> 00:17:54.400]  「耶和華,誰能寄居你的帳篷,誰能住在你的聖山?」
[00:17:54.400 --> 00:17:58.360]  如果登山補訓是耶穌在山上宣講的時候
[00:17:58.360 --> 00:18:00.760]  其實正正就好像朝聖者
[00:18:00.760 --> 00:18:04.480]  他們要去到耶和華聖山敬拜的時候
[00:18:04.480 --> 00:18:06.840]  神對詩人自己的反省
[00:18:06.840 --> 00:18:09.760]  神說你對我們這些作為朝聖者
[00:18:09.760 --> 00:18:11.240]  來到你面前的人
[00:18:11.240 --> 00:18:13.400]  你有什麼要求呢?
[00:18:13.400 --> 00:18:15.200]  登山補訓
[00:18:15.200 --> 00:18:16.960]  其實耶穌在福音書的教導
[00:18:16.960 --> 00:18:18.480]  正正就是提醒我們
[00:18:18.480 --> 00:18:21.520]  怎樣作一個神所喜悅
[00:18:21.520 --> 00:18:24.720]  是神自己對我們的期望
[00:18:24.720 --> 00:18:27.520]  作為天國的子民
[00:18:27.520 --> 00:18:29.960]  以色列先知剛才我們也看過這段經文
[00:18:29.960 --> 00:18:31.000]  就是提醒我們
[00:18:31.000 --> 00:18:33.400]  神祂的靈在我們生命當中
[00:18:33.400 --> 00:18:34.440]  這個新的靈
[00:18:34.440 --> 00:18:37.480]  同樣這個靈是代表著
[00:18:37.480 --> 00:18:42.360]  神的真理都放在我們這個新的心裏面
[00:18:42.360 --> 00:18:44.120]  所以我們要經歷的就是
[00:18:44.120 --> 00:18:46.120]  作神的子民
[00:18:46.120 --> 00:18:48.240]  祂是我們的神
[00:18:48.240 --> 00:18:50.200]  祂更加是掌管著
[00:18:50.200 --> 00:18:54.800]  統治著我們每一個人生命的神
[00:18:54.800 --> 00:18:57.240]  所以很盼望我們不單止是從
[00:18:57.240 --> 00:19:00.760]  「虛心的人有福了」這一句去領受
[00:19:00.760 --> 00:19:03.360]  我更加盼望大家能夠多想想
[00:19:03.360 --> 00:19:06.680]  我們是不是一個心靈貧窮的人
[00:19:06.680 --> 00:19:13.440]  我們有沒有承認自己是一個心靈貧乏的人呢?
[00:19:13.440 --> 00:19:15.920]  在福音書裏面另外一段經文
[00:19:15.920 --> 00:19:21.600]  跟登山裏面有一個很有意思的對照
[00:19:21.600 --> 00:19:22.880]  這個對照是什麼呢?
[00:19:22.880 --> 00:19:24.600]  在路加福音第六章
[00:19:24.600 --> 00:19:25.800]  其實不是很長的篇幅
[00:19:25.800 --> 00:19:28.360]  第六章是說到我們通常叫它做一個
[00:19:28.360 --> 00:19:32.160]  相對馬派分第五章到第七章的登山裏面
[00:19:32.160 --> 00:19:34.160]  我們將路加福音第六章
[00:19:34.160 --> 00:19:36.520]  也是耶穌在說對門徒的教導
[00:19:36.520 --> 00:19:39.280]  我們將它稱為「平原的補份」
[00:19:39.280 --> 00:19:43.280]  是耶穌說到在平地上
[00:19:43.280 --> 00:19:45.200]  和這些人的教導
[00:19:45.200 --> 00:19:46.480]  但它的內容
[00:19:46.480 --> 00:19:49.880]  其實跟馬派福音第五到七章的登山補份很相似
[00:19:49.880 --> 00:19:51.960]  所以我們就將它擺為一個登山補份
[00:19:51.960 --> 00:19:53.680]  一個平原補份
[00:19:53.680 --> 00:19:56.120]  而平原補份的開始
[00:19:56.120 --> 00:19:58.040]  又是類似八福的
[00:19:58.040 --> 00:19:59.600]  它又沒有那麼多
[00:19:59.600 --> 00:20:02.680]  大家有興趣可以回去慢慢將路加福音來看
[00:20:02.680 --> 00:20:04.400]  它一開始是說什麼呢?
[00:20:04.400 --> 00:20:05.840]  它又不是說虛心
[00:20:05.840 --> 00:20:07.200]  它是很直接的說
[00:20:07.200 --> 00:20:10.840]  「貧窮的人有福了」
[00:20:10.840 --> 00:20:13.520]  「貧窮的人有福了」
[00:20:13.520 --> 00:20:15.520]  所以這個「貧窮」
[00:20:15.520 --> 00:20:18.480]  跟馬派福音的「心靈貧窮」
[00:20:18.480 --> 00:20:20.080]  真的有少許不同
[00:20:20.080 --> 00:20:22.200]  我相信耶穌所說的教導
[00:20:22.200 --> 00:20:25.160]  其實都有兩方面說到貧窮
[00:20:25.160 --> 00:20:25.960]  這個「貧窮」
[00:20:25.960 --> 00:20:28.600]  我們可以從路加福音第四章
[00:20:28.600 --> 00:20:33.240]  這是耶穌基督在會堂說道的時候
[00:20:33.240 --> 00:20:38.160]  祂打開了以賽亞書向會眾說
[00:20:38.160 --> 00:20:42.640]  這句話其中提到神的靈在我們身上
[00:20:42.640 --> 00:20:49.280]  將福音傳給貧窮的人
[00:20:49.280 --> 00:20:51.800]  我們要相信在聖經所指的
[00:20:51.800 --> 00:20:55.080]  真是在說一些窮人
[00:20:55.080 --> 00:20:58.280]  一些不是很有錢的人
[00:20:58.280 --> 00:21:01.280]  甚至可能是很貧窮的人
[00:21:01.280 --> 00:21:02.600]  所以如果是這樣
[00:21:02.600 --> 00:21:03.840]  我們也會有時想一想
[00:21:03.840 --> 00:21:06.800]  其實神對他的子民的期望
[00:21:06.800 --> 00:21:10.600]  是否真的我們也不應該有太多的錢
[00:21:10.600 --> 00:21:12.200]  「貧窮人有福」
[00:21:12.200 --> 00:21:15.040]  其實是否神對基督徒的期望
[00:21:15.040 --> 00:21:16.800]  其實我們也不應該有太多的錢
[00:21:16.800 --> 00:21:19.080]  基督徒應該不要發達
[00:21:19.080 --> 00:21:21.400]  沒有太多錢就好一點
[00:21:21.400 --> 00:21:25.080]  我相信我們是有錢的
[00:21:25.080 --> 00:21:28.520]  更加是積財於天的富有
[00:21:28.520 --> 00:21:29.320]  所以在地上
[00:21:29.320 --> 00:21:31.240]  在我們生活裡有多少錢
[00:21:31.240 --> 00:21:32.880]  或者是否窮是否富
[00:21:32.880 --> 00:21:35.520]  我相信都是神給我們有不同的份
[00:21:35.520 --> 00:21:36.840]  每個人都不同
[00:21:36.840 --> 00:21:39.280]  但是如果一個貧窮的人
[00:21:39.280 --> 00:21:40.840]  或者一個生活比較上
[00:21:40.840 --> 00:21:42.240]  不是太多錢的人
[00:21:42.240 --> 00:21:43.440]  甚至可能有時
[00:21:43.440 --> 00:21:46.640]  有些人他們經歷過都算是頗有錢
[00:21:46.640 --> 00:21:49.800]  突然間失去了他的財富
[00:21:49.800 --> 00:21:51.400]  可能他又有生命裡
[00:21:51.400 --> 00:21:54.520]  一些不同的經歷和反思
[00:21:54.520 --> 00:21:56.920]  這類人有時有些安慰說話
[00:21:56.920 --> 00:21:59.480]  都可以自己調教一下
[00:21:59.480 --> 00:22:00.480]  我們有時就說
[00:22:00.480 --> 00:22:03.000]  當有些人不知什麼原因
[00:22:03.000 --> 00:22:04.920]  可能失去了一些財富
[00:22:04.920 --> 00:22:07.680]  可能都可以說一句說話安慰一下
[00:22:07.680 --> 00:22:11.080]  財散人安樂一點
[00:22:11.080 --> 00:22:12.000]  你沒有這麼多錢
[00:22:12.000 --> 00:22:13.880]  可能你會睡覺好一點
[00:22:13.880 --> 00:22:16.080]  有時我不知道大家會不會覺得
[00:22:16.080 --> 00:22:17.080]  反而你覺得沒什麼錢
[00:22:17.080 --> 00:22:18.400]  都是睡不著覺
[00:22:18.400 --> 00:22:19.600]  但是財散人安樂
[00:22:19.600 --> 00:22:21.720]  有時真的去幫到一些人
[00:22:21.720 --> 00:22:29.400]  都覺得不需要看自己有多少錢
[00:22:29.400 --> 00:22:31.080]  財散人安樂可能都是提醒我們
[00:22:31.080 --> 00:22:34.880]  有時如果我們遭遇一些不容易的禍日子
[00:22:34.880 --> 00:22:37.280]  可能真的生活比較清苦一點
[00:22:37.280 --> 00:22:38.840]  或者是比較艱難的時候
[00:22:38.840 --> 00:22:41.440]  會不會有時都讓我們可以
[00:22:41.440 --> 00:22:44.200]  反思到生命的意義
[00:22:44.200 --> 00:22:46.360]  既然真的可能想到地上
[00:22:46.360 --> 00:22:49.200]  沒什麼可以財富的話
[00:22:49.200 --> 00:22:52.600]  可能讓人重新回去看看
[00:22:52.600 --> 00:22:55.280]  自己心靈的光景
[00:22:55.280 --> 00:22:57.000]  心靈的需要
[00:22:57.000 --> 00:22:59.360]  有時真的遇到一些困難
[00:22:59.360 --> 00:23:01.360]  或者窮困的時候
[00:23:01.360 --> 00:23:03.040]  中國人另外一句說話叫做
[00:23:03.040 --> 00:23:06.000]  窮則呼天
[00:23:06.000 --> 00:23:10.280]  原來一個人在窮困的時候
[00:23:10.280 --> 00:23:16.480]  是更加願意去仰望上天
[00:23:16.480 --> 00:23:18.760]  當然這個上天可能對不同的人
[00:23:18.760 --> 00:23:21.200]  有宗教信仰或沒有宗教信仰
[00:23:21.200 --> 00:23:23.080]  可能都有不同的理解
[00:23:23.080 --> 00:23:24.480]  但正正就是反映出
[00:23:24.480 --> 00:23:28.280]  原來人在一些困境裡面
[00:23:28.280 --> 00:23:30.680]  他就會向上仰望
[00:23:30.680 --> 00:23:33.800]  他就會尋找一些所謂的神靈的幫助
[00:23:33.800 --> 00:23:36.160]  亦可能體會到在他人生裡面
[00:23:36.160 --> 00:23:39.240]  不單止看到生活地上的日子
[00:23:39.240 --> 00:23:42.280]  可能都會讓他反省一下人生的意義
[00:23:42.280 --> 00:23:45.080]  生命的意義是怎樣
[00:23:45.080 --> 00:23:48.000]  我不知道大家有沒有聽過一本書的名字
[00:23:48.000 --> 00:23:51.520]  有一本書的名字叫《窮得只剩下錢》
[00:23:51.520 --> 00:23:53.680]  不知道大家有沒有機會聽過
[00:23:53.680 --> 00:23:54.960]  甚至看過
[00:23:54.960 --> 00:23:57.560]  這本書其實在台灣
[00:23:57.560 --> 00:24:00.040]  曾經有一段時間是很出名的
[00:24:00.040 --> 00:24:04.880]  連報紙頭條都要幫它賣廣告或宣傳
[00:24:04.880 --> 00:24:06.560]  其實最主要就是這本書
[00:24:06.560 --> 00:24:12.960]  當時陳水扁在台灣因為一些事情坐牢
[00:24:12.960 --> 00:24:16.640]  有一次報道是他的兒子去探監
[00:24:16.640 --> 00:24:19.760]  探望他爸爸的時候買了一些書給他
[00:24:19.760 --> 00:24:23.320]  其中一本書就是《窮得只剩下錢》
[00:24:23.320 --> 00:24:28.040]  另外他又帶了一本聖經給他爸爸
[00:24:28.040 --> 00:24:30.760]  所以這本書就因此而爆紅
[00:24:30.760 --> 00:24:32.960]  有什麼特別呢?
[00:24:32.960 --> 00:24:35.840]  其實這本書是一位牧師寫的
[00:24:35.840 --> 00:24:38.920]  他最主要想透過這本書的訊息
[00:24:38.920 --> 00:24:40.200]  去提醒人
[00:24:40.200 --> 00:24:42.760]  除了在生活上
[00:24:42.760 --> 00:24:46.040]  財富對大部分人都很影響的時候
[00:24:46.040 --> 00:24:50.840]  去幫助人反思一下生活上金錢的意義
[00:24:50.840 --> 00:24:53.360]  另外一個更加想帶一些人回去看看
[00:24:53.360 --> 00:24:55.840]  反思一下生命的意義
[00:24:55.840 --> 00:25:01.400]  會否不是窮人沒有錢就很慘呢?
[00:25:01.400 --> 00:25:03.000]  其實可能他提醒的是
[00:25:03.000 --> 00:25:06.720]  今天有些有錢人都很窮
[00:25:06.720 --> 00:25:07.680]  窮到一個地步就是
[00:25:07.680 --> 00:25:10.160]  窮得只剩下錢
[00:25:10.160 --> 00:25:12.840]  當有錢人可能不知道他有多少錢
[00:25:12.840 --> 00:25:15.640]  但可能他回想起人生的意義
[00:25:15.640 --> 00:25:18.000]  回想起生命的反思的時候
[00:25:18.000 --> 00:25:20.240]  可能他發覺
[00:25:20.240 --> 00:25:23.000]  看看我自己一生所擁有的
[00:25:23.000 --> 00:25:25.560]  其實除了錢以外就什麼都沒有了
[00:25:25.560 --> 00:25:27.400]  可能他身邊不知道有沒有朋友
[00:25:27.400 --> 00:25:29.000]  有沒有家人
[00:25:29.000 --> 00:25:33.000]  有沒有值得他誇獎的東西
[00:25:33.000 --> 00:25:36.160]  或者值得他自己覺得是很擁有的東西
[00:25:36.160 --> 00:25:37.760]  這個提醒就是
[00:25:37.760 --> 00:25:40.560]  原來他人生所追求的
[00:25:40.560 --> 00:25:42.680]  他心靈裡追求的
[00:25:42.680 --> 00:25:45.680]  只是某一兩樣東西的時候
[00:25:45.680 --> 00:25:49.760]  當他自己去反思生命的時候
[00:25:49.760 --> 00:25:53.000]  原來只剩下這些錢
[00:25:53.000 --> 00:25:56.040]  這些可以滿足到自己心靈
[00:25:56.040 --> 00:25:58.600]  以為自己已經擁有的東西
[00:25:58.600 --> 00:26:00.160]  所以這裡提醒我們
[00:26:00.160 --> 00:26:01.640]  我們每一個人應該
[00:26:01.640 --> 00:26:04.960]  多一點去承認自己心靈的貧乏
[00:26:04.960 --> 00:26:06.360]  我們要想想其實
[00:26:06.360 --> 00:26:08.720]  我們的心靈是擁有什麼
[00:26:08.720 --> 00:26:10.600]  追求什麼呢?
[00:26:10.600 --> 00:26:12.040]  會否有時候其實
[00:26:12.040 --> 00:26:14.520]  我們都是在外表裡面
[00:26:14.520 --> 00:26:16.360]  好像覺得自己是
[00:26:16.360 --> 00:26:23.080]  心靈都算是有一點擁有呢?
[00:26:23.080 --> 00:26:24.200]  有些人可能會覺得
[00:26:24.200 --> 00:26:25.680]  譬如用陳水扁
[00:26:25.680 --> 00:26:29.320]  會否他真的在監獄裡面
[00:26:29.320 --> 00:26:31.040]  看看這本書
[00:26:31.040 --> 00:26:33.280]  甚至可能看聖經
[00:26:33.280 --> 00:26:37.880]  他是不是已經是心靈富足的人呢?
[00:26:37.880 --> 00:26:40.960]  他不再心靈貧乏呢?
[00:26:40.960 --> 00:26:42.080]  是不是我們有時候覺得
[00:26:42.080 --> 00:26:44.160]  我多回教會聚會
[00:26:44.160 --> 00:26:48.360]  就可以沒有這麼多心靈的貧乏呢?
[00:26:48.360 --> 00:26:50.040]  其實有時候我們要很小心
[00:26:50.040 --> 00:26:53.240]  我們要學習怎樣真誠去面對
[00:26:53.240 --> 00:26:55.160]  我們要多一份謙虛
[00:26:55.160 --> 00:26:57.720]  如果虛心可以幫助你想多一些
[00:26:57.720 --> 00:26:59.480]  謙虛的都是好的
[00:26:59.480 --> 00:27:02.440]  我們要很真誠的謙虛去承認一樣
[00:27:02.440 --> 00:27:04.920]  自己的不配
[00:27:04.920 --> 00:27:05.920]  就好像剛才我提到
[00:27:05.920 --> 00:27:08.160]  以西傑先知所說的
[00:27:08.160 --> 00:27:10.040]  神很有恩典
[00:27:10.040 --> 00:27:12.040]  神給伊斯蘭人的盼望
[00:27:12.040 --> 00:27:14.280]  就是說他們可以有一個新的心
[00:27:14.280 --> 00:27:15.360]  有新的靈
[00:27:15.360 --> 00:27:18.400]  有神的話語在我們生命當中的時候
[00:27:18.400 --> 00:27:21.120]  他們可以再次成為神的子民
[00:27:21.120 --> 00:27:23.120]  神要成為他們的神
[00:27:23.120 --> 00:27:24.480]  但我想提醒一下姐妹
[00:27:24.480 --> 00:27:25.880]  宗賢是這樣的
[00:27:25.880 --> 00:27:29.400]  以色列人應該帶著一份不配的心
[00:27:29.400 --> 00:27:31.640]  同樣今天我們作為基督徒也一樣
[00:27:31.640 --> 00:27:33.680]  其實我們要多一些很誠實的
[00:27:33.680 --> 00:27:36.280]  去在神面前審查自己
[00:27:36.280 --> 00:27:39.440]  其實我們是不配有這份恩典
[00:27:39.440 --> 00:27:42.760]  我們更加不配成為天父的兒女
[00:27:42.760 --> 00:27:48.040]  但神就是這樣來讓我們得到這份恩典
[00:27:48.040 --> 00:27:49.840]  心靈貧窮的人
[00:27:49.840 --> 00:27:52.120]  其實是多一些去想到
[00:27:52.120 --> 00:27:55.480]  其實我們沒有可誇的地方
[00:27:55.480 --> 00:27:57.720]  宗賢我們今天健健康康
[00:27:57.720 --> 00:28:02.400]  我們生活都好像大部分可能無憂無慮
[00:28:02.400 --> 00:28:05.320]  我們生活都可以叫做過每一日
[00:28:05.320 --> 00:28:06.880]  但其實多一些想
[00:28:06.880 --> 00:28:09.120]  其實這些都是恩典
[00:28:09.120 --> 00:28:11.400]  甚至可能我們是不配的
[00:28:11.400 --> 00:28:16.960]  但神仍然去賜下這份恩典給我和你
[00:28:16.960 --> 00:28:19.560]  在路加福音第十八章
[00:28:19.560 --> 00:28:21.000]  耶穌說了一個比喻
[00:28:21.000 --> 00:28:23.640]  我很想大家多一些記得這個比喻
[00:28:23.640 --> 00:28:25.200]  在虛心的人
[00:28:25.200 --> 00:28:27.760]  在心靈貧窮的人的時候
[00:28:27.760 --> 00:28:30.560]  多一些用這個比喻可以幫我們
[00:28:30.560 --> 00:28:32.760]  有這份謙虛
[00:28:32.760 --> 00:28:37.240]  有這份多一些去承認自己的不配
[00:28:37.240 --> 00:28:42.000]  在路加福音第十八章 耶穌說到兩個人去聖殿祈禱
[00:28:42.000 --> 00:28:44.000]  祂告訴我們一個是發利采人
[00:28:44.000 --> 00:28:46.280]  一個是瑞利
[00:28:46.280 --> 00:28:48.120]  發利采人的祈禱
[00:28:48.120 --> 00:28:50.840]  就是告訴神我做過什麼
[00:28:50.840 --> 00:28:53.640]  我做了多少 進行了祂的教導
[00:28:53.640 --> 00:28:56.440]  我完成了祂的吩咐
[00:28:56.440 --> 00:29:00.000]  他覺得自己的心靈很滿足
[00:29:00.000 --> 00:29:03.720]  很擁有 做到很多好像是神要求他
[00:29:03.720 --> 00:29:05.560]  跟著律法做的事
[00:29:05.560 --> 00:29:09.800]  他就覺得我的心靈已經得到這一份
[00:29:09.800 --> 00:29:14.760]  神祢自己按照祢的應許給我的祝福
[00:29:14.760 --> 00:29:18.440]  他覺得自己已經沒什麼虧欠神
[00:29:18.440 --> 00:29:22.000]  但是瑞利的祈禱是怎樣呢?
[00:29:22.000 --> 00:29:23.960]  瑞利的祈禱就是來到神的面前
[00:29:23.960 --> 00:29:27.480]  求神開恩可憐
[00:29:27.480 --> 00:29:29.240]  沒什麼可說
[00:29:29.240 --> 00:29:30.960]  瑞利知道他自己不配
[00:29:30.960 --> 00:29:34.520]  他根本覺得自己都不配來到神的面前
[00:29:34.520 --> 00:29:36.240]  不配得到神的赦免
[00:29:36.240 --> 00:29:37.960]  不配得到神的恩典
[00:29:37.960 --> 00:29:39.880]  他只能夠在神面前
[00:29:39.880 --> 00:29:45.760]  帶著這份欠卑不配的心
[00:29:45.760 --> 00:29:49.600]  去享有這份心靈的貧窮
[00:29:49.600 --> 00:29:52.480]  去知道不是靠他自己
[00:29:52.480 --> 00:29:54.800]  不是靠他擁有什麼
[00:29:54.800 --> 00:29:56.560]  這個發利采人
[00:29:56.560 --> 00:30:00.280]  沒有了這份心靈的貧乏
[00:30:00.280 --> 00:30:04.760]  去以為自己已經很富足
[00:30:04.760 --> 00:30:06.920]  求主幫助我們每一個弟兄姊妹
[00:30:06.920 --> 00:30:09.600]  我們都需要常常醒覺
[00:30:09.600 --> 00:30:12.000]  其實我們是不配的人
[00:30:12.000 --> 00:30:13.680]  虛心的人也好
[00:30:13.680 --> 00:30:15.720]  心靈貧窮的人也好
[00:30:15.720 --> 00:30:17.200]  正正提醒我們
[00:30:17.200 --> 00:30:20.160]  多有這份不配的心
[00:30:20.160 --> 00:30:21.880]  來到神的面前
[00:30:21.880 --> 00:30:25.240]  去醒察我們有很多不足的地方
[00:30:25.240 --> 00:30:26.880]  更加倚靠神
[00:30:26.880 --> 00:30:29.560]  不要好像去到一個地步
[00:30:29.560 --> 00:30:31.160]  以為自己很富足
[00:30:31.160 --> 00:30:33.520]  以為自己很擁有一些東西
[00:30:33.520 --> 00:30:35.280]  我的心靈裏面
[00:30:35.280 --> 00:30:39.440]  可能有一些理想、目標已經完成
[00:30:39.440 --> 00:30:43.880]  心靈裏面擺放了這些東西就已經夠
[00:30:43.880 --> 00:30:48.040]  其實小心我們窮得只剩下這些東西
[00:30:48.040 --> 00:30:51.200]  我不知道對不同的弟兄姊妹來說是什麼
[00:30:51.200 --> 00:30:55.320]  但不要讓這些東西代替了神的位置
[00:30:55.320 --> 00:30:59.880]  不要讓這些東西代替了神的真理
[00:30:59.880 --> 00:31:03.200]  小心窮得只剩下
[00:31:03.200 --> 00:31:08.320]  你以為自己擁有一些很重要的東西
[00:31:08.320 --> 00:31:12.360]  當我們願意成為一個心靈貧窮的人
[00:31:12.360 --> 00:31:14.400]  承認自己心靈貧乏的人
[00:31:14.400 --> 00:31:18.400]  我們可以經歷到神給我們的祝福、應許
[00:31:18.400 --> 00:31:22.520]  「因為天國是他們的」
[00:31:22.520 --> 00:31:24.720]  在「天國是他們的」提醒我們
[00:31:24.720 --> 00:31:27.960]  每一個我們都是天國的子民
[00:31:27.960 --> 00:31:31.960]  我們是屬於主的人
[00:31:31.960 --> 00:31:33.880]  我們今天作為基督徒
[00:31:33.880 --> 00:31:35.920]  我不知道大家是否覺得
[00:31:35.920 --> 00:31:41.720]  在國道裏面成為神的子民
[00:31:41.720 --> 00:31:48.240]  有沒有作神子民的榮譽?
[00:31:48.240 --> 00:31:49.600]  其實當然
[00:31:49.600 --> 00:31:51.920]  另外一個我也提及是不配的
[00:31:51.920 --> 00:31:53.520]  是不配的榮譽
[00:31:53.520 --> 00:31:55.360]  但神願意給我們
[00:31:55.360 --> 00:31:57.160]  另外一個就是我們有沒有經歷
[00:31:57.160 --> 00:32:00.240]  我們是屬於主的呢?
[00:32:00.240 --> 00:32:03.120]  我們與主緊緊的結連
[00:32:03.120 --> 00:32:06.600]  所以我們有一句說話叫「心有所屬」
[00:32:06.600 --> 00:32:10.480]  我不知道今天在你與神的關係裏
[00:32:10.480 --> 00:32:14.280]  你的心所屬是什麼呢?
[00:32:14.280 --> 00:32:16.520]  你的心追求什麼呢?
[00:32:16.520 --> 00:32:21.480]  你的心靈裏是否真的讓主來充滿?
[00:32:21.480 --> 00:32:23.840]  你是否屬於主的人?
[00:32:23.840 --> 00:32:25.600]  今天天國是我們的
[00:32:25.600 --> 00:32:28.560]  亦是一個今生和永恆
[00:32:28.560 --> 00:32:30.240]  亦是一個過程
[00:32:30.240 --> 00:32:36.920]  是一個今生裏怎樣去過渡到永恆
[00:32:36.920 --> 00:32:38.120]  有時我們今天作為基督徒
[00:32:38.120 --> 00:32:41.320]  我不知道大家覺得容易還是艱難
[00:32:41.320 --> 00:32:42.400]  我不知道大家有沒有想過
[00:32:42.400 --> 00:32:43.360]  你作為基督徒的時候
[00:32:43.360 --> 00:32:45.680]  神你告訴我們
[00:32:45.680 --> 00:32:46.760]  天國是你的
[00:32:46.760 --> 00:32:48.400]  我們是天國的子民
[00:32:48.400 --> 00:32:51.360]  其實今天我們應該過得比較好
[00:32:51.360 --> 00:32:54.480]  但有時我們覺得做基督徒其實不容易
[00:32:54.480 --> 00:32:56.040]  甚至有時我們可能會想到
[00:32:56.040 --> 00:32:58.000]  神啊!你不如早點回來
[00:32:58.000 --> 00:33:00.320]  這樣我們就比較容易
[00:33:00.320 --> 00:33:01.480]  但我想提醒大家姐妹
[00:33:01.480 --> 00:33:04.040]  其實我們在神的國裏
[00:33:04.040 --> 00:33:05.600]  在天國裏
[00:33:05.600 --> 00:33:09.800]  我們今天真的已經有天國子民寶貴的身份
[00:33:09.800 --> 00:33:11.360]  所以這是今生的
[00:33:11.360 --> 00:33:13.000]  但去到永恆的意思是什麼呢?
[00:33:13.000 --> 00:33:15.120]  其實是一個過程
[00:33:15.120 --> 00:33:17.000]  今天在八福裏
[00:33:17.000 --> 00:33:18.040]  我想和大家看
[00:33:18.040 --> 00:33:19.280]  福不是一個重點
[00:33:19.280 --> 00:33:21.520]  其實提醒我們作為天國子民
[00:33:21.520 --> 00:33:24.120]  那種生命的質素才是重點
[00:33:24.120 --> 00:33:28.000]  但在領受福氣的過程當中
[00:33:28.000 --> 00:33:30.880]  其實有一個叫做已經得到
[00:33:30.880 --> 00:33:35.440]  和將要得到的一個狀況
[00:33:35.440 --> 00:33:39.760]  這是一個比較神學多一點的說法
[00:33:39.760 --> 00:33:41.800]  但當你看福音書的時候
[00:33:41.800 --> 00:33:44.400]  有時可能你想一些課程都會聽到
[00:33:44.400 --> 00:33:45.680]  這個我們英文叫做
[00:33:45.680 --> 00:33:47.440]  Already but not yet
[00:33:47.440 --> 00:33:49.080]  是一個已經來到
[00:33:49.080 --> 00:33:53.120]  但又是未完全來到的一個狀態
[00:33:53.120 --> 00:33:55.200]  所以今天在八福裏面
[00:33:55.200 --> 00:33:57.720]  其實有一點大家要留意的是什麼呢?
[00:33:57.720 --> 00:34:00.400]  八福裏面第一個福氣是說到
[00:34:00.400 --> 00:34:01.720]  虛心的人有福了
[00:34:01.720 --> 00:34:04.280]  因為天國是他們的
[00:34:04.280 --> 00:34:06.480]  然後最後第八福的時候
[00:34:06.480 --> 00:34:08.920]  大家記不記得是什麼?
[00:34:08.920 --> 00:34:14.120]  是說為義受逼迫的人有福了
[00:34:14.120 --> 00:34:16.120]  然後福是什麼?
[00:34:16.120 --> 00:34:19.400]  因為天國是他們的
[00:34:19.400 --> 00:34:20.280]  是一樣的
[00:34:20.280 --> 00:34:22.600]  和虛心的人有福了的天國是他們的
[00:34:22.600 --> 00:34:24.320]  而這兩個有什麼特別呢?
[00:34:24.320 --> 00:34:28.800]  這兩個「天國是他們的」是一個現在式
[00:34:28.800 --> 00:34:30.120]  是告訴我們
[00:34:30.120 --> 00:34:32.680]  當我成為一個基督徒的時候
[00:34:32.680 --> 00:34:35.880]  我就已經是一個天國的子民
[00:34:35.880 --> 00:34:37.560]  是屬於主的人
[00:34:37.560 --> 00:34:41.880]  但如果大家將來再聽八福裏面的信息的時候
[00:34:41.880 --> 00:34:44.800]  從第二福到第七福裏面說的是
[00:34:44.800 --> 00:34:48.200]  不同的生命的質素
[00:34:48.200 --> 00:34:50.280]  然後他們所得到的福氣
[00:34:50.280 --> 00:34:53.600]  是用了一個叫做將來式的表達
[00:34:53.600 --> 00:34:56.480]  「他們必得安慰,他們必蒙連恤」
[00:34:56.480 --> 00:34:58.440]  那個是一個將來式的
[00:34:58.440 --> 00:35:00.000]  頭尾是一個現在式
[00:35:00.000 --> 00:35:01.960]  中間那幾個是將來式
[00:35:01.960 --> 00:35:03.440]  但將來得來
[00:35:03.440 --> 00:35:04.280]  我又想跟大家說
[00:35:04.280 --> 00:35:06.400]  其實又不是將來才有的
[00:35:06.400 --> 00:35:08.280]  其實是一個過程
[00:35:08.280 --> 00:35:11.160]  這個已經來到我們成為天國的子民
[00:35:11.160 --> 00:35:14.200]  我們會經歷神給我們這些祝福、應許
[00:35:14.200 --> 00:35:17.040]  但這個過程真的完全
[00:35:17.040 --> 00:35:20.120]  這個天國的實現的時候
[00:35:20.120 --> 00:35:23.480]  是要當主耶穌在來的時候
[00:35:23.480 --> 00:35:25.120]  這個才是那個實現
[00:35:25.120 --> 00:35:26.640]  所以在這個過程裏面
[00:35:26.640 --> 00:35:28.560]  我們不一定今天信了耶穌
[00:35:28.560 --> 00:35:30.760]  就馬上要離開這個地上
[00:35:30.760 --> 00:35:34.560]  好像有一點脫離這個苦難就好了
[00:35:34.560 --> 00:35:35.280]  不一定的
[00:35:35.280 --> 00:35:36.840]  但在這個過程裏面
[00:35:36.840 --> 00:35:40.960]  我們可以經歷今生神給我們這個應許祝福
[00:35:40.960 --> 00:35:43.560]  以致到永恆的時候
[00:35:43.560 --> 00:35:45.000]  這個就會實現
[00:35:45.000 --> 00:35:46.960]  我們仍然可以在這個地上
[00:35:46.960 --> 00:35:48.200]  倚靠主
[00:35:48.200 --> 00:35:49.680]  過每日的生活
[00:35:49.680 --> 00:35:53.160]  面對不同的艱難或者容易
[00:35:53.160 --> 00:35:56.360]  這個就是我們作天國子民
[00:35:56.360 --> 00:36:01.080]  其中一個我們要學習的功課
[00:36:01.080 --> 00:36:02.120]  在這個過程當中
[00:36:02.120 --> 00:36:03.200]  另外一個是
[00:36:03.200 --> 00:36:06.080]  我們要常常倒空自己
[00:36:06.080 --> 00:36:09.040]  讓主來潔淨、充滿我們
[00:36:09.040 --> 00:36:13.440]  讓我們的生命重新再做不斷的更生
[00:36:13.440 --> 00:36:16.120]  我們要多點醒察我們自己心靈的貧窮
[00:36:16.120 --> 00:36:20.560]  我們要體會其實我們心有多硬的程度
[00:36:20.560 --> 00:36:23.320]  我們的心有多像一個石頭
[00:36:23.320 --> 00:36:27.320]  我們的心有多少程度的詭詐
[00:36:27.320 --> 00:36:29.280]  多點求神幫助我們去醒覺
[00:36:29.280 --> 00:36:34.720]  我們願意讓神來為我們做不同的開心手術
[00:36:34.720 --> 00:36:38.880]  以致我們能夠有新的心、新的靈
[00:36:38.880 --> 00:36:42.640]  我們進入神和我們一個新的關係裏面
[00:36:42.640 --> 00:36:46.720]  我們可以將我們自己再一次交給神
[00:36:46.720 --> 00:36:49.080]  是一個不斷更生的人
[00:36:49.080 --> 00:36:52.160]  所以這也是我們這段日子
[00:36:52.160 --> 00:36:54.520]  我們會讀以西傑書裏面
[00:36:54.520 --> 00:36:57.880]  很鼓勵弟兄姊妹可以一起去看的時候
[00:36:57.880 --> 00:36:59.080]  去經歷一下
[00:36:59.080 --> 00:37:02.480]  以色列人那種被更生
[00:37:02.480 --> 00:37:04.360]  正正是我們作為基督徒
[00:37:04.360 --> 00:37:07.040]  要在我們屬靈的生命裏面
[00:37:07.040 --> 00:37:09.720]  不斷經歷這一份更生
[00:37:09.720 --> 00:37:12.840]  是神自己來操刀
[00:37:12.840 --> 00:37:16.160]  神在你和我的生命裏面來工作
[00:37:16.160 --> 00:37:17.960]  來施恩
[00:37:17.960 --> 00:37:19.800]  所以以西傑書是三十七章
[00:37:19.800 --> 00:37:22.480]  如果大家有機會之後再看到的時候
[00:37:22.480 --> 00:37:24.200]  都是提醒我們這樣
[00:37:24.200 --> 00:37:25.640]  而且他在這裏提到
[00:37:25.640 --> 00:37:27.400]  我們要成為神的子民
[00:37:27.400 --> 00:37:28.840]  他要做我們的神
[00:37:28.840 --> 00:37:30.880]  他特別提到第二行尾的時候
[00:37:30.880 --> 00:37:34.440]  「我的僕人大衛必作他們的王」
[00:37:34.440 --> 00:37:35.800]  其實在這裏我們都很明白
[00:37:35.800 --> 00:37:38.760]  以西傑的時候已經經歷了大衛的年代
[00:37:38.760 --> 00:37:40.240]  大衛已經過去了
[00:37:40.240 --> 00:37:41.680]  但這裏我們很明白
[00:37:41.680 --> 00:37:44.440]  其實是在說大衛子孫裏面
[00:37:44.440 --> 00:37:46.360]  尼塞亞的英雄
[00:37:46.360 --> 00:37:52.200]  神要在耶穌基督來成就新約新的子民
[00:37:52.200 --> 00:37:54.680]  我們都要在基督裏面得著
[00:37:54.680 --> 00:37:57.000]  經歷這份更生
[00:37:57.000 --> 00:38:00.800]  所以我們要成為神的子民
[00:38:00.800 --> 00:38:04.640]  我們要在基督裏面不斷的更生
[00:38:04.640 --> 00:38:07.040]  有新的心,有新的力
[00:38:07.040 --> 00:38:12.800]  我們跟神的新約怎樣來緊緊的連繫
[00:38:12.800 --> 00:38:17.400]  健康的關注是我們最近這段日子都會想到的
[00:38:17.400 --> 00:38:21.360]  但我仍然很想讓姐妹更多的看到是
[00:38:21.360 --> 00:38:23.240]  全人的健康
[00:38:23.240 --> 00:38:27.920]  不只是我們關心身體精神心理或者人際關係
[00:38:27.920 --> 00:38:32.120]  我們更多是要看看我們心靈的健康
[00:38:32.120 --> 00:38:34.520]  如果有所謂的健康碼
[00:38:34.520 --> 00:38:38.440]  其實我都要鼓勵大家多些去想想
[00:38:38.440 --> 00:38:40.600]  心靈的健康碼
[00:38:40.600 --> 00:38:44.440]  其實我們應該多些去關注
[00:38:44.440 --> 00:38:46.920]  這個心靈健康碼可能就是
[00:38:46.920 --> 00:38:49.680]  用神去問我們的心
[00:38:49.680 --> 00:38:51.000]  可以幫助我們
[00:38:51.000 --> 00:38:54.680]  去看看我們的心靈追求甚麼
[00:38:54.680 --> 00:38:57.080]  這個心靈健康碼可能就是提醒我們
[00:38:57.080 --> 00:38:59.120]  其實我們的心靈
[00:38:59.120 --> 00:39:02.120]  擺甚麼在裏面
[00:39:02.120 --> 00:39:04.920]  舉一個例子,我不知道大家的心靈
[00:39:04.920 --> 00:39:08.760]  是多有神的話語在當中
[00:39:08.760 --> 00:39:11.440]  因為其實有很多不同的資訊
[00:39:11.440 --> 00:39:14.760]  在你的心靈裏面影響到你
[00:39:14.760 --> 00:39:19.120]  以致可能有時你覺得好像你認識很多東西
[00:39:19.120 --> 00:39:23.440]  但結果可能變得窮得只剩下一些資訊
[00:39:23.440 --> 00:39:26.800]  心靈裏面其實應該是多些追求神的話
[00:39:26.800 --> 00:39:28.280]  神的話
[00:39:28.280 --> 00:39:31.920]  如果用英文可以形容一個字叫Holy Book
[00:39:31.920 --> 00:39:33.360]  或者叫Holy Bible
[00:39:33.360 --> 00:39:35.800]  Holy Book可以叫聖書
[00:39:35.800 --> 00:39:38.880]  是以前中文聖經的一個翻譯
[00:39:38.880 --> 00:39:40.200]  但今天可能我們
[00:39:40.200 --> 00:39:44.040]  我不知道大家的心靈追求多些Holy Book
[00:39:44.040 --> 00:39:48.960]  這個聖書還是追求念書Facebook多些
[00:39:48.960 --> 00:39:54.400]  你的心靈是追求來自這些媒體網絡的資訊
[00:39:54.400 --> 00:40:01.000]  多過你的時間花響用響去看神的話
[00:40:01.000 --> 00:40:04.720]  我不知道大家可以嘗試去審查一下
[00:40:04.720 --> 00:40:07.160]  會不會有時去到一個窮得只剩下
[00:40:07.160 --> 00:40:11.400]  你是一些網絡資訊在你的人生裏面
[00:40:11.400 --> 00:40:14.160]  我們的心靈追求什麼?
[00:40:14.160 --> 00:40:15.680]  關注什麼?
[00:40:15.680 --> 00:40:17.960]  我們有沒有真誠依靠主
[00:40:17.960 --> 00:40:19.840]  成為天國的子民?
[00:40:19.840 --> 00:40:22.320]  這個真誠靠主其實是提醒我們
[00:40:22.320 --> 00:40:26.200]  我們有沒有真的信服在神的掌權底下?
[00:40:26.200 --> 00:40:29.560]  有沒有真的跟從神的統治?
[00:40:29.560 --> 00:40:30.880]  天國是屬於神
[00:40:30.880 --> 00:40:35.520]  天國的子民是應該跟從神、順從神
[00:40:35.520 --> 00:40:38.560]  因為我們有時仍然很喜歡自己作主
[00:40:38.560 --> 00:40:40.400]  在生活裏面很多時候都是覺得
[00:40:40.400 --> 00:40:44.120]  我自己都有多少的資訊
[00:40:44.120 --> 00:40:46.320]  我自己都有多少的能力、聰明
[00:40:46.320 --> 00:40:47.720]  我可以作主
[00:40:47.720 --> 00:40:49.320]  其實我們多些要體會
[00:40:49.320 --> 00:40:51.840]  我有沒有真的去信靠主
[00:40:51.840 --> 00:40:54.240]  有沒有真的讓我的生命
[00:40:54.240 --> 00:40:56.360]  來擺在神的手中
[00:40:56.360 --> 00:40:59.680]  又去掌管、又去帶領
[00:40:59.680 --> 00:41:01.320]  當我們成為神的子民時
[00:41:01.320 --> 00:41:05.200]  我更加盼望我們能夠有一個不沛的心
[00:41:05.200 --> 00:41:06.440]  上傳一個不沛的心
[00:41:06.440 --> 00:41:10.120]  是幫助我們有這份淩累的貧窮
[00:41:10.120 --> 00:41:12.960]  知道其實不是我們可以有什麼誇口
[00:41:12.960 --> 00:41:16.240]  不是我已經很滿足、很擁有
[00:41:16.240 --> 00:41:19.640]  我們今天要多有這份不沛的心
[00:41:19.640 --> 00:41:22.160]  謙卑地來到主的面前
[00:41:22.160 --> 00:41:25.440]  我們要承認全是恩典
[00:41:25.440 --> 00:41:29.560]  是神的恩典讓我們來到過每一天
[00:41:29.560 --> 00:41:32.800]  讓我們有新心靈的健康
[00:41:32.800 --> 00:41:36.720]  今天教會希望我們都能夠成為高舉基督
[00:41:36.720 --> 00:41:38.600]  活出照明的基督徒
[00:41:38.600 --> 00:41:41.360]  更加我盼望在我們活出照明的時候
[00:41:41.360 --> 00:41:46.200]  我們都能夠活出千國子民生命的素質
[00:41:46.200 --> 00:41:48.480]  就是神透過祂的話語
[00:41:48.480 --> 00:41:51.400]  耶穌在福音書裡面給我們的教導
[00:41:51.400 --> 00:41:53.440]  讓我們一起繼續去領受
[00:41:53.440 --> 00:41:57.880]  以致我們都能夠活出一個神所喜悅的生命
[00:41:57.880 --> 00:42:01.200]  活出一個天國子民生命的質素
[00:42:01.200 --> 00:42:06.240]  我們一起來同心祈禱
[00:42:06.240 --> 00:42:07.080]  師父我們多謝你
[00:42:07.080 --> 00:42:10.760]  因為當我們領受你自己的教導的時候
[00:42:10.760 --> 00:42:13.400]  我們知道其實我們一無可跨
[00:42:13.400 --> 00:42:14.800]  求主你來幫助
[00:42:14.800 --> 00:42:17.560]  讓我們向你闖開我們的心靈
[00:42:17.560 --> 00:42:21.080]  求你成為我們一個最好的醫生
[00:42:21.080 --> 00:42:24.680]  讓我們心裡面有什麼鬼詐
[00:42:24.680 --> 00:42:27.840]  有什麼額肩心硬的時候
[00:42:27.840 --> 00:42:31.360]  主要是你來幫助除去
[00:42:31.360 --> 00:42:33.640]  動一個大的手術
[00:42:33.640 --> 00:42:37.280]  叫我們的心成為一個肉心
[00:42:37.280 --> 00:42:38.800]  成為一個身心
[00:42:38.800 --> 00:42:41.240]  成為神祢自己所喜悅的心
[00:42:41.240 --> 00:42:42.400]  求你來幫助
[00:42:42.400 --> 00:42:44.960]  以致我們的心可以對準我們的神
[00:42:44.960 --> 00:42:48.520]  我們心靈追求的是神祢自己寶貴的說話
[00:42:48.520 --> 00:42:51.280]  是有主你充滿在我們心裡面
[00:42:51.280 --> 00:42:55.000]  以致我們能夠在我們每天的生活裡面
[00:42:55.000 --> 00:42:57.360]  縱然我們面對不同的處境
[00:42:57.360 --> 00:42:59.360]  或是容易或是艱難
[00:42:59.360 --> 00:43:02.440]  我們就有你和我們一起去經歷
[00:43:02.440 --> 00:43:04.600]  我們就知道怎樣在這個世代
[00:43:04.600 --> 00:43:07.000]  可以繼續活出一個
[00:43:07.000 --> 00:43:08.600]  神祢自己所可喜悅
[00:43:08.600 --> 00:43:10.520]  天國子民的生命
[00:43:10.520 --> 00:43:11.680]  盼望這個生命
[00:43:11.680 --> 00:43:14.120]  能夠成為我們身邊人的祝福
[00:43:14.120 --> 00:43:16.280]  願主將你自己寶貴的話語
[00:43:16.280 --> 00:43:17.600]  你自己的靈繼續
[00:43:17.600 --> 00:43:19.880]  擺在我們每一個弟兄姊妹的心裡面
[00:43:19.880 --> 00:43:22.080]  叫我們的身心靈
[00:43:22.080 --> 00:43:23.960]  得到真正的健康
[00:43:23.960 --> 00:43:25.160]  多謝您聽我們祈禱
[00:43:25.160 --> 00:43:27.000]  奉耶穌基督的名頭
[00:43:27.000 --> 00:43:29.000]  阿波羅網 直播一 直播一
