
[00:00:00.000 --> 00:00:12.000]  新年的一開始,那麼接著我們繼續要開始講啟示錄
[00:00:12.000 --> 00:00:16.000]  我越讀啟示錄,我自己就越興奮
[00:00:16.000 --> 00:00:20.000]  興奮的是因為當你越明白神的心意
[00:00:20.000 --> 00:00:26.000]  你就越覺得看見這個世界上面,這個世界所發生的事情
[00:00:26.000 --> 00:00:29.000]  你就越來越明白神的心意是什麼
[00:00:29.000 --> 00:00:32.000]  你就可以從神的心意來看這個世界的事情
[00:00:32.000 --> 00:00:36.000]  我想新冠狀病毒在全球肆虐
[00:00:36.000 --> 00:00:40.000]  特別是在美國已經是從去年的
[00:00:40.000 --> 00:00:45.000]  可以說是一月就開始了
[00:00:45.000 --> 00:00:48.000]  因為我還記得一月我們去短宣的時候
[00:00:48.000 --> 00:00:51.000]  我們在土耳其的機場裡面就感覺到
[00:00:51.000 --> 00:00:55.000]  整個機場的氣氛不太一樣了
[00:00:55.000 --> 00:00:57.000]  大家都戴起口罩來
[00:00:57.000 --> 00:01:01.000]  特別是對我們這些華人、中國人
[00:01:01.000 --> 00:01:04.000]  看起來像中國人的就非常的緊張
[00:01:04.000 --> 00:01:06.000]  那時候就已經開始了
[00:01:06.000 --> 00:01:10.000]  等到回來美國之後,美國還沒有那麼樣子快
[00:01:10.000 --> 00:01:13.000]  但是不久,馬上就開始居家避疫
[00:01:13.000 --> 00:01:15.000]  我們現在講起這些事情的時候
[00:01:15.000 --> 00:01:17.000]  那已經是將近快一年的事情
[00:01:17.000 --> 00:01:24.000]  你可以想像短短的大概九個月、十個月的時間
[00:01:24.000 --> 00:01:29.000]  新冠狀病毒已經這樣子整個的全球在那個地方瀰漫
[00:01:29.000 --> 00:01:33.000]  帶來一個結果好像這個聲勢越來越雄厚
[00:01:33.000 --> 00:01:35.000]  越來越的越大
[00:01:35.000 --> 00:01:39.000]  特別是美國,特別是我們所在的洛杉磯
[00:01:39.000 --> 00:01:42.000]  那丟著美這麼久的時間
[00:01:42.000 --> 00:01:44.000]  你的心裡面我不知道你如何感覺
[00:01:44.000 --> 00:01:47.000]  我不曉得這個疫情對你帶來的影響是什麼
[00:01:47.000 --> 00:01:49.000]  也許可能在這個疫情的當中
[00:01:49.000 --> 00:01:52.000]  有的人也因此得了這個COVID-19
[00:01:52.000 --> 00:01:55.000]  有的人因此甚至家人可能因此走了
[00:01:55.000 --> 00:01:57.000]  也許你在這個疫情的當中
[00:01:57.000 --> 00:01:59.000]  你喪失了很多的工作的機會
[00:01:59.000 --> 00:02:02.000]  可能你甚至經濟上有很大的損失
[00:02:02.000 --> 00:02:05.000]  這個疫情帶給我們有太大的影響了
[00:02:05.000 --> 00:02:06.000]  但是親愛的兄姊妹
[00:02:06.000 --> 00:02:08.000]  我盼望這些的疫情帶給我們的影響
[00:02:08.000 --> 00:02:13.000]  不只是在這些外在的、短暫的、會過去的這些的影響
[00:02:13.000 --> 00:02:16.000]  我盼望這次的疫情帶給我們的影響是永恆的
[00:02:16.000 --> 00:02:20.000]  是帶給我們更多的眼目來看見這位族
[00:02:20.000 --> 00:02:22.000]  所以我們在上次的訊息裡面
[00:02:22.000 --> 00:02:25.000]  我們講到啟示錄第六章我們講到結束的時候
[00:02:25.000 --> 00:02:28.000]  我們提到說那個羔羊的憤怒
[00:02:28.000 --> 00:02:29.000]  那個憤怒的大日
[00:02:29.000 --> 00:02:31.000]  那個憤怒的大日是指的什麼呢
[00:02:31.000 --> 00:02:35.000]  那個憤怒的大日就是指的那個末後的日子
[00:02:35.000 --> 00:02:40.000]  耶穌基督要再來之前的那一個審判的日子
[00:02:40.000 --> 00:02:42.000]  那丟著美這件事情
[00:02:42.000 --> 00:02:44.000]  不管你是基督徒不是基督徒
[00:02:44.000 --> 00:02:46.000]  你都要面對這件事情
[00:02:46.000 --> 00:02:50.000]  所以呢這件事情是關乎全人類的事情
[00:02:50.000 --> 00:02:53.000]  這件事情是關乎全人類的事情
[00:02:53.000 --> 00:02:55.000]  所以今天如果你聽到這個信息的呢
[00:02:55.000 --> 00:02:57.000]  你還沒有信耶穌的
[00:02:57.000 --> 00:02:59.000]  你不要認為說這個跟你沒有關係
[00:02:59.000 --> 00:03:01.000]  這個跟你太有關係了
[00:03:01.000 --> 00:03:03.000]  那丟著美也許你信了耶穌之後
[00:03:03.000 --> 00:03:05.000]  你仍然會有這樣的一個疑問
[00:03:05.000 --> 00:03:07.000]  就是說在這個第六章
[00:03:07.000 --> 00:03:12.000]  啟示錄第六章十五到十七節
[00:03:12.000 --> 00:03:15.000]  在這個地方他提到什麼呢
[00:03:15.000 --> 00:03:18.000]  我們可以看見我們稍微複習一下
[00:03:18.000 --> 00:03:20.000]  因為我們對這個啟示錄
[00:03:20.000 --> 00:03:22.000]  當你去看的時候
[00:03:22.000 --> 00:03:24.000]  如果你不仔細的研讀
[00:03:24.000 --> 00:03:26.000]  真的是你會看完之後
[00:03:26.000 --> 00:03:35.000]  就是這個叫做就是這個叫做就是一頭霧水
[00:03:35.000 --> 00:03:37.000]  我們來看一看
[00:03:37.000 --> 00:03:39.000]  我們在前面提到說
[00:03:39.000 --> 00:03:42.000]  當這個前面提到這個
[00:03:42.000 --> 00:03:45.000]  還記得我們講的開四印的是不是
[00:03:45.000 --> 00:03:47.000]  那麼講到四匹的馬
[00:03:47.000 --> 00:03:50.000]  白馬紅馬黑馬還有灰馬
[00:03:50.000 --> 00:03:53.000]  這些都是代表這些審判的來臨
[00:03:53.000 --> 00:03:56.000]  那麼在最後的講到第四個
[00:03:56.000 --> 00:03:59.000]  第四個這個災開始的時候
[00:03:59.000 --> 00:04:03.000]  那時候會有這個地上有四分之一的
[00:04:03.000 --> 00:04:05.000]  這個人都要死亡
[00:04:05.000 --> 00:04:08.000]  我那一天跟一個神學院院長
[00:04:08.000 --> 00:04:12.000]  這個在談他邀請我去教課
[00:04:12.000 --> 00:04:14.000]  然後就談起這個最近的COVID-19
[00:04:14.000 --> 00:04:18.000]  他就提到說哇現在加州的這個疫情很嚴重
[00:04:18.000 --> 00:04:20.000]  但是他就也提到說
[00:04:20.000 --> 00:04:24.000]  他說還沒有還沒有到達那個那個那個瘟疫
[00:04:24.000 --> 00:04:26.000]  到達那個四分之一的人
[00:04:26.000 --> 00:04:29.000]  都是全世界四分之一人口都死的那個情況之下
[00:04:29.000 --> 00:04:30.000]  換句話說
[00:04:30.000 --> 00:04:33.000]  聖經在起訴裡面告訴我們這些災難來臨
[00:04:33.000 --> 00:04:36.000]  有一個馬太福音對照馬太福音二十四章
[00:04:36.000 --> 00:04:39.000]  耶穌所講的就是這只是災難的什麼
[00:04:39.000 --> 00:04:40.000]  起頭
[00:04:40.000 --> 00:04:43.000]  所以換句話說就好像婦人生產一樣
[00:04:43.000 --> 00:04:47.000]  那個這個這個生產的之前的那個陣痛
[00:04:47.000 --> 00:04:49.000]  是會越來越頻繁
[00:04:49.000 --> 00:04:51.000]  越來越痛的
[00:04:51.000 --> 00:04:54.000]  所以這個災難的起頭只是一個開始
[00:04:54.000 --> 00:04:58.000]  因此親愛的兄弟妹單單這一次的COVID-19
[00:04:58.000 --> 00:05:01.000]  這一個這個好像看起來這麼大的疫情
[00:05:01.000 --> 00:05:03.000]  其實只是災難的起頭
[00:05:03.000 --> 00:05:04.000]  請你記得
[00:05:04.000 --> 00:05:05.000]  因此這個災難的起頭
[00:05:05.000 --> 00:05:08.000]  那我們就一起來從聖經裡面看見說
[00:05:08.000 --> 00:05:13.000]  我們當如何去面對這個末世的光景
[00:05:13.000 --> 00:05:16.000]  我們看這個圖上面裡面提到說
[00:05:16.000 --> 00:05:19.000]  當這個啟示錄第六章十五到十七節
[00:05:19.000 --> 00:05:21.000]  這個地方講到說
[00:05:21.000 --> 00:05:23.000]  那麼約翰看見
[00:05:23.000 --> 00:05:28.000]  看見了這個這個發生的這一個很很大的一個災難
[00:05:28.000 --> 00:05:32.000]  這時候這時候這個災難厲害到一個什麼地步
[00:05:32.000 --> 00:05:34.000]  他說他說會發生什麼事情
[00:05:34.000 --> 00:05:38.000]  他說會發生這一個大天地大震動
[00:05:38.000 --> 00:05:40.000]  日同變黑
[00:05:40.000 --> 00:05:43.000]  這是第六印展開的時候
[00:05:43.000 --> 00:05:48.000]  這個情況我們把它形容就是天崩地裂
[00:05:48.000 --> 00:05:50.000]  天崩地裂
[00:05:50.000 --> 00:05:52.000]  第六印展開的時候
[00:05:52.000 --> 00:05:56.000]  這個全世界要面臨一個極大的災難
[00:05:56.000 --> 00:05:57.000]  大到一個地步
[00:05:57.000 --> 00:05:59.000]  這個地方他就說
[00:05:59.000 --> 00:06:01.000]  他說天都挪移了
[00:06:01.000 --> 00:06:03.000]  好像是書卷被捲起來
[00:06:03.000 --> 00:06:06.000]  山裡海島都被挪移離開本位
[00:06:06.000 --> 00:06:08.000]  那麼甚至地上所有一切的人
[00:06:08.000 --> 00:06:11.000]  不管是君王父戶或者君或者是臣宰
[00:06:11.000 --> 00:06:14.000]  或者是一些販夫手足圍爐的自主的
[00:06:14.000 --> 00:06:18.000]  所有人都在組都在這個發出一個呼聲說
[00:06:18.000 --> 00:06:22.000]  這個山啊你來擋住我吧
[00:06:22.000 --> 00:06:24.000]  你來藏住我吧
[00:06:24.000 --> 00:06:26.000]  那個意思就是說
[00:06:26.000 --> 00:06:28.000]  山都被震動了
[00:06:28.000 --> 00:06:30.000]  海都被震震震動了
[00:06:30.000 --> 00:06:34.000]  山跟海山裡這些高山低谷
[00:06:34.000 --> 00:06:36.000]  怎麼能夠去遮蓋你呢
[00:06:36.000 --> 00:06:37.000]  不能嘛
[00:06:37.000 --> 00:06:38.000]  所以表示一件事情
[00:06:38.000 --> 00:06:41.000]  沒有人可以逃脫這樣子的一個憤怒
[00:06:41.000 --> 00:06:46.000]  羔羊的憤怒
[00:06:46.000 --> 00:06:49.000]  我覺得當我們面臨到新冠狀這個病毒的時候呢
[00:06:49.000 --> 00:06:51.000]  現在可能很多的人心裡面
[00:06:51.000 --> 00:06:54.000]  大概也有類似這種感覺
[00:06:54.000 --> 00:06:57.000]  特別我們住在加州洛杉磯的人
[00:06:57.000 --> 00:07:03.000]  我怎麼樣子能夠躲避這個災難呢
[00:07:03.000 --> 00:07:05.000]  我記得才幾個月前
[00:07:05.000 --> 00:07:07.000]  當我們談起的時候
[00:07:07.000 --> 00:07:08.000]  還有第一公子沒跟我講
[00:07:08.000 --> 00:07:11.000]  他說這個會是真的嗎
[00:07:11.000 --> 00:07:14.000]  美國的疫情有這麼嚴重嗎
[00:07:14.000 --> 00:07:16.000]  我都覺得你問問看
[00:07:16.000 --> 00:07:17.000]  你旁邊的人
[00:07:17.000 --> 00:07:18.000]  他就是問我說
[00:07:18.000 --> 00:07:21.000]  他說你看我們旁邊的人有沒有人得啊
[00:07:21.000 --> 00:07:23.000]  好像我們也沒有聽到有什麼人
[00:07:23.000 --> 00:07:27.000]  有啦有可能有一個兩個比較少啦
[00:07:27.000 --> 00:07:29.000]  而且都是跟我們比較遠的
[00:07:29.000 --> 00:07:30.000]  是不是
[00:07:30.000 --> 00:07:31.000]  原有在爾羅
[00:07:31.000 --> 00:07:33.000]  那現在再問的時候
[00:07:33.000 --> 00:07:36.000]  你會發現不是只有在很遠邊的
[00:07:36.000 --> 00:07:39.000]  是這個某某人的家庭裡面
[00:07:39.000 --> 00:07:40.000]  誰誰誰
[00:07:40.000 --> 00:07:42.000]  甚至我們自己的教會的人
[00:07:42.000 --> 00:07:43.000]  瞳孔等等
[00:07:43.000 --> 00:07:45.000]  我們就看見好像感覺
[00:07:45.000 --> 00:07:48.000]  有點感覺那個疫情好像有點
[00:07:48.000 --> 00:07:51.000]  就開始已經迫近我們那種感覺
[00:07:51.000 --> 00:07:55.000]  有沒有
[00:07:55.000 --> 00:07:57.000]  但是庸子妹
[00:07:57.000 --> 00:07:58.000]  在這種情況之下
[00:07:58.000 --> 00:07:59.000]  神的兒女們
[00:07:59.000 --> 00:08:02.000]  我們該怎麼辦
[00:08:02.000 --> 00:08:03.000]  在這種情況之下
[00:08:03.000 --> 00:08:05.000]  我們我們才該怎麼辦
[00:08:05.000 --> 00:08:08.000]  其實在這個地方講到天崩地裂的時候
[00:08:08.000 --> 00:08:10.000]  事實上不是現在的情形
[00:08:10.000 --> 00:08:14.000]  這個情況講的是那個大災難開始的時候
[00:08:14.000 --> 00:08:15.000]  那個東西
[00:08:15.000 --> 00:08:16.000]  可能我們
[00:08:16.000 --> 00:08:17.000]  我不曉得
[00:08:17.000 --> 00:08:18.000]  也許在我們今天這個世代
[00:08:18.000 --> 00:08:19.000]  我們就可以經驗
[00:08:19.000 --> 00:08:23.000]  我真是禱告求主保守我們
[00:08:23.000 --> 00:08:25.000]  今年的信息很重要
[00:08:25.000 --> 00:08:28.000]  庸子妹你看見天崩地裂
[00:08:28.000 --> 00:08:30.000]  啟示律提到這個幕後的災難的時候
[00:08:30.000 --> 00:08:34.000]  那個天崩地裂到後面七號七晚的那個審判更厲害
[00:08:34.000 --> 00:08:36.000]  還沒有還沒講到那邊
[00:08:36.000 --> 00:08:37.000]  在這個地方
[00:08:37.000 --> 00:08:40.000]  誰能站得住呢
[00:08:40.000 --> 00:08:47.000]  啟示律第六章十五十七節就最後用這一句問話
[00:08:47.000 --> 00:08:51.000]  結果第七章的一開始
[00:08:51.000 --> 00:08:55.000]  約翰看到了一線生機
[00:08:55.000 --> 00:08:58.000]  他看到什麼
[00:08:58.000 --> 00:09:00.000]  他看到他說
[00:09:00.000 --> 00:09:04.000]  此後我看見四位天使站在地的四角
[00:09:04.000 --> 00:09:07.000]  執掌地上四方的風
[00:09:07.000 --> 00:09:13.000]  叫風不吹在地上海上和樹上
[00:09:13.000 --> 00:09:14.000]  好這個地方
[00:09:14.000 --> 00:09:16.000]  這個地方請注意
[00:09:16.000 --> 00:09:17.000]  他說約翰
[00:09:17.000 --> 00:09:22.000]  他說我看見四個天使站在地的四角
[00:09:22.000 --> 00:09:25.000]  這個地方不是在告訴你天象學
[00:09:25.000 --> 00:09:29.000]  這個地球學地球是圓的地球是方的
[00:09:29.000 --> 00:09:32.000]  這個地方四角是在形容什麼
[00:09:32.000 --> 00:09:36.000]  四角在形容地球的各個角落
[00:09:36.000 --> 00:09:37.000]  各個角落
[00:09:37.000 --> 00:09:41.000]  所以他的意思就是指的是整個全世界
[00:09:41.000 --> 00:09:44.000]  我們中文講一句話講說四面怎麼樣
[00:09:44.000 --> 00:09:46.000]  八方對不對四面八方
[00:09:46.000 --> 00:09:47.000]  那個意思是什麼
[00:09:47.000 --> 00:09:50.000]  就是全世界就是全部了全地了
[00:09:50.000 --> 00:09:54.000]  所以在這裡講地上的四角
[00:09:54.000 --> 00:09:58.000]  這個四個天使站在地的四角在做什麼呢
[00:09:58.000 --> 00:10:04.000]  他們在執掌地上四方的風
[00:10:04.000 --> 00:10:10.000]  風在就約的時候
[00:10:10.000 --> 00:10:12.000]  它是代表什麼呢
[00:10:12.000 --> 00:10:17.000]  風在就約的時候通常是在形容神的正路
[00:10:17.000 --> 00:10:22.000]  還有神施行審判的這種代表或者是說工具
[00:10:22.000 --> 00:10:27.000]  所以譬如說剛才這個經文我不一一念了
[00:10:27.000 --> 00:10:30.000]  如果你回去查考在獵王記上
[00:10:30.000 --> 00:10:32.000]  還有這個詩篇耶利米蘇
[00:10:32.000 --> 00:10:34.000]  在這個地方經文裡面
[00:10:34.000 --> 00:10:37.000]  他就提到好像提到這個風來的時候
[00:10:37.000 --> 00:10:40.000]  他提到是一種審判
[00:10:40.000 --> 00:10:42.000]  那麼他提到也形容說
[00:10:42.000 --> 00:10:46.000]  當這個敵人來攻擊的時候如風一樣
[00:10:46.000 --> 00:10:47.000]  所以那代表戰爭
[00:10:47.000 --> 00:10:50.000]  所以你可以看見不管是他戰爭也好
[00:10:50.000 --> 00:10:52.000]  或者是代表這個災難也好
[00:10:52.000 --> 00:10:55.000]  這個代表是一個全世界性的災難
[00:10:55.000 --> 00:11:00.000]  或者是全球性的一個戰爭
[00:11:00.000 --> 00:11:02.000]  那麼四位天使執掌
[00:11:02.000 --> 00:11:04.000]  執掌就是管理的意思
[00:11:04.000 --> 00:11:06.000]  執掌四方的風是什麼意思呢
[00:11:06.000 --> 00:11:12.000]  就是這四位天使他來掌管神要毀滅世界的災難
[00:11:12.000 --> 00:11:15.000]  或者是這一個審判
[00:11:15.000 --> 00:11:21.000]  這四位天使他們在那邊執掌他們在管理
[00:11:21.000 --> 00:11:26.000]  然後他就看見這四位天使
[00:11:26.000 --> 00:11:32.000]  這四位掌管全球性災難的這四位天使
[00:11:32.000 --> 00:11:38.000]  他叫風不吹在地上海上和樹上
[00:11:38.000 --> 00:11:42.000]  換句話說就是他止住
[00:11:42.000 --> 00:11:46.000]  他讓這個災難不臨到
[00:11:46.000 --> 00:11:48.000]  親愛的同事們我們看見一件事情
[00:11:48.000 --> 00:11:50.000]  這一節生機讓我們看見一件事情
[00:11:50.000 --> 00:11:52.000]  當天崩地裂的時候
[00:11:52.000 --> 00:11:56.000]  仍然有一線的生機
[00:11:56.000 --> 00:12:00.000]  我們從歷史上面我們可以看見這件事情
[00:12:00.000 --> 00:12:02.000]  我們從歷史上面我們可以看見
[00:12:02.000 --> 00:12:04.000]  首先我們看見
[00:12:04.000 --> 00:12:08.000]  從亞當夏娃犯罪開始
[00:12:08.000 --> 00:12:10.000]  丁慧珍我們都很清楚知道亞當夏娃犯罪
[00:12:10.000 --> 00:12:13.000]  亞當夏娃犯罪是因為不聽上帝的話對不對
[00:12:13.000 --> 00:12:16.000]  上帝告訴他我這不可以吃他們就吃了
[00:12:16.000 --> 00:12:17.000]  所以他犯罪
[00:12:17.000 --> 00:12:19.000]  那麼當亞當夏娃犯罪之後
[00:12:19.000 --> 00:12:21.000]  丁慧珍請告訴我一件事情
[00:12:21.000 --> 00:12:27.000]  亞當夏娃犯罪之後
[00:12:27.000 --> 00:12:31.000]  上帝跟夏娃講了一句什麼話
[00:12:31.000 --> 00:12:36.000]  亞當被做主對不對
[00:12:36.000 --> 00:12:40.000]  上帝跟亞當說你要汗流滿面怎麼樣
[00:12:40.000 --> 00:12:42.000]  才得糊口
[00:12:42.000 --> 00:12:44.000]  那夏娃呢
[00:12:44.000 --> 00:12:46.000]  上帝跟夏娃說什麼
[00:12:46.000 --> 00:12:50.000]  他說你要受生產之苦是不是
[00:12:50.000 --> 00:12:53.000]  好那丁慧珍妹
[00:12:53.000 --> 00:12:56.000]  可是在那個時候在創世紀裡面
[00:12:56.000 --> 00:12:59.000]  第三章十五節提到什麼
[00:12:59.000 --> 00:13:02.000]  女人的後裔要傷他的頭
[00:13:02.000 --> 00:13:05.000]  就是指什麼指魔鬼的頭
[00:13:05.000 --> 00:13:07.000]  那個女人的後裔指誰呢
[00:13:07.000 --> 00:13:11.000]  那個女人的後裔就是指的什麼
[00:13:11.000 --> 00:13:13.000]  耶穌基督看到沒有
[00:13:13.000 --> 00:13:19.000]  所以我們看見在這個伊甸園的這個罪惡
[00:13:19.000 --> 00:13:22.000]  在伊甸園的這一個審判的裡面
[00:13:22.000 --> 00:13:25.000]  上帝留下了一線生機
[00:13:25.000 --> 00:13:27.000]  就是女人的後裔
[00:13:27.000 --> 00:13:30.000]  那麼接著我們看這個
[00:13:30.000 --> 00:13:33.000]  創世紀第七章第一節裡面講到
[00:13:33.000 --> 00:13:35.000]  這個洪水滅世對不對
[00:13:35.000 --> 00:13:40.000]  那個當時候犯罪人的那個罪惡
[00:13:40.000 --> 00:13:42.000]  升達天庭
[00:13:42.000 --> 00:13:44.000]  罪惡到了一個地步
[00:13:44.000 --> 00:13:46.000]  真是罪惡滿盈
[00:13:46.000 --> 00:13:49.000]  我們中國人講說罪惡滿盈
[00:13:49.000 --> 00:13:51.000]  上達天庭
[00:13:51.000 --> 00:13:52.000]  所以這個洪水
[00:13:52.000 --> 00:13:56.000]  神就派洪水要來滅世對不對
[00:13:56.000 --> 00:14:00.000]  要來毀滅了當時候的這個世界
[00:14:00.000 --> 00:14:01.000]  那丟著唄
[00:14:01.000 --> 00:14:05.000]  那整個世界的所有一切通通被毀滅了
[00:14:05.000 --> 00:14:07.000]  只有誰沒有被毀滅
[00:14:07.000 --> 00:14:10.000]  羅亞一家對不對
[00:14:10.000 --> 00:14:12.000]  羅亞一家
[00:14:12.000 --> 00:14:13.000]  親愛的同志們
[00:14:13.000 --> 00:14:17.000]  方舟在這個神毀滅世界的當中
[00:14:17.000 --> 00:14:19.000]  神留下了一線生機
[00:14:19.000 --> 00:14:21.000]  就是藉著方舟
[00:14:21.000 --> 00:14:23.000]  藉著這個方舟
[00:14:23.000 --> 00:14:26.000]  使得羅亞一家八口都得救了
[00:14:26.000 --> 00:14:29.000]  這一個例子告訴我們一件事情
[00:14:29.000 --> 00:14:30.000]  親愛的同志們
[00:14:30.000 --> 00:14:34.000]  神的救恩是給誰的
[00:14:34.000 --> 00:14:36.000]  給那相信的人
[00:14:36.000 --> 00:14:38.000]  羅亞為什麼能夠進方舟
[00:14:38.000 --> 00:14:39.000]  上帝告訴羅亞
[00:14:39.000 --> 00:14:41.000]  你要去找方舟
[00:14:41.000 --> 00:14:42.000]  就像今天同志們
[00:14:42.000 --> 00:14:43.000]  很簡單一件事情
[00:14:43.000 --> 00:14:46.000]  現在大太陽的
[00:14:46.000 --> 00:14:48.000]  然後今天上帝跟你說
[00:14:48.000 --> 00:14:51.000]  你要去買雨傘
[00:14:51.000 --> 00:14:53.000]  因為呢
[00:14:53.000 --> 00:14:54.000]  為什麼
[00:14:54.000 --> 00:14:56.000]  你要準備下雨了
[00:14:56.000 --> 00:14:57.000]  明明大太陽
[00:14:57.000 --> 00:14:58.000]  我今天早上出來的時候
[00:14:58.000 --> 00:15:00.000]  還跟師母禱告感謝詹美祖
[00:15:00.000 --> 00:15:02.000]  這個大太陽
[00:15:02.000 --> 00:15:04.000]  這個復活得生的早晨
[00:15:04.000 --> 00:15:05.000]  感謝詹美祖
[00:15:05.000 --> 00:15:06.000]  你就是陽
[00:15:06.000 --> 00:15:07.000]  你的光就是世界的光
[00:15:07.000 --> 00:15:08.000]  我還這樣禱告
[00:15:08.000 --> 00:15:09.000]  那結果呢
[00:15:09.000 --> 00:15:11.000]  假設說剛才
[00:15:11.000 --> 00:15:12.000]  主跟你說
[00:15:12.000 --> 00:15:13.000]  去買太陽
[00:15:13.000 --> 00:15:15.000]  買這個雨傘
[00:15:15.000 --> 00:15:17.000]  你會不會去買
[00:15:17.000 --> 00:15:19.000]  你會不會去買
[00:15:19.000 --> 00:15:21.000]  你說
[00:15:21.000 --> 00:15:24.000]  這是不是主跟我說的
[00:15:24.000 --> 00:15:26.000]  還是我自己亂想
[00:15:26.000 --> 00:15:27.000]  是嗎
[00:15:27.000 --> 00:15:28.000]  親愛的同志們
[00:15:28.000 --> 00:15:29.000]  很多時候我們會不會
[00:15:29.000 --> 00:15:30.000]  也是這樣子一種態度
[00:15:30.000 --> 00:15:31.000]  讀聖經的時候
[00:15:31.000 --> 00:15:32.000]  我們讀了神的話
[00:15:32.000 --> 00:15:34.000]  我們覺得這是主跟我說嗎
[00:15:34.000 --> 00:15:37.000]  還是我今天剛好讀到
[00:15:37.000 --> 00:15:39.000]  親愛的同志們
[00:15:39.000 --> 00:15:41.000]  你要有一個信
[00:15:41.000 --> 00:15:43.000]  你對神的話要有信心
[00:15:43.000 --> 00:15:45.000]  是不是
[00:15:45.000 --> 00:15:48.000]  所以當這個羅亞
[00:15:48.000 --> 00:15:49.000]  那個時候
[00:15:49.000 --> 00:15:52.000]  神跟他說要去造方舟的時候
[00:15:52.000 --> 00:15:53.000]  他沒有辦法
[00:15:53.000 --> 00:15:54.000]  他不可能知道
[00:15:54.000 --> 00:15:56.000]  他也沒有辦法想像
[00:15:56.000 --> 00:15:58.000]  那個洪水
[00:15:58.000 --> 00:16:00.000]  四十天不停地下
[00:16:00.000 --> 00:16:01.000]  大到一個地步
[00:16:01.000 --> 00:16:02.000]  到今天
[00:16:02.000 --> 00:16:03.000]  我想我們還沒有經歷過
[00:16:03.000 --> 00:16:04.000]  這種洪水吧
[00:16:04.000 --> 00:16:05.000]  我看我們
[00:16:05.000 --> 00:16:06.000]  我們在這裡活著的人
[00:16:06.000 --> 00:16:08.000]  都還沒經歷過這種洪水
[00:16:08.000 --> 00:16:09.000]  這種洪水是一個
[00:16:09.000 --> 00:16:10.000]  全普世性的
[00:16:10.000 --> 00:16:12.000]  我們沒有辦法想像的
[00:16:12.000 --> 00:16:14.000]  上帝曾經做過這樣的事情
[00:16:14.000 --> 00:16:16.000]  讓洪水淹沒了整個世界
[00:16:16.000 --> 00:16:17.000]  親愛的同志們
[00:16:17.000 --> 00:16:18.000]  羅亞一家因為相信
[00:16:18.000 --> 00:16:20.000]  羅亞因為相信
[00:16:20.000 --> 00:16:21.000]  他就進入這個方舟了
[00:16:21.000 --> 00:16:22.000]  那麼請問
[00:16:22.000 --> 00:16:23.000]  這個羅亞進方舟
[00:16:23.000 --> 00:16:25.000]  是一個人進去呢
[00:16:25.000 --> 00:16:28.000]  還是他一家進去
[00:16:28.000 --> 00:16:29.000]  一家進去
[00:16:29.000 --> 00:16:30.000]  同志們
[00:16:30.000 --> 00:16:31.000]  所以這是一個
[00:16:31.000 --> 00:16:33.000]  聖經告訴我們很重要的一件事情
[00:16:33.000 --> 00:16:35.000]  你不要只是一個人信耶穌
[00:16:35.000 --> 00:16:36.000]  你信了耶穌
[00:16:36.000 --> 00:16:37.000]  你要相信一件事情
[00:16:37.000 --> 00:16:39.000]  上帝要藉著你
[00:16:39.000 --> 00:16:41.000]  帶領你的全家都進方舟
[00:16:41.000 --> 00:16:43.000]  所以你全家還沒有信耶穌的
[00:16:43.000 --> 00:16:45.000]  你是那一個很關鍵的人
[00:16:45.000 --> 00:16:46.000]  你不要說等著牧師來
[00:16:46.000 --> 00:16:47.000]  等著誰來
[00:16:47.000 --> 00:16:49.000]  就是你
[00:16:49.000 --> 00:16:51.000]  因為你是那謀恩的那一個人
[00:16:51.000 --> 00:16:52.000]  你要有信心相信說
[00:16:52.000 --> 00:16:54.000]  你要在主的面前宣教說
[00:16:54.000 --> 00:16:57.000]  這個我們全家當信主耶穌
[00:16:57.000 --> 00:16:59.000]  你和你一家都必得救
[00:16:59.000 --> 00:17:02.000]  Amen
[00:17:02.000 --> 00:17:05.000]  那麼第二個
[00:17:05.000 --> 00:17:06.000]  好
[00:17:06.000 --> 00:17:09.000]  接著我們看
[00:17:09.000 --> 00:17:11.000]  初蓋基經裡面也提到
[00:17:11.000 --> 00:17:12.000]  提到什麼
[00:17:12.000 --> 00:17:15.000]  提到這個育月節的事情
[00:17:15.000 --> 00:17:18.000]  育月節是怎麼來的
[00:17:18.000 --> 00:17:19.000]  育月節就是
[00:17:19.000 --> 00:17:23.000]  摩西要把以色列人帶出埃及的時候
[00:17:23.000 --> 00:17:24.000]  還記得嗎
[00:17:24.000 --> 00:17:25.000]  行了十齋對不對
[00:17:25.000 --> 00:17:28.000]  其中最關鍵最厲害的就是什麼呢
[00:17:28.000 --> 00:17:32.000]  就是他要殺埃及人的長子
[00:17:32.000 --> 00:17:34.000]  那麼上帝就跟以色列人講說
[00:17:34.000 --> 00:17:36.000]  你們只有在
[00:17:36.000 --> 00:17:38.000]  你們要殺羊羔
[00:17:38.000 --> 00:17:42.000]  然後用羊羔的血塗門楣
[00:17:42.000 --> 00:17:45.000]  那麼我要派秘密的天使
[00:17:45.000 --> 00:17:47.000]  如果天使看到這個門楣上面有血
[00:17:47.000 --> 00:17:51.000]  就知道這個是以色列人
[00:17:51.000 --> 00:17:54.000]  他就不會要去滅他們
[00:17:54.000 --> 00:17:56.000]  但是沒有這個門楣的
[00:17:56.000 --> 00:17:58.000]  沒有這個血在門楣上面
[00:17:58.000 --> 00:18:01.000]  他就要進去把他們的長子滅掉
[00:18:01.000 --> 00:18:05.000]  這就是這個育月節的來源
[00:18:05.000 --> 00:18:08.000]  那丟子妹這預表什麼
[00:18:08.000 --> 00:18:10.000]  這表示一件事情就是說
[00:18:10.000 --> 00:18:15.000]  雖然這個審判是臨到全埃及當時候
[00:18:15.000 --> 00:18:21.000]  但是誰可以躲避這個審判呢
[00:18:21.000 --> 00:18:23.000]  那個有育月節的羊羔
[00:18:23.000 --> 00:18:27.000]  那個血遮蓋在門楣上面的
[00:18:27.000 --> 00:18:29.000]  這就是救恩的預表
[00:18:29.000 --> 00:18:30.000]  是不是
[00:18:30.000 --> 00:18:31.000]  親愛的丟子妹
[00:18:31.000 --> 00:18:33.000]  所以你可以看見
[00:18:33.000 --> 00:18:35.000]  即使是神的審判
[00:18:35.000 --> 00:18:38.000]  即使是一個全球性的災難
[00:18:38.000 --> 00:18:42.000]  但是神仍然會給我們一線的生機
[00:18:42.000 --> 00:18:43.000]  那麼最後我們看
[00:18:43.000 --> 00:18:45.000]  到了新約就更清楚了
[00:18:45.000 --> 00:18:47.000]  親愛的丟子妹
[00:18:47.000 --> 00:18:50.000]  世人都犯了罪
[00:18:50.000 --> 00:18:51.000]  是不是
[00:18:51.000 --> 00:18:54.000]  虧缺了神的榮耀
[00:18:54.000 --> 00:18:57.000]  罪的公將乃是死
[00:18:57.000 --> 00:19:00.000]  死後且有審判
[00:19:00.000 --> 00:19:01.000]  親愛的丟子妹
[00:19:01.000 --> 00:19:03.000]  世人都犯了罪
[00:19:03.000 --> 00:19:05.000]  換句話說這是一個全世界的事情
[00:19:05.000 --> 00:19:07.000]  所有的人都要面臨死亡
[00:19:07.000 --> 00:19:09.000]  都要面臨審判對不對
[00:19:09.000 --> 00:19:12.000]  可是誰可以不被審判
[00:19:12.000 --> 00:19:17.000]  不面臨最後永遠的死呢
[00:19:17.000 --> 00:19:19.000]  誰可以得到救贖呢
[00:19:19.000 --> 00:19:21.000]  誰可以得到拯救呢
[00:19:21.000 --> 00:19:25.000]  免於神憤怒的審判呢
[00:19:25.000 --> 00:19:32.000]  就是那些相信耶穌的人
[00:19:32.000 --> 00:19:35.000]  我前天還是昨天
[00:19:35.000 --> 00:19:39.000]  我看到這個報紙上面
[00:19:39.000 --> 00:19:41.000]  登出來一個消息
[00:19:41.000 --> 00:19:45.000]  我心裡面也是滿感傷的
[00:19:45.000 --> 00:19:49.000]  應該講感慨
[00:19:49.000 --> 00:19:51.000]  我不認識這個人
[00:19:51.000 --> 00:19:57.000]  我只是簡單的看一下大標題
[00:19:57.000 --> 00:20:01.000]  看到這個我就進去看了一下
[00:20:01.000 --> 00:20:03.000]  看了之後就覺得
[00:20:03.000 --> 00:20:08.000]  這個故事也是滿感慨的
[00:20:08.000 --> 00:20:11.000]  這是一個紐約的中醫師
[00:20:11.000 --> 00:20:14.000]  從中國大陸好像是山西吧
[00:20:14.000 --> 00:20:16.000]  山西省人
[00:20:16.000 --> 00:20:19.000]  他來到美國
[00:20:19.000 --> 00:20:21.000]  他也拿到好像是
[00:20:21.000 --> 00:20:29.000]  中西醫的結合的博士學位
[00:20:29.000 --> 00:20:33.000]  所以他在紐約做行醫
[00:20:33.000 --> 00:20:36.000]  據報紙上面說
[00:20:36.000 --> 00:20:40.000]  他是也是很熱心助人的
[00:20:40.000 --> 00:20:45.000]  所以來找他去求醫的
[00:20:45.000 --> 00:20:48.000]  當中有一些如果是經濟不好的
[00:20:48.000 --> 00:20:50.000]  他有時候就不收他們的費
[00:20:50.000 --> 00:20:54.000]  或者有的就只是收他相爭的一點費用
[00:20:54.000 --> 00:21:00.000]  所以也是一個很熱心去幫助別人的
[00:21:00.000 --> 00:21:07.000]  但是就在這個疫情期間
[00:21:07.000 --> 00:21:11.000]  他後來發現他自己心臟有問題
[00:21:11.000 --> 00:21:13.000]  你知道疫情的情況
[00:21:13.000 --> 00:21:17.000]  紐約又是特別是在疫情最關鍵的時候
[00:21:17.000 --> 00:21:21.000]  所以他在這個疫情很嚴重的時候
[00:21:21.000 --> 00:21:23.000]  他連醫生都沒有辦法去看
[00:21:23.000 --> 00:21:28.000]  因為醫生都要透過遠距來看
[00:21:28.000 --> 00:21:30.000]  可是這種心臟病這種東西
[00:21:30.000 --> 00:21:33.000]  你怎麼樣子能夠用遠距去看呢
[00:21:33.000 --> 00:21:36.000]  所以在這種情況之下
[00:21:36.000 --> 00:21:39.000]  後來醫生就只能叫他該注意什麼
[00:21:39.000 --> 00:21:42.000]  但是最後沒有辦法
[00:21:42.000 --> 00:21:46.000]  他後來心臟病很嚴重的發作了之後
[00:21:46.000 --> 00:21:49.000]  結果因為沒有辦法去醫院
[00:21:49.000 --> 00:22:01.000]  他就走了 45歲
[00:22:01.000 --> 00:22:04.000]  這是他的太太
[00:22:04.000 --> 00:22:05.000]  戴帽子的是他太太
[00:22:05.000 --> 00:22:15.000]  另外兩個孩子都在小學這個年紀
[00:22:15.000 --> 00:22:19.000]  看了這個故事我就有很深的一個感想
[00:22:19.000 --> 00:22:22.000]  全世界在這一次疫情當中
[00:22:22.000 --> 00:22:27.000]  已經有超過200萬人走了
[00:22:27.000 --> 00:22:32.000]  這些200萬人多數可能是因為COVID-19
[00:22:32.000 --> 00:22:35.000]  因為據統計他們是得到COVID-19
[00:22:35.000 --> 00:22:38.000]  但是你想想看在這個世界
[00:22:38.000 --> 00:22:40.000]  除了這200萬人
[00:22:40.000 --> 00:22:43.000]  有多少人在這個疫情期間像他一樣
[00:22:43.000 --> 00:22:45.000]  因為疫情關係沒有辦法去就診
[00:22:45.000 --> 00:22:47.000]  或者因為疫情的關係
[00:22:47.000 --> 00:22:51.000]  以至於說他的病嚴重就走了
[00:22:51.000 --> 00:22:54.000]  有多少的人在這種情況之下離開這個世界
[00:22:54.000 --> 00:22:57.000]  每一天有多少人因此就離開這個世界
[00:22:57.000 --> 00:22:59.000]  特別是得到COVID-19的人
[00:22:59.000 --> 00:23:01.000]  我覺得更是讓我們想到一個
[00:23:01.000 --> 00:23:04.000]  很讓人心酸的事情就是
[00:23:04.000 --> 00:23:06.000]  很多的人當他得到這個東西的時候
[00:23:06.000 --> 00:23:08.000]  他進入加護病房
[00:23:08.000 --> 00:23:11.000]  他再也沒有辦法去接觸到自己的家人
[00:23:11.000 --> 00:23:14.000]  家人再也沒有辦法去看到他
[00:23:14.000 --> 00:23:18.000]  連最後的一句話可能都沒有辦法說
[00:23:18.000 --> 00:23:21.000]  連最後的一個擁抱都沒有辦法
[00:23:21.000 --> 00:23:23.000]  親愛的弟兄姊妹
[00:23:23.000 --> 00:23:25.000]  也許這個事情沒有發生在你的身上
[00:23:25.000 --> 00:23:27.000]  你不會有這麼深的感覺
[00:23:27.000 --> 00:23:30.000]  也許今天你看了這個報紙的新聞的時候
[00:23:30.000 --> 00:23:32.000]  你也許看看也就過去了
[00:23:32.000 --> 00:23:34.000]  但是今天我盼望
[00:23:34.000 --> 00:23:37.000]  讓我們真是用神的眼光來看
[00:23:37.000 --> 00:23:40.000]  今天有多少的人在這樣子的情況當中
[00:23:40.000 --> 00:23:42.000]  他好像被判了死刑
[00:23:42.000 --> 00:23:45.000]  他好像是在一個重重的一個災難的中間
[00:23:45.000 --> 00:23:47.000]  好像沒有生機
[00:23:47.000 --> 00:23:51.000]  你要讓他看見耶穌基督是他的生機
[00:23:51.000 --> 00:23:57.000]  耶穌基督能夠成為他的拯救
[00:23:57.000 --> 00:24:02.000]  因此讓我們真是禱告
[00:24:02.000 --> 00:24:06.000]  求神用他自己奇妙的辦法
[00:24:06.000 --> 00:24:08.000]  我就一直記得我曾經看過一個
[00:24:08.000 --> 00:24:10.000]  我也跟大家分享過
[00:24:10.000 --> 00:24:13.000]  一個不知道是在哪一個國家
[00:24:13.000 --> 00:24:14.000]  德國還是什麼地方
[00:24:14.000 --> 00:24:16.000]  一個年輕的男的
[00:24:16.000 --> 00:24:21.000]  他得了COVID-19
[00:24:21.000 --> 00:24:22.000]  最後在病房裡面
[00:24:22.000 --> 00:24:23.000]  沒有人敢進去
[00:24:23.000 --> 00:24:24.000]  在他痛苦的時候
[00:24:24.000 --> 00:24:29.000]  結果有一個好像是醫院的工作人員
[00:24:29.000 --> 00:24:32.000]  經過他那個地方就問候了他
[00:24:32.000 --> 00:24:34.000]  然後就這樣子因此就鼓勵他
[00:24:34.000 --> 00:24:35.000]  就幫助他
[00:24:35.000 --> 00:24:36.000]  所以帶給他
[00:24:36.000 --> 00:24:38.000]  從那個COVID-19當中就給他力量
[00:24:38.000 --> 00:24:39.000]  就走過來
[00:24:39.000 --> 00:24:40.000]  所以我們可以
[00:24:40.000 --> 00:24:42.000]  我們上帝可以做這樣的事情
[00:24:42.000 --> 00:24:43.000]  你懂意思嗎
[00:24:43.000 --> 00:24:45.000]  上帝可以興起這樣各式各樣的人
[00:24:45.000 --> 00:24:47.000]  和環境能夠幫助這樣的人
[00:24:47.000 --> 00:24:48.000]  所以親愛的弟子們
[00:24:48.000 --> 00:24:49.000]  你我需要禱告
[00:24:49.000 --> 00:24:50.000]  那麼第二個
[00:24:50.000 --> 00:24:51.000]  你我需要積極的傳揚福音
[00:24:51.000 --> 00:24:53.000]  你說這個COVID-19怎麼傳福音啊
[00:24:53.000 --> 00:24:56.000]  大家都躲在那個地方怎麼傳福音
[00:24:56.000 --> 00:24:57.000]  親愛的弟子們
[00:24:57.000 --> 00:24:59.000]  我就說啊
[00:24:59.000 --> 00:25:02.000]  如果我們今天像這個病毒一樣啊
[00:25:02.000 --> 00:25:04.000]  這麼樣子強烈的傳播力啊
[00:25:04.000 --> 00:25:07.000]  福音早就傳遍世界了
[00:25:07.000 --> 00:25:09.000]  很多時候我們的想法就是
[00:25:09.000 --> 00:25:10.000]  不可能不可能不可能
[00:25:10.000 --> 00:25:11.000]  我爸爸不可能信耶穌的
[00:25:11.000 --> 00:25:12.000]  我媽媽不可能信耶穌的
[00:25:12.000 --> 00:25:14.000]  我的男朋友不可能信耶穌的
[00:25:14.000 --> 00:25:15.000]  我的爸爸
[00:25:15.000 --> 00:25:17.000]  我的先生不可能信耶穌的
[00:25:17.000 --> 00:25:19.000]  所以因為你覺得不可能
[00:25:19.000 --> 00:25:21.000]  所以你就不傳
[00:25:21.000 --> 00:25:23.000]  親愛的弟子們
[00:25:23.000 --> 00:25:24.000]  我們豈不是說
[00:25:24.000 --> 00:25:25.000]  聖經豈不是說
[00:25:25.000 --> 00:25:28.000]  你若能信怎麼樣
[00:25:28.000 --> 00:25:33.000]  在神凡事都能
[00:25:33.000 --> 00:25:35.000]  所以耶穌的回答
[00:25:35.000 --> 00:25:39.000]  回答那個啞巴鬼的那個
[00:25:39.000 --> 00:25:41.000]  被鬼附的那個父親的回答
[00:25:41.000 --> 00:25:42.000]  祂是說
[00:25:42.000 --> 00:25:44.000]  祂說你若能信
[00:25:44.000 --> 00:25:46.000]  那個意思就是說
[00:25:46.000 --> 00:25:49.000]  其實關鍵是你能不能信啊
[00:25:49.000 --> 00:25:51.000]  不是我能不能
[00:25:51.000 --> 00:25:53.000]  你若能信
[00:25:53.000 --> 00:25:56.000]  在神凡事都能
[00:25:56.000 --> 00:25:58.000]  親愛的弟子們
[00:25:58.000 --> 00:26:02.000]  求神把那樣子一個積極的負擔給我們
[00:26:02.000 --> 00:26:06.000]  好 那麼天崩地裂
[00:26:06.000 --> 00:26:10.000]  這個就是我覺得很感傷的地方
[00:26:10.000 --> 00:26:13.000]  就是這個孩子寫了一些畫
[00:26:13.000 --> 00:26:14.000]  畫了圖
[00:26:14.000 --> 00:26:16.000]  那麼就是說
[00:26:16.000 --> 00:26:18.000]  希望他的父親
[00:26:18.000 --> 00:26:20.000]  現在在天堂
[00:26:20.000 --> 00:26:23.000]  能夠很快樂
[00:26:23.000 --> 00:26:26.000]  其實我很想要知道
[00:26:26.000 --> 00:26:27.000]  我很想要知道說
[00:26:27.000 --> 00:26:29.000]  他是不是基督徒
[00:26:29.000 --> 00:26:31.000]  這是我第一個想知道的
[00:26:31.000 --> 00:26:33.000]  第二個我很想知道
[00:26:33.000 --> 00:26:35.000]  如果他不是基督徒
[00:26:35.000 --> 00:26:37.000]  我很想知道的就是說
[00:26:37.000 --> 00:26:39.000]  這幾個人
[00:26:39.000 --> 00:26:42.000]  在紐約的教會
[00:26:42.000 --> 00:26:45.000]  會不會看到了去幫助他們
[00:26:45.000 --> 00:26:46.000]  你懂我意思嗎
[00:26:46.000 --> 00:26:48.000]  同樣我在想
[00:26:48.000 --> 00:26:51.000]  如果今天這一對夫婦在我們洛杉磯
[00:26:51.000 --> 00:26:53.000]  這個家庭在我們洛杉磯
[00:26:53.000 --> 00:26:55.000]  我們看到了這個新聞
[00:26:55.000 --> 00:26:58.000]  我們的教會會不會第一個想到怎麼樣
[00:26:58.000 --> 00:27:02.000]  我們要怎麼樣去幫助他們
[00:27:02.000 --> 00:27:06.000]  去把福音帶給他們
[00:27:06.000 --> 00:27:09.000]  好
[00:27:09.000 --> 00:27:12.000]  接著第二節開始
[00:27:12.000 --> 00:27:14.000]  那麼他就開始講了
[00:27:14.000 --> 00:27:16.000]  誰能站住呢
[00:27:16.000 --> 00:27:18.000]  天崩地裂
[00:27:18.000 --> 00:27:20.000]  誰能夠站住呢
[00:27:20.000 --> 00:27:21.000]  我們中國人有一句話說
[00:27:21.000 --> 00:27:23.000]  天塌下來了
[00:27:23.000 --> 00:27:25.000]  誰頂著
[00:27:25.000 --> 00:27:28.000]  高牧師沒有現在還有比我更高的
[00:27:28.000 --> 00:27:31.000]  那宇康是不是比較高一點
[00:27:31.000 --> 00:27:33.000]  還是這個高牧師更高
[00:27:33.000 --> 00:27:36.000]  張牧師你們到底哪一個高
[00:27:36.000 --> 00:27:38.000]  你們還沒有比過
[00:27:38.000 --> 00:27:39.000]  我們教會感謝讚美主
[00:27:39.000 --> 00:27:41.000]  我們有四個高個牧師
[00:27:41.000 --> 00:27:44.000]  所以這個天塌下來
[00:27:44.000 --> 00:27:45.000]  一個人在一方
[00:27:45.000 --> 00:27:46.000]  就把這個天頂住了
[00:27:46.000 --> 00:27:49.000]  Hallelujah
[00:27:49.000 --> 00:27:56.000]  但丁子美天塌下來了誰能夠頂住呢
[00:27:56.000 --> 00:27:58.000]  只有上帝能夠頂住
[00:27:58.000 --> 00:28:00.000]  只有天使
[00:28:00.000 --> 00:28:02.000]  這些天使的四位天使他們
[00:28:02.000 --> 00:28:05.000]  所以這個第二節就開始提到
[00:28:05.000 --> 00:28:08.000]  他說我又看見另有一位天使
[00:28:08.000 --> 00:28:10.000]  從日出地起上來
[00:28:10.000 --> 00:28:11.000]  拿著永生神的印
[00:28:11.000 --> 00:28:13.000]  他就像那個得著權柄能傷害
[00:28:13.000 --> 00:28:16.000]  地和海的四位天使大聲喊著說
[00:28:16.000 --> 00:28:18.000]  地與海並說明你不可傷害
[00:28:18.000 --> 00:28:27.000]  等我們印了我們神眾仆人的蛾
[00:28:27.000 --> 00:28:30.000]  所以有另外一位天使
[00:28:30.000 --> 00:28:32.000]  他從日出之地
[00:28:32.000 --> 00:28:33.000]  這個大概就是
[00:28:33.000 --> 00:28:35.000]  這個一般就是行的指的東方
[00:28:35.000 --> 00:28:37.000]  他拿著神的印
[00:28:37.000 --> 00:28:42.000]  他要去印這些神的仆人
[00:28:42.000 --> 00:28:44.000]  好這裡讓我們看見
[00:28:44.000 --> 00:28:46.000]  誰能夠躲住
[00:28:46.000 --> 00:28:48.000]  誰能夠躲避羔羊的憤怒
[00:28:48.000 --> 00:28:50.000]  誰能夠站住呢
[00:28:50.000 --> 00:28:51.000]  這裡提到說什麼呢
[00:28:51.000 --> 00:28:56.000]  這裡提到說神的眾仆人
[00:28:56.000 --> 00:28:58.000]  好了我們看看
[00:28:58.000 --> 00:29:00.000]  他說這個神的印
[00:29:00.000 --> 00:29:03.000]  要來印這些眾仆人的蛾
[00:29:03.000 --> 00:29:06.000]  你知道在羅馬皇帝那個時代
[00:29:06.000 --> 00:29:10.000]  羅馬皇帝他有所謂的他的戒指
[00:29:10.000 --> 00:29:14.000]  這個戒指上面就有這樣子的一個
[00:29:14.000 --> 00:29:16.000]  像是一些的圖畫或是這樣
[00:29:16.000 --> 00:29:18.000]  那麼所以這個就是印章
[00:29:18.000 --> 00:29:21.000]  我們中國人很懂這個東西是不是
[00:29:21.000 --> 00:29:23.000]  所以這個印章
[00:29:23.000 --> 00:29:25.000]  這個戒指的這個印章
[00:29:25.000 --> 00:29:27.000]  這一蓋下去
[00:29:27.000 --> 00:29:29.000]  好那麼就是
[00:29:29.000 --> 00:29:31.000]  這個是當時候
[00:29:31.000 --> 00:29:34.000]  這個羅馬皇帝如果有什麼文件
[00:29:34.000 --> 00:29:35.000]  宣告
[00:29:35.000 --> 00:29:37.000]  怎麼知道這是皇帝說的呢
[00:29:37.000 --> 00:29:39.000]  好這個印一蓋下去
[00:29:39.000 --> 00:29:42.000]  好這是皇帝所交代的聖旨
[00:29:42.000 --> 00:29:44.000]  所以這些重要的文件或者怎麼樣
[00:29:44.000 --> 00:29:45.000]  這個印就有這樣子
[00:29:45.000 --> 00:29:49.000]  這樣子公用在這個地方
[00:29:49.000 --> 00:29:51.000]  在希臘文裡面
[00:29:51.000 --> 00:29:54.000]  這個印這個字
[00:29:54.000 --> 00:29:58.000]  它是指的是說作為一個記號
[00:29:58.000 --> 00:30:02.000]  是一個識別的一個方法
[00:30:02.000 --> 00:30:06.000]  那麼它代表了兩個意思
[00:30:06.000 --> 00:30:07.000]  一個意思呢
[00:30:07.000 --> 00:30:09.000]  代表它這是一個安全
[00:30:09.000 --> 00:30:11.000]  等一下我會說
[00:30:11.000 --> 00:30:14.000]  另外一個是代表是擁有
[00:30:14.000 --> 00:30:17.000]  擁有權
[00:30:17.000 --> 00:30:20.000]  所以一個被上帝的印
[00:30:20.000 --> 00:30:23.000]  在額上所印的人呢
[00:30:23.000 --> 00:30:27.000]  他是被上帝所擁有的人
[00:30:27.000 --> 00:30:29.000]  所以被上帝所擁有的人
[00:30:29.000 --> 00:30:31.000]  在面臨災難的時候
[00:30:31.000 --> 00:30:34.000]  你就有靠山
[00:30:34.000 --> 00:30:35.000]  親愛的同志們
[00:30:35.000 --> 00:30:43.000]  這些人他們都是被神的印所印的
[00:30:43.000 --> 00:30:45.000]  好那
[00:30:45.000 --> 00:30:48.000]  聖經裡面提到這個印
[00:30:48.000 --> 00:30:50.000]  那對我們新約的人來講
[00:30:50.000 --> 00:30:52.000]  這個更有意義了
[00:30:52.000 --> 00:30:54.000]  聖經上哪個地方呢
[00:30:54.000 --> 00:30:56.000]  你看在這個
[00:30:56.000 --> 00:30:58.000]  以夫所說第一章
[00:30:58.000 --> 00:31:01.000]  以夫所說第一章十三節這樣說
[00:31:01.000 --> 00:31:04.000]  如果你可以跟著一起來練
[00:31:04.000 --> 00:31:05.000]  好不好我們就一起來練
[00:31:05.000 --> 00:31:06.000]  來預備起
[00:31:06.000 --> 00:31:08.000]  你們既聽見真理的道
[00:31:08.000 --> 00:31:11.000]  就是那叫你們得救的福音
[00:31:11.000 --> 00:31:12.000]  也信了基督
[00:31:12.000 --> 00:31:13.000]  既然信他
[00:31:13.000 --> 00:31:21.000]  就受了所應許的聖靈為印記
[00:31:21.000 --> 00:31:23.000]  所以我剛講了
[00:31:23.000 --> 00:31:25.000]  這個印記是什麼意思呢
[00:31:25.000 --> 00:31:27.000]  這個印記代表兩件事情
[00:31:27.000 --> 00:31:29.000]  第一個意義是什麼
[00:31:29.000 --> 00:31:32.000]  第一個意思就是安全
[00:31:32.000 --> 00:31:35.000]  什麼叫安全
[00:31:35.000 --> 00:31:36.000]  你想想看
[00:31:36.000 --> 00:31:40.000]  如果今天這是皇帝的
[00:31:40.000 --> 00:31:42.000]  這是皇帝的這一本書
[00:31:42.000 --> 00:31:44.000]  請問你敢拿嗎
[00:31:44.000 --> 00:31:46.000]  你不敢拿吧
[00:31:46.000 --> 00:31:49.000]  是不是
[00:31:49.000 --> 00:31:55.000]  在英國這個是當時候世界強國的時候呢
[00:31:55.000 --> 00:32:01.000]  那麼英國這個在印度是他們的殖民地
[00:32:01.000 --> 00:32:06.000]  那麼有一個英國的傳道人就在印度過世了
[00:32:06.000 --> 00:32:07.000]  那麼他一死啊
[00:32:07.000 --> 00:32:10.000]  他隔壁的這個鄰居啊
[00:32:10.000 --> 00:32:12.000]  就馬上破門而入
[00:32:12.000 --> 00:32:14.000]  就把他家裡面的財物啊
[00:32:14.000 --> 00:32:17.000]  就把他偷走拿走了
[00:32:17.000 --> 00:32:22.000]  所以有人就把這個事情告訴英國的領事
[00:32:22.000 --> 00:32:23.000]  那麼英國的
[00:32:23.000 --> 00:32:25.000]  因為那個傳道人那個門就被破了
[00:32:25.000 --> 00:32:27.000]  那水也沒有鎖了
[00:32:27.000 --> 00:32:28.000]  所以呢
[00:32:28.000 --> 00:32:30.000]  這個英國領事就派人
[00:32:30.000 --> 00:32:33.000]  就貼了一張封條
[00:32:33.000 --> 00:32:37.000]  有英國的這個領事館的官印的封條
[00:32:37.000 --> 00:32:40.000]  把它貼在大門上面
[00:32:40.000 --> 00:32:43.000]  從此之後你知道發生什麼事情嗎
[00:32:43.000 --> 00:32:47.000]  再也沒有小偷敢進去了
[00:32:47.000 --> 00:32:49.000]  為什麼
[00:32:49.000 --> 00:32:53.000]  當時候英國是全世界最強大的國家
[00:32:53.000 --> 00:32:56.000]  這是最強大國家的官印蓋上去的
[00:32:56.000 --> 00:32:59.000]  你敢去把它拆封嗎
[00:32:59.000 --> 00:33:00.000]  親愛的毒子妹
[00:33:00.000 --> 00:33:02.000]  如果你是萬王之王
[00:33:02.000 --> 00:33:04.000]  在你的身上已經落了一個印
[00:33:04.000 --> 00:33:06.000]  這說這是我的
[00:33:06.000 --> 00:33:09.000]  誰敢去碰你啊
[00:33:09.000 --> 00:33:11.000]  誰敢去碰你啊
[00:33:11.000 --> 00:33:13.000]  你知道啟示錄後面我們會講到
[00:33:13.000 --> 00:33:16.000]  那個獸的印記有沒有
[00:33:16.000 --> 00:33:17.000]  還記得嗎
[00:33:17.000 --> 00:33:19.000]  你應該這個雖然你可能
[00:33:19.000 --> 00:33:20.000]  啟示錄不熟
[00:33:20.000 --> 00:33:22.000]  但是你大概都聽過666對不對
[00:33:22.000 --> 00:33:24.000]  是不是獸的印記啊
[00:33:24.000 --> 00:33:25.000]  有人就在那邊
[00:33:25.000 --> 00:33:26.000]  這個我們後面再講了
[00:33:26.000 --> 00:33:29.000]  有的人就在這邊研究說這個印記到底是什麼
[00:33:29.000 --> 00:33:30.000]  但是重點是說
[00:33:30.000 --> 00:33:33.000]  當時候有的人因為堅持不住信仰
[00:33:33.000 --> 00:33:35.000]  就受了這個印記
[00:33:35.000 --> 00:33:37.000]  這個印記就表示什麼
[00:33:37.000 --> 00:33:38.000]  你就屬於獸了
[00:33:38.000 --> 00:33:40.000]  你就屬於魔鬼了
[00:33:40.000 --> 00:33:44.000]  但是也有那些拒絕要受這個獸印記的人呢
[00:33:44.000 --> 00:33:46.000]  他們是有神印記的
[00:33:46.000 --> 00:33:48.000]  因為他們是屬於神的
[00:33:48.000 --> 00:33:50.000]  親愛的毒子妹
[00:33:50.000 --> 00:33:52.000]  那今天我要問你
[00:33:52.000 --> 00:33:56.000]  你在這樣子一個災難的中間
[00:33:56.000 --> 00:33:58.000]  你是驚慌
[00:33:58.000 --> 00:34:02.000]  你還是能夠有平安呢
[00:34:02.000 --> 00:34:06.000]  你如果不確定你自己的身份
[00:34:06.000 --> 00:34:11.000]  那今天很多的基督徒也跟世界上的人一樣
[00:34:11.000 --> 00:34:14.000]  當這個世界越來越多的這些負面的消息
[00:34:14.000 --> 00:34:16.000]  越來越多的這些恐慌消息
[00:34:16.000 --> 00:34:18.000]  我們也跟著心就消化了
[00:34:18.000 --> 00:34:20.000]  我們心中也是常常上下不安
[00:34:20.000 --> 00:34:21.000]  晚上睡覺睡不好
[00:34:21.000 --> 00:34:24.000]  因為怕哪一天我得了Covid-19怎麼辦
[00:34:24.000 --> 00:34:26.000]  親愛的毒子妹
[00:34:26.000 --> 00:34:28.000]  現在好像大家一聽到Covid-19
[00:34:28.000 --> 00:34:30.000]  就好像得癌症一樣
[00:34:30.000 --> 00:34:32.000]  或者得了不治之症一樣
[00:34:32.000 --> 00:34:33.000]  親愛的毒子妹
[00:34:33.000 --> 00:34:35.000]  就算今天我們得了Covid-19
[00:34:35.000 --> 00:34:38.000]  就算我們已經到了加護病房
[00:34:38.000 --> 00:34:40.000]  就算我們已經死了
[00:34:40.000 --> 00:34:42.000]  親愛的毒子妹
[00:34:42.000 --> 00:34:44.000]  怎麼樣
[00:34:44.000 --> 00:34:46.000]  死了以後去哪裡
[00:34:46.000 --> 00:34:49.000]  關鍵是死了以後去哪裡
[00:34:49.000 --> 00:34:52.000]  你有把握嗎
[00:34:52.000 --> 00:34:56.000]  如果你有把握為什麼你害怕
[00:34:56.000 --> 00:34:58.000]  Again 我不是說
[00:34:58.000 --> 00:35:00.000]  今天你明明不該死
[00:35:00.000 --> 00:35:02.000]  你就拼命去找死
[00:35:02.000 --> 00:35:04.000]  對不對
[00:35:04.000 --> 00:35:09.000]  就像在美國今天疫情這麼嚴重
[00:35:09.000 --> 00:35:12.000]  我覺得有的人不曉得他這個神學觀是怎麼樣子
[00:35:12.000 --> 00:35:15.000]  我們基督徒不用害怕
[00:35:15.000 --> 00:35:18.000]  我不戴口罩
[00:35:18.000 --> 00:35:20.000]  沒有問題
[00:35:20.000 --> 00:35:22.000]  因為我死了就上天堂
[00:35:22.000 --> 00:35:25.000]  我希望你是傳福音被殉道而死
[00:35:25.000 --> 00:35:27.000]  而不是怎麼樣
[00:35:27.000 --> 00:35:30.000]  是得了Covid-19因為不戴口罩而死
[00:35:30.000 --> 00:35:31.000]  了解意思嗎
[00:35:31.000 --> 00:35:35.000]  怎麼會有這種錯誤的觀念
[00:35:35.000 --> 00:35:38.000]  親愛的毒子妹
[00:35:38.000 --> 00:35:40.000]  我們是安全的
[00:35:40.000 --> 00:35:44.000]  因為我們在上帝全能者的陰彼下
[00:35:44.000 --> 00:35:45.000]  我們是安全的
[00:35:45.000 --> 00:35:48.000]  因為我們有聖靈做我們的印記
[00:35:48.000 --> 00:35:50.000]  每一個重生得救的人
[00:35:50.000 --> 00:35:54.000]  都應該有聖靈的印記
[00:35:54.000 --> 00:35:57.000]  這就是一副所書裡面在這邊提到
[00:35:57.000 --> 00:36:04.000]  有聖靈做我們的憑據
[00:36:04.000 --> 00:36:06.000]  那麼第二個意思
[00:36:06.000 --> 00:36:13.000]  什麼叫做聖靈做印記
[00:36:13.000 --> 00:36:20.000]  這個講的就是代表是所有權
[00:36:20.000 --> 00:36:21.000]  你知道在彝福所
[00:36:21.000 --> 00:36:23.000]  剛才我們講的是彝福所書
[00:36:23.000 --> 00:36:26.000]  對彝福所書的信徒來講
[00:36:26.000 --> 00:36:28.000]  他們很明白這件事情
[00:36:28.000 --> 00:36:29.000]  為什麼呢
[00:36:29.000 --> 00:36:30.000]  因為他們的印記
[00:36:30.000 --> 00:36:33.000]  就是表示是買東西的一個證明
[00:36:33.000 --> 00:36:34.000]  彝福所是一個海港
[00:36:34.000 --> 00:36:36.000]  所以附近的港口的船
[00:36:36.000 --> 00:36:39.000]  會帶來大量的這些木頭木料
[00:36:39.000 --> 00:36:41.000]  那麼他們買賣的方法是這樣
[00:36:41.000 --> 00:36:44.000]  商人他選好了這個木料之後
[00:36:44.000 --> 00:36:47.000]  他就蓋上自己的印
[00:36:47.000 --> 00:36:49.000]  然後這是大家公認的
[00:36:49.000 --> 00:36:50.000]  擁有權的記號
[00:36:50.000 --> 00:36:52.000]  那麼時候到了
[00:36:52.000 --> 00:36:54.000]  他就派一個可靠的人
[00:36:54.000 --> 00:36:55.000]  帶著自己的印
[00:36:55.000 --> 00:37:02.000]  去領有同樣印記的這些的木料
[00:37:02.000 --> 00:37:04.000]  所以解經家亨利·馬太
[00:37:04.000 --> 00:37:07.000]  他就對這個聖靈做印記
[00:37:07.000 --> 00:37:09.000]  這個題目做了一個結論
[00:37:09.000 --> 00:37:13.000]  他說聖靈在相信的人身上印了印記
[00:37:13.000 --> 00:37:18.000]  將他們分別出來歸屬於神
[00:37:18.000 --> 00:37:22.000]  所以將來我們到天國去的時候
[00:37:22.000 --> 00:37:24.000]  親愛的弟子們
[00:37:24.000 --> 00:37:26.000]  我不知道那印記是他怎麼看
[00:37:26.000 --> 00:37:27.000]  但是神知道
[00:37:27.000 --> 00:37:28.000]  天使知道
[00:37:28.000 --> 00:37:30.000]  當這個印記的時候
[00:37:30.000 --> 00:37:32.000]  他要看
[00:37:32.000 --> 00:37:34.000]  Mary
[00:37:34.000 --> 00:37:36.000]  請進來
[00:37:36.000 --> 00:37:37.000]  我看到印記了
[00:37:37.000 --> 00:37:38.000]  請進來
[00:37:38.000 --> 00:37:39.000]  Helen
[00:37:39.000 --> 00:37:40.000]  請進來
[00:37:40.000 --> 00:37:42.000]  我看到印記了
[00:37:42.000 --> 00:37:44.000]  就看了
[00:37:44.000 --> 00:37:47.000]  這個人跑過來了
[00:37:47.000 --> 00:37:49.000]  看他在靈陽堂聚會的時候
[00:37:49.000 --> 00:37:52.000]  有時來有時不來
[00:37:52.000 --> 00:37:54.000]  有一搭沒一搭
[00:37:54.000 --> 00:37:56.000]  每次叫他服事
[00:37:56.000 --> 00:37:59.000]  推三阻四
[00:37:59.000 --> 00:38:02.000]  但是他有時候聚會也來
[00:38:02.000 --> 00:38:04.000]  可是每次聚會的時候
[00:38:04.000 --> 00:38:07.000]  牧師一講到他就睡覺
[00:38:07.000 --> 00:38:09.000]  所以天使一看
[00:38:09.000 --> 00:38:11.000]  我怎麼看都看不到
[00:38:11.000 --> 00:38:12.000]  前看後看
[00:38:12.000 --> 00:38:14.000]  就看不到你有印記
[00:38:14.000 --> 00:38:17.000]  離開離開
[00:38:17.000 --> 00:38:21.000]  你不屬於這個地方
[00:38:21.000 --> 00:38:23.000]  將來有一天
[00:38:23.000 --> 00:38:25.000]  見主面的時候
[00:38:25.000 --> 00:38:27.000]  將來有一天到天國去的時候
[00:38:27.000 --> 00:38:30.000]  門口的天使要看你有沒有印記
[00:38:30.000 --> 00:38:31.000]  來 問一下你自己
[00:38:31.000 --> 00:38:32.000]  問一下你旁邊的人
[00:38:32.000 --> 00:38:35.000]  你有印記嗎
[00:38:35.000 --> 00:38:40.000]  你有聖靈的印記嗎
[00:38:40.000 --> 00:38:41.000]  今天結束之後
[00:38:41.000 --> 00:38:43.000]  馬上去給他Tattoo一下
[00:38:43.000 --> 00:38:44.000]  上面弄一個十字架
[00:38:44.000 --> 00:38:45.000]  我跟你講
[00:38:45.000 --> 00:38:47.000]  你弄十個十字架都沒有用
[00:38:47.000 --> 00:38:49.000]  這個聖靈的印記看不見的
[00:38:49.000 --> 00:38:51.000]  但是這個聖靈的印記就表明說
[00:38:51.000 --> 00:38:55.000]  這是一個真正重生得救的人
[00:38:55.000 --> 00:38:56.000]  親愛的弟兄姊妹
[00:38:56.000 --> 00:38:58.000]  所以我常常提醒弟兄姊妹
[00:38:58.000 --> 00:39:00.000]  你不要以受洗為目標
[00:39:00.000 --> 00:39:01.000]  你要以真是說
[00:39:01.000 --> 00:39:07.000]  你要真正的去經歷這位神
[00:39:07.000 --> 00:39:11.000]  這一個印記代表是神所有的
[00:39:11.000 --> 00:39:14.000]  所以神所擁有的東西
[00:39:14.000 --> 00:39:19.000]  沒有人可以抵擋他
[00:39:19.000 --> 00:39:21.000]  那麼接著我們看到
[00:39:21.000 --> 00:39:23.000]  這個是進入啟示錄
[00:39:23.000 --> 00:39:26.000]  一個比較難題了
[00:39:26.000 --> 00:39:27.000]  第四節到第八節
[00:39:27.000 --> 00:39:29.000]  剛才張牧師在我們練經文的時候
[00:39:29.000 --> 00:39:31.000]  我看他練我也心想說
[00:39:31.000 --> 00:39:32.000]  哎呀真是不容易
[00:39:32.000 --> 00:39:34.000]  這個重複再練
[00:39:34.000 --> 00:39:36.000]  如果我們這樣練練練練練到後來
[00:39:36.000 --> 00:39:37.000]  我看我也不知道在練什麼了
[00:39:37.000 --> 00:39:40.000]  什麼一萬兩千一萬兩千一萬兩千
[00:39:40.000 --> 00:39:42.000]  幹嘛就乾脆就簡單一句話
[00:39:42.000 --> 00:39:44.000]  以色列十二支派各一萬兩千
[00:39:44.000 --> 00:39:47.000]  不就解決了嗎
[00:39:47.000 --> 00:39:49.000]  甚至還花這麼多篇幅
[00:39:49.000 --> 00:39:52.000]  花了這個五六節去寫這麼多幹什麼
[00:39:52.000 --> 00:39:54.000]  你仔細去看這個東西
[00:39:54.000 --> 00:39:56.000]  我跟你講陳學霞在這邊爭論了半天
[00:39:56.000 --> 00:39:58.000]  我今天沒有時間跟你講這些爭論
[00:39:58.000 --> 00:39:59.000]  我簡單就是告訴你
[00:39:59.000 --> 00:40:01.000]  她有一種說法是說
[00:40:01.000 --> 00:40:03.000]  這個十四萬四千人
[00:40:03.000 --> 00:40:05.000]  她是指的是什麼呢
[00:40:05.000 --> 00:40:07.000]  她是指的是以色列人
[00:40:07.000 --> 00:40:09.000]  就真正的是以色列人
[00:40:09.000 --> 00:40:11.000]  一般這個時代主義或者時代派
[00:40:11.000 --> 00:40:13.000]  他們是這樣解釋的
[00:40:13.000 --> 00:40:15.000]  這個說法他也有
[00:40:15.000 --> 00:40:16.000]  他站立不住
[00:40:16.000 --> 00:40:17.000]  為什麼呢
[00:40:17.000 --> 00:40:19.000]  因為以色列人其實他們後來
[00:40:19.000 --> 00:40:22.000]  這個北國被俘虜之後
[00:40:22.000 --> 00:40:24.000]  十個支派都已經散失了
[00:40:24.000 --> 00:40:27.000]  所以其實你要真正按照這個字面來解釋的話
[00:40:27.000 --> 00:40:33.000]  根本不可能這十個支派有一萬兩千人
[00:40:33.000 --> 00:40:35.000]  而且這個數據的話
[00:40:35.000 --> 00:40:37.000]  也不是只是一萬兩千
[00:40:37.000 --> 00:40:39.000]  在巴勒斯坦在羅馬時代
[00:40:39.000 --> 00:40:41.000]  巴勒斯坦之外的猶太人
[00:40:41.000 --> 00:40:43.000]  就有三百萬
[00:40:43.000 --> 00:40:45.000]  那你再仔細看
[00:40:45.000 --> 00:40:46.000]  你再仔細看
[00:40:46.000 --> 00:40:49.000]  在這段聖經裡面提到了
[00:40:49.000 --> 00:40:51.000]  你會發現少了一個支派
[00:40:51.000 --> 00:40:52.000]  少了兩個支派
[00:40:52.000 --> 00:40:55.000]  少了一個什麼支派呢
[00:40:55.000 --> 00:40:56.000]  少了兩個支派
[00:40:56.000 --> 00:40:57.000]  一個是丹
[00:40:57.000 --> 00:41:01.000]  一個是伊法聯
[00:41:01.000 --> 00:41:03.000]  那這兩個支派
[00:41:03.000 --> 00:41:04.000]  為什麼
[00:41:04.000 --> 00:41:06.000]  為什麼少了
[00:41:06.000 --> 00:41:07.000]  那麼你去查聖經
[00:41:07.000 --> 00:41:08.000]  你會發現說
[00:41:08.000 --> 00:41:12.000]  這兩個支派都跟拜偶像有關係
[00:41:12.000 --> 00:41:13.000]  換句話說
[00:41:13.000 --> 00:41:15.000]  他們對主不忠
[00:41:15.000 --> 00:41:20.000]  拜偶像就是屬靈的淫亂
[00:41:20.000 --> 00:41:25.000]  所以這段經文裡面
[00:41:25.000 --> 00:41:27.000]  這十四萬四千人到底是什麼
[00:41:27.000 --> 00:41:28.000]  我們要明白
[00:41:28.000 --> 00:41:29.000]  接著他提到說
[00:41:29.000 --> 00:41:31.000]  另外一個說法說是殉道者
[00:41:31.000 --> 00:41:33.000]  但是你看整章聖經裡面
[00:41:33.000 --> 00:41:34.000]  並沒有提到他們殉道
[00:41:34.000 --> 00:41:35.000]  反而相反
[00:41:35.000 --> 00:41:37.000]  這些人是怎麼樣
[00:41:37.000 --> 00:41:39.000]  這些人反而是被保護
[00:41:39.000 --> 00:41:41.000]  免於這些的災難
[00:41:41.000 --> 00:41:43.000]  所以這個殉道者也不make sense
[00:41:43.000 --> 00:41:47.000]  所以這十四萬四千到底是指誰呢
[00:41:47.000 --> 00:41:50.000]  這十四萬四千的
[00:41:50.000 --> 00:41:54.000]  應該指的是得勝者
[00:41:54.000 --> 00:41:56.000]  後面你看見第七章
[00:41:56.000 --> 00:41:58.000]  這邊講十四萬四千
[00:41:58.000 --> 00:42:00.000]  到了十四章
[00:42:00.000 --> 00:42:02.000]  又講到十四萬四千
[00:42:02.000 --> 00:42:06.000]  這個七章的十四萬四千
[00:42:06.000 --> 00:42:08.000]  是在地上
[00:42:08.000 --> 00:42:10.000]  十四章的十四萬四千
[00:42:10.000 --> 00:42:13.000]  是在天上
[00:42:13.000 --> 00:42:16.000]  我看你們現在已經天上地下
[00:42:16.000 --> 00:42:17.000]  已經昏頭了
[00:42:17.000 --> 00:42:18.000]  沒關係
[00:42:18.000 --> 00:42:20.000]  你就大概知道就好了
[00:42:20.000 --> 00:42:22.000]  所以這十四萬四千的
[00:42:22.000 --> 00:42:24.000]  每一個支派
[00:42:24.000 --> 00:42:26.000]  十一萬兩千人
[00:42:26.000 --> 00:42:28.000]  所以加起來
[00:42:28.000 --> 00:42:32.000]  十二乘上十二再乘上一千
[00:42:32.000 --> 00:42:34.000]  這個是什麼意思呢
[00:42:34.000 --> 00:42:36.000]  這個是代表一個完整
[00:42:36.000 --> 00:42:37.000]  完全的數據
[00:42:37.000 --> 00:42:38.000]  你知道
[00:42:38.000 --> 00:42:39.000]  聖經裡面的這個數字
[00:42:39.000 --> 00:42:41.000]  是有它的一個意義的
[00:42:41.000 --> 00:42:43.000]  有它這個象徵意義的
[00:42:43.000 --> 00:42:45.000]  代表是一個與完全的意思
[00:42:45.000 --> 00:42:46.000]  其實聖經上
[00:42:46.000 --> 00:42:48.000]  你們講這十四萬四千
[00:42:48.000 --> 00:42:49.000]  不是從字面上面
[00:42:49.000 --> 00:42:51.000]  就只有這十四萬四千人
[00:42:51.000 --> 00:42:55.000]  它代表的是歷史歷代
[00:42:55.000 --> 00:42:57.000]  那些所有的
[00:42:57.000 --> 00:43:00.000]  那些得聖的信徒
[00:43:00.000 --> 00:43:02.000]  好了那丟著唄
[00:43:02.000 --> 00:43:04.000]  在這個地方
[00:43:04.000 --> 00:43:05.000]  講到說
[00:43:05.000 --> 00:43:07.000]  這有這個他們
[00:43:07.000 --> 00:43:10.000]  這個被印的這個印
[00:43:10.000 --> 00:43:12.000]  這十四萬四千的這個神的眾僕
[00:43:12.000 --> 00:43:14.000]  是被印上這個印的
[00:43:14.000 --> 00:43:15.000]  被神的印的
[00:43:15.000 --> 00:43:17.000]  所以他們就被
[00:43:17.000 --> 00:43:19.000]  他們就免受
[00:43:19.000 --> 00:43:21.000]  在大災難要來臨
[00:43:21.000 --> 00:43:22.000]  大災難是在後面
[00:43:22.000 --> 00:43:24.000]  我們現在還沒講到大災難
[00:43:24.000 --> 00:43:25.000]  大災難來臨之前的時候
[00:43:25.000 --> 00:43:29.000]  他們被保守
[00:43:29.000 --> 00:43:30.000]  好了那
[00:43:30.000 --> 00:43:32.000]  親愛的同事們
[00:43:32.000 --> 00:43:33.000]  那你說
[00:43:33.000 --> 00:43:34.000]  牧師啊
[00:43:34.000 --> 00:43:36.000]  這跟我有什麼關係啊
[00:43:36.000 --> 00:43:37.000]  搞不好我一輩子
[00:43:37.000 --> 00:43:40.000]  都碰不到大災難
[00:43:40.000 --> 00:43:41.000]  我自己我不知道
[00:43:41.000 --> 00:43:42.000]  你有沒有讀經有沒有這個想法
[00:43:42.000 --> 00:43:44.000]  我讀經我就在想說
[00:43:44.000 --> 00:43:45.000]  搞不好我根本一輩子
[00:43:45.000 --> 00:43:47.000]  不會碰到大災難了
[00:43:47.000 --> 00:43:49.000]  所以搞那麼多什麼災前被提
[00:43:49.000 --> 00:43:50.000]  災後被提
[00:43:50.000 --> 00:43:53.000]  跟我有什麼關係
[00:43:53.000 --> 00:43:54.000]  你大概聽了這個
[00:43:54.000 --> 00:43:55.000]  大概有聽過什麼
[00:43:55.000 --> 00:43:56.000]  災前被提
[00:43:56.000 --> 00:43:57.000]  災後被提是不是
[00:43:57.000 --> 00:43:59.000]  還有什麼災中被提了
[00:43:59.000 --> 00:44:00.000]  還有這個
[00:44:00.000 --> 00:44:02.000]  還有多次被提了
[00:44:02.000 --> 00:44:05.000]  那丟什麼
[00:44:05.000 --> 00:44:06.000]  你看馬太福音裡面說
[00:44:06.000 --> 00:44:09.000]  有人在耕田對不對
[00:44:09.000 --> 00:44:11.000]  一下子就有人不見了
[00:44:11.000 --> 00:44:13.000]  到哪裡被提了
[00:44:13.000 --> 00:44:15.000]  其他還在下面是不是
[00:44:15.000 --> 00:44:16.000]  那你會發現
[00:44:16.000 --> 00:44:17.000]  後期兩個人都同在那邊
[00:44:17.000 --> 00:44:19.000]  一起在房間裡面
[00:44:19.000 --> 00:44:21.000]  結果突然主來了之後呢
[00:44:21.000 --> 00:44:22.000]  丈夫去了
[00:44:22.000 --> 00:44:24.000]  他也沒去
[00:44:24.000 --> 00:44:27.000]  所以到底是哪一個比較好
[00:44:27.000 --> 00:44:28.000]  是被提的好
[00:44:28.000 --> 00:44:33.000]  還是不被提的好
[00:44:33.000 --> 00:44:34.000]  你知道為什麼
[00:44:34.000 --> 00:44:35.000]  很多的一些
[00:44:35.000 --> 00:44:36.000]  對身經瞭解的人
[00:44:36.000 --> 00:44:38.000]  他們就渴望被提案
[00:44:38.000 --> 00:44:43.000]  你懂我意思嗎
[00:44:43.000 --> 00:44:45.000]  因為被提案
[00:44:45.000 --> 00:44:48.000]  可以免去這些的痛苦災難
[00:44:48.000 --> 00:44:50.000]  被提到主那邊去了
[00:44:50.000 --> 00:44:52.000]  被提與主相見了
[00:44:52.000 --> 00:44:53.000]  是不是
[00:44:53.000 --> 00:44:54.000]  好了
[00:44:54.000 --> 00:44:58.000]  那丟什麼
[00:44:58.000 --> 00:45:00.000]  如果這個地方
[00:45:00.000 --> 00:45:03.000]  是任何的一般的基督徒
[00:45:03.000 --> 00:45:06.000]  通通可以
[00:45:06.000 --> 00:45:08.000]  是在這一個當中
[00:45:08.000 --> 00:45:10.000]  免去這個災難
[00:45:10.000 --> 00:45:11.000]  這不符合
[00:45:11.000 --> 00:45:16.000]  聖經裡面的這個概念
[00:45:16.000 --> 00:45:18.000]  我舉兩個經文給你看
[00:45:18.000 --> 00:45:19.000]  第一個
[00:45:19.000 --> 00:45:23.000]  你看馬太福音
[00:45:23.000 --> 00:45:25.000]  馬太福音這個地方
[00:45:25.000 --> 00:45:28.000]  講到十九章二十八節
[00:45:28.000 --> 00:45:31.000]  當這個是彼得
[00:45:31.000 --> 00:45:33.000]  在問耶穌的時候說
[00:45:33.000 --> 00:45:35.000]  主啊你看我們撇下這些
[00:45:35.000 --> 00:45:36.000]  我們撇下這一切來跟從你
[00:45:36.000 --> 00:45:38.000]  我們將來得什麼呢
[00:45:38.000 --> 00:45:39.000]  耶穌就跟他說什麼
[00:45:39.000 --> 00:45:41.000]  耶穌說我告訴你們
[00:45:41.000 --> 00:45:43.000]  你跟從我的人到復興的時候
[00:45:43.000 --> 00:45:44.000]  人子坐在他寶座上
[00:45:44.000 --> 00:45:46.000]  這是指的將來主再來的時候
[00:45:46.000 --> 00:45:48.000]  他坐在寶座上面他掌權
[00:45:48.000 --> 00:45:49.000]  是不是
[00:45:49.000 --> 00:45:52.000]  你們也要坐在十二個寶座上
[00:45:52.000 --> 00:45:54.000]  請問弟兄姊妹這是什麼意思
[00:45:54.000 --> 00:45:55.000]  坐在寶座上
[00:45:55.000 --> 00:45:56.000]  就是表示說做王
[00:45:56.000 --> 00:45:58.000]  與主一同做王
[00:45:58.000 --> 00:45:59.000]  然後這裡提到說什麼呢
[00:45:59.000 --> 00:46:05.000]  他說審判以色列十二個支派
[00:46:05.000 --> 00:46:06.000]  Again
[00:46:06.000 --> 00:46:08.000]  這以色列十二個支派是代表性
[00:46:08.000 --> 00:46:12.000]  代表所有的信徒
[00:46:12.000 --> 00:46:14.000]  代表所有的信徒
[00:46:14.000 --> 00:46:17.000]  將來你即使是得救了
[00:46:17.000 --> 00:46:19.000]  你進入神的國
[00:46:19.000 --> 00:46:20.000]  你還是要經過這個審判
[00:46:20.000 --> 00:46:22.000]  這個審判是什麼
[00:46:22.000 --> 00:46:24.000]  這是一個賞賜得獎賞不得
[00:46:24.000 --> 00:46:26.000]  得獎賞的一個審判
[00:46:26.000 --> 00:46:30.000]  那這些跟從主的這些門徒們
[00:46:30.000 --> 00:46:31.000]  他說我們要做什麼呢
[00:46:31.000 --> 00:46:33.000]  他說你將來跟我一起做王
[00:46:33.000 --> 00:46:34.000]  換句話說
[00:46:34.000 --> 00:46:37.000]  他們是那一批先已經得勝的
[00:46:37.000 --> 00:46:39.000]  他們已經得勝了
[00:46:39.000 --> 00:46:41.000]  這些使徒們他們已經走了
[00:46:41.000 --> 00:46:43.000]  但是他們已經是得勝者的身份
[00:46:43.000 --> 00:46:47.000]  他們要跟主一同要來審判
[00:46:47.000 --> 00:46:51.000]  第二個
[00:46:51.000 --> 00:46:54.000]  啟示錄在第三章裡面
[00:46:54.000 --> 00:46:57.000]  啟示錄第三章裡面講到沙迪教會的時候
[00:46:57.000 --> 00:46:58.000]  他也提到
[00:46:58.000 --> 00:47:00.000]  啟示錄七個教會我們曾經講過
[00:47:00.000 --> 00:47:02.000]  說七個教會都有得勝者
[00:47:02.000 --> 00:47:04.000]  那麼沙迪教會的得勝者
[00:47:04.000 --> 00:47:05.000]  主跟他們怎麼說呢
[00:47:05.000 --> 00:47:06.000]  他說你既遵守我忍耐的
[00:47:06.000 --> 00:47:10.000]  我必在天下人受試煉的時候
[00:47:10.000 --> 00:47:14.000]  保守你免去你的試煉
[00:47:14.000 --> 00:47:16.000]  看到沒有
[00:47:16.000 --> 00:47:17.000]  看到沒有
[00:47:17.000 --> 00:47:18.000]  然後接下來就說
[00:47:18.000 --> 00:47:20.000]  你要持守你所有的
[00:47:20.000 --> 00:47:21.000]  免得人奪取你的官名
[00:47:21.000 --> 00:47:23.000]  官名就是代表做王
[00:47:23.000 --> 00:47:24.000]  好得勝的
[00:47:24.000 --> 00:47:25.000]  下面更清楚了
[00:47:25.000 --> 00:47:26.000]  得勝的
[00:47:26.000 --> 00:47:30.000]  我要叫他在我神殿中做住址
[00:47:30.000 --> 00:47:32.000]  因此親愛的兄子們
[00:47:32.000 --> 00:47:35.000]  在這個地方清楚的應許說
[00:47:35.000 --> 00:47:37.000]  有一些的得勝者
[00:47:37.000 --> 00:47:40.000]  當這個大災難來臨的時候
[00:47:40.000 --> 00:47:46.000]  主要保守他們免去這些的試煉
[00:47:46.000 --> 00:47:49.000]  但為什麼我這樣子講的意思
[00:47:49.000 --> 00:47:50.000]  你不要誤會
[00:47:50.000 --> 00:47:53.000]  如果你從聖經上面來講
[00:47:53.000 --> 00:47:55.000]  到了啟示錄後面也會這樣講
[00:47:55.000 --> 00:47:58.000]  不是所有的得勝者
[00:47:58.000 --> 00:48:01.000]  他通通都沒有經過苦難
[00:48:01.000 --> 00:48:07.000]  事實上凡是得勝者的一定經過苦難
[00:48:07.000 --> 00:48:09.000]  那些沒有在大災難來臨之前
[00:48:09.000 --> 00:48:11.000]  就已經離開的這些聖徒
[00:48:11.000 --> 00:48:14.000]  很多是在受苦的當中而走的
[00:48:14.000 --> 00:48:15.000]  殉道而走的
[00:48:15.000 --> 00:48:17.000]  這些人他是得勝者
[00:48:17.000 --> 00:48:19.000]  但是這邊特別是在講到說
[00:48:19.000 --> 00:48:21.000]  當七年的大災難
[00:48:21.000 --> 00:48:24.000]  大災難來臨的時候
[00:48:24.000 --> 00:48:26.000]  那麼神會讓一些的
[00:48:26.000 --> 00:48:28.000]  這些當時候的得勝者怎麼樣
[00:48:28.000 --> 00:48:31.000]  免去他受到這些的災難
[00:48:31.000 --> 00:48:33.000]  在災難來之前
[00:48:33.000 --> 00:48:38.000]  他就已經被主提取了
[00:48:38.000 --> 00:48:40.000]  好了 那中子妹
[00:48:40.000 --> 00:48:41.000]  我剛剛講了
[00:48:41.000 --> 00:48:45.000]  不管你是不是能夠等到那一天
[00:48:45.000 --> 00:48:48.000]  整個聖經裡面讓我們看見這些事情
[00:48:48.000 --> 00:48:51.000]  我們要做一個得勝者
[00:48:51.000 --> 00:48:54.000]  面對這個全球好像海嘯一樣
[00:48:54.000 --> 00:48:56.000]  全球的海嘯一樣的這個疫情
[00:48:56.000 --> 00:48:58.000]  親愛的中子妹
[00:48:58.000 --> 00:48:59.000]  得勝者
[00:48:59.000 --> 00:49:02.000]  你就不用去懼怕這些
[00:49:02.000 --> 00:49:04.000]  得勝者
[00:49:04.000 --> 00:49:07.000]  事實上一群願意為主受苦
[00:49:07.000 --> 00:49:08.000]  願意為主而活的人
[00:49:08.000 --> 00:49:10.000]  願意為主而死的人
[00:49:10.000 --> 00:49:12.000]  死都不怕了
[00:49:12.000 --> 00:49:14.000]  還有什麼可怕的呢
[00:49:14.000 --> 00:49:17.000]  你了解我這個意思嗎
[00:49:17.000 --> 00:49:19.000]  所以我要大家的焦點
[00:49:19.000 --> 00:49:22.000]  不要放在免去這苦難
[00:49:22.000 --> 00:49:24.000]  啟示錄也不是要我們去
[00:49:24.000 --> 00:49:27.000]  把焦點放在誰可以免去這個苦難
[00:49:27.000 --> 00:49:28.000]  今天的信息重點
[00:49:28.000 --> 00:49:31.000]  也不是要我們把這個焦點放在
[00:49:31.000 --> 00:49:33.000]  這個苦難可不可以免去
[00:49:33.000 --> 00:49:35.000]  我要把這個重點放在
[00:49:35.000 --> 00:49:38.000]  就是你必須是一個有聖靈印記的人
[00:49:38.000 --> 00:49:39.000]  這是第一步
[00:49:39.000 --> 00:49:41.000]  你必須是一個重生得救的基督徒
[00:49:41.000 --> 00:49:43.000]  這是第一步
[00:49:43.000 --> 00:49:49.000]  第二步你必須要追求做一個得勝者
[00:49:49.000 --> 00:49:50.000]  好了
[00:49:50.000 --> 00:49:55.000]  那怎麼樣子我們才能夠像這裡耶穌所允許的說
[00:49:55.000 --> 00:49:57.000]  逃避這一切要來的事呢
[00:49:57.000 --> 00:50:01.000]  在有一節聖經裡面
[00:50:01.000 --> 00:50:03.000]  聖經裡面耶穌在講到這一節聖經
[00:50:03.000 --> 00:50:05.000]  路加福音21章36節
[00:50:05.000 --> 00:50:07.000]  我們去最後來讀這一節聖經
[00:50:07.000 --> 00:50:09.000]  祂說你們要時時警醒
[00:50:09.000 --> 00:50:11.000]  常常祈求
[00:50:11.000 --> 00:50:13.000]  使你們能怎麼樣
[00:50:13.000 --> 00:50:17.000]  逃避這一切要來的事
[00:50:17.000 --> 00:50:21.000]  你才可以站立在人子面前
[00:50:21.000 --> 00:50:22.000]  丁子妹
[00:50:22.000 --> 00:50:23.000]  這一切要來的事
[00:50:23.000 --> 00:50:24.000]  你去看路加福音
[00:50:24.000 --> 00:50:27.000]  你去看見他整個整章聖經21章
[00:50:27.000 --> 00:50:30.000]  你去看見裡面提到的不是只有瘟疫
[00:50:30.000 --> 00:50:32.000]  不是只有這些生病
[00:50:32.000 --> 00:50:34.000]  許許多多包括戰爭
[00:50:34.000 --> 00:50:38.000]  各式各樣的這些的災難
[00:50:38.000 --> 00:50:41.000]  所以主耶穌的意思就是說
[00:50:41.000 --> 00:50:45.000]  今天你要逃避這一切將來的事情
[00:50:45.000 --> 00:50:48.000]  你能夠將來站立在主的面前
[00:50:48.000 --> 00:50:49.000]  主再來的時候
[00:50:49.000 --> 00:50:51.000]  你能夠在祂的面前
[00:50:51.000 --> 00:50:54.000]  好像是得勝者被提
[00:50:54.000 --> 00:50:56.000]  在祂的面前站立
[00:50:56.000 --> 00:50:58.000]  祂說你就要怎麼樣
[00:50:58.000 --> 00:51:01.000]  時時警醒
[00:51:01.000 --> 00:51:04.000]  常常祈求
[00:51:04.000 --> 00:51:07.000]  丁子妹這就是為什麼
[00:51:07.000 --> 00:51:09.000]  上這一個禮拜
[00:51:09.000 --> 00:51:10.000]  當我在禱告的時候
[00:51:10.000 --> 00:51:12.000]  神就感動提醒
[00:51:12.000 --> 00:51:15.000]  我們需要再一次的來禱告
[00:51:15.000 --> 00:51:19.000]  我們需要再一次的來進行禱告
[00:51:19.000 --> 00:51:22.000]  約撒法看見大軍臨近
[00:51:22.000 --> 00:51:23.000]  我們在禱告會提到
[00:51:23.000 --> 00:51:25.000]  他就宣告進食
[00:51:25.000 --> 00:51:29.000]  以至於神就使得這個約撒法大勝
[00:51:29.000 --> 00:51:31.000]  他大勝不是靠他的兵力
[00:51:31.000 --> 00:51:34.000]  是神就拆敗天使
[00:51:34.000 --> 00:51:36.000]  神就親自都來做了
[00:51:36.000 --> 00:51:38.000]  神就親自來打仗了
[00:51:38.000 --> 00:51:40.000]  親愛的丁子妹
[00:51:40.000 --> 00:51:42.000]  今天你我我們面臨到
[00:51:42.000 --> 00:51:45.000]  這一個美國我們所處在的地方
[00:51:45.000 --> 00:51:47.000]  也是面臨到一個關鍵的時候
[00:51:47.000 --> 00:51:49.000]  下個禮拜三
[00:51:49.000 --> 00:51:52.000]  就是美國的總統交接日
[00:51:52.000 --> 00:51:54.000]  整個華府現在
[00:51:54.000 --> 00:51:56.000]  超過一萬五千兩萬個
[00:51:56.000 --> 00:51:58.000]  國民兵在那邊守衛
[00:51:58.000 --> 00:52:00.000]  每一個地方戒嚴
[00:52:00.000 --> 00:52:02.000]  你看美國什麼時候這樣子啊
[00:52:02.000 --> 00:52:03.000]  美國一個這麼講究的
[00:52:03.000 --> 00:52:05.000]  疫情的期間
[00:52:05.000 --> 00:52:06.000]  你可以看見各州的政府
[00:52:06.000 --> 00:52:08.000]  也不敢說不可以集會
[00:52:08.000 --> 00:52:11.000]  不可以去示威
[00:52:11.000 --> 00:52:12.000]  對不對
[00:52:12.000 --> 00:52:13.000]  但是這一次在華府
[00:52:13.000 --> 00:52:14.000]  他就戒嚴了
[00:52:14.000 --> 00:52:16.000]  就是不准了
[00:52:16.000 --> 00:52:17.000]  就是不准了
[00:52:17.000 --> 00:52:20.000]  這是違反美國的憲法的第一修正案
[00:52:20.000 --> 00:52:21.000]  對不對
[00:52:21.000 --> 00:52:23.000]  可是他不能不這樣做
[00:52:23.000 --> 00:52:25.000]  因為這是很危險的事情
[00:52:25.000 --> 00:52:26.000]  這個國家很可能會發生
[00:52:26.000 --> 00:52:28.000]  很大的一個暴動
[00:52:28.000 --> 00:52:30.000]  所以他們必須要這樣做
[00:52:30.000 --> 00:52:31.000]  親愛的丁子妹
[00:52:31.000 --> 00:52:33.000]  世界上的人懂得
[00:52:33.000 --> 00:52:34.000]  在這個時候要警戒
[00:52:34.000 --> 00:52:36.000]  你我屬靈的人
[00:52:36.000 --> 00:52:37.000]  我們基督徒
[00:52:37.000 --> 00:52:41.000]  我們還在沉睡嗎
[00:52:41.000 --> 00:52:43.000]  所以我們要警醒禱告
[00:52:43.000 --> 00:52:45.000]  我們要起來禱告
[00:52:45.000 --> 00:52:46.000]  我看了一下
[00:52:46.000 --> 00:52:47.000]  我們最近這個報名參加的
[00:52:47.000 --> 00:52:48.000]  我就覺得
[00:52:48.000 --> 00:52:50.000]  如果靈陽堂
[00:52:50.000 --> 00:52:52.000]  我們國語堂三百多人
[00:52:52.000 --> 00:52:53.000]  只有五十幾個人報名
[00:52:53.000 --> 00:52:55.000]  這個即時禱告
[00:52:55.000 --> 00:52:56.000]  那其他人我不曉得
[00:52:56.000 --> 00:52:57.000]  你是忘了報名
[00:52:57.000 --> 00:52:58.000]  還是你心想說
[00:52:58.000 --> 00:52:59.000]  哎呀牧師啊
[00:52:59.000 --> 00:53:01.000]  去年我已經禱告過一次了
[00:53:01.000 --> 00:53:02.000]  丁子妹
[00:53:02.000 --> 00:53:07.000]  所以耶穌說要時時警醒
[00:53:07.000 --> 00:53:10.000]  常常祈求
[00:53:10.000 --> 00:53:12.000]  禱告不會多的
[00:53:12.000 --> 00:53:14.000]  禱告只會閒少
[00:53:14.000 --> 00:53:15.000]  時時的禱告
[00:53:15.000 --> 00:53:16.000]  親愛的丁子妹
[00:53:16.000 --> 00:53:18.000]  仇敵就是在我們不警醒的時候
[00:53:18.000 --> 00:53:21.000]  他就來攻擊我們
[00:53:21.000 --> 00:53:22.000]  你不單單是要為這個國家
[00:53:22.000 --> 00:53:23.000]  守望禱告
[00:53:23.000 --> 00:53:25.000]  你甚至你也需要為你自己
[00:53:25.000 --> 00:53:26.000]  為你的家庭
[00:53:26.000 --> 00:53:28.000]  你要守望禱告
[00:53:28.000 --> 00:53:29.000]  當你不注意的時候
[00:53:29.000 --> 00:53:31.000]  當你不當你不留心的時候
[00:53:31.000 --> 00:53:33.000]  你會發現仇敵可以攻擊你
[00:53:33.000 --> 00:53:34.000]  可以攻擊你的家人
[00:53:34.000 --> 00:53:35.000]  你不要以為
[00:53:35.000 --> 00:53:37.000]  今天這個戰場是只有牧師的
[00:53:37.000 --> 00:53:38.000]  只有傳道人
[00:53:38.000 --> 00:53:40.000]  這個戰場是屬於你我的
[00:53:40.000 --> 00:53:41.000]  每一個人
[00:53:41.000 --> 00:53:42.000]  今天你信了耶穌
[00:53:42.000 --> 00:53:43.000]  你真正的重生得救
[00:53:43.000 --> 00:53:44.000]  你就已經進入
[00:53:44.000 --> 00:53:46.000]  這個鼠林征戰的戰場
[00:53:46.000 --> 00:53:48.000]  你只有一個選擇
[00:53:48.000 --> 00:53:50.000]  就是打贏
[00:53:50.000 --> 00:53:54.000]  你沒有選擇打輸的這一個選擇
[00:53:54.000 --> 00:53:56.000]  怎麼打贏
[00:53:56.000 --> 00:53:58.000]  先來禱告吧
[00:54:01.000 --> 00:54:02.000]  親愛的主耶穌啊
[00:54:02.000 --> 00:54:04.000]  願祢真正來呼叫祢的兒女們
[00:54:04.000 --> 00:54:05.000]  親愛的主耶穌啊
[00:54:05.000 --> 00:54:07.000]  讓祢的兒女們起來禱告
[00:54:07.000 --> 00:54:09.000]  讓祢的兒女們醒過來
[00:54:09.000 --> 00:54:10.000]  讓祢的兒女們
[00:54:10.000 --> 00:54:11.000]  主啊
[00:54:11.000 --> 00:54:13.000]  用禱告來面對這個時代
[00:54:13.000 --> 00:54:14.000]  主啊
[00:54:14.000 --> 00:54:15.000]  我們求祢自己來保守這個國家
[00:54:15.000 --> 00:54:16.000]  主啊
[00:54:16.000 --> 00:54:17.000]  來翻轉這個國家
[00:54:17.000 --> 00:54:18.000]  親愛的主耶穌
[00:54:18.000 --> 00:54:19.000]  我們禱告祢
[00:54:19.000 --> 00:54:20.000]  聖靈真實在這個國家
[00:54:20.000 --> 00:54:21.000]  來做翻轉的工作
[00:54:21.000 --> 00:54:22.000]  也說我們禱告祢
[00:54:22.000 --> 00:54:23.000]  請祢保守
[00:54:23.000 --> 00:54:24.000]  主啊
[00:54:24.000 --> 00:54:25.000]  主耶穌啊
[00:54:25.000 --> 00:54:26.000]  讓祢坐在寶座上面
[00:54:26.000 --> 00:54:27.000]  主耶穌啊
[00:54:27.000 --> 00:54:28.000]  主啊
[00:54:28.000 --> 00:54:29.000]  洪水犯人都不怕
[00:54:29.000 --> 00:54:31.000]  謝謝祢讚美祢
[00:54:31.000 --> 00:54:33.000]  祢坐在這個國家的寶座上面
[00:54:33.000 --> 00:54:34.000]  主啊
[00:54:34.000 --> 00:54:38.000]  祢坐在這個國家的白宮的寶座上面
[00:54:38.000 --> 00:54:39.000]  主耶穌啊
[00:54:39.000 --> 00:54:40.000]  我們禱告祢
[00:54:40.000 --> 00:54:41.000]  親愛的主耶穌
[00:54:41.000 --> 00:54:45.000]  祢坐在每一個教會的寶座上面
[00:54:45.000 --> 00:54:46.000]  主啊
[00:54:46.000 --> 00:54:48.000]  復興祢的教會
[00:54:48.000 --> 00:54:49.000]  讓祢的兒女們
[00:54:49.000 --> 00:54:51.000]  起來呼求祢的名
[00:54:51.000 --> 00:54:52.000]  讓祢的兒女們
[00:54:52.000 --> 00:54:53.000]  翻轉他們的生命
[00:54:53.000 --> 00:54:54.000]  讓祢的兒女們
[00:54:54.000 --> 00:54:57.000]  離開這個世俗
[00:54:57.000 --> 00:54:58.000]  主啊
[00:54:58.000 --> 00:55:00.000]  將禱告的靈交換下來
[00:55:00.000 --> 00:55:01.000]  主啊
[00:55:01.000 --> 00:55:03.000]  這塊土地乾旱居久
[00:55:03.000 --> 00:55:06.000]  何等需要祢的恩義大家
[00:55:06.000 --> 00:55:08.000]  求主祢的靈
[00:55:08.000 --> 00:55:10.000]  在這個地來工作吧
[00:55:10.000 --> 00:55:11.000]  主啊
[00:55:11.000 --> 00:55:14.000]  願祢真是再一次的流轉美國人
[00:55:14.000 --> 00:55:16.000]  流轉美國人的心
[00:55:16.000 --> 00:55:19.000]  迴轉的歸向祢
[00:55:19.000 --> 00:55:22.000]  主我們仰望在祢的手中
[00:55:22.000 --> 00:55:23.000]  我們要看見
[00:55:23.000 --> 00:55:28.000]  祢親自天使執掌侍奉
[00:55:28.000 --> 00:55:30.000]  要保守祢的兒女們
[00:55:30.000 --> 00:55:32.000]  免去一切的憤怒
[00:55:32.000 --> 00:55:34.000]  求主讓這一個國家
[00:55:34.000 --> 00:55:37.000]  有許許多多的得生者被祢興起來
[00:55:37.000 --> 00:55:39.000]  謝謝耶穌
[00:55:39.000 --> 00:55:41.000]  奉耶穌基督的名禱告
[00:55:41.000 --> 00:55:42.000]  咱們
