
[00:00:00.000 --> 00:00:04.000]  今天和大家分享的聖經
[00:00:04.000 --> 00:00:09.200]  就是來自《路加福音》的其中一段
[00:00:09.200 --> 00:00:10.600]  最後這一段
[00:00:10.600 --> 00:00:13.400]  如果大家有留意
[00:00:13.400 --> 00:00:19.800]  基本上我們這段時間都是在講《路加福音》的主題
[00:00:19.800 --> 00:00:23.200]  今天到第十八章和第十九章
[00:00:23.200 --> 00:00:25.800]  將會講兩個故事
[00:00:25.800 --> 00:00:30.200]  兩個故事我相信大家都熟悉的
[00:00:30.200 --> 00:00:34.000]  一個是關於一個盲的人被耶穌醫好開了眼
[00:00:34.000 --> 00:00:40.400]  第二個故事跟著的就是瑞利長薩戈
[00:00:40.400 --> 00:00:42.800]  耶穌和他相遇
[00:00:42.800 --> 00:00:46.400]  為什麼要將這兩個故事一起講呢?
[00:00:46.400 --> 00:00:49.200]  有一個很重要的原因就是
[00:00:49.200 --> 00:00:54.200]  因為有一個城市將這兩個故事串在一起
[00:00:54.200 --> 00:00:56.200]  就是耶利哥
[00:00:56.200 --> 00:00:59.200]  耶穌在進入耶利哥之前
[00:00:59.200 --> 00:01:02.000]  與盲人核子相遇
[00:01:02.000 --> 00:01:03.400]  將他治好
[00:01:03.400 --> 00:01:05.400]  然後進入耶利哥
[00:01:05.400 --> 00:01:10.400]  與瑞利長薩戈相遇
[00:01:10.400 --> 00:01:14.200]  可以怎麼說呢?
[00:01:14.200 --> 00:01:17.000]  這兩個故事要放在一起
[00:01:17.000 --> 00:01:19.200]  也是《路加福音》的特色
[00:01:19.200 --> 00:01:25.800]  因為瑞利長薩戈的記載是在《路加福音》才有的
[00:01:25.800 --> 00:01:28.800]  可以說馬太、馬可、約翰都沒有講
[00:01:28.800 --> 00:01:33.800]  好像是《路加福音》刻意將這個故事串在盲人的故事一起
[00:01:33.800 --> 00:01:39.600]  然後我們發覺在薩戈的故事最後第十九章第十節
[00:01:39.600 --> 00:01:40.400]  有一句說話
[00:01:40.400 --> 00:01:44.800]  耶穌說:「人子來,謂要尋找拯救失喪的人」
[00:01:44.800 --> 00:01:47.800]  好像是一個總結
[00:01:47.800 --> 00:01:49.800]  如果我們再拉闊一點來看
[00:01:49.800 --> 00:01:52.800]  整個《路加福音》二十四章裏面
[00:01:52.800 --> 00:01:54.800]  中間有一大段落
[00:01:54.800 --> 00:01:56.800]  是講述一個旅程
[00:01:56.800 --> 00:01:59.800]  很多研究《路加福音》的人都說
[00:01:59.800 --> 00:02:01.800]  稱這個做旅途的序述
[00:02:01.800 --> 00:02:06.800]  由九章五十一節到十九章二十八節
[00:02:06.800 --> 00:02:08.800]  我想大家先看看這個圖
[00:02:08.800 --> 00:02:10.800]  幫大家有一個理解
[00:02:10.800 --> 00:02:12.800]  那段經文的圖片
[00:02:12.800 --> 00:02:15.800]  其實我將經文放在一起
[00:02:15.800 --> 00:02:20.800]  由第九章五十一節開始
[00:02:20.800 --> 00:02:24.800]  我稱這個做旅途序述
[00:02:24.800 --> 00:02:25.800]  如果你讀《路加福音》
[00:02:25.800 --> 00:02:27.800]  其實你要了解這個
[00:02:27.800 --> 00:02:29.800]  你會明白多一點它的結構
[00:02:29.800 --> 00:02:31.800]  和它想說些什麼
[00:02:31.800 --> 00:02:33.800]  九章五十一節開始
[00:02:33.800 --> 00:02:34.800]  耶穌就開始這樣說
[00:02:34.800 --> 00:02:36.800]  祂就說:「耶穌被接上升的日子」
[00:02:36.800 --> 00:02:38.800]  這個也是《路加福音》的特色
[00:02:38.800 --> 00:02:40.800]  講耶穌上升,升天
[00:02:40.800 --> 00:02:43.800]  祂死而復活,然後升天
[00:02:43.800 --> 00:02:44.800]  這個是《路加福音》的特色
[00:02:44.800 --> 00:02:47.800]  然後祂就定義要向耶路撒冷去
[00:02:47.800 --> 00:02:50.800]  耶路撒冷也是整個《路加福音》的焦點
[00:02:50.800 --> 00:02:51.800]  祂要去耶路撒冷
[00:02:51.800 --> 00:02:53.800]  由第九章五十一節開始
[00:02:53.800 --> 00:02:56.800]  一直重複這個主題
[00:02:56.800 --> 00:02:58.800]  就是耶穌要去耶路撒冷
[00:02:58.800 --> 00:02:59.800]  耶穌要去耶路撒冷
[00:02:59.800 --> 00:03:01.800]  到十三章二十二節
[00:03:01.800 --> 00:03:03.800]  就說耶穌往耶路撒冷去
[00:03:03.800 --> 00:03:05.800]  在祂所經過的地方
[00:03:05.800 --> 00:03:07.800]  各城各鄉都去教訓人
[00:03:07.800 --> 00:03:09.800]  祂又要訓練門徒
[00:03:09.800 --> 00:03:10.800]  去到十三章
[00:03:10.800 --> 00:03:11.800]  同一章的中間那段
[00:03:11.800 --> 00:03:14.800]  有些人過來就告訴他們不要去
[00:03:14.800 --> 00:03:15.800]  那裡是很危險的
[00:03:15.800 --> 00:03:16.800]  耶穌就說
[00:03:16.800 --> 00:03:21.800]  祂說在最後十三章那裡這麼說
[00:03:21.800 --> 00:03:22.800]  雖然是這樣
[00:03:22.800 --> 00:03:25.800]  我今天明天後天必須前行
[00:03:25.800 --> 00:03:29.800]  因為先知在耶路撒冷之外喪命是不能的
[00:03:29.800 --> 00:03:31.800]  祂好像將自己的使命
[00:03:31.800 --> 00:03:34.800]  和耶路撒冷連結在一起
[00:03:34.800 --> 00:03:36.800]  將自己看成為一個最大的先知
[00:03:36.800 --> 00:03:37.800]  祂要去耶路撒冷
[00:03:37.800 --> 00:03:39.800]  好像以往的先知那樣
[00:03:39.800 --> 00:03:42.800]  在那裡將會面對生命的結束
[00:03:42.800 --> 00:03:44.800]  去耶路撒冷
[00:03:44.800 --> 00:03:46.800]  一直到第十七章都還沒到
[00:03:46.800 --> 00:03:47.800]  那裡就說
[00:03:47.800 --> 00:03:49.800]  耶穌往耶路撒冷去
[00:03:49.800 --> 00:03:51.800]  經過撒瑪利亞和加利利
[00:03:51.800 --> 00:03:53.800]  你見到祂在中間繞了很多路
[00:03:53.800 --> 00:03:54.800]  一直去
[00:03:54.800 --> 00:03:56.800]  然後到第十八章下一版
[00:03:56.800 --> 00:03:57.800]  三十一節
[00:03:57.800 --> 00:03:59.800]  就帶著十二個門徒跟他們說
[00:03:59.800 --> 00:04:02.800]  我們現在上耶路撒冷了
[00:04:02.800 --> 00:04:04.800]  先知所死的一切事
[00:04:04.800 --> 00:04:06.800]  我們都要承載在人子身上
[00:04:06.800 --> 00:04:11.800]  去到第十九章眾人聽見這些話的時候
[00:04:11.800 --> 00:04:13.800]  耶穌因為要將近耶路撒冷
[00:04:13.800 --> 00:04:15.800]  又說這個比喻
[00:04:15.800 --> 00:04:17.800]  去到第十九章的二十八節
[00:04:17.800 --> 00:04:19.800]  耶穌說完了這些話
[00:04:19.800 --> 00:04:21.800]  就在前面走
[00:04:21.800 --> 00:04:23.800]  上耶路撒冷去
[00:04:23.800 --> 00:04:26.800]  然後就說耶路撒冷的遭遇
[00:04:26.800 --> 00:04:27.800]  祂怎樣結聖聖殿
[00:04:27.800 --> 00:04:30.800]  祂怎樣去和那些法利塞人民士辯論
[00:04:30.800 --> 00:04:32.800]  最後祂被抓被拿被釘
[00:04:32.800 --> 00:04:36.800]  所以中間的段落是一個特色
[00:04:36.800 --> 00:04:38.800]  就是講這個旅途
[00:04:38.800 --> 00:04:39.800]  這個旅程
[00:04:39.800 --> 00:04:42.800]  而今天要講的這兩個故事
[00:04:42.800 --> 00:04:44.800]  就是講耶利哥發生的
[00:04:44.800 --> 00:04:46.800]  或者耶利哥城前
[00:04:46.800 --> 00:04:48.800]  耶利哥城裡面發生
[00:04:48.800 --> 00:04:51.800]  耶利哥就是上耶路撒冷最後一站
[00:04:51.800 --> 00:04:52.800]  去完這個站
[00:04:52.800 --> 00:04:53.800]  然後上山
[00:04:53.800 --> 00:04:55.800]  就是到目的地
[00:04:55.800 --> 00:04:56.800]  所以這是一個總結
[00:04:56.800 --> 00:04:57.800]  所以耶穌在這裡
[00:04:57.800 --> 00:04:58.800]  剛才我讀過
[00:04:58.800 --> 00:05:02.800]  人子萊說要尋找拯救失喪的人
[00:05:02.800 --> 00:05:04.800]  好像在這裡做一個總結
[00:05:04.800 --> 00:05:08.800]  不單止是對那個殺雞的事件的總結
[00:05:08.800 --> 00:05:12.800]  也是對這整段大段經文的一個總結
[00:05:12.800 --> 00:05:15.800]  講耶穌在他人生的路上
[00:05:15.800 --> 00:05:18.800]  在他要去實踐這個使命
[00:05:18.800 --> 00:05:20.800]  去耶路撒冷的路途中間
[00:05:20.800 --> 00:05:21.800]  他最終的
[00:05:21.800 --> 00:05:24.800]  他最想要做的一件什麼事呢
[00:05:24.800 --> 00:05:25.800]  就是他來的
[00:05:25.800 --> 00:05:26.800]  就是要尋找
[00:05:26.800 --> 00:05:30.800]  他來的就是要拯救那些失喪的人
[00:05:30.800 --> 00:05:31.800]  從這個角度
[00:05:31.800 --> 00:05:33.800]  我們試一下了解這兩段經文
[00:05:33.800 --> 00:05:35.800]  什麼叫失喪呢
[00:05:35.800 --> 00:05:37.800]  失喪的人是什麼意思呢
[00:05:37.800 --> 00:05:39.800]  這個中文字也挺特別的
[00:05:39.800 --> 00:05:41.800]  失喪我們平時很會這樣用
[00:05:41.800 --> 00:05:43.800]  失喪其實有雙重意思的
[00:05:43.800 --> 00:05:46.800]  一個就是失去或者迷失
[00:05:46.800 --> 00:05:47.800]  有些人迷了路
[00:05:47.800 --> 00:05:49.800]  走了不知道去哪裡
[00:05:49.800 --> 00:05:51.800]  Lost了
[00:05:51.800 --> 00:05:52.800]  找回來
[00:05:52.800 --> 00:05:53.800]  所以要尋找
[00:05:53.800 --> 00:05:54.800]  有些人不知道去了哪裡
[00:05:54.800 --> 00:05:55.800]  要找回來
[00:05:55.800 --> 00:05:56.800]  找回來
[00:05:56.800 --> 00:05:57.800]  那叫尋找
[00:05:57.800 --> 00:05:59.800]  對失喪的意思
[00:05:59.800 --> 00:06:01.800]  喪這個字呢
[00:06:01.800 --> 00:06:02.800]  就是沒命
[00:06:02.800 --> 00:06:03.800]  毀滅
[00:06:03.800 --> 00:06:05.800]  所以他要拯救
[00:06:05.800 --> 00:06:06.800]  耶穌說他來呢
[00:06:06.800 --> 00:06:07.800]  是要找的
[00:06:07.800 --> 00:06:09.800]  找那些迷失的人
[00:06:09.800 --> 00:06:11.800]  他要拯救那些沒命的人
[00:06:11.800 --> 00:06:13.800]  將會被毀滅的人
[00:06:13.800 --> 00:06:15.800]  用了這句話去總結
[00:06:15.800 --> 00:06:17.800]  他在人世間裡面
[00:06:17.800 --> 00:06:18.800]  一個很重要的呼召
[00:06:18.800 --> 00:06:21.800]  所以我想透過這兩段故事
[00:06:21.800 --> 00:06:22.800]  去重新看看這節聖經
[00:06:22.800 --> 00:06:24.800]  其實是想講什麼
[00:06:24.800 --> 00:06:26.800]  我們重溫一下
[00:06:26.800 --> 00:06:28.800]  第十八章的三十五節
[00:06:28.800 --> 00:06:29.800]  開始
[00:06:29.800 --> 00:06:31.800]  我請姊妹讀一下三十五節
[00:06:31.800 --> 00:06:33.800]  去到第四十三節
[00:06:33.800 --> 00:06:35.800]  講這個核子的故事
[00:06:35.800 --> 00:06:36.800]  請姊妹
[00:06:36.800 --> 00:06:42.800]  這個故事簡單來說
[00:06:42.800 --> 00:06:45.800]  耶穌將近耶利哥這個城
[00:06:45.800 --> 00:06:46.800]  然後在中間
[00:06:46.800 --> 00:06:48.800]  有一個盲眼的人
[00:06:48.800 --> 00:06:49.800]  黑淺的
[00:06:49.800 --> 00:06:51.800]  在路旁討飯
[00:06:51.800 --> 00:06:52.800]  聽到有班人經過
[00:06:52.800 --> 00:06:53.800]  就問什麼事
[00:06:53.800 --> 00:06:54.800]  有些人說耶穌經過
[00:06:54.800 --> 00:06:55.800]  耶穌經過
[00:06:55.800 --> 00:06:58.800]  他馬上很大聲地叫
[00:06:58.800 --> 00:07:00.800]  大衛的子孫耶穌可憐我
[00:07:00.800 --> 00:07:01.800]  可憐我
[00:07:01.800 --> 00:07:02.800]  講了兩次
[00:07:02.800 --> 00:07:03.800]  中間有些人責備他
[00:07:03.800 --> 00:07:04.800]  叫他不要講
[00:07:04.800 --> 00:07:05.800]  閉嘴
[00:07:05.800 --> 00:07:06.800]  他就是要講
[00:07:06.800 --> 00:07:07.800]  終於耶穌聽到了
[00:07:07.800 --> 00:07:08.800]  叫他過來
[00:07:08.800 --> 00:07:09.800]  你想我幫你做什麼
[00:07:09.800 --> 00:07:10.800]  我看到
[00:07:10.800 --> 00:07:11.800]  很簡單
[00:07:11.800 --> 00:07:12.800]  耶穌說OK
[00:07:12.800 --> 00:07:13.800]  你可以看見了
[00:07:13.800 --> 00:07:15.800]  你的信救了你
[00:07:15.800 --> 00:07:17.800]  然後這個人的眼睛馬上開了
[00:07:17.800 --> 00:07:18.800]  然後就跟著耶穌
[00:07:18.800 --> 00:07:19.800]  一直讚美神
[00:07:19.800 --> 00:07:21.800]  這個故事是這樣說的
[00:07:21.800 --> 00:07:23.800]  請弟兄讀下後面那段
[00:07:23.800 --> 00:07:25.800]  十九章一至十節
[00:07:52.800 --> 00:07:54.800]  耶穌到了那裡
[00:07:54.800 --> 00:07:56.800]  抬頭一看對他說
[00:07:56.800 --> 00:07:58.800]  撒該快下來
[00:07:58.800 --> 00:08:00.800]  今天我必住在你家裡
[00:08:00.800 --> 00:08:02.800]  他就急忙下來
[00:08:02.800 --> 00:08:05.800]  歡歡喜喜地接待耶穌
[00:08:05.800 --> 00:08:08.800]  眾人看見都私下議論說
[00:08:08.800 --> 00:08:12.800]  他警告罪人家裡去住宿
[00:08:12.800 --> 00:08:14.800]  撒該站著對主說
[00:08:14.800 --> 00:08:15.800]  主啊
[00:08:15.800 --> 00:08:18.800]  我把所有的一半給窮人
[00:08:18.800 --> 00:08:22.800]  我讓傲乍了誰就還他四倍
[00:08:22.800 --> 00:08:23.800]  耶穌說
[00:08:23.800 --> 00:08:26.800]  今天救恩到了這家
[00:08:26.800 --> 00:08:29.800]  因為他也是阿伯拉罕的子孫
[00:08:29.800 --> 00:08:32.800]  人子來為要尋找
[00:08:32.800 --> 00:08:34.800]  拯救失蹤的人
[00:08:34.800 --> 00:08:36.800]  我將這兩個故事一起讀
[00:08:36.800 --> 00:08:38.800]  其實是有一番意思的
[00:08:38.800 --> 00:08:42.800]  這兩個故事是很不同的
[00:08:42.800 --> 00:08:44.800]  這兩個主角
[00:08:44.800 --> 00:08:45.800]  那個盲人
[00:08:45.800 --> 00:08:47.800]  和這個罪人賈撒該
[00:08:47.800 --> 00:08:50.800]  是兩個相當不同的人
[00:08:50.800 --> 00:08:53.800]  他們其實最不同的是什麼呢
[00:08:53.800 --> 00:08:55.800]  如果你說職業
[00:08:55.800 --> 00:08:57.800]  從這個角度來說
[00:08:57.800 --> 00:08:59.800]  謀生的方法來說
[00:08:59.800 --> 00:09:01.800]  一個就是
[00:09:01.800 --> 00:09:04.800]  是所有當時的階層來說
[00:09:04.800 --> 00:09:06.800]  最低下的那個
[00:09:06.800 --> 00:09:08.800]  黑錢的
[00:09:08.800 --> 00:09:09.800]  路旁的
[00:09:09.800 --> 00:09:11.800]  就是土飯的
[00:09:11.800 --> 00:09:12.800]  黑錢的
[00:09:12.800 --> 00:09:13.800]  一個呢
[00:09:13.800 --> 00:09:14.800]  稅理長
[00:09:14.800 --> 00:09:18.800]  而且是一個財主
[00:09:18.800 --> 00:09:22.800]  一個是從事最不堪最無助的職業
[00:09:22.800 --> 00:09:23.800]  另外一個呢
[00:09:23.800 --> 00:09:24.800]  稅理長
[00:09:24.800 --> 00:09:26.800]  大家可能都聽過稅理
[00:09:26.800 --> 00:09:27.800]  稅理的
[00:09:27.800 --> 00:09:28.800]  通常在猶太人眼中
[00:09:28.800 --> 00:09:30.800]  稅理都不是很受歡迎的
[00:09:30.800 --> 00:09:31.800]  因為他是猶太人
[00:09:31.800 --> 00:09:33.800]  但是幫羅馬的政府
[00:09:33.800 --> 00:09:35.800]  幫同胞收稅
[00:09:35.800 --> 00:09:36.800]  在過程中間
[00:09:36.800 --> 00:09:38.800]  人們已經不喜歡被羅馬統治了
[00:09:38.800 --> 00:09:40.800]  他還要幫他收稅
[00:09:40.800 --> 00:09:42.800]  中間還中飽私囊
[00:09:42.800 --> 00:09:44.800]  更加不喜歡他們
[00:09:44.800 --> 00:09:45.800]  所以他們很多人肯有錢
[00:09:45.800 --> 00:09:46.800]  因為他們呢
[00:09:46.800 --> 00:09:47.800]  透過這個方法
[00:09:47.800 --> 00:09:48.800]  透過這個東西
[00:09:48.800 --> 00:09:50.800]  他們就可以壓榨他們的同胞
[00:09:50.800 --> 00:09:53.800]  大家留意這個稅理長
[00:09:53.800 --> 00:09:55.800]  這個只是新一個裏面
[00:09:55.800 --> 00:09:57.800]  唯一出現的一次
[00:09:57.800 --> 00:09:58.800]  意思就是說
[00:09:58.800 --> 00:10:00.800]  他是做上線的
[00:10:00.800 --> 00:10:02.800]  下線有很多稅理
[00:10:02.800 --> 00:10:04.800]  所以就算他不用做也好
[00:10:04.800 --> 00:10:05.800]  可能呢
[00:10:05.800 --> 00:10:07.800]  下面的人呢
[00:10:07.800 --> 00:10:08.800]  做了什麼
[00:10:08.800 --> 00:10:09.800]  他都可以收佣
[00:10:09.800 --> 00:10:11.800]  所以他說他是一個財主
[00:10:11.800 --> 00:10:13.800]  那麼
[00:10:13.800 --> 00:10:14.800]  不用說了
[00:10:14.800 --> 00:10:16.800]  他一定是要賺大錢
[00:10:16.800 --> 00:10:18.800]  所以路加刻意的
[00:10:18.800 --> 00:10:19.800]  將這兩個
[00:10:19.800 --> 00:10:21.800]  差天共地的人物
[00:10:21.800 --> 00:10:22.800]  放在一起
[00:10:22.800 --> 00:10:25.800]  用耶利哥去貫穿他
[00:10:25.800 --> 00:10:28.800]  放在這個旅程的最後
[00:10:28.800 --> 00:10:30.800]  做個總結
[00:10:30.800 --> 00:10:33.800]  地位極為懸殊的
[00:10:33.800 --> 00:10:36.800]  財主和黑蓋
[00:10:36.800 --> 00:10:39.800]  所以路加是想說什麼呢
[00:10:39.800 --> 00:10:42.800]  其實就這樣看他這個鋪排
[00:10:42.800 --> 00:10:44.800]  其實是很想告訴我們
[00:10:44.800 --> 00:10:45.800]  原來
[00:10:45.800 --> 00:10:47.800]  所有的人
[00:10:47.800 --> 00:10:48.800]  無論你是有錢人
[00:10:48.800 --> 00:10:50.800]  無論你是窮人
[00:10:50.800 --> 00:10:52.800]  你都是耶穌要尋找
[00:10:52.800 --> 00:10:54.800]  拯救那些失喪的人
[00:10:54.800 --> 00:10:57.800]  無論你是飽讀詩書
[00:10:57.800 --> 00:10:59.800]  你拿兩個PhD
[00:10:59.800 --> 00:11:00.800]  還有你一隻字都不懂
[00:11:00.800 --> 00:11:02.800]  你都是耶穌要尋找
[00:11:02.800 --> 00:11:04.800]  要拯救那些失喪的人
[00:11:04.800 --> 00:11:06.800]  無論你是男人女人
[00:11:06.800 --> 00:11:07.800]  無論你是年老的
[00:11:07.800 --> 00:11:08.800]  你是年幼的
[00:11:08.800 --> 00:11:10.800]  你的性格是內向的
[00:11:10.800 --> 00:11:11.800]  是外向的
[00:11:11.800 --> 00:11:13.800]  你的政見是藍色黃色的
[00:11:13.800 --> 00:11:14.800]  其實全部
[00:11:14.800 --> 00:11:17.800]  你都是需要耶穌的尋找
[00:11:17.800 --> 00:11:20.800]  和拯救
[00:11:20.800 --> 00:11:23.800]  這些人都是耶穌眼中的
[00:11:23.800 --> 00:11:25.800]  失喪的人
[00:11:25.800 --> 00:11:28.800]  所以如果我們中間在座的
[00:11:28.800 --> 00:11:29.800]  很多人
[00:11:29.800 --> 00:11:31.800]  在你認識耶穌之前
[00:11:31.800 --> 00:11:33.800]  你是怎樣被尋見的呢
[00:11:33.800 --> 00:11:35.800]  麻煩你回想一下
[00:11:35.800 --> 00:11:37.800]  你有你的故事
[00:11:37.800 --> 00:11:38.800]  你身邊的人
[00:11:38.800 --> 00:11:39.800]  你認識的親人
[00:11:39.800 --> 00:11:40.800]  在節目中間
[00:11:40.800 --> 00:11:42.800]  他們是怎樣被耶穌尋見
[00:11:42.800 --> 00:11:43.800]  被拯救的呢
[00:11:43.800 --> 00:11:45.800]  他有他們的故事
[00:11:45.800 --> 00:11:47.800]  可能很不同
[00:11:47.800 --> 00:11:49.800]  但是同樣一件事
[00:11:49.800 --> 00:11:52.800]  我們都是需要耶穌的尋找
[00:11:52.800 --> 00:11:55.800]  需要耶穌的拯救
[00:11:55.800 --> 00:11:57.800]  有些人你覺得
[00:11:57.800 --> 00:12:00.800]  他不值得耶穌尋找拯救
[00:12:00.800 --> 00:12:02.800]  不過耶穌說
[00:12:02.800 --> 00:12:04.800]  那些人都是我要尋找
[00:12:04.800 --> 00:12:06.800]  和拯救的對象
[00:12:06.800 --> 00:12:07.800]  在大陸
[00:12:07.800 --> 00:12:08.800]  我們的家人
[00:12:08.800 --> 00:12:09.800]  通常來說
[00:12:09.800 --> 00:12:10.800]  我聽那個
[00:12:10.800 --> 00:12:11.800]  通常都
[00:12:11.800 --> 00:12:12.800]  令我都會想起
[00:12:12.800 --> 00:12:13.800]  我就會覺得很觸動
[00:12:13.800 --> 00:12:15.800]  很感動的一個說法
[00:12:15.800 --> 00:12:16.800]  他們聚會
[00:12:16.800 --> 00:12:18.800]  有時候是很不容易的
[00:12:18.800 --> 00:12:19.800]  躲起來的
[00:12:19.800 --> 00:12:20.800]  最怕那些公安來敲門
[00:12:20.800 --> 00:12:21.800]  捉人
[00:12:21.800 --> 00:12:23.800]  所以見到那些公安
[00:12:23.800 --> 00:12:24.800]  都是很不喜歡的
[00:12:24.800 --> 00:12:25.800]  很害怕的
[00:12:25.800 --> 00:12:28.800]  但是他們就會視公安是甚麼人呢
[00:12:28.800 --> 00:12:29.800]  用個稱呼的
[00:12:29.800 --> 00:12:32.800]  就是他們是那些未信署的家人
[00:12:32.800 --> 00:12:34.800]  他們這樣形容他們
[00:12:34.800 --> 00:12:36.800]  這種都是一種態度
[00:12:36.800 --> 00:12:38.800]  如果我們明白這種態度
[00:12:38.800 --> 00:12:40.800]  我們更加知道
[00:12:40.800 --> 00:12:42.800]  其實耶穌的心腸是怎樣
[00:12:42.800 --> 00:12:44.800]  聖經裏面是很特別的
[00:12:44.800 --> 00:12:45.800]  他用一種說法
[00:12:45.800 --> 00:12:47.800]  用一種相反
[00:12:47.800 --> 00:12:48.800]  或者相對的形容
[00:12:48.800 --> 00:12:49.800]  去說全部
[00:12:49.800 --> 00:12:50.800]  我舉個例子
[00:12:50.800 --> 00:12:51.800]  聖經說
[00:12:51.800 --> 00:12:53.800]  起初神創造天地
[00:12:53.800 --> 00:12:56.800]  天是神造
[00:12:56.800 --> 00:12:57.800]  地是神造
[00:12:57.800 --> 00:12:59.800]  那是不是只是天和地
[00:12:59.800 --> 00:13:01.800]  中間那些包不包呢
[00:13:01.800 --> 00:13:02.800]  是包在一起的
[00:13:02.800 --> 00:13:03.800]  當他們說一個相對的時候
[00:13:03.800 --> 00:13:05.800]  他是在說全部
[00:13:05.800 --> 00:13:07.800]  聖經裏面說
[00:13:07.800 --> 00:13:12.800]  我要呼召人從東從西從南從北來
[00:13:12.800 --> 00:13:15.800]  他很少說從東從南從西從北
[00:13:15.800 --> 00:13:16.800]  大家要留意
[00:13:16.800 --> 00:13:19.800]  他說從東從西從南從北
[00:13:19.800 --> 00:13:21.800]  是說相對的
[00:13:21.800 --> 00:13:22.800]  如果你說
[00:13:22.800 --> 00:13:26.800]  從東從東從南從西從北的話
[00:13:26.800 --> 00:13:27.800]  這種說法的話
[00:13:27.800 --> 00:13:28.800]  其實你就要問
[00:13:28.800 --> 00:13:29.800]  東北方呢
[00:13:29.800 --> 00:13:32.800]  西南偏西那些算不算
[00:13:32.800 --> 00:13:34.800]  所以他是說相對
[00:13:34.800 --> 00:13:35.800]  東西
[00:13:35.800 --> 00:13:36.800]  不只是說南北
[00:13:36.800 --> 00:13:37.800]  是說相反相對的
[00:13:37.800 --> 00:13:39.800]  去說全部
[00:13:39.800 --> 00:13:41.800]  包括在內
[00:13:41.800 --> 00:13:43.800]  這是聖經的一個文學手法
[00:13:43.800 --> 00:13:46.800]  其實這兩個故事放在一起
[00:13:46.800 --> 00:13:47.800]  他都有一個味道
[00:13:47.800 --> 00:13:49.800]  最卑賤的職業的人
[00:13:49.800 --> 00:13:50.800]  階層的人
[00:13:50.800 --> 00:13:53.800]  和一個看上去最有錢的人
[00:13:53.800 --> 00:13:56.800]  他都是耶穌眼中失喪的人
[00:13:56.800 --> 00:13:59.800]  耶穌眼中那些需要拯救的人
[00:13:59.800 --> 00:14:00.800]  我想說
[00:14:00.800 --> 00:14:03.800]  失喪的人不一定是指微信主
[00:14:03.800 --> 00:14:05.800]  不一定的
[00:14:05.800 --> 00:14:08.800]  路加福音十五章裡面說浪子的比喻
[00:14:08.800 --> 00:14:09.800]  說兩兄弟
[00:14:09.800 --> 00:14:11.800]  大家還記得那個故事
[00:14:11.800 --> 00:14:12.800]  很熟悉的
[00:14:12.800 --> 00:14:14.800]  他形容那個弟弟
[00:14:14.800 --> 00:14:16.800]  小兒子
[00:14:16.800 --> 00:14:17.800]  當他分了家產之後
[00:14:17.800 --> 00:14:19.800]  拿了自己的那份
[00:14:19.800 --> 00:14:20.800]  然後他怎樣
[00:14:20.800 --> 00:14:21.800]  他就說
[00:14:21.800 --> 00:14:24.800]  小兒子分到家產之後
[00:14:24.800 --> 00:14:27.800]  往遠方去了
[00:14:27.800 --> 00:14:28.800]  這樣形容
[00:14:28.800 --> 00:14:30.800]  這個字是令我們學到思想的
[00:14:30.800 --> 00:14:32.800]  他是不是這個爸爸的兒子呢
[00:14:32.800 --> 00:14:33.800]  是的
[00:14:33.800 --> 00:14:35.800]  但是他去了遠方
[00:14:35.800 --> 00:14:37.800]  今天我們可能坐在這裡
[00:14:37.800 --> 00:14:39.800]  我們天父的兒女
[00:14:39.800 --> 00:14:41.800]  不過我們的心可能去了遠方
[00:14:41.800 --> 00:14:43.800]  你會不會呢
[00:14:43.800 --> 00:14:45.800]  可能我們從事很多屬靈的
[00:14:45.800 --> 00:14:47.800]  所謂所謂屬靈的東西
[00:14:47.800 --> 00:14:50.800]  但其實我們的心可能不在那裡
[00:14:50.800 --> 00:14:53.800]  遠方其實是有包含了這個意思
[00:14:53.800 --> 00:14:55.800]  大兒子
[00:14:55.800 --> 00:14:57.800]  哥哥
[00:14:57.800 --> 00:15:00.800]  那個比喻是怎樣形容他的呢
[00:15:00.800 --> 00:15:01.800]  見到弟弟回來
[00:15:01.800 --> 00:15:03.800]  爸爸給他那麼多好東西
[00:15:03.800 --> 00:15:04.800]  他很激氣
[00:15:04.800 --> 00:15:05.800]  很不服氣
[00:15:05.800 --> 00:15:06.800]  他跟爸爸說
[00:15:06.800 --> 00:15:07.800]  我服侍你那麼多年
[00:15:07.800 --> 00:15:09.800]  沒有違背過你的命令
[00:15:09.800 --> 00:15:12.800]  你都沒有和我分一隻山羊羔
[00:15:12.800 --> 00:15:13.800]  他在爸爸家裡
[00:15:13.800 --> 00:15:15.800]  也是和爸爸在一起
[00:15:15.800 --> 00:15:17.800]  但其實他的心都去了遠方
[00:15:17.800 --> 00:15:19.800]  因為他
[00:15:19.800 --> 00:15:22.800]  因為他當自己是僕人
[00:15:22.800 --> 00:15:24.800]  不是他的兒子
[00:15:24.800 --> 00:15:25.800]  這些都是失喪的人
[00:15:25.800 --> 00:15:28.800]  所以那裡說得失而復得的故事
[00:15:28.800 --> 00:15:30.800]  那個弟弟是失而復得的
[00:15:30.800 --> 00:15:32.800]  就是那種找回來的
[00:15:32.800 --> 00:15:34.800]  都是同樣的道理
[00:15:34.800 --> 00:15:36.800]  所以無論我們是什麼人
[00:15:36.800 --> 00:15:38.800]  無論我們是什麼階層
[00:15:38.800 --> 00:15:40.800]  無論我們是什麼身份
[00:15:40.800 --> 00:15:41.800]  其實我們都是一個
[00:15:41.800 --> 00:15:44.800]  屬於耶穌眼中的失喪的人
[00:15:44.800 --> 00:15:48.800]  是被尋回和被拯救的人
[00:15:48.800 --> 00:15:50.800]  這兩個故事放在一起
[00:15:50.800 --> 00:15:52.800]  剛才說的不同
[00:15:52.800 --> 00:15:54.800]  其實更多地方是相同的
[00:15:54.800 --> 00:15:57.800]  我看到有四樣東西
[00:15:57.800 --> 00:15:58.800]  他們是相同的
[00:15:58.800 --> 00:16:03.800]  第一個主角是一個盲人
[00:16:03.800 --> 00:16:04.800]  盲人 盒子
[00:16:04.800 --> 00:16:06.800]  盲人 盒子
[00:16:06.800 --> 00:16:08.800]  在猶太人眼中
[00:16:08.800 --> 00:16:09.800]  一個人盲的人
[00:16:09.800 --> 00:16:11.800]  特別是天生就盲的人
[00:16:11.800 --> 00:16:14.800]  通常他們會怎樣理解這些人呢
[00:16:14.800 --> 00:16:16.800]  約翰福音第九章說
[00:16:16.800 --> 00:16:18.800]  那些門徒見到一個盲人
[00:16:18.800 --> 00:16:19.800]  天生盲人的人
[00:16:19.800 --> 00:16:20.800]  他們問耶穌
[00:16:20.800 --> 00:16:22.800]  這個人是盲的
[00:16:22.800 --> 00:16:23.800]  天生就盲
[00:16:23.800 --> 00:16:25.800]  是不是他犯罪
[00:16:25.800 --> 00:16:27.800]  還是他父母犯罪
[00:16:27.800 --> 00:16:29.800]  這種觀念
[00:16:29.800 --> 00:16:31.800]  不僅是猶太人才有
[00:16:31.800 --> 00:16:33.800]  在初代的教會
[00:16:33.800 --> 00:16:34.800]  第一世紀裡
[00:16:34.800 --> 00:16:35.800]  其實很多民族的人
[00:16:35.800 --> 00:16:36.800]  都有這個思想
[00:16:36.800 --> 00:16:38.800]  一個天生殘缺的人
[00:16:38.800 --> 00:16:41.800]  通常是他犯了罪
[00:16:41.800 --> 00:16:43.800]  或者他做了些陰側的事
[00:16:43.800 --> 00:16:45.800]  所以才會弄成這樣
[00:16:45.800 --> 00:16:46.800]  即是說
[00:16:46.800 --> 00:16:47.800]  那些不幸的人
[00:16:47.800 --> 00:16:49.800]  今天看來是不幸的人
[00:16:49.800 --> 00:16:50.800]  在當日來說
[00:16:50.800 --> 00:16:52.800]  其實可能在很多人眼中
[00:16:52.800 --> 00:16:54.800]  都是一些什麼呢
[00:16:54.800 --> 00:16:56.800]  都是一些不是得到同情
[00:16:56.800 --> 00:16:59.800]  反而是被人覺得厭棄的
[00:16:59.800 --> 00:17:02.800]  甚至被人看成是犯了罪
[00:17:02.800 --> 00:17:03.800]  得罪了神
[00:17:03.800 --> 00:17:05.800]  是你的結果
[00:17:05.800 --> 00:17:07.800]  撒該
[00:17:07.800 --> 00:17:08.800]  有個特色
[00:17:08.800 --> 00:17:10.800]  是什麼呢
[00:17:10.800 --> 00:17:11.800]  剛才那個人是盲的
[00:17:11.800 --> 00:17:12.800]  這個人呢
[00:17:12.800 --> 00:17:13.800]  撒該是怎樣呢
[00:17:13.800 --> 00:17:14.800]  是矮的
[00:17:14.800 --> 00:17:15.800]  一個核子一個矮子
[00:17:15.800 --> 00:17:19.800]  今天我們看矮工沒什麼問題
[00:17:19.800 --> 00:17:25.800]  但加上撒該本身的職業
[00:17:25.800 --> 00:17:26.800]  稅吏
[00:17:26.800 --> 00:17:27.800]  稅吏長
[00:17:27.800 --> 00:17:28.800]  所以他本身的職業
[00:17:28.800 --> 00:17:30.800]  已經是不討人歡喜
[00:17:30.800 --> 00:17:31.800]  所以這個職業裡
[00:17:31.800 --> 00:17:33.800]  其實是令到他們
[00:17:33.800 --> 00:17:35.800]  猶太人將他們從妓女
[00:17:35.800 --> 00:17:38.800]  和罪人並列
[00:17:38.800 --> 00:17:39.800]  什麼叫稅吏
[00:17:39.800 --> 00:17:41.800]  就是那些和妓女一起的罪人
[00:17:41.800 --> 00:17:42.800]  他們會這樣說
[00:17:42.800 --> 00:17:45.800]  世紀裡有很多這些形容
[00:17:45.800 --> 00:17:47.800]  如果我們再詳細了解一下
[00:17:47.800 --> 00:17:49.800]  他們本身的文化背景
[00:17:49.800 --> 00:17:50.800]  他們會認為
[00:17:50.800 --> 00:17:53.800]  這些天生的矮子
[00:17:53.800 --> 00:17:56.800]  其實都是一種神的懲罰
[00:17:56.800 --> 00:17:58.800]  大家留意一下
[00:17:58.800 --> 00:18:00.800]  都是路加芬的
[00:18:00.800 --> 00:18:02.800]  形容耶穌的出生
[00:18:02.800 --> 00:18:04.800]  和形容施洗約翰的出生
[00:18:04.800 --> 00:18:05.800]  是這樣記載的
[00:18:05.800 --> 00:18:06.800]  一章第八十節
[00:18:06.800 --> 00:18:08.800]  就是說施洗約翰的出生
[00:18:08.800 --> 00:18:10.800]  說他的成長
[00:18:10.800 --> 00:18:12.800]  那裡說那孩子漸漸長大
[00:18:12.800 --> 00:18:13.800]  心靈強健
[00:18:13.800 --> 00:18:14.800]  住在狂野
[00:18:14.800 --> 00:18:16.800]  那孩子就是約翰
[00:18:16.800 --> 00:18:20.800]  施洗約翰說他漸漸長大
[00:18:20.800 --> 00:18:23.800]  是說他的新娘隨著年紀的長大
[00:18:23.800 --> 00:18:24.800]  和心靈強健
[00:18:24.800 --> 00:18:27.800]  就是說他的心靈的強健
[00:18:27.800 --> 00:18:28.800]  和他身體的長大
[00:18:28.800 --> 00:18:30.800]  應該是成正比的
[00:18:30.800 --> 00:18:32.800]  這是他自然的說法
[00:18:32.800 --> 00:18:34.800]  二章五十二節
[00:18:34.800 --> 00:18:36.800]  說耶穌的長大
[00:18:36.800 --> 00:18:38.800]  耶穌的智慧和新娘
[00:18:38.800 --> 00:18:40.800]  加上神為人喜愛的心
[00:18:40.800 --> 00:18:42.800]  都一起增長
[00:18:42.800 --> 00:18:44.800]  我們通常會比較上
[00:18:44.800 --> 00:18:45.800]  不是很為意
[00:18:45.800 --> 00:18:47.800]  意思就是說
[00:18:47.800 --> 00:18:49.800]  原來他的智慧和身體的長大
[00:18:49.800 --> 00:18:51.800]  其實是成正比的
[00:18:51.800 --> 00:18:53.800]  他不會說
[00:18:53.800 --> 00:18:55.800]  智慧增長
[00:18:55.800 --> 00:18:56.800]  新娘不增長
[00:18:56.800 --> 00:18:57.800]  不會這樣說的
[00:18:57.800 --> 00:18:59.800]  所以這個撒該
[00:18:59.800 --> 00:19:00.800]  人們眼中
[00:19:00.800 --> 00:19:02.800]  看到他的樣子
[00:19:02.800 --> 00:19:03.800]  就會認為
[00:19:03.800 --> 00:19:04.800]  看你吧
[00:19:04.800 --> 00:19:05.800]  做一些陰陋的事
[00:19:05.800 --> 00:19:07.800]  所以你就搞成這樣
[00:19:07.800 --> 00:19:09.800]  這是他們的文化裡
[00:19:09.800 --> 00:19:14.800]  很普遍都有的概念
[00:19:14.800 --> 00:19:17.800]  所以這兩個故事的主角
[00:19:17.800 --> 00:19:19.800]  共同的地方是什麼呢
[00:19:19.800 --> 00:19:20.800]  就是他們是
[00:19:20.800 --> 00:19:21.800]  無論是撒該
[00:19:21.800 --> 00:19:23.800]  無論是那個盲眼的人
[00:19:23.800 --> 00:19:24.800]  在同胞眼中
[00:19:24.800 --> 00:19:25.800]  都是那些被看不起的
[00:19:25.800 --> 00:19:26.800]  被撇棄的
[00:19:26.800 --> 00:19:30.800]  是認為神不要他們的人
[00:19:30.800 --> 00:19:32.800]  這個是他們的文化
[00:19:32.800 --> 00:19:33.800]  他們的同胞
[00:19:33.800 --> 00:19:34.800]  當時的世界
[00:19:34.800 --> 00:19:37.800]  甚至他們給自己的一種判斷
[00:19:37.800 --> 00:19:38.800]  都不一定
[00:19:38.800 --> 00:19:41.800]  是他們不配得神的尋找
[00:19:41.800 --> 00:19:43.800]  和神的恩典
[00:19:43.800 --> 00:19:45.800]  路吉告訴我們
[00:19:45.800 --> 00:19:46.800]  這些人
[00:19:46.800 --> 00:19:48.800]  同樣都是耶穌眼中的
[00:19:48.800 --> 00:19:49.800]  失喪的人
[00:19:49.800 --> 00:19:51.800]  是耶穌要尋找的
[00:19:51.800 --> 00:19:54.800]  是耶穌要拯救的
[00:19:54.800 --> 00:19:56.800]  我們中間不知道有沒有人
[00:19:56.800 --> 00:19:57.800]  你看你自己
[00:19:57.800 --> 00:19:59.800]  或者你覺得這個世界看你
[00:19:59.800 --> 00:20:01.800]  無論你的背景
[00:20:01.800 --> 00:20:03.800]  可能你改不了的
[00:20:03.800 --> 00:20:06.800]  你的出生的特徵
[00:20:06.800 --> 00:20:08.800]  是令到這個世界
[00:20:08.800 --> 00:20:10.800]  或者你自己都覺得
[00:20:10.800 --> 00:20:13.800]  都是不配得的
[00:20:13.800 --> 00:20:14.800]  失喪的人
[00:20:14.800 --> 00:20:15.800]  通常都是那些
[00:20:15.800 --> 00:20:17.800]  因為世界和自己的價值觀
[00:20:17.800 --> 00:20:19.800]  價值而放棄的人
[00:20:19.800 --> 00:20:23.800]  我想很多人都知道
[00:20:23.800 --> 00:20:25.800]  有很多小孩子
[00:20:25.800 --> 00:20:27.800]  都是叫SEN的小朋友
[00:20:27.800 --> 00:20:29.800]  大家不知道有沒有聽過
[00:20:29.800 --> 00:20:31.800]  Special Education Need
[00:20:31.800 --> 00:20:33.800]  就是那些特殊教育需要的
[00:20:33.800 --> 00:20:35.800]  其實有很多種類的
[00:20:35.800 --> 00:20:37.800]  例如過度活躍
[00:20:37.800 --> 00:20:38.800]  讀寫困難
[00:20:38.800 --> 00:20:41.800]  或者是專注力不足
[00:20:41.800 --> 00:20:43.800]  那些通常是不好教的
[00:20:43.800 --> 00:20:47.800]  讀書有很多不好的影響
[00:20:47.800 --> 00:20:49.800]  通常是說這些
[00:20:49.800 --> 00:20:52.800]  有一次我聽周牧師說
[00:20:52.800 --> 00:20:54.800]  有一次他坐巴士
[00:20:54.800 --> 00:20:56.800]  他講到都講過
[00:20:56.800 --> 00:20:57.800]  所以我不怕重覆
[00:20:57.800 --> 00:20:58.800]  因為他的小朋友
[00:20:58.800 --> 00:20:59.800]  有時都過度活躍
[00:20:59.800 --> 00:21:01.800]  他說有一次他很激氣
[00:21:01.800 --> 00:21:02.800]  因為坐巴士
[00:21:02.800 --> 00:21:05.800]  他兒子就走去玩
[00:21:05.800 --> 00:21:08.800]  旁邊的人就一直看著他
[00:21:08.800 --> 00:21:11.800]  看著他的父母
[00:21:11.800 --> 00:21:12.800]  就說這個人
[00:21:12.800 --> 00:21:14.800]  好像眼神告訴他
[00:21:14.800 --> 00:21:16.800]  你這樣教他的
[00:21:16.800 --> 00:21:18.800]  你這樣教他的
[00:21:18.800 --> 00:21:21.800]  其實這是一種很困難的事
[00:21:21.800 --> 00:21:25.800]  一種很不容易接受的眼光
[00:21:25.800 --> 00:21:27.800]  不過這個就是普通人
[00:21:27.800 --> 00:21:28.800]  現在可能好一點
[00:21:28.800 --> 00:21:30.800]  多些人明白這個背景
[00:21:30.800 --> 00:21:32.800]  但是耶穌告訴我們
[00:21:32.800 --> 00:21:34.800]  先天性的不足
[00:21:34.800 --> 00:21:36.800]  甚至是缺陷
[00:21:36.800 --> 00:21:38.800]  其實是這兩個故事的主角
[00:21:38.800 --> 00:21:40.800]  是共同擁有的
[00:21:40.800 --> 00:21:41.800]  這些都是失散的人
[00:21:41.800 --> 00:21:44.800]  這些都是耶穌要尋找
[00:21:44.800 --> 00:21:48.800]  要拯救的對象
[00:21:48.800 --> 00:21:51.800]  第二個特徵是他們一樣的
[00:21:51.800 --> 00:21:53.800]  他們要見耶穌
[00:21:53.800 --> 00:21:55.800]  或者耶穌要找他們
[00:21:55.800 --> 00:21:58.800]  群眾 旁邊的人
[00:21:58.800 --> 00:22:00.800]  是阻止的
[00:22:00.800 --> 00:22:02.800]  那個盲眼的人
[00:22:02.800 --> 00:22:04.800]  他看不到
[00:22:04.800 --> 00:22:05.800]  他已經看不到
[00:22:05.800 --> 00:22:06.800]  但是他聽到
[00:22:06.800 --> 00:22:07.800]  耶穌經過
[00:22:07.800 --> 00:22:09.800]  有一個人叫耶穌經過
[00:22:09.800 --> 00:22:10.800]  所以他做了什麼
[00:22:10.800 --> 00:22:11.800]  大聲呼喊
[00:22:11.800 --> 00:22:13.800]  可憐耶穌
[00:22:13.800 --> 00:22:15.800]  大衛的子孫
[00:22:15.800 --> 00:22:17.800]  耶穌 可憐我爸
[00:22:17.800 --> 00:22:19.800]  周圍的人有什麼反應呢
[00:22:19.800 --> 00:22:22.800]  在第十八章的三十九節
[00:22:22.800 --> 00:22:23.800]  就說
[00:22:23.800 --> 00:22:25.800]  在前頭走的人
[00:22:25.800 --> 00:22:27.800]  就責備他
[00:22:27.800 --> 00:22:29.800]  不要出聲
[00:22:29.800 --> 00:22:31.800]  這些是什麼人
[00:22:31.800 --> 00:22:33.800]  在前頭走的人
[00:22:33.800 --> 00:22:34.800]  他沒有說
[00:22:34.800 --> 00:22:36.800]  這些是群眾裡的一份子
[00:22:36.800 --> 00:22:38.800]  應該是帶頭走的那些
[00:22:38.800 --> 00:22:40.800]  如果我們看回上下文
[00:22:40.800 --> 00:22:41.800]  特別是前文
[00:22:41.800 --> 00:22:43.800]  剛剛這段經文的前面
[00:22:43.800 --> 00:22:45.800]  就是耶穌跟十二個門徒說
[00:22:45.800 --> 00:22:47.800]  他第三次預言
[00:22:47.800 --> 00:22:48.800]  他要上耶路撒冷
[00:22:48.800 --> 00:22:51.800]  他將會遭受到什麼苦難
[00:22:51.800 --> 00:22:52.800]  被人唾棄
[00:22:52.800 --> 00:22:53.800]  被人殺
[00:22:53.800 --> 00:22:55.800]  然後復活
[00:22:55.800 --> 00:22:57.800]  門徒不明白
[00:22:57.800 --> 00:22:58.800]  耶穌說什麼
[00:22:58.800 --> 00:23:00.800]  接著就說這個故事
[00:23:00.800 --> 00:23:02.800]  所以當時門徒跟他在一起
[00:23:02.800 --> 00:23:04.800]  有一個很大的可能
[00:23:04.800 --> 00:23:07.800]  這些前頭的人
[00:23:07.800 --> 00:23:09.800]  包括了這十二個門徒
[00:23:09.800 --> 00:23:14.800]  他們是在攔阻
[00:23:14.800 --> 00:23:19.800]  這個人跟耶穌的相遇
[00:23:19.800 --> 00:23:20.800]  責備他們
[00:23:20.800 --> 00:23:23.800]  這個猜想是有道理的
[00:23:23.800 --> 00:23:25.800]  因為剛剛前面第十八章
[00:23:25.800 --> 00:23:27.800]  說的是一個事件
[00:23:27.800 --> 00:23:29.800]  有些人抱著嬰兒
[00:23:29.800 --> 00:23:30.800]  去到耶穌面前
[00:23:30.800 --> 00:23:31.800]  希望耶穌摸他
[00:23:31.800 --> 00:23:32.800]  這個夫子
[00:23:32.800 --> 00:23:33.800]  這個老師
[00:23:33.800 --> 00:23:34.800]  這個出名的人
[00:23:34.800 --> 00:23:35.800]  有能力的人
[00:23:35.800 --> 00:23:36.800]  可以摸他 祝福他
[00:23:36.800 --> 00:23:39.800]  門徒馬上就責備
[00:23:39.800 --> 00:23:40.800]  用同樣的字
[00:23:40.800 --> 00:23:41.800]  那些父母
[00:23:41.800 --> 00:23:43.800]  為什麼要攔阻那些小朋友
[00:23:43.800 --> 00:23:45.800]  去到耶穌面前呢
[00:23:45.800 --> 00:23:46.800]  所以耶穌才說
[00:23:46.800 --> 00:23:48.800]  小孩子要到我這裡來
[00:23:48.800 --> 00:23:50.800]  進天國的就好像小孩子一樣
[00:23:50.800 --> 00:23:53.800]  所以其實說門徒有份
[00:23:53.800 --> 00:23:58.800]  完全是合理的推想
[00:23:58.800 --> 00:24:00.800]  撒該這件事是怎樣呢
[00:24:00.800 --> 00:24:03.800]  他想跟耶穌有個相遇
[00:24:03.800 --> 00:24:08.800]  十九章第七節
[00:24:08.800 --> 00:24:10.800]  耶穌跟撒該說
[00:24:10.800 --> 00:24:11.800]  下來吧
[00:24:11.800 --> 00:24:14.800]  今天我一定住在你家裡
[00:24:14.800 --> 00:24:16.800]  撒該就很開心下來
[00:24:16.800 --> 00:24:18.800]  眾人看見
[00:24:18.800 --> 00:24:20.800]  都私下議論傳
[00:24:20.800 --> 00:24:24.800]  他警告罪人家裡去住宿
[00:24:24.800 --> 00:24:27.800]  剛才那些是明刀明槍的
[00:24:27.800 --> 00:24:30.800]  阻止人們去跟耶穌相遇
[00:24:30.800 --> 00:24:33.800]  因為耶穌出聲
[00:24:33.800 --> 00:24:35.800]  那些人暗地裡就在說
[00:24:35.800 --> 00:24:36.800]  不是吧
[00:24:36.800 --> 00:24:38.800]  去罪人家裡住
[00:24:38.800 --> 00:24:40.800]  跟他有什麼關係
[00:24:40.800 --> 00:24:42.800]  他值得嗎
[00:24:42.800 --> 00:24:43.800]  因為跟罪人一起
[00:24:43.800 --> 00:24:44.800]  跟人一起
[00:24:44.800 --> 00:24:47.800]  特別是交往 吃飯 住宿
[00:24:47.800 --> 00:24:49.800]  其實是一種很強烈的
[00:24:49.800 --> 00:24:50.800]  我們是同夥的
[00:24:50.800 --> 00:24:53.800]  我們是有關係的味道
[00:24:53.800 --> 00:24:55.800]  所以這兩個故事
[00:24:55.800 --> 00:24:57.800]  第二個相同的地方
[00:24:57.800 --> 00:24:59.800]  就是原來當耶穌說
[00:24:59.800 --> 00:25:00.800]  祂要尋找
[00:25:00.800 --> 00:25:02.800]  祂要拯救失散的人的時候
[00:25:02.800 --> 00:25:06.800]  周圍的人可能成為難阻
[00:25:06.800 --> 00:25:07.800]  大家都記得
[00:25:07.800 --> 00:25:10.800]  安息日 耶穌經常治病
[00:25:10.800 --> 00:25:11.800]  很多故事說
[00:25:11.800 --> 00:25:12.800]  安息日治病
[00:25:12.800 --> 00:25:13.800]  通常說這些事
[00:25:13.800 --> 00:25:15.800]  一定會發生這些事
[00:25:15.800 --> 00:25:17.800]  就是有些人在阻禦
[00:25:17.800 --> 00:25:19.800]  那些法利賽人 文士
[00:25:19.800 --> 00:25:20.800]  在說 什麼事
[00:25:20.800 --> 00:25:21.800]  安息日治病
[00:25:21.800 --> 00:25:22.800]  你要治病
[00:25:22.800 --> 00:25:23.800]  一個星期六日都可以治
[00:25:23.800 --> 00:25:25.800]  只是專心今天治
[00:25:25.800 --> 00:25:26.800]  不行的話
[00:25:26.800 --> 00:25:27.800]  耶穌就跟他對話
[00:25:27.800 --> 00:25:28.800]  對痕
[00:25:28.800 --> 00:25:29.800]  治好他
[00:25:29.800 --> 00:25:30.800]  都是在說一個
[00:25:30.800 --> 00:25:31.800]  在一個制度
[00:25:31.800 --> 00:25:33.800]  在一個文化裏面
[00:25:33.800 --> 00:25:34.800]  有些人
[00:25:34.800 --> 00:25:36.800]  耶穌說要找人
[00:25:36.800 --> 00:25:38.800]  祂要尋找 拯救的時候
[00:25:38.800 --> 00:25:39.800]  都會遇到群眾的
[00:25:39.800 --> 00:25:41.800]  周圍的人的難阻
[00:25:41.800 --> 00:25:44.800]  或者指責 質疑
[00:25:44.800 --> 00:25:45.800]  你可能說
[00:25:45.800 --> 00:25:46.800]  不會的
[00:25:46.800 --> 00:25:47.800]  那些人找耶穌
[00:25:47.800 --> 00:25:48.800]  要信耶穌
[00:25:48.800 --> 00:25:49.800]  要靠近耶穌
[00:25:49.800 --> 00:25:50.800]  我也不知道多開心
[00:25:50.800 --> 00:25:51.800]  我怎會難阻他呢
[00:25:51.800 --> 00:25:55.800]  大家是不是都很想
[00:25:55.800 --> 00:25:57.800]  你的父母信耶穌
[00:25:57.800 --> 00:25:59.800]  如果你父母未信主的話
[00:25:59.800 --> 00:26:01.800]  都很想的
[00:26:01.800 --> 00:26:02.800]  但你有沒有試過
[00:26:02.800 --> 00:26:03.800]  這樣說過
[00:26:03.800 --> 00:26:04.800]  或者聽過
[00:26:04.800 --> 00:26:06.800]  說他爸媽信耶穌
[00:26:06.800 --> 00:26:07.800]  是可以的
[00:26:07.800 --> 00:26:08.800]  我爸媽信耶穌
[00:26:08.800 --> 00:26:09.800]  是很難的
[00:26:09.800 --> 00:26:10.800]  不知道
[00:26:10.800 --> 00:26:12.800]  我起碼都這樣說過
[00:26:12.800 --> 00:26:13.800]  都想過
[00:26:13.800 --> 00:26:16.800]  這些都是某種程度的難阻
[00:26:16.800 --> 00:26:18.800]  心裏面的質疑
[00:26:18.800 --> 00:26:23.800]  所以我們要明白
[00:26:23.800 --> 00:26:24.800]  在耶穌說
[00:26:24.800 --> 00:26:26.800]  祂要尋找 拯救
[00:26:26.800 --> 00:26:27.800]  失散別人的時候
[00:26:27.800 --> 00:26:29.800]  往往身邊的人
[00:26:29.800 --> 00:26:32.800]  可能會成為難阻
[00:26:32.800 --> 00:26:35.800]  大家有沒有聽過一些說法
[00:26:35.800 --> 00:26:37.800]  可能你都會這樣想過
[00:26:37.800 --> 00:26:40.800]  我很難看見我的老闆
[00:26:40.800 --> 00:26:41.800]  他說他是基督徒
[00:26:41.800 --> 00:26:43.800]  看見他的行事為人
[00:26:43.800 --> 00:26:46.800]  我就覺得我很難信耶穌
[00:26:46.800 --> 00:26:47.800]  大家有沒有聽過
[00:26:47.800 --> 00:26:48.800]  或者這樣想過
[00:26:48.800 --> 00:26:50.800]  這些事情
[00:26:50.800 --> 00:26:53.800]  這些就是難阻的一種形式
[00:26:53.800 --> 00:26:55.800]  生命的見證
[00:26:55.800 --> 00:26:56.800]  諸如此類
[00:26:56.800 --> 00:26:57.800]  是會成為
[00:26:57.800 --> 00:26:58.800]  我們成為難阻
[00:26:58.800 --> 00:27:00.800]  耶穌去尋找
[00:27:00.800 --> 00:27:02.800]  拯救失散的人的一些事情
[00:27:02.800 --> 00:27:04.800]  這是第二個
[00:27:04.800 --> 00:27:05.800]  第三個
[00:27:05.800 --> 00:27:07.800]  他們共同的地方是什麼呢
[00:27:07.800 --> 00:27:08.800]  我們發覺
[00:27:08.800 --> 00:27:09.800]  這兩個人
[00:27:09.800 --> 00:27:12.800]  那個盲人和那個撒該
[00:27:12.800 --> 00:27:15.800]  耶穌說是他要尋找
[00:27:15.800 --> 00:27:16.800]  他要拯救
[00:27:16.800 --> 00:27:17.800]  但我發覺
[00:27:17.800 --> 00:27:19.800]  這兩個人不是坐著不動
[00:27:19.800 --> 00:27:22.800]  這兩個人都很努力
[00:27:22.800 --> 00:27:24.800]  你可以說是耶穌尋找他們
[00:27:24.800 --> 00:27:27.800]  同樣是那兩個人尋找耶穌
[00:27:27.800 --> 00:27:30.800]  這兩件事其實是一起發生的
[00:27:30.800 --> 00:27:33.800]  那個盲人做了什麼呢
[00:27:33.800 --> 00:27:35.800]  聽到耶穌的名字
[00:27:35.800 --> 00:27:38.800]  我想他對耶穌的認識都不算太多
[00:27:38.800 --> 00:27:40.800]  我相信
[00:27:40.800 --> 00:27:42.800]  但他知道耶穌是大衛的子孫
[00:27:42.800 --> 00:27:43.800]  說這個人很厲害
[00:27:43.800 --> 00:27:45.800]  這個人可以幫到我的
[00:27:45.800 --> 00:27:47.800]  雖然我不配
[00:27:47.800 --> 00:27:48.800]  但他是大衛的子孫
[00:27:48.800 --> 00:27:49.800]  可憐我吧
[00:27:49.800 --> 00:27:50.800]  他可憐我這句說話
[00:27:50.800 --> 00:27:51.800]  其實我也不配
[00:27:51.800 --> 00:27:53.800]  我也沒有什麼好東西
[00:27:53.800 --> 00:27:55.800]  你可憐我吧
[00:27:55.800 --> 00:27:56.800]  說了一次
[00:27:56.800 --> 00:27:57.800]  大聲地說
[00:27:57.800 --> 00:27:58.800]  他看不到大聲地說
[00:27:58.800 --> 00:28:00.800]  那些群眾阻止他
[00:28:00.800 --> 00:28:01.800]  他怎樣呢
[00:28:01.800 --> 00:28:02.800]  再來一次
[00:28:02.800 --> 00:28:03.800]  更大聲的
[00:28:03.800 --> 00:28:05.800]  他要讓耶穌聽到
[00:28:05.800 --> 00:28:07.800]  其實他是很努力的
[00:28:07.800 --> 00:28:11.800]  他是很想的
[00:28:11.800 --> 00:28:13.800]  他是很要的
[00:28:13.800 --> 00:28:14.800]  他很想得到
[00:28:14.800 --> 00:28:15.800]  叫他過來
[00:28:15.800 --> 00:28:16.800]  問他你想怎樣
[00:28:16.800 --> 00:28:17.800]  他想眼睛張開
[00:28:17.800 --> 00:28:18.800]  很清楚
[00:28:18.800 --> 00:28:19.800]  一清二楚
[00:28:19.800 --> 00:28:20.800]  他說可以了
[00:28:20.800 --> 00:28:22.800]  你的信救了你
[00:28:22.800 --> 00:28:23.800]  他很努力
[00:28:23.800 --> 00:28:27.800]  耶穌說他尋找拯救失散的人
[00:28:27.800 --> 00:28:30.800]  不代表那些人坐著不動
[00:28:30.800 --> 00:28:32.800]  他也有他們努力的地方
[00:28:32.800 --> 00:28:34.800]  撒該的故事
[00:28:34.800 --> 00:28:36.800]  同樣是說這件事
[00:28:36.800 --> 00:28:37.800]  他很矮
[00:28:37.800 --> 00:28:39.800]  看不到耶穌
[00:28:39.800 --> 00:28:40.800]  他爬上樹
[00:28:40.800 --> 00:28:43.800]  這個行動本身有點尷尬
[00:28:43.800 --> 00:28:45.800]  有點幽默
[00:28:45.800 --> 00:28:47.800]  有點諷刺
[00:28:47.800 --> 00:28:49.800]  看到他爬上樹上
[00:28:49.800 --> 00:28:53.800]  有點覺得這個人很小丑
[00:28:53.800 --> 00:28:55.800]  這樣的形容
[00:28:55.800 --> 00:28:59.800]  第十九章第三節
[00:28:59.800 --> 00:29:02.800]  他要看見耶穌是怎樣的人
[00:29:02.800 --> 00:29:04.800]  看上去寫法好像很輕鬆
[00:29:04.800 --> 00:29:05.800]  這個是誰
[00:29:05.800 --> 00:29:06.800]  聽他走過
[00:29:06.800 --> 00:29:08.800]  不如看看是甚麼人
[00:29:08.800 --> 00:29:09.800]  如果看原文
[00:29:09.800 --> 00:29:10.800]  看見這個字
[00:29:10.800 --> 00:29:12.800]  其實是兩個動詞組成的
[00:29:12.800 --> 00:29:16.800]  一個是尋找及看見
[00:29:16.800 --> 00:29:17.800]  兩個字加起來
[00:29:17.800 --> 00:29:19.800]  英文叫seek to see
[00:29:19.800 --> 00:29:21.800]  其實尋找這個字
[00:29:21.800 --> 00:29:23.800]  跟後面耶穌說
[00:29:23.800 --> 00:29:25.800]  他要來尋找的同一個字
[00:29:25.800 --> 00:29:29.800]  所以這裡是說撒該
[00:29:29.800 --> 00:29:31.800]  他不是這樣看的
[00:29:31.800 --> 00:29:33.800]  他真的很想很努力
[00:29:33.800 --> 00:29:35.800]  用盡他能夠有的方法
[00:29:35.800 --> 00:29:37.800]  爬上一棵樹
[00:29:37.800 --> 00:29:39.800]  然後很想看見
[00:29:39.800 --> 00:29:41.800]  看見這個耶穌是誰
[00:29:41.800 --> 00:29:43.800]  經文沒有交代
[00:29:43.800 --> 00:29:45.800]  他背後想些甚麼
[00:29:45.800 --> 00:29:46.800]  沒有詳細說的
[00:29:46.800 --> 00:29:48.800]  我們可以推想一下
[00:29:48.800 --> 00:29:49.800]  在路加福音裡面
[00:29:49.800 --> 00:29:51.800]  我們記得第五章
[00:29:51.800 --> 00:29:53.800]  耶穌曾經呼召瑞利利美
[00:29:53.800 --> 00:29:55.800]  第五章是這樣說的
[00:29:55.800 --> 00:29:58.800]  會不會利美是他的下線
[00:29:58.800 --> 00:30:00.800]  聽瑞利利美說
[00:30:00.800 --> 00:30:01.800]  這個耶穌很厲害
[00:30:01.800 --> 00:30:02.800]  他很厲害
[00:30:02.800 --> 00:30:03.800]  他很有能力
[00:30:03.800 --> 00:30:05.800]  跟他真是好了
[00:30:05.800 --> 00:30:06.800]  是不是他聽過這些
[00:30:06.800 --> 00:30:08.800]  或者聽過他的故事
[00:30:08.800 --> 00:30:09.800]  對他來說
[00:30:09.800 --> 00:30:12.800]  找耶穌是要發揮力的
[00:30:12.800 --> 00:30:13.800]  是要盡力的
[00:30:13.800 --> 00:30:15.800]  所以他要爬上一棵樹
[00:30:15.800 --> 00:30:19.800]  他要很努力尋尋尷尬
[00:30:19.800 --> 00:30:21.800]  或是尷尬
[00:30:21.800 --> 00:30:23.800]  或是不雅的動作
[00:30:23.800 --> 00:30:25.800]  他都要去
[00:30:25.800 --> 00:30:28.800]  所以無論是盲人大聲說
[00:30:28.800 --> 00:30:29.800]  他要見耶穌
[00:30:29.800 --> 00:30:30.800]  結果他看到
[00:30:30.800 --> 00:30:32.800]  撒該爬上樹要見耶穌
[00:30:32.800 --> 00:30:34.800]  結果耶穌抬頭一看
[00:30:34.800 --> 00:30:36.800]  大家看看這個形容
[00:30:36.800 --> 00:30:39.800]  耶穌經過樹下抬頭一看
[00:30:39.800 --> 00:30:41.800]  原本樹上他已經在望
[00:30:41.800 --> 00:30:43.800]  耶穌抬頭一看
[00:30:43.800 --> 00:30:46.800]  所以就是四目交投
[00:30:46.800 --> 00:30:49.800]  所以這一幕其實很有氣氛
[00:30:49.800 --> 00:30:51.800]  如果看戲劇
[00:30:51.800 --> 00:30:54.800]  兩個人多想找對方
[00:30:54.800 --> 00:30:56.800]  突然之間兩個人四目交投
[00:30:56.800 --> 00:30:58.800]  那一幕定住了
[00:30:58.800 --> 00:31:00.800]  一秒鐘
[00:31:00.800 --> 00:31:02.800]  接著耶穌就說
[00:31:02.800 --> 00:31:03.800]  撒該下來吧
[00:31:03.800 --> 00:31:06.800]  今天我一定要住在你家
[00:31:06.800 --> 00:31:07.800]  心理上的變化
[00:31:07.800 --> 00:31:09.800]  其實他完全不花筆去形容
[00:31:09.800 --> 00:31:11.800]  但其實透過這個描寫
[00:31:11.800 --> 00:31:14.800]  可以看到兩個人怎樣
[00:31:14.800 --> 00:31:17.800]  好像情人相見
[00:31:17.800 --> 00:31:19.800]  終於我們找到對方了
[00:31:19.800 --> 00:31:20.800]  於是就下來
[00:31:20.800 --> 00:31:23.800]  他很想表達這種氣氛
[00:31:23.800 --> 00:31:25.800]  找到了
[00:31:25.800 --> 00:31:27.800]  路加想強調的是
[00:31:27.800 --> 00:31:28.800]  當耶穌說他要尋找
[00:31:28.800 --> 00:31:30.800]  他要拯救失喪的人的時候
[00:31:30.800 --> 00:31:34.800]  耶穌的主動是沒有抹殺人的行動
[00:31:34.800 --> 00:31:36.800]  一方面耶穌在尋找
[00:31:36.800 --> 00:31:39.800]  另一方面那些人都在尋找
[00:31:39.800 --> 00:31:42.800]  你想想當日你怎樣尋找耶穌
[00:31:42.800 --> 00:31:44.800]  或者耶穌怎樣尋找你
[00:31:44.800 --> 00:31:46.800]  其實這個故事都是雙向的
[00:31:46.800 --> 00:31:48.800]  通常都是雙向的
[00:31:48.800 --> 00:31:50.800]  很多年前
[00:31:50.800 --> 00:31:51.800]  有些人帶我去算耶穌
[00:31:51.800 --> 00:31:52.800]  那時候我正在讀大學
[00:31:52.800 --> 00:31:56.800]  我傳科的同學
[00:31:56.800 --> 00:31:58.800]  跟我說耶穌好啊
[00:31:58.800 --> 00:32:00.800]  很多好事都說得很真
[00:32:00.800 --> 00:32:04.800]  我都覺得我相信你的誠信
[00:32:04.800 --> 00:32:05.800]  我都不會懷疑的
[00:32:05.800 --> 00:32:07.800]  不過我就說沒有理由
[00:32:07.800 --> 00:32:09.800]  只是你說我就說是
[00:32:09.800 --> 00:32:11.800]  都要經過我去找的
[00:32:11.800 --> 00:32:14.800]  所以那時候我就跟這位我不認識的神
[00:32:14.800 --> 00:32:16.800]  耶穌就祈禱
[00:32:16.800 --> 00:32:18.800]  當然那時候不知道祂在祈禱
[00:32:18.800 --> 00:32:19.800]  跟祂說如果祢是真的話
[00:32:19.800 --> 00:32:20.800]  我想找祢
[00:32:20.800 --> 00:32:22.800]  請祢讓我找到
[00:32:22.800 --> 00:32:23.800]  這是第一個
[00:32:23.800 --> 00:32:24.800]  另外第二個就是說
[00:32:24.800 --> 00:32:26.800]  世間上有這麼多個神
[00:32:26.800 --> 00:32:28.800]  這麼多種宗教
[00:32:28.800 --> 00:32:30.800]  基督教只是其中一種
[00:32:30.800 --> 00:32:32.800]  我怎麼知道有沒有找錯呢
[00:32:32.800 --> 00:32:34.800]  會不會佛教那個是呢
[00:32:34.800 --> 00:32:35.800]  道教那個是呢
[00:32:35.800 --> 00:32:36.800]  伊斯蘭教那個還是呢
[00:32:36.800 --> 00:32:37.800]  雖然我跟祂不認識
[00:32:37.800 --> 00:32:38.800]  不行我要找
[00:32:38.800 --> 00:32:39.800]  於是我就說
[00:32:39.800 --> 00:32:42.800]  等等先等我找你
[00:32:42.800 --> 00:32:44.800]  就是這樣的味道
[00:32:44.800 --> 00:32:47.800]  於是第一本書打了一本佛經
[00:32:47.800 --> 00:32:48.800]  當時我正在讀大學三年班
[00:32:48.800 --> 00:32:50.800]  讀數學的
[00:32:50.800 --> 00:32:51.800]  憑我的理智
[00:32:51.800 --> 00:32:53.800]  憑我的思考
[00:32:53.800 --> 00:32:56.800]  看看怎麼說
[00:32:56.800 --> 00:32:58.800]  書名也不會讀
[00:32:58.800 --> 00:33:00.800]  那個字
[00:33:00.800 --> 00:33:02.800]  什麼波爺
[00:33:02.800 --> 00:33:04.800]  現在有點瘋了
[00:33:04.800 --> 00:33:06.800]  看第一句
[00:33:06.800 --> 00:33:08.800]  似明非明
[00:33:08.800 --> 00:33:09.800]  看第二句
[00:33:09.800 --> 00:33:10.800]  越來越不明白
[00:33:10.800 --> 00:33:11.800]  第三句
[00:33:11.800 --> 00:33:13.800]  祂在說什麼呢
[00:33:13.800 --> 00:33:16.800]  我突然有一個醒悟
[00:33:16.800 --> 00:33:17.800]  過程中間我就說
[00:33:17.800 --> 00:33:19.800]  如果這位神是真的
[00:33:19.800 --> 00:33:21.800]  如果我也不明白
[00:33:21.800 --> 00:33:22.800]  當然現在回想
[00:33:22.800 --> 00:33:24.800]  當時有一點覺得自己很厲害
[00:33:24.800 --> 00:33:26.800]  我也不明白
[00:33:26.800 --> 00:33:28.800]  其他人怎麼明白呢
[00:33:28.800 --> 00:33:30.800]  是不是
[00:33:30.800 --> 00:33:32.800]  神不會這樣吧
[00:33:32.800 --> 00:33:34.800]  是不是
[00:33:34.800 --> 00:33:35.800]  但現在回想
[00:33:35.800 --> 00:33:37.800]  我覺得其實是神在找我
[00:33:37.800 --> 00:33:40.800]  不過我是用我自己的努力和方法
[00:33:40.800 --> 00:33:41.800]  這個過程中
[00:33:41.800 --> 00:33:44.800]  發覺其實我也有很努力的一部份
[00:33:44.800 --> 00:33:45.800]  看到的
[00:33:45.800 --> 00:33:47.800]  我想大家都有的
[00:33:47.800 --> 00:33:50.800]  我想不只是從未信到信
[00:33:50.800 --> 00:33:52.800]  其實在人生信仰的路程中間
[00:33:52.800 --> 00:33:54.800]  有時候我們離開神遠一點
[00:33:54.800 --> 00:33:55.800]  有時候某些打擊
[00:33:55.800 --> 00:33:57.800]  某些生活的狀況
[00:33:57.800 --> 00:34:00.800]  某些人生階段
[00:34:00.800 --> 00:34:02.800]  都令我們離開神遠了
[00:34:02.800 --> 00:34:05.800]  甚至我們可能會想離棄
[00:34:05.800 --> 00:34:07.800]  但耶穌說祂會回來
[00:34:07.800 --> 00:34:08.800]  祂會找我們
[00:34:08.800 --> 00:34:09.800]  這個過程中間
[00:34:09.800 --> 00:34:10.800]  可能我們也會找的
[00:34:10.800 --> 00:34:11.800]  我們也會找的
[00:34:11.800 --> 00:34:14.800]  所以不是抹殺了人的努力
[00:34:14.800 --> 00:34:16.800]  耶穌尋找失喪的人
[00:34:16.800 --> 00:34:18.800]  和失喪的人去尋找耶穌
[00:34:18.800 --> 00:34:20.800]  往往是同時發生的
[00:34:20.800 --> 00:34:24.800]  這是這兩個故事的第三個共同的地方
[00:34:24.800 --> 00:34:25.800]  第一個地方就是
[00:34:25.800 --> 00:34:28.800]  失喪的人是這個世界
[00:34:28.800 --> 00:34:30.800]  或者是自己的價值觀放棄的人
[00:34:30.800 --> 00:34:31.800]  第二種
[00:34:31.800 --> 00:34:32.800]  失喪的人
[00:34:32.800 --> 00:34:34.800]  身邊的人有時候會經歷難阻的
[00:34:34.800 --> 00:34:35.800]  這個就是第三個
[00:34:35.800 --> 00:34:37.800]  就是耶穌尋找失喪的人
[00:34:37.800 --> 00:34:39.800]  失喪的人都會尋找耶穌
[00:34:39.800 --> 00:34:40.800]  兩個相向的
[00:34:40.800 --> 00:34:41.800]  第四個最後一個
[00:34:41.800 --> 00:34:43.800]  這兩個故事給我們看到的
[00:34:43.800 --> 00:34:45.800]  就是失喪的人找耶穌
[00:34:45.800 --> 00:34:46.800]  找神的結果
[00:34:46.800 --> 00:34:48.800]  有個結果的
[00:34:48.800 --> 00:34:50.800]  帶來的就是
[00:34:50.800 --> 00:34:53.800]  更新和改變
[00:34:53.800 --> 00:34:57.800]  那個盲人他怎樣呢?
[00:34:57.800 --> 00:34:58.800]  康復了
[00:34:58.800 --> 00:35:00.800]  耶穌說你可以看見了
[00:35:00.800 --> 00:35:02.800]  你的信教了你
[00:35:02.800 --> 00:35:03.800]  所以十八章的最後一節
[00:35:03.800 --> 00:35:05.800]  四十三節就說
[00:35:05.800 --> 00:35:07.800]  核子立黑漢建廟
[00:35:07.800 --> 00:35:08.800]  就怎樣呢?
[00:35:08.800 --> 00:35:10.800]  就不是拍屁股回家
[00:35:10.800 --> 00:35:12.800]  是甚麼呢?
[00:35:12.800 --> 00:35:14.800]  就跟隨耶穌
[00:35:14.800 --> 00:35:15.800]  一路歸明耀彼神
[00:35:15.800 --> 00:35:17.800]  眾人都受感染
[00:35:17.800 --> 00:35:19.800]  於是漢建者是也
[00:35:19.800 --> 00:35:20.800]  讚美神
[00:35:20.800 --> 00:35:23.800]  這裡說他跟隨耶穌
[00:35:23.800 --> 00:35:25.800]  說得好像很簡單
[00:35:25.800 --> 00:35:26.800]  跟耶穌尾一樣
[00:35:26.800 --> 00:35:27.800]  其實這個形容
[00:35:27.800 --> 00:35:29.800]  大家想起甚麼呢?
[00:35:29.800 --> 00:35:31.800]  甚麼人會跟隨耶穌呢?
[00:35:31.800 --> 00:35:33.800]  就是門徒
[00:35:33.800 --> 00:35:35.800]  其實這個形容背後是有指向的
[00:35:35.800 --> 00:35:37.800]  雖然他認識的耶穌不是很多
[00:35:37.800 --> 00:35:39.800]  但經歷過耶穌的尋找
[00:35:39.800 --> 00:35:40.800]  尋見之後
[00:35:40.800 --> 00:35:42.800]  他就跟了
[00:35:42.800 --> 00:35:44.800]  他可能不知道
[00:35:44.800 --> 00:35:46.800]  跟隨耶穌其實是很慘烈的
[00:35:46.800 --> 00:35:48.800]  因為耶穌要上耶路撒冷
[00:35:48.800 --> 00:35:50.800]  其實是很困難的
[00:35:50.800 --> 00:35:52.800]  他看見耶穌被捉、被拿、被殺
[00:35:52.800 --> 00:35:54.800]  不知道他有甚麼感覺
[00:35:54.800 --> 00:35:56.800]  但他就跟隨耶穌
[00:35:56.800 --> 00:35:57.800]  這個跟隨
[00:35:57.800 --> 00:35:59.800]  甚至是沒有耶穌的吩咐
[00:35:59.800 --> 00:36:01.800]  是一個很自然的反應
[00:36:01.800 --> 00:36:03.800]  這個反應是心甘情願的
[00:36:03.800 --> 00:36:05.800]  一路歸明耀彼神
[00:36:05.800 --> 00:36:07.800]  你會發覺氣氛是很歡樂的
[00:36:07.800 --> 00:36:08.800]  很開心的
[00:36:08.800 --> 00:36:10.800]  可以跟隨耶穌真的好
[00:36:10.800 --> 00:36:14.800]  所以被耶穌尋見
[00:36:14.800 --> 00:36:15.800]  其實
[00:36:15.800 --> 00:36:17.800]  一個很自然的反應
[00:36:17.800 --> 00:36:19.800]  就是用生命的更新
[00:36:19.800 --> 00:36:20.800]  這個
[00:36:20.800 --> 00:36:22.800]  我們見到的
[00:36:22.800 --> 00:36:23.800]  是很快樂的
[00:36:23.800 --> 00:36:25.800]  很讚美神地
[00:36:25.800 --> 00:36:27.800]  成為了耶穌的門徒
[00:36:27.800 --> 00:36:29.800]  撒戈是怎樣的呢?
[00:36:29.800 --> 00:36:31.800]  他的反應是怎樣的呢?
[00:36:31.800 --> 00:36:35.800]  第八節
[00:36:35.800 --> 00:36:36.800]  第八節
[00:36:36.800 --> 00:36:38.800]  當撒戈一棵樹下來之後
[00:36:38.800 --> 00:36:40.800]  不知道是否經過了去耶穌的家住了一晚
[00:36:40.800 --> 00:36:42.800]  這個我們不太知道
[00:36:42.800 --> 00:36:43.800]  路加是否很濃縮地寫
[00:36:43.800 --> 00:36:44.800]  還是跟著寫下去呢?
[00:36:44.800 --> 00:36:45.800]  無論如何
[00:36:45.800 --> 00:36:46.800]  聖經是這樣說的
[00:36:46.800 --> 00:36:48.800]  撒戈站著對主說
[00:36:48.800 --> 00:36:49.800]  說甚麼呢?
[00:36:49.800 --> 00:36:50.800]  主啊
[00:36:50.800 --> 00:36:52.800]  我把所有的一半給窮人
[00:36:52.800 --> 00:36:55.800]  我若無債了償就還他四倍
[00:36:55.800 --> 00:36:57.800]  有些學者認為
[00:36:57.800 --> 00:37:00.800]  這個是撒戈一貫的做法
[00:37:00.800 --> 00:37:01.800]  他之前也是這樣做的
[00:37:01.800 --> 00:37:03.800]  因為這個是pleasant tense
[00:37:03.800 --> 00:37:05.800]  但我想不詳細講文法
[00:37:05.800 --> 00:37:07.800]  不過這個故事的敘述
[00:37:07.800 --> 00:37:09.800]  連貫性應該是指向著
[00:37:09.800 --> 00:37:11.800]  他接下來的改變
[00:37:11.800 --> 00:37:13.800]  撒戈就說
[00:37:13.800 --> 00:37:16.800]  我的身家一半給窮人
[00:37:16.800 --> 00:37:19.800]  這個有少少影射著之前的故事
[00:37:19.800 --> 00:37:21.800]  因為剛剛十八章有一個故事
[00:37:21.800 --> 00:37:22.800]  有一個少年的官
[00:37:22.800 --> 00:37:23.800]  有錢的官去見耶穌
[00:37:23.800 --> 00:37:25.800]  就說我怎樣做才可以永生
[00:37:25.800 --> 00:37:26.800]  耶穌就說你做完這些奸命
[00:37:26.800 --> 00:37:27.800]  未有做完
[00:37:27.800 --> 00:37:28.800]  OK
[00:37:28.800 --> 00:37:29.800]  這樣嗎?
[00:37:29.800 --> 00:37:30.800]  那你怎樣?
[00:37:30.800 --> 00:37:31.800]  把你的錢都賣給窮人
[00:37:31.800 --> 00:37:32.800]  跟我
[00:37:32.800 --> 00:37:35.800]  就是這兩個故事的濃縮版
[00:37:35.800 --> 00:37:37.800]  那個人就悠悠愁愁地走了
[00:37:37.800 --> 00:37:39.800]  跟著耶穌就說
[00:37:39.800 --> 00:37:40.800]  有錢人進神國
[00:37:40.800 --> 00:37:41.800]  很難的
[00:37:41.800 --> 00:37:43.800]  好像駱駝穿過針孔那麼難
[00:37:43.800 --> 00:37:44.800]  這個就告訴我們
[00:37:44.800 --> 00:37:46.800]  現在就是駱駝怎樣穿過針孔
[00:37:46.800 --> 00:37:48.800]  這個難度就在這裡發生了
[00:37:48.800 --> 00:37:51.800]  這個撒戈他怎樣
[00:37:51.800 --> 00:37:53.800]  他說我將一半的給窮人
[00:37:53.800 --> 00:37:54.800]  剩下的那一半
[00:37:54.800 --> 00:37:55.800]  他就說如果騙了誰
[00:37:55.800 --> 00:37:57.800]  我就還他四倍
[00:37:57.800 --> 00:37:59.800]  其實還他四倍
[00:37:59.800 --> 00:38:01.800]  這件事騙人還四倍
[00:38:01.800 --> 00:38:03.800]  是有舊約的典故的
[00:38:03.800 --> 00:38:05.800]  《聰安及記》第22章這樣說
[00:38:05.800 --> 00:38:09.800]  如果說你騙了人的牛啊羊啊
[00:38:09.800 --> 00:38:11.800]  《聰安及記》第22章第一節
[00:38:11.800 --> 00:38:13.800]  就說人要偷牛或者羊
[00:38:13.800 --> 00:38:15.800]  無論是左鳥是賣鳥
[00:38:15.800 --> 00:38:16.800]  怎樣呢?
[00:38:16.800 --> 00:38:17.800]  就要以五牛賠一牛
[00:38:17.800 --> 00:38:18.800]  四羊賠一羊
[00:38:18.800 --> 00:38:19.800]  這樣
[00:38:19.800 --> 00:38:20.800]  這裡都沒有說得很詳細
[00:38:20.800 --> 00:38:21.800]  四或五都可以
[00:38:21.800 --> 00:38:22.800]  都可以的
[00:38:22.800 --> 00:38:23.800]  總之你要賠
[00:38:23.800 --> 00:38:24.800]  賠倍數的
[00:38:24.800 --> 00:38:26.800]  這個撒戈就說
[00:38:26.800 --> 00:38:27.800]  騙誰
[00:38:27.800 --> 00:38:28.800]  我賠他四倍
[00:38:28.800 --> 00:38:31.800]  《撒姆意見下》第12章有這樣的記載
[00:38:31.800 --> 00:38:34.800]  他必償還羊羔四倍
[00:38:34.800 --> 00:38:35.800]  這句話
[00:38:35.800 --> 00:38:37.800]  可能你猜不到是誰說的
[00:38:37.800 --> 00:38:39.800]  這句話是大衛說的
[00:38:39.800 --> 00:38:41.800]  這個故事是說什麼呢?
[00:38:41.800 --> 00:38:42.800]  大衛
[00:38:42.800 --> 00:38:44.800]  是大衛犯罪之後
[00:38:44.800 --> 00:38:46.800]  麥氏巴奸淫之後
[00:38:46.800 --> 00:38:48.800]  先知那丹尼見他
[00:38:48.800 --> 00:38:49.800]  作了一個故事跟你說
[00:38:49.800 --> 00:38:52.800]  窮人家裡只有一隻羊
[00:38:52.800 --> 00:38:53.800]  什麼都沒有
[00:38:53.800 --> 00:38:55.800]  一個有錢人家裡有很多牛羊
[00:38:55.800 --> 00:38:56.800]  他要宴客
[00:38:56.800 --> 00:38:57.800]  他怎樣呢?
[00:38:57.800 --> 00:38:58.800]  他就不捨得宰自己的羊
[00:38:58.800 --> 00:38:59.800]  宰了那隻羊
[00:38:59.800 --> 00:39:00.800]  大衛聽了之後
[00:39:00.800 --> 00:39:01.800]  他很生氣
[00:39:01.800 --> 00:39:02.800]  搞錯了這個人
[00:39:02.800 --> 00:39:03.800]  該死
[00:39:03.800 --> 00:39:04.800]  他應該還他四倍
[00:39:04.800 --> 00:39:05.800]  他這樣說
[00:39:05.800 --> 00:39:06.800]  當然先知就說
[00:39:06.800 --> 00:39:07.800]  這個就是你
[00:39:07.800 --> 00:39:09.800]  就是這個故事
[00:39:09.800 --> 00:39:10.800]  但這個故事背後
[00:39:10.800 --> 00:39:11.800]  引申有一個
[00:39:11.800 --> 00:39:12.800]  就是大衛
[00:39:12.800 --> 00:39:13.800]  裡面都有一個
[00:39:13.800 --> 00:39:15.800]  律法的概念
[00:39:15.800 --> 00:39:16.800]  騙了人
[00:39:16.800 --> 00:39:17.800]  拿了人家的東西
[00:39:17.800 --> 00:39:18.800]  不只是給人家算帳
[00:39:18.800 --> 00:39:20.800]  要還人家四倍
[00:39:20.800 --> 00:39:22.800]  在猶太人的傳統裡面
[00:39:22.800 --> 00:39:24.800]  這個觀念是一直傳下來的
[00:39:24.800 --> 00:39:26.800]  所以對這個撒戈來說
[00:39:26.800 --> 00:39:27.800]  他就說
[00:39:27.800 --> 00:39:28.800]  我會這樣做的
[00:39:28.800 --> 00:39:29.800]  我答應
[00:39:29.800 --> 00:39:30.800]  我會這樣做
[00:39:30.800 --> 00:39:31.800]  對著耶穌說
[00:39:31.800 --> 00:39:32.800]  對著眾人
[00:39:32.800 --> 00:39:33.800]  這樣說
[00:39:33.800 --> 00:39:34.800]  這個就是他
[00:39:34.800 --> 00:39:36.800]  生命的那種更新
[00:39:36.800 --> 00:39:38.800]  或者是改變
[00:39:38.800 --> 00:39:42.800]  所以耶穌就說
[00:39:42.800 --> 00:39:44.800]  今天救恩到了你家裡
[00:39:44.800 --> 00:39:46.800]  因為他也是亞伯拉罕的子孫
[00:39:46.800 --> 00:39:49.800]  他也是按照著他認識的律法
[00:39:49.800 --> 00:39:51.800]  他在回應
[00:39:51.800 --> 00:39:54.800]  他的生命那種更新和改變
[00:39:54.800 --> 00:39:56.800]  為什麼撒戈有這麼大的改變
[00:39:56.800 --> 00:39:57.800]  如果你是他
[00:39:57.800 --> 00:39:58.800]  你會不會這樣呢
[00:39:59.800 --> 00:40:01.800]  你只是跟他住一晚
[00:40:01.800 --> 00:40:04.800]  在他家裡吃一頓飯
[00:40:04.800 --> 00:40:06.800]  嘩 有這麼大的改變
[00:40:06.800 --> 00:40:08.800]  我相信
[00:40:08.800 --> 00:40:10.800]  接納
[00:40:10.800 --> 00:40:13.800]  其實這是一個很大的power
[00:40:13.800 --> 00:40:15.800]  的一個行動
[00:40:15.800 --> 00:40:16.800]  我想對撒戈來說
[00:40:16.800 --> 00:40:18.800]  他人生最缺乏的
[00:40:18.800 --> 00:40:19.800]  他最需要的
[00:40:19.800 --> 00:40:21.800]  就是這件事
[00:40:21.800 --> 00:40:22.800]  他被同胞棄絕
[00:40:22.800 --> 00:40:23.800]  他有錢
[00:40:23.800 --> 00:40:25.800]  他甚至有地位
[00:40:25.800 --> 00:40:27.800]  在社會上
[00:40:27.800 --> 00:40:28.800]  他大財主
[00:40:28.800 --> 00:40:30.800]  有很多人幫他賺錢
[00:40:30.800 --> 00:40:33.800]  但是其實他想要的
[00:40:33.800 --> 00:40:34.800]  最想要的就是
[00:40:34.800 --> 00:40:35.800]  沒有了
[00:40:35.800 --> 00:40:36.800]  他的同胞
[00:40:36.800 --> 00:40:38.800]  他的鄰舍
[00:40:38.800 --> 00:40:39.800]  不喜歡他
[00:40:39.800 --> 00:40:41.800]  耶穌說他可以在這裡住
[00:40:41.800 --> 00:40:42.800]  旁邊的人都在這裡
[00:40:42.800 --> 00:40:44.800]  暗生暗死
[00:40:44.800 --> 00:40:46.800]  所以當耶穌真是真心的
[00:40:46.800 --> 00:40:48.800]  歡歡喜喜的接納他的時候
[00:40:48.800 --> 00:40:50.800]  耶穌也沒有吩咐他
[00:40:50.800 --> 00:40:52.800]  盲人和撒戈都是一樣的
[00:40:52.800 --> 00:40:53.800]  不是耶穌吩咐的
[00:40:53.800 --> 00:40:55.800]  無論盲人的跟從
[00:40:55.800 --> 00:40:56.800]  這個撒戈的反應
[00:40:56.800 --> 00:40:58.800]  是他自動的
[00:40:58.800 --> 00:40:59.800]  自發的
[00:40:59.800 --> 00:41:00.800]  自覺的
[00:41:00.800 --> 00:41:03.800]  他就帶來這種改變
[00:41:03.800 --> 00:41:06.800]  我們中間有很多父母
[00:41:06.800 --> 00:41:08.800]  大家有沒有看過一本書
[00:41:08.800 --> 00:41:11.800]  6A的力量
[00:41:11.800 --> 00:41:13.800]  沒看應該看過
[00:41:13.800 --> 00:41:16.800]  做父母怎樣管教子女
[00:41:16.800 --> 00:41:17.800]  有六條A
[00:41:17.800 --> 00:41:18.800]  就是六個方法
[00:41:18.800 --> 00:41:19.800]  六個向度
[00:41:19.800 --> 00:41:21.800]  第一個A就是acceptance
[00:41:21.800 --> 00:41:22.800]  就是在說這件事
[00:41:22.800 --> 00:41:24.800]  我們要無條件的去愛
[00:41:24.800 --> 00:41:25.800]  去接納自己的子女
[00:41:25.800 --> 00:41:28.800]  這個才是帶給他們最大的安全感
[00:41:28.800 --> 00:41:32.800]  以至他們能夠生命的種種改變
[00:41:32.800 --> 00:41:34.800]  親子關係的起步
[00:41:34.800 --> 00:41:37.800]  就是從這個接納他開始的
[00:41:37.800 --> 00:41:39.800]  不因為他有什麼表現
[00:41:39.800 --> 00:41:40.800]  行為
[00:41:40.800 --> 00:41:42.800]  這個是他的理論
[00:41:42.800 --> 00:41:43.800]  所以我想
[00:41:43.800 --> 00:41:45.800]  其實這個的確是
[00:41:45.800 --> 00:41:49.800]  人的很大的需要
[00:41:49.800 --> 00:41:51.800]  有時候我看一些
[00:41:51.800 --> 00:41:54.800]  甚至一些很難改變的同性戀
[00:41:54.800 --> 00:41:57.800]  那種生命其實是
[00:41:57.800 --> 00:41:58.800]  通常是怎樣改變的呢
[00:41:58.800 --> 00:42:00.800]  很多的見證都是說
[00:42:00.800 --> 00:42:02.800]  是因為這個的緣故
[00:42:02.800 --> 00:42:03.800]  因為他被接納
[00:42:03.800 --> 00:42:04.800]  之後呢
[00:42:04.800 --> 00:42:07.800]  不是這個行為被接納
[00:42:07.800 --> 00:42:08.800]  是這個人被接納
[00:42:08.800 --> 00:42:10.800]  之後就會帶來改變
[00:42:10.800 --> 00:42:12.800]  但這條路當然是漫長
[00:42:12.800 --> 00:42:14.800]  不是帶過去一下就可以
[00:42:14.800 --> 00:42:17.800]  這本書6A的力量
[00:42:17.800 --> 00:42:18.800]  這本書的作者
[00:42:18.800 --> 00:42:19.800]  他也是一個目者
[00:42:19.800 --> 00:42:23.800]  他也想怎樣實踐這件事
[00:42:23.800 --> 00:42:24.800]  他思考了一個問題
[00:42:24.800 --> 00:42:25.800]  他有一個女兒
[00:42:25.800 --> 00:42:27.800]  在女兒13歲的時候
[00:42:27.800 --> 00:42:29.800]  他跟女兒說了一番話
[00:42:29.800 --> 00:42:31.800]  女兒如果有一天
[00:42:31.800 --> 00:42:34.800]  你意外懷孕
[00:42:34.800 --> 00:42:36.800]  你會不會跟我說呢
[00:42:36.800 --> 00:42:39.800]  他其實是嘗試挑戰自己
[00:42:39.800 --> 00:42:41.800]  女兒就說
[00:42:41.800 --> 00:42:43.800]  我會跟你說的
[00:42:43.800 --> 00:42:45.800]  無論怎樣都好
[00:42:45.800 --> 00:42:48.800]  我都會愛你的
[00:42:48.800 --> 00:42:49.800]  接納你的
[00:42:49.800 --> 00:42:50.800]  跟你一起面對你的問題
[00:42:50.800 --> 00:42:52.800]  如果發生這件事的話
[00:42:52.800 --> 00:42:54.800]  我想這也是一種
[00:42:54.800 --> 00:42:58.800]  接納帶給人的更新改變
[00:42:58.800 --> 00:43:02.800]  其實耶穌也沒有要求
[00:43:02.800 --> 00:43:04.800]  撒該做些什麼
[00:43:04.800 --> 00:43:06.800]  但耶穌就對這位
[00:43:06.800 --> 00:43:08.800]  在人眼中的罪人
[00:43:08.800 --> 00:43:10.800]  帶來很大的
[00:43:10.800 --> 00:43:11.800]  他最需要的地方
[00:43:11.800 --> 00:43:14.800]  在那裡接納他
[00:43:14.800 --> 00:43:16.800]  失喪的人
[00:43:16.800 --> 00:43:17.800]  第四件事
[00:43:17.800 --> 00:43:18.800]  失喪的人
[00:43:18.800 --> 00:43:21.800]  是經歷主而發生改變的人
[00:43:21.800 --> 00:43:24.800]  是一個跟隨主的人
[00:43:24.800 --> 00:43:26.800]  如果我們說
[00:43:26.800 --> 00:43:28.800]  這個失喪這個字
[00:43:28.800 --> 00:43:30.800]  除了解釋為迷失
[00:43:30.800 --> 00:43:32.800]  迷路失去之外
[00:43:32.800 --> 00:43:35.800]  還有一個就是喪命的意思
[00:43:35.800 --> 00:43:37.800]  如果經歷過神的拯救
[00:43:37.800 --> 00:43:39.800]  耶穌說來尋找
[00:43:39.800 --> 00:43:40.800]  就要拯救
[00:43:40.800 --> 00:43:42.800]  經歷過耶穌拯救的人
[00:43:42.800 --> 00:43:43.800]  其實他的生命
[00:43:43.800 --> 00:43:46.800]  會帶來一個悔改改變
[00:43:46.800 --> 00:43:48.800]  包括了悔改調轉
[00:43:48.800 --> 00:43:51.800]  以至能夠顯得出這一種
[00:43:51.800 --> 00:43:53.800]  眼可以看到的改變
[00:43:53.800 --> 00:43:55.800]  正如撒該一樣
[00:43:55.800 --> 00:43:58.800]  我們都是經歷過耶穌的尋找的人
[00:43:58.800 --> 00:44:01.800]  耶穌的尋找
[00:44:01.800 --> 00:44:03.800]  或者耶穌的拯救
[00:44:03.800 --> 00:44:05.800]  當然我們的故事每個人都不同
[00:44:05.800 --> 00:44:08.800]  我們是不是都像盲眼的人一樣
[00:44:08.800 --> 00:44:10.800]  好像撒該一樣
[00:44:10.800 --> 00:44:12.800]  帶給我們悔改
[00:44:12.800 --> 00:44:13.800]  變化
[00:44:13.800 --> 00:44:14.800]  更新
[00:44:14.800 --> 00:44:17.800]  成為一個跟隨主的人
[00:44:17.800 --> 00:44:20.800]  失喪的人包括了所有階層的人
[00:44:20.800 --> 00:44:22.800]  失喪的人包括了信了的
[00:44:22.800 --> 00:44:23.800]  包括了未信的
[00:44:23.800 --> 00:44:25.800]  失喪的人是那些因為這個世界
[00:44:25.800 --> 00:44:27.800]  或者自己價值觀被放棄的人
[00:44:27.800 --> 00:44:29.800]  失喪的人是被這個世界
[00:44:29.800 --> 00:44:31.800]  被這個環境攔阻的
[00:44:31.800 --> 00:44:33.800]  失喪的人尋找耶穌
[00:44:33.800 --> 00:44:35.800]  是同時他
[00:44:35.800 --> 00:44:38.800]  和耶穌尋找他同時發生的
[00:44:38.800 --> 00:44:39.800]  而失喪的人最後
[00:44:39.800 --> 00:44:42.800]  他都是一個經歷主而發生改變的人
[00:44:42.800 --> 00:44:45.800]  這些就是失喪的人
[00:44:45.800 --> 00:44:47.800]  耶穌這句說話
[00:44:47.800 --> 00:44:49.800]  人子來說要尋找拯救失喪的人
[00:44:49.800 --> 00:44:51.800]  其實有個典故的原來
[00:44:51.800 --> 00:44:53.800]  在舊約裡面有個典故的
[00:44:53.800 --> 00:44:56.800]  以西傑書34章第11節
[00:44:56.800 --> 00:44:58.800]  有個這樣的說話
[00:44:58.800 --> 00:45:00.800]  他說主又說
[00:45:00.800 --> 00:45:01.800]  這樣說
[00:45:01.800 --> 00:45:04.800]  我必親自尋找我的羊
[00:45:04.800 --> 00:45:06.800]  將牠們尋見
[00:45:06.800 --> 00:45:08.800]  有這句說話
[00:45:08.800 --> 00:45:11.800]  這句說話的上下文
[00:45:11.800 --> 00:45:13.800]  其實都是很悲哀的
[00:45:13.800 --> 00:45:15.800]  那時候以色列民被擄
[00:45:15.800 --> 00:45:17.800]  他們失散
[00:45:17.800 --> 00:45:19.800]  神透過先知以西傑
[00:45:19.800 --> 00:45:21.800]  就說他們的祭司
[00:45:21.800 --> 00:45:22.800]  他們的領袖
[00:45:22.800 --> 00:45:24.800]  沒有做到他們應該要做的事
[00:45:24.800 --> 00:45:26.800]  他們應該要尋找他們
[00:45:26.800 --> 00:45:27.800]  應該要找他們回來
[00:45:27.800 --> 00:45:28.800]  應該要醫治他們
[00:45:28.800 --> 00:45:30.800]  受傷的應該要前果
[00:45:30.800 --> 00:45:32.800]  或者迷失的應該要找他們回來
[00:45:32.800 --> 00:45:33.800]  等等等等
[00:45:33.800 --> 00:45:34.800]  不過他們沒有做
[00:45:34.800 --> 00:45:36.800]  所以耶和華神就很怒氣
[00:45:36.800 --> 00:45:37.800]  他就說
[00:45:37.800 --> 00:45:38.800]  OK
[00:45:38.800 --> 00:45:40.800]  他說什麼
[00:45:40.800 --> 00:45:42.800]  你們不去
[00:45:42.800 --> 00:45:44.800]  我就會親自去尋找
[00:45:44.800 --> 00:45:45.800]  所以耶穌在這裡
[00:45:45.800 --> 00:45:47.800]  其實是應驗了舊約
[00:45:47.800 --> 00:45:49.800]  這個這樣的說話
[00:45:49.800 --> 00:45:52.800]  他會親自去尋找包裹和餵藥
[00:45:52.800 --> 00:45:54.800]  今天我們都可能會經歷過
[00:45:54.800 --> 00:45:56.800]  這一份恩情
[00:45:56.800 --> 00:45:59.800]  所以得喪的人經歷過
[00:45:59.800 --> 00:46:01.800]  我們其實都可以學習
[00:46:01.800 --> 00:46:02.800]  這兩個故事裏面
[00:46:02.800 --> 00:46:06.800]  帶給我們種種的體會
[00:46:06.800 --> 00:46:08.800]  願主祝福我們
[00:46:08.800 --> 00:46:09.800]  帶我們
[00:46:09.800 --> 00:46:11.800]  無論環境多麼惡劣也好
[00:46:11.800 --> 00:46:13.800]  無論我們在什麼地方
[00:46:13.800 --> 00:46:15.800]  在什麼遭遇
[00:46:15.800 --> 00:46:16.800]  願我們的生命
[00:46:16.800 --> 00:46:19.800]  都好像已經被尋找的失喪的人一樣
[00:46:19.800 --> 00:46:21.800]  去回應我們的神
[00:46:21.800 --> 00:46:22.800]  我們一起祈禱
