
[00:00:00.000 --> 00:00:03.360]  讓我們再次低頭去禱告
[00:00:03.360 --> 00:00:06.540]  主啊!當我們安靜下來的時候
[00:00:06.540 --> 00:00:10.040]  我們都發覺自己裏面有很多聲音
[00:00:10.040 --> 00:00:11.880]  很紛亂的世界
[00:00:11.880 --> 00:00:15.440]  令到我們裏面有很多雜音
[00:00:15.440 --> 00:00:19.760]  主啊!我們實在是活在一個
[00:00:19.760 --> 00:00:22.320]  很紛亂的世代
[00:00:22.320 --> 00:00:25.800]  主啊!我們聽到很多似是而非的訊息
[00:00:25.800 --> 00:00:30.720]  很多人慫恿我們去投身在不同的事情上
[00:00:30.720 --> 00:00:32.400]  主啊!但是我們感恩
[00:00:32.400 --> 00:00:35.400]  因為在我們裏面有真理的靈
[00:00:35.400 --> 00:00:38.740]  去教導我們去分辨善惡
[00:00:38.740 --> 00:00:42.080]  主啊!我們真的很需要抓緊自己的話
[00:00:42.080 --> 00:00:44.880]  特別是在這個紛亂的世代裏面
[00:00:44.880 --> 00:00:48.560]  我們去抓緊什麼是真什麼是假
[00:00:48.560 --> 00:00:51.880]  以致我們真的能夠站立得穩
[00:00:51.880 --> 00:00:54.320]  直到你再回來的日子
[00:00:54.320 --> 00:00:57.840]  求主你的聖靈藉著今日約翰的訊息
[00:00:57.840 --> 00:00:59.400]  去幫助我們
[00:00:59.400 --> 00:01:02.000]  更加讓我們走出來
[00:01:02.000 --> 00:01:04.920]  讓你自己的名得著高舉
[00:01:04.920 --> 00:01:06.040]  求主引導我們
[00:01:06.040 --> 00:01:08.320]  讓聖靈引導我們進入真理
[00:01:08.320 --> 00:01:09.840]  多謝你!聽我們禱告
[00:01:09.840 --> 00:01:11.560]  奉耶穌基督的名
[00:01:11.560 --> 00:01:12.440]  阿門
[00:01:12.440 --> 00:01:14.840]  請PowerPoint
[00:01:14.840 --> 00:01:17.120]  展示那張圖片
[00:01:17.120 --> 00:01:21.280]  近幾年因為世界局勢突然風雲變色
[00:01:21.280 --> 00:01:24.120]  加上很多人都要留在家裏
[00:01:24.120 --> 00:01:26.120]  去面對這個疫情
[00:01:26.120 --> 00:01:31.800]  於是就開始造就了一班叫網絡紅人KOL的出現
[00:01:31.800 --> 00:01:34.760]  他們會利用不同的社交媒體
[00:01:34.760 --> 00:01:39.880]  在網絡上自由地發放他們對世局的見解
[00:01:39.880 --> 00:01:41.800]  他們會分析時局
[00:01:41.800 --> 00:01:43.160]  鑒古知今
[00:01:43.160 --> 00:01:45.200]  為人類預測未來
[00:01:45.200 --> 00:01:47.240]  叫人怎樣去吹吉避凶
[00:01:47.240 --> 00:01:48.480]  找緊機會
[00:01:48.480 --> 00:01:52.600]  例如會叫你去投資那些比特幣
[00:01:52.600 --> 00:01:56.680]  在內地甚至有些大學
[00:01:56.680 --> 00:01:59.120]  就開始一些叫網紅系
[00:01:59.120 --> 00:02:02.720]  專門訓練這些KOL
[00:02:02.720 --> 00:02:06.800]  其實你聽這些網紅的內容
[00:02:06.800 --> 00:02:08.680]  大家有沒有聽過?
[00:02:08.680 --> 00:02:11.160]  這些大家一定有
[00:02:11.160 --> 00:02:13.360]  你聽這些KOL的分析
[00:02:13.360 --> 00:02:15.440]  有時都相當動聽
[00:02:15.440 --> 00:02:18.600]  亦好像很有說服力
[00:02:18.600 --> 00:02:21.320]  但其實不乏它的危機
[00:02:21.320 --> 00:02:22.720]  危機是甚麼呢?
[00:02:22.720 --> 00:02:24.880]  其實很多人發現
[00:02:24.880 --> 00:02:27.800]  他們有很多失實的報道
[00:02:27.800 --> 00:02:30.600]  有時他們講的內容是失實
[00:02:30.600 --> 00:02:33.600]  又或者他們自己堪稱有的學歷
[00:02:33.600 --> 00:02:35.600]  都可能是假的
[00:02:35.600 --> 00:02:38.160]  甚至都會發現這些人
[00:02:38.160 --> 00:02:40.920]  好像很有說服力
[00:02:40.920 --> 00:02:44.800]  但其實可能他們曾經都犯過一些不道德
[00:02:44.800 --> 00:02:46.640]  或者是違法的事
[00:02:46.640 --> 00:02:50.840]  令到人對他們的信任度大打折扣
[00:02:50.840 --> 00:02:54.000]  這些KOL的出現
[00:02:54.000 --> 00:02:56.320]  都令我聯想到
[00:02:56.320 --> 00:02:59.080]  耶穌基督在祂在世的時候
[00:02:59.080 --> 00:03:02.000]  祂都預言過在末世的日子
[00:03:02.000 --> 00:03:03.800]  就會有甚麼出現呢?
[00:03:03.800 --> 00:03:06.280]  就是有些叫做無牌的基督
[00:03:06.280 --> 00:03:08.040]  假基督的出現
[00:03:08.040 --> 00:03:10.520]  或者是基督的A4版出現
[00:03:10.520 --> 00:03:13.440]  他們的目的就是迷惑人的心
[00:03:13.440 --> 00:03:14.800]  去離開神
[00:03:14.800 --> 00:03:16.800]  我們看看這一段經文
[00:03:16.800 --> 00:03:19.920]  《馬太福音》第24章裏面
[00:03:19.920 --> 00:03:21.400]  耶穌這樣說
[00:03:21.400 --> 00:03:24.920]  「你們要謹慎,免得有人迷惑你們
[00:03:24.920 --> 00:03:27.600]  因為將有好些人冒我的名來
[00:03:27.600 --> 00:03:29.120]  說我是基督
[00:03:29.120 --> 00:03:31.320]  並且要迷惑許多人
[00:03:31.320 --> 00:03:34.840]  且有好些假先知起來,迷惑許多人」
[00:03:34.840 --> 00:03:38.480]  我們知道末日越來越近的時候
[00:03:38.480 --> 00:03:42.240]  這些人的行為是越來越猖狂
[00:03:42.240 --> 00:03:44.240]  他們的伎倆
[00:03:44.240 --> 00:03:46.840]  也是越來越難去洞悉
[00:03:47.520 --> 00:03:50.760]  其實過去幾年,我想大家想像
[00:03:50.760 --> 00:03:53.360]  發生的事就是
[00:03:53.360 --> 00:03:54.640]  如果我們在世界
[00:03:54.640 --> 00:03:55.840]  去比喻做一個
[00:03:55.840 --> 00:03:58.720]  本來是一個相當平靜的海洋
[00:03:58.720 --> 00:04:03.360]  平靜的意思不是說完全沒有罪
[00:04:03.360 --> 00:04:04.880]  意思就是說
[00:04:04.880 --> 00:04:09.200]  很多的問題是一直沉積在海床的下方
[00:04:09.200 --> 00:04:11.200]  我們是不為意的
[00:04:11.200 --> 00:04:13.080]  但是在過去幾年
[00:04:13.080 --> 00:04:14.600]  我就會比喻成
[00:04:14.600 --> 00:04:17.200]  突然間翻起了一個巨浪
[00:04:17.720 --> 00:04:21.680]  那些藏在海底下的污物
[00:04:21.680 --> 00:04:23.120]  就浮上來了
[00:04:23.120 --> 00:04:25.120]  一時間就翻起來了
[00:04:25.120 --> 00:04:29.920]  於是令我們視線模糊
[00:04:29.920 --> 00:04:31.520]  看不清楚
[00:04:31.520 --> 00:04:33.520]  很迷惘
[00:04:33.520 --> 00:04:35.520]  甚至意志消沉
[00:04:35.520 --> 00:04:39.360]  在這個迷惘的日子裏
[00:04:39.360 --> 00:04:42.360]  很多的假先知就乘機出現
[00:04:42.360 --> 00:04:45.400]  說許多似是而非的事情
[00:04:45.400 --> 00:04:48.480]  令我們的視線更加模糊
[00:04:48.480 --> 00:04:50.480]  更加混亂
[00:04:50.480 --> 00:04:53.280]  當你看到約翰一書
[00:04:53.280 --> 00:04:55.560]  今天這一段經文的時候
[00:04:55.560 --> 00:04:57.840]  約翰一書成書的時期
[00:04:57.840 --> 00:05:00.040]  正正在爾忽所的一帶
[00:05:00.040 --> 00:05:02.400]  是異端四起的時期
[00:05:02.400 --> 00:05:04.400]  很多的假教訓
[00:05:04.400 --> 00:05:08.320]  今天約翰提醒他親愛的孩子們
[00:05:08.320 --> 00:05:09.960]  他的讀者
[00:05:09.960 --> 00:05:12.320]  他們要神思明辨
[00:05:12.320 --> 00:05:15.000]  要分辨真假的靈
[00:05:15.000 --> 00:05:16.600]  在這一段整段
[00:05:16.600 --> 00:05:18.600]  剛才大家讀的經文裏面
[00:05:18.600 --> 00:05:21.000]  一個最主要的命令是什麼呢
[00:05:21.000 --> 00:05:23.000]  就是總要察言
[00:05:23.000 --> 00:05:26.440]  最近政府就公佈
[00:05:26.440 --> 00:05:28.840]  如果那些外地來港的人士
[00:05:28.840 --> 00:05:32.520]  怎樣可以縮短他們的隔離檢疫的時間呢
[00:05:32.520 --> 00:05:35.320]  就透過驗他們的身體裏面
[00:05:35.320 --> 00:05:37.320]  如果他們有打過疫苗
[00:05:37.320 --> 00:05:39.600]  就驗他們的身體裏面有沒有抗體
[00:05:39.600 --> 00:05:41.600]  就做一個準則
[00:05:41.600 --> 00:05:43.600]  同樣地今天約翰
[00:05:43.600 --> 00:05:45.600]  究竟他提醒我們
[00:05:45.600 --> 00:05:47.600]  當我們在面對假道理
[00:05:47.600 --> 00:05:49.600]  四起的時候
[00:05:49.600 --> 00:05:51.600]  有什麼準則
[00:05:51.600 --> 00:05:53.600]  可以幫助我們去分辨
[00:05:53.600 --> 00:05:56.600]  哪些是真哪些是假呢
[00:05:56.600 --> 00:05:58.600]  在這一段經文裏面
[00:05:58.600 --> 00:06:01.600]  我看到有兩個的測試方法
[00:06:01.600 --> 00:06:02.600]  一個是主要的
[00:06:02.600 --> 00:06:04.600]  一個是輔助的
[00:06:04.600 --> 00:06:06.600]  其實講到測試
[00:06:06.600 --> 00:06:09.600]  在約翰一書到現在第四章
[00:06:09.600 --> 00:06:12.600]  如果大家有留心去聽講道
[00:06:12.600 --> 00:06:14.600]  你照計都聽到
[00:06:14.600 --> 00:06:18.600]  其實約翰都提出了不少的測試方法
[00:06:18.600 --> 00:06:21.600]  之前講過的那些是比較傾向於
[00:06:21.600 --> 00:06:25.600]  是道德層面的測試方法
[00:06:25.600 --> 00:06:27.600]  例如說要看這個人
[00:06:27.600 --> 00:06:30.600]  他認不認自己有罪
[00:06:30.600 --> 00:06:32.600]  他有沒有行義
[00:06:32.600 --> 00:06:35.600]  還有他是不是活出愛的生命
[00:06:35.600 --> 00:06:38.600]  就可以知道這個人是不是真的信徒
[00:06:38.600 --> 00:06:41.600]  來到今天第四章這裏
[00:06:41.600 --> 00:06:46.600]  約翰就提出一個較異層面的測試方法
[00:06:46.600 --> 00:06:51.600]  當我看約翰一書四章一至六節
[00:06:51.600 --> 00:06:53.600]  這一段經文的時候
[00:06:53.600 --> 00:06:57.600]  我就會將它分成兩個大段
[00:06:57.600 --> 00:06:59.600]  就會建構今天我的大綱
[00:06:59.600 --> 00:07:03.600]  一至三節和四至六節
[00:07:03.600 --> 00:07:06.600]  它分別用「親愛的」和「孩子們」
[00:07:06.600 --> 00:07:08.600]  來分開了兩個段落
[00:07:08.600 --> 00:07:12.600]  一至三節是約翰講一個很主要的測試
[00:07:12.600 --> 00:07:15.600]  測試那些人背後的靈
[00:07:15.600 --> 00:07:19.600]  然後四至六節就是測試那些人本身
[00:07:19.600 --> 00:07:22.600]  跟隨他的人是甚麼人呢
[00:07:22.600 --> 00:07:25.600]  然後我就會帶出一些應用
[00:07:25.600 --> 00:07:27.600]  所以我們看第一節
[00:07:27.600 --> 00:07:29.600]  我再讀一次給大家聽
[00:07:29.600 --> 00:07:33.600]  親愛的,一切的靈不可都信
[00:07:33.600 --> 00:07:38.600]  總要測驗那些靈是否出於神
[00:07:38.600 --> 00:07:43.600]  因為有許多假先知已經來到世上
[00:07:43.600 --> 00:07:46.600]  在當時的爾忽所一帶
[00:07:46.600 --> 00:07:48.600]  有一群所謂的信徒
[00:07:48.600 --> 00:07:52.600]  他們自稱自己有神的靈在裏面
[00:07:52.600 --> 00:07:55.600]  他們奉神的名去講說話
[00:07:55.600 --> 00:07:58.600]  但其實他們不是真的信徒
[00:07:58.600 --> 00:08:02.600]  約翰一開宗明義就去命令那些讀者
[00:08:02.600 --> 00:08:06.600]  總要測驗那些靈是否出於神
[00:08:06.600 --> 00:08:10.600]  因為有許多假先知已經來到世上
[00:08:10.600 --> 00:08:13.600]  假先知的特色是這樣的
[00:08:13.600 --> 00:08:16.600]  他們說的話好像是真的
[00:08:16.600 --> 00:08:19.600]  好像很正確
[00:08:19.600 --> 00:08:23.600]  但其實背後是有一些錯誤的靈
[00:08:23.600 --> 00:08:28.600]  推動著他們去講
[00:08:28.600 --> 00:08:31.600]  大家留意第一節說到的那些靈
[00:08:31.600 --> 00:08:33.600]  原來是眾數
[00:08:33.600 --> 00:08:36.600]  即是不單止是一個
[00:08:36.600 --> 00:08:39.600]  還有這些假先知
[00:08:39.600 --> 00:08:42.600]  約翰說已經來到世上
[00:08:42.600 --> 00:08:45.600]  如果我們要知道這群假先知在當時的背景
[00:08:45.600 --> 00:08:48.600]  我們要看之前的二章十八至十九節
[00:08:48.600 --> 00:08:50.600]  我請弟兄姊妹幫我讀
[00:08:50.600 --> 00:08:54.600]  二章十八至十九節,一二三
[00:08:54.600 --> 00:09:01.600]  「如今是末世的時光了,你們曾聽過那敵基督者要來
[00:09:01.600 --> 00:09:05.600]  現在有好些敵基督者已經出來了
[00:09:05.600 --> 00:09:10.600]  由此我們就知道,如今是末世的時光了
[00:09:10.600 --> 00:09:14.600]  他們從我們中間出去,卻不是屬我們的
[00:09:14.600 --> 00:09:19.600]  若是屬我們的,就必仍舊與我們同在
[00:09:19.600 --> 00:09:24.600]  他們出去,這就顯明他們都不是屬我們的」
[00:09:24.600 --> 00:09:27.600]  這群假先知的背景是這樣的
[00:09:27.600 --> 00:09:30.600]  他們原本是在教會裡
[00:09:30.600 --> 00:09:33.600]  和我們一起去敬拜
[00:09:33.600 --> 00:09:36.600]  但其實從頭一天開始
[00:09:36.600 --> 00:09:39.600]  他們根本不是真正信耶穌的人
[00:09:39.600 --> 00:09:41.600]  他們不是真正的信徒
[00:09:41.600 --> 00:09:44.600]  他們在教會裡渾水摸魚
[00:09:44.600 --> 00:09:47.600]  誤導很多弟兄姊妹
[00:09:47.600 --> 00:09:50.600]  現在約翰說他們已經出到世界了
[00:09:50.600 --> 00:09:53.600]  和世界的人去認同
[00:09:53.600 --> 00:09:56.600]  世界在約翰的神學裡
[00:09:56.600 --> 00:10:01.600]  是指一個敵黨神,背叛神的勢力
[00:10:01.600 --> 00:10:09.600]  我們知道世界現在是在世界的王魔鬼的掌管下
[00:10:09.600 --> 00:10:13.600]  約翰說「所以你們要察驗」
[00:10:13.600 --> 00:10:17.600]  「察驗」這個字是什麼意思?
[00:10:17.600 --> 00:10:20.600]  「察驗」是指你們要很小心
[00:10:20.600 --> 00:10:25.600]  很詳細,以批判的態度去辨別出真偽
[00:10:25.600 --> 00:10:28.600]  就好像現在在化驗室裡的人
[00:10:28.600 --> 00:10:32.600]  他們要很小心,去詳細地去察驗
[00:10:32.600 --> 00:10:37.600]  究竟那些樣本是陽性還是陰性
[00:10:37.600 --> 00:10:39.600]  這個很重要
[00:10:39.600 --> 00:10:43.600]  約翰說要察驗什麼呢?
[00:10:43.600 --> 00:10:46.600]  最重要是要察驗他們背後的「靈」
[00:10:46.600 --> 00:10:49.600]  首先我們要解一解經
[00:10:49.600 --> 00:10:55.600]  「靈」這個字在新約聖經裡可以有很多解法
[00:10:55.600 --> 00:10:59.600]  「靈」可以解作氣息,可以解作風
[00:10:59.600 --> 00:11:03.600]  也可以解作人的非物質的部分
[00:11:03.600 --> 00:11:06.600]  除了你的軀殼之外
[00:11:06.600 --> 00:11:09.600]  神的「靈」可以解作聖靈
[00:11:09.600 --> 00:11:13.600]  也可以解作人心裡作供的驅動力
[00:11:13.600 --> 00:11:16.600]  一個勢力,一個動力
[00:11:16.600 --> 00:11:20.600]  大概解經家多數都會相信
[00:11:20.600 --> 00:11:24.600]  四章一節裡的「靈」這個字
[00:11:24.600 --> 00:11:28.600]  就是最尾那個,我highlight了黃色的部分
[00:11:28.600 --> 00:11:32.600]  就是人心裡作供的驅動力
[00:11:32.600 --> 00:11:35.600]  因為保羅也曾經這樣說過
[00:11:35.600 --> 00:11:39.600]  他在《哥倫多後書》十一章四節說
[00:11:39.600 --> 00:11:43.600]  「假如有人來傳另一個耶穌
[00:11:43.600 --> 00:11:45.600]  不是我們所傳過的
[00:11:45.600 --> 00:11:47.600]  或者你們另受一個靈
[00:11:47.600 --> 00:11:50.600]  不是你們所受過的聖靈
[00:11:50.600 --> 00:11:52.600]  或者接納另一個福音
[00:11:52.600 --> 00:11:55.600]  不是你們所接納過的
[00:11:55.600 --> 00:11:57.600]  你們居然容忍了」
[00:11:57.600 --> 00:12:02.600]  這裡保羅的意思大概都是約翰的意思
[00:12:02.600 --> 00:12:07.600]  原來在我們所身處的環境裡
[00:12:07.600 --> 00:12:12.600]  有著兩種不同的屬靈勢力
[00:12:12.600 --> 00:12:17.600]  這些勢力引導著一些人的言行
[00:12:17.600 --> 00:12:21.600]  這些勢力可能來自聖靈
[00:12:21.600 --> 00:12:24.600]  也有些可能來自這個世界
[00:12:24.600 --> 00:12:27.600]  約翰解作神的「靈」
[00:12:27.600 --> 00:12:29.600]  或者出於敵基督者的「靈」
[00:12:29.600 --> 00:12:33.600]  又或者在六節裡說到
[00:12:33.600 --> 00:12:36.600]  真理的「靈」、錯謬的「靈」
[00:12:36.600 --> 00:12:39.600]  其實意思都是一樣
[00:12:39.600 --> 00:12:44.600]  所以很多人今天說自己有神的「靈」在裡面
[00:12:44.600 --> 00:12:48.600]  重點就是究竟那個「靈」宣認些什麼
[00:12:48.600 --> 00:12:51.600]  就是今天整段講道裡
[00:12:51.600 --> 00:12:53.600]  最重要的那兩節經文
[00:12:53.600 --> 00:12:56.600]  就在第二、第三節
[00:12:56.600 --> 00:12:57.600]  第二、第三節
[00:12:57.600 --> 00:13:02.600]  或者我請姐妹幫我讀第二節
[00:13:02.600 --> 00:13:07.600]  「凡宣認耶穌基督是成了肉身而來的「靈」
[00:13:07.600 --> 00:13:09.600]  就是出於神的「靈」
[00:13:09.600 --> 00:13:14.600]  由此可以認出神的「靈」來」
[00:13:14.600 --> 00:13:22.600]  第一個約翰認為一個很重要的測試真假的方法
[00:13:22.600 --> 00:13:27.600]  就是這些人所宣稱自己有神的「靈」在裡面
[00:13:27.600 --> 00:13:33.600]  究竟他們是否宣認耶穌基督是成了肉身而來
[00:13:33.600 --> 00:13:38.600]  首先講講什麼叫「宣認」
[00:13:38.600 --> 00:13:41.600]  「宣認」不是只用嘴巴說
[00:13:41.600 --> 00:13:45.600]  不是說我公開地說我信耶穌
[00:13:45.600 --> 00:13:48.600]  不是單單這樣意思
[00:13:48.600 --> 00:13:54.600]  「宣認」這個詞也包含他全然用整個生命
[00:13:54.600 --> 00:13:59.600]  身體力行去毀身在他所宣認的東西上
[00:13:59.600 --> 00:14:01.600]  大家記得福音書裡
[00:14:01.600 --> 00:14:03.600]  耶穌經常說鬼
[00:14:03.600 --> 00:14:06.600]  耶穌說鬼的時候
[00:14:06.600 --> 00:14:11.600]  其實那些鬼可能比門徒更加認識耶穌是誰
[00:14:11.600 --> 00:14:14.600]  「益至高臣的兒子」
[00:14:14.600 --> 00:14:16.600]  你離開我吧
[00:14:16.600 --> 00:14:19.600]  他們是很清楚知道耶穌是誰
[00:14:19.600 --> 00:14:23.600]  也就是說他們的口是宣認耶穌的身份是對的
[00:14:23.600 --> 00:14:29.600]  但是魔鬼卻不是毀身在他所宣認的東西上
[00:14:29.600 --> 00:14:34.600]  所以約翰這裡說到「宣認」耶穌是道成肉身
[00:14:34.600 --> 00:14:38.600]  「毀身」這個詞的成份是非常重要的
[00:14:38.600 --> 00:14:43.600]  代表一個人是身體力行地活出他所宣認
[00:14:43.600 --> 00:14:46.600]  不只是口說
[00:14:46.600 --> 00:14:49.600]  然後他宣認什麼呢?
[00:14:49.600 --> 00:14:52.600]  耶穌基督是「成了肉身而來」
[00:14:52.600 --> 00:14:57.600]  大家留意「成了肉身而來」是一個完成式
[00:14:57.600 --> 00:14:59.600]  完成式的意思就是說
[00:14:59.600 --> 00:15:01.600]  在歷史裡發生了這件事
[00:15:01.600 --> 00:15:04.600]  到我們現在仍然有功效的
[00:15:04.600 --> 00:15:06.600]  是有影響的
[00:15:06.600 --> 00:15:11.600]  意思就是說耶穌基督二千多年前來到這個世界上
[00:15:11.600 --> 00:15:13.600]  成肉身釘在十字架上
[00:15:13.600 --> 00:15:15.600]  死而復活
[00:15:15.600 --> 00:15:18.600]  他完成了為全人類帶來的救恩
[00:15:18.600 --> 00:15:21.600]  這件事今天今時今日
[00:15:21.600 --> 00:15:25.600]  仍然為全人類帶來一個救贖的果效
[00:15:25.600 --> 00:15:28.600]  是非常重要的
[00:15:28.600 --> 00:15:30.600]  所以我們不是說
[00:15:30.600 --> 00:15:35.600]  我承認耶穌來過這個世界是一個歷史的事實
[00:15:35.600 --> 00:15:37.600]  這麼簡單
[00:15:37.600 --> 00:15:40.600]  我承認耶穌是「成了肉身而來」
[00:15:40.600 --> 00:15:41.600]  意思就是說
[00:15:41.600 --> 00:15:45.600]  我承認耶穌二千多年前來到這個世界所做的工作
[00:15:45.600 --> 00:15:49.600]  對我今天仍然有救贖的功效
[00:15:49.600 --> 00:15:50.600]  這樣的意思
[00:15:50.600 --> 00:15:52.600]  所以約翰就在這裡說
[00:15:52.600 --> 00:15:54.600]  總結第一節裡面所說的
[00:15:54.600 --> 00:15:56.600]  第二節裡面所說的
[00:15:56.600 --> 00:16:00.600]  如果你要辨認一個人是否真的有神的靈在裡面
[00:16:00.600 --> 00:16:02.600]  就是說他背後的那個靈
[00:16:02.600 --> 00:16:05.600]  他是否願意全人去毀身
[00:16:05.600 --> 00:16:09.600]  去承認耶穌是上帝的代表
[00:16:09.600 --> 00:16:11.600]  他來到這個世界上
[00:16:11.600 --> 00:16:12.600]  釘身十架
[00:16:12.600 --> 00:16:13.600]  死而復活
[00:16:13.600 --> 00:16:16.600]  好像我們剛才唱的第一首詩歌
[00:16:16.600 --> 00:16:19.600]  他是帶來人類的拯救
[00:16:19.600 --> 00:16:20.600]  他是唯一的拯救
[00:16:20.600 --> 00:16:24.600]  你是身體力行去投身在這個宣認裡面的話
[00:16:24.600 --> 00:16:27.600]  那個人背後的靈是來自神的
[00:16:27.600 --> 00:16:29.600]  行不行?
[00:16:29.600 --> 00:16:31.600]  反過來負面的裡面
[00:16:31.600 --> 00:16:32.600]  第三節就說到
[00:16:32.600 --> 00:16:34.600]  凡不宣認耶穌的靈
[00:16:34.600 --> 00:16:39.600]  凡不宣認耶穌是成了肉身而來的靈
[00:16:39.600 --> 00:16:41.600]  就不是出於神
[00:16:41.600 --> 00:16:42.600]  也就是說
[00:16:42.600 --> 00:16:44.600]  如果今天有一些人
[00:16:44.600 --> 00:16:46.600]  他要告訴你
[00:16:46.600 --> 00:16:49.600]  其實是可以繞過十字架的救贖
[00:16:49.600 --> 00:16:51.600]  不需要去理會
[00:16:51.600 --> 00:16:53.600]  耶穌是否來過這個世界上
[00:16:53.600 --> 00:16:55.600]  是否要釘身十架
[00:16:55.600 --> 00:16:57.600]  這樣東西繞過了
[00:16:57.600 --> 00:16:59.600]  走這個捷徑的話
[00:16:59.600 --> 00:17:01.600]  都可以得拯救的話
[00:17:01.600 --> 00:17:04.600]  這個是最大的謊言
[00:17:04.600 --> 00:17:06.600]  約翰斬釘截鐵說
[00:17:06.600 --> 00:17:09.600]  那個是敵基督的靈
[00:17:09.600 --> 00:17:12.600]  因為我們的宣召經文都告訴你
[00:17:12.600 --> 00:17:16.600]  耶穌是唯一去到父神那裡
[00:17:16.600 --> 00:17:18.600]  「我是道路真理生命
[00:17:18.600 --> 00:17:19.600]  若不直著我
[00:17:19.600 --> 00:17:22.600]  沒有人能到父那裡去」
[00:17:22.600 --> 00:17:24.600]  這個也是約翰一書
[00:17:24.600 --> 00:17:27.600]  整段書去強調的事情
[00:17:27.600 --> 00:17:28.600]  在第一章一節
[00:17:28.600 --> 00:17:30.600]  約翰已經開宗明義
[00:17:30.600 --> 00:17:34.600]  論到從起初原有的生命之道
[00:17:34.600 --> 00:17:35.600]  是誰?
[00:17:35.600 --> 00:17:36.600]  是那個我們聽見
[00:17:36.600 --> 00:17:38.600]  所看見
[00:17:38.600 --> 00:17:39.600]  親眼看過
[00:17:39.600 --> 00:17:40.600]  親手摸過
[00:17:40.600 --> 00:17:43.600]  那位耶穌基督
[00:17:43.600 --> 00:17:44.600]  弟兄姊妹
[00:17:44.600 --> 00:17:46.600]  不知道大家知不知道
[00:17:46.600 --> 00:17:50.600]  其實由第一世紀教會建立到現在
[00:17:50.600 --> 00:17:52.600]  很多異端出現
[00:17:52.600 --> 00:17:58.600]  都是和耶穌基督的身份和工作有關
[00:17:58.600 --> 00:18:01.600]  今天我不知道大家有沒有
[00:18:01.600 --> 00:18:03.600]  最近有姐妹告訴我
[00:18:03.600 --> 00:18:06.600]  信箱可能會收到一些很個人的信
[00:18:06.600 --> 00:18:07.600]  很個人的信
[00:18:07.600 --> 00:18:08.600]  叫你回教會
[00:18:08.600 --> 00:18:10.600]  是手寫的
[00:18:10.600 --> 00:18:13.600]  但原來是來自耶和華見證人
[00:18:13.600 --> 00:18:15.600]  或者來自摩門教
[00:18:15.600 --> 00:18:19.600]  這兩個很大的派別
[00:18:19.600 --> 00:18:22.600]  我們都會定性他們是異端
[00:18:22.600 --> 00:18:26.600]  因為他們在耶穌的身份和工作上
[00:18:26.600 --> 00:18:29.600]  是錯誤了
[00:18:29.600 --> 00:18:34.600]  他們不願意承認耶穌的人神異性
[00:18:34.600 --> 00:18:37.600]  甚至今天我們基督教會裏面
[00:18:37.600 --> 00:18:40.600]  帶客我們不可以妥協的
[00:18:40.600 --> 00:18:41.600]  一個使徒信經
[00:18:41.600 --> 00:18:43.600]  我們所認信的
[00:18:43.600 --> 00:18:46.600]  這個就是使徒信經的內容
[00:18:46.600 --> 00:18:49.600]  紅色的部分你發覺特別詳細
[00:18:49.600 --> 00:18:53.600]  因為那裏是講到耶穌基督的身份和工作
[00:18:53.600 --> 00:18:55.600]  我們一起讀紅色的部分
[00:18:55.600 --> 00:18:58.600]  我信我主耶穌基督
[00:18:58.600 --> 00:19:00.600]  上帝獨生的子
[00:19:00.600 --> 00:19:02.600]  因聖靈感人
[00:19:02.600 --> 00:19:05.600]  由童貞女瑪利亞所生
[00:19:05.600 --> 00:19:08.600]  在本雕比拉多手下受難
[00:19:08.600 --> 00:19:11.600]  被釘於十字架上
[00:19:11.600 --> 00:19:14.600]  受死埋葬降在陰間
[00:19:14.600 --> 00:19:17.600]  第三天從死人中復活
[00:19:17.600 --> 00:19:21.600]  升天坐在全能父上帝的右邊
[00:19:21.600 --> 00:19:23.600]  將來必從那裏降臨
[00:19:23.600 --> 00:19:26.600]  審判活人死人
[00:19:26.600 --> 00:19:28.600]  你發覺這裏所宣認的
[00:19:28.600 --> 00:19:30.600]  正是我剛才所說的
[00:19:30.600 --> 00:19:34.600]  基督是道成了肉身而來
[00:19:34.600 --> 00:19:37.600]  弟兄姊妹,這是我們的相信
[00:19:37.600 --> 00:19:39.600]  你說我講了一大堆教義
[00:19:39.600 --> 00:19:40.600]  和我有什麼關係呢?
[00:19:40.600 --> 00:19:41.600]  大有關係
[00:19:41.600 --> 00:19:43.600]  首先第一
[00:19:43.600 --> 00:19:44.600]  剛才說到
[00:19:44.600 --> 00:19:46.600]  約翰所說的宣認
[00:19:46.600 --> 00:19:48.600]  不只是唸口往
[00:19:48.600 --> 00:19:50.600]  我相信耶穌
[00:19:50.600 --> 00:19:54.600]  這裏說的是你要毀身
[00:19:54.600 --> 00:19:58.600]  身體力行去活出你所宣認的
[00:19:58.600 --> 00:20:01.600]  你是心口一致地
[00:20:01.600 --> 00:20:04.600]  去投身在你所宣認的事情上
[00:20:04.600 --> 00:20:07.600]  你是與基督的生命聯合
[00:20:07.600 --> 00:20:10.600]  你是願意去活出他的道成肉身
[00:20:10.600 --> 00:20:12.600]  釘身十架
[00:20:12.600 --> 00:20:15.600]  捨身和死而復活的生命
[00:20:15.600 --> 00:20:18.600]  一個真真正正跟隨基督的人
[00:20:18.600 --> 00:20:21.600]  是一個走基督的路的人
[00:20:21.600 --> 00:20:23.600]  才是一個真正的基督徒
[00:20:23.600 --> 00:20:25.600]  第二
[00:20:25.600 --> 00:20:28.600]  大家知道在今天的網絡世界裏
[00:20:28.600 --> 00:20:30.600]  有很多很氾濫的思想
[00:20:30.600 --> 00:20:31.600]  很多的理論
[00:20:31.600 --> 00:20:34.600]  我們真的要留心
[00:20:34.600 --> 00:20:36.600]  其實很多骨子裏
[00:20:36.600 --> 00:20:41.600]  其實是引導我們去繞過十字架的路
[00:20:41.600 --> 00:20:42.600]  告訴你
[00:20:42.600 --> 00:20:44.600]  你不用走十字架的路
[00:20:44.600 --> 00:20:47.600]  都可以得拯救
[00:20:47.600 --> 00:20:49.600]  不需要毀身
[00:20:49.600 --> 00:20:51.600]  都可以很豐盛
[00:20:51.600 --> 00:20:54.600]  它用什麼方法包裝出來呢?
[00:20:54.600 --> 00:20:55.600]  我賣個關子
[00:20:55.600 --> 00:20:56.600]  去到應用的時候
[00:20:56.600 --> 00:20:58.600]  才跟大家分享
[00:20:58.600 --> 00:21:01.600]  你可能聽到這裏的時候
[00:21:01.600 --> 00:21:03.600]  就開始有點害怕
[00:21:03.600 --> 00:21:04.600]  糟了
[00:21:04.600 --> 00:21:06.600]  其實我是一個很軟弱的人
[00:21:06.600 --> 00:21:08.600]  我分辨能力很低
[00:21:08.600 --> 00:21:10.600]  我經常被人欺騙
[00:21:10.600 --> 00:21:12.600]  我有這麼多私慾
[00:21:12.600 --> 00:21:16.600]  我面對這麼多邪惡的假先知的教訓
[00:21:16.600 --> 00:21:17.600]  怎麼辦呢?
[00:21:17.600 --> 00:21:18.600]  死定了
[00:21:18.600 --> 00:21:21.600]  我就想大家繼續看下去
[00:21:21.600 --> 00:21:22.600]  第二個部分
[00:21:22.600 --> 00:21:23.600]  四至六節
[00:21:23.600 --> 00:21:26.600]  約翰給我們一個好消息
[00:21:26.600 --> 00:21:29.600]  一個得拯救的確據
[00:21:29.600 --> 00:21:31.600]  現在我們已經有了
[00:21:31.600 --> 00:21:32.600]  另外一方面
[00:21:32.600 --> 00:21:33.600]  四至六節
[00:21:33.600 --> 00:21:36.600]  約翰也給我們一個輔助的測試
[00:21:36.600 --> 00:21:37.600]  因為有時候
[00:21:37.600 --> 00:21:39.600]  那些人說自己有神的靈
[00:21:39.600 --> 00:21:40.600]  他不會直接告訴你
[00:21:40.600 --> 00:21:44.600]  我是否宣認耶穌基督已經成了肉身而來
[00:21:44.600 --> 00:21:45.600]  我怎知道他是真是假呢?
[00:21:45.600 --> 00:21:47.600]  另外一個輔助的測試
[00:21:47.600 --> 00:21:51.600]  你看看跟隨他的人是甚麼人
[00:21:51.600 --> 00:21:53.600]  我們先看第四節
[00:21:53.600 --> 00:21:54.600]  我請弟兄幫我讀
[00:21:54.600 --> 00:21:57.600]  這次行嗎?
[00:21:57.600 --> 00:21:59.600]  第四節
[00:21:59.600 --> 00:22:02.600]  一、二、三
[00:22:02.600 --> 00:22:06.600]  這個就是約翰給我們的好消息
[00:22:06.600 --> 00:22:08.600]  他說屬神的人
[00:22:08.600 --> 00:22:11.600]  會勝過屬世界的
[00:22:11.600 --> 00:22:13.600]  他說那班讀者
[00:22:13.600 --> 00:22:15.600]  很清楚他們是屬神的
[00:22:15.600 --> 00:22:17.600]  即是說他們是神的兒女
[00:22:17.600 --> 00:22:20.600]  他們是從神而生
[00:22:20.600 --> 00:22:22.600]  即是說他們是宣認
[00:22:22.600 --> 00:22:25.600]  基督已經成了肉身而來的人
[00:22:25.600 --> 00:22:27.600]  有一個很大的
[00:22:27.600 --> 00:22:29.600]  跟屬世的人不同
[00:22:29.600 --> 00:22:33.600]  那些凡是宣認耶穌基督成了肉身而來的人
[00:22:33.600 --> 00:22:35.600]  是有聖靈的內註
[00:22:35.600 --> 00:22:37.600]  當我們去信耶穌的時候
[00:22:37.600 --> 00:22:40.600]  你初信栽培的各位弟兄姊妹
[00:22:40.600 --> 00:22:43.600]  告訴你,你是可以靠著
[00:22:43.600 --> 00:22:46.600]  在你裏面的聖靈去過得勝的生活
[00:22:46.600 --> 00:22:48.600]  為甚麼呢?
[00:22:48.600 --> 00:22:51.600]  因為基督釘在十字架上的時候
[00:22:51.600 --> 00:22:55.600]  他說這個世界的王已經受到審判
[00:22:55.600 --> 00:22:57.600]  世界的王就是魔鬼
[00:22:57.600 --> 00:22:59.600]  他成就救恩
[00:22:59.600 --> 00:23:01.600]  所以唯有靠著他
[00:23:01.600 --> 00:23:04.600]  才能勝過那在世界上的
[00:23:04.600 --> 00:23:06.600]  所以弟兄姊妹
[00:23:06.600 --> 00:23:09.600]  十字架是我們得勝的記號
[00:23:09.600 --> 00:23:11.600]  別無其他
[00:23:11.600 --> 00:23:13.600]  耶穌也說過
[00:23:13.600 --> 00:23:15.600]  在世上你們有苦難
[00:23:15.600 --> 00:23:17.600]  但你們要有勇氣
[00:23:17.600 --> 00:23:19.600]  不是因為靠我自己
[00:23:19.600 --> 00:23:22.600]  是因為我已經勝過世界
[00:23:22.600 --> 00:23:25.600]  所以,約翰說
[00:23:25.600 --> 00:23:27.600]  因為那在你們裏面的
[00:23:27.600 --> 00:23:30.600]  比那在世界上的更大
[00:23:30.600 --> 00:23:33.600]  今天我們不是靠自己
[00:23:33.600 --> 00:23:36.600]  有多少的知識、學歷
[00:23:36.600 --> 00:23:40.600]  來拒絕那些敵基督者的靈所說的話
[00:23:40.600 --> 00:23:42.600]  靠我們自己
[00:23:42.600 --> 00:23:44.600]  我們真的分辨不到
[00:23:44.600 --> 00:23:46.600]  但你可以放心
[00:23:46.600 --> 00:23:48.600]  那個已經勝過
[00:23:48.600 --> 00:23:51.600]  審判這個世界的王
[00:23:51.600 --> 00:23:54.600]  那位基督已經住在我們裏面
[00:23:54.600 --> 00:23:55.600]  靠著聖靈
[00:23:55.600 --> 00:23:58.600]  我們可以有能力去分辨
[00:23:58.600 --> 00:23:59.600]  弟兄姊妹
[00:23:59.600 --> 00:24:02.600]  你現在身處這個世界
[00:24:02.600 --> 00:24:05.600]  你會不會每天都覺得自己在面對爭戰?
[00:24:05.600 --> 00:24:09.600]  在很喧鬧的環境裏面
[00:24:09.600 --> 00:24:12.600]  你會不會覺得很嘈吵?
[00:24:12.600 --> 00:24:15.600]  你會不會覺得思想上很多的鬥爭?
[00:24:15.600 --> 00:24:18.600]  你會不會覺得外面很多的訊息
[00:24:18.600 --> 00:24:20.600]  令到你很混亂?
[00:24:20.600 --> 00:24:22.600]  如果你沒有
[00:24:22.600 --> 00:24:24.600]  我很為你擔心
[00:24:24.600 --> 00:24:27.600]  審判之後我和你聊聊天
[00:24:27.600 --> 00:24:29.600]  我覺得是
[00:24:29.600 --> 00:24:31.600]  我覺得是很混亂
[00:24:31.600 --> 00:24:33.600]  我覺得是很大的爭戰
[00:24:33.600 --> 00:24:35.600]  事實上
[00:24:35.600 --> 00:24:37.600]  我們真的要意識到
[00:24:37.600 --> 00:24:41.600]  自己活在一個黑暗籠罩的環境裏面
[00:24:41.600 --> 00:24:43.600]  在這個世代
[00:24:43.600 --> 00:24:45.600]  我們有一個操練
[00:24:45.600 --> 00:24:47.600]  是需要去學的
[00:24:47.600 --> 00:24:49.600]  就是一個明辨的操練
[00:24:49.600 --> 00:24:51.600]  或者你可以說
[00:24:51.600 --> 00:24:53.600]  辨別諸靈
[00:24:53.600 --> 00:24:57.600]  不是叫你趕鬼的意思
[00:24:57.600 --> 00:24:59.600]  而是說你要真的分辨
[00:24:59.600 --> 00:25:01.600]  兩股不同的勢力
[00:25:01.600 --> 00:25:03.600]  哪些是真理
[00:25:03.600 --> 00:25:05.600]  哪些是錯謀
[00:25:05.600 --> 00:25:08.600]  也可以說分辨黑暗和光明
[00:25:08.600 --> 00:25:10.600]  我們真的要立志
[00:25:10.600 --> 00:25:13.600]  每天在多忙碌的生活裏面
[00:25:13.600 --> 00:25:17.600]  你都要騰出空間去安靜下來
[00:25:17.600 --> 00:25:19.600]  約了上帝
[00:25:19.600 --> 00:25:22.600]  不要給任何的東西
[00:25:22.600 --> 00:25:23.600]  任何的訊息
[00:25:23.600 --> 00:25:25.600]  任何的人
[00:25:25.600 --> 00:25:28.600]  任何事去佔據了你自己的心靈
[00:25:28.600 --> 00:25:31.600]  你真的要特意騰出時間
[00:25:31.600 --> 00:25:33.600]  怎樣忙都好
[00:25:33.600 --> 00:25:35.600]  真的要安靜下來
[00:25:35.600 --> 00:25:37.600]  讀神的話
[00:25:37.600 --> 00:25:40.600]  去默想神的話
[00:25:40.600 --> 00:25:42.600]  向神去禱告
[00:25:42.600 --> 00:25:43.600]  安靜
[00:25:43.600 --> 00:25:44.600]  聆聽
[00:25:44.600 --> 00:25:46.600]  神跟你說什麼
[00:25:46.600 --> 00:25:48.600]  讓聖靈有這個機會
[00:25:48.600 --> 00:25:50.600]  用祂溫柔的聲音
[00:25:50.600 --> 00:25:52.600]  跟你去說話
[00:25:52.600 --> 00:25:54.600]  以致祂可以幫你去分辨
[00:25:54.600 --> 00:25:55.600]  什麼是良善
[00:25:55.600 --> 00:25:56.600]  什麼是邪惡
[00:25:56.600 --> 00:25:57.600]  什麼是罪
[00:25:57.600 --> 00:25:58.600]  什麼是恩典
[00:25:58.600 --> 00:26:00.600]  什麼是誰撒旦
[00:26:00.600 --> 00:26:01.600]  誰是上帝
[00:26:01.600 --> 00:26:05.600]  慢慢教我們選擇光明的道路
[00:26:05.600 --> 00:26:07.600]  我發覺在這個安靜的時間
[00:26:07.600 --> 00:26:10.600]  就是我每一天得力的源頭
[00:26:10.600 --> 00:26:11.600]  如果不是
[00:26:11.600 --> 00:26:13.600]  我發覺我那一天就會很煩躁
[00:26:13.600 --> 00:26:16.600]  和會很混亂
[00:26:16.600 --> 00:26:20.600]  除了我們要去聽聖靈的聲音之外
[00:26:20.600 --> 00:26:21.600]  其實另一方面
[00:26:21.600 --> 00:26:23.600]  可能有些辛苦的就是
[00:26:23.600 --> 00:26:25.600]  當聖靈要去掃描
[00:26:25.600 --> 00:26:28.600]  掃描你的內心的時候
[00:26:28.600 --> 00:26:30.600]  就好像我們今天要進醫院
[00:26:30.600 --> 00:26:32.600]  做電腦掃描的時候
[00:26:32.600 --> 00:26:34.600]  有些人是不喜歡的
[00:26:34.600 --> 00:26:35.600]  為什麼呢?
[00:26:35.600 --> 00:26:38.600]  當我們慰疾忌醫的時候
[00:26:38.600 --> 00:26:40.600]  我們就不太想照到
[00:26:40.600 --> 00:26:42.600]  我裡面有些黑影
[00:26:42.600 --> 00:26:44.600]  照黑影的意思就是
[00:26:44.600 --> 00:26:46.600]  做手術
[00:26:46.600 --> 00:26:47.600]  要搞它
[00:26:47.600 --> 00:26:50.600]  要改變我的生活習慣
[00:26:50.600 --> 00:26:52.600]  很痛的
[00:26:52.600 --> 00:26:54.600]  意思就是說
[00:26:54.600 --> 00:26:58.600]  當聖靈要去掃描我們的生命的時候
[00:26:58.600 --> 00:27:00.600]  會發現在我們的內心裡面
[00:27:00.600 --> 00:27:02.600]  有一些陰影
[00:27:02.600 --> 00:27:04.600]  有一些黑暗面
[00:27:04.600 --> 00:27:08.600]  那些黑暗面是上帝很想搞我們的
[00:27:08.600 --> 00:27:11.600]  那些黑暗面可能是我們一路成長的裡面
[00:27:11.600 --> 00:27:14.600]  接受了一套屬世界的價值觀
[00:27:14.600 --> 00:27:16.600]  一些的習慣
[00:27:16.600 --> 00:27:18.600]  一些的思想方式
[00:27:18.600 --> 00:27:22.600]  一些的生存的方法
[00:27:22.600 --> 00:27:24.600]  病向淺中醫
[00:27:24.600 --> 00:27:26.600]  大家都明白這個道理
[00:27:26.600 --> 00:27:28.600]  但是肯不肯去做又是另一個問題
[00:27:28.600 --> 00:27:30.600]  但是弟兄姊妹
[00:27:30.600 --> 00:27:33.600]  這個才是真正幫我們邁向
[00:27:33.600 --> 00:27:38.600]  自由和得勝的人生的方法
[00:27:38.600 --> 00:27:40.600]  我都盼望在團契裡面
[00:27:40.600 --> 00:27:44.600]  弟兄姊妹多點去有靈修的分享
[00:27:44.600 --> 00:27:46.600]  我們可以多點去分享
[00:27:46.600 --> 00:27:48.600]  上帝在我這個生命裡面
[00:27:48.600 --> 00:27:49.600]  有什麼的工作
[00:27:49.600 --> 00:27:50.600]  有什麼的作為
[00:27:50.600 --> 00:27:52.600]  我們互相的激勵
[00:27:52.600 --> 00:27:57.600]  當我們越聽到聖靈的聲音越清楚的時候
[00:27:57.600 --> 00:27:59.600]  第五至六節
[00:27:59.600 --> 00:28:00.600]  約翰就告訴我們
[00:28:00.600 --> 00:28:02.600]  同時間我們就會認出
[00:28:02.600 --> 00:28:05.600]  哪一個才是真正屬於我們的群體
[00:28:05.600 --> 00:28:09.600]  這裡約翰給了你另一個輔助的測試
[00:28:09.600 --> 00:28:17.600]  就是測試那些跟隨那些人
[00:28:17.600 --> 00:28:19.600]  真假的人
[00:28:19.600 --> 00:28:21.600]  就認出哪些是真信徒
[00:28:21.600 --> 00:28:23.600]  哪些是假信徒
[00:28:23.600 --> 00:28:25.600]  各有各所聽從
[00:28:25.600 --> 00:28:29.600]  大家可以聽我讀第五第六節
[00:28:29.600 --> 00:28:31.600]  他們是屬世界的
[00:28:31.600 --> 00:28:33.600]  所以講論世界的事
[00:28:33.600 --> 00:28:35.600]  而世人也聽從他們
[00:28:35.600 --> 00:28:37.600]  我們是屬神的
[00:28:37.600 --> 00:28:39.600]  認識神的就聽從我們
[00:28:39.600 --> 00:28:42.600]  不屬神的就不聽從我們
[00:28:42.600 --> 00:28:47.600]  從此我們可以認出真理的靈和錯謬的靈來
[00:28:47.600 --> 00:28:49.600]  約翰的意思是
[00:28:49.600 --> 00:28:52.600]  當時那些假先知出來講道
[00:28:52.600 --> 00:28:55.600]  他們會說自己是認識神
[00:28:55.600 --> 00:28:57.600]  有神的靈在他們裏面
[00:28:57.600 --> 00:28:59.600]  但是他們講的話
[00:28:59.600 --> 00:29:02.600]  是世界的人很喜歡聽的
[00:29:02.600 --> 00:29:05.600]  是世界的價值觀
[00:29:05.600 --> 00:29:09.600]  所以吸引了很多人聽他們講
[00:29:09.600 --> 00:29:11.600]  相反
[00:29:11.600 --> 00:29:14.600]  一些屬神的人去講真理的時候
[00:29:14.600 --> 00:29:16.600]  人們就會耳朵發癢
[00:29:16.600 --> 00:29:18.600]  很厭煩的
[00:29:18.600 --> 00:29:22.600]  大家有沒有發現有這樣的現象出現?
[00:29:22.600 --> 00:29:24.600]  當然了
[00:29:24.600 --> 00:29:27.600]  世界的人講的東西是什麼?
[00:29:27.600 --> 00:29:29.600]  吸引你的眼目的情慾
[00:29:29.600 --> 00:29:32.600]  肉體的情慾和今生的驕傲
[00:29:32.600 --> 00:29:34.600]  當然大家都覺得很熟悉
[00:29:34.600 --> 00:29:37.600]  很合聽和很舒服
[00:29:37.600 --> 00:29:41.600]  聽從的意思就是聆聽和順從
[00:29:41.600 --> 00:29:44.600]  但是唯獨真正屬於神的羊
[00:29:44.600 --> 00:29:46.600]  就會聽神的聲音
[00:29:46.600 --> 00:29:50.600]  因為羊認得祂的聲音
[00:29:50.600 --> 00:29:53.600]  所以我們可以從那些
[00:29:53.600 --> 00:29:56.600]  人對真理的回應
[00:29:56.600 --> 00:29:59.600]  可以認出哪些是屬神的人
[00:29:59.600 --> 00:30:01.600]  哪些是屬世界
[00:30:01.600 --> 00:30:03.600]  因為各有各妥聽從
[00:30:03.600 --> 00:30:07.600]  當然香港未必像我們前陣子說的
[00:30:07.600 --> 00:30:10.600]  「躺開的門」那些五十個
[00:30:10.600 --> 00:30:13.600]  被世界逼迫的國家那麼嚴重
[00:30:13.600 --> 00:30:14.600]  去到北韓
[00:30:14.600 --> 00:30:16.600]  當你說自己是基督徒
[00:30:16.600 --> 00:30:18.600]  你走在真理裏面
[00:30:18.600 --> 00:30:20.600]  就會立即被抓去坐牢
[00:30:20.600 --> 00:30:23.600]  甚至在亂葬崗裏面
[00:30:23.600 --> 00:30:25.600]  香港未至於那麼嚴重
[00:30:25.600 --> 00:30:28.600]  但是今天不知道大家有沒有發現
[00:30:28.600 --> 00:30:30.600]  你越要走在真理裏面
[00:30:30.600 --> 00:30:34.600]  越要講一些適合屬神的東西的時候
[00:30:34.600 --> 00:30:39.600]  你發覺別人的界線是很明顯的
[00:30:39.600 --> 00:30:40.600]  我舉個例子
[00:30:40.600 --> 00:30:43.600]  特別是說謊的話
[00:30:43.600 --> 00:30:46.600]  這個界線是越來越明顯
[00:30:46.600 --> 00:30:49.600]  可以分辨到哪些是屬神的人
[00:30:49.600 --> 00:30:51.600]  哪些是不屬神的人
[00:30:51.600 --> 00:30:54.600]  近來因為我經常要申請去醫院
[00:30:54.600 --> 00:30:57.600]  因率探訪爸爸
[00:30:57.600 --> 00:30:59.600]  因為醫院的規矩是
[00:30:59.600 --> 00:31:02.600]  你一定要做一個新冠病毒測試
[00:31:02.600 --> 00:31:05.600]  48小時之內有效
[00:31:05.600 --> 00:31:07.600]  他要驗證你
[00:31:07.600 --> 00:31:10.600]  然後你才可以進去探訪
[00:31:10.600 --> 00:31:15.600]  如常有一次我約了一個親戚去探訪
[00:31:15.600 --> 00:31:17.600]  我約了他下午五時多
[00:31:17.600 --> 00:31:19.600]  我之前一天就去做測試
[00:31:19.600 --> 00:31:23.600]  因為通常他24小時之內就會出報告
[00:31:23.600 --> 00:31:28.600]  誰知那天到四時多還未出
[00:31:28.600 --> 00:31:30.600]  但我憑信心先去醫院
[00:31:30.600 --> 00:31:33.600]  約了這個親戚
[00:31:33.600 --> 00:31:36.600]  我跟他說我還未有測試
[00:31:36.600 --> 00:31:38.600]  要等一會
[00:31:38.600 --> 00:31:41.600]  因為我這個親戚是做飲食業的
[00:31:41.600 --> 00:31:46.600]  飲食業現在是要兩個星期還是一個星期
[00:31:46.600 --> 00:31:49.600]  好像是兩個星期就要做一次測試
[00:31:49.600 --> 00:31:52.600]  所以他手機裏面其實有很多SMS
[00:31:52.600 --> 00:31:56.600]  即是這些陰性結果的測試
[00:31:56.600 --> 00:31:59.600]  他說不如這樣吧
[00:31:59.600 --> 00:32:03.600]  我就傳其中一個陰性的結果給你
[00:32:03.600 --> 00:32:06.600]  反正護士都不會看得那麼仔細
[00:32:06.600 --> 00:32:08.600]  這樣就可以了
[00:32:08.600 --> 00:32:10.600]  那一刻我說這樣也可以
[00:32:10.600 --> 00:32:15.600]  他說的時候覺得是很等閒的事
[00:32:15.600 --> 00:32:16.600]  人人都是這樣做的
[00:32:16.600 --> 00:32:17.600]  你做甚麼都不敢做
[00:32:17.600 --> 00:32:19.600]  你蠢吧
[00:32:19.600 --> 00:32:22.600]  我就拒絕了他
[00:32:22.600 --> 00:32:26.600]  隔了四、五分鐘我就收到陰性測試
[00:32:26.600 --> 00:32:30.600]  那一刻你就會發現
[00:32:30.600 --> 00:32:32.600]  你真的覺得很等閒
[00:32:32.600 --> 00:32:34.600]  騙政府
[00:32:34.600 --> 00:32:37.600]  我真的分到界線
[00:32:37.600 --> 00:32:41.600]  就是屬神屬世界
[00:32:41.600 --> 00:32:42.600]  弟兄姊妹
[00:32:42.600 --> 00:32:44.600]  我相信在你日常生活裏面
[00:32:44.600 --> 00:32:47.600]  這些事是很普遍的
[00:32:47.600 --> 00:32:51.600]  可能那一刻我跟這個親戚
[00:32:51.600 --> 00:32:54.600]  在中間幾分鐘的時間裏
[00:32:54.600 --> 00:32:56.600]  是有些dead air的
[00:32:56.600 --> 00:32:58.600]  即是有些緊張的關係
[00:32:58.600 --> 00:33:00.600]  有些張力的
[00:33:00.600 --> 00:33:02.600]  是會不和諧的
[00:33:02.600 --> 00:33:03.600]  很難和諧的
[00:33:03.600 --> 00:33:05.600]  在這些情況下
[00:33:05.600 --> 00:33:10.600]  但不要因為這樣扭曲了自己要走的
[00:33:10.600 --> 00:33:11.600]  和你所說的
[00:33:11.600 --> 00:33:13.600]  去遷就人
[00:33:13.600 --> 00:33:15.600]  因為耶穌很清楚告訴你
[00:33:15.600 --> 00:33:19.600]  在你裏面的比納在世界上的更大
[00:33:19.600 --> 00:33:22.600]  耶穌是那個已經審判了這個世界的王
[00:33:22.600 --> 00:33:25.600]  那位掌權者
[00:33:25.600 --> 00:33:29.600]  當日我們要來到基督的台前
[00:33:29.600 --> 00:33:32.600]  我們每一個人都要按著我們所行的
[00:33:32.600 --> 00:33:35.600]  去受審判的
[00:33:35.600 --> 00:33:38.600]  今天我們怎樣應用這段經文呢?
[00:33:38.600 --> 00:33:43.600]  我都是想用我的講道題目
[00:33:43.600 --> 00:33:45.600]  就是總要察言
[00:33:45.600 --> 00:33:46.600]  弟兄姊妹
[00:33:46.600 --> 00:33:49.600]  約翰已經告訴你
[00:33:49.600 --> 00:33:53.600]  我們察驗真假的靈的方法
[00:33:53.600 --> 00:33:55.600]  就是要測試
[00:33:55.600 --> 00:34:02.600]  他是否真的宣認耶穌基督是承了肉身而來
[00:34:02.600 --> 00:34:04.600]  所以我們真的要學習
[00:34:04.600 --> 00:34:08.600]  明辨我們現在時代的思潮
[00:34:08.600 --> 00:34:11.600]  在這裏我想提出三類
[00:34:11.600 --> 00:34:14.600]  泛濫在我們世界裏面的靈
[00:34:14.600 --> 00:34:16.600]  所謂的屬靈勢力
[00:34:16.600 --> 00:34:20.600]  其實是和我們這個宣認背道而馳的
[00:34:20.600 --> 00:34:25.600]  第一類是恐懼威嚇
[00:34:25.600 --> 00:34:30.600]  恐懼是一個很大的殺傷力武器
[00:34:30.600 --> 00:34:33.600]  很多時候因為人會害怕失去
[00:34:33.600 --> 00:34:38.600]  我們會被恐懼籠罩著我們的心
[00:34:38.600 --> 00:34:41.600]  一個常常在恐懼裏面的人
[00:34:41.600 --> 00:34:46.600]  你發覺會持續活在一個密室裏面
[00:34:46.600 --> 00:34:47.600]  很害怕
[00:34:47.600 --> 00:34:50.600]  將自己封閉在一個密室裏面
[00:34:50.600 --> 00:34:51.600]  和外界隔絕
[00:34:51.600 --> 00:34:52.600]  因為很害怕
[00:34:52.600 --> 00:34:55.600]  我要抓住我害怕失去的東西
[00:34:55.600 --> 00:34:59.600]  這件事會令人癱瘓
[00:34:59.600 --> 00:35:03.600]  今天有些國家利用他們制定的法律
[00:35:03.600 --> 00:35:05.600]  一些軍事武力
[00:35:05.600 --> 00:35:08.600]  極權的主義統治者
[00:35:08.600 --> 00:35:12.600]  會利用各種恐懼威嚇的手段
[00:35:12.600 --> 00:35:16.600]  再加上末世日子越來越近的時候
[00:35:16.600 --> 00:35:19.600]  我們發覺很多我們控制不了
[00:35:19.600 --> 00:35:22.600]  連連發生的天災人禍
[00:35:22.600 --> 00:35:27.600]  實在不得不令我們在恐懼裏面
[00:35:27.600 --> 00:35:28.600]  弟兄姊妹
[00:35:28.600 --> 00:35:32.600]  恐懼威嚇支配一個人的時候
[00:35:32.600 --> 00:35:37.600]  他是不會經歷到愛的
[00:35:37.600 --> 00:35:39.600]  他不會有真正的自由
[00:35:39.600 --> 00:35:45.600]  他們不會經歷到耶穌所謂的出死入生的愛
[00:35:45.600 --> 00:35:47.600]  一段很熟悉的經文
[00:35:47.600 --> 00:35:49.600]  我們再一次重溫
[00:35:49.600 --> 00:35:51.600]  約翰一書四章十八節
[00:35:51.600 --> 00:35:52.600]  我們一起讀
[00:35:52.600 --> 00:35:54.600]  1、2、3
[00:35:54.600 --> 00:35:56.600]  愛愛裡沒有懼怕
[00:35:56.600 --> 00:36:00.600]  圓滿的愛把懼怕驅逐出去
[00:36:00.600 --> 00:36:03.600]  因為懼怕裡含著懲罰
[00:36:03.600 --> 00:36:08.600]  懼怕的人在愛裡尚未得到圓滿
[00:36:08.600 --> 00:36:11.600]  很清楚地告訴你
[00:36:11.600 --> 00:36:14.600]  唯有在耶穌基督圓滿的愛裏面
[00:36:14.600 --> 00:36:17.600]  他的出死入生的愛裏面
[00:36:17.600 --> 00:36:20.600]  我們才能夠經歷沒有懼怕
[00:36:20.600 --> 00:36:23.600]  所以今天我們怎樣戰勝懼怕
[00:36:23.600 --> 00:36:26.600]  恐懼是靠耶穌的愛
[00:36:26.600 --> 00:36:31.600]  在耶穌的道成肉身的使命裏面
[00:36:31.600 --> 00:36:33.600]  已經完成了
[00:36:33.600 --> 00:36:36.600]  其實我們細心想想
[00:36:36.600 --> 00:36:38.600]  一個人之所以恐懼
[00:36:38.600 --> 00:36:41.600]  其實骨子裏因為我們很怕失去
[00:36:41.600 --> 00:36:43.600]  我們很怕失去安全感
[00:36:43.600 --> 00:36:45.600]  很怕失去財物
[00:36:45.600 --> 00:36:48.600]  很怕失去至親的關係
[00:36:48.600 --> 00:36:50.600]  很怕失去工作
[00:36:50.600 --> 00:36:53.600]  很怕失去一個理想的生活環境
[00:36:53.600 --> 00:36:56.600]  但我們細心想想
[00:36:56.600 --> 00:36:59.600]  其實我們以為我們已經擁有的東西
[00:36:59.600 --> 00:37:03.600]  其實隨時隨地在我們不控制之下
[00:37:03.600 --> 00:37:05.600]  會消失的
[00:37:05.600 --> 00:37:07.600]  一個金融海嘯
[00:37:07.600 --> 00:37:10.600]  一個絕症
[00:37:10.600 --> 00:37:13.600]  或者一個天災
[00:37:13.600 --> 00:37:16.600]  可能會令我們以為自己擁有
[00:37:16.600 --> 00:37:18.600]  可以控制的東西
[00:37:18.600 --> 00:37:20.600]  會消失的
[00:37:20.600 --> 00:37:22.600]  最近當我爸爸
[00:37:22.600 --> 00:37:24.600]  曾經去到很嚴重
[00:37:24.600 --> 00:37:26.600]  醫生多次跟我說
[00:37:26.600 --> 00:37:29.600]  你們家人要有心理準備的時候
[00:37:29.600 --> 00:37:32.600]  我突然覺得原來我要去思想
[00:37:32.600 --> 00:37:34.600]  要去聯想
[00:37:34.600 --> 00:37:36.600]  我隨時會失去爸爸的時候
[00:37:36.600 --> 00:37:38.600]  的確是很難受的
[00:37:38.600 --> 00:37:40.600]  但你想清楚
[00:37:40.600 --> 00:37:43.600]  有事實不是我可以控制的
[00:37:43.600 --> 00:37:45.600]  他要走的話
[00:37:45.600 --> 00:37:47.600]  真的沒有辦法我可以控制
[00:37:47.600 --> 00:37:49.600]  抓都抓不住
[00:37:49.600 --> 00:37:51.600]  所以其實
[00:37:51.600 --> 00:37:53.600]  頂姐妹既然是這樣的時候
[00:37:53.600 --> 00:37:57.600]  我們真正要抓緊的又是甚麼呢?
[00:37:57.600 --> 00:38:02.600]  這位宣教士
[00:38:02.600 --> 00:38:04.600]  Jim Elliott 艾略特
[00:38:04.600 --> 00:38:07.600]  早幾年我們在受苦節的時候
[00:38:07.600 --> 00:38:09.600]  看過一套他的影片
[00:38:09.600 --> 00:38:12.600]  說到他25歲的時候
[00:38:12.600 --> 00:38:14.600]  他跟四位弟兄
[00:38:14.600 --> 00:38:16.600]  一起由美國
[00:38:16.600 --> 00:38:19.600]  去到中美洲的阿瓜多爾
[00:38:19.600 --> 00:38:22.600]  去跟那裏的族人
[00:38:22.600 --> 00:38:25.600]  奧卡族人去傳福音
[00:38:25.600 --> 00:38:28.600]  其實他去宣教之前
[00:38:28.600 --> 00:38:31.600]  他在美國實在是一個高材生
[00:38:31.600 --> 00:38:34.600]  Whitton College 畢業
[00:38:34.600 --> 00:38:36.600]  很多人都說
[00:38:36.600 --> 00:38:39.600]  其實你這麼有學歷
[00:38:39.600 --> 00:38:42.600]  其實也可以留在美國募會
[00:38:42.600 --> 00:38:45.600]  你無端端為甚麼去到這麼落後的地方
[00:38:45.600 --> 00:38:47.600]  去宣教呢?
[00:38:47.600 --> 00:38:49.600]  但當時Jim Elliott
[00:38:49.600 --> 00:38:51.600]  是很清楚知道
[00:38:51.600 --> 00:38:53.600]  上帝呼召他去宣教
[00:38:53.600 --> 00:38:55.600]  所以他對著那些
[00:38:55.600 --> 00:38:57.600]  叫他留下的人
[00:38:57.600 --> 00:38:59.600]  他說了一句這樣的說話
[00:38:59.600 --> 00:39:01.600]  我將它翻譯成中文
[00:39:01.600 --> 00:39:05.600]  為得到那些不會失去的
[00:39:05.600 --> 00:39:07.600]  講到神的賞賜
[00:39:07.600 --> 00:39:10.600]  而付出那些不能夠保有的
[00:39:10.600 --> 00:39:13.600]  名聲、地位
[00:39:13.600 --> 00:39:16.600]  這個人一點都不是傻瓜
[00:39:16.600 --> 00:39:18.600]  英文其實比較容易
[00:39:18.600 --> 00:39:21.600]  He is no fool who gives what he cannot keep
[00:39:21.600 --> 00:39:23.600]  to gain what he cannot lose
[00:39:23.600 --> 00:39:28.600]  我曾經初信的時候
[00:39:28.600 --> 00:39:29.600]  看過他的故事的時候
[00:39:29.600 --> 00:39:31.600]  我真的很感動
[00:39:31.600 --> 00:39:35.600]  一個年輕人大好前途
[00:39:35.600 --> 00:39:38.600]  竟然放棄這麼多的東西
[00:39:38.600 --> 00:39:42.600]  唯一的就是為了要馴服上帝的呼召
[00:39:42.600 --> 00:39:44.600]  而上帝的呼召
[00:39:44.600 --> 00:39:47.600]  是他永恆的裏面都不會失去
[00:39:47.600 --> 00:39:50.600]  第一個是恐懼、威嚇
[00:39:50.600 --> 00:39:54.600]  第二個是今天我們要去明辨的思潮是甚麼呢?
[00:39:54.600 --> 00:39:56.600]  就是貪婪利誘
[00:39:56.600 --> 00:39:59.600]  資本主義社會的副產品
[00:39:59.600 --> 00:40:02.600]  會製造很多人越來越貪婪
[00:40:02.600 --> 00:40:04.600]  很多的利誘
[00:40:04.600 --> 00:40:07.600]  會助長很多人的眼目的情慾
[00:40:07.600 --> 00:40:10.600]  肉體的情慾和今生的驕傲
[00:40:10.600 --> 00:40:12.600]  因為它要刺激你去消費
[00:40:12.600 --> 00:40:15.600]  要令到經濟去增長
[00:40:15.600 --> 00:40:18.600]  你每每去到一個商場的時候
[00:40:18.600 --> 00:40:20.600]  你見到那些廣告
[00:40:20.600 --> 00:40:22.600]  好像會發聲一樣
[00:40:22.600 --> 00:40:25.600]  「買我啦!好抵架!」
[00:40:25.600 --> 00:40:27.600]  「你不買你就後悔啦!」
[00:40:27.600 --> 00:40:30.600]  「你值得擁有呀!」
[00:40:30.600 --> 00:40:33.600]  買買買,買到沒錢的時候
[00:40:33.600 --> 00:40:36.600]  「無需現身,現金一批即過」
[00:40:36.600 --> 00:40:38.600]  「易借易還」
[00:40:38.600 --> 00:40:42.600]  我相信接下來五千元的消費券
[00:40:42.600 --> 00:40:47.600]  可能會更加助長這個現象發生
[00:40:47.600 --> 00:40:52.600]  貪婪利誘會慢慢令到一個人的
[00:40:52.600 --> 00:40:56.600]  受苦意志能力是越來越低的
[00:40:56.600 --> 00:40:58.600]  因為太容易得到
[00:40:58.600 --> 00:41:01.600]  太容易可以滿足到自己的慾望
[00:41:01.600 --> 00:41:03.600]  你很簡單
[00:41:03.600 --> 00:41:07.600]  你只要向世界的統治者跪拜的時候
[00:41:07.600 --> 00:41:09.600]  萬國的榮華都屬於你
[00:41:09.600 --> 00:41:12.600]  這是耶穌所受的試探
[00:41:12.600 --> 00:41:14.600]  同樣今日都是我們受的試探
[00:41:14.600 --> 00:41:17.600]  你只要向這個世界的統治者
[00:41:17.600 --> 00:41:21.600]  這個世界跪拜的時候
[00:41:21.600 --> 00:41:24.600]  萬國的榮華都可以給到你
[00:41:24.600 --> 00:41:30.600]  道理就是同樣要你繞過十字架的受苦
[00:41:30.600 --> 00:41:34.600]  過一個無痛的人生
[00:41:34.600 --> 00:41:36.600]  你值得擁有
[00:41:36.600 --> 00:41:39.600]  你不應該搞到自己那麼辛苦
[00:41:39.600 --> 00:41:43.600]  當然最近在內地的青年人
[00:41:43.600 --> 00:41:45.600]  有躺平主義
[00:41:45.600 --> 00:41:49.600]  覺得一直追車、追樓、追身家
[00:41:49.600 --> 00:41:51.600]  其實是很累的
[00:41:51.600 --> 00:41:54.600]  再加上經濟的大氣候
[00:41:54.600 --> 00:41:56.600]  令到年青人不能向上流
[00:41:56.600 --> 00:41:58.600]  他們都覺得很厭倦
[00:41:58.600 --> 00:42:02.600]  所以躺平主義就是一種反抗資本主義
[00:42:02.600 --> 00:42:04.600]  我想無欲無求的時候
[00:42:04.600 --> 00:42:07.600]  我就躺在那裡不用做
[00:42:07.600 --> 00:42:09.600]  不用追
[00:42:09.600 --> 00:42:13.600]  但我不知道這種主義可以持續多久
[00:42:13.600 --> 00:42:15.600]  這種為了擁有萬國的榮華
[00:42:15.600 --> 00:42:17.600]  而向撒旦跪拜
[00:42:17.600 --> 00:42:26.600]  自然就是要我們和耶穌那種虛己、謙卑、受苦背道而馳
[00:42:26.600 --> 00:42:30.600]  第三種思潮
[00:42:30.600 --> 00:42:34.600]  當然不能少的就是謊言虛偽
[00:42:34.600 --> 00:42:38.600]  錯謬的靈最根本的特質就是謊言
[00:42:38.600 --> 00:42:40.600]  魔鬼是說謊之父
[00:42:40.600 --> 00:42:43.600]  從伊甸園開始的時候
[00:42:43.600 --> 00:42:46.600]  人類已經被不斷的謊言攻陷
[00:42:46.600 --> 00:42:50.600]  這些謊言被包裝成很吸引的說話
[00:42:50.600 --> 00:42:52.600]  一些語言藝術
[00:42:52.600 --> 00:42:54.600]  告訴你兩大謊言
[00:42:54.600 --> 00:42:58.600]  人是不需要靠耶穌就可以得救
[00:42:58.600 --> 00:43:00.600]  可以過得很好
[00:43:00.600 --> 00:43:02.600]  第二個謊言就是
[00:43:02.600 --> 00:43:04.600]  很多的陰謀論
[00:43:04.600 --> 00:43:07.600]  告訴你其實你旁邊那個是你的敵人
[00:43:07.600 --> 00:43:09.600]  你一定要舉報
[00:43:09.600 --> 00:43:10.600]  你要去拋衣鬥
[00:43:10.600 --> 00:43:12.600]  你要去防禦
[00:43:12.600 --> 00:43:14.600]  你要去保護自己
[00:43:14.600 --> 00:43:17.600]  人活在種種的謊言裏面
[00:43:17.600 --> 00:43:21.600]  原來長期活在一種謊言裏面的時候
[00:43:21.600 --> 00:43:24.600]  明知道自己活在謊言裏面
[00:43:24.600 --> 00:43:26.600]  慢慢原來會麻木了
[00:43:26.600 --> 00:43:29.600]  以為自己活在真相裏面
[00:43:29.600 --> 00:43:33.600]  在內地有一位很出名的作家叫做巴金
[00:43:33.600 --> 00:43:36.600]  他寫了一個小說叫做《家春秋》
[00:43:36.600 --> 00:43:39.600]  大家可能有聽過或者有看過
[00:43:39.600 --> 00:43:46.600]  他講到他曾經在十年裏面活在謊言的時候那種感受
[00:43:46.600 --> 00:43:50.600]  他說我越來越接觸不到其他人的內心
[00:43:50.600 --> 00:43:52.600]  我越來越聽不到真話
[00:43:52.600 --> 00:43:56.600]  我自己都將自己的心埋藏到很深
[00:43:56.600 --> 00:44:00.600]  彷彿已經去到深淵的邊緣
[00:44:00.600 --> 00:44:03.600]  自己的腳踏在薄冰的上面
[00:44:03.600 --> 00:44:05.600]  戰戰兢兢
[00:44:05.600 --> 00:44:08.600]  我只是很想保住自己的生命
[00:44:08.600 --> 00:44:10.600]  保住我自己的家人
[00:44:10.600 --> 00:44:14.600]  說謊的藝術發展到登峰造極的地步
[00:44:14.600 --> 00:44:16.600]  謊言變成真理
[00:44:16.600 --> 00:44:21.600]  講真話反而是犯了大罪
[00:44:21.600 --> 00:44:22.600]  弟兄姊妹
[00:44:22.600 --> 00:44:27.600]  我們的社會會不會去到這樣的地步呢?
[00:44:27.600 --> 00:44:33.600]  謊言虛偽絕對不會是屬神的人的特質
[00:44:33.600 --> 00:44:37.600]  因為耶穌是導路真理生命
[00:44:37.600 --> 00:44:39.600]  除非我們根本不是屬神
[00:44:39.600 --> 00:44:42.600]  一個屬神的人是不會一直活在謊言裏面
[00:44:42.600 --> 00:44:44.600]  而自己不醒覺的
[00:44:44.600 --> 00:44:48.600]  除非我們一開始根本都不是屬於神
[00:44:48.600 --> 00:44:49.600]  弟兄姊妹
[00:44:49.600 --> 00:44:50.600]  我講到這三樣東西
[00:44:50.600 --> 00:44:55.600]  恐懼、威嚇、貪婪、利誘、謊言、虛偽
[00:44:55.600 --> 00:44:59.600]  都是我們每天滾手機的時候
[00:44:59.600 --> 00:45:04.600]  在社交平台看到的新聞、訊息裏面
[00:45:04.600 --> 00:45:09.600]  我們很習慣會接觸到的
[00:45:09.600 --> 00:45:13.600]  我們有沒有這個習慣去察驗呢?
[00:45:13.600 --> 00:45:18.600]  我們有沒有輕易已經投身了他們所講的東西呢?
[00:45:18.600 --> 00:45:21.600]  今天我想挑戰大家
[00:45:21.600 --> 00:45:23.600]  當你去看這些訊息
[00:45:23.600 --> 00:45:26.600]  聽這些人講的話的時候
[00:45:26.600 --> 00:45:28.600]  除了要Fact Check
[00:45:28.600 --> 00:45:30.600]  Fact Check即是核實他的事實
[00:45:30.600 --> 00:45:34.600]  我想今天挑戰大家的是Christ Check
[00:45:34.600 --> 00:45:38.600]  就是以基督的生命使命來驗證
[00:45:38.600 --> 00:45:41.600]  究竟他們帶出的訊息
[00:45:41.600 --> 00:45:44.600]  整個告訴我們的東西
[00:45:44.600 --> 00:45:51.600]  和耶穌的「道成肉身,釘身十格,死而復活」的生命
[00:45:51.600 --> 00:45:53.600]  有沒有違背呢?
[00:45:53.600 --> 00:45:59.600]  是不是值得我們去投身、去投靠的東西呢?
[00:45:59.600 --> 00:46:04.600]  這個真的很需要我們神思明辨
[00:46:04.600 --> 00:46:06.600]  最後
[00:46:06.600 --> 00:46:08.600]  約翰告訴我們
[00:46:08.600 --> 00:46:11.600]  我們要抓緊我們得勝的確據
[00:46:11.600 --> 00:46:13.600]  基督
[00:46:13.600 --> 00:46:16.600]  我們再一次讀第四節
[00:46:16.600 --> 00:46:17.600]  1、2、3
[00:46:17.600 --> 00:46:19.600]  如果可以請大家背了它
[00:46:19.600 --> 00:46:20.600]  1、2、3
[00:46:20.600 --> 00:46:26.600]  孩子們,你們是屬神的,並且勝過了假先知
[00:46:26.600 --> 00:46:32.600]  因為那在你們裡面的,比那在世界上的更大
[00:46:32.600 --> 00:46:35.600]  我們裡面的靈是聖靈
[00:46:35.600 --> 00:46:38.600]  是我們最有力的武器
[00:46:38.600 --> 00:46:42.600]  所以弟子們,我再一次苦口婆心的勸大家
[00:46:42.600 --> 00:46:45.600]  操練每天有安靜的時間
[00:46:45.600 --> 00:46:47.600]  剛才一開始的時候說到
[00:46:47.600 --> 00:46:50.600]  我們現在活在一個污濁的水裡
[00:46:50.600 --> 00:46:54.600]  污濁的水,你怎樣可以令你的視線清晰呢?
[00:46:54.600 --> 00:46:56.600]  就是要沉澱
[00:46:56.600 --> 00:47:00.600]  我們每天需要時間去沉澱自己的思想
[00:47:00.600 --> 00:47:02.600]  沉澱我們裡面的感受
[00:47:02.600 --> 00:47:05.600]  我們去聆聽那個聲音
[00:47:05.600 --> 00:47:08.600]  是聖靈,真理的靈的聲音
[00:47:08.600 --> 00:47:10.600]  給我們的提醒、感動
[00:47:10.600 --> 00:47:13.600]  以致我們能夠清晰
[00:47:13.600 --> 00:47:16.600]  神思明辨,去走在光明的裡面
[00:47:16.600 --> 00:47:20.600]  因為體貼聖靈的是生命、平安
[00:47:20.600 --> 00:47:22.600]  我們再一次讀第四節
[00:47:22.600 --> 00:47:25.600]  這一節的經文,我們結束今天的講道
[00:47:25.600 --> 00:47:26.600]  1、2、3
[00:47:26.600 --> 00:47:32.600]  孩子們,你們是屬神的,並且勝過了假先知
[00:47:32.600 --> 00:47:38.600]  因為那在你們裡面的,比那在世界上的更大
[00:47:38.600 --> 00:47:40.600]  我們一起祈禱
[00:47:40.600 --> 00:47:45.600]  我們在禱告裡面去安靜自己
[00:47:47.600 --> 00:47:53.600]  讓聖靈在我們裡面向我們發出感動、提醒
[00:47:53.600 --> 00:47:55.600]  篤澤
[00:47:55.600 --> 00:47:59.600]  我們一起祈禱
[00:47:59.600 --> 00:48:04.600]  求真理的靈繼續去指教我們
[00:48:04.600 --> 00:48:09.600]  讓我們聽到今天這段上帝的話語的時候
[00:48:09.600 --> 00:48:12.600]  我們應該怎樣去回應
[00:48:12.600 --> 00:48:14.600]  求祢幫助我們
[00:48:14.600 --> 00:48:17.600]  主啊,我們是軟弱的
[00:48:17.600 --> 00:48:19.600]  但是祢是大能的神
[00:48:19.600 --> 00:48:21.600]  因為祢已經勝過世界
[00:48:21.600 --> 00:48:24.600]  求祢常常在我們心裡面去動功
[00:48:24.600 --> 00:48:25.600]  幫助我們
[00:48:25.600 --> 00:48:28.600]  因為我們有德性的把握
[00:48:28.600 --> 00:48:31.600]  求祢幫助我們站在真理的裡邊
[00:48:31.600 --> 00:48:33.600]  也幫助我們身邊的弟兄姊妹
[00:48:33.600 --> 00:48:36.600]  同樣站在真理的裡邊
[00:48:36.600 --> 00:48:37.600]  不容易
[00:48:37.600 --> 00:48:40.600]  但是我們知道靠著祢可以
[00:48:40.600 --> 00:48:42.600]  因為上帝祢可以
[00:48:42.600 --> 00:48:46.600]  多謝您收睇時局新聞,奉耶穌之名,阿們。
