
[00:00:00.000 --> 00:00:06.040]  我們今晚進入「以塞牙書」最後的階段
[00:00:06.040 --> 00:00:08.440]  下星期最後一講
[00:00:08.440 --> 00:00:15.680]  我們今天仍然是講「仍然盼望」
[00:00:15.680 --> 00:00:19.880]  那我想講這個
[00:00:19.880 --> 00:00:21.880]  我不知道你們還記不記得
[00:00:21.880 --> 00:00:24.800]  最初的時候說「以塞牙書」六十六章
[00:00:24.800 --> 00:00:26.560]  Donald說了一件事
[00:00:26.560 --> 00:00:30.920]  如果你記得整個「以塞牙書」有兩個英文字
[00:00:30.920 --> 00:00:40.680]  Charge and Comfort
[00:00:40.680 --> 00:00:43.120]  很多先知書基本上都是這樣的
[00:00:43.120 --> 00:00:46.920]  在整個「以塞牙書」的經文裡面
[00:00:46.920 --> 00:00:51.600]  其實有些人說「以塞牙書」是一本小聖經
[00:00:51.600 --> 00:00:57.920]  它在講的東西好像是舊約和新約或者最後是講新天新地
[00:00:57.920 --> 00:01:00.880]  好像是一個縮影一樣
[00:01:00.880 --> 00:01:03.120]  而在整個「以塞牙書」有些人說
[00:01:03.120 --> 00:01:04.600]  基本上可以分三個部份
[00:01:04.600 --> 00:01:09.120]  第一個是頭的一到三十九章
[00:01:09.120 --> 00:01:12.320]  然後四十到六十六章是另外兩個部份
[00:01:12.320 --> 00:01:16.440]  然後我們今天講最後這一段
[00:01:16.440 --> 00:01:21.120]  阿南他講第三部份是講由第五十六章到六十六章
[00:01:21.120 --> 00:01:26.120]  即是一到三十九章、四十到五十五章、五十六章到六十六章
[00:01:26.120 --> 00:01:30.640]  而在第三部份五十六章到六十六章
[00:01:30.640 --> 00:01:36.560]  其實阿南上一次之前他在講「以塞牙書」是講六十章
[00:01:36.560 --> 00:01:37.960]  是五十六章到六十六章
[00:01:37.960 --> 00:01:41.200]  其實他有些學者他這樣做了一些研究
[00:01:41.200 --> 00:01:43.240]  我都是抄的
[00:01:43.240 --> 00:01:45.280]  他講整個倒影結構
[00:01:45.280 --> 00:01:51.000]  其實六十到六十二章是第三部份一個中心的部份
[00:01:51.000 --> 00:01:53.400]  而他去到最後他有講「新天新地」
[00:01:53.400 --> 00:01:55.880]  就是講「借新約」的一些經文
[00:01:55.880 --> 00:01:58.760]  其實都是refer(反映)這些
[00:01:58.760 --> 00:02:01.880]  我不知道你有沒有印象聽阿南講
[00:02:01.880 --> 00:02:09.080]  他講其實六十章或者你回去看看
[00:02:09.080 --> 00:02:14.400]  很多時候都是講「光」、「公義」
[00:02:14.400 --> 00:02:15.680]  亦都有講「救恩」
[00:02:15.680 --> 00:02:17.760]  所以上次阿南講就是講「光」
[00:02:17.760 --> 00:02:20.640]  即是我們怎樣去做「光」
[00:02:20.640 --> 00:02:27.680]  當我預備這一次的訊息的時候
[00:02:27.680 --> 00:02:30.080]  我就想六十章
[00:02:30.080 --> 00:02:32.840]  我就拿六十二章的經文跟大家分享
[00:02:32.840 --> 00:02:35.560]  關於那個盼望的訊息
[00:02:35.560 --> 00:02:40.040]  六十二章裡面其實他講到一些位置是講一些名字
[00:02:40.040 --> 00:02:44.800]  所以我就問阿南放上去臉書
[00:02:44.800 --> 00:02:47.520]  如果你幫兩個子女改名字你會改什麼
[00:02:47.520 --> 00:02:52.800]  我就問你會改「好聽」、「小有」還是「有意思」
[00:02:52.800 --> 00:02:55.560]  大部份的人都是講「有意思」
[00:02:55.560 --> 00:02:58.120]  我想不同的名字有不同的原因
[00:02:58.120 --> 00:02:59.400]  其實不同的名字很有意思
[00:02:59.400 --> 00:03:02.520]  有些名字是因為期望的
[00:03:02.520 --> 00:03:04.720]  有些名字是因為身份的
[00:03:04.720 --> 00:03:07.720]  有些名字是因為你做過一些事的行為
[00:03:07.720 --> 00:03:09.320]  期望例如你的父母改名字
[00:03:09.320 --> 00:03:11.400]  你的子女改名字是有些原因的
[00:03:11.400 --> 00:03:14.280]  即是我女兒也有些原因的改名字
[00:03:14.280 --> 00:03:18.280]  例如你有沒有聽過一些名字叫「信心」
[00:03:18.280 --> 00:03:21.880]  即是我認識的牧師的女兒叫「信心」
[00:03:21.880 --> 00:03:23.960]  然後有些是「恩惠」
[00:03:23.960 --> 00:03:25.880]  當然有些人改名字就會說
[00:03:25.880 --> 00:03:28.160]  「我很想她將來發達」
[00:03:28.160 --> 00:03:32.720]  所以名字裡面有個「錢」或「金」字旁
[00:03:32.720 --> 00:03:35.040]  覺得她太…想她個人強壯一點
[00:03:35.040 --> 00:03:37.920]  即是有些改名字是有些不同的
[00:03:37.920 --> 00:03:41.360]  有些名字是因為身份的
[00:03:41.360 --> 00:03:44.160]  例如當你被人叫「Sir」
[00:03:44.160 --> 00:03:48.640]  叫你「老闆」、「阿頭」、「細佬」
[00:03:48.640 --> 00:03:50.040]  「阿邊個邊個」
[00:03:50.040 --> 00:03:53.160]  「阿邊個邊個」即是他不記得你的名字
[00:03:53.160 --> 00:03:55.200]  即是你的身份有些不同
[00:03:55.200 --> 00:03:57.280]  有些名字是不同的
[00:03:57.280 --> 00:03:58.960]  還有些是你做過一些事的
[00:03:58.960 --> 00:04:02.360]  例如你被人說「你是燈」
[00:04:02.360 --> 00:04:04.040]  你知道甚麼是燈嗎?
[00:04:04.040 --> 00:04:07.760]  即是因為你是隊友
[00:04:07.760 --> 00:04:10.600]  即是有些人說「你是叉燒」
[00:04:10.600 --> 00:04:14.320]  即是你不同的名字其實是代表一些東西
[00:04:14.320 --> 00:04:16.920]  今天我想借一個講題
[00:04:16.920 --> 00:04:20.520]  「我的名字,我的名次,你的姓氏」
[00:04:20.520 --> 00:04:22.320]  即是如果你知道將來有首歌
[00:04:22.320 --> 00:04:24.440]  不過有些少不同
[00:04:24.440 --> 00:04:26.680]  我們的名字
[00:04:26.680 --> 00:04:29.000]  我們怎樣被稱呼
[00:04:29.000 --> 00:04:34.960]  和我所持有的那個盼望有甚麼關係?
[00:04:34.960 --> 00:04:38.480]  我的名字和我持有的盼望有甚麼關係?
[00:04:38.480 --> 00:04:42.200]  為甚麼《爾察學書》第六十二章會說我的名字呢?
[00:04:42.200 --> 00:04:44.000]  我想我們在講《爾察學書》的時候
[00:04:44.000 --> 00:04:46.720]  你涉獵了很多以色列人的歷史
[00:04:46.720 --> 00:04:48.760]  就在「避老」回歸的時候
[00:04:48.760 --> 00:04:50.720]  你有聽過嗎?如果你有些印象
[00:04:50.720 --> 00:04:52.840]  「避老」回歸大約七十年
[00:04:52.840 --> 00:04:57.280]  其實是在講「很辣,落地生根了」
[00:04:57.280 --> 00:04:59.280]  在一個大城市落地生根了
[00:04:59.280 --> 00:05:01.160]  你叫我回去由巴比倫、波斯
[00:05:01.160 --> 00:05:02.520]  這些有發展的國家
[00:05:02.520 --> 00:05:04.960]  回去廢墟耶路撒冷
[00:05:04.960 --> 00:05:07.400]  那我怎樣回去呢?
[00:05:07.400 --> 00:05:11.040]  你跟我說盼望,但那邊比較好
[00:05:11.040 --> 00:05:13.800]  盼望未出現,困難就在身邊
[00:05:13.800 --> 00:05:16.120]  那你叫我怎樣去回歸呢?
[00:05:16.120 --> 00:05:17.720]  這樣的背景
[00:05:17.720 --> 00:05:22.120]  仍然盼望最難是甚麼?
[00:05:22.120 --> 00:05:25.800]  就是你看見環境未有起色
[00:05:25.800 --> 00:05:29.000]  事情都不是很順利的時候
[00:05:29.000 --> 00:05:32.400]  我們仍然相信上帝
[00:05:32.400 --> 00:05:34.040]  相信祂的作為
[00:05:34.040 --> 00:05:36.320]  而且我衛生在祂那裡
[00:05:36.320 --> 00:05:38.120]  剛才大慶拜
[00:05:38.120 --> 00:05:42.120]  我們仍然很想我們的生命
[00:05:42.120 --> 00:05:45.480]  可以榮耀耶穌,發光
[00:05:45.480 --> 00:05:47.520]  我們很想跟從耶穌
[00:05:47.520 --> 00:05:50.640]  很想按祂的心意去行
[00:05:50.640 --> 00:05:53.280]  那究竟是怎樣的一回事呢?
[00:05:53.280 --> 00:05:57.440]  我想先跟大家讀一讀今天的經文
[00:05:57.440 --> 00:06:01.920]  那就,對了
[00:06:01.920 --> 00:06:03.520]  你幫我讀好嗎?
[00:06:03.520 --> 00:06:06.240]  弟兄讀單節,姐妹讀雙節好嗎?
[00:06:06.240 --> 00:06:07.960]  預備,1,2,3
[00:06:36.240 --> 00:06:41.240]  「在天神的象徵之地,作為天主之福」
[00:06:41.240 --> 00:06:43.920]  「天主之福」
[00:06:43.920 --> 00:06:46.080]  「天主之福,正為天主之福」
[00:06:46.080 --> 00:06:50.120]  「天主之福,正為天主之福」
[00:06:50.120 --> 00:06:53.520]  「天主之福,正為天主之福」
[00:06:53.520 --> 00:06:57.840]  「天主之福,正為天主之福」
[00:06:57.840 --> 00:06:59.920]  「天主之福,正為天主之福」
[00:06:59.920 --> 00:07:01.920]  「天主之福,正為天主之福」
[00:07:01.920 --> 00:07:03.120]  「天主之福,正為天主之福」
[00:07:03.120 --> 00:07:04.120]  「天主之福,正為天主之福」
[00:07:04.120 --> 00:07:05.120]  「天主之福,正為天主之福」
[00:07:05.120 --> 00:07:06.120]  「天主之福,正為天主之福」
[00:07:06.120 --> 00:07:07.120]  「天主之福」
[00:07:07.120 --> 00:07:08.120]  「天主之福,正為天主之福」
[00:07:08.120 --> 00:07:09.120]  「天主之福,正為天主之福」
[00:07:09.120 --> 00:07:10.120]  「天主之福,正為天主之福」
[00:07:10.120 --> 00:07:11.120]  「天主之福,正為天主之福」
[00:07:11.120 --> 00:07:12.120]  「天主之福,正為天主之福」
[00:07:12.120 --> 00:07:13.120]  「天主之福,正為天主之福」
[00:07:13.120 --> 00:07:14.120]  「天主之福,正為天主之福」
[00:07:14.120 --> 00:07:15.120]  「天主之福,正為天主之福」
[00:07:15.120 --> 00:07:16.120]  「天主之福,正為天主之福」
[00:07:16.120 --> 00:07:17.120]  「天主之福,正為天主之福」
[00:07:17.120 --> 00:07:18.120]  「天主之福,正為天主之福」
[00:07:18.120 --> 00:07:19.120]  「天主之福,正為天主之福」
[00:07:19.120 --> 00:07:20.120]  「天主之福,正為天主之福」
[00:07:20.120 --> 00:07:21.120]  「天主之福,正為天主之福」
[00:07:21.120 --> 00:07:40.120]  「天主之福,正為天主之福」
[00:07:40.120 --> 00:07:41.120]  「天主之福,正為天主之福」
[00:07:41.120 --> 00:07:42.120]  「天主之福,正為天主之福」
[00:07:42.120 --> 00:07:43.120]  「天主之福,正為天主之福」
[00:07:43.120 --> 00:07:44.120]  「天主之福,正為天主之福」
[00:07:44.120 --> 00:07:45.120]  「天主之福,正為天主之福」
[00:07:45.120 --> 00:07:46.120]  「天主之福,正為天主之福」
[00:07:46.120 --> 00:07:47.120]  「天主之福,正為天主之福」
[00:07:47.120 --> 00:07:48.120]  「天主之福,正為天主之福」
[00:07:48.120 --> 00:07:49.120]  「天主之福,正為天主之福」
[00:07:49.120 --> 00:07:50.120]  「天主之福,正為天主之福」
[00:07:50.120 --> 00:08:16.920]  「天主之福,正为天主之福」
[00:08:16.920 --> 00:08:41.920]  「天主之福,正為天主之福」
[00:08:41.920 --> 00:08:42.920]  「天主之福,正為天主之福」
[00:08:42.920 --> 00:08:43.920]  「天主之福,正為天主之福」
[00:08:43.920 --> 00:08:44.920]  「天主之福,正為天主之福」
[00:08:44.920 --> 00:08:45.920]  「天主之福,正為天主之福」
[00:08:45.920 --> 00:08:54.920]  「天主之福,正為天主之福」
[00:08:54.920 --> 00:08:55.920]  「天主之福,正为天主之福」
[00:08:55.920 --> 00:09:20.920]  「天主之福,正為天主之福」
[00:09:20.920 --> 00:09:21.920]  「天主之福,正為天主之福」
[00:09:21.920 --> 00:09:22.920]  「天主之福,正為天主之福」
[00:09:22.920 --> 00:09:23.920]  「天主之福,正為天主之福」
[00:09:23.920 --> 00:09:24.920]  「天主之福,正為天主之福」
[00:09:24.920 --> 00:09:25.920]  「天主之福,正為天主之福」
[00:09:25.920 --> 00:09:26.920]  「天主之福,正為天主之福」
[00:09:26.920 --> 00:09:27.920]  「天主之福,正為天主之福」
[00:09:27.920 --> 00:09:28.920]  「天主之福,正為天主之福」
[00:09:28.920 --> 00:09:29.920]  「天主之福,正為天主之福」
[00:09:29.920 --> 00:09:30.920]  「天主之福,正為天主之福」
[00:09:30.920 --> 00:09:31.920]  「天主之福,正為天主之福」
[00:09:31.920 --> 00:09:32.920]  「天主之福,正為天主之福」
[00:09:32.920 --> 00:09:33.920]  「天主之福,正為天主之福」
[00:09:33.920 --> 00:09:34.920]  「天主之福,正為天主之福」
[00:09:34.920 --> 00:09:35.920]  「天主之福,正為天主之福」
[00:09:35.920 --> 00:09:36.920]  「天主之福,正為天主之福」
[00:09:36.920 --> 00:09:37.920]  「天主之福,正為天主之福」
[00:09:37.920 --> 00:10:04.920]  「天主之福,正為天主之福」
[00:10:04.920 --> 00:10:09.920]  「天主之福,正為天主之福」
[00:10:09.920 --> 00:10:10.920]  「天主之福,正為天主之福」
[00:10:10.920 --> 00:10:11.920]  「天主之福,正為天主之福」
[00:10:11.920 --> 00:10:12.920]  「天主之福,正為天主之福」
[00:10:12.920 --> 00:10:13.920]  「天主之福,正為天主之福」
[00:10:13.920 --> 00:10:14.920]  「天主之福,正為天主之福」
[00:10:14.920 --> 00:10:15.920]  「天主之福,正為天主之福」
[00:10:15.920 --> 00:10:16.920]  「天主之福,正為天主之福」
[00:10:16.920 --> 00:10:17.920]  「天主之福,正為天主之福」
[00:10:17.920 --> 00:10:18.920]  「天主之福,正為天主之福」
[00:10:18.920 --> 00:10:19.920]  「天主之福,正為天主之福」
[00:10:19.920 --> 00:10:20.920]  「天主之福,正為天主之福」
[00:10:20.920 --> 00:10:21.920]  「天主之福,正為天主之福」
[00:10:21.920 --> 00:10:22.920]  「天主之福,正為天主之福」
[00:10:22.920 --> 00:10:42.920]  「天主之福,正為天主之福」
[00:10:52.920 --> 00:11:01.920]  「天主之福,正為天主之福」
[00:11:01.920 --> 00:11:02.920]  「天主之福,正為天主之福」
[00:11:02.920 --> 00:11:03.920]  「天主之福,正為天主之福」
[00:11:03.920 --> 00:11:04.920]  「天主之福,正為天主之福」
[00:11:04.920 --> 00:11:05.920]  「天主之福,正為天主之福」
[00:11:05.920 --> 00:11:06.920]  「天主之福,正為天主之福」
[00:11:06.920 --> 00:11:07.920]  「天主之福,正為天主之福」
[00:11:07.920 --> 00:11:08.920]  「天主之福,正為天主之福」
[00:11:08.920 --> 00:11:09.920]  「天主之福,正為天主之福」
[00:11:09.920 --> 00:11:10.920]  「天主之福,正為天主之福」
[00:11:10.920 --> 00:11:11.920]  「天主之福,正為天主之福」
[00:11:11.920 --> 00:11:12.920]  「天主之福,正為天主之福」
[00:11:12.920 --> 00:11:13.920]  「天主之福,正為天主之福」
[00:11:13.920 --> 00:11:14.920]  「天主之福,正為天主之福」
[00:11:14.920 --> 00:11:22.920]  「天主之福,正為天主之福」
[00:11:22.920 --> 00:11:23.920]  「天主之福,正為天主之福」
[00:11:23.920 --> 00:11:24.920]  「天主之福,正為天主之福」
[00:11:24.920 --> 00:11:25.920]  「天主之福,正為天主之福」
[00:11:25.920 --> 00:11:26.920]  「天主之福,正為天主之福」
[00:11:26.920 --> 00:11:27.920]  「天主之福,正為天主之福」
[00:11:27.920 --> 00:11:28.920]  「天主之福,正為天主之福」
[00:11:28.920 --> 00:11:29.920]  「天主之福,正為天主之福」
[00:11:29.920 --> 00:11:30.920]  「天主之福,正為天主之福」
[00:11:30.920 --> 00:11:31.920]  「天主之福,正為天主之福」
[00:11:31.920 --> 00:11:32.920]  「天主之福,正為天主之福」
[00:11:32.920 --> 00:11:33.920]  「天主之福,正為天主之福」
[00:11:33.920 --> 00:11:34.920]  「天主之福,正為天主之福」
[00:11:34.920 --> 00:11:35.920]  「天主之福,正為天主之福」
[00:11:35.920 --> 00:11:45.920]  「天主之福,正為天主之福」
[00:11:45.920 --> 00:11:46.920]  「天主之福,正為天主之福」
[00:11:46.920 --> 00:11:47.920]  「天主之福,正為天主之福」
[00:11:47.920 --> 00:11:48.920]  「天主之福,正為天主之福」
[00:11:48.920 --> 00:11:49.920]  「天主之福,正為天主之福」
[00:11:49.920 --> 00:11:50.920]  「天主之福,正為天主之福」
[00:11:50.920 --> 00:11:51.920]  「天主之福,正為天主之福」
[00:11:51.920 --> 00:11:52.920]  「天主之福,正為天主之福」
[00:11:52.920 --> 00:11:53.920]  「天主之福,正為天主之福」
[00:11:53.920 --> 00:11:54.920]  「天主之福,正為天主之福」
[00:11:54.920 --> 00:11:55.920]  「天主之福,正為天主之福」
[00:11:55.920 --> 00:11:56.920]  「天主之福,正為天主之福」
[00:11:56.920 --> 00:11:57.920]  「天主之福,正為天主之福」
[00:11:57.920 --> 00:11:58.920]  「天主之福,正為天主之福」
[00:11:58.920 --> 00:12:05.920]  「天主之福,正為天主之福」
[00:12:05.920 --> 00:12:06.920]  「天主之福,正為天主之福」
[00:12:06.920 --> 00:12:07.920]  「天主之福,正為天主之福」
[00:12:07.920 --> 00:12:08.920]  「天主之福,正為天主之福」
[00:12:08.920 --> 00:12:09.920]  「天主之福,正為天主之福」
[00:12:09.920 --> 00:12:10.920]  「天主之福,正為天主之福」
[00:12:10.920 --> 00:12:11.920]  「天主之福,正為天主之福」
[00:12:11.920 --> 00:12:12.920]  「天主之福,正為天主之福」
[00:12:12.920 --> 00:12:13.920]  「天主之福,正為天主之福」
[00:12:13.920 --> 00:12:14.920]  「天主之福,正為天主之福」
[00:12:14.920 --> 00:12:15.920]  「天主之福,正為天主之福」
[00:12:15.920 --> 00:12:16.920]  「天主之福,正為天主之福」
[00:12:16.920 --> 00:12:17.920]  「天主之福,正為天主之福」
[00:12:17.920 --> 00:12:18.920]  「天主之福,正為天主之福」
[00:12:18.920 --> 00:12:43.920]  「天主之福,正為天主之福」
[00:12:43.920 --> 00:12:44.920]  「天主之福,正為天主之福」
[00:12:44.920 --> 00:12:45.920]  「天主之福,正為天主之福」
[00:12:45.920 --> 00:12:46.920]  「天主之福,正為天主之福」
[00:12:46.920 --> 00:12:47.920]  「天主之福,正為天主之福」
[00:12:47.920 --> 00:12:48.920]  「天主之福,正為天主之福」
[00:12:48.920 --> 00:13:09.920]  「天主之福,正為天主之福」
[00:13:09.920 --> 00:13:17.920]  「天主之福,正為天主之福」
[00:13:17.920 --> 00:13:18.920]  「天主之福,正為天主之福」
[00:13:18.920 --> 00:13:19.920]  「天主之福,正為天主之福」
[00:13:19.920 --> 00:13:20.920]  「天主之福,正為天主之福」
[00:13:20.920 --> 00:13:21.920]  「天主之福,正為天主之福」
[00:13:21.920 --> 00:13:22.920]  「天主之福,正為天主之福」
[00:13:22.920 --> 00:13:23.920]  「天主之福,正為天主之福」
[00:13:23.920 --> 00:13:24.920]  「天主之福,正為天主之福」
[00:13:24.920 --> 00:13:25.920]  「天主之福,正為天主之福」
[00:13:25.920 --> 00:13:26.920]  「天主之福,正為天主之福」
[00:13:26.920 --> 00:13:27.920]  「天主之福,正為天主之福」
[00:13:27.920 --> 00:13:28.920]  「天主之福,正為天主之福」
[00:13:28.920 --> 00:13:29.920]  「天主之福,正為天主之福」
[00:13:29.920 --> 00:13:30.920]  「天主之福,正為天主之福」
[00:13:30.920 --> 00:13:39.920]  「天主之福,正為天主之福」
[00:13:39.920 --> 00:13:40.920]  「天主之福,正為天主之福」
[00:13:40.920 --> 00:13:41.920]  「天主之福,正為天主之福」
[00:13:41.920 --> 00:13:42.920]  「天主之福,正為天主之福」
[00:13:42.920 --> 00:13:43.920]  「天主之福,正為天主之福」
[00:13:43.920 --> 00:13:44.920]  「天主之福,正為天主之福」
[00:13:44.920 --> 00:13:45.920]  「天主之福,正為天主之福」
[00:13:45.920 --> 00:13:46.920]  「天主之福,正為天主之福」
[00:13:46.920 --> 00:13:47.920]  「天主之福,正為天主之福」
[00:13:47.920 --> 00:13:48.920]  「天主之福,正為天主之福」
[00:13:48.920 --> 00:13:49.920]  「天主之福,正為天主之福」
[00:13:49.920 --> 00:13:50.920]  「天主之福,正為天主之福」
[00:13:50.920 --> 00:13:51.920]  「天主之福,正為天主之福」
[00:13:51.920 --> 00:13:52.920]  「天主之福,正為天主之福」
[00:13:52.920 --> 00:14:00.920]  「天主之福,正為天主之福」
[00:14:00.920 --> 00:14:01.920]  「天主之福,正為天主之福」
[00:14:01.920 --> 00:14:02.920]  「天主之福,正為天主之福」
[00:14:02.920 --> 00:14:03.920]  「天主之福,正為天主之福」
[00:14:03.920 --> 00:14:04.920]  「天主之福,正為天主之福」
[00:14:04.920 --> 00:14:05.920]  「天主之福,正為天主之福」
[00:14:05.920 --> 00:14:06.920]  「天主之福,正為天主之福」
[00:14:06.920 --> 00:14:07.920]  「天主之福,正為天主之福」
[00:14:07.920 --> 00:14:08.920]  「天主之福,正為天主之福」
[00:14:08.920 --> 00:14:09.920]  「天主之福,正為天主之福」
[00:14:09.920 --> 00:14:10.920]  「天主之福,正為天主之福」
[00:14:10.920 --> 00:14:11.920]  「天主之福,正為天主之福」
[00:14:11.920 --> 00:14:12.920]  「天主之福,正為天主之福」
[00:14:12.920 --> 00:14:13.920]  「天主之福,正為天主之福」
[00:14:13.920 --> 00:14:28.920]  「天主之福,正為天主之福」
[00:14:28.920 --> 00:14:29.920]  「天主之福,正為天主之福」
[00:14:29.920 --> 00:14:30.920]  「天主之福,正為天主之福」
[00:14:30.920 --> 00:14:31.920]  「天主之福,正為天主之福」
[00:14:31.920 --> 00:14:32.920]  「天主之福,正為天主之福」
[00:14:32.920 --> 00:14:33.920]  「天主之福,正為天主之福」
[00:14:33.920 --> 00:14:34.920]  「天主之福,正為天主之福」
[00:14:34.920 --> 00:14:35.920]  「天主之福,正為天主之福」
[00:14:35.920 --> 00:14:36.920]  「天主之福,正為天主之福」
[00:14:36.920 --> 00:14:37.920]  「天主之福,正為天主之福」
[00:14:37.920 --> 00:14:38.920]  「天主之福,正為天主之福」
[00:14:38.920 --> 00:14:39.920]  「天主之福,正為天主之福」
[00:14:39.920 --> 00:14:40.920]  「天主之福,正為天主之福」
[00:14:40.920 --> 00:14:41.920]  「天主之福,正為天主之福」
[00:14:41.920 --> 00:14:43.920]  「天主之福,正為天主之福」
[00:14:43.920 --> 00:14:44.920]  「天主之福,正為天主之福」
[00:14:44.920 --> 00:14:45.920]  「天主之福,正為天主之福」
[00:14:45.920 --> 00:14:46.920]  「天主之福,正為天主之福」
[00:14:46.920 --> 00:14:47.920]  「天主之福,正為天主之福」
[00:14:47.920 --> 00:14:48.920]  「天主之福,正為天主之福」
[00:14:48.920 --> 00:14:49.920]  「天主之福,正為天主之福」
[00:14:49.920 --> 00:14:50.920]  「天主之福,正為天主之福」
[00:14:50.920 --> 00:14:51.920]  「天主之福,正為天主之福」
[00:14:51.920 --> 00:14:52.920]  「天主之福,正為天主之福」
[00:14:52.920 --> 00:14:53.920]  「天主之福,正為天主之福」
[00:14:53.920 --> 00:14:54.920]  「天主之福,正為天主之福」
[00:14:54.920 --> 00:14:55.920]  「天主之福,正為天主之福」
[00:14:55.920 --> 00:14:56.920]  「天主之福,正為天主之福」
[00:14:56.920 --> 00:15:14.920]  「天主之福,正為天主之福」
[00:15:14.920 --> 00:15:15.920]  「天主之福,正為天主之福」
[00:15:15.920 --> 00:15:16.920]  「天主之福,正為天主之福」
[00:15:16.920 --> 00:15:17.920]  「天主之福,正為天主之福」
[00:15:17.920 --> 00:15:18.920]  「天主之福,正為天主之福」
[00:15:18.920 --> 00:15:19.920]  「天主之福,正為天主之福」
[00:15:19.920 --> 00:15:20.920]  「天主之福,正為天主之福」
[00:15:20.920 --> 00:15:21.920]  「天主之福,正為天主之福」
[00:15:21.920 --> 00:15:22.920]  「天主之福,正為天主之福」
[00:15:22.920 --> 00:15:23.920]  「天主之福,正為天主之福」
[00:15:23.920 --> 00:15:24.920]  「天主之福,正為天主之福」
[00:15:24.920 --> 00:15:25.920]  「天主之福,正為天主之福」
[00:15:25.920 --> 00:15:26.920]  「天主之福,正為天主之福」
[00:15:26.920 --> 00:15:27.920]  「天主之福,正為天主之福」
[00:15:27.920 --> 00:15:28.920]  「天主之福,正為天主之福」
[00:15:28.920 --> 00:15:29.920]  「天主之福,正為天主之福」
[00:15:29.920 --> 00:15:30.920]  「天主之福,正為天主之福」
[00:15:30.920 --> 00:15:31.920]  「天主之福,正为天主之福」
[00:15:31.920 --> 00:15:32.920]  「天主之福,正為天主之福」
[00:15:32.920 --> 00:15:34.920]  「天主之福,正為天主之福」
[00:15:34.920 --> 00:15:35.920]  「天主之福,正為天主之福」
[00:15:35.920 --> 00:15:36.920]  「天主之福,正為天主之福」
[00:15:36.920 --> 00:15:37.920]  「天主之福,正為天主之福」
[00:15:37.920 --> 00:15:38.920]  「天主之福,正為天主之福」
[00:15:38.920 --> 00:15:39.920]  「天主之福,正為天主之福」
[00:15:39.920 --> 00:15:40.920]  「天主之福,正為天主之福」
[00:15:40.920 --> 00:16:03.920]  「天主之福,正為天主之福」
[00:16:03.920 --> 00:16:04.920]  「天主之福,正為天主之福」
[00:16:04.920 --> 00:16:05.920]  「天主之福,正為天主之福」
[00:16:05.920 --> 00:16:06.920]  「天主之福,正為天主之福」
[00:16:06.920 --> 00:16:07.920]  「天主之福,正為天主之福」
[00:16:07.920 --> 00:16:08.920]  「天主之福,正為天主之福」
[00:16:08.920 --> 00:16:09.920]  「天主之福,正為天主之福」
[00:16:09.920 --> 00:16:10.920]  「天主之福,正為天主之福」
[00:16:10.920 --> 00:16:11.920]  「天主之福,正为天主之福」
[00:16:11.920 --> 00:16:13.920]  「天主之福,正為天主之福」
[00:16:13.920 --> 00:16:36.920]  「天主之福,正為天主之福」
[00:16:36.920 --> 00:16:41.920]  「天主之福,正為天主之福」
[00:16:41.920 --> 00:16:42.920]  「天主之福,正為天主之福」
[00:16:42.920 --> 00:16:43.920]  「天主之福,正為天主之福」
[00:16:43.920 --> 00:16:44.920]  「天主之福,正為天主之福」
[00:16:44.920 --> 00:16:45.920]  「天主之福,正為天主之福」
[00:16:45.920 --> 00:16:46.920]  「天主之福,正為天主之福」
[00:16:46.920 --> 00:16:47.920]  「天主之福,正為天主之福」
[00:16:47.920 --> 00:16:48.920]  「天主之福,正為天主之福」
[00:16:48.920 --> 00:16:49.920]  「天主之福,正為天主之福」
[00:16:49.920 --> 00:16:50.920]  「天主之福,正為天主之福」
[00:16:50.920 --> 00:16:51.920]  「天主之福,正為天主之福」
[00:16:51.920 --> 00:16:52.920]  「天主之福,正為天主之福」
[00:16:52.920 --> 00:16:53.920]  「天主之福,正為天主之福」
[00:16:53.920 --> 00:16:54.920]  「天主之福,正為天主之福」
[00:16:54.920 --> 00:17:09.920]  「天主之福,正為天主之福」
[00:17:09.920 --> 00:17:10.920]  「天主之福,正為天主之福」
[00:17:10.920 --> 00:17:11.920]  「天主之福,正為天主之福」
[00:17:11.920 --> 00:17:12.920]  「天主之福,正為天主之福」
[00:17:12.920 --> 00:17:13.920]  「天主之福,正為天主之福」
[00:17:13.920 --> 00:17:14.920]  「天主之福,正為天主之福」
[00:17:14.920 --> 00:17:15.920]  「天主之福,正為天主之福」
[00:17:15.920 --> 00:17:16.920]  「天主之福,正為天主之福」
[00:17:16.920 --> 00:17:17.920]  「天主之福,正為天主之福」
[00:17:17.920 --> 00:17:18.920]  「天主之福,正為天主之福」
[00:17:18.920 --> 00:17:19.920]  「天主之福,正為天主之福」
[00:17:19.920 --> 00:17:20.920]  「天主之福,正為天主之福」
[00:17:20.920 --> 00:17:21.920]  「天主之福,正為天主之福」
[00:17:21.920 --> 00:17:22.920]  「天主之福,正為天主之福」
[00:17:22.920 --> 00:17:24.920]  「天主之福,正為天主之福」
[00:17:24.920 --> 00:17:25.920]  「天主之福,正為天主之福」
[00:17:25.920 --> 00:17:26.920]  「天主之福,正為天主之福」
[00:17:26.920 --> 00:17:27.920]  「天主之福,正為天主之福」
[00:17:27.920 --> 00:17:28.920]  「天主之福,正為天主之福」
[00:17:28.920 --> 00:17:29.920]  「天主之福,正為天主之福」
[00:17:29.920 --> 00:17:30.920]  「天主之福,正為天主之福」
[00:17:30.920 --> 00:17:31.920]  「天主之福,正為天主之福」
[00:17:31.920 --> 00:17:32.920]  「天主之福,正為天主之福」
[00:17:32.920 --> 00:17:33.920]  「天主之福,正為天主之福」
[00:17:33.920 --> 00:17:34.920]  「天主之福,正為天主之福」
[00:17:34.920 --> 00:17:35.920]  「天主之福,正為天主之福」
[00:17:35.920 --> 00:17:36.920]  「天主之福,正為天主之福」
[00:17:36.920 --> 00:17:37.920]  「天主之福,正為天主之福」
[00:17:37.920 --> 00:18:04.920]  「天主之福,正為天主之福」
[00:18:04.920 --> 00:18:09.920]  「天主之福,正為天主之福」
[00:18:09.920 --> 00:18:10.920]  「天主之福,正為天主之福」
[00:18:10.920 --> 00:18:11.920]  「天主之福,正為天主之福」
[00:18:11.920 --> 00:18:12.920]  「天主之福,正為天主之福」
[00:18:12.920 --> 00:18:13.920]  「天主之福,正為天主之福」
[00:18:13.920 --> 00:18:14.920]  「天主之福,正為天主之福」
[00:18:14.920 --> 00:18:15.920]  「天主之福,正為天主之福」
[00:18:15.920 --> 00:18:16.920]  「天主之福,正為天主之福」
[00:18:16.920 --> 00:18:17.920]  「天主之福,正為天主之福」
[00:18:17.920 --> 00:18:18.920]  「天主之福,正為天主之福」
[00:18:18.920 --> 00:18:19.920]  「天主之福,正為天主之福」
[00:18:19.920 --> 00:18:20.920]  「天主之福,正為天主之福」
[00:18:20.920 --> 00:18:21.920]  「天主之福,正為天主之福」
[00:18:21.920 --> 00:18:22.920]  「天主之福,正為天主之福」
[00:18:22.920 --> 00:18:35.920]  「天主之福,正為天主之福」
[00:18:35.920 --> 00:18:36.920]  「天主之福,正為天主之福」
[00:18:36.920 --> 00:18:37.920]  「天主之福,正為天主之福」
[00:18:37.920 --> 00:18:38.920]  「天主之福,正為天主之福」
[00:18:38.920 --> 00:18:39.920]  「天主之福,正為天主之福」
[00:18:39.920 --> 00:18:40.920]  「天主之福,正為天主之福」
[00:18:40.920 --> 00:18:41.920]  「天主之福,正為天主之福」
[00:18:41.920 --> 00:18:42.920]  「天主之福,正為天主之福」
[00:18:42.920 --> 00:18:43.920]  「天主之福,正為天主之福」
[00:18:43.920 --> 00:18:44.920]  「天主之福,正為天主之福」
[00:18:44.920 --> 00:18:45.920]  「天主之福,正為天主之福」
[00:18:45.920 --> 00:18:46.920]  「天主之福,正為天主之福」
[00:18:46.920 --> 00:18:47.920]  「天主之福,正為天主之福」
[00:18:47.920 --> 00:18:48.920]  「天主之福,正為天主之福」
[00:18:48.920 --> 00:18:55.920]  「天主之福,正為天主之福」
[00:18:55.920 --> 00:18:56.920]  「天主之福,正為天主之福」
[00:18:56.920 --> 00:18:57.920]  「天主之福,正為天主之福」
[00:18:57.920 --> 00:18:58.920]  「天主之福,正為天主之福」
[00:18:58.920 --> 00:18:59.920]  「天主之福,正為天主之福」
[00:18:59.920 --> 00:19:00.920]  「天主之福,正為天主之福」
[00:19:00.920 --> 00:19:01.920]  「天主之福,正為天主之福」
[00:19:01.920 --> 00:19:02.920]  「天主之福,正為天主之福」
[00:19:02.920 --> 00:19:03.920]  「天主之福,正為天主之福」
[00:19:03.920 --> 00:19:04.920]  「天主之福,正為天主之福」
[00:19:04.920 --> 00:19:05.920]  「天主之福,正為天主之福」
[00:19:05.920 --> 00:19:06.920]  「天主之福,正為天主之福」
[00:19:06.920 --> 00:19:07.920]  「天主之福,正為天主之福」
[00:19:07.920 --> 00:19:08.920]  「天主之福,正為天主之福」
[00:19:08.920 --> 00:19:18.920]  「天主之福,正為天主之福」
[00:19:18.920 --> 00:19:19.920]  「天主之福,正為天主之福」
[00:19:19.920 --> 00:19:20.920]  「天主之福,正為天主之福」
[00:19:20.920 --> 00:19:21.920]  「天主之福,正為天主之福」
[00:19:21.920 --> 00:19:22.920]  「天主之福,正為天主之福」
[00:19:22.920 --> 00:19:23.920]  「天主之福,正為天主之福」
[00:19:23.920 --> 00:19:24.920]  「天主之福,正為天主之福」
[00:19:24.920 --> 00:19:25.920]  「天主之福,正為天主之福」
[00:19:25.920 --> 00:19:26.920]  「天主之福,正為天主之福」
[00:19:26.920 --> 00:19:27.920]  「天主之福,正為天主之福」
[00:19:27.920 --> 00:19:28.920]  「天主之福,正為天主之福」
[00:19:28.920 --> 00:19:29.920]  「天主之福,正為天主之福」
[00:19:29.920 --> 00:19:30.920]  「天主之福,正為天主之福」
[00:19:30.920 --> 00:19:31.920]  「天主之福,正為天主之福」
[00:19:31.920 --> 00:19:38.920]  「天主之福,正為天主之福」
[00:19:38.920 --> 00:19:39.920]  「天主之福,正為天主之福」
[00:19:39.920 --> 00:19:40.920]  「天主之福,正為天主之福」
[00:19:40.920 --> 00:19:41.920]  「天主之福,正為天主之福」
[00:19:41.920 --> 00:19:42.920]  「天主之福,正為天主之福」
[00:19:42.920 --> 00:19:43.920]  「天主之福,正為天主之福」
[00:19:43.920 --> 00:19:44.920]  「天主之福,正為天主之福」
[00:19:44.920 --> 00:19:45.920]  「天主之福,正為天主之福」
[00:19:45.920 --> 00:19:46.920]  「天主之福,正為天主之福」
[00:19:46.920 --> 00:19:47.920]  「天主之福,正為天主之福」
[00:19:47.920 --> 00:19:48.920]  「天主之福,正為天主之福」
[00:19:48.920 --> 00:19:49.920]  「天主之福,正為天主之福」
[00:19:49.920 --> 00:19:50.920]  「天主之福,正為天主之福」
[00:19:50.920 --> 00:19:51.920]  「天主之福,正為天主之福」
[00:19:51.920 --> 00:20:02.920]  「天主之福,正為天主之福」
[00:20:02.920 --> 00:20:03.920]  「天主之福,正為天主之福」
[00:20:03.920 --> 00:20:04.920]  「天主之福,正為天主之福」
[00:20:04.920 --> 00:20:05.920]  「天主之福,正為天主之福」
[00:20:05.920 --> 00:20:06.920]  「天主之福,正為天主之福」
[00:20:06.920 --> 00:20:07.920]  「天主之福,正為天主之福」
[00:20:07.920 --> 00:20:08.920]  「天主之福,正為天主之福」
[00:20:08.920 --> 00:20:09.920]  「天主之福,正為天主之福」
[00:20:09.920 --> 00:20:10.920]  「天主之福,正為天主之福」
[00:20:10.920 --> 00:20:11.920]  「天主之福,正為天主之福」
[00:20:11.920 --> 00:20:12.920]  「天主之福,正為天主之福」
[00:20:12.920 --> 00:20:13.920]  「天主之福,正為天主之福」
[00:20:13.920 --> 00:20:14.920]  「天主之福,正為天主之福」
[00:20:14.920 --> 00:20:15.920]  「天主之福,正為天主之福」
[00:20:15.920 --> 00:20:22.920]  「天主之福,正為天主之福」
[00:20:22.920 --> 00:20:23.920]  「天主之福,正為天主之福」
[00:20:23.920 --> 00:20:24.920]  「天主之福,正為天主之福」
[00:20:24.920 --> 00:20:25.920]  「天主之福,正為天主之福」
[00:20:25.920 --> 00:20:26.920]  「天主之福,正為天主之福」
[00:20:26.920 --> 00:20:27.920]  「天主之福,正為天主之福」
[00:20:27.920 --> 00:20:28.920]  「天主之福,正為天主之福」
[00:20:28.920 --> 00:20:29.920]  「天主之福,正為天主之福」
[00:20:29.920 --> 00:20:30.920]  「天主之福,正為天主之福」
[00:20:30.920 --> 00:20:31.920]  「天主之福,正為天主之福」
[00:20:31.920 --> 00:20:32.920]  「天主之福,正為天主之福」
[00:20:32.920 --> 00:20:33.920]  「天主之福,正為天主之福」
[00:20:33.920 --> 00:20:34.920]  「天主之福,正為天主之福」
[00:20:34.920 --> 00:20:35.920]  「天主之福,正為天主之福」
[00:20:35.920 --> 00:20:49.920]  「天主之福,正為天主之福」
[00:20:49.920 --> 00:20:50.920]  「天主之福,正為天主之福」
[00:20:50.920 --> 00:20:51.920]  「天主之福,正為天主之福」
[00:20:51.920 --> 00:20:52.920]  「天主之福,正為天主之福」
[00:20:52.920 --> 00:20:53.920]  「天主之福,正為天主之福」
[00:20:53.920 --> 00:20:54.920]  「天主之福,正為天主之福」
[00:20:54.920 --> 00:20:55.920]  「天主之福,正為天主之福」
[00:20:55.920 --> 00:20:56.920]  「天主之福,正為天主之福」
[00:20:56.920 --> 00:20:57.920]  「天主之福,正為天主之福」
[00:20:57.920 --> 00:20:58.920]  「天主之福,正為天主之福」
[00:20:58.920 --> 00:20:59.920]  「天主之福,正為天主之福」
[00:20:59.920 --> 00:21:00.920]  「天主之福,正為天主之福」
[00:21:00.920 --> 00:21:01.920]  「天主之福,正為天主之福」
[00:21:01.920 --> 00:21:02.920]  「天主之福,正為天主之福」
[00:21:02.920 --> 00:21:05.920]  「天主之福,正為天主之福」
[00:21:05.920 --> 00:21:06.920]  「天主之福,正為天主之福」
[00:21:06.920 --> 00:21:07.920]  「天主之福,正為天主之福」
[00:21:07.920 --> 00:21:08.920]  「天主之福,正為天主之福」
[00:21:08.920 --> 00:21:09.920]  「天主之福,正為天主之福」
[00:21:09.920 --> 00:21:10.920]  「天主之福,正為天主之福」
[00:21:10.920 --> 00:21:11.920]  「天主之福,正為天主之福」
[00:21:11.920 --> 00:21:12.920]  「天主之福,正為天主之福」
[00:21:12.920 --> 00:21:13.920]  「天主之福,正為天主之福」
[00:21:13.920 --> 00:21:14.920]  「天主之福,正為天主之福」
[00:21:14.920 --> 00:21:15.920]  「天主之福,正為天主之福」
[00:21:15.920 --> 00:21:16.920]  「天主之福,正為天主之福」
[00:21:16.920 --> 00:21:17.920]  「天主之福,正為天主之福」
[00:21:17.920 --> 00:21:18.920]  「天主之福,正為天主之福」
[00:21:18.920 --> 00:21:34.900]  「天主之福,正為天主之福」
[00:21:34.900 --> 00:21:35.900]  「天主之福,正為天主之福」
[00:21:35.900 --> 00:21:36.900]  「天主之福,正為天主之福」
[00:21:36.900 --> 00:21:37.900]  「天主之福,正為天主之福」
[00:21:37.900 --> 00:21:38.900]  「天主之福,正為天主之福」
[00:21:38.900 --> 00:21:39.900]  「天主之福,正為天主之福」
[00:21:39.900 --> 00:21:40.900]  「天主之福,正為天主之福」
[00:21:40.900 --> 00:21:41.900]  「天主之福,正為天主之福」
[00:21:41.900 --> 00:21:42.900]  「天主之福,正為天主之福」
[00:21:42.900 --> 00:21:43.900]  「天主之福,正為天主之福」
[00:21:43.900 --> 00:21:44.900]  「天主之福,正為天主之福」
[00:21:44.900 --> 00:21:45.900]  「天主之福,正為天主之福」
[00:21:45.900 --> 00:21:46.900]  「天主之福,正為天主之福」
[00:21:46.900 --> 00:21:47.900]  「天主之福,正為天主之福」
[00:21:47.900 --> 00:21:49.900]  突然間無緣無故轉去祈禱
[00:21:49.900 --> 00:21:54.900]  直到一樣耶路撒冷在地上升為可讚美的
[00:21:54.900 --> 00:21:57.900]  突然間說起祈禱
[00:21:57.900 --> 00:22:02.900]  我覺得這個位置我一直安靜地準備
[00:22:02.900 --> 00:22:04.900]  我覺得很有意思
[00:22:04.900 --> 00:22:07.900]  我們面對的是一個很獨特的時代
[00:22:07.900 --> 00:22:10.900]  是一個盼望的位置
[00:22:10.900 --> 00:22:11.900]  我們在一個很獨特的時代是甚麼呢
[00:22:11.900 --> 00:22:14.900]  我們這個世界是很強調自我
[00:22:14.900 --> 00:22:18.900]  我自己很重要的那個自我利益
[00:22:18.900 --> 00:22:20.900]  我們那個自我意識很高
[00:22:20.900 --> 00:22:24.900]  但是同時這個世界自殺率又很高
[00:22:24.900 --> 00:22:28.900]  就是我很在意我是怎樣
[00:22:28.900 --> 00:22:31.900]  但是同時這個世界的人是沒有希望的
[00:22:31.900 --> 00:22:34.900]  我們是一個很吊詭的時代
[00:22:34.900 --> 00:22:36.900]  我們在想的時候
[00:22:36.900 --> 00:22:39.900]  我們的價值或者我們的安全感
[00:22:39.900 --> 00:22:41.900]  很多時候我們擺在了一個外在的環境
[00:22:41.900 --> 00:22:43.900]  我擁有多少東西
[00:22:43.900 --> 00:22:45.900]  我的成就
[00:22:45.900 --> 00:22:48.900]  其他人對我的讚賞稱讚
[00:22:48.900 --> 00:22:50.900]  有時這些是很容易變的
[00:22:50.900 --> 00:22:54.900]  但是我們把自己hook up在那些地方
[00:22:54.900 --> 00:22:56.900]  以致當我們面對困難的時候
[00:22:56.900 --> 00:22:58.900]  我們會灰心會失望
[00:22:58.900 --> 00:22:59.900]  其實是很自然的
[00:22:59.900 --> 00:23:01.900]  灰心會失望
[00:23:01.900 --> 00:23:04.900]  甚至乎有時我不知道有沒有試過
[00:23:04.900 --> 00:23:07.900]  自己的挫折明明是蠢的
[00:23:07.900 --> 00:23:09.900]  自己會罵自己
[00:23:09.900 --> 00:23:14.900]  有些情緒發洩為何這麼蠢
[00:23:14.900 --> 00:23:16.900]  其實這些某程度上都是好事
[00:23:16.900 --> 00:23:19.900]  你幫你自己講到你心底那句
[00:23:19.900 --> 00:23:22.900]  即是接觸你自己的內心
[00:23:22.900 --> 00:23:25.900]  但是如果一個位是
[00:23:25.900 --> 00:23:33.900]  當我們容讓這些說話持續地佔據我們的內心
[00:23:33.900 --> 00:23:36.900]  如果我們讓這些說話
[00:23:36.900 --> 00:23:40.900]  不斷地傷害我們到一個地步
[00:23:40.900 --> 00:23:45.900]  連上帝的赦免、應許、祝福
[00:23:45.900 --> 00:23:51.900]  都不願意去接受呢
[00:23:51.900 --> 00:23:52.900]  你明白我的意思嗎
[00:23:52.900 --> 00:23:53.900]  我再說一次
[00:23:53.900 --> 00:23:56.900]  我們有時會面對負面情緒
[00:23:56.900 --> 00:23:59.900]  情緒本身沒有對錯
[00:23:59.900 --> 00:24:02.900]  這是基本的
[00:24:02.900 --> 00:24:03.900]  情緒本身沒有對錯
[00:24:03.900 --> 00:24:05.900]  我們會有情緒的反應
[00:24:05.900 --> 00:24:09.900]  不過情緒會有正面的情緒和負面的情緒
[00:24:09.900 --> 00:24:10.900]  負面的情緒
[00:24:10.900 --> 00:24:13.900]  當然如果我們一直停留在這裏的時候
[00:24:13.900 --> 00:24:14.900]  我想講的是
[00:24:14.900 --> 00:24:18.900]  如果有時我們會沉迷到某些位置
[00:24:18.900 --> 00:24:20.900]  我沒用了,活該
[00:24:20.900 --> 00:24:21.900]  好東西沒有我的份
[00:24:21.900 --> 00:24:22.900]  我怎樣努力都不行
[00:24:22.900 --> 00:24:23.900]  沒有人喜歡我
[00:24:23.900 --> 00:24:24.900]  你罵這些呢
[00:24:24.900 --> 00:24:28.900]  罵罵罵罵到一個地步
[00:24:28.900 --> 00:24:34.900]  你的灰心成為了絕望
[00:24:34.900 --> 00:24:37.900]  接著有人跟你說
[00:24:37.900 --> 00:24:39.900]  盼望的時候
[00:24:39.900 --> 00:24:44.900]  你聽不進去
[00:24:44.900 --> 00:24:47.900]  因為你將那個灰心和絕望
[00:24:47.900 --> 00:24:51.900]  和你的人扣在一起
[00:24:51.900 --> 00:24:53.900]  我是沒用的了
[00:24:53.900 --> 00:24:55.900]  生個叉燒那些
[00:24:55.900 --> 00:24:58.900]  我是沒用的了
[00:24:58.900 --> 00:25:01.900]  好東西沒有我的份
[00:25:01.900 --> 00:25:05.900]  即是有時我們在困難裏面
[00:25:05.900 --> 00:25:06.900]  生生無所謂
[00:25:06.900 --> 00:25:09.900]  但生生你將這些灰心的東西
[00:25:09.900 --> 00:25:11.900]  進入了你的心裏面
[00:25:11.900 --> 00:25:13.900]  成為了你裏面的一部份
[00:25:13.900 --> 00:25:18.900]  成為了你人的一部份
[00:25:18.900 --> 00:25:19.900]  而去到某些位置
[00:25:19.900 --> 00:25:20.900]  某些程度上
[00:25:20.900 --> 00:25:31.900]  那些是盲點甚至是罪
[00:25:31.900 --> 00:25:33.900]  在聖經的角度
[00:25:33.900 --> 00:25:34.900]  你聽我說
[00:25:34.900 --> 00:25:35.900]  我不是說你不可以生
[00:25:35.900 --> 00:25:37.900]  你明白我的意思嗎
[00:25:37.900 --> 00:25:41.900]  是我接受不了上帝的赦免
[00:25:41.900 --> 00:25:44.900]  我接受不了上帝的拯救和幫助
[00:25:44.900 --> 00:25:47.900]  我不肯去接受
[00:25:47.900 --> 00:25:49.900]  我不肯去接受上帝愛我
[00:25:49.900 --> 00:25:52.900]  上帝說上帝我喜悅你
[00:25:52.900 --> 00:25:53.900]  不會的
[00:25:53.900 --> 00:25:54.900]  聖經講的那些
[00:25:54.900 --> 00:25:55.900]  不會發生的
[00:25:55.900 --> 00:26:00.900]  我即時即刻的反應是拒絕
[00:26:00.900 --> 00:26:01.900]  所以為甚麼那個盼望
[00:26:01.900 --> 00:26:03.900]  不能夠在我們的生命裏面
[00:26:03.900 --> 00:26:04.900]  有時出現呢
[00:26:04.900 --> 00:26:06.900]  有時你生得太勁
[00:26:06.900 --> 00:26:07.900]  而勁到一個位置
[00:26:07.900 --> 00:26:10.900]  是我拒絕了上帝的那些應許
[00:26:10.900 --> 00:26:12.900]  拒絕了上帝的那些說話
[00:26:12.900 --> 00:26:13.900]  然後我想說
[00:26:13.900 --> 00:26:17.900]  為甚麼要祈禱
[00:26:17.900 --> 00:26:18.900]  為甚麼這段經文
[00:26:18.900 --> 00:26:19.900]  在這裏說的時候
[00:26:19.900 --> 00:26:21.900]  明明說你以前是這樣
[00:26:21.900 --> 00:26:22.900]  現在是這樣
[00:26:22.900 --> 00:26:24.900]  但接著要說祈禱呢
[00:26:24.900 --> 00:26:26.900]  因為它知道說了出來
[00:26:26.900 --> 00:26:27.900]  告訴你
[00:26:27.900 --> 00:26:28.900]  上帝是喜悅你
[00:26:28.900 --> 00:26:29.900]  你以前是荒涼的
[00:26:29.900 --> 00:26:31.900]  你現在不是了
[00:26:31.900 --> 00:26:33.900]  但是你接受不了
[00:26:33.900 --> 00:26:34.900]  所以你要祈禱
[00:26:34.900 --> 00:26:35.900]  繼續祈禱
[00:26:35.900 --> 00:26:36.900]  讓那樣東西
[00:26:36.900 --> 00:26:38.900]  能夠進入你的裏面
[00:26:38.900 --> 00:26:40.900]  你不斷要在禱告當中
[00:26:40.900 --> 00:26:41.900]  讓神的說話
[00:26:41.900 --> 00:26:43.900]  能夠進入到你的裏面
[00:26:43.900 --> 00:26:44.900]  我想說
[00:26:44.900 --> 00:26:46.900]  近代的 Neuroscience
[00:26:46.900 --> 00:26:48.900]  有些 research 出來
[00:26:48.900 --> 00:26:49.900]  當一個人在一個
[00:26:49.900 --> 00:26:52.900]  極度情緒低落的狀況裏面
[00:26:52.900 --> 00:26:53.900]  而且可能他的思想
[00:26:53.900 --> 00:26:55.900]  是非常負面
[00:26:55.900 --> 00:26:57.900]  他的腦的活動的pattern
[00:26:57.900 --> 00:27:00.900]  跟人是有分別的
[00:27:00.900 --> 00:27:03.900]  是近代的腦神經科學
[00:27:03.900 --> 00:27:04.900]  那些research 出來
[00:27:04.900 --> 00:27:07.900]  是proven(證明)的
[00:27:07.900 --> 00:27:09.900]  但是其實說的是
[00:27:09.900 --> 00:27:11.900]  很吊詭的東西
[00:27:11.900 --> 00:27:12.900]  是說其實我們的思想
[00:27:12.900 --> 00:27:16.900]  是正在影響我們的身體
[00:27:16.900 --> 00:27:17.900]  所以說到這裏
[00:27:17.900 --> 00:27:20.900]  其實先知是一個
[00:27:20.900 --> 00:27:22.900]  很有智慧神的說話
[00:27:22.900 --> 00:27:24.900]  就是為什麼我們要祈禱
[00:27:24.900 --> 00:27:25.900]  要讓神的說話
[00:27:25.900 --> 00:27:27.900]  進入到我們裏面呢
[00:27:27.900 --> 00:27:28.900]  為什麼我們要去祈禱
[00:27:28.900 --> 00:27:29.900]  一直祈禱就說
[00:27:29.900 --> 00:27:31.900]  神我知道我面對很多困難
[00:27:31.900 --> 00:27:33.900]  但是你答應了
[00:27:33.900 --> 00:27:35.900]  你說我不再是荒涼的
[00:27:35.900 --> 00:27:36.900]  我不再是僻氣的
[00:27:36.900 --> 00:27:38.900]  你說我是你所喜悅的
[00:27:38.900 --> 00:27:40.900]  你說你稱我為有夫之父
[00:27:40.900 --> 00:27:41.900]  不是我做得多好
[00:27:41.900 --> 00:27:42.900]  是你做得多好
[00:27:42.900 --> 00:27:46.900]  為什麼我們要這樣去祈禱
[00:27:46.900 --> 00:27:47.900]  neuroscience告訴我們
[00:27:47.900 --> 00:27:52.900]  當我們在不同的經驗當中
[00:27:52.900 --> 00:27:53.900]  我們在不同的信念
[00:27:53.900 --> 00:27:55.900]  的改變裏面呢
[00:27:55.900 --> 00:27:57.900]  我們的腦神經是會有
[00:27:57.900 --> 00:28:01.900]  不同的實質的轉變的
[00:28:01.900 --> 00:28:02.900]  以至你能夠
[00:28:02.900 --> 00:28:04.900]  你的腦是會有不同的
[00:28:04.900 --> 00:28:09.900]  in the long run
[00:28:09.900 --> 00:28:11.900]  所以我想說這裡
[00:28:11.900 --> 00:28:14.900]  其實當我們說要去祈禱的時候
[00:28:14.900 --> 00:28:17.900]  有時候不只是一些很虛的東西
[00:28:17.900 --> 00:28:19.900]  其實禱告是讓我們的生命
[00:28:19.900 --> 00:28:21.900]  在裏面inside out
[00:28:21.900 --> 00:28:27.900]  幫助我們整個人有一個轉化
[00:28:27.900 --> 00:28:30.900]  持續不斷的禱告
[00:28:30.900 --> 00:28:31.900]  神的稱呼
[00:28:31.900 --> 00:28:33.900]  神對我的稱呼
[00:28:33.900 --> 00:28:35.900]  神給我的名字
[00:28:35.900 --> 00:28:36.900]  成為了我的身份
[00:28:36.900 --> 00:28:38.900]  我能夠感受得到那種好處
[00:28:38.900 --> 00:28:39.900]  那種認同
[00:28:39.900 --> 00:28:41.900]  成為了我的價值
[00:28:41.900 --> 00:28:42.900]  這一個外在的稱呼
[00:28:42.900 --> 00:28:43.900]  我的名字
[00:28:43.900 --> 00:28:46.900]  成為了我的內在的肯定
[00:28:46.900 --> 00:28:50.900]  和信念
[00:28:50.900 --> 00:28:52.900]  你怎樣去改變一個絕望的人
[00:28:52.900 --> 00:28:54.900]  你幫不了他
[00:28:54.900 --> 00:28:56.900]  你明白我的意思嗎
[00:28:56.900 --> 00:28:57.900]  你怎樣去幫一些
[00:28:57.900 --> 00:28:58.900]  絕望的以色列人
[00:28:58.900 --> 00:28:59.900]  他再一次相信
[00:28:59.900 --> 00:29:01.900]  上帝可以拯救他呢
[00:29:01.900 --> 00:29:03.900]  很難
[00:29:03.900 --> 00:29:05.900]  但你要讓他在裏面的時候
[00:29:05.900 --> 00:29:07.900]  他裏面有一個轉化
[00:29:07.900 --> 00:29:08.900]  裝上那個名字
[00:29:08.900 --> 00:29:09.900]  我稱呼這個名字的時候
[00:29:09.900 --> 00:29:11.900]  你要不斷在守望台裏面
[00:29:11.900 --> 00:29:12.900]  祈禱
[00:29:12.900 --> 00:29:14.900]  直到耶路撒冷
[00:29:14.900 --> 00:29:15.900]  再一次
[00:29:15.900 --> 00:29:17.900]  為甚麼有一個目標
[00:29:17.900 --> 00:29:18.900]  你為他禱告的時候
[00:29:18.900 --> 00:29:19.900]  有一個目標
[00:29:19.900 --> 00:29:20.900]  是想他再一次緊扣
[00:29:20.900 --> 00:29:22.900]  在上帝的價值觀
[00:29:22.900 --> 00:29:23.900]  上帝的應許當中
[00:29:23.900 --> 00:29:25.900]  他有出路
[00:29:25.900 --> 00:29:26.900]  你明白嗎
[00:29:26.900 --> 00:29:27.900]  有時候你很灰的時候
[00:29:27.900 --> 00:29:28.900]  你幫不了
[00:29:28.900 --> 00:29:29.900]  跟他一起聖
[00:29:29.900 --> 00:29:30.900]  不是不好
[00:29:30.900 --> 00:29:31.900]  但出路在哪裏
[00:29:31.900 --> 00:29:32.900]  出路
[00:29:32.900 --> 00:29:33.900]  你給他出路
[00:29:33.900 --> 00:29:35.900]  上帝必須給他出路
[00:29:35.900 --> 00:29:37.900]  透過祈禱
[00:29:37.900 --> 00:29:38.900]  讓神的說話
[00:29:38.900 --> 00:29:39.900]  那個應許
[00:29:39.900 --> 00:29:40.900]  不是說不可以聖
[00:29:40.900 --> 00:29:41.900]  你明白我的意思嗎
[00:29:41.900 --> 00:29:43.900]  可以聖
[00:29:43.900 --> 00:29:44.900]  要的話
[00:29:44.900 --> 00:29:46.900]  也要情緒宣洩
[00:29:46.900 --> 00:29:47.900]  但問題是
[00:29:47.900 --> 00:29:48.900]  有時候
[00:29:48.900 --> 00:29:50.900]  詩篇我覺得是一個很重要的東西
[00:29:50.900 --> 00:29:53.900]  詩篇有很多奏作詩的
[00:29:53.900 --> 00:29:54.900]  我們聖
[00:29:54.900 --> 00:29:56.900]  我們不是聖在人裏
[00:29:56.900 --> 00:29:57.900]  我不是聖在自己裏
[00:29:57.900 --> 00:30:00.900]  我聖在上帝裏
[00:30:00.900 --> 00:30:03.900]  讓上帝接了我的球
[00:30:03.900 --> 00:30:05.900]  以致我不讓那樣東西
[00:30:05.900 --> 00:30:06.900]  繼續的持續
[00:30:06.900 --> 00:30:08.900]  在我的生命當中
[00:30:08.900 --> 00:30:09.900]  所以我
[00:30:09.900 --> 00:30:10.900]  在我預備的時候
[00:30:10.900 --> 00:30:11.900]  我覺得那個祈禱
[00:30:11.900 --> 00:30:13.900]  你知道祈禱有不同的字眼
[00:30:13.900 --> 00:30:15.900]  我很喜歡在我講祈禱的時候
[00:30:15.900 --> 00:30:16.900]  講PUSH
[00:30:16.900 --> 00:30:18.900]  有沒有聽過那樣東西
[00:30:18.900 --> 00:30:19.900]  PUSH
[00:30:19.900 --> 00:30:21.900]  這東西是
[00:30:21.900 --> 00:30:23.900]  出一個power point
[00:30:23.900 --> 00:30:25.900]  PUSH
[00:30:25.900 --> 00:30:26.900]  有些人講祈禱的時候
[00:30:26.900 --> 00:30:27.900]  你記住
[00:30:27.900 --> 00:30:29.900]  PUSH
[00:30:29.900 --> 00:30:31.900]  就可以了
[00:30:31.900 --> 00:30:32.900]  PUSH
[00:30:32.900 --> 00:30:33.900]  就是在講
[00:30:33.900 --> 00:30:34.900]  Pray
[00:30:34.900 --> 00:30:36.900]  Until
[00:30:36.900 --> 00:30:37.900]  Something
[00:30:37.900 --> 00:30:39.900]  Happen
[00:30:39.900 --> 00:30:42.900]  Pray
[00:30:42.900 --> 00:30:43.900]  Until
[00:30:43.900 --> 00:30:44.900]  Something
[00:30:44.900 --> 00:30:45.900]  Happen
[00:30:45.900 --> 00:30:47.900]  我是遇到很多困難
[00:30:47.900 --> 00:30:48.900]  上帝搞不懂
[00:30:48.900 --> 00:30:49.900]  一直在祈禱
[00:30:49.900 --> 00:30:50.900]  祈禱不是這樣唸口號
[00:30:50.900 --> 00:30:51.900]  祈禱是
[00:30:51.900 --> 00:30:52.900]  你説
[00:30:52.900 --> 00:30:55.900]  我要去發光
[00:30:55.900 --> 00:30:56.900]  上帝你説
[00:30:56.900 --> 00:30:58.900]  我能夠去榮耀你的名
[00:30:58.900 --> 00:30:59.900]  上帝你説
[00:30:59.900 --> 00:31:02.900]  我在你的殿裡面有份
[00:31:02.900 --> 00:31:03.900]  你在祈禱的時候
[00:31:03.900 --> 00:31:04.900]  Pray
[00:31:04.900 --> 00:31:05.900]  Until
[00:31:05.900 --> 00:31:06.900]  Something
[00:31:06.900 --> 00:31:07.900]  Happen
[00:31:07.900 --> 00:31:08.900]  你讓上帝的盼望
[00:31:08.900 --> 00:31:11.900]  進入到你困境的當中
[00:31:11.900 --> 00:31:19.900]  去到最後一樣東西
[00:31:19.900 --> 00:31:21.900]  今晚的訊息差不多完結了
[00:31:21.900 --> 00:31:26.900]  接著再下的時候就是
[00:31:26.900 --> 00:31:27.900]  我覺得那個位置
[00:31:27.900 --> 00:31:28.900]  很重要是
[00:31:28.900 --> 00:31:31.900]  當我們要和這個世界不同
[00:31:31.900 --> 00:31:35.900]  特別在一個很絕望的時代
[00:31:35.900 --> 00:31:36.900]  其實我們是面對著
[00:31:36.900 --> 00:31:38.900]  同一個的環境
[00:31:38.900 --> 00:31:41.900]  我們同樣都是有血有肉的人
[00:31:41.900 --> 00:31:45.900]  我們會有同一套的情緒反應
[00:31:45.900 --> 00:31:49.900]  但怎樣可以有個差別呢
[00:31:49.900 --> 00:31:52.900]  就是我們有個不同的上帝
[00:31:52.900 --> 00:31:54.900]  所以當我們
[00:31:54.900 --> 00:31:57.900]  借著爾察書在這裡講的時候
[00:31:57.900 --> 00:31:58.900]  那幫百姓
[00:31:58.900 --> 00:31:59.900]  他們面對著的
[00:31:59.900 --> 00:32:02.900]  他們都是灰的
[00:32:02.900 --> 00:32:03.900]  但他們可以不灰的
[00:32:03.900 --> 00:32:06.900]  唯一就是因為上帝不同
[00:32:06.900 --> 00:32:07.900]  那個上帝是說
[00:32:07.900 --> 00:32:09.900]  我因錫安必不靜默
[00:32:09.900 --> 00:32:11.900]  因為耶路撒冷必不息聲
[00:32:11.900 --> 00:32:13.900]  那個仍然去推動
[00:32:13.900 --> 00:32:16.900]  那個盼望的上帝
[00:32:16.900 --> 00:32:17.900]  直到有個目的
[00:32:17.900 --> 00:32:20.900]  我們的生命發光發亮
[00:32:20.900 --> 00:32:23.900]  神的公義救恩臨到
[00:32:23.900 --> 00:32:28.900]  去到最後
[00:32:28.900 --> 00:32:31.900]  第十節
[00:32:31.900 --> 00:32:33.900]  我skip了中間那些
[00:32:33.900 --> 00:32:35.900]  食物那些八九節
[00:32:35.900 --> 00:32:36.900]  我直接落第十節
[00:32:36.900 --> 00:32:38.900]  他在說
[00:32:38.900 --> 00:32:39.900]  最後他說
[00:32:39.900 --> 00:32:41.900]  你的拯救者來到
[00:32:41.900 --> 00:32:43.900]  你要稱為
[00:32:43.900 --> 00:32:45.900]  到最後仍然還有個名字
[00:32:45.900 --> 00:32:47.900]  人要稱他們為聖民
[00:32:47.900 --> 00:32:49.900]  為耶和華的屬民
[00:32:49.900 --> 00:32:53.900]  是被眷顧不撇棄的聖
[00:32:53.900 --> 00:32:57.900]  一路在說
[00:32:57.900 --> 00:32:59.900]  成段經文其實是在說
[00:32:59.900 --> 00:33:01.900]  那個群體要發光
[00:33:01.900 --> 00:33:02.900]  那個群體要發光
[00:33:02.900 --> 00:33:04.900]  我今天的分享是在說
[00:33:04.900 --> 00:33:05.900]  其實上帝是最後
[00:33:05.900 --> 00:33:07.900]  最終背後那個
[00:33:07.900 --> 00:33:09.900]  帶來盼望那個
[00:33:09.900 --> 00:33:10.900]  有個目的
[00:33:10.900 --> 00:33:11.900]  所以我們自己要先
[00:33:11.900 --> 00:33:12.900]  每個人先要改變
[00:33:12.900 --> 00:33:13.900]  但接著怎樣呢
[00:33:13.900 --> 00:33:15.900]  耶路撒冷本身自己
[00:33:15.900 --> 00:33:16.900]  是不會發光的
[00:33:16.900 --> 00:33:17.900]  對不對
[00:33:17.900 --> 00:33:18.900]  即是阿南也說
[00:33:18.900 --> 00:33:19.900]  我們本身沒有
[00:33:19.900 --> 00:33:20.900]  我們要反照上帝
[00:33:20.900 --> 00:33:21.900]  我們要發光
[00:33:21.900 --> 00:33:23.900]  我們要願意行上帝的
[00:33:23.900 --> 00:33:26.900]  公義和公平
[00:33:26.900 --> 00:33:28.900]  願意在我們的處境當中
[00:33:28.900 --> 00:33:30.900]  我們願意去行
[00:33:30.900 --> 00:33:31.900]  做得不好嗎
[00:33:31.900 --> 00:33:33.900]  神的恩典救恩答救
[00:33:33.900 --> 00:33:35.900]  但我仍然靠著上帝
[00:33:35.900 --> 00:33:39.900]  我繼續去行
[00:33:39.900 --> 00:33:40.900]  我們不是一個人
[00:33:40.900 --> 00:33:42.900]  自己發光的
[00:33:42.900 --> 00:33:44.900]  一個人自己發不到光的
[00:33:44.900 --> 00:33:46.900]  我最後這個
[00:33:46.900 --> 00:33:49.900]  我很喜歡這個
[00:33:49.900 --> 00:33:52.900]  講鑽石的比喻
[00:33:52.900 --> 00:33:55.900]  講特別教會群體
[00:33:55.900 --> 00:33:57.900]  我很喜歡這個比喻
[00:33:57.900 --> 00:33:59.900]  即是如果你行過街
[00:33:59.900 --> 00:34:00.900]  你怎樣可以發光呢
[00:34:00.900 --> 00:34:02.900]  有時物理折射
[00:34:02.900 --> 00:34:03.900]  拿個玻璃行街
[00:34:03.900 --> 00:34:04.900]  被人搶一搶你
[00:34:04.900 --> 00:34:05.900]  有人不玻璃
[00:34:05.900 --> 00:34:06.900]  你沒有什麼
[00:34:06.900 --> 00:34:07.900]  阿叔還要開工
[00:34:07.900 --> 00:34:09.900]  拿著玻璃走
[00:34:09.900 --> 00:34:10.900]  但如果你見到人家
[00:34:10.900 --> 00:34:12.900]  拿著一粒很大的石
[00:34:12.900 --> 00:34:14.900]  很火的那些
[00:34:14.900 --> 00:34:16.900]  那些真是殘眼
[00:34:16.900 --> 00:34:17.900]  你馬上看到
[00:34:17.900 --> 00:34:18.900]  這麼大粒
[00:34:18.900 --> 00:34:20.900]  我想說什麼
[00:34:20.900 --> 00:34:23.900]  當我們是玻璃
[00:34:23.900 --> 00:34:24.900]  我們都會發光
[00:34:24.900 --> 00:34:25.900]  或者反照
[00:34:25.900 --> 00:34:26.900]  但那樣東西
[00:34:26.900 --> 00:34:28.900]  其實不是很光
[00:34:28.900 --> 00:34:31.900]  如果你知道鑽石的原理
[00:34:31.900 --> 00:34:32.900]  是光進去了
[00:34:32.900 --> 00:34:34.900]  被困住了
[00:34:34.900 --> 00:34:36.900]  是互相反照
[00:34:36.900 --> 00:34:37.900]  即是我的光
[00:34:37.900 --> 00:34:38.900]  令到你又光
[00:34:38.900 --> 00:34:39.900]  即是他又光
[00:34:39.900 --> 00:34:40.900]  即是這樣
[00:34:40.900 --> 00:34:41.900]  一起這樣光
[00:34:41.900 --> 00:34:43.900]  那顆石就會很光
[00:34:43.900 --> 00:34:47.900]  這裡說的
[00:34:47.900 --> 00:34:51.900]  這個群體要發光
[00:34:51.900 --> 00:34:54.900]  不只是一個人要發光
[00:34:54.900 --> 00:34:55.900]  所以說
[00:34:55.900 --> 00:34:57.900]  有時我們這個時代
[00:34:57.900 --> 00:34:59.900]  是一個很個人主義
[00:34:59.900 --> 00:35:01.900]  即是我們很個人主義
[00:35:01.900 --> 00:35:02.900]  我就很關心自己
[00:35:02.900 --> 00:35:03.900]  其他人
[00:35:03.900 --> 00:35:04.900]  其實我不是不關心其他人
[00:35:04.900 --> 00:35:06.900]  不過我管不了他
[00:35:06.900 --> 00:35:08.900]  但聖經很多時候不是這樣說
[00:35:08.900 --> 00:35:11.900]  聖經說群體很重要
[00:35:11.900 --> 00:35:13.900]  哪一個人坐在你旁邊
[00:35:13.900 --> 00:35:14.900]  其實是很重要
[00:35:14.900 --> 00:35:15.900]  你經常都是那個人
[00:35:15.900 --> 00:35:16.900]  但你認識他的時候
[00:35:16.900 --> 00:35:17.900]  譬如說
[00:35:17.900 --> 00:35:18.900]  敬拜隊一起這樣練習的時候
[00:35:18.900 --> 00:35:19.900]  是重要的
[00:35:19.900 --> 00:35:22.900]  你的光才會發得再多一點
[00:35:22.900 --> 00:35:24.900]  你自己一支蠟燭這樣
[00:35:24.900 --> 00:35:25.900]  你明白嗎
[00:35:25.900 --> 00:35:26.900]  你自己一支蠟燭這樣
[00:35:26.900 --> 00:35:28.900]  對面海的國家怎麼看得到
[00:35:28.900 --> 00:35:30.900]  但是如果你的群體
[00:35:30.900 --> 00:35:33.900]  整個群體好像一顆石那樣
[00:35:33.900 --> 00:35:36.900]  互相的光輝一路照著的時候
[00:35:36.900 --> 00:35:37.900]  那顆石的光
[00:35:37.900 --> 00:35:39.900]  列國就會見到
[00:35:39.900 --> 00:35:41.900]  即是他在說的那個東西
[00:35:41.900 --> 00:35:43.900]  所以
[00:35:43.900 --> 00:35:49.900]  有時候我們太過小看自己
[00:35:49.900 --> 00:35:50.900]  我們真的有時候
[00:35:50.900 --> 00:35:51.900]  怎樣說
[00:35:51.900 --> 00:35:52.900]  妄自菲薄
[00:35:52.900 --> 00:35:53.900]  或者我真的沒什麼值得
[00:35:53.900 --> 00:35:55.900]  真的沒什麼值得
[00:35:55.900 --> 00:35:56.900]  所以
[00:35:56.900 --> 00:35:57.900]  聖經剛才在說
[00:35:57.900 --> 00:35:58.900]  我覺得很重要的是
[00:35:58.900 --> 00:36:02.900]  那個基礎不在我們那裡
[00:36:02.900 --> 00:36:07.900]  是上帝想公平公正
[00:36:07.900 --> 00:36:09.900]  臨在這個世界
[00:36:09.900 --> 00:36:10.900]  是祂想
[00:36:10.900 --> 00:36:13.900]  所以祂會empower我們
[00:36:13.900 --> 00:36:15.900]  祂會幫我們
[00:36:15.900 --> 00:36:17.900]  祂會拯救我們
[00:36:17.900 --> 00:36:18.900]  所以很重要的一個位置
[00:36:18.900 --> 00:36:19.900]  其實最終
[00:36:19.900 --> 00:36:22.900]  不是我有多少能力做得到
[00:36:22.900 --> 00:36:25.900]  真的做不到
[00:36:25.900 --> 00:36:26.900]  如果做得到的話
[00:36:26.900 --> 00:36:28.900]  我不用耶穌來
[00:36:28.900 --> 00:36:29.900]  但是當耶穌來了的時候
[00:36:29.900 --> 00:36:31.900]  我想請敬拜隊
[00:36:31.900 --> 00:36:33.900]  當耶穌來了的時候
[00:36:33.900 --> 00:36:35.900]  祂不只是在說拯救了我們
[00:36:35.900 --> 00:36:40.900]  我們就停了在那裡
[00:36:40.900 --> 00:36:41.900]  當耶穌來了的時候
[00:36:41.900 --> 00:36:42.900]  不是想說
[00:36:42.900 --> 00:36:45.900]  OK 我拯救了你了
[00:36:45.900 --> 00:36:48.900]  那你等回天堂吧
[00:36:48.900 --> 00:36:52.900]  不是
[00:36:52.900 --> 00:36:53.900]  上帝有個心意
[00:36:53.900 --> 00:36:55.900]  有個purpose
[00:36:55.900 --> 00:36:57.900]  祂很想公平
[00:36:57.900 --> 00:36:59.900]  和公義
[00:36:59.900 --> 00:37:01.900]  能夠真實地顯明
[00:37:01.900 --> 00:37:05.900]  在這個世界當中
[00:37:05.900 --> 00:37:06.900]  但是實際的環境
[00:37:06.900 --> 00:37:08.900]  當然是不ready
[00:37:08.900 --> 00:37:13.900]  或者未ready
[00:37:13.900 --> 00:37:15.900]  但是祂就仍然的
[00:37:15.900 --> 00:37:17.900]  為著錫安的緣故
[00:37:17.900 --> 00:37:19.900]  為著耶路撒冷的緣故
[00:37:19.900 --> 00:37:21.900]  不肯靜
[00:37:21.900 --> 00:37:24.900]  仍然的任性
[00:37:24.900 --> 00:37:26.900]  為什麼才說要
[00:37:26.900 --> 00:37:28.900]  設立一個守望台
[00:37:28.900 --> 00:37:31.900]  仍然的禱告
[00:37:31.900 --> 00:37:34.900]  直等到那個群體
[00:37:34.900 --> 00:37:35.900]  我想這是一個
[00:37:35.900 --> 00:37:36.900]  對我們來說
[00:37:36.900 --> 00:37:38.900]  一個很重要的鼓勵
[00:37:38.900 --> 00:37:40.900]  我不想說提醒
[00:37:40.900 --> 00:37:41.900]  什麼時候做得到
[00:37:41.900 --> 00:37:42.900]  靠我自己死得了
[00:37:42.900 --> 00:37:45.900]  但是那個是鼓勵
[00:37:45.900 --> 00:37:47.900]  上帝給了我們一個名字
[00:37:47.900 --> 00:37:50.900]  我不知道你怎麼看你自己
[00:37:50.900 --> 00:37:51.900]  在這個社會的角度
[00:37:51.900 --> 00:37:52.900]  可能看你
[00:37:52.900 --> 00:37:53.900]  我也是差不多
[00:37:53.900 --> 00:37:56.900]  OK 還可以
[00:37:56.900 --> 00:38:01.900]  但是在神的眼中
[00:38:01.900 --> 00:38:03.900]  神怎麼看我們
[00:38:03.900 --> 00:38:11.900]  神看我們是可喜悅的
[00:38:11.900 --> 00:38:15.900]  你是我寶貴的
[00:38:15.900 --> 00:38:17.900]  你是完全的
[00:38:17.900 --> 00:38:19.900]  你是聖潔的
[00:38:19.900 --> 00:38:22.900]  你是要反照我的生命
[00:38:22.900 --> 00:38:25.900]  你是要讓人認識我
[00:38:25.900 --> 00:38:26.900]  我有多聰明
[00:38:26.900 --> 00:38:28.900]  這是上帝的心意
