
[00:00:00.000 --> 00:00:05.980]  好,歡迎大家來到基督寺堡《進藏舊約》
[00:00:05.980 --> 00:00:08.040]  我們正在讀《舊約聖經》
[00:00:08.040 --> 00:00:09.760]  但是我們要知道
[00:00:09.760 --> 00:00:11.240]  有一種挑戰
[00:00:11.240 --> 00:00:12.540]  挑戰就是
[00:00:12.540 --> 00:00:14.240]  你不可以就這樣讀《舊約》
[00:00:14.240 --> 00:00:16.640]  然後去形容在我們的生命裡面
[00:00:16.640 --> 00:00:20.360]  因為《舊約》和《新約》好像一棵樹
[00:00:20.360 --> 00:00:23.640]  樹幹和樹根
[00:00:23.640 --> 00:00:25.340]  《舊約》是樹根
[00:00:25.340 --> 00:00:26.740]  《新約》是樹幹
[00:00:26.740 --> 00:00:29.240]  我們現在不在樹根的世界裡面
[00:00:29.240 --> 00:00:31.240]  正如在《舊約聖經》裡面
[00:00:31.240 --> 00:00:33.240]  他們會獻上羔羊
[00:00:33.240 --> 00:00:35.240]  但是在《新約聖經》裡面
[00:00:35.240 --> 00:00:38.740]  我們再看的不是羔羊
[00:00:38.740 --> 00:00:40.540]  今天我們也不會再獻羔羊
[00:00:40.540 --> 00:00:42.440]  我們獻的是十字架
[00:00:42.440 --> 00:00:45.240]  所以今天我們回頭看這兩本書的時候
[00:00:45.240 --> 00:00:47.240]  我們要知道最後的形容
[00:00:47.240 --> 00:00:49.640]  就不是直接將這兩個故事書
[00:00:49.640 --> 00:00:51.740]  放在我們生命裡面這樣的
[00:00:51.740 --> 00:00:54.240]  一會兒大家會越來越明白了
[00:00:54.240 --> 00:00:55.240]  我們也記得
[00:00:55.240 --> 00:00:58.440]  我們是一起讀《舊約聖經》
[00:00:58.440 --> 00:01:00.040]  我不知道你們看到哪裡
[00:01:00.040 --> 00:01:03.640]  我最近剛看完《二世傑書》就很辛苦
[00:01:03.640 --> 00:01:06.440]  很辛苦因為不知道發生了什麼事
[00:01:06.440 --> 00:01:08.140]  但是也叫做看完了
[00:01:08.140 --> 00:01:13.040]  我自己也給自己一個舒適
[00:01:13.040 --> 00:01:14.940]  我自己也鼓勵我自己
[00:01:14.940 --> 00:01:18.640]  有一天我都需要預備介紹《二世傑書》
[00:01:18.640 --> 00:01:21.140]  到時候我也可以看得明白多一點
[00:01:21.140 --> 00:01:23.440]  也可以介紹給大家聽
[00:01:23.440 --> 00:01:24.740]  大家努力
[00:01:24.740 --> 00:01:27.640]  就算你落後了也繼續努力
[00:01:27.640 --> 00:01:29.640]  有一天一定會讀得完的
[00:01:29.640 --> 00:01:33.140]  而且這本聖經或者《舊約聖經》
[00:01:33.140 --> 00:01:34.940]  是會越看越明白的
[00:01:34.940 --> 00:01:38.140]  我也希望這些講座都可以幫到大家
[00:01:38.140 --> 00:01:41.340]  我們希望期盼我們的年輕人
[00:01:41.340 --> 00:01:45.540]  或者年長的都會繼續努力的讀聖經
[00:01:45.540 --> 00:01:47.440]  我們希望有一天我們的年輕人
[00:01:47.440 --> 00:01:49.440]  讀完新約讀舊約
[00:01:49.440 --> 00:01:52.540]  我們在一生裡面讀20次
[00:01:52.540 --> 00:01:54.340]  或者以上的聖經
[00:01:54.340 --> 00:01:59.440]  以致我們的生命充滿著完全對上帝的信任
[00:01:59.440 --> 00:02:03.640]  也都是懷著一個信心信念
[00:02:03.640 --> 00:02:06.040]  進入上帝最終的我們的天國
[00:02:06.040 --> 00:02:07.840]  當然為什麼我們要讀聖經
[00:02:07.840 --> 00:02:12.140]  因為讀聖經可以讓我們達到
[00:02:12.140 --> 00:02:13.340]  escape velocity
[00:02:13.340 --> 00:02:17.440]  這個逃跑的速度
[00:02:17.440 --> 00:02:21.040]  或者是離開了地球的吸力
[00:02:21.040 --> 00:02:23.340]  以致我們可以奔跑天路
[00:02:23.340 --> 00:02:29.040]  不讀聖經的人我想很難達到天國的速度
[00:02:29.040 --> 00:02:31.340]  所以鼓勵大家去努力
[00:02:31.340 --> 00:02:37.340]  我們今天要讀的是聖經裡面的第七和第八本書
[00:02:37.340 --> 00:02:47.340]  之前我們已經看了《創世紀》、《墮落救贖三部曲》
[00:02:47.340 --> 00:02:50.340]  《出一級記》、《偶像之家逃生記》
[00:02:50.340 --> 00:02:53.040]  《利美記》、《聖潔溫王保衛者》
[00:02:53.040 --> 00:02:55.540]  《民數記》、《曠野宗》的大半譯
[00:02:55.540 --> 00:02:57.940]  《生命記》、《心受割禮》、《心愛主》
[00:02:57.940 --> 00:02:58.840]  如果你記得
[00:02:58.840 --> 00:03:02.740]  《生命記》就是摩西進不了加南
[00:03:02.740 --> 00:03:04.340]  但是摩西最後的講章
[00:03:04.340 --> 00:03:06.240]  摩西其實是講到興合合的
[00:03:06.240 --> 00:03:09.640]  摩西一直在挑戰以色列人
[00:03:09.640 --> 00:03:14.040]  他們一定要跟他們之前的祖宗不一樣
[00:03:14.040 --> 00:03:16.040]  他們的心要受割禮
[00:03:16.040 --> 00:03:17.440]  不是身體上的割禮
[00:03:17.440 --> 00:03:20.240]  而是心要受割禮去心愛主
[00:03:20.240 --> 00:03:26.840]  他們才可以在上帝的認許之地裡得而長久
[00:03:26.840 --> 00:03:28.740]  如果你有記得
[00:03:28.740 --> 00:03:32.740]  我們從《生命記》到《約書亞記》的時候
[00:03:32.740 --> 00:03:34.540]  《約書亞》最後完的時候
[00:03:34.540 --> 00:03:37.040]  它也是做一個 covenant renewal
[00:03:37.040 --> 00:03:38.940]  一個約的更生
[00:03:38.940 --> 00:03:40.240]  在這個更生裡面
[00:03:40.240 --> 00:03:42.540]  約書亞快要拜拜、要死的時候
[00:03:42.540 --> 00:03:44.340]  約書亞也挑戰他那幫人
[00:03:44.340 --> 00:03:47.940]  他說「至於我和我家,我必侍奉耶和華」
[00:03:47.940 --> 00:03:50.140]  就是說你呢?那你侍不侍奉呢?
[00:03:50.140 --> 00:03:51.640]  你會不會單一侍奉呢?
[00:03:51.640 --> 00:03:53.040]  如果你記得一個月之前
[00:03:53.040 --> 00:03:55.140]  我們讀《約書亞記》的時候
[00:03:55.140 --> 00:03:59.040]  你發覺那幫人其實好像不是很聽得懂
[00:03:59.040 --> 00:04:00.040]  從某個角度來說
[00:04:00.040 --> 00:04:01.640]  他說「我們當然會侍奉」
[00:04:01.640 --> 00:04:02.840]  但是從另一個角度來說
[00:04:02.840 --> 00:04:04.540]  他不知道什麼叫侍奉
[00:04:04.540 --> 00:04:06.440]  他以為侍奉就是回教會
[00:04:06.440 --> 00:04:08.840]  他以為侍奉就是在教會做一些事情
[00:04:08.840 --> 00:04:11.240]  他以為侍奉就是捐一點錢
[00:04:11.240 --> 00:04:14.040]  但是約書亞講的侍奉是全心全意
[00:04:14.040 --> 00:04:20.240]  正如摩西講「深受割禮,深愛主」那種侍奉
[00:04:20.240 --> 00:04:23.440]  那麼我們到了約書亞記完結的時候
[00:04:23.440 --> 00:04:25.440]  我們有一個「suspense」,有一個問號
[00:04:25.440 --> 00:04:28.340]  那個問號就是現在以色列人要進入迦南地
[00:04:28.340 --> 00:04:30.240]  已經住在迦南地裡面了
[00:04:30.240 --> 00:04:33.640]  他們會不會真的盡心盡性
[00:04:33.640 --> 00:04:34.940]  盡意愛上帝呢?
[00:04:34.940 --> 00:04:37.040]  他們會不會「深受割禮,深愛主」呢?
[00:04:37.040 --> 00:04:40.340]  這個是你讀到《約書亞記》之後
[00:04:40.340 --> 00:04:41.840]  剩下的問號
[00:04:41.840 --> 00:04:44.340]  那麼當你完結了《約書亞記》
[00:04:44.340 --> 00:04:45.640]  你進入史詩記
[00:04:45.640 --> 00:04:48.840]  你就知道他們不行
[00:04:48.840 --> 00:04:51.340]  完全的不行
[00:04:51.340 --> 00:04:52.840]  稍後我會和你說
[00:04:52.840 --> 00:04:54.540]  《史詩記》你就明白
[00:04:54.540 --> 00:04:57.840]  不行到什麼程度
[00:04:57.840 --> 00:04:59.640]  完全的不行
[00:04:59.640 --> 00:05:02.340]  但是在完全的不行當中
[00:05:02.340 --> 00:05:03.840]  有《路德記》
[00:05:03.840 --> 00:05:05.340]  《路德記》的故事的背景
[00:05:05.340 --> 00:05:06.740]  如果你記得一開始的時候
[00:05:06.740 --> 00:05:09.140]  都說是史詩當政的時候
[00:05:09.140 --> 00:05:10.540]  所以《路德記》
[00:05:10.540 --> 00:05:14.240]  都是在《史詩記》的同期所寫的
[00:05:14.240 --> 00:05:16.240]  然而它出污泥而不染
[00:05:16.240 --> 00:05:21.740]  《路德記》就是在黑暗裡面的一點明燈
[00:05:21.740 --> 00:05:23.340]  《路德記》真的代表了一個
[00:05:23.340 --> 00:05:25.040]  「深受割禮,深愛主」
[00:05:25.040 --> 00:05:27.940]  而《史詩記》是完全的相反
[00:05:27.940 --> 00:05:28.940]  稍後你慢慢看
[00:05:28.940 --> 00:05:30.740]  我會先和你看《路德記》
[00:05:30.740 --> 00:05:32.340]  再回去看《史詩記》
[00:05:32.340 --> 00:05:35.940]  我希望到最後你會很清晰
[00:05:35.940 --> 00:05:37.340]  所以我剛才所說
[00:05:37.340 --> 00:05:41.640]  之前其實我都有說過一個比較長一點的系列
[00:05:41.640 --> 00:05:45.740]  是和大家研讀《路德記》和《史詩記》的
[00:05:45.740 --> 00:05:48.340]  所以有興趣去回聽的話
[00:05:48.340 --> 00:05:50.740]  或者你今天聽了你不太明白
[00:05:50.740 --> 00:05:53.740]  或者你聽了你想再知道多一點的話
[00:05:53.740 --> 00:05:56.440]  你可以用回這個小小的連結
[00:05:56.440 --> 00:05:59.140]  其實都在《真理廚房》裡面的
[00:05:59.140 --> 00:06:02.440]  Ruth123或者是Judges123
[00:06:02.440 --> 00:06:04.340]  tiny.cc/
[00:06:04.340 --> 00:06:05.940]  你可以回去聽的
[00:06:05.940 --> 00:06:08.140]  我現在想介紹這兩本書給你聽
[00:06:08.140 --> 00:06:11.340]  你會發現我們通常的舊約講到
[00:06:11.340 --> 00:06:13.240]  都是一本書是一次的
[00:06:13.240 --> 00:06:15.840]  但是這次我是兩本書一次
[00:06:15.840 --> 00:06:19.240]  而這兩本書表面上是好像我不一樣的
[00:06:19.240 --> 00:06:21.340]  但是其實它是貓公仔
[00:06:21.340 --> 00:06:21.740]  OK
[00:06:21.740 --> 00:06:24.540]  這兩本書我給你寫作的背景
[00:06:24.540 --> 00:06:25.940]  背景在哪裡呢
[00:06:25.940 --> 00:06:28.940]  背景是薩姆爾紀夏
[00:06:28.940 --> 00:06:34.940]  這些是聖經學者研究到的一些
[00:06:34.940 --> 00:06:36.840]  又不可以說太差
[00:06:36.840 --> 00:06:39.140]  他研究的過程裡面
[00:06:39.140 --> 00:06:40.740]  覺得這個是他們的總結
[00:06:40.740 --> 00:06:42.340]  總結很有可能
[00:06:42.340 --> 00:06:44.040]  《史詩記》和《路德記》
[00:06:44.040 --> 00:06:48.540]  都是寫在這個場景裡面的
[00:06:48.540 --> 00:06:50.540]  這個場景是什麼呢
[00:06:50.540 --> 00:06:51.740]  就是掃羅之後
[00:06:51.740 --> 00:06:53.140]  掃羅死了之後
[00:06:53.140 --> 00:06:54.340]  掃羅王死了之後
[00:06:54.340 --> 00:06:56.740]  掃羅王是以色列人的第一個君王
[00:06:56.740 --> 00:06:58.340]  第二個就是大衛
[00:06:58.340 --> 00:06:59.740]  但是掃羅死了之後
[00:06:59.740 --> 00:07:02.040]  大衛不是立刻做王的
[00:07:02.040 --> 00:07:04.140]  薩姆爾紀夏第二章第八節這麼說
[00:07:04.140 --> 00:07:08.340]  掃羅軍隊的元帥曾將掃羅的兒子
[00:07:08.340 --> 00:07:11.740]  伊斯波切大過河立他為王
[00:07:11.740 --> 00:07:12.340]  OK
[00:07:12.340 --> 00:07:16.240]  但是猶大家卻隨從大衛
[00:07:16.240 --> 00:07:19.940]  大衛在希伯倫作猶大家的王
[00:07:19.940 --> 00:07:22.940]  共七年六個月
[00:07:22.940 --> 00:07:26.540]  就是說在大衛還沒做整個以色列人的官王之前
[00:07:26.540 --> 00:07:29.140]  他在希伯倫這個地方
[00:07:29.140 --> 00:07:30.940]  做了猶大家
[00:07:30.940 --> 00:07:34.240]  就是猶大支派的王是一段時間
[00:07:34.240 --> 00:07:36.840]  那麼在北面或者在另外一邊
[00:07:36.840 --> 00:07:38.540]  以色列人是被哪個掌管呢
[00:07:38.540 --> 00:07:40.240]  就是掃羅的後代了
[00:07:40.240 --> 00:07:41.240]  其實都很明白
[00:07:41.240 --> 00:07:43.740]  大家看那些宮廷片你都知道
[00:07:43.740 --> 00:07:45.540]  一個還是在叛亂中
[00:07:45.540 --> 00:07:47.940]  都不知道國家最後誰誰屬
[00:07:47.940 --> 00:07:51.940]  在這七年零六個月裡面
[00:07:51.940 --> 00:07:56.440]  死因學者相信就是史詩記和《路德記》的背景
[00:07:56.440 --> 00:08:00.540]  這兩本書都是在七年零六個月裡面
[00:08:00.540 --> 00:08:01.540]  所寫的
[00:08:01.540 --> 00:08:03.840]  這兩本書是孖公仔
[00:08:03.840 --> 00:08:05.940]  雖然兩本書是很不一樣的
[00:08:05.940 --> 00:08:07.640]  一本書二十一章
[00:08:07.640 --> 00:08:08.940]  另外一本書只有四章
[00:08:08.940 --> 00:08:10.740]  一本書好像講男人
[00:08:10.740 --> 00:08:12.440]  一本書講女人
[00:08:12.440 --> 00:08:13.640]  一本書打打殺殺
[00:08:13.640 --> 00:08:15.540]  另外一邊好像講
[00:08:15.540 --> 00:08:16.640]  愛情護士
[00:08:16.640 --> 00:08:18.940]  就是拍卡韓劇那些
[00:08:18.940 --> 00:08:20.540]  但是
[00:08:20.540 --> 00:08:24.540]  兩本書竟然是孖公仔
[00:08:24.540 --> 00:08:26.540]  那麼孖在哪裡呢
[00:08:26.540 --> 00:08:27.940]  如果你們以前聽過我講
[00:08:27.940 --> 00:08:32.040]  就是《史詩記》的主題是
[00:08:32.040 --> 00:08:34.340]  「蘇羅實非皆選」
[00:08:34.340 --> 00:08:36.140]  你想想那個時候
[00:08:36.140 --> 00:08:38.940]  你有兩個君王的候選人
[00:08:38.940 --> 00:08:40.840]  兩個人競選的
[00:08:40.840 --> 00:08:42.440]  一個是蘇羅的後代
[00:08:42.440 --> 00:08:44.840]  另一個是大衛的後代
[00:08:44.840 --> 00:08:48.240]  那麼誰應該做以色列的王呢
[00:08:48.240 --> 00:08:50.540]  那麼《史詩記》那個主題就是
[00:08:50.540 --> 00:08:53.740]  「蘇羅實非皆選」
[00:08:53.740 --> 00:08:56.240]  那麼《路德記》的主題是什麼呢
[00:08:56.240 --> 00:08:58.740]  就是大衛才是賢君
[00:08:58.740 --> 00:09:00.240]  大衛才是賢君
[00:09:00.240 --> 00:09:03.340]  我想先和你看《路德記》
[00:09:03.340 --> 00:09:06.740]  《路德記》的主題是大衛才是賢君
[00:09:06.740 --> 00:09:09.040]  為什麼要寫《路德記》
[00:09:09.040 --> 00:09:11.140]  路德是什麼人
[00:09:11.140 --> 00:09:13.640]  路德是摩訶人
[00:09:13.640 --> 00:09:17.140]  而路德和大衛的關係是什麼呢
[00:09:17.140 --> 00:09:19.140]  路德是大衛的祖母
[00:09:19.140 --> 00:09:20.740]  那麼問題來了
[00:09:20.740 --> 00:09:22.140]  就是說大衛是不是一個
[00:09:22.140 --> 00:09:25.740]  純正血統的以色列人呢
[00:09:25.740 --> 00:09:26.740]  原來不是的
[00:09:26.740 --> 00:09:28.540]  其實耶穌也不是純正血統的
[00:09:28.540 --> 00:09:31.840]  耶穌也在流很多外邦人的血
[00:09:31.840 --> 00:09:34.640]  那麼因為大衛不是一個純正血統
[00:09:34.640 --> 00:09:37.740]  而且他祖母是摩訶人
[00:09:37.740 --> 00:09:38.540]  摩訶人呢
[00:09:38.540 --> 00:09:41.440]  如果你看回摩西五經
[00:09:41.440 --> 00:09:42.740]  是壞人來的
[00:09:42.740 --> 00:09:44.640]  是以色列人的死敵來的
[00:09:44.640 --> 00:09:46.040]  那麼怎麼可以找一個
[00:09:46.040 --> 00:09:49.440]  有摩訶人的血的人
[00:09:49.440 --> 00:09:51.440]  做以色列人的皇帝呢
[00:09:51.440 --> 00:09:52.840]  這是問題
[00:09:52.840 --> 00:09:55.740]  所以就寫了《路德記》
[00:09:55.740 --> 00:09:57.140]  《路德記》主題告訴你什麼
[00:09:57.140 --> 00:09:58.840]  儘管他是摩訶人
[00:09:58.840 --> 00:10:02.340]  其實屬靈上他是一個真以色列人
[00:10:02.340 --> 00:10:03.040]  你明白嗎
[00:10:03.040 --> 00:10:04.540]  所以你在《路德記》裡面
[00:10:04.540 --> 00:10:07.440]  你看到什麼叫做真信心
[00:10:07.440 --> 00:10:10.740]  什麼叫做真正是亞伯拉罕的兒女
[00:10:10.740 --> 00:10:15.040]  什麼是真正相信敬拜爺和華的人
[00:10:15.040 --> 00:10:16.840]  所以當你看完《路德記》之後
[00:10:16.840 --> 00:10:20.640]  你會發現原來大衛的爺爺和奶奶
[00:10:20.640 --> 00:10:22.940]  是真的是敬田的後代
[00:10:22.940 --> 00:10:26.440]  於是你現在放心可以投大衛的票了
[00:10:26.440 --> 00:10:27.440]  你明白嗎
[00:10:27.440 --> 00:10:28.640]  OK
[00:10:28.640 --> 00:10:29.840]  我想給你看一下
[00:10:29.840 --> 00:10:32.940]  外貌我不會給你去讀這個外貌
[00:10:32.940 --> 00:10:35.440]  但是你看到這個外貌是很棒的
[00:10:35.440 --> 00:10:36.740]  這個不是A來的
[00:10:36.740 --> 00:10:37.740]  這個Alpha
[00:10:37.740 --> 00:10:39.640]  最後有個Omega
[00:10:39.640 --> 00:10:41.140]  那麼這四章聖經裡面
[00:10:41.140 --> 00:10:42.140]  就是一二三四
[00:10:42.140 --> 00:10:44.840]  其實你真的可以做舞台劇了
[00:10:44.840 --> 00:10:45.840]  每一個
[00:10:45.840 --> 00:10:48.040]  每一幕都有它第一個背景
[00:10:48.040 --> 00:10:49.740]  第一幕的背景是摩亞
[00:10:49.740 --> 00:10:51.240]  第二個背景是田奸
[00:10:51.240 --> 00:10:53.240]  接著是和祥成門
[00:10:53.240 --> 00:10:56.040]  接著前面有一個引導篇
[00:10:56.040 --> 00:10:58.540]  引導篇一開播就是《饑荒》
[00:10:58.540 --> 00:11:01.240]  而最後的終結篇是一個家譜
[00:11:01.240 --> 00:11:02.740]  家譜是講大衛
[00:11:02.740 --> 00:11:03.840]  我們不看中間了
[00:11:03.840 --> 00:11:06.240]  我只是想給你看一下
[00:11:06.240 --> 00:11:08.440]  開播和結尾
[00:11:08.440 --> 00:11:09.440]  一開播的時候
[00:11:09.440 --> 00:11:13.540]  它告訴你是史詩當政統治的時候
[00:11:13.540 --> 00:11:14.440]  所以我跟它說
[00:11:14.440 --> 00:11:16.540]  史詩記和《路德記》是孖公仔
[00:11:16.540 --> 00:11:17.840]  是非常重要的
[00:11:17.840 --> 00:11:20.140]  史詩當政的時候
[00:11:20.140 --> 00:11:22.340]  是當時有一個饑荒
[00:11:22.340 --> 00:11:24.640]  這全部是真實的事實
[00:11:24.640 --> 00:11:26.440]  是不是真的有個饑荒呢
[00:11:26.440 --> 00:11:29.040]  但這個饑荒也代表了一樣東西
[00:11:29.040 --> 00:11:31.740]  代表了淑靈上的饑荒
[00:11:31.740 --> 00:11:33.240]  你會發現在聖經裡面
[00:11:33.240 --> 00:11:35.640]  淑靈上的饑荒永遠是
[00:11:35.640 --> 00:11:38.940]  是講到聖經上面的饑荒
[00:11:38.940 --> 00:11:40.640]  什麼叫聖經上面的饑荒
[00:11:40.640 --> 00:11:42.740]  就是這些人是不認識上帝
[00:11:42.740 --> 00:11:44.940]  不認識上帝的華語
[00:11:44.940 --> 00:11:48.540]  你要記得在史詩記之前
[00:11:48.540 --> 00:11:50.240]  就有《摩西五經》
[00:11:50.240 --> 00:11:52.640]  就是說這幫人完全不熟悉
[00:11:52.640 --> 00:11:56.140]  《摩西五經》裡面的饑荒話
[00:11:56.140 --> 00:12:00.040]  所以你到了饑荒的時代
[00:12:00.040 --> 00:12:01.240]  一個史詩的時代
[00:12:01.240 --> 00:12:02.740]  稍後我會再跟你講
[00:12:02.740 --> 00:12:04.140]  史詩記的架構
[00:12:04.140 --> 00:12:05.840]  非常複雜的一個架構
[00:12:05.840 --> 00:12:06.640]  但簡單來說
[00:12:06.640 --> 00:12:08.040]  史詩記是關於什麼呢
[00:12:08.040 --> 00:12:10.640]  就是關於一幫
[00:12:10.640 --> 00:12:14.040]  做自己眼中看為對的事情
[00:12:14.040 --> 00:12:17.640]  而這些作為自己眼中看為對的事情
[00:12:17.640 --> 00:12:19.740]  是惹禍眼中看為惡的事情
[00:12:19.740 --> 00:12:21.840]  那個表表者就是參宣
[00:12:21.840 --> 00:12:22.940]  Sampson
[00:12:22.940 --> 00:12:24.440]  他見到一個女人
[00:12:24.440 --> 00:12:25.740]  就是外邦的女子
[00:12:25.740 --> 00:12:27.640]  他說我喜歡
[00:12:27.640 --> 00:12:30.140]  他在做自己眼中看為對的事情
[00:12:30.140 --> 00:12:32.040]  其實是惹禍眼中看為惡的事情
[00:12:32.040 --> 00:12:34.840]  而參宣竟然是一個史詩來的
[00:12:34.840 --> 00:12:36.840]  最能打的那個史詩
[00:12:36.840 --> 00:12:37.740]  最後一個史詩
[00:12:37.740 --> 00:12:39.440]  就是最差的那個史詩
[00:12:39.440 --> 00:12:40.440]  就是告訴你
[00:12:40.440 --> 00:12:43.840]  參宣是一個表表者
[00:12:43.840 --> 00:12:46.040]  稍後有機會再跟你講這個史詩記
[00:12:46.040 --> 00:12:47.040]  但是我想告訴你
[00:12:47.040 --> 00:12:49.440]  現在路德記的開始是講一個饑荒
[00:12:49.440 --> 00:12:53.240]  一個不認識上帝的饑荒
[00:12:53.240 --> 00:12:54.640]  你不要立刻
[00:12:54.640 --> 00:12:56.840]  我們不用立刻形容在我們的時代
[00:12:56.840 --> 00:12:57.940]  但是你已經看到
[00:12:57.940 --> 00:12:59.440]  最後的形容在哪裡了
[00:12:59.440 --> 00:13:00.840]  我們現在是一個
[00:13:00.840 --> 00:13:03.640]  不認識上帝的時代
[00:13:03.640 --> 00:13:04.740]  因為沒有人讀聖經
[00:13:04.740 --> 00:13:06.240]  為什麼我們要讀聖經呢
[00:13:06.240 --> 00:13:07.040]  因為有饑荒
[00:13:07.040 --> 00:13:08.040]  饑荒是什麼
[00:13:08.040 --> 00:13:09.140]  饑荒不是
[00:13:09.140 --> 00:13:12.240]  甚至不是返教會做講活動的饑荒
[00:13:12.240 --> 00:13:14.340]  饑荒是我們不讀聖經
[00:13:14.340 --> 00:13:15.640]  不認識聖經
[00:13:15.640 --> 00:13:18.240]  但是又以為自己跟上帝很熟
[00:13:18.240 --> 00:13:20.240]  這個是一個饑荒
[00:13:20.240 --> 00:13:21.440]  我們怎麼知道
[00:13:21.440 --> 00:13:22.940]  他們不認識上帝
[00:13:22.940 --> 00:13:24.540]  不認識上帝的話語呢
[00:13:24.540 --> 00:13:26.840]  如果你記得路德記一開始
[00:13:26.840 --> 00:13:27.940]  是講到有一班人
[00:13:27.940 --> 00:13:30.440]  因為饑荒的緣故
[00:13:30.440 --> 00:13:31.840]  就去了摩亞地
[00:13:31.840 --> 00:13:35.040]  他們本來在猶大的伯利恒
[00:13:35.040 --> 00:13:36.440]  接著去了摩亞地
[00:13:36.440 --> 00:13:38.640]  就這麼聽就沒事了
[00:13:38.640 --> 00:13:42.840]  香港不好就這樣移民而已
[00:13:42.840 --> 00:13:44.040]  但問題又來了
[00:13:44.040 --> 00:13:46.040]  因為他們是猶太人
[00:13:46.040 --> 00:13:48.440]  香港不是我們的認去之地
[00:13:48.440 --> 00:13:49.840]  去了美國也沒什麼所謂
[00:13:49.840 --> 00:13:50.940]  去了澳洲也沒什麼所謂
[00:13:50.940 --> 00:13:52.240]  去英國也沒什麼所謂
[00:13:52.240 --> 00:13:55.440]  但是猶太的地是他們
[00:13:55.440 --> 00:13:56.640]  上帝給他們的認去之地
[00:13:56.640 --> 00:13:58.340]  這個地方不能走的
[00:13:58.340 --> 00:14:00.840]  不能走的你不知道嗎
[00:14:00.840 --> 00:14:01.940]  他們走
[00:14:01.940 --> 00:14:02.840]  向哪個方向走
[00:14:02.840 --> 00:14:04.640]  向東走
[00:14:04.640 --> 00:14:05.440]  去摩亞地
[00:14:05.440 --> 00:14:06.940]  摩亞是他們的死敵
[00:14:06.940 --> 00:14:08.040]  他們的世仇
[00:14:08.040 --> 00:14:09.240]  怎麼可以去摩亞地
[00:14:09.240 --> 00:14:10.640]  還有向東
[00:14:10.640 --> 00:14:12.440]  當亞當夏娃犯罪之後
[00:14:12.440 --> 00:14:14.040]  被上帝趕出伊利園
[00:14:14.040 --> 00:14:15.640]  是向哪個方向走的
[00:14:15.640 --> 00:14:19.040]  向東方向走的
[00:14:19.040 --> 00:14:22.040]  而他們想也不想就去了
[00:14:22.040 --> 00:14:23.740]  就是說他們真的不認識上帝
[00:14:23.740 --> 00:14:25.540]  還有你看這個故事是說
[00:14:25.540 --> 00:14:27.840]  本來說去避一避
[00:14:27.840 --> 00:14:29.040]  避一避
[00:14:29.040 --> 00:14:30.040]  露營一露
[00:14:30.040 --> 00:14:31.840]  挺好住的
[00:14:31.840 --> 00:14:33.040]  這裡混得好
[00:14:33.040 --> 00:14:35.040]  於是就進了城門
[00:14:35.040 --> 00:14:36.340]  建了一間屋
[00:14:36.340 --> 00:14:38.940]  一住住了十年
[00:14:38.940 --> 00:14:41.040]  十年之後可能都
[00:14:41.040 --> 00:14:43.640]  即是饑荒都已經沒什麼了
[00:14:43.640 --> 00:14:45.440]  為什麼要住十年呢
[00:14:45.440 --> 00:14:46.740]  不但要住十年
[00:14:46.740 --> 00:14:48.540]  十年之後還在那裡
[00:14:48.540 --> 00:14:50.840]  兩個兒子都在那裡結了婚了
[00:14:50.840 --> 00:14:52.540]  跟誰結婚
[00:14:52.540 --> 00:14:53.740]  外邦人結婚
[00:14:53.740 --> 00:14:57.540]  你看到這個家庭
[00:14:57.540 --> 00:14:58.540]  這個你就這樣看
[00:14:58.540 --> 00:15:00.040]  好像一個很美滿的家庭
[00:15:00.040 --> 00:15:01.040]  然後有些慘劇
[00:15:01.040 --> 00:15:02.540]  其實是一個
[00:15:02.540 --> 00:15:05.840]  不認識耶和華的家庭來的
[00:15:05.840 --> 00:15:09.240]  於是他一錯再錯
[00:15:09.240 --> 00:15:11.840]  決定離開應許之地
[00:15:11.840 --> 00:15:13.840]  決定向東行
[00:15:13.840 --> 00:15:17.640]  決定留在摩亞的地方
[00:15:17.640 --> 00:15:20.040]  決定在那裡結婚
[00:15:20.040 --> 00:15:23.640]  決定在那裡跟外邦人結婚
[00:15:23.640 --> 00:15:25.740]  想了一個故事
[00:15:25.740 --> 00:15:27.040]  而在當中
[00:15:27.040 --> 00:15:28.540]  我們看到
[00:15:28.540 --> 00:15:30.440]  可能有人說上帝審判
[00:15:30.440 --> 00:15:32.640]  有人說是一個迴轉的機會
[00:15:32.640 --> 00:15:34.540]  因為他兩個兒子都死了
[00:15:34.540 --> 00:15:36.340]  於是
[00:15:36.340 --> 00:15:37.940]  我們不要回家了
[00:15:37.940 --> 00:15:38.940]  OK
[00:15:38.940 --> 00:15:41.340]  所以這個故事是這樣說的
[00:15:41.340 --> 00:15:42.140]  告訴你
[00:15:42.140 --> 00:15:43.640]  史詩的時代開始
[00:15:43.640 --> 00:15:46.940]  史詩是一個不認識耶和華的時代
[00:15:46.940 --> 00:15:49.240]  最後的結束是說大衛
[00:15:49.240 --> 00:15:51.540]  大衛才是賢君
[00:15:51.540 --> 00:15:51.840]  你明白嗎
[00:15:51.840 --> 00:15:52.840]  我們需要一個大衛
[00:15:52.840 --> 00:15:55.040]  我們需要一個真正認識上帝的
[00:15:55.040 --> 00:15:55.840]  溫王意志
[00:15:55.840 --> 00:15:57.340]  他可以帶我們回去
[00:15:57.340 --> 00:15:57.840]  OK
[00:15:57.840 --> 00:15:59.340]  今天我不跟你看大衛
[00:15:59.340 --> 00:16:01.540]  我想給你看一點路德奇坦
[00:16:01.540 --> 00:16:03.140]  我想給你看第一章
[00:16:03.140 --> 00:16:04.640]  我想給你看看
[00:16:04.640 --> 00:16:08.740]  南俄米和路德的對比
[00:16:08.740 --> 00:16:09.340]  OK
[00:16:09.340 --> 00:16:11.240]  大家都記得這個故事
[00:16:11.240 --> 00:16:14.040]  南俄米死了兩個兒子
[00:16:14.040 --> 00:16:14.640]  於是
[00:16:14.640 --> 00:16:15.740]  她老公就死了
[00:16:15.740 --> 00:16:18.440]  於是南俄米自己要回家
[00:16:18.440 --> 00:16:19.340]  她回家
[00:16:19.340 --> 00:16:21.140]  就是回到以色列人的地方
[00:16:21.140 --> 00:16:21.940]  回去的時候
[00:16:21.940 --> 00:16:26.640]  她就將她兩個媳婦趕回家
[00:16:26.640 --> 00:16:27.140]  OK
[00:16:27.140 --> 00:16:29.340]  其中一個就走了
[00:16:29.340 --> 00:16:30.440]  第15節這樣說
[00:16:30.440 --> 00:16:31.540]  南俄米說
[00:16:31.540 --> 00:16:35.340]  看啊,你嫂嫂已經回她的百姓
[00:16:35.340 --> 00:16:38.040]  和她的神明哪裏去了
[00:16:38.040 --> 00:16:39.840]  你也跟你嫂嫂回去
[00:16:39.840 --> 00:16:41.640]  她不是回到百姓那麼簡單
[00:16:41.640 --> 00:16:43.440]  不是回到娘家那麼簡單
[00:16:43.440 --> 00:16:45.440]  回到哪裏
[00:16:45.440 --> 00:16:47.640]  你嫂嫂的神明那裏
[00:16:47.640 --> 00:16:48.840]  摩顏的神明
[00:16:48.840 --> 00:16:50.340]  你好不好
[00:16:50.340 --> 00:16:52.040]  人家跟了你回教會
[00:16:52.040 --> 00:16:52.840]  現在不要了
[00:16:52.840 --> 00:16:54.640]  還是白皇太先好
[00:16:54.640 --> 00:16:55.940]  就是傻的
[00:16:55.940 --> 00:16:58.640]  南俄米不是一個好人
[00:16:58.640 --> 00:17:01.840]  南俄米覺得我們現在
[00:17:01.840 --> 00:17:03.940]  我們那個爺和華都不太好
[00:17:03.940 --> 00:17:06.340]  我們的特地是有國安法
[00:17:06.340 --> 00:17:07.240]  這裡挺好啊
[00:17:07.240 --> 00:17:08.340]  燈火香盛
[00:17:08.340 --> 00:17:09.540]  黃大仙也挺好
[00:17:09.540 --> 00:17:11.140]  不如你回黃大仙
[00:17:11.140 --> 00:17:12.740]  而嫂嫂去了
[00:17:12.740 --> 00:17:14.640]  但是有一個人不肯回去
[00:17:14.640 --> 00:17:16.740]  那個人叫魯德
[00:17:16.740 --> 00:17:17.640]  魯德說
[00:17:17.640 --> 00:17:21.440]  不要勸我轉去不跟隨你
[00:17:21.440 --> 00:17:24.440]  你往哪裏去我也往哪裏去
[00:17:24.440 --> 00:17:27.240]  你在哪裏住我也往哪裏住
[00:17:27.240 --> 00:17:29.240]  你的百姓就是我的百姓
[00:17:29.240 --> 00:17:31.640]  你的神就是我的神
[00:17:31.640 --> 00:17:33.540]  你要留意最後那一句
[00:17:33.540 --> 00:17:35.040]  你的神就是我的神
[00:17:35.040 --> 00:17:36.240]  他的轉變
[00:17:36.240 --> 00:17:39.040]  不是單單是你往哪裏我往哪裏
[00:17:39.040 --> 00:17:40.740]  不是因為他的巧訊那麼簡單
[00:17:40.740 --> 00:17:42.440]  而是因為無論如何
[00:17:42.440 --> 00:17:43.640]  當然
[00:17:43.640 --> 00:17:44.840]  你要小心這裡
[00:17:44.840 --> 00:17:45.640]  我們說
[00:17:45.640 --> 00:17:48.140]  魯德為什麼會知道你的神
[00:17:48.140 --> 00:17:49.340]  就是耶和華
[00:17:49.340 --> 00:17:54.340]  很可能是通過這個家庭
[00:17:54.340 --> 00:17:55.940]  因為他們在家裏面
[00:17:55.940 --> 00:17:57.540]  那十年裏面是講著講著
[00:17:57.540 --> 00:17:58.740]  講耶和華的事蹟
[00:17:58.740 --> 00:18:00.940]  那麼魯德真的聽了一下就信了主
[00:18:00.940 --> 00:18:02.440]  儘管現在的人
[00:18:02.440 --> 00:18:03.540]  好不好啊
[00:18:03.540 --> 00:18:04.740]  不是很廢的
[00:18:04.740 --> 00:18:05.840]  那應用就不是
[00:18:05.840 --> 00:18:07.040]  儘管我們很廢
[00:18:07.040 --> 00:18:08.340]  我們的工人都可以信主
[00:18:08.340 --> 00:18:11.040]  你不可以這樣的
[00:18:11.040 --> 00:18:13.540]  你如果這樣自我安慰你就死定了
[00:18:13.540 --> 00:18:16.040]  所以這個不是那個應用來的
[00:18:16.040 --> 00:18:17.540]  它是一個奇跡來的
[00:18:17.540 --> 00:18:19.040]  但是它是信的
[00:18:19.040 --> 00:18:22.340]  所以魯德是很期待
[00:18:22.340 --> 00:18:25.740]  跟他們回去上帝應許之地
[00:18:25.740 --> 00:18:26.740]  他不是認識很多
[00:18:26.740 --> 00:18:29.940]  但是他認識足夠的東西
[00:18:29.940 --> 00:18:32.740]  令他相信
[00:18:32.740 --> 00:18:34.340]  他想去耶和華
[00:18:34.340 --> 00:18:35.540]  他想去耶和華的地方
[00:18:35.540 --> 00:18:37.240]  其實他跟著
[00:18:37.240 --> 00:18:38.240]  我們回去
[00:18:38.240 --> 00:18:41.340]  其實他的生命會是很苦的
[00:18:41.340 --> 00:18:43.140]  因為很有可能他會被人歧視
[00:18:43.140 --> 00:18:46.240]  因為他是摩亞人
[00:18:46.240 --> 00:18:48.040]  很有可能他是結不了婚的
[00:18:48.040 --> 00:18:50.040]  很有可能他會窮苦一世
[00:18:50.040 --> 00:18:52.540]  很有可能他就這樣在那裏死了
[00:18:52.540 --> 00:18:54.640]  亡死都被頂的
[00:18:54.640 --> 00:18:57.340]  但是他就是同景著
[00:18:57.340 --> 00:19:00.140]  要回耶和華的地方
[00:19:00.140 --> 00:19:01.340]  你死在那裏
[00:19:01.340 --> 00:19:02.740]  我也死在那裏
[00:19:02.740 --> 00:19:03.740]  葬在那裏
[00:19:03.740 --> 00:19:08.240]  只有死能使你我分離
[00:19:08.240 --> 00:19:12.340]  不言怨耶和華重重的懲罰我
[00:19:12.340 --> 00:19:13.640]  耶和華這個名字
[00:19:13.640 --> 00:19:14.840]  他不是說怨神
[00:19:14.840 --> 00:19:15.640]  他是怨耶和華
[00:19:15.640 --> 00:19:17.340]  耶和華是那個規定的名字
[00:19:17.340 --> 00:19:20.440]  是上帝跟以色列人立約的時候
[00:19:20.440 --> 00:19:21.740]  給他們的名字
[00:19:21.740 --> 00:19:25.840]  他是在呼喊耶和華的
[00:19:25.840 --> 00:19:28.840]  其實聖經裏面有另外一個外邦女子
[00:19:28.840 --> 00:19:31.040]  都會叫上帝做耶和華的
[00:19:31.040 --> 00:19:32.940]  那個叫拉合
[00:19:32.940 --> 00:19:33.940]  Reyhem
[00:19:33.940 --> 00:19:34.940]  很有意思的
[00:19:34.940 --> 00:19:37.140]  之前在約書亞記那裏
[00:19:37.140 --> 00:19:39.040]  當那些探子來的時候
[00:19:39.040 --> 00:19:40.340]  他在說
[00:19:40.340 --> 00:19:42.340]  呼喊耶和華的名字很奇怪
[00:19:42.340 --> 00:19:43.340]  你不認識耶和華
[00:19:43.340 --> 00:19:45.740]  為什麼要叫我們上帝的名字
[00:19:45.740 --> 00:19:47.540]  他就是想親近耶和華
[00:19:47.540 --> 00:19:50.840]  就是想成為耶和華的子民一部份
[00:19:50.840 --> 00:19:52.040]  你會發現
[00:19:52.040 --> 00:19:54.540]  他是一樣的
[00:19:54.540 --> 00:19:55.840]  同一樣的東西
[00:19:55.840 --> 00:19:57.040]  他講什麼
[00:19:57.040 --> 00:19:58.340]  他說你不要讓我們睡
[00:19:58.340 --> 00:20:00.140]  我無論如何都要跟你回家
[00:20:00.140 --> 00:20:00.940]  如果你不讓
[00:20:00.940 --> 00:20:02.340]  如果我不跟你回家
[00:20:02.340 --> 00:20:04.940]  怨耶和華就天打雷劈
[00:20:04.940 --> 00:20:06.140]  轟炸死我
[00:20:06.140 --> 00:20:08.040]  他自己在詛咒自己
[00:20:08.040 --> 00:20:13.840]  如果他不跟著耶和華的話
[00:20:13.840 --> 00:20:15.740]  怨耶和華詛咒他
[00:20:15.740 --> 00:20:16.940]  是一個這樣的女人
[00:20:16.940 --> 00:20:17.940]  我們的時間關係
[00:20:17.940 --> 00:20:19.040]  我就不再給你讀了
[00:20:19.040 --> 00:20:20.440]  不過我想給你看一個
[00:20:20.440 --> 00:20:22.940]  當你看完第一章
[00:20:22.940 --> 00:20:24.540]  魯德記的時候
[00:20:24.540 --> 00:20:26.540]  你應該在想兩個寡婦
[00:20:26.540 --> 00:20:29.540]  第一章魯德記是關於兩個寡婦的故事
[00:20:29.540 --> 00:20:30.740]  兩個寡婦的對比
[00:20:30.740 --> 00:20:33.340]  我想警告一下大家
[00:20:33.340 --> 00:20:34.740]  因為我記得曾幾何時
[00:20:34.740 --> 00:20:37.740]  當我講到這裏的時候
[00:20:37.740 --> 00:20:38.940]  就被人轟炸
[00:20:38.940 --> 00:20:42.340]  因為很多婦女不喜歡我這樣對比
[00:20:42.340 --> 00:20:43.740]  因為原來
[00:20:43.740 --> 00:20:45.040]  我那時候不知道
[00:20:45.040 --> 00:20:49.140]  原來很多婦女罵我是粉絲
[00:20:49.140 --> 00:20:52.040]  我們剛好昨天三八婦女節
[00:20:52.040 --> 00:20:54.040]  我希望大家想清楚
[00:20:54.040 --> 00:20:55.540]  究竟聖經是講什麼
[00:20:55.540 --> 00:20:58.540]  不要因為你很同情南奥米
[00:20:58.540 --> 00:21:02.040]  南奥米就是你的影子
[00:21:02.040 --> 00:21:05.740]  你就怪我現在要畫壞它
[00:21:05.740 --> 00:21:10.940]  你想想聖經是怎麼講南奥米的
[00:21:10.940 --> 00:21:13.540]  魯德記的第一章是講兩個寡婦的故事
[00:21:13.540 --> 00:21:16.940]  是兩個寡婦對照的故事
[00:21:16.940 --> 00:21:19.740]  哪個寡婦是有真信心
[00:21:19.740 --> 00:21:22.540]  哪個寡婦其實不認識上帝
[00:21:22.540 --> 00:21:27.740]  原來南奥米是史詩時代的一個產品
[00:21:27.740 --> 00:21:30.840]  史詩時代的一個表表者
[00:21:30.840 --> 00:21:33.440]  一個是猶大的寡婦
[00:21:33.440 --> 00:21:34.740]  一個是外邦的寡婦
[00:21:34.740 --> 00:21:37.940]  你看他們兩個不一樣
[00:21:37.940 --> 00:21:40.640]  一個是愛護媳婦
[00:21:40.640 --> 00:21:42.140]  一個是孝順婆婆
[00:21:42.140 --> 00:21:43.340]  你可以拿一下
[00:21:43.340 --> 00:21:46.440]  你可以講相似和反映
[00:21:46.440 --> 00:21:47.640]  他們有很相似的地方
[00:21:47.640 --> 00:21:49.040]  兩個都是寡婦
[00:21:49.040 --> 00:21:50.740]  一個是愛護媳婦
[00:21:50.740 --> 00:21:52.840]  另一個是孝順婆婆
[00:21:52.840 --> 00:21:54.240]  是一套故事
[00:21:54.240 --> 00:21:55.940]  一個是相信耶和華
[00:21:55.940 --> 00:21:57.440]  另一個是根信耶和華
[00:21:57.440 --> 00:22:00.040]  是信義代
[00:22:00.040 --> 00:22:01.140]  就是這樣看
[00:22:01.140 --> 00:22:03.440]  一個相信一個根信
[00:22:03.440 --> 00:22:08.040]  兩個都離開了本地本族附加
[00:22:08.040 --> 00:22:10.240]  看不看得到
[00:22:10.240 --> 00:22:13.140]  南奥米是離開了本地本族附加
[00:22:13.140 --> 00:22:16.940]  因為最…因為饑荒的緣故
[00:22:16.940 --> 00:22:22.140]  而最後路德都是離開本地本族附加
[00:22:22.140 --> 00:22:24.940]  如果你一想到離開本地本族附加
[00:22:24.940 --> 00:22:26.240]  你應該想到些什麼?
[00:22:26.240 --> 00:22:27.240]  在《舊約聖經》裡面
[00:22:27.240 --> 00:22:31.140]  誰是離開了本地本族附加的?
[00:22:31.140 --> 00:22:34.440]  亞伯開罕
[00:22:34.440 --> 00:22:36.740]  但這個人是走錯路的
[00:22:36.740 --> 00:22:38.440]  他走東邊
[00:22:38.440 --> 00:22:41.240]  錯的應該走西邊
[00:22:41.240 --> 00:22:42.740]  這個就對了
[00:22:42.740 --> 00:22:44.340]  離開本地本族附加
[00:22:44.340 --> 00:22:46.540]  到我要你去哪個地方
[00:22:46.540 --> 00:22:47.340]  去應去之地
[00:22:47.340 --> 00:22:48.040]  去哪裡?
[00:22:48.040 --> 00:22:49.740]  就去加拿大
[00:22:49.740 --> 00:22:54.040]  這個是真正的亞伯開罕的後裔
[00:22:54.040 --> 00:22:55.440]  那個是假的
[00:22:55.440 --> 00:22:57.540]  OK
[00:22:57.540 --> 00:22:59.640]  這個就是兩個分別開始了
[00:22:59.640 --> 00:23:01.140]  一個是去了摩崖
[00:23:01.140 --> 00:23:02.040]  另一個呢
[00:23:02.040 --> 00:23:05.140]  要回到猶大
[00:23:05.140 --> 00:23:05.740]  一個呢
[00:23:05.740 --> 00:23:07.540]  南奥米
[00:23:07.540 --> 00:23:09.840]  你記得他後來說要改名
[00:23:09.840 --> 00:23:11.240]  南奥米說我的名字
[00:23:11.240 --> 00:23:12.340]  本來叫甜
[00:23:12.340 --> 00:23:13.940]  然後他說現在我這麼苦
[00:23:13.940 --> 00:23:15.640]  要叫Mara
[00:23:15.640 --> 00:23:17.040]  馬拉
[00:23:17.040 --> 00:23:19.140]  因為耶和華激打我
[00:23:19.140 --> 00:23:19.740]  OK
[00:23:19.740 --> 00:23:21.840]  就是他覺得耶和華對他好不好
[00:23:21.840 --> 00:23:23.040]  激打他
[00:23:23.040 --> 00:23:24.140]  另一個怎麼說?
[00:23:24.140 --> 00:23:25.440]  怨耶和華寵忿我
[00:23:25.440 --> 00:23:26.640]  如果我不跟隨他
[00:23:26.640 --> 00:23:28.740]  你看到兩個分別嗎?
[00:23:28.740 --> 00:23:29.640]  一個呢
[00:23:29.640 --> 00:23:31.540]  覺得上帝在刻薄他
[00:23:31.540 --> 00:23:32.140]  另一個呢
[00:23:32.140 --> 00:23:34.240]  就說死了要跟隨耶和華
[00:23:34.240 --> 00:23:36.040]  如果我不跟隨
[00:23:36.040 --> 00:23:37.040]  天打雷劈
[00:23:37.040 --> 00:23:38.440]  轟炸死我
[00:23:38.440 --> 00:23:40.240]  OK
[00:23:40.240 --> 00:23:42.740]  一個說叫我做馬拉
[00:23:42.740 --> 00:23:45.340]  另一個是甘願受苦
[00:23:45.340 --> 00:23:47.240]  一個說我好苦
[00:23:47.240 --> 00:23:50.340]  另一個說盡管我知道我會受更多的苦
[00:23:50.340 --> 00:23:52.740]  我都願意要去跟隨耶和華
[00:23:52.740 --> 00:23:55.740]  要去耶和華應許之地
[00:23:55.740 --> 00:23:56.240]  OK
[00:23:56.240 --> 00:23:58.240]  最後
[00:23:58.240 --> 00:23:59.840]  一個追求甘甜
[00:23:59.840 --> 00:24:03.240]  一個已經甘甜
[00:24:03.240 --> 00:24:03.840]  OK
[00:24:03.840 --> 00:24:05.540]  我不知道你看不看得明白
[00:24:05.540 --> 00:24:06.740]  這個人呢
[00:24:06.740 --> 00:24:08.840]  南奥米說我現在叫馬拉
[00:24:08.840 --> 00:24:10.240]  我好苦
[00:24:10.240 --> 00:24:13.640]  他是想耶和華讓他甘甜
[00:24:13.640 --> 00:24:17.140]  有沒有發覺
[00:24:17.140 --> 00:24:18.640]  路德的事情
[00:24:18.640 --> 00:24:19.740]  是他已經甘甜
[00:24:19.740 --> 00:24:20.940]  我想說什麼呢
[00:24:20.940 --> 00:24:22.440]  就是當你去讀
[00:24:22.440 --> 00:24:24.640]  這兩個寡婦的故事的時候
[00:24:24.640 --> 00:24:25.440]  你發現
[00:24:25.440 --> 00:24:27.640]  我問你誰比較苦
[00:24:27.640 --> 00:24:28.440]  你可以說
[00:24:28.440 --> 00:24:30.540]  當然是南奥米苦
[00:24:30.540 --> 00:24:31.540]  他死老公
[00:24:31.540 --> 00:24:33.240]  死兩個兒子
[00:24:33.240 --> 00:24:34.740]  但你也可以說
[00:24:34.740 --> 00:24:36.240]  其實是路德更苦
[00:24:36.240 --> 00:24:36.640]  為什麼?
[00:24:36.640 --> 00:24:38.640]  他是年輕的
[00:24:38.640 --> 00:24:41.040]  年輕的就要熬很長時間
[00:24:41.040 --> 00:24:43.540]  老的可能很快就死掉了
[00:24:43.540 --> 00:24:44.840]  或者別人也會可憐
[00:24:44.840 --> 00:24:46.240]  你現在又回到那裡
[00:24:46.240 --> 00:24:49.440]  年輕的就慘了
[00:24:49.440 --> 00:24:51.040]  現在他去猶太人的地方
[00:24:51.040 --> 00:24:53.740]  他是見不到婚的了
[00:24:53.740 --> 00:24:55.040]  你明白嗎?
[00:24:55.040 --> 00:24:57.440]  但是在這兩個故事的最終
[00:24:57.440 --> 00:25:00.440]  我們看到
[00:25:00.440 --> 00:25:01.840]  一個是苦瓜乾
[00:25:01.840 --> 00:25:03.340]  一個叫小甜甜
[00:25:03.340 --> 00:25:05.440]  你明白嗎?
[00:25:05.440 --> 00:25:08.140]  南奥米的花名叫苦瓜乾
[00:25:08.140 --> 00:25:10.440]  很慘很慘很慘
[00:25:10.440 --> 00:25:13.940]  粵語長片的音樂都出來了
[00:25:13.940 --> 00:25:15.340]  另一個呢
[00:25:15.340 --> 00:25:18.440]  也是這麼慘的
[00:25:18.440 --> 00:25:20.440]  小甜甜
[00:25:20.440 --> 00:25:23.340]  期待著更加甘甜的東西
[00:25:23.340 --> 00:25:25.140]  幸好在受苦的時候
[00:25:25.140 --> 00:25:28.240]  一點也不覺得苦
[00:25:28.240 --> 00:25:30.140]  你說這個和我們有什麼關係呢?
[00:25:30.140 --> 00:25:31.340]  當然有關係
[00:25:31.340 --> 00:25:36.240]  這個其實是照耀著新約聖經的信徒
[00:25:36.240 --> 00:25:37.940]  什麼是信徒心?
[00:25:37.940 --> 00:25:40.040]  小甜甜
[00:25:40.040 --> 00:25:42.140]  天打雷劈我也是這麼開心
[00:25:42.140 --> 00:25:42.840]  為什麼?
[00:25:42.840 --> 00:25:44.640]  因為基督已經拯救了我
[00:25:44.640 --> 00:25:46.440]  因為我就是要跟隨耶穌
[00:25:46.440 --> 00:25:48.540]  無論受多少的苦
[00:25:48.540 --> 00:25:49.740]  你有版體的
[00:25:49.740 --> 00:25:50.840]  保羅、約翰、彼得
[00:25:50.840 --> 00:25:53.540]  全部都是路德的後代
[00:25:53.540 --> 00:25:54.840]  很明顯的
[00:25:54.840 --> 00:25:58.440]  當彼得、保羅、約翰受苦的時候
[00:25:58.440 --> 00:26:02.640]  都不知道多麼甘甜
[00:26:02.640 --> 00:26:05.040]  這個是對我們今天很大的挑戰
