
[00:00:00.000 --> 00:00:02.020]  作為基督徒
[00:00:02.020 --> 00:00:06.860]  禱告、讀經就是我們的呼吸
[00:00:06.860 --> 00:00:11.300]  禱告是呼 讀經是吸
[00:00:11.300 --> 00:00:14.280]  我們不能夠只呼不吸
[00:00:14.280 --> 00:00:18.820]  又或者不能夠只吸不呼
[00:00:18.820 --> 00:00:21.780]  更加不可以不吸不呼
[00:00:21.780 --> 00:00:25.700]  正如呼吸直接影響人的生命
[00:00:25.700 --> 00:00:32.020]  禱告、讀經也直接影響我們的屬靈生命
[00:00:32.020 --> 00:00:36.580]  Thomas Watson說了一句話很有意思
[00:00:36.580 --> 00:00:40.220]  他說禱告是開啟天國的約時
[00:00:40.220 --> 00:00:44.460]  信心是轉動約時的手
[00:00:44.460 --> 00:00:47.180]  我們禱告的時候
[00:00:47.180 --> 00:00:52.540]  我們有信心神會作供嗎?
[00:00:52.540 --> 00:00:56.640]  已唱下書六十五章二十四節
[00:00:56.640 --> 00:00:59.660]  他門尚未求高我就應允
[00:00:59.660 --> 00:01:03.900]  正說話的時候我就垂聽
[00:01:03.900 --> 00:01:09.500]  而馬帝福音六章八節
[00:01:09.500 --> 00:01:12.300]  因為你們沒有祈求以先
[00:01:12.300 --> 00:01:16.860]  你們所需用的 你們的庫早已知道了
[00:01:16.860 --> 00:01:18.940]  讀完這兩節聖經
[00:01:18.940 --> 00:01:20.940]  我們或者會問
[00:01:20.940 --> 00:01:24.760]  神既然什麼都早已知道
[00:01:24.760 --> 00:01:27.240]  我們禱告的時候
[00:01:27.240 --> 00:01:29.500]  豈不是可以這樣說
[00:01:29.500 --> 00:01:33.300]  親愛的天父 你知道的了
[00:01:33.300 --> 00:01:37.420]  奉主名叩 阿們
[00:01:37.420 --> 00:01:40.860]  為什麼又要我們禱告呢?
[00:01:40.860 --> 00:01:42.460]  過去幾個星期
[00:01:42.460 --> 00:01:45.860]  我們透過信心的禱告
[00:01:45.860 --> 00:01:48.060]  感恩的禱告
[00:01:48.060 --> 00:01:50.540]  未蒙英韻的禱告
[00:01:50.540 --> 00:01:52.820]  蒙英韻的禱告
[00:01:52.820 --> 00:01:55.300]  寧靜的禱告
[00:01:55.300 --> 00:01:58.980]  我們學習到嗎?
[00:01:58.980 --> 00:02:01.620]  在馬帝福音六章九到十三節
[00:02:01.620 --> 00:02:04.620]  以及路加福音十一章二到四節
[00:02:04.620 --> 00:02:06.860]  有兩段類似的記載
[00:02:06.860 --> 00:02:09.500]  就是主教導門徒
[00:02:09.500 --> 00:02:12.300]  禱告要用的說話
[00:02:12.300 --> 00:02:14.380]  是我們所熟悉的
[00:02:14.380 --> 00:02:17.900]  也是我們所要好好學習的
[00:02:17.900 --> 00:02:22.540]  我們通常稱之為主討問
[00:02:22.540 --> 00:02:25.140]  這一篇寶貴的討問
[00:02:25.140 --> 00:02:29.340]  有人不贊成叫它做主討問
[00:02:29.340 --> 00:02:34.100]  因為怕人誤會是主的禱告文
[00:02:34.100 --> 00:02:37.820]  所以改稱它為公討問
[00:02:37.820 --> 00:02:42.860]  但是公討問同樣的都會引起人的誤會
[00:02:42.860 --> 00:02:45.420]  以為只是在公眾禱告的時候
[00:02:45.420 --> 00:02:47.660]  才能夠背誦的討問
[00:02:47.660 --> 00:02:50.740]  所以又有人特別聲明
[00:02:50.740 --> 00:02:53.860]  叫它做門徒的討問
[00:02:53.860 --> 00:02:55.140]  而事實上
[00:02:55.140 --> 00:03:01.020]  這個是主給我們討告的一個模範
[00:03:01.020 --> 00:03:03.100]  無論是公討或者私討
[00:03:03.100 --> 00:03:06.500]  都應該去學習去應用
[00:03:06.500 --> 00:03:07.900]  因此我在這裡
[00:03:07.900 --> 00:03:12.980]  我仍然沿用主討問這個名稱
[00:03:12.980 --> 00:03:15.820]  主教導我們的這篇討問
[00:03:15.820 --> 00:03:17.460]  含義深遠
[00:03:17.460 --> 00:03:19.220]  結構完整
[00:03:19.220 --> 00:03:23.540]  其中的語句排列的次序
[00:03:23.540 --> 00:03:28.220]  也是我們討告應有的次序
[00:03:28.220 --> 00:03:30.420]  主討問的內容
[00:03:30.420 --> 00:03:35.420]  明顯是由一個稱呼
[00:03:35.420 --> 00:03:38.100]  加三個願望
[00:03:38.100 --> 00:03:40.980]  加三個祈求
[00:03:40.980 --> 00:03:45.500]  加一個重贊所組成
[00:03:45.500 --> 00:03:48.140]  主討問一共有九句
[00:03:48.140 --> 00:03:50.100]  第一句是開端
[00:03:50.100 --> 00:03:51.540]  一個稱呼
[00:03:51.540 --> 00:03:56.060]  我們在天上的乎
[00:03:56.060 --> 00:03:58.180]  第二到第四句
[00:03:58.180 --> 00:04:00.220]  是三個願望
[00:04:00.220 --> 00:04:02.700]  願人都尊你的名為聖
[00:04:02.700 --> 00:04:04.940]  願你的國降臨
[00:04:04.940 --> 00:04:07.420]  願你的旨意行在地上
[00:04:07.420 --> 00:04:11.700]  如同行在天上
[00:04:11.700 --> 00:04:14.500]  第五到第八句
[00:04:14.500 --> 00:04:16.900]  是三個祈求
[00:04:16.900 --> 00:04:18.420]  我們日用的飲食
[00:04:18.420 --> 00:04:20.300]  今日賜給我們
[00:04:20.300 --> 00:04:21.500]  免我們的債
[00:04:21.500 --> 00:04:23.620]  如同我們免要人的債
[00:04:23.620 --> 00:04:25.540]  不叫我們遇見私貪
[00:04:25.540 --> 00:04:29.780]  救我們脫離兇惡
[00:04:29.780 --> 00:04:32.260]  第九句是一個重贊
[00:04:32.260 --> 00:04:34.020]  是總結
[00:04:34.020 --> 00:04:37.300]  因為國度權並榮耀全是你的
[00:04:37.300 --> 00:04:40.660]  直到永遠衙門
[00:04:40.660 --> 00:04:43.980]  主討問提醒我們這個討告的次序
[00:04:43.980 --> 00:04:45.900]  是先為神
[00:04:45.900 --> 00:04:48.780]  然後為自己
[00:04:48.780 --> 00:04:50.580]  舊約裡面的十誡
[00:04:50.580 --> 00:04:53.020]  也是同樣的次序
[00:04:53.020 --> 00:04:55.540]  頭四誡是對神
[00:04:55.540 --> 00:05:00.940]  後六誡才是對人
[00:05:00.940 --> 00:05:04.100]  所以你們討告要這樣說
[00:05:04.100 --> 00:05:06.220]  我們都知道榜樣
[00:05:06.220 --> 00:05:09.260]  是很有果效的教學方法
[00:05:09.260 --> 00:05:11.580]  耶穌呼召門徒跟隨
[00:05:11.580 --> 00:05:15.660]  跟他們一起生活就是這個意思
[00:05:15.660 --> 00:05:19.260]  轉而耶穌這位我們屬天的導師
[00:05:19.260 --> 00:05:21.740]  最體恤我們的軟弱
[00:05:21.740 --> 00:05:24.300]  因此連親近神的時候
[00:05:24.300 --> 00:05:28.100]  我們應該怎樣的方式說話
[00:05:28.100 --> 00:05:31.260]  都已經告訴我們了
[00:05:31.260 --> 00:05:34.460]  這段討聞的討告模式十分簡單
[00:05:34.460 --> 00:05:37.060]  連小孩子都會
[00:05:37.060 --> 00:05:37.940]  但是同樣的
[00:05:37.940 --> 00:05:39.900]  它也是何等的封聖
[00:05:39.900 --> 00:05:44.700]  能夠帶給我們神一切的賞賜
[00:05:44.700 --> 00:05:47.460]  它是所有討告的模範
[00:05:47.460 --> 00:05:50.380]  而這個討聞本身的每一句
[00:05:50.380 --> 00:05:53.860]  都成為我們心靈最深處
[00:05:53.860 --> 00:05:57.420]  對神的討告
[00:05:57.420 --> 00:06:00.860]  所以你們討告要這樣說
[00:06:00.860 --> 00:06:02.460]  主耶穌並沒有意思
[00:06:02.460 --> 00:06:04.060]  要我們每一次的討告
[00:06:04.060 --> 00:06:08.500]  都隻字不漏地照章背誦
[00:06:08.500 --> 00:06:10.100]  他也沒有意思
[00:06:10.100 --> 00:06:12.780]  要我們在念主討聞的時候
[00:06:12.780 --> 00:06:17.740]  要口若懸河 隻字不漏
[00:06:17.740 --> 00:06:20.140]  跟使徒信經一樣
[00:06:20.140 --> 00:06:23.220]  主討聞是我們很多人
[00:06:23.220 --> 00:06:26.660]  從小時候都開始學習背誦的
[00:06:26.660 --> 00:06:30.220]  所以信口就可以背出來
[00:06:30.220 --> 00:06:35.580]  甚至我們沒有再思索其中的意思
[00:06:35.580 --> 00:06:39.220]  而危險也就在這裡
[00:06:39.220 --> 00:06:43.420]  因為我們背得太順口的關係
[00:06:43.420 --> 00:06:51.460]  往往就讓我們變成了有口無心
[00:06:51.460 --> 00:06:53.100]  這一點我很清楚
[00:06:53.100 --> 00:06:56.100]  我以前是天主教背景的
[00:06:56.100 --> 00:06:57.340]  在辦告解之後
[00:06:57.340 --> 00:06:59.780]  我們通常都要背誦天主經
[00:06:59.780 --> 00:07:02.820]  聖母經或者上等通悔經等等
[00:07:02.820 --> 00:07:06.940]  很多次是作為補償 作為補償
[00:07:06.940 --> 00:07:09.380]  作為贖罪的意思
[00:07:09.380 --> 00:07:14.420]  念口黃也是我的強項之一
[00:07:14.420 --> 00:07:19.300]  認真是自欺欺臣
[00:07:19.300 --> 00:07:23.820]  主討聞提醒我們討告的原則
[00:07:23.820 --> 00:07:29.100]  主在教導門徒這篇討聞之前
[00:07:29.100 --> 00:07:32.180]  在《馬大夫音》六章五到七節那裡
[00:07:32.180 --> 00:07:34.180]  他告誡門徒
[00:07:34.180 --> 00:07:37.860]  不可以像那些假冒為善的人
[00:07:37.860 --> 00:07:39.780]  他們喜歡站在會堂上
[00:07:39.780 --> 00:07:43.580]  又或者十字路口上去討告
[00:07:43.580 --> 00:07:46.260]  故意要讓人看到
[00:07:46.260 --> 00:07:48.780]  也不要像外邦人
[00:07:48.780 --> 00:07:51.860]  用很多重複的說話
[00:07:51.860 --> 00:07:54.420]  他們以為說話說多了
[00:07:54.420 --> 00:07:58.100]  就一定得夢誰聽
[00:07:58.100 --> 00:08:02.500]  這裡告訴我們一個討告的原則
[00:08:02.500 --> 00:08:06.620]  是要做一個討告的人
[00:08:06.620 --> 00:08:08.620]  正確一些的說法
[00:08:08.620 --> 00:08:13.540]  要做一個在神面前討告的人
[00:08:13.540 --> 00:08:18.940]  而不是做一個在人面前討告的人
[00:08:18.940 --> 00:08:21.100]  所以如果你說
[00:08:21.100 --> 00:08:22.500]  是啦 是啦
[00:08:22.500 --> 00:08:23.700]  所以呢
[00:08:23.700 --> 00:08:26.300]  我就不參加教會的祈禱會
[00:08:26.300 --> 00:08:31.100]  因為我不需要在人面前去討告
[00:08:31.100 --> 00:08:33.140]  這一點我明白
[00:08:33.140 --> 00:08:34.540]  問題是
[00:08:34.540 --> 00:08:35.620]  第一
[00:08:35.620 --> 00:08:37.500]  在祈禱會裡面
[00:08:37.500 --> 00:08:41.820]  我們仍然是在神面前討告
[00:08:41.820 --> 00:08:42.660]  第二
[00:08:42.660 --> 00:08:44.580]  在司祷裡面
[00:08:44.580 --> 00:08:45.900]  你有沒有
[00:08:45.900 --> 00:08:47.740]  又或者有多少
[00:08:47.740 --> 00:08:49.740]  真是為教會
[00:08:49.740 --> 00:08:54.020]  為弟兄姊妹而討告呢
[00:08:54.020 --> 00:08:56.860]  所以不要再找藉口了
[00:08:56.860 --> 00:09:00.540]  聖經裡面說得很明白
[00:09:00.540 --> 00:09:03.860]  那些心裡面隱藏罪惡
[00:09:03.860 --> 00:09:05.820]  外表假冒為善
[00:09:05.820 --> 00:09:08.380]  自以為意的人
[00:09:08.380 --> 00:09:12.620]  怎樣討告神都不誰聽
[00:09:12.620 --> 00:09:15.180]  就好像對著空氣說話
[00:09:15.180 --> 00:09:17.660]  自言自語的討告
[00:09:17.660 --> 00:09:19.580]  心不對準神
[00:09:19.580 --> 00:09:24.540]  即使是讀了長篇大論的討聞的人
[00:09:24.540 --> 00:09:26.220]  也都沒用
[00:09:26.220 --> 00:09:30.860]  神不會被你美麗的言辭而感動
[00:09:30.860 --> 00:09:33.340]  祂體重的是你內心
[00:09:33.340 --> 00:09:37.860]  祂體重的是憂傷痛悔的心
[00:09:37.860 --> 00:09:45.260]  祂接受的是用心靈誠實的敬拜
[00:09:45.260 --> 00:09:47.340]  馬大夫音六章七節
[00:09:47.340 --> 00:09:49.500]  耶穌告訴我們
[00:09:49.500 --> 00:09:55.380]  討告不要用很多重複的說話
[00:09:55.380 --> 00:09:57.940]  現代中文譯本的聖經
[00:09:57.940 --> 00:10:00.300]  是翻譯得更加的明白
[00:10:00.300 --> 00:10:01.380]  那裡說
[00:10:01.380 --> 00:10:05.940]  不可重複沒有意義的話
[00:10:05.940 --> 00:10:07.820]  這個是因為當時
[00:10:07.820 --> 00:10:10.620]  有很多外邦的異教徒
[00:10:10.620 --> 00:10:12.340]  時時使用咒語
[00:10:12.340 --> 00:10:17.100]  或者口裡面念念有詞的討告
[00:10:17.100 --> 00:10:21.500]  因此對於這些不斷重複的討告文
[00:10:21.500 --> 00:10:25.340]  耶穌認為不單止沒有意義
[00:10:25.340 --> 00:10:28.380]  更加不適合門徒去學習
[00:10:28.380 --> 00:10:32.500]  所以在這裡耶穌不是責難人討告
[00:10:32.500 --> 00:10:34.140]  而是反對那些
[00:10:34.140 --> 00:10:40.620]  冗長、囉嗦、有口無心的討告
[00:10:40.620 --> 00:10:41.740]  而這樣的問題
[00:10:41.740 --> 00:10:45.380]  其實不單止在耶穌的時代會發生
[00:10:45.380 --> 00:10:47.700]  即使是今天 即使是現在
[00:10:47.700 --> 00:10:49.660]  我們也時時不知不覺地
[00:10:49.660 --> 00:10:53.420]  犯上了相同的毛病
[00:10:53.420 --> 00:10:55.020]  更加要小心的是
[00:10:55.020 --> 00:10:56.900]  有時我們會覺得
[00:10:56.900 --> 00:11:01.580]  我們的討告如果是越大聲越長
[00:11:01.580 --> 00:11:07.060]  我們用詞、造句越美麗
[00:11:07.060 --> 00:11:11.780]  就有一種信仰的高人一等
[00:11:11.780 --> 00:11:17.020]  很虔誠、很熱心的感覺
[00:11:17.020 --> 00:11:21.020]  好像表現得寧命、很高深
[00:11:21.020 --> 00:11:23.740]  但這卻是正正結合了
[00:11:23.740 --> 00:11:27.780]  耶穌所說的那種錯誤當中
[00:11:27.780 --> 00:11:30.140]  我們要記住
[00:11:30.140 --> 00:11:33.580]  討告沒有好、不好
[00:11:33.580 --> 00:11:39.060]  討告只有真誠還是不真誠
[00:11:39.060 --> 00:11:40.660]  在耶穌的時代
[00:11:40.660 --> 00:11:43.580]  並不是只有外邦的異教徒
[00:11:43.580 --> 00:11:48.220]  會做這種冗長而沒有意義的討告
[00:11:48.220 --> 00:11:51.860]  其實就連當時自認為虔誠的猶太人
[00:11:51.860 --> 00:11:54.580]  也都經常是這樣
[00:11:54.580 --> 00:11:58.940]  因為猶太人有很多很美麗的討告詞
[00:11:58.940 --> 00:12:01.340]  他們每天都會在固定的時間
[00:12:01.340 --> 00:12:03.780]  或者固定的情況裏面
[00:12:03.780 --> 00:12:09.100]  使用各種不同的討告詞來討告
[00:12:09.100 --> 00:12:14.220]  剛剛開始或者他們是很虔誠地向神討告
[00:12:14.220 --> 00:12:15.780]  但是日子一久了
[00:12:15.780 --> 00:12:21.140]  就變成了形式化的一個動作
[00:12:21.140 --> 00:12:24.700]  但是回頭看看我們自己
[00:12:24.700 --> 00:12:25.900]  在吃飯之前
[00:12:25.900 --> 00:12:29.660]  又或者臨睡之前我們的討告
[00:12:29.660 --> 00:12:31.860]  又或者我不知道你上一次
[00:12:31.860 --> 00:12:36.300]  用主土文討告是什麼時候
[00:12:36.300 --> 00:12:37.540]  我們想一下
[00:12:37.540 --> 00:12:40.100]  我們有沒有漸漸地
[00:12:40.100 --> 00:12:44.220]  已經忘記了討告的意義和目的
[00:12:44.220 --> 00:12:48.940]  以致變成了一種形式化
[00:12:48.940 --> 00:12:50.380]  所以討告的重點
[00:12:50.380 --> 00:12:52.500]  完全是在於我們的態度
[00:12:52.500 --> 00:12:54.180]  我們的心
[00:12:54.180 --> 00:12:58.140]  討告並不是說得越長越久
[00:12:58.140 --> 00:13:00.820]  上帝才會聽
[00:13:00.820 --> 00:13:03.820]  反而是我們要以謙卑的心
[00:13:03.820 --> 00:13:06.700]  帶著盼望的信心
[00:13:06.700 --> 00:13:09.620]  持續不鬆懈的行信
[00:13:09.620 --> 00:13:13.820]  來到神的面前向神討告
[00:13:13.820 --> 00:13:16.380]  因此我們要明白的是
[00:13:16.380 --> 00:13:20.020]  討告不應該只是要求
[00:13:20.020 --> 00:13:23.820]  更加是讚美和信心的行為
[00:13:23.820 --> 00:13:28.100]  將我們全部的自我交託給神
[00:13:28.100 --> 00:13:31.300]  讓祂的旨意能夠在我們身上
[00:13:31.300 --> 00:13:34.900]  藉著我們而成就
[00:13:34.900 --> 00:13:38.580]  這樣我們將討告的焦點
[00:13:38.580 --> 00:13:40.500]  放在神身上
[00:13:40.500 --> 00:13:44.260]  求神讓我們全部的生命和願望
[00:13:44.260 --> 00:13:49.140]  能夠跟祂的旨意成為一致
[00:13:49.140 --> 00:13:50.500]  而這就是
[00:13:50.500 --> 00:13:55.420]  耶穌在馬太福音六章八節那裡說
[00:13:55.420 --> 00:13:57.460]  你們沒有祈求以先
[00:13:57.460 --> 00:13:58.940]  你們所需用的
[00:13:58.940 --> 00:14:04.300]  你們的富早已知道了
[00:14:04.300 --> 00:14:08.140]  也都解答了我們最初的那個問題
[00:14:08.140 --> 00:14:11.540]  神既然什麼都早已知道
[00:14:11.540 --> 00:14:14.860]  那又為什麼要我們祈禱
[00:14:14.860 --> 00:14:17.580]  我們現在明白了
[00:14:17.580 --> 00:14:21.860]  神給了我們做祂兒女的權利
[00:14:21.860 --> 00:14:25.820]  跟著祂又賜給我們禱告的權利
[00:14:25.820 --> 00:14:27.820]  我們若果奉主耶穌的名
[00:14:27.820 --> 00:14:29.500]  無論求什麼
[00:14:29.500 --> 00:14:32.060]  祂必定成就
[00:14:32.060 --> 00:14:35.380]  這裡主更深一層的啟示給我們知道
[00:14:35.380 --> 00:14:37.260]  我們既然是神的兒女
[00:14:37.260 --> 00:14:42.780]  我們所需用的神都一早已經預備好了
[00:14:42.780 --> 00:14:45.500]  我們不需要再去求再去討
[00:14:45.500 --> 00:14:46.820]  而現在
[00:14:46.820 --> 00:14:49.780]  主耶穌要我們討告天上的福
[00:14:49.780 --> 00:14:52.620]  實在是要我們去親近祂
[00:14:52.620 --> 00:14:54.980]  時時刻刻的去親近祂
[00:14:54.980 --> 00:14:58.020]  就好像一個斷過奶的嬰孩
[00:14:58.020 --> 00:15:02.260]  躺臥在母親的懷當中
[00:15:02.260 --> 00:15:06.180]  一無所求 一無所缺
[00:15:06.180 --> 00:15:11.780]  只是安息在主的愛裡面
[00:15:11.780 --> 00:15:13.540]  好了 現在就讓我們
[00:15:13.540 --> 00:15:15.980]  大家一起專注到今天的講題
[00:15:15.980 --> 00:15:17.660]  主通文的第一句
[00:15:17.660 --> 00:15:19.900]  最重要的一個稱呼
[00:15:19.900 --> 00:15:21.740]  一個開端
[00:15:21.740 --> 00:15:26.940]  我們在天上的父
[00:15:26.940 --> 00:15:28.340]  父親
[00:15:28.340 --> 00:15:33.860]  一個多麼親切的一個稱呼
[00:15:33.860 --> 00:15:38.460]  有一個爸爸寫信給他四歲大的女兒
[00:15:38.460 --> 00:15:42.300]  那封信是這樣寫的
[00:15:42.300 --> 00:15:47.060]  給可愛的女兒
[00:15:47.060 --> 00:15:50.940]  爸爸和你玩了很多次捉迷藏
[00:15:50.940 --> 00:15:55.100]  每次都是一會兒就馬上被你找到出來
[00:15:55.100 --> 00:15:57.060]  不過這一次
[00:15:57.060 --> 00:16:01.700]  爸爸決定要躲很久很久
[00:16:01.700 --> 00:16:03.700]  你先不要去找
[00:16:03.700 --> 00:16:05.380]  等你十四歲
[00:16:05.380 --> 00:16:10.340]  就是說再多吃十次生日蛋糕的時候
[00:16:10.340 --> 00:16:12.260]  你再問媽咪
[00:16:12.260 --> 00:16:15.580]  爸爸躲在哪裡 好不好
[00:16:15.580 --> 00:16:17.260]  爸爸要躲這麼久
[00:16:17.260 --> 00:16:20.020]  你一定會很想念爸爸 是嗎
[00:16:20.020 --> 00:16:23.260]  不過爸爸不能夠隨便走出來
[00:16:23.260 --> 00:16:26.980]  如果不是 就輸了
[00:16:26.980 --> 00:16:29.420]  如果還是很想念爸爸
[00:16:29.420 --> 00:16:31.580]  爸爸就變戲法出現
[00:16:31.580 --> 00:16:33.340]  因為是戲法
[00:16:33.340 --> 00:16:34.740]  不是真的出現
[00:16:34.740 --> 00:16:36.700]  所以不算犯規
[00:16:36.700 --> 00:16:38.700]  爸爸不算輸
[00:16:38.700 --> 00:16:40.220]  爸爸的戲法是
[00:16:40.220 --> 00:16:42.260]  我趁你睡覺的時候
[00:16:42.260 --> 00:16:44.420]  我走進你的夢裡面
[00:16:44.420 --> 00:16:47.220]  和你玩遊戲
[00:16:47.220 --> 00:16:50.660]  在你畫圖畫畫爸爸的時候
[00:16:50.660 --> 00:16:52.380]  不要管好不好看
[00:16:52.380 --> 00:16:56.220]  你覺得是爸爸就是爸爸
[00:16:56.220 --> 00:16:59.700]  當你拿起爸爸的照片來看的時候
[00:16:59.700 --> 00:17:04.180]  爸爸也偷偷地看著你
[00:17:04.180 --> 00:17:05.660]  要記住
[00:17:05.660 --> 00:17:08.540]  爸爸一直都陪著你
[00:17:08.540 --> 00:17:12.460]  你已經是四歲大的大姐姐了
[00:17:12.460 --> 00:17:15.660]  爸爸要拜託你一件事
[00:17:15.660 --> 00:17:17.380]  要你照顧好
[00:17:17.380 --> 00:17:22.580]  還有孝順爺爺 媽媽和媽咪
[00:17:22.580 --> 00:17:27.060]  看看你是不是比爸爸以前做得更好
[00:17:27.060 --> 00:17:31.700]  有多好 媽咪會告訴你
[00:17:31.700 --> 00:17:33.580]  爸爸在猜
[00:17:33.580 --> 00:17:36.220]  我們這一次玩足異因
[00:17:36.220 --> 00:17:37.820]  要玩這麼久
[00:17:37.820 --> 00:17:41.260]  媽媽 爺爺 媽咪
[00:17:41.260 --> 00:17:43.500]  有時候見不到爸爸
[00:17:43.500 --> 00:17:46.420]  他們一定會偷偷地哭
[00:17:46.420 --> 00:17:51.140]  偷哭就是犯規 就是輸
[00:17:51.140 --> 00:17:54.900]  他們偷哭 你就要哄他們笑
[00:17:54.900 --> 00:17:57.740]  如果不是遊戲輸了之後
[00:17:57.740 --> 00:18:01.700]  他們一定會哭得更加厲害
[00:18:01.700 --> 00:18:03.380]  好不好啊
[00:18:03.380 --> 00:18:05.660]  我的寶貝
[00:18:05.660 --> 00:18:07.580]  我們來一個比賽
[00:18:07.580 --> 00:18:12.180]  看看你厲害 還是爸爸厲害
[00:18:12.180 --> 00:18:14.860]  準備好了
[00:18:14.860 --> 00:18:20.540]  比賽現在開始了
[00:18:20.540 --> 00:18:22.100]  十年之後
[00:18:22.100 --> 00:18:27.820]  女兒又寫封信給爸爸作為回應
[00:18:27.820 --> 00:18:31.220]  最愛的爸爸
[00:18:31.220 --> 00:18:33.060]  爸爸我找到你了
[00:18:33.060 --> 00:18:34.900]  爸爸你知道嗎
[00:18:34.900 --> 00:18:37.660]  這麼多年來 我很厲害
[00:18:37.660 --> 00:18:41.620]  媽咪說我做得比爸爸你更好
[00:18:41.620 --> 00:18:44.220]  爺爺 媽媽和媽咪犯規的時候
[00:18:44.220 --> 00:18:46.860]  我很努力地去哄他們笑
[00:18:46.860 --> 00:18:51.100]  而且爺爺 媽媽需要幫助的時候
[00:18:51.100 --> 00:18:55.100]  我都很乖地聽你的話
[00:18:55.100 --> 00:19:00.180]  爸爸我是不是贏了
[00:19:00.180 --> 00:19:03.140]  不要擔心 我很勇敢
[00:19:03.140 --> 00:19:06.860]  因為我知道爸爸永遠都在我身邊看著我
[00:19:06.860 --> 00:19:09.380]  陪著我哭 陪著我笑
[00:19:09.380 --> 00:19:12.620]  看著我鬧彆扭
[00:19:12.620 --> 00:19:14.860]  你真的很厲害
[00:19:14.860 --> 00:19:20.860]  你的氣法讓我變得更加的堅強
[00:19:20.860 --> 00:19:24.820]  讓我變得更加的強壯
[00:19:24.820 --> 00:19:26.100]  我很幸福
[00:19:26.100 --> 00:19:28.540]  因為有爺爺 媽媽
[00:19:28.540 --> 00:19:32.300]  媽咪和你時時陪著我
[00:19:32.300 --> 00:19:34.060]  我不孤單
[00:19:34.060 --> 00:19:36.380]  爸爸也不會孤單
[00:19:36.380 --> 00:19:40.820]  因為有我陪著你
[00:19:40.820 --> 00:19:44.820]  所以爸爸你不用替我擔心
[00:19:44.820 --> 00:19:48.580]  我已經是一個十四歲的大姐姐
[00:19:48.580 --> 00:19:51.660]  我已經懂事了
[00:19:51.660 --> 00:19:54.620]  爸爸你可以變成天上的星星
[00:19:54.620 --> 00:19:57.740]  安心地看著我
[00:19:57.740 --> 00:20:00.380]  爸爸 我畫了一幅畫
[00:20:00.380 --> 00:20:05.020]  是我們全家福
[00:20:05.020 --> 00:20:06.940]  你想起我們的時候
[00:20:06.940 --> 00:20:09.900]  就看看這幅畫
[00:20:09.900 --> 00:20:11.620]  你想起我的時候
[00:20:11.620 --> 00:20:14.180]  我就變氣法
[00:20:14.180 --> 00:20:20.020]  讓你在我們的夢裏我們一起玩
[00:20:20.020 --> 00:20:24.460]  爸爸我真的很愛你
[00:20:24.460 --> 00:20:28.180]  可惜比賽結束了
[00:20:28.180 --> 00:20:31.220]  爸爸我贏了
[00:20:31.220 --> 00:20:38.140]  我是不是現在可以哭了
[00:20:38.140 --> 00:20:41.020]  不需要多說
[00:20:41.020 --> 00:20:44.260]  無論是爸爸 女兒
[00:20:44.260 --> 00:20:49.420]  我們看到的是濃濃的父女情
[00:20:49.420 --> 00:20:51.780]  我記得很多很多年前
[00:20:51.780 --> 00:20:54.180]  我在中環的一條街上
[00:20:54.180 --> 00:20:56.540]  當時還沒有手提電話
[00:20:56.540 --> 00:20:58.540]  我借了一間店舖的公共電話
[00:20:58.540 --> 00:21:00.060]  打電話回家
[00:21:00.060 --> 00:21:02.940]  我爸爸接電話
[00:21:02.940 --> 00:21:05.180]  我說 爸爸
[00:21:05.180 --> 00:21:06.940]  他在聽到的另外一邊
[00:21:06.940 --> 00:21:08.940]  可能因為打電話的那個地方
[00:21:08.940 --> 00:21:11.260]  很吵的關係
[00:21:11.260 --> 00:21:15.020]  他回答說 是啊 哪一位
[00:21:15.020 --> 00:21:16.420]  我馬上笑話
[00:21:16.420 --> 00:21:18.260]  我叫你做爸爸
[00:21:18.260 --> 00:21:20.300]  我還會是誰
[00:21:20.300 --> 00:21:23.540]  一個很簡短的對話
[00:21:23.540 --> 00:21:25.100]  甚至你會覺得
[00:21:25.100 --> 00:21:26.660]  很無意思 很無聊
[00:21:26.660 --> 00:21:29.420]  甚至很無厘頭的對話
[00:21:29.420 --> 00:21:33.700]  其實當中所包含的是無盡的親情
[00:21:33.700 --> 00:21:37.100]  那份濃濃的父子情
[00:21:37.100 --> 00:21:43.060]  那份作為我父親的兒子的那份親密
[00:21:43.060 --> 00:21:46.900]  那份甘甜
[00:21:46.900 --> 00:21:49.380]  我們在天上的父
[00:21:49.380 --> 00:21:53.460]  是帶著那份作為我父親的兒子
[00:21:53.460 --> 00:21:58.940]  或者女兒的那份親密和甘甜
[00:21:58.940 --> 00:22:00.300]  你試一下
[00:22:00.300 --> 00:22:01.180]  大家試一下
[00:22:01.180 --> 00:22:04.140]  什麼都不要說 只是重複這一句
[00:22:04.140 --> 00:22:07.740]  你有什麼感覺
[00:22:07.740 --> 00:22:11.420]  爸爸
[00:22:11.420 --> 00:22:14.780]  爸爸
[00:22:14.780 --> 00:22:17.540]  爸爸
[00:22:17.540 --> 00:22:21.500]  是不是很溫馨 很甜蜜
[00:22:21.500 --> 00:22:23.860]  如果爸爸仍然健在的各位
[00:22:23.860 --> 00:22:25.540]  你試一下對著爸爸
[00:22:25.540 --> 00:22:26.820]  什麼都不要說
[00:22:26.820 --> 00:22:29.500]  只是說 爸爸
[00:22:29.500 --> 00:22:33.140]  看看他的反應是怎樣
[00:22:33.140 --> 00:22:38.900]  是不是大家都在共嘗著彼此的那份甘甜
[00:22:38.900 --> 00:22:41.300]  所以很多時候
[00:22:41.300 --> 00:22:47.660]  我都只是天父啊
[00:22:47.660 --> 00:22:49.940]  天父啊
[00:22:49.940 --> 00:22:51.980]  我什麼都沒有說
[00:22:51.980 --> 00:22:54.980]  就好像一份盡在不言中
[00:22:54.980 --> 00:22:56.660]  在什麼的環境下
[00:22:56.660 --> 00:23:00.460]  或者是輕輕的天父啊
[00:23:00.460 --> 00:23:06.100]  就已經有一種很踏實 很溫馨的感覺
[00:23:06.100 --> 00:23:09.500]  這個就是主通民的開始
[00:23:09.500 --> 00:23:11.500]  主通民的稱呼
[00:23:11.500 --> 00:23:14.660]  也是主通民的核心
[00:23:14.660 --> 00:23:18.020]  因為如果我們不是站在神的兒女的地位
[00:23:18.020 --> 00:23:21.620]  我們的禱告就是等於圖言
[00:23:21.620 --> 00:23:26.580]  罪人是不能夠自己親近神
[00:23:26.580 --> 00:23:29.100]  跟神無關無份的人
[00:23:29.100 --> 00:23:31.540]  不能夠用到這篇圖文
[00:23:31.540 --> 00:23:35.340]  他們必須要先走到十字架前面
[00:23:35.340 --> 00:23:37.940]  悔改認罪
[00:23:37.940 --> 00:23:42.140]  耶穌基督用祂的寶血去洗淨了他們的罪
[00:23:42.140 --> 00:23:44.140]  就是從黑暗的權勢
[00:23:44.140 --> 00:23:50.900]  在愛子的裡面可以得救贖
[00:23:50.900 --> 00:23:55.660]  然後他們可以用主的名去祈求
[00:23:55.660 --> 00:24:02.340]  可以靠著主去到神的面前
[00:24:02.340 --> 00:24:06.460]  我們在天上的父
[00:24:06.460 --> 00:24:08.380]  不是我的天父
[00:24:08.380 --> 00:24:10.900]  而是我們的天父
[00:24:10.900 --> 00:24:15.060]  是大家所共有的
[00:24:15.060 --> 00:24:17.980]  約翰福音一章十二節說
[00:24:17.980 --> 00:24:21.580]  凡接待主耶穌的就是信主名的人
[00:24:21.580 --> 00:24:27.620]  主都指給他們權並作神的兒女
[00:24:27.620 --> 00:24:33.180]  我們在天上的父
[00:24:33.180 --> 00:24:37.620]  但是這個世界是一個自私的世界
[00:24:37.620 --> 00:24:40.420]  由個人、家庭到社會
[00:24:40.420 --> 00:24:43.540]  甚至國際之間的所有的問題
[00:24:43.540 --> 00:24:45.260]  或者很多的問題
[00:24:45.260 --> 00:24:49.580]  都是基於自私心所產生的
[00:24:49.580 --> 00:24:52.460]  由嬰兒開始
[00:24:52.460 --> 00:24:54.860]  什麼都是我的
[00:24:54.860 --> 00:25:01.500]  如果我們將「我的」這個字取而代之
[00:25:01.500 --> 00:25:04.940]  以「我們」的「我們的」
[00:25:04.940 --> 00:25:07.420]  我相信大部分的紛爭
[00:25:07.420 --> 00:25:13.500]  大部分的爭鬥都會消失
[00:25:13.500 --> 00:25:17.980]  這裡所說的「我們」是普天下的人
[00:25:17.980 --> 00:25:20.220]  因為天父只有一位
[00:25:20.220 --> 00:25:23.500]  他是創造每一個生命的神
[00:25:23.500 --> 00:25:27.580]  除了那些不肯接受主名的人以外
[00:25:27.580 --> 00:25:30.300]  大家都是弟兄姊妹
[00:25:30.300 --> 00:25:34.540]  所以我們千萬不要在祝靈的事上面
[00:25:34.540 --> 00:25:37.420]  我們自己去建造圍牆
[00:25:37.420 --> 00:25:39.020]  自明得意
[00:25:39.020 --> 00:25:41.900]  劃清你我的界線
[00:25:41.900 --> 00:25:47.340]  以至失去了中二女之間那份無私的爭執
[00:25:47.340 --> 00:25:51.900]  沒有隔了的教統
[00:25:51.900 --> 00:25:57.020]  「我們」是基於同一的天父
[00:25:57.020 --> 00:26:00.620]  想到天上面的這位共同的父親
[00:26:00.620 --> 00:26:03.020]  我們對身邊的人
[00:26:03.020 --> 00:26:07.260]  還有什麼不能夠容忍的呢?
[00:26:07.260 --> 00:26:11.100]  《馬拉基書》二章十節
[00:26:11.100 --> 00:26:13.900]  我們豈不是一位父嗎?
[00:26:13.900 --> 00:26:16.940]  豈不是一位神所造的嗎?
[00:26:16.940 --> 00:26:20.460]  我們各人怎麼以鬼詐代弟兄
[00:26:20.460 --> 00:26:24.380]  背棄了神與我們列祖所立的約呢?
[00:26:24.380 --> 00:26:28.380]  所以說「我們」的時候
[00:26:28.380 --> 00:26:33.340]  這個再不是一個無關重要的代名詞
[00:26:33.340 --> 00:26:36.700]  這個代名詞是很重要的一個提醒
[00:26:36.700 --> 00:26:39.660]  一個警醒
[00:26:39.660 --> 00:26:45.740]  約翰一書四章二十到二十一節
[00:26:45.740 --> 00:26:47.180]  人若說我愛神
[00:26:47.180 --> 00:26:48.940]  卻恨他的弟兄
[00:26:48.940 --> 00:26:50.620]  就是說方華的
[00:26:50.620 --> 00:26:52.620]  不愛他所罕見的弟兄
[00:26:52.620 --> 00:26:56.700]  就不能愛沒有罕見的神
[00:26:56.700 --> 00:26:59.660]  愛神的也當愛弟兄
[00:26:59.660 --> 00:27:04.140]  這是我們從神所授的命令
[00:27:04.140 --> 00:27:05.820]  我於是明白
[00:27:05.820 --> 00:27:14.300]  世界不再單只是圍繞著我來轉的
[00:27:14.300 --> 00:27:17.500]  我們在天上的乎
[00:27:17.500 --> 00:27:18.780]  天上
[00:27:18.780 --> 00:27:20.940]  這是我們時時都忽略了的
[00:27:20.940 --> 00:27:25.660]  不記得抬頭向上望的一個地方
[00:27:25.660 --> 00:27:29.180]  我們所注意的只是在地上
[00:27:29.180 --> 00:27:31.340]  即使是在禱告的時候
[00:27:31.340 --> 00:27:35.660]  我們也都時時只顧念自己的需要
[00:27:35.660 --> 00:27:37.340]  現實的生活
[00:27:37.340 --> 00:27:38.940]  物質的環境
[00:27:38.940 --> 00:27:40.460]  目前的利益
[00:27:40.460 --> 00:27:42.140]  今生的盼望
[00:27:42.140 --> 00:27:46.220]  只顧及我們愛或者我們覺得可愛的人
[00:27:46.220 --> 00:27:49.820]  卻沒有注意到天上的事
[00:27:49.820 --> 00:27:51.260]  我們不要忘記
[00:27:51.260 --> 00:27:55.020]  我們的天賦是遠在天邊
[00:27:55.020 --> 00:27:57.900]  也是近在眼前
[00:27:57.900 --> 00:27:59.820]  因此主耶穌在這裡
[00:27:59.820 --> 00:28:02.380]  將我們的心思意念
[00:28:02.380 --> 00:28:04.140]  先提到天上
[00:28:04.140 --> 00:28:06.860]  擴展我們的眼界
[00:28:06.860 --> 00:28:09.180]  擴闊我們的胸襟
[00:28:09.180 --> 00:28:13.020]  使我們知道應該怎樣禱告
[00:28:13.020 --> 00:28:15.020]  放眼天國
[00:28:15.020 --> 00:28:20.060]  顧念我乎的事
[00:28:20.060 --> 00:28:22.220]  乎
[00:28:22.220 --> 00:28:24.060]  天上的乎
[00:28:24.060 --> 00:28:27.500]  是何等親切的稱乎
[00:28:27.500 --> 00:28:29.420]  在主耶穌之前
[00:28:29.420 --> 00:28:35.180]  從來沒有人敢直接稱乎神為乎
[00:28:35.180 --> 00:28:40.060]  只敢將神的慈愛比喻成為父親的愛
[00:28:40.060 --> 00:28:43.500]  他們都只是稱神為耶和華
[00:28:43.500 --> 00:28:44.700]  上主
[00:28:44.700 --> 00:28:47.740]  天上的主等等
[00:28:47.740 --> 00:28:49.260]  所以
[00:28:49.260 --> 00:28:52.300]  《路加福音》二章四十九節
[00:28:52.300 --> 00:28:55.020]  當主耶穌只是十二歲的時候
[00:28:55.020 --> 00:28:57.500]  他在聖殿裡面對他的父母說
[00:28:57.500 --> 00:28:58.780]  為什麼找我呢
[00:28:58.780 --> 00:29:03.900]  豈不知我應當以我父的事為念
[00:29:03.900 --> 00:29:06.780]  他們都不明白耶穌所說的是什麼
[00:29:06.780 --> 00:29:11.020]  甚至有一次在約翰福音十章三十節
[00:29:11.020 --> 00:29:13.900]  因為主耶穌說
[00:29:13.900 --> 00:29:16.380]  我與父原為一
[00:29:16.380 --> 00:29:17.420]  說完之後
[00:29:17.420 --> 00:29:21.500]  猶太人竟然拿起石頭來打他
[00:29:21.500 --> 00:29:23.420]  他們現在知道了
[00:29:23.420 --> 00:29:26.300]  耶穌所指的父就是
[00:29:26.300 --> 00:29:29.420]  他們只敢稱為耶和華的神
[00:29:29.420 --> 00:29:33.740]  因此他們就要用石頭去打主耶穌
[00:29:33.740 --> 00:29:39.500]  以為主耶穌說的是淺忘的說話
[00:29:39.500 --> 00:29:42.060]  這些猶太人真是可憐
[00:29:42.060 --> 00:29:44.220]  他們依靠律法
[00:29:44.220 --> 00:29:45.740]  默守成規
[00:29:45.740 --> 00:29:47.820]  他們不肯相信主耶穌
[00:29:47.820 --> 00:29:50.700]  是為我們開了一條
[00:29:50.700 --> 00:29:54.220]  又新又活的道路
[00:29:54.220 --> 00:29:57.100]  使我們因為主耶穌的血
[00:29:57.100 --> 00:30:03.660]  得以坦然進入至聖所
[00:30:03.660 --> 00:30:07.980]  現在主耶穌教導我們禱告的時候
[00:30:07.980 --> 00:30:12.140]  也都將稱呼神為父的權利
[00:30:12.140 --> 00:30:13.900]  賜給我們
[00:30:13.900 --> 00:30:18.220]  或者我們已經叫慣了天父
[00:30:18.220 --> 00:30:19.660]  親愛的天父
[00:30:19.660 --> 00:30:21.580]  我們根本就沒有思想過
[00:30:21.580 --> 00:30:24.380]  這個實在是一個莫大的恩典
[00:30:24.380 --> 00:30:29.260]  是表彰了真神無比的慈愛
[00:30:29.260 --> 00:30:34.380]  保羅在羅馬書八章十四到十七節
[00:30:34.380 --> 00:30:36.940]  那裡說得很清楚
[00:30:36.940 --> 00:30:39.500]  因為凡被神的靈引導的
[00:30:39.500 --> 00:30:40.780]  都是神的兒子
[00:30:40.780 --> 00:30:43.340]  這門所受的不是勞僕的心
[00:30:43.340 --> 00:30:44.620]  仍舊害怕
[00:30:44.620 --> 00:30:48.460]  所受的乃是兒子的心
[00:30:48.460 --> 00:30:52.300]  因此我們呼叫阿爸父
[00:30:52.300 --> 00:30:54.860]  聖靈與我們的心同症
[00:30:54.860 --> 00:30:57.420]  我們是神的兒女
[00:30:57.420 --> 00:30:59.980]  既是兒女便是後子
[00:30:59.980 --> 00:31:06.380]  就是神的後子和基督同作後子
[00:31:06.380 --> 00:31:12.780]  看看我們的身份是何其的尊貴
[00:31:12.780 --> 00:31:14.060]  有一位弟兄
[00:31:14.060 --> 00:31:17.900]  他的太太剛剛過世
[00:31:17.900 --> 00:31:20.460]  他們有一個六歲大的兒子
[00:31:20.460 --> 00:31:25.580]  於是這位弟兄就要父兼母職
[00:31:25.580 --> 00:31:26.860]  在喪禮完畢之後
[00:31:26.860 --> 00:31:29.420]  他們兩父子回到家
[00:31:29.420 --> 00:31:34.540]  感到憤愛的孤單冷清和寂寞
[00:31:34.540 --> 00:31:37.100]  當晚這位弟兄為他的兒子
[00:31:37.100 --> 00:31:39.660]  去預備床鋪的時候
[00:31:39.660 --> 00:31:43.500]  他的兒子
[00:31:43.500 --> 00:31:46.060]  他的兒子問爸爸
[00:31:46.060 --> 00:31:47.340]  可不可以和我一起睡
[00:31:47.340 --> 00:31:51.180]  當然可以 爸爸說
[00:31:51.180 --> 00:31:53.740]  但是沉重的心情
[00:31:53.740 --> 00:31:57.580]  令到兩父子都輾轉反側
[00:31:57.580 --> 00:31:59.100]  夜深了
[00:31:59.100 --> 00:32:01.180]  這位六歲大的兒子
[00:32:01.180 --> 00:32:03.340]  雖然背向爸爸
[00:32:03.340 --> 00:32:07.820]  他問爸爸你是不是看著我
[00:32:07.820 --> 00:32:09.580]  如果是的話
[00:32:09.580 --> 00:32:12.940]  我想我可以睡得著
[00:32:12.940 --> 00:32:14.460]  這個爸爸說
[00:32:14.460 --> 00:32:15.740]  是啊 兒子
[00:32:15.740 --> 00:32:18.700]  我是看著你 你睡吧
[00:32:18.700 --> 00:32:19.980]  說完這句話
[00:32:19.980 --> 00:32:26.140]  這個兒子終於慢慢的睡著了
[00:32:26.140 --> 00:32:28.300]  這位父親
[00:32:28.300 --> 00:32:31.500]  看著他兒子的背部
[00:32:31.500 --> 00:32:35.740]  聽著他輕輕的溫和的呼吸
[00:32:35.740 --> 00:32:38.860]  心裡十分安慰
[00:32:38.860 --> 00:32:40.940]  他轉身來
[00:32:40.940 --> 00:32:44.060]  看著窗外的天空
[00:32:44.060 --> 00:32:45.340]  他問
[00:32:45.340 --> 00:32:46.860]  親愛的天父
[00:32:46.860 --> 00:32:49.660]  你是不是看著我
[00:32:49.660 --> 00:32:51.260]  如果是的話
[00:32:51.260 --> 00:32:56.700]  我想我可以睡得著
[00:32:56.700 --> 00:32:59.900]  我們在天上的父
[00:32:59.900 --> 00:33:02.460]  是多麼親切
[00:33:02.460 --> 00:33:06.300]  多麼溫馨的一句話
[00:33:06.300 --> 00:33:09.100]  我們在天上的父
[00:33:09.100 --> 00:33:12.060]  其實有一個敬拜
[00:33:12.060 --> 00:33:16.540]  要正確地領會這句敬拜的說話
[00:33:16.540 --> 00:33:18.060]  我們必須要明白
[00:33:18.060 --> 00:33:20.380]  這個禱告一開始
[00:33:20.380 --> 00:33:23.580]  就將我們放在神的兒子耶穌
[00:33:23.580 --> 00:33:28.060]  基督所帶來的啟示的中心
[00:33:28.060 --> 00:33:29.820]  祂要使祂的父
[00:33:29.820 --> 00:33:32.940]  也成為我們的父
[00:33:32.940 --> 00:33:40.460]  這句禱文說明了三種的奧秘
[00:33:40.460 --> 00:33:43.660]  第一 是救贖的奧秘
[00:33:43.660 --> 00:33:48.780]  耶穌基督將我們在奏作之中拯救出來
[00:33:48.780 --> 00:33:50.940]  成為了神的兒女
[00:33:50.940 --> 00:33:55.260]  所以我們也可以叫父神做
[00:33:55.260 --> 00:33:58.220]  阿爸父
[00:33:58.220 --> 00:34:01.900]  第二 是重生的奧秘
[00:34:01.900 --> 00:34:03.500]  聖靈重生了我們
[00:34:03.500 --> 00:34:07.020]  使我們得到新的生命
[00:34:07.020 --> 00:34:09.900]  第三 是信心的奧秘
[00:34:09.900 --> 00:34:14.380]  當時耶穌還沒被釘在十字架上
[00:34:14.380 --> 00:34:17.340]  也還沒在死裡復活
[00:34:17.340 --> 00:34:19.500]  在救恩尚未完成
[00:34:19.500 --> 00:34:25.100]  門徒還沒明白救贖的真正意義之前
[00:34:25.100 --> 00:34:28.300]  這個禱文已經賜給他們
[00:34:28.300 --> 00:34:38.300]  預備他們迎接即將實現的寶貴經歷
[00:34:38.300 --> 00:34:41.740]  「我們在天上的乎」這句說話
[00:34:41.740 --> 00:34:45.580]  是整段禱告的核心
[00:34:45.580 --> 00:34:48.380]  也是所有禱告的核心
[00:34:48.380 --> 00:34:52.620]  需要我們花時間去體會、去經歷
[00:34:52.620 --> 00:34:56.300]  可能一生都學不完
[00:34:56.300 --> 00:34:58.140]  直到在永恆之中
[00:34:58.140 --> 00:35:03.340]  我們才能夠完全去明白所有的含義
[00:35:03.340 --> 00:35:10.620]  對父神慈愛的認識好像是最初步最簡單的事
[00:35:10.620 --> 00:35:17.820]  但也是在禱告學校之中最終極、最艱深的功課
[00:35:17.820 --> 00:35:23.900]  在禱告蒙英韻與及不蒙英韻的時候
[00:35:23.900 --> 00:35:26.060]  在神的時間
[00:35:26.060 --> 00:35:29.580]  並未與我的時間吻合的同時
[00:35:29.580 --> 00:35:31.660]  我們怎樣對待這位
[00:35:31.660 --> 00:35:36.060]  「我們在天上的乎」呢?
[00:35:36.060 --> 00:35:41.900]  唯有與這位永生神個人的直接聯繫
[00:35:41.900 --> 00:35:43.660]  來得親密的時候
[00:35:43.660 --> 00:35:45.740]  親自體會祂的愛
[00:35:45.740 --> 00:35:51.740]  才能夠真正開始去明白這個禱告
[00:35:51.740 --> 00:35:56.860]  才能夠真正的禱告
[00:35:56.860 --> 00:35:59.820]  天父的愛透過聖靈啟示
[00:35:59.820 --> 00:36:03.580]  在我們心裏面成為禱告的能力
[00:36:03.580 --> 00:36:06.940]  扎根成長的要素
[00:36:06.940 --> 00:36:11.660]  天父有無限的溫柔、憐憫和忍耐
[00:36:11.660 --> 00:36:15.100]  祂以慈愛去傾聽我們的禱告
[00:36:15.100 --> 00:36:16.140]  幫助我們
[00:36:16.140 --> 00:36:22.060]  令我們的禱告生活有極大的喜樂
[00:36:22.060 --> 00:36:24.460]  各位朋友、弟兄姊妹
[00:36:24.460 --> 00:36:28.540]  就讓我們花更多的時間去學習
[00:36:28.540 --> 00:36:30.620]  直到聖靈寫道這一句
[00:36:30.620 --> 00:36:33.420]  「我們在天上的乎」
[00:36:33.420 --> 00:36:38.460]  充滿我們的心靈和生命
[00:36:38.460 --> 00:36:43.340]  讓我們每日思念天上的乎的慈愛
[00:36:43.340 --> 00:36:48.540]  歌頌父神偉大的權能
[00:36:48.540 --> 00:36:51.580]  我們的心要青頌耶和華
[00:36:51.580 --> 00:36:57.420]  回味天父必看顧我們的那份信心
[00:36:57.420 --> 00:37:02.780]  就在這個時候讓我們大家一起的禱告
[00:37:02.780 --> 00:37:05.100]  「我們在天上的乎」
[00:37:05.100 --> 00:37:08.060]  「願人都尊你的名為聖」
[00:37:08.060 --> 00:37:10.140]  「願你的國降臨」
[00:37:10.140 --> 00:37:12.540]  「願你的旨意行在地上」
[00:37:12.540 --> 00:37:14.700]  「如同行在天上」
[00:37:14.700 --> 00:37:16.460]  「我們日用的飲食」
[00:37:16.460 --> 00:37:18.380]  「今日賜給我們」
[00:37:18.380 --> 00:37:19.740]  「免我們的債」
[00:37:19.740 --> 00:37:22.060]  「如同我們免了人的債」
[00:37:22.060 --> 00:37:24.220]  「不叫我們遇見私貪」
[00:37:24.220 --> 00:37:26.220]  「救我們脫離兇惡」
[00:37:26.220 --> 00:37:28.940]  「因為國道、權柄、榮耀」
[00:37:28.940 --> 00:37:30.300]  「全是你的」
[00:37:30.300 --> 00:37:31.820]  「直到永遠」
[00:37:31.820 --> 00:37:33.820]  「硬活」
