
[00:00:00.000 --> 00:00:02.900]  歡迎大家來到我們的周六存拜
[00:00:02.900 --> 00:00:07.460]  這個星期我們舉辦了一個兒童暑期聖經營
[00:00:07.460 --> 00:00:13.400]  營會的題目是「當我們遇上耶穌」
[00:00:13.400 --> 00:00:16.160]  頭兩天的主題其實很簡單
[00:00:16.160 --> 00:00:20.700]  「黑與白,善與惡,好與壞」
[00:00:20.700 --> 00:00:22.500]  你會是在哪一邊呢?
[00:00:22.500 --> 00:00:25.760]  黑色那邊還是白色那邊?
[00:00:25.760 --> 00:00:29.260]  營會的第一天我們說「黑暗」
[00:00:29.260 --> 00:00:32.440]  「當叛逆的浪子遇上耶穌」
[00:00:32.440 --> 00:00:35.540]  這個叛逆浪子是一個壞蛋
[00:00:35.540 --> 00:00:37.000]  是一個魔鬼蛋
[00:00:37.000 --> 00:00:39.040]  他遇上耶穌
[00:00:39.040 --> 00:00:41.500]  我們問「人若選擇放縱」
[00:00:41.500 --> 00:00:43.460]  下場會是什麼呢?
[00:00:43.460 --> 00:00:44.540]  小朋友都知道
[00:00:44.540 --> 00:00:47.660]  下場是地獄的審判
[00:00:47.660 --> 00:00:49.040]  這是第一天的訊息
[00:00:49.040 --> 00:00:51.400]  第二天我們「進入光明」
[00:00:51.400 --> 00:00:54.440]  「當好好哥哥遇上耶穌」
[00:00:54.440 --> 00:00:56.260]  好好哥哥是一隻好蛋
[00:00:56.260 --> 00:00:57.640]  是天使蛋
[00:00:57.640 --> 00:01:01.440]  我們問「人若選擇不行狠善」
[00:01:01.440 --> 00:01:03.800]  下場將會如何呢?
[00:01:03.800 --> 00:01:05.560]  可能很多人的答案是
[00:01:05.560 --> 00:01:09.260]  下場當然是天堂極樂
[00:01:09.260 --> 00:01:11.600]  於是我們的訊息就是
[00:01:11.600 --> 00:01:16.660]  怎樣可以從一邊移民去另外一邊
[00:01:16.660 --> 00:01:18.760]  我們說所有的宗教
[00:01:18.760 --> 00:01:20.000]  道德的宗教
[00:01:20.000 --> 00:01:21.440]  都是一樣
[00:01:21.440 --> 00:01:23.640]  鼓勵大家移民
[00:01:23.640 --> 00:01:25.560]  從叛逆移民去
[00:01:25.560 --> 00:01:29.860]  特行從小兒子移民去做大兒子
[00:01:29.860 --> 00:01:31.260]  於是很多人會說
[00:01:31.260 --> 00:01:33.060]  宗教都是道人向善
[00:01:33.060 --> 00:01:35.660]  殊途同歸
[00:01:35.660 --> 00:01:39.260]  但是如果你真的有閱讀過我們的聖經
[00:01:39.260 --> 00:01:41.400]  如果你真的有去一間
[00:01:41.400 --> 00:01:42.860]  傳講福音的教會
[00:01:42.860 --> 00:01:45.840]  你會知道這樣去理解基督的信仰
[00:01:45.840 --> 00:01:49.160]  是完全錯誤的
[00:01:49.160 --> 00:01:51.240]  耶穌和聖經都告訴我們
[00:01:51.240 --> 00:01:55.660]  其實兩個兒子都墮落在黑暗之中
[00:01:55.660 --> 00:02:00.900]  兩個兒子最終都要承受地獄的果
[00:02:00.900 --> 00:02:02.860]  因為世人都犯了罪
[00:02:02.860 --> 00:02:04.400]  規決了上帝的榮耀
[00:02:04.400 --> 00:02:06.040]  罪的公價乃是死
[00:02:06.040 --> 00:02:08.560]  死後且有審判
[00:02:08.560 --> 00:02:11.600]  沒有二人一個也沒有
[00:02:11.600 --> 00:02:12.500]  沒有人明白
[00:02:12.500 --> 00:02:16.500]  沒有人尋求上帝
[00:02:16.500 --> 00:02:18.460]  唯一的途生出路
[00:02:18.460 --> 00:02:20.160]  不是行善積德
[00:02:20.160 --> 00:02:24.060]  行善積德一樣讓你進入永死
[00:02:24.060 --> 00:02:25.360]  進入地獄
[00:02:25.360 --> 00:02:31.040]  唯一的出路是主耶穌基督的十字架
[00:02:31.040 --> 00:02:34.900]  唯有耶穌基督可以將上帝的憤怒消除
[00:02:34.900 --> 00:02:36.600]  唯有通過耶穌基督
[00:02:36.600 --> 00:02:41.540]  我們可以進入永生上帝的天國
[00:02:41.540 --> 00:02:46.200]  然而一個人要走向耶穌基督的十架咎因
[00:02:46.200 --> 00:02:48.000]  他必須要先知道
[00:02:48.000 --> 00:02:50.000]  在聖潔上帝面前
[00:02:50.000 --> 00:02:51.140]  他是一個罪人
[00:02:51.140 --> 00:02:54.260]  他是一個大大的罪人
[00:02:54.260 --> 00:02:59.000]  這正是很好的哥哥的特殊挑戰
[00:02:59.000 --> 00:03:00.640]  因為如果你是一個好人
[00:03:00.640 --> 00:03:02.040]  你是一個很好的哥哥
[00:03:02.040 --> 00:03:05.240]  你很容易走向自然
[00:03:05.240 --> 00:03:09.500]  於是你愚昧赤裸地離開
[00:03:09.500 --> 00:03:12.140]  唯一可以拯救你的救主
[00:03:12.140 --> 00:03:14.100]  你說多謝甲聖衛
[00:03:14.100 --> 00:03:15.840]  多謝林律師的提醒
[00:03:15.840 --> 00:03:19.060]  不過我覺得我實在是一個好人
[00:03:19.060 --> 00:03:20.400]  有沒有耶穌
[00:03:20.400 --> 00:03:25.600]  我都是一定會上到天堂
[00:03:25.600 --> 00:03:28.460]  這個會不會是你現在的狀況
[00:03:28.460 --> 00:03:30.700]  我是一個好人
[00:03:30.700 --> 00:03:31.960]  我不需要人救
[00:03:31.960 --> 00:03:34.860]  我更加不需要耶穌為我死在十字架上
[00:03:34.860 --> 00:03:36.400]  我不上天堂
[00:03:36.400 --> 00:03:39.100]  誰上天堂呢
[00:03:39.100 --> 00:03:40.400]  如果是這樣的話
[00:03:40.400 --> 00:03:43.400]  你必須要快快地行動
[00:03:43.400 --> 00:03:47.800]  從光明移民到黑暗裡面
[00:03:47.800 --> 00:03:53.300]  從大兒子轉移到小兒子那裡
[00:03:53.300 --> 00:03:55.100]  我不是叫你出去做壞事
[00:03:55.100 --> 00:03:58.200]  我不是叫你放蕩叛逆自己
[00:03:58.200 --> 00:04:02.160]  我而是叫你快快地去醒一醒
[00:04:02.160 --> 00:04:03.900]  清醒過來
[00:04:03.900 --> 00:04:08.200]  看到你一切所謂的善行
[00:04:08.200 --> 00:04:12.640]  其實都是你腦海裡面的狂想的幻想
[00:04:12.640 --> 00:04:14.460]  是你自我陶醉說
[00:04:14.460 --> 00:04:16.940]  我是一個何等好的人
[00:04:16.940 --> 00:04:17.940]  聖經告訴我們
[00:04:17.940 --> 00:04:21.200]  在聖潔上帝的面前
[00:04:21.200 --> 00:04:23.260]  你所說的所有善行
[00:04:23.260 --> 00:04:26.100]  完全是一文不值
[00:04:26.100 --> 00:04:28.940]  只要惹上帝的憤怒
[00:04:28.940 --> 00:04:33.940]  最終你會自焦滅亡
[00:04:33.940 --> 00:04:35.100]  我們需要轉移
[00:04:35.100 --> 00:04:40.200]  從好好哥哥轉移到半翼的浪子
[00:04:40.200 --> 00:04:41.200]  黑暗的一面
[00:04:41.200 --> 00:04:42.900]  在黑暗的一面裡面
[00:04:42.900 --> 00:04:44.660]  我們要把握時機
[00:04:44.660 --> 00:04:47.540]  看清自己的真相
[00:04:47.540 --> 00:04:50.560]  我們的真相就是我們罪孽深重
[00:04:50.560 --> 00:04:54.640]  我們必須要快快地立志悖改
[00:04:54.640 --> 00:04:58.160]  奔向耶穌基督十字架
[00:04:58.160 --> 00:05:01.040]  獨一的拯救
[00:05:01.040 --> 00:05:03.540]  這個帶我們去到今天的故事
[00:05:03.540 --> 00:05:08.340]  老家福音第十七章第一十一至十九節
[00:05:08.340 --> 00:05:12.140]  十個大麻風病人的故事
[00:05:12.140 --> 00:05:19.340]  我稱它為「當外族風人遇上耶穌」
[00:05:19.340 --> 00:05:20.800]  信不信由你這個故事
[00:05:20.800 --> 00:05:22.300]  其實與之前的小兒子
[00:05:22.300 --> 00:05:25.740]  大兒子的故事是緊緊相扣的
[00:05:25.740 --> 00:05:27.560]  不但如此
[00:05:27.560 --> 00:05:31.860]  它也精妙地聚集了很多老家福音
[00:05:31.860 --> 00:05:33.940]  甚至是少爺行轉裡面
[00:05:33.940 --> 00:05:35.640]  福音故事的影子
[00:05:35.640 --> 00:05:37.360]  它將很多的故事
[00:05:37.360 --> 00:05:42.760]  聚集在這個十個麻風病人的故事
[00:05:42.760 --> 00:05:45.960]  如果我要用一個花名
[00:05:45.960 --> 00:05:48.960]  去幫大家了解這個故事的時候
[00:05:48.960 --> 00:05:53.540]  我會稱這個故事為「師英Bubble」
[00:05:53.540 --> 00:05:57.500]  「漢劍雙雙」
[00:05:57.500 --> 00:06:01.660]  你看到的每一個影像
[00:06:01.660 --> 00:06:05.500]  其實背後已經在其他的故事裡面
[00:06:05.500 --> 00:06:08.740]  出現過「師英Bubble」
[00:06:08.740 --> 00:06:10.900]  「漢劍雙雙」
[00:06:10.900 --> 00:06:13.740]  故事中很多的處句
[00:06:13.740 --> 00:06:15.940]  已經在之前的故事出現過
[00:06:15.940 --> 00:06:20.360]  或者會在之後的故事再次出現
[00:06:20.360 --> 00:06:22.860]  這個真是一個色彩繽紛
[00:06:22.860 --> 00:06:29.360]  立體生動的3D的福音故事
[00:06:29.360 --> 00:06:31.800]  在我們研讀這個故事的時候
[00:06:31.800 --> 00:06:37.460]  我想你嘗試在你的腦海裡面去回答三條問題
[00:06:37.460 --> 00:06:41.260]  這三條問題會幫我們帶到最後的總結
[00:06:41.260 --> 00:06:43.260]  三條問題是第一
[00:06:43.260 --> 00:06:44.500]  Who is Jesus?
[00:06:44.500 --> 00:06:46.460]  耶穌究竟是誰?
[00:06:46.460 --> 00:06:47.400]  第二
[00:06:47.400 --> 00:06:49.200]  What was Jesus' mission?
[00:06:49.200 --> 00:06:51.760]  耶穌的使命究竟是甚麼?
[00:06:51.760 --> 00:06:54.500]  是否醫人?
[00:06:54.500 --> 00:06:57.840]  是否幫人解決身體上的問題?
[00:06:57.840 --> 00:07:01.200]  是否幫你結症大麻風就算了?
[00:07:01.200 --> 00:07:03.440]  耶穌的使命真正的使命是甚麼?
[00:07:03.440 --> 00:07:04.300]  第三
[00:07:04.300 --> 00:07:07.040]  耶穌是如何成全這個使命?
[00:07:07.040 --> 00:07:11.040]  How did Jesus fulfill his mission?
[00:07:11.040 --> 00:07:13.540]  當你回答完這三個問題之後
[00:07:13.540 --> 00:07:17.240]  還有最後一個問題你要問你自己
[00:07:17.240 --> 00:07:19.960]  就是甚麼是跟隨耶穌?
[00:07:19.960 --> 00:07:22.140]  而你?而我?
[00:07:22.140 --> 00:07:27.460]  又願不願意真正去跟隨耶穌?
[00:07:27.460 --> 00:07:29.260]  我們開始看這個故事
[00:07:29.260 --> 00:07:32.340]  路加福音第十七章第十一節
[00:07:32.340 --> 00:07:34.700]  耶穌往耶路撒冷去
[00:07:34.700 --> 00:07:39.260]  經過撒瑪利亞和加利利中間的地區
[00:07:39.260 --> 00:07:41.600]  耶穌往耶路撒冷去
[00:07:41.600 --> 00:07:44.260]  經過了撒瑪利亞
[00:07:44.260 --> 00:07:47.060]  我們一開始就已經看見雙雙
[00:07:47.060 --> 00:07:47.840]  Seeing double
[00:07:47.840 --> 00:07:48.760]  為甚麼?
[00:07:48.760 --> 00:07:50.560]  因為原來路加福音第十七章
[00:07:50.560 --> 00:07:53.400]  是平衡著路加福音第九章
[00:07:53.400 --> 00:07:54.260]  第九章這樣說
[00:07:54.260 --> 00:07:56.400]  耶穌被接上升的日子
[00:07:56.400 --> 00:07:59.840]  將到他決定面向耶路撒冷去
[00:07:59.840 --> 00:08:01.240]  去哪裏去耶路撒冷?
[00:08:01.240 --> 00:08:03.660]  他打敗他的使徒在他前面走
[00:08:03.660 --> 00:08:05.640]  他們進了撒瑪利亞
[00:08:05.640 --> 00:08:06.840]  他去耶路撒冷
[00:08:06.840 --> 00:08:07.700]  經過哪裏?
[00:08:07.700 --> 00:08:09.800]  經過撒瑪利亞
[00:08:09.800 --> 00:08:11.300]  往耶路撒冷去
[00:08:11.300 --> 00:08:12.840]  向耶路撒冷走
[00:08:12.840 --> 00:08:14.100]  經過撒瑪利亞
[00:08:14.100 --> 00:08:16.940]  進了撒瑪利亞
[00:08:16.940 --> 00:08:18.300]  進了撒瑪利亞
[00:08:18.300 --> 00:08:19.500]  去做甚麼?
[00:08:19.500 --> 00:08:20.740]  如果你繼續讀的時候
[00:08:20.740 --> 00:08:24.260]  耶穌差派他的使者
[00:08:24.260 --> 00:08:27.140]  差派他的門徒進入撒瑪利亞一個村莊
[00:08:27.140 --> 00:08:30.240]  去為他們作預備
[00:08:30.240 --> 00:08:31.260]  預備些甚麼?
[00:08:31.260 --> 00:08:32.440]  如果你熟悉耶穌的士工
[00:08:32.440 --> 00:08:33.140]  你知道
[00:08:33.140 --> 00:08:35.140]  預備他講道
[00:08:35.140 --> 00:08:37.060]  耶穌要他預備這些人
[00:08:37.060 --> 00:08:39.000]  因為耶穌要向他們宣講
[00:08:39.000 --> 00:08:41.840]  天國的福音
[00:08:41.840 --> 00:08:42.700]  然而很可惜
[00:08:42.700 --> 00:08:46.100]  這班人還未預備好
[00:08:46.100 --> 00:08:48.340]  第九章第五十三節這樣說
[00:08:48.340 --> 00:08:50.540]  那裏的人撒瑪利亞村莊的人
[00:08:50.540 --> 00:08:51.800]  不接待耶穌
[00:08:51.800 --> 00:08:57.140]  因為他面向耶路撒冷去
[00:08:57.140 --> 00:08:59.600]  為甚麼因為他面向耶路撒冷去
[00:08:59.600 --> 00:09:00.540]  你就不接他呢?
[00:09:00.540 --> 00:09:01.900]  如果你有機會去看
[00:09:01.900 --> 00:09:02.900]  兩本第四章
[00:09:02.900 --> 00:09:05.540]  你知道耶穌和撒瑪利亞府的人
[00:09:05.540 --> 00:09:06.700]  有爭論
[00:09:06.700 --> 00:09:09.260]  究竟敬拜的場所應該在哪裏?
[00:09:09.260 --> 00:09:10.900]  在撒瑪利亞的山上
[00:09:10.900 --> 00:09:12.860]  還是在耶路撒冷的山上?
[00:09:12.860 --> 00:09:15.860]  可能因為這個敬拜的問題
[00:09:15.860 --> 00:09:20.340]  他們拒絕了耶穌
[00:09:20.340 --> 00:09:21.660]  門徒說
[00:09:21.660 --> 00:09:23.340]  因為他們拒絕了
[00:09:23.340 --> 00:09:24.140]  門徒就說
[00:09:24.140 --> 00:09:24.960]  主啊
[00:09:24.960 --> 00:09:26.660]  他們拒絕了你
[00:09:26.660 --> 00:09:29.260]  你要不要我們分撥
[00:09:29.260 --> 00:09:32.600]  火從天上降下來?
[00:09:32.600 --> 00:09:34.860]  你看到這個片段的時候
[00:09:34.860 --> 00:09:37.340]  令你想起些甚麼?
[00:09:37.340 --> 00:09:40.300]  其實令我想起一個近日的故事
[00:09:40.300 --> 00:09:41.740]  約拿村
[00:09:41.740 --> 00:09:42.960]  在約拿村裏面
[00:09:42.960 --> 00:09:44.660]  約拿去尼尼未成
[00:09:44.660 --> 00:09:46.900]  講了一天的道
[00:09:46.900 --> 00:09:48.040]  他講叫他們悔改
[00:09:48.040 --> 00:09:50.000]  接著坐在外面等甚麼?
[00:09:50.000 --> 00:09:55.060]  等天火來降在那裏
[00:09:55.060 --> 00:09:56.940]  於是如果我們將約拿村
[00:09:56.940 --> 00:09:58.660]  和這個故事連起來的時候
[00:09:58.660 --> 00:10:00.060]  廣福告訴我們
[00:10:00.060 --> 00:10:04.640]  耶穌種撒瑪利亞城的原因是要做甚麼?
[00:10:04.640 --> 00:10:06.400]  是要叫他們回轉
[00:10:06.400 --> 00:10:10.440]  要他們悔改
[00:10:10.440 --> 00:10:12.700]  這是第九章
[00:10:12.700 --> 00:10:14.040]  到了第十七章
[00:10:14.040 --> 00:10:19.040]  耶穌再次回到撒瑪利亞
[00:10:19.040 --> 00:10:22.640]  耶穌為甚麼要回到撒瑪利亞?
[00:10:22.640 --> 00:10:24.740]  我猜祂想再續前沿
[00:10:24.740 --> 00:10:28.700]  之前沒有機會跟他們講悔改的信息
[00:10:28.700 --> 00:10:31.140]  耶穌今日把握最後的機會
[00:10:31.140 --> 00:10:33.140]  因為祂今次去撒日耶路撒冷
[00:10:33.140 --> 00:10:35.340]  再也不回去
[00:10:35.340 --> 00:10:37.240]  祂把握最後一個機會
[00:10:37.240 --> 00:10:40.800]  將還未完成的工作完成祂
[00:10:40.800 --> 00:10:43.140]  祂再次去到撒瑪利亞
[00:10:43.140 --> 00:10:47.600]  為要傳一個悔改的信息
[00:10:47.600 --> 00:10:51.100]  回到路加福音第十七章
[00:10:51.100 --> 00:10:52.500]  耶穌進了一個村子
[00:10:52.500 --> 00:10:55.440]  有十個麻風病人迎面而來
[00:10:55.440 --> 00:10:58.200]  遠遠地望著高聲地說
[00:10:58.200 --> 00:11:02.760]  耶穌,老師,可憐,我們吧
[00:11:02.760 --> 00:11:05.240]  耶穌還沒有機會宣講天國的時候
[00:11:05.240 --> 00:11:09.300]  已經有十個麻風病人迎面而來
[00:11:09.300 --> 00:11:11.160]  這些病,如果你有麻風病
[00:11:11.160 --> 00:11:13.160]  你知道你不可以走近人群的
[00:11:13.160 --> 00:11:18.240]  於是祂只可以遙遠地,遠遠地站著
[00:11:18.240 --> 00:11:23.400]  高聲地說耶穌,可憐,我們吧
[00:11:23.400 --> 00:11:24.700]  這裡講的麻風病
[00:11:24.700 --> 00:11:27.100]  如果你之前你熟悉聖經
[00:11:27.100 --> 00:11:28.500]  你聽過往來知道
[00:11:28.500 --> 00:11:30.940]  這些麻風病大概不是我們現代人
[00:11:30.940 --> 00:11:34.740]  講的那些很恐怖很恐怖的皮膚病
[00:11:34.740 --> 00:11:36.900]  原來聖經裡面所講的麻風病
[00:11:36.900 --> 00:11:41.440]  其實涉及病理的範疇是非常廣大的
[00:11:41.440 --> 00:11:44.400]  如果你去看利美記第十三章的時候
[00:11:44.400 --> 00:11:46.760]  你說那些皮膚如果有腫脹
[00:11:46.760 --> 00:11:48.760]  有發疹,有斑點
[00:11:48.760 --> 00:11:50.760]  這樣就可以叫麻風
[00:11:50.760 --> 00:11:51.900]  就是說
[00:11:51.900 --> 00:11:54.360]  如果你有少許比較嚴重的濕疹
[00:11:54.360 --> 00:11:59.040]  其實你都可能已經被人視為麻風病
[00:11:59.040 --> 00:12:01.240]  聖經裡面當你有麻風病
[00:12:01.240 --> 00:12:04.800]  你的問題不在於它威脅你的健康
[00:12:04.800 --> 00:12:07.600]  不在於它有傳染性
[00:12:07.600 --> 00:12:10.360]  而是在於這個人再不可以
[00:12:10.360 --> 00:12:12.900]  在敬拜上帝的群體裡面
[00:12:12.900 --> 00:12:15.960]  因為這個人在禮儀上是不潔的
[00:12:15.960 --> 00:12:18.200]  這個人要與上帝隔絕
[00:12:18.200 --> 00:12:20.500]  他不可以再敬拜
[00:12:20.500 --> 00:12:23.000]  這個人要與上帝的子民隔絕
[00:12:23.000 --> 00:12:24.340]  因為他會傳染給別人
[00:12:24.340 --> 00:12:26.360]  令別人沒辦法回教會
[00:12:26.360 --> 00:12:28.600]  於是這個人要獨自的
[00:12:28.600 --> 00:12:33.300]  居住在外面不能跪下
[00:12:33.300 --> 00:12:34.900]  這些人
[00:12:34.900 --> 00:12:38.040]  要等待上帝特殊的拯救
[00:12:38.040 --> 00:12:40.800]  他們不可以在接觸人群
[00:12:40.800 --> 00:12:43.900]  他只可以很大聲地說
[00:12:43.900 --> 00:12:48.100]  主啊,求主你憐憫我
[00:12:48.100 --> 00:12:50.000]  如果你熟悉《路加福音》的時候
[00:12:50.000 --> 00:12:51.700]  我們現在在看第十章
[00:12:51.700 --> 00:12:53.900]  你知道耶穌其實已經
[00:12:53.900 --> 00:12:56.200]  有醫治大麻風的經驗
[00:12:56.200 --> 00:12:59.460]  所以這次應該是沒問題的
[00:12:59.460 --> 00:13:01.960]  那個經驗是在第五章
[00:13:01.960 --> 00:13:04.160]  又是看見雙雙
[00:13:04.160 --> 00:13:06.960]  你看到大麻風其實之前已經發生過了
[00:13:06.960 --> 00:13:09.640]  在《路加福音》第五章第十二節這樣說
[00:13:09.640 --> 00:13:11.700]  有一會耶穌在一個城堆
[00:13:11.700 --> 00:13:14.200]  有人掌滿了麻風
[00:13:14.200 --> 00:13:17.040]  就虎伏在地求他說主
[00:13:17.040 --> 00:13:20.500]  祢若肯,祢能使我潔淨耶穌
[00:13:20.500 --> 00:13:23.360]  就伸手摸他,說我肯
[00:13:23.360 --> 00:13:27.240]  祢潔淨了白,麻風病就立刻離開
[00:13:27.240 --> 00:13:28.840]  你見到耶穌做了些什麼
[00:13:28.840 --> 00:13:31.160]  祂伸手摸祂
[00:13:31.160 --> 00:13:33.600]  祂潔淨,祂說潔淨了白
[00:13:33.600 --> 00:13:37.760]  接著那個麻風就立刻離開
[00:13:37.760 --> 00:13:38.860]  拍手叫著
[00:13:38.860 --> 00:13:41.940]  接著你再想想耶穌要伸手摸祂
[00:13:41.940 --> 00:13:45.000]  這是一個完全多餘的動作
[00:13:45.000 --> 00:13:48.260]  耶穌醫人根本是不用碰你的
[00:13:48.260 --> 00:13:49.340]  remote control(遙控)就可以了
[00:13:49.340 --> 00:13:50.300]  遙控就可以了
[00:13:50.300 --> 00:13:52.540]  只要說成了就成了
[00:13:52.540 --> 00:13:53.740]  根本不需要碰祂
[00:13:53.740 --> 00:13:58.640]  但是耶穌做了這個非常高危的動作
[00:13:58.640 --> 00:14:00.400]  因為如果你碰一個麻風人
[00:14:00.400 --> 00:14:03.560]  你自己可能變成不潔
[00:14:03.560 --> 00:14:04.760]  如果你拍一套戲
[00:14:04.760 --> 00:14:06.440]  門徒走得很遠
[00:14:06.440 --> 00:14:08.700]  耶穌走過去要碰那個人
[00:14:08.700 --> 00:14:10.840]  門徒在很遠又不敢走過去
[00:14:10.840 --> 00:14:13.660]  no no no
[00:14:13.660 --> 00:14:14.900]  不需要那麼高危
[00:14:14.900 --> 00:14:17.700]  耶穌你試試遙控行不行
[00:14:17.700 --> 00:14:19.100]  不需要碰祂的
[00:14:19.100 --> 00:14:22.200]  而耶穌專門走過去碰祂
[00:14:22.200 --> 00:14:23.540]  甚至不是這樣碰
[00:14:23.540 --> 00:14:26.440]  可能是整個人抱著祂去碰
[00:14:26.440 --> 00:14:29.960]  耶穌接觸了這個麻風病人
[00:14:29.960 --> 00:14:31.840]  但是有沒有被玷污
[00:14:31.840 --> 00:14:33.500]  不單止沒有被玷污
[00:14:33.500 --> 00:14:35.340]  而那個人立刻潔淨
[00:14:35.340 --> 00:14:39.460]  我相信這個麻風人真是大麻風
[00:14:39.460 --> 00:14:40.960]  你一看他就知道
[00:14:40.960 --> 00:14:43.000]  不是濕疹
[00:14:43.000 --> 00:14:45.300]  這個人從頭到尾就是一個麻風人
[00:14:45.300 --> 00:14:47.500]  而耶穌一抱著他的時候
[00:14:47.500 --> 00:14:48.700]  你說耶穌死定了
[00:14:48.700 --> 00:14:50.340]  不單止耶穌沒有死
[00:14:50.340 --> 00:14:51.700]  沒有不潔淨
[00:14:51.700 --> 00:14:53.040]  那個人立刻好起來
[00:14:53.040 --> 00:14:54.660]  皮膚完全好起來
[00:14:54.660 --> 00:14:57.640]  在那個時候大家都知道
[00:14:57.640 --> 00:15:02.200]  耶穌有一種巨大的力量
[00:15:02.200 --> 00:15:03.960]  你會問耶穌是誰
[00:15:03.960 --> 00:15:04.740]  究竟是誰
[00:15:04.740 --> 00:15:06.100]  是什麼人
[00:15:06.100 --> 00:15:08.840]  有這麼深厚的內力
[00:15:08.840 --> 00:15:11.640]  我們叫做Overpowering Holiness
[00:15:11.640 --> 00:15:14.760]  一個勝過污穢的聖潔
[00:15:14.760 --> 00:15:16.300]  去到這樣的程度
[00:15:16.300 --> 00:15:18.400]  祂不被污穢所染
[00:15:18.400 --> 00:15:22.360]  而是祂可以勝過污穢
[00:15:22.360 --> 00:15:23.200]  你看完這個故事
[00:15:23.200 --> 00:15:25.600]  你覺得很厲害吧
[00:15:25.600 --> 00:15:28.540]  但是這個奇妙的神蹟
[00:15:28.540 --> 00:15:31.340]  不是上帝給我們的好消息
[00:15:31.340 --> 00:15:32.760]  很多時候你不懂聖經
[00:15:32.760 --> 00:15:33.760]  你讀了這個故事
[00:15:33.760 --> 00:15:34.560]  你覺得很厲害
[00:15:34.560 --> 00:15:36.000]  就是下次我有皮膚病
[00:15:36.000 --> 00:15:36.560]  有濕疹
[00:15:36.560 --> 00:15:38.500]  我都會找耶穌
[00:15:38.500 --> 00:15:42.360]  這個故事完全不是在講這種好消息
[00:15:42.360 --> 00:15:46.100]  原來麻風病是指向更大的好消息
[00:15:46.100 --> 00:15:47.400]  大的好消息在哪裏
[00:15:47.400 --> 00:15:48.960]  在《老伽報》第七章
[00:15:48.960 --> 00:15:53.300]  這個才是上帝要給我們的好消息
[00:15:53.300 --> 00:15:53.900]  Good News
[00:15:53.900 --> 00:15:55.200]  福音
[00:15:55.200 --> 00:15:58.900]  《老伽報》第七章第十八節
[00:15:58.900 --> 00:15:59.640]  約翰
[00:15:59.640 --> 00:16:01.040]  司洗約翰
[00:16:01.040 --> 00:16:03.200]  到主那裏說
[00:16:03.200 --> 00:16:04.300]  問耶穌
[00:16:04.300 --> 00:16:07.600]  將要來的那位是你嗎
[00:16:07.600 --> 00:16:08.900]  然後耶穌回答
[00:16:08.900 --> 00:16:12.660]  把所看見所聽見的告訴約翰
[00:16:12.660 --> 00:16:14.900]  就是萬人看見
[00:16:14.900 --> 00:16:16.660]  騎取的人行走
[00:16:16.660 --> 00:16:18.200]  麻風病人得醫治
[00:16:18.200 --> 00:16:18.600]  看到嗎
[00:16:18.600 --> 00:16:20.340]  麻風病人得醫治
[00:16:20.340 --> 00:16:21.600]  聾子聽見
[00:16:21.600 --> 00:16:22.940]  死人復活
[00:16:22.940 --> 00:16:24.260]  接著
[00:16:24.260 --> 00:16:27.460]  窮人聽到了
[00:16:27.460 --> 00:16:30.740]  福音
[00:16:30.740 --> 00:16:33.360]  當時如果你知道故事的背景
[00:16:33.360 --> 00:16:35.160]  約翰已經在監獄裏面
[00:16:35.160 --> 00:16:37.540]  約翰很快就被人砍頭
[00:16:37.540 --> 00:16:39.100]  這個約翰在臨死之前
[00:16:39.100 --> 00:16:40.260]  他又不是怕死
[00:16:40.260 --> 00:16:42.640]  他想問一個問題
[00:16:42.640 --> 00:16:44.660]  他說耶穌耶穌
[00:16:44.660 --> 00:16:46.060]  我為你入籠
[00:16:46.060 --> 00:16:47.200]  我準備為你死
[00:16:47.200 --> 00:16:48.740]  然而我想問你
[00:16:48.740 --> 00:16:52.660]  你是不是將來要來的那位
[00:16:52.660 --> 00:16:53.100]  什麼
[00:16:53.100 --> 00:16:53.800]  你說的是什麼
[00:16:53.800 --> 00:16:56.700]  他說的是舊約預言的一個君王
[00:16:56.700 --> 00:16:58.300]  上帝揀選的君王
[00:16:58.300 --> 00:16:59.860]  上帝認許的君王
[00:16:59.860 --> 00:17:00.840]  舊約裏面
[00:17:00.840 --> 00:17:05.560]  上帝認許了一個萬國萬民的救主
[00:17:05.560 --> 00:17:06.460]  約翰問
[00:17:06.460 --> 00:17:07.260]  我臨死之前
[00:17:07.260 --> 00:17:08.760]  你只是告訴我一件事
[00:17:08.760 --> 00:17:09.760]  我就死了
[00:17:09.760 --> 00:17:11.500]  就是你是不是那個
[00:17:11.500 --> 00:17:14.200]  還是我要再等
[00:17:14.200 --> 00:17:16.960]  耶穌在七章第二十二節
[00:17:16.960 --> 00:17:19.800]  回答
[00:17:19.800 --> 00:17:21.560]  約翰耶穌說
[00:17:21.560 --> 00:17:23.760]  你回去將我現在見到
[00:17:23.760 --> 00:17:25.160]  將你們眼睛看見
[00:17:25.160 --> 00:17:26.840]  聽到的事情告訴約翰
[00:17:26.840 --> 00:17:27.400]  就是什麼
[00:17:27.400 --> 00:17:28.300]  耶穌很特別
[00:17:28.300 --> 00:17:29.640]  他說
[00:17:29.640 --> 00:17:30.860]  萬人得漢見
[00:17:30.860 --> 00:17:32.400]  騎子行走
[00:17:32.400 --> 00:17:33.860]  麻風病得結症
[00:17:33.860 --> 00:17:35.000]  聾子聽見
[00:17:35.000 --> 00:17:36.260]  死人復活
[00:17:36.260 --> 00:17:38.160]  窮人聽到
[00:17:38.160 --> 00:17:38.600]  復活
[00:17:38.600 --> 00:17:40.200]  回去告訴約翰
[00:17:40.200 --> 00:17:42.000]  他不要回答他是還是不是
[00:17:42.000 --> 00:17:43.800]  但是他說了一堆話
[00:17:43.800 --> 00:17:44.600]  為什麼
[00:17:44.600 --> 00:17:47.260]  究竟為什麼
[00:17:47.260 --> 00:17:48.940]  我給你一個提示
[00:17:48.940 --> 00:17:50.900]  耶穌不是和你數神職歧視
[00:17:50.900 --> 00:17:51.500]  不是說
[00:17:51.500 --> 00:17:52.500]  你告訴他
[00:17:52.500 --> 00:17:54.100]  我現在做了這麼多
[00:17:54.100 --> 00:17:55.400]  你會不會找到第二個
[00:17:55.400 --> 00:17:56.500]  比我做的更多
[00:17:56.500 --> 00:17:59.760]  不是
[00:17:59.760 --> 00:18:01.600]  贏到要
[00:18:01.600 --> 00:18:02.360]  死在
[00:18:02.360 --> 00:18:05.640]  將要死在監獄裡面的約翰
[00:18:05.640 --> 00:18:08.840]  回到舊約的先知的預言
[00:18:08.840 --> 00:18:10.440]  我們不想這些事情
[00:18:10.440 --> 00:18:12.960]  是因為我們不讀聖經
[00:18:12.960 --> 00:18:14.840]  原來舊約的聖經裡面
[00:18:14.840 --> 00:18:17.460]  預言所將來的君王來的時候
[00:18:17.460 --> 00:18:19.500]  他會做很多的神職
[00:18:19.500 --> 00:18:21.740]  有沒有留意沒有說癌症
[00:18:21.740 --> 00:18:23.800]  有沒有說沒有說香港腳的
[00:18:23.800 --> 00:18:24.800]  沒有牙齦的
[00:18:24.800 --> 00:18:25.600]  沒有這些東西
[00:18:25.600 --> 00:18:28.200]  是很特別的幾樣東西
[00:18:28.200 --> 00:18:30.100]  因為舊約裡面說了預言
[00:18:30.100 --> 00:18:31.600]  當那個人來的時候
[00:18:31.600 --> 00:18:33.000]  當那個君王來的時候
[00:18:33.000 --> 00:18:35.160]  他會做幾樣東西
[00:18:35.160 --> 00:18:37.260]  包括了核子可以看見
[00:18:37.260 --> 00:18:39.060]  騎隊可以行走
[00:18:39.060 --> 00:18:40.960]  麻風病可以特意治
[00:18:40.960 --> 00:18:42.760]  聾子聽見死人
[00:18:42.760 --> 00:18:43.560]  復活眾友
[00:18:43.560 --> 00:18:45.240]  窮人
[00:18:45.240 --> 00:18:46.440]  傾道
[00:18:46.440 --> 00:18:48.400]  福音
[00:18:48.400 --> 00:18:51.000]  我想你留意耶穌所說的
[00:18:51.000 --> 00:18:53.000]  他說了六樣東西
[00:18:53.000 --> 00:18:54.800]  你怎麼去組合這六樣東西
[00:18:54.800 --> 00:18:56.300]  你說很簡單我看到了
[00:18:56.300 --> 00:18:57.700]  五個醫治的神職
[00:18:57.700 --> 00:19:01.200]  再加一個福音的宣講
[00:19:01.200 --> 00:19:02.400]  是吧
[00:19:02.400 --> 00:19:03.800]  那五個神職是
[00:19:03.800 --> 00:19:04.700]  麻痺看見
[00:19:04.700 --> 00:19:06.300]  騎腿殘路
[00:19:06.300 --> 00:19:07.800]  麻風病得醫治
[00:19:07.800 --> 00:19:09.400]  聾子聽見死人復活
[00:19:09.400 --> 00:19:10.800]  再加
[00:19:10.800 --> 00:19:11.700]  第六樣東西
[00:19:11.700 --> 00:19:12.700]  是另性不同的
[00:19:12.700 --> 00:19:14.800]  叫做窮人聽到福音
[00:19:14.800 --> 00:19:16.400]  他們怎樣
[00:19:16.400 --> 00:19:19.100]  他們的關係是什麼
[00:19:19.100 --> 00:19:20.600]  你不識福音
[00:19:20.600 --> 00:19:21.500]  你不識聖經
[00:19:21.500 --> 00:19:22.200]  你又會說
[00:19:22.200 --> 00:19:23.900]  林牧師我知道
[00:19:23.900 --> 00:19:25.200]  那個關係很簡單
[00:19:25.200 --> 00:19:26.900]  耶穌地上的事公就是兩樣東西
[00:19:26.900 --> 00:19:28.100]  神職
[00:19:28.100 --> 00:19:28.700]  和
[00:19:28.700 --> 00:19:29.200]  福音
[00:19:29.200 --> 00:19:30.300]  是吧
[00:19:30.300 --> 00:19:31.300]  就這麼簡單
[00:19:31.300 --> 00:19:32.900]  很明顯的
[00:19:32.900 --> 00:19:34.400]  做神職全福音
[00:19:34.400 --> 00:19:35.600]  做神職全福音
[00:19:35.600 --> 00:19:36.100]  錯
[00:19:36.100 --> 00:19:36.500]  錯
[00:19:36.500 --> 00:19:37.800]  錯
[00:19:37.800 --> 00:19:39.800]  不是神職加福音
[00:19:39.800 --> 00:19:43.000]  而是神職等於福音
[00:19:43.000 --> 00:19:44.500]  我們說的是什麼
[00:19:44.500 --> 00:19:46.100]  說得更清楚一點
[00:19:46.100 --> 00:19:49.600]  不是神職加福音
[00:19:49.600 --> 00:19:52.400]  而是神職包住了
[00:19:52.400 --> 00:19:55.700]  記號等於福音
[00:19:55.700 --> 00:19:56.900]  如果你完全不記得這些東西
[00:19:56.900 --> 00:19:58.500]  你要聽回我以前
[00:19:58.500 --> 00:20:01.000]  說的很多的道
[00:20:01.000 --> 00:20:02.500]  哪福音裡面的道
[00:20:02.500 --> 00:20:04.500]  約翰福音裡面的道
[00:20:04.500 --> 00:20:07.100]  原來所有的神職是天國的神職
[00:20:07.100 --> 00:20:09.000]  天國神職包住了裡面
[00:20:09.000 --> 00:20:10.100]  是天國的記號
[00:20:10.100 --> 00:20:11.600]  你去讀約翰福音的時候
[00:20:11.600 --> 00:20:12.600]  約翰告訴你
[00:20:12.600 --> 00:20:13.900]  耶穌做的不是神職
[00:20:13.900 --> 00:20:15.800]  而是記號
[00:20:15.800 --> 00:20:17.400]  神職是一個包裝
[00:20:17.400 --> 00:20:18.600]  每一個包裝裡面
[00:20:18.600 --> 00:20:19.800]  有個天國的信息
[00:20:19.800 --> 00:20:21.000]  那個叫記號
[00:20:21.000 --> 00:20:23.500]  那個記號就是福音
[00:20:23.500 --> 00:20:24.500]  於是
[00:20:24.500 --> 00:20:26.000]  盲人
[00:20:26.000 --> 00:20:27.000]  瘋子
[00:20:27.000 --> 00:20:29.000]  騎子
[00:20:29.000 --> 00:20:30.000]  麻風病人
[00:20:30.000 --> 00:20:30.900]  聾的
[00:20:30.900 --> 00:20:31.500]  死人
[00:20:31.500 --> 00:20:34.000]  所有這些神職都是
[00:20:34.000 --> 00:20:36.100]  神職包住裡面有個記號
[00:20:36.100 --> 00:20:38.700]  那個記號指向耶穌基督
[00:20:38.700 --> 00:20:40.900]  最終的福音
[00:20:40.900 --> 00:20:43.100]  有沒有留意這幾種人
[00:20:43.100 --> 00:20:44.300]  盲的
[00:20:44.300 --> 00:20:45.300]  騎腿的
[00:20:45.300 --> 00:20:46.400]  麻風病人的
[00:20:46.400 --> 00:20:47.100]  聾子
[00:20:47.100 --> 00:20:48.700]  基本上都是
[00:20:48.700 --> 00:20:50.300]  窮人
[00:20:50.300 --> 00:20:51.300]  有沒有留意到
[00:20:51.300 --> 00:20:53.300]  沒有有錢人品的
[00:20:53.300 --> 00:20:56.400]  耶穌說的這些窮人
[00:20:56.400 --> 00:20:58.000]  騎子
[00:20:58.000 --> 00:20:59.100]  麻風病人
[00:20:59.100 --> 00:21:00.700]  聾的
[00:21:00.700 --> 00:21:04.300]  都是窮人聽到福音的一個影子
[00:21:04.300 --> 00:21:05.900]  這些神職
[00:21:05.900 --> 00:21:08.600]  當你正確地去明白
[00:21:08.600 --> 00:21:10.300]  看到裡面
[00:21:10.300 --> 00:21:12.600]  天國的
[00:21:12.600 --> 00:21:13.500]  記號的時候
[00:21:13.500 --> 00:21:16.400]  你知道原來真的要告訴他們的
[00:21:16.400 --> 00:21:18.200]  是天國的福音
[00:21:18.200 --> 00:21:20.900]  什麼叫做窮人的福音
[00:21:20.900 --> 00:21:22.600]  這個也是我們不明白的東西
[00:21:22.600 --> 00:21:25.500]  我們想著窮人的福音就是
[00:21:25.500 --> 00:21:27.500]  窮人得到醫治
[00:21:27.500 --> 00:21:29.700]  窮人得到飽足
[00:21:29.700 --> 00:21:30.900]  再進一步
[00:21:30.900 --> 00:21:32.700]  窮人發了疊
[00:21:32.700 --> 00:21:34.000]  我好窮啊
[00:21:34.000 --> 00:21:35.200]  牧師
[00:21:35.200 --> 00:21:37.400]  可不可以給我一個窮人福音
[00:21:37.400 --> 00:21:40.000]  原來你這樣去明白窮人得福音
[00:21:40.000 --> 00:21:42.400]  是完全錯誤的
[00:21:42.400 --> 00:21:43.900]  你要知道什麼叫窮人福音
[00:21:43.900 --> 00:21:48.000]  你要回到老家福音第四章第十八節
[00:21:48.000 --> 00:21:50.700]  耶穌引用舊約的爾塞亞書
[00:21:50.700 --> 00:21:52.800]  又是舊約了
[00:21:52.800 --> 00:21:53.900]  你說我不懂舊約
[00:21:53.900 --> 00:21:54.600]  我不懂舊約
[00:21:54.600 --> 00:21:56.900]  難怪你經常搞錯
[00:21:56.900 --> 00:21:59.300]  耶穌帶我們回到
[00:21:59.300 --> 00:22:01.300]  老家福音第四章第十八節
[00:22:01.300 --> 00:22:07.100]  爾塞亞書在舊約裡面的一段說話
[00:22:07.100 --> 00:22:08.200]  祂說
[00:22:08.200 --> 00:22:09.500]  這個是窮人的福音
[00:22:09.500 --> 00:22:11.600]  我讀給你聽
[00:22:11.600 --> 00:22:13.800]  老家福音第四章第十八節
[00:22:13.800 --> 00:22:16.000]  主的靈在我身上
[00:22:16.000 --> 00:22:18.600]  因為祂用高高了我
[00:22:18.600 --> 00:22:22.000]  叫我全福音給貧窮的人
[00:22:22.000 --> 00:22:22.800]  這樣有錯嗎
[00:22:22.800 --> 00:22:24.000]  讀完先
[00:22:24.000 --> 00:22:26.000]  差遣我宣告
[00:22:26.000 --> 00:22:28.100]  被老的得釋放
[00:22:28.100 --> 00:22:29.400]  失明的得看見
[00:22:29.400 --> 00:22:31.000]  你聽到嗎
[00:22:31.000 --> 00:22:33.300]  被受壓迫的得自由
[00:22:33.300 --> 00:22:36.800]  這些都是窮人福音彰顯出來的東西
[00:22:36.800 --> 00:22:38.100]  接著第二十一節
[00:22:38.100 --> 00:22:41.300]  你們聽見這段經文
[00:22:41.300 --> 00:22:45.100]  今天已經應驗了
[00:22:45.100 --> 00:22:48.700]  今天已經應驗了
[00:22:48.700 --> 00:22:50.700]  有個神學院的老師有次這樣說
[00:22:50.700 --> 00:22:51.700]  他說
[00:22:51.700 --> 00:22:53.900]  這個是整本聖經裡面
[00:22:53.900 --> 00:22:55.700]  整個教會歷史裡面
[00:22:55.700 --> 00:22:57.100]  最短
[00:22:57.100 --> 00:22:58.600]  但是又最有力
[00:22:58.600 --> 00:23:02.400]  最震撼的講道
[00:23:02.400 --> 00:23:03.200]  你知不知道
[00:23:03.200 --> 00:23:05.000]  第十八節你讀的
[00:23:05.000 --> 00:23:07.900]  全部都是讀經的部分
[00:23:07.900 --> 00:23:08.800]  不是講道
[00:23:08.800 --> 00:23:10.600]  耶穌講道只有一句說話
[00:23:10.600 --> 00:23:11.400]  就是
[00:23:11.400 --> 00:23:12.900]  It is fulfilled
[00:23:12.900 --> 00:23:15.000]  今次應驗了
[00:23:15.000 --> 00:23:16.200]  就這樣
[00:23:16.200 --> 00:23:18.200]  講完就坐下了
[00:23:18.200 --> 00:23:19.200]  很搞笑的
[00:23:19.200 --> 00:23:20.700]  如果你看回故事
[00:23:20.700 --> 00:23:22.100]  耶穌去到拿撒勒
[00:23:22.100 --> 00:23:23.000]  祂自己的家鄉
[00:23:23.000 --> 00:23:24.700]  祂長大的地方
[00:23:24.700 --> 00:23:25.900]  在安息日裡面
[00:23:25.900 --> 00:23:28.000]  祂去了會堂
[00:23:28.000 --> 00:23:31.300]  接著有人將以塞亞的書卷給祂
[00:23:31.300 --> 00:23:32.300]  祂打開就讀
[00:23:32.300 --> 00:23:32.800]  祂讀什麼呢
[00:23:32.800 --> 00:23:33.900]  祂讀著以塞亞書
[00:23:33.900 --> 00:23:35.900]  第六十一章第一第二節
[00:23:35.900 --> 00:23:37.200]  就是第十八節
[00:23:37.200 --> 00:23:40.200]  第四章第十八節是讀經
[00:23:40.200 --> 00:23:41.500]  耶穌自己選的
[00:23:41.500 --> 00:23:42.100]  讀完經
[00:23:42.100 --> 00:23:42.900]  祂覺得很有趣
[00:23:42.900 --> 00:23:44.300]  祂坐下
[00:23:44.300 --> 00:23:45.400]  等祂
[00:23:45.400 --> 00:23:46.400]  祂會不會講道呢
[00:23:46.400 --> 00:23:47.900]  於是祂就站起來
[00:23:47.900 --> 00:23:48.800]  祂講道
[00:23:48.800 --> 00:23:50.400]  祂講道只有一句說話
[00:23:50.400 --> 00:23:50.700]  就是
[00:23:50.700 --> 00:23:55.200]  今天應驗了
[00:23:55.200 --> 00:23:56.700]  你也希望我這樣講
[00:23:56.700 --> 00:23:58.000]  不過講不出來
[00:23:58.000 --> 00:23:58.900]  今天應驗了
[00:23:58.900 --> 00:24:00.700]  我就坐下了
[00:24:00.700 --> 00:24:02.100]  那些人完全驚訝
[00:24:02.100 --> 00:24:06.200]  什麼叫做今天應驗了
[00:24:06.200 --> 00:24:06.800]  耶穌
[00:24:06.800 --> 00:24:09.000]  你講真講假
[00:24:09.000 --> 00:24:10.400]  你應驗了什麼
[00:24:10.400 --> 00:24:12.200]  祢老得釋放失明也得看見
[00:24:12.200 --> 00:24:13.700]  你根本沒有行神蹟
[00:24:13.700 --> 00:24:14.900]  怎麼可以說應驗了
[00:24:14.900 --> 00:24:18.000]  究竟是什麼應驗了
[00:24:18.000 --> 00:24:20.500]  應驗了的不是侍公
[00:24:20.500 --> 00:24:22.900]  侍公遲些才會發生
[00:24:22.900 --> 00:24:24.500]  這是路加布林裡面
[00:24:24.500 --> 00:24:26.100]  耶穌第一篇講道的
[00:24:26.100 --> 00:24:27.700]  祂三十歲出頭
[00:24:27.700 --> 00:24:30.100]  出來講道第一篇
[00:24:30.100 --> 00:24:30.800]  什麼都沒有做
[00:24:30.800 --> 00:24:31.600]  什麼都沒有做
[00:24:31.600 --> 00:24:32.600]  那麼應驗了
[00:24:32.600 --> 00:24:34.000]  應驗什麼
[00:24:34.000 --> 00:24:36.100]  不是那個侍公應驗了
[00:24:36.100 --> 00:24:40.000]  是做侍公那個人來了
[00:24:40.000 --> 00:24:43.000]  The man had arrived
[00:24:43.000 --> 00:24:44.500]  那人到了
[00:24:44.500 --> 00:24:45.900]  那人到了
[00:24:45.900 --> 00:24:48.500]  那個人是誰
[00:24:48.500 --> 00:24:51.400]  上帝在二塞亞書裡面
[00:24:51.400 --> 00:24:52.700]  宣告的那個人
[00:24:52.700 --> 00:24:53.700]  上帝揀選
[00:24:53.700 --> 00:24:55.600]  上帝應許的救主君王
[00:24:55.600 --> 00:24:56.500]  來了
[00:24:56.500 --> 00:24:59.400]  I am the man
[00:24:59.400 --> 00:25:01.000]  這是耶穌獨有的講道
[00:25:01.000 --> 00:25:03.200]  我講不出來的
[00:25:03.200 --> 00:25:05.200]  我怎麼可以說I am the man
[00:25:05.200 --> 00:25:06.300]  He is the man
[00:25:06.300 --> 00:25:07.600]  這是我講道
[00:25:07.600 --> 00:25:08.700]  我指向祂
[00:25:08.700 --> 00:25:10.400]  He is the man
[00:25:10.400 --> 00:25:11.300]  於是耶穌說
[00:25:11.300 --> 00:25:12.700]  我就是那人
[00:25:12.700 --> 00:25:15.000]  祂是耶和華的僕人
[00:25:15.000 --> 00:25:15.800]  你記不記得
[00:25:15.800 --> 00:25:17.300]  二塞亞書裡面
[00:25:17.300 --> 00:25:19.500]  去到四十章之後
[00:25:19.500 --> 00:25:20.500]  僕人之歌
[00:25:20.500 --> 00:25:21.300]  耶和華的僕人
[00:25:21.300 --> 00:25:23.000]  有一個我們很熟悉的
[00:25:23.000 --> 00:25:24.400]  二塞亞書第五十三章
[00:25:24.400 --> 00:25:27.600]  僕人之歌
[00:25:27.600 --> 00:25:29.500]  所以當我們讀到
[00:25:29.500 --> 00:25:31.300]  麻風病人德傑正的時候
[00:25:31.300 --> 00:25:34.500]  我們知道麻風病人德傑正的背後
[00:25:34.500 --> 00:25:37.000]  有一個巨大的福音
[00:25:37.000 --> 00:25:39.500]  那個巨大福音是
[00:25:39.500 --> 00:25:40.900]  給窮人的福音
[00:25:40.900 --> 00:25:42.300]  那個福音
[00:25:42.300 --> 00:25:45.000]  不是耶穌是在世華佗
[00:25:45.000 --> 00:25:46.000]  神職其人
[00:25:46.000 --> 00:25:49.100]  可以醫治你的麻風病
[00:25:49.100 --> 00:25:51.700]  背後的巨大福音是
[00:25:51.700 --> 00:25:54.400]  那是祂是應許的君王
[00:25:54.400 --> 00:25:55.600]  祂是上帝的僕人
[00:25:55.600 --> 00:25:57.700]  祂是全世界的救主
[00:25:57.700 --> 00:26:00.500]  這個才是最大最大
[00:26:00.500 --> 00:26:02.700]  最大的消息
[00:26:02.700 --> 00:26:04.800]  所以今天我們現在讀的是什麼故事
[00:26:04.800 --> 00:26:07.300]  我們正在讀的是
[00:26:07.300 --> 00:26:09.300]  一個麻風病人德傑的故事
[00:26:09.300 --> 00:26:10.700]  但是背後
[00:26:10.700 --> 00:26:12.900]  如果你有救藥的話
[00:26:12.900 --> 00:26:13.800]  你會知道
[00:26:13.800 --> 00:26:15.300]  背後告訴你
[00:26:15.300 --> 00:26:17.600]  當你看到麻風病人德傑的時候
[00:26:17.600 --> 00:26:19.800]  你知道上帝簡稱的君王
[00:26:19.800 --> 00:26:21.400]  那個世界救世主
[00:26:21.400 --> 00:26:23.700]  已經來了
[00:26:23.700 --> 00:26:26.200]  那個才是大消息
[00:26:26.200 --> 00:26:28.700]  我們回到老家福音第十七章
[00:26:28.700 --> 00:26:30.200]  大麻風的故事
[00:26:30.200 --> 00:26:32.900]  耶穌看見就對他們說
[00:26:32.900 --> 00:26:34.500]  那幫十個大麻風人
[00:26:34.500 --> 00:26:39.700]  你們去把身體給祭司檢查
[00:26:39.700 --> 00:26:42.700]  他們正去的時候就結證了
[00:26:42.700 --> 00:26:44.500]  第十五節
[00:26:44.500 --> 00:26:47.200]  有一個見自己已經好了
[00:26:47.200 --> 00:26:50.100]  周會內大聲
[00:26:50.100 --> 00:26:52.500]  歸榮耀給上帝
[00:26:52.500 --> 00:26:56.400]  接著苦服在耶穌的腳前
[00:26:56.400 --> 00:26:58.100]  老家福音說這個人回來
[00:26:58.100 --> 00:26:59.800]  祂用了一個很特別的詞句
[00:26:59.800 --> 00:27:01.300]  去形容祂的回來
[00:27:01.300 --> 00:27:02.500]  祂不是這樣回來
[00:27:02.500 --> 00:27:06.000]  祂是回來歸榮耀給上帝
[00:27:06.000 --> 00:27:07.800]  我問你
[00:27:07.800 --> 00:27:11.400]  祂為了什麼歸榮耀給上帝
[00:27:11.400 --> 00:27:14.400]  祂為了什麼去讚美上帝
[00:27:14.400 --> 00:27:16.300]  你就會猜
[00:27:16.300 --> 00:27:18.800]  當然是為祂醫治
[00:27:18.800 --> 00:27:20.700]  我是大麻風的人
[00:27:20.700 --> 00:27:22.200]  耶穌醫好了我
[00:27:22.200 --> 00:27:24.100]  哎呀,好散了,那怎麼辦
[00:27:24.100 --> 00:27:25.600]  都要回去說聲謝謝
[00:27:25.600 --> 00:27:28.600]  於是去到歸榮耀給上帝
[00:27:28.600 --> 00:27:29.000]  為什麼
[00:27:29.000 --> 00:27:30.600]  因為祂醫治,結證了我
[00:27:30.600 --> 00:27:33.500]  是不是,不是
[00:27:33.500 --> 00:27:35.400]  我怎麼知道不是
[00:27:35.400 --> 00:27:37.400]  因為這個不是一個普通的感謝
[00:27:37.400 --> 00:27:39.300]  這個不是一個普通的讚美
[00:27:39.300 --> 00:27:42.700]  這個是一個深不可測的應訊
[00:27:42.700 --> 00:27:44.800]  原來在老家福音裡面
[00:27:44.800 --> 00:27:46.900]  歸榮耀給上帝這個詞句
[00:27:46.900 --> 00:27:48.900]  不是隨便出來的
[00:27:48.900 --> 00:27:50.800]  是一個專有名詞
[00:27:50.800 --> 00:27:51.900]  專有名句
[00:27:51.900 --> 00:27:57.200]  代表了一個深不可測的應訊
[00:27:57.200 --> 00:27:58.900]  林穆斯理說了些什麼
[00:27:58.900 --> 00:28:01.700]  我帶你回去老家福音第二章
[00:28:01.700 --> 00:28:04.900]  第一次歸榮耀給上帝
[00:28:04.900 --> 00:28:06.900]  在老家福音出來
[00:28:06.900 --> 00:28:08.000]  同一句說話
[00:28:08.000 --> 00:28:08.900]  應用在哪裡
[00:28:08.900 --> 00:28:12.200]  守夜的牧羊人
[00:28:12.200 --> 00:28:13.800]  他們歸榮耀給上帝
[00:28:13.800 --> 00:28:15.100]  是因為什麼
[00:28:15.100 --> 00:28:16.200]  因為他有麻風病
[00:28:16.200 --> 00:28:18.100]  接著上帝醫好他
[00:28:18.100 --> 00:28:19.100]  還是走散了
[00:28:19.100 --> 00:28:20.200]  讓上帝幫他找回
[00:28:20.200 --> 00:28:20.900]  不是
[00:28:20.900 --> 00:28:24.600]  是因為那晚這幫牧羊人
[00:28:24.600 --> 00:28:27.200]  看見了救主的光臨
[00:28:27.200 --> 00:28:28.700]  歸榮耀給上帝
[00:28:28.700 --> 00:28:32.500]  不是片面的感謝
[00:28:32.500 --> 00:28:35.900]  而是一個深不可測的應訊
[00:28:35.900 --> 00:28:38.700]  老家福音第二章第20節
[00:28:38.700 --> 00:28:40.200]  牧羊人
[00:28:40.200 --> 00:28:43.500]  因所聽見所看見的一切事
[00:28:43.500 --> 00:28:44.700]  這個又是另一句句子
[00:28:44.700 --> 00:28:45.400]  經常出來的
[00:28:45.400 --> 00:28:46.800]  所聽見所看見
[00:28:46.800 --> 00:28:48.800]  全部關於耶穌的事情
[00:28:48.800 --> 00:28:51.100]  正如天使向他們所說的
[00:28:51.100 --> 00:28:53.100]  將歸榮耀給上帝
[00:28:53.100 --> 00:28:54.100]  歸榮耀
[00:28:54.100 --> 00:28:56.300]  為什麼歸榮耀給上帝
[00:28:56.300 --> 00:28:58.600]  為他們所看見所聽見的一切事
[00:28:58.600 --> 00:29:00.400]  如果我們回到之前
[00:29:00.400 --> 00:29:02.700]  去見到耶穌
[00:29:02.700 --> 00:29:04.600]  耶穌的出世
[00:29:04.600 --> 00:29:07.200]  我帶你回到第二章第十一節
[00:29:07.200 --> 00:29:09.700]  很出名的聖誕故事
[00:29:09.700 --> 00:29:12.900]  每個聖誕節大家都讀的
[00:29:12.900 --> 00:29:14.800]  如果我再讀早一點
[00:29:14.800 --> 00:29:16.600]  第八節開始我讀給你聽
[00:29:16.600 --> 00:29:20.100]  在伯利恆野外有牧羊人
[00:29:20.100 --> 00:29:23.900]  他們夜間當值守羊群
[00:29:23.900 --> 00:29:26.300]  有一個天使站在他們旁邊
[00:29:26.300 --> 00:29:28.600]  主的榮耀照著他們牧羊人
[00:29:28.600 --> 00:29:29.500]  就很害怕
[00:29:29.500 --> 00:29:31.500]  天使對他們說
[00:29:31.500 --> 00:29:32.300]  fear not
[00:29:32.300 --> 00:29:33.300]  不要懼怕
[00:29:33.300 --> 00:29:35.100]  看著我為你們報
[00:29:35.100 --> 00:29:36.400]  大好的消息
[00:29:36.400 --> 00:29:37.600]  大喜的消息
[00:29:37.600 --> 00:29:41.200]  那個時候有什麼是大喜的消息
[00:29:41.200 --> 00:29:43.000]  你這個窮光蛋今天走運了
[00:29:43.000 --> 00:29:44.300]  我給你一些賞賜
[00:29:44.300 --> 00:29:45.400]  給你一些銀兩
[00:29:45.400 --> 00:29:46.100]  不是
[00:29:46.100 --> 00:29:47.200]  這個不是大喜的消息
[00:29:47.200 --> 00:29:49.200]  大喜的消息是關乎萬民
[00:29:49.200 --> 00:29:51.600]  今天在大衛的城裡
[00:29:51.600 --> 00:29:54.700]  生了一個救主士
[00:29:54.700 --> 00:29:56.400]  主基督
[00:29:56.400 --> 00:29:58.900]  這個是大喜的信息
[00:29:58.900 --> 00:29:59.800]  接著他繼續說
[00:29:59.800 --> 00:30:02.400]  你們要看見一個嬰孩
[00:30:02.400 --> 00:30:03.900]  包被包著
[00:30:03.900 --> 00:30:05.400]  我在馬槽裡
[00:30:05.400 --> 00:30:09.400]  就是救主的記號
[00:30:09.400 --> 00:30:14.900]  接著忽然有一幫大隊的天兵
[00:30:14.900 --> 00:30:19.400]  和那天使一起讚美上帝
[00:30:19.400 --> 00:30:20.700]  算最高之處
[00:30:20.700 --> 00:30:22.500]  榮耀歸上帝
[00:30:22.500 --> 00:30:24.500]  榮耀歸於上帝
[00:30:24.500 --> 00:30:26.900]  地上平安歸於他所意願的職人
[00:30:26.900 --> 00:30:29.300]  榮耀歸上帝是說什麼
[00:30:29.300 --> 00:30:31.100]  當你將榮耀歸上帝的時候
[00:30:31.100 --> 00:30:32.000]  你所說的
[00:30:32.000 --> 00:30:34.500]  希望不是你自己所經歷的神職歧視
[00:30:34.500 --> 00:30:36.500]  如果你敢用一定錯
[00:30:36.500 --> 00:30:37.800]  在《路加福音》裡面
[00:30:37.800 --> 00:30:39.400]  將榮耀歸上帝
[00:30:39.400 --> 00:30:42.100]  是和救主來臨
[00:30:42.100 --> 00:30:45.000]  有直接的關係
[00:30:45.000 --> 00:30:49.400]  回到《路加福音》第十七章
[00:30:49.400 --> 00:30:51.700]  第十五節這裡
[00:30:51.700 --> 00:30:54.700]  有一個見自己已經好了
[00:30:54.700 --> 00:30:58.900]  周回來大聲的榮耀給上帝
[00:30:58.900 --> 00:31:00.600]  榮耀給上帝
[00:31:00.600 --> 00:31:03.900]  他為什麼將榮耀歸上帝
[00:31:03.900 --> 00:31:05.700]  為他所見所聽的一切
[00:31:05.700 --> 00:31:06.600]  就是什麼
[00:31:06.600 --> 00:31:07.700]  什麼發生了
[00:31:07.700 --> 00:31:10.600]  今天在撒馬里亞城裡
[00:31:10.600 --> 00:31:13.800]  救主來到就是主基督
[00:31:13.800 --> 00:31:15.000]  你聽不聽得到
[00:31:15.000 --> 00:31:16.500]  榮耀歸上帝
[00:31:16.500 --> 00:31:18.200]  牧羊人榮耀歸上帝
[00:31:18.200 --> 00:31:20.700]  因為上帝的救主
[00:31:20.700 --> 00:31:23.100]  在百里行出生
[00:31:23.100 --> 00:31:26.300]  這個大麻風得救的人
[00:31:26.300 --> 00:31:27.500]  他榮耀歸上帝
[00:31:27.500 --> 00:31:30.000]  因為那個救主
[00:31:30.000 --> 00:31:32.400]  今天來到撒馬里亞
[00:31:32.400 --> 00:31:34.000]  今天我們在工地堂
[00:31:34.000 --> 00:31:36.000]  銅鑼灣香港榮耀歸上帝
[00:31:36.000 --> 00:31:36.900]  是因為什麼
[00:31:36.900 --> 00:31:40.100]  我們今天有耶穌基督的福音可傳
[00:31:40.100 --> 00:31:41.300]  不是因為我們當中
[00:31:41.300 --> 00:31:43.000]  有人有神職歧視
[00:31:43.000 --> 00:31:44.000]  一會兒圓了崇拜
[00:31:44.000 --> 00:31:46.100]  大家輪流回來做見證
[00:31:46.100 --> 00:31:49.000]  那個不是榮耀歸上帝
[00:31:49.000 --> 00:31:52.700]  當我們全港主耶穌基督的福音的時候
[00:31:52.700 --> 00:31:54.700]  這個是榮耀歸上帝
[00:31:54.700 --> 00:31:57.000]  不是普通的感謝讚美
[00:31:57.000 --> 00:31:59.000]  是深不可測
[00:31:59.000 --> 00:32:02.700]  真正使人得救的認訊
[00:32:02.700 --> 00:32:06.200]  榮耀歸上帝得永生
[00:32:06.200 --> 00:32:08.500]  不榮耀歸上帝呢
[00:32:08.500 --> 00:32:10.400]  如果一個人不願意
[00:32:10.400 --> 00:32:12.500]  將榮耀歸上帝又會怎樣
[00:32:12.500 --> 00:32:15.600]  這個人會得到死亡
[00:32:15.600 --> 00:32:18.700]  《史學行傳》第十二章
[00:32:18.700 --> 00:32:20.300]  講到有另一個故事
[00:32:20.300 --> 00:32:21.700]  一個反面的教材
[00:32:21.700 --> 00:32:23.700]  這個人剛剛相反
[00:32:23.700 --> 00:32:26.700]  他不把榮耀歸上帝
[00:32:26.700 --> 00:32:29.600]  希律不歸榮耀及上帝
[00:32:29.600 --> 00:32:31.900]  主的事者立刻擊打他
[00:32:31.900 --> 00:32:36.400]  他被蟲咬就斷了氣
[00:32:36.400 --> 00:32:37.900]  這個是路加福音的下集
[00:32:37.900 --> 00:32:39.100]  大家知道嗎
[00:32:39.100 --> 00:32:41.700]  《史學行傳》是路加福音的下集
[00:32:41.700 --> 00:32:42.700]  這個有個圖畫
[00:32:42.700 --> 00:32:44.600]  這個圖畫是一個半逆不信的圖畫
[00:32:44.600 --> 00:32:46.100]  是一個至高至大的圖畫
[00:32:46.100 --> 00:32:49.000]  是一個死亡審判的圖畫
[00:32:49.000 --> 00:32:50.500]  大家看回聖經很有意思
[00:32:50.500 --> 00:32:54.000]  他說希律在鎖定的日子
[00:32:54.000 --> 00:32:56.500]  穿上他的潮服做皇帝
[00:32:56.500 --> 00:32:58.700]  坐在他的寶座上
[00:32:58.700 --> 00:33:00.200]  對那些人演講
[00:33:00.200 --> 00:33:02.800]  然後下面的民眾要討好他
[00:33:02.800 --> 00:33:05.600]  這是神人的聲音
[00:33:05.600 --> 00:33:07.900]  不是人的聲音
[00:33:07.900 --> 00:33:10.100]  萬歲萬歲萬萬歲
[00:33:10.100 --> 00:33:12.800]  希律王不歸榮耀及上帝
[00:33:12.800 --> 00:33:15.700]  自己坐上帝應該坐的寶座
[00:33:15.700 --> 00:33:19.900]  於是他的下場是被上帝所審判
[00:33:19.900 --> 00:33:20.600]  那我想問問你
[00:33:20.600 --> 00:33:23.000]  這個是不是你的圖畫
[00:33:23.000 --> 00:33:27.700]  誰坐在你人生的寶座之上
[00:33:27.700 --> 00:33:29.900]  是你自己還是上帝
[00:33:29.900 --> 00:33:31.800]  什麼叫做榮耀歸上帝
[00:33:31.800 --> 00:33:35.600]  讓上帝坐在我們人生的寶座之上
[00:33:35.600 --> 00:33:38.300]  如果你自己仍然坐在你人生的寶座之上
[00:33:38.300 --> 00:33:40.600]  你需要迴轉悔改
[00:33:40.600 --> 00:33:42.300]  歸榮耀給上帝
[00:33:42.300 --> 00:33:43.100]  我們再問
[00:33:43.100 --> 00:33:45.500]  什麼叫做歸榮耀給上帝
[00:33:45.500 --> 00:33:46.380]  下一句
[00:33:46.380 --> 00:33:47.500]  答左給我們聽
[00:33:47.500 --> 00:33:52.000]  就是「俯伏在耶穌的腳前」
[00:33:52.000 --> 00:33:56.300]  「俯伏在耶穌的腳前」
[00:33:56.300 --> 00:33:57.100]  讀到這裏
[00:33:57.100 --> 00:34:01.800]  我們又再次「思應雙倍,看見雙生」
[00:34:01.800 --> 00:34:03.800]  原來之前已經有另外一個人
[00:34:03.800 --> 00:34:05.900]  在這個大麻風病人醫好
[00:34:05.900 --> 00:34:08.100]  俯伏在耶穌基督的面前
[00:34:08.100 --> 00:34:09.700]  而之前已經有另外一個人
[00:34:09.700 --> 00:34:11.700]  已經搶了個頭位
[00:34:11.700 --> 00:34:14.500]  俯伏在耶穌基督的面前
[00:34:14.500 --> 00:34:16.800]  路加福音第七章第三十七節
[00:34:16.800 --> 00:34:17.400]  大家都記得
[00:34:17.400 --> 00:34:18.700]  我有講過這段聖經的
[00:34:18.700 --> 00:34:20.600]  有一個女人
[00:34:20.600 --> 00:34:22.000]  有一個罪人
[00:34:22.000 --> 00:34:24.600]  她靠著耶穌的腳
[00:34:24.600 --> 00:34:27.500]  在行眼淚的塞了耶穌的腳
[00:34:27.500 --> 00:34:29.100]  親她的腳
[00:34:29.100 --> 00:34:30.000]  把香菇
[00:34:30.000 --> 00:34:32.000]  很貴的香菇
[00:34:32.000 --> 00:34:37.000]  抹在耶穌的腳上
[00:34:37.000 --> 00:34:40.300]  這個女人究竟是什麼人
[00:34:40.300 --> 00:34:42.100]  會大庭廣眾之下
[00:34:42.100 --> 00:34:45.200]  做出這樣的行為
[00:34:45.200 --> 00:34:49.600]  有什麼人會俯伏在耶穌基督的腳前
[00:34:49.600 --> 00:34:51.000]  路加福音我們的答案是
[00:34:51.000 --> 00:34:52.500]  罪人
[00:34:52.500 --> 00:34:54.600]  大大的罪人
[00:34:54.600 --> 00:34:57.000]  誰會做這件事
[00:34:57.000 --> 00:34:59.600]  俯伏在耶穌基督的面前
[00:34:59.600 --> 00:35:01.100]  罪人
[00:35:01.100 --> 00:35:01.900]  大大的罪人
[00:35:01.900 --> 00:35:05.000]  什麼叫做俯伏在耶穌基督的面前
[00:35:05.000 --> 00:35:07.500]  就是將自己的一切
[00:35:07.500 --> 00:35:09.500]  自己最寶貴的東西
[00:35:09.500 --> 00:35:12.900]  獻上給耶穌
[00:35:12.900 --> 00:35:13.800]  我們都記得
[00:35:13.800 --> 00:35:14.800]  少保羅
[00:35:14.800 --> 00:35:15.800]  在他進駐之後
[00:35:15.800 --> 00:35:16.600]  他曾經這樣說
[00:35:16.600 --> 00:35:18.700]  菲律賓書第三章
[00:35:18.700 --> 00:35:22.400]  我把萬事都看作有損的
[00:35:22.400 --> 00:35:25.900]  因為我以認識主耶穌基督為至寶
[00:35:25.900 --> 00:35:26.800]  他為我
[00:35:26.800 --> 00:35:28.800]  我為他已經丟棄萬事
[00:35:28.800 --> 00:35:30.400]  看為奮袍
[00:35:30.400 --> 00:35:31.800]  為要贏取基督
[00:35:31.800 --> 00:35:32.700]  這個就是
[00:35:32.700 --> 00:35:36.900]  俯伏在耶穌基督的腳下
[00:35:36.900 --> 00:35:38.400]  我們跳到第七章
[00:35:38.400 --> 00:35:39.400]  第四十七節
[00:35:39.400 --> 00:35:41.400]  繼續這個故事
[00:35:41.400 --> 00:35:45.400]  這是耶穌對這個女士
[00:35:45.400 --> 00:35:47.100]  祂所做的事的解釋
[00:35:47.100 --> 00:35:47.800]  耶穌這樣解釋
[00:35:47.800 --> 00:35:48.300]  祂說
[00:35:48.300 --> 00:35:50.600]  她許多的罪都赦免了
[00:35:50.600 --> 00:35:53.300]  因為她愛的多
[00:35:53.300 --> 00:35:55.600]  而那少得赦免的
[00:35:55.600 --> 00:35:57.300]  愛的有少
[00:35:57.300 --> 00:35:58.700]  接著最後說一句
[00:35:58.700 --> 00:35:59.400]  祂說
[00:35:59.400 --> 00:36:01.700]  你的信
[00:36:01.700 --> 00:36:03.900]  夠了你
[00:36:03.900 --> 00:36:06.000]  這個人愛得多
[00:36:06.000 --> 00:36:10.600]  因為他被赦免的很多
[00:36:10.600 --> 00:36:14.500]  不只是這個女人回頭回來
[00:36:14.500 --> 00:36:16.600]  讚美上帝的麻風病人
[00:36:16.600 --> 00:36:17.900]  也是一樣
[00:36:17.900 --> 00:36:20.400]  他和其他九個不回來的人
[00:36:20.400 --> 00:36:22.500]  有一個分別
[00:36:22.500 --> 00:36:24.000]  那個分別是什麼
[00:36:24.000 --> 00:36:25.600]  九個人
[00:36:25.600 --> 00:36:30.700]  只要的是神職意志
[00:36:30.700 --> 00:36:31.900]  這個人得到的
[00:36:31.900 --> 00:36:33.200]  不只是神職的意志
[00:36:33.200 --> 00:36:34.900]  更是最得赦免
[00:36:34.900 --> 00:36:37.300]  他俯伏在耶穌基督的面前
[00:36:37.300 --> 00:36:39.700]  他回來俯伏在耶穌基督的面前
[00:36:39.700 --> 00:36:42.700]  是因為他的潔淨
[00:36:42.700 --> 00:36:45.500]  讓他察意識到一件事
[00:36:45.500 --> 00:36:47.300]  原來他許多的罪
[00:36:47.300 --> 00:36:50.600]  都同時間被赦免了
[00:36:50.600 --> 00:36:53.200]  我不知道你會不會想像
[00:36:53.200 --> 00:36:54.400]  有十個人
[00:36:54.400 --> 00:36:56.200]  十個人都很不幸地
[00:36:56.200 --> 00:36:58.800]  遇上麻風病
[00:36:58.800 --> 00:37:00.700]  其中有一個人
[00:37:00.700 --> 00:37:02.700]  他做了很多很多壞事
[00:37:02.700 --> 00:37:05.500]  或者他自己知道自己做了很多壞事
[00:37:05.500 --> 00:37:06.200]  接著有一年
[00:37:06.200 --> 00:37:08.600]  他無緣無故
[00:37:08.600 --> 00:37:11.400]  就有大麻風
[00:37:11.400 --> 00:37:12.700]  到耶穌來到的時候
[00:37:12.700 --> 00:37:14.300]  十個人
[00:37:14.300 --> 00:37:16.000]  來找耶穌
[00:37:16.000 --> 00:37:18.400]  其他九個人覺得自己
[00:37:18.400 --> 00:37:19.400]  都算是一個好人
[00:37:19.400 --> 00:37:21.400]  很不幸地
[00:37:21.400 --> 00:37:23.700]  患了失憾
[00:37:23.700 --> 00:37:25.600]  這個人知道
[00:37:25.600 --> 00:37:27.300]  我罪大惡極
[00:37:27.300 --> 00:37:28.300]  上帝這樣懲罰
[00:37:28.300 --> 00:37:30.800]  我是絕對應該的
[00:37:30.800 --> 00:37:33.100]  但是因為其他九個人來找耶穌
[00:37:33.100 --> 00:37:34.000]  他就說
[00:37:34.000 --> 00:37:34.700]  就算了
[00:37:34.700 --> 00:37:37.600]  其實他都不敢跟他們一起去找耶穌
[00:37:37.600 --> 00:37:39.700]  因為他自知他跟其他九個人不一樣
[00:37:39.700 --> 00:37:40.900]  因為他罪大惡極
[00:37:40.900 --> 00:37:42.300]  他只可以跟他們
[00:37:42.300 --> 00:37:44.700]  差得遠一點
[00:37:44.700 --> 00:37:45.700]  九個在前面
[00:37:45.700 --> 00:37:46.600]  一個在後面
[00:37:46.600 --> 00:37:47.200]  在旁邊
[00:37:47.200 --> 00:37:47.900]  接著說
[00:37:47.900 --> 00:37:49.700]  憐憫我吧
[00:37:49.700 --> 00:37:51.200]  當耶穌說你們去的時候
[00:37:51.200 --> 00:37:53.100]  他回去時從來沒有想過
[00:37:53.100 --> 00:37:55.700]  就由他去
[00:37:55.700 --> 00:37:57.500]  走著走著
[00:37:57.500 --> 00:37:58.600]  他的大麻風都消失了
[00:37:58.600 --> 00:38:02.200]  消失了
[00:38:02.200 --> 00:38:03.700]  當那一刻他看到
[00:38:03.700 --> 00:38:04.800]  他的大麻風都消失的時候
[00:38:04.800 --> 00:38:05.000]  他就說
[00:38:05.000 --> 00:38:06.700]  我的天啊
[00:38:06.700 --> 00:38:10.200]  上帝赦免了我的罪
[00:38:10.200 --> 00:38:11.500]  上帝赦免了我的罪
[00:38:11.500 --> 00:38:14.000]  其他九個人
[00:38:14.000 --> 00:38:15.200]  他覺得上帝醫好
[00:38:15.200 --> 00:38:18.600]  他是絕對有理人的
[00:38:18.600 --> 00:38:21.400]  他覺得他會回去做一個好人
[00:38:21.400 --> 00:38:22.600]  就搞定了
[00:38:22.600 --> 00:38:23.800]  這個人
[00:38:23.800 --> 00:38:26.000]  他覺得他罪無可恕
[00:38:26.000 --> 00:38:26.900]  但是上帝醫治了他
[00:38:26.900 --> 00:38:30.200]  於是他回到耶穌面前
[00:38:30.200 --> 00:38:32.800]  撫卜在耶穌的腳前
[00:38:32.800 --> 00:38:36.000]  因為他知道他很多的罪
[00:38:36.000 --> 00:38:37.000]  都被赦免了
[00:38:37.000 --> 00:38:39.100]  我們很肯定知道這個人
[00:38:39.100 --> 00:38:40.500]  的罪真是被赦免了
[00:38:40.500 --> 00:38:41.700]  你知道我怎麼知道
[00:38:41.700 --> 00:38:43.000]  因為這個人
[00:38:43.000 --> 00:38:44.900]  跟在第七章裡面的女人一樣
[00:38:44.900 --> 00:38:46.800]  耶穌對她說了同一句說話
[00:38:46.800 --> 00:38:47.400]  耶穌說
[00:38:47.400 --> 00:38:48.500]  不理得信就要理
[00:38:48.500 --> 00:38:51.200]  不是我說的
[00:38:51.200 --> 00:38:52.200]  口說無憑
[00:38:52.200 --> 00:38:53.900]  臨陌飛說無憑
[00:38:53.900 --> 00:38:55.600]  耶穌說了有理由
[00:38:55.600 --> 00:38:59.900]  耶穌對那人說
[00:38:59.900 --> 00:39:01.000]  起來
[00:39:01.000 --> 00:39:02.200]  走吧
[00:39:02.200 --> 00:39:05.300]  你的信
[00:39:05.300 --> 00:39:06.000]  救了你
[00:39:06.000 --> 00:39:07.800]  你的信救了你
[00:39:07.800 --> 00:39:09.200]  耶穌告訴他
[00:39:09.200 --> 00:39:12.400]  你想得一點都沒有錯
[00:39:12.400 --> 00:39:13.400]  你想
[00:39:13.400 --> 00:39:14.800]  我的罪是否被赦免
[00:39:14.800 --> 00:39:15.800]  我告訴你
[00:39:15.800 --> 00:39:17.000]  Yes
[00:39:17.000 --> 00:39:18.600]  and I said it
[00:39:18.600 --> 00:39:19.100]  Yes
[00:39:19.100 --> 00:39:20.500]  你的罪被赦免了
[00:39:20.500 --> 00:39:22.100]  你的信救了你
[00:39:22.100 --> 00:39:23.300]  接著耶穌跟他說
[00:39:23.300 --> 00:39:23.900]  起來
[00:39:23.900 --> 00:39:24.400]  走吧
[00:39:24.400 --> 00:39:26.000]  起來是什麼
[00:39:26.000 --> 00:39:28.400]  復活的語言
[00:39:28.400 --> 00:39:29.500]  Restoration Language
[00:39:29.500 --> 00:39:30.600]  什麼叫起來
[00:39:30.600 --> 00:39:31.800]  復活
[00:39:31.800 --> 00:39:35.400]  你記不記得在回轉浪子的故事裡面
[00:39:35.400 --> 00:39:36.200]  耶穌這樣說
[00:39:36.200 --> 00:39:38.700]  那個弟弟是死而復活
[00:39:38.700 --> 00:39:40.000]  他在看這個人
[00:39:40.000 --> 00:39:40.800]  他說
[00:39:40.800 --> 00:39:41.300]  起來
[00:39:41.300 --> 00:39:43.400]  為什麼你死而復活
[00:39:43.400 --> 00:39:44.600]  你死在罪中
[00:39:44.600 --> 00:39:47.200]  現在你被上帝所赦免
[00:39:47.200 --> 00:39:49.800]  你起來吧
[00:39:49.800 --> 00:39:52.400]  起來去活一個新的人生
[00:39:52.400 --> 00:39:53.400]  完全新的人生
[00:39:53.400 --> 00:39:55.400]  什麼是新的人生
[00:39:55.400 --> 00:39:58.200]  你要回想回到回轉浪子的故事
[00:39:58.200 --> 00:39:59.400]  在那個故事裡面
[00:39:59.400 --> 00:40:00.100]  十五章裡面
[00:40:00.100 --> 00:40:03.200]  那個浪子小兒子
[00:40:03.200 --> 00:40:05.500]  最大惡極回到了
[00:40:05.500 --> 00:40:09.200]  做回上帝天父的兒子
[00:40:09.200 --> 00:40:11.600]  他現在過著一個什麼生活
[00:40:11.600 --> 00:40:12.900]  愛子的生活
[00:40:12.900 --> 00:40:14.800]  如果你記得我講那篇道的時候
[00:40:14.800 --> 00:40:15.600]  這個人回來
[00:40:15.600 --> 00:40:19.200]  他想做僕人
[00:40:19.200 --> 00:40:20.800]  上帝將他做回來
[00:40:20.800 --> 00:40:22.400]  變成了他的愛子
[00:40:22.400 --> 00:40:24.600]  這個愛子餘下的生命會是怎麼樣
[00:40:24.600 --> 00:40:27.600]  他會從身體裡
[00:40:27.600 --> 00:40:29.500]  忠誠地服侍上帝
[00:40:29.500 --> 00:40:30.700]  這個是
[00:40:30.700 --> 00:40:32.100]  起來
[00:40:32.100 --> 00:40:33.700]  走吧
[00:40:33.700 --> 00:40:36.300]  不是找個老婆去結婚
[00:40:36.300 --> 00:40:38.000]  生個可愛的兒子
[00:40:38.000 --> 00:40:39.600]  然後棄給我
[00:40:39.600 --> 00:40:41.100]  不是講這些
[00:40:41.100 --> 00:40:42.700]  起來
[00:40:42.700 --> 00:40:43.600]  去吧
[00:40:43.600 --> 00:40:46.300]  活一個從心裡面
[00:40:46.300 --> 00:40:49.200]  忠誠服侍上帝的人生
[00:40:49.200 --> 00:40:54.400]  這個大麻風的人的生命完全的改造
[00:40:54.400 --> 00:40:57.400]  那麼這裡我們其實還沒有揭曉這個人
[00:40:57.400 --> 00:40:59.200]  這個瘋人
[00:40:59.200 --> 00:41:01.400]  最後的身份
[00:41:01.400 --> 00:41:05.900]  路亞邦第十七章第十六節
[00:41:05.900 --> 00:41:09.600]  告訴我們一個巨大的秘密
[00:41:09.600 --> 00:41:13.800]  他說這人是薩瑪利亞人
[00:41:13.800 --> 00:41:15.500]  如果你去開教
[00:41:15.500 --> 00:41:17.500]  你知道薩瑪利亞人的意思
[00:41:17.500 --> 00:41:20.300]  薩瑪利亞人是好幾百年前
[00:41:20.300 --> 00:41:23.400]  猶太人和亞洲人的後人
[00:41:23.400 --> 00:41:25.300]  好聽一點就是混血兒
[00:41:25.300 --> 00:41:28.000]  不好聽就是雜種
[00:41:28.000 --> 00:41:33.000]  這幫雜種距離耶和華上帝最遠的人
[00:41:33.000 --> 00:41:35.200]  真是最知識的人
[00:41:35.200 --> 00:41:38.400]  他們裡面最差的都沒有薩瑪利亞人那麼差
[00:41:38.400 --> 00:41:40.900]  雜種距離耶和華上帝最遠的人
[00:41:40.900 --> 00:41:44.000]  竟然最早的迴轉
[00:41:44.000 --> 00:41:46.500]  悔改
[00:41:46.500 --> 00:41:50.800]  這人是薩瑪利亞人
[00:41:50.800 --> 00:41:53.000]  來到耶穌再次回去薩瑪利亞
[00:41:53.000 --> 00:41:56.000]  就是為了要救這個瘋人
[00:41:56.000 --> 00:41:58.100]  你記不記得在約翰福音第四章裡面
[00:41:58.100 --> 00:42:00.500]  耶穌特意前往薩瑪利亞人
[00:42:00.500 --> 00:42:01.900]  要去撩女孩
[00:42:01.900 --> 00:42:03.800]  在井邊和她聊天
[00:42:03.800 --> 00:42:07.400]  為了要營救那個薩瑪利亞人
[00:42:07.400 --> 00:42:08.600]  今天也一樣
[00:42:08.600 --> 00:42:11.200]  耶穌望向十字架
[00:42:11.200 --> 00:42:13.000]  要去耶路撒冷
[00:42:13.000 --> 00:42:16.700]  最後門徒說
[00:42:16.700 --> 00:42:17.400]  是不是尹氏敬
[00:42:17.400 --> 00:42:18.500]  不是
[00:42:18.500 --> 00:42:22.500]  我要經過薩瑪利亞再多一次
[00:42:22.500 --> 00:42:24.500]  我上次拒絕了你
[00:42:24.500 --> 00:42:25.700]  再一次
[00:42:25.700 --> 00:42:27.200]  再一次
[00:42:27.200 --> 00:42:28.800]  上帝願意萬人得救
[00:42:28.800 --> 00:42:30.800]  不願意一人沉淪
[00:42:30.800 --> 00:42:32.200]  再一次
[00:42:32.200 --> 00:42:33.400]  再回去
[00:42:33.400 --> 00:42:36.100]  為了要營救這個人
[00:42:36.100 --> 00:42:40.200]  這人是一個薩瑪利亞人
[00:42:40.200 --> 00:42:41.300]  第十法支
[00:42:41.300 --> 00:42:45.400]  耶穌說「除了這個愛族人」
[00:42:45.400 --> 00:42:47.500]  「沒有別人回來」
[00:42:47.500 --> 00:42:50.900]  「威榮要及上帝嗎」
[00:42:50.900 --> 00:42:52.500]  除了這個愛族人
[00:42:52.500 --> 00:42:53.800]  這個人有個名字
[00:42:53.800 --> 00:42:55.600]  耶穌給他一個很特別的名堂
[00:42:55.600 --> 00:42:57.200]  他叫做愛族人
[00:42:57.200 --> 00:42:59.400]  原來這個希臘文
[00:42:59.400 --> 00:43:02.600]  在整本聖經中出現過一次
[00:43:02.600 --> 00:43:05.800]  耶穌說這個是一個愛族人
[00:43:05.800 --> 00:43:07.600]  但原來對於當時的猶太人來講
[00:43:07.600 --> 00:43:08.600]  一見到這個字
[00:43:08.600 --> 00:43:11.400]  其實非常熟悉
[00:43:11.400 --> 00:43:13.600]  整本聖經出現過一次
[00:43:13.600 --> 00:43:15.400]  但在他們的日常生活中
[00:43:15.400 --> 00:43:18.400]  每個猶太人都知道什麼叫做愛族人
[00:43:18.400 --> 00:43:19.600]  為什麼
[00:43:19.600 --> 00:43:22.400]  原來在耶路撒冷的聖殿裡面
[00:43:22.400 --> 00:43:25.600]  有一個警告牌
[00:43:25.600 --> 00:43:27.400]  聖殿當時是怎樣的
[00:43:27.400 --> 00:43:29.400]  如果你是一個外邦人
[00:43:29.400 --> 00:43:32.000]  你們不可以進內院
[00:43:32.000 --> 00:43:33.700]  內院要以色列人才行
[00:43:33.700 --> 00:43:35.600]  以色列女人再進去
[00:43:35.600 --> 00:43:36.800]  就是以色列男人
[00:43:36.800 --> 00:43:38.100]  然後要祭司
[00:43:38.100 --> 00:43:41.100]  然後要大祭司才可以這樣進去
[00:43:41.100 --> 00:43:43.800]  於是在外院和內院之間
[00:43:43.800 --> 00:43:45.900]  有一個很大的警告牌
[00:43:45.900 --> 00:43:47.400]  寫著什麼
[00:43:47.400 --> 00:43:50.600]  愛族人
[00:43:50.600 --> 00:43:53.100]  不准進去
[00:43:53.100 --> 00:43:54.900]  進入者死
[00:43:54.900 --> 00:43:56.400]  愛族人
[00:43:56.400 --> 00:43:58.700]  進入者死
[00:43:58.700 --> 00:44:01.400]  但你知道這個愛族人這個習俗
[00:44:01.400 --> 00:44:03.400]  他不單止進入了聖殿
[00:44:03.400 --> 00:44:05.500]  他不單止進入了聖殿的內院
[00:44:05.500 --> 00:44:07.800]  其實他進入了聖殿的至聖左心哲
[00:44:07.800 --> 00:44:10.900]  而他來到聖結上帝的面前
[00:44:10.900 --> 00:44:14.000]  那個人的面前是耶穌
[00:44:14.000 --> 00:44:16.600]  他突破了所有的東西
[00:44:16.600 --> 00:44:19.200]  他在一個新的永遠聖殿
[00:44:19.200 --> 00:44:22.500]  耶穌將要成為那個新的永遠聖殿
[00:44:22.500 --> 00:44:26.400]  他撫撫已經在新的聖殿裡面
[00:44:26.400 --> 00:44:27.900]  敬拜上帝
[00:44:27.900 --> 00:44:30.100]  超越了所有的警告
[00:44:30.100 --> 00:44:31.100]  他不單止沒有死
[00:44:31.100 --> 00:44:34.400]  他得著了生命
[00:44:34.400 --> 00:44:36.000]  撒瑪利亞人
[00:44:36.000 --> 00:44:37.200]  麻公病人
[00:44:37.200 --> 00:44:39.000]  習總
[00:44:39.000 --> 00:44:41.000]  愛族
[00:44:41.000 --> 00:44:43.800]  他和約翰福音裡面第四章
[00:44:43.800 --> 00:44:46.800]  另一班的撒瑪利亞人
[00:44:46.800 --> 00:44:48.700]  一同經歷了上帝
[00:44:48.700 --> 00:44:52.700]  在耶穌基督裡面的奇異恩典
[00:44:52.700 --> 00:44:55.400]  他們所遇見的這個猶太拉比耶穌
[00:44:55.400 --> 00:44:56.100]  是誰?
[00:44:56.100 --> 00:44:58.100]  耶穌到底是誰?
[00:44:58.100 --> 00:45:00.000]  是上帝認他的君王
[00:45:00.000 --> 00:45:02.100]  是全世界的救濟
[00:45:02.100 --> 00:45:06.400]  He is the savior of the world
[00:45:06.400 --> 00:45:09.200]  不單止是猶太人的救主
[00:45:09.200 --> 00:45:11.400]  是我們撒瑪利亞人的救主
[00:45:11.400 --> 00:45:12.600]  是中國人的救主
[00:45:12.600 --> 00:45:13.600]  是美國人的救主
[00:45:13.600 --> 00:45:14.800]  是非洲人的救主
[00:45:14.800 --> 00:45:21.800]  He is the savior of the world
[00:45:21.800 --> 00:45:29.400]  耶穌比救約的以利沙先知更偉大
[00:45:29.400 --> 00:45:31.000]  和以利沙先知一樣
[00:45:31.000 --> 00:45:33.800]  他來到撒瑪利亞
[00:45:33.800 --> 00:45:36.400]  他在撒瑪利亞這個地方
[00:45:36.400 --> 00:45:40.200]  顯了一個更大的神蹟
[00:45:40.200 --> 00:45:42.000]  路加福音第四章二十七節
[00:45:42.000 --> 00:45:45.100]  耶穌說回他小時候
[00:45:45.100 --> 00:45:47.700]  最喜歡的其中一個故事
[00:45:47.700 --> 00:45:50.000]  救約裡面的兒童主義學
[00:45:50.000 --> 00:45:52.600]  以利沙的時候有一個麻風病人
[00:45:52.600 --> 00:45:55.200]  有很多的麻風病人
[00:45:55.200 --> 00:45:58.000]  除了敘利亞的一個奶萬大將軍
[00:45:58.000 --> 00:46:00.000]  你記不記得?
[00:46:00.000 --> 00:46:01.900]  沒有人得到潔癬
[00:46:01.900 --> 00:46:06.600]  以利亞行了一個不可能的神蹟
[00:46:06.600 --> 00:46:12.800]  腰空醫好了奶萬的大麻風
[00:46:12.800 --> 00:46:14.000]  But look at me now
[00:46:14.000 --> 00:46:14.800]  你看看耶穌
[00:46:14.800 --> 00:46:17.200]  耶穌是一個更大的以利沙
[00:46:17.200 --> 00:46:19.700]  耶穌一口氣潔癬了
[00:46:19.700 --> 00:46:22.800]  十個大麻風的病人
[00:46:22.800 --> 00:46:23.500]  不單止這樣
[00:46:23.500 --> 00:46:26.900]  耶穌更要拯救所有迴轉
[00:46:26.900 --> 00:46:29.300]  歸向祂的罪人
[00:46:29.300 --> 00:46:31.200]  醫好回來之後
[00:46:31.200 --> 00:46:33.200]  耶穌要拯救這個罪人
[00:46:33.200 --> 00:46:34.400]  拯救祂到底
[00:46:34.400 --> 00:46:36.600]  耶穌不單止使他們得潔癬
[00:46:36.600 --> 00:46:38.600]  耶穌要他們從死裡復活
[00:46:38.600 --> 00:46:42.000]  耶穌要帶領他們進入永遠的聖殿
[00:46:42.000 --> 00:46:44.000]  祂自己就是永遠的聖殿
[00:46:44.000 --> 00:46:45.600]  你這個愛族人
[00:46:45.600 --> 00:46:47.400]  Come!
[00:46:47.400 --> 00:46:49.200]  我不會將你致死
[00:46:49.200 --> 00:46:51.800]  而且我要你得到生命
[00:46:51.800 --> 00:46:54.600]  最後一節
[00:46:54.600 --> 00:46:58.300]  路加福音第十七章第十七節
[00:46:58.300 --> 00:47:00.400]  耶穌回答說
[00:47:00.400 --> 00:47:03.500]  潔癬了的不是有十個嗎?
[00:47:03.500 --> 00:47:07.400]  那九個在哪裡?
[00:47:07.400 --> 00:47:08.800]  有九個在哪裡?
[00:47:08.800 --> 00:47:10.500]  其他九個去了哪裡?
[00:47:10.500 --> 00:47:12.000]  九個不見了
[00:47:12.000 --> 00:47:13.000]  你聽我說
[00:47:13.000 --> 00:47:16.100]  九個失落了
[00:47:16.100 --> 00:47:17.600]  如果我這樣讀的時候
[00:47:17.600 --> 00:47:19.700]  令你想起什麼故事?
[00:47:19.700 --> 00:47:21.800]  記不記得路加福音第十五章裡面
[00:47:21.800 --> 00:47:23.900]  耶穌說了一個失落的比喻
[00:47:23.900 --> 00:47:25.800]  九個失落了
[00:47:25.800 --> 00:47:28.000]  九個為什麼不迴轉?
[00:47:28.000 --> 00:47:29.600]  為什麼九個沒有回來?
[00:47:29.600 --> 00:47:31.600]  路加福音第十五章第七節
[00:47:31.600 --> 00:47:34.700]  告訴我們為什麼九個不回來
[00:47:34.700 --> 00:47:37.900]  路加福音第十五章第七節這樣說
[00:47:37.900 --> 00:47:39.100]  一個罪人悖改
[00:47:39.100 --> 00:47:43.100]  在天上也要這樣為他歡喜
[00:47:43.100 --> 00:47:44.900]  給為九十九個
[00:47:44.900 --> 00:47:47.200]  這個是迷羊的故事
[00:47:47.200 --> 00:47:48.100]  為九十九個
[00:47:48.100 --> 00:47:50.700]  耶穌怎麼說過九十九個?
[00:47:50.700 --> 00:47:53.000]  你本來起初想的九十九個
[00:47:53.000 --> 00:47:55.000]  是很乖的羊母走散的
[00:47:55.000 --> 00:47:56.200]  一個走散了
[00:47:56.200 --> 00:47:57.300]  但是現在耶穌為什麼
[00:47:57.300 --> 00:48:00.400]  說九十九個沒有走散的羊?
[00:48:00.400 --> 00:48:01.800]  他說這九十九個
[00:48:01.800 --> 00:48:05.100]  不用悖改的乙人
[00:48:05.100 --> 00:48:06.300]  歡喜更大
[00:48:06.300 --> 00:48:10.100]  有九十九個不需要悖改
[00:48:10.100 --> 00:48:11.100]  不是不需要悖改
[00:48:11.100 --> 00:48:15.000]  是不知道需要悖改
[00:48:15.000 --> 00:48:17.800]  自己感覺太良好
[00:48:17.800 --> 00:48:18.700]  我是一個好人
[00:48:18.700 --> 00:48:19.400]  我不需要
[00:48:19.400 --> 00:48:20.800]  說的是百里菜人
[00:48:20.800 --> 00:48:23.900]  不願悖改之乙人
[00:48:23.900 --> 00:48:27.400]  於是回轉的麻洋病人裡面
[00:48:27.400 --> 00:48:28.700]  我是唯一一個
[00:48:28.700 --> 00:48:31.800]  知道自己有罪
[00:48:31.800 --> 00:48:34.000]  需要悖改的薩馬利的罪人
[00:48:34.000 --> 00:48:35.500]  因為他是薩馬利人
[00:48:35.500 --> 00:48:37.800]  他的罪特別大
[00:48:37.800 --> 00:48:40.500]  這是他的優勢
[00:48:40.500 --> 00:48:41.500]  如果你是一個好人
[00:48:41.500 --> 00:48:43.500]  你是一個劣勢
[00:48:43.500 --> 00:48:46.000]  你以為你自己是好人
[00:48:46.000 --> 00:48:47.700]  你的好人是你的老師告訴你的
[00:48:47.700 --> 00:48:48.700]  是社會告訴你的
[00:48:48.700 --> 00:48:50.000]  是其他人告訴你的
[00:48:50.000 --> 00:48:51.500]  但是不是上帝告訴你的
[00:48:51.500 --> 00:48:56.100]  社會從來沒有跟任何一個人說你是一個好人
[00:48:56.100 --> 00:48:57.500]  當你在上帝面前
[00:48:57.500 --> 00:48:58.300]  你說上帝
[00:48:58.300 --> 00:48:59.700]  人家都說我是好人
[00:48:59.700 --> 00:49:02.100]  上帝說你瘋了
[00:49:02.100 --> 00:49:03.700]  你神經
[00:49:03.700 --> 00:49:05.800]  你胡亂
[00:49:05.800 --> 00:49:08.500]  因為在我的面前
[00:49:08.500 --> 00:49:12.400]  你絕對不是一個好人
[00:49:12.400 --> 00:49:14.100]  還有其餘的九個
[00:49:14.100 --> 00:49:16.100]  沒有回轉的麻洋病人
[00:49:16.100 --> 00:49:17.600]  他們是誰?
[00:49:17.600 --> 00:49:24.300]  九個至二不悔的猶太大兒子
[00:49:24.300 --> 00:49:25.400]  導演這個故事
[00:49:25.400 --> 00:49:28.500]  我們回到起初
[00:49:28.500 --> 00:49:31.200]  三條問題
[00:49:31.200 --> 00:49:33.000]  耶穌是誰?
[00:49:33.000 --> 00:49:35.800]  耶穌的使命是什麼?
[00:49:35.800 --> 00:49:39.800]  耶穌又如何成全祂的使命?
[00:49:39.800 --> 00:49:41.900]  在十個麻洋病人的故事裡面
[00:49:41.900 --> 00:49:43.900]  我們得到以下的答案
[00:49:43.900 --> 00:49:44.800]  第一
[00:49:44.800 --> 00:49:45.600]  耶穌是誰?
[00:49:45.600 --> 00:49:46.800]  Who is Jesus?
[00:49:46.800 --> 00:49:48.400]  耶穌是君王
[00:49:48.400 --> 00:49:49.100]  耶穌是國主
[00:49:49.100 --> 00:49:51.100]  千萬不要回答我耶穌是在世華佗
[00:49:51.100 --> 00:49:55.500]  千萬不要回答我耶穌是顯神職
[00:49:55.500 --> 00:49:57.200]  伊治麻風病的背後
[00:49:57.200 --> 00:49:59.800]  有一個更偉大的好消息
[00:49:59.800 --> 00:50:00.800]  祂是君王
[00:50:00.800 --> 00:50:01.900]  祂是救主
[00:50:01.900 --> 00:50:04.600]  祂還是那個永遠的聖殿
[00:50:04.600 --> 00:50:06.600]  那個人苦伏的地方
[00:50:06.600 --> 00:50:08.800]  祂是一個撒瑪利亞人
[00:50:08.800 --> 00:50:10.600]  祂現在苦伏的地方
[00:50:10.600 --> 00:50:13.500]  是真正上帝所揀選的聖殿
[00:50:13.500 --> 00:50:16.600]  耶穌在世上的使命是什麼?
[00:50:16.600 --> 00:50:19.200]  耶穌要審判至異人
[00:50:19.200 --> 00:50:24.200]  耶穌要拯救所有迴轉悔改的人
[00:50:24.200 --> 00:50:27.100]  最後耶穌如何去成就這個使命?
[00:50:27.100 --> 00:50:31.100]  答案是耶穌擁往聖城耶路撒冷
[00:50:31.100 --> 00:50:34.300]  耶穌寫信在十教上
[00:50:34.300 --> 00:50:37.000]  《老加福音》第八章
[00:50:37.000 --> 00:50:38.000]  三十一節
[00:50:38.000 --> 00:50:39.500]  第十八章三十一節
[00:50:39.500 --> 00:50:40.400]  三十三節
[00:50:40.400 --> 00:50:42.600]  看我們上耶路撒冷去
[00:50:42.600 --> 00:50:44.400]  耶穌一直去撒耶路撒冷
[00:50:44.400 --> 00:50:44.800]  為什麼?
[00:50:44.800 --> 00:50:46.800]  因為如果耶穌不上撒耶路撒冷
[00:50:46.800 --> 00:50:50.600]  我們這裡更多迴轉的人都救不了
[00:50:50.600 --> 00:50:52.800]  你不要以為你迴轉很厲害
[00:50:52.800 --> 00:50:53.300]  有些人說
[00:50:53.300 --> 00:50:55.900]  是的,我迴轉,祂沒有迴轉
[00:50:55.900 --> 00:50:57.700]  我家人都沒有迴轉,只有我迴轉
[00:50:57.700 --> 00:51:00.200]  我同班同學沒有迴轉,只有我一個迴轉
[00:51:00.200 --> 00:51:01.700]  是我的迴轉給我得了
[00:51:01.700 --> 00:51:02.800]  神經病
[00:51:02.800 --> 00:51:03.900]  如果你迴轉
[00:51:03.900 --> 00:51:05.100]  但是耶穌沒有上十字架
[00:51:05.100 --> 00:51:07.800]  你怎麼救得了?
[00:51:07.800 --> 00:51:11.500]  完全是未不足道的迴轉
[00:51:11.500 --> 00:51:14.000]  是耶穌的十字架拯救了我
[00:51:14.000 --> 00:51:16.800]  看我們上耶路撒冷去
[00:51:16.800 --> 00:51:19.600]  先知所寫的一切話都要成就在
[00:51:19.600 --> 00:51:23.000]  不是我們,真的是人子身上
[00:51:23.000 --> 00:51:25.600]  祂要將被交在外邦人手裡
[00:51:25.600 --> 00:51:27.900]  祂要被氣弄、被凌辱
[00:51:27.900 --> 00:51:29.400]  向他逃遂門
[00:51:29.400 --> 00:51:31.400]  並必要鞭打他
[00:51:31.400 --> 00:51:32.800]  殺害他第三天
[00:51:32.800 --> 00:51:34.900]  祂要從死裡復活
[00:51:34.900 --> 00:51:38.600]  這是我們的上帝
[00:51:38.600 --> 00:51:40.400]  不是叫你做好人的上帝
[00:51:40.400 --> 00:51:43.700]  這是為我們受死復活的耶穌
[00:51:43.700 --> 00:51:45.000]  祂是我們的救主
[00:51:45.000 --> 00:51:50.000]  這是整個基督信仰的核心
[00:51:50.000 --> 00:51:51.700]  還有一個問題
[00:51:51.700 --> 00:51:54.200]  你願不願意跟隨耶穌
[00:51:54.200 --> 00:51:55.800]  做祂的門徒?
[00:51:55.800 --> 00:51:57.200]  可能你再問多一次
[00:51:57.200 --> 00:52:00.700]  你什麼叫做跟隨耶穌?
[00:52:00.700 --> 00:52:02.600]  在這個故事裡面
[00:52:02.600 --> 00:52:04.900]  路加給我們五點
[00:52:04.900 --> 00:52:06.800]  什麼叫做跟隨耶穌?
[00:52:06.800 --> 00:52:08.300]  就是五點
[00:52:08.300 --> 00:52:09.100]  第一
[00:52:09.100 --> 00:52:12.100]  跟隨耶穌的意思是迴轉
[00:52:12.100 --> 00:52:13.500]  歸來
[00:52:13.500 --> 00:52:15.000]  迴轉、悔改
[00:52:15.000 --> 00:52:17.200]  回歸耶穌
[00:52:17.200 --> 00:52:17.600]  第一
[00:52:17.600 --> 00:52:19.100]  第二
[00:52:19.100 --> 00:52:21.100]  跟隨耶穌是榮耀上帝
[00:52:21.100 --> 00:52:23.100]  你記得榮耀上帝的代表是什麼?
[00:52:23.100 --> 00:52:25.000]  不是榮耀上帝
[00:52:25.000 --> 00:52:26.900]  我上星期求了十樣東西
[00:52:26.900 --> 00:52:28.300]  耶穌給了我九樣東西
[00:52:28.300 --> 00:52:29.800]  感謝耶穌榮耀上帝
[00:52:29.800 --> 00:52:30.700]  不!
[00:52:30.700 --> 00:52:34.200]  為那個救主讚美榮耀上帝
[00:52:34.200 --> 00:52:35.800]  你看不看到
[00:52:35.800 --> 00:52:39.500]  你迴轉之後你見到的救世主
[00:52:39.500 --> 00:52:42.000]  為祂歸榮耀給上帝
[00:52:42.000 --> 00:52:44.500]  第三 鼓舞在耶穌的面前
[00:52:44.500 --> 00:52:45.600]  將你的最好
[00:52:45.600 --> 00:52:47.400]  將你的所有獻給給祂
[00:52:47.400 --> 00:52:48.100]  第四
[00:52:48.100 --> 00:52:49.900]  起來
[00:52:49.900 --> 00:52:51.400]  起來、走白
[00:52:51.400 --> 00:52:53.200]  活一個新的人生
[00:52:53.200 --> 00:52:54.600]  一個愛自己的人生
[00:52:54.600 --> 00:52:59.800]  為天父從心裡讚歎、感恩
[00:52:59.800 --> 00:53:01.200]  服侍祂的人生
[00:53:01.200 --> 00:53:02.300]  最後
[00:53:02.300 --> 00:53:04.200]  愛慕信靠
[00:53:04.200 --> 00:53:06.600]  一生人愛上帝
[00:53:06.600 --> 00:53:09.100]  一生人信靠救主
[00:53:09.100 --> 00:53:12.100]  這個是我們對福音的回應
[00:53:12.100 --> 00:53:14.700]  我們在這裡祈禱
[00:53:14.700 --> 00:53:15.300]  我們天父
[00:53:15.300 --> 00:53:18.000]  我們太感謝祢給
[00:53:18.000 --> 00:53:22.900]  這個兒童主義學的故事給我們
[00:53:22.900 --> 00:53:25.500]  原諒我們多少時候
[00:53:25.500 --> 00:53:29.100]  我們手裡面拿著一塊金
[00:53:29.100 --> 00:53:31.800]  卻當它是一塊石
[00:53:31.800 --> 00:53:35.000]  我們給我們的小朋友看一看
[00:53:35.000 --> 00:53:37.600]  這個石很漂亮
[00:53:37.600 --> 00:53:39.400]  大家感恩、讚美
[00:53:39.400 --> 00:53:43.100]  因為上帝愛我們
[00:53:43.100 --> 00:53:46.600]  祂會幫我們解決生活中的問題
[00:53:46.600 --> 00:53:47.700]  我們有什麼需要
[00:53:47.700 --> 00:53:49.700]  你下次有生病的時候
[00:53:49.700 --> 00:53:51.500]  可以祈求上帝
[00:53:51.500 --> 00:53:54.600]  上帝就會醫治你
[00:53:54.600 --> 00:53:57.100]  我們完全看不見
[00:53:57.100 --> 00:53:59.400]  那個石的底下
[00:53:59.400 --> 00:54:02.400]  其實是一個鑽石
[00:54:02.400 --> 00:54:06.700]  是上帝給我們的福音萬花筒
[00:54:06.700 --> 00:54:08.100]  轉眼幫助我們
[00:54:08.100 --> 00:54:10.600]  回轉、回轉、再回轉
[00:54:10.600 --> 00:54:12.600]  不是因為
[00:54:12.600 --> 00:54:14.700]  今天手痛、明天腳痛
[00:54:14.700 --> 00:54:17.400]  下個星期眼又有事
[00:54:17.400 --> 00:54:21.100]  而是因為我們為著
[00:54:21.100 --> 00:54:24.800]  上帝所賜給我們的救主
[00:54:24.800 --> 00:54:25.800]  歸還了給你
[00:54:25.800 --> 00:54:27.600]  我們會來
[00:54:27.600 --> 00:54:29.700]  從我們舊人生回轉
[00:54:29.700 --> 00:54:31.400]  從我們的罪回轉
[00:54:31.400 --> 00:54:34.200]  我們會來讚嘆祢的奇妙
[00:54:34.200 --> 00:54:36.700]  我們會來撫撫在祢的腳前
[00:54:36.700 --> 00:54:37.700]  將我們最好
[00:54:37.700 --> 00:54:39.100]  將我們所有獻給祢
[00:54:39.100 --> 00:54:40.000]  我們會來
[00:54:40.000 --> 00:54:43.000]  因為我們要過一個活的人生
[00:54:43.000 --> 00:54:43.800]  我們會來
[00:54:43.800 --> 00:54:48.000]  因為好像那個有罪的女人
[00:54:48.000 --> 00:54:51.500]  我們願意一生在祢的腳前
[00:54:51.500 --> 00:54:56.200]  愛慕祢、服侍祢
[00:54:56.200 --> 00:54:58.200]  幫助我們
[00:54:58.200 --> 00:55:01.400]  施上祢奇妙的救恩
[00:55:01.400 --> 00:55:05.600]  當上我們歸榮於祢上帝
[00:55:05.600 --> 00:55:06.800]  多謝您的撫撫期待
[00:55:06.800 --> 00:55:07.400]  諸事順利
[00:55:07.400 --> 00:55:07.600]  多謝您的撫撫期待
[00:55:07.600 --> 00:55:08.600]  多謝您的撫撫期待
