
[00:00:00.000 --> 00:00:05.000]  主持人:上次我在這個講壇裏面跟大家分享馬後福音的時候
[00:00:05.000 --> 00:00:11.000]  主持人:其實在當中跟大家看到主耶穌的權柄
[00:00:11.000 --> 00:00:14.000]  主持人:很有智慧地去辯護
[00:00:14.000 --> 00:00:22.000]  主持人:特別是對於那些法律賽人、對於那些民事諸多的挑剔
[00:00:22.000 --> 00:00:29.000]  主持人:而我們在今天這段經文是隔了很短的時間
[00:00:29.000 --> 00:00:33.000]  主持人:有些聖經學者認為在最後的一個星期
[00:00:33.000 --> 00:00:36.000]  主持人:耶穌在耶路撒冷裏面去到星期三的時候
[00:00:36.000 --> 00:00:41.000]  主持人:這一班法律賽人和希律黨的人又要去找耶穌
[00:00:41.000 --> 00:00:45.000]  主持人:裝一個局要祂來落入這些陷阱把柄
[00:00:45.000 --> 00:00:51.000]  主持人:其實是緊接於上文主耶穌怎樣來為祂的權柄來辯護的
[00:00:51.000 --> 00:00:56.000]  主持人:因為這一班是聖殿裏頭的一些宗教領袖
[00:00:56.000 --> 00:01:02.000]  主持人:但是他們沒有按照上帝的心意去牧養神的子民、百姓
[00:01:02.000 --> 00:01:09.000]  主持人:反而用很多人為的傳統和重擔壓在他們的肩頭上
[00:01:09.000 --> 00:01:12.000]  主持人:我們看見在11章27到33節
[00:01:12.000 --> 00:01:14.000]  主持人:耶穌就是反問他們
[00:01:14.000 --> 00:01:16.000]  主持人:究竟你問我的權柄在哪裏
[00:01:16.000 --> 00:01:19.000]  主持人:你們說私生養我的權柄是不是從天上來的
[00:01:19.000 --> 00:01:21.000]  主持人:你先回答我我就回答你
[00:01:21.000 --> 00:01:26.000]  主持人:很有智慧 耶穌因為知道他們如果怎樣回答
[00:01:26.000 --> 00:01:32.000]  主持人:他們都會得罪那些百姓 也都得罪上帝所差派來的
[00:01:32.000 --> 00:01:35.000]  主持人:這個宗僕就是私生養
[00:01:35.000 --> 00:01:39.000]  主持人:而後文在1至12節那個兇惡的玄乎裏面
[00:01:39.000 --> 00:01:44.000]  主持人:我們看見那個玄乎的主人就是代表、比喻我們的天父
[00:01:44.000 --> 00:01:50.000]  主持人:他由歷世歷代一路差派很多忠心的先知
[00:01:50.000 --> 00:01:52.000]  主持人:去傳講神的道
[00:01:52.000 --> 00:01:57.000]  主持人:但是神的百姓、神的這些家的領袖
[00:01:57.000 --> 00:02:02.000]  主持人:他們反而誤導了神的百姓去拜偶像、去利器神
[00:02:02.000 --> 00:02:07.000]  主持人:他們將這些所謂的先知去宰殺
[00:02:07.000 --> 00:02:09.000]  主持人:他們一一殉道
[00:02:09.000 --> 00:02:11.000]  主持人:到最後在新約的時候
[00:02:11.000 --> 00:02:14.000]  主持人:耶穌出來傳道以私 私洗弱汗
[00:02:14.000 --> 00:02:18.000]  主持人:到後來都是被斬首來殉道的
[00:02:18.000 --> 00:02:24.000]  主持人:我們在當中這個耶穌的好有智慧的辯護
[00:02:24.000 --> 00:02:26.000]  主持人:祂的權柄裏面
[00:02:26.000 --> 00:02:28.000]  主持人:我們來到我們今天的段落
[00:02:28.000 --> 00:02:32.000]  主持人:今天看的段落在12章13至44節
[00:02:32.000 --> 00:02:35.000]  主持人:其實包含了五個的段落
[00:02:35.000 --> 00:02:39.000]  主持人:這五個段落你可以說都是錯綜複雜
[00:02:39.000 --> 00:02:43.000]  主持人:要等人和大家一起來分解的時候
[00:02:43.000 --> 00:02:44.000]  主持人:首先我們要明白
[00:02:44.000 --> 00:02:48.000]  主持人:其實如果我們直接一段段看下去
[00:02:48.000 --> 00:02:51.000]  主持人:你很難看到究竟有什麼關係
[00:02:51.000 --> 00:02:54.000]  主持人:但其實它是一個文學的結構
[00:02:54.000 --> 00:02:57.000]  主持人:是用一個所謂線形
[00:02:57.000 --> 00:03:01.000]  主持人:或者叫做交錯對稱的一個結構
[00:03:01.000 --> 00:03:03.000]  主持人:這個結構簡單來講
[00:03:03.000 --> 00:03:06.000]  主持人:其實就是說五層
[00:03:06.000 --> 00:03:09.000]  主持人:而好像我們今天吃漢堡包
[00:03:09.000 --> 00:03:13.000]  主持人:如果你面和底那一層是麵包
[00:03:13.000 --> 00:03:16.000]  主持人:第二層和第四層可能就是那些生菜
[00:03:16.000 --> 00:03:18.000]  主持人:或者那些pickle
[00:03:18.000 --> 00:03:20.000]  主持人:那些其他的配菜
[00:03:20.000 --> 00:03:23.000]  主持人:最重要是中間那一層
[00:03:23.000 --> 00:03:25.000]  主持人:那一層是什麼來的
[00:03:25.000 --> 00:03:27.000]  主持人:如果你是牛肉漢堡包
[00:03:27.000 --> 00:03:28.000]  主持人:或者是魚柳包
[00:03:28.000 --> 00:03:31.000]  主持人:中間那個餡那個肉
[00:03:31.000 --> 00:03:34.000]  主持人:是牛肉是豬肉還是魚
[00:03:34.000 --> 00:03:36.000]  主持人:這個就是我們說
[00:03:36.000 --> 00:03:38.000]  主持人:你研究這五段經文
[00:03:38.000 --> 00:03:39.000]  主持人:你就看中間那段經文
[00:03:39.000 --> 00:03:42.000]  主持人:你就看見馬可在聖靈的感動底下
[00:03:42.000 --> 00:03:44.000]  主持人:其實是很有心思
[00:03:44.000 --> 00:03:47.000]  主持人:去將這個文學的結構佈局了出來
[00:03:47.000 --> 00:03:50.000]  主持人:那我和大家稍為很快run一次
[00:03:50.000 --> 00:03:52.000]  主持人:首先他就是法利塞人
[00:03:52.000 --> 00:03:54.000]  主持人:和希律黨的人走來問耶穌
[00:03:54.000 --> 00:03:57.000]  主持人:我們是否需要納粹比蓋撒
[00:03:57.000 --> 00:03:59.000]  主持人:就是當時的羅馬的皇帝
[00:03:59.000 --> 00:04:02.000]  主持人:而第二班人就是撒到蓋人
[00:04:02.000 --> 00:04:04.000]  主持人:要問耶穌關於復活
[00:04:04.000 --> 00:04:07.000]  主持人:他們本身不信有復活的
[00:04:07.000 --> 00:04:09.000]  主持人:但是他們要刁難耶穌
[00:04:09.000 --> 00:04:12.000]  主持人:第三段就是說有一個民事問耶穌
[00:04:12.000 --> 00:04:14.000]  主持人:究竟誡命這麼多條
[00:04:14.000 --> 00:04:16.000]  主持人:最大的誡命是哪一條呢
[00:04:16.000 --> 00:04:19.000]  主持人:那耶穌就在這三個回合裏面
[00:04:19.000 --> 00:04:21.000]  主持人:逐一幫他們解答
[00:04:21.000 --> 00:04:23.000]  主持人:不單止是解答好那些問題
[00:04:23.000 --> 00:04:26.000]  主持人:而且很精彩地 很精準地
[00:04:26.000 --> 00:04:30.000]  主持人:也都讓他們更進一步去明白
[00:04:30.000 --> 00:04:33.000]  主持人:作為跟隨耶穌的門徒
[00:04:33.000 --> 00:04:34.000]  主持人:其實他們的生命
[00:04:34.000 --> 00:04:37.000]  主持人:我們是需要接受提醒和教導
[00:04:37.000 --> 00:04:40.000]  主持人:今天究竟我們說我們信主
[00:04:40.000 --> 00:04:42.000]  主持人:無論你多少年都好
[00:04:42.000 --> 00:04:44.000]  主持人:我盼望今天這個訊息
[00:04:44.000 --> 00:04:47.000]  主持人:再一次挑戰大家
[00:04:47.000 --> 00:04:51.000]  主持人:你要勇敢誠實地去向主回答
[00:04:51.000 --> 00:04:52.000]  主持人:這些問題
[00:04:52.000 --> 00:04:54.000]  主持人:你有沒有真的以主耶穌
[00:04:54.000 --> 00:04:56.000]  主持人:成為你生命的主宰
[00:04:56.000 --> 00:04:59.000]  主持人:包括你的家庭 包括你的事業
[00:04:59.000 --> 00:05:02.000]  主持人:包括你今天生活的每一個場景
[00:05:02.000 --> 00:05:05.000]  主持人:原來都是主耶穌是你生命的主
[00:05:05.000 --> 00:05:08.000]  主持人:而最後耶穌是主動出擊
[00:05:08.000 --> 00:05:10.000]  主持人:耶穌不是被人問了
[00:05:10.000 --> 00:05:12.000]  主持人:耶穌問回那些會眾
[00:05:12.000 --> 00:05:14.000]  主持人:那些民事怎樣解釋
[00:05:14.000 --> 00:05:16.000]  主持人:大衛子孫的身份
[00:05:16.000 --> 00:05:19.000]  主持人:其實是他們錯誤解釋聖經
[00:05:19.000 --> 00:05:22.000]  主持人:而引致他們不接受耶穌基督
[00:05:22.000 --> 00:05:24.000]  主持人:是尼賽亞這個身份
[00:05:24.000 --> 00:05:28.000]  主持人:而最後是窮寡婦奉獻的表達
[00:05:28.000 --> 00:05:32.000]  主持人:窮寡婦只是奉獻兩個小錢
[00:05:32.000 --> 00:05:35.000]  主持人:我其實今天這篇道講完了
[00:05:35.000 --> 00:05:40.000]  主持人:但這五段經文就要大家逐一去破解
[00:05:40.000 --> 00:05:42.000]  主持人:如果我問一問大家
[00:05:42.000 --> 00:05:45.000]  主持人:第一層和第五層A和A派
[00:05:45.000 --> 00:05:48.000]  主持人:是否納稅?是否奉獻?
[00:05:48.000 --> 00:05:51.000]  主持人:跟什麼的元素有關連?
[00:05:51.000 --> 00:05:54.000]  主持人:嘩!嘩!你們很聰明
[00:05:54.000 --> 00:05:57.000]  主持人:那你就知道是關於金錢
[00:05:57.000 --> 00:05:58.000]  主持人:對!你說得好
[00:05:58.000 --> 00:06:00.000]  主持人:關於金錢
[00:06:00.000 --> 00:06:03.000]  主持人:金錢是否我們的主人?
[00:06:03.000 --> 00:06:07.000]  主持人:還是耶穌是你所擁有的金錢的主人?
[00:06:07.000 --> 00:06:09.000]  主持人:這個問題你要回答
[00:06:09.000 --> 00:06:12.000]  主持人:第二個人死後復活的問題
[00:06:12.000 --> 00:06:13.000]  主持人:大衛子孫的身份
[00:06:13.000 --> 00:06:19.000]  主持人:這個跟什麼有關係?
[00:06:19.000 --> 00:06:21.000]  主持人:對!跟聖經
[00:06:21.000 --> 00:06:24.000]  主持人:跟舊約聖經這班民事法理賽人
[00:06:24.000 --> 00:06:26.000]  主持人:他們是熟悉摩西的律法
[00:06:26.000 --> 00:06:29.000]  主持人:但耶穌比他們更熟悉摩西的律法
[00:06:29.000 --> 00:06:32.000]  主持人:而且我們在這裡講釋法
[00:06:32.000 --> 00:06:34.000]  主持人:你們亂解釋神的律法
[00:06:34.000 --> 00:06:38.000]  主持人:耶穌在這裡真正點出律法裡面的正義
[00:06:38.000 --> 00:06:40.000]  主持人:所以很精彩
[00:06:40.000 --> 00:06:43.000]  主持人:最後這個民事問耶穌
[00:06:43.000 --> 00:06:45.000]  主持人:嘩!這麼多條摩西的律法
[00:06:45.000 --> 00:06:48.000]  主持人:究竟哪一條是最重要的?
[00:06:48.000 --> 00:06:51.000]  主持人:耶穌一語道破
[00:06:51.000 --> 00:06:54.000]  主持人:最重要、最大的誡命是什麼?
[00:06:54.000 --> 00:06:56.000]  主持人:大家知道嗎?大誡命
[00:06:56.000 --> 00:06:59.000]  主持人:我們說我們要履行大使命
[00:06:59.000 --> 00:07:02.000]  主持人:必須要守住大誡命是什麼?
[00:07:02.000 --> 00:07:05.000]  主持人:你要盡心盡性、盡意盡力
[00:07:05.000 --> 00:07:06.000]  主持人:愛主你的神
[00:07:06.000 --> 00:07:09.000]  主持人:其次呢?愛人如己
[00:07:09.000 --> 00:07:10.000]  主持人:其實好像是兩條
[00:07:10.000 --> 00:07:12.000]  主持人:但其實都是一條
[00:07:12.000 --> 00:07:14.000]  主持人:是關於愛
[00:07:14.000 --> 00:07:17.000]  主持人:所以為什麼我的題目是這樣解釋?
[00:07:17.000 --> 00:07:19.000]  主持人:主權誰屬?
[00:07:19.000 --> 00:07:22.000]  主持人:你今天是用什麼來侍奉主
[00:07:22.000 --> 00:07:24.000]  主持人:去生活、去工作的呢?
[00:07:24.000 --> 00:07:27.000]  主持人:如果你沒有履行天國最大的誡命
[00:07:27.000 --> 00:07:28.000]  主持人:我告訴你
[00:07:28.000 --> 00:07:31.000]  主持人:你就會在你的職業裏面
[00:07:31.000 --> 00:07:33.000]  主持人:你會失落、你會迷失
[00:07:33.000 --> 00:07:36.000]  主持人:你甚至可能會變成
[00:07:36.000 --> 00:07:39.000]  主持人:是操縱別人的一個成為工具
[00:07:39.000 --> 00:07:42.000]  主持人:你看人在市場裏面是否有價值呢?
[00:07:42.000 --> 00:07:44.000]  主持人:還是你看人
[00:07:44.000 --> 00:07:47.000]  主持人:是否從基督的眼中去看這個人?
[00:07:47.000 --> 00:07:49.000]  主持人:他的價值的所在
[00:07:49.000 --> 00:07:52.000]  主持人:不是市場去評斷的
[00:07:52.000 --> 00:07:55.000]  主持人:你今天如果你真的愛人如己的時候
[00:07:55.000 --> 00:07:58.000]  主持人:你能夠做到這件事的時候
[00:07:58.000 --> 00:08:00.000]  主持人:你必須先愛神
[00:08:00.000 --> 00:08:03.000]  主持人:你從神那種愛你才能夠去看到
[00:08:03.000 --> 00:08:05.000]  主持人:原來每一個人
[00:08:05.000 --> 00:08:08.000]  主持人:無論他有沒有殘障都好
[00:08:08.000 --> 00:08:11.000]  主持人:無論他是很有知識還是很低知識都好
[00:08:11.000 --> 00:08:15.000]  主持人:原來都是按神的形象樣式去做的
[00:08:15.000 --> 00:08:18.000]  主持人:這個是耶穌給我們的挑戰
[00:08:18.000 --> 00:08:21.000]  主持人:而亦都他示範了給我們看
[00:08:21.000 --> 00:08:24.000]  主持人:在他三年半的傳道的生涯裏面
[00:08:24.000 --> 00:08:27.000]  主持人:耶穌不是躲在山洞裏面去退休的
[00:08:27.000 --> 00:08:30.000]  主持人:耶穌是日以繼夜的
[00:08:30.000 --> 00:08:32.000]  主持人:他來到瀑布封塵
[00:08:32.000 --> 00:08:35.000]  主持人:他和這班的門徒一起聚在一起
[00:08:35.000 --> 00:08:40.000]  主持人:他亦都和這班的門徒一起去分享天國教導他們
[00:08:40.000 --> 00:08:42.000]  主持人:但不只是言教他用身教
[00:08:42.000 --> 00:08:45.000]  主持人:他去感染他們進入人群
[00:08:45.000 --> 00:08:47.000]  主持人:去服侍人
[00:08:47.000 --> 00:08:50.000]  主持人:讓他們認識天國的奧秘
[00:08:50.000 --> 00:08:56.000]  主持人:將神愛世人的真理呈現在這個苦罪的世界裏面
[00:08:56.000 --> 00:08:59.000]  主持人:好了,我都講完了
[00:08:59.000 --> 00:09:02.000]  主持人:但如果這樣你當然不收貨了
[00:09:02.000 --> 00:09:06.000]  主持人:所以我先要這樣和大家講了
[00:09:06.000 --> 00:09:10.000]  主持人:那你看經文的時候你就不會很容易
[00:09:10.000 --> 00:09:12.000]  主持人:就很難掌握
[00:09:12.000 --> 00:09:14.000]  主持人:我們試試到來到第一段
[00:09:14.000 --> 00:09:16.000]  主持人:我們要讀之前一起祈禱
[00:09:16.000 --> 00:09:18.000]  主持人:主啊求你開我們眼睛
[00:09:18.000 --> 00:09:19.000]  主持人:打開我們的心竅
[00:09:19.000 --> 00:09:21.000]  主持人:讓我們有謙卑受教的心
[00:09:21.000 --> 00:09:24.000]  主持人:讓說的聽的我們同感一鈴
[00:09:24.000 --> 00:09:25.000]  主持人:同德造就
[00:09:25.000 --> 00:09:28.000]  主持人:同悖順的話再一次挑動我們的心
[00:09:28.000 --> 00:09:31.000]  主持人:我們今天要誠實去跟隨你的時候
[00:09:31.000 --> 00:09:33.000]  主持人:我們有沒有作你自己喜悅的
[00:09:33.000 --> 00:09:35.000]  主持人:真是屬你的門徒
[00:09:35.000 --> 00:09:38.000]  主持人:在這個彎曲絆繆的世代
[00:09:38.000 --> 00:09:40.000]  主持人:我們要如明光去照耀
[00:09:40.000 --> 00:09:42.000]  主持人:叫其他人在我們身上看見
[00:09:42.000 --> 00:09:44.000]  主持人:耶穌基督你的榮美
[00:09:44.000 --> 00:09:47.000]  主持人:耶穌基督你何等愛我們
[00:09:47.000 --> 00:09:49.000]  主持人:每一個在地上
[00:09:49.000 --> 00:09:51.000]  主持人:真是我們是
[00:09:51.000 --> 00:09:53.000]  主持人:真是充滿著很多苦難
[00:09:53.000 --> 00:09:55.000]  主持人:充滿著很多罪捆綁的人
[00:09:55.000 --> 00:09:58.000]  主持人:但主你來到是施行拯救
[00:09:58.000 --> 00:10:00.000]  主持人:求主你差遣我們
[00:10:00.000 --> 00:10:02.000]  主持人:去到這個世界
[00:10:02.000 --> 00:10:04.000]  主持人:我們作你自己手中貴重的器命
[00:10:04.000 --> 00:10:06.000]  主持人:我們同心的祈禱
[00:10:06.000 --> 00:10:07.000]  主持人:奉主名求
[00:10:07.000 --> 00:10:08.000]  主持人:阿們
[00:10:08.000 --> 00:10:10.000]  主持人:好我剛才跟大家講的
[00:10:10.000 --> 00:10:13.000]  主持人:就是這個分析
[00:10:13.000 --> 00:10:16.000]  主持人:有關金錢的頭那一層和尾那一層
[00:10:16.000 --> 00:10:19.000]  主持人:一個銀幣和兩個小錢
[00:10:19.000 --> 00:10:20.000]  主持人:這個對比
[00:10:20.000 --> 00:10:22.000]  主持人:你看經文裡面你會看見
[00:10:22.000 --> 00:10:24.000]  主持人:有關律法裡面
[00:10:24.000 --> 00:10:26.000]  主持人:殺到個人否定復活
[00:10:26.000 --> 00:10:27.000]  主持人:但是一般民事
[00:10:27.000 --> 00:10:30.000]  主持人:他們誤解了彌賽亞的身份
[00:10:30.000 --> 00:10:31.000]  主持人:而最後的
[00:10:31.000 --> 00:10:33.000]  主持人:就是我們要全人愛神
[00:10:33.000 --> 00:10:34.000]  主持人:愛人如己
[00:10:34.000 --> 00:10:37.000]  主持人:你必須會有這個掌握
[00:10:37.000 --> 00:10:39.000]  主持人:你才能夠有動力
[00:10:39.000 --> 00:10:40.000]  主持人:去為神而活
[00:10:40.000 --> 00:10:43.000]  主持人:你才能夠履行真正的大使命
[00:10:43.000 --> 00:10:46.000]  主持人:你的人生才能夠過得豐盛
[00:10:46.000 --> 00:10:47.000]  主持人:而且是精彩的
[00:10:47.000 --> 00:10:48.000]  主持人:丁子梅
[00:10:48.000 --> 00:10:52.000]  主持人:今天我們不是論你信主多少年
[00:10:52.000 --> 00:10:55.000]  主持人:而是你任何人生的階段
[00:10:55.000 --> 00:10:57.000]  主持人:你都要被主的說話
[00:10:57.000 --> 00:10:59.000]  主持人:重新挑戰我們
[00:10:59.000 --> 00:11:01.000]  主持人:讓我們一起看第一段的經文
[00:11:01.000 --> 00:11:02.000]  主持人:好不好
[00:11:02.000 --> 00:11:03.000]  主持人:在這個第十三節
[00:11:03.000 --> 00:11:04.000]  主持人:我們一起讀
[00:11:04.000 --> 00:11:06.000]  主持人:後來他們打發
[00:11:06.000 --> 00:11:09.000]  主持人:幾個法律賽人和希律黨人
[00:11:09.000 --> 00:11:11.000]  主持人:到耶穌那裡
[00:11:11.000 --> 00:11:14.000]  主持人:要用他自己的話陷害他
[00:11:14.000 --> 00:11:17.000]  主持人:他們來了就對他說
[00:11:17.000 --> 00:11:20.000]  主持人:老師我們知道你是誠實的
[00:11:20.000 --> 00:11:22.000]  主持人:無論誰你都一視同仁
[00:11:22.000 --> 00:11:25.000]  主持人:因為你不看人的面子
[00:11:25.000 --> 00:11:28.000]  主持人:而是誠誠實實傳神的道
[00:11:28.000 --> 00:11:31.000]  主持人:納粹給凱撒合不合法
[00:11:31.000 --> 00:11:34.000]  主持人:在這裡我們先看一個背景
[00:11:34.000 --> 00:11:38.000]  主持人:後來只是相隔很短的時間
[00:11:38.000 --> 00:11:42.000]  主持人:他們又找法律賽人幾個
[00:11:42.000 --> 00:11:44.000]  主持人:這些法律賽人其實很熟悉
[00:11:44.000 --> 00:11:47.000]  主持人:舊約摩西那些是律法的
[00:11:47.000 --> 00:11:50.000]  主持人:他們是宗教的領袖
[00:11:50.000 --> 00:11:53.000]  主持人:而希律黨人他們是依附著
[00:11:53.000 --> 00:11:56.000]  主持人:這個羅馬的政權而且是支持
[00:11:56.000 --> 00:11:59.000]  主持人:希律昏風王安提帕王
[00:11:59.000 --> 00:12:02.000]  主持人:我們可以說在這裡有
[00:12:02.000 --> 00:12:06.000]  主持人:宗教和政治的人物
[00:12:06.000 --> 00:12:08.000]  主持人:他們都是來到耶穌面前
[00:12:08.000 --> 00:12:10.000]  主持人:但是他們是假意
[00:12:10.000 --> 00:12:12.000]  主持人:他們用一些說話
[00:12:12.000 --> 00:12:13.000]  主持人:在這裡怎樣
[00:12:13.000 --> 00:12:15.000]  主持人:好像阿義奉承
[00:12:15.000 --> 00:12:18.000]  主持人:兩次強調耶穌你是誠實的
[00:12:18.000 --> 00:12:21.000]  主持人:你來到傳神的道
[00:12:21.000 --> 00:12:23.000]  主持人:你是誠誠實實的去講
[00:12:23.000 --> 00:12:25.000]  主持人:所以我就請你直講
[00:12:25.000 --> 00:12:27.000]  主持人:其實是想報一個局
[00:12:27.000 --> 00:12:28.000]  主持人:要去落這個陷阱
[00:12:28.000 --> 00:12:30.000]  主持人:這個陷阱有什麼問題呢
[00:12:30.000 --> 00:12:33.000]  主持人:納粹給凱撒合不合法
[00:12:33.000 --> 00:12:36.000]  主持人:這個合不合法是我們和修本的翻譯
[00:12:36.000 --> 00:12:38.000]  主持人:我們和合本原本的翻譯
[00:12:38.000 --> 00:12:40.000]  主持人:是可以不可以
[00:12:40.000 --> 00:12:42.000]  主持人:也是我們之前
[00:12:42.000 --> 00:12:45.000]  主持人:我們說耶穌是答那些人安息日
[00:12:45.000 --> 00:12:47.000]  主持人:我可不可以醫病呢
[00:12:47.000 --> 00:12:48.000]  主持人:你們說了
[00:12:48.000 --> 00:12:50.000]  主持人:在安息日行善行惡
[00:12:50.000 --> 00:12:51.000]  主持人:救命害命
[00:12:51.000 --> 00:12:53.000]  主持人:哪一樣是可以呢
[00:12:53.000 --> 00:12:55.000]  主持人:這個可以這個term
[00:12:55.000 --> 00:12:57.000]  主持人:其實是含有就是含不合理呢
[00:12:57.000 --> 00:13:00.000]  主持人:或者含不合符律法的規定呢
[00:13:00.000 --> 00:13:01.000]  主持人:是這樣的意思
[00:13:01.000 --> 00:13:03.000]  主持人:在《馬虎的十章二節》
[00:13:03.000 --> 00:13:05.000]  主持人:有些人問耶穌
[00:13:05.000 --> 00:13:07.000]  主持人:摩西的那些律法
[00:13:07.000 --> 00:13:10.000]  主持人:說我們可不可以來到去休妻呢
[00:13:10.000 --> 00:13:11.000]  主持人:可不可以
[00:13:11.000 --> 00:13:13.000]  主持人:是律法是不是容許呢
[00:13:13.000 --> 00:13:16.000]  主持人:我們看到這個背景是什麼呢
[00:13:16.000 --> 00:13:19.000]  主持人:其實不是普通講的那些稅收
[00:13:19.000 --> 00:13:21.000]  主持人:這裡是在講
[00:13:21.000 --> 00:13:24.000]  主持人:就是當時猶太人
[00:13:24.000 --> 00:13:26.000]  主持人:是要向羅馬政府
[00:13:26.000 --> 00:13:29.000]  主持人:來要交一個叫做人頭稅
[00:13:29.000 --> 00:13:33.000]  主持人:人頭稅猶太人一向不樂意
[00:13:33.000 --> 00:13:35.000]  主持人:來繳交的
[00:13:35.000 --> 00:13:37.000]  主持人:他們認為這個可能
[00:13:37.000 --> 00:13:40.000]  主持人:是牽涉摩西警告他們
[00:13:40.000 --> 00:13:42.000]  主持人:不要侍奉其他別的神
[00:13:42.000 --> 00:13:45.000]  主持人:或者依靠別國
[00:13:45.000 --> 00:13:46.000]  主持人:因為他們認為
[00:13:46.000 --> 00:13:49.000]  主持人:他們拿著這些銀幣
[00:13:49.000 --> 00:13:51.000]  主持人:去交這些稅收
[00:13:51.000 --> 00:13:53.000]  主持人:就表示他們好像是
[00:13:53.000 --> 00:13:56.000]  主持人:伏在權柄底下
[00:13:56.000 --> 00:13:59.000]  主持人:但是法理賽人是很聰明的
[00:13:59.000 --> 00:14:01.000]  主持人:他們不喜歡交這些稅
[00:14:01.000 --> 00:14:03.000]  主持人:但是他們不會主動反對
[00:14:03.000 --> 00:14:05.000]  主持人:所以他們現在就聯手
[00:14:05.000 --> 00:14:08.000]  主持人:奚落黨人一起想報這個局
[00:14:08.000 --> 00:14:10.000]  主持人:是想耶穌踩進這個洞裡面
[00:14:10.000 --> 00:14:12.000]  主持人:如果耶穌說你們不要交稅
[00:14:12.000 --> 00:14:14.000]  主持人:那耶穌就被那些羅馬兵
[00:14:14.000 --> 00:14:15.000]  主持人:可以抓去拘捕了
[00:14:15.000 --> 00:14:17.000]  主持人:如果他們說你們要交稅
[00:14:17.000 --> 00:14:20.000]  主持人:那麼就說摩西的律法
[00:14:20.000 --> 00:14:23.000]  主持人:是不是提醒我們不要拜別的神
[00:14:23.000 --> 00:14:26.000]  主持人:我們這樣做不對 不合理
[00:14:26.000 --> 00:14:30.000]  主持人:這個交人頭稅這件事
[00:14:30.000 --> 00:14:32.000]  主持人:是有一個背景 歷史的背景
[00:14:32.000 --> 00:14:34.000]  主持人:在公元後六年的時候
[00:14:34.000 --> 00:14:38.000]  主持人:猶大成為羅馬統管的行省
[00:14:38.000 --> 00:14:41.000]  主持人:他們首次徵收人頭稅
[00:14:41.000 --> 00:14:43.000]  主持人:給羅馬皇帝的庫房
[00:14:43.000 --> 00:14:48.000]  主持人:當時是引發激進黨的一個人
[00:14:48.000 --> 00:14:51.000]  主持人:這個人的名字就叫猶大
[00:14:51.000 --> 00:14:53.000]  主持人:不是出賣耶穌的猶大
[00:14:53.000 --> 00:14:56.000]  主持人:他在加利利發動了一個革命
[00:14:56.000 --> 00:14:59.000]  主持人:但是後來被羅馬政府平息
[00:14:59.000 --> 00:15:01.000]  主持人:這場革命引發
[00:15:01.000 --> 00:15:04.000]  主持人:猶太人有一種愛國主義的心
[00:15:04.000 --> 00:15:08.000]  主持人:一直維持到公元後六十六年
[00:15:08.000 --> 00:15:10.000]  主持人:爆發另一次革命
[00:15:10.000 --> 00:15:16.000]  主持人:起來跟羅馬政權對峙
[00:15:16.000 --> 00:15:23.000]  主持人:後來凱撒大帝派羅馬軍進入耶路撒冷
[00:15:23.000 --> 00:15:25.000]  主持人:摧毀聖殿
[00:15:25.000 --> 00:15:27.000]  主持人:這個就是公元後七十年
[00:15:27.000 --> 00:15:30.000]  主持人:可以說猶太人正式亡國
[00:15:30.000 --> 00:15:33.000]  主持人:猶太人正式完全亡國
[00:15:33.000 --> 00:15:36.000]  主持人:除了第一次在公元前五百八十六年
[00:15:36.000 --> 00:15:38.000]  主持人:在巴比倫的亡國手下
[00:15:38.000 --> 00:15:40.000]  主持人:這個是第二次
[00:15:40.000 --> 00:15:43.000]  主持人:他們完全的聖殿有被毀
[00:15:43.000 --> 00:15:46.000]  主持人:國破家亡是公元後七十年
[00:15:46.000 --> 00:15:48.000]  主持人:直至到一九四八年
[00:15:48.000 --> 00:15:50.000]  主持人:以色列重新復國
[00:15:50.000 --> 00:15:53.000]  主持人:這個是近代歷史裏面一個大神蹟
[00:15:53.000 --> 00:15:56.000]  主持人:因為普世的歷史學家都告訴我們
[00:15:56.000 --> 00:15:59.000]  主持人:沒有一個國家你翻查歷史
[00:15:59.000 --> 00:16:02.000]  主持人:是會可以在亡國超過五百年
[00:16:02.000 --> 00:16:03.000]  主持人:還可以復國的
[00:16:03.000 --> 00:16:06.000]  主持人:如果不是上帝那麼精準的
[00:16:06.000 --> 00:16:08.000]  主持人:這些在舊日裏面的預言
[00:16:08.000 --> 00:16:10.000]  主持人:我們今天是見證不到這個事實
[00:16:10.000 --> 00:16:13.000]  主持人:所以說神的說話真是又真又活
[00:16:13.000 --> 00:16:16.000]  主持人:在這個過程裏面
[00:16:16.000 --> 00:16:20.000]  主持人:我們看下去 他們繼續問
[00:16:20.000 --> 00:16:22.000]  主持人:我們該不該立這些帥呢
[00:16:22.000 --> 00:16:25.000]  主持人:耶穌知道他們的虛偽 就對他們說
[00:16:25.000 --> 00:16:27.000]  主持人:你們為什麼試探我呢
[00:16:27.000 --> 00:16:29.000]  主持人:拿一個銀幣來給我看
[00:16:29.000 --> 00:16:31.000]  主持人:他們就拿了來 耶穌問他說
[00:16:31.000 --> 00:16:35.000]  主持人:這個帳和這個名號是誰的呢
[00:16:35.000 --> 00:16:37.000]  主持人:他們對他說 是凱撒的
[00:16:37.000 --> 00:16:38.000]  主持人:耶穌對他們說
[00:16:38.000 --> 00:16:41.000]  主持人:凱撒的歸凱撒 神的歸神
[00:16:41.000 --> 00:16:44.000]  主持人:他們對他非常的驚訝
[00:16:44.000 --> 00:16:47.000]  主持人:耶穌這個答辯真是很精彩
[00:16:47.000 --> 00:16:49.000]  主持人:耶穌在這裏很有智慧
[00:16:49.000 --> 00:16:52.000]  主持人:耶穌不會跌落他這個陷阱
[00:16:52.000 --> 00:16:54.000]  主持人:因為耶穌答yes or no
[00:16:54.000 --> 00:16:57.000]  主持人:耶穌都死得了
[00:16:57.000 --> 00:16:58.000]  主持人:耶穌怎麼答呢
[00:16:58.000 --> 00:17:00.000]  主持人:耶穌說 你們拿一個銀幣來
[00:17:00.000 --> 00:17:02.000]  主持人:是他們在用的銀幣
[00:17:02.000 --> 00:17:04.000]  主持人:他們拿了這個銀幣來
[00:17:04.000 --> 00:17:06.000]  主持人:我們看一看
[00:17:06.000 --> 00:17:08.000]  主持人:這個是當時羅馬的銀幣
[00:17:08.000 --> 00:17:10.000]  主持人:這個面呢
[00:17:10.000 --> 00:17:12.000]  主持人:就是當時這個提比留
[00:17:12.000 --> 00:17:14.000]  主持人:這個凱撒大帝的像
[00:17:14.000 --> 00:17:17.000]  主持人:提比留就是這個
[00:17:17.000 --> 00:17:19.000]  主持人:阿古士督的兒子
[00:17:19.000 --> 00:17:22.000]  主持人:這個像的背部呢
[00:17:22.000 --> 00:17:25.000]  主持人:就是這個大祭司的頭像
[00:17:25.000 --> 00:17:28.000]  主持人:坐在這個寶座上面
[00:17:28.000 --> 00:17:32.000]  主持人:執掌著一個的權兵
[00:17:32.000 --> 00:17:38.000]  主持人:這個表示就是神和人之間
[00:17:38.000 --> 00:17:40.000]  主持人:他們看當時那個皇帝
[00:17:40.000 --> 00:17:44.000]  主持人:就好像是一個所謂神人
[00:17:44.000 --> 00:17:45.000]  主持人:Semi-God
[00:17:45.000 --> 00:17:48.000]  主持人:而這個大祭司就成為
[00:17:48.000 --> 00:17:50.000]  主持人:一個所謂神人
[00:17:50.000 --> 00:17:55.000]  主持人:和這個所謂征服的人民之間
[00:17:55.000 --> 00:17:58.000]  主持人:那個宗教領袖作為一個橋樑
[00:17:58.000 --> 00:18:01.000]  主持人:所以當他們用這個貨幣的時候
[00:18:01.000 --> 00:18:04.000]  主持人:它寫著Pax Romana
[00:18:04.000 --> 00:18:07.000]  主持人:就是說是皇帝帶給你們的
[00:18:07.000 --> 00:18:10.000]  主持人:這個國土裡面的平安
[00:18:10.000 --> 00:18:12.000]  主持人:羅馬的平安
[00:18:12.000 --> 00:18:14.000]  主持人:是當時這個羅馬政權
[00:18:14.000 --> 00:18:16.000]  主持人:這個整個帝國裡面
[00:18:16.000 --> 00:18:19.000]  主持人:是非常強盛的時候所帶來的
[00:18:19.000 --> 00:18:23.000]  主持人:當時他們就是通行的貨幣
[00:18:23.000 --> 00:18:27.000]  主持人:但是在他們使用這個貨幣的時候
[00:18:27.000 --> 00:18:29.000]  主持人:其實耶穌已經是暗示了
[00:18:29.000 --> 00:18:31.000]  主持人:既然你使用這個貨幣
[00:18:31.000 --> 00:18:33.000]  主持人:那麼你們表示你們是
[00:18:33.000 --> 00:18:37.000]  主持人:在這個凱撒大帝那個治權底下
[00:18:37.000 --> 00:18:39.000]  主持人:所以耶穌其實是用一個
[00:18:39.000 --> 00:18:42.000]  主持人:很有智慧的方式回答他們就是
[00:18:42.000 --> 00:18:45.000]  主持人:該殺的就歸該神
[00:18:45.000 --> 00:18:47.000]  主持人:神的就歸神
[00:18:47.000 --> 00:18:49.000]  主持人:對於耶穌這個答覆裡面
[00:18:49.000 --> 00:18:53.000]  主持人:他是表示到效忠於國家的政權
[00:18:53.000 --> 00:18:56.000]  主持人:和效忠於上帝這兩者
[00:18:56.000 --> 00:19:00.000]  主持人:是可以並存共行的
[00:19:00.000 --> 00:19:02.000]  主持人:不過當然有一個條件
[00:19:02.000 --> 00:19:04.000]  主持人:如果這個政權
[00:19:04.000 --> 00:19:07.000]  主持人:是要求神的子民百姓
[00:19:07.000 --> 00:19:11.000]  主持人:去做一些違背上帝的心意的事
[00:19:11.000 --> 00:19:13.000]  主持人:例如要他們拜偶像
[00:19:13.000 --> 00:19:15.000]  主持人:那你就當然好像丹爾利一樣
[00:19:15.000 --> 00:19:17.000]  主持人:彌布、格里薩那個金像
[00:19:17.000 --> 00:19:18.000]  主持人:他寧願不拜
[00:19:18.000 --> 00:19:20.000]  主持人:他仍然一天三次對著耶路撒冷
[00:19:20.000 --> 00:19:22.000]  主持人:他就來到去禱告
[00:19:22.000 --> 00:19:24.000]  主持人:結果他被人捉了他
[00:19:24.000 --> 00:19:26.000]  主持人:扔進獅子坑裡面
[00:19:26.000 --> 00:19:28.000]  主持人:大家記得這件事是吧
[00:19:28.000 --> 00:19:30.000]  主持人:但是這個致死忠心的見證
[00:19:30.000 --> 00:19:32.000]  主持人:告訴我們
[00:19:32.000 --> 00:19:36.000]  主持人:就是身高這麼高的位置的這個丹爾利
[00:19:36.000 --> 00:19:39.000]  主持人:他為了效忠於上帝
[00:19:39.000 --> 00:19:42.000]  主持人:他寧願違背皇令
[00:19:42.000 --> 00:19:45.000]  主持人:他願意做一個有清潔良心
[00:19:45.000 --> 00:19:47.000]  主持人:忠於上帝的人
[00:19:47.000 --> 00:19:48.000]  主持人:但是一般情況下
[00:19:48.000 --> 00:19:53.000]  主持人:丹爾利是完全盡忠於外邦人的角度
[00:19:53.000 --> 00:19:55.000]  主持人:尼布格尼撒王這個政權底下
[00:19:55.000 --> 00:19:57.000]  主持人:他是貴為宰相的
[00:19:57.000 --> 00:19:59.000]  主持人:大家要明白這件事
[00:19:59.000 --> 00:20:02.000]  主持人:所以今天是兩者沒有衝突的
[00:20:02.000 --> 00:20:05.000]  主持人:除非是發生在一些特殊的情況底下
[00:20:05.000 --> 00:20:09.000]  主持人:所以納粹是國民應該守法的責任
[00:20:09.000 --> 00:20:14.000]  主持人:而同樣我們要將奉獻給上帝的那些奉獻
[00:20:14.000 --> 00:20:16.000]  主持人:歸於給神
[00:20:16.000 --> 00:20:18.000]  主持人:也是理所當然的
[00:20:18.000 --> 00:20:21.000]  主持人:我們如果明白這兩者的時候
[00:20:21.000 --> 00:20:23.000]  主持人:這個不是衝突
[00:20:23.000 --> 00:20:25.000]  主持人:反而我們看後民
[00:20:25.000 --> 00:20:29.000]  主持人:耶穌要向那些群眾問
[00:20:29.000 --> 00:20:32.000]  主持人:究竟那些民事你們要小心
[00:20:32.000 --> 00:20:33.000]  主持人:要防備
[00:20:33.000 --> 00:20:35.000]  主持人:因為他們是假冒違善的
[00:20:35.000 --> 00:20:37.000]  主持人:這些民事就怎樣
[00:20:37.000 --> 00:20:39.000]  主持人:他們好坐高位
[00:20:39.000 --> 00:20:41.000]  主持人:在賢職上要坐首席
[00:20:41.000 --> 00:20:44.000]  主持人:但是最壞的一件事
[00:20:44.000 --> 00:20:47.000]  主持人:就是他們是親吞這些寡婦的家產
[00:20:47.000 --> 00:20:50.000]  主持人:他們假意作很長的祈禱
[00:20:50.000 --> 00:20:54.000]  主持人:這些人要受更重的刑罰
[00:20:54.000 --> 00:20:56.000]  主持人:耶穌說完這番話
[00:20:56.000 --> 00:20:58.000]  主持人:先來到聖殿裡頭
[00:20:58.000 --> 00:21:01.000]  主持人:他是面向聖殿的銀庫
[00:21:01.000 --> 00:21:04.000]  主持人:坐在那裡看著那些人怎樣奉獻
[00:21:04.000 --> 00:21:07.000]  主持人:這就是最後這段經文所說的
[00:21:07.000 --> 00:21:15.000]  主持人:為什麼馬可要這樣鋪排呢
[00:21:15.000 --> 00:21:18.000]  主持人:我們讀完這段經文就明白了
[00:21:18.000 --> 00:21:20.000]  主持人:我們一起來讀
[00:21:20.000 --> 00:21:23.000]  主持人:耶穌面向聖殿銀庫坐著
[00:21:23.000 --> 00:21:27.000]  主持人:看眾人怎樣放錢放進銀庫
[00:21:27.000 --> 00:21:30.000]  主持人:有好些財主投了許多錢
[00:21:30.000 --> 00:21:32.000]  主持人:有一個窮寡婦來
[00:21:32.000 --> 00:21:34.000]  主持人:投了兩個小民錢
[00:21:34.000 --> 00:21:36.000]  主持人:就是一個大民錢
[00:21:36.000 --> 00:21:39.000]  主持人:耶穌叫門徒來對他們說
[00:21:39.000 --> 00:21:41.000]  主持人:我實在告訴你們
[00:21:41.000 --> 00:21:44.000]  主持人:這窮寡婦投入銀庫裡的
[00:21:44.000 --> 00:21:46.000]  主持人:比眾人所投的更多
[00:21:46.000 --> 00:21:49.000]  主持人:因為眾人都善拿有餘的捐獻
[00:21:49.000 --> 00:21:52.000]  主持人:但這寡婦雖然自己不足
[00:21:52.000 --> 00:21:57.000]  主持人:卻把她一生所有的全都投進去了
[00:21:57.000 --> 00:22:00.000]  主持人:大家也要了解一下這個背景
[00:22:00.000 --> 00:22:05.000]  主持人:當時她來到所謂奉獻的時候
[00:22:05.000 --> 00:22:11.000]  主持人:這個窮寡婦很肯定她不是進到內院
[00:22:11.000 --> 00:22:13.000]  主持人:她是一個婦人
[00:22:13.000 --> 00:22:16.000]  主持人:她只是到了婦女的院子裡
[00:22:16.000 --> 00:22:20.000]  主持人:在那裡有13個這些奉獻箱
[00:22:20.000 --> 00:22:23.000]  主持人:這些奉獻箱是做得像一個洋閣一樣
[00:22:23.000 --> 00:22:27.000]  主持人:一個洋閣就可以把錢幣投進去
[00:22:27.000 --> 00:22:31.000]  主持人:而且這些是分了一些種類
[00:22:31.000 --> 00:22:33.000]  主持人:是一種free will offering
[00:22:33.000 --> 00:22:37.000]  主持人:就是他們隨他們自己的心願
[00:22:37.000 --> 00:22:41.000]  主持人:奉獻在這個類別裡
[00:22:41.000 --> 00:22:44.000]  主持人:就是意思這些金錢是傳言去
[00:22:44.000 --> 00:22:50.000]  主持人:奉獻去支持聖殿經常運作的費用
[00:22:50.000 --> 00:22:53.000]  主持人:我們看到這個情況
[00:22:53.000 --> 00:22:56.000]  主持人:當時有些財主投了很多錢
[00:22:56.000 --> 00:22:58.000]  主持人:耶穌看到的
[00:22:58.000 --> 00:23:00.000]  主持人:而有一個窮寡婦來
[00:23:00.000 --> 00:23:04.000]  主持人:她只是投了聖經說兩個小文錢
[00:23:04.000 --> 00:23:06.000]  主持人:就是一個大文錢
[00:23:06.000 --> 00:23:09.000]  主持人:這兩個小文錢是當時羅馬使用
[00:23:09.000 --> 00:23:11.000]  主持人:是最小面值的錢幣
[00:23:11.000 --> 00:23:16.000]  主持人:等於我們以前香港現在還有一毫子
[00:23:16.000 --> 00:23:21.000]  主持人:一毫子還有兩個斗鈴就變成一個一毫子
[00:23:21.000 --> 00:23:23.000]  主持人:是最小的了
[00:23:23.000 --> 00:23:24.000]  主持人:就是這樣的意思
[00:23:24.000 --> 00:23:26.000]  主持人:就是很小的了
[00:23:26.000 --> 00:23:28.000]  主持人:現在今天一毫子或者兩毫子
[00:23:28.000 --> 00:23:30.000]  主持人:有些人不收的
[00:23:30.000 --> 00:23:33.000]  主持人:就是已經幣值很低很低
[00:23:33.000 --> 00:23:36.000]  主持人:你估計這兩個的銀錢
[00:23:36.000 --> 00:23:39.000]  主持人:或者變成一個文錢一個大錢
[00:23:39.000 --> 00:23:41.000]  主持人:價值是多少呢
[00:23:41.000 --> 00:23:44.000]  主持人:其實聖經學者在這裡研究過的
[00:23:44.000 --> 00:23:48.000]  主持人:這個價值是等於我們剛才說的
[00:23:48.000 --> 00:23:50.000]  主持人:拿一個銀幣來
[00:23:50.000 --> 00:23:52.000]  主持人:我們要來交這個人頭稅
[00:23:52.000 --> 00:23:54.000]  主持人:就是一個銀幣了
[00:23:54.000 --> 00:23:56.000]  主持人:一個銀幣就叫做Denarius
[00:23:56.000 --> 00:23:59.000]  主持人:當時就是一個工人一日的工資
[00:23:59.000 --> 00:24:01.000]  主持人:那個價值來的
[00:24:01.000 --> 00:24:06.000]  主持人:而這個大文錢其實相等於
[00:24:06.000 --> 00:24:10.000]  主持人:一個銀幣的六十四分之一
[00:24:10.000 --> 00:24:11.000]  主持人:六十四分之一
[00:24:11.000 --> 00:24:13.000]  主持人:其實很小很小
[00:24:13.000 --> 00:24:15.000]  主持人:如果我簡單地算一條數
[00:24:15.000 --> 00:24:19.000]  主持人:如果用今天比較容易的計算
[00:24:19.000 --> 00:24:22.000]  主持人:如果就當我們一日平均的工資
[00:24:22.000 --> 00:24:24.000]  主持人:是一千元來計算
[00:24:24.000 --> 00:24:31.000]  主持人:六十四分之一是多少
[00:24:31.000 --> 00:24:34.000]  主持人:就是二十元也不夠
[00:24:34.000 --> 00:24:36.000]  主持人:對不對
[00:24:36.000 --> 00:24:38.000]  主持人:二十元也不夠
[00:24:38.000 --> 00:24:40.000]  主持人:今天你在香港
[00:24:40.000 --> 00:24:42.000]  主持人:我如果給你二十元
[00:24:42.000 --> 00:24:44.000]  主持人:你去吃午餐吧
[00:24:44.000 --> 00:24:46.000]  主持人:二十元去吃午餐
[00:24:46.000 --> 00:24:48.000]  主持人:那我真的要想想怎麼吃
[00:24:48.000 --> 00:24:50.000]  主持人:也能吃的
[00:24:50.000 --> 00:24:52.000]  主持人:你刺一下魚蛋
[00:24:52.000 --> 00:24:54.000]  主持人:可能也能吃
[00:24:54.000 --> 00:24:56.000]  主持人:但是真的很小很小
[00:24:56.000 --> 00:24:58.000]  主持人:你今天去茶餐廳快餐店
[00:24:58.000 --> 00:25:00.000]  主持人:隨時都四五十元
[00:25:00.000 --> 00:25:02.000]  主持人:今天是通脹得很厲害
[00:25:02.000 --> 00:25:05.000]  主持人:你明白這個情況就是
[00:25:05.000 --> 00:25:08.000]  主持人:馬可在這樣的佈局底下
[00:25:08.000 --> 00:25:10.000]  主持人:他要將最高的
[00:25:10.000 --> 00:25:11.000]  主持人:在社會地位裡面
[00:25:11.000 --> 00:25:12.000]  主持人:這個凱撒大帝
[00:25:12.000 --> 00:25:14.000]  主持人:我們將一個銀幣
[00:25:14.000 --> 00:25:16.000]  主持人:來交人頭稅
[00:25:16.000 --> 00:25:19.000]  主持人:跟這個寡婦她傳言的
[00:25:19.000 --> 00:25:22.000]  主持人:耶穌說他將他一生所有的
[00:25:22.000 --> 00:25:24.000]  主持人:他自己都放上去了
[00:25:24.000 --> 00:25:26.000]  主持人:但是最低的價值
[00:25:26.000 --> 00:25:28.000]  主持人:但是耶穌看為是
[00:25:28.000 --> 00:25:30.000]  主持人:他是最珍貴的
[00:25:30.000 --> 00:25:32.000]  主持人:這個做一個比較
[00:25:32.000 --> 00:25:33.000]  主持人:主就要提醒門徒
[00:25:33.000 --> 00:25:35.000]  主持人:要學習敬虔的真理
[00:25:35.000 --> 00:25:37.000]  主持人:不像那些民事
[00:25:37.000 --> 00:25:38.000]  主持人:他們說我們將奉獻
[00:25:38.000 --> 00:25:40.000]  主持人:帶來教會了
[00:25:40.000 --> 00:25:42.000]  主持人:但是他們如果
[00:25:42.000 --> 00:25:43.000]  主持人:連家裡的爸爸媽媽
[00:25:43.000 --> 00:25:45.000]  主持人:都不去供養的時候
[00:25:45.000 --> 00:25:47.000]  主持人:這些是假冒為善
[00:25:47.000 --> 00:25:49.000]  主持人:在神的眼中
[00:25:49.000 --> 00:25:51.000]  主持人:神體是真誠單純
[00:25:51.000 --> 00:25:52.000]  主持人:無私捨己的
[00:25:52.000 --> 00:25:54.000]  主持人:是一個完全的愛
[00:25:54.000 --> 00:25:55.000]  主持人:今天我們需要
[00:25:55.000 --> 00:25:57.000]  主持人:在我們各行各業裡面
[00:25:57.000 --> 00:25:58.000]  主持人:都需要有
[00:25:58.000 --> 00:26:00.000]  主持人:在這種經濟的
[00:26:00.000 --> 00:26:03.000]  主持人:我們的所謂運作裡面
[00:26:03.000 --> 00:26:05.000]  主持人:我們要以神的眼光
[00:26:05.000 --> 00:26:06.000]  主持人:去看自己
[00:26:06.000 --> 00:26:08.000]  主持人:以及看別人
[00:26:08.000 --> 00:26:10.000]  主持人:我最近看了一篇文章
[00:26:10.000 --> 00:26:12.000]  主持人:我就要深受感動
[00:26:12.000 --> 00:26:13.000]  主持人:這個是一個
[00:26:13.000 --> 00:26:16.000]  主持人:視覺藝術的基督徒
[00:26:16.000 --> 00:26:18.000]  主持人:他叫周文智
[00:26:18.000 --> 00:26:19.000]  主持人:周文智弟兄
[00:26:19.000 --> 00:26:21.000]  主持人:他來到
[00:26:21.000 --> 00:26:23.000]  主持人:在今年年初
[00:26:23.000 --> 00:26:26.000]  主持人:跟梁友東牧師來到我們教會
[00:26:26.000 --> 00:26:29.000]  主持人:擺設一些展品
[00:26:29.000 --> 00:26:31.000]  主持人:不知道大家有沒有印象
[00:26:31.000 --> 00:26:32.000]  主持人:將我們社會裡面
[00:26:32.000 --> 00:26:34.000]  主持人:很多貧富懸殊的問題
[00:26:34.000 --> 00:26:35.000]  主持人:都呈現了
[00:26:35.000 --> 00:26:37.000]  主持人:非常好的
[00:26:37.000 --> 00:26:40.000]  主持人:一個很立體給我們看見
[00:26:40.000 --> 00:26:44.000]  主持人:弟兄在9月的基督教週報
[00:26:44.000 --> 00:26:46.000]  主持人:分享了他的一個想法
[00:26:46.000 --> 00:26:49.000]  主持人:藝術因此要回饋上帝
[00:26:49.000 --> 00:26:53.000]  主持人:他說他聽過有一個藝術家
[00:26:53.000 --> 00:26:55.000]  主持人:他遊走於法國和意大利
[00:26:55.000 --> 00:26:57.000]  主持人:這個是香港藝術家
[00:26:57.000 --> 00:27:01.000]  主持人:他說當他去跟歐美的畫廊打交道
[00:27:01.000 --> 00:27:03.000]  主持人:他們就會問他一個問題
[00:27:03.000 --> 00:27:05.000]  主持人:你是不是一個全職的藝術家
[00:27:05.000 --> 00:27:06.000]  主持人:如果你是業餘
[00:27:06.000 --> 00:27:08.000]  主持人:他們就不理你
[00:27:08.000 --> 00:27:10.000]  主持人:如果你是全職的藝術家
[00:27:10.000 --> 00:27:11.000]  主持人:這些商業畫廊
[00:27:11.000 --> 00:27:14.000]  主持人:就是要從買賣的利益
[00:27:14.000 --> 00:27:17.000]  主持人:來審視你的畫作
[00:27:17.000 --> 00:27:20.000]  主持人:是不是真的有市場價值
[00:27:20.000 --> 00:27:22.000]  主持人:如果藝術家的作品所表現的
[00:27:22.000 --> 00:27:24.000]  主持人:跟商業藝術的潮流
[00:27:24.000 --> 00:27:28.000]  主持人:跟畫廊的想法是不相同的時候
[00:27:28.000 --> 00:27:32.000]  主持人:那他就不會去用了
[00:27:32.000 --> 00:27:34.000]  主持人:所以弟兄在這篇文章中分享
[00:27:34.000 --> 00:27:37.000]  主持人:就是其實商業元素
[00:27:37.000 --> 00:27:41.000]  主持人:如果是遠離了作為我們主的門徒
[00:27:41.000 --> 00:27:43.000]  主持人:那個藝術家應有的創作方向
[00:27:43.000 --> 00:27:45.000]  主持人:我們確實要不斷反省
[00:27:45.000 --> 00:27:47.000]  主持人:檢視自己的創作意念
[00:27:47.000 --> 00:27:49.000]  主持人:和我們的原委
[00:27:49.000 --> 00:27:52.000]  主持人:我們要相信神在當中必然有大令
[00:27:52.000 --> 00:27:55.000]  主持人:確信自己是走在神的心意裡頭
[00:27:55.000 --> 00:28:00.000]  主持人:以及堅持哪一種職或不言的創作態度
[00:28:00.000 --> 00:28:03.000]  主持人:神叫我們無論得時不得時
[00:28:03.000 --> 00:28:05.000]  主持人:也要為祂作見證
[00:28:05.000 --> 00:28:07.000]  主持人:要呈現藝術作品為祭
[00:28:07.000 --> 00:28:11.000]  主持人:並在作品中流露上帝的信息
[00:28:11.000 --> 00:28:14.000]  主持人:我覺得他這個見證是在提醒我們
[00:28:14.000 --> 00:28:18.000]  主持人:你今天如果你是做一個生意的人
[00:28:18.000 --> 00:28:20.000]  主持人:你同樣你就要問自己
[00:28:20.000 --> 00:28:25.000]  主持人:我有沒有在我這些生意的手法裡面
[00:28:25.000 --> 00:28:27.000]  主持人:是合神心意呢
[00:28:27.000 --> 00:28:30.000]  主持人:你說外面的人個個都是這樣做的
[00:28:30.000 --> 00:28:32.000]  主持人:但我們是神的門徒
[00:28:32.000 --> 00:28:33.000]  主持人:我是主的門徒
[00:28:33.000 --> 00:28:34.000]  主持人:我們不應該這樣做
[00:28:34.000 --> 00:28:36.000]  主持人:如果今天我們要交稅的時候
[00:28:36.000 --> 00:28:39.000]  主持人:你說外面的人個個都是這樣門稅的
[00:28:39.000 --> 00:28:41.000]  主持人:我們是不是要這樣門稅呢
[00:28:41.000 --> 00:28:44.000]  主持人:我們必須要正視這個問題
[00:28:44.000 --> 00:28:47.000]  主持人:不要讓金錢成為我們的主人
[00:28:47.000 --> 00:28:52.000]  主持人:你是金錢的真正的主人
[00:28:52.000 --> 00:28:54.000]  主持人:耶穌是你的主人的時候
[00:28:54.000 --> 00:28:56.000]  主持人:金錢成為你的僕人
[00:28:56.000 --> 00:28:58.000]  主持人:我們要善用這些金錢
[00:28:58.000 --> 00:29:00.000]  主持人:所以金錢本身是宗聖的
[00:29:00.000 --> 00:29:02.000]  主持人:不是說你有很多的金錢就一定是犯罪
[00:29:02.000 --> 00:29:04.000]  主持人:不是這個意思
[00:29:04.000 --> 00:29:06.000]  主持人:所以你要弄清楚這個問題
[00:29:06.000 --> 00:29:08.000]  主持人:第二個是關於律法的問題
[00:29:08.000 --> 00:29:11.000]  主持人:第一幫人來到找耶穌的
[00:29:11.000 --> 00:29:12.000]  主持人:這個撒都蓋人
[00:29:12.000 --> 00:29:14.000]  主持人:他就用一個故事去問耶穌
[00:29:14.000 --> 00:29:16.000]  主持人:因為這些撒都蓋人
[00:29:16.000 --> 00:29:20.000]  主持人:是出自大祭司的家族的背景
[00:29:20.000 --> 00:29:22.000]  主持人:他們很有權勢的
[00:29:22.000 --> 00:29:23.000]  主持人:但他們屬於少數
[00:29:23.000 --> 00:29:27.000]  主持人:也是很多猶太人不歡迎他們的
[00:29:27.000 --> 00:29:37.000]  主持人:他們當時是跟羅馬合作的一種政治立場
[00:29:37.000 --> 00:29:43.000]  主持人:他們是來接受這個所謂希臘羅馬的文化
[00:29:43.000 --> 00:29:45.000]  主持人:就是相信肉身是邪惡的
[00:29:45.000 --> 00:29:46.000]  主持人:會毀壞的
[00:29:46.000 --> 00:29:49.000]  主持人:只有靈魂才會屬靈不朽
[00:29:49.000 --> 00:29:51.000]  主持人:所以他們認為死後
[00:29:51.000 --> 00:29:54.000]  主持人:人可以全人去復活
[00:29:54.000 --> 00:29:58.000]  主持人:他們沒有辦法接受這個觀念
[00:29:58.000 --> 00:30:01.000]  主持人:所以他們甚至曲解
[00:30:01.000 --> 00:30:03.000]  主持人:舊約裡面的摩西律法
[00:30:03.000 --> 00:30:09.000]  主持人:他說摩西律法都沒有直接說人會復活的
[00:30:09.000 --> 00:30:12.000]  主持人:耶穌就在這裡駁斥他們
[00:30:12.000 --> 00:30:14.000]  主持人:其實在舊約裡面
[00:30:14.000 --> 00:30:16.000]  主持人:聖經是有很清楚提及的
[00:30:16.000 --> 00:30:18.000]  主持人:但二里書十二章
[00:30:18.000 --> 00:30:20.000]  主持人:或者二創下書二十六章
[00:30:20.000 --> 00:30:22.000]  主持人:都有很清楚說到人死後
[00:30:22.000 --> 00:30:24.000]  主持人:是有復活這個事實
[00:30:24.000 --> 00:30:27.000]  主持人:神可以叫人從死裡復活
[00:30:27.000 --> 00:30:30.000]  主持人:到最後我們要面對最後的審判
[00:30:30.000 --> 00:30:34.000]  主持人:在這個經文本身
[00:30:34.000 --> 00:30:37.000]  主持人:是他們先問耶穌一件事
[00:30:37.000 --> 00:30:38.000]  主持人:他說有七兄弟
[00:30:38.000 --> 00:30:41.000]  主持人:大哥娶了嫂嫂
[00:30:41.000 --> 00:30:42.000]  主持人:誰知道都沒有小孩
[00:30:42.000 --> 00:30:43.000]  主持人:大哥就死了
[00:30:43.000 --> 00:30:46.000]  主持人:二哥又要來娶嫂嫂
[00:30:46.000 --> 00:30:50.000]  主持人:這個是按照舊約的律法傳統
[00:30:50.000 --> 00:30:52.000]  主持人:哥哥沒有小孩
[00:30:52.000 --> 00:30:56.000]  主持人:弟弟要幫哥哥立後
[00:30:56.000 --> 00:30:58.000]  主持人:誰知道二哥也是這樣
[00:30:58.000 --> 00:31:00.000]  主持人:跟嫂嫂結婚
[00:31:00.000 --> 00:31:01.000]  主持人:但又沒有小孩
[00:31:01.000 --> 00:31:02.000]  主持人:很快就死了
[00:31:02.000 --> 00:31:04.000]  主持人:我們中國人說這個黑寡婦
[00:31:04.000 --> 00:31:06.000]  主持人:黑夫
[00:31:06.000 --> 00:31:09.000]  主持人:結果第三個弟弟就是這樣
[00:31:09.000 --> 00:31:11.000]  主持人:一直到第七個弟弟
[00:31:11.000 --> 00:31:15.000]  主持人:個個都命喪於黑寡婦裡面
[00:31:15.000 --> 00:31:17.000]  主持人:現在他們就問耶穌
[00:31:17.000 --> 00:31:19.000]  主持人:耶穌耶穌
[00:31:19.000 --> 00:31:20.000]  主持人:究竟復活了
[00:31:20.000 --> 00:31:21.000]  主持人:你說有復活了
[00:31:21.000 --> 00:31:22.000]  主持人:復活了之後
[00:31:22.000 --> 00:31:28.000]  主持人:究竟這個婦人是哪一個人的老婆呢
[00:31:28.000 --> 00:31:30.000]  主持人:是不是很難回答
[00:31:30.000 --> 00:31:31.000]  主持人:如果是這樣
[00:31:31.000 --> 00:31:32.000]  主持人:死了
[00:31:32.000 --> 00:31:33.000]  主持人:那七個人都結過婚了
[00:31:33.000 --> 00:31:34.000]  主持人:那是誰呢
[00:31:34.000 --> 00:31:36.000]  主持人:那我們一起讀這段經文吧
[00:31:36.000 --> 00:31:39.000]  主持人:耶穌說你們錯了
[00:31:39.000 --> 00:31:41.000]  主持人:不正是因為不明白聖經
[00:31:41.000 --> 00:31:44.000]  主持人:也不知道神的大能
[00:31:44.000 --> 00:31:46.000]  主持人:當人從死人中復活後
[00:31:46.000 --> 00:31:48.000]  主持人:也不娶也不嫁
[00:31:48.000 --> 00:31:51.000]  主持人:而是像天上的天使一樣
[00:31:51.000 --> 00:31:53.000]  主持人:輪到死人復活
[00:31:53.000 --> 00:31:56.000]  主持人:你們沒有念過摩西書中
[00:31:56.000 --> 00:31:57.000]  主持人:經紀篇嗎
[00:31:57.000 --> 00:31:59.000]  主持人:上所記載的嗎
[00:31:59.000 --> 00:32:00.000]  主持人:神對摩西說
[00:32:00.000 --> 00:32:02.000]  主持人:我是阿伯拉罕的神
[00:32:02.000 --> 00:32:03.000]  主持人:以撒的神
[00:32:03.000 --> 00:32:04.000]  主持人:雅各的神
[00:32:04.000 --> 00:32:06.000]  主持人:神不是死人的神
[00:32:06.000 --> 00:32:08.000]  主持人:而是活人的神
[00:32:08.000 --> 00:32:11.000]  主持人:你們大錯了
[00:32:11.000 --> 00:32:13.000]  主持人:耶穌罵到他們很精彩
[00:32:13.000 --> 00:32:15.000]  主持人:這些殺到個人
[00:32:15.000 --> 00:32:17.000]  主持人:你們說你們懂聖經
[00:32:17.000 --> 00:32:19.000]  主持人:你們完全曲解聖經
[00:32:19.000 --> 00:32:20.000]  主持人:不明白聖經
[00:32:20.000 --> 00:32:22.000]  主持人:又不知道神的大能
[00:32:22.000 --> 00:32:24.000]  主持人:耶穌先回答他們
[00:32:24.000 --> 00:32:26.000]  主持人:你們不認識神的大能
[00:32:26.000 --> 00:32:29.000]  主持人:因為人死後復活後
[00:32:29.000 --> 00:32:32.000]  主持人:是不娶不嫁的
[00:32:32.000 --> 00:32:34.000]  主持人:要像天使一樣
[00:32:34.000 --> 00:32:36.000]  主持人:天使是沒有結婚的
[00:32:36.000 --> 00:32:38.000]  主持人:我們將來去到天堂的時候
[00:32:38.000 --> 00:32:41.000]  主持人:我們就不會再有夫妻關係
[00:32:41.000 --> 00:32:43.000]  主持人:不需要再繁衍後代
[00:32:43.000 --> 00:32:44.000]  主持人:生兒育女
[00:32:44.000 --> 00:32:45.000]  主持人:不用的
[00:32:45.000 --> 00:32:47.000]  主持人:你不要想著在天堂
[00:32:47.000 --> 00:32:50.000]  主持人:我要在那裡繼續
[00:32:50.000 --> 00:32:53.000]  主持人:今世我生得不夠
[00:32:53.000 --> 00:32:55.000]  主持人:我要在那裡多生一點
[00:32:55.000 --> 00:32:57.000]  主持人:沒有這樣的事
[00:32:57.000 --> 00:32:58.000]  主持人:你搞錯了
[00:32:58.000 --> 00:33:00.000]  主持人:還有
[00:33:00.000 --> 00:33:02.000]  主持人:這裡提醒了他
[00:33:02.000 --> 00:33:04.000]  主持人:就是羅馬書保羅
[00:33:04.000 --> 00:33:06.000]  主持人:其實都是這樣說的
[00:33:06.000 --> 00:33:08.000]  主持人:就是說我們的婚姻
[00:33:08.000 --> 00:33:10.000]  主持人:是在地上
[00:33:10.000 --> 00:33:12.000]  主持人:婚姻的關係
[00:33:12.000 --> 00:33:14.000]  主持人:牧師和那些人正婚
[00:33:14.000 --> 00:33:16.000]  主持人:他們至死不分離
[00:33:16.000 --> 00:33:19.000]  主持人:到死這個婚約就完結了
[00:33:19.000 --> 00:33:21.000]  主持人:你多愛那個配偶都好
[00:33:21.000 --> 00:33:23.000]  主持人:對方如果一死的時候
[00:33:23.000 --> 00:33:25.000]  主持人:婚約就解除了
[00:33:25.000 --> 00:33:28.000]  主持人:你是有一個可能性
[00:33:28.000 --> 00:33:30.000]  主持人:如果你需要續緣的話
[00:33:30.000 --> 00:33:32.000]  主持人:男的可以再娶
[00:33:32.000 --> 00:33:34.000]  主持人:女的可以再嫁
[00:33:34.000 --> 00:33:37.000]  主持人:如果你不再娶不再嫁
[00:33:37.000 --> 00:33:40.000]  主持人:保羅都說都沒問題的
[00:33:40.000 --> 00:33:42.000]  主持人:大家明白
[00:33:42.000 --> 00:33:44.000]  主持人:你千萬不要反過來
[00:33:44.000 --> 00:33:45.000]  主持人:你這樣讀聖經
[00:33:45.000 --> 00:33:46.000]  主持人:你不要讀了
[00:33:46.000 --> 00:33:48.000]  主持人:我現在和我的配偶
[00:33:48.000 --> 00:33:49.000]  主持人:關係不好
[00:33:49.000 --> 00:33:51.000]  主持人:我看看他什麼時候快點死
[00:33:51.000 --> 00:33:53.000]  主持人:如果你這樣讀聖經
[00:33:53.000 --> 00:33:56.000]  主持人:你這個是曲解聖經法
[00:33:56.000 --> 00:33:58.000]  主持人:聖經不是這樣教我們的
[00:33:58.000 --> 00:34:00.000]  主持人:你要愛你的配偶
[00:34:00.000 --> 00:34:02.000]  主持人:好好地忠於他
[00:34:02.000 --> 00:34:03.000]  主持人:這個是一生一世
[00:34:03.000 --> 00:34:06.000]  主持人:至死不分離
[00:34:06.000 --> 00:34:08.000]  主持人:但是死了之後
[00:34:08.000 --> 00:34:11.000]  主持人:婚約已經解除了
[00:34:11.000 --> 00:34:12.000]  主持人:就像這裡所說
[00:34:12.000 --> 00:34:13.000]  主持人:將來復活的時候
[00:34:13.000 --> 00:34:16.000]  主持人:不是這七個兄弟的妻子
[00:34:16.000 --> 00:34:18.000]  主持人:再沒有這種關係
[00:34:18.000 --> 00:34:20.000]  主持人:而且在這裡
[00:34:20.000 --> 00:34:22.000]  主持人:耶穌就再解釋他們
[00:34:22.000 --> 00:34:25.000]  主持人:你們既然這麼尊重摩西五經
[00:34:25.000 --> 00:34:26.000]  主持人:我問你們
[00:34:26.000 --> 00:34:29.000]  主持人:摩西書裡頭這個荊棘篇
[00:34:29.000 --> 00:34:31.000]  主持人:其實它是引用
[00:34:31.000 --> 00:34:33.000]  主持人:出埃及記第三章
[00:34:33.000 --> 00:34:35.000]  主持人:神在燒著荊棘
[00:34:35.000 --> 00:34:36.000]  主持人:來呼召摩西
[00:34:36.000 --> 00:34:37.000]  主持人:我揀選你
[00:34:37.000 --> 00:34:39.000]  主持人:帶我百姓離開埃及
[00:34:39.000 --> 00:34:41.000]  主持人:神怎麼介紹祂自己
[00:34:41.000 --> 00:34:43.000]  主持人:祂說我是阿伯拉罕
[00:34:43.000 --> 00:34:46.000]  主持人:以撒和雅各的神
[00:34:46.000 --> 00:34:47.000]  主持人:祂是祂
[00:34:47.000 --> 00:34:49.000]  主持人:這些祖先都死了
[00:34:49.000 --> 00:34:52.000]  主持人:死了的神
[00:34:52.000 --> 00:34:54.000]  主持人:但是耶穌加了一個註腳
[00:34:54.000 --> 00:34:56.000]  主持人:神不是死人的神
[00:34:56.000 --> 00:34:57.000]  主持人:是什麼
[00:34:57.000 --> 00:34:59.000]  主持人:是活人的神
[00:34:59.000 --> 00:35:01.000]  主持人:耶穌要解釋就是
[00:35:01.000 --> 00:35:03.000]  主持人:當神和摩西
[00:35:03.000 --> 00:35:04.000]  主持人:來做這個宣告
[00:35:04.000 --> 00:35:05.000]  主持人:自我介紹的時候
[00:35:05.000 --> 00:35:08.000]  主持人:祂是耶和華永活的神
[00:35:08.000 --> 00:35:11.000]  主持人:神是要叫祂的列祖
[00:35:11.000 --> 00:35:12.000]  主持人:雖然死了
[00:35:12.000 --> 00:35:14.000]  主持人:神的信實慈愛
[00:35:14.000 --> 00:35:16.000]  主持人:和祂們所立的約
[00:35:16.000 --> 00:35:18.000]  主持人:是不會因為這些祖先
[00:35:18.000 --> 00:35:20.000]  主持人:死了就失效
[00:35:20.000 --> 00:35:22.000]  主持人:神和祂立的這些約
[00:35:22.000 --> 00:35:24.000]  主持人:是一定會成就的
[00:35:24.000 --> 00:35:27.000]  主持人:那祂們都死了
[00:35:27.000 --> 00:35:29.000]  主持人:祂們怎麼去經歷這個
[00:35:29.000 --> 00:35:31.000]  主持人:所謂應許之地呢
[00:35:31.000 --> 00:35:33.000]  主持人:祂們將來會復活的
[00:35:33.000 --> 00:35:35.000]  主持人:復活神會領祂們
[00:35:35.000 --> 00:35:39.000]  主持人:將來真正的新天新地
[00:35:39.000 --> 00:35:42.000]  主持人:是我們永恆應許的地方
[00:35:42.000 --> 00:35:44.000]  主持人:所以我們今天
[00:35:44.000 --> 00:35:45.000]  主持人:讀這段經文的時候
[00:35:45.000 --> 00:35:46.000]  主持人:要明白這一點
[00:35:46.000 --> 00:35:50.000]  主持人:神是活人的神
[00:35:50.000 --> 00:35:52.000]  主持人:我們將來雖然會死
[00:35:52.000 --> 00:35:53.000]  主持人:但一定會復活
[00:35:53.000 --> 00:35:56.000]  主持人:第二班人就是這班民士
[00:35:56.000 --> 00:35:58.000]  主持人:他們走來曲解
[00:35:58.000 --> 00:36:00.000]  主持人:利翠亞這個身份
[00:36:00.000 --> 00:36:02.000]  主持人:耶穌知道他們
[00:36:02.000 --> 00:36:04.000]  主持人:只是用字面去解釋
[00:36:04.000 --> 00:36:08.000]  主持人:我們來看一看這段經文
[00:36:08.000 --> 00:36:09.000]  主持人:我們一起讀
[00:36:09.000 --> 00:36:11.000]  主持人:耶穌在聖殿裡教導人
[00:36:11.000 --> 00:36:12.000]  主持人:問他們說
[00:36:12.000 --> 00:36:13.000]  主持人:問是怎麼說
[00:36:13.000 --> 00:36:16.000]  主持人:基督是大衛的後裔呢
[00:36:16.000 --> 00:36:18.000]  主持人:大衛被聖靈感動說
[00:36:18.000 --> 00:36:19.000]  主持人:主對我主說
[00:36:19.000 --> 00:36:21.000]  主持人:你坐在我的右邊
[00:36:21.000 --> 00:36:23.000]  主持人:讓我擺你的仇敵
[00:36:23.000 --> 00:36:24.000]  主持人:放在你腳下
[00:36:24.000 --> 00:36:27.000]  主持人:大衛親自稱他為主
[00:36:27.000 --> 00:36:31.000]  主持人:他怎麼又是大衛的後裔呢
[00:36:31.000 --> 00:36:33.000]  主持人:一大群人都喜歡聽他
[00:36:33.000 --> 00:36:36.000]  主持人:耶穌就反問那些
[00:36:36.000 --> 00:36:39.000]  主持人:在聖殿裡聽耶穌講論的人
[00:36:39.000 --> 00:36:41.000]  主持人:他就反問他們
[00:36:41.000 --> 00:36:43.000]  主持人:問是怎麼解釋呢
[00:36:43.000 --> 00:36:44.000]  主持人:基督是誰呢
[00:36:44.000 --> 00:36:47.000]  主持人:基督就是尼塞亞 messiah
[00:36:47.000 --> 00:36:49.000]  主持人:他說是大衛的後裔
[00:36:49.000 --> 00:36:54.000]  主持人:問是的認識只至於此
[00:36:54.000 --> 00:36:56.000]  主持人:他只是到這個階段
[00:36:56.000 --> 00:36:58.000]  主持人:大衛的後裔就說明
[00:36:58.000 --> 00:37:01.000]  主持人:他是由大衛的後代
[00:37:01.000 --> 00:37:05.000]  主持人:由瑪利亞約瑟而生
[00:37:05.000 --> 00:37:07.000]  主持人:這個是用人性
[00:37:07.000 --> 00:37:10.000]  主持人:人的家譜來看
[00:37:10.000 --> 00:37:12.000]  主持人:但是耶穌這裡引用的是
[00:37:12.000 --> 00:37:14.000]  主持人:詩篇110篇
[00:37:14.000 --> 00:37:19.000]  主持人:第一節就是耶和華對我主說
[00:37:19.000 --> 00:37:21.000]  主持人:第一個主是講耶和華
[00:37:21.000 --> 00:37:25.000]  主持人:對我主就是講尼塞亞
[00:37:25.000 --> 00:37:27.000]  主持人:都是大衛尊崇的
[00:37:27.000 --> 00:37:30.000]  主持人:這位將來要來的尼塞亞
[00:37:30.000 --> 00:37:32.000]  主持人:耶穌在這裡說
[00:37:32.000 --> 00:37:34.000]  主持人:連大衛都尊崇
[00:37:34.000 --> 00:37:36.000]  主持人:這位要來的尼塞亞
[00:37:36.000 --> 00:37:40.000]  主持人:神要將他的仇敵放在他的腳下
[00:37:40.000 --> 00:37:42.000]  主持人:這是預告了尼塞亞
[00:37:42.000 --> 00:37:44.000]  主持人:要得勝死亡陰間的權勢
[00:37:44.000 --> 00:37:46.000]  主持人:要戰勝這個仇敵
[00:37:46.000 --> 00:37:49.000]  主持人:包括撒旦
[00:37:49.000 --> 00:37:51.000]  主持人:所以我們看到
[00:37:51.000 --> 00:37:53.000]  主持人:耶穌在這裡所說
[00:37:53.000 --> 00:37:55.000]  主持人:暗示了他的另一個身份
[00:37:55.000 --> 00:37:57.000]  主持人:他不只是人子
[00:37:57.000 --> 00:37:58.000]  主持人:他還是什麼
[00:37:58.000 --> 00:38:00.000]  主持人:神的兒子
[00:38:00.000 --> 00:38:01.000]  主持人:這個身份
[00:38:01.000 --> 00:38:03.000]  主持人:所以對於那些民事
[00:38:03.000 --> 00:38:06.000]  主持人:他們拒絕耶穌為尼塞亞
[00:38:06.000 --> 00:38:10.000]  主持人:他是錯失了他們生命裡最大的福氣
[00:38:10.000 --> 00:38:14.000]  主持人:他們懂得用舊約摩西律法教導人
[00:38:14.000 --> 00:38:19.000]  主持人:但是他們不懂得行摩西律法的正義
[00:38:19.000 --> 00:38:21.000]  主持人:這就是他們失落得很厲害
[00:38:21.000 --> 00:38:24.000]  主持人:而且他們是偽善的地方
[00:38:24.000 --> 00:38:26.000]  主持人:而我們在當中看到最大的誡命
[00:38:26.000 --> 00:38:28.000]  主持人:在中間的那一頁
[00:38:28.000 --> 00:38:30.000]  主持人:這裡也很精彩
[00:38:30.000 --> 00:38:32.000]  主持人:當時這個民事
[00:38:32.000 --> 00:38:34.000]  主持人:他聽完耶穌的回答
[00:38:34.000 --> 00:38:35.000]  主持人:他很贊成
[00:38:35.000 --> 00:38:37.000]  主持人:他覺得耶穌答得很好
[00:38:37.000 --> 00:38:40.000]  主持人:但是他在拉比那種的訓練底下
[00:38:40.000 --> 00:38:42.000]  主持人:他知道摩西的律法
[00:38:42.000 --> 00:38:45.000]  主持人:有613條律例
[00:38:45.000 --> 00:38:46.000]  主持人:613條
[00:38:46.000 --> 00:38:49.000]  主持人:他們很仔細地把舊約的那些律例
[00:38:49.000 --> 00:38:51.000]  主持人:613條律例
[00:38:51.000 --> 00:38:54.000]  主持人:他又分為兩個大的類別
[00:38:54.000 --> 00:38:56.000]  主持人:就是那些負面的那些
[00:38:56.000 --> 00:38:58.000]  主持人:你不可以殺人、不可以偷渡
[00:38:58.000 --> 00:38:59.000]  主持人:包括十戒那些
[00:38:59.000 --> 00:39:01.000]  主持人:365條
[00:39:01.000 --> 00:39:03.000]  主持人:365條就是太陽月曆
[00:39:03.000 --> 00:39:04.000]  主持人:365天
[00:39:04.000 --> 00:39:06.000]  主持人:你每天走一條
[00:39:06.000 --> 00:39:08.000]  主持人:都有很長一段時間你走
[00:39:08.000 --> 00:39:10.000]  主持人:但是我們就是沒有人走得到
[00:39:10.000 --> 00:39:11.000]  主持人:所有律法
[00:39:11.000 --> 00:39:14.000]  主持人:而另外那248條
[00:39:14.000 --> 00:39:16.000]  主持人:就是原來我們身體裡頭
[00:39:16.000 --> 00:39:17.000]  主持人:我們那些骨骼
[00:39:17.000 --> 00:39:19.000]  主持人:他們說248條
[00:39:19.000 --> 00:39:21.000]  主持人:這個是正面的
[00:39:21.000 --> 00:39:22.000]  主持人:就是說你要愛神
[00:39:22.000 --> 00:39:24.000]  主持人:你也要愛人
[00:39:24.000 --> 00:39:26.000]  主持人:就是這樣的教導
[00:39:26.000 --> 00:39:27.000]  主持人:但是他們一直爭論
[00:39:27.000 --> 00:39:30.000]  主持人:就是律法書中這613條的律例
[00:39:30.000 --> 00:39:32.000]  主持人:哪一條是最重要的
[00:39:32.000 --> 00:39:34.000]  主持人:那耶穌現在就回答他們了
[00:39:34.000 --> 00:39:36.000]  主持人:最重要的那一條就是
[00:39:36.000 --> 00:39:38.000]  主持人:以色列那你要聽
[00:39:38.000 --> 00:39:40.000]  主持人:主 我們的神是獨一的主
[00:39:40.000 --> 00:39:43.000]  主持人:這個是《引自生命記》第六章所說
[00:39:43.000 --> 00:39:45.000]  主持人:就是他們猶太人那個
[00:39:45.000 --> 00:39:47.000]  主持人:Shaman那個傳統
[00:39:47.000 --> 00:39:48.000]  主持人:你們要聽
[00:39:48.000 --> 00:39:50.000]  主持人:這個聽不是水過鴨背的聽
[00:39:50.000 --> 00:39:52.000]  主持人:這個聽是包含著
[00:39:52.000 --> 00:39:54.000]  主持人:你聽完明白之後
[00:39:54.000 --> 00:39:55.000]  主持人:你要去信服
[00:39:55.000 --> 00:39:57.000]  主持人:在神的說話裡面
[00:39:57.000 --> 00:39:59.000]  主持人:那個的傳統
[00:39:59.000 --> 00:40:01.000]  主持人:所以不是說你普通
[00:40:01.000 --> 00:40:03.000]  主持人:你聽不聽到啊
[00:40:03.000 --> 00:40:04.000]  主持人:不是說那個東西
[00:40:04.000 --> 00:40:05.000]  主持人:你有沒有閒啊
[00:40:05.000 --> 00:40:06.000]  主持人:你有沒有閒啊
[00:40:06.000 --> 00:40:08.000]  主持人:盡心盡性盡力
[00:40:08.000 --> 00:40:10.000]  主持人:愛主你的神
[00:40:10.000 --> 00:40:11.000]  主持人:如果我們今天
[00:40:11.000 --> 00:40:13.000]  主持人:沒有這種對神的熱愛
[00:40:13.000 --> 00:40:15.000]  主持人:我們沒有辦法
[00:40:15.000 --> 00:40:17.000]  主持人:教會去履行大使命的
[00:40:17.000 --> 00:40:18.000]  主持人:一個教會
[00:40:18.000 --> 00:40:20.000]  主持人:不能夠有這種熱誠
[00:40:20.000 --> 00:40:22.000]  主持人:他們是沒有可能
[00:40:22.000 --> 00:40:24.000]  主持人:是可以傳到福音
[00:40:24.000 --> 00:40:25.000]  主持人:去到地極的
[00:40:25.000 --> 00:40:27.000]  主持人:所以今天一個教會
[00:40:27.000 --> 00:40:28.000]  主持人:當他們願意
[00:40:28.000 --> 00:40:31.000]  主持人:傾盡他們一切的資源力量
[00:40:31.000 --> 00:40:33.000]  主持人:他們要愛神還要
[00:40:33.000 --> 00:40:34.000]  主持人:什麼啊
[00:40:34.000 --> 00:40:35.000]  主持人:愛人如己
[00:40:35.000 --> 00:40:36.000]  主持人:我想問大家
[00:40:36.000 --> 00:40:38.000]  主持人:為什麼耶穌說
[00:40:38.000 --> 00:40:40.000]  主持人:還要愛人如己
[00:40:40.000 --> 00:40:41.000]  主持人:因為人
[00:40:41.000 --> 00:40:43.000]  主持人:是按照神的形象樣式
[00:40:43.000 --> 00:40:44.000]  主持人:來做的
[00:40:44.000 --> 00:40:46.000]  主持人:我們不要用別的眼光
[00:40:46.000 --> 00:40:47.000]  主持人:去看人
[00:40:47.000 --> 00:40:48.000]  主持人:今天如果有些人
[00:40:48.000 --> 00:40:50.000]  主持人:他是有殘疾
[00:40:50.000 --> 00:40:51.000]  主持人:你說他沒有價值了
[00:40:51.000 --> 00:40:52.000]  主持人:是不是呢
[00:40:52.000 --> 00:40:53.000]  主持人:不是
[00:40:53.000 --> 00:40:54.000]  主持人:我們今天有一個姐妹
[00:40:54.000 --> 00:40:55.000]  主持人:她做愛傳弟
[00:40:55.000 --> 00:40:57.000]  主持人:很好的服侍一些
[00:40:57.000 --> 00:41:00.000]  主持人:是有這些的
[00:41:00.000 --> 00:41:03.000]  主持人:是自閉症的
[00:41:03.000 --> 00:41:04.000]  主持人:這些小孩子
[00:41:04.000 --> 00:41:05.000]  主持人:甚至為他們
[00:41:05.000 --> 00:41:07.000]  主持人:創造一些工作
[00:41:07.000 --> 00:41:08.000]  主持人:他們能夠做得到的
[00:41:08.000 --> 00:41:10.000]  主持人:肯定他們的價值
[00:41:10.000 --> 00:41:12.000]  主持人:這個是將顯神的愛
[00:41:12.000 --> 00:41:15.000]  主持人:以及我們要愛人如己
[00:41:15.000 --> 00:41:16.000]  主持人:這種精神
[00:41:16.000 --> 00:41:17.000]  主持人:我們感謝神
[00:41:17.000 --> 00:41:19.000]  主持人:我們有這些的姐妹
[00:41:19.000 --> 00:41:21.000]  主持人:在當中願意這樣做
[00:41:21.000 --> 00:41:22.000]  主持人:我們今天
[00:41:22.000 --> 00:41:24.000]  主持人:你看到這個問事
[00:41:24.000 --> 00:41:26.000]  主持人:她回答得好
[00:41:26.000 --> 00:41:29.000]  主持人:她說這樣去愛神
[00:41:29.000 --> 00:41:30.000]  主持人:以及愛人如己
[00:41:30.000 --> 00:41:31.000]  主持人:要比一切繁世
[00:41:31.000 --> 00:41:32.000]  主持人:以及祭祀好得多
[00:41:32.000 --> 00:41:34.000]  主持人:耶穌的答覆
[00:41:34.000 --> 00:41:37.000]  主持人:你離神的國不遠
[00:41:37.000 --> 00:41:39.000]  主持人:姐妹今天你離神國
[00:41:39.000 --> 00:41:41.000]  主持人:多遠
[00:41:41.000 --> 00:41:42.000]  主持人:你不應該離神國
[00:41:42.000 --> 00:41:43.000]  主持人:很遠的
[00:41:43.000 --> 00:41:44.000]  主持人:如果你說
[00:41:44.000 --> 00:41:45.000]  主持人:你已經信了主耶穌
[00:41:45.000 --> 00:41:46.000]  主持人:是不是
[00:41:46.000 --> 00:41:48.000]  主持人:我今天要挑戰你
[00:41:48.000 --> 00:41:49.000]  主持人:你究竟是
[00:41:49.000 --> 00:41:50.000]  主持人:以著什麼權柄
[00:41:50.000 --> 00:41:51.000]  主持人:來到生活
[00:41:51.000 --> 00:41:52.000]  主持人:你要見證神
[00:41:52.000 --> 00:41:54.000]  主持人:如果我們心裡
[00:41:54.000 --> 00:41:56.000]  主持人:不是以耶穌為真正的主
[00:41:56.000 --> 00:41:58.000]  主持人:我們就沒有辦法
[00:41:58.000 --> 00:41:59.000]  主持人:做到這件事
[00:41:59.000 --> 00:42:02.000]  主持人:人未曾以神為生命的中心
[00:42:02.000 --> 00:42:04.000]  主持人:主沒有真正成為
[00:42:04.000 --> 00:42:05.000]  主持人:我們在生活
[00:42:05.000 --> 00:42:07.000]  主持人:每一個層面的主人的時候
[00:42:07.000 --> 00:42:09.000]  主持人:我們就沒有辦法
[00:42:09.000 --> 00:42:10.000]  主持人:做到這件事
[00:42:10.000 --> 00:42:12.000]  主持人:耶穌是主
[00:42:12.000 --> 00:42:13.000]  主持人:不是一個口號
[00:42:13.000 --> 00:42:16.000]  主持人:我很欣賞我們的友會
[00:42:16.000 --> 00:42:17.000]  主持人:同福堂
[00:42:17.000 --> 00:42:18.000]  主持人:他們在銅鑼灣
[00:42:18.000 --> 00:42:19.000]  主持人:有一個標簿
[00:42:19.000 --> 00:42:21.000]  主持人:在九龍也看到的
[00:42:21.000 --> 00:42:22.000]  主持人:叫什麼
[00:42:22.000 --> 00:42:24.000]  主持人:耶穌是主
[00:42:24.000 --> 00:42:26.000]  主持人:但是今天
[00:42:26.000 --> 00:42:27.000]  主持人:我們教會
[00:42:27.000 --> 00:42:29.000]  主持人:要好像其他
[00:42:29.000 --> 00:42:30.000]  主持人:這些熱心的教會一樣
[00:42:30.000 --> 00:42:32.000]  主持人:我們要進到社區
[00:42:32.000 --> 00:42:34.000]  主持人:活出主愛世人的真理
[00:42:34.000 --> 00:42:36.000]  主持人:教會在社區
[00:42:36.000 --> 00:42:37.000]  主持人:不是一個地標
[00:42:37.000 --> 00:42:40.000]  主持人:而是民眾喜愛的教會
[00:42:40.000 --> 00:42:41.000]  主持人:因為神的子民
[00:42:41.000 --> 00:42:43.000]  主持人:是入世而不熟世
[00:42:43.000 --> 00:42:45.000]  主持人:我們每天的工作和生活
[00:42:45.000 --> 00:42:47.000]  主持人:都是敬拜侍奉
[00:42:47.000 --> 00:42:49.000]  主持人:都要活出生命的見證
[00:42:49.000 --> 00:42:50.000]  主持人:這個才是
[00:42:50.000 --> 00:42:52.000]  主持人:真正七日教會的意思
[00:42:52.000 --> 00:42:54.000]  主持人:七日教會的意思
[00:42:54.000 --> 00:42:55.000]  主持人:不是說七日
[00:42:55.000 --> 00:42:57.000]  主持人:我們教會的門開了
[00:42:57.000 --> 00:42:59.000]  主持人:如果我們只開了門
[00:42:59.000 --> 00:43:00.000]  主持人:我們的頂子妹
[00:43:00.000 --> 00:43:01.000]  主持人:沒有辦法活出
[00:43:01.000 --> 00:43:03.000]  主持人:這種生命的見證
[00:43:03.000 --> 00:43:04.000]  主持人:在各行各業
[00:43:04.000 --> 00:43:05.000]  主持人:我們每一天
[00:43:05.000 --> 00:43:08.000]  主持人:我們都要讓人看見
[00:43:08.000 --> 00:43:09.000]  主持人:我們是主的門徒
[00:43:09.000 --> 00:43:12.000]  主持人:宗教會必須要擁有一套
[00:43:12.000 --> 00:43:14.000]  主持人:實踐信仰的神學
[00:43:14.000 --> 00:43:16.000]  主持人:活出信仰的教會
[00:43:16.000 --> 00:43:20.000]  主持人:有一本書很出名的
[00:43:20.000 --> 00:43:22.000]  主持人:我在這裡和大家小小分享
[00:43:22.000 --> 00:43:25.000]  主持人:這個是倫敦一個
[00:43:25.000 --> 00:43:27.000]  主持人:是循道衛里牧師
[00:43:27.000 --> 00:43:30.000]  主持人:他叫E.W. Sanster
[00:43:30.000 --> 00:43:32.000]  主持人:他寫了一本書叫
[00:43:32.000 --> 00:43:34.000]  主持人:Why Jesus never wrote a book
[00:43:34.000 --> 00:43:36.000]  主持人:很有趣
[00:43:36.000 --> 00:43:38.000]  主持人:是的 真是耶穌這麼厲害
[00:43:38.000 --> 00:43:40.000]  主持人:又懂得解釋聖經
[00:43:40.000 --> 00:43:42.000]  主持人:這麼精彩的東西
[00:43:42.000 --> 00:43:43.000]  主持人:為什麼耶穌不寫書呢
[00:43:43.000 --> 00:43:45.000]  主持人:如果寫了一本作者
[00:43:45.000 --> 00:43:47.000]  主持人:耶穌就是祂是作者
[00:43:47.000 --> 00:43:49.000]  主持人:其實耶穌不需要
[00:43:49.000 --> 00:43:52.000]  主持人:聖經就是為我們的主耶穌作見證
[00:43:52.000 --> 00:43:55.000]  主持人:但是這個作者Sanster
[00:43:55.000 --> 00:43:56.000]  主持人:他根據《貓福音》
[00:43:56.000 --> 00:43:57.000]  主持人:第三章十四節
[00:43:57.000 --> 00:44:00.000]  主持人:他對耶穌最原始的教學方式
[00:44:00.000 --> 00:44:03.000]  主持人:做了一個非常精彩的分析
[00:44:03.000 --> 00:44:05.000]  主持人:他說耶穌只是花了三年時間
[00:44:05.000 --> 00:44:07.000]  主持人:去改變世界
[00:44:07.000 --> 00:44:09.000]  主持人:在《四福音書》裡面
[00:44:09.000 --> 00:44:10.000]  主持人:你可以大概看見
[00:44:10.000 --> 00:44:13.000]  主持人:耶穌大概花了一半時間
[00:44:13.000 --> 00:44:15.000]  主持人:跟十二個門徒一起
[00:44:15.000 --> 00:44:19.000]  主持人:然後早晚就跟天父祈禱的時間
[00:44:19.000 --> 00:44:22.000]  主持人:剩下來是被七十個門徒、群眾
[00:44:22.000 --> 00:44:25.000]  主持人:還有那些經常來刁難耶穌
[00:44:25.000 --> 00:44:28.000]  主持人:這些民事、法律賽人問問題
[00:44:28.000 --> 00:44:31.000]  主持人:還有其他突發事件瓜分了
[00:44:31.000 --> 00:44:33.000]  主持人:而在他的研究裡面
[00:44:33.000 --> 00:44:35.000]  主持人:他說我們在耶穌身上
[00:44:35.000 --> 00:44:39.000]  主持人:看見真正的教學是怎樣的呢
[00:44:39.000 --> 00:44:42.000]  主持人:耶穌知道一些很重要的東西
[00:44:42.000 --> 00:44:44.000]  主持人:一定要用言語去教導
[00:44:44.000 --> 00:44:46.000]  主持人:但是有一些東西
[00:44:46.000 --> 00:44:47.000]  主持人:耶穌知道
[00:44:47.000 --> 00:44:50.000]  主持人:是要門徒自己親身體會
[00:44:50.000 --> 00:44:52.000]  主持人:他才能夠去領略的
[00:44:52.000 --> 00:44:55.000]  主持人:所以教會今天的培訓、教導
[00:44:55.000 --> 00:44:58.000]  主持人:不只是單是主日學或者講壇
[00:44:58.000 --> 00:45:01.000]  主持人:是要我們跟弟兄姊妹
[00:45:01.000 --> 00:45:07.000]  主持人:一起進入社區、人所生活的場景
[00:45:07.000 --> 00:45:10.000]  主持人:進入我們工作辦公室的地方
[00:45:10.000 --> 00:45:13.000]  主持人:我們要在那裡讓人可以去明白
[00:45:13.000 --> 00:45:17.000]  主持人:什麼叫做神愛世人這個真理
[00:45:17.000 --> 00:45:22.000]  主持人:在菲律賓有一個很出名的滅貧機構
[00:45:22.000 --> 00:45:25.000]  主持人:叫做Gawar Klinga
[00:45:25.000 --> 00:45:27.000]  主持人:他們有一個信念
[00:45:27.000 --> 00:45:31.000]  主持人:他說poverty is not a problem to be solved
[00:45:31.000 --> 00:45:34.000]  主持人:but people to be loved
[00:45:34.000 --> 00:45:37.000]  主持人:我自己被這句話深受感動
[00:45:37.000 --> 00:45:41.000]  主持人:他說貧窮不是有待解決的問題
[00:45:41.000 --> 00:45:44.000]  主持人:貧窮是由耶穌那個時代之前
[00:45:44.000 --> 00:45:47.000]  主持人:到耶穌之後這二千幾年
[00:45:47.000 --> 00:45:50.000]  主持人:每一個時代都仍然有的
[00:45:50.000 --> 00:45:52.000]  主持人:你不要想著在這個時代
[00:45:52.000 --> 00:45:55.000]  主持人:你一定可以解決所有貧窮問題
[00:45:55.000 --> 00:45:59.000]  主持人:但是這一班貧窮的人
[00:45:59.000 --> 00:46:03.000]  主持人:是等待我們每一個屬神的兒女
[00:46:03.000 --> 00:46:06.000]  主持人:去愛他們 去接觸他們
[00:46:06.000 --> 00:46:10.000]  主持人:去將天國這一份寶貴送給他們
[00:46:10.000 --> 00:46:12.000]  主持人:我們感謝神
[00:46:12.000 --> 00:46:14.000]  主持人:我們今天要見證神的時候
[00:46:14.000 --> 00:46:18.000]  主持人:我們不是靠這些金錢的勢力
[00:46:18.000 --> 00:46:22.000]  主持人:或者律法那種誤解偏見
[00:46:22.000 --> 00:46:26.000]  主持人:你今天不是說金錢、律法這些有什麼問題
[00:46:26.000 --> 00:46:28.000]  主持人:但是你要善用
[00:46:28.000 --> 00:46:31.000]  主持人:今天如果你是一個大律師
[00:46:31.000 --> 00:46:35.000]  主持人:你要運用你的大律師這個專業的精神
[00:46:35.000 --> 00:46:38.000]  主持人:好好做一個名冊秋毫
[00:46:38.000 --> 00:46:40.000]  主持人:你一個法官都一樣
[00:46:40.000 --> 00:46:43.000]  主持人:最近這個紅山半島這個事件
[00:46:43.000 --> 00:46:45.000]  主持人:我覺得神很幽默的
[00:46:45.000 --> 00:46:48.000]  主持人:一場黑雨就將那些隱蔽了幾十年
[00:46:48.000 --> 00:46:51.000]  主持人:那些問題就好像將人的底褲揭了出來
[00:46:51.000 --> 00:46:53.000]  主持人:你看一看
[00:46:53.000 --> 00:46:56.000]  主持人:問題是這麼多房子裡面
[00:46:56.000 --> 00:46:58.000]  主持人:我又看見有一個很好的見證
[00:46:58.000 --> 00:47:00.000]  主持人:我們教會有一個家庭
[00:47:00.000 --> 00:47:02.000]  主持人:他90年代的時候已經搬進去
[00:47:02.000 --> 00:47:04.000]  主持人:他搬進去的時候
[00:47:04.000 --> 00:47:07.000]  主持人:有人去氣他們來去僭建
[00:47:07.000 --> 00:47:10.000]  主持人:但是他們知道這些是違法的東西
[00:47:10.000 --> 00:47:11.000]  主持人:他們不做
[00:47:11.000 --> 00:47:13.000]  主持人:他們都知道這些如果有
[00:47:13.000 --> 00:47:15.000]  主持人:可能甚至導致不安全
[00:47:15.000 --> 00:47:18.000]  主持人:我們要看到這個真理
[00:47:18.000 --> 00:47:21.000]  主持人:作主門徒就是很實在的
[00:47:21.000 --> 00:47:22.000]  主持人:你每一天
[00:47:22.000 --> 00:47:24.000]  主持人:在任何你生活的挑戰場景底下
[00:47:24.000 --> 00:47:26.000]  主持人:你願意怎樣去回應呢
[00:47:26.000 --> 00:47:28.000]  主持人:神國最大的誡命
[00:47:28.000 --> 00:47:31.000]  主持人:你是靠著主耶穌基督給我們
[00:47:31.000 --> 00:47:33.000]  主持人:能夠進入人群
[00:47:33.000 --> 00:47:37.000]  主持人:去愛這些有需要每一個人
[00:47:37.000 --> 00:47:38.000]  主持人:將福音
[00:47:38.000 --> 00:47:40.000]  主持人:將天國的真理
[00:47:40.000 --> 00:47:42.000]  主持人:介紹給他們認識
[00:47:42.000 --> 00:47:45.000]  主持人:讓他們能夠得著這個寶貴
[00:47:45.000 --> 00:47:48.000]  主持人:我們最近跟大家說明年
[00:47:48.000 --> 00:47:51.000]  主持人:2024年是港福家進入40週年
[00:47:51.000 --> 00:47:52.000]  主持人:是吧
[00:47:52.000 --> 00:47:53.000]  主持人:大家知道吧
[00:47:53.000 --> 00:47:55.000]  主持人:明年的主題是什麼
[00:47:55.000 --> 00:47:58.000]  主持人:我們就是跨代同行
[00:47:58.000 --> 00:47:59.000]  主持人:傳揚主因
[00:47:59.000 --> 00:48:00.000]  主持人:我們願意
[00:48:00.000 --> 00:48:03.000]  主持人:我們無論什麼年紀都好
[00:48:03.000 --> 00:48:05.000]  主持人:我們全家可以總動員
[00:48:05.000 --> 00:48:06.000]  主持人:我們一起
[00:48:06.000 --> 00:48:09.000]  主持人:我們去服侍有需要的人
[00:48:09.000 --> 00:48:10.000]  主持人:這個Care Center
[00:48:10.000 --> 00:48:12.000]  主持人:會在南區如主許可
[00:48:12.000 --> 00:48:13.000]  主持人:明年十月
[00:48:13.000 --> 00:48:15.000]  主持人:我們希望在那裡建立起來
[00:48:15.000 --> 00:48:16.000]  主持人:現在我們進入
[00:48:16.000 --> 00:48:18.000]  主持人:第二階段的最後期
[00:48:18.000 --> 00:48:20.000]  主持人:我們是招募同工
[00:48:20.000 --> 00:48:22.000]  主持人:我們明年就開始
[00:48:22.000 --> 00:48:23.000]  主持人:是第三期
[00:48:23.000 --> 00:48:26.000]  主持人:我們就是落實
[00:48:26.000 --> 00:48:28.000]  主持人:2023年的中秋節
[00:48:28.000 --> 00:48:29.000]  主持人:在前天
[00:48:29.000 --> 00:48:30.000]  主持人:我和師母那晚
[00:48:30.000 --> 00:48:32.000]  主持人:就去到南區
[00:48:32.000 --> 00:48:34.000]  主持人:這個亞美洲風之塔的公園
[00:48:34.000 --> 00:48:37.000]  主持人:我們和南區其他的教會
[00:48:37.000 --> 00:48:39.000]  主持人:和這個方舟協會
[00:48:39.000 --> 00:48:41.000]  主持人:我們是有
[00:48:41.000 --> 00:48:43.000]  主持人:證信會、宣道會
[00:48:43.000 --> 00:48:44.000]  主持人:和我們報道會
[00:48:44.000 --> 00:48:45.000]  主持人:三宗一起
[00:48:45.000 --> 00:48:47.000]  主持人:還有一個是國際教會
[00:48:47.000 --> 00:48:49.000]  主持人:就是Fake Community Church
[00:48:49.000 --> 00:48:51.000]  主持人:因為他們和這個方舟教會
[00:48:51.000 --> 00:48:53.000]  主持人:關係很密切
[00:48:53.000 --> 00:48:54.000]  主持人:我們一起在那裡
[00:48:54.000 --> 00:48:57.000]  主持人:樂慶中秋與民同樂
[00:48:57.000 --> 00:48:59.000]  主持人:我們將福音詩歌
[00:48:59.000 --> 00:49:02.000]  主持人:遊戲、故事量血壓
[00:49:02.000 --> 00:49:04.000]  主持人:我那天都有給
[00:49:04.000 --> 00:49:05.000]  主持人:我們教會一個
[00:49:05.000 --> 00:49:06.000]  主持人:很著名的腦科醫生
[00:49:06.000 --> 00:49:07.000]  主持人:幫我量血壓
[00:49:07.000 --> 00:49:08.000]  主持人:量出來
[00:49:08.000 --> 00:49:10.000]  主持人:結果我是偏高
[00:49:10.000 --> 00:49:13.000]  主持人:他說可能緊張
[00:49:13.000 --> 00:49:15.000]  主持人:那天可能太興奮
[00:49:15.000 --> 00:49:19.000]  主持人:我平時如果去醫院量親都高
[00:49:19.000 --> 00:49:21.000]  主持人:在家量就沒事
[00:49:21.000 --> 00:49:23.000]  主持人:所以醫生放我一罵
[00:49:23.000 --> 00:49:26.000]  主持人:他說你在家你自己好好檢測
[00:49:26.000 --> 00:49:29.000]  主持人:我們看到弟兄姊妹那天
[00:49:29.000 --> 00:49:32.000]  主持人:四、五點就去了
[00:49:32.000 --> 00:49:34.000]  主持人:擺設這些攤位
[00:49:34.000 --> 00:49:36.000]  主持人:去到近黃昏的時候
[00:49:36.000 --> 00:49:38.000]  主持人:我和弟兄姊妹一起有祈禱
[00:49:38.000 --> 00:49:40.000]  主持人:我們整個團隊
[00:49:40.000 --> 00:49:41.000]  主持人:我們有鑑木同工
[00:49:41.000 --> 00:49:46.000]  主持人:我們有很多義工弟兄姊妹一起參與
[00:49:46.000 --> 00:49:48.000]  主持人:我們在這些攤位裡面
[00:49:48.000 --> 00:49:50.000]  主持人:我們真的很喜樂
[00:49:50.000 --> 00:49:52.000]  主持人:我們接觸到這些人群
[00:49:52.000 --> 00:49:57.000]  主持人:他們來到吃完晚餐就和我們一起
[00:49:57.000 --> 00:50:00.000]  主持人:在當中他們有機會來聽福音
[00:50:00.000 --> 00:50:03.000]  主持人:也有機會可以和我們一起玩耍
[00:50:03.000 --> 00:50:06.000]  主持人:樂也融融
[00:50:06.000 --> 00:50:08.000]  主持人:你看到我在拿著咪高峰
[00:50:08.000 --> 00:50:11.000]  主持人:就是在唱《月亮代表我的心》
[00:50:11.000 --> 00:50:14.000]  主持人:不過那些歌詞就不是那首歌的歌詞
[00:50:14.000 --> 00:50:16.000]  主持人:是福音歌詞來的
[00:50:16.000 --> 00:50:18.000]  主持人:感謝主
[00:50:18.000 --> 00:50:22.000]  主持人:這些其他我們與民同樂
[00:50:22.000 --> 00:50:24.000]  主持人:我們需要一起
[00:50:24.000 --> 00:50:27.000]  主持人:大家擁抱
[00:50:27.000 --> 00:50:28.000]  主持人:神給我們的恩典
[00:50:28.000 --> 00:50:30.000]  主持人:我們不要埋藏在地上
[00:50:30.000 --> 00:50:32.000]  主持人:求主興起我們港福家
[00:50:32.000 --> 00:50:34.000]  主持人:每一個弟兄姊妹
[00:50:34.000 --> 00:50:36.000]  主持人:在我們職場
[00:50:36.000 --> 00:50:38.000]  主持人:在我們各行各業裡面
[00:50:38.000 --> 00:50:40.000]  主持人:我們要成為耶穌喜悅的門徒
[00:50:40.000 --> 00:50:42.000]  主持人:能夠彰顯祂的真理
[00:50:42.000 --> 00:50:44.000]  主持人:祂的愛
[00:50:44.000 --> 00:50:46.000]  主持人:願神幫助
[00:50:46.000 --> 00:50:47.000]  主持人:祝福我們每一個
[00:50:47.000 --> 00:50:48.000]  主持人:我們同心祈禱
[00:50:48.000 --> 00:50:50.000]  主持人:天父求祢賜恩加力
[00:50:50.000 --> 00:50:51.000]  主持人:保守我們每一個弟兄姊妹
[00:50:51.000 --> 00:50:53.000]  主持人:成為你手中的器皿
[00:50:53.000 --> 00:50:54.000]  主持人:使用他們
[00:50:54.000 --> 00:50:56.000]  主持人:真的能夠在這個大時代裡面
[00:50:56.000 --> 00:50:58.000]  主持人:我們要好好完成
[00:50:58.000 --> 00:51:00.000]  主持人:上帝給我們的託付
[00:51:00.000 --> 00:51:03.000]  主持人:我們用你給我們的大誡命
[00:51:03.000 --> 00:51:04.000]  主持人:去履行
[00:51:04.000 --> 00:51:06.000]  主持人:以致我們有這一份的動力
[00:51:06.000 --> 00:51:07.000]  主持人:以及心智
[00:51:07.000 --> 00:51:09.000]  主持人:我們可以完成大使命
[00:51:09.000 --> 00:51:12.000]  主持人:願上帝加添我們的信心
[00:51:12.000 --> 00:51:13.000]  主持人:力量
[00:51:13.000 --> 00:51:14.000]  主持人:讓我們一起經歷
[00:51:14.000 --> 00:51:16.000]  主持人:你自己的大能
[00:51:16.000 --> 00:51:17.000]  主持人:你自己的愛
[00:51:17.000 --> 00:51:18.000]  主持人:同心合意祈禱
[00:51:18.000 --> 00:51:20.000]  主持人:奉耶穌基督聖名求
[00:51:20.000 --> 00:51:21.000]  主持人:阿們
