
[00:00:00.000 --> 00:00:02.000]  大家早晨
[00:00:02.000 --> 00:00:05.680]  很高興今天在這裡跟大家一起去敬拜神
[00:00:05.680 --> 00:00:07.680]  也很感謝教會的邀請
[00:00:07.680 --> 00:00:10.600]  可以在這裡跟大家分享神秘的說話
[00:00:10.600 --> 00:00:12.940]  我們一個簡短的圖表開始
[00:00:12.940 --> 00:00:18.600]  神啊我們多謝祢給我們有一個機會去敬拜祢
[00:00:18.600 --> 00:00:23.420]  我們不好的我們求主演去供應
[00:00:23.420 --> 00:00:26.300]  我們不知道的
[00:00:26.300 --> 00:00:29.100]  我們懇求主演去教導
[00:00:29.100 --> 00:00:32.320]  我們未曾成為神祢自己心裡面
[00:00:32.320 --> 00:00:35.360]  創造我們所成就的人的時候
[00:00:35.360 --> 00:00:39.440]  神啊求祢繼續在我們的心靈裡面去工作
[00:00:39.440 --> 00:00:44.300]  聽我們的禱告去奉教耶穌基督的祈求
[00:00:44.300 --> 00:00:48.100]  有一個現象相信大家都會知道
[00:00:48.100 --> 00:00:50.100]  也是常常出現的
[00:00:50.100 --> 00:00:52.900]  就是當一個人年入的時候
[00:00:52.900 --> 00:00:55.600]  家長和老師就會問他
[00:00:55.600 --> 00:00:59.860]  你長大了之後你想做些什麼
[00:00:59.860 --> 00:01:02.360]  相信大家都可能遇過這個問題
[00:01:02.360 --> 00:01:05.980]  也可能會問過其他人同樣的問題
[00:01:05.980 --> 00:01:08.780]  我記得很多年前我參加一個女兒和一個兒子
[00:01:08.780 --> 00:01:11.020]  他們還是很小的時候
[00:01:11.020 --> 00:01:13.840]  他們幼稚園畢業
[00:01:13.840 --> 00:01:20.180]  見到一班五六歲左右的小朋友
[00:01:20.180 --> 00:01:22.760]  他們就回答這個問題
[00:01:22.760 --> 00:01:24.520]  他們的答案很有趣
[00:01:24.520 --> 00:01:26.640]  想和大家分享一下
[00:01:26.640 --> 00:01:31.760]  譬如有些朋友說我長大了之後想做個公主
[00:01:31.760 --> 00:01:35.400]  也有人說我想做個有錢人
[00:01:35.400 --> 00:01:38.220]  有些人說我想做獸醫
[00:01:38.220 --> 00:01:41.320]  有些人說我想做小說家
[00:01:41.320 --> 00:01:47.560]  有些人說我想做一個開一級方程式賽車的車手
[00:01:47.560 --> 00:01:50.640]  當然也有些小朋友受到父母的影響
[00:01:50.640 --> 00:01:55.380]  他說我想做一個醫生我想做一個護理師
[00:01:55.380 --> 00:01:58.380]  相信這個問題我們都曾經被人問過
[00:01:58.380 --> 00:02:01.180]  也都問過我們身邊的人
[00:02:01.180 --> 00:02:03.980]  不知道你還記不記得你小時候
[00:02:03.980 --> 00:02:07.640]  你理想的工作是什麼
[00:02:07.640 --> 00:02:09.800]  今天可能在我們當中
[00:02:09.800 --> 00:02:14.300]  有人的工作就是他小時候理想的工作
[00:02:14.300 --> 00:02:17.800]  但也有人可能他生活中理想的工作
[00:02:17.800 --> 00:02:20.680]  不是現在正在做的工作
[00:02:20.680 --> 00:02:23.680]  我記得我初出來社會做事的時候
[00:02:23.680 --> 00:02:25.760]  我生活中理想的工作就是
[00:02:25.760 --> 00:02:29.420]  好像職業網球手一樣
[00:02:29.420 --> 00:02:32.640]  職業網球手在我的眼中看來
[00:02:32.640 --> 00:02:36.060]  就是他們喜歡做自己的事
[00:02:36.060 --> 00:02:37.880]  喜歡打網球
[00:02:37.880 --> 00:02:39.340]  又能夠賺到錢
[00:02:39.340 --> 00:02:41.420]  那是多麼好的呢
[00:02:41.420 --> 00:02:44.560]  而且獎金又非常豐富
[00:02:44.560 --> 00:02:46.760]  在我生活中一個理想的工作
[00:02:46.760 --> 00:02:49.380]  就是喜歡做自己的事
[00:02:49.380 --> 00:02:51.760]  也可以賺到錢就好了
[00:02:51.760 --> 00:02:53.340]  那時候我還沒有基督徒
[00:02:53.340 --> 00:02:56.460]  但就有這個觀念
[00:02:56.460 --> 00:02:59.340]  但如果今天我想問大家
[00:02:59.340 --> 00:03:02.760]  你喜不喜歡你現在的工作呢
[00:03:02.760 --> 00:03:05.300]  你喜不喜歡你現在的工作呢
[00:03:05.300 --> 00:03:08.380]  你會怎樣去回答呢
[00:03:08.380 --> 00:03:11.380]  今天講到的題目
[00:03:11.380 --> 00:03:14.380]  就是說基督徒的工作觀
[00:03:14.380 --> 00:03:17.300]  活出一個美麗的工作人生
[00:03:17.300 --> 00:03:19.300]  講到的目的就是幫助我們
[00:03:19.300 --> 00:03:22.060]  去認識基督徒的工作觀
[00:03:22.060 --> 00:03:25.880]  希望你能夠去喜歡做你現在的工作
[00:03:25.880 --> 00:03:30.640]  將你的工作變成為你理想的工作
[00:03:30.640 --> 00:03:33.520]  有三點想跟大家去分享的
[00:03:33.520 --> 00:03:37.180]  前兩點是關於基督徒的工作觀
[00:03:37.180 --> 00:03:39.420]  是觀念上的認知
[00:03:39.420 --> 00:03:42.220]  然後第三點想跟大家去分享的
[00:03:42.220 --> 00:03:45.920]  就是基督徒應有的工作態度
[00:03:45.920 --> 00:03:48.300]  假如今天我們所做的工作
[00:03:48.300 --> 00:03:50.880]  不是我們理想的工作
[00:03:50.880 --> 00:03:53.180]  可能我們對工作這個觀念
[00:03:53.180 --> 00:03:55.760]  需要去調教一下
[00:03:55.760 --> 00:03:59.380]  又或者我們真的不能去改變我們的工作
[00:03:59.380 --> 00:04:04.140]  最低限度我們可以在工作的態度上去改變
[00:04:04.140 --> 00:04:08.720]  以致我們可以活出一個美麗的工作人生
[00:04:08.720 --> 00:04:11.140]  首先我們來看看工作
[00:04:11.140 --> 00:04:13.140]  工作人人都有
[00:04:13.140 --> 00:04:14.960]  上班一族
[00:04:14.960 --> 00:04:16.960]  每天他們工作
[00:04:16.960 --> 00:04:20.260]  日出而作 日入而息
[00:04:20.260 --> 00:04:23.680]  早上一早就起床上班
[00:04:23.680 --> 00:04:28.320]  到下班由公司回到家
[00:04:28.320 --> 00:04:30.720]  一天工作很長的時間
[00:04:30.720 --> 00:04:31.720]  現在經濟不好
[00:04:31.720 --> 00:04:36.680]  可能僱主要求僱員的工作時間更加長
[00:04:36.680 --> 00:04:39.560]  不需要上班的一族又怎樣呢?
[00:04:39.560 --> 00:04:43.440]  留在家中的人又如何呢?
[00:04:43.440 --> 00:04:46.060]  沒錯 他們雖然不需要上班
[00:04:46.060 --> 00:04:49.560]  但並不代表他們整天都沒有工作做
[00:04:49.560 --> 00:04:51.900]  這個我剛剛才體會得到
[00:04:51.900 --> 00:04:53.480]  自己剛剛退休
[00:04:53.480 --> 00:04:55.440]  不需要來這裡上班
[00:04:55.440 --> 00:04:59.900]  但並不代表每一天都沒有工作做
[00:04:59.900 --> 00:05:02.560]  他們也有他們自己的工作
[00:05:02.560 --> 00:05:04.020]  有他們的忙碌
[00:05:04.020 --> 00:05:07.640]  只不過是工作的性質不一樣易
[00:05:07.640 --> 00:05:09.920]  所以無論是上班一族
[00:05:09.920 --> 00:05:13.460]  又或者是住家一族
[00:05:13.460 --> 00:05:16.880]  或者是剛剛退休的人士
[00:05:16.880 --> 00:05:19.760]  又或者是在上市公司工作的人
[00:05:19.760 --> 00:05:23.180]  或者在政府機構裡面任職的
[00:05:23.180 --> 00:05:27.640]  在慈善非牟利的工作裡面去參與
[00:05:27.640 --> 00:05:31.540]  受薪的又或者是做義工的
[00:05:31.540 --> 00:05:33.800]  甚至是退休的人士
[00:05:33.800 --> 00:05:37.760]  他們每天都有他們自己的工作
[00:05:37.760 --> 00:05:40.680]  可能你會聽過有退休的人跟你說
[00:05:40.680 --> 00:05:44.600]  他說工作比起現在生活的工作
[00:05:44.600 --> 00:05:49.300]  比起上班的時候更加忙碌
[00:05:49.300 --> 00:05:51.500]  人人都有工作
[00:05:51.500 --> 00:05:55.920]  那工作本身是否好的呢?
[00:05:55.920 --> 00:05:57.920]  在這一方面
[00:05:57.920 --> 00:06:00.500]  不同的人就有不同的見解
[00:06:00.500 --> 00:06:02.580]  有人認為工作是好的
[00:06:02.580 --> 00:06:06.620]  可以賺錢、可以養家
[00:06:06.620 --> 00:06:11.120]  尤其是在現在這個經濟的情況緊張之下
[00:06:11.120 --> 00:06:14.340]  有工作做已經是一件好事
[00:06:14.340 --> 00:06:16.880]  所以說有工作做是好的
[00:06:16.880 --> 00:06:21.380]  但也有些人認為最好就是不需要上班
[00:06:21.380 --> 00:06:24.920]  那究竟聽哪一方面說才對呢?
[00:06:24.920 --> 00:06:26.960]  我想最好的就是我們看看聖經
[00:06:26.960 --> 00:06:31.300]  怎樣教導我們去看關於工作
[00:06:31.300 --> 00:06:34.920]  聖經一開始在創世紀的時候就告訴我們
[00:06:34.920 --> 00:06:39.420]  神是一個作工的神
[00:06:39.420 --> 00:06:43.140]  神用六天的時間來創造天地萬物
[00:06:43.140 --> 00:06:45.140]  包括人類
[00:06:45.140 --> 00:06:49.180]  而在每一天神觀看祂的工作的時候
[00:06:49.180 --> 00:06:51.520]  祂都下了一個評語
[00:06:51.520 --> 00:06:54.720]  說「好」
[00:06:54.720 --> 00:06:57.800]  由第一天到第五天都是一樣
[00:06:57.800 --> 00:07:02.780]  神看祂工作所做出來的祂都說「好」
[00:07:02.780 --> 00:07:05.900]  來到第六天神繼續的工作
[00:07:05.900 --> 00:07:10.460]  照著神自己的形象、樣式去做人
[00:07:10.460 --> 00:07:15.000]  在第六天神看祂一切所創造的
[00:07:15.000 --> 00:07:17.000]  祂下了一個評語
[00:07:17.000 --> 00:07:20.220]  「神好、神好」
[00:07:20.220 --> 00:07:21.420]  我們的神
[00:07:21.420 --> 00:07:24.340]  聖經告訴我們是一個作工的神
[00:07:24.340 --> 00:07:27.060]  祂的工作不單止是創造
[00:07:27.060 --> 00:07:30.880]  管治大自然很多奇妙的自然定律
[00:07:30.880 --> 00:07:33.980]  也都包括了拯救人類
[00:07:33.980 --> 00:07:39.380]  就是將人從罪惡、死亡裡面拯救過來
[00:07:39.380 --> 00:07:42.220]  就是神自己親自成為人
[00:07:42.220 --> 00:07:44.440]  來到人類的中間
[00:07:44.440 --> 00:07:47.420]  承擔世人所犯的罪
[00:07:47.420 --> 00:07:51.500]  甘願被釘在十字架上致死
[00:07:51.500 --> 00:07:55.220]  埋葬並且三人復活
[00:07:55.220 --> 00:08:00.980]  這一切的工作是神拯救我們的工作
[00:08:00.980 --> 00:08:05.620]  還有祂的工作也包括幫助我們成長
[00:08:05.620 --> 00:08:08.340]  成熟、成聖
[00:08:08.340 --> 00:08:10.500]  我們可以去思想一下
[00:08:10.500 --> 00:08:14.220]  如果神的工作只單單停留在創造
[00:08:14.220 --> 00:08:16.820]  這個世界會變成怎樣呢?
[00:08:16.820 --> 00:08:20.820]  如果神只是創造了不去管理這個世界
[00:08:20.820 --> 00:08:25.380]  我們會不會活在一個很混亂的世界底下呢?
[00:08:25.380 --> 00:08:30.500]  如果神的工作不包括拯救的話
[00:08:30.500 --> 00:08:33.700]  我們又會變成怎樣呢?
[00:08:33.700 --> 00:08:34.940]  再想下去的時候
[00:08:34.940 --> 00:08:39.380]  如果沒有神幫助我們在靈裡面去成長的工作
[00:08:39.380 --> 00:08:44.140]  我們信了耶穌之後又會是如何呢?
[00:08:44.140 --> 00:08:44.700]  感謝神
[00:08:44.700 --> 00:08:47.020]  神是一個作工的神
[00:08:47.020 --> 00:08:50.460]  今日去迎面的工作
[00:08:50.460 --> 00:08:52.260]  在創造之後
[00:08:52.260 --> 00:08:55.940]  神賜福給人類
[00:08:55.940 --> 00:08:59.300]  在《創世紀》第一章第二十八節
[00:08:59.300 --> 00:09:01.900]  神來到他賜福給他創造的人
[00:09:01.900 --> 00:09:03.460]  他對他們這樣說
[00:09:03.460 --> 00:09:05.300]  他說要生養眾多
[00:09:05.300 --> 00:09:06.580]  遍滿地面
[00:09:06.580 --> 00:09:07.940]  治理這地
[00:09:07.940 --> 00:09:10.540]  也要管理海裡的魚
[00:09:10.540 --> 00:09:11.780]  空中的飛鳥
[00:09:11.780 --> 00:09:15.340]  和地上各樣行動的活物
[00:09:15.340 --> 00:09:17.060]  由此可見
[00:09:17.060 --> 00:09:20.260]  神是給人有工作
[00:09:20.260 --> 00:09:22.580]  工作是由神那裡來的
[00:09:22.580 --> 00:09:25.820]  工作本身是好的
[00:09:25.820 --> 00:09:28.380]  是由治理神所創造的
[00:09:28.380 --> 00:09:30.100]  是神所吩咐
[00:09:30.100 --> 00:09:32.460]  是神所賜福的
[00:09:32.460 --> 00:09:35.620]  是神所給我們的
[00:09:35.620 --> 00:09:37.420]  請大家去留意
[00:09:37.420 --> 00:09:38.900]  人要工作
[00:09:38.900 --> 00:09:41.140]  並不是因為人犯了罪之後
[00:09:41.140 --> 00:09:43.620]  才要去工作
[00:09:43.620 --> 00:09:45.900]  在《創世紀》第一章就開始說
[00:09:45.900 --> 00:09:47.820]  神在創造之後
[00:09:47.820 --> 00:09:52.060]  來將這份工作賜給人
[00:09:52.060 --> 00:09:52.540]  沒錯
[00:09:52.540 --> 00:09:56.900]  現在人要勞苦工作才有活口
[00:09:56.900 --> 00:09:59.820]  我們要勞苦去工作
[00:09:59.820 --> 00:10:04.380]  是在人犯罪之後所帶來的後果
[00:10:04.380 --> 00:10:06.940]  在第三章第十七節《創世紀》說
[00:10:06.940 --> 00:10:11.540]  你必終生勞苦才能從地裡得起
[00:10:11.540 --> 00:10:14.500]  這是在人犯罪之後
[00:10:14.500 --> 00:10:18.100]  但工作本身是在人犯罪之前
[00:10:18.100 --> 00:10:21.100]  神就來賜福給人
[00:10:21.100 --> 00:10:24.980]  所以今天無論你人生去到哪一個階段
[00:10:24.980 --> 00:10:26.340]  繼續需要上班
[00:10:26.340 --> 00:10:28.780]  又或者不需要上班
[00:10:28.780 --> 00:10:30.740]  或者已經退休
[00:10:30.740 --> 00:10:34.060]  你仍然有不同性質的工作
[00:10:34.060 --> 00:10:35.500]  這是好的
[00:10:35.500 --> 00:10:36.660]  是神給過你的
[00:10:36.660 --> 00:10:38.940]  給過我們的
[00:10:38.940 --> 00:10:42.020]  下一個問題我們要問的就是
[00:10:42.020 --> 00:10:44.260]  既然我們要工作
[00:10:44.260 --> 00:10:47.420]  那僱主是誰呢?
[00:10:47.420 --> 00:10:49.340]  直覺上的答案就是說
[00:10:49.340 --> 00:10:51.180]  如果你是打工的
[00:10:51.180 --> 00:10:56.100]  很明顯僱主就是你公司的老闆
[00:10:56.100 --> 00:10:58.300]  但是否真的是他呢?
[00:10:58.300 --> 00:11:00.580]  還是另有其人呢?
[00:11:00.580 --> 00:11:02.540]  那不需要上班的
[00:11:02.540 --> 00:11:05.700]  那他的僱主又是誰呢?
[00:11:05.700 --> 00:11:06.780]  今天《二筆所書》
[00:11:06.780 --> 00:11:09.540]  剛才我們所讀的這段經文
[00:11:09.540 --> 00:11:11.820]  就有三次來提到
[00:11:11.820 --> 00:11:13.740]  基督徒最終的僱主
[00:11:13.740 --> 00:11:15.740]  不是公司的老闆
[00:11:15.740 --> 00:11:18.100]  也都不是自己
[00:11:18.100 --> 00:11:20.340]  乃是主耶穌基督
[00:11:20.340 --> 00:11:22.500]  第一次在第五節
[00:11:22.500 --> 00:11:25.260]  說到僕人打工仔
[00:11:25.260 --> 00:11:27.460]  要聽從肉身的主人
[00:11:27.460 --> 00:11:30.420]  好像聽從基督一樣
[00:11:30.420 --> 00:11:32.460]  第二次在第六節
[00:11:32.460 --> 00:11:34.980]  要像基督的僕人
[00:11:34.980 --> 00:11:37.740]  第三次在第七節
[00:11:37.740 --> 00:11:39.500]  要服侍主基督
[00:11:39.500 --> 00:11:41.700]  不像服侍人
[00:11:41.700 --> 00:11:44.660]  一連三次來指出
[00:11:44.660 --> 00:11:47.460]  沒錯 公司是我們的僱主
[00:11:47.460 --> 00:11:50.460]  但卻不是最終的那一位
[00:11:50.460 --> 00:11:52.540]  在公司老闆之上
[00:11:52.540 --> 00:11:55.940]  有一位更高更大的僱主
[00:11:55.940 --> 00:11:58.660]  就是主耶穌基督
[00:11:58.660 --> 00:12:01.820]  這個觀念似乎很明顯
[00:12:01.820 --> 00:12:06.940]  但是往往卻是很多基督徒忘記了
[00:12:06.940 --> 00:12:09.140]  於是有不少的時候
[00:12:09.140 --> 00:12:11.020]  我們沒有照著主的吩咐
[00:12:11.020 --> 00:12:13.500]  和主的教導去工作
[00:12:13.500 --> 00:12:15.420]  達不到主的要求
[00:12:15.420 --> 00:12:19.020]  甚至又做出違反主的吩咐的事情
[00:12:19.020 --> 00:12:23.340]  叫主傷心 叫主難過
[00:12:23.340 --> 00:12:25.660]  從另一個角度去看
[00:12:25.660 --> 00:12:28.780]  如果基督徒常常去肯定
[00:12:28.780 --> 00:12:32.300]  最終的僱主是耶穌基督的話
[00:12:32.300 --> 00:12:34.420]  我們對工作的觀念
[00:12:34.420 --> 00:12:37.380]  就會有完全不同的看法
[00:12:37.380 --> 00:12:39.660]  對目前手上的工作
[00:12:39.660 --> 00:12:42.140]  我們的崗位就會有一個
[00:12:42.140 --> 00:12:46.260]  好像從來沒有想過的一樣
[00:12:46.260 --> 00:12:48.060]  試想像一下
[00:12:48.060 --> 00:12:50.180]  如果最終的僱主是神
[00:12:50.180 --> 00:12:53.180]  是主耶穌基督
[00:12:53.180 --> 00:12:55.500]  你認為祂會隨意地
[00:12:55.500 --> 00:12:59.900]  隨便地把工作交給你嗎?
[00:12:59.900 --> 00:13:01.660]  而是沒有祂自己的心意
[00:13:01.660 --> 00:13:04.780]  沒有祂的計劃在裡面嗎?
[00:13:04.780 --> 00:13:06.300]  你認為你的工作
[00:13:06.300 --> 00:13:10.940]  在神看來是重要還是不重要的呢?
[00:13:10.940 --> 00:13:12.340]  再想下去
[00:13:12.340 --> 00:13:16.140]  你認為神會不會幫助你的工作呢?
[00:13:16.140 --> 00:13:20.780]  幫助你去完成祂所交托給你的工作呢?
[00:13:20.780 --> 00:13:22.780]  以賽亞書四入一章第八節
[00:13:22.780 --> 00:13:25.420]  到第十節這樣說
[00:13:25.420 --> 00:13:28.340]  我為你以色列我的僕人
[00:13:28.340 --> 00:13:30.500]  亞國我所揀選的
[00:13:30.500 --> 00:13:33.740]  我的朋友亞伯拉罕的後裔
[00:13:33.740 --> 00:13:36.620]  你是我從地極所領來的
[00:13:36.620 --> 00:13:38.860]  從地角所召來的
[00:13:38.860 --> 00:13:40.020]  且對你說
[00:13:40.020 --> 00:13:41.780]  你是我的僕人
[00:13:41.780 --> 00:13:44.140]  我揀選你並不嫌棄你
[00:13:44.140 --> 00:13:45.700]  棄絕你
[00:13:45.700 --> 00:13:47.220]  你不要害怕
[00:13:47.220 --> 00:13:49.260]  因為我與你同在
[00:13:49.260 --> 00:13:50.500]  不要驚惶
[00:13:50.500 --> 00:13:52.220]  因為我善你的神
[00:13:52.220 --> 00:13:54.060]  我必兼顧你
[00:13:54.060 --> 00:13:55.740]  我必幫助你
[00:13:55.740 --> 00:13:59.660]  我必用公義的右手扶持你
[00:13:59.660 --> 00:14:01.220]  所以如果我們認定
[00:14:01.220 --> 00:14:04.700]  我們最終的老闆是主耶穌基督的話
[00:14:04.700 --> 00:14:05.700]  我們就知道
[00:14:05.700 --> 00:14:08.100]  神所交托給我們的工作
[00:14:08.100 --> 00:14:10.660]  是有神自己的心意在裡面
[00:14:10.660 --> 00:14:12.940]  祂會必定來幫助我們
[00:14:12.940 --> 00:14:16.900]  必定來與我們同在
[00:14:16.900 --> 00:14:18.340]  各位頂智媒
[00:14:18.340 --> 00:14:22.740]  要知道我們最終的僱主是主耶穌基督
[00:14:22.740 --> 00:14:25.980]  當我們有了這個觀念之後
[00:14:25.980 --> 00:14:28.620]  下一個觀念隨之而來的就是
[00:14:28.620 --> 00:14:33.100]  我們的工作是重要的
[00:14:33.100 --> 00:14:35.900]  你手上的工作是重要的
[00:14:35.900 --> 00:14:38.100]  神所交托給你的工作
[00:14:38.100 --> 00:14:41.100]  在神體裡是重要的
[00:14:41.100 --> 00:14:45.180]  不要單單以為牧師的工作才重要
[00:14:45.180 --> 00:14:47.460]  雖然是重要
[00:14:47.460 --> 00:14:50.180]  也不要單單以為在教會裡的工作
[00:14:50.180 --> 00:14:54.060]  或者是基督教機構的工作才重要
[00:14:54.060 --> 00:14:56.780]  不要以為只有醫生能夠醫人
[00:14:56.780 --> 00:15:00.020]  或者是教師能夠幫助一個人成長
[00:15:00.020 --> 00:15:02.900]  他們的工作才是重要的
[00:15:02.900 --> 00:15:07.660]  不要以為售貨員、廚師、司機、服務員
[00:15:07.660 --> 00:15:09.580]  巴士司機、接待員等等
[00:15:09.580 --> 00:15:12.860]  他們的工作不重要
[00:15:12.860 --> 00:15:14.340]  各位頂智媒
[00:15:14.340 --> 00:15:17.100]  我不知道你的工作是什麼
[00:15:17.100 --> 00:15:18.460]  但是你要知道
[00:15:18.460 --> 00:15:22.380]  不要以為你自己的工作不重要
[00:15:22.380 --> 00:15:23.380]  第六節說
[00:15:23.380 --> 00:15:29.540]  要像基督的福人從心裡遵行神的旨意
[00:15:29.540 --> 00:15:35.260]  說出在神所交托給我們的任何工作上
[00:15:35.260 --> 00:15:40.220]  只要我們認定最終的僱主是主耶穌基督的話
[00:15:40.220 --> 00:15:45.540]  要按照祂自己的旨意去做我們的工作的時候
[00:15:45.540 --> 00:15:50.700]  你和我的工作在神體裡是重要的
[00:15:50.700 --> 00:15:55.220]  因此我們可以說工作本身是無分世俗
[00:15:55.220 --> 00:15:59.460]  或者是聖職的工作
[00:15:59.460 --> 00:16:00.540]  很明顯的
[00:16:00.540 --> 00:16:05.140]  就是若果牧師不是按照神自己的旨意去做
[00:16:05.140 --> 00:16:07.940]  神體裡的工作並不重要
[00:16:07.940 --> 00:16:10.780]  相反若果一個信徒在公司裡
[00:16:10.780 --> 00:16:15.420]  或者在家裡是按照神自己的心意去做的話
[00:16:15.420 --> 00:16:19.860]  神體裡的工作是相當重要的
[00:16:19.860 --> 00:16:21.060]  各位頂智媒
[00:16:21.060 --> 00:16:26.620]  神不是隨隨便便地把工作交給我們
[00:16:26.620 --> 00:16:28.620]  是有祂自己的心意
[00:16:28.620 --> 00:16:30.060]  有祂的目的
[00:16:30.060 --> 00:16:32.300]  有祂的計劃在裡面
[00:16:32.300 --> 00:16:34.340]  神給你和我有機會
[00:16:34.340 --> 00:16:37.740]  可以在我們的工作裡面去服侍祂
[00:16:37.740 --> 00:16:39.380]  不論在教會裡面
[00:16:39.380 --> 00:16:41.180]  或者在教會以外
[00:16:41.180 --> 00:16:42.900]  不論是在公司裡面
[00:16:42.900 --> 00:16:46.300]  或者在家裡都一樣
[00:16:46.300 --> 00:16:49.620]  可以來服侍我們的僱主
[00:16:49.620 --> 00:16:53.340]  最終的僱主就是我們的主耶穌基督
[00:16:53.340 --> 00:16:55.620]  我們先後看過兩個的觀點
[00:16:55.620 --> 00:16:57.060]  第一個觀點就是
[00:16:57.060 --> 00:16:59.220]  我們是基督的僕人
[00:16:59.220 --> 00:17:02.700]  基督是我們最終的僱主
[00:17:02.700 --> 00:17:06.900]  第二就是神看我們的工作為重要
[00:17:06.900 --> 00:17:08.860]  因此我們可以在工作裡面
[00:17:08.860 --> 00:17:11.740]  去服侍我們的僱主
[00:17:11.740 --> 00:17:15.340]  希望這兩個觀念帶來給你一個嶄新的看法
[00:17:15.340 --> 00:17:17.820]  來看你現在手上的工作
[00:17:17.820 --> 00:17:20.420]  就是神所交託給我們的工作
[00:17:20.420 --> 00:17:24.580]  你去預備一個美麗的工作人生
[00:17:24.580 --> 00:17:26.580]  現在我們進一步去看一下
[00:17:26.580 --> 00:17:30.420]  經文裡面有講關於工作的態度
[00:17:30.420 --> 00:17:32.780]  由第五節到第八節
[00:17:32.780 --> 00:17:37.140]  講出神要求我們內心對工作的態度
[00:17:37.140 --> 00:17:40.580]  有好幾方面想跟大家分享
[00:17:40.580 --> 00:17:43.500]  第一方面就在第五節
[00:17:43.500 --> 00:17:47.900]  講到你們作僕人的要懼怕戰經
[00:17:47.900 --> 00:17:51.780]  用誠實的心聽從你們內的肉身的主人
[00:17:51.780 --> 00:17:54.260]  好像聽從基督一般
[00:17:54.260 --> 00:17:59.180]  這裡提到懼怕戰經是甚麼意思呢?
[00:17:59.180 --> 00:18:02.780]  意思是認真
[00:18:02.780 --> 00:18:07.420]  就是對神所交託給你的工作認真的去做
[00:18:07.420 --> 00:18:12.420]  不掉以輕心 不馬虎 不求其
[00:18:12.420 --> 00:18:16.340]  聖經裡面有很多這些例子給我們看
[00:18:16.340 --> 00:18:21.180]  例如在聖經裡面最後一本書
[00:18:21.180 --> 00:18:25.660]  啟示錄的約翰
[00:18:25.660 --> 00:18:29.340]  約翰寫這個啟示錄的時候
[00:18:29.340 --> 00:18:32.900]  他是從主那裡得到啟示
[00:18:32.900 --> 00:18:34.700]  是主耶穌交託給他
[00:18:34.700 --> 00:18:38.820]  將你看見所聽見的寫下來
[00:18:38.820 --> 00:18:44.900]  於是他就將在天上所看見有關將來必定會發生的事情
[00:18:44.900 --> 00:18:49.740]  寫下來這份工作認真地去做
[00:18:49.740 --> 00:18:51.260]  所以現在你和我
[00:18:51.260 --> 00:18:55.060]  就有啟示錄這幾本寶貴的書來看
[00:18:55.060 --> 00:18:59.500]  讓我們明白末世和永恆要發生的事情
[00:18:59.500 --> 00:19:03.580]  和神在這裡去掌握
[00:19:03.580 --> 00:19:08.060]  一個人對神認不認真
[00:19:08.060 --> 00:19:12.060]  又或者一個人對他的信仰認不認真
[00:19:12.060 --> 00:19:16.540]  是可以從神所交託給他的工作那裡
[00:19:16.540 --> 00:19:20.220]  他認不認真去做 讓他看得見
[00:19:20.220 --> 00:19:22.540]  認真去做的人
[00:19:22.540 --> 00:19:26.540]  他不單止往往看見工作的那一刻
[00:19:26.540 --> 00:19:32.220]  也都會在工作的過程當中經歷神的同在
[00:19:32.220 --> 00:19:34.620]  經歷神奇妙的帶領
[00:19:34.620 --> 00:19:39.020]  體會到神奇妙的幫助和祝福
[00:19:39.020 --> 00:19:42.620]  相反一個人不認真去工作的話
[00:19:42.620 --> 00:19:46.860]  他工作的果效往往不是很顯著
[00:19:46.860 --> 00:19:51.700]  也都會失去經歷神和與神同工的機會
[00:19:51.700 --> 00:19:53.500]  他的崗位
[00:19:53.500 --> 00:19:59.100]  他的職涵就會變得有名而無實
[00:19:59.100 --> 00:20:03.460]  有一本書的書名叫做《Working 工作》
[00:20:03.460 --> 00:20:05.900]  是一個很特別的一本書
[00:20:05.900 --> 00:20:11.740]  作者他察覺到很多基督徒覺得他的工作乏味
[00:20:11.740 --> 00:20:13.500]  作者他做了一個研究
[00:20:13.500 --> 00:20:16.500]  他看到很多基督徒他對工作
[00:20:16.500 --> 00:20:19.020]  他認為是非常之乏味
[00:20:19.020 --> 00:20:22.140]  他就在這裡研究究竟為什麼
[00:20:22.140 --> 00:20:24.580]  他指出其中重要的原因
[00:20:24.580 --> 00:20:27.540]  是他們對工作的看法
[00:20:27.540 --> 00:20:29.780]  看工作為工作
[00:20:29.780 --> 00:20:33.620]  甚至看成為一份苦差
[00:20:33.620 --> 00:20:39.900]  而不看成為是神所交託給他們的任命、託付
[00:20:39.900 --> 00:20:42.900]  那麼任命和託付是什麼呢?
[00:20:42.900 --> 00:20:47.380]  就是在工作上遵行神的旨意而行
[00:20:47.380 --> 00:20:49.860]  認真地去做
[00:20:49.860 --> 00:20:52.180]  這個就是任命
[00:20:52.180 --> 00:20:55.060]  在神所交託給我們的工作裡面
[00:20:55.060 --> 00:21:00.580]  你去認真地去做這個就是任命
[00:21:00.580 --> 00:21:03.580]  在1924年巴黎的奧運會裡面
[00:21:03.580 --> 00:21:08.340]  其中一個焦點人物就是Eric Lindor
[00:21:08.340 --> 00:21:10.740]  大多數人對他較為認識的
[00:21:10.740 --> 00:21:15.860]  就是他拒絕參加100米短跑這個賽事
[00:21:15.860 --> 00:21:20.780]  他拒絕的原因是因為賽事在星期日來舉行
[00:21:20.780 --> 00:21:24.700]  而他是要去教會崇拜
[00:21:24.700 --> 00:21:26.820]  其實他在幾個月之前
[00:21:26.820 --> 00:21:31.820]  就知道這個賽事將會在星期天來舉行
[00:21:31.820 --> 00:21:33.860]  而他不參賽的決定
[00:21:33.860 --> 00:21:39.740]  並不是在當天的比賽之前來作出決定
[00:21:39.740 --> 00:21:41.220]  但是在幾個月之前
[00:21:41.220 --> 00:21:44.620]  他就已經立定這個心意
[00:21:44.620 --> 00:21:48.860]  於是他就專心為了在另外兩項
[00:21:48.860 --> 00:21:51.220]  不是在星期天舉行的賽事
[00:21:51.220 --> 00:21:56.420]  200米和400米的賽事來作準備
[00:21:56.420 --> 00:22:01.100]  Eric Lindor他深信神創造他是有一個目的
[00:22:01.100 --> 00:22:05.780]  並且知道神做他有一雙跑得很快的腿
[00:22:05.780 --> 00:22:07.900]  他講過一句這樣的說話
[00:22:07.900 --> 00:22:12.420]  他說 when I run, I feel his pressure
[00:22:12.420 --> 00:22:14.140]  就是說當我跑的時候
[00:22:14.140 --> 00:22:19.180]  我感受到神創造我的時候那份的喜悅
[00:22:19.180 --> 00:22:21.500]  從他這句說話當中
[00:22:21.500 --> 00:22:25.500]  我們可以看得出他對賽跑是認真的
[00:22:25.500 --> 00:22:31.060]  他對神做他一雙跑得很快的腿是認真的
[00:22:31.060 --> 00:22:34.740]  神對他創造的心意
[00:22:34.740 --> 00:22:37.740]  他看起來是非常認真的
[00:22:37.740 --> 00:22:43.580]  他對神簡單來講他對神是認真的
[00:22:43.580 --> 00:22:45.260]  他的認真是幫助他
[00:22:45.260 --> 00:22:49.380]  能夠去長年累月的來接受訓練
[00:22:49.380 --> 00:22:52.980]  結果他在400米的賽事當中來得勝
[00:22:52.980 --> 00:22:58.500]  以17秒6一個創出世界紀錄的成績
[00:22:58.500 --> 00:23:00.620]  來跑到終點
[00:23:00.620 --> 00:23:02.740]  得到金牌
[00:23:02.740 --> 00:23:06.420]  之後Eric Lindor去到中國來做宣教
[00:23:06.420 --> 00:23:10.140]  將耶穌基督的福音傳揚
[00:23:10.140 --> 00:23:12.540]  他認真地去做
[00:23:12.540 --> 00:23:17.380]  對神所交託給他的工作來認真地處理
[00:23:17.380 --> 00:23:18.740]  除了認真之外
[00:23:18.740 --> 00:23:21.380]  基督徒第二方面的工作觀
[00:23:21.380 --> 00:23:24.020]  就是要有誠實的態度
[00:23:24.020 --> 00:23:25.620]  誠實的心
[00:23:25.620 --> 00:23:27.940]  第五節繼續說用誠實的心
[00:23:27.940 --> 00:23:30.260]  聽從你回欲生的主人
[00:23:30.260 --> 00:23:32.300]  好像聽從基督一樣
[00:23:32.300 --> 00:23:33.380]  英文就是說
[00:23:33.380 --> 00:23:36.020]  With sincerity of heart
[00:23:36.020 --> 00:23:39.100]  就是誠意真摯的意思
[00:23:39.100 --> 00:23:42.620]  是由心底發出來的意思
[00:23:42.620 --> 00:23:45.100]  心裡面是沒有半點的裝假
[00:23:45.100 --> 00:23:47.020]  是100%的投入
[00:23:47.020 --> 00:23:51.300]  是100%的真誠淪落
[00:23:51.300 --> 00:23:54.740]  當我們用誠實的心去工作的時候
[00:23:54.740 --> 00:23:58.500]  我們不單止看見工作本身的重要性
[00:23:58.500 --> 00:24:00.540]  會努力地去工作
[00:24:00.540 --> 00:24:02.620]  做不為止
[00:24:02.620 --> 00:24:04.260]  我們也會看到
[00:24:04.260 --> 00:24:07.500]  工作所帶來對人的影響
[00:24:07.500 --> 00:24:09.980]  於是就會去上上問自己
[00:24:09.980 --> 00:24:11.980]  我怎樣才會做得更好呢
[00:24:11.980 --> 00:24:13.860]  怎樣才能夠去改變
[00:24:13.860 --> 00:24:16.620]  使得能夠去更加幫助別人
[00:24:16.620 --> 00:24:19.460]  能夠去正面影響別人呢
[00:24:19.460 --> 00:24:21.420]  怎樣去幫助人
[00:24:21.420 --> 00:24:24.060]  去在主裡面成長
[00:24:24.060 --> 00:24:26.900]  能夠去造就別人
[00:24:26.900 --> 00:24:29.900]  基督徒的工作態度要認真
[00:24:29.900 --> 00:24:31.260]  要真誠
[00:24:31.260 --> 00:24:32.860]  要誠懇
[00:24:32.860 --> 00:24:33.660]  接著下來
[00:24:33.660 --> 00:24:36.180]  經文就是說要有誠信
[00:24:36.180 --> 00:24:38.340]  要有誠信
[00:24:38.340 --> 00:24:39.260]  第六節說
[00:24:39.260 --> 00:24:41.700]  不單止要在眼前侍
[00:24:41.700 --> 00:24:44.100]  不要只在眼前侍奉
[00:24:44.100 --> 00:24:47.740]  像是討人喜悅的
[00:24:47.740 --> 00:24:49.180]  第六節說得很清楚
[00:24:49.180 --> 00:24:51.620]  不要只在眼前服侍
[00:24:51.620 --> 00:24:54.220]  像是討人喜歡的
[00:24:54.220 --> 00:24:55.660]  大多數的工人
[00:24:55.660 --> 00:24:59.500]  都會在僱主面前特別的落力
[00:24:59.500 --> 00:25:01.660]  當僱主出現的時候
[00:25:01.660 --> 00:25:03.740]  就會好像很勤力地去工作
[00:25:03.740 --> 00:25:05.820]  用心的力量去做
[00:25:05.820 --> 00:25:09.340]  想去表現自己
[00:25:09.340 --> 00:25:12.020]  但當僱主不在身邊的時候
[00:25:12.020 --> 00:25:15.660]  表現就很可能有不同
[00:25:15.660 --> 00:25:17.700]  我認識有些朋友
[00:25:17.700 --> 00:25:21.220]  他們是做清潔的工作
[00:25:21.220 --> 00:25:24.980]  他們說最好做清潔的工作在哪裏呢
[00:25:24.980 --> 00:25:27.500]  他們說在辦公室
[00:25:27.500 --> 00:25:28.620]  因為辦公室裡面
[00:25:28.620 --> 00:25:30.540]  大多數都是文件
[00:25:30.540 --> 00:25:31.540]  紙張
[00:25:31.540 --> 00:25:33.460]  電腦
[00:25:33.460 --> 00:25:34.220]  椅子
[00:25:34.220 --> 00:25:35.540]  椅子椅子等等
[00:25:35.540 --> 00:25:39.860]  並沒有其他骯髒的物件
[00:25:39.860 --> 00:25:42.380]  他們說最不好做的地方在哪裏呢
[00:25:42.380 --> 00:25:45.380]  不知道大家猜不猜得到
[00:25:45.380 --> 00:25:47.460]  在小學
[00:25:47.460 --> 00:25:48.460]  在小學裡面
[00:25:48.460 --> 00:25:50.260]  千萬不要去做
[00:25:50.260 --> 00:25:53.300]  小朋友不懂得自律
[00:25:53.300 --> 00:25:55.100]  理由沒有守規
[00:25:55.100 --> 00:25:59.220]  垃圾隨時到處都丟
[00:25:59.220 --> 00:26:01.940]  不時在飯堂或者走廊
[00:26:01.940 --> 00:26:03.380]  在班房裡面
[00:26:03.380 --> 00:26:06.020]  都會看到有食物的零碎
[00:26:06.020 --> 00:26:07.820]  倒寫水
[00:26:07.820 --> 00:26:09.340]  倒寫果汁
[00:26:09.340 --> 00:26:11.700]  是常見的事情
[00:26:11.700 --> 00:26:12.860]  還有
[00:26:12.860 --> 00:26:15.380]  有時候他們會不舒服
[00:26:15.380 --> 00:26:17.700]  想要嘔的時候
[00:26:17.700 --> 00:26:19.860]  他們不像大人會忍住
[00:26:19.860 --> 00:26:21.900]  走去廁所才嘔
[00:26:21.900 --> 00:26:24.140]  他就會即時的去嘔
[00:26:24.140 --> 00:26:28.300]  在哪裏他就嘔
[00:26:28.300 --> 00:26:29.300]  還有呢
[00:26:29.300 --> 00:26:32.020]  如果你去廁所要做清潔的時候
[00:26:32.020 --> 00:26:34.900]  那個情況就更加惡劣
[00:26:34.900 --> 00:26:36.260]  他不單這樣
[00:26:36.260 --> 00:26:37.660]  在冬天的時候
[00:26:37.660 --> 00:26:40.180]  那些冰箱
[00:26:40.180 --> 00:26:41.500]  濕潤潤的
[00:26:41.500 --> 00:26:43.700]  就會到處都是
[00:26:43.700 --> 00:26:45.940]  四處都濕潤潤
[00:26:45.940 --> 00:26:47.340]  這是冬天
[00:26:47.340 --> 00:26:48.940]  夏天的時候
[00:26:48.940 --> 00:26:51.660]  四處都會有很多泥沙
[00:26:51.660 --> 00:26:54.460]  因為小朋友穿著鞋子
[00:26:54.460 --> 00:26:59.940]  在草地或者沙池玩完之後
[00:26:59.940 --> 00:27:01.860]  就走進去班房裡面
[00:27:01.860 --> 00:27:03.260]  進到學校裡面
[00:27:03.260 --> 00:27:06.180]  所以到處都有泥沙
[00:27:06.180 --> 00:27:09.700]  但是我認識有一位做清潔的朋友
[00:27:09.700 --> 00:27:13.140]  他在小學裡面也有去做
[00:27:13.140 --> 00:27:14.460]  他無論在校長
[00:27:14.460 --> 00:27:15.500]  在老師
[00:27:15.500 --> 00:27:16.340]  在家長
[00:27:16.340 --> 00:27:18.780]  或者在小朋友面前
[00:27:18.780 --> 00:27:22.580]  還是到處都沒有人的時候
[00:27:22.580 --> 00:27:25.180]  他的工作態度都是一樣
[00:27:25.180 --> 00:27:28.740]  他工作的表現都是一樣
[00:27:28.740 --> 00:27:30.580]  他有高度的自律
[00:27:30.580 --> 00:27:32.740]  沒有因為身邊有人
[00:27:32.740 --> 00:27:35.580]  而改變他的工作態度
[00:27:35.580 --> 00:27:37.580]  他那個自制的能力
[00:27:37.580 --> 00:27:40.660]  他對工作的認真
[00:27:40.660 --> 00:27:43.260]  他對工作那份的誠信
[00:27:43.260 --> 00:27:45.020]  可以在他的工作上面
[00:27:45.020 --> 00:27:47.740]  你都可以看得到
[00:27:47.740 --> 00:27:50.020]  他不是故意做在人前
[00:27:50.020 --> 00:27:51.340]  沒有人在的時候
[00:27:51.340 --> 00:27:53.340]  他都是一樣很努力的
[00:27:53.340 --> 00:27:54.700]  你都可以工作
[00:27:54.700 --> 00:27:57.980]  認真的你都可以做
[00:27:57.980 --> 00:27:59.820]  主耶穌在登山保困的時候
[00:27:59.820 --> 00:28:02.500]  也都有這樣教導我們
[00:28:02.500 --> 00:28:04.020]  教導我們說
[00:28:04.020 --> 00:28:08.740]  信徒千萬不要好像假冒為善的人一樣
[00:28:08.740 --> 00:28:10.740]  將工作的事
[00:28:10.740 --> 00:28:12.380]  做在人的面前
[00:28:12.380 --> 00:28:14.820]  故意給人看見
[00:28:14.820 --> 00:28:16.260]  主耶穌強調
[00:28:16.260 --> 00:28:19.580]  神是看人的來生
[00:28:19.580 --> 00:28:22.860]  天父在暗中察看
[00:28:22.860 --> 00:28:24.860]  天父全都看見
[00:28:24.860 --> 00:28:26.780]  全都知道
[00:28:26.780 --> 00:28:30.700]  所以縱使周圍沒有人在看見的時候
[00:28:30.700 --> 00:28:33.740]  肉身的主人看不見
[00:28:33.740 --> 00:28:35.100]  但是我們知道
[00:28:35.100 --> 00:28:38.940]  我們的天父是看得見的
[00:28:38.940 --> 00:28:44.780]  因為天父在暗中來到了察看
[00:28:44.780 --> 00:28:46.260]  第四方面
[00:28:46.260 --> 00:28:50.300]  我們要甘心的也就是去侍奉
[00:28:50.300 --> 00:28:53.460]  第七節說要甘心侍奉
[00:28:53.460 --> 00:28:57.340]  好像服侍主不像服侍人
[00:28:57.340 --> 00:28:58.860]  英文聖經翻譯為
[00:28:58.860 --> 00:29:01.100]  serve wholeheartedly
[00:29:01.100 --> 00:29:04.580]  或者是serve with enthusiasm
[00:29:04.580 --> 00:29:07.820]  甘心侍奉是指我們工作的態度
[00:29:07.820 --> 00:29:09.340]  是願意的
[00:29:09.340 --> 00:29:11.340]  是樂於去做的
[00:29:11.340 --> 00:29:13.540]  而且是熱切的
[00:29:13.540 --> 00:29:16.340]  真誠的積極的去做
[00:29:16.340 --> 00:29:18.660]  不是死啊死啊去做
[00:29:18.660 --> 00:29:21.700]  也不是懶懶閒閒的去做
[00:29:21.700 --> 00:29:24.140]  兩者有很大的分別
[00:29:24.140 --> 00:29:25.620]  最大的分別就是
[00:29:25.620 --> 00:29:28.180]  甘心樂意去做的
[00:29:28.180 --> 00:29:31.380]  他會覺得工作的時間過得很快
[00:29:31.380 --> 00:29:33.860]  早上很早的回到公司
[00:29:33.860 --> 00:29:37.540]  轉眼間就到他吃午餐的時候
[00:29:37.540 --> 00:29:40.700]  再轉眼間就夠時間下班了
[00:29:40.700 --> 00:29:42.860]  時間過得很快
[00:29:42.860 --> 00:29:45.140]  但是如果不是這樣的
[00:29:45.140 --> 00:29:46.620]  是懶懶閒閒的去做
[00:29:46.620 --> 00:29:48.700]  不是做得樂意的
[00:29:48.700 --> 00:29:51.340]  他會覺得時間過得很慢
[00:29:51.340 --> 00:29:53.900]  早上回到公司
[00:29:53.900 --> 00:29:56.620]  接著再看錶的時間
[00:29:56.620 --> 00:30:00.060]  他才發覺到現在才是十點鐘
[00:30:00.060 --> 00:30:01.700]  好像過了很久
[00:30:01.700 --> 00:30:03.780]  為甚麼時間過得這麼慢
[00:30:03.780 --> 00:30:06.500]  何時才等到下班呢
[00:30:06.500 --> 00:30:08.020]  除此之外
[00:30:08.020 --> 00:30:10.340]  甘心樂意去做的人
[00:30:10.340 --> 00:30:12.260]  也會發覺到
[00:30:12.260 --> 00:30:14.940]  在工作上會帶來的喜樂
[00:30:14.940 --> 00:30:18.180]  而且覺得這份工作非常有意義
[00:30:18.180 --> 00:30:20.580]  這方面是懶懶閒閒的人
[00:30:20.580 --> 00:30:22.620]  是永遠都不會領受得到
[00:30:22.620 --> 00:30:25.420]  也都不會感受得到的
[00:30:25.420 --> 00:30:30.220]  甘心樂意是神在聖經裡一貫對我們的教導
[00:30:30.220 --> 00:30:32.860]  例如在奉獻的時候
[00:30:32.860 --> 00:30:35.700]  聖經說凡樂意侍奉的
[00:30:35.700 --> 00:30:40.660]  可以拿到耶和華的面前來
[00:30:40.660 --> 00:30:42.780]  也在哥倫多後書說
[00:30:42.780 --> 00:30:45.900]  捐得樂意的人是神所喜悅的
[00:30:45.900 --> 00:30:48.500]  又在羅馬書第十二章第八節說
[00:30:48.500 --> 00:30:52.820]  我們在憐憫人方面就要甘心
[00:30:52.820 --> 00:30:55.900]  各位神不僅要我們這樣做
[00:30:55.900 --> 00:30:59.420]  神自己也親自去樹立一個榜樣
[00:30:59.420 --> 00:31:00.580]  讓我們知道
[00:31:00.580 --> 00:31:04.820]  去甘心樂意去拯救我們
[00:31:04.820 --> 00:31:06.900]  在拯救的工作上
[00:31:06.900 --> 00:31:09.940]  神是甘願將祂自己的獨生兒子
[00:31:09.940 --> 00:31:11.780]  去賜給我們
[00:31:11.780 --> 00:31:13.180]  我們所熟悉的經文
[00:31:13.180 --> 00:31:15.740]  約翰福音第三章第十六節
[00:31:15.740 --> 00:31:16.980]  就是這樣說的
[00:31:16.980 --> 00:31:19.260]  神愛世人
[00:31:19.260 --> 00:31:23.740]  甚至將祂的獨生子賜給他們
[00:31:23.740 --> 00:31:26.060]  神是願意將祂自己的獨生兒子
[00:31:26.060 --> 00:31:28.260]  賜給我們
[00:31:28.260 --> 00:31:31.580]  而主耶穌基督也甘心樂意的
[00:31:31.580 --> 00:31:35.180]  為我們的罪被釘死在十字架上
[00:31:35.180 --> 00:31:37.180]  為我們寫命
[00:31:37.180 --> 00:31:40.580]  將我們的命贖回
[00:31:40.580 --> 00:31:43.860]  在約翰福音第十八章第十八節
[00:31:43.860 --> 00:31:46.060]  主耶穌親自這樣說
[00:31:46.060 --> 00:31:49.300]  向無人奪去我的命
[00:31:49.300 --> 00:31:51.580]  是我自己寫的
[00:31:51.580 --> 00:31:53.140]  我有權並寫了
[00:31:53.140 --> 00:31:55.860]  也有權並取回了
[00:31:55.860 --> 00:31:57.620]  今天我們所看的《爾忽所書》
[00:31:57.620 --> 00:31:59.500]  第七章提醒我們
[00:31:59.500 --> 00:32:02.300]  我們要甘心侍服
[00:32:02.300 --> 00:32:03.940]  好象服侍主
[00:32:03.940 --> 00:32:06.860]  不像服侍人
[00:32:06.860 --> 00:32:08.740]  我們很快就看了四方面
[00:32:08.740 --> 00:32:12.100]  我們來去溫習一下
[00:32:12.100 --> 00:32:13.260]  我們從經文裡面
[00:32:13.260 --> 00:32:16.820]  看過四方面基督徒應有的工作態度
[00:32:16.820 --> 00:32:19.180]  我們要認真
[00:32:19.180 --> 00:32:21.100]  要誠懇
[00:32:21.100 --> 00:32:23.540]  要有誠信
[00:32:23.540 --> 00:32:25.340]  要甘心
[00:32:25.340 --> 00:32:27.740]  現在來到最後一方面
[00:32:27.740 --> 00:32:30.940]  就是要以期待的心去服侍
[00:32:30.940 --> 00:32:32.980]  去工作
[00:32:32.980 --> 00:32:34.940]  期待些什麼呢
[00:32:34.940 --> 00:32:36.060]  第八節說
[00:32:36.060 --> 00:32:39.100]  因為曉得各人所行的善事
[00:32:39.100 --> 00:32:40.580]  不論是圍爐的
[00:32:40.580 --> 00:32:42.220]  是自主的
[00:32:42.220 --> 00:32:47.060]  都必按所行的得主的獎賞
[00:32:47.060 --> 00:32:49.700]  如果我們是打工仔
[00:32:49.700 --> 00:32:51.740]  我們都期待每個星期
[00:32:51.740 --> 00:32:53.380]  或者每兩個星期
[00:32:53.380 --> 00:32:54.940]  或者每兩個星期
[00:32:54.940 --> 00:32:57.780]  或者每一個月所出的工資
[00:32:57.780 --> 00:32:59.340]  那張工資
[00:32:59.340 --> 00:33:01.700]  我們都期待那張工資
[00:33:01.700 --> 00:33:03.260]  用轉帳也好
[00:33:03.260 --> 00:33:06.180]  用支票給你也好
[00:33:06.180 --> 00:33:09.620]  我們都期待那一天的來臨
[00:33:09.620 --> 00:33:10.940]  更何況
[00:33:10.940 --> 00:33:12.980]  這段經文告訴我們
[00:33:12.980 --> 00:33:13.980]  有一天
[00:33:13.980 --> 00:33:19.060]  我們會從天上最終的僱主裡面
[00:33:19.060 --> 00:33:22.620]  來接受一張獎賞
[00:33:22.620 --> 00:33:25.900]  一張很特別的Paycheck
[00:33:25.900 --> 00:33:30.220]  我們到時就會知道是怎樣
[00:33:30.220 --> 00:33:33.180]  有時候會聽見有些基督徒這樣說
[00:33:33.180 --> 00:33:34.740]  我試奉
[00:33:34.740 --> 00:33:38.140]  我並不是祈求神要回報
[00:33:38.140 --> 00:33:39.940]  你有沒有聽過人這樣說
[00:33:39.940 --> 00:33:44.540]  我試奉並不是不祈求神的回報
[00:33:44.540 --> 00:33:46.340]  可能你聽過
[00:33:46.340 --> 00:33:50.460]  甚至可能你自己也這樣說過
[00:33:50.460 --> 00:33:51.700]  這樣說的人
[00:33:51.700 --> 00:33:53.540]  他的動機是怎樣呢
[00:33:53.540 --> 00:33:55.540]  我們不知道
[00:33:55.540 --> 00:33:58.980]  說他的目的
[00:33:58.980 --> 00:34:01.820]  他真正是這樣想的
[00:34:01.820 --> 00:34:03.740]  又或者
[00:34:03.740 --> 00:34:05.980]  他不祈求神的回報
[00:34:05.980 --> 00:34:08.740]  是以為祈求神的回報
[00:34:08.740 --> 00:34:11.340]  就要有所付出
[00:34:11.340 --> 00:34:14.740]  祈求多的就要付出多
[00:34:14.740 --> 00:34:18.180]  祈求少的就付出少
[00:34:18.180 --> 00:34:20.220]  不祈求神的回報
[00:34:20.220 --> 00:34:22.700]  就可以隨著自己的意思
[00:34:22.700 --> 00:34:26.180]  去做又或者不做
[00:34:26.180 --> 00:34:28.100]  或者喜歡怎樣去做
[00:34:28.100 --> 00:34:30.100]  就怎樣去做
[00:34:30.100 --> 00:34:32.860]  有不少基督徒是抱著這種心態
[00:34:32.860 --> 00:34:36.260]  去做
[00:34:36.260 --> 00:34:39.220]  但相信是一個錯誤的理解
[00:34:39.220 --> 00:34:40.980]  首先
[00:34:40.980 --> 00:34:42.340]  他們以為試奉
[00:34:42.340 --> 00:34:44.100]  尤其是在教會的試奉
[00:34:44.100 --> 00:34:46.060]  是義工的工作
[00:34:46.060 --> 00:34:48.020]  喜歡做就做
[00:34:48.020 --> 00:34:50.540]  不喜歡做就不做
[00:34:50.540 --> 00:34:52.340]  有時間就做就做
[00:34:52.340 --> 00:34:53.340]  做多些
[00:34:53.340 --> 00:34:56.540]  沒有時間就不做
[00:34:56.540 --> 00:34:59.020]  又或者是隨便去做
[00:34:59.020 --> 00:35:02.180]  不是照著教會的方針去做
[00:35:02.180 --> 00:35:06.300]  不是照著聖經的教導去做
[00:35:06.300 --> 00:35:10.500]  以為做是對教會有益處
[00:35:10.500 --> 00:35:12.940]  對教會有益處
[00:35:12.940 --> 00:35:14.380]  又或者甚至乎
[00:35:14.380 --> 00:35:18.420]  我試奉是對神有益處
[00:35:18.420 --> 00:35:21.820]  卻是不明白神是給我們
[00:35:21.820 --> 00:35:25.540]  這份工作是一個呼召
[00:35:25.540 --> 00:35:27.140]  是一份任命
[00:35:27.140 --> 00:35:29.580]  是神聖的工作
[00:35:29.580 --> 00:35:33.900]  仍不明白這個工作在神體裡是重要
[00:35:33.900 --> 00:35:35.780]  也都透過這份工作
[00:35:35.780 --> 00:35:38.260]  去知道神自己的心意
[00:35:38.260 --> 00:35:40.900]  那份目的那份意義
[00:35:40.900 --> 00:35:43.260]  對信徒對未信的人
[00:35:43.260 --> 00:35:45.860]  都會帶來有正面的影響
[00:35:45.860 --> 00:35:47.540]  甚至乎是對自己
[00:35:47.540 --> 00:35:50.940]  都會有屬靈的影響
[00:35:50.940 --> 00:35:55.340]  今天這段經文講得很清楚
[00:35:55.340 --> 00:35:59.620]  我們的工作 我們的試奉
[00:35:59.620 --> 00:36:04.900]  很明顯是超越教會的工作
[00:36:04.900 --> 00:36:07.460]  因為經文裡面多次的提到
[00:36:07.460 --> 00:36:09.260]  我們是基督的僕人
[00:36:09.260 --> 00:36:10.980]  我們要像基督的僕人
[00:36:10.980 --> 00:36:12.500]  我們要像復仕主
[00:36:12.500 --> 00:36:14.140]  不像復仕人
[00:36:14.140 --> 00:36:16.100]  所以很明顯我們的試奉
[00:36:16.100 --> 00:36:18.940]  並不是限於在教會裡面
[00:36:18.940 --> 00:36:20.900]  那是在我們的工作
[00:36:20.900 --> 00:36:22.660]  無論在教會裡面的工作
[00:36:22.660 --> 00:36:28.100]  又或者教會外面的工作都是一樣
[00:36:28.100 --> 00:36:31.580]  所以信徒不要有一個錯誤的觀念
[00:36:31.580 --> 00:36:34.940]  我就以為我的工作
[00:36:34.940 --> 00:36:37.500]  或者我在教會裡面的試奉
[00:36:37.500 --> 00:36:38.580]  有時間就去做
[00:36:38.580 --> 00:36:39.740]  沒有時間就不去做
[00:36:39.740 --> 00:36:42.580]  不要有義工這種的心態
[00:36:42.580 --> 00:36:45.220]  但是神給我們各人都有不同的恩賜
[00:36:45.220 --> 00:36:47.220]  是要我們一起去運用
[00:36:47.220 --> 00:36:49.100]  去建立教會
[00:36:49.100 --> 00:36:50.780]  在教會裡面是一樣
[00:36:50.780 --> 00:36:52.380]  在教會外面也是一樣
[00:36:52.380 --> 00:36:54.500]  由神給我們的恩賜
[00:36:54.500 --> 00:36:56.620]  來做很好的運用
[00:36:56.620 --> 00:36:59.380]  來去擴展神自己的角度
[00:36:59.380 --> 00:37:00.940]  在工作方面
[00:37:00.940 --> 00:37:02.620]  工作場所裡面
[00:37:02.620 --> 00:37:07.540]  來去見證神自己的榮美
[00:37:07.540 --> 00:37:09.180]  在教會外的工作是這樣
[00:37:09.180 --> 00:37:11.220]  在教會裡面的工作又好
[00:37:11.220 --> 00:37:13.940]  最終是神給我們的工作
[00:37:13.940 --> 00:37:14.900]  來去復仕
[00:37:14.900 --> 00:37:18.380]  我們最終的副主就是主耶穌基督
[00:37:18.380 --> 00:37:20.180]  這個是主耶穌在工作上面
[00:37:20.180 --> 00:37:21.820]  對我們的要求
[00:37:21.820 --> 00:37:24.700]  顧問論我們的心態是怎樣
[00:37:24.700 --> 00:37:27.620]  是期待主的想像與否
[00:37:27.620 --> 00:37:31.700]  主是要求我們作祂的僕人
[00:37:31.700 --> 00:37:34.260]  是要對工作認真
[00:37:34.260 --> 00:37:35.780]  要誠實
[00:37:35.780 --> 00:37:37.380]  要有誠信
[00:37:37.380 --> 00:37:40.820]  不是只是眼前的來去復仕
[00:37:40.820 --> 00:37:44.980]  而是要祂甘心樂意的來去做
[00:37:44.980 --> 00:37:46.100]  期待有一天
[00:37:46.100 --> 00:37:48.340]  我們去到主耶穌基督的面前
[00:37:48.340 --> 00:37:50.460]  主耶穌說你做得好
[00:37:50.460 --> 00:37:53.460]  你要接受你的獎賞
[00:37:53.460 --> 00:37:56.460]  有一天當我們去到基督的台前
[00:37:56.460 --> 00:38:00.180]  神就會按著我們的工作
[00:38:00.180 --> 00:38:03.580]  來去輪功行賞
[00:38:03.580 --> 00:38:05.220]  無論我們是打工的
[00:38:05.220 --> 00:38:07.060]  又或者是做老闆的
[00:38:07.060 --> 00:38:09.140]  無論你的工作是牧師
[00:38:09.140 --> 00:38:10.020]  是醫生
[00:38:10.020 --> 00:38:10.900]  是廚師
[00:38:10.900 --> 00:38:12.380]  是工程師
[00:38:12.380 --> 00:38:13.700]  是送貨員
[00:38:13.700 --> 00:38:14.820]  是售貨員
[00:38:14.820 --> 00:38:16.140]  是秘書
[00:38:16.140 --> 00:38:17.540]  是上班一族
[00:38:17.540 --> 00:38:20.900]  又或者是在家裡的不需要上班的
[00:38:20.900 --> 00:38:22.820]  又或者已經退休的
[00:38:22.820 --> 00:38:26.220]  我們的主耶穌都會按著我們所行的
[00:38:26.220 --> 00:38:29.900]  將獎賞來賜給我們
[00:38:29.900 --> 00:38:33.020]  最後以一個故事來作結束
[00:38:33.020 --> 00:38:34.580]  這個故事講到有一個人
[00:38:34.580 --> 00:38:38.420]  他地上的工作是送麵包的
[00:38:38.420 --> 00:38:42.820]  他每天早上很早就出去送麵包
[00:38:42.820 --> 00:38:47.980]  將麵包送到很多的超級市場裡面
[00:38:47.980 --> 00:38:51.500]  有一天當他完結了地上生命的時候
[00:38:51.500 --> 00:38:53.300]  他就回到天上
[00:38:53.300 --> 00:38:56.580]  站在主耶穌基督的台前
[00:38:56.580 --> 00:38:58.340]  主耶穌跟他說
[00:38:58.340 --> 00:39:01.340]  我知道你的工作是送麵包
[00:39:01.340 --> 00:39:04.860]  我看著你怎樣去送麵包
[00:39:04.860 --> 00:39:07.340]  你每天早上準時的
[00:39:07.340 --> 00:39:11.260]  將麵包送到超級市場裡面
[00:39:11.260 --> 00:39:13.940]  又將那些麵包一格一格
[00:39:13.940 --> 00:39:16.300]  排得整整齊齊
[00:39:16.300 --> 00:39:20.100]  這一切我都看得很清楚
[00:39:20.100 --> 00:39:21.940]  你做得很好
[00:39:21.940 --> 00:39:24.380]  我很滿意你的工作
[00:39:24.380 --> 00:39:26.940]  現在這個是你的獎賞
[00:39:26.940 --> 00:39:29.380]  你來領受吧
[00:39:29.380 --> 00:39:31.660]  各位頂子妹
[00:39:31.660 --> 00:39:38.140]  這個人在地上活出一個美麗的工作人生
[00:39:38.140 --> 00:39:41.660]  他將神所交託給你的工作
[00:39:41.660 --> 00:39:42.980]  做得好
[00:39:42.980 --> 00:39:46.780]  在神眼中看你做得非常好
[00:39:46.780 --> 00:39:48.700]  當他回到天上的時候
[00:39:48.700 --> 00:39:53.260]  他接受從神那裡得到的獎賞
[00:39:53.260 --> 00:39:55.140]  就用今天的經文
[00:39:55.140 --> 00:39:59.300]  來提醒我們兩個工作的觀念
[00:39:59.300 --> 00:40:02.140]  我們最終的僱主是主耶穌基督
[00:40:02.140 --> 00:40:05.220]  而主耶穌所交託給我們的工作
[00:40:05.220 --> 00:40:08.660]  交託給你的工作是重要的
[00:40:08.660 --> 00:40:12.020]  你都教導我們五方面工作的態度
[00:40:12.020 --> 00:40:13.540]  就希望今天的信息
[00:40:13.540 --> 00:40:15.540]  這份所書依舊的經文
[00:40:15.540 --> 00:40:17.860]  能夠成為我們的幫助
[00:40:17.860 --> 00:40:19.220]  叫我們在工作裡面
[00:40:19.220 --> 00:40:21.860]  去享受神給我們的工作
[00:40:21.860 --> 00:40:23.220]  去服侍我們的主
[00:40:23.220 --> 00:40:24.580]  我們的神
[00:40:24.580 --> 00:40:27.220]  我們一起去祈禱
[00:40:27.220 --> 00:40:30.060]  七月主耶穌我們多謝讚美你
[00:40:30.060 --> 00:40:34.340]  因為你自己親自來到這個地上
[00:40:34.340 --> 00:40:37.660]  你來到說納一個好的榜樣
[00:40:37.660 --> 00:40:39.340]  讓我們知道
[00:40:39.340 --> 00:40:42.500]  怎樣可以來到像你一樣
[00:40:42.500 --> 00:40:45.620]  去將副所交託給我們的工作
[00:40:45.620 --> 00:40:47.700]  你就會做得好
[00:40:47.700 --> 00:40:50.020]  主耶穌我們多謝你來到這個世界
[00:40:50.020 --> 00:40:51.580]  親自成為人
[00:40:51.580 --> 00:40:53.860]  拯救我們這班的罪人
[00:40:53.860 --> 00:40:57.860]  叫我們可以脫離罪和死亡的限制
[00:40:57.860 --> 00:40:59.380]  叫我們可以在你裡面
[00:40:59.380 --> 00:41:01.420]  成為一個新做的人
[00:41:01.420 --> 00:41:05.500]  從你那裡去得取每天的力量
[00:41:05.500 --> 00:41:09.380]  叫我們能夠去按著你所加添給我們的
[00:41:09.380 --> 00:41:12.060]  在你所交託給我們的崗位裡面
[00:41:12.060 --> 00:41:13.900]  去站得穩
[00:41:13.900 --> 00:41:15.260]  做得好
[00:41:15.260 --> 00:41:18.140]  以致能夠去護主你自己
[00:41:18.140 --> 00:41:20.100]  主耶穌多謝你
[00:41:20.100 --> 00:41:23.820]  給我們有不同的恩賜
[00:41:23.820 --> 00:41:25.980]  我們個個都不同
[00:41:25.980 --> 00:41:28.220]  沒有一個會很相同
[00:41:28.220 --> 00:41:30.860]  但是你卻是將我們放在一起
[00:41:30.860 --> 00:41:32.780]  為的就是要我們
[00:41:32.780 --> 00:41:35.660]  同心協力的去建立教會
[00:41:35.660 --> 00:41:38.820]  求主你去興旺你自己的教會
[00:41:38.820 --> 00:41:41.460]  也幫助我們不單止在教會裡面
[00:41:41.460 --> 00:41:44.820]  去同心協力去工作
[00:41:44.820 --> 00:41:46.780]  而是當我們走到社會裡面
[00:41:46.780 --> 00:41:49.060]  不同的工作場所裡面
[00:41:49.060 --> 00:41:52.060]  我們都成為主你自己要用的容忍
[00:41:52.060 --> 00:41:54.700]  成為世上的言世上的光
[00:41:54.700 --> 00:41:56.260]  能夠將主耶穌基督
[00:41:56.260 --> 00:42:00.060]  你自己的教導真理恩典
[00:42:00.060 --> 00:42:02.420]  你得去活在人的面前
[00:42:02.420 --> 00:42:04.940]  要人知道我們是屬於你
[00:42:04.940 --> 00:42:07.540]  你都將榮耀給他歸給你
[00:42:07.540 --> 00:42:09.940]  求你未來幫助我們每一個
[00:42:09.940 --> 00:42:11.100]  聽我們的禱告
[00:42:11.100 --> 00:42:12.980]  是負荷面書基督的念頭
[00:42:12.980 --> 00:42:13.700]  謝謝
