
[00:00:00.000 --> 00:00:02.000]  各位弟兄姊妹 早晨
[00:00:02.000 --> 00:00:05.040]  我們一起禱告 我們要準備我們的心
[00:00:05.040 --> 00:00:09.960]  再一次在神面前領受祂的話語
[00:00:09.960 --> 00:00:13.880]  天父 將我們以下時間交給主
[00:00:13.880 --> 00:00:15.320]  我們崇拜
[00:00:15.320 --> 00:00:18.960]  每一次雖然都有一個習慣的成分
[00:00:18.960 --> 00:00:21.120]  但我們並不殷循
[00:00:21.120 --> 00:00:26.120]  我們一齊回到祢知道我們在做什麼
[00:00:26.120 --> 00:00:28.280]  我們一齊來到祢
[00:00:28.280 --> 00:00:31.960]  透過詩歌敬拜 透過同頂姐妹相交分享
[00:00:31.960 --> 00:00:34.760]  更加的是透過神的話語
[00:00:34.760 --> 00:00:38.160]  我們一同去思想
[00:00:38.160 --> 00:00:40.720]  主耶穌基督 神祢自己
[00:00:40.720 --> 00:00:43.320]  是一位怎樣的神
[00:00:43.320 --> 00:00:45.080]  我們做基督徒
[00:00:45.080 --> 00:00:48.680]  我們看到在這個聖經裡面很多的事蹟
[00:00:48.680 --> 00:00:51.000]  跟我們有什麼關係
[00:00:51.000 --> 00:00:53.320]  我們如何去學習
[00:00:53.320 --> 00:00:55.760]  去跟隨耶穌的腳蹤
[00:00:55.760 --> 00:00:58.000]  在這個如虎旗裡面
[00:00:58.000 --> 00:01:02.080]  我們去思想耶穌基督所受的痛苦
[00:01:02.080 --> 00:01:05.440]  我們思想到一班的門徒跟隨祂
[00:01:05.440 --> 00:01:07.200]  所經歷的是什麼
[00:01:07.200 --> 00:01:11.400]  求祢聖靈在這一刻都來到在我們心裡面
[00:01:11.400 --> 00:01:14.960]  開到我們的心 準備我們的心
[00:01:14.960 --> 00:01:19.000]  領受在聖經豐富的信息
[00:01:19.000 --> 00:01:21.280]  祈禱奉耶穌基督名字
[00:01:21.280 --> 00:01:22.480]  阿們
[00:01:26.480 --> 00:01:29.280]  今天繼續這個系列
[00:01:29.280 --> 00:01:31.440]  當然是玩食字的
[00:01:31.440 --> 00:01:34.240]  一群如虎的開竅
[00:01:34.240 --> 00:01:36.920]  說一班的十二門徒
[00:01:36.920 --> 00:01:39.120]  十二門徒裡面不是所有都是如虎
[00:01:39.120 --> 00:01:40.240]  很多都是如虎
[00:01:40.240 --> 00:01:43.720]  但是我們透過今天這段經文
[00:01:43.720 --> 00:01:46.720]  就看見其實不是一班如虎
[00:01:46.720 --> 00:01:49.400]  是一班如虎
[00:01:49.400 --> 00:01:52.240]  我們在這個系列裡面
[00:01:52.240 --> 00:01:56.360]  說到如何面對困境走出安書區
[00:01:56.360 --> 00:01:59.960]  今天集中的焦點說到開竅
[00:01:59.960 --> 00:02:03.080]  就是開竅問題 簡單來說
[00:02:03.080 --> 00:02:04.280]  什麼叫開竅
[00:02:04.280 --> 00:02:07.160]  就是你可能一直在做一件事
[00:02:07.160 --> 00:02:09.520]  你一直在做 都一直在做
[00:02:09.520 --> 00:02:11.200]  但是你拿不到竅門
[00:02:11.200 --> 00:02:13.320]  有一天突然之間叮一聲
[00:02:13.320 --> 00:02:14.680]  開了竅
[00:02:14.680 --> 00:02:16.720]  知道怎樣運作
[00:02:16.720 --> 00:02:19.240]  無論打球也好 做很多事也好
[00:02:19.240 --> 00:02:22.440]  突然之間叮一聲 通了
[00:02:22.440 --> 00:02:24.680]  然後就完全不同了
[00:02:24.680 --> 00:02:26.920]  我想大家都可能有些經驗
[00:02:26.920 --> 00:02:28.960]  我們要反思的就是
[00:02:28.960 --> 00:02:30.440]  我們是不是在一個
[00:02:30.440 --> 00:02:32.640]  所謂屬靈的安書區裡面
[00:02:32.640 --> 00:02:36.800]  其實我們的信仰還沒開竅呢
[00:02:36.800 --> 00:02:38.360]  今天也是
[00:02:38.360 --> 00:02:40.680]  剛才我記得好像是主席
[00:02:40.680 --> 00:02:43.160]  或者是領事那位也有說
[00:02:43.160 --> 00:02:44.680]  是乳虎期中間
[00:02:44.680 --> 00:02:46.680]  剛剛過了一半
[00:02:46.680 --> 00:02:48.400]  乳虎期就不算主日的
[00:02:48.400 --> 00:02:50.080]  有前後四十天
[00:02:50.080 --> 00:02:51.240]  在這個時間
[00:02:51.240 --> 00:02:53.480]  我們也一直思想耶穌基督
[00:02:53.480 --> 00:02:55.680]  所以這次我選了一段經文
[00:02:55.680 --> 00:02:57.760]  怎麼說耶穌和實現門徒呢
[00:02:57.760 --> 00:02:58.920]  以及這段經文就是
[00:02:58.920 --> 00:03:02.240]  耶穌如何面對痛苦
[00:03:02.240 --> 00:03:06.200]  很多時候我們會集中在十字架的痛苦
[00:03:06.200 --> 00:03:07.800]  甚至是前一點
[00:03:07.800 --> 00:03:11.360]  耶穌基督被釘之前就鞭傷等等
[00:03:11.360 --> 00:03:14.040]  再往前一點就是這段經文
[00:03:14.040 --> 00:03:15.280]  這段經文
[00:03:15.280 --> 00:03:18.520]  我們去一個角度去看耶穌的痛苦
[00:03:18.520 --> 00:03:20.560]  怎麼痛呢 其實耶穌的痛苦
[00:03:20.560 --> 00:03:22.560]  有很多的層面
[00:03:22.560 --> 00:03:26.200]  這個痛苦是一個心靈的痛苦
[00:03:26.200 --> 00:03:27.640]  你試想一下
[00:03:27.640 --> 00:03:30.880]  耶穌那時候他帶著一班的實驗門徒
[00:03:30.880 --> 00:03:33.160]  他是怎樣找這些實驗門徒出來的
[00:03:33.160 --> 00:03:34.480]  千挑萬選
[00:03:34.480 --> 00:03:35.880]  也可以這麼說
[00:03:35.880 --> 00:03:37.600]  透過一個通宵的祈禱
[00:03:37.600 --> 00:03:42.480]  再肯定神是怎樣幫我去選一班實驗門徒
[00:03:42.480 --> 00:03:43.640]  好了 你自己代入去
[00:03:43.640 --> 00:03:45.320]  你選了實驗門徒
[00:03:45.320 --> 00:03:48.000]  接著你帶著他三年半
[00:03:48.000 --> 00:03:50.040]  和他一起生活
[00:03:50.040 --> 00:03:53.360]  將所有最好的東西的教導
[00:03:53.360 --> 00:03:55.560]  或者你的榜樣諸如此類
[00:03:55.560 --> 00:03:56.600]  服侍
[00:03:56.600 --> 00:03:58.080]  來傳授給他們
[00:03:58.080 --> 00:03:59.400]  來教導給他們
[00:03:59.400 --> 00:04:00.400]  愛他們
[00:04:00.400 --> 00:04:03.240]  這些叫近身的門徒
[00:04:03.240 --> 00:04:05.840]  最深入的訓練
[00:04:05.840 --> 00:04:07.280]  好了 到了這一刻
[00:04:07.280 --> 00:04:10.480]  就來耶穌基督要面對十字架的痛苦
[00:04:10.480 --> 00:04:13.480]  救恩要透過這樣來完成
[00:04:13.480 --> 00:04:15.120]  這班門徒是怎樣的
[00:04:15.120 --> 00:04:16.920]  這班門徒
[00:04:16.920 --> 00:04:18.960]  「爭論誰為大」
[00:04:18.960 --> 00:04:21.080]  這班門徒是怎樣的
[00:04:21.080 --> 00:04:23.400]  「不認你」
[00:04:23.400 --> 00:04:25.280]  「不認耶穌」
[00:04:25.280 --> 00:04:26.760]  這班門徒是怎樣的
[00:04:26.760 --> 00:04:28.560]  「出賣耶穌」
[00:04:28.560 --> 00:04:29.440]  這班門徒是怎樣的
[00:04:29.440 --> 00:04:30.560]  叫他祈禱的時候
[00:04:30.560 --> 00:04:32.360]  「全都睡覺了」
[00:04:32.360 --> 00:04:34.440]  你的痛苦是怎樣的
[00:04:34.440 --> 00:04:37.560]  「哇 我帶著你三年半」
[00:04:37.560 --> 00:04:38.800]  「教你這麼多東西」
[00:04:38.800 --> 00:04:41.000]  大家想不想有一天
[00:04:41.000 --> 00:04:42.920]  耶穌真的來到當中
[00:04:42.920 --> 00:04:45.120]  做你的教導
[00:04:45.120 --> 00:04:48.040]  想不想我們那些門訓小組
[00:04:48.040 --> 00:04:49.760]  有耶穌和你在一起
[00:04:49.760 --> 00:04:52.440]  耶穌帶著你
[00:04:52.440 --> 00:04:54.480]  但是耶穌
[00:04:54.480 --> 00:04:56.680]  祂的痛苦就是
[00:04:56.680 --> 00:05:00.040]  這班三年半訓練的人
[00:05:00.040 --> 00:05:01.600]  但是都變成這樣
[00:05:01.600 --> 00:05:04.120]  你說那個心靈是多麼痛
[00:05:04.120 --> 00:05:06.920]  所以順便宣傳受苦節崇拜
[00:05:06.920 --> 00:05:09.240]  祂的題目叫「格絕」
[00:05:09.240 --> 00:05:11.360]  就是講耶穌的孤單
[00:05:11.360 --> 00:05:12.920]  真的很孤單
[00:05:12.920 --> 00:05:14.720]  訓練這麼多
[00:05:14.720 --> 00:05:16.120]  這班門徒
[00:05:16.120 --> 00:05:18.280]  究竟出了什麼問題
[00:05:18.280 --> 00:05:20.360]  所以我們一看這段經文
[00:05:20.360 --> 00:05:23.240]  我們要有一個代入
[00:05:23.240 --> 00:05:26.520]  我們不要以為我們比這些門徒好很多
[00:05:26.520 --> 00:05:27.400]  肯定不是的
[00:05:27.400 --> 00:05:29.120]  當然現在寫出來就好像
[00:05:29.120 --> 00:05:30.120]  「門徒 為什麼這樣」
[00:05:30.120 --> 00:05:31.040]  「當時憎恨誰為大」
[00:05:31.040 --> 00:05:32.200]  其實可能
[00:05:32.200 --> 00:05:33.720]  如果我們是其中一個人
[00:05:33.720 --> 00:05:36.440]  我們都可能落在這些光景裡面
[00:05:36.440 --> 00:05:38.360]  我們不要以為我們
[00:05:38.360 --> 00:05:39.640]  一定是沒有這些問題
[00:05:39.640 --> 00:05:41.040]  這班門徒
[00:05:41.040 --> 00:05:42.840]  他三年半前
[00:05:42.840 --> 00:05:46.560]  是撇下所有跟隨祂的門徒
[00:05:46.560 --> 00:05:47.840]  我們是不是要這樣撇下
[00:05:47.840 --> 00:05:49.200]  所有跟隨耶穌的那種態度
[00:05:49.200 --> 00:05:50.120]  都未必是
[00:05:50.120 --> 00:05:52.440]  就這個方向已經看到
[00:05:52.440 --> 00:05:54.280]  是很值得警惕
[00:05:54.280 --> 00:05:57.000]  那我們看一看這段經文
[00:05:57.000 --> 00:05:58.080]  那我就提醒
[00:05:58.080 --> 00:06:00.520]  現在可能大家拿到一些周刊比較好
[00:06:00.520 --> 00:06:03.280]  因為這段經文我做 PowerPoint 很難做
[00:06:03.280 --> 00:06:04.960]  因為慢慢去講
[00:06:04.960 --> 00:06:05.840]  很難放進去
[00:06:05.840 --> 00:06:06.920]  所以如果你有周刊
[00:06:06.920 --> 00:06:07.720]  你看著這段經文
[00:06:07.720 --> 00:06:10.000]  或者你打開你的電話
[00:06:10.000 --> 00:06:11.680]  這樣看可能會比較快
[00:06:11.680 --> 00:06:14.840]  但是我會講得很快
[00:06:14.840 --> 00:06:18.040]  簡單來說這段經文中間抽了一段
[00:06:18.040 --> 00:06:19.640]  不然就讀很長
[00:06:19.640 --> 00:06:24.600]  整章的聖經當然不是去到 53 節
[00:06:24.600 --> 00:06:26.640]  第一節到第六節就是在說
[00:06:26.640 --> 00:06:32.240]  耶穌準備最後晚餐之前發生的事
[00:06:32.240 --> 00:06:35.440]  就是這個猶大準備出賣耶穌
[00:06:35.440 --> 00:06:36.400]  所以很簡單
[00:06:36.400 --> 00:06:38.400]  第一段就是出賣
[00:06:38.400 --> 00:06:43.880]  然後就形容到第六節打後七節到第23節
[00:06:43.880 --> 00:06:47.200]  今天沒有讀的就是上次說聖餐那一段
[00:06:47.200 --> 00:06:48.720]  就是耶穌是設立聖餐
[00:06:48.720 --> 00:06:50.960]  其實是一個聖餐的設定
[00:06:50.960 --> 00:06:53.480]  然後第二大段就是
[00:06:53.480 --> 00:06:54.520]  不算聖餐
[00:06:54.520 --> 00:06:57.040]  第二大段就是這些門徒
[00:06:57.040 --> 00:06:59.600]  在聖餐裡面起了真論
[00:06:59.600 --> 00:07:05.000]  就廿四節到三十八節
[00:07:05.000 --> 00:07:06.280]  這裡可以分兩段
[00:07:06.280 --> 00:07:08.240]  就是在聖餐的真論裡面
[00:07:08.240 --> 00:07:10.640]  第一段就是講到那些人真論屬偉大
[00:07:10.640 --> 00:07:12.080]  然後耶穌教他
[00:07:12.080 --> 00:07:15.320]  第二段就是當耶穌教完他之後
[00:07:15.320 --> 00:07:18.680]  彼得就衝出來就表忠
[00:07:18.680 --> 00:07:21.200]  就說我一定是
[00:07:21.200 --> 00:07:21.880]  個個都不跟你
[00:07:21.880 --> 00:07:23.480]  我跟你的那一類
[00:07:23.480 --> 00:07:26.280]  所以這個是有兩段的
[00:07:26.280 --> 00:07:28.000]  另外最後那一段就是
[00:07:28.000 --> 00:07:28.880]  好了吃完了
[00:07:28.880 --> 00:07:31.640]  那個最後晚餐三十九節到到五十三節
[00:07:31.640 --> 00:07:32.840]  我選到去到五十三節
[00:07:32.840 --> 00:07:35.160]  就是耶穌就去橄欖山
[00:07:35.160 --> 00:07:37.080]  然後門徒跟著他
[00:07:37.080 --> 00:07:38.600]  接著就有兩段
[00:07:38.600 --> 00:07:41.840]  一段就是耶穌叫那些門徒
[00:07:41.840 --> 00:07:42.800]  警醒禱告
[00:07:42.800 --> 00:07:43.920]  他就去禱告
[00:07:43.920 --> 00:07:45.360]  講的那一段
[00:07:45.360 --> 00:07:48.520]  就去到四十六節
[00:07:48.520 --> 00:07:50.280]  接著這段的第二段
[00:07:50.280 --> 00:07:51.840]  就是四十七節之後
[00:07:51.840 --> 00:07:55.560]  他就被那些丁丁
[00:07:55.560 --> 00:07:56.840]  猶大帶著他來捉
[00:07:56.840 --> 00:07:58.640]  接著就兩把刀
[00:07:58.640 --> 00:08:00.720]  彼得就拿一把刀
[00:08:00.720 --> 00:08:02.920]  就斬了那個大祭司僕人的耳朵
[00:08:02.920 --> 00:08:04.120]  耶穌就醫了他
[00:08:04.120 --> 00:08:05.720]  簡單來講
[00:08:05.720 --> 00:08:07.960]  你可以說三大段三個場景
[00:08:07.960 --> 00:08:09.480]  但是後面那兩段
[00:08:09.480 --> 00:08:11.880]  每一段都有兩個的重點
[00:08:11.880 --> 00:08:15.920]  那我逐個重點來說
[00:08:15.920 --> 00:08:17.600]  那我們看一看
[00:08:17.600 --> 00:08:19.520]  為什麼關掉了
[00:08:19.520 --> 00:08:20.960]  是不是有些問題
[00:08:20.960 --> 00:08:22.200]  不要緊
[00:08:22.200 --> 00:08:24.560]  就是剛剛想給大家看的圖就關掉了
[00:08:24.560 --> 00:08:28.560]  OK OK
[00:08:28.560 --> 00:08:30.360]  這個就當時
[00:08:30.360 --> 00:08:32.120]  就是我這次不是很多圖片
[00:08:32.120 --> 00:08:33.480]  給大家看一點背景
[00:08:33.480 --> 00:08:36.920]  這個我們就看那個景點
[00:08:36.920 --> 00:08:39.120]  就是耶和撒冷裡面
[00:08:39.120 --> 00:08:41.880]  坐在橄欖山這個位置
[00:08:41.880 --> 00:08:43.160]  就望著很遠
[00:08:43.160 --> 00:08:45.040]  你看到就是很難看到
[00:08:45.040 --> 00:08:48.200]  這一顆就是那個金頂
[00:08:48.200 --> 00:08:51.240]  那個回教的神殿
[00:08:51.240 --> 00:08:54.280]  它不是回教的教堂來的
[00:08:54.280 --> 00:08:56.400]  是一個神殿來的其實
[00:08:56.400 --> 00:08:58.360]  就是金頂那個
[00:08:58.360 --> 00:08:59.560]  大家都會記得
[00:08:59.560 --> 00:09:05.800]  那對著耶和撒冷裡面
[00:09:05.800 --> 00:09:08.920]  裡面就是發生耶穌被抓等等
[00:09:08.920 --> 00:09:10.760]  就是赫西瑪利園在下面
[00:09:10.760 --> 00:09:13.480]  接著進去就被人抓了
[00:09:13.480 --> 00:09:14.560]  在那裡審判
[00:09:14.560 --> 00:09:16.400]  有一個城牆在裡面
[00:09:16.400 --> 00:09:17.080]  你看到
[00:09:17.080 --> 00:09:22.040]  所以給大家有一個印象
[00:09:22.040 --> 00:09:24.000]  我們會看到這段經文
[00:09:24.000 --> 00:09:25.560]  如果我很快講一下
[00:09:25.560 --> 00:09:28.080]  在那五段的經文裡面
[00:09:28.080 --> 00:09:29.920]  其實重點在哪裡
[00:09:29.920 --> 00:09:31.000]  如果你再讀經文
[00:09:31.000 --> 00:09:34.400]  或者你用一支筆去圈一圈的時候
[00:09:34.400 --> 00:09:36.040]  那裡是很特別
[00:09:36.040 --> 00:09:39.040]  是講到撒旦的工作
[00:09:39.040 --> 00:09:43.080]  那個經文在整段裡面
[00:09:43.080 --> 00:09:46.440]  多回的講到撒旦的影響
[00:09:46.440 --> 00:09:47.000]  大家留意
[00:09:47.000 --> 00:09:48.720]  如果你想一整本聖經
[00:09:48.720 --> 00:09:52.120]  聖經不是經常提起撒旦
[00:09:52.120 --> 00:09:53.640]  或者撒旦的工作的
[00:09:53.640 --> 00:09:55.040]  但是在路加福音
[00:09:55.040 --> 00:09:55.840]  都經常講
[00:09:55.840 --> 00:09:58.200]  在這段更加是很密集
[00:09:58.200 --> 00:10:00.520]  譬如你看第三節
[00:10:00.520 --> 00:10:01.840]  很清楚的
[00:10:01.840 --> 00:10:04.440]  這時撒旦就進入了
[00:10:04.440 --> 00:10:07.200]  那個稱為加略人猶大的心
[00:10:07.200 --> 00:10:09.400]  他本是十二門同一個
[00:10:09.400 --> 00:10:11.440]  撒旦進入了人的心
[00:10:11.440 --> 00:10:14.840]  那你如果看第三十一節後面那裡
[00:10:14.840 --> 00:10:17.040]  耶穌就提到
[00:10:17.040 --> 00:10:20.600]  西門西門撒旦想要篩你們
[00:10:20.600 --> 00:10:23.160]  就是說一個律令這樣篩
[00:10:23.160 --> 00:10:25.760]  那就是篩
[00:10:25.760 --> 00:10:27.440]  想要得著你們
[00:10:27.440 --> 00:10:29.000]  但是我已經為你祈求
[00:10:29.000 --> 00:10:31.240]  叫你們不至失去信心
[00:10:31.240 --> 00:10:34.480]  那耶穌特別說撒旦是會篩你的
[00:10:34.480 --> 00:10:35.680]  接著第四十節
[00:10:35.680 --> 00:10:40.400]  你看到已經去到耶穌
[00:10:40.400 --> 00:10:42.160]  是禱告的時間
[00:10:42.160 --> 00:10:46.320]  在禱告的時間就提了四十節
[00:10:46.320 --> 00:10:47.000]  叫那些門徒
[00:10:47.000 --> 00:10:47.880]  你們要禱告
[00:10:47.880 --> 00:10:49.560]  免得入了迷惑
[00:10:49.560 --> 00:10:50.560]  其實迷惑
[00:10:50.560 --> 00:10:53.160]  他本身那個字
[00:10:53.160 --> 00:10:55.640]  更加清楚就是temptation
[00:10:55.640 --> 00:10:56.640]  試探
[00:10:56.640 --> 00:10:57.880]  那誰試探人
[00:10:57.880 --> 00:10:59.760]  撒旦試探人
[00:10:59.760 --> 00:11:00.720]  就是說
[00:11:00.720 --> 00:11:02.320]  他說你禱告
[00:11:02.320 --> 00:11:03.360]  就要來到他
[00:11:03.360 --> 00:11:06.840]  免得受到撒旦的試探
[00:11:06.840 --> 00:11:08.600]  那個引誘來影響
[00:11:08.600 --> 00:11:10.600]  其實這也是跟撒旦有關的
[00:11:10.600 --> 00:11:11.400]  最後呢
[00:11:11.400 --> 00:11:14.000]  到了最後五十三節
[00:11:14.000 --> 00:11:15.520]  他說這個時候
[00:11:15.520 --> 00:11:17.640]  是黑暗掌權
[00:11:17.640 --> 00:11:18.840]  那黑暗掌權是什麼
[00:11:18.840 --> 00:11:21.200]  黑暗掌權不是說你那時候很黑是嗎
[00:11:21.200 --> 00:11:22.320]  當然是一個比喻
[00:11:22.320 --> 00:11:24.640]  就是說撒旦的勢力
[00:11:24.640 --> 00:11:26.600]  那個邪惡勢力那種黑暗
[00:11:26.600 --> 00:11:27.400]  已經臨到了
[00:11:27.400 --> 00:11:30.280]  就是耶穌被人抓的時候
[00:11:30.280 --> 00:11:32.160]  但是我想說
[00:11:32.160 --> 00:11:34.800]  撒旦來進入人的心
[00:11:34.800 --> 00:11:36.640]  撒旦在這裡這麼活躍
[00:11:36.640 --> 00:11:38.080]  去影響人
[00:11:38.080 --> 00:11:39.080]  但是
[00:11:39.080 --> 00:11:40.120]  在表面上
[00:11:40.120 --> 00:11:41.280]  你是不是看到
[00:11:41.280 --> 00:11:43.880]  撒旦怎樣影響人呢
[00:11:43.880 --> 00:11:44.840]  你說那段時間
[00:11:44.840 --> 00:11:45.240]  哇
[00:11:45.240 --> 00:11:47.200]  那些人抓了耶穌
[00:11:47.200 --> 00:11:49.280]  哇撒旦來了
[00:11:49.280 --> 00:11:51.200]  但是在最後晚餐
[00:11:51.200 --> 00:11:53.800]  你見不見到撒旦的蹤影呢
[00:11:53.800 --> 00:11:55.760]  你見到第一段
[00:11:55.760 --> 00:11:57.960]  說的是第一節到第六節
[00:11:57.960 --> 00:11:59.240]  猶大
[00:11:59.240 --> 00:12:01.400]  你要出賣耶穌
[00:12:01.400 --> 00:12:03.320]  撒旦進入了人的心
[00:12:03.320 --> 00:12:06.720]  但是表面上看不看得到呢
[00:12:06.720 --> 00:12:07.760]  我們就知道
[00:12:07.760 --> 00:12:10.240]  猶大是管錢的
[00:12:10.240 --> 00:12:12.000]  那為什麼他會管錢呢
[00:12:12.000 --> 00:12:13.640]  那你推論就知道
[00:12:13.640 --> 00:12:16.360]  當然是找最可靠的那個管錢
[00:12:16.360 --> 00:12:17.160]  是不是
[00:12:17.160 --> 00:12:18.120]  那所以呢
[00:12:18.120 --> 00:12:20.880]  你見任何的耶穌那些
[00:12:20.880 --> 00:12:22.240]  耶穌傳
[00:12:22.240 --> 00:12:24.680]  或者那類的電影
[00:12:24.680 --> 00:12:25.840]  或者最近說的《選擇》
[00:12:25.840 --> 00:12:27.160]  那些電影
[00:12:27.160 --> 00:12:28.920]  你要看猶大
[00:12:28.920 --> 00:12:30.280]  觀仔骨骨的
[00:12:30.280 --> 00:12:32.520]  就是很乖的樣子
[00:12:32.520 --> 00:12:33.040]  很純良
[00:12:33.040 --> 00:12:35.360]  很可靠的樣子
[00:12:35.360 --> 00:12:36.560]  那你撒旦進了人的心
[00:12:36.560 --> 00:12:37.440]  他會不會
[00:12:37.440 --> 00:12:39.160]  乖仔變樣呢
[00:12:39.160 --> 00:12:39.880]  不會的
[00:12:39.880 --> 00:12:42.000]  撒旦進了人的心就進了人的心
[00:12:42.000 --> 00:12:43.960]  好像我們討論開的
[00:12:43.960 --> 00:12:46.280]  那些重犯罪犯
[00:12:46.280 --> 00:12:47.640]  有些是有樣子看的
[00:12:47.640 --> 00:12:49.200]  就是紋身了
[00:12:49.200 --> 00:12:50.920]  樣子也很兇
[00:12:50.920 --> 00:12:52.640]  好像是上游心生的
[00:12:52.640 --> 00:12:54.040]  但是有些重犯
[00:12:54.040 --> 00:12:55.680]  很好樣子的
[00:12:55.680 --> 00:12:58.400]  很斯文帥哥的
[00:12:58.400 --> 00:12:59.720]  有沒有樣子看的
[00:12:59.720 --> 00:13:01.160]  當犯罪的時候
[00:13:01.160 --> 00:13:04.360]  當撒旦進入了一個人的心的時候
[00:13:04.360 --> 00:13:05.680]  那些人會不會看得出來
[00:13:05.680 --> 00:13:07.760]  未必
[00:13:07.760 --> 00:13:08.960]  在十二門徒
[00:13:08.960 --> 00:13:11.920]  跟耶穌一起在聖餐的時候
[00:13:11.920 --> 00:13:13.960]  最後晚餐的時候
[00:13:13.960 --> 00:13:14.960]  那些人說
[00:13:14.960 --> 00:13:15.960]  是不是我啊
[00:13:15.960 --> 00:13:17.160]  那是什麼意思
[00:13:17.160 --> 00:13:18.640]  不知道是誰
[00:13:18.640 --> 00:13:20.640]  你看他蓋得多密
[00:13:20.640 --> 00:13:22.960]  我想說
[00:13:22.960 --> 00:13:24.560]  有時候撒旦影響人
[00:13:24.560 --> 00:13:26.080]  不是你看到他被鬼附
[00:13:26.080 --> 00:13:27.000]  這樣
[00:13:27.000 --> 00:13:28.840]  你可以看到
[00:13:28.840 --> 00:13:30.400]  不是
[00:13:30.400 --> 00:13:35.120]  我們也有機會被撒旦影響
[00:13:35.120 --> 00:13:36.800]  但是完全看不到
[00:13:36.800 --> 00:13:38.960]  那些人還覺得你很素靈
[00:13:38.960 --> 00:13:40.960]  這個就是那個點
[00:13:40.960 --> 00:13:42.480]  所以
[00:13:42.480 --> 00:13:43.440]  我們
[00:13:43.440 --> 00:13:46.560]  你看回最後晚餐的設定
[00:13:46.560 --> 00:13:50.000]  我們看一看
[00:13:50.000 --> 00:13:52.920]  你看到最後晚餐有很多個圖
[00:13:52.920 --> 00:13:55.720]  我希望大家記住這個圖
[00:13:55.720 --> 00:13:59.840]  這個圖是一個U型的桌子
[00:13:59.840 --> 00:14:02.240]  不是一個很高的桌子
[00:14:02.240 --> 00:14:03.400]  是矮桌子
[00:14:03.400 --> 00:14:06.320]  那些人靠著
[00:14:06.320 --> 00:14:07.280]  為什麼要U型呢
[00:14:07.280 --> 00:14:09.600]  中間你看到有一個瓶子
[00:14:09.600 --> 00:14:12.600]  那個瓶子有時候是一個洗東西
[00:14:12.600 --> 00:14:16.560]  或者有些食物在那裡供應的東西
[00:14:16.560 --> 00:14:22.880]  中間應該是有一個人捉人去服侍食物
[00:14:22.880 --> 00:14:25.160]  幫人們遞食物
[00:14:25.160 --> 00:14:26.480]  所以
[00:14:26.480 --> 00:14:30.400]  為什麼在一些吃飯的時間
[00:14:30.400 --> 00:14:32.720]  耶穌會為門徒洗腳呢
[00:14:32.720 --> 00:14:33.480]  怎麼洗腳
[00:14:33.480 --> 00:14:34.160]  無緣無故
[00:14:34.160 --> 00:14:36.960]  如果我們家裡的設定
[00:14:36.960 --> 00:14:38.560]  腳就躲在桌子底
[00:14:38.560 --> 00:14:39.240]  怎麼洗
[00:14:39.240 --> 00:14:39.960]  但不是
[00:14:39.960 --> 00:14:41.360]  他的腳是撒出來的
[00:14:41.360 --> 00:14:42.080]  行不行
[00:14:42.080 --> 00:14:43.200]  半瓶
[00:14:43.200 --> 00:14:44.680]  所以
[00:14:44.680 --> 00:14:46.800]  約翰在耶穌的懷裡面
[00:14:46.800 --> 00:14:47.600]  就是這樣
[00:14:47.600 --> 00:14:49.160]  半瓶
[00:14:49.160 --> 00:14:50.640]  是這種設定
[00:14:50.640 --> 00:14:51.960]  最後的晚餐
[00:14:51.960 --> 00:14:53.720]  這個不詳細說
[00:14:53.720 --> 00:14:55.880]  但是在最後的晚餐
[00:14:55.880 --> 00:14:58.440]  這個圖就精彩了
[00:14:58.440 --> 00:15:00.760]  除了達文西那一幅之外
[00:15:00.760 --> 00:15:02.120]  每個樣子不同
[00:15:02.120 --> 00:15:04.720]  還要有美學的美感
[00:15:04.720 --> 00:15:05.400]  而是
[00:15:05.400 --> 00:15:06.440]  我們看到
[00:15:06.440 --> 00:15:09.520]  在這個經文裡面
[00:15:09.520 --> 00:15:11.920]  耶穌在最後晚餐之前
[00:15:11.920 --> 00:15:12.760]  被出賣
[00:15:12.760 --> 00:15:14.080]  殺彈影響人
[00:15:14.080 --> 00:15:14.960]  完全看不出
[00:15:14.960 --> 00:15:16.480]  到了這裡
[00:15:16.480 --> 00:15:17.280]  問一個問題
[00:15:17.280 --> 00:15:21.200]  尤大在不在最後晚餐那裡
[00:15:21.200 --> 00:15:24.240]  尤大是在最後晚餐那裡的
[00:15:24.240 --> 00:15:24.920]  所以
[00:15:24.920 --> 00:15:25.560]  每個人都在問
[00:15:25.560 --> 00:15:26.520]  誰啊
[00:15:26.520 --> 00:15:27.000]  耶穌說
[00:15:27.000 --> 00:15:28.240]  有一個人要出賣我
[00:15:28.240 --> 00:15:28.960]  那些人在問
[00:15:28.960 --> 00:15:30.520]  其實尤大在那裡
[00:15:30.520 --> 00:15:32.080]  聽完這句話
[00:15:32.080 --> 00:15:33.200]  吃完飯
[00:15:33.200 --> 00:15:34.680]  他才出去工作
[00:15:34.680 --> 00:15:36.520]  那些人還以為他去打點這些
[00:15:36.520 --> 00:15:37.040]  所以出去
[00:15:37.040 --> 00:15:38.160]  其實他就出去
[00:15:38.160 --> 00:15:40.560]  預備去出賣耶穌
[00:15:40.560 --> 00:15:41.520]  所以
[00:15:41.520 --> 00:15:42.360]  到了這裡
[00:15:42.360 --> 00:15:44.000]  第二段
[00:15:44.000 --> 00:15:45.840]  他在最後晚餐的時候
[00:15:45.840 --> 00:15:47.560]  一起吃飯
[00:15:47.560 --> 00:15:48.320]  其實你知不知道
[00:15:48.320 --> 00:15:50.360]  你猜那些門徒
[00:15:50.360 --> 00:15:53.560]  他知不知道這個是最後晚餐
[00:15:53.560 --> 00:15:54.520]  是嗎
[00:15:54.520 --> 00:15:56.520]  知不知道這個是最後晚餐
[00:15:56.520 --> 00:15:57.800]  有沒有想過這個問題
[00:15:57.800 --> 00:15:59.680]  我們這個是最後晚餐
[00:15:59.680 --> 00:16:01.000]  沒有這回事
[00:16:01.000 --> 00:16:03.240]  根本那些門徒是不知道的
[00:16:03.240 --> 00:16:04.280]  他知道
[00:16:04.280 --> 00:16:04.960]  有些東西
[00:16:04.960 --> 00:16:05.960]  有些東西來了
[00:16:05.960 --> 00:16:06.840]  但是
[00:16:06.840 --> 00:16:08.240]  這個飯就要吃了
[00:16:08.240 --> 00:16:09.040]  因為
[00:16:09.040 --> 00:16:10.160]  是餘節嘛
[00:16:10.160 --> 00:16:10.880]  我不解釋
[00:16:10.880 --> 00:16:12.640]  很詳細的背景
[00:16:12.640 --> 00:16:14.680]  所以他們在這個場景
[00:16:14.680 --> 00:16:17.200]  就是你慢慢看到整件事
[00:16:17.200 --> 00:16:19.280]  那些門徒是完全
[00:16:19.280 --> 00:16:20.400]  你可以說沒有預備
[00:16:20.400 --> 00:16:22.040]  或者根本他就是不明白
[00:16:22.040 --> 00:16:24.320]  他到了這個時間還說了什麼
[00:16:24.320 --> 00:16:26.000]  在這裡吃飯
[00:16:26.000 --> 00:16:27.960]  吃飯的時候大家會做什麼
[00:16:27.960 --> 00:16:29.560]  大家會不會
[00:16:29.560 --> 00:16:30.880]  有些人
[00:16:30.880 --> 00:16:32.600]  就是西方社會
[00:16:32.600 --> 00:16:34.440]  牽手在這裡祈禱開始的
[00:16:34.440 --> 00:16:35.000]  是不是
[00:16:35.000 --> 00:16:36.040]  借飯這樣
[00:16:36.040 --> 00:16:37.040]  大家吃飯的時候
[00:16:37.040 --> 00:16:38.720]  有沒有一起吃飯應該問
[00:16:38.720 --> 00:16:40.360]  大家還有沒有一起吃飯
[00:16:40.360 --> 00:16:42.280]  一個星期吃多少餐飯
[00:16:42.280 --> 00:16:43.760]  那餐飯你是在做什麼的
[00:16:43.760 --> 00:16:44.880]  會不會聊天的
[00:16:44.880 --> 00:16:46.480]  聊著聊著
[00:16:46.480 --> 00:16:49.160]  然後鬧起架上來的
[00:16:49.160 --> 00:16:51.560]  有
[00:16:51.560 --> 00:16:52.280]  人來的嘛
[00:16:52.280 --> 00:16:52.720]  是不是
[00:16:52.720 --> 00:16:54.240]  我也有
[00:16:54.240 --> 00:16:55.400]  所以呢
[00:16:55.400 --> 00:16:57.920]  在這個最後晚餐的時間
[00:16:57.920 --> 00:17:00.920]  在這裡起了爭論
[00:17:00.920 --> 00:17:02.400]  這個爭論是什麼
[00:17:02.400 --> 00:17:03.720]  所謂真是不生鏽
[00:17:03.720 --> 00:17:04.880]  哇
[00:17:04.880 --> 00:17:06.920]  爭論誰偉大在天國那裡
[00:17:06.920 --> 00:17:08.400]  但是要留意
[00:17:08.400 --> 00:17:10.280]  他只是爭論
[00:17:10.280 --> 00:17:12.760]  你猜他們什麼態度爭論
[00:17:12.760 --> 00:17:14.760]  是不是在開火扔東西
[00:17:14.760 --> 00:17:15.760]  不是的
[00:17:15.760 --> 00:17:16.960]  可能很斯文的
[00:17:16.960 --> 00:17:19.440]  因為這個題目很屬靈
[00:17:19.440 --> 00:17:23.360]  在天國那裡誰偉大
[00:17:23.360 --> 00:17:25.240]  可能你可以反而想像
[00:17:25.240 --> 00:17:27.200]  就是我們好像在一起查經一樣
[00:17:27.200 --> 00:17:28.680]  在聊這個問題
[00:17:28.680 --> 00:17:30.200]  然後就在這裡討論
[00:17:30.200 --> 00:17:31.120]  很理性地討論
[00:17:31.120 --> 00:17:31.920]  聖經怎麼說
[00:17:31.920 --> 00:17:32.920]  天國啊這樣
[00:17:32.920 --> 00:17:33.960]  其實誰偉大
[00:17:33.960 --> 00:17:34.640]  應用啊
[00:17:34.640 --> 00:17:36.520]  然後究竟是你偉大還是我偉大呢
[00:17:36.520 --> 00:17:38.440]  可能很平靜也不一定的
[00:17:38.440 --> 00:17:40.040]  但是當然是爭論
[00:17:40.040 --> 00:17:41.920]  是說
[00:17:41.920 --> 00:17:43.160]  耶穌聽得出
[00:17:43.160 --> 00:17:47.280]  他們的討論是有問題的
[00:17:47.280 --> 00:17:49.120]  可以說表面可能很屬靈的
[00:17:49.120 --> 00:17:51.400]  說的是天國的事業
[00:17:51.400 --> 00:17:52.600]  天國
[00:17:52.600 --> 00:17:53.760]  但是
[00:17:53.760 --> 00:17:57.280]  真正是很世俗
[00:17:57.280 --> 00:17:59.280]  所以有時候我們都會是
[00:17:59.280 --> 00:18:00.280]  可能
[00:18:00.280 --> 00:18:02.200]  接下來說的例子
[00:18:02.200 --> 00:18:03.160]  大家不要最後再做
[00:18:03.160 --> 00:18:04.400]  完全我想的時候
[00:18:04.400 --> 00:18:06.040]  不是沒有想到任何一個人的
[00:18:06.040 --> 00:18:06.840]  要澄清
[00:18:06.840 --> 00:18:07.760]  OK
[00:18:07.760 --> 00:18:09.320]  有時候我們可能
[00:18:09.320 --> 00:18:12.240]  在教會裏面的爭吵
[00:18:12.240 --> 00:18:13.960]  或者意見不合
[00:18:13.960 --> 00:18:15.200]  可能是很屬靈的
[00:18:15.200 --> 00:18:18.680]  究竟用什麼方式敬拜神
[00:18:18.680 --> 00:18:20.320]  是不是
[00:18:20.320 --> 00:18:23.320]  我們在說用什麼譯本去看聖經
[00:18:23.320 --> 00:18:27.120]  才夠原文識經
[00:18:27.120 --> 00:18:27.920]  夠屬靈
[00:18:27.920 --> 00:18:29.560]  正確的教導
[00:18:29.560 --> 00:18:30.760]  合乎聖經的權威
[00:18:30.760 --> 00:18:32.400]  可能我可以表達
[00:18:32.400 --> 00:18:33.400]  很屬靈
[00:18:33.400 --> 00:18:36.560]  我們在說屬靈的領導
[00:18:36.560 --> 00:18:40.200]  不是說我們要管控一些人
[00:18:40.200 --> 00:18:42.800]  我們在說屬靈的領導而已
[00:18:42.800 --> 00:18:44.160]  可能是這樣
[00:18:44.160 --> 00:18:47.120]  但是耶穌對這幫門徒
[00:18:47.120 --> 00:18:48.920]  大家看到
[00:18:48.920 --> 00:18:50.520]  他一次過
[00:18:50.520 --> 00:18:52.000]  揭穿了
[00:18:52.000 --> 00:18:54.720]  骨子裏面爭論的內容
[00:18:54.720 --> 00:18:56.640]  態度手法可能都是
[00:18:56.640 --> 00:18:57.920]  很世俗的
[00:18:57.920 --> 00:18:59.920]  他跟隨耶穌
[00:18:59.920 --> 00:19:02.160]  慢慢那幫門徒
[00:19:02.160 --> 00:19:03.480]  本身就是
[00:19:03.480 --> 00:19:04.760]  他毀身
[00:19:04.760 --> 00:19:08.160]  他要跟隨耶穌的
[00:19:08.160 --> 00:19:09.280]  但是他慢慢慢慢
[00:19:09.280 --> 00:19:11.560]  他明白了耶穌的事情
[00:19:11.560 --> 00:19:12.480]  跟得多
[00:19:12.480 --> 00:19:14.800]  天國是這樣的
[00:19:14.800 --> 00:19:17.200]  有很多很多好東西的
[00:19:17.200 --> 00:19:18.520]  但是
[00:19:18.520 --> 00:19:20.040]  所謂差之毫厘
[00:19:20.040 --> 00:19:21.520]  謬以千里
[00:19:21.520 --> 00:19:23.440]  慢慢就變成了
[00:19:23.440 --> 00:19:24.800]  仍然想得
[00:19:24.800 --> 00:19:26.600]  名利或者權
[00:19:26.600 --> 00:19:28.760]  名就不是很清楚的
[00:19:28.760 --> 00:19:31.240]  但是權就很清楚了
[00:19:31.240 --> 00:19:35.440]  就是誰誰為大有那個責任
[00:19:35.440 --> 00:19:40.160]  那麼耶穌怎樣去教導他們
[00:19:40.160 --> 00:19:41.920]  在這個情況
[00:19:41.920 --> 00:19:43.600]  第25節耶穌說
[00:19:43.600 --> 00:19:46.160]  外邦人有君王為主
[00:19:46.160 --> 00:19:48.200]  治理他們
[00:19:48.200 --> 00:19:49.880]  他用了兩個例子
[00:19:49.880 --> 00:19:51.760]  第一個就是君王
[00:19:51.760 --> 00:19:53.000]  君王大家都明白的
[00:19:53.000 --> 00:19:54.200]  古代君王更加是
[00:19:54.200 --> 00:19:56.760]  就是那個權力非常集中
[00:19:56.760 --> 00:19:58.560]  是在說一個管控
[00:19:58.560 --> 00:20:00.560]  是在說操控
[00:20:00.560 --> 00:20:01.880]  我們怎樣識別
[00:20:01.880 --> 00:20:03.240]  那個
[00:20:03.240 --> 00:20:05.320]  就是耶穌是想說什麼呢
[00:20:05.320 --> 00:20:06.160]  用君王
[00:20:06.160 --> 00:20:08.520]  就是在說一種管束
[00:20:08.520 --> 00:20:12.560]  操控那種絕對的權力
[00:20:12.560 --> 00:20:13.720]  但是真正的屬靈
[00:20:13.720 --> 00:20:14.960]  不是這些
[00:20:14.960 --> 00:20:15.960]  他說
[00:20:15.960 --> 00:20:16.480]  第二樣
[00:20:16.480 --> 00:20:17.680]  他用了第二個例子
[00:20:17.680 --> 00:20:19.760]  可能他講的時候
[00:20:19.760 --> 00:20:20.560]  或者翻譯
[00:20:20.560 --> 00:20:23.040]  我們很容易會漏掉的
[00:20:23.040 --> 00:20:23.840]  第二句
[00:20:23.840 --> 00:20:24.640]  第25節
[00:20:24.640 --> 00:20:27.440]  那掌權管他們的
[00:20:27.440 --> 00:20:29.640]  稱為恩主
[00:20:29.640 --> 00:20:30.720]  其實恩主
[00:20:30.720 --> 00:20:31.600]  如果你看回背景
[00:20:31.600 --> 00:20:32.320]  可能有人知道
[00:20:32.320 --> 00:20:33.560]  那個patronage
[00:20:33.560 --> 00:20:34.400]  就是說
[00:20:34.400 --> 00:20:35.440]  恩若主義
[00:20:35.440 --> 00:20:36.560]  或者叫恩主主義
[00:20:36.560 --> 00:20:37.480]  就是說
[00:20:37.480 --> 00:20:38.560]  當時的社會
[00:20:38.560 --> 00:20:41.480]  是普遍在很多的層面上
[00:20:41.480 --> 00:20:43.040]  有一個叫做贊助人
[00:20:43.040 --> 00:20:45.680]  或者叫做被贊助人
[00:20:45.680 --> 00:20:47.200]  那些贊助人
[00:20:47.200 --> 00:20:49.640]  通常都是有錢的地主
[00:20:49.640 --> 00:20:51.680]  或者一些貴族的階級
[00:20:51.680 --> 00:20:55.480]  他又會供應一些窮人
[00:20:55.480 --> 00:20:57.320]  或者一些需要的人
[00:20:57.320 --> 00:21:00.520]  一些金錢上或者食物等等
[00:21:00.520 --> 00:21:05.640]  好像當年吃客三千那樣
[00:21:05.640 --> 00:21:07.880]  是那類的一種做法
[00:21:07.880 --> 00:21:10.560]  但是那些的恩主
[00:21:10.560 --> 00:21:12.160]  或者叫贊助人
[00:21:12.160 --> 00:21:15.000]  他是期望那些
[00:21:15.000 --> 00:21:19.040]  得到好處的那些窮人
[00:21:19.040 --> 00:21:21.200]  就要投票投他
[00:21:21.200 --> 00:21:22.800]  就要在不同的地方
[00:21:22.800 --> 00:21:24.720]  來讚他他
[00:21:24.720 --> 00:21:26.000]  honor他他
[00:21:26.000 --> 00:21:26.680]  這樣的
[00:21:26.680 --> 00:21:28.040]  是有一個
[00:21:28.040 --> 00:21:29.200]  簡單來講是甚麼
[00:21:29.200 --> 00:21:30.720]  交易
[00:21:30.720 --> 00:21:32.160]  所以他說
[00:21:32.160 --> 00:21:34.880]  在那個的背景裏面
[00:21:34.880 --> 00:21:36.440]  那些掌管他們的
[00:21:36.440 --> 00:21:37.440]  用一個方法就是
[00:21:37.440 --> 00:21:38.400]  恩主
[00:21:38.400 --> 00:21:40.880]  就是對他們有很多
[00:21:40.880 --> 00:21:42.280]  實質的支持
[00:21:42.280 --> 00:21:45.200]  或者是一些
[00:21:45.200 --> 00:21:46.600]  經濟各樣東西
[00:21:46.600 --> 00:21:49.680]  但是以交易為回報的
[00:21:49.680 --> 00:21:51.920]  世俗是這樣的
[00:21:51.920 --> 00:21:53.560]  有時候我們都很容易
[00:21:53.560 --> 00:21:55.000]  混亂了的
[00:21:55.000 --> 00:21:56.520]  但是
[00:21:56.520 --> 00:21:57.640]  在
[00:21:57.640 --> 00:21:58.840]  一個屬靈裏面
[00:21:58.840 --> 00:22:00.320]  這裏在講天國裏面
[00:22:00.320 --> 00:22:01.440]  耶穌就說
[00:22:01.440 --> 00:22:02.520]  不是這樣
[00:22:02.520 --> 00:22:03.880]  他說甚麼
[00:22:03.880 --> 00:22:06.920]  有一個很重要的就是
[00:22:06.920 --> 00:22:08.560]  第二十六節
[00:22:08.560 --> 00:22:12.000]  他說如果你們是大的
[00:22:12.000 --> 00:22:14.440]  就要好像小的
[00:22:14.440 --> 00:22:16.160]  做首領就要服侍別人
[00:22:16.160 --> 00:22:17.840]  這個就是
[00:22:17.840 --> 00:22:19.480]  用回鮑威根博士
[00:22:19.480 --> 00:22:21.680]  經常講的那個叫顛覆
[00:22:21.680 --> 00:22:22.760]  就是說
[00:22:22.760 --> 00:22:24.760]  完全跟現在
[00:22:24.760 --> 00:22:25.800]  當時的教導
[00:22:25.800 --> 00:22:27.040]  甚至現代的教導
[00:22:27.040 --> 00:22:28.640]  都是背道而馳的
[00:22:28.640 --> 00:22:29.720]  有權
[00:22:29.720 --> 00:22:30.760]  就用
[00:22:30.760 --> 00:22:31.280]  是吧
[00:22:31.280 --> 00:22:32.440]  利益交易
[00:22:32.440 --> 00:22:34.200]  那些關係才可以建立的
[00:22:34.200 --> 00:22:34.720]  不是
[00:22:34.720 --> 00:22:35.840]  完全不是
[00:22:35.840 --> 00:22:37.080]  在基督教的
[00:22:37.080 --> 00:22:39.360]  在耶穌的天國裏面
[00:22:39.360 --> 00:22:41.640]  是一種的
[00:22:41.640 --> 00:22:43.920]  完全的服侍
[00:22:43.920 --> 00:22:45.200]  愛
[00:22:45.200 --> 00:22:47.040]  服侍也包括謙卑
[00:22:47.040 --> 00:22:48.600]  不然你怎樣服侍
[00:22:48.600 --> 00:22:53.600]  是這樣的一種價值觀
[00:22:53.600 --> 00:22:54.880]  但是有時候我們都
[00:22:54.880 --> 00:22:56.280]  又要講例子
[00:22:56.280 --> 00:22:57.200]  可能
[00:22:57.200 --> 00:22:58.240]  要講很多例子
[00:22:58.240 --> 00:23:01.680]  可能會成為怎樣
[00:23:01.680 --> 00:23:04.080]  在教會裏面做領袖
[00:23:04.080 --> 00:23:06.240]  不同等級的領袖也好
[00:23:06.240 --> 00:23:07.760]  無論是傳道人
[00:23:07.760 --> 00:23:08.520]  執事
[00:23:08.520 --> 00:23:10.800]  或者小組組長也好
[00:23:10.800 --> 00:23:13.040]  都可以用操控的方法
[00:23:13.040 --> 00:23:13.600]  是吧
[00:23:13.600 --> 00:23:15.000]  或者
[00:23:15.000 --> 00:23:16.120]  在教會裏面
[00:23:16.120 --> 00:23:18.240]  我們的領福堂是很隨意的
[00:23:18.240 --> 00:23:19.040]  鵝虎藏龍的
[00:23:19.040 --> 00:23:21.800]  但是穿衣服是看不出來的
[00:23:21.800 --> 00:23:22.960]  那你見到那個人
[00:23:22.960 --> 00:23:25.200]  可能他不太認識他
[00:23:25.200 --> 00:23:26.440]  很隨意的穿上
[00:23:26.440 --> 00:23:27.720]  不知道你的身份
[00:23:27.720 --> 00:23:29.840]  當你是
[00:23:29.840 --> 00:23:33.320]  原來你本身是某公司老闆
[00:23:33.320 --> 00:23:35.200]  或者博士
[00:23:35.200 --> 00:23:37.000]  他不知道你的身份跟他聊天的時候
[00:23:37.000 --> 00:23:38.600]  就是
[00:23:38.600 --> 00:23:39.320]  普通人一樣
[00:23:39.320 --> 00:23:39.960]  其實是正常的
[00:23:39.960 --> 00:23:40.720]  普通人一樣
[00:23:40.720 --> 00:23:41.680]  但是
[00:23:41.680 --> 00:23:43.120]  就
[00:23:43.120 --> 00:23:44.440]  無所謂
[00:23:44.440 --> 00:23:45.800]  眼尾都不皺
[00:23:45.800 --> 00:23:46.320]  可能
[00:23:46.320 --> 00:23:46.800]  有時候
[00:23:46.800 --> 00:23:47.640]  你知道的
[00:23:47.640 --> 00:23:48.640]  穿隨意的衣服
[00:23:48.640 --> 00:23:52.240]  有時候又會長得很差
[00:23:52.240 --> 00:23:54.640]  接著可能知道你的身份
[00:23:54.640 --> 00:23:55.840]  我也試過一點
[00:23:55.840 --> 00:23:56.480]  不是什麼身份
[00:23:56.480 --> 00:23:56.880]  而是
[00:23:56.880 --> 00:23:58.600]  我是一個牧師
[00:23:58.600 --> 00:24:01.600]  接著樣子就變了
[00:24:01.600 --> 00:24:04.240]  接著他的態度就不同了
[00:24:04.240 --> 00:24:06.520]  真的很老套
[00:24:06.520 --> 00:24:07.960]  立刻
[00:24:07.960 --> 00:24:09.000]  眼睛又發光了
[00:24:09.000 --> 00:24:09.640]  很多東西
[00:24:09.640 --> 00:24:10.560]  怎樣怎樣
[00:24:10.560 --> 00:24:12.640]  語氣都斯文了
[00:24:12.640 --> 00:24:14.240]  這些其實就是為什麼
[00:24:14.240 --> 00:24:16.520]  知道你是某人的時候
[00:24:16.520 --> 00:24:17.800]  可能我沒有得罪你
[00:24:17.800 --> 00:24:19.840]  或者你可能會幫到我
[00:24:19.840 --> 00:24:20.720]  怎樣怎樣
[00:24:20.720 --> 00:24:21.880]  立刻不同了
[00:24:21.880 --> 00:24:23.160]  根本背後可能
[00:24:23.160 --> 00:24:24.840]  我說了很多可能
[00:24:24.840 --> 00:24:26.080]  記住
[00:24:26.080 --> 00:24:28.040]  我們會
[00:24:28.040 --> 00:24:30.680]  有些世俗的做法
[00:24:30.680 --> 00:24:32.120]  或者想法好像
[00:24:32.120 --> 00:24:34.120]  其實想做大佬
[00:24:34.120 --> 00:24:36.520]  想操控
[00:24:36.520 --> 00:24:40.120]  有種交易的方法去相處
[00:24:40.120 --> 00:24:41.640]  滲入了我們也不知道
[00:24:41.640 --> 00:24:42.840]  我再說
[00:24:42.840 --> 00:24:44.680]  在那個時間
[00:24:44.680 --> 00:24:46.000]  最後晚餐的時間
[00:24:46.000 --> 00:24:48.680]  大家看不到撒旦走來走去的
[00:24:48.680 --> 00:24:50.400]  看不到的
[00:24:50.400 --> 00:24:52.000]  但是撒旦就是走來走去的
[00:24:52.000 --> 00:24:52.960]  在人的心裡面
[00:24:52.960 --> 00:24:55.640]  一直影響別人做一些行為出來
[00:24:55.640 --> 00:24:57.480]  耶穌
[00:24:57.480 --> 00:24:59.480]  揭穿了
[00:24:59.480 --> 00:25:01.080]  耶穌糾正他們
[00:25:01.080 --> 00:25:02.120]  是用一個
[00:25:02.120 --> 00:25:03.160]  簡單來講
[00:25:03.160 --> 00:25:03.840]  一個
[00:25:03.840 --> 00:25:05.680]  真正屬靈的天國價值觀
[00:25:05.680 --> 00:25:07.160]  還有一點
[00:25:07.160 --> 00:25:08.800]  耶穌說什麼
[00:25:08.800 --> 00:25:10.800]  耶穌就在
[00:25:10.800 --> 00:25:12.000]  很特別的那一句
[00:25:12.000 --> 00:25:15.040]  我也思想了很久
[00:25:15.040 --> 00:25:15.920]  他真的很有意思
[00:25:15.920 --> 00:25:17.280]  第二十八支
[00:25:17.280 --> 00:25:19.720]  耶穌說我在磨練之中
[00:25:19.720 --> 00:25:22.280]  常和我同在的就是你們
[00:25:22.280 --> 00:25:25.000]  這句話很有意思
[00:25:25.000 --> 00:25:26.880]  他講到在磨練之中
[00:25:26.880 --> 00:25:28.200]  其實帶出
[00:25:28.200 --> 00:25:30.320]  我或者很直接講
[00:25:30.320 --> 00:25:32.640]  為主受苦
[00:25:32.640 --> 00:25:35.640]  他要來肯定這班門徒
[00:25:35.640 --> 00:25:36.960]  你和我一起
[00:25:36.960 --> 00:25:38.320]  在磨練裡面
[00:25:38.320 --> 00:25:40.960]  我的磨練就是耶穌受苦
[00:25:40.960 --> 00:25:42.360]  耶穌受苦的時候
[00:25:42.360 --> 00:25:44.400]  你們常和我同在
[00:25:44.400 --> 00:25:45.840]  還要用你們
[00:25:45.840 --> 00:25:49.720]  有一個群體性在裡面
[00:25:49.720 --> 00:25:51.120]  就是說
[00:25:51.120 --> 00:25:53.360]  在這個天國價值觀裡面
[00:25:53.360 --> 00:25:54.920]  為主受苦
[00:25:54.920 --> 00:25:56.880]  才是
[00:25:56.880 --> 00:25:58.360]  倒過來
[00:25:58.360 --> 00:25:59.880]  不是拿好處
[00:25:59.880 --> 00:26:01.320]  不是很舒服
[00:26:01.320 --> 00:26:03.560]  信仰的本質去到一個點
[00:26:03.560 --> 00:26:04.840]  是
[00:26:04.840 --> 00:26:08.400]  和耶穌經歷他的受苦
[00:26:08.400 --> 00:26:13.240]  才是真正一個天國的價值
[00:26:13.240 --> 00:26:14.880]  當然受苦之後
[00:26:14.880 --> 00:26:16.280]  我們將來會得榮耀
[00:26:16.280 --> 00:26:17.480]  但是在這一刻
[00:26:17.480 --> 00:26:20.680]  尤其是耶穌將要面對十字架的時候
[00:26:20.680 --> 00:26:21.760]  就是其實你們
[00:26:21.760 --> 00:26:22.960]  我要大家是什麼
[00:26:22.960 --> 00:26:23.920]  耶穌說
[00:26:23.920 --> 00:26:25.800]  其實是我珍惜你們
[00:26:25.800 --> 00:26:26.560]  我寶貴你們
[00:26:26.560 --> 00:26:30.200]  就是和我一起受苦
[00:26:30.200 --> 00:26:32.440]  這個才是天國的價值觀
[00:26:32.440 --> 00:26:34.520]  去到彼得
[00:26:34.520 --> 00:26:36.240]  很有趣
[00:26:36.240 --> 00:26:37.160]  那麼
[00:26:37.160 --> 00:26:39.520]  耶穌就立刻提醒
[00:26:39.520 --> 00:26:41.800]  當然他在二十九節那裡說到
[00:26:41.800 --> 00:26:43.800]  究竟天國是一個怎樣的情況
[00:26:43.800 --> 00:26:45.600]  那裡不詳細說
[00:26:45.600 --> 00:26:47.160]  第三十一節
[00:26:47.160 --> 00:26:49.120]  就特別去提西門
[00:26:49.120 --> 00:26:50.760]  這句話真的很厲害
[00:26:50.760 --> 00:26:52.080]  大家聽聽
[00:26:52.080 --> 00:26:53.480]  他說西門西門
[00:26:53.480 --> 00:26:55.680]  彼得那個猶太的名字
[00:26:55.680 --> 00:26:56.680]  西門
[00:26:56.680 --> 00:27:02.080]  撒旦想要得著你們
[00:27:02.080 --> 00:27:03.040]  那麼他說
[00:27:03.040 --> 00:27:05.320]  要很西你們像西墨子一樣
[00:27:05.320 --> 00:27:07.120]  但是我已經為你祈求
[00:27:07.120 --> 00:27:10.240]  叫你不至於失了信心
[00:27:10.240 --> 00:27:12.440]  你回頭以後要兼顧你的弟兄
[00:27:12.440 --> 00:27:15.680]  這句話很有意思
[00:27:15.680 --> 00:27:16.560]  為什麼
[00:27:16.560 --> 00:27:17.920]  耶穌真的很厲害
[00:27:17.920 --> 00:27:19.760]  他一早就知道
[00:27:19.760 --> 00:27:23.440]  他是會不認主的
[00:27:23.440 --> 00:27:24.880]  一早就知道
[00:27:24.880 --> 00:27:26.360]  他還要知道他是不認主之後
[00:27:26.360 --> 00:27:27.760]  一早就為他祈禱了
[00:27:27.760 --> 00:27:29.160]  還要知道他是會回頭的
[00:27:29.160 --> 00:27:30.560]  還要知道他回頭之後
[00:27:30.560 --> 00:27:32.520]  是可以作為一個領袖
[00:27:32.520 --> 00:27:36.120]  彼得是使徒之中最大的那個
[00:27:36.120 --> 00:27:40.200]  可以有一個力量去帶領那些門徒
[00:27:40.200 --> 00:27:41.560]  回到正軌那裡
[00:27:41.560 --> 00:27:44.120]  耶穌那句話就是知道了所有的事情
[00:27:44.120 --> 00:27:46.000]  然後一早就提醒了你
[00:27:46.000 --> 00:27:47.960]  就像今天提醒我們一樣
[00:27:47.960 --> 00:27:49.280]  其實我們是不是真的這樣
[00:27:49.280 --> 00:27:50.880]  但是彼得聽完之後
[00:27:50.880 --> 00:27:51.840]  他還要說什麼
[00:27:51.840 --> 00:27:53.440]  有些人真的是這樣的
[00:27:53.440 --> 00:27:54.280]  彼得就說
[00:27:54.280 --> 00:27:55.080]  主啊
[00:27:55.080 --> 00:27:58.800]  他要透過表忠
[00:27:58.800 --> 00:28:01.400]  更加要告訴耶穌
[00:28:01.400 --> 00:28:03.120]  我不是這樣的
[00:28:03.120 --> 00:28:03.960]  他說什麼
[00:28:03.960 --> 00:28:04.560]  主啊
[00:28:04.560 --> 00:28:06.680]  我就算跟你坐牢
[00:28:06.680 --> 00:28:07.600]  跟你受死
[00:28:07.600 --> 00:28:09.120]  我也是甘心的
[00:28:09.120 --> 00:28:11.760]  哇 你聽到會怎樣啊 耶穌
[00:28:11.760 --> 00:28:13.120]  不過耶穌一早就知道了
[00:28:13.120 --> 00:28:14.760]  接著說你根本就是會
[00:28:14.760 --> 00:28:15.600]  對不起
[00:28:15.600 --> 00:28:16.600]  接著他就會回頭
[00:28:16.600 --> 00:28:17.680]  說完了
[00:28:17.680 --> 00:28:18.320]  他也不明白的
[00:28:18.320 --> 00:28:19.200]  說完了
[00:28:19.200 --> 00:28:20.240]  但是他
[00:28:20.240 --> 00:28:22.120]  因為耶穌說得太清楚
[00:28:22.120 --> 00:28:22.760]  所以他就說
[00:28:22.760 --> 00:28:23.880]  不是的 我不是這樣的
[00:28:23.880 --> 00:28:25.000]  但是最後怎麼樣
[00:28:25.000 --> 00:28:26.640]  第一個不認主就是他
[00:28:26.640 --> 00:28:27.640]  是不是
[00:28:27.640 --> 00:28:30.960]  我們不是比彼得好很多的
[00:28:30.960 --> 00:28:34.000]  我們是很軟弱的
[00:28:34.000 --> 00:28:36.200]  所以整體來說
[00:28:36.200 --> 00:28:39.360]  什麼叫做真正的屬靈
[00:28:39.360 --> 00:28:41.600]  什麼叫做真正的認識神
[00:28:41.600 --> 00:28:44.600]  不是頭腦上知道
[00:28:44.600 --> 00:28:46.440]  是真的明白
[00:28:46.440 --> 00:28:48.680]  譬如一個天國的屬靈的知識
[00:28:48.680 --> 00:28:50.760]  我是真的明白
[00:28:50.760 --> 00:28:54.960]  在天國是一個以服侍為核心的
[00:28:54.960 --> 00:28:57.640]  以受苦為核心的
[00:28:57.640 --> 00:28:59.760]  服侍的生命
[00:28:59.760 --> 00:29:02.840]  才能夠真正的去明白
[00:29:02.840 --> 00:29:04.320]  耶穌在做什麼
[00:29:04.320 --> 00:29:06.520]  那我時間沒什麼了
[00:29:06.520 --> 00:29:08.440]  很快說
[00:29:08.440 --> 00:29:11.840]  那麼我們去到聖地
[00:29:11.840 --> 00:29:13.160]  就一定是去
[00:29:13.160 --> 00:29:14.840]  在格林山走下來
[00:29:14.840 --> 00:29:17.280]  就去到這個是赫西瑪利縣
[00:29:17.280 --> 00:29:19.160]  赫西瑪利縣不是很大
[00:29:19.160 --> 00:29:21.360]  裡面就有很多格林樹
[00:29:21.360 --> 00:29:24.680]  據聞一定有些是超過一千年了
[00:29:24.680 --> 00:29:25.800]  有些人在那裡猜
[00:29:25.800 --> 00:29:28.120]  哪一棵是耶穌在祈禱的樹
[00:29:28.120 --> 00:29:28.800]  不知道
[00:29:28.800 --> 00:29:30.960]  但是可能是其中一棵
[00:29:30.960 --> 00:29:32.840]  但是你看到有很多遊客的
[00:29:32.840 --> 00:29:34.600]  而後面就有一個
[00:29:34.600 --> 00:29:35.160]  不是後面
[00:29:35.160 --> 00:29:36.120]  旁邊
[00:29:36.120 --> 00:29:37.080]  其中一棵
[00:29:37.080 --> 00:29:39.120]  比稱為可能是
[00:29:39.120 --> 00:29:42.360]  就是一個叫萬國禱告的教堂
[00:29:42.360 --> 00:29:44.200]  那麼為什麼萬國禱告的教堂呢
[00:29:44.200 --> 00:29:47.240]  就是赫西瑪利縣就是紀念耶穌
[00:29:47.240 --> 00:29:49.560]  祂來受苦的時候
[00:29:49.560 --> 00:29:51.560]  去到赫西瑪利縣被人抓
[00:29:51.560 --> 00:29:54.480]  就先在那裡祈禱
[00:29:54.480 --> 00:29:55.720]  所以在教堂裡面
[00:29:55.720 --> 00:29:57.600]  你看到就有很多人在那裡祈禱
[00:29:57.600 --> 00:29:59.560]  中間有一個畫作
[00:29:59.560 --> 00:30:00.440]  就是這一張
[00:30:00.440 --> 00:30:01.560]  再清楚一點
[00:30:01.560 --> 00:30:03.760]  就是耶穌在石頭上祈禱
[00:30:03.760 --> 00:30:05.760]  這些我不用詳細描述
[00:30:05.760 --> 00:30:07.240]  有一個天使加起力量
[00:30:07.240 --> 00:30:08.400]  這個經文也有說
[00:30:08.400 --> 00:30:09.720]  我們看著這個
[00:30:09.720 --> 00:30:11.560]  說完最後一段
[00:30:11.560 --> 00:30:14.600]  耶穌
[00:30:14.600 --> 00:30:15.920]  接著就
[00:30:15.920 --> 00:30:17.480]  他們吃完最後晚餐
[00:30:17.480 --> 00:30:19.200]  就下去
[00:30:19.200 --> 00:30:20.440]  格林山一邊唱詩
[00:30:20.440 --> 00:30:22.160]  接著去到赫西瑪利縣
[00:30:22.160 --> 00:30:23.160]  耶穌叫他們什麼
[00:30:23.160 --> 00:30:23.920]  祈禱
[00:30:23.920 --> 00:30:25.280]  但是那些人祈禱怎樣
[00:30:25.280 --> 00:30:26.160]  睡著
[00:30:26.160 --> 00:30:27.600]  那麼
[00:30:27.600 --> 00:30:28.160]  你說
[00:30:28.160 --> 00:30:29.800]  有時候我們祈禱都會累的
[00:30:29.800 --> 00:30:31.080]  是不是
[00:30:31.080 --> 00:30:32.440]  但是不是那個時間
[00:30:32.440 --> 00:30:33.600]  是不是
[00:30:33.600 --> 00:30:35.240]  你到了那個情況
[00:30:35.240 --> 00:30:37.560]  根本就是一個很批判的
[00:30:37.560 --> 00:30:38.600]  所謂很緊張的
[00:30:38.600 --> 00:30:41.840]  耶穌快要被抓了
[00:30:41.840 --> 00:30:43.000]  他自己祈禱
[00:30:43.000 --> 00:30:44.400]  你看到耶穌那個祈禱
[00:30:44.400 --> 00:30:47.040]  當然有很大的神學的意義
[00:30:47.040 --> 00:30:49.000]  或者你看見耶穌
[00:30:49.000 --> 00:30:51.560]  一個神人異性的張力
[00:30:51.560 --> 00:30:52.640]  耶穌作為一個人
[00:30:52.640 --> 00:30:55.400]  祈禱不是說他不想釘十字架
[00:30:55.400 --> 00:30:58.560]  我就不覺得這是一個解釋
[00:30:58.560 --> 00:30:59.200]  沒理由
[00:30:59.200 --> 00:31:00.920]  耶穌知道要釘十字架
[00:31:00.920 --> 00:31:03.000]  但是他要面對那種壓力
[00:31:03.000 --> 00:31:04.760]  那種的受苦
[00:31:04.760 --> 00:31:06.760]  他都要在當時作為一個人
[00:31:06.760 --> 00:31:07.920]  靠著耶穌
[00:31:07.920 --> 00:31:08.080]  不是
[00:31:08.080 --> 00:31:09.160]  靠著神
[00:31:09.160 --> 00:31:10.000]  一直去禱告神
[00:31:10.000 --> 00:31:11.320]  去支取那種力量
[00:31:11.320 --> 00:31:13.040]  所以神就派天使
[00:31:13.040 --> 00:31:13.960]  來加他的力量
[00:31:13.960 --> 00:31:16.040]  也都是一個增戰的祈禱
[00:31:16.040 --> 00:31:17.560]  因為撒旦掌權
[00:31:17.560 --> 00:31:18.440]  在那個時候
[00:31:18.440 --> 00:31:21.360]  撒旦是不斷用很多東西來去攻擊
[00:31:21.360 --> 00:31:24.400]  所以耶穌是要提那些門徒
[00:31:24.400 --> 00:31:25.600]  你要警醒
[00:31:25.600 --> 00:31:27.840]  你們要警醒祈禱
[00:31:27.840 --> 00:31:28.720]  有沒有想過
[00:31:28.720 --> 00:31:31.160]  究竟他們有什麼迷惑
[00:31:31.160 --> 00:31:33.960]  或者試探在那個時候
[00:31:33.960 --> 00:31:35.360]  他們那個迷惑試探
[00:31:35.360 --> 00:31:37.920]  就是一種的信心
[00:31:37.920 --> 00:31:39.880]  信仰的危機
[00:31:39.880 --> 00:31:42.320]  耶穌將要走了
[00:31:42.320 --> 00:31:43.120]  散了
[00:31:43.120 --> 00:31:47.320]  就是牧人擊打了羊就分散了
[00:31:47.320 --> 00:31:49.040]  耶穌完全明白這件事
[00:31:49.040 --> 00:31:50.440]  他提醒那些門徒
[00:31:50.440 --> 00:31:52.280]  你現在要祈禱
[00:31:52.280 --> 00:31:54.000]  到了這個時候你還不祈禱
[00:31:54.000 --> 00:31:56.120]  那你發覺就是睡著了
[00:31:56.120 --> 00:31:57.520]  那個問題是怎麼樣的
[00:31:57.520 --> 00:31:58.600]  我要說得很快
[00:31:58.600 --> 00:32:03.480]  就是說根本由他真論誰偉大
[00:32:03.480 --> 00:32:05.160]  到這一刻
[00:32:05.160 --> 00:32:07.360]  根本他完全不覺得
[00:32:07.360 --> 00:32:09.760]  這是耶穌最後的時間
[00:32:09.760 --> 00:32:10.880]  完全沒有準備
[00:32:10.880 --> 00:32:12.880]  完全不明白
[00:32:12.880 --> 00:32:15.400]  所以他們的行為是完全不認真的
[00:32:15.400 --> 00:32:16.320]  祈禱又不認真
[00:32:16.320 --> 00:32:18.240]  什麼都不認真
[00:32:18.240 --> 00:32:19.720]  因為他根本不知道
[00:32:19.720 --> 00:32:21.120]  已經是到了這個時間
[00:32:21.120 --> 00:32:23.920]  有時候情況就是這樣
[00:32:23.920 --> 00:32:27.120]  我們昨天團契就談了一個問題
[00:32:27.120 --> 00:32:29.160]  就是不回教會又如何
[00:32:29.160 --> 00:32:30.720]  說的是Unchurched, Dechurched
[00:32:30.720 --> 00:32:33.240]  就是那些在教會門外的人
[00:32:33.240 --> 00:32:35.560]  或者是已經回過Dechurched
[00:32:35.560 --> 00:32:38.240]  回過教會離教者
[00:32:38.240 --> 00:32:41.400]  談到一個網站
[00:32:41.400 --> 00:32:43.000]  我不說那個網站的名字
[00:32:43.000 --> 00:32:44.920]  但是一些離教者寫的
[00:32:44.920 --> 00:32:47.360]  甚至你可以出一張離教證書
[00:32:47.360 --> 00:32:49.480]  就是說你是一個基督徒
[00:32:49.480 --> 00:32:51.240]  我可以發一張證書給你
[00:32:51.240 --> 00:32:53.280]  你清楚說明你是離開基督教
[00:32:53.280 --> 00:32:54.760]  有些這樣的
[00:32:54.760 --> 00:32:56.680]  很多人是離開基督教
[00:32:56.680 --> 00:32:57.960]  這個是事實
[00:32:57.960 --> 00:32:59.720]  但是我們正在探討
[00:32:59.720 --> 00:33:03.360]  什麼會使那些人離開基督教
[00:33:03.360 --> 00:33:04.960]  很多種的原因
[00:33:04.960 --> 00:33:07.200]  但是有一種我們談的時候
[00:33:07.200 --> 00:33:08.280]  就有一個結論
[00:33:08.280 --> 00:33:11.400]  其中一種就是腐爛
[00:33:11.400 --> 00:33:13.320]  那些門徒
[00:33:13.320 --> 00:33:15.360]  他們的信仰衝擊就是
[00:33:15.360 --> 00:33:17.000]  耶穌要離開
[00:33:17.000 --> 00:33:19.240]  這個領袖走了
[00:33:19.240 --> 00:33:22.520]  而當中耶穌是要面對一個很大的腐爛
[00:33:22.520 --> 00:33:25.360]  而他們也同時立刻面對那個腐爛
[00:33:25.360 --> 00:33:27.240]  但是你看不看到耶穌說
[00:33:27.240 --> 00:33:28.720]  天國的價值觀就是
[00:33:28.720 --> 00:33:30.640]  面對那個腐爛
[00:33:30.640 --> 00:33:33.320]  我們和耶穌同在
[00:33:33.320 --> 00:33:34.640]  所以
[00:33:34.640 --> 00:33:37.000]  當然兩把刀更加特別
[00:33:37.000 --> 00:33:38.400]  我不詳細解釋了
[00:33:38.400 --> 00:33:40.520]  因為時間關係
[00:33:40.520 --> 00:33:42.000]  那裡是在說
[00:33:42.000 --> 00:33:43.240]  他們是要預備
[00:33:43.240 --> 00:33:45.640]  兩把刀那把刀是有智慧的
[00:33:45.640 --> 00:33:47.680]  前郎那些其實
[00:33:47.680 --> 00:33:49.720]  要準備這些事情的時候
[00:33:49.720 --> 00:33:51.840]  就是要面對將來
[00:33:51.840 --> 00:33:55.800]  禮真的耶穌離開了你們要走這條宣教道路
[00:33:55.800 --> 00:34:00.680]  以前就帶你們去那些村莊那裡兩個兩個
[00:34:00.680 --> 00:34:03.160]  不用帶前郎那些是短孫
[00:34:03.160 --> 00:34:04.600]  可以靠信心去經歷
[00:34:04.600 --> 00:34:05.880]  接著耶穌就說
[00:34:05.880 --> 00:34:07.800]  你們有沒有缺乏呢?沒有
[00:34:07.800 --> 00:34:09.160]  你看經文沒有
[00:34:09.160 --> 00:34:10.480]  其實就是確認
[00:34:10.480 --> 00:34:12.160]  你們經歷過這個信心
[00:34:12.160 --> 00:34:13.640]  現在要帶了
[00:34:13.640 --> 00:34:15.640]  因為不是短孫是長孫
[00:34:15.640 --> 00:34:17.280]  你帶兩把刀其實是智慧
[00:34:17.280 --> 00:34:19.720]  因為那裡有很多賊人的
[00:34:19.720 --> 00:34:20.680]  就是古代
[00:34:20.680 --> 00:34:22.080]  要準備好
[00:34:22.080 --> 00:34:24.000]  但是還是要走這個信心
[00:34:24.000 --> 00:34:25.760]  但是給的又是不明白
[00:34:25.760 --> 00:34:27.760]  斬
[00:34:27.760 --> 00:34:29.440]  主啊我可不可以斬
[00:34:29.440 --> 00:34:31.280]  斬了耶穌醫回去
[00:34:31.280 --> 00:34:32.040]  就是這樣
[00:34:32.040 --> 00:34:33.520]  很搞笑的一件事
[00:34:33.520 --> 00:34:34.920]  一點都不認真
[00:34:34.920 --> 00:34:37.440]  因為他們不明白什麼叫受苦
[00:34:37.440 --> 00:34:38.960]  對信仰不認真
[00:34:38.960 --> 00:34:40.400]  所以
[00:34:40.400 --> 00:34:41.760]  結論是什麼呢?
[00:34:41.760 --> 00:34:43.880]  鄧小姐妹我們不要高估自己
[00:34:43.880 --> 00:34:47.520]  這一幫人什麼時候開竅呢?
[00:34:47.520 --> 00:34:49.120]  不知道
[00:34:49.120 --> 00:34:52.480]  你看到有沒有開竅呢?
[00:34:52.480 --> 00:34:53.360]  有
[00:34:53.360 --> 00:34:53.880]  可以給
[00:34:53.880 --> 00:34:54.920]  痛哭
[00:34:54.920 --> 00:34:56.200]  但是也不容易
[00:34:56.200 --> 00:34:57.600]  門徒散了
[00:34:57.600 --> 00:34:58.600]  又害怕等等
[00:34:58.600 --> 00:34:59.480]  都經歷了很多事情
[00:34:59.480 --> 00:35:02.120]  才回到正軌
[00:35:02.120 --> 00:35:03.600]  但是尤大是吊死了
[00:35:03.600 --> 00:35:07.600]  那幫殺耶穌的祭司那些人
[00:35:07.600 --> 00:35:09.840]  仍然都是沒有開竅的
[00:35:09.840 --> 00:35:11.280]  仍然都是繼續殺耶穌的
[00:35:11.280 --> 00:35:13.880]  這幫人一定會下地獄的
[00:35:13.880 --> 00:35:14.800]  是不是一定要開竅呢?
[00:35:14.800 --> 00:35:16.560]  不一定
[00:35:16.560 --> 00:35:17.640]  但是
[00:35:17.640 --> 00:35:19.200]  要不要開竅呢?鄧小姐妹
[00:35:19.200 --> 00:35:20.520]  我們的信仰
[00:35:20.520 --> 00:35:23.120]  我們會不會有人信仰去到這個地步
[00:35:23.120 --> 00:35:25.920]  我們好像很掃靈
[00:35:25.920 --> 00:35:27.800]  我們可能都
[00:35:27.800 --> 00:35:29.640]  有些事情還沒有通過
[00:35:29.640 --> 00:35:32.280]  你不知道原來真正天國掛席是什麼
[00:35:32.280 --> 00:35:33.360]  或者我們
[00:35:33.360 --> 00:35:34.360]  那個衛生
[00:35:34.360 --> 00:35:35.440]  都需要重新思考
[00:35:35.440 --> 00:35:38.600]  會不會已經變了那個方向
[00:35:38.600 --> 00:35:39.760]  但是感謝神
[00:35:39.760 --> 00:35:42.680]  耶穌最終後來復活的顯現
[00:35:42.680 --> 00:35:45.040]  幫助他們一起再衛生
[00:35:45.040 --> 00:35:46.040]  但是
[00:35:46.040 --> 00:35:47.400]  殺大家的工作
[00:35:47.400 --> 00:35:48.640]  是很厲害的
[00:35:48.640 --> 00:35:50.760]  它會篩我們
[00:35:50.760 --> 00:35:53.360]  我們
[00:35:53.360 --> 00:35:55.600]  這個信息能不能夠去幫助我們
[00:35:55.600 --> 00:35:57.720]  去想想其實我們的靈命在什麼位置
[00:35:57.720 --> 00:35:59.280]  我們很高漲
[00:35:59.280 --> 00:36:01.120]  一說停滯呢
[00:36:01.120 --> 00:36:02.360]  或者我們這個經歷裡面
[00:36:02.360 --> 00:36:03.120]  我們現在正在疑問
[00:36:03.120 --> 00:36:04.800]  一說正在逃難
[00:36:04.800 --> 00:36:06.000]  或者我們侍奉裡面
[00:36:06.000 --> 00:36:08.280]  或者我們扣堂的經歷裡面
[00:36:08.280 --> 00:36:09.560]  有什麼可以應用呢?
[00:36:09.560 --> 00:36:10.800]  我沿空
[00:36:10.800 --> 00:36:13.840]  我給大家一個空間去思考
[00:36:13.840 --> 00:36:16.680]  我們是否對信仰那個真正的明白
[00:36:16.680 --> 00:36:18.320]  以及認真以致我們
[00:36:18.320 --> 00:36:20.320]  去跟隨我們的主
[00:36:20.320 --> 00:36:22.240]  我們一起祈禱
[00:36:22.240 --> 00:36:23.360]  天父我們多謝主
[00:36:23.360 --> 00:36:26.520]  讓我們一起思想你的話語
[00:36:26.520 --> 00:36:30.560]  願你在我們心中工作
[00:36:30.560 --> 00:36:33.960]  我們真正來開竅
[00:36:33.960 --> 00:36:35.160]  去明白
[00:36:35.160 --> 00:36:36.400]  我們信仰發生什麼事
[00:36:36.400 --> 00:36:39.080]  以致我們所做的
[00:36:39.080 --> 00:36:41.200]  是真的在回應
[00:36:41.200 --> 00:36:42.600]  我們這個信仰
[00:36:42.600 --> 00:36:45.000]  我們真正明白耶穌的心意
[00:36:45.000 --> 00:36:47.920]  就算受苦反而我們知道
[00:36:47.920 --> 00:36:50.880]  我們必定會經歷與主
[00:36:50.880 --> 00:36:53.520]  來到去同受苦的時候
[00:36:53.520 --> 00:36:56.640]  我們反而更加堅定跟隨你
[00:36:56.640 --> 00:36:58.680]  而不是信仰被衝擊
[00:36:58.680 --> 00:37:01.160]  求你大大的幫助我們
[00:37:01.160 --> 00:37:02.760]  尤其是我們現在是一個
[00:37:02.760 --> 00:37:04.760]  都是一個關鍵的時間
[00:37:04.760 --> 00:37:06.720]  我們說的是扣堂
[00:37:06.720 --> 00:37:07.920]  但是背後
[00:37:07.920 --> 00:37:09.120]  我們是很需要你
[00:37:09.120 --> 00:37:10.320]  要依靠你
[00:37:10.320 --> 00:37:11.680]  求主加我們教會的力量
[00:37:11.680 --> 00:37:12.880]  幫助我們
[00:37:12.880 --> 00:37:16.360]  對於你有一個正確的回應
[00:37:16.360 --> 00:37:17.760]  去跟隨我們的主
[00:37:17.760 --> 00:37:18.200]  祈禱
[00:37:18.200 --> 00:37:19.440]  奉耶穌基督名字
[00:37:19.440 --> 00:37:20.040]  阿們
