
[00:00:00.000 --> 00:00:02.000]  各位弟兄姊妹平安
[00:00:02.000 --> 00:00:06.000]  感謝主再一次帶領我們回到神的殿中
[00:00:06.000 --> 00:00:09.000]  一齊來經拜祂又聆聽祂的話語
[00:00:09.000 --> 00:00:11.000]  我們此刻一齊有一個禱告
[00:00:11.000 --> 00:00:14.000]  預備我們的心去聽神的話
[00:00:14.000 --> 00:00:15.000]  所謂的主耶穌基督
[00:00:15.000 --> 00:00:17.000]  我們滿心感謝札美里
[00:00:17.000 --> 00:00:20.000]  因為祢賜給我們有祢寶貴的話語
[00:00:20.000 --> 00:00:23.000]  去成為我們的指引
[00:00:23.000 --> 00:00:25.000]  我們生命當中的提醒
[00:00:25.000 --> 00:00:28.000]  求祢的靈充滿我們眾人的心
[00:00:28.000 --> 00:00:30.000]  我們能夠聽得明白
[00:00:30.000 --> 00:00:32.000]  放在心裡又行出來
[00:00:32.000 --> 00:00:34.000]  以上的禱告奉靠我主耶穌基督
[00:00:34.000 --> 00:00:36.000]  聖名祈求
[00:00:36.000 --> 00:00:38.000]  阿們
[00:00:59.000 --> 00:01:01.000]  大家的心水
[00:01:01.000 --> 00:01:03.000]  看不看到這個圖
[00:01:03.000 --> 00:01:05.000]  彈波子
[00:01:05.000 --> 00:01:07.000]  有沒有人喜歡這個圖
[00:01:07.000 --> 00:01:11.000]  好像沒有什麼人
[00:01:11.000 --> 00:01:13.000]  因為不想說
[00:01:13.000 --> 00:01:17.000]  這個應該多些人
[00:01:17.000 --> 00:01:19.000]  跳大繩有沒有人喜歡
[00:01:19.000 --> 00:01:21.000]  我看到有
[00:01:21.000 --> 00:01:25.000]  這個跳飛機
[00:01:25.000 --> 00:01:27.000]  應該很多人喜歡玩
[00:01:27.000 --> 00:01:29.000]  很多回憶回來了
[00:01:29.000 --> 00:01:33.000]  確實在我們童年的時候
[00:01:33.000 --> 00:01:35.000]  有很多這些玩的遊戲
[00:01:35.000 --> 00:01:37.000]  集體的遊戲
[00:01:37.000 --> 00:01:39.000]  很開心我們又想起
[00:01:39.000 --> 00:01:41.000]  我們童年的朋友時光
[00:01:41.000 --> 00:01:43.000]  其中也有一個遊戲
[00:01:43.000 --> 00:01:47.000]  到現在我們還在玩
[00:01:47.000 --> 00:01:51.000]  就是音樂椅
[00:01:51.000 --> 00:01:53.000]  又有另一個名字叫做爭椅子
[00:01:53.000 --> 00:01:55.000]  我相信大家應該都玩過
[00:01:55.000 --> 00:01:57.000]  我想問一下有沒有人試過
[00:01:57.000 --> 00:01:59.000]  爭到坐到最後那張椅子
[00:01:59.000 --> 00:02:01.000]  有沒有
[00:02:01.000 --> 00:02:03.000]  有
[00:02:03.000 --> 00:02:05.000]  很厲害
[00:02:05.000 --> 00:02:07.000]  我就沒有試過
[00:02:07.000 --> 00:02:09.000]  我每次都很快就會出局
[00:02:09.000 --> 00:02:13.000]  因為我比較愚蠢
[00:02:13.000 --> 00:02:17.000]  沒那麼快手快腳
[00:02:17.000 --> 00:02:19.000]  可以爭到那張最後的椅子
[00:02:19.000 --> 00:02:21.000]  其實爭到那張椅子
[00:02:21.000 --> 00:02:23.000]  應該都挺開心的
[00:02:23.000 --> 00:02:25.000]  因為會有禮物
[00:02:25.000 --> 00:02:27.000]  很威風
[00:02:27.000 --> 00:02:29.000]  贏了那個遊戲
[00:02:29.000 --> 00:02:31.000]  事實上
[00:02:31.000 --> 00:02:33.000]  當我們去想
[00:02:33.000 --> 00:02:35.000]  爭椅子的遊戲
[00:02:35.000 --> 00:02:37.000]  可能是我們童年的時候會玩
[00:02:37.000 --> 00:02:39.000]  我們讀書的時候會玩
[00:02:39.000 --> 00:02:41.000]  但是
[00:02:41.000 --> 00:02:43.000]  我們今天可能都在玩
[00:02:43.000 --> 00:02:45.000]  這個遊戲
[00:02:45.000 --> 00:02:47.000]  或者已經不是一個遊戲了
[00:02:47.000 --> 00:02:51.000]  我自己是一個家長
[00:02:51.000 --> 00:02:53.000]  我都很體會到
[00:02:53.000 --> 00:02:55.000]  在小朋友身上
[00:02:55.000 --> 00:02:57.000]  要幫他找學校
[00:02:57.000 --> 00:02:59.000]  原來都是一個爭椅子的遊戲
[00:02:59.000 --> 00:03:01.000]  尤其是最近
[00:03:01.000 --> 00:03:03.000]  移民潮都有很多
[00:03:03.000 --> 00:03:05.000]  一些比較好的學校
[00:03:05.000 --> 00:03:07.000]  可能很多人都會
[00:03:07.000 --> 00:03:09.000]  移民
[00:03:09.000 --> 00:03:11.000]  去了外國的時候
[00:03:11.000 --> 00:03:13.000]  多了很多的學位出來
[00:03:13.000 --> 00:03:15.000]  於是
[00:03:15.000 --> 00:03:17.000]  音樂椅就出現了
[00:03:17.000 --> 00:03:19.000]  由不同的學校
[00:03:19.000 --> 00:03:21.000]  然後到這些
[00:03:21.000 --> 00:03:23.000]  有空額的
[00:03:23.000 --> 00:03:25.000]  好的學校裡面去讀
[00:03:25.000 --> 00:03:27.000]  那個遊戲
[00:03:27.000 --> 00:03:29.000]  好像一直都沒有停過
[00:03:29.000 --> 00:03:31.000]  到我們工作的時候
[00:03:31.000 --> 00:03:33.000]  在職場裡面
[00:03:33.000 --> 00:03:35.000]  我想這個爭椅子的遊戲
[00:03:35.000 --> 00:03:37.000]  我們都不會陌生
[00:03:37.000 --> 00:03:39.000]  因為總有一些人
[00:03:39.000 --> 00:03:41.000]  他們會很喜歡爭上位
[00:03:41.000 --> 00:03:43.000]  很喜歡擦鞋
[00:03:43.000 --> 00:03:45.000]  得到上司的認同
[00:03:45.000 --> 00:03:47.000]  希望可以怎樣
[00:03:47.000 --> 00:03:49.000]  然後加薪
[00:03:49.000 --> 00:03:51.000]  拿到最大的好處
[00:03:51.000 --> 00:03:53.000]  這個就是在職場裡面
[00:03:53.000 --> 00:03:55.000]  都會有這種爭椅子的情況出現
[00:03:55.000 --> 00:03:57.000]  好了
[00:03:57.000 --> 00:03:59.000]  到家庭裡面
[00:03:59.000 --> 00:04:01.000]  其實都可能會有這個情況
[00:04:01.000 --> 00:04:03.000]  尤其是可能在家裡
[00:04:03.000 --> 00:04:05.000]  有很多兄弟姊妹
[00:04:05.000 --> 00:04:07.000]  可能會爭寵
[00:04:07.000 --> 00:04:09.000]  希望得到爸爸媽媽的歡心
[00:04:09.000 --> 00:04:11.000]  又或者
[00:04:11.000 --> 00:04:13.000]  我想大家都很熟悉
[00:04:13.000 --> 00:04:15.000]  在一些很有錢
[00:04:15.000 --> 00:04:17.000]  富豪的家庭裡面
[00:04:17.000 --> 00:04:21.000]  可能有些增產的情況會出現
[00:04:21.000 --> 00:04:25.000]  這些都是爭椅子的實況
[00:04:25.000 --> 00:04:27.000]  在家庭裡面
[00:04:27.000 --> 00:04:29.000]  好了 來到教會裡面
[00:04:29.000 --> 00:04:31.000]  有沒有爭椅子的呢
[00:04:31.000 --> 00:04:33.000]  大家今天坐得很開心
[00:04:33.000 --> 00:04:35.000]  在這裡
[00:04:35.000 --> 00:04:37.000]  可能都有一個固定的座位
[00:04:37.000 --> 00:04:39.000]  在教會裡面
[00:04:39.000 --> 00:04:41.000]  會不會都有這些
[00:04:41.000 --> 00:04:43.000]  爭椅子的情況出現呢
[00:04:43.000 --> 00:04:45.000]  你們覺得有沒有呢
[00:04:45.000 --> 00:04:47.000]  今天這段經文
[00:04:47.000 --> 00:04:51.000]  《雅閣書》第四章一至十節
[00:04:51.000 --> 00:04:53.000]  其實一開始
[00:04:53.000 --> 00:04:55.000]  雅閣已經在第一節講得很清楚
[00:04:55.000 --> 00:04:57.000]  是有的
[00:04:57.000 --> 00:04:59.000]  教會裡面就是有
[00:04:59.000 --> 00:05:01.000]  這些爭椅子的情況出現
[00:05:01.000 --> 00:05:03.000]  這裡
[00:05:03.000 --> 00:05:05.000]  雅閣說你們中間的爭戰鬥毆
[00:05:05.000 --> 00:05:07.000]  他這樣去描述
[00:05:07.000 --> 00:05:09.000]  這種爭椅子的狀況
[00:05:09.000 --> 00:05:11.000]  是一種爭戰
[00:05:11.000 --> 00:05:13.000]  是一種鬥毆
[00:05:13.000 --> 00:05:15.000]  其實原文裡面是一種戰爭的意思
[00:05:15.000 --> 00:05:17.000]  軍事上的用語
[00:05:17.000 --> 00:05:19.000]  這個戰爭
[00:05:19.000 --> 00:05:21.000]  原來是會
[00:05:21.000 --> 00:05:23.000]  是教會
[00:05:23.000 --> 00:05:25.000]  在信徒群體裡面
[00:05:25.000 --> 00:05:27.000]  來出現
[00:05:27.000 --> 00:05:29.000]  我們就要看一下
[00:05:29.000 --> 00:05:31.000]  其實這一卷的書信
[00:05:31.000 --> 00:05:33.000]  那個作者
[00:05:33.000 --> 00:05:35.000]  其實是哪一個呢
[00:05:35.000 --> 00:05:37.000]  顧名思義 就是雅閣
[00:05:37.000 --> 00:05:39.000]  但是哪個雅閣呢
[00:05:39.000 --> 00:05:41.000]  雅閣裡面有很多個雅閣
[00:05:41.000 --> 00:05:43.000]  大家知不知道是哪一位雅閣
[00:05:43.000 --> 00:05:45.000]  寫這封書信呢
[00:05:45.000 --> 00:05:47.000]  是 沒錯
[00:05:47.000 --> 00:05:49.000]  非常正確
[00:05:49.000 --> 00:05:51.000]  就是耶穌的弟弟
[00:05:51.000 --> 00:05:53.000]  耶穌是大兒子
[00:05:53.000 --> 00:05:55.000]  雅閣就是他的弟弟
[00:05:55.000 --> 00:05:57.000]  所以在一個家庭裡面
[00:05:57.000 --> 00:05:59.000]  其實
[00:05:59.000 --> 00:06:01.000]  耶穌和
[00:06:01.000 --> 00:06:03.000]  雅閣的關係
[00:06:03.000 --> 00:06:05.000]  就是一個兄弟的關係
[00:06:05.000 --> 00:06:07.000]  很有趣的
[00:06:07.000 --> 00:06:09.000]  他在家庭裡面
[00:06:09.000 --> 00:06:11.000]  有一個這樣的兄弟的關係的時候
[00:06:11.000 --> 00:06:13.000]  剛剛說了
[00:06:13.000 --> 00:06:15.000]  家裡面會爭一下小椅子
[00:06:15.000 --> 00:06:17.000]  那究竟耶穌會不會
[00:06:17.000 --> 00:06:19.000]  和雅閣爭小椅子呢
[00:06:19.000 --> 00:06:21.000]  那我猜應該沒有的
[00:06:21.000 --> 00:06:23.000]  但是反過來
[00:06:23.000 --> 00:06:25.000]  可能雅閣都會有
[00:06:25.000 --> 00:06:27.000]  想爭耶穌的小椅子的時候
[00:06:27.000 --> 00:06:29.000]  但是
[00:06:29.000 --> 00:06:31.000]  去到寫雅閣書的時候
[00:06:31.000 --> 00:06:33.000]  一開始他怎樣去介紹
[00:06:33.000 --> 00:06:35.000]  他自己呢
[00:06:35.000 --> 00:06:37.000]  他不是介紹他自己是耶穌的弟弟
[00:06:37.000 --> 00:06:39.000]  他介紹
[00:06:39.000 --> 00:06:41.000]  自己是作神
[00:06:41.000 --> 00:06:43.000]  和主耶穌基督僕人
[00:06:43.000 --> 00:06:45.000]  的雅閣
[00:06:45.000 --> 00:06:47.000]  他介紹自己的身份很清晰
[00:06:47.000 --> 00:06:49.000]  他介紹自己是
[00:06:49.000 --> 00:06:51.000]  耶穌的僕人
[00:06:51.000 --> 00:06:53.000]  換言之他的關係
[00:06:53.000 --> 00:06:55.000]  和耶穌由兄弟的關係
[00:06:55.000 --> 00:06:57.000]  轉變為
[00:06:57.000 --> 00:06:59.000]  信仰上面的主僕
[00:06:59.000 --> 00:07:01.000]  關係
[00:07:01.000 --> 00:07:03.000]  耶穌就是雅閣的主人
[00:07:03.000 --> 00:07:05.000]  雅閣
[00:07:05.000 --> 00:07:07.000]  是耶穌的僕人
[00:07:07.000 --> 00:07:09.000]  一個很清晰的
[00:07:09.000 --> 00:07:11.000]  介紹
[00:07:11.000 --> 00:07:13.000]  為什麼他會這樣去介紹呢
[00:07:13.000 --> 00:07:15.000]  他很想告訴
[00:07:15.000 --> 00:07:17.000]  讀者知道
[00:07:17.000 --> 00:07:19.000]  他是用這個僕人
[00:07:19.000 --> 00:07:21.000]  的身份來去寫
[00:07:21.000 --> 00:07:23.000]  這封書信
[00:07:23.000 --> 00:07:25.000]  因為那幫讀者
[00:07:25.000 --> 00:07:27.000]  其實是散住在十二個
[00:07:27.000 --> 00:07:29.000]  支派的人
[00:07:29.000 --> 00:07:31.000]  意思就是指出
[00:07:31.000 --> 00:07:33.000]  積極的眾支派
[00:07:33.000 --> 00:07:35.000]  換言之這封書信
[00:07:35.000 --> 00:07:37.000]  的對象就是一幫
[00:07:37.000 --> 00:07:39.000]  猶太基督徒
[00:07:39.000 --> 00:07:41.000]  他們和耶穌基督的
[00:07:41.000 --> 00:07:43.000]  關係都是
[00:07:43.000 --> 00:07:45.000]  信仰上的主僕
[00:07:45.000 --> 00:07:47.000]  關係
[00:07:47.000 --> 00:07:49.000]  也就是說雅閣
[00:07:49.000 --> 00:07:51.000]  他作為耶穌的弟弟
[00:07:51.000 --> 00:07:53.000]  好像很威風
[00:07:53.000 --> 00:07:55.000]  我們也知道在教會歷史的
[00:07:55.000 --> 00:07:57.000]  裏面他是
[00:07:57.000 --> 00:07:59.000]  初期教會裏面一個非常
[00:07:59.000 --> 00:08:01.000]  重要的領袖
[00:08:01.000 --> 00:08:03.000]  人物
[00:08:03.000 --> 00:08:05.000]  應該都是得高望重
[00:08:05.000 --> 00:08:07.000]  是不是
[00:08:07.000 --> 00:08:09.000]  但是他卻是很謙卑的
[00:08:09.000 --> 00:08:11.000]  去指出自己
[00:08:11.000 --> 00:08:13.000]  只是耶穌
[00:08:13.000 --> 00:08:15.000]  只是神的
[00:08:15.000 --> 00:08:17.000]  僕人
[00:08:17.000 --> 00:08:19.000]  因為他很想用這個身份來提醒
[00:08:19.000 --> 00:08:21.000]  一幫的猶太基督徒
[00:08:21.000 --> 00:08:23.000]  讓他們明白
[00:08:23.000 --> 00:08:25.000]  其實他們都一樣
[00:08:25.000 --> 00:08:27.000]  是耶穌基督的
[00:08:27.000 --> 00:08:29.000]  僕人
[00:08:29.000 --> 00:08:31.000]  要他們認清這個
[00:08:31.000 --> 00:08:33.000]  的身份
[00:08:33.000 --> 00:08:35.000]  這一段的經文
[00:08:35.000 --> 00:08:37.000]  我們可以分作三個
[00:08:37.000 --> 00:08:39.000]  的部份
[00:08:39.000 --> 00:08:41.000]  第一至到第三節
[00:08:41.000 --> 00:08:43.000]  就是講述到這個
[00:08:43.000 --> 00:08:45.000]  信徒中間的衝突
[00:08:45.000 --> 00:08:47.000]  然後第四至
[00:08:47.000 --> 00:08:49.000]  到第五節
[00:08:49.000 --> 00:08:51.000]  就是講述到信徒和世俗
[00:08:51.000 --> 00:08:53.000]  的妥協
[00:08:53.000 --> 00:08:55.000]  然後最後一個部份
[00:08:55.000 --> 00:08:57.000]  就是講述到信徒要
[00:08:57.000 --> 00:08:59.000]  謙卑要自潔
[00:08:59.000 --> 00:09:01.000]  在這三個部份裏面
[00:09:01.000 --> 00:09:03.000]  究竟關聯是
[00:09:03.000 --> 00:09:05.000]  怎樣去理解的呢
[00:09:05.000 --> 00:09:07.000]  其實
[00:09:07.000 --> 00:09:09.000]  雅各是想指出信徒
[00:09:09.000 --> 00:09:11.000]  有兩個很大的
[00:09:11.000 --> 00:09:13.000]  問題兩個
[00:09:13.000 --> 00:09:15.000]  現實的一個的掙扎
[00:09:15.000 --> 00:09:17.000]  第一個就是
[00:09:17.000 --> 00:09:19.000]  信徒中間的衝突
[00:09:19.000 --> 00:09:21.000]  原來在這個應該
[00:09:21.000 --> 00:09:23.000]  要彼此相愛的
[00:09:23.000 --> 00:09:25.000]  群體裏面
[00:09:25.000 --> 00:09:27.000]  是會有彼此傷害
[00:09:27.000 --> 00:09:29.000]  的一個的時間
[00:09:29.000 --> 00:09:31.000]  是會有這些的情況
[00:09:31.000 --> 00:09:33.000]  會出現
[00:09:33.000 --> 00:09:35.000]  第二個的問題就是信徒
[00:09:35.000 --> 00:09:37.000]  本身應該跟隨耶穌基督
[00:09:37.000 --> 00:09:39.000]  但是
[00:09:39.000 --> 00:09:41.000]  卻跟著跟著跟了
[00:09:41.000 --> 00:09:43.000]  這個的世界
[00:09:43.000 --> 00:09:45.000]  因為我們就是處身
[00:09:45.000 --> 00:09:47.000]  在一個的世界當中
[00:09:47.000 --> 00:09:49.000]  面對這兩個
[00:09:49.000 --> 00:09:51.000]  很真實
[00:09:51.000 --> 00:09:53.000]  很現實的掙扎
[00:09:53.000 --> 00:09:55.000]  兩個很真實的
[00:09:55.000 --> 00:09:57.000]  問題
[00:09:57.000 --> 00:09:59.000]  雅各去為這班信徒
[00:09:59.000 --> 00:10:01.000]  提供一個解決的方案
[00:10:01.000 --> 00:10:03.000]  就是要
[00:10:03.000 --> 00:10:05.000]  謙卑要自潔
[00:10:05.000 --> 00:10:07.000]  讓我們
[00:10:07.000 --> 00:10:09.000]  先一齊去看第一個
[00:10:09.000 --> 00:10:11.000]  的部份亦即是
[00:10:11.000 --> 00:10:13.000]  第一個信徒要面對的
[00:10:13.000 --> 00:10:15.000]  現實的問題和掙扎
[00:10:15.000 --> 00:10:17.000]  在這段的
[00:10:17.000 --> 00:10:19.000]  經文一至到三節裏面
[00:10:19.000 --> 00:10:21.000]  出現爭戰鬥毆
[00:10:21.000 --> 00:10:23.000]  戰鬥鬥毆
[00:10:23.000 --> 00:10:25.000]  爭戰
[00:10:25.000 --> 00:10:27.000]  其實這裏在描述的衝突
[00:10:27.000 --> 00:10:29.000]  剛才講了一種戰爭
[00:10:29.000 --> 00:10:31.000]  所以不是一些
[00:10:31.000 --> 00:10:33.000]  可能就是
[00:10:33.000 --> 00:10:35.000]  口角簡單普通的
[00:10:35.000 --> 00:10:37.000]  口角疑義
[00:10:37.000 --> 00:10:39.000]  而是很嚴重的
[00:10:39.000 --> 00:10:41.000]  在人際關係
[00:10:41.000 --> 00:10:43.000]  上面的衝突
[00:10:43.000 --> 00:10:45.000]  這種的
[00:10:45.000 --> 00:10:47.000]  衝突不是
[00:10:47.000 --> 00:10:49.000]  很快很容易就解決得到
[00:10:49.000 --> 00:10:51.000]  反而可能
[00:10:51.000 --> 00:10:53.000]  是越來越麻煩
[00:10:53.000 --> 00:10:55.000]  越來越複雜
[00:10:55.000 --> 00:10:57.000]  越來越是傷害到
[00:10:57.000 --> 00:10:59.000]  那個群體當中的
[00:10:59.000 --> 00:11:01.000]  肢體
[00:11:01.000 --> 00:11:03.000]  這種的衝突是會升級
[00:11:03.000 --> 00:11:05.000]  是會蔓延的
[00:11:05.000 --> 00:11:07.000]  是會影響信徒之間
[00:11:07.000 --> 00:11:09.000]  那個的關係
[00:11:09.000 --> 00:11:11.000]  雅各在這裏
[00:11:11.000 --> 00:11:13.000]  很清楚地去指出
[00:11:13.000 --> 00:11:15.000]  原來一個信仰
[00:11:15.000 --> 00:11:17.000]  一個群體裏面
[00:11:17.000 --> 00:11:19.000]  都會有這些
[00:11:19.000 --> 00:11:21.000]  好像在世界裏面的
[00:11:21.000 --> 00:11:23.000]  衝突
[00:11:23.000 --> 00:11:25.000]  而且這些的衝突
[00:11:25.000 --> 00:11:27.000]  會為彼此帶來
[00:11:27.000 --> 00:11:29.000]  傷害
[00:11:29.000 --> 00:11:31.000]  但是這些的衝突背後
[00:11:31.000 --> 00:11:33.000]  其實是什麼來的呢
[00:11:33.000 --> 00:11:35.000]  雅各就是要去
[00:11:35.000 --> 00:11:37.000]  提出
[00:11:37.000 --> 00:11:39.000]  是一種的罪
[00:11:39.000 --> 00:11:41.000]  是出自人的私慾
[00:11:41.000 --> 00:11:43.000]  一種自私
[00:11:43.000 --> 00:11:45.000]  的慾望
[00:11:45.000 --> 00:11:47.000]  為著自己的
[00:11:47.000 --> 00:11:49.000]  慾望
[00:11:49.000 --> 00:11:51.000]  很希望得到最大的好處
[00:11:51.000 --> 00:11:53.000]  正所謂什麼
[00:11:53.000 --> 00:11:55.000]  人不為己
[00:11:55.000 --> 00:11:57.000]  就天誅地滅
[00:11:57.000 --> 00:11:59.000]  這一種是
[00:11:59.000 --> 00:12:01.000]  世界的價值觀
[00:12:01.000 --> 00:12:03.000]  這些的信徒
[00:12:03.000 --> 00:12:05.000]  他們陷在這個世界價值觀
[00:12:05.000 --> 00:12:07.000]  的當中
[00:12:07.000 --> 00:12:09.000]  其實是因為出自
[00:12:09.000 --> 00:12:11.000]  他們的私慾
[00:12:11.000 --> 00:12:13.000]  他們自己個人的
[00:12:13.000 --> 00:12:15.000]  慾望
[00:12:15.000 --> 00:12:17.000]  雅各很仔細地去描述
[00:12:17.000 --> 00:12:19.000]  這一種的私慾
[00:12:19.000 --> 00:12:21.000]  其實是來自
[00:12:21.000 --> 00:12:23.000]  怎樣的心態呢
[00:12:23.000 --> 00:12:25.000]  這裏提及到貪戀
[00:12:25.000 --> 00:12:27.000]  殺害 嫉妒
[00:12:27.000 --> 00:12:29.000]  鬥毆 爭戰
[00:12:29.000 --> 00:12:31.000]  讀上去就好像
[00:12:31.000 --> 00:12:33.000]  個個字都會
[00:12:33.000 --> 00:12:35.000]  不過就不是太明白
[00:12:35.000 --> 00:12:37.000]  或者可以這樣
[00:12:37.000 --> 00:12:39.000]  去翻譯
[00:12:39.000 --> 00:12:41.000]  希望大家明白更多
[00:12:41.000 --> 00:12:43.000]  第一個的意思
[00:12:43.000 --> 00:12:45.000]  是你們貪戀
[00:12:45.000 --> 00:12:47.000]  仍然得不到
[00:12:47.000 --> 00:12:49.000]  你們就殺害
[00:12:49.000 --> 00:12:51.000]  第二個的層面
[00:12:51.000 --> 00:12:53.000]  就是講嫉妒
[00:12:53.000 --> 00:12:55.000]  他說你們嫉妒
[00:12:55.000 --> 00:12:57.000]  都不能得到你們想得到的東西
[00:12:57.000 --> 00:12:59.000]  於是就鬥毆
[00:12:59.000 --> 00:13:01.000]  爭戰
[00:13:01.000 --> 00:13:03.000]  換言之
[00:13:03.000 --> 00:13:05.000]  貪戀和嫉妒
[00:13:05.000 --> 00:13:07.000]  就是這些私慾背後
[00:13:07.000 --> 00:13:09.000]  的心態
[00:13:09.000 --> 00:13:11.000]  貪戀是什麼意思
[00:13:11.000 --> 00:13:13.000]  是一種叫貪心
[00:13:13.000 --> 00:13:15.000]  貪圖別人的東西
[00:13:15.000 --> 00:13:17.000]  看著別人
[00:13:17.000 --> 00:13:19.000]  覺得你有的東西很好
[00:13:19.000 --> 00:13:21.000]  你有的錢很多
[00:13:21.000 --> 00:13:23.000]  你有的地位更加高
[00:13:23.000 --> 00:13:25.000]  很棒
[00:13:25.000 --> 00:13:27.000]  我也很想要
[00:13:27.000 --> 00:13:29.000]  貪心就是這樣
[00:13:29.000 --> 00:13:31.000]  而來了
[00:13:31.000 --> 00:13:33.000]  會開始問
[00:13:33.000 --> 00:13:35.000]  為什麼你會好過我呢
[00:13:35.000 --> 00:13:37.000]  什麼東西不比你更好呢
[00:13:37.000 --> 00:13:39.000]  為什麼你的東西會多過我呢
[00:13:39.000 --> 00:13:41.000]  於是就很想
[00:13:41.000 --> 00:13:43.000]  得到對方的東西
[00:13:43.000 --> 00:13:45.000]  那些東西不是屬於自己
[00:13:45.000 --> 00:13:47.000]  但是你很想得到
[00:13:47.000 --> 00:13:49.000]  這種就是貪心
[00:13:49.000 --> 00:13:51.000]  嫉妒同樣都是
[00:13:51.000 --> 00:13:53.000]  同出一轍的
[00:13:53.000 --> 00:13:55.000]  他妒忌
[00:13:55.000 --> 00:13:57.000]  為什麼你有我沒有呢
[00:13:57.000 --> 00:13:59.000]  於是從貪戀
[00:13:59.000 --> 00:14:01.000]  從嫉妒的心態裏面
[00:14:01.000 --> 00:14:03.000]  就生出罪利
[00:14:03.000 --> 00:14:05.000]  因為想來想去
[00:14:05.000 --> 00:14:07.000]  都得不到
[00:14:07.000 --> 00:14:09.000]  於是就化為行動
[00:14:09.000 --> 00:14:11.000]  一些傷害
[00:14:11.000 --> 00:14:13.000]  對方的行動
[00:14:13.000 --> 00:14:15.000]  要去將對方有的東西
[00:14:15.000 --> 00:14:17.000]  據為己有
[00:14:17.000 --> 00:14:19.000]  搶過來就可以了
[00:14:19.000 --> 00:14:21.000]  不用再想了
[00:14:21.000 --> 00:14:23.000]  不用再貪了
[00:14:23.000 --> 00:14:25.000]  我搶了過來就可以了
[00:14:25.000 --> 00:14:27.000]  於是就會發生
[00:14:27.000 --> 00:14:29.000]  這些殺害
[00:14:29.000 --> 00:14:31.000]  鬥毆爭戰的事情
[00:14:33.000 --> 00:14:35.000]  馬國進而再去指出
[00:14:35.000 --> 00:14:37.000]  另外一個問題
[00:14:37.000 --> 00:14:39.000]  是
[00:14:39.000 --> 00:14:41.000]  你們不求
[00:14:41.000 --> 00:14:43.000]  和你們妄求
[00:14:43.000 --> 00:14:45.000]  不求是什麼意思呢
[00:14:45.000 --> 00:14:47.000]  是指那個人
[00:14:47.000 --> 00:14:49.000]  他沒有向上帝祈求的心
[00:14:49.000 --> 00:14:51.000]  也就是說
[00:14:51.000 --> 00:14:53.000]  他覺得不需要
[00:14:53.000 --> 00:14:55.000]  我要得到的東西
[00:14:55.000 --> 00:14:57.000]  我靠我自己雙手就可以了
[00:14:57.000 --> 00:14:59.000]  不需要去依靠上帝
[00:14:59.000 --> 00:15:01.000]  即使他都有祈禱的
[00:15:01.000 --> 00:15:03.000]  即使他都有上教會
[00:15:03.000 --> 00:15:05.000]  即使他都有上團
[00:15:05.000 --> 00:15:07.000]  但是
[00:15:07.000 --> 00:15:09.000]  他覺得
[00:15:09.000 --> 00:15:11.000]  他要得到的東西
[00:15:11.000 --> 00:15:13.000]  不是透過禱告
[00:15:13.000 --> 00:15:15.000]  不是透過依靠上帝來得到
[00:15:15.000 --> 00:15:17.000]  所以他們根本
[00:15:17.000 --> 00:15:19.000]  沒有一個依靠上帝的心
[00:15:19.000 --> 00:15:21.000]  另一個情況就是
[00:15:21.000 --> 00:15:23.000]  他們妄求
[00:15:23.000 --> 00:15:25.000]  什麼是妄求
[00:15:25.000 --> 00:15:27.000]  就是
[00:15:27.000 --> 00:15:29.000]  那樣東西你很想要
[00:15:29.000 --> 00:15:31.000]  於是你出於你的私慾
[00:15:31.000 --> 00:15:33.000]  你這樣去向神祈求
[00:15:33.000 --> 00:15:35.000]  神啊你給我那樣東西吧
[00:15:35.000 --> 00:15:37.000]  我很想要那個人有的東西
[00:15:37.000 --> 00:15:39.000]  但是
[00:15:39.000 --> 00:15:41.000]  這樣和拜偶像有什麼分別呢
[00:15:41.000 --> 00:15:43.000]  這個禱告
[00:15:43.000 --> 00:15:45.000]  這個網球
[00:15:45.000 --> 00:15:47.000]  其實是一種心術
[00:15:47.000 --> 00:15:49.000]  不正的禱告
[00:15:49.000 --> 00:15:51.000]  這個禱告
[00:15:51.000 --> 00:15:53.000]  是動機不良的
[00:15:53.000 --> 00:15:55.000]  是帶著一個
[00:15:55.000 --> 00:15:57.000]  邪惡的心
[00:15:57.000 --> 00:15:59.000]  去求
[00:15:59.000 --> 00:16:01.000]  於是
[00:16:01.000 --> 00:16:03.000]  在這個部分裏面
[00:16:03.000 --> 00:16:05.000]  阿哥很想去指出
[00:16:05.000 --> 00:16:07.000]  是啊
[00:16:07.000 --> 00:16:09.000]  人際關係上面
[00:16:09.000 --> 00:16:11.000]  在這個信徒群體裏面的衝突
[00:16:11.000 --> 00:16:13.000]  的出現
[00:16:13.000 --> 00:16:15.000]  他很想揭開那個背後
[00:16:15.000 --> 00:16:17.000]  是源於
[00:16:17.000 --> 00:16:19.000]  人的私慾
[00:16:19.000 --> 00:16:21.000]  是一種的狀況
[00:16:21.000 --> 00:16:23.000]  很想在這個信仰群體裏面
[00:16:23.000 --> 00:16:25.000]  好像有一個
[00:16:25.000 --> 00:16:27.000]  王位
[00:16:27.000 --> 00:16:29.000]  這個人他要怎樣
[00:16:29.000 --> 00:16:31.000]  他要搶著坐這張椅子
[00:16:31.000 --> 00:16:33.000]  為什麼 因為他要威
[00:16:33.000 --> 00:16:35.000]  因為他要得到最大的利益
[00:16:35.000 --> 00:16:37.000]  他希望得到別人的
[00:16:37.000 --> 00:16:39.000]  奉承
[00:16:39.000 --> 00:16:41.000]  得到別人的讚賞
[00:16:41.000 --> 00:16:43.000]  他和別人爭小椅子
[00:16:43.000 --> 00:16:45.000]  於是引發了這些
[00:16:45.000 --> 00:16:47.000]  信仰群體當中
[00:16:47.000 --> 00:16:49.000]  人際關係上的衝突
[00:16:49.000 --> 00:16:53.000]  但事實上他屬靈生命的狀況
[00:16:53.000 --> 00:16:57.000]  是一種活在黑暗裏面的狀況
[00:16:57.000 --> 00:16:59.000]  原來
[00:16:59.000 --> 00:17:01.000]  他
[00:17:01.000 --> 00:17:03.000]  說自己是肌肉徒
[00:17:03.000 --> 00:17:05.000]  他說自己有祈禱
[00:17:05.000 --> 00:17:07.000]  他說自己有回教會
[00:17:07.000 --> 00:17:09.000]  但是
[00:17:09.000 --> 00:17:11.000]  他其實的心
[00:17:11.000 --> 00:17:13.000]  還是坐在他自己生命
[00:17:13.000 --> 00:17:15.000]  寶座上的那個
[00:17:15.000 --> 00:17:17.000]  王位上面
[00:17:17.000 --> 00:17:19.000]  第二個的部分
[00:17:19.000 --> 00:17:21.000]  阿哥講出信徒
[00:17:21.000 --> 00:17:23.000]  和世界妥協這個問題
[00:17:23.000 --> 00:17:27.000]  其實阿哥一點都不客氣
[00:17:27.000 --> 00:17:29.000]  最初都會說
[00:17:29.000 --> 00:17:31.000]  你們是弟兄
[00:17:31.000 --> 00:17:33.000]  稱兄道弟
[00:17:33.000 --> 00:17:35.000]  但是來到這裏他很不客氣
[00:17:35.000 --> 00:17:37.000]  他稱呼這班弟兄做什麼
[00:17:37.000 --> 00:17:39.000]  淫亂的人
[00:17:39.000 --> 00:17:41.000]  原文是淫婦
[00:17:41.000 --> 00:17:45.000]  我們平時都不會這樣
[00:17:45.000 --> 00:17:47.000]  去稱呼人
[00:17:47.000 --> 00:17:49.000]  更何況是主裏面的弟兄姊妹
[00:17:49.000 --> 00:17:51.000]  阿哥一點都不客氣
[00:17:51.000 --> 00:17:53.000]  但是為什麼他要用詞
[00:17:53.000 --> 00:17:55.000]  這麼嚴厲呢
[00:17:55.000 --> 00:17:57.000]  因為淫亂
[00:17:57.000 --> 00:17:59.000]  在聖經裏面的意思就是
[00:17:59.000 --> 00:18:01.000]  對神不忠
[00:18:01.000 --> 00:18:03.000]  阿哥要指出
[00:18:03.000 --> 00:18:05.000]  如果一個人
[00:18:05.000 --> 00:18:07.000]  他是和這個世界做朋友的話
[00:18:07.000 --> 00:18:09.000]  如果這個人
[00:18:09.000 --> 00:18:11.000]  這個信徒
[00:18:11.000 --> 00:18:13.000]  是和世界做朋友的時候
[00:18:13.000 --> 00:18:15.000]  他就是
[00:18:15.000 --> 00:18:17.000]  和了這個世界妥協
[00:18:17.000 --> 00:18:19.000]  他就是跟隨了
[00:18:19.000 --> 00:18:21.000]  這個世界的價值觀
[00:18:21.000 --> 00:18:23.000]  而這個的狀態
[00:18:23.000 --> 00:18:25.000]  就是對神
[00:18:25.000 --> 00:18:27.000]  不忠
[00:18:27.000 --> 00:18:29.000]  所以他
[00:18:29.000 --> 00:18:31.000]  要指出妥協背後的罪
[00:18:31.000 --> 00:18:33.000]  其實都是源於
[00:18:33.000 --> 00:18:35.000]  人的私慾
[00:18:35.000 --> 00:18:37.000]  他接著更嚴厲了
[00:18:37.000 --> 00:18:39.000]  他講出
[00:18:39.000 --> 00:18:41.000]  這個的狀況
[00:18:41.000 --> 00:18:43.000]  和世俗做朋友
[00:18:43.000 --> 00:18:45.000]  不是一些普通的事
[00:18:45.000 --> 00:18:47.000]  說起來可能覺得不要緊
[00:18:47.000 --> 00:18:49.000]  我有時跟隨這個世界走
[00:18:49.000 --> 00:18:51.000]  我活在這個世界裏面
[00:18:51.000 --> 00:18:53.000]  有什麼所謂
[00:18:53.000 --> 00:18:55.000]  但是阿哥說
[00:18:55.000 --> 00:18:57.000]  不是沒有所謂的
[00:18:57.000 --> 00:18:59.000]  不是沒有所謂的
[00:18:59.000 --> 00:19:01.000]  其實當你選擇
[00:19:01.000 --> 00:19:03.000]  和世界做朋友的時候
[00:19:03.000 --> 00:19:05.000]  你就是選擇
[00:19:05.000 --> 00:19:07.000]  和神做敵人
[00:19:07.000 --> 00:19:11.000]  大家有沒有心裏面
[00:19:11.000 --> 00:19:13.000]  想起誰是你的敵人
[00:19:13.000 --> 00:19:15.000]  你會怎樣
[00:19:15.000 --> 00:19:17.000]  去對這個敵人呢
[00:19:17.000 --> 00:19:19.000]  你可能
[00:19:19.000 --> 00:19:21.000]  平時都會覺得
[00:19:21.000 --> 00:19:23.000]  見到他
[00:19:23.000 --> 00:19:25.000]  見他前面就憎他後面
[00:19:25.000 --> 00:19:27.000]  接著你可能心裏面
[00:19:27.000 --> 00:19:29.000]  會罵他
[00:19:29.000 --> 00:19:31.000]  或者可能見到面都會罵他
[00:19:31.000 --> 00:19:33.000]  總之
[00:19:33.000 --> 00:19:35.000]  你就不會對那個敵人
[00:19:35.000 --> 00:19:37.000]  帶有任何善意
[00:19:37.000 --> 00:19:39.000]  是不是
[00:19:39.000 --> 00:19:41.000]  這裏說
[00:19:41.000 --> 00:19:43.000]  原來和世俗做朋友
[00:19:43.000 --> 00:19:45.000]  就是和神為敵
[00:19:45.000 --> 00:19:47.000]  多嚴重
[00:19:47.000 --> 00:19:49.000]  你當了神是敵人
[00:19:49.000 --> 00:19:53.000]  阿哥說一件
[00:19:53.000 --> 00:19:55.000]  很嚴重的事
[00:19:55.000 --> 00:19:57.000]  就好像在生命記裏面
[00:19:57.000 --> 00:19:59.000]  摩西和以色列人
[00:19:59.000 --> 00:20:01.000]  去將這個奏作和祝福
[00:20:01.000 --> 00:20:03.000]  擺在以色列人的面前
[00:20:03.000 --> 00:20:05.000]  呼籲他們要遵守神的道理
[00:20:05.000 --> 00:20:07.000]  你們就會得到祝福
[00:20:07.000 --> 00:20:09.000]  相反
[00:20:09.000 --> 00:20:11.000]  如果你們背棄和神的約
[00:20:11.000 --> 00:20:13.000]  你們得到的是
[00:20:13.000 --> 00:20:15.000]  奏作
[00:20:15.000 --> 00:20:17.000]  結果我們在以色列人的歷史裏面
[00:20:17.000 --> 00:20:19.000]  我們看到的結局是什麼
[00:20:19.000 --> 00:20:21.000]  他們選擇了
[00:20:21.000 --> 00:20:23.000]  背棄神的約
[00:20:23.000 --> 00:20:25.000]  所以他們得到的是
[00:20:25.000 --> 00:20:27.000]  奏作
[00:20:27.000 --> 00:20:29.000]  在這裏阿哥都是一樣
[00:20:29.000 --> 00:20:31.000]  將這個奏作祝福
[00:20:31.000 --> 00:20:33.000]  擺在這班信徒面前
[00:20:33.000 --> 00:20:35.000]  你們如果選擇
[00:20:35.000 --> 00:20:37.000]  和世界做朋友
[00:20:37.000 --> 00:20:39.000]  就是和這個神
[00:20:39.000 --> 00:20:41.000]  做敵人
[00:20:41.000 --> 00:20:43.000]  你們會得到
[00:20:43.000 --> 00:20:45.000]  這個奏作
[00:20:45.000 --> 00:20:47.000]  事實上
[00:20:47.000 --> 00:20:49.000]  阿哥他繼續說
[00:20:49.000 --> 00:20:51.000]  神所賜住在我們裏面的靈
[00:20:51.000 --> 00:20:53.000]  是戀愛至於
[00:20:53.000 --> 00:20:55.000]  習道摩
[00:20:55.000 --> 00:20:57.000]  這個問題可能讀上去
[00:20:57.000 --> 00:20:59.000]  不是太明白
[00:20:59.000 --> 00:21:01.000]  或者我們可以簡單一點
[00:21:01.000 --> 00:21:03.000]  去理解這個反問
[00:21:03.000 --> 00:21:05.000]  神所賜的
[00:21:05.000 --> 00:21:07.000]  聖靈是否喜歡
[00:21:07.000 --> 00:21:09.000]  人的習道呢
[00:21:09.000 --> 00:21:11.000]  喜不喜歡
[00:21:11.000 --> 00:21:13.000]  答案當然是
[00:21:13.000 --> 00:21:15.000]  不喜歡
[00:21:15.000 --> 00:21:17.000]  阿哥的意思是
[00:21:17.000 --> 00:21:19.000]  剛才所說的
[00:21:19.000 --> 00:21:21.000]  貪戀習道的
[00:21:21.000 --> 00:21:23.000]  心態不會是
[00:21:23.000 --> 00:21:25.000]  神所喜悅的
[00:21:25.000 --> 00:21:27.000]  不會是出於聖靈的
[00:21:27.000 --> 00:21:29.000]  這個是出於那個
[00:21:29.000 --> 00:21:31.000]  惡者
[00:21:31.000 --> 00:21:33.000]  要好好對付
[00:21:33.000 --> 00:21:35.000]  自己生命裏頭的
[00:21:35.000 --> 00:21:37.000]  貪戀
[00:21:37.000 --> 00:21:39.000]  那些習道的心態
[00:21:39.000 --> 00:21:41.000]  這裡
[00:21:41.000 --> 00:21:43.000]  阿哥是要去指出
[00:21:43.000 --> 00:21:45.000]  為什麼和世俗為友
[00:21:45.000 --> 00:21:47.000]  就等於和神為敵
[00:21:47.000 --> 00:21:49.000]  是因為
[00:21:49.000 --> 00:21:51.000]  這一切都是神所
[00:21:51.000 --> 00:21:53.000]  不喜悅
[00:21:53.000 --> 00:21:55.000]  不是出於上帝
[00:21:55.000 --> 00:21:57.000]  不是出於聖靈
[00:21:57.000 --> 00:21:59.000]  所以習道就等於和世界
[00:21:59.000 --> 00:22:01.000]  做朋友
[00:22:01.000 --> 00:22:03.000]  為敵
[00:22:03.000 --> 00:22:05.000]  事實上
[00:22:05.000 --> 00:22:07.000]  當一個人他選擇
[00:22:07.000 --> 00:22:09.000]  活在這種習道貪戀的狀態裏面
[00:22:09.000 --> 00:22:11.000]  他選擇和世界
[00:22:11.000 --> 00:22:13.000]  做朋友
[00:22:13.000 --> 00:22:15.000]  他選擇跟隨世界的價值觀
[00:22:15.000 --> 00:22:17.000]  不是一些普通的
[00:22:17.000 --> 00:22:19.000]  選擇
[00:22:19.000 --> 00:22:21.000]  不是一些沒什麼所謂的選擇
[00:22:21.000 --> 00:22:23.000]  而是和神
[00:22:23.000 --> 00:22:25.000]  爭奪那張小椅子
[00:22:25.000 --> 00:22:27.000]  這張椅子
[00:22:27.000 --> 00:22:29.000]  是每一個信徒
[00:22:29.000 --> 00:22:31.000]  生命裏面的寶座
[00:22:31.000 --> 00:22:35.000]  當我們缺置信主的時候
[00:22:35.000 --> 00:22:37.000]  我們每一個
[00:22:37.000 --> 00:22:39.000]  都很肯定
[00:22:39.000 --> 00:22:41.000]  去將這個寶座
[00:22:41.000 --> 00:22:43.000]  讓給耶穌基督
[00:22:43.000 --> 00:22:45.000]  我們知道的
[00:22:45.000 --> 00:22:47.000]  但是不知道為什麼
[00:22:47.000 --> 00:22:49.000]  耶穌坐著坐著
[00:22:49.000 --> 00:22:51.000]  之後你又會
[00:22:51.000 --> 00:22:53.000]  坐到那個
[00:22:53.000 --> 00:22:55.000]  皇位上
[00:22:57.000 --> 00:22:59.000]  是不是會出現這種狀況
[00:22:59.000 --> 00:23:01.000]  其實原來我們
[00:23:01.000 --> 00:23:03.000]  就是不斷和神
[00:23:03.000 --> 00:23:05.000]  爭奪小椅子
[00:23:05.000 --> 00:23:07.000]  和神爭奪小椅子
[00:23:07.000 --> 00:23:09.000]  這種生命的狀況
[00:23:09.000 --> 00:23:11.000]  其實就是一種黑暗的屬靈
[00:23:11.000 --> 00:23:13.000]  生命
[00:23:13.000 --> 00:23:15.000]  剛才是說和人爭奪小椅子
[00:23:15.000 --> 00:23:17.000]  發生過一些衝突
[00:23:17.000 --> 00:23:19.000]  這裏更嚴重
[00:23:19.000 --> 00:23:21.000]  是和神爭奪生命的主權
[00:23:21.000 --> 00:23:23.000]  誰去話事
[00:23:23.000 --> 00:23:25.000]  誰去掌管你的生命
[00:23:25.000 --> 00:23:27.000]  和神爭奪小椅子
[00:23:27.000 --> 00:23:29.000]  其實就是等於和神
[00:23:29.000 --> 00:23:31.000]  為敵
[00:23:31.000 --> 00:23:33.000]  這個就是瓦割
[00:23:33.000 --> 00:23:35.000]  他很想告訴這些信徒
[00:23:35.000 --> 00:23:37.000]  讓他們明白
[00:23:37.000 --> 00:23:39.000]  你們不要再活在這種心懷異議的狀況裏面
[00:23:39.000 --> 00:23:41.000]  不要有時候
[00:23:41.000 --> 00:23:43.000]  又踩踩世界那邊
[00:23:43.000 --> 00:23:45.000]  不要有時候又去
[00:23:45.000 --> 00:23:47.000]  跟隨耶穌
[00:23:47.000 --> 00:23:49.000]  只是為了
[00:23:49.000 --> 00:23:51.000]  哪裏有好處就去哪裏
[00:23:51.000 --> 00:23:53.000]  這種牆頭草的心態
[00:23:53.000 --> 00:23:55.000]  不是神所喜悅
[00:23:55.000 --> 00:23:57.000]  所以最後
[00:23:57.000 --> 00:23:59.000]  瓦割
[00:23:59.000 --> 00:24:01.000]  他把信徒面對的
[00:24:01.000 --> 00:24:03.000]  這兩個
[00:24:03.000 --> 00:24:05.000]  很現實的掙扎
[00:24:05.000 --> 00:24:07.000]  提供了一個解決的方案
[00:24:07.000 --> 00:24:09.000]  就是要謙卑
[00:24:09.000 --> 00:24:11.000]  要自潔
[00:24:11.000 --> 00:24:13.000]  這裏他引用了
[00:24:13.000 --> 00:24:15.000]  《心言三章》三十四節
[00:24:15.000 --> 00:24:17.000]  他說神阻擋驕傲的人
[00:24:17.000 --> 00:24:19.000]  次因給謙卑的人
[00:24:19.000 --> 00:24:21.000]  驕傲的人
[00:24:21.000 --> 00:24:23.000]  就是剛剛所說
[00:24:23.000 --> 00:24:25.000]  他會被神奏作
[00:24:25.000 --> 00:24:27.000]  相反謙卑的人
[00:24:27.000 --> 00:24:29.000]  就會被神來祝福
[00:24:29.000 --> 00:24:31.000]  驕傲的人
[00:24:31.000 --> 00:24:33.000]  他所看的
[00:24:33.000 --> 00:24:35.000]  只是自己的好處
[00:24:35.000 --> 00:24:37.000]  他自以為是
[00:24:37.000 --> 00:24:39.000]  他覺得這樣的生活狀態
[00:24:39.000 --> 00:24:41.000]  就是對自己最好的
[00:24:41.000 --> 00:24:43.000]  他看不見
[00:24:43.000 --> 00:24:45.000]  上帝的主權
[00:24:45.000 --> 00:24:47.000]  相反謙卑的人
[00:24:47.000 --> 00:24:49.000]  會在神的面前
[00:24:49.000 --> 00:24:51.000]  來承認自己的有限
[00:24:51.000 --> 00:24:53.000]  自己的不足
[00:24:53.000 --> 00:24:55.000]  自己的罪
[00:24:55.000 --> 00:24:57.000]  以至到他知道
[00:24:57.000 --> 00:24:59.000]  他需要上帝
[00:24:59.000 --> 00:25:01.000]  他需要向上帝
[00:25:01.000 --> 00:25:03.000]  去呼求
[00:25:03.000 --> 00:25:05.000]  去依靠神
[00:25:05.000 --> 00:25:07.000]  所以謙卑的人
[00:25:07.000 --> 00:25:09.000]  他會得著神的祝福
[00:25:09.000 --> 00:25:11.000]  瓦割不想
[00:25:11.000 --> 00:25:13.000]  好像很離地
[00:25:13.000 --> 00:25:15.000]  他說話
[00:25:15.000 --> 00:25:17.000]  所以他很實際地說
[00:25:17.000 --> 00:25:19.000]  什麼叫做謙卑
[00:25:19.000 --> 00:25:21.000]  什麼叫做自結
[00:25:21.000 --> 00:25:23.000]  他其實
[00:25:23.000 --> 00:25:25.000]  用了一句很簡單的說話
[00:25:25.000 --> 00:25:27.000]  就是信復神
[00:25:27.000 --> 00:25:29.000]  信復神就是謙卑
[00:25:29.000 --> 00:25:31.000]  就是要將
[00:25:31.000 --> 00:25:33.000]  生命的主權
[00:25:33.000 --> 00:25:35.000]  交給耶穌
[00:25:35.000 --> 00:25:37.000]  信復耶穌的
[00:25:37.000 --> 00:25:39.000]  帶領
[00:25:39.000 --> 00:25:41.000]  祂叫你去哪 你就去哪
[00:25:41.000 --> 00:25:43.000]  祂要你做什麼 你就做什麼
[00:25:43.000 --> 00:25:45.000]  這就是信復
[00:25:45.000 --> 00:25:47.000]  他自己去說話
[00:25:47.000 --> 00:25:49.000]  接著他去解釋
[00:25:49.000 --> 00:25:51.000]  信復神包括了什麼
[00:25:51.000 --> 00:25:53.000]  裡面有三個元素
[00:25:53.000 --> 00:25:55.000]  這三個元素
[00:25:55.000 --> 00:25:57.000]  就是謙卑 自結的心
[00:25:57.000 --> 00:25:59.000]  裡面必須要包括的
[00:25:59.000 --> 00:26:01.000]  三個重要的元素
[00:26:01.000 --> 00:26:03.000]  第一個就是
[00:26:03.000 --> 00:26:05.000]  抵擋魔鬼
[00:26:05.000 --> 00:26:07.000]  和親近神
[00:26:07.000 --> 00:26:09.000]  這是一個對比
[00:26:09.000 --> 00:26:11.000]  然後他說離開你們逃跑
[00:26:11.000 --> 00:26:13.000]  和親近你們
[00:26:13.000 --> 00:26:15.000]  是一個對比
[00:26:15.000 --> 00:26:17.000]  意思是什麼呢
[00:26:17.000 --> 00:26:19.000]  我想起一幅圖畫
[00:26:19.000 --> 00:26:23.000]  一個熊媽媽
[00:26:23.000 --> 00:26:25.000]  總是會在自己的
[00:26:25.000 --> 00:26:27.000]  熊寶寶旁邊
[00:26:27.000 --> 00:26:29.000]  陪伴著
[00:26:29.000 --> 00:26:31.000]  不會寸步不離
[00:26:31.000 --> 00:26:33.000]  為什麼
[00:26:33.000 --> 00:26:35.000]  因為她一走開
[00:26:35.000 --> 00:26:37.000]  那些野獸就會走來
[00:26:37.000 --> 00:26:39.000]  吃了那隻熊寶寶
[00:26:41.000 --> 00:26:43.000]  所以熊媽媽知道
[00:26:43.000 --> 00:26:45.000]  她一定要在她身邊
[00:26:45.000 --> 00:26:47.000]  寸步不離
[00:26:47.000 --> 00:26:49.000]  保護這隻熊寶寶
[00:26:49.000 --> 00:26:53.000]  就像這幅圖畫
[00:26:53.000 --> 00:26:55.000]  這幅照片裡面一樣
[00:26:55.000 --> 00:26:57.000]  熊媽媽就是這樣
[00:26:57.000 --> 00:26:59.000]  不離不棄地
[00:26:59.000 --> 00:27:01.000]  去保護
[00:27:01.000 --> 00:27:03.000]  熊寶寶
[00:27:03.000 --> 00:27:05.000]  免她陷於危險
[00:27:05.000 --> 00:27:07.000]  或者生命危險當中
[00:27:09.000 --> 00:27:11.000]  原來雅各
[00:27:11.000 --> 00:27:13.000]  在說一件這樣的事情
[00:27:13.000 --> 00:27:15.000]  當我們親近神的時候
[00:27:15.000 --> 00:27:17.000]  神會親近我們
[00:27:17.000 --> 00:27:19.000]  我們和神的距離會拉近
[00:27:19.000 --> 00:27:21.000]  於是怎樣呢
[00:27:21.000 --> 00:27:23.000]  他很形象化地說
[00:27:23.000 --> 00:27:25.000]  魔鬼見到神
[00:27:25.000 --> 00:27:27.000]  會怎樣呢
[00:27:27.000 --> 00:27:29.000]  會走路
[00:27:29.000 --> 00:27:31.000]  打不贏
[00:27:31.000 --> 00:27:33.000]  還不走
[00:27:33.000 --> 00:27:35.000]  當然會走
[00:27:35.000 --> 00:27:37.000]  就像那些野獸
[00:27:37.000 --> 00:27:39.000]  那麼兇猛
[00:27:39.000 --> 00:27:41.000]  打不贏
[00:27:41.000 --> 00:27:45.000]  就是一個這樣的情況
[00:27:45.000 --> 00:27:47.000]  又或者另外一個
[00:27:47.000 --> 00:27:49.000]  說法就是
[00:27:49.000 --> 00:27:51.000]  當我們
[00:27:51.000 --> 00:27:53.000]  知道我們要
[00:27:53.000 --> 00:27:55.000]  自截要謙卑
[00:27:55.000 --> 00:27:57.000]  要親近神的時候
[00:27:57.000 --> 00:27:59.000]  我們會很敏感於
[00:27:59.000 --> 00:28:01.000]  我們的罪
[00:28:01.000 --> 00:28:03.000]  我們會知道
[00:28:03.000 --> 00:28:05.000]  有什麼我們不應該說
[00:28:05.000 --> 00:28:07.000]  有什麼我們不應該做
[00:28:07.000 --> 00:28:09.000]  因為那些東西
[00:28:09.000 --> 00:28:11.000]  是不合乎神的心意
[00:28:11.000 --> 00:28:13.000]  我們知道這些是
[00:28:13.000 --> 00:28:15.000]  神喜悅的事情
[00:28:15.000 --> 00:28:17.000]  於是我們會怎樣
[00:28:17.000 --> 00:28:19.000]  不做
[00:28:19.000 --> 00:28:21.000]  不做的時候
[00:28:21.000 --> 00:28:23.000]  我們就好像
[00:28:23.000 --> 00:28:25.000]  穿上了這個屬靈的軍裝
[00:28:25.000 --> 00:28:29.000]  魔鬼見到會怎樣
[00:28:29.000 --> 00:28:31.000]  走路
[00:28:31.000 --> 00:28:33.000]  要花那麼大氣力
[00:28:33.000 --> 00:28:35.000]  動到你
[00:28:35.000 --> 00:28:37.000]  受引誘
[00:28:37.000 --> 00:28:39.000]  我當然不會騷擾你
[00:28:39.000 --> 00:28:41.000]  我就騷擾第二個
[00:28:41.000 --> 00:28:43.000]  第二個那個
[00:28:43.000 --> 00:28:45.000]  向著世界走路
[00:28:45.000 --> 00:28:47.000]  很容易的
[00:28:47.000 --> 00:28:49.000]  說一句他就已經跟了我走了
[00:28:49.000 --> 00:28:51.000]  他當然會黏著那個人
[00:28:51.000 --> 00:28:55.000]  所以
[00:28:55.000 --> 00:28:57.000]  我們原來跟神
[00:28:57.000 --> 00:28:59.000]  的關係越親密
[00:28:59.000 --> 00:29:01.000]  越近的時候
[00:29:01.000 --> 00:29:03.000]  魔鬼就會離我們越遠
[00:29:03.000 --> 00:29:05.000]  罪
[00:29:05.000 --> 00:29:07.000]  就會離我們越遠
[00:29:07.000 --> 00:29:11.000]  然後他又很不客氣
[00:29:11.000 --> 00:29:13.000]  去稱呼這些的弟兄
[00:29:13.000 --> 00:29:15.000]  是什麼有罪的人
[00:29:15.000 --> 00:29:17.000]  和心懷異議的人
[00:29:17.000 --> 00:29:19.000]  面對
[00:29:19.000 --> 00:29:21.000]  有罪和心懷異議的人
[00:29:21.000 --> 00:29:23.000]  雅各說你們
[00:29:23.000 --> 00:29:25.000]  的行動就是要
[00:29:25.000 --> 00:29:27.000]  快快的潔淨你們的手
[00:29:27.000 --> 00:29:29.000]  和心
[00:29:29.000 --> 00:29:31.000]  有罪的人會怎樣
[00:29:31.000 --> 00:29:33.000]  做壞事
[00:29:33.000 --> 00:29:37.000]  應該都偷偷地做
[00:29:37.000 --> 00:29:39.000]  不想被人發現
[00:29:39.000 --> 00:29:41.000]  所以
[00:29:41.000 --> 00:29:43.000]  雅各說
[00:29:43.000 --> 00:29:45.000]  如果是這樣的話
[00:29:45.000 --> 00:29:47.000]  你快點潔淨你的手
[00:29:47.000 --> 00:29:49.000]  不要再做壞事了
[00:29:49.000 --> 00:29:51.000]  不是神所喜悅的
[00:29:51.000 --> 00:29:53.000]  心懷異議的人
[00:29:53.000 --> 00:29:55.000]  就好像剛才所說
[00:29:55.000 --> 00:29:57.000]  長頭草 有時跟世界
[00:29:57.000 --> 00:29:59.000]  有時跟耶穌
[00:29:59.000 --> 00:30:01.000]  哪裡有好處就去哪裡
[00:30:01.000 --> 00:30:03.000]  好處要拿到最盡
[00:30:03.000 --> 00:30:07.000]  雅各說
[00:30:07.000 --> 00:30:09.000]  你要在這一刻
[00:30:09.000 --> 00:30:11.000]  做一個最重要的選擇
[00:30:11.000 --> 00:30:13.000]  你要選擇
[00:30:13.000 --> 00:30:15.000]  耶穌
[00:30:15.000 --> 00:30:17.000]  你要選擇跟隨神
[00:30:17.000 --> 00:30:19.000]  你要選擇
[00:30:19.000 --> 00:30:21.000]  潔淨你們的心
[00:30:21.000 --> 00:30:23.000]  因為你們
[00:30:23.000 --> 00:30:25.000]  邪惡的心會令到你
[00:30:25.000 --> 00:30:27.000]  不在罪裡面
[00:30:27.000 --> 00:30:29.000]  而無法自拔
[00:30:29.000 --> 00:30:31.000]  結果就會被神
[00:30:31.000 --> 00:30:33.000]  來咒咒
[00:30:33.000 --> 00:30:35.000]  這就是雅各對信號
[00:30:35.000 --> 00:30:37.000]  一個很重要的提醒
[00:30:37.000 --> 00:30:41.000]  去到第九節
[00:30:41.000 --> 00:30:43.000]  喜笑和歡樂其實是指
[00:30:43.000 --> 00:30:45.000]  罪中之樂
[00:30:45.000 --> 00:30:47.000]  人為什麼會犯罪
[00:30:47.000 --> 00:30:49.000]  因為覺得
[00:30:49.000 --> 00:30:51.000]  都頗開心的
[00:30:51.000 --> 00:30:53.000]  會享受在罪裡面那種好處
[00:30:55.000 --> 00:30:57.000]  但是
[00:30:57.000 --> 00:30:59.000]  雅各說要離開這些
[00:30:59.000 --> 00:31:01.000]  罪中之樂
[00:31:01.000 --> 00:31:03.000]  你要迴轉 你要認罪
[00:31:03.000 --> 00:31:05.000]  你要悔改 歸向神
[00:31:05.000 --> 00:31:07.000]  在詩篇五十一
[00:31:07.000 --> 00:31:09.000]  篇十七節 詩人這麼說
[00:31:09.000 --> 00:31:11.000]  他說神所要的祭
[00:31:11.000 --> 00:31:13.000]  就是憂傷的靈
[00:31:13.000 --> 00:31:15.000]  神啊 憂傷痛悔的心
[00:31:15.000 --> 00:31:17.000]  你必不輕寒
[00:31:17.000 --> 00:31:19.000]  憂傷痛悔的心
[00:31:19.000 --> 00:31:21.000]  你必不輕寒
[00:31:23.000 --> 00:31:25.000]  雅各 就是要
[00:31:25.000 --> 00:31:27.000]  這班信徒 你知道自己
[00:31:27.000 --> 00:31:29.000]  有這些問題 是不是
[00:31:29.000 --> 00:31:31.000]  要脫離罪
[00:31:31.000 --> 00:31:33.000]  就要先去到神的面前
[00:31:33.000 --> 00:31:35.000]  認罪 悔改
[00:31:35.000 --> 00:31:37.000]  因為神會
[00:31:37.000 --> 00:31:39.000]  體重我們
[00:31:39.000 --> 00:31:41.000]  憂傷痛悔的心
[00:31:41.000 --> 00:31:45.000]  神會赦免我們的罪
[00:31:45.000 --> 00:31:47.000]  所以 祂提醒信徒
[00:31:47.000 --> 00:31:49.000]  你們要認罪 你們要悔改
[00:31:49.000 --> 00:31:51.000]  不要
[00:31:51.000 --> 00:31:53.000]  再活在罪中
[00:31:53.000 --> 00:31:55.000]  之樂的裏面
[00:31:55.000 --> 00:31:59.000]  最後 雅各的
[00:31:59.000 --> 00:32:01.000]  一個小節 他說
[00:32:01.000 --> 00:32:03.000]  無要在主面前自卑
[00:32:03.000 --> 00:32:05.000]  主就必叫你們升高
[00:32:05.000 --> 00:32:07.000]  這個是
[00:32:07.000 --> 00:32:09.000]  謙卑自竭的結果
[00:32:09.000 --> 00:32:11.000]  一個信徒
[00:32:11.000 --> 00:32:13.000]  如果他選擇
[00:32:13.000 --> 00:32:15.000]  謙卑 選擇
[00:32:15.000 --> 00:32:17.000]  自竭的時候
[00:32:17.000 --> 00:32:19.000]  他就能夠
[00:32:19.000 --> 00:32:21.000]  被神來到
[00:32:21.000 --> 00:32:23.000]  去升高
[00:32:23.000 --> 00:32:25.000]  自卑
[00:32:25.000 --> 00:32:27.000]  和升高 是一個對比
[00:32:27.000 --> 00:32:31.000]  雅各其實在說一件事
[00:32:31.000 --> 00:32:33.000]  你們跪下
[00:32:33.000 --> 00:32:35.000]  要跪在誰的面前
[00:32:35.000 --> 00:32:39.000]  是否跪在這個世界的面前
[00:32:39.000 --> 00:32:41.000]  去和這個世界妥協
[00:32:41.000 --> 00:32:43.000]  還是
[00:32:43.000 --> 00:32:45.000]  你要選擇
[00:32:45.000 --> 00:32:47.000]  跪在神的面前
[00:32:47.000 --> 00:32:49.000]  這裡說是
[00:32:49.000 --> 00:32:51.000]  在主的面前
[00:32:51.000 --> 00:32:53.000]  自卑
[00:32:53.000 --> 00:32:55.000]  上帝就會叫你
[00:32:55.000 --> 00:32:57.000]  升高
[00:32:57.000 --> 00:32:59.000]  這個
[00:32:59.000 --> 00:33:01.000]  就是謙卑
[00:33:01.000 --> 00:33:03.000]  自竭的祝福
[00:33:03.000 --> 00:33:05.000]  這個是上帝
[00:33:05.000 --> 00:33:07.000]  的祝福
[00:33:07.000 --> 00:33:11.000]  確實
[00:33:11.000 --> 00:33:13.000]  當我們跟隨這個世界走的時候
[00:33:13.000 --> 00:33:15.000]  我們得到這個世界的好處的時候
[00:33:15.000 --> 00:33:17.000]  我們坐在我們生命的寶座
[00:33:17.000 --> 00:33:19.000]  上面的時候 我們會覺得
[00:33:19.000 --> 00:33:21.000]  要風得風 要雨得雨
[00:33:21.000 --> 00:33:23.000]  我們會得到人的稱讚 吹捧
[00:33:23.000 --> 00:33:25.000]  名利
[00:33:25.000 --> 00:33:27.000]  可能雙修
[00:33:27.000 --> 00:33:29.000]  這就是在世界的價值觀裡面
[00:33:29.000 --> 00:33:31.000]  就是成功
[00:33:31.000 --> 00:33:33.000]  所以這個人坐在這裡
[00:33:33.000 --> 00:33:35.000]  會怎樣 笑
[00:33:35.000 --> 00:33:37.000]  他會很開心
[00:33:37.000 --> 00:33:39.000]  但是
[00:33:39.000 --> 00:33:41.000]  他的屬靈生命的狀況
[00:33:41.000 --> 00:33:43.000]  是黑暗的
[00:33:43.000 --> 00:33:45.000]  他面對神的時候
[00:33:45.000 --> 00:33:47.000]  其實他
[00:33:47.000 --> 00:33:49.000]  笑不出來
[00:33:49.000 --> 00:33:51.000]  相反
[00:33:51.000 --> 00:33:53.000]  當我們生命的寶座
[00:33:53.000 --> 00:33:55.000]  上面坐的是耶穌的時候
[00:33:55.000 --> 00:33:57.000]  是的 在世界的價值觀裡面
[00:33:57.000 --> 00:33:59.000]  是很吃虧的
[00:33:59.000 --> 00:34:01.000]  會被人笑的
[00:34:01.000 --> 00:34:03.000]  是蠢蛋
[00:34:03.000 --> 00:34:05.000]  為什麼要選擇耶穌
[00:34:05.000 --> 00:34:07.000]  為什麼要
[00:34:07.000 --> 00:34:09.000]  放棄那些好處
[00:34:09.000 --> 00:34:11.000]  世界的好處
[00:34:11.000 --> 00:34:13.000]  令你不知多快樂
[00:34:13.000 --> 00:34:17.000]  你會被人笑
[00:34:17.000 --> 00:34:19.000]  甚至
[00:34:19.000 --> 00:34:21.000]  你會被人排斥
[00:34:21.000 --> 00:34:25.000]  因為在世界的價值觀裡面
[00:34:25.000 --> 00:34:27.000]  這樣是失敗
[00:34:27.000 --> 00:34:31.000]  但是 在天國的價值觀裡面
[00:34:31.000 --> 00:34:33.000]  他是在說
[00:34:33.000 --> 00:34:35.000]  這個
[00:34:35.000 --> 00:34:37.000]  是合乎神的心意
[00:34:37.000 --> 00:34:39.000]  我們會得著
[00:34:39.000 --> 00:34:41.000]  耶穌的稱讚
[00:34:41.000 --> 00:34:45.000]  今天究竟
[00:34:45.000 --> 00:34:47.000]  我們搬的小椅子
[00:34:47.000 --> 00:34:49.000]  是跟人搬
[00:34:49.000 --> 00:34:51.000]  是跟神搬
[00:34:51.000 --> 00:34:55.000]  今天我們生命的寶座
[00:34:55.000 --> 00:34:57.000]  究竟是耶穌
[00:34:57.000 --> 00:34:59.000]  坐在上面
[00:34:59.000 --> 00:35:01.000]  還是
[00:35:01.000 --> 00:35:03.000]  我們自己坐在上面
[00:35:03.000 --> 00:35:07.000]  今天
[00:35:07.000 --> 00:35:09.000]  我們對這些信仰上的掙扎
[00:35:09.000 --> 00:35:11.000]  其實我們跟世紀的信徒
[00:35:11.000 --> 00:35:13.000]  是沒有分別的
[00:35:13.000 --> 00:35:15.000]  在教會歷史裡面都給我們看到
[00:35:15.000 --> 00:35:17.000]  在不同地方的教會裡面
[00:35:17.000 --> 00:35:19.000]  都一樣給我們看見
[00:35:19.000 --> 00:35:21.000]  是有這些
[00:35:21.000 --> 00:35:23.000]  很現實的掙扎
[00:35:23.000 --> 00:35:25.000]  我們不是要去表面上的和諧
[00:35:25.000 --> 00:35:27.000]  雅各作為
[00:35:27.000 --> 00:35:29.000]  初期教會的領袖
[00:35:29.000 --> 00:35:31.000]  他很想去勸誡一班的信徒
[00:35:31.000 --> 00:35:33.000]  怎樣才能活出
[00:35:33.000 --> 00:35:35.000]  一個
[00:35:35.000 --> 00:35:37.000]  信徒的生命
[00:35:37.000 --> 00:35:39.000]  怎樣才能成為一個
[00:35:39.000 --> 00:35:41.000]  真正稱得上
[00:35:41.000 --> 00:35:43.000]  是耶穌基督的僕人的生命
[00:35:43.000 --> 00:35:47.000]  所以他
[00:35:47.000 --> 00:35:49.000]  很努力
[00:35:49.000 --> 00:35:51.000]  告訴這班信徒
[00:35:51.000 --> 00:35:53.000]  我
[00:35:53.000 --> 00:35:55.000]  不是耶穌的弟弟
[00:35:55.000 --> 00:35:57.000]  我是
[00:35:57.000 --> 00:35:59.000]  耶穌的僕人
[00:35:59.000 --> 00:36:01.000]  你們這班信徒
[00:36:01.000 --> 00:36:03.000]  一樣都是耶穌基督的僕人
[00:36:03.000 --> 00:36:05.000]  這段的經文
[00:36:05.000 --> 00:36:07.000]  直到今天
[00:36:07.000 --> 00:36:09.000]  仍然向我們在座每一個的信徒
[00:36:09.000 --> 00:36:11.000]  每一個耶穌的門徒
[00:36:11.000 --> 00:36:13.000]  去說話
[00:36:13.000 --> 00:36:15.000]  去提醒
[00:36:15.000 --> 00:36:17.000]  我們都是
[00:36:17.000 --> 00:36:19.000]  耶穌基督的僕人
[00:36:19.000 --> 00:36:21.000]  我們今天怎樣去
[00:36:21.000 --> 00:36:23.000]  以這個僕人的身份
[00:36:23.000 --> 00:36:25.000]  去服侍
[00:36:25.000 --> 00:36:27.000]  上帝
[00:36:27.000 --> 00:36:29.000]  去處身在我們不同的
[00:36:29.000 --> 00:36:31.000]  生活的場景裡面
[00:36:31.000 --> 00:36:33.000]  我們的學校
[00:36:33.000 --> 00:36:35.000]  我們的職場
[00:36:35.000 --> 00:36:37.000]  我們的家庭
[00:36:37.000 --> 00:36:39.000]  甚至我們的教會
[00:36:39.000 --> 00:36:41.000]  我們是不是真的在每一個場景裡面
[00:36:41.000 --> 00:36:43.000]  我們都能夠將這個寶座
[00:36:43.000 --> 00:36:45.000]  讓給耶穌
[00:36:45.000 --> 00:36:47.000]  來去坐呢
[00:36:47.000 --> 00:36:49.000]  這個是今天
[00:36:49.000 --> 00:36:51.000]  上帝很想去提醒
[00:36:51.000 --> 00:36:53.000]  我們每一個的功課
[00:36:53.000 --> 00:36:55.000]  讓我們一起低頭
[00:36:55.000 --> 00:36:57.000]  同心禱告
[00:37:01.000 --> 00:37:07.000]  親愛的主耶穌基督
[00:37:07.000 --> 00:37:09.000]  你是那位
[00:37:09.000 --> 00:37:11.000]  坐在寶座上的
[00:37:11.000 --> 00:37:13.000]  君王
[00:37:13.000 --> 00:37:15.000]  你是那位
[00:37:15.000 --> 00:37:17.000]  坐在寶座上的主
[00:37:17.000 --> 00:37:19.000]  你是那位
[00:37:19.000 --> 00:37:21.000]  愛我們
[00:37:21.000 --> 00:37:23.000]  每一個
[00:37:23.000 --> 00:37:25.000]  不配的罪人的主
[00:37:25.000 --> 00:37:29.000]  我們
[00:37:29.000 --> 00:37:31.000]  昔日
[00:37:31.000 --> 00:37:33.000]  在我們缺志的時候
[00:37:33.000 --> 00:37:35.000]  我們都這樣向你
[00:37:35.000 --> 00:37:37.000]  作出這個回應
[00:37:37.000 --> 00:37:39.000]  我們願意
[00:37:39.000 --> 00:37:41.000]  以耶穌基督來作我們生命的主
[00:37:41.000 --> 00:37:43.000]  今天或許
[00:37:43.000 --> 00:37:45.000]  我們可能都會有
[00:37:45.000 --> 00:37:47.000]  軟弱的時候
[00:37:47.000 --> 00:37:49.000]  我們都會有失腳的時候
[00:37:49.000 --> 00:37:51.000]  我們都會
[00:37:51.000 --> 00:37:53.000]  有時有意
[00:37:53.000 --> 00:37:55.000]  有時無意
[00:37:55.000 --> 00:37:57.000]  坐在自己的生命的寶座上
[00:37:57.000 --> 00:37:59.000]  大主
[00:37:59.000 --> 00:38:01.000]  求你的靈
[00:38:01.000 --> 00:38:03.000]  真的去向我們作出提醒
[00:38:03.000 --> 00:38:05.000]  作出教導
[00:38:05.000 --> 00:38:07.000]  用你的話語
[00:38:07.000 --> 00:38:09.000]  去清潔我們的心
[00:38:09.000 --> 00:38:11.000]  以至到我們真的能夠
[00:38:11.000 --> 00:38:13.000]  和你親近
[00:38:13.000 --> 00:38:15.000]  以至到我們真的能夠
[00:38:15.000 --> 00:38:17.000]  得著耶穌
[00:38:17.000 --> 00:38:19.000]  你的話語的幫助
[00:38:19.000 --> 00:38:21.000]  和能力
[00:38:21.000 --> 00:38:23.000]  洗滌我們的生命
[00:38:23.000 --> 00:38:25.000]  讓我們真的能夠
[00:38:25.000 --> 00:38:27.000]  可以言行
[00:38:27.000 --> 00:38:29.000]  心都是一致
[00:38:29.000 --> 00:38:31.000]  作你謙卑的僕人
[00:38:31.000 --> 00:38:33.000]  讓我們每一天
[00:38:33.000 --> 00:38:35.000]  都來到你的跟前
[00:38:35.000 --> 00:38:37.000]  來到去檢視我們的
[00:38:37.000 --> 00:38:39.000]  生命狀態
[00:38:39.000 --> 00:38:41.000]  讓我們真的能夠
[00:38:41.000 --> 00:38:43.000]  作一個謙卑
[00:38:43.000 --> 00:38:45.000]  自潔的僕人
[00:38:45.000 --> 00:38:47.000]  求你親自祝福
[00:38:47.000 --> 00:38:49.000]  與我們同在
[00:38:49.000 --> 00:38:51.000]  我們這樣的禱告
[00:38:51.000 --> 00:38:53.000]  奉靠我主耶穌基督
[00:38:53.000 --> 00:38:55.000]  寶貝的聖名祈求
[00:38:55.000 --> 00:38:56.000]  阿們
