
[00:00:00.000 --> 00:00:01.000]  好,我先祈禱
[00:00:01.000 --> 00:00:03.000]  真是祈樂、仰望祢
[00:00:03.000 --> 00:00:07.440]  今天在分享祢在我們當中的故事
[00:00:07.440 --> 00:00:11.000]  祢的工作及祢的靈在奉陪著我們
[00:00:11.000 --> 00:00:14.880]  讓我們在回憶祢的作為的時候
[00:00:14.880 --> 00:00:16.200]  來興奮祢的激勵
[00:00:16.200 --> 00:00:18.520]  我們見到神的信息的偉大
[00:00:18.520 --> 00:00:22.000]  見到今天祢要在這個世代做什麼
[00:00:22.000 --> 00:00:23.560]  神仰望祢,讚美祢
[00:00:23.560 --> 00:00:25.560]  奉祷祢的名祈禱,Amen
[00:00:25.560 --> 00:00:27.840]  開始的時候,我想跟大家分享
[00:00:27.840 --> 00:00:29.760]  我上個星期
[00:00:29.920 --> 00:00:31.360]  另外小組當中的事
[00:00:31.360 --> 00:00:35.320]  小組的成員,和大家差不多年紀
[00:00:35.320 --> 00:00:37.320]  都是30歲,鬆一點
[00:00:37.320 --> 00:00:39.720]  不夠40歲的弟兄姊妹
[00:00:39.720 --> 00:00:43.000]  當中來查經等等
[00:00:43.000 --> 00:00:45.280]  我們是在查出埃及記
[00:00:45.280 --> 00:00:49.600]  剛剛查了摩西見到Burning bush
[00:00:49.600 --> 00:00:50.600]  焚燒荊棘
[00:00:50.600 --> 00:00:53.120]  神就給了一個異象,一個命令
[00:00:53.120 --> 00:00:58.200]  叫祂帶祂的同胞離開埃及的聖經
[00:00:58.800 --> 00:01:01.760]  有一個弟兄跟我說
[00:01:01.760 --> 00:01:04.560]  他叫我做Uncle Philip
[00:01:04.560 --> 00:01:09.120]  是否神給人,每個人都有命令
[00:01:09.120 --> 00:01:11.920]  我當時應該是
[00:01:11.920 --> 00:01:14.560]  我就想想,我不想馬上回答他
[00:01:14.560 --> 00:01:16.200]  為什麼呢?
[00:01:16.200 --> 00:01:18.480]  因為我組當中不是每個人都是
[00:01:18.480 --> 00:01:21.320]  有幾個都很特別
[00:01:21.320 --> 00:01:23.000]  他們的工作特別
[00:01:23.000 --> 00:01:26.200]  有一個以往做過歌星
[00:01:26.720 --> 00:01:29.720]  有一個以往想做歌星
[00:01:29.720 --> 00:01:32.320]  有一個就想做明星
[00:01:32.320 --> 00:01:34.240]  做不成明星
[00:01:34.240 --> 00:01:38.400]  有一個是他的職業,他的嗜好
[00:01:38.400 --> 00:01:40.720]  他是在澳洲大學畢業
[00:01:40.720 --> 00:01:43.040]  是在車房修車
[00:01:43.040 --> 00:01:45.520]  他在大坑樹有個店舖
[00:01:45.520 --> 00:01:48.160]  你不認識他,經過就見到他修車
[00:01:48.160 --> 00:01:49.880]  他喜歡做這件事
[00:01:49.880 --> 00:01:52.560]  他又很不聽父母說
[00:01:52.560 --> 00:01:55.120]  叫我讀什麼書,什麼牌,他完全不理
[00:01:55.560 --> 00:01:57.400]  我的嗜好就是修車
[00:01:57.400 --> 00:02:01.200]  他有分享,今天他修燃油車
[00:02:01.200 --> 00:02:04.160]  開始有點糟糕,開一輛電車
[00:02:04.160 --> 00:02:07.720]  他跟我說,下星期我上深圳某大學
[00:02:07.720 --> 00:02:10.120]  學過課程,就是怎樣去修電車
[00:02:10.120 --> 00:02:11.640]  他這樣說
[00:02:11.640 --> 00:02:14.560]  我聽到那個人這樣問我之後
[00:02:14.560 --> 00:02:16.120]  我就不回答他們
[00:02:16.120 --> 00:02:17.720]  我就給他們看一張照片
[00:02:17.720 --> 00:02:18.480]  麻煩看一張照片
[00:02:18.480 --> 00:02:22.520]  這張照片我很難找到
[00:02:22.520 --> 00:02:25.480]  是在淫蠻地的報稅檔的照片
[00:02:26.160 --> 00:02:28.000]  我跟他們說
[00:02:28.000 --> 00:02:33.480]  媽媽,你猜叔叔小時候的夢想是報稅的?
[00:02:33.480 --> 00:02:36.120]  我的工作是報稅的
[00:02:36.120 --> 00:02:38.520]  有沒有人的夢想是報稅的?
[00:02:38.520 --> 00:02:40.520]  沒有的,對吧?
[00:02:40.520 --> 00:02:42.880]  他們就笑,我就開始明白
[00:02:42.880 --> 00:02:48.640]  工作和神給你的呼召、命令可以分開
[00:02:48.640 --> 00:02:51.000]  我現在跟他們分享兩段聖經
[00:02:51.000 --> 00:02:52.440]  想跟大家分享
[00:02:53.680 --> 00:02:57.840]  第一段聖經是在《創世紀》的第十二章一至三節
[00:02:57.840 --> 00:02:59.440]  我們先一起讀,好嗎?
[00:02:59.440 --> 00:03:03.320]  耶和華對亞伯蘭說
[00:03:03.320 --> 00:03:05.280]  「你要離開本地」
[00:03:05.280 --> 00:03:12.400]  「我必叫你成為大國」
[00:03:12.400 --> 00:03:14.160]  「我必賜福給你」
[00:03:14.160 --> 00:03:15.800]  「叫你的名為大」
[00:03:15.800 --> 00:03:17.960]  「你也要叫別人得福」
[00:03:17.960 --> 00:03:20.960]  「為你祝福的,我必賜福於他」
[00:03:21.200 --> 00:03:24.080]  「那奏助你的,我必奏助他」
[00:03:24.080 --> 00:03:27.080]  「地上的萬族都要因你得福」
[00:03:27.080 --> 00:03:31.640]  這段聖經是神當天跟亞伯蘭說的
[00:03:31.640 --> 00:03:33.760]  他還沒改名字,還沒叫做「亞伯拉罕」
[00:03:33.760 --> 00:03:37.680]  神距離開吾爾,進到迦南地
[00:03:37.680 --> 00:03:40.920]  跟他說「離開本地,本族附近」
[00:03:40.920 --> 00:03:42.800]  「去我要去的地方當中」
[00:03:42.800 --> 00:03:46.240]  「然後我必叫你成為大國」
[00:03:46.240 --> 00:03:49.320]  「必賜福給你,你的名為大」
[00:03:49.600 --> 00:03:53.880]  「要叫別人得福,別人因你得著福氣」
[00:03:53.880 --> 00:03:59.120]  這個應許的恩典
[00:03:59.120 --> 00:04:01.720]  是不是只給亞伯拉罕?
[00:04:01.720 --> 00:04:03.520]  我們是沒有份的
[00:04:03.520 --> 00:04:06.480]  有的舉手?
[00:04:06.480 --> 00:04:08.080]  沒有的舉手?
[00:04:08.080 --> 00:04:10.040]  沒有吧?
[00:04:10.040 --> 00:04:11.800]  那你信不信?
[00:04:11.800 --> 00:04:16.760]  其實第一點就是神創造我們
[00:04:16.760 --> 00:04:18.880]  把我們在世上美翻天加
[00:04:19.320 --> 00:04:22.600]  正如歌詞所說,歸去跟神在一起之前
[00:04:22.600 --> 00:04:26.640]  是要我們在地上得著的恩典
[00:04:26.640 --> 00:04:28.560]  賜福給我們成為大國
[00:04:28.560 --> 00:04:33.760]  然後我們的工作、我們的存在
[00:04:33.760 --> 00:04:35.160]  是讓人得到福氣
[00:04:35.160 --> 00:04:38.560]  「大什麼國?我都不是做政治」
[00:04:38.560 --> 00:04:39.720]  「我不會選特首的」
[00:04:39.720 --> 00:04:41.480]  「我又不是做什麼大老闆」
[00:04:41.480 --> 00:04:42.840]  「我怎麼會做大國呢?」等等
[00:04:42.840 --> 00:04:44.240]  不是這樣看的
[00:04:44.240 --> 00:04:46.760]  可能在一個小公司當中
[00:04:46.760 --> 00:04:48.720]  可能以往的工廠當中
[00:04:48.720 --> 00:04:50.440]  有一個小小的小部門
[00:04:50.440 --> 00:04:53.080]  你在當中成為那個大國
[00:04:53.080 --> 00:04:55.240]  在那裡你有你的影響力
[00:04:55.240 --> 00:04:56.320]  有你的…
[00:04:56.320 --> 00:04:59.640]  因為你的信仰跟神的關係
[00:04:59.640 --> 00:05:02.000]  讓人…因為你的存在
[00:05:02.000 --> 00:05:05.040]  你的…你的生命得到福氣
[00:05:05.040 --> 00:05:07.840]  很基本,個個都有
[00:05:07.840 --> 00:05:10.080]  因此,不是說要做什麼工作
[00:05:10.080 --> 00:05:13.040]  你在哪裡工作都可以…
[00:05:13.040 --> 00:05:14.320]  我說英文,OK嗎?
[00:05:14.320 --> 00:05:16.800]  就是「Boom where you are planted」
[00:05:17.720 --> 00:05:21.680]  「在神擺在你哪裡就發芽生長」
[00:05:21.680 --> 00:05:23.480]  「Despite」的環境
[00:05:23.480 --> 00:05:26.000]  雖然可能很惡劣、很壞等等
[00:05:26.000 --> 00:05:28.520]  但你有不同的生命
[00:05:28.520 --> 00:05:32.000]  你知道你見到的不是一切
[00:05:32.000 --> 00:05:34.240]  就有一個見不到的角度才是真實
[00:05:34.240 --> 00:05:37.520]  因此,你跟工作跟人不同
[00:05:37.520 --> 00:05:41.040]  因此,你跟你的老闆都可以跟人不同
[00:05:41.040 --> 00:05:43.800]  我剛剛…不要說出去
[00:05:43.800 --> 00:05:46.760]  是不是這堂的崇拜不會錄影的?
[00:05:47.000 --> 00:05:50.040]  不,它不聽的,之後就沒有了
[00:05:50.040 --> 00:05:51.920]  之後就沒有了,OK嗎?
[00:05:51.920 --> 00:05:53.720]  它不會聽的,現在…
[00:05:53.720 --> 00:05:58.200]  我的媳婦,就是阿顧的老婆
[00:05:58.200 --> 00:05:59.720]  你們認識阿顧嗎?
[00:05:59.720 --> 00:06:02.600]  認識阿顧,Brian Poole的老婆
[00:06:02.600 --> 00:06:04.600]  他剛剛…他信主沒多久
[00:06:04.600 --> 00:06:07.800]  他跟我的兒子拍拖,迫他信主
[00:06:07.800 --> 00:06:10.200]  不是迫的,就是他…
[00:06:10.200 --> 00:06:12.320]  在神恩典當中,他信主說
[00:06:12.320 --> 00:06:14.240]  「手針拔」,我說…
[00:06:14.480 --> 00:06:17.040]  他信主說「手針拔」,我說…
[00:06:17.040 --> 00:06:18.960]  我就「洗橫手」,跟神恩說
[00:06:18.960 --> 00:06:22.080]  我說「我去頒證書」,我就頒證書給我媳婦
[00:06:22.080 --> 00:06:25.760]  他信主有很多懷疑,很掙扎
[00:06:25.760 --> 00:06:28.520]  「是不是這樣的?他叫我做老爺的」
[00:06:28.520 --> 00:06:30.680]  「老爺是這樣的嗎?神恩是這樣的嗎?」
[00:06:30.680 --> 00:06:32.040]  他跟我說
[00:06:32.040 --> 00:06:34.200]  但昨天他突然說
[00:06:34.200 --> 00:06:39.360]  他說「凡事順利和,他工作很順利和」
[00:06:39.360 --> 00:06:41.960]  「好像每個人都幫他一手和」
[00:06:42.440 --> 00:06:45.680]  「他以前不是這樣說的,罵到老闆死」
[00:06:45.680 --> 00:06:47.920]  「罵到同事死,個個都是壞人」
[00:06:47.920 --> 00:06:50.600]  他說「現在好像每個人都挺好人」
[00:06:50.600 --> 00:06:53.360]  我跟他說「因為你不同了」
[00:06:53.360 --> 00:06:55.520]  「你帶著笑容跟別人聊天」
[00:06:55.520 --> 00:06:57.320]  「對你會好一點」
[00:06:57.320 --> 00:07:01.480]  這些很小小的不同,已經看到那個分別
[00:07:01.480 --> 00:07:04.560]  你只能有生命,不同了、開心了
[00:07:04.560 --> 00:07:06.840]  你有那個…你知道自己是誰
[00:07:06.840 --> 00:07:10.320]  你就不會單單看著今天,無法加薪
[00:07:11.040 --> 00:07:13.240]  好像有一個片段
[00:07:13.240 --> 00:07:18.520]  是說老闆的員工的名字不是用人名叫的
[00:07:18.520 --> 00:07:21.480]  這個是「萬四」、「二萬七」、「三萬六」
[00:07:21.480 --> 00:07:22.360]  你有沒有聽過?
[00:07:22.360 --> 00:07:24.080]  你又沒有聽過?
[00:07:24.080 --> 00:07:28.480]  即是說「萬四蚊就做那麼多就對了」
[00:07:28.480 --> 00:07:30.360]  「二萬六就多做點事」
[00:07:30.360 --> 00:07:33.040]  「那些是搞笑片」
[00:07:33.040 --> 00:07:36.720]  我們不是這樣看的,我們看人有一定的價值
[00:07:36.720 --> 00:07:38.720]  我有整天生命當中做了很多事
[00:07:39.080 --> 00:07:41.080]  所以第一點命定個個都是的
[00:07:41.080 --> 00:07:42.800]  就好像阿巴拉罕那樣
[00:07:42.800 --> 00:07:46.880]  是得著神的恩典成為大大國
[00:07:46.880 --> 00:07:51.120]  在神面上有我們的影響力幫到很多人
[00:07:51.120 --> 00:07:53.480]  這個是整體幫人的
[00:07:53.480 --> 00:07:56.200]  第一段經文是《羅馬書》八章二十八三十節
[00:07:56.200 --> 00:07:56.880]  一起讀吧
[00:07:56.880 --> 00:08:00.200]  「我們叫得萬事都互相效力」
[00:08:00.200 --> 00:08:02.160]  「叫我神的仁得益處」
[00:08:02.160 --> 00:08:07.080]  「因為他預先所知道的仁」
[00:08:07.440 --> 00:08:10.000]  「就預先定下下佛他兒子的模樣」
[00:08:10.000 --> 00:08:13.320]  「是他兒子在許多頂宗作長子」
[00:08:13.320 --> 00:08:14.760]  「預先所定下的仁」
[00:08:14.760 --> 00:08:16.120]  「又叫他們來」
[00:08:16.120 --> 00:08:17.280]  「所叫來的仁」
[00:08:17.280 --> 00:08:18.880]  「又稱他們為兒」
[00:08:18.880 --> 00:08:20.280]  「所稱為兒的仁」
[00:08:20.280 --> 00:08:22.280]  「又叫他們得榮耀」
[00:08:22.280 --> 00:08:23.960]  這個經文是甚麼意思?
[00:08:23.960 --> 00:08:28.080]  一定讀過,一定聽過,一定分享過,對吧?
[00:08:28.080 --> 00:08:30.360]  很多人往往就會覺得
[00:08:30.360 --> 00:08:32.400]  「萬事皆優」
[00:08:32.400 --> 00:08:35.600]  「萬事互相效力」不是「皆優」
[00:08:36.040 --> 00:08:38.320]  就能夠將「信神的仁得益處」
[00:08:38.320 --> 00:08:39.400]  很多人都是這樣說
[00:08:39.400 --> 00:08:40.600]  「萬事互相效力」
[00:08:40.600 --> 00:08:41.840]  「我就全都成功了」等等
[00:08:41.840 --> 00:08:43.760]  但是看清楚經文
[00:08:43.760 --> 00:08:45.280]  首先有些前設
[00:08:45.280 --> 00:08:47.640]  第一點就是愛神的人
[00:08:47.640 --> 00:08:50.800]  你不愛神就「皆優」了
[00:08:50.800 --> 00:08:53.040]  就是不會「效力得益處」
[00:08:53.040 --> 00:08:55.640]  你愛主,你跟隨神
[00:08:55.640 --> 00:08:56.840]  愛耶穌基督
[00:08:56.840 --> 00:09:00.760]  神就開始運作這個原則
[00:09:00.760 --> 00:09:02.960]  就「萬事互相效力」
[00:09:02.960 --> 00:09:04.840]  那些是甚麼人呢?
[00:09:05.720 --> 00:09:07.400]  是祂預先指導的人
[00:09:07.400 --> 00:09:11.520]  然後祂預先定下我們要成長的路
[00:09:11.520 --> 00:09:14.400]  目的是我們走耶穌的路
[00:09:14.400 --> 00:09:16.640]  下發長子的樣式
[00:09:16.640 --> 00:09:20.320]  然後我們被稱為「得蒙救贖」
[00:09:20.320 --> 00:09:22.640]  到最終是「得榮耀」
[00:09:22.640 --> 00:09:24.720]  是一個成長的階段
[00:09:24.720 --> 00:09:28.080]  所以第二段經文就見到
[00:09:28.080 --> 00:09:29.920]  神給我們的肇名
[00:09:29.920 --> 00:09:32.440]  就是說我們的生命在神裡面
[00:09:32.440 --> 00:09:34.240]  是要「始主」
[00:09:34.920 --> 00:09:37.960]  所以「萬事互相效力」一定是好事
[00:09:37.960 --> 00:09:40.160]  可能神要收剪下你
[00:09:40.160 --> 00:09:41.280]  互相效力
[00:09:41.280 --> 00:09:42.600]  讓你可以「始基督」
[00:09:42.600 --> 00:09:43.680]  「得到榮耀」
[00:09:43.680 --> 00:09:45.800]  而一切的開始
[00:09:45.800 --> 00:09:47.480]  都是愛神開始
[00:09:47.480 --> 00:09:50.640]  神就會幫你走裡面的路
[00:09:50.640 --> 00:09:52.600]  那是甚麼呢?
[00:09:52.600 --> 00:09:53.720]  這麼虛幡的
[00:09:53.720 --> 00:09:55.280]  我的詮釋就是這樣
[00:09:55.280 --> 00:09:57.640]  你今天
[00:09:57.640 --> 00:09:58.480]  可能明天
[00:09:58.480 --> 00:09:59.680]  不是後天
[00:09:59.680 --> 00:10:00.440]  星期一上班
[00:10:00.440 --> 00:10:03.080]  可能你想轉工
[00:10:03.080 --> 00:10:04.760]  你想打榫
[00:10:05.080 --> 00:10:05.920]  等等等等
[00:10:05.920 --> 00:10:07.640]  你又祈禱
[00:10:07.640 --> 00:10:08.440]  等候
[00:10:08.440 --> 00:10:09.920]  神又打不打榫呢?
[00:10:09.920 --> 00:10:10.640]  走不走呢?
[00:10:10.640 --> 00:10:11.680]  有沒有印證呢?
[00:10:11.680 --> 00:10:12.520]  他今天穿甚麼衣服?
[00:10:12.520 --> 00:10:13.320]  就穿甚麼吧
[00:10:13.320 --> 00:10:15.800]  可能你有很多這樣的想法
[00:10:15.800 --> 00:10:17.280]  但是如果你是
[00:10:17.280 --> 00:10:18.840]  跟根據原則的話
[00:10:18.840 --> 00:10:20.000]  第一點就是愛神先
[00:10:20.000 --> 00:10:23.760]  你想想你打榫的目的是甚麼呢?
[00:10:23.760 --> 00:10:25.760]  我們是想貪錢的工作多一點
[00:10:25.760 --> 00:10:27.240]  不一定是錯的
[00:10:27.240 --> 00:10:29.000]  就是信主不要這麼笨
[00:10:29.000 --> 00:10:30.960]  就是人工多不去做
[00:10:30.960 --> 00:10:32.520]  但是總之你
[00:10:33.320 --> 00:10:35.240]  自己的原因你很清楚
[00:10:35.240 --> 00:10:36.960]  不是有私慾
[00:10:36.960 --> 00:10:37.760]  不是有罪的
[00:10:37.760 --> 00:10:39.360]  你實惠上如故
[00:10:39.360 --> 00:10:41.920]  想做更多的事是可以的
[00:10:41.920 --> 00:10:44.280]  然後祈禱等等
[00:10:44.280 --> 00:10:45.720]  那你祈禱之後
[00:10:45.720 --> 00:10:48.800]  A B差不多都不知道
[00:10:48.800 --> 00:10:50.160]  但是時間到了
[00:10:50.160 --> 00:10:51.320]  都要搏脆了是嗎?
[00:10:51.320 --> 00:10:53.360]  那你就搏脆了
[00:10:53.360 --> 00:10:55.120]  A B好了
[00:10:55.120 --> 00:10:56.320]  不要緊的
[00:10:56.320 --> 00:10:58.480]  因為萬事有三合力
[00:10:58.480 --> 00:11:00.720]  叫我神的爹不益處
[00:11:00.720 --> 00:11:02.240]  神會包底的
[00:11:02.680 --> 00:11:03.720]  即是你這樣想的話
[00:11:03.720 --> 00:11:05.760]  你不用這麼擔心我選錯的
[00:11:05.760 --> 00:11:07.440]  選老婆的定計
[00:11:07.440 --> 00:11:10.120]  因為你
[00:11:10.120 --> 00:11:12.800]  只要你在神面前你禱告
[00:11:12.800 --> 00:11:13.520]  尋求
[00:11:13.520 --> 00:11:16.400]  一變無私心不是罪緣故
[00:11:16.400 --> 00:11:19.160]  夠鐘搏脆都要走的
[00:11:19.160 --> 00:11:21.960]  你就是A 還是B
[00:11:21.960 --> 00:11:23.920]  Deadline到了
[00:11:23.920 --> 00:11:25.280]  你就再決定
[00:11:25.280 --> 00:11:26.960]  那神知道你的心
[00:11:26.960 --> 00:11:27.880]  你的過程
[00:11:27.880 --> 00:11:28.920]  祂
[00:11:28.920 --> 00:11:30.200]  honour你
[00:11:30.200 --> 00:11:31.440]  即是怎樣?
[00:11:31.440 --> 00:11:32.920]  honour即是甚麼?中文就是
[00:11:32.920 --> 00:11:36.280]  即是祂會是尊崇
[00:11:36.280 --> 00:11:37.080]  尊榮
[00:11:37.080 --> 00:11:38.680]  不是很
[00:11:38.680 --> 00:11:43.640]  又不是升高
[00:11:43.640 --> 00:11:44.640]  即是祂是
[00:11:44.640 --> 00:11:47.840]  尊敬你等等
[00:11:47.840 --> 00:11:49.360]  類似啦大家明白嗎?
[00:11:49.360 --> 00:11:50.120]  即是
[00:11:50.120 --> 00:11:51.880]  即是祂覺得你這個過程
[00:11:51.880 --> 00:11:54.840]  你真心尋求祂的命
[00:11:54.840 --> 00:11:55.720]  你不是想
[00:11:55.720 --> 00:11:57.040]  即是你不是
[00:11:57.040 --> 00:11:58.760]  編人記錄
[00:11:58.760 --> 00:12:00.760]  神就honour你
[00:12:01.120 --> 00:12:03.200]  在你的抉擇當中
[00:12:03.200 --> 00:12:04.200]  為你預備
[00:12:04.200 --> 00:12:05.720]  成聖事蹟
[00:12:05.720 --> 00:12:07.800]  所以可能你的選擇就是
[00:12:07.800 --> 00:12:09.280]  我今天左還是右呢
[00:12:09.280 --> 00:12:10.520]  拳道行左啦
[00:12:10.520 --> 00:12:12.160]  行左撞到
[00:12:12.160 --> 00:12:13.400]  一些好人好事
[00:12:13.400 --> 00:12:14.360]  牧師等等
[00:12:14.360 --> 00:12:15.360]  幫我成聖
[00:12:15.360 --> 00:12:17.000]  明不明白?就是這樣
[00:12:17.000 --> 00:12:19.240]  所以明中我們行聖的路呢
[00:12:19.240 --> 00:12:21.280]  我們交給祂
[00:12:21.280 --> 00:12:22.880]  等祂帶領
[00:12:22.880 --> 00:12:24.480]  但是當中不用怕
[00:12:24.480 --> 00:12:26.000]  我聽不清楚怎麼辦呢
[00:12:26.000 --> 00:12:27.400]  不用怕的
[00:12:27.400 --> 00:12:28.800]  沒有人清楚的
[00:12:28.800 --> 00:12:29.800]  我都不清楚的
[00:12:30.080 --> 00:12:31.280]  蒙扎扎都去的了
[00:12:31.280 --> 00:12:32.440]  神就包底
[00:12:32.440 --> 00:12:33.840]  就行那裡出來
[00:12:33.840 --> 00:12:36.560]  所以這兩條聖經
[00:12:36.560 --> 00:12:38.120]  我覺得很重要的
[00:12:38.120 --> 00:12:39.440]  就是說信徒
[00:12:39.440 --> 00:12:40.800]  對自己
[00:12:40.800 --> 00:12:42.880]  那個前路
[00:12:42.880 --> 00:12:44.080]  那個命定
[00:12:44.080 --> 00:12:46.080]  那個很基本的認識
[00:12:46.080 --> 00:12:48.560]  沒有教你選擇什麼工作
[00:12:48.560 --> 00:12:51.800]  沒有教你是做醫生還是做律師
[00:12:51.800 --> 00:12:53.080]  那個不重要
[00:12:53.080 --> 00:12:55.720]  是神帶領你的時候
[00:12:55.720 --> 00:12:56.760]  你A B行
[00:12:56.760 --> 00:12:58.160]  就祈禱 行上去
[00:12:58.160 --> 00:12:59.400]  神幫助你
[00:12:59.840 --> 00:13:02.160]  重要的就是說你什麼工作都好
[00:13:02.160 --> 00:13:04.720]  你都要在那個地方當中
[00:13:04.720 --> 00:13:06.720]  是幫助身邊的同事
[00:13:06.720 --> 00:13:07.440]  身邊的人
[00:13:07.440 --> 00:13:09.760]  不是成為公司的奴隸
[00:13:09.760 --> 00:13:10.680]  錢的奴僕
[00:13:10.680 --> 00:13:12.440]  很重要這兩點
[00:13:12.440 --> 00:13:13.880]  好了
[00:13:13.880 --> 00:13:16.880]  這是一個開始的
[00:13:16.880 --> 00:13:18.080]  基礎
[00:13:18.080 --> 00:13:19.480]  我想跟大家
[00:13:19.480 --> 00:13:21.080]  是約書亞記
[00:13:21.080 --> 00:13:24.000]  看人怎樣踏入他的朝命
[00:13:24.000 --> 00:13:26.480]  怎樣是踏入他的將來
[00:13:26.480 --> 00:13:29.160]  約書亞記是一個很重要的經文
[00:13:29.440 --> 00:13:31.440]  其實整個卷書當中
[00:13:31.440 --> 00:13:33.640]  用我這個角度看的話
[00:13:33.640 --> 00:13:34.840]  就是神
[00:13:34.840 --> 00:13:36.200]  讓他看到
[00:13:36.200 --> 00:13:37.840]  人怎樣能夠
[00:13:37.840 --> 00:13:40.000]  process我們的tomorrow
[00:13:40.000 --> 00:13:41.960]  即是今天可以多說一些英文
[00:13:41.960 --> 00:13:42.880]  下午
[00:13:42.880 --> 00:13:45.360]  說新家園要說很多普通話
[00:13:45.360 --> 00:13:47.120]  一說英文
[00:13:47.120 --> 00:13:50.240]  就是說人怎樣得著我們的將來
[00:13:50.240 --> 00:13:52.320]  我覺得和你們說得很對
[00:13:52.320 --> 00:13:54.480]  我們將來都
[00:13:54.480 --> 00:13:56.160]  沒多少日子
[00:13:56.160 --> 00:13:58.360]  但是你們前面的路很長
[00:13:58.720 --> 00:14:00.080]  你們還有很多的將來
[00:14:00.080 --> 00:14:01.040]  很多的可能性
[00:14:01.040 --> 00:14:02.880]  所以和大家分享
[00:14:02.880 --> 00:14:04.240]  這段經文希望
[00:14:04.240 --> 00:14:06.800]  幫助大家在kick start的開始
[00:14:06.800 --> 00:14:08.800]  因為當中的經文
[00:14:08.800 --> 00:14:10.240]  和大家分享第一章
[00:14:10.240 --> 00:14:12.160]  第二章第三章很多
[00:14:12.160 --> 00:14:13.520]  都很重要的經文
[00:14:13.520 --> 00:14:15.320]  說拉合
[00:14:15.320 --> 00:14:16.760]  說過大河
[00:14:16.760 --> 00:14:17.960]  說吉甲
[00:14:17.960 --> 00:14:20.480]  即是他們憲制等等
[00:14:20.480 --> 00:14:21.760]  都很重要的經文
[00:14:21.760 --> 00:14:24.160]  當學習到怎樣得著即場
[00:14:24.160 --> 00:14:25.280]  得著的明天
[00:14:25.280 --> 00:14:27.960]  但是今天先和大家說的開頭
[00:14:28.160 --> 00:14:29.680]  就是摩西死了的經文
[00:14:29.680 --> 00:14:32.120]  我們讀完十節的經文
[00:14:32.120 --> 00:14:34.720]  是約書亞的一章第一節開始
[00:14:34.720 --> 00:14:37.520]  約話的僕人摩西死了以後
[00:14:37.520 --> 00:14:54.800]  凡你們腳掌所踏之地
[00:14:54.800 --> 00:14:57.320]  我都照著我所應許摩西的話
[00:14:57.640 --> 00:14:58.800]  刺激你們了
[00:14:58.800 --> 00:15:01.360]  從曠野或者利巴嫩
[00:15:01.360 --> 00:15:03.080]  直到白拉大河
[00:15:03.080 --> 00:15:04.640]  黑人的全地
[00:15:04.640 --> 00:15:06.600]  又到大海日落之處
[00:15:06.600 --> 00:15:09.000]  都要作你們的警戒
[00:15:09.000 --> 00:15:10.080]  第五節
[00:15:10.080 --> 00:15:11.800]  你平生的日子
[00:15:11.800 --> 00:15:15.200]  必無一人能在你面前站立得住
[00:15:15.200 --> 00:15:17.680]  我怎樣與摩西同在
[00:15:17.680 --> 00:15:19.880]  也必照樣與你同在
[00:15:19.880 --> 00:15:21.880]  我必不撇下你
[00:15:21.880 --> 00:15:23.360]  也不丟棄你
[00:15:23.360 --> 00:15:25.520]  你當當強壯膽
[00:15:25.760 --> 00:15:29.120]  因為你必使這百姓承受那地圍劫
[00:15:29.120 --> 00:15:31.800]  就算我向他們列祖起誓
[00:15:31.800 --> 00:15:33.600]  應許自給他們的地
[00:15:33.600 --> 00:15:35.200]  只要剛強
[00:15:35.200 --> 00:15:36.480]  大大壯膽
[00:15:36.480 --> 00:15:38.640]  謹守遵行我僕人摩西
[00:15:38.640 --> 00:15:40.400]  所吩咐你的一切律法
[00:15:40.400 --> 00:15:42.360]  不可偏離左右
[00:15:42.360 --> 00:15:44.400]  使你無論往哪裏去
[00:15:44.400 --> 00:15:45.880]  都可以順利
[00:15:45.880 --> 00:15:47.080]  這律法書
[00:15:47.080 --> 00:15:48.800]  不可離開你的後
[00:15:48.800 --> 00:15:50.760]  總要奏夜思想
[00:15:55.320 --> 00:15:56.120]  如此
[00:15:56.120 --> 00:15:59.200]  就可以亨通凡事順利
[00:15:59.200 --> 00:16:01.480]  我豈沒有吩咐你摩
[00:16:01.480 --> 00:16:03.440]  你當剛強壯膽
[00:16:03.440 --> 00:16:04.680]  不要懼怕
[00:16:04.680 --> 00:16:06.200]  也不要驚慌
[00:16:06.200 --> 00:16:08.600]  因為你無論往哪裏去
[00:16:08.600 --> 00:16:10.000]  也懷你的神
[00:16:10.000 --> 00:16:11.680]  必與你同在
[00:16:11.680 --> 00:16:12.960]  一至
[00:16:12.960 --> 00:16:14.600]  九節的經文
[00:16:14.600 --> 00:16:16.720]  經文的大講很簡單
[00:16:16.720 --> 00:16:18.200]  和大家很快出去講講
[00:16:18.200 --> 00:16:20.560]  就是第一節講到摩西死了
[00:16:20.560 --> 00:16:21.800]  然後你要起來
[00:16:21.800 --> 00:16:24.040]  第二節講是要割肉彈荷
[00:16:24.200 --> 00:16:27.360]  神就將他腳掌所踏之地賜給他
[00:16:27.360 --> 00:16:29.640]  第三節是神與我們同在
[00:16:29.640 --> 00:16:31.960]  第六節再講到要剛強壯膽
[00:16:31.960 --> 00:16:35.040]  第六節叫他謹守遵行律法
[00:16:35.040 --> 00:16:36.240]  一切會順利
[00:16:36.240 --> 00:16:38.640]  最後是思想亨通等等
[00:16:38.640 --> 00:16:40.840]  第九節再一次和他講
[00:16:40.840 --> 00:16:42.320]  和玉書一講
[00:16:42.320 --> 00:16:44.560]  要剛強壯膽
[00:16:44.560 --> 00:16:48.000]  今天跟大家講兩點
[00:16:48.000 --> 00:16:49.560]  第一點就是第一節
[00:16:49.560 --> 00:16:51.000]  摩西死了
[00:16:51.000 --> 00:16:53.440]  第二點是講剛強壯膽
[00:16:54.320 --> 00:16:55.440]  摩西是甚麼人
[00:16:55.440 --> 00:16:57.480]  摩西是人
[00:16:57.480 --> 00:16:59.720]  是不是 摩西是人
[00:16:59.720 --> 00:17:02.200]  那摩西對玉書是甚麼人
[00:17:02.200 --> 00:17:04.400]  師父
[00:17:04.400 --> 00:17:06.840]  即是他是大佬
[00:17:06.840 --> 00:17:07.880]  我是跟著他的
[00:17:07.880 --> 00:17:10.280]  即是你走去哪裏我去哪裏等等
[00:17:10.280 --> 00:17:12.920]  兩劫插刀跟著你這樣
[00:17:12.920 --> 00:17:16.480]  那在玉書來說
[00:17:16.480 --> 00:17:18.680]  摩西是他的擋箭牌
[00:17:18.680 --> 00:17:20.600]  是他的頭
[00:17:20.600 --> 00:17:21.880]  是他的榜樣
[00:17:22.360 --> 00:17:24.400]  是學習效法的一個人
[00:17:24.400 --> 00:17:26.040]  是他的拐杖
[00:17:26.040 --> 00:17:26.840]  是他的水泡
[00:17:26.840 --> 00:17:27.680]  是他的靠山
[00:17:27.680 --> 00:17:31.080]  或者用我們現在的話來講
[00:17:31.080 --> 00:17:32.080]  可能是一個人
[00:17:32.080 --> 00:17:34.040]  是幫你成長
[00:17:34.040 --> 00:17:35.640]  行十字架的道路
[00:17:35.640 --> 00:17:37.040]  學做信徒
[00:17:37.040 --> 00:17:38.960]  學做你的工作
[00:17:38.960 --> 00:17:40.800]  學做丈夫
[00:17:40.800 --> 00:17:41.840]  學做太太
[00:17:41.840 --> 00:17:45.640]  是你善務 效法
[00:17:45.640 --> 00:17:46.960]  幫到你的對象
[00:17:46.960 --> 00:17:49.240]  可能今天有人說是一個mentor
[00:17:49.240 --> 00:17:51.520]  但我覺得是摩定的mentor
[00:17:51.680 --> 00:17:54.280]  是一個你想學他的人
[00:17:54.280 --> 00:17:55.920]  即是你很想像他
[00:17:55.920 --> 00:17:57.920]  是一個這樣的人
[00:17:57.920 --> 00:18:01.160]  那這樣的人
[00:18:01.160 --> 00:18:02.560]  你是誰呢
[00:18:02.560 --> 00:18:05.680]  可能是你老闆
[00:18:05.680 --> 00:18:08.560]  可能是你
[00:18:08.560 --> 00:18:11.000]  我想講老爸講爸爸
[00:18:11.000 --> 00:18:12.320]  要講文雅少少
[00:18:12.320 --> 00:18:13.600]  可能是你爸爸
[00:18:13.600 --> 00:18:15.600]  可能是教會的牧師
[00:18:15.600 --> 00:18:17.400]  可能是阿嵐
[00:18:17.400 --> 00:18:20.640]  可能是一些你的長輩等等
[00:18:21.600 --> 00:18:23.000]  首先想問大家
[00:18:23.000 --> 00:18:25.080]  你的生命今天
[00:18:25.080 --> 00:18:26.720]  有沒有你的魔勢
[00:18:26.720 --> 00:18:27.840]  想一想
[00:18:27.840 --> 00:18:29.080]  給大家一分鐘想一想
[00:18:29.080 --> 00:18:32.800]  有沒有一些人
[00:18:32.800 --> 00:18:34.480]  你覺得他很幫得到你
[00:18:34.480 --> 00:18:37.360]  可能你以往讀書的老師
[00:18:37.360 --> 00:18:39.560]  一些的學長
[00:18:39.560 --> 00:18:41.200]  一些的校長等等
[00:18:41.200 --> 00:18:43.520]  你很跟他
[00:18:43.520 --> 00:18:44.200]  很學他
[00:18:44.200 --> 00:18:45.120]  善務他
[00:18:45.120 --> 00:18:49.120]  他是生命很令你追求的
[00:18:49.120 --> 00:18:49.800]  有沒有這樣的人
[00:18:49.800 --> 00:18:50.920]  大家有沒有
[00:18:51.600 --> 00:18:55.360]  有沒有摩西哲的生命當中
[00:18:55.360 --> 00:18:57.240]  問過大家
[00:18:57.240 --> 00:18:58.640]  沒有的舉手
[00:18:58.640 --> 00:19:01.160]  沒有
[00:19:01.160 --> 00:19:02.960]  即是個個都有
[00:19:02.960 --> 00:19:04.160]  是不是
[00:19:04.160 --> 00:19:05.440]  有的舉手
[00:19:05.440 --> 00:19:07.880]  真的有
[00:19:07.880 --> 00:19:09.440]  只有這兩個真的有
[00:19:09.440 --> 00:19:11.120]  那些什麼都不舉的
[00:19:11.120 --> 00:19:11.760]  不知道是不是
[00:19:11.760 --> 00:19:14.080]  我覺得
[00:19:14.080 --> 00:19:14.920]  不能逼的
[00:19:14.920 --> 00:19:15.880]  真的不能逼的
[00:19:15.880 --> 00:19:16.960]  但是我想
[00:19:16.960 --> 00:19:19.120]  可能你見到
[00:19:19.120 --> 00:19:20.960]  類似摩西人
[00:19:20.960 --> 00:19:23.040]  你不懷疑他可以做你的摩西
[00:19:23.040 --> 00:19:24.080]  我估
[00:19:24.080 --> 00:19:25.000]  即是神
[00:19:25.000 --> 00:19:25.720]  總有一些人
[00:19:25.720 --> 00:19:27.120]  擺在你身邊當中
[00:19:27.120 --> 00:19:28.760]  是幫你成長
[00:19:28.760 --> 00:19:29.960]  幫你下到今天
[00:19:29.960 --> 00:19:31.440]  那
[00:19:31.440 --> 00:19:32.440]  首先是摩西
[00:19:32.440 --> 00:19:34.280]  那我先講摩西
[00:19:34.280 --> 00:19:36.320]  然後再講摩西四鳥
[00:19:36.320 --> 00:19:39.080]  在這裡想跟大家分享
[00:19:39.080 --> 00:19:40.560]  我的兩個摩西
[00:19:40.560 --> 00:19:42.360]  第一個摩西是
[00:19:42.360 --> 00:19:43.120]  看一張照片
[00:19:43.120 --> 00:19:43.640]  麻煩你
[00:19:43.640 --> 00:19:44.200]  是啦
[00:19:44.200 --> 00:19:46.360]  因為認識這個長輩
[00:19:46.360 --> 00:19:49.960]  後面的
[00:19:49.960 --> 00:19:51.040]  那陣子認識嗎
[00:19:51.040 --> 00:19:52.560]  山頂那些不認識
[00:19:52.560 --> 00:19:55.920]  他是吳亦醫生
[00:19:55.920 --> 00:19:57.600]  那他是我
[00:19:57.600 --> 00:19:59.040]  信主的時候
[00:19:59.040 --> 00:20:00.600]  當時是在
[00:20:00.600 --> 00:20:01.200]  暴徒會
[00:20:01.200 --> 00:20:02.280]  屋福堂的
[00:20:02.280 --> 00:20:03.520]  執事會主席
[00:20:03.520 --> 00:20:05.840]  那當時他是醫生
[00:20:05.840 --> 00:20:07.320]  那也是執事會主席
[00:20:07.320 --> 00:20:09.440]  那很敬甜的人
[00:20:09.440 --> 00:20:10.720]  那我認識他的時候
[00:20:10.720 --> 00:20:11.600]  我久見到他
[00:20:11.600 --> 00:20:12.480]  那他兩公婆
[00:20:12.480 --> 00:20:14.360]  他吳醫生和太太那樣
[00:20:14.360 --> 00:20:15.640]  那他太太
[00:20:15.640 --> 00:20:17.120]  他兩個都很熟齡的
[00:20:17.120 --> 00:20:19.200]  就是看你的眼光呢
[00:20:19.600 --> 00:20:21.520]  好像真是神望著你那樣
[00:20:21.520 --> 00:20:22.440]  你不要犯罪
[00:20:22.440 --> 00:20:24.120]  就是有個感覺
[00:20:24.120 --> 00:20:25.280]  有些怯的感覺
[00:20:25.280 --> 00:20:27.680]  那然後當時教會呢
[00:20:27.680 --> 00:20:28.440]  我們會
[00:20:28.440 --> 00:20:30.600]  聖餐時去執事祈禱
[00:20:30.600 --> 00:20:32.720]  很喜歡聽他祈禱
[00:20:32.720 --> 00:20:35.800]  不是說摩西也好
[00:20:35.800 --> 00:20:37.040]  但是他
[00:20:37.040 --> 00:20:38.760]  就是他禱告呢
[00:20:38.760 --> 00:20:40.320]  好像帶我上天堂那樣
[00:20:40.320 --> 00:20:42.280]  就是當然都是在地上
[00:20:42.280 --> 00:20:43.920]  第一名有一個這樣的人
[00:20:43.920 --> 00:20:45.120]  那然後呢
[00:20:45.120 --> 00:20:47.160]  他又會和我們一班
[00:20:47.160 --> 00:20:49.240]  當時的年輕人夫婦
[00:20:49.240 --> 00:20:50.240]  帶我們去查經
[00:20:50.240 --> 00:20:52.800]  我們就星期一星期五
[00:20:52.800 --> 00:20:54.800]  就會吃完飯之後去他家
[00:20:54.800 --> 00:20:56.120]  在何文田街
[00:20:56.120 --> 00:20:57.240]  那裡查經
[00:20:57.240 --> 00:20:59.160]  去到他家呢
[00:20:59.160 --> 00:21:00.600]  豪宅來的
[00:21:00.600 --> 00:21:01.880]  兩層複式
[00:21:01.880 --> 00:21:02.800]  很大的
[00:21:02.800 --> 00:21:05.000]  那時候我剛出來做工
[00:21:05.000 --> 00:21:05.840]  很羨慕
[00:21:05.840 --> 00:21:06.640]  哇 這麼大
[00:21:06.640 --> 00:21:07.680]  這麼有錢
[00:21:07.680 --> 00:21:08.720]  又揸蝙蝠
[00:21:08.720 --> 00:21:10.480]  又這麼有經驗
[00:21:10.480 --> 00:21:11.520]  是不是很好啊
[00:21:11.520 --> 00:21:13.640]  大英是不是很好啊
[00:21:13.640 --> 00:21:15.760]  是啦是吧
[00:21:15.760 --> 00:21:17.000]  那時候他是
[00:21:17.000 --> 00:21:18.680]  一號的摩西
[00:21:18.880 --> 00:21:19.840]  很想學他
[00:21:19.840 --> 00:21:22.120]  他今天不在家
[00:21:22.120 --> 00:21:23.280]  但是他
[00:21:23.280 --> 00:21:25.760]  就是我最近的時候是在
[00:21:25.760 --> 00:21:26.520]  屋福堂
[00:21:26.520 --> 00:21:28.440]  我做執事跟他的時候
[00:21:28.440 --> 00:21:30.800]  那他教我怎麼處事啦
[00:21:30.800 --> 00:21:31.400]  當時
[00:21:31.400 --> 00:21:33.400]  就是牧師都是傳道未入暗木
[00:21:33.400 --> 00:21:35.480]  那有另外的牧者在當中
[00:21:35.480 --> 00:21:37.880]  那當中的人士等等
[00:21:37.880 --> 00:21:38.920]  怎麼處地罰
[00:21:38.920 --> 00:21:39.880]  他幫助我很多
[00:21:39.880 --> 00:21:41.640]  給我很多的啟示
[00:21:41.640 --> 00:21:43.440]  那之後他
[00:21:43.440 --> 00:21:45.200]  不是 沒有來到屋福堂
[00:21:45.200 --> 00:21:46.280]  他在
[00:21:46.280 --> 00:21:48.080]  港福堂
[00:21:48.080 --> 00:21:50.720]  還有在一個知福堂去聚會
[00:21:50.720 --> 00:21:52.480]  就是我這麼久見到他
[00:21:52.480 --> 00:21:53.600]  都好傾
[00:21:53.600 --> 00:21:55.160]  那他就講了很多東西給我聽
[00:21:55.160 --> 00:21:56.280]  我還記得
[00:21:56.280 --> 00:21:57.960]  最後一次我講
[00:21:57.960 --> 00:21:59.080]  就是我去講
[00:21:59.080 --> 00:22:01.160]  做執事小主席的難處的時候
[00:22:01.160 --> 00:22:02.520]  他說是啊 Philip
[00:22:02.520 --> 00:22:03.800]  最重要是
[00:22:03.800 --> 00:22:05.440]  知道怎麼進退
[00:22:05.440 --> 00:22:06.640]  這個說話呢
[00:22:06.640 --> 00:22:07.880]  我到今天都覺得很
[00:22:07.880 --> 00:22:08.920]  獲益良多
[00:22:08.920 --> 00:22:10.680]  就是做這些崗位
[00:22:10.680 --> 00:22:11.760]  服侍教會
[00:22:11.760 --> 00:22:12.640]  服侍大英姐妹
[00:22:12.640 --> 00:22:14.160]  你懂得怎麼進退
[00:22:14.160 --> 00:22:15.560]  什麼時候做多一點
[00:22:15.560 --> 00:22:17.320]  什麼時候說少一點
[00:22:17.680 --> 00:22:18.880]  是要有智慧
[00:22:18.880 --> 00:22:22.240]  是能夠在實際上成長
[00:22:22.240 --> 00:22:25.200]  所以是
[00:22:25.200 --> 00:22:27.000]  一個很尊敬的長者
[00:22:27.000 --> 00:22:28.760]  他幫我學習侍奉
[00:22:28.760 --> 00:22:29.560]  然後
[00:22:29.560 --> 00:22:31.640]  又讓我見到原來
[00:22:31.640 --> 00:22:33.240]  就是仿佛好像
[00:22:33.240 --> 00:22:35.640]  在世界上面
[00:22:35.640 --> 00:22:36.920]  有一個好的職業
[00:22:36.920 --> 00:22:39.120]  有一個好的入息
[00:22:39.120 --> 00:22:41.480]  和在教會當中侍奉神
[00:22:41.480 --> 00:22:42.320]  競遣
[00:22:42.320 --> 00:22:43.800]  是可以無衝突
[00:22:43.800 --> 00:22:46.720]  這個當時來說是一個很大的啟示
[00:22:46.720 --> 00:22:48.240]  很多人覺得宋彥蘇
[00:22:48.240 --> 00:22:49.280]  什麼時候比較划算
[00:22:49.280 --> 00:22:49.960]  Madam做的
[00:22:49.960 --> 00:22:50.880]  別人騙人
[00:22:50.880 --> 00:22:51.720]  別人誠不誠
[00:22:51.720 --> 00:22:52.200]  那你
[00:22:52.200 --> 00:22:53.480]  一定是黑色的
[00:22:53.480 --> 00:22:55.320]  類似這樣
[00:22:55.320 --> 00:22:56.680]  但原來不是
[00:22:56.680 --> 00:22:58.760]  他是很成功的兒科醫生
[00:22:58.760 --> 00:23:00.760]  他真的有很多
[00:23:00.760 --> 00:23:01.840]  很多小哥看他
[00:23:01.840 --> 00:23:03.200]  醫級很好
[00:23:03.200 --> 00:23:04.760]  但是他就很勁勤
[00:23:04.760 --> 00:23:05.840]  在教會當中侍奉
[00:23:05.840 --> 00:23:08.720]  他到最後的階段
[00:23:08.720 --> 00:23:10.240]  他還跟我說
[00:23:10.240 --> 00:23:12.400]  還帶著四五個小組
[00:23:12.400 --> 00:23:13.760]  是醫生的小組
[00:23:14.320 --> 00:23:17.800]  他還在用他的生命服侍著別人
[00:23:17.800 --> 00:23:20.480]  是一個好的長輩
[00:23:20.480 --> 00:23:23.000]  第二個長輩和大家分享
[00:23:23.000 --> 00:23:26.600]  這個是西人
[00:23:26.600 --> 00:23:27.400]  他是
[00:23:27.400 --> 00:23:29.400]  海福德牧師
[00:23:29.400 --> 00:23:32.040]  我們教會是在
[00:23:32.040 --> 00:23:35.200]  一九九八年
[00:23:35.200 --> 00:23:38.440]  開始是學習性的工作
[00:23:38.440 --> 00:23:40.560]  開始神的令
[00:23:40.560 --> 00:23:42.440]  就是返回福地輪到教會當中
[00:23:42.440 --> 00:23:44.720]  突然間人們有很多的恩賜
[00:23:44.720 --> 00:23:46.720]  就是這兩樣那樣
[00:23:46.720 --> 00:23:47.760]  其實當時有些
[00:23:47.760 --> 00:23:49.080]  有些
[00:23:49.080 --> 00:23:50.240]  怎麼說
[00:23:50.240 --> 00:23:51.800]  有些
[00:23:51.800 --> 00:23:53.200]  說著說著
[00:23:53.200 --> 00:23:54.440]  說了這麼一輩子
[00:23:54.440 --> 00:23:58.000]  好像不知道怎麼去處理
[00:23:58.000 --> 00:24:00.400]  因為神就比較在網上
[00:24:00.400 --> 00:24:02.560]  聽到他的教導
[00:24:02.560 --> 00:24:05.040]  那麼一段不長的訊息
[00:24:05.040 --> 00:24:07.200]  網上只有半小時的訊息
[00:24:07.200 --> 00:24:09.120]  他說什麼是謊言
[00:24:09.120 --> 00:24:10.320]  什麼是敬拜
[00:24:10.320 --> 00:24:11.400]  什麼是釋放
[00:24:11.400 --> 00:24:12.200]  什麼是依次
[00:24:12.200 --> 00:24:13.200]  什麼是趕鬼
[00:24:13.200 --> 00:24:14.920]  他講了很多屬靈恩賜
[00:24:14.920 --> 00:24:17.080]  我聽他講得這麼好
[00:24:17.080 --> 00:24:18.040]  我就乖
[00:24:18.040 --> 00:24:20.400]  我上網去他教會買他的
[00:24:20.400 --> 00:24:22.000]  講道帶回來聽
[00:24:22.000 --> 00:24:24.400]  我有七八年時間
[00:24:24.400 --> 00:24:27.280]  當時的車還有一些卡式機的書
[00:24:27.280 --> 00:24:29.440]  就會開車聽講道
[00:24:29.440 --> 00:24:32.320]  開到聽到感動會舉手
[00:24:32.320 --> 00:24:33.880]  真的會拍他的呼嘯
[00:24:33.880 --> 00:24:36.840]  那麼下面的人以為什麼事呢
[00:24:36.840 --> 00:24:38.520]  因為要打手勢這樣
[00:24:38.520 --> 00:24:41.200]  那麼他不太認識我
[00:24:41.840 --> 00:24:43.040]  但是我認識他
[00:24:43.040 --> 00:24:43.880]  一來是聽到
[00:24:43.880 --> 00:24:47.120]  二來我和何牧師和一些執事
[00:24:47.120 --> 00:24:50.880]  在一九九九年去了他們的教會
[00:24:50.880 --> 00:24:51.840]  聽他們講過
[00:24:51.840 --> 00:24:53.080]  就是他們的會議
[00:24:53.080 --> 00:24:56.120]  之後有兩次來香港聚會
[00:24:56.120 --> 00:24:56.560]  帶會
[00:24:56.560 --> 00:24:58.000]  我也去見到他聊聊天
[00:24:58.000 --> 00:24:59.600]  他抱著我拍了一張照片
[00:24:59.600 --> 00:25:00.360]  還放在我家裡
[00:25:00.360 --> 00:25:04.040]  他是對我來說
[00:25:04.040 --> 00:25:06.000]  不是像伍生這麼近
[00:25:06.000 --> 00:25:07.880]  是很遠的一個牧者
[00:25:07.880 --> 00:25:09.480]  但是在
[00:25:10.520 --> 00:25:12.320]  媒體上在網上
[00:25:12.320 --> 00:25:13.360]  聽他講道
[00:25:13.360 --> 00:25:15.240]  我彷彿就是他的門徒
[00:25:15.240 --> 00:25:17.480]  就是他的色經
[00:25:17.480 --> 00:25:18.240]  他的
[00:25:18.240 --> 00:25:19.360]  就是
[00:25:19.360 --> 00:25:20.600]  他講
[00:25:20.600 --> 00:25:24.560]  阿肝犯罪
[00:25:24.560 --> 00:25:26.120]  講得很好聽
[00:25:26.120 --> 00:25:28.200]  就是今天我沒機會跟大家講
[00:25:28.200 --> 00:25:30.000]  就是約書亞的阿肝犯罪
[00:25:30.000 --> 00:25:33.600]  他為阿肝著緊
[00:25:33.600 --> 00:25:35.880]  為什麼他不可以等多一場仗
[00:25:35.880 --> 00:25:39.200]  之後約書亞就把一些戰利品
[00:25:39.200 --> 00:25:39.960]  分給了那些人
[00:25:40.440 --> 00:25:41.680]  他又不能等
[00:25:41.680 --> 00:25:42.880]  因此就犯罪
[00:25:42.880 --> 00:25:44.160]  那邊對他說道
[00:25:44.160 --> 00:25:46.160]  不是單單說犯罪那麼簡單
[00:25:46.160 --> 00:25:47.400]  講道是順道
[00:25:47.400 --> 00:25:48.560]  走上一條路
[00:25:48.560 --> 00:25:50.120]  要學會等候
[00:25:50.120 --> 00:25:52.200]  有時候事情不要急
[00:25:52.200 --> 00:25:53.240]  等神時間
[00:25:53.240 --> 00:25:56.400]  神在他的時間當中
[00:25:56.400 --> 00:25:57.600]  給我們的是最好的
[00:25:57.600 --> 00:26:01.400]  但是他在二三年都去世了
[00:26:01.400 --> 00:26:03.880]  那在我心裡來說
[00:26:03.880 --> 00:26:05.480]  還有其他有牧者
[00:26:05.480 --> 00:26:06.480]  對他影響很大
[00:26:06.480 --> 00:26:08.120]  一個個都去世了
[00:26:08.120 --> 00:26:09.640]  到今天
[00:26:10.360 --> 00:26:11.000]  對我來說
[00:26:11.000 --> 00:26:12.640]  真是摩西都死光了
[00:26:12.640 --> 00:26:14.760]  在我來講不止是摩西
[00:26:14.760 --> 00:26:16.040]  就是這兩位
[00:26:16.040 --> 00:26:17.920]  還有另外一個牧者都不算
[00:26:17.920 --> 00:26:21.120]  但是看回經文
[00:26:21.120 --> 00:26:24.040]  在第一章第一節裡
[00:26:24.040 --> 00:26:24.720]  神怎麼說
[00:26:24.720 --> 00:26:26.280]  他說
[00:26:26.280 --> 00:26:30.960]  我讀得了
[00:26:30.960 --> 00:26:34.800]  耶和的僕人摩西死去之後
[00:26:34.800 --> 00:26:36.720]  耶和曉與摩西的幫手
[00:26:36.720 --> 00:26:38.880]  亂的兒子約書亞說
[00:26:38.880 --> 00:26:41.360]  我的僕人摩西死了
[00:26:41.360 --> 00:26:42.320]  跟著說
[00:26:42.320 --> 00:26:44.280]  現在你要起來
[00:26:44.280 --> 00:26:46.880]  和眾百姓過者若但何
[00:26:46.880 --> 00:26:48.480]  往我所要之急
[00:26:48.480 --> 00:26:49.520]  而昔人的地去
[00:26:49.520 --> 00:26:52.160]  摩西死了就死了
[00:26:52.160 --> 00:26:53.480]  我就回家睡覺了
[00:26:53.480 --> 00:26:53.960]  是不是
[00:26:53.960 --> 00:26:55.600]  但原來不是
[00:26:55.600 --> 00:26:58.320]  神說要你起來
[00:26:58.320 --> 00:27:01.160]  神說我的工作還沒完
[00:27:01.160 --> 00:27:03.040]  是的
[00:27:03.040 --> 00:27:05.840]  就是他一代做了他的工作
[00:27:05.840 --> 00:27:06.400]  過了
[00:27:06.400 --> 00:27:08.560]  但是神的工作
[00:27:08.560 --> 00:27:10.680]  不會因為一代人過了
[00:27:10.680 --> 00:27:11.680]  就停止了
[00:27:11.680 --> 00:27:14.440]  我工作要繼續
[00:27:14.440 --> 00:27:17.240]  因此新一代要起來
[00:27:17.240 --> 00:27:20.560]  如果你是約書亞
[00:27:20.560 --> 00:27:22.480]  特爾森這樣說
[00:27:22.480 --> 00:27:23.880]  你是不是很興奮
[00:27:23.880 --> 00:27:24.240]  好
[00:27:24.240 --> 00:27:25.280]  我馬上去
[00:27:25.280 --> 00:27:25.800]  是不是這樣
[00:27:25.800 --> 00:27:28.240]  想到
[00:27:28.240 --> 00:27:29.640]  個個都
[00:27:29.640 --> 00:27:30.840]  整個
[00:27:30.840 --> 00:27:32.040]  好
[00:27:32.040 --> 00:27:33.400]  在想情況怎麼樣
[00:27:33.400 --> 00:27:34.480]  是不是這樣
[00:27:34.480 --> 00:27:35.560]  是不是真的會這樣
[00:27:37.120 --> 00:27:39.520]  跟著就不斷見到四個字
[00:27:39.520 --> 00:27:41.400]  就是「剛強壯膽」
[00:27:41.400 --> 00:27:42.160]  是不是
[00:27:42.160 --> 00:27:43.880]  整段經文
[00:27:43.880 --> 00:27:45.160]  不斷出現的就是
[00:27:45.160 --> 00:27:46.280]  「剛強壯膽」
[00:27:46.280 --> 00:27:47.720]  「剛強壯膽」
[00:27:47.720 --> 00:27:48.600]  我們看看
[00:27:48.600 --> 00:27:51.960]  總共有多少個的「剛強壯膽」
[00:27:51.960 --> 00:27:56.240]  原來神在
[00:27:56.240 --> 00:27:59.000]  對約書亞說的話當中
[00:27:59.000 --> 00:28:00.240]  是說了
[00:28:00.240 --> 00:28:02.960]  應該有
[00:28:02.960 --> 00:28:05.440]  五事的「剛強壯膽」
[00:28:05.440 --> 00:28:08.760]  在《新命記》下一章第七節說了一次
[00:28:08.760 --> 00:28:11.000]  在約書亞那一章
[00:28:11.000 --> 00:28:13.640]  那九節經文說了三次
[00:28:13.640 --> 00:28:16.880]  然後在十八節又說多一次
[00:28:16.880 --> 00:28:18.240]  當中說到
[00:28:18.240 --> 00:28:20.640]  第一次說是說到你要
[00:28:20.640 --> 00:28:22.600]  肩負柏西的責任
[00:28:22.600 --> 00:28:23.920]  到你了兄弟
[00:28:23.920 --> 00:28:25.560]  你一頭死了
[00:28:25.560 --> 00:28:27.400]  到你來了
[00:28:27.400 --> 00:28:28.400]  第二句
[00:28:28.400 --> 00:28:29.440]  「剛強壯膽」
[00:28:29.440 --> 00:28:31.040]  他相信神的認許
[00:28:31.040 --> 00:28:34.080]  你要「剛強壯膽」相信神給你認許
[00:28:34.080 --> 00:28:35.560]  第三次說
[00:28:35.560 --> 00:28:38.680]  是要「剛強壯膽」去行神的律法
[00:28:38.680 --> 00:28:39.840]  第四次說
[00:28:39.840 --> 00:28:43.280]  「剛強壯膽」是要相信神的同在
[00:28:43.280 --> 00:28:44.160]  原來一些事情
[00:28:44.160 --> 00:28:45.480]  什麼神認許
[00:28:45.480 --> 00:28:47.320]  神律法律的同在
[00:28:47.320 --> 00:28:50.520]  你要做到要「剛強壯膽」
[00:28:50.520 --> 00:28:52.120]  就是敬拜唱歌容易
[00:28:52.120 --> 00:28:54.120]  就是認許等等等等
[00:28:54.120 --> 00:28:56.720]  但是你真的要實行的時候
[00:28:56.720 --> 00:28:57.800]  要有勇氣
[00:28:57.800 --> 00:28:59.040]  要「剛強壯膽」
[00:28:59.040 --> 00:29:00.120]  要信得過神
[00:29:00.120 --> 00:29:02.720]  真的是真的幫到我的
[00:29:02.720 --> 00:29:04.160]  然後最後一次
[00:29:04.160 --> 00:29:07.440]  是那幫馬仔鼓勵他
[00:29:07.440 --> 00:29:08.240]  「阿嵐」
[00:29:08.240 --> 00:29:08.960]  「剛強壯膽」
[00:29:08.960 --> 00:29:09.760]  「到你了」
[00:29:09.760 --> 00:29:10.440]  就是類似這樣
[00:29:10.440 --> 00:29:11.920]  我們整幫人跟他說
[00:29:11.920 --> 00:29:13.240]  「剛強壯膽」
[00:29:13.240 --> 00:29:14.720]  整幫人逼他
[00:29:14.720 --> 00:29:16.520]  那怎麼辦呢
[00:29:16.520 --> 00:29:19.160]  就是這樣的情況
[00:29:19.160 --> 00:29:20.280]  那可能他更加
[00:29:20.280 --> 00:29:21.160]  更加「勒」
[00:29:21.160 --> 00:29:22.720]  就是你輸了更加「勒」
[00:29:22.720 --> 00:29:23.400]  突然間
[00:29:23.400 --> 00:29:24.360]  我跟開
[00:29:24.360 --> 00:29:26.720]  以往是「阿二」「阿三」「阿四」
[00:29:26.720 --> 00:29:27.640]  突然間就說
[00:29:27.640 --> 00:29:28.720]  「走這樣先」
[00:29:28.720 --> 00:29:29.640]  「怎麼會這樣」
[00:29:29.640 --> 00:29:32.640]  「媽媽教我不要走那麼前」
[00:29:32.640 --> 00:29:34.600]  「做人不要走那麼前」
[00:29:34.600 --> 00:29:36.560]  「危險的」等等
[00:29:36.560 --> 00:29:38.880]  就是這樣的情況
[00:29:38.880 --> 00:29:40.800]  但是神就叫他
[00:29:40.800 --> 00:29:41.680]  「來吧!到你了」
[00:29:41.680 --> 00:29:42.880]  「要「剛強壯膽」了」
[00:29:42.880 --> 00:29:43.600]  「不要怕了」
[00:29:43.600 --> 00:29:46.720]  「要上了」
[00:29:46.720 --> 00:29:50.080]  但是神就是這樣
[00:29:50.080 --> 00:29:53.600]  我記得
[00:29:53.600 --> 00:29:55.120]  怎麼說呢
[00:29:55.120 --> 00:29:56.440]  我先說你那一代
[00:29:56.440 --> 00:29:57.640]  當我們那一代是摩西
[00:29:57.640 --> 00:29:58.600]  現在摩西死掉了
[00:29:58.600 --> 00:29:59.360]  我還沒死
[00:29:59.360 --> 00:30:00.400]  我跟他說一下
[00:30:00.400 --> 00:30:02.000]  但是我那一代的工作
[00:30:02.000 --> 00:30:04.640]  應該是新一代去接受
[00:30:04.640 --> 00:30:06.800]  當時我的摩西是
[00:30:06.800 --> 00:30:09.120]  李醫生等等一幫
[00:30:09.120 --> 00:30:11.440]  蘇永玥牧師等等一幫人
[00:30:11.440 --> 00:30:14.480]  那我跟牧師一起開始的時候
[00:30:14.480 --> 00:30:18.440]  我29歲?28歲?
[00:30:18.440 --> 00:30:20.080]  他31、32歲
[00:30:20.080 --> 00:30:21.680]  大家多少歲?
[00:30:21.680 --> 00:30:22.800]  不用回答我
[00:30:22.800 --> 00:30:25.080]  不用回答我
[00:30:25.080 --> 00:30:28.200]  看來也不止28歲了吧
[00:30:28.200 --> 00:30:30.800]  31、32歲就差不多了等等
[00:30:30.800 --> 00:30:32.800]  小的你們這些姐妹
[00:30:32.800 --> 00:30:35.800]  當時我跟牧師搭檔上的時候
[00:30:35.800 --> 00:30:37.040]  28、29歲而已
[00:30:37.040 --> 00:30:38.680]  30歲左右而已
[00:30:38.680 --> 00:30:40.320]  當時這麼傻乎乎的
[00:30:40.320 --> 00:30:41.960]  又不怕的
[00:30:41.960 --> 00:30:44.160]  那就去吧!又去
[00:30:44.160 --> 00:30:47.280]  然後就開始
[00:30:47.280 --> 00:30:48.560]  開課復堂
[00:30:48.560 --> 00:30:51.960]  1991年等等
[00:30:51.960 --> 00:30:53.840]  開課的時候
[00:30:53.840 --> 00:30:57.480]  我記得人數跟現在差不多
[00:30:57.480 --> 00:31:00.880]  主要是一班夫婦來堂堂當中
[00:31:00.880 --> 00:31:02.240]  當時的何牧師
[00:31:02.240 --> 00:31:04.200]  編導馬上解僱他
[00:31:04.200 --> 00:31:06.360]  不要再逗留了
[00:31:06.360 --> 00:31:09.280]  當時的何牧師不是今天的何牧師
[00:31:09.280 --> 00:31:11.400]  當時是何傳堂
[00:31:11.400 --> 00:31:14.360]  正在學習服侍教會
[00:31:14.360 --> 00:31:15.760]  正在學習講道
[00:31:15.760 --> 00:31:17.640]  正在學習識經
[00:31:17.640 --> 00:31:20.160]  當時的人回國福堂
[00:31:20.160 --> 00:31:21.800]  回同福堂
[00:31:21.800 --> 00:31:23.560]  不要傳出去
[00:31:23.560 --> 00:31:28.520]  沒有人因為編導正而回國
[00:31:28.520 --> 00:31:29.080]  行不行?
[00:31:29.080 --> 00:31:30.080]  不是
[00:31:30.080 --> 00:31:31.440]  你明白我的意思嗎?
[00:31:31.440 --> 00:31:32.560]  道不會不正的
[00:31:32.560 --> 00:31:33.960]  我要更正
[00:31:33.960 --> 00:31:35.240]  編編導也好的
[00:31:35.240 --> 00:31:36.040]  是不是?
[00:31:36.040 --> 00:31:37.520]  講道也好的
[00:31:37.520 --> 00:31:37.920]  OK
[00:31:37.920 --> 00:31:38.640]  我要更正
[00:31:38.640 --> 00:31:40.120]  講錯了
[00:31:40.120 --> 00:31:41.480]  是人覺得不正而已
[00:31:41.480 --> 00:31:42.360]  OK
[00:31:42.360 --> 00:31:43.800]  是人覺得不正
[00:31:43.800 --> 00:31:45.120]  沒有人覺得正而回國
[00:31:45.120 --> 00:31:45.960]  雖然道很正
[00:31:45.960 --> 00:31:46.840]  這樣說就對了
[00:31:46.840 --> 00:31:48.280]  這個可以錄得
[00:31:48.280 --> 00:31:50.600]  雖然道編編導也好
[00:31:50.600 --> 00:31:52.560]  但是人又覺得不正
[00:31:52.560 --> 00:31:54.160]  不正就不回國
[00:31:54.160 --> 00:31:55.840]  但是人回國的原因是什麼呢?
[00:31:55.840 --> 00:31:58.600]  是頂佔他們的愛
[00:31:58.600 --> 00:32:01.360]  所以當時我跟他們的成長
[00:32:01.360 --> 00:32:02.800]  是一班夫婦
[00:32:02.800 --> 00:32:04.840]  我又撐著夫婦團體
[00:32:04.840 --> 00:32:05.960]  當中我
[00:32:05.960 --> 00:32:07.760]  姨姨Mary
[00:32:07.760 --> 00:32:08.560]  還有誰
[00:32:08.560 --> 00:32:12.320]  JJ爸爸媽媽
[00:32:12.320 --> 00:32:14.400]  有些不在場的
[00:32:14.400 --> 00:32:16.080]  有一班夫婦
[00:32:16.080 --> 00:32:18.840]  即是Ellen Law Cynthia那一班
[00:32:18.840 --> 00:32:20.280]  有一班單身的
[00:32:20.280 --> 00:32:22.360]  當時單身現在已經結婚了
[00:32:22.360 --> 00:32:24.680]  單身一班就搞另一個
[00:32:24.680 --> 00:32:26.680]  叫 Tuesday Night Bible Study
[00:32:26.680 --> 00:32:28.120]  當時格局做得很好
[00:32:28.120 --> 00:32:30.600]  一班都是大學畢業生
[00:32:30.600 --> 00:32:32.120]  沒多久的頂子妹
[00:32:32.120 --> 00:32:33.960]  就自己租了一個地方
[00:32:33.960 --> 00:32:35.120]  幼稚園
[00:32:35.120 --> 00:32:36.240]  星期二晚上
[00:32:36.240 --> 00:32:37.760]  有一個Bible Study
[00:32:37.760 --> 00:32:39.360]  很興旺很興旺
[00:32:39.360 --> 00:32:40.640]  那些人上了主
[00:32:40.640 --> 00:32:42.240]  就這兩執日
[00:32:42.240 --> 00:32:43.440]  這兩鵬印
[00:32:43.440 --> 00:32:46.520]  就帶了新朋友回國福堂
[00:32:46.520 --> 00:32:51.240]  因此那個堂慢慢慢慢就興旺的人多
[00:32:51.240 --> 00:32:55.600]  所以不需要想太多
[00:32:55.600 --> 00:32:57.240]  只要大家同心
[00:32:57.240 --> 00:32:58.840]  看大家的樣子同心
[00:32:58.840 --> 00:33:00.840]  沒甚麼不同心的樣子
[00:33:00.840 --> 00:33:02.360]  挺好的
[00:33:02.360 --> 00:33:02.960]  挺好的
[00:33:02.960 --> 00:33:03.760]  同心
[00:33:03.760 --> 00:33:04.800]  第一點就好了
[00:33:04.800 --> 00:33:05.680]  同心
[00:33:05.680 --> 00:33:07.360]  第二點呢
[00:33:07.360 --> 00:33:09.640]  你又有
[00:33:09.640 --> 00:33:11.160]  怎麼說呢
[00:33:11.160 --> 00:33:14.920]  群體有個生命力影響力
[00:33:14.920 --> 00:33:17.880]  即是有些人很能玩
[00:33:17.880 --> 00:33:19.760]  很能說話
[00:33:19.760 --> 00:33:23.360]  我老婆可以煮飯
[00:33:23.360 --> 00:33:25.200]  有些人想和你一起
[00:33:25.200 --> 00:33:26.160]  因為有些人是怎樣認識的呢
[00:33:26.160 --> 00:33:29.560]  有些是在大學城的屋苑處
[00:33:29.560 --> 00:33:30.840]  那個平台處
[00:33:30.840 --> 00:33:32.480]  看到他在照顧小孩
[00:33:32.480 --> 00:33:33.520]  大家聊天
[00:33:33.520 --> 00:33:34.720]  一個是阿姨Mary
[00:33:34.720 --> 00:33:36.160]  一個是阿姨Shirley
[00:33:36.160 --> 00:33:37.560]  就帶了Shirley回教會
[00:33:37.560 --> 00:33:39.120]  那個人是Uncle PC
[00:33:39.120 --> 00:33:41.040]  就這樣帶你回教會順住
[00:33:41.040 --> 00:33:43.760]  全部都在我們生命當中
[00:33:43.760 --> 00:33:45.000]  同事
[00:33:45.000 --> 00:33:46.840]  朋友
[00:33:46.840 --> 00:33:48.160]  鄰居等等
[00:33:48.160 --> 00:33:50.840]  就帶去我們家當中的小組
[00:33:50.840 --> 00:33:53.400]  順住之後就回教會
[00:33:53.400 --> 00:33:54.520]  所以就這樣
[00:33:54.520 --> 00:33:57.800]  神的工作就一直這樣開始
[00:33:57.800 --> 00:34:00.160]  那個故事從小開始
[00:34:00.160 --> 00:34:01.800]  當時我們一班人
[00:34:01.800 --> 00:34:02.680]  幾十個
[00:34:02.680 --> 00:34:04.320]  傻乎乎的就這樣做
[00:34:04.320 --> 00:34:06.040]  不怕天高地厚
[00:34:06.040 --> 00:34:10.120]  接著就神臨到教會
[00:34:10.120 --> 00:34:11.600]  教會生長
[00:34:11.600 --> 00:34:12.560]  九幾年
[00:34:12.560 --> 00:34:15.040]  到九三年去祷堂
[00:34:15.040 --> 00:34:16.080]  之後九八九九年
[00:34:16.080 --> 00:34:19.400]  神再用祂的方法
[00:34:19.400 --> 00:34:21.120]  聖靈造訪教會
[00:34:21.120 --> 00:34:22.680]  考金燈
[00:34:22.680 --> 00:34:24.280]  我們這一代
[00:34:24.280 --> 00:34:28.040]  大家說都走了二三十年
[00:34:28.040 --> 00:34:29.400]  還沒走遠的
[00:34:29.400 --> 00:34:32.480]  但是今天是我們交棒的時間
[00:34:32.480 --> 00:34:35.520]  是你們接棒的時間
[00:34:35.520 --> 00:34:36.320]  所以我今天
[00:34:36.320 --> 00:34:40.160]  如果大家我的心很開心
[00:34:40.160 --> 00:34:42.880]  也很巴不得
[00:34:42.880 --> 00:34:46.080]  這個棒大家接到
[00:34:46.080 --> 00:34:48.440]  不用擔心它行不行
[00:34:48.440 --> 00:34:49.880]  當時我很差
[00:34:49.880 --> 00:34:51.040]  懂得查經嗎
[00:34:51.040 --> 00:34:52.960]  懂得說這麼多東西嗎
[00:34:52.960 --> 00:34:55.280]  查經就大家一人拿本聖經
[00:34:55.280 --> 00:34:57.240]  一人拿解經書
[00:34:57.240 --> 00:34:59.040]  在兩段就說
[00:34:59.040 --> 00:35:01.200]  A一說就B C D E
[00:35:01.200 --> 00:35:02.840]  個個都搭個嘴就可以了
[00:35:02.840 --> 00:35:05.000]  大家分享的多就可以了
[00:35:05.000 --> 00:35:05.880]  所以很容易
[00:35:05.880 --> 00:35:06.880]  你今天就可以了
[00:35:06.880 --> 00:35:08.200]  現在我又說罵了算了
[00:35:08.200 --> 00:35:10.600]  我們很系統性查經
[00:35:10.600 --> 00:35:16.760]  很乾淨了就很擔心了
[00:35:16.760 --> 00:35:18.960]  你們明白嗎
[00:35:18.960 --> 00:35:20.320]  不要緊
[00:35:20.320 --> 00:35:21.320]  你講錯了
[00:35:21.320 --> 00:35:22.880]  我身上不懂得聽你的
[00:35:22.880 --> 00:35:25.920]  懂鬼你懂得講錯聖經嗎
[00:35:25.920 --> 00:35:27.720]  重要的是一個關係
[00:35:27.720 --> 00:35:29.840]  就是你愛你的朋友
[00:35:29.840 --> 00:35:33.520]  當中很多是新婚夫婦吵架
[00:35:33.520 --> 00:35:35.760]  有沒有新婚夫婦在當中
[00:35:35.760 --> 00:35:36.360]  舉手
[00:35:36.360 --> 00:35:37.480]  結婚沒多久的舉手
[00:35:37.480 --> 00:35:39.480]  結婚五年之內舉手
[00:35:39.480 --> 00:35:43.280]  五年之外的
[00:35:43.280 --> 00:35:47.400]  結婚三年三年
[00:35:47.400 --> 00:35:49.760]  有嗎不敢舉手
[00:35:49.760 --> 00:35:51.200]  好
[00:35:51.200 --> 00:35:53.080]  有沒有吵架
[00:35:53.080 --> 00:35:55.120]  有人說沒有
[00:35:55.120 --> 00:35:56.400]  當然有
[00:35:56.400 --> 00:35:58.400]  當然是吵架
[00:35:58.400 --> 00:35:59.720]  吵架就對了
[00:35:59.720 --> 00:36:01.440]  吵架有好的機會
[00:36:01.440 --> 00:36:03.720]  帶回夫婦小組當中
[00:36:03.720 --> 00:36:08.520]  如何處理衝突
[00:36:08.520 --> 00:36:10.000]  有一套資料
[00:36:10.000 --> 00:36:11.080]  我沒有說謊的
[00:36:11.080 --> 00:36:12.120]  大家
[00:36:12.120 --> 00:36:13.640]  Jayman的父母
[00:36:13.640 --> 00:36:15.320]  用過幾次的資料
[00:36:15.320 --> 00:36:17.240]  都是那些八九課書
[00:36:17.240 --> 00:36:18.680]  我們一起查
[00:36:18.680 --> 00:36:19.920]  今次和ABC一起查
[00:36:19.920 --> 00:36:21.680]  下次和DEF一起查
[00:36:21.680 --> 00:36:23.760]  順便展示一下很容易的
[00:36:23.760 --> 00:36:25.960]  那些人
[00:36:25.960 --> 00:36:28.480]  是很容易的
[00:36:28.480 --> 00:36:30.800]  變成幫了他們
[00:36:30.800 --> 00:36:32.240]  見到他們遇到困難
[00:36:32.240 --> 00:36:36.720]  就是夫婦之間的挨煞等等
[00:36:36.720 --> 00:36:39.000]  今下見到一個夫婦
[00:36:39.000 --> 00:36:40.160]  一對夫婦
[00:36:40.160 --> 00:36:41.800]  結婚不知道多久了兩個月
[00:36:41.800 --> 00:36:44.080]  應該要吵架吵到離婚
[00:36:44.080 --> 00:36:45.360]  說不要這樣吵架
[00:36:45.360 --> 00:36:46.440]  有規矩的
[00:36:46.440 --> 00:36:47.960]  不會說離婚的
[00:36:47.960 --> 00:36:50.080]  那些基本的東西說給你聽
[00:36:50.080 --> 00:36:51.480]  就幫了他們
[00:36:51.480 --> 00:36:53.160]  很少東西幫了他們很多
[00:36:53.160 --> 00:36:57.800]  在有日常生命的接觸
[00:36:57.800 --> 00:36:59.440]  和別人分享
[00:36:59.440 --> 00:37:02.160]  我不敢說是阿巴拉罕的恩典
[00:37:02.160 --> 00:37:03.280]  我想類似吧
[00:37:03.280 --> 00:37:05.280]  就是神秘的我們的恩典
[00:37:05.280 --> 00:37:07.200]  福氣就傳出去
[00:37:07.200 --> 00:37:08.880]  那時候的情況就是
[00:37:08.880 --> 00:37:10.240]  不是一個人做
[00:37:10.240 --> 00:37:11.600]  不是我和我太太做
[00:37:11.600 --> 00:37:13.240]  不是我和阿姨Merry做
[00:37:13.240 --> 00:37:14.840]  是一個群體做
[00:37:14.840 --> 00:37:15.960]  有阿姨Irene
[00:37:15.960 --> 00:37:16.760]  Albert
[00:37:16.760 --> 00:37:17.560]  Alan Law
[00:37:17.560 --> 00:37:18.840]  Cynthia等等
[00:37:18.840 --> 00:37:20.640]  James
[00:37:20.640 --> 00:37:22.400]  我叫他們叫阿爸做James
[00:37:22.400 --> 00:37:24.320]  真的不要介意
[00:37:24.320 --> 00:37:25.440]  Mr. Wu
[00:37:25.440 --> 00:37:27.440]  Mrs. Wu等等
[00:37:27.440 --> 00:37:29.600]  是這樣成長出來
[00:37:29.600 --> 00:37:31.960]  當然這麼多年之後
[00:37:31.960 --> 00:37:33.040]  有些流失
[00:37:33.040 --> 00:37:34.400]  有些去另一間教會
[00:37:34.400 --> 00:37:35.360]  但是不要緊
[00:37:35.360 --> 00:37:36.960]  看到面都很開心
[00:37:36.960 --> 00:37:39.360]  一起去分享整個生命
[00:37:39.360 --> 00:37:40.680]  神在不同的人當中
[00:37:40.680 --> 00:37:43.080]  做不同的事
[00:37:43.080 --> 00:37:44.360]  所以今天
[00:37:44.360 --> 00:37:46.560]  我們這一代過去
[00:37:46.560 --> 00:37:48.640]  有你們這一代來
[00:37:48.640 --> 00:37:50.440]  站在一處good size
[00:37:50.440 --> 00:37:51.440]  就是剛好
[00:37:51.440 --> 00:37:52.040]  又不是太big
[00:37:52.040 --> 00:37:53.320]  不是太小人
[00:37:53.320 --> 00:37:55.840]  但是有空間去給新人來
[00:37:55.840 --> 00:37:58.480]  可能未必馬上帶人回教會
[00:37:58.480 --> 00:37:59.800]  在家吃飯
[00:37:59.800 --> 00:38:01.760]  你這麼多新婚夫婦
[00:38:01.760 --> 00:38:04.880]  你家的房子不要給太小
[00:38:04.880 --> 00:38:06.920]  你怎麼都能坐七八個人
[00:38:06.920 --> 00:38:09.080]  就是等一等就坐到了
[00:38:09.080 --> 00:38:10.280]  那就夠了
[00:38:10.280 --> 00:38:11.480]  就有七八個人可以聊天
[00:38:11.480 --> 00:38:12.320]  可以小組
[00:38:12.320 --> 00:38:13.880]  當中分享等等
[00:38:13.880 --> 00:38:16.000]  那些人很自然就會
[00:38:16.000 --> 00:38:17.360]  打開心聽你講
[00:38:17.360 --> 00:38:19.280]  慢慢慢慢上來show
[00:38:19.280 --> 00:38:22.560]  當中Uncle PC Daz
[00:38:22.560 --> 00:38:25.880]  就是金陵的主頭
[00:38:25.880 --> 00:38:27.040]  還有Uncle Bruce
[00:38:27.040 --> 00:38:27.760]  你知不知道
[00:38:27.760 --> 00:38:28.920]  你不太認識
[00:38:28.920 --> 00:38:30.680]  他也是由我助理執事的
[00:38:30.680 --> 00:38:33.600]  就是在一個夫婦的小當中
[00:38:33.600 --> 00:38:34.960]  慢慢慢慢信主
[00:38:34.960 --> 00:38:36.280]  他最初不上來show
[00:38:36.280 --> 00:38:37.440]  我不逼他信主
[00:38:37.440 --> 00:38:38.640]  慢慢慢慢他自己就信了
[00:38:38.640 --> 00:38:39.600]  我就信我了
[00:38:39.600 --> 00:38:41.280]  就是這麼簡單
[00:38:41.280 --> 00:38:42.840]  所以
[00:38:42.840 --> 00:38:44.240]  就整天工作
[00:38:44.240 --> 00:38:46.840]  有群體同心齊行
[00:38:46.840 --> 00:38:48.680]  就好得無比
[00:38:48.680 --> 00:38:49.800]  很開心
[00:38:49.800 --> 00:38:53.400]  當時我早生女兒
[00:38:53.400 --> 00:38:55.600]  我三十歲就有爸爸了
[00:38:55.600 --> 00:38:57.160]  生了小朋友之後
[00:38:57.160 --> 00:38:58.600]  很多人就跟我說
[00:38:58.600 --> 00:39:00.200]  很難侍奉
[00:39:00.200 --> 00:39:01.560]  但是當時我們的情況就是
[00:39:01.560 --> 00:39:03.120]  有了小朋友之後
[00:39:03.120 --> 00:39:05.440]  我們又輪著不太在家裡開小組
[00:39:05.440 --> 00:39:06.960]  但是主要在家裡開多一點
[00:39:06.960 --> 00:39:09.480]  但是就不是每個星期開
[00:39:09.480 --> 00:39:11.160]  是隔星期開
[00:39:11.160 --> 00:39:12.600]  讓一些爸爸媽媽有空間
[00:39:12.600 --> 00:39:14.320]  帶孩子等等都好
[00:39:14.320 --> 00:39:18.160]  但是當你是喜歡一個小組
[00:39:18.160 --> 00:39:19.760]  你擁有它
[00:39:19.760 --> 00:39:22.040]  因為你負責帶新朋友來
[00:39:22.040 --> 00:39:23.560]  你自然就很想做
[00:39:23.560 --> 00:39:24.840]  很想去
[00:39:24.840 --> 00:39:26.680]  那時候保住女兒
[00:39:26.680 --> 00:39:27.760]  刷經都可以的
[00:39:27.760 --> 00:39:29.360]  從小到大聽我說聖經
[00:39:29.360 --> 00:39:30.640]  我都沒問題
[00:39:30.640 --> 00:39:33.080]  所以就是這樣
[00:39:33.080 --> 00:39:34.000]  所以今天
[00:39:34.000 --> 00:39:36.320]  神跟我們說
[00:39:36.320 --> 00:39:39.040]  你的摩西死了
[00:39:39.040 --> 00:39:41.880]  你要起來作聖的工作
[00:39:41.880 --> 00:39:43.680]  要剛強壯膽
[00:39:43.680 --> 00:39:46.760]  去肩負神給你的誡命
[00:39:46.760 --> 00:39:48.200]  不要
[00:39:48.200 --> 00:39:49.880]  不要害怕
[00:39:49.880 --> 00:39:51.840]  他很喜歡聖經說
[00:39:51.840 --> 00:39:53.960]  要起來的那句說話
[00:39:53.960 --> 00:39:55.680]  那句經文
[00:39:55.680 --> 00:39:56.960]  就是起來
[00:39:56.960 --> 00:40:00.000]  我們很少看過這樣的
[00:40:00.000 --> 00:40:02.000]  這個 posture(姿勢)
[00:40:02.000 --> 00:40:03.520]  在我們體教當中
[00:40:03.520 --> 00:40:05.080]  我們敬拜神
[00:40:05.080 --> 00:40:06.120]  我們在神面前
[00:40:06.120 --> 00:40:07.880]  就是肅靜等等
[00:40:07.880 --> 00:40:09.360]  我們是跪下
[00:40:09.360 --> 00:40:10.960]  就是跛在樹上
[00:40:10.960 --> 00:40:12.200]  等候樹等等
[00:40:12.200 --> 00:40:13.440]  那都是很好的
[00:40:13.440 --> 00:40:16.320]  但是原來神有時叫我們起來的
[00:40:16.320 --> 00:40:17.960]  因為神說
[00:40:17.960 --> 00:40:19.600]  時候還沒到
[00:40:19.600 --> 00:40:21.800]  祂還有很多事情要做
[00:40:21.800 --> 00:40:24.280]  你敬拜我
[00:40:24.280 --> 00:40:25.280]  親近我
[00:40:25.280 --> 00:40:26.400]  很好
[00:40:26.400 --> 00:40:28.000]  但是你不要忘記
[00:40:28.000 --> 00:40:30.440]  我的工作要你去完成
[00:40:30.440 --> 00:40:31.720]  因此
[00:40:31.720 --> 00:40:33.840]  敬拜人才有你的起來
[00:40:33.840 --> 00:40:35.520]  所以敬拜不是
[00:40:35.520 --> 00:40:37.040]  the end in itself
[00:40:37.040 --> 00:40:38.560]  是在那句經當中
[00:40:38.560 --> 00:40:40.040]  聽成日差遣
[00:40:40.040 --> 00:40:43.280]  起來作他的工作
[00:40:43.280 --> 00:40:44.640]  剛強壯膽
[00:40:44.640 --> 00:40:46.280]  建立教會
[00:40:46.280 --> 00:40:47.960]  有萬少雙合力
[00:40:47.960 --> 00:40:50.160]  得著神給我們的益處
[00:40:50.160 --> 00:40:51.800]  我們
[00:40:51.800 --> 00:40:54.280]  閉上雙眼
[00:40:54.280 --> 00:41:04.760]  等神和你說話
[00:41:04.760 --> 00:41:06.880]  你問問自己
[00:41:06.880 --> 00:41:09.120]  你今天有沒有憂慮
[00:41:09.120 --> 00:41:15.000]  有沒有恐懼
[00:41:15.000 --> 00:41:18.880]  你對明天
[00:41:18.880 --> 00:41:32.160]  是不是有很多擔心和恐懼
[00:41:32.160 --> 00:41:57.480]  你怕什麼
[00:41:57.480 --> 00:41:59.400]  阿美
[00:41:59.400 --> 00:42:01.520]  下星期的工作
[00:42:01.520 --> 00:42:03.520]  開個公司
[00:42:03.520 --> 00:42:04.960]  是不是很多恐懼
[00:42:04.960 --> 00:42:07.080]  很多憂慮
[00:42:07.080 --> 00:42:08.800]  見到那些人
[00:42:08.800 --> 00:42:11.000]  見到那些
[00:42:11.000 --> 00:42:14.160]  很難搞的project
[00:42:14.160 --> 00:42:16.160]  在心裡怎麼想
[00:42:31.520 --> 00:42:43.040]  你職場是否覺得自己
[00:42:43.040 --> 00:42:45.960]  每天是捱打
[00:42:45.960 --> 00:42:48.200]  是掙扎
[00:42:48.200 --> 00:43:13.320]  勝過不了這個世界
[00:43:13.320 --> 00:43:15.200]  你知不知道神
[00:43:15.200 --> 00:43:18.120]  有什麼應許給你
[00:43:18.120 --> 00:43:20.560]  神將你擺在今天的光景
[00:43:20.560 --> 00:43:23.360]  在公司的處境當中
[00:43:23.360 --> 00:43:24.840]  神是
[00:43:24.840 --> 00:43:27.360]  為什麼這樣做
[00:43:27.360 --> 00:43:43.080]  有沒有他的原因
[00:43:43.080 --> 00:43:46.080]  你的生命是不是很多失敗
[00:43:46.080 --> 00:43:47.960]  他自己
[00:43:47.960 --> 00:43:52.360]  養得還不好
[00:43:52.360 --> 00:43:54.440]  讀書又做得不好
[00:43:54.440 --> 00:43:58.160]  工作又一塌糊塗
[00:43:58.160 --> 00:44:01.760]  見不到曙光
[00:44:01.760 --> 00:44:06.480]  見不到那個德性
[00:44:06.480 --> 00:44:09.080]  見到的是不斷的失敗
[00:44:09.080 --> 00:44:16.600]  不斷的挫折
[00:44:16.600 --> 00:44:18.280]  我給大家一些時間
[00:44:18.280 --> 00:44:20.000]  三幾分鐘
[00:44:20.000 --> 00:44:23.840]  給我神
[00:44:23.840 --> 00:44:26.640]  聊天
[00:44:26.640 --> 00:44:28.200]  你問祂
[00:44:28.200 --> 00:44:30.600]  你的生命就是這樣
[00:44:30.600 --> 00:44:32.680]  或者你問祂
[00:44:32.680 --> 00:44:35.120]  在公司當中
[00:44:35.120 --> 00:44:37.800]  你有什麼給我做
[00:44:37.800 --> 00:44:40.560]  怎樣去見證你
[00:44:40.560 --> 00:45:10.520]  給我神的時間
[00:45:10.520 --> 00:45:12.520]  在公司當中
[00:45:12.520 --> 00:45:14.560]  你有什麼給我做
[00:45:14.560 --> 00:45:16.400]  怎樣去見證你
[00:45:16.400 --> 00:45:18.400]  給我神的時間
[00:45:18.400 --> 00:45:20.400]  在公司當中
[00:45:20.400 --> 00:45:22.360]  你有什麼給我做
[00:45:22.360 --> 00:45:24.160]  怎樣去見證你
[00:45:24.160 --> 00:45:26.120]  給我神的時間
[00:45:26.120 --> 00:45:28.120]  在公司當中
[00:45:28.120 --> 00:45:30.120]  你有什麼給我做
[00:45:30.120 --> 00:45:32.120]  怎樣去見證你
[00:45:32.120 --> 00:45:34.120]  給我神的時間
[00:45:34.120 --> 00:45:36.120]  在公司當中
[00:45:36.120 --> 00:45:38.120]  你有什麼給我做
[00:45:38.120 --> 00:45:40.120]  怎樣去見證你
[00:45:40.120 --> 00:45:42.120]  給我神的時間
[00:45:42.120 --> 00:45:44.120]  在公司當中
[00:45:44.120 --> 00:45:46.120]  你有什麼給我做
[00:45:46.120 --> 00:45:48.120]  怎樣去見證你
[00:45:48.120 --> 00:45:50.120]  給我神的時間
[00:45:50.120 --> 00:45:52.120]  在公司當中
[00:45:52.120 --> 00:45:54.120]  你有什麼給我做
[00:45:54.120 --> 00:45:56.120]  怎樣去見證你
[00:45:56.120 --> 00:45:58.120]  給我神的時間
[00:45:58.120 --> 00:46:00.120]  在公司當中
[00:46:00.120 --> 00:46:02.120]  你有什麼給我做
[00:46:02.120 --> 00:46:04.120]  怎樣去見證你
[00:46:04.120 --> 00:46:06.120]  給我神的時間
[00:46:06.120 --> 00:46:08.120]  在公司當中
[00:46:08.120 --> 00:46:11.120]  將教會帶進新的境界當中
[00:46:11.120 --> 00:46:15.120]  同時配合同時同工
[00:46:15.120 --> 00:46:17.120]  去接上一代的棒
[00:46:17.120 --> 00:46:20.120]  承擔你這一代的責任
[00:46:20.120 --> 00:46:26.120]  你願不願意
[00:46:39.120 --> 00:46:41.120]  神要我們起來
[00:46:41.120 --> 00:46:44.120]  去過我們今天的約旦河
[00:46:44.120 --> 00:46:46.120]  祂賜給我們
[00:46:46.120 --> 00:46:48.120]  祂還有所達之地
[00:46:48.120 --> 00:46:50.120]  祂要我們同在
[00:46:50.120 --> 00:46:54.120]  去建立祂的國度
[00:46:54.120 --> 00:46:58.120]  做祂的工作
[00:46:58.120 --> 00:47:00.120]  用祂的名譽
