
[00:00:00.000 --> 00:00:02.000]  大紀元節目主內平安
[00:00:02.000 --> 00:00:07.000]  每個月開始月初的時候我就緊張
[00:00:07.000 --> 00:00:08.000]  緊張什麼呢?
[00:00:08.000 --> 00:00:13.000]  因為我要編定下個月的輪值表
[00:00:13.000 --> 00:00:16.000]  真的需要一個月的時間
[00:00:16.000 --> 00:00:19.000]  就是要提醒大家報上明來
[00:00:19.000 --> 00:00:21.000]  什麼時候不可以侍奉
[00:00:21.000 --> 00:00:24.000]  什麼時候不可以來關卡教會
[00:00:24.000 --> 00:00:30.000]  還有組織牌一起之後又要去看
[00:00:30.000 --> 00:00:32.000]  不知道有沒有AI幫我的
[00:00:32.000 --> 00:00:35.000]  我的AI就是上帝給我的智慧
[00:00:35.000 --> 00:00:36.000]  幸好有弟兄姊妹
[00:00:36.000 --> 00:00:38.000]  我也有助手可以幫到我的
[00:00:38.000 --> 00:00:43.000]  但是心想有些人說有多難
[00:00:43.000 --> 00:00:45.000]  其實是很難的
[00:00:45.000 --> 00:00:46.000]  為什麼呢?
[00:00:46.000 --> 00:00:50.000]  最大的分別就是
[00:00:50.000 --> 00:00:52.000]  你上班
[00:00:52.000 --> 00:00:56.000]  你說拿假老闆可以不批的
[00:00:56.000 --> 00:00:59.000]  你說那天人手不夠
[00:00:59.000 --> 00:01:02.000]  你可不可以不拿假
[00:01:02.000 --> 00:01:03.000]  可以的
[00:01:03.000 --> 00:01:05.000]  你不是說拿假拿假
[00:01:05.000 --> 00:01:08.000]  之前有人說上來退休會拿不到假
[00:01:08.000 --> 00:01:10.000]  但是教會沒有這個東西
[00:01:10.000 --> 00:01:12.000]  我不可以不批你的假
[00:01:12.000 --> 00:01:16.000]  所以有時候有些日子可能真的沒有人了
[00:01:16.000 --> 00:01:17.000]  怎麼辦呢?
[00:01:17.000 --> 00:01:18.000]  會頭痛的
[00:01:18.000 --> 00:01:21.000]  要和我今天說的侍奉也有關係
[00:01:21.000 --> 00:01:23.000]  因為一說侍奉這件事
[00:01:23.000 --> 00:01:26.000]  我們會想起什麼呢?
[00:01:26.000 --> 00:01:29.000]  我們會說你在教會有什麼做
[00:01:29.000 --> 00:01:31.000]  就是你的侍奉
[00:01:31.000 --> 00:01:34.000]  這是一個很狹義的
[00:01:34.000 --> 00:01:36.000]  很 narrow sense 的看法
[00:01:36.000 --> 00:01:38.000]  就是一個工作
[00:01:38.000 --> 00:01:41.000]  或者教會有什麼做
[00:01:41.000 --> 00:01:44.000]  其實聖經提醒我們
[00:01:44.000 --> 00:01:46.000]  侍奉是一個很廣義
[00:01:46.000 --> 00:01:51.000]  不是只是看一件事是一個工作
[00:01:51.000 --> 00:01:53.000]  也不是你做了些什麼
[00:01:53.000 --> 00:01:55.000]  也不是你做得好不好
[00:01:55.000 --> 00:01:57.000]  也不是你做得有沒有人讚賞
[00:01:57.000 --> 00:01:59.000]  這個不是侍奉
[00:01:59.000 --> 00:02:01.000]  無論是新約舊約來說
[00:02:01.000 --> 00:02:03.000]  這個字侍奉這個字
[00:02:03.000 --> 00:02:09.000]  它的意義不是那麼狹窄的
[00:02:09.000 --> 00:02:10.000]  很多時候我都說
[00:02:10.000 --> 00:02:11.000]  就是我們看聖經
[00:02:11.000 --> 00:02:13.000]  我們都是上次說過了
[00:02:13.000 --> 00:02:14.000]  不要站得太前
[00:02:14.000 --> 00:02:17.000]  看著一句就斷章取義
[00:02:17.000 --> 00:02:20.000]  我們退後一點
[00:02:20.000 --> 00:02:22.000]  宏觀一點
[00:02:22.000 --> 00:02:23.000]  今天我們用一個宏觀角度
[00:02:23.000 --> 00:02:24.000]  看什麼叫侍奉
[00:02:24.000 --> 00:02:26.000]  侍奉這件事
[00:02:26.000 --> 00:02:29.000]  在英文的字就是 serve
[00:02:29.000 --> 00:02:32.000]  但是從拉丁文那個字
[00:02:32.000 --> 00:02:33.000]  是 Latria 的字
[00:02:33.000 --> 00:02:35.000]  這個字也是從希臘文出來的
[00:02:35.000 --> 00:02:37.000]  所以聖經新約那個古希臘文
[00:02:37.000 --> 00:02:39.000]  那個字 Latria 的字
[00:02:39.000 --> 00:02:43.000]  其實它就不是說一個工作
[00:02:43.000 --> 00:02:45.000]  它說是第一
[00:02:45.000 --> 00:02:46.000]  有幾個條件的
[00:02:46.000 --> 00:02:47.000]  當你用這個字
[00:02:47.000 --> 00:02:50.000]  第一 是面對上帝
[00:02:50.000 --> 00:02:52.000]  它不單止面對上帝
[00:02:52.000 --> 00:02:56.000]  你是欠了上帝你要還的
[00:02:56.000 --> 00:02:58.000]  哇 原來挺嚴重的
[00:02:58.000 --> 00:03:00.000]  為什麼你會欠了上帝呢
[00:03:00.000 --> 00:03:01.000]  一定是的
[00:03:01.000 --> 00:03:03.000]  因為當他在罪人的時候
[00:03:03.000 --> 00:03:07.000]  上帝已經派耶穌基督來拯救了我們
[00:03:07.000 --> 00:03:12.000]  他用重價將我們贖回
[00:03:12.000 --> 00:03:14.000]  所以我們欠了上帝
[00:03:14.000 --> 00:03:16.000]  說的不是誇張的
[00:03:16.000 --> 00:03:19.000]  第二就是這個不是一個工作
[00:03:19.000 --> 00:03:21.000]  而是一個服侍
[00:03:21.000 --> 00:03:23.000]  一個 service
[00:03:23.000 --> 00:03:25.000]  稍後會說多一點
[00:03:25.000 --> 00:03:28.000]  還有這個帶有一個尊敬的
[00:03:28.000 --> 00:03:30.000]  不能抗拒的
[00:03:30.000 --> 00:03:33.000]  帶有一點點敬畏的心
[00:03:33.000 --> 00:03:35.000]  所以侍奉這件事
[00:03:35.000 --> 00:03:37.000]  說一個心是重要的
[00:03:37.000 --> 00:03:41.000]  心態是重要過你做些什麼
[00:03:41.000 --> 00:03:43.000]  所以總括來說就是
[00:03:43.000 --> 00:03:45.000]  你要面對上帝
[00:03:45.000 --> 00:03:46.000]  你要還給上帝
[00:03:46.000 --> 00:03:48.000]  帶著一個敬畏的心
[00:03:48.000 --> 00:03:51.000]  來到上帝的面前去服侍
[00:03:51.000 --> 00:03:53.000]  而這個侍奉這個字
[00:03:53.000 --> 00:03:54.000]  lateral這個字
[00:03:54.000 --> 00:03:59.000]  在原文是和 worship是同一個字
[00:03:59.000 --> 00:04:01.000]  就是敬拜
[00:04:01.000 --> 00:04:03.000]  所以敬拜與侍奉
[00:04:03.000 --> 00:04:06.000]  稍後大家唱回應詩歌也有這句
[00:04:06.000 --> 00:04:09.000]  其實是分割不開
[00:04:09.000 --> 00:04:11.000]  我們用很狹義的看敬拜
[00:04:11.000 --> 00:04:12.000]  就是什麼
[00:04:12.000 --> 00:04:15.000]  什麼叫敬拜
[00:04:15.000 --> 00:04:17.000]  我們說比較低層次的看法
[00:04:17.000 --> 00:04:20.000]  就是在台上唱那幾首歌
[00:04:20.000 --> 00:04:21.000]  你不在台上
[00:04:21.000 --> 00:04:22.000]  你在台下
[00:04:22.000 --> 00:04:23.000]  這個就是敬拜
[00:04:23.000 --> 00:04:25.000]  但我知道不是
[00:04:25.000 --> 00:04:29.000]  整個崇拜是敬拜
[00:04:29.000 --> 00:04:31.000]  所以你不是說
[00:04:31.000 --> 00:04:34.000]  那幾首歌就是敬拜
[00:04:34.000 --> 00:04:36.000]  其實也不止
[00:04:36.000 --> 00:04:37.000]  你在崇拜裡面
[00:04:37.000 --> 00:04:38.000]  在教會裡面
[00:04:38.000 --> 00:04:39.000]  每一個崗位
[00:04:39.000 --> 00:04:40.000]  做每一件事
[00:04:40.000 --> 00:04:42.000]  其實都是一個敬拜
[00:04:42.000 --> 00:04:45.000]  所以敬拜與侍奉是分割不開
[00:04:45.000 --> 00:04:47.000]  再宏觀一點
[00:04:47.000 --> 00:04:49.000]  不只是在教會
[00:04:49.000 --> 00:04:50.000]  你日常生活當中
[00:04:50.000 --> 00:04:54.000]  無論你在你的工作
[00:04:54.000 --> 00:04:56.000]  在你的學校
[00:04:56.000 --> 00:04:57.000]  在你的家庭當中
[00:04:57.000 --> 00:05:00.000]  你那個都是一個敬拜與侍奉
[00:05:00.000 --> 00:05:04.000]  因為我們基督徒不是兼職的
[00:05:04.000 --> 00:05:05.000]  我們是全職的
[00:05:05.000 --> 00:05:08.000]  不是說只是回來教會那幾個小時
[00:05:08.000 --> 00:05:10.000]  才敬拜上帝
[00:05:10.000 --> 00:05:14.000]  其實我們是24小時7天
[00:05:14.000 --> 00:05:16.000]  我們不斷的敬拜
[00:05:16.000 --> 00:05:18.000]  不斷有侍奉
[00:05:18.000 --> 00:05:19.000]  在工作上我們要榮耀神
[00:05:19.000 --> 00:05:22.000]  在家庭上我們要見證主的名
[00:05:22.000 --> 00:05:23.000]  這個就是敬拜
[00:05:23.000 --> 00:05:26.000]  就是侍奉
[00:05:26.000 --> 00:05:29.000]  所以保羅在羅馬書十二章一節
[00:05:29.000 --> 00:05:30.000]  大家都很熟悉的
[00:05:30.000 --> 00:05:31.000]  那句說話
[00:05:31.000 --> 00:05:34.000]  你們如此侍奉乃是理所當然的
[00:05:34.000 --> 00:05:36.000]  保羅說根本不用爭論
[00:05:36.000 --> 00:05:39.000]  這件事就是你一定要去做的
[00:05:39.000 --> 00:05:40.000]  一定要去做
[00:05:40.000 --> 00:05:43.000]  不能選擇的
[00:05:43.000 --> 00:05:45.000]  如果看回舊約更加不能選擇
[00:05:45.000 --> 00:05:48.000]  舊約的希伯來文那個字侍奉是abad
[00:05:48.000 --> 00:05:52.000]  abad這個字就是帶有犧牲的
[00:05:52.000 --> 00:05:53.000]  sacrifice的
[00:05:53.000 --> 00:05:56.000]  侍奉是包括sacrifice
[00:05:56.000 --> 00:05:58.000]  這個就不只是單單
[00:05:58.000 --> 00:06:00.000]  你說我犧牲了一點點時間
[00:06:00.000 --> 00:06:03.000]  星期天回來教會不是那麼簡單
[00:06:03.000 --> 00:06:06.000]  是整個心態要犧牲
[00:06:06.000 --> 00:06:07.000]  所以保羅就說
[00:06:07.000 --> 00:06:09.000]  將身體獻上當作活祭
[00:06:09.000 --> 00:06:10.000]  就是這個意思
[00:06:10.000 --> 00:06:13.000]  是捆綁的
[00:06:13.000 --> 00:06:16.000]  希伯來文侍奉這個字是帶有捆綁的意思
[00:06:16.000 --> 00:06:18.000]  就是你綁住的你一定要做的
[00:06:18.000 --> 00:06:22.000]  奴隸式的一定要做的
[00:06:22.000 --> 00:06:24.000]  侍奉也是一個很大的責任
[00:06:24.000 --> 00:06:25.000]  不做不行的
[00:06:25.000 --> 00:06:27.000]  obligation來的
[00:06:27.000 --> 00:06:29.000]  所以今天我們題目就是侍奉與責任
[00:06:29.000 --> 00:06:31.000]  這個就是一個obligation
[00:06:31.000 --> 00:06:32.000]  一定要做
[00:06:32.000 --> 00:06:33.000]  所以保羅都說
[00:06:33.000 --> 00:06:37.000]  就算全福音都是一個責任
[00:06:37.000 --> 00:06:38.000]  保羅怎麼說
[00:06:38.000 --> 00:06:39.000]  他說我一定要全福音
[00:06:39.000 --> 00:06:41.000]  不全福音我就有禍
[00:06:41.000 --> 00:06:44.000]  說得很嚴重
[00:06:44.000 --> 00:06:46.000]  最多你說我不全福音
[00:06:46.000 --> 00:06:49.000]  順便當我是一個懶一點的基督徒
[00:06:49.000 --> 00:06:51.000]  不是那麼簡單
[00:06:51.000 --> 00:06:53.000]  是一個禍
[00:06:53.000 --> 00:06:57.000]  因為侍奉這個字其實是幾重要
[00:06:57.000 --> 00:07:00.000]  既然看得這麼重要
[00:07:00.000 --> 00:07:02.000]  我們就跟著引申來講
[00:07:02.000 --> 00:07:05.000]  看到其他很多東西
[00:07:05.000 --> 00:07:08.000]  神給我們每一個人有不同的能力
[00:07:08.000 --> 00:07:10.000]  和恩賜是很真的
[00:07:10.000 --> 00:07:12.000]  不是我們求回來都不是什麼
[00:07:12.000 --> 00:07:14.000]  是上帝給我們
[00:07:14.000 --> 00:07:19.000]  讓我們可以去serve祂
[00:07:19.000 --> 00:07:20.000]  全福音
[00:07:20.000 --> 00:07:22.000]  幫助有需要的人
[00:07:22.000 --> 00:07:23.000]  出來帶敬拜
[00:07:23.000 --> 00:07:24.000]  彈琴
[00:07:24.000 --> 00:07:25.000]  去關懷人
[00:07:25.000 --> 00:07:27.000]  這些全部都是上帝給我們每一個人
[00:07:27.000 --> 00:07:29.000]  有不同的恩賜
[00:07:29.000 --> 00:07:32.000]  既然是上帝給我們
[00:07:32.000 --> 00:07:34.000]  第一我們沒有選擇
[00:07:34.000 --> 00:07:37.000]  第二就是你不要說我沒有恩賜
[00:07:37.000 --> 00:07:39.000]  很多時候牧者要我們
[00:07:39.000 --> 00:07:41.000]  想問我們可不可以做點事
[00:07:41.000 --> 00:07:43.000]  我相信牧者都是經過禱告考慮
[00:07:43.000 --> 00:07:46.000]  上帝的靈就去
[00:07:46.000 --> 00:07:48.000]  可能打開了眼睛
[00:07:48.000 --> 00:07:50.000]  誰會還可以做這些事
[00:07:50.000 --> 00:07:51.000]  這是上帝和牧者說話
[00:07:51.000 --> 00:07:53.000]  牧者和你說話
[00:07:53.000 --> 00:07:55.000]  不是到你說
[00:07:55.000 --> 00:07:57.000]  上帝沒有給我恩賜
[00:07:57.000 --> 00:07:59.000]  但是很多時候包括我自己
[00:07:59.000 --> 00:08:01.000]  以前都是上帝和我說
[00:08:01.000 --> 00:08:02.000]  或者牧者和我說
[00:08:02.000 --> 00:08:03.000]  不行的
[00:08:03.000 --> 00:08:04.000]  我這個不行的
[00:08:04.000 --> 00:08:05.000]  你找誰
[00:08:05.000 --> 00:08:06.000]  因為很多時候
[00:08:06.000 --> 00:08:07.000]  我們就是覺得自己沒有能力
[00:08:07.000 --> 00:08:09.000]  沒有恩賜
[00:08:09.000 --> 00:08:10.000]  上次講到都講過的
[00:08:10.000 --> 00:08:12.000]  千萬不要說自己沒有能力
[00:08:12.000 --> 00:08:13.000]  你說自己沒有能力
[00:08:13.000 --> 00:08:15.000]  就是說上帝沒有能力
[00:08:15.000 --> 00:08:17.000]  你敢不敢說上帝沒有能力
[00:08:17.000 --> 00:08:19.000]  能力是從上帝而來
[00:08:19.000 --> 00:08:22.000]  上帝說你有能力就有能力
[00:08:22.000 --> 00:08:24.000]  所以以後就不要說自己不行
[00:08:24.000 --> 00:08:27.000]  你說自己不行就是上帝不行
[00:08:27.000 --> 00:08:30.000]  多麼重要
[00:08:30.000 --> 00:08:33.000]  但是侍奉的動機也很重要
[00:08:33.000 --> 00:08:35.000]  很多時候我們侍奉動機就是
[00:08:35.000 --> 00:08:40.000]  忍住教會不夠人
[00:08:40.000 --> 00:08:42.000]  我就做一下
[00:08:42.000 --> 00:08:46.000]  那種心態
[00:08:46.000 --> 00:08:48.000]  不關夠不夠人事
[00:08:48.000 --> 00:08:50.000]  也不關你做得好不好事
[00:08:50.000 --> 00:08:51.000]  上帝找你
[00:08:51.000 --> 00:08:53.000]  他就給你能力
[00:08:53.000 --> 00:08:54.000]  夠不夠人是上帝的決定
[00:08:54.000 --> 00:08:56.000]  不是你自己去看
[00:08:56.000 --> 00:08:58.000]  動機要對
[00:08:58.000 --> 00:09:01.000]  很多時候動機我們都是想
[00:09:01.000 --> 00:09:04.000]  炫耀自己
[00:09:04.000 --> 00:09:05.000]  不多不少一定有的
[00:09:05.000 --> 00:09:08.000]  有誰不想別人稱讚
[00:09:08.000 --> 00:09:09.000]  你不想別人稱讚嗎
[00:09:09.000 --> 00:09:10.000]  你想別人踩你
[00:09:10.000 --> 00:09:11.000]  不會的
[00:09:11.000 --> 00:09:12.000]  個個都想別人稱讚
[00:09:12.000 --> 00:09:15.000]  但是別人稱讚你不是重要
[00:09:15.000 --> 00:09:17.000]  你將榮耀歸給天父
[00:09:17.000 --> 00:09:18.000]  別人說你做得不好
[00:09:18.000 --> 00:09:20.000]  也都不要緊
[00:09:20.000 --> 00:09:21.000]  你繼續去學習
[00:09:21.000 --> 00:09:24.000]  這個就是侍奉的心態
[00:09:24.000 --> 00:09:26.000]  這個就是侍奉的心態
[00:09:26.000 --> 00:09:28.000]  侍奉的結果就是
[00:09:28.000 --> 00:09:29.000]  將我們跟神拉近
[00:09:29.000 --> 00:09:30.000]  當然
[00:09:30.000 --> 00:09:31.000]  侍奉的結果就是
[00:09:31.000 --> 00:09:33.000]  將我們跟大顯智媒拉近
[00:09:33.000 --> 00:09:34.000]  教會興旺
[00:09:34.000 --> 00:09:36.000]  這個都是侍奉的結果
[00:09:36.000 --> 00:09:37.000]  如果你明白侍奉
[00:09:37.000 --> 00:09:39.000]  我就看得通很多了
[00:09:39.000 --> 00:09:42.000]  不是只是星期天
[00:09:42.000 --> 00:09:44.000]  我一早起床
[00:09:44.000 --> 00:09:46.000]  我要回來祖堂
[00:09:46.000 --> 00:09:47.000]  我要做司事
[00:09:47.000 --> 00:09:49.000]  昨晚又不夠睡
[00:09:49.000 --> 00:09:51.000]  我們不是用這個的心態
[00:09:51.000 --> 00:09:52.000]  這個心態是錯的
[00:09:52.000 --> 00:09:54.000]  如果你認為是一個壓力
[00:09:54.000 --> 00:09:57.000]  是一個打一份工作的
[00:09:57.000 --> 00:09:58.000]  打一份沒有收入
[00:09:58.000 --> 00:10:00.000]  沒有錢的工作
[00:10:00.000 --> 00:10:02.000]  你這個心態就很可憐
[00:10:02.000 --> 00:10:03.000]  我們不會開心
[00:10:03.000 --> 00:10:04.000]  侍奉是一個福氣
[00:10:04.000 --> 00:10:05.000]  是一個喜悅
[00:10:05.000 --> 00:10:06.000]  民數記
[00:10:06.000 --> 00:10:07.000]  大家知道
[00:10:07.000 --> 00:10:09.000]  其實講民數記
[00:10:09.000 --> 00:10:10.000]  摩世五敬之日
[00:10:10.000 --> 00:10:11.000]  上次我已經講了
[00:10:11.000 --> 00:10:14.000]  我們在曠野的日子
[00:10:14.000 --> 00:10:16.000]  看到真的有高有低
[00:10:16.000 --> 00:10:18.000]  有軟弱的時候
[00:10:18.000 --> 00:10:20.000]  但民數記也有一個
[00:10:20.000 --> 00:10:21.000]  很大的主題
[00:10:21.000 --> 00:10:24.000]  就是講到侍奉和責任
[00:10:24.000 --> 00:10:28.000]  它有個地方是教導
[00:10:28.000 --> 00:10:30.000]  和吩咐一些以色列人
[00:10:30.000 --> 00:10:32.000]  他們怎樣分工合作
[00:10:32.000 --> 00:10:33.000]  分不同的支派
[00:10:33.000 --> 00:10:34.000]  做不同的事
[00:10:34.000 --> 00:10:36.000]  特別在利美人當中
[00:10:36.000 --> 00:10:38.000]  也是分得很小的工作
[00:10:38.000 --> 00:10:39.000]  如果我們從一個
[00:10:39.000 --> 00:10:41.000]  很狹窄的看民數記
[00:10:41.000 --> 00:10:42.000]  我就會覺得
[00:10:42.000 --> 00:10:44.000]  這些事情與我無關
[00:10:44.000 --> 00:10:45.000]  是不是
[00:10:45.000 --> 00:10:47.000]  當我們查經查到民數記
[00:10:47.000 --> 00:10:49.000]  就一定是跳了去
[00:10:49.000 --> 00:10:51.000]  覺得這些事情
[00:10:51.000 --> 00:10:53.000]  這麼細微
[00:10:53.000 --> 00:10:55.000]  那個帳目是怎樣拆的
[00:10:55.000 --> 00:10:56.000]  怎樣搬的
[00:10:56.000 --> 00:10:58.000]  與我今天有什麼關係
[00:10:58.000 --> 00:10:59.000]  但是上帝和我們講話
[00:10:59.000 --> 00:11:00.000]  不是講這些東西
[00:11:00.000 --> 00:11:02.000]  重點就是要告訴你們
[00:11:02.000 --> 00:11:05.000]  在上帝的角度裡面
[00:11:05.000 --> 00:11:07.000]  祂的工作是很有秩序的
[00:11:07.000 --> 00:11:08.000]  分得很清楚
[00:11:08.000 --> 00:11:09.000]  是按照你的責任
[00:11:09.000 --> 00:11:10.000]  你的事業
[00:11:10.000 --> 00:11:11.000]  你的恩賜
[00:11:11.000 --> 00:11:15.000]  和上帝的吩咐去做
[00:11:15.000 --> 00:11:17.000]  如果我們不聽話的話
[00:11:17.000 --> 00:11:21.000]  就會承受一些後果
[00:11:21.000 --> 00:11:24.000]  包括就算是教會
[00:11:24.000 --> 00:11:26.000]  或者當時的意識人的領袖
[00:11:26.000 --> 00:11:27.000]  包括摩西
[00:11:27.000 --> 00:11:29.000]  包括阿倫的兒子
[00:11:29.000 --> 00:11:31.000]  都要承受後果
[00:11:31.000 --> 00:11:34.000]  因為上帝要我們忠心侍奉
[00:11:34.000 --> 00:11:36.000]  這就是民數記講得很清楚
[00:11:36.000 --> 00:11:39.000]  民數記四章我們看到
[00:11:39.000 --> 00:11:43.000]  例如四章講到利美人怎樣分工
[00:11:43.000 --> 00:11:45.000]  大家知道利美人
[00:11:45.000 --> 00:11:47.000]  已經是分別出來的了
[00:11:47.000 --> 00:11:48.000]  亞國十二個兒子
[00:11:48.000 --> 00:11:49.000]  十二個支派
[00:11:49.000 --> 00:11:54.000]  利美支派他們是做聖職的
[00:11:54.000 --> 00:11:55.000]  可以說今天來說
[00:11:55.000 --> 00:11:56.000]  我們可以說
[00:11:56.000 --> 00:11:59.000]  這是全世界奉獻的傳道人
[00:11:59.000 --> 00:12:01.000]  當然有分別
[00:12:01.000 --> 00:12:02.000]  但是可以這樣想
[00:12:02.000 --> 00:12:04.000]  我們會明白多一點
[00:12:04.000 --> 00:12:06.000]  就是他沒有其他的收入
[00:12:06.000 --> 00:12:07.000]  他們不用耕田
[00:12:07.000 --> 00:12:09.000]  不用種地
[00:12:09.000 --> 00:12:14.000]  其他的支派會養他們的
[00:12:14.000 --> 00:12:19.000]  他們可以專心一致地做上帝的工作
[00:12:19.000 --> 00:12:20.000]  這是利美人所做的
[00:12:20.000 --> 00:12:21.000]  但是利美人之中
[00:12:21.000 --> 00:12:25.000]  也有很多不同的分開
[00:12:25.000 --> 00:12:27.000]  做不同的事情
[00:12:27.000 --> 00:12:29.000]  而聖經也分得很清楚
[00:12:29.000 --> 00:12:31.000]  利美有三個兒子
[00:12:31.000 --> 00:12:34.000]  他們的子孫都做不同的事情
[00:12:34.000 --> 00:12:35.000]  民數記第四章
[00:12:35.000 --> 00:12:41.000]  它說戈赫的子孫是負責搬運聖物
[00:12:41.000 --> 00:12:44.000]  米拉尼子孫是負責運輸的
[00:12:44.000 --> 00:12:46.000]  有些是負責拆件的
[00:12:46.000 --> 00:12:47.000]  有些負責搬運
[00:12:47.000 --> 00:12:50.000]  有些負責從一處到另一處
[00:12:50.000 --> 00:12:53.000]  其實你說分得很細 很清楚
[00:12:53.000 --> 00:12:58.000]  戈赫的子孫就不會做了米拉尼子孫的事情
[00:12:58.000 --> 00:12:59.000]  倒轉米拉尼子孫的事情
[00:12:59.000 --> 00:13:00.000]  也不會做戈赫的子孫的事情
[00:13:00.000 --> 00:13:03.000]  重點是分得是井井有條的
[00:13:03.000 --> 00:13:08.000]  它是要每個人都在他的工作上盡忠職守
[00:13:08.000 --> 00:13:09.000]  就是說教導我們
[00:13:09.000 --> 00:13:14.000]  今天我們的侍奉不是說我們想做什麼就做什麼
[00:13:14.000 --> 00:13:15.000]  不是的
[00:13:15.000 --> 00:13:17.000]  不是說哎呀 我很悶
[00:13:17.000 --> 00:13:20.000]  我做這個做了很久
[00:13:20.000 --> 00:13:22.000]  那個人經常上來唱歌
[00:13:22.000 --> 00:13:23.000]  我又挺好玩
[00:13:23.000 --> 00:13:24.000]  不如我又上去
[00:13:24.000 --> 00:13:26.000]  我喜歡唱歌就上去台上唱歌
[00:13:26.000 --> 00:13:29.000]  我們很多時候是這樣的心態
[00:13:29.000 --> 00:13:31.000]  不是說你想做什麼
[00:13:31.000 --> 00:13:33.000]  我喜歡那樣東西
[00:13:33.000 --> 00:13:34.000]  不關事的
[00:13:34.000 --> 00:13:36.000]  是上帝給你的什麼去做
[00:13:36.000 --> 00:13:41.000]  就要你忠心去做
[00:13:41.000 --> 00:13:43.000]  你是拆帳幕的聖物
[00:13:43.000 --> 00:13:45.000]  你就一輩子做那些事情
[00:13:45.000 --> 00:13:46.000]  你是做搬運
[00:13:46.000 --> 00:13:47.000]  你就一輩子做那些事情
[00:13:47.000 --> 00:13:50.000]  因為上帝吩咐你
[00:13:50.000 --> 00:13:51.000]  你不可以說搬一搬
[00:13:51.000 --> 00:13:52.000]  又說我想學一下拆
[00:13:52.000 --> 00:13:53.000]  你教一下我
[00:13:53.000 --> 00:13:54.000]  不是這樣的
[00:13:54.000 --> 00:13:56.000]  這個心態不是這樣的
[00:13:56.000 --> 00:13:58.000]  當然我不是因為這樣說
[00:13:58.000 --> 00:14:00.000]  就阻止你們去做其他部門去侍奉體
[00:14:00.000 --> 00:14:02.000]  但你要明白
[00:14:02.000 --> 00:14:04.000]  很多事情是出於上帝
[00:14:04.000 --> 00:14:06.000]  不是出於你自己
[00:14:06.000 --> 00:14:08.000]  我們要明白這件事
[00:14:08.000 --> 00:14:11.000]  還有很多很多的規矩
[00:14:11.000 --> 00:14:13.000]  如果看文數記你就知道
[00:14:13.000 --> 00:14:15.000]  有些事情你可以碰
[00:14:15.000 --> 00:14:17.000]  你不可以碰的
[00:14:17.000 --> 00:14:18.000]  分得很清楚
[00:14:18.000 --> 00:14:19.000]  碰一下都死的
[00:14:19.000 --> 00:14:21.000]  我知道 是不是
[00:14:21.000 --> 00:14:23.000]  阿倫兩個兒子就是這樣
[00:14:23.000 --> 00:14:24.000]  不聽話
[00:14:24.000 --> 00:14:26.000]  神就用火滅了他們
[00:14:26.000 --> 00:14:28.000]  阿倫是誰
[00:14:28.000 --> 00:14:30.000]  摩世兄弟
[00:14:30.000 --> 00:14:32.000]  阿倫是大祭司
[00:14:32.000 --> 00:14:34.000]  阿倫的後代全部都是祭司
[00:14:34.000 --> 00:14:39.000]  但上帝仍然是會這樣懲罰他們
[00:14:39.000 --> 00:14:41.000]  所以這個是很重要的
[00:14:41.000 --> 00:14:44.000]  所以我們對上帝的忠心
[00:14:44.000 --> 00:14:48.000]  是很重要
[00:14:48.000 --> 00:14:50.000]  所以羅馬書就將
[00:14:50.000 --> 00:14:53.000]  首先十二章一節就講得很清楚
[00:14:53.000 --> 00:14:55.000]  我們的侍奉是理所當然的
[00:14:55.000 --> 00:14:57.000]  我們要犧牲
[00:14:57.000 --> 00:14:59.000]  身體獻上當作活祭
[00:14:59.000 --> 00:15:01.000]  是聖潔的 是神所喜悅
[00:15:01.000 --> 00:15:03.000]  最重要的一個說話就是神所喜悅
[00:15:03.000 --> 00:15:05.000]  我們做的事一定要是神所喜悅
[00:15:05.000 --> 00:15:07.000]  如果不是神所喜悅
[00:15:07.000 --> 00:15:09.000]  你做什麼都是圖言
[00:15:09.000 --> 00:15:11.000]  所以我們要神所喜悅的話
[00:15:11.000 --> 00:15:13.000]  我們首先要信服
[00:15:13.000 --> 00:15:14.000]  和信靠
[00:15:14.000 --> 00:15:16.000]  之前講到都講過信靠和信服
[00:15:16.000 --> 00:15:17.000]  那就不再講
[00:15:17.000 --> 00:15:22.000]  因為其實整個摩世五經
[00:15:22.000 --> 00:15:25.000]  很多地方都是講到關於信服和信靠
[00:15:25.000 --> 00:15:29.000]  信靠上帝 你要信服上帝
[00:15:29.000 --> 00:15:30.000]  以色列人在曠野那裡
[00:15:30.000 --> 00:15:33.000]  很多次都不聽話
[00:15:33.000 --> 00:15:35.000]  大家都記得了
[00:15:35.000 --> 00:15:37.000]  整了金牛 大家都記得了
[00:15:37.000 --> 00:15:38.000]  上星期講的
[00:15:38.000 --> 00:15:40.000]  他們派了探子回來
[00:15:40.000 --> 00:15:44.000]  他們拒絕進英許的地
[00:15:44.000 --> 00:15:46.000]  還有其他的
[00:15:46.000 --> 00:15:48.000]  還有荷拉的叛變
[00:15:48.000 --> 00:15:51.000]  文素十六章我還沒講到
[00:15:51.000 --> 00:15:54.000]  上帝就給他們很嚴厲的責罰
[00:15:54.000 --> 00:15:56.000]  今天我們侍奉第一件事
[00:15:56.000 --> 00:15:57.000]  就是要信服上帝
[00:15:57.000 --> 00:15:59.000]  和相信祂的能力
[00:15:59.000 --> 00:16:01.000]  相信上帝的大令
[00:16:01.000 --> 00:16:04.000]  相信這是上帝給我們的呼召
[00:16:04.000 --> 00:16:07.000]  另外就是文素記提到
[00:16:07.000 --> 00:16:11.000]  關於我們領袖更加要有個好的榜樣
[00:16:11.000 --> 00:16:15.000]  和更加要肩負一個更高的責任
[00:16:15.000 --> 00:16:16.000]  那你可能說
[00:16:16.000 --> 00:16:18.000]  那我不用再聽下去了
[00:16:18.000 --> 00:16:21.000]  我可能不是教會的領袖
[00:16:21.000 --> 00:16:24.000]  我不是執事 也不是牧者
[00:16:24.000 --> 00:16:26.000]  我也不是哪個部的團長
[00:16:26.000 --> 00:16:27.000]  我也不是
[00:16:27.000 --> 00:16:28.000]  你可能會這樣想
[00:16:28.000 --> 00:16:29.000]  但其實我們每一個人
[00:16:29.000 --> 00:16:33.000]  某一個時間都是一個領袖
[00:16:33.000 --> 00:16:34.000]  有個新的朋友來
[00:16:34.000 --> 00:16:35.000]  他還沒認識主的
[00:16:35.000 --> 00:16:36.000]  你傳了福音給他
[00:16:36.000 --> 00:16:39.000]  你就是屬靈的領袖去帶領他
[00:16:39.000 --> 00:16:40.000]  有個新的弟兄姊妹來到
[00:16:40.000 --> 00:16:42.000]  他想參加某部門侍奉的話
[00:16:42.000 --> 00:16:45.000]  你是屬影音的
[00:16:45.000 --> 00:16:46.000]  好像阿華在後面
[00:16:46.000 --> 00:16:48.000]  那你教他
[00:16:48.000 --> 00:16:51.000]  你就已經是那時候的領袖
[00:16:51.000 --> 00:16:53.000]  順便提醒我清楚
[00:16:53.000 --> 00:16:54.000]  在文素記提醒我
[00:16:54.000 --> 00:16:56.000]  你領袖更加要肩負一個重要的責任
[00:16:56.000 --> 00:16:58.000]  和說得有個好的榜樣
[00:16:58.000 --> 00:17:00.000]  領袖做錯
[00:17:00.000 --> 00:17:02.000]  承受的後果可能會更加大
[00:17:02.000 --> 00:17:03.000]  剛才說過了
[00:17:03.000 --> 00:17:04.000]  阿倫那兩個兒子
[00:17:04.000 --> 00:17:07.000]  摩西曾經試過不聽話
[00:17:07.000 --> 00:17:08.000]  大家記得了 是不是
[00:17:08.000 --> 00:17:10.000]  他們拿水的時候
[00:17:10.000 --> 00:17:12.000]  他就用個杖來擊打
[00:17:12.000 --> 00:17:14.000]  其實他發脾氣
[00:17:14.000 --> 00:17:18.000]  去擊打那個盆石才有水
[00:17:18.000 --> 00:17:21.000]  結果摩西的懲罰就是
[00:17:21.000 --> 00:17:24.000]  他自己都不可以進去應許的地
[00:17:24.000 --> 00:17:26.000]  他看到嘉南的地
[00:17:26.000 --> 00:17:28.000]  但是他進不去
[00:17:28.000 --> 00:17:30.000]  上帝的責備很嚴厲
[00:17:30.000 --> 00:17:31.000]  有時候領袖來說
[00:17:31.000 --> 00:17:34.000]  更加要樹立一個好的榜樣
[00:17:34.000 --> 00:17:39.000]  教會領袖是承受很多大的壓力
[00:17:39.000 --> 00:17:40.000]  大家都知道
[00:17:40.000 --> 00:17:42.000]  所以很多人就不敢站出來
[00:17:42.000 --> 00:17:44.000]  教會做事就是這個原因
[00:17:44.000 --> 00:17:45.000]  聽別人說的
[00:17:45.000 --> 00:17:47.000]  做得好一定是沒有人看到的
[00:17:47.000 --> 00:17:50.000]  做得不好就是人們把你抽走
[00:17:50.000 --> 00:17:52.000]  完美又沒有工資的
[00:17:52.000 --> 00:17:54.000]  是不是
[00:17:54.000 --> 00:17:58.000]  唯一的好處就是裸假定批的
[00:17:58.000 --> 00:17:59.000]  就是這麼說
[00:17:59.000 --> 00:18:00.000]  你明白嗎
[00:18:00.000 --> 00:18:02.000]  其實就是我們
[00:18:02.000 --> 00:18:03.000]  究竟我們今天
[00:18:03.000 --> 00:18:06.000]  你不是當一份工作
[00:18:06.000 --> 00:18:08.000]  你是一個責任
[00:18:08.000 --> 00:18:09.000]  你身為一個領袖
[00:18:09.000 --> 00:18:10.000]  你更加有個責任
[00:18:10.000 --> 00:18:12.000]  要樹立一個好的榜樣
[00:18:12.000 --> 00:18:14.000]  比特前書五章二三節
[00:18:14.000 --> 00:18:17.000]  有一句說話是從教會領袖說的
[00:18:17.000 --> 00:18:18.000]  但是我剛才說過了
[00:18:18.000 --> 00:18:19.000]  就是和你們每一個人說
[00:18:19.000 --> 00:18:23.000]  因為每一個人都是可以做領袖
[00:18:23.000 --> 00:18:29.000]  他無要牧養在你們中間神的群羊
[00:18:29.000 --> 00:18:32.000]  按著神旨以照管他們
[00:18:32.000 --> 00:18:33.000]  我們牧養這件事
[00:18:33.000 --> 00:18:35.000]  當然是牧者去做的
[00:18:35.000 --> 00:18:41.000]  我怎麼會有資格做牧羊呢
[00:18:41.000 --> 00:18:42.000]  看你怎麼看
[00:18:42.000 --> 00:18:43.000]  你看得這麼近
[00:18:43.000 --> 00:18:47.000]  看這句話就可能覺得不關你的事
[00:18:47.000 --> 00:18:50.000]  帶帶一個新的朋友認識上帝
[00:18:50.000 --> 00:18:53.000]  或者報道會他有一手缺字
[00:18:53.000 --> 00:18:54.000]  你想跟進
[00:18:54.000 --> 00:18:57.000]  你的責任就是一個牧羊
[00:18:57.000 --> 00:18:58.000]  是啊
[00:18:58.000 --> 00:18:59.000]  你的責任就是一個牧羊
[00:18:59.000 --> 00:19:02.000]  每一個牧羊一定是牧師去做
[00:19:02.000 --> 00:19:06.000]  一定是傳道或者是個神學
[00:19:06.000 --> 00:19:08.000]  或者是屬靈的長者
[00:19:08.000 --> 00:19:11.000]  不代表什麼
[00:19:11.000 --> 00:19:14.000]  其實你也是屬靈的長者
[00:19:14.000 --> 00:19:16.000]  新缺字的朋友
[00:19:16.000 --> 00:19:17.000]  你昨天缺字
[00:19:17.000 --> 00:19:19.000]  你就是他的長者
[00:19:19.000 --> 00:19:21.000]  你做了他一天
[00:19:21.000 --> 00:19:22.000]  知道嗎
[00:19:22.000 --> 00:19:23.000]  是啊
[00:19:23.000 --> 00:19:24.000]  如果你這樣看就是
[00:19:24.000 --> 00:19:27.000]  你是有牧羊的責任
[00:19:27.000 --> 00:19:29.000]  以前我們經常都說的
[00:19:29.000 --> 00:19:32.000]  就是我們考車牌
[00:19:32.000 --> 00:19:34.000]  可以馬上教人的
[00:19:34.000 --> 00:19:35.000]  知道嗎
[00:19:35.000 --> 00:19:36.000]  沒有說什麼多少年
[00:19:36.000 --> 00:19:38.000]  沒有的
[00:19:38.000 --> 00:19:41.000]  你考了就可以教人
[00:19:41.000 --> 00:19:42.000]  所以都很兒戲的
[00:19:42.000 --> 00:19:43.000]  知道嗎
[00:19:43.000 --> 00:19:44.000]  那你就知道
[00:19:44.000 --> 00:19:45.000]  英國就不用教車師傅
[00:19:45.000 --> 00:19:47.000]  不用教車牌的
[00:19:47.000 --> 00:19:48.000]  你有車牌就可以教人
[00:19:48.000 --> 00:19:49.000]  那你昨天考了
[00:19:49.000 --> 00:19:50.000]  今天你是師傅
[00:19:50.000 --> 00:19:52.000]  多厲害
[00:19:52.000 --> 00:19:53.000]  知道嗎
[00:19:53.000 --> 00:19:54.000]  你掛個P牌出來
[00:19:54.000 --> 00:19:56.000]  以前都沒有這麼流行的東西
[00:19:56.000 --> 00:19:57.000]  你掛個L牌出來
[00:19:57.000 --> 00:19:59.000]  可以了
[00:19:59.000 --> 00:20:00.000]  不是自己學
[00:20:00.000 --> 00:20:01.000]  你教人家學
[00:20:01.000 --> 00:20:03.000]  所以其實是的
[00:20:03.000 --> 00:20:04.000]  當你信了主
[00:20:04.000 --> 00:20:08.000]  你就等三五七年才出去傳福音
[00:20:08.000 --> 00:20:09.000]  先學多一點
[00:20:09.000 --> 00:20:11.000]  不是的
[00:20:11.000 --> 00:20:13.000]  你已經有領袖的責任
[00:20:13.000 --> 00:20:15.000]  有一個牧者的責任
[00:20:15.000 --> 00:20:18.000]  有一個宣教士的責任
[00:20:18.000 --> 00:20:21.000]  無要牧養在你們中間的神的群羊
[00:20:21.000 --> 00:20:23.000]  按照神的旨意照管他們
[00:20:23.000 --> 00:20:25.000]  記住重點是按照神的旨意
[00:20:25.000 --> 00:20:26.000]  不是亂來的
[00:20:26.000 --> 00:20:28.000]  按照神的旨意
[00:20:28.000 --> 00:20:30.000]  跟著不是出於勉強
[00:20:30.000 --> 00:20:31.000]  乃是出於甘心
[00:20:31.000 --> 00:20:34.000]  師傅從來不是勉強
[00:20:34.000 --> 00:20:36.000]  如果勉強
[00:20:36.000 --> 00:20:37.000]  就是沒有幸福
[00:20:37.000 --> 00:20:38.000]  是不是
[00:20:38.000 --> 00:20:40.000]  我經常都說的
[00:20:40.000 --> 00:20:43.000]  如果你覺得是昨晚睡不夠
[00:20:43.000 --> 00:20:46.000]  今早要回祖堂做私事的
[00:20:46.000 --> 00:20:48.000]  那你是勉強
[00:20:48.000 --> 00:20:50.000]  為什麼昨晚睡不夠
[00:20:50.000 --> 00:20:52.000]  為什麼昨晚知道今天做私事
[00:20:52.000 --> 00:20:53.000]  不早點睡
[00:20:53.000 --> 00:20:54.000]  你明白嗎
[00:20:54.000 --> 00:20:56.000]  如果你勉強是不對的
[00:20:56.000 --> 00:20:58.000]  是出於甘心
[00:20:58.000 --> 00:21:00.000]  也不是因為貪財
[00:21:00.000 --> 00:21:01.000]  乃是出於樂意
[00:21:01.000 --> 00:21:04.000]  這個就更加肯定
[00:21:04.000 --> 00:21:05.000]  不是貪財
[00:21:05.000 --> 00:21:06.000]  沒有好處
[00:21:06.000 --> 00:21:07.000]  當然
[00:21:07.000 --> 00:21:08.000]  我知道教的時候
[00:21:08.000 --> 00:21:10.000]  一定不會有什麼財可以貪
[00:21:10.000 --> 00:21:13.000]  但是也不是貪慕虛榮
[00:21:13.000 --> 00:21:16.000]  也不是貪戀別人的讚賞
[00:21:16.000 --> 00:21:19.000]  不是這個心態
[00:21:19.000 --> 00:21:20.000]  是樂意
[00:21:20.000 --> 00:21:23.000]  也不是合制所託付你們的
[00:21:23.000 --> 00:21:25.000]  乃是作群羊的榜樣
[00:21:25.000 --> 00:21:27.000]  不是因為上帝要你做
[00:21:27.000 --> 00:21:29.000]  綁著你一定要去做
[00:21:29.000 --> 00:21:31.000]  而是你很甘心樂意的
[00:21:31.000 --> 00:21:33.000]  作群羊的榜樣
[00:21:33.000 --> 00:21:35.000]  很甘心樂意的做得好
[00:21:35.000 --> 00:21:37.000]  希望是一個好的榜樣
[00:21:37.000 --> 00:21:39.000]  人們看到你好的榜樣
[00:21:39.000 --> 00:21:40.000]  就將榮耀歸給天父
[00:21:40.000 --> 00:21:41.000]  明白嗎
[00:21:41.000 --> 00:21:43.000]  這個就是侍奉那個心態
[00:21:43.000 --> 00:21:44.000]  特別是跟領袖說
[00:21:44.000 --> 00:21:47.000]  也是跟我們每一個人說
[00:21:47.000 --> 00:21:48.000]  態度是什麼
[00:21:48.000 --> 00:21:50.000]  當你做領袖的時候
[00:21:50.000 --> 00:21:52.000]  耶穌覺得很清楚
[00:21:52.000 --> 00:21:54.000]  你們中間不可這樣
[00:21:54.000 --> 00:21:56.000]  你們中間誰願為大
[00:21:56.000 --> 00:21:59.000]  就必作你們的傭人
[00:21:59.000 --> 00:22:02.000]  誰願為首就必作你們的僕人
[00:22:02.000 --> 00:22:05.000]  正如人子來不時要受人服侍
[00:22:05.000 --> 00:22:06.000]  乃是要服侍人
[00:22:06.000 --> 00:22:08.000]  並且要捨命作多人的屬家
[00:22:08.000 --> 00:22:09.000]  大家很熟悉這段聖經
[00:22:09.000 --> 00:22:11.000]  提醒我們不要驕傲
[00:22:11.000 --> 00:22:12.000]  你以為你走到最前
[00:22:12.000 --> 00:22:14.000]  不理由從後面開始
[00:22:14.000 --> 00:22:15.000]  你以為你站得最高
[00:22:15.000 --> 00:22:17.000]  不理由從低開始
[00:22:17.000 --> 00:22:18.000]  你以為你最大
[00:22:18.000 --> 00:22:19.000]  其實你是最小
[00:22:19.000 --> 00:22:21.000]  所以上次我們與團契
[00:22:21.000 --> 00:22:23.000]  我們提到耶穌基督
[00:22:23.000 --> 00:22:25.000]  為門徒洗腳
[00:22:25.000 --> 00:22:26.000]  這是很有意思的
[00:22:26.000 --> 00:22:28.000]  洗腳當然是一個
[00:22:28.000 --> 00:22:30.000]  實際上是一個很重要
[00:22:30.000 --> 00:22:31.000]  猶太人當時的視角
[00:22:31.000 --> 00:22:33.000]  是很重要洗腳這件事
[00:22:33.000 --> 00:22:35.000]  但也有一個教導
[00:22:35.000 --> 00:22:38.000]  如果你站得很前體段聖經
[00:22:38.000 --> 00:22:39.000]  就覺得不關我的事
[00:22:39.000 --> 00:22:42.000]  今天也不流行洗腳
[00:22:42.000 --> 00:22:44.000]  那你也有洗腳的
[00:22:44.000 --> 00:22:45.000]  你洗澡我才洗腳
[00:22:45.000 --> 00:22:47.000]  你不會專心弄一盆水洗腳
[00:22:47.000 --> 00:22:49.000]  但以前有些水在
[00:22:49.000 --> 00:22:50.000]  你能夠洗
[00:22:50.000 --> 00:22:53.000]  你洗一洗腳已經很好
[00:22:53.000 --> 00:22:54.000]  因為你穿著那些涼鞋
[00:22:54.000 --> 00:22:56.000]  外面有沙塵滾滾
[00:22:56.000 --> 00:22:58.000]  但這些事情要麼就自己做
[00:22:58.000 --> 00:23:01.000]  要麼就是你的家人幫你做
[00:23:01.000 --> 00:23:02.000]  要麼就是你的工人
[00:23:02.000 --> 00:23:03.000]  你的奴僕幫你做
[00:23:03.000 --> 00:23:04.000]  但是耶穌基督
[00:23:04.000 --> 00:23:06.000]  祂甘願為門徒洗腳
[00:23:06.000 --> 00:23:07.000]  這就是提醒我們
[00:23:07.000 --> 00:23:10.000]  今天在教會我們這個服侍
[00:23:10.000 --> 00:23:12.000]  我們服侍上帝
[00:23:12.000 --> 00:23:14.000]  我們服侍弟兄姊妹
[00:23:14.000 --> 00:23:16.000]  就不是說我是高高在上
[00:23:16.000 --> 00:23:17.000]  我是火車頭
[00:23:17.000 --> 00:23:19.000]  我指揮你們去做
[00:23:19.000 --> 00:23:21.000]  而是自己下手下腳
[00:23:21.000 --> 00:23:22.000]  樹立一個好榜樣
[00:23:22.000 --> 00:23:24.000]  這是合乎聖經的教導
[00:23:24.000 --> 00:23:29.000]  這是合乎聖經的教導
[00:23:29.000 --> 00:23:32.000]  我們要彼此服侍
[00:23:32.000 --> 00:23:35.000]  這個字是serve
[00:23:35.000 --> 00:23:38.000]  serve這個字就是servant的字
[00:23:38.000 --> 00:23:40.000]  就是我做你的工人
[00:23:40.000 --> 00:23:43.000]  我做你的奔奔
[00:23:43.000 --> 00:23:45.000]  知道嗎
[00:23:45.000 --> 00:23:46.000]  你做我姐姐
[00:23:46.000 --> 00:23:49.000]  就是那種心態
[00:23:49.000 --> 00:23:54.000]  這個就叫彼此服侍
[00:23:54.000 --> 00:23:57.000]  這個上帝的教導
[00:23:57.000 --> 00:23:59.000]  去到早期教會
[00:23:59.000 --> 00:24:02.000]  流傳下來就是2000年來的
[00:24:02.000 --> 00:24:07.000]  外國西方國家的普世價值觀
[00:24:07.000 --> 00:24:13.000]  所以那些所謂政府的高官
[00:24:13.000 --> 00:24:17.000]  英文就是civil servant 公務員
[00:24:17.000 --> 00:24:18.000]  意思是什麼
[00:24:18.000 --> 00:24:20.000]  為人民服務
[00:24:20.000 --> 00:24:22.000]  所以高官絕對不是
[00:24:22.000 --> 00:24:25.000]  坐在一個冷氣房那裡
[00:24:25.000 --> 00:24:28.000]  開會指手畫腳
[00:24:28.000 --> 00:24:31.000]  不是這個意思
[00:24:31.000 --> 00:24:34.000]  很可惜有很多高官今天是這樣
[00:24:34.000 --> 00:24:36.000]  其實他是為人民服務
[00:24:36.000 --> 00:24:38.000]  很清楚的
[00:24:38.000 --> 00:24:39.000]  這是西方價值觀
[00:24:39.000 --> 00:24:40.000]  很清楚流傳下來的
[00:24:40.000 --> 00:24:43.000]  以古的英女皇說得很清楚
[00:24:43.000 --> 00:24:44.000]  她登基那天就說
[00:24:44.000 --> 00:24:47.000]  感謝上帝我可以為人民服務
[00:24:47.000 --> 00:24:51.000]  皇帝也是這樣說
[00:24:51.000 --> 00:24:53.000]  感謝上帝我可以為人民服務
[00:24:53.000 --> 00:24:54.000]  這個價值觀哪裡來的
[00:24:54.000 --> 00:24:56.000]  就是聖經那裡來的
[00:24:56.000 --> 00:24:59.000]  聖經的華語
[00:24:59.000 --> 00:25:01.000]  所以聖經的說話一點都不過時
[00:25:01.000 --> 00:25:04.000]  跟我們很有關係的
[00:25:04.000 --> 00:25:05.000]  文素記就提醒我們
[00:25:05.000 --> 00:25:08.000]  每一個在上帝的子民
[00:25:08.000 --> 00:25:10.000]  都是有個侍奉有個責任
[00:25:10.000 --> 00:25:12.000]  是要聽從上帝有秩序的分工
[00:25:12.000 --> 00:25:16.000]  以及心態一定要正確
[00:25:16.000 --> 00:25:17.000]  我再講多一些心態
[00:25:17.000 --> 00:25:22.000]  就是今天我們去到彼得前書
[00:25:22.000 --> 00:25:24.000]  彼得寫這段說話都很重要
[00:25:24.000 --> 00:25:27.000]  因為彼得是有份去建立早期教會
[00:25:27.000 --> 00:25:28.000]  教會開始多人了
[00:25:28.000 --> 00:25:29.000]  好像我們今天的教會
[00:25:29.000 --> 00:25:31.000]  我們需要很清楚分工合作
[00:25:31.000 --> 00:25:34.000]  但是這個重點不是說你做些什麼
[00:25:34.000 --> 00:25:35.000]  他做些什麼做些什麼
[00:25:35.000 --> 00:25:36.000]  那些不是重點
[00:25:36.000 --> 00:25:38.000]  那些當然都要分得很清楚
[00:25:38.000 --> 00:25:42.000]  但是重點就是你的心態要正確
[00:25:42.000 --> 00:25:44.000]  你侍奉那個心是要對的
[00:25:44.000 --> 00:25:46.000]  所以彼得一直都提醒我們
[00:25:46.000 --> 00:25:48.000]  所以在彼得前書四章七節十一節那裡說
[00:25:48.000 --> 00:25:50.000]  萬物結局近了
[00:25:50.000 --> 00:25:51.000]  就是末世來了
[00:25:51.000 --> 00:25:53.000]  上帝耶穌基督再回來就快了
[00:25:53.000 --> 00:25:55.000]  那你要快點做多些事了
[00:25:55.000 --> 00:25:56.000]  時日基督都說
[00:25:56.000 --> 00:25:57.000]  趁著白日要快點做事
[00:25:57.000 --> 00:25:59.000]  不要等黑夜才做
[00:25:59.000 --> 00:26:01.000]  說你們要謹慎自守
[00:26:01.000 --> 00:26:03.000]  警醒禱告
[00:26:03.000 --> 00:26:06.000]  謹慎自守警醒禱告
[00:26:06.000 --> 00:26:08.000]  原文是什麼呢
[00:26:08.000 --> 00:26:10.000]  原文的意思其實就
[00:26:10.000 --> 00:26:13.000]  所謂謹慎自守就是要頭腦清醒
[00:26:13.000 --> 00:26:14.000]  很簡單的
[00:26:14.000 --> 00:26:15.000]  頭腦清醒
[00:26:15.000 --> 00:26:16.000]  這就叫謹慎
[00:26:16.000 --> 00:26:22.000]  還有他那一句的結構
[00:26:22.000 --> 00:26:24.000]  不是叫你謹醒禱告
[00:26:24.000 --> 00:26:26.000]  不是說你祈禱的時候
[00:26:26.000 --> 00:26:27.000]  你要謹醒
[00:26:27.000 --> 00:26:29.000]  就是你不要等到最累的時候祈禱
[00:26:29.000 --> 00:26:31.000]  你不要等到很睏才祈禱
[00:26:31.000 --> 00:26:33.000]  祈禱那一下你要很專心
[00:26:33.000 --> 00:26:35.000]  不是那麼簡單
[00:26:35.000 --> 00:26:36.000]  原來原文是
[00:26:36.000 --> 00:26:40.000]  如果看回環球聖經譯本就說
[00:26:40.000 --> 00:26:42.000]  萬物結局近了
[00:26:42.000 --> 00:26:44.000]  所以你們要清醒謹慎
[00:26:44.000 --> 00:26:47.000]  才可以好好禱告
[00:26:47.000 --> 00:26:49.000]  很多時候我們就注重祈禱那一下
[00:26:49.000 --> 00:26:50.000]  我們是否謹醒
[00:26:50.000 --> 00:26:51.000]  但原來不是
[00:26:51.000 --> 00:26:52.000]  你祈禱之前
[00:26:52.000 --> 00:26:54.000]  你的頭腦要清醒謹慎
[00:26:54.000 --> 00:26:57.000]  你才是去禱告
[00:26:57.000 --> 00:27:00.000]  這個很重要
[00:27:00.000 --> 00:27:02.000]  不是說我們說了一堆風花雪月的東西
[00:27:02.000 --> 00:27:03.000]  大家說祈禱
[00:27:03.000 --> 00:27:04.000]  祈禱
[00:27:04.000 --> 00:27:05.000]  吃飯
[00:27:05.000 --> 00:27:06.000]  我們很多時候都是這樣
[00:27:06.000 --> 00:27:08.000]  其餘的就繼續說下去
[00:27:08.000 --> 00:27:10.000]  祈禱過一下就謹醒
[00:27:10.000 --> 00:27:12.000]  但順著要求不是
[00:27:12.000 --> 00:27:13.000]  如果你想侍奉德力
[00:27:13.000 --> 00:27:16.000]  原來你是要頭腦清醒
[00:27:16.000 --> 00:27:17.000]  謹慎
[00:27:17.000 --> 00:27:20.000]  才可以好好禱告
[00:27:20.000 --> 00:27:21.000]  明白嗎
[00:27:21.000 --> 00:27:23.000]  這個是重要的
[00:27:23.000 --> 00:27:27.000]  今早我和一個姐妹聊天
[00:27:28.000 --> 00:27:30.000]  姐妹不要怪我
[00:27:30.000 --> 00:27:32.000]  我又要講一個例子
[00:27:32.000 --> 00:27:34.000]  她最近有一個見證
[00:27:34.000 --> 00:27:38.000]  她最近想去搭巴士到市中心
[00:27:38.000 --> 00:27:40.000]  撿便宜的東西
[00:27:40.000 --> 00:27:43.000]  去到巴士站才發覺
[00:27:43.000 --> 00:27:46.000]  不見了一張巴士卡
[00:27:46.000 --> 00:27:48.000]  當然這個長者
[00:27:48.000 --> 00:27:51.000]  這個姐妹一把年紀
[00:27:51.000 --> 00:27:53.000]  是不是有長者卡
[00:27:53.000 --> 00:27:56.000]  英國不是兩元錢搭巴士
[00:27:56.000 --> 00:27:58.000]  是不用錢的
[00:27:58.000 --> 00:28:00.000]  所以她就很徬徨
[00:28:00.000 --> 00:28:01.000]  找不到
[00:28:01.000 --> 00:28:02.000]  上不到車
[00:28:02.000 --> 00:28:04.000]  可能沒有帶錢
[00:28:04.000 --> 00:28:06.000]  覺得不划算
[00:28:06.000 --> 00:28:08.000]  回頭找
[00:28:08.000 --> 00:28:09.000]  沿著路回到家裡
[00:28:09.000 --> 00:28:10.000]  找不到張卡
[00:28:10.000 --> 00:28:11.000]  回到家裡
[00:28:11.000 --> 00:28:12.000]  難道沒有帶出來
[00:28:12.000 --> 00:28:14.000]  整間房子都沒有
[00:28:14.000 --> 00:28:17.000]  你接下來會怎樣做
[00:28:17.000 --> 00:28:23.000]  那個標準答案就是祈禱
[00:28:23.000 --> 00:28:26.000]  很多時候我們一邊找一邊祈禱
[00:28:26.000 --> 00:28:27.000]  神啊神啊快讓我找到
[00:28:27.000 --> 00:28:28.000]  快讓我找到
[00:28:28.000 --> 00:28:29.000]  找找藏找找
[00:28:29.000 --> 00:28:30.000]  快讓我找到
[00:28:30.000 --> 00:28:32.000]  我們是這樣祈禱的
[00:28:32.000 --> 00:28:33.000]  不就不對了
[00:28:33.000 --> 00:28:36.000]  要頭腦清醒謹慎先禱告
[00:28:36.000 --> 00:28:38.000]  這個姐妹很好
[00:28:38.000 --> 00:28:40.000]  她真的什麼都不再找
[00:28:40.000 --> 00:28:41.000]  她就祈禱
[00:28:41.000 --> 00:28:43.000]  祈禱她又高招
[00:28:43.000 --> 00:28:45.000]  她不是說求主讓我找到
[00:28:45.000 --> 00:28:47.000]  她說求主讓我智慧
[00:28:47.000 --> 00:28:49.000]  怎樣去處理這個問題
[00:28:49.000 --> 00:28:51.000]  上帝可能不想你找到
[00:28:51.000 --> 00:28:52.000]  知道嗎
[00:28:52.000 --> 00:28:53.000]  他不想你關在這個位置
[00:28:53.000 --> 00:28:54.000]  去處理便宜東西
[00:28:54.000 --> 00:28:55.000]  讓你不要坐巴士
[00:28:55.000 --> 00:28:57.000]  你怎麼知道上帝的心意
[00:28:57.000 --> 00:29:00.000]  所以不要說求上帝讓我找到
[00:29:00.000 --> 00:29:02.000]  你求上帝讓我智慧
[00:29:02.000 --> 00:29:04.000]  然後祈禱之後
[00:29:04.000 --> 00:29:05.000]  突然間有些衝動
[00:29:05.000 --> 00:29:06.000]  她走到樓上
[00:29:06.000 --> 00:29:08.000]  房子裡
[00:29:08.000 --> 00:29:09.000]  真實的
[00:29:09.000 --> 00:29:10.000]  我不是說謊
[00:29:10.000 --> 00:29:11.000]  這個故事
[00:29:11.000 --> 00:29:13.000]  她在窗子裡看下來
[00:29:13.000 --> 00:29:16.000]  為什麼那裡有條縫隙
[00:29:16.000 --> 00:29:18.000]  那條路旁邊有些東西閃閃
[00:29:18.000 --> 00:29:19.000]  有些反光的呢
[00:29:20.000 --> 00:29:23.000]  原來那張卡掉在那條路的縫隙
[00:29:23.000 --> 00:29:25.000]  就是門口那條路的縫隙
[00:29:25.000 --> 00:29:29.000]  如果你在下面去看
[00:29:29.000 --> 00:29:31.000]  走出去可能走十次都看不到
[00:29:31.000 --> 00:29:33.000]  但如果走到樓上
[00:29:33.000 --> 00:29:34.000]  走去看聖經
[00:29:34.000 --> 00:29:36.000]  站遠一點知道嗎
[00:29:36.000 --> 00:29:37.000]  一樣原理
[00:29:37.000 --> 00:29:39.000]  居然看就看得到
[00:29:39.000 --> 00:29:40.000]  我下去看
[00:29:40.000 --> 00:29:42.000]  原來真是那張卡在那裡
[00:29:42.000 --> 00:29:44.000]  上帝給她的智慧
[00:29:44.000 --> 00:29:47.000]  給她用一個宏觀的角度
[00:29:47.000 --> 00:29:49.000]  去找巴士卡
[00:29:50.000 --> 00:29:51.000]  最搞笑的就是
[00:29:51.000 --> 00:29:53.000]  她很緊張巴士卡
[00:29:53.000 --> 00:29:54.000]  為什麼這麼緊張
[00:29:54.000 --> 00:29:55.000]  知道嗎
[00:29:55.000 --> 00:29:57.000]  不是因為貪便宜
[00:29:57.000 --> 00:29:59.000]  巴士卡不見了
[00:29:59.000 --> 00:30:00.000]  可以補領
[00:30:00.000 --> 00:30:02.000]  也不是怕麻煩
[00:30:02.000 --> 00:30:04.000]  她最大擔心什麼
[00:30:04.000 --> 00:30:05.000]  她擔心附近的人撿到
[00:30:05.000 --> 00:30:06.000]  知道她幾歲
[00:30:06.000 --> 00:30:07.000]  知道嗎
[00:30:07.000 --> 00:30:09.000]  有照片的
[00:30:09.000 --> 00:30:11.000]  這個是她擔心
[00:30:11.000 --> 00:30:12.000]  好
[00:30:12.000 --> 00:30:13.000]  我不開名字了
[00:30:13.000 --> 00:30:14.000]  大家猜
[00:30:14.000 --> 00:30:17.000]  頭腦清醒
[00:30:17.000 --> 00:30:18.000]  才可以禱告
[00:30:18.000 --> 00:30:19.000]  是對的
[00:30:19.000 --> 00:30:21.000]  我們視鳳也是
[00:30:21.000 --> 00:30:23.000]  很多時候我們的頭腦不清醒
[00:30:23.000 --> 00:30:25.000]  我們開會臉紅耳赤
[00:30:25.000 --> 00:30:26.000]  爭論到
[00:30:26.000 --> 00:30:27.000]  上帝說不是
[00:30:27.000 --> 00:30:28.000]  你退一步
[00:30:28.000 --> 00:30:29.000]  頭腦清醒
[00:30:29.000 --> 00:30:31.000]  一起去禱告
[00:30:31.000 --> 00:30:34.000]  以前有個牧者提醒我們
[00:30:34.000 --> 00:30:35.000]  去執事會就是
[00:30:35.000 --> 00:30:37.000]  當你有些事情是爭論不到的話
[00:30:37.000 --> 00:30:38.000]  先不要談
[00:30:38.000 --> 00:30:41.000]  一起去清晰心理
[00:30:41.000 --> 00:30:42.000]  一起去禱告
[00:30:42.000 --> 00:30:44.000]  求上帝給我們智慧
[00:30:44.000 --> 00:30:45.000]  這個很重要
[00:30:45.000 --> 00:30:47.000]  接著就是說
[00:30:47.000 --> 00:30:48.000]  在視鳳過程當中
[00:30:48.000 --> 00:30:51.000]  我們要彼此切實相愛
[00:30:51.000 --> 00:30:53.000]  就不是彼此相愛那麼簡單
[00:30:53.000 --> 00:30:54.000]  加一個切實在這裡
[00:30:54.000 --> 00:30:56.000]  重點在切實那裡
[00:30:56.000 --> 00:30:58.000]  切實是什麼呢
[00:30:58.000 --> 00:31:00.000]  原文的切實
[00:31:00.000 --> 00:31:01.000]  那字是
[00:31:01.000 --> 00:31:03.000]  主動
[00:31:03.000 --> 00:31:05.000]  stretch out
[00:31:05.000 --> 00:31:06.000]  伸展出去的
[00:31:06.000 --> 00:31:09.000]  就好像你的手伸出援手出去的
[00:31:09.000 --> 00:31:10.000]  那種的相愛
[00:31:10.000 --> 00:31:12.000]  很多時候我們在教會
[00:31:12.000 --> 00:31:13.000]  我們說愛
[00:31:13.000 --> 00:31:14.000]  我們是怎樣
[00:31:14.000 --> 00:31:15.000]  我們說
[00:31:15.000 --> 00:31:16.000]  希望別人去愛我
[00:31:16.000 --> 00:31:18.000]  我就愛回你那種
[00:31:18.000 --> 00:31:20.000]  你有什麼時候有主動去愛一個人呢
[00:31:20.000 --> 00:31:23.000]  主動去走多一步
[00:31:23.000 --> 00:31:26.000]  去關心一些你不喜歡的人呢
[00:31:26.000 --> 00:31:28.000]  這個就是上帝要我們主動去做
[00:31:28.000 --> 00:31:30.000]  這個切實有個意思就是
[00:31:30.000 --> 00:31:32.000]  主動去做這些事情
[00:31:32.000 --> 00:31:33.000]  在視鳳過程當中
[00:31:33.000 --> 00:31:35.000]  有些事情我們真的要主動去做
[00:31:35.000 --> 00:31:37.000]  大家去合作
[00:31:37.000 --> 00:31:38.000]  如果你說你又這樣做
[00:31:38.000 --> 00:31:39.000]  我又這樣做
[00:31:39.000 --> 00:31:40.000]  大家是不是談不攏
[00:31:40.000 --> 00:31:41.000]  你有你做我有我做
[00:31:41.000 --> 00:31:43.000]  那這個就一定不行
[00:31:43.000 --> 00:31:45.000]  在教會的模式是不可以
[00:31:46.000 --> 00:31:48.000]  要我們主動做一些事情
[00:31:48.000 --> 00:31:50.000]  要抱著這個愛
[00:31:50.000 --> 00:31:51.000]  熱情的
[00:31:51.000 --> 00:31:52.000]  主動的
[00:31:52.000 --> 00:31:55.000]  還有接下來的說話就要彼此堯說
[00:31:55.000 --> 00:32:01.000]  因為愛能遮掩許多的罪
[00:32:01.000 --> 00:32:02.000]  是不是
[00:32:02.000 --> 00:32:03.000]  那
[00:32:03.000 --> 00:32:07.000]  遮掩這個字其實是對的
[00:32:07.000 --> 00:32:09.000]  譯得對的
[00:32:09.000 --> 00:32:12.000]  原文真的是遮掩的
[00:32:12.000 --> 00:32:14.000]  但是
[00:32:15.000 --> 00:32:18.000]  我不是真的幫環球聖經譯判
[00:32:18.000 --> 00:32:21.000]  譯判就是愛能寬恕許多罪
[00:32:21.000 --> 00:32:22.000]  我不是說寬恕不對
[00:32:22.000 --> 00:32:25.000]  但是我覺得寬恕是從上帝而來
[00:32:25.000 --> 00:32:27.000]  遮掩的字詩就是說
[00:32:27.000 --> 00:32:29.000]  有些東西蓋住了
[00:32:29.000 --> 00:32:32.000]  我不再緊張這件事了
[00:32:32.000 --> 00:32:33.000]  不是罪沒有了
[00:32:33.000 --> 00:32:35.000]  那罪一定是有的
[00:32:35.000 --> 00:32:36.000]  除非上帝赦免
[00:32:36.000 --> 00:32:38.000]  也都不是我們可以去赦免
[00:32:38.000 --> 00:32:41.000]  也都不是我們可以完全去寬恕
[00:32:41.000 --> 00:32:43.000]  所謂寬恕就是我不跟你計較
[00:32:43.000 --> 00:32:44.000]  你明白嗎
[00:32:44.000 --> 00:32:45.000]  所以有一點點不同
[00:32:45.000 --> 00:32:48.000]  所以原文這個遮掩字是cover的意思
[00:32:48.000 --> 00:32:50.000]  很多時候你覺得他很不對
[00:32:50.000 --> 00:32:52.000]  他的侍奉方向跟你很不同
[00:32:52.000 --> 00:32:53.000]  大家聊天的時候
[00:32:53.000 --> 00:32:55.000]  開會的時候就面紅耳赤
[00:32:55.000 --> 00:32:56.000]  他走他的路
[00:32:56.000 --> 00:32:57.000]  跟你走他的路
[00:32:57.000 --> 00:32:58.000]  想法是不同的
[00:32:58.000 --> 00:32:59.000]  你就在跟他吵
[00:32:59.000 --> 00:33:01.000]  但是到最後就是
[00:33:01.000 --> 00:33:02.000]  他對不上
[00:33:02.000 --> 00:33:03.000]  你也對不上
[00:33:03.000 --> 00:33:05.000]  最重要就是大家有愛在當中
[00:33:05.000 --> 00:33:08.000]  就可以遮蓋所有的不好的東西
[00:33:08.000 --> 00:33:11.000]  給得提醒我們這件事
[00:33:11.000 --> 00:33:12.000]  在侍奉過程當中
[00:33:12.000 --> 00:33:13.000]  為什麼我們有壓力
[00:33:13.000 --> 00:33:14.000]  為什麼不和呢
[00:33:14.000 --> 00:33:17.000]  很多教會不和氣
[00:33:17.000 --> 00:33:19.000]  是因為在侍奉那裡的
[00:33:19.000 --> 00:33:20.000]  知道的 一定是的
[00:33:20.000 --> 00:33:22.000]  但是不要排除魔鬼那個
[00:33:22.000 --> 00:33:23.000]  整蠱造怪
[00:33:23.000 --> 00:33:24.000]  一定是有的
[00:33:24.000 --> 00:33:25.000]  不要說這件事
[00:33:25.000 --> 00:33:26.000]  其實是的
[00:33:26.000 --> 00:33:28.000]  人多你自然有不同的意見
[00:33:28.000 --> 00:33:30.000]  你如果坐在
[00:33:30.000 --> 00:33:31.000]  成都堂
[00:33:31.000 --> 00:33:32.000]  在崇拜當中
[00:33:32.000 --> 00:33:34.000]  你是坐在那裡
[00:33:34.000 --> 00:33:35.000]  完了就走
[00:33:35.000 --> 00:33:36.000]  那種的會友
[00:33:36.000 --> 00:33:37.000]  你不參與
[00:33:37.000 --> 00:33:38.000]  你是不會有是非
[00:33:38.000 --> 00:33:40.000]  也都魔鬼都不會攻擊你的
[00:33:40.000 --> 00:33:41.000]  你都不會
[00:33:42.000 --> 00:33:43.000]  你都沒有侍奉
[00:33:43.000 --> 00:33:45.000]  你唯一的侍奉就是回來敬拜
[00:33:45.000 --> 00:33:46.000]  就是坐在那裡
[00:33:46.000 --> 00:33:49.000]  但是如果你參與教會
[00:33:49.000 --> 00:33:50.000]  不同的工作的時候
[00:33:50.000 --> 00:33:52.000]  你就一定會有壓力了
[00:33:52.000 --> 00:33:53.000]  因為人多就口雜
[00:33:53.000 --> 00:33:56.000]  很多不同的是非
[00:33:56.000 --> 00:33:57.000]  又或者可能
[00:33:57.000 --> 00:33:59.000]  大家來自五湖四海的
[00:33:59.000 --> 00:34:00.000]  不同宗派的
[00:34:00.000 --> 00:34:01.000]  有不同的看法
[00:34:01.000 --> 00:34:02.000]  不同的經歷的
[00:34:02.000 --> 00:34:04.000]  我們有很多不同的意見
[00:34:04.000 --> 00:34:06.000]  如果不是靠愛
[00:34:06.000 --> 00:34:07.000]  教會早就散了
[00:34:07.000 --> 00:34:09.000]  一定是的
[00:34:09.000 --> 00:34:10.000]  就算不散也好
[00:34:10.000 --> 00:34:12.000]  你會不再回這間教會
[00:34:12.000 --> 00:34:13.000]  覺得沒人
[00:34:13.000 --> 00:34:14.000]  回來了
[00:34:14.000 --> 00:34:15.000]  不開心的
[00:34:15.000 --> 00:34:17.000]  回來幹什麼
[00:34:17.000 --> 00:34:19.000]  有些人說的
[00:34:19.000 --> 00:34:20.000]  我不喜歡還教會
[00:34:20.000 --> 00:34:21.000]  因為太多是非
[00:34:21.000 --> 00:34:22.000]  有很多麻煩
[00:34:22.000 --> 00:34:23.000]  是
[00:34:23.000 --> 00:34:25.000]  那我去英文教會
[00:34:25.000 --> 00:34:27.000]  去英文教會沒問題
[00:34:27.000 --> 00:34:28.000]  為什麼沒問題
[00:34:28.000 --> 00:34:29.000]  因為英文教會沒有侍奉
[00:34:29.000 --> 00:34:30.000]  你聽不明白
[00:34:30.000 --> 00:34:31.000]  又說不明白
[00:34:31.000 --> 00:34:32.000]  坐在那裡
[00:34:32.000 --> 00:34:33.000]  你怎麼會有壓力呢
[00:34:33.000 --> 00:34:35.000]  是的
[00:34:35.000 --> 00:34:36.000]  英文教會沒有壓力
[00:34:36.000 --> 00:34:37.000]  知道嗎
[00:34:37.000 --> 00:34:38.000]  但是不是上帝的心意
[00:34:38.000 --> 00:34:39.000]  不是上帝的心意
[00:34:41.000 --> 00:34:42.000]  所以我們要明白這件事
[00:34:42.000 --> 00:34:46.000]  就是我們要用愛來遮掩很多嘴
[00:34:46.000 --> 00:34:48.000]  接著就互相去款待
[00:34:48.000 --> 00:34:50.000]  款待這個字
[00:34:50.000 --> 00:34:53.000]  hospitable
[00:34:53.000 --> 00:34:55.000]  其實款待的意思不是
[00:34:55.000 --> 00:34:57.000]  不是只是單單
[00:34:57.000 --> 00:34:58.000]  過來我吃飯
[00:34:58.000 --> 00:35:01.000]  吃完之後就卡拉OK直落
[00:35:01.000 --> 00:35:02.000]  大家聯誼一下
[00:35:02.000 --> 00:35:03.000]  這些不是不好
[00:35:03.000 --> 00:35:04.000]  這些很好
[00:35:04.000 --> 00:35:05.000]  我很喜歡去
[00:35:05.000 --> 00:35:06.000]  明白嗎
[00:35:06.000 --> 00:35:08.000]  但是重要的重點就是
[00:35:08.000 --> 00:35:09.000]  大家去款待
[00:35:09.000 --> 00:35:10.000]  就是說
[00:35:10.000 --> 00:35:13.000]  我要所謂款待這個字
[00:35:13.000 --> 00:35:16.000]  就是make you feel at home
[00:35:16.000 --> 00:35:17.000]  英文講
[00:35:17.000 --> 00:35:18.000]  就是你來到我家
[00:35:18.000 --> 00:35:20.000]  當自己家這樣
[00:35:20.000 --> 00:35:22.000]  你會感覺上
[00:35:22.000 --> 00:35:24.000]  就是覺得這間就是你家了
[00:35:24.000 --> 00:35:25.000]  你回來教會
[00:35:25.000 --> 00:35:28.000]  我會令到你覺得這個教會
[00:35:28.000 --> 00:35:30.000]  就是好像你家那樣
[00:35:30.000 --> 00:35:33.000]  或者剛剛你加入這個影音的行列
[00:35:33.000 --> 00:35:34.000]  做侍奉的話
[00:35:34.000 --> 00:35:35.000]  你覺得
[00:35:35.000 --> 00:35:37.000]  你現在就是回來一個大家庭
[00:35:37.000 --> 00:35:38.000]  一起去合作去做
[00:35:38.000 --> 00:35:39.000]  就不是說
[00:35:39.000 --> 00:35:41.000]  你是新人就新豬
[00:35:41.000 --> 00:35:42.000]  我就欺負你
[00:35:42.000 --> 00:35:43.000]  我就管著你
[00:35:43.000 --> 00:35:45.000]  批評
[00:35:45.000 --> 00:35:47.000]  不是這個意思
[00:35:47.000 --> 00:35:48.000]  是hospitable
[00:35:48.000 --> 00:35:50.000]  就是互相去款待的
[00:35:50.000 --> 00:35:52.000]  而且是不發怨言
[00:35:52.000 --> 00:35:54.000]  這個很重要
[00:35:54.000 --> 00:35:55.000]  怨言是一個很大的罪
[00:35:55.000 --> 00:35:57.000]  大家知道了
[00:35:57.000 --> 00:35:58.000]  以色列人發怨言
[00:35:58.000 --> 00:35:59.000]  你知道後果是什麼
[00:35:59.000 --> 00:36:02.000]  但是我們什麼時候不發怨言呢
[00:36:02.000 --> 00:36:03.000]  什麼時候不抱怨呢
[00:36:03.000 --> 00:36:07.000]  人人要自己所得的恩賜
[00:36:07.000 --> 00:36:08.000]  彼此服侍
[00:36:08.000 --> 00:36:11.000]  作上帝各種恩賜的好管家
[00:36:11.000 --> 00:36:13.000]  重點就是彼此去服侍
[00:36:13.000 --> 00:36:15.000]  你服侍教會
[00:36:15.000 --> 00:36:18.000]  就是服侍上帝
[00:36:18.000 --> 00:36:19.000]  上帝建立這個教會
[00:36:19.000 --> 00:36:21.000]  服侍教會就不是
[00:36:21.000 --> 00:36:23.000]  教會這個禮拜堂的建築物
[00:36:23.000 --> 00:36:24.000]  教會是人
[00:36:24.000 --> 00:36:26.000]  所以服侍教會就是服侍人
[00:36:26.000 --> 00:36:29.000]  服侍人也是彼此
[00:36:29.000 --> 00:36:31.000]  相愛也不是一面
[00:36:31.000 --> 00:36:33.000]  彼此相愛就是你愛我我愛你
[00:36:33.000 --> 00:36:34.000]  那種叫彼此
[00:36:35.000 --> 00:36:37.000]  彼此服侍就是我服侍你
[00:36:37.000 --> 00:36:38.000]  你服侍我
[00:36:38.000 --> 00:36:39.000]  這個也是彼此
[00:36:39.000 --> 00:36:43.000]  彼得好著重彼此這件事
[00:36:43.000 --> 00:36:46.000]  就是大家無條件
[00:36:46.000 --> 00:36:48.000]  我付出多少
[00:36:48.000 --> 00:36:49.000]  你也付出多少
[00:36:49.000 --> 00:36:50.000]  也不會計較
[00:36:50.000 --> 00:36:51.000]  我多過你
[00:36:51.000 --> 00:36:52.000]  你少過我
[00:36:52.000 --> 00:36:53.000]  不是這樣
[00:36:53.000 --> 00:36:54.000]  這樣就是不甘心
[00:36:54.000 --> 00:36:55.000]  不樂意
[00:36:55.000 --> 00:37:00.000]  作上帝各種恩賜的好管家
[00:37:00.000 --> 00:37:01.000]  管家這個字
[00:37:01.000 --> 00:37:03.000]  也是在神學上
[00:37:03.000 --> 00:37:05.000]  也是經常用的新約
[00:37:05.000 --> 00:37:06.000]  就是Stuart
[00:37:06.000 --> 00:37:08.000]  你管著事情
[00:37:08.000 --> 00:37:12.000]  錢財是上帝叫我們管著
[00:37:12.000 --> 00:37:13.000]  大家都很明白
[00:37:13.000 --> 00:37:16.000]  有沒有人不同意這件事
[00:37:16.000 --> 00:37:18.000]  不道理不同意
[00:37:18.000 --> 00:37:19.000]  今天你有多少錢都好
[00:37:19.000 --> 00:37:21.000]  都是你先管著
[00:37:21.000 --> 00:37:23.000]  當然了
[00:37:23.000 --> 00:37:24.000]  不是你的
[00:37:24.000 --> 00:37:26.000]  如果是你
[00:37:26.000 --> 00:37:27.000]  那你過幾年
[00:37:27.000 --> 00:37:29.000]  你百年歸老的時候
[00:37:29.000 --> 00:37:30.000]  那些錢去哪裡
[00:37:30.000 --> 00:37:31.000]  你帶得走嗎
[00:37:32.000 --> 00:37:33.000]  不過你在世上
[00:37:33.000 --> 00:37:34.000]  你管著而已
[00:37:34.000 --> 00:37:35.000]  知不知道
[00:37:35.000 --> 00:37:36.000]  是上帝賜給你
[00:37:36.000 --> 00:37:37.000]  叫你管著
[00:37:37.000 --> 00:37:39.000]  因為管家這個東西很重要
[00:37:39.000 --> 00:37:40.000]  心態就知道
[00:37:40.000 --> 00:37:41.000]  誰是主人
[00:37:41.000 --> 00:37:42.000]  誰是管家
[00:37:42.000 --> 00:37:43.000]  聖經講得很清楚
[00:37:43.000 --> 00:37:44.000]  耶穌給了很多的比喻
[00:37:44.000 --> 00:37:45.000]  都是這樣講
[00:37:45.000 --> 00:37:47.000]  因爲恩賜都是管家
[00:37:47.000 --> 00:37:49.000]  上帝給多少恩賜
[00:37:49.000 --> 00:37:50.000]  就叫你好好地用
[00:37:50.000 --> 00:37:51.000]  你管著它
[00:37:51.000 --> 00:37:52.000]  如果你管得不好的話
[00:37:52.000 --> 00:37:53.000]  上帝就把你帶走
[00:37:53.000 --> 00:37:57.000]  但是要記住一件事
[00:37:57.000 --> 00:37:59.000]  就是不是必然的
[00:37:59.000 --> 00:38:00.000]  不是我賺回來的
[00:38:00.000 --> 00:38:02.000]  我有多好多好多厲害
[00:38:02.000 --> 00:38:06.000]  所以就上帝賜給我了
[00:38:06.000 --> 00:38:08.000]  當然我的心態是這樣想
[00:38:08.000 --> 00:38:09.000]  但不是
[00:38:09.000 --> 00:38:12.000]  是上帝體重我們的侍奉
[00:38:12.000 --> 00:38:13.000]  憐憫我們
[00:38:13.000 --> 00:38:16.000]  它覺得你又可以適合了
[00:38:16.000 --> 00:38:18.000]  它就給那些恩賜你管著
[00:38:18.000 --> 00:38:21.000]  讓你可以在上帝的國那裡
[00:38:21.000 --> 00:38:23.000]  用這些恩賜
[00:38:23.000 --> 00:38:25.000]  去做上帝的工作
[00:38:25.000 --> 00:38:27.000]  這個就是管
[00:38:27.000 --> 00:38:29.000]  它若有人講到
[00:38:29.000 --> 00:38:31.000]  就要按照上帝的聖言講
[00:38:31.000 --> 00:38:32.000]  所以很多事情
[00:38:32.000 --> 00:38:33.000]  最後是分在上帝身上
[00:38:33.000 --> 00:38:36.000]  既然恩賜是上帝給你的
[00:38:36.000 --> 00:38:37.000]  你每做一件事
[00:38:37.000 --> 00:38:38.000]  都是為上帝去做
[00:38:38.000 --> 00:38:39.000]  你出來唱歌
[00:38:39.000 --> 00:38:40.000]  你是榮耀上帝
[00:38:40.000 --> 00:38:42.000]  不是榮耀弟兄姊妹
[00:38:42.000 --> 00:38:44.000]  不是要他們的讚賞
[00:38:44.000 --> 00:38:45.000]  唱得多好
[00:38:45.000 --> 00:38:46.000]  不關事
[00:38:46.000 --> 00:38:49.000]  明白了嗎
[00:38:49.000 --> 00:38:50.000]  你做私事的
[00:38:50.000 --> 00:38:52.000]  你笑著歡迎人
[00:38:52.000 --> 00:38:53.000]  不是想人家覺得
[00:38:53.000 --> 00:38:56.000]  這個私事很nice
[00:38:56.000 --> 00:38:58.000]  當然我們宋人賺得得
[00:38:58.000 --> 00:38:59.000]  但到最後不是
[00:38:59.000 --> 00:39:00.000]  為什麼我笑著對你
[00:39:00.000 --> 00:39:04.000]  因為喜樂平安在我身上
[00:39:04.000 --> 00:39:05.000]  這個是上帝給我們的
[00:39:05.000 --> 00:39:06.000]  你是彰顯上帝的命
[00:39:06.000 --> 00:39:08.000]  所以就算講道都好
[00:39:08.000 --> 00:39:10.000]  你都按照上帝的聖言講
[00:39:10.000 --> 00:39:11.000]  你說這句不關我事了
[00:39:11.000 --> 00:39:12.000]  我從來都不會講道
[00:39:12.000 --> 00:39:13.000]  也都不敢講道
[00:39:13.000 --> 00:39:14.000]  怎麼會講道
[00:39:14.000 --> 00:39:17.000]  講道就是講上帝的話語
[00:39:17.000 --> 00:39:20.000]  你和你隔離論社
[00:39:20.000 --> 00:39:21.000]  和你微信主的人
[00:39:21.000 --> 00:39:23.000]  都應該要講
[00:39:23.000 --> 00:39:24.000]  不要以為講道
[00:39:24.000 --> 00:39:25.000]  就是要站在台上
[00:39:25.000 --> 00:39:26.000]  那個崇拜那裡
[00:39:26.000 --> 00:39:27.000]  就是講道
[00:39:27.000 --> 00:39:29.000]  講道你可以是
[00:39:29.000 --> 00:39:30.000]  將你熟悉的聖經的說話
[00:39:30.000 --> 00:39:31.000]  去教導人
[00:39:31.000 --> 00:39:34.000]  所以這句話是上帝跟我們講
[00:39:34.000 --> 00:39:35.000]  但是最重要就是
[00:39:35.000 --> 00:39:37.000]  按照上帝的聖言講
[00:39:37.000 --> 00:39:38.000]  不是按照你自己的意思
[00:39:38.000 --> 00:39:40.000]  也都不是你亂講
[00:39:40.000 --> 00:39:41.000]  若有人服侍
[00:39:41.000 --> 00:39:44.000]  就要按照上帝所賜的力量
[00:39:44.000 --> 00:39:46.000]  記住又是上帝所賜
[00:39:46.000 --> 00:39:48.000]  那個力量不是從你而來
[00:39:48.000 --> 00:39:51.000]  最終的目的就是
[00:39:51.000 --> 00:39:54.000]  好讓上帝在凡事上
[00:39:54.000 --> 00:39:58.000]  因著你的侍奉得到榮耀
[00:39:58.000 --> 00:40:03.000]  依靠上帝很重要
[00:40:03.000 --> 00:40:06.000]  所以今天上帝就提醒我們
[00:40:06.000 --> 00:40:09.000]  藉著這個文數記的教導
[00:40:09.000 --> 00:40:11.000]  藉著彼得的教導
[00:40:11.000 --> 00:40:12.000]  提醒了我們
[00:40:12.000 --> 00:40:13.000]  就是我們侍奉
[00:40:13.000 --> 00:40:16.000]  不是你在教會做些什麼
[00:40:16.000 --> 00:40:19.000]  這個不是重點
[00:40:19.000 --> 00:40:20.000]  有些什麼侍奉
[00:40:20.000 --> 00:40:21.000]  有些什麼做
[00:40:23.000 --> 00:40:24.000]  上帝提醒了我們
[00:40:24.000 --> 00:40:25.000]  你一定要首先弄清楚
[00:40:25.000 --> 00:40:27.000]  你的侍奉的心態
[00:40:27.000 --> 00:40:29.000]  為什麼要去做
[00:40:29.000 --> 00:40:31.000]  我們欠了上帝
[00:40:31.000 --> 00:40:33.000]  他將重價買回來
[00:40:33.000 --> 00:40:37.000]  上帝賜給我們的恩賜
[00:40:37.000 --> 00:40:38.000]  我們管著
[00:40:38.000 --> 00:40:40.000]  就要我們去服侍他
[00:40:40.000 --> 00:40:42.000]  不單止服侍上帝
[00:40:42.000 --> 00:40:43.000]  我們服侍弟兄姊妹
[00:40:43.000 --> 00:40:44.000]  服侍弟兄姊妹
[00:40:44.000 --> 00:40:45.000]  就是服侍教會
[00:40:45.000 --> 00:40:46.000]  就是服侍上帝
[00:40:46.000 --> 00:40:51.000]  我們要彼此去相愛堯書
[00:40:51.000 --> 00:40:53.000]  接納
[00:40:53.000 --> 00:40:55.000]  我們要每一樣東西
[00:40:55.000 --> 00:40:58.000]  都按照上帝的教導去做
[00:40:58.000 --> 00:41:00.000]  剛才他講到講道
[00:41:00.000 --> 00:41:02.000]  就要按照聖言
[00:41:02.000 --> 00:41:03.000]  就先講那幾樣
[00:41:03.000 --> 00:41:04.000]  但其實你不是的
[00:41:04.000 --> 00:41:05.000]  你每一樣東西
[00:41:05.000 --> 00:41:09.000]  都是按照上帝的教導去做
[00:41:09.000 --> 00:41:11.000]  就算是擔擱桌子
[00:41:11.000 --> 00:41:12.000]  擔擱椅子
[00:41:12.000 --> 00:41:14.000]  都是榮耀上帝的工作
[00:41:14.000 --> 00:41:16.000]  明白了嗎
[00:41:16.000 --> 00:41:17.000]  有木子曾經說過
[00:41:17.000 --> 00:41:18.000]  什麼都不懂
[00:41:18.000 --> 00:41:20.000]  可能你不懂
[00:41:20.000 --> 00:41:22.000]  可能你現在七老八十了
[00:41:22.000 --> 00:41:23.000]  可能你都沒有什麼能力
[00:41:23.000 --> 00:41:24.000]  做什麼擔重的事
[00:41:24.000 --> 00:41:25.000]  他說不要緊
[00:41:25.000 --> 00:41:26.000]  你回來教會
[00:41:26.000 --> 00:41:27.000]  你坐在那裡
[00:41:27.000 --> 00:41:29.000]  都是一個美好的侍奉
[00:41:29.000 --> 00:41:31.000]  是的
[00:41:31.000 --> 00:41:32.000]  因為侍奉和敬拜
[00:41:32.000 --> 00:41:34.000]  是分割不開同一個字來的
[00:41:34.000 --> 00:41:35.000]  不要分得那麼清楚
[00:41:35.000 --> 00:41:36.000]  我來敬拜
[00:41:36.000 --> 00:41:37.000]  就是我不侍奉
[00:41:37.000 --> 00:41:39.000]  這個違反聖經
[00:41:39.000 --> 00:41:41.000]  聖經是同一個字來的
[00:41:41.000 --> 00:41:42.000]  沒有這個東西
[00:41:42.000 --> 00:41:45.000]  是同一個觀察觀念來的
[00:41:45.000 --> 00:41:47.000]  那大家以後就
[00:41:47.000 --> 00:41:48.000]  宏觀一點
[00:41:48.000 --> 00:41:50.000]  站在後面看看侍奉
[00:41:50.000 --> 00:41:51.000]  記住這是一個責任
[00:41:51.000 --> 00:41:53.000]  我們一定要去做
[00:41:53.000 --> 00:41:57.000]  因為是上帝要我們去做
[00:41:57.000 --> 00:41:58.000]  因為是他重教
[00:41:58.000 --> 00:42:00.000]  將我們救贖出來
[00:42:00.000 --> 00:42:02.000]  我們要很樂意甘心地
[00:42:02.000 --> 00:42:04.000]  去還給他
[00:42:04.000 --> 00:42:05.000]  我們低頭祈禱
[00:42:05.000 --> 00:42:06.000]  七老主
[00:42:06.000 --> 00:42:07.000]  我們滿心感謝你
[00:42:07.000 --> 00:42:08.000]  今天藉著問數機
[00:42:08.000 --> 00:42:09.000]  藉著彼得的教導
[00:42:09.000 --> 00:42:11.000]  提醒我們侍奉的責任
[00:42:11.000 --> 00:42:13.000]  我看到很多時候
[00:42:13.000 --> 00:42:14.000]  我們都對侍奉是
[00:42:14.000 --> 00:42:15.000]  很有誤解
[00:42:15.000 --> 00:42:16.000]  我們以為
[00:42:16.000 --> 00:42:18.000]  真的是為教會做一些事情
[00:42:18.000 --> 00:42:19.000]  那種的心態
[00:42:19.000 --> 00:42:22.000]  但其實父母你提醒我們
[00:42:22.000 --> 00:42:23.000]  其實我們是最重要的
[00:42:23.000 --> 00:42:25.000]  就是來到上帝的面前
[00:42:25.000 --> 00:42:26.000]  藉著我們侍奉
[00:42:26.000 --> 00:42:27.000]  和你建立關係
[00:42:27.000 --> 00:42:28.000]  藉著侍奉
[00:42:28.000 --> 00:42:30.000]  令到我們更加去敬畏你
[00:42:30.000 --> 00:42:31.000]  更加去尊崇你
[00:42:31.000 --> 00:42:34.000]  更加去聽從你的說話
[00:42:34.000 --> 00:42:36.000]  更加藉著你的說話
[00:42:36.000 --> 00:42:37.000]  教導我們弟兄姊妹
[00:42:37.000 --> 00:42:39.000]  又能夠互相去接納
[00:42:39.000 --> 00:42:41.000]  要書和相愛
[00:42:41.000 --> 00:42:43.000]  在教會中
[00:42:43.000 --> 00:42:45.000]  我們可以得以成長
[00:42:46.000 --> 00:42:47.000]  求主繼續帶領我們
[00:42:47.000 --> 00:42:48.000]  未來的日子當中
[00:42:48.000 --> 00:42:51.000]  我們繼續謙卑自己
[00:42:51.000 --> 00:42:55.000]  能夠以上帝的心為心
[00:42:55.000 --> 00:42:56.000]  我們彼此去相愛
[00:42:56.000 --> 00:42:58.000]  我們去看別人
[00:42:58.000 --> 00:43:00.000]  給自己強的心態
[00:43:00.000 --> 00:43:02.000]  我們努力為主工作
[00:43:02.000 --> 00:43:04.000]  為教會服務
[00:43:04.000 --> 00:43:06.000]  求主繼續帶領
[00:43:06.000 --> 00:43:07.000]  我們未來的日子
[00:43:07.000 --> 00:43:08.000]  我們祈禱
[00:43:08.000 --> 00:43:10.000]  奉著德性命之祈求
