
[00:00:00.000 --> 00:00:03.000]  很高興又回來「騷機灣浸信會」
[00:00:03.000 --> 00:00:05.000]  跟大家去傳講神的話語
[00:00:05.000 --> 00:00:08.000]  有機會就問阿傑、問一下傳委
[00:00:08.000 --> 00:00:10.000]  「騷浸」有什麼需要呢?
[00:00:10.000 --> 00:00:13.000]  特別說到宣教、說到差傳
[00:00:13.000 --> 00:00:16.000]  我聽到原來有一些宣教士
[00:00:16.000 --> 00:00:18.000]  可能因為身體的需要
[00:00:18.000 --> 00:00:20.000]  有一些宣教士可能因為
[00:00:20.000 --> 00:00:23.000]  工場的局勢的不穩定
[00:00:23.000 --> 00:00:24.000]  現在留在香港
[00:00:24.000 --> 00:00:28.000]  所以要做一些宣教士關顧的事情
[00:00:28.000 --> 00:00:30.000]  所以今天跟大家講一個
[00:00:30.000 --> 00:00:33.000]  宣教士關顧有關聖經的真理
[00:00:33.000 --> 00:00:35.000]  今天選了一段聖經
[00:00:35.000 --> 00:00:38.000]  這段聖經我覺得比較癖的
[00:00:38.000 --> 00:00:41.000]  比較少在講壇裏面講
[00:00:41.000 --> 00:00:43.000]  約翰三書有沒有印象?
[00:00:43.000 --> 00:00:46.000]  其實這本書不多在主日講
[00:00:46.000 --> 00:00:50.000]  但是這本書就是講宣教士的關顧
[00:00:50.000 --> 00:00:56.000]  這本書就是長老約翰寫給一個弟兄
[00:00:56.000 --> 00:00:58.000]  叫做「該有」
[00:00:58.000 --> 00:01:01.000]  所以這本書不單止是教會層面
[00:01:01.000 --> 00:01:03.000]  所以今天不單止是跟「騷浸」講的
[00:01:03.000 --> 00:01:05.000]  是跟每一個弟兄姐妹
[00:01:05.000 --> 00:01:06.000]  跟你有關的
[00:01:06.000 --> 00:01:10.000]  可能就是上帝透過我
[00:01:10.000 --> 00:01:13.000]  或者透過長老約翰去提醒我們
[00:01:13.000 --> 00:01:15.000]  今天我們「騷浸」
[00:01:15.000 --> 00:01:16.000]  或者我們個人
[00:01:16.000 --> 00:01:21.000]  我們怎樣可以做到宣教士的關顧
[00:01:21.000 --> 00:01:24.000]  開始之前先講一些老套的東西
[00:01:24.000 --> 00:01:26.000]  教書在神樂院
[00:01:26.000 --> 00:01:29.000]  教書的時候我經常都跟我的學生講
[00:01:29.000 --> 00:01:32.000]  你要知道我們看到看到的東西
[00:01:32.000 --> 00:01:35.000]  跟著我們看不到什麼你知道嗎?
[00:01:35.000 --> 00:01:37.000]  看不到看不到的東西
[00:01:37.000 --> 00:01:38.000]  是不是很簡單?
[00:01:38.000 --> 00:01:40.000]  這件事我想了二十多年了
[00:01:40.000 --> 00:01:41.000]  再來一次
[00:01:41.000 --> 00:01:42.000]  我們看到什麼?
[00:01:42.000 --> 00:01:43.000]  看到的東西
[00:01:43.000 --> 00:01:44.000]  我們看不到什麼?
[00:01:44.000 --> 00:01:45.000]  看不到的東西
[00:01:45.000 --> 00:01:48.000]  看不到就看不到的了
[00:01:48.000 --> 00:01:49.000]  不是
[00:01:49.000 --> 00:01:51.000]  阿傑你女兒是不是讀小一?
[00:01:51.000 --> 00:01:54.000]  如果她繼續看到幼稚園的東西
[00:01:54.000 --> 00:01:57.000]  看不到小學的東西好不好?
[00:01:57.000 --> 00:01:58.000]  就不好
[00:01:58.000 --> 00:01:59.000]  我們要升班的
[00:01:59.000 --> 00:02:00.000]  我們要升等級的
[00:02:00.000 --> 00:02:02.000]  我們屬靈要升班的
[00:02:02.000 --> 00:02:04.000]  但你知道她信主多久嗎?
[00:02:04.000 --> 00:02:05.000]  不知道
[00:02:05.000 --> 00:02:07.000]  你知道我不知道
[00:02:07.000 --> 00:02:09.000]  我們信了不同的年日
[00:02:09.000 --> 00:02:12.000]  但是我們信仰有沒有升班?
[00:02:12.000 --> 00:02:13.000]  有沒有升?
[00:02:13.000 --> 00:02:14.000]  還是我們信仰是留班?
[00:02:14.000 --> 00:02:18.000]  我們要看到看不到的東西
[00:02:18.000 --> 00:02:21.000]  如果我們永遠都只看到看到的東西
[00:02:21.000 --> 00:02:23.000]  我們就會停滯不前
[00:02:23.000 --> 00:02:24.000]  考考你
[00:02:24.000 --> 00:02:25.000]  你看到的東西多
[00:02:25.000 --> 00:02:28.000]  還是你看不到的東西多?
[00:02:28.000 --> 00:02:29.000]  你要想一想
[00:02:29.000 --> 00:02:31.000]  你看到的東西多
[00:02:31.000 --> 00:02:32.000]  還是看不到的東西多呢?
[00:02:32.000 --> 00:02:33.000]  我們會發現
[00:02:33.000 --> 00:02:35.000]  其實我們不懂的東西
[00:02:35.000 --> 00:02:36.000]  比我們懂的東西多
[00:02:36.000 --> 00:02:39.000]  我們不知道的東西比我們知道的東西多
[00:02:39.000 --> 00:02:41.000]  我們看到
[00:02:41.000 --> 00:02:42.000]  我剛才看了
[00:02:42.000 --> 00:02:43.000]  和你一起看
[00:02:43.000 --> 00:02:45.000]  教會的差傳
[00:02:45.000 --> 00:02:46.000]  奉獻
[00:02:46.000 --> 00:02:48.000]  今個月而已
[00:02:48.000 --> 00:02:50.000]  只看到這個月而已
[00:02:50.000 --> 00:02:51.000]  不敷
[00:02:51.000 --> 00:02:53.000]  但是我們看到自己的不敷
[00:02:53.000 --> 00:02:55.000]  我們可能看到香港
[00:02:55.000 --> 00:02:56.000]  經濟低迷
[00:02:56.000 --> 00:02:57.000]  哪一間店舖倒閉
[00:02:57.000 --> 00:02:58.000]  但是我們看不看到
[00:02:58.000 --> 00:03:01.000]  上帝的榮耀的豐富呢?
[00:03:01.000 --> 00:03:03.000]  今天的詩歌很好
[00:03:03.000 --> 00:03:05.000]  上帝榮耀的供應
[00:03:05.000 --> 00:03:06.000]  上帝是供應者
[00:03:06.000 --> 00:03:08.000]  我們看到我們現實
[00:03:08.000 --> 00:03:10.000]  可能我們有不同的經濟也好
[00:03:10.000 --> 00:03:11.000]  身體也好
[00:03:11.000 --> 00:03:13.000]  各方面的需要
[00:03:13.000 --> 00:03:14.000]  我們看不看到
[00:03:14.000 --> 00:03:16.000]  神那種的榮耀
[00:03:16.000 --> 00:03:17.000]  神那種的豐盛呢?
[00:03:17.000 --> 00:03:18.000]  我們看到
[00:03:18.000 --> 00:03:20.000]  自己香港的景況
[00:03:20.000 --> 00:03:21.000]  但是我們看不看到
[00:03:21.000 --> 00:03:25.000]  遠方未得之民的需要呢?
[00:03:25.000 --> 00:03:27.000]  我們摸不摸得到
[00:03:27.000 --> 00:03:28.000]  看不看到
[00:03:28.000 --> 00:03:30.000]  上帝的宣教心著
[00:03:30.000 --> 00:03:32.000]  上帝在你和我的生命
[00:03:32.000 --> 00:03:35.000]  上帝的計劃是怎樣呢?
[00:03:35.000 --> 00:03:36.000]  開始的時候
[00:03:36.000 --> 00:03:37.000]  邀請你
[00:03:37.000 --> 00:03:39.000]  開始做一個祈禱
[00:03:39.000 --> 00:03:40.000]  剛才祈禱了
[00:03:40.000 --> 00:03:41.000]  再祈禱一次
[00:03:41.000 --> 00:03:42.000]  這次不是牧師祈禱
[00:03:42.000 --> 00:03:43.000]  是你去祈禱
[00:03:43.000 --> 00:03:44.000]  祈禱甚麼?
[00:03:44.000 --> 00:03:46.000]  神啊求你開我眼睛
[00:03:46.000 --> 00:03:48.000]  使我能看得見
[00:03:48.000 --> 00:03:49.000]  很簡單的
[00:03:49.000 --> 00:03:50.000]  神啊
[00:03:50.000 --> 00:03:51.000]  透過神你的話語
[00:03:51.000 --> 00:03:52.000]  開我的眼睛
[00:03:52.000 --> 00:03:54.000]  看我能看得見
[00:03:54.000 --> 00:03:55.000]  看得見甚麼?
[00:03:55.000 --> 00:03:56.000]  看得見神你
[00:03:56.000 --> 00:03:58.000]  在宣教士關顧裏面
[00:03:58.000 --> 00:03:59.000]  神你在教會
[00:03:59.000 --> 00:04:01.000]  在我生命裏面
[00:04:01.000 --> 00:04:03.000]  理想我怎樣的去參與
[00:04:03.000 --> 00:04:05.000]  讓我見得到神你的豐富
[00:04:05.000 --> 00:04:06.000]  神你的榮耀
[00:04:06.000 --> 00:04:07.000]  神你的同在
[00:04:07.000 --> 00:04:09.000]  神你的心腸
[00:04:09.000 --> 00:04:12.000]  今天札美主奉耶穌的名禱告
[00:04:12.000 --> 00:04:13.000]  阿滿
[00:04:13.000 --> 00:04:15.000]  今天的經文就這樣講
[00:04:15.000 --> 00:04:18.000]  是長老約翰寫給該由
[00:04:18.000 --> 00:04:19.000]  他說親愛的兄弟
[00:04:19.000 --> 00:04:22.000]  凡你向作客裏的弟兄所行的
[00:04:22.000 --> 00:04:24.000]  都是忠心的
[00:04:24.000 --> 00:04:27.000]  他們在教會面前證明了你的愛
[00:04:27.000 --> 00:04:28.000]  你若配得過神
[00:04:28.000 --> 00:04:30.000]  幫助他們前行
[00:04:30.000 --> 00:04:31.000]  這就好了
[00:04:31.000 --> 00:04:34.000]  因為他們是為主的名愛出
[00:04:34.000 --> 00:04:37.000]  對於外邦人一無所取
[00:04:37.000 --> 00:04:39.000]  原來這段經文說到
[00:04:39.000 --> 00:04:42.000]  該由做了一些事情
[00:04:42.000 --> 00:04:43.000]  做了甚麼事情
[00:04:43.000 --> 00:04:44.000]  一會兒慢慢講
[00:04:44.000 --> 00:04:47.000]  但原來當代有一班人
[00:04:47.000 --> 00:04:49.000]  是作客裏的弟兄
[00:04:49.000 --> 00:04:51.000]  原來當代有一班這樣的人
[00:04:51.000 --> 00:04:52.000]  是弟兄
[00:04:52.000 --> 00:04:54.000]  弟兄即是甚麼意思
[00:04:54.000 --> 00:04:55.000]  在這段經文裏
[00:04:55.000 --> 00:04:57.000]  弟兄即是信耶穌的
[00:04:57.000 --> 00:04:58.000]  弟兄姊妹
[00:04:58.000 --> 00:04:59.000]  他是信徒
[00:04:59.000 --> 00:05:01.000]  但他是作客裏的
[00:05:01.000 --> 00:05:04.000]  作客裏即是非本地人
[00:05:04.000 --> 00:05:08.000]  更加在原文裏講的是陌生人
[00:05:08.000 --> 00:05:12.000]  原來該由向一班陌生的信徒
[00:05:12.000 --> 00:05:14.000]  做了一些事情
[00:05:14.000 --> 00:05:16.000]  這班陌生的信徒是甚麼人呢
[00:05:16.000 --> 00:05:19.000]  原來他是為主的名愛出
[00:05:19.000 --> 00:05:21.000]  其實就是全港福音的人
[00:05:21.000 --> 00:05:24.000]  要講一講歷史的背景
[00:05:24.000 --> 00:05:26.000]  在耶穌的年代
[00:05:26.000 --> 00:05:28.000]  耶穌有沒有走遍各城各鄉
[00:05:28.000 --> 00:05:29.000]  有
[00:05:29.000 --> 00:05:31.000]  耶穌走遍各城各鄉
[00:05:31.000 --> 00:05:34.000]  在耶穌的年代再向前一點
[00:05:34.000 --> 00:05:35.000]  叫兩約之間
[00:05:35.000 --> 00:05:37.000]  新約和舊約之間
[00:05:37.000 --> 00:05:40.000]  那個年代是有很多的教師
[00:05:40.000 --> 00:05:43.000]  我們叫做拉比
[00:05:43.000 --> 00:05:44.000]  那些Rabbi
[00:05:44.000 --> 00:05:47.000]  拉比就會穿越那個省
[00:05:47.000 --> 00:05:49.000]  來教訓猶太人
[00:05:49.000 --> 00:05:51.000]  在猶太的會堂裏面
[00:05:51.000 --> 00:05:53.000]  教導猶太人即是信徒
[00:05:53.000 --> 00:05:56.000]  怎樣去做一個猶太人
[00:05:56.000 --> 00:05:57.000]  為甚麼呢
[00:05:57.000 --> 00:06:00.000]  因為以色列亡國
[00:06:00.000 --> 00:06:01.000]  亡國之後
[00:06:01.000 --> 00:06:03.000]  猶太人就分散各地
[00:06:03.000 --> 00:06:04.000]  分散各地
[00:06:04.000 --> 00:06:06.000]  那怎樣可以持守他們的信仰呢
[00:06:06.000 --> 00:06:08.000]  那就有一班的拉比教師
[00:06:08.000 --> 00:06:11.000]  他很熟讀舊約那些律法的
[00:06:11.000 --> 00:06:13.000]  他就去到不同的地方裏面
[00:06:13.000 --> 00:06:15.000]  去幫助以色列民的百姓
[00:06:15.000 --> 00:06:17.000]  繼續遵守神的律法
[00:06:17.000 --> 00:06:19.000]  所以繼續會有國禮
[00:06:19.000 --> 00:06:21.000]  繼續會有食物的條例
[00:06:21.000 --> 00:06:23.000]  各方面他們去遵守
[00:06:23.000 --> 00:06:25.000]  所以這個是一個文化背景來的
[00:06:25.000 --> 00:06:27.000]  是有一班叫Traveling Rabbi
[00:06:27.000 --> 00:06:29.000]  是一班的拉比
[00:06:29.000 --> 00:06:30.000]  他周圍穿州過省
[00:06:30.000 --> 00:06:34.000]  所以耶穌走遍各城各鄉
[00:06:34.000 --> 00:06:37.000]  他的身份當代就好像一個拉比
[00:06:37.000 --> 00:06:39.000]  去跟別人分享一樣
[00:06:39.000 --> 00:06:40.000]  問題存在了
[00:06:40.000 --> 00:06:43.000]  那這些拉比或者耶穌都是
[00:06:43.000 --> 00:06:45.000]  後來彼得、保羅很多都是
[00:06:45.000 --> 00:06:47.000]  他周圍來到傳道
[00:06:47.000 --> 00:06:49.000]  那他不用上班嗎
[00:06:49.000 --> 00:06:50.000]  有沒有想過
[00:06:50.000 --> 00:06:52.000]  耶穌是否需要上班
[00:06:52.000 --> 00:06:55.000]  或者那些拉比是否需要上班
[00:06:55.000 --> 00:06:57.000]  不用上班他又要周圍去
[00:06:57.000 --> 00:06:59.000]  那他怎樣生活呢
[00:06:59.000 --> 00:07:01.000]  當代是這麼說
[00:07:01.000 --> 00:07:03.000]  當代有些拉比袋
[00:07:03.000 --> 00:07:05.000]  我覺得如果現在弄一些拉比袋
[00:07:05.000 --> 00:07:07.000]  弄個品牌叫做拉比袋的品牌
[00:07:07.000 --> 00:07:08.000]  可能都蠻賣的
[00:07:08.000 --> 00:07:10.000]  當代有些拉比袋
[00:07:10.000 --> 00:07:12.000]  帶個袋的時候就可以
[00:07:12.000 --> 00:07:15.000]  用佛教的話語就是花園
[00:07:15.000 --> 00:07:16.000]  你明白嗎
[00:07:16.000 --> 00:07:18.000]  去到哪些人就接待
[00:07:18.000 --> 00:07:20.000]  去到哪些人就去捐獻
[00:07:20.000 --> 00:07:22.000]  所以當代的拉比就可以
[00:07:22.000 --> 00:07:26.000]  周圍去傳講猶太的律法
[00:07:26.000 --> 00:07:29.000]  但去到約翰三書這個年代
[00:07:29.000 --> 00:07:31.000]  這班出外的信徒
[00:07:31.000 --> 00:07:34.000]  他不是帶著拉比袋
[00:07:34.000 --> 00:07:38.000]  他是對外邦人一無所取
[00:07:38.000 --> 00:07:40.000]  可能都有拉比袋也不奇怪
[00:07:40.000 --> 00:07:42.000]  但是他對外邦人一無所取
[00:07:42.000 --> 00:07:45.000]  他是奉主的名來到出去
[00:07:45.000 --> 00:07:47.000]  那今天要考考你
[00:07:47.000 --> 00:07:48.000]  如果
[00:07:48.000 --> 00:07:49.000]  如果而已
[00:07:49.000 --> 00:07:50.000]  不是的
[00:07:50.000 --> 00:07:53.000]  如果今天耶穌在我們的當中
[00:07:53.000 --> 00:07:56.000]  他就是一個宣教士
[00:07:56.000 --> 00:07:58.000]  去到周圍傳講福音
[00:07:58.000 --> 00:08:00.000]  來到我們教會裡面
[00:08:00.000 --> 00:08:01.000]  他說要籌
[00:08:01.000 --> 00:08:02.000]  剛才說過
[00:08:02.000 --> 00:08:03.000]  你有沒有聽報告
[00:08:03.000 --> 00:08:08.000]  十二萬在黃金國打仗
[00:08:08.000 --> 00:08:09.000]  有很多孤兒
[00:08:09.000 --> 00:08:12.000]  所以孤兒去了宣教士的家裡住
[00:08:12.000 --> 00:08:13.000]  不夠地方住
[00:08:13.000 --> 00:08:15.000]  所以宣教士要建多一個地方
[00:08:15.000 --> 00:08:17.000]  如果耶穌
[00:08:17.000 --> 00:08:18.000]  我不是說宣教士
[00:08:18.000 --> 00:08:19.000]  我只是說如果
[00:08:19.000 --> 00:08:20.000]  如果耶穌
[00:08:20.000 --> 00:08:22.000]  他說我剛好來到香港
[00:08:22.000 --> 00:08:24.000]  就要籌十二萬
[00:08:24.000 --> 00:08:26.000]  來做一個侍公
[00:08:26.000 --> 00:08:29.000]  那你會怎樣去回應他呢
[00:08:29.000 --> 00:08:31.000]  會怎樣去回應他呢
[00:08:31.000 --> 00:08:33.000]  先想想
[00:08:33.000 --> 00:08:35.000]  開幾個月的執事會
[00:08:35.000 --> 00:08:38.000]  接著要先祈禱
[00:08:38.000 --> 00:08:39.000]  耶穌你
[00:08:39.000 --> 00:08:41.000]  再遲些去匯款給你
[00:08:41.000 --> 00:08:42.000]  是不是這樣
[00:08:42.000 --> 00:08:43.000]  我們不是的
[00:08:43.000 --> 00:08:45.000]  我們就會很努力
[00:08:45.000 --> 00:08:49.000]  來籌款去支持這些工作
[00:08:49.000 --> 00:08:52.000]  我們要回到這段經文
[00:08:52.000 --> 00:08:54.000]  該由他做了一件事
[00:08:54.000 --> 00:08:56.000]  向作客裡的弟兄
[00:08:56.000 --> 00:08:57.000]  作客裡
[00:08:57.000 --> 00:08:59.000]  我剛才講了就是那些陌生人
[00:08:59.000 --> 00:09:01.000]  非本地人來的
[00:09:01.000 --> 00:09:02.000]  陌生人來的
[00:09:02.000 --> 00:09:03.000]  他做了一些事
[00:09:03.000 --> 00:09:06.000]  但是他說都是忠心的
[00:09:06.000 --> 00:09:07.000]  聖經給了一個評價
[00:09:07.000 --> 00:09:08.000]  有一個評價
[00:09:08.000 --> 00:09:10.000]  約翰給他的評價
[00:09:10.000 --> 00:09:11.000]  忠心的
[00:09:11.000 --> 00:09:12.000]  要留心
[00:09:12.000 --> 00:09:14.000]  忠心的不是普通讚你
[00:09:14.000 --> 00:09:16.000]  你都挺好
[00:09:16.000 --> 00:09:17.000]  不是這樣
[00:09:17.000 --> 00:09:19.000]  忠心的這個是religious
[00:09:19.000 --> 00:09:21.000]  是宗教字眼來的
[00:09:21.000 --> 00:09:23.000]  忠心的這個字眼
[00:09:23.000 --> 00:09:24.000]  這樣去寫的時候
[00:09:24.000 --> 00:09:27.000]  是在說上帝眼中稱讚
[00:09:27.000 --> 00:09:30.000]  和加許該由的服事
[00:09:30.000 --> 00:09:32.000]  所以原來該由的服事
[00:09:32.000 --> 00:09:34.000]  是討神喜悅的
[00:09:34.000 --> 00:09:36.000]  可能他做了很簡單的事情
[00:09:36.000 --> 00:09:38.000]  接待宣教士
[00:09:38.000 --> 00:09:41.000]  接待那些陌生人
[00:09:41.000 --> 00:09:42.000]  來到他中間
[00:09:42.000 --> 00:09:44.000]  但是這些陌生人是誰呢
[00:09:44.000 --> 00:09:46.000]  是奉主的名出去
[00:09:46.000 --> 00:09:48.000]  為主的名外出
[00:09:48.000 --> 00:09:50.000]  在外邦人一無所取
[00:09:50.000 --> 00:09:51.000]  那幫人
[00:09:51.000 --> 00:09:53.000]  他知道大使名
[00:09:53.000 --> 00:09:56.000]  那幫人就好像保羅、彼得一樣
[00:09:56.000 --> 00:09:57.000]  他明白大使名
[00:09:57.000 --> 00:09:59.000]  他知道耶穌說要去洗
[00:09:59.000 --> 00:10:00.000]  誰呀
[00:10:00.000 --> 00:10:03.000]  萬民做主的門徒
[00:10:03.000 --> 00:10:04.000]  要去到地極
[00:10:04.000 --> 00:10:06.000]  去做主的見證
[00:10:06.000 --> 00:10:08.000]  所以當代第一世紀
[00:10:08.000 --> 00:10:09.000]  第二世紀
[00:10:09.000 --> 00:10:10.000]  就是有一幫
[00:10:10.000 --> 00:10:13.000]  為主的名出去的工人
[00:10:13.000 --> 00:10:14.000]  的基督徒
[00:10:14.000 --> 00:10:16.000]  他到處去傳講福音
[00:10:16.000 --> 00:10:19.000]  但是他向外邦人一無所取
[00:10:19.000 --> 00:10:21.000]  其實我自己就
[00:10:21.000 --> 00:10:24.000]  今年我今年都很年輕
[00:10:24.000 --> 00:10:26.000]  但是我今年侍奉是二十九年
[00:10:26.000 --> 00:10:28.000]  我頭那十九年
[00:10:28.000 --> 00:10:30.000]  所以我有這個話語權
[00:10:30.000 --> 00:10:32.000]  我頭那十九年
[00:10:32.000 --> 00:10:34.000]  我是在宣教工場
[00:10:34.000 --> 00:10:35.000]  在前線裡面去服侍
[00:10:35.000 --> 00:10:37.000]  拉尾這十年
[00:10:37.000 --> 00:10:38.000]  在神學院
[00:10:38.000 --> 00:10:40.000]  在聯會裡面去服侍
[00:10:40.000 --> 00:10:41.000]  你知不知道
[00:10:41.000 --> 00:10:44.000]  宣教士的生活是怎樣的
[00:10:44.000 --> 00:10:45.000]  那些籌委
[00:10:45.000 --> 00:10:46.000]  那些童工
[00:10:46.000 --> 00:10:47.000]  我就會聽多一點
[00:10:47.000 --> 00:10:50.000]  因為整天要經宣教士的預算
[00:10:50.000 --> 00:10:52.000]  你知不知道宣教士的
[00:10:52.000 --> 00:10:54.000]  財務預算是怎樣定出來的
[00:10:54.000 --> 00:10:55.000]  有沒有人聽過
[00:10:55.000 --> 00:10:56.000]  我有沒有講過
[00:10:56.000 --> 00:10:59.000]  或者教會不知道有沒有分享
[00:10:59.000 --> 00:11:01.000]  我自己做過宣教士
[00:11:01.000 --> 00:11:02.000]  我知道
[00:11:02.000 --> 00:11:03.000]  我做過差會
[00:11:03.000 --> 00:11:04.000]  我做過工場主任
[00:11:04.000 --> 00:11:05.000]  我知道
[00:11:05.000 --> 00:11:07.000]  宣教士的財務預算是怎樣定的呢
[00:11:07.000 --> 00:11:10.000]  我們叫做Need Based
[00:11:10.000 --> 00:11:14.000]  就是說按實際需用計算出來的
[00:11:14.000 --> 00:11:16.000]  很有趣的
[00:11:16.000 --> 00:11:18.000]  我們幫宣教士計算
[00:11:18.000 --> 00:11:20.000]  出糧的預算
[00:11:20.000 --> 00:11:21.000]  你猜一下
[00:11:21.000 --> 00:11:23.000]  會不會計多給他呢
[00:11:23.000 --> 00:11:25.000]  你放心
[00:11:25.000 --> 00:11:28.000]  一分錢都不會計多給他
[00:11:28.000 --> 00:11:30.000]  Need Based
[00:11:30.000 --> 00:11:34.000]  按照實際需用
[00:11:34.000 --> 00:11:35.000]  然後宣教士的糧
[00:11:35.000 --> 00:11:37.000]  是不是有一間公司包底
[00:11:37.000 --> 00:11:39.000]  這個差會很好
[00:11:39.000 --> 00:11:40.000]  包底的
[00:11:40.000 --> 00:11:42.000]  出糧是不是這樣出的
[00:11:42.000 --> 00:11:43.000]  有沒有聽過
[00:11:43.000 --> 00:11:44.000]  教會是不是包底的
[00:11:44.000 --> 00:11:46.000]  我不知道你們教會有沒有包底
[00:11:46.000 --> 00:11:48.000]  教會會不會包底
[00:11:48.000 --> 00:11:51.000]  就是宣教士的糧
[00:11:51.000 --> 00:11:52.000]  沒有人包底的
[00:11:52.000 --> 00:11:54.000]  很多時候都沒有
[00:11:54.000 --> 00:11:57.000]  那哪裡來的
[00:11:57.000 --> 00:11:59.000]  原來我們宣教界
[00:11:59.000 --> 00:12:01.000]  發明了四個字
[00:12:01.000 --> 00:12:03.000]  叫做自籌人工
[00:12:03.000 --> 00:12:04.000]  有沒有聽過
[00:12:04.000 --> 00:12:05.000]  原來宣教士
[00:12:05.000 --> 00:12:07.000]  按照那個叫做
[00:12:07.000 --> 00:12:10.000]  按實際需用的Need Based裡面
[00:12:10.000 --> 00:12:12.000]  定了一個預算
[00:12:12.000 --> 00:12:13.000]  然後宣教士
[00:12:13.000 --> 00:12:16.000]  要自己想辦法找他回來
[00:12:16.000 --> 00:12:18.000]  自籌人工
[00:12:18.000 --> 00:12:20.000]  籌多了會怎樣
[00:12:20.000 --> 00:12:22.000]  發達了是不是這樣
[00:12:22.000 --> 00:12:23.000]  籌多了你放心
[00:12:23.000 --> 00:12:25.000]  都不會進你的桌子
[00:12:25.000 --> 00:12:27.000]  籌少了會怎樣你知道嗎
[00:12:27.000 --> 00:12:28.000]  很簡單
[00:12:28.000 --> 00:12:29.000]  四個字
[00:12:29.000 --> 00:12:30.000]  節衣
[00:12:30.000 --> 00:12:31.000]  縮成
[00:12:31.000 --> 00:12:32.000]  省點錢就可以了
[00:12:32.000 --> 00:12:35.000]  那神的供應不是很豐富嗎
[00:12:35.000 --> 00:12:36.000]  我可以講幾個見證給大家聽
[00:12:36.000 --> 00:12:37.000]  講三個
[00:12:37.000 --> 00:12:39.000]  第一個的見證
[00:12:39.000 --> 00:12:41.000]  就是我去到日本宣教的時候
[00:12:41.000 --> 00:12:43.000]  我是很喜歡做單章的
[00:12:43.000 --> 00:12:45.000]  就是要派單章是嗎
[00:12:45.000 --> 00:12:46.000]  我自己的福音單章
[00:12:46.000 --> 00:12:48.000]  和福音小冊子我自己做的
[00:12:48.000 --> 00:12:50.000]  因為我每次做完之後
[00:12:50.000 --> 00:12:52.000]  用那些字眼我要改的
[00:12:52.000 --> 00:12:54.000]  所以我不斷地做不斷地改
[00:12:54.000 --> 00:12:56.000]  我不斷地印自己活動的單章
[00:12:56.000 --> 00:12:58.000]  每個禮拜有很多的活動
[00:12:58.000 --> 00:12:59.000]  不斷地派
[00:12:59.000 --> 00:13:01.000]  接著去傳福音
[00:13:01.000 --> 00:13:02.000]  我有個需要
[00:13:02.000 --> 00:13:04.000]  你猜我需要什麼
[00:13:04.000 --> 00:13:06.000]  我需要一個Printer
[00:13:06.000 --> 00:13:08.000]  因為外面打印很貴
[00:13:08.000 --> 00:13:10.000]  二十多年前了
[00:13:10.000 --> 00:13:12.000]  外面打印都很貴
[00:13:12.000 --> 00:13:13.000]  所以我就祈禱
[00:13:13.000 --> 00:13:14.000]  其實很窮
[00:13:14.000 --> 00:13:15.000]  我祈禱
[00:13:15.000 --> 00:13:16.000]  神啊不如你供應我一個
[00:13:16.000 --> 00:13:18.000]  Color Laser Printer
[00:13:18.000 --> 00:13:20.000]  彩色雷射打印機
[00:13:20.000 --> 00:13:22.000]  二十多年前了
[00:13:22.000 --> 00:13:23.000]  貴不貴
[00:13:23.000 --> 00:13:24.000]  很貴
[00:13:24.000 --> 00:13:25.000]  今天也貴
[00:13:25.000 --> 00:13:26.000]  但是我沒有錢
[00:13:26.000 --> 00:13:27.000]  但是我要
[00:13:27.000 --> 00:13:28.000]  為什麼呢
[00:13:28.000 --> 00:13:29.000]  我真的要用
[00:13:29.000 --> 00:13:30.000]  那怎麼辦
[00:13:30.000 --> 00:13:32.000]  四隻字
[00:13:32.000 --> 00:13:33.000]  折衣
[00:13:33.000 --> 00:13:35.000]  縮成
[00:13:35.000 --> 00:13:36.000]  想辦法
[00:13:36.000 --> 00:13:37.000]  買了它
[00:13:37.000 --> 00:13:38.000]  好了
[00:13:38.000 --> 00:13:39.000]  存夠錢了
[00:13:39.000 --> 00:13:40.000]  買了
[00:13:40.000 --> 00:13:41.000]  去到店鋪那裡
[00:13:41.000 --> 00:13:43.000]  我說了上帝奇妙的供應
[00:13:43.000 --> 00:13:44.000]  去到店鋪那裡
[00:13:44.000 --> 00:13:45.000]  結帳
[00:13:45.000 --> 00:13:46.000]  買了
[00:13:46.000 --> 00:13:47.000]  很開心
[00:13:47.000 --> 00:13:48.000]  感謝神
[00:13:48.000 --> 00:13:49.000]  折衣縮成
[00:13:49.000 --> 00:13:50.000]  買了回來
[00:13:50.000 --> 00:13:51.000]  然後臨出門口的時候
[00:13:51.000 --> 00:13:52.000]  有個小姐
[00:13:52.000 --> 00:13:53.000]  那個店員說
[00:13:53.000 --> 00:13:55.000]  其實你這張單
[00:13:55.000 --> 00:13:57.000]  可以去抽獎的
[00:13:57.000 --> 00:13:59.000]  接著我就抽了
[00:13:59.000 --> 00:14:00.000]  日本的抽獎
[00:14:00.000 --> 00:14:01.000]  就很有趣
[00:14:01.000 --> 00:14:02.000]  是絞豬
[00:14:02.000 --> 00:14:03.000]  絞
[00:14:03.000 --> 00:14:05.000]  然後有顆豬彈出來
[00:14:05.000 --> 00:14:06.000]  她說恭喜你
[00:14:06.000 --> 00:14:08.000]  此單免費
[00:14:09.000 --> 00:14:10.000]  幸好我買了這張卡
[00:14:10.000 --> 00:14:12.000]  Laser Printer
[00:14:12.000 --> 00:14:13.000]  還有很可愛
[00:14:13.000 --> 00:14:14.000]  你不能貪心
[00:14:14.000 --> 00:14:15.000]  你打開冰箱
[00:14:15.000 --> 00:14:17.000]  你猜會不會此單免費
[00:14:17.000 --> 00:14:20.000]  神的供應很奇妙
[00:14:20.000 --> 00:14:21.000]  很準確
[00:14:21.000 --> 00:14:22.000]  很準確
[00:14:22.000 --> 00:14:24.000]  就是此單免費
[00:14:24.000 --> 00:14:25.000]  不是折衣縮成
[00:14:25.000 --> 00:14:27.000]  是神說我要給你
[00:14:27.000 --> 00:14:28.000]  你祈禱
[00:14:28.000 --> 00:14:29.000]  神說給你
[00:14:29.000 --> 00:14:30.000]  好 就是這樣給
[00:14:30.000 --> 00:14:32.000]  有沒有看過
[00:14:32.000 --> 00:14:33.000]  《大德新傳》
[00:14:33.000 --> 00:14:34.000]  孫教士傳記
[00:14:34.000 --> 00:14:35.000]  有舉手看一下
[00:14:35.000 --> 00:14:36.000]  有的
[00:14:36.000 --> 00:14:37.000]  有的
[00:14:37.000 --> 00:14:38.000]  有空看
[00:14:38.000 --> 00:14:40.000]  孫教士傳記很好看
[00:14:40.000 --> 00:14:42.000]  好看過金庸武俠小說
[00:14:42.000 --> 00:14:43.000]  說真的
[00:14:43.000 --> 00:14:44.000]  看完之後
[00:14:44.000 --> 00:14:45.000]  你會愛不釋手
[00:14:45.000 --> 00:14:46.000]  繼續看其他
[00:14:46.000 --> 00:14:47.000]  孫教士傳記
[00:14:47.000 --> 00:14:48.000]  經常都有說
[00:14:48.000 --> 00:14:50.000]  孫教士真的有些時刻
[00:14:50.000 --> 00:14:52.000]  有些時刻是不夠的
[00:14:52.000 --> 00:14:54.000]  神不是奇妙供應的
[00:14:54.000 --> 00:14:56.000]  孫教士有些時刻不夠
[00:14:56.000 --> 00:14:57.000]  那怎麼辦
[00:14:57.000 --> 00:14:58.000]  我試過
[00:14:58.000 --> 00:14:59.000]  《大德新傳》那些經歷
[00:14:59.000 --> 00:15:01.000]  有些時刻
[00:15:01.000 --> 00:15:03.000]  沙士的時候
[00:15:03.000 --> 00:15:04.000]  2003年2004年
[00:15:04.000 --> 00:15:06.000]  很多艱難的日子
[00:15:06.000 --> 00:15:08.000]  今天香港都有些艱難的日子
[00:15:08.000 --> 00:15:10.000]  但我想說神的奇妙供應
[00:15:10.000 --> 00:15:12.000]  在困難的時候
[00:15:12.000 --> 00:15:14.000]  突然之間乒乓
[00:15:14.000 --> 00:15:15.000]  家裡有乒乓
[00:15:15.000 --> 00:15:16.000]  那是什麼
[00:15:16.000 --> 00:15:17.000]  有人記
[00:15:17.000 --> 00:15:18.000]  日本有些突急便
[00:15:18.000 --> 00:15:20.000]  現在香港就很流行
[00:15:20.000 --> 00:15:22.000]  順風快遞
[00:15:22.000 --> 00:15:23.000]  乒乓
[00:15:23.000 --> 00:15:25.000]  30kg的白米
[00:15:25.000 --> 00:15:29.000]  無端端有30kg
[00:15:29.000 --> 00:15:30.000]  30kg
[00:15:30.000 --> 00:15:32.000]  一家四口吃很久了
[00:15:32.000 --> 00:15:33.000]  你明白嗎
[00:15:33.000 --> 00:15:34.000]  30kg的白米
[00:15:34.000 --> 00:15:36.000]  神的奇妙供應就是這樣
[00:15:36.000 --> 00:15:37.000]  很有趣
[00:15:37.000 --> 00:15:38.000]  很有趣
[00:15:38.000 --> 00:15:39.000]  不過
[00:15:39.000 --> 00:15:41.000]  孫教士的生活又不是
[00:15:41.000 --> 00:15:43.000]  天天都是豐富
[00:15:43.000 --> 00:15:45.000]  我們的豐富是
[00:15:45.000 --> 00:15:48.000]  不會有餘亦都不會有缺的豐富
[00:15:48.000 --> 00:15:49.000]  那我就
[00:15:49.000 --> 00:15:51.000]  三個小朋友
[00:15:51.000 --> 00:15:53.000]  三個子女現在大了
[00:15:53.000 --> 00:15:54.000]  兩個made in Japan
[00:15:54.000 --> 00:15:56.000]  一個made in Hong Kong
[00:15:56.000 --> 00:15:57.000]  兩個日本大
[00:15:57.000 --> 00:15:59.000]  日本出世
[00:15:59.000 --> 00:16:01.000]  所以在日本的時候
[00:16:01.000 --> 00:16:03.000]  一家四口在日本生活
[00:16:03.000 --> 00:16:05.000]  其實都很窮
[00:16:05.000 --> 00:16:07.000]  按著實際需用
[00:16:07.000 --> 00:16:08.000]  need base
[00:16:08.000 --> 00:16:09.000]  那你籌到九成
[00:16:09.000 --> 00:16:11.000]  那你就要怎麼樣
[00:16:11.000 --> 00:16:12.000]  你要節省那一成
[00:16:12.000 --> 00:16:14.000]  你籌到七成就要怎麼樣
[00:16:14.000 --> 00:16:16.000]  就要節省那三成了
[00:16:16.000 --> 00:16:18.000]  那有些時候
[00:16:18.000 --> 00:16:21.000]  有些香港的弟兄姊妹來探我們
[00:16:21.000 --> 00:16:22.000]  那他們怎麼樣呢
[00:16:22.000 --> 00:16:23.000]  他說
[00:16:23.000 --> 00:16:24.000]  他叫我少倫
[00:16:24.000 --> 00:16:25.000]  少倫
[00:16:25.000 --> 00:16:27.000]  我買了一個富士蘋果給你
[00:16:27.000 --> 00:16:30.000]  二十年前你有沒有吃過富士蘋果
[00:16:30.000 --> 00:16:31.000]  現在香港也有
[00:16:31.000 --> 00:16:34.000]  現在十元都有幾隻了
[00:16:34.000 --> 00:16:36.000]  在街市都可以買的
[00:16:36.000 --> 00:16:37.000]  糖心的
[00:16:37.000 --> 00:16:38.000]  你知道我說什麼嗎
[00:16:38.000 --> 00:16:40.000]  富士蘋果是糖心的
[00:16:40.000 --> 00:16:41.000]  嘩
[00:16:41.000 --> 00:16:43.000]  那些弟兄姊妹買了一個這麼大隻的
[00:16:43.000 --> 00:16:44.000]  二十幾年前了
[00:16:44.000 --> 00:16:46.000]  這麼大隻的富士蘋果給我
[00:16:46.000 --> 00:16:47.000]  開不開心啊
[00:16:47.000 --> 00:16:49.000]  好開心啊
[00:16:49.000 --> 00:16:50.000]  我的子女看到
[00:16:50.000 --> 00:16:53.000]  蘋果可以這麼大隻的嗎
[00:16:53.000 --> 00:16:54.000]  傳說中
[00:16:54.000 --> 00:16:56.000]  糖心的
[00:16:56.000 --> 00:16:59.000]  捨不捨得開來吃啊
[00:16:59.000 --> 00:17:01.000]  所以下次你來送東西給孫教士
[00:17:01.000 --> 00:17:04.000]  不要送一隻
[00:17:04.000 --> 00:17:06.000]  接著我們整間看著他
[00:17:06.000 --> 00:17:08.000]  看著也開心啊
[00:17:08.000 --> 00:17:09.000]  今天不要切了
[00:17:09.000 --> 00:17:10.000]  等一個禮拜
[00:17:10.000 --> 00:17:11.000]  等兩個禮拜
[00:17:11.000 --> 00:17:12.000]  不知道等了幾天
[00:17:12.000 --> 00:17:13.000]  我忘記了
[00:17:13.000 --> 00:17:14.000]  接著有一天我跟老婆說
[00:17:14.000 --> 00:17:15.000]  老婆
[00:17:15.000 --> 00:17:18.000]  不如我們切了一個富士蘋果來吃
[00:17:18.000 --> 00:17:21.000]  看看傳說中的糖心蘋果怎麼樣
[00:17:21.000 --> 00:17:22.000]  一切
[00:17:22.000 --> 00:17:23.000]  接著怎麼樣
[00:17:23.000 --> 00:17:25.000]  爛了
[00:17:25.000 --> 00:17:26.000]  接著整間看著
[00:17:26.000 --> 00:17:29.000]  裡面黑色的
[00:17:29.000 --> 00:17:31.000]  不是糖心
[00:17:31.000 --> 00:17:32.000]  所以我們支持孫教士
[00:17:32.000 --> 00:17:33.000]  不要買一隻
[00:17:33.000 --> 00:17:34.000]  買兩隻
[00:17:34.000 --> 00:17:35.000]  等他有一隻擺一下
[00:17:35.000 --> 00:17:36.000]  看看
[00:17:36.000 --> 00:17:38.000]  另外一隻可以去吃
[00:17:38.000 --> 00:17:39.000]  為什麼要說這些呢
[00:17:39.000 --> 00:17:41.000]  因為我們對孫教士的概念
[00:17:41.000 --> 00:17:43.000]  可能我們不是很充足
[00:17:43.000 --> 00:17:44.000]  我們有個印象
[00:17:44.000 --> 00:17:46.000]  孫教士是那些
[00:17:46.000 --> 00:17:48.000]  頭頂有光環
[00:17:48.000 --> 00:17:49.000]  其實我告訴你
[00:17:49.000 --> 00:17:50.000]  孫教士是你和我
[00:17:50.000 --> 00:17:51.000]  差不多
[00:17:51.000 --> 00:17:52.000]  其實我們
[00:17:52.000 --> 00:17:54.000]  人人都有不同的需要
[00:17:54.000 --> 00:17:56.000]  有不同的感受
[00:17:56.000 --> 00:17:58.000]  我記得我自己在日本
[00:17:58.000 --> 00:18:00.000]  頭那幾年去學日文
[00:18:00.000 --> 00:18:01.000]  頭那兩年
[00:18:01.000 --> 00:18:03.000]  我老婆轉頭學得懂
[00:18:03.000 --> 00:18:04.000]  很厲害
[00:18:04.000 --> 00:18:05.000]  那些語文
[00:18:05.000 --> 00:18:07.000]  我就學得很艱難
[00:18:07.000 --> 00:18:09.000]  有一段時間我真的哭
[00:18:09.000 --> 00:18:10.000]  哭得很厲害
[00:18:10.000 --> 00:18:13.000]  那些哭法是覺得自己絕望
[00:18:13.000 --> 00:18:16.000]  我怎麼可能學得懂日文呢
[00:18:16.000 --> 00:18:17.000]  那些哭
[00:18:17.000 --> 00:18:18.000]  你哭出聲
[00:18:18.000 --> 00:18:20.000]  是有眼淚那些
[00:18:20.000 --> 00:18:21.000]  所以我們需要
[00:18:21.000 --> 00:18:22.000]  被關心
[00:18:22.000 --> 00:18:23.000]  被關懷
[00:18:23.000 --> 00:18:26.000]  那該由做些什麼呢
[00:18:26.000 --> 00:18:28.000]  該由就是見到
[00:18:28.000 --> 00:18:31.000]  孫教士那一份的需要
[00:18:31.000 --> 00:18:33.000]  他就忠心地去回應
[00:18:33.000 --> 00:18:34.000]  擺上
[00:18:34.000 --> 00:18:35.000]  然後呢
[00:18:35.000 --> 00:18:37.000]  孫教士就有一份經歷
[00:18:37.000 --> 00:18:39.000]  經歷了些什麼呢
[00:18:39.000 --> 00:18:41.000]  經歷了上帝的愛
[00:18:41.000 --> 00:18:43.000]  其實原來孫教士是人來的
[00:18:43.000 --> 00:18:44.000]  孫教士是一個
[00:18:44.000 --> 00:18:45.000]  很普通的人來的
[00:18:45.000 --> 00:18:47.000]  和你和我一樣
[00:18:47.000 --> 00:18:49.000]  孫教士都需要經歷
[00:18:49.000 --> 00:18:50.000]  一份的愛
[00:18:50.000 --> 00:18:52.000]  一份的關懷
[00:18:52.000 --> 00:18:53.000]  接著他說
[00:18:53.000 --> 00:18:55.000]  你若配得過神
[00:18:55.000 --> 00:18:58.000]  幫助他們前行者就好了
[00:18:58.000 --> 00:18:59.000]  這句難明一點
[00:18:59.000 --> 00:19:00.000]  中文難明一點
[00:19:00.000 --> 00:19:02.000]  因為中文譯得奇奇怪怪
[00:19:02.000 --> 00:19:03.000]  你若配得過神
[00:19:03.000 --> 00:19:05.000]  幫助他們前行者就好了
[00:19:05.000 --> 00:19:06.000]  什麼意思呢
[00:19:06.000 --> 00:19:07.000]  這樣
[00:19:07.000 --> 00:19:08.000]  給你一些英文你就明白了
[00:19:08.000 --> 00:19:09.000]  我們是
[00:19:09.000 --> 00:19:12.000]  In a manner worthy of God
[00:19:12.000 --> 00:19:14.000]  就是說如果我們
[00:19:14.000 --> 00:19:15.000]  服侍孫教士
[00:19:15.000 --> 00:19:16.000]  幫助孫教士
[00:19:16.000 --> 00:19:17.000]  支持他前行
[00:19:17.000 --> 00:19:19.000]  要怎樣支持呢
[00:19:19.000 --> 00:19:20.000]  其實這個正正就是
[00:19:20.000 --> 00:19:23.000]  全位同工要開會談的事情
[00:19:23.000 --> 00:19:24.000]  我們要問一個問題
[00:19:24.000 --> 00:19:26.000]  我們用什麼standard
[00:19:26.000 --> 00:19:27.000]  我們用什麼標準
[00:19:27.000 --> 00:19:29.000]  來支持孫教士
[00:19:29.000 --> 00:19:31.000]  有沒有問過這些問題
[00:19:31.000 --> 00:19:32.000]  有問過的
[00:19:32.000 --> 00:19:33.000]  有問過的
[00:19:33.000 --> 00:19:34.000]  我們真的要問的
[00:19:34.000 --> 00:19:35.000]  我們用什麼標準
[00:19:35.000 --> 00:19:37.000]  去支持孫教士
[00:19:37.000 --> 00:19:39.000]  原來聖經有說
[00:19:39.000 --> 00:19:41.000]  In a manner worthy of God
[00:19:41.000 --> 00:19:43.000]  配得過神的manner
[00:19:43.000 --> 00:19:46.000]  配得過神的標準
[00:19:46.000 --> 00:19:49.000]  來做孫教士的關懷
[00:19:49.000 --> 00:19:50.000]  我有一個經歷
[00:19:50.000 --> 00:19:51.000]  不是說你們教會
[00:19:51.000 --> 00:19:53.000]  你們不要想哪一間教會
[00:19:53.000 --> 00:19:55.000]  我去很多年
[00:19:55.000 --> 00:19:57.000]  去很多不同的教會都有開會
[00:19:57.000 --> 00:19:58.000]  有一間教會
[00:19:58.000 --> 00:20:00.000]  他說Alton
[00:20:00.000 --> 00:20:02.000]  有件事想請教你
[00:20:02.000 --> 00:20:03.000]  有個孫教士
[00:20:03.000 --> 00:20:04.000]  就是他們教會的孫教士
[00:20:04.000 --> 00:20:07.000]  孫教士就要買車
[00:20:07.000 --> 00:20:08.000]  買車
[00:20:08.000 --> 00:20:09.000]  香港人覺得買車
[00:20:09.000 --> 00:20:11.000]  是不是很奢侈
[00:20:11.000 --> 00:20:12.000]  是吧
[00:20:12.000 --> 00:20:13.000]  在外國
[00:20:13.000 --> 00:20:14.000]  在孫教工場買車
[00:20:14.000 --> 00:20:15.000]  是不奢侈的
[00:20:15.000 --> 00:20:16.000]  代步用的
[00:20:16.000 --> 00:20:18.000]  孫教士要買車
[00:20:18.000 --> 00:20:19.000]  不過問題存在
[00:20:19.000 --> 00:20:21.000]  孫教士要買個全新的
[00:20:21.000 --> 00:20:24.000]  四輪驅動的TOYOTA
[00:20:24.000 --> 00:20:27.000]  第一 TOYOTA是便宜車
[00:20:27.000 --> 00:20:29.000]  它不是奔馳
[00:20:29.000 --> 00:20:30.000]  但是四輪驅動
[00:20:30.000 --> 00:20:32.000]  你們明白什麼是四輪驅動嗎
[00:20:32.000 --> 00:20:35.000]  就是說原來車是有
[00:20:35.000 --> 00:20:38.000]  正常是車是兩個動能輪
[00:20:38.000 --> 00:20:41.000]  但是四個動能輪就貴很多
[00:20:41.000 --> 00:20:43.000]  要新還是舊
[00:20:43.000 --> 00:20:44.000]  要新的
[00:20:44.000 --> 00:20:47.000]  教會就掙扎了
[00:20:47.000 --> 00:20:50.000]  孫教士要買個全新的
[00:20:50.000 --> 00:20:53.000]  四輪驅動TOYOTA
[00:20:53.000 --> 00:20:55.000]  那怎樣支持好呢
[00:20:55.000 --> 00:20:58.000]  教會應該用什麼標準去支持呢
[00:20:58.000 --> 00:21:00.000]  你明白這個問題嗎
[00:21:00.000 --> 00:21:02.000]  問題存在就是說
[00:21:02.000 --> 00:21:04.000]  我們自己都沒有車
[00:21:04.000 --> 00:21:05.000]  是吧
[00:21:05.000 --> 00:21:06.000]  第一
[00:21:06.000 --> 00:21:07.000]  第二就是
[00:21:07.000 --> 00:21:09.000]  我們買車都買前七
[00:21:09.000 --> 00:21:11.000]  現在不是在香港買電能
[00:21:11.000 --> 00:21:12.000]  在說二十年前
[00:21:12.000 --> 00:21:14.000]  我們買車都買前七
[00:21:14.000 --> 00:21:16.000]  為什麼要買全新呢
[00:21:16.000 --> 00:21:18.000]  孫教士可不可以買一輛
[00:21:18.000 --> 00:21:20.000]  二手三手四手車呢
[00:21:20.000 --> 00:21:21.000]  明白嗎
[00:21:21.000 --> 00:21:23.000]  為什麼要四輪呢
[00:21:23.000 --> 00:21:24.000]  為什麼不二輪驅動呢
[00:21:24.000 --> 00:21:26.000]  二輪驅動便宜一半
[00:21:26.000 --> 00:21:29.000]  明白所有的問題嗎
[00:21:29.000 --> 00:21:31.000]  接著我問一問他們
[00:21:31.000 --> 00:21:33.000]  你有沒有讀《代討信》
[00:21:33.000 --> 00:21:38.000]  有沒有讀那位孫教士的《代討信》
[00:21:38.000 --> 00:21:40.000]  當然是啞著無聲
[00:21:40.000 --> 00:21:41.000]  接著我說
[00:21:41.000 --> 00:21:43.000]  知不知道為什麼孫教士要一輛
[00:21:43.000 --> 00:21:46.000]  四輪驅動的全新的TOYOTA
[00:21:46.000 --> 00:21:51.000]  因為孫教士是在沙漠地區做探訪
[00:21:51.000 --> 00:21:54.000]  沙漠地區不是香港半個小時
[00:21:54.000 --> 00:21:57.000]  我四十分鐘可以由洪水橋開車
[00:21:57.000 --> 00:21:58.000]  開到這裡
[00:21:58.000 --> 00:21:59.000]  是吧
[00:21:59.000 --> 00:22:00.000]  Sorry
[00:22:00.000 --> 00:22:03.000]  他們不是開四十分鐘的車
[00:22:03.000 --> 00:22:06.000]  他們是開四個小時一程的車
[00:22:06.000 --> 00:22:07.000]  去做探訪
[00:22:07.000 --> 00:22:09.000]  來回八個小時
[00:22:09.000 --> 00:22:11.000]  那些地是什麼地
[00:22:11.000 --> 00:22:12.000]  沙漠
[00:22:12.000 --> 00:22:14.000]  那個區是什麼區
[00:22:14.000 --> 00:22:15.000]  你不知道吧
[00:22:15.000 --> 00:22:17.000]  那個時候還有塔利班
[00:22:17.000 --> 00:22:20.000]  那些地區是塔利班的村莊
[00:22:20.000 --> 00:22:24.000]  孫教士有寫在《代討信》
[00:22:24.000 --> 00:22:27.000]  那些村莊是有AK47的
[00:22:27.000 --> 00:22:31.000]  那個是極端伊斯蘭世界的地區
[00:22:31.000 --> 00:22:35.000]  明不明白為什麼要全新的四輪驅動
[00:22:35.000 --> 00:22:37.000]  接著再問一個問題
[00:22:37.000 --> 00:22:40.000]  你知不知道剛剛孫教士發生了什麼事情
[00:22:40.000 --> 00:22:43.000]  其實孫教士一直都是駕駛前七
[00:22:43.000 --> 00:22:46.000]  一直都是駕駛最懶的車
[00:22:46.000 --> 00:22:49.000]  然後他的車跪在沙漠
[00:22:49.000 --> 00:22:51.000]  快要死了
[00:22:51.000 --> 00:22:52.000]  出事了
[00:22:52.000 --> 00:22:53.000]  回來回來
[00:22:53.000 --> 00:22:56.000]  所以他差會要求
[00:22:56.000 --> 00:22:59.000]  孫教士你不要再節省這些錢了
[00:22:59.000 --> 00:23:01.000]  你要買一個全新的什麼
[00:23:01.000 --> 00:23:03.000]  四輪驅動TOYOTA
[00:23:03.000 --> 00:23:05.000]  明不明白那個意思
[00:23:05.000 --> 00:23:07.000]  那當然不是找你籌款
[00:23:07.000 --> 00:23:10.000]  這件事已經發生二十年前了
[00:23:10.000 --> 00:23:13.000]  如果回來沙漠是你的孫教士
[00:23:13.000 --> 00:23:15.000]  有這樣的要求的時候
[00:23:15.000 --> 00:23:19.000]  那你又會怎樣去思考和回應呢
[00:23:19.000 --> 00:23:20.000]  那我記得當年
[00:23:20.000 --> 00:23:22.000]  這個是印象我已經忘記了
[00:23:22.000 --> 00:23:27.000]  當年教會就批了大概是三萬到四萬的支持
[00:23:27.000 --> 00:23:29.000]  那我想說什麼呢
[00:23:29.000 --> 00:23:32.000]  我想說其實經文怎麼去說的呢
[00:23:32.000 --> 00:23:35.000]  經文是說你容配得過神
[00:23:35.000 --> 00:23:38.000]  或者是In a manner worthy of God的方法
[00:23:38.000 --> 00:23:40.000]  是一種上帝
[00:23:40.000 --> 00:23:42.000]  你去服侍上帝的方法
[00:23:42.000 --> 00:23:45.000]  來幫助孫教士前行
[00:23:45.000 --> 00:23:47.000]  這樣就好了
[00:23:47.000 --> 00:23:49.000]  那我們應該用什麼標準
[00:23:49.000 --> 00:23:52.000]  來去服侍那個孫教士呢
[00:23:52.000 --> 00:23:55.000]  這個我們值得思考
[00:23:55.000 --> 00:23:57.000]  教會有教會的概念
[00:23:57.000 --> 00:23:58.000]  沒問題
[00:23:58.000 --> 00:24:00.000]  因為教會真的要管理很多東西
[00:24:00.000 --> 00:24:01.000]  你沒理由全部都背
[00:24:01.000 --> 00:24:04.000]  但是這本書是什麼書啊
[00:24:04.000 --> 00:24:06.000]  個人書信來的
[00:24:06.000 --> 00:24:07.000]  個人書信來的
[00:24:07.000 --> 00:24:09.000]  因為我們聽到我們知道的時候
[00:24:09.000 --> 00:24:11.000]  我們又可以怎樣的
[00:24:11.000 --> 00:24:15.000]  去幫助孫教士前行呢
[00:24:15.000 --> 00:24:16.000]  跟著他說
[00:24:16.000 --> 00:24:20.000]  所以我們應該接待這樣的人
[00:24:20.000 --> 00:24:24.000]  叫我們與他們一同為真理作功
[00:24:24.000 --> 00:24:25.000]  這句說話又很有趣
[00:24:25.000 --> 00:24:27.000]  所以我們應該怎樣
[00:24:27.000 --> 00:24:30.000]  接待這一種的人
[00:24:30.000 --> 00:24:33.000]  接待這個字的原文的意思
[00:24:33.000 --> 00:24:36.000]  不是說我接你回來請你吃飯
[00:24:36.000 --> 00:24:39.000]  在以色列人、希伯來文化裡面
[00:24:39.000 --> 00:24:43.000]  他們的接待文化是很重的
[00:24:43.000 --> 00:24:45.000]  但是這個接待不只是那種
[00:24:45.000 --> 00:24:48.000]  接你機、接你來吃飯
[00:24:48.000 --> 00:24:49.000]  接你過夜那種
[00:24:49.000 --> 00:24:51.000]  他說我們應該接待這一種的人
[00:24:51.000 --> 00:24:55.000]  接待的意思是接住
[00:24:55.000 --> 00:24:57.000]  所以應該怎樣
[00:24:57.000 --> 00:24:59.000]  接住這些人
[00:24:59.000 --> 00:25:01.000]  你們的年紀跟我差不多
[00:25:01.000 --> 00:25:03.000]  或者你比我大我也不奇怪
[00:25:03.000 --> 00:25:04.000]  我小時候玩的遊戲機
[00:25:04.000 --> 00:25:06.000]  不知道你們小時候有沒有玩的
[00:25:06.000 --> 00:25:09.000]  那個叫做高空雜物
[00:25:09.000 --> 00:25:10.000]  你有沒有玩過
[00:25:10.000 --> 00:25:13.000]  額頭你已經暴露了你的年齡的秘密
[00:25:13.000 --> 00:25:15.000]  以前的遊戲機沒有那麼複雜的
[00:25:15.000 --> 00:25:17.000]  只有左右兩個按鈕
[00:25:17.000 --> 00:25:18.000]  高空雜物一隻掉下來
[00:25:18.000 --> 00:25:20.000]  跟著你左右左右
[00:25:20.000 --> 00:25:23.000]  拿個籃子去接住那些水果
[00:25:23.000 --> 00:25:24.000]  一是左一是右
[00:25:24.000 --> 00:25:26.000]  你知我講哪些
[00:25:26.000 --> 00:25:27.000]  高空雜物
[00:25:27.000 --> 00:25:29.000]  我們應該怎樣
[00:25:29.000 --> 00:25:31.000]  接住這些人
[00:25:31.000 --> 00:25:33.000]  接住他們
[00:25:33.000 --> 00:25:35.000]  外面的筲箕灣
[00:25:35.000 --> 00:25:37.000]  我們西灣河外面還有搭棚
[00:25:37.000 --> 00:25:40.000]  香港都是搭棚的
[00:25:40.000 --> 00:25:41.000]  搭棚很有趣的
[00:25:41.000 --> 00:25:42.000]  我真的有一次
[00:25:42.000 --> 00:25:44.000]  特意去看著搭棚
[00:25:44.000 --> 00:25:45.000]  你們外面都搭棚
[00:25:45.000 --> 00:25:46.000]  搭棚不是這裡
[00:25:46.000 --> 00:25:48.000]  外面大家都搭棚
[00:25:48.000 --> 00:25:50.000]  我真的看著那些人怎麼搭棚
[00:25:50.000 --> 00:25:52.000]  有一次是拆棚
[00:25:52.000 --> 00:25:54.000]  拆棚怎麼拆的
[00:25:54.000 --> 00:25:55.000]  一枝枝竹
[00:25:55.000 --> 00:25:56.000]  跟著怎樣
[00:25:56.000 --> 00:25:58.000]  放手扔下去
[00:25:58.000 --> 00:26:00.000]  下面那個怎樣
[00:26:00.000 --> 00:26:02.000]  接住然後怎樣
[00:26:02.000 --> 00:26:04.000]  很順暢的
[00:26:04.000 --> 00:26:06.000]  十幾二十層樓
[00:26:06.000 --> 00:26:09.000]  就整枝竹扔下去
[00:26:09.000 --> 00:26:11.000]  打橫攤的
[00:26:11.000 --> 00:26:13.000]  接不住那怎樣
[00:26:13.000 --> 00:26:14.000]  下面的途人
[00:26:14.000 --> 00:26:16.000]  I am sorry
[00:26:16.000 --> 00:26:17.000]  不好意思接不住
[00:26:17.000 --> 00:26:18.000]  我們應該怎樣
[00:26:18.000 --> 00:26:20.000]  接住
[00:26:20.000 --> 00:26:22.000]  我們應該接待
[00:26:22.000 --> 00:26:25.000]  接住這些宣教的工人
[00:26:25.000 --> 00:26:29.000]  我爸爸現在還是很健康
[00:26:29.000 --> 00:26:31.000]  但我爸爸有幾個問題
[00:26:31.000 --> 00:26:33.000]  第一個問題是健康問題
[00:26:33.000 --> 00:26:35.000]  第一個問題是心臟病
[00:26:35.000 --> 00:26:36.000]  老人家心臟病
[00:26:36.000 --> 00:26:39.000]  第二個問題是血壓很高
[00:26:39.000 --> 00:26:40.000]  血壓很高
[00:26:40.000 --> 00:26:42.000]  血壓高心臟病要看醫生
[00:26:42.000 --> 00:26:43.000]  醫生會開什麼
[00:26:43.000 --> 00:26:44.000]  你知道嗎
[00:26:44.000 --> 00:26:47.000]  血壓藥和心臟藥
[00:26:47.000 --> 00:26:48.000]  我爸爸很有趣
[00:26:48.000 --> 00:26:49.000]  我爸爸忘了吃藥
[00:26:49.000 --> 00:26:50.000]  忘了吃藥
[00:26:50.000 --> 00:26:51.000]  他說不要緊
[00:26:51.000 --> 00:26:53.000]  我下午吃雙倍
[00:26:54.000 --> 00:26:56.000]  你明白這個意思嗎
[00:26:56.000 --> 00:26:57.000]  吃完
[00:26:57.000 --> 00:26:59.000]  這個是錯誤示範
[00:26:59.000 --> 00:27:00.000]  不要學
[00:27:00.000 --> 00:27:02.000]  下午吃雙倍
[00:27:02.000 --> 00:27:04.000]  吃完之後我爸爸會怎樣
[00:27:04.000 --> 00:27:06.000]  就暈倒了
[00:27:06.000 --> 00:27:08.000]  所以我爸爸整天都暈
[00:27:08.000 --> 00:27:09.000]  在街上暈倒
[00:27:09.000 --> 00:27:10.000]  感恩
[00:27:10.000 --> 00:27:12.000]  這是神恩典
[00:27:12.000 --> 00:27:14.000]  我爸爸跌倒過很多很多次
[00:27:14.000 --> 00:27:15.000]  真的暈倒
[00:27:15.000 --> 00:27:17.000]  是飛歐
[00:27:17.000 --> 00:27:19.000]  是暈倒的
[00:27:19.000 --> 00:27:22.000]  每次都有人接到他
[00:27:22.000 --> 00:27:23.000]  每次都有人接到他
[00:27:23.000 --> 00:27:24.000]  要麼是我媽
[00:27:24.000 --> 00:27:25.000]  要麼是我哥
[00:27:25.000 --> 00:27:26.000]  要麼我的孫子
[00:27:26.000 --> 00:27:28.000]  我爸爸生兒子多
[00:27:28.000 --> 00:27:30.000]  我兩個兒子又肯生兒子
[00:27:30.000 --> 00:27:32.000]  所以孫子多
[00:27:32.000 --> 00:27:34.000]  接到了
[00:27:34.000 --> 00:27:37.000]  到今天我爸爸跌倒過很多次
[00:27:37.000 --> 00:27:39.000]  每次都有人接不住
[00:27:39.000 --> 00:27:42.000]  孫教士會不會跌
[00:27:42.000 --> 00:27:43.000]  會不會跌
[00:27:43.000 --> 00:27:44.000]  會
[00:27:44.000 --> 00:27:46.000]  他不是血壓高
[00:27:46.000 --> 00:27:47.000]  不是血壓低
[00:27:47.000 --> 00:27:50.000]  孫教士是需要有人接住
[00:27:50.000 --> 00:27:53.000]  需要有人接待
[00:27:53.000 --> 00:27:54.000]  香港呢
[00:27:54.000 --> 00:27:56.000]  我們有六百多個孫教士
[00:27:56.000 --> 00:27:58.000]  剛剛上
[00:27:58.000 --> 00:28:00.000]  剛剛禮拜二出了最新的
[00:28:00.000 --> 00:28:02.000]  香港孫教的普查
[00:28:02.000 --> 00:28:04.000]  香港有六百六十六個
[00:28:04.000 --> 00:28:06.000]  不是不靚字來的這個孫
[00:28:06.000 --> 00:28:08.000]  六百六十六個孫教士
[00:28:08.000 --> 00:28:10.000]  早兩年有六百七十個
[00:28:10.000 --> 00:28:11.000]  少了少少
[00:28:11.000 --> 00:28:14.000]  但我們有二百五十個
[00:28:14.000 --> 00:28:15.000]  孫教士子女左右
[00:28:15.000 --> 00:28:17.000]  正確號碼不記得
[00:28:17.000 --> 00:28:20.000]  二百五十個孫教士子女左右
[00:28:20.000 --> 00:28:21.000]  去年
[00:28:21.000 --> 00:28:22.000]  前年
[00:28:22.000 --> 00:28:24.000]  前年我們的孫教士子女
[00:28:24.000 --> 00:28:25.000]  我們聯會
[00:28:25.000 --> 00:28:26.000]  我們差傳士工聯會
[00:28:26.000 --> 00:28:27.000]  我們就是照顧
[00:28:27.000 --> 00:28:29.000]  服侍這六百多個孫教士
[00:28:29.000 --> 00:28:30.000]  所有這些工作
[00:28:30.000 --> 00:28:32.000]  接著我們的童工就說
[00:28:32.000 --> 00:28:36.000]  我們二百多個孫教士子女
[00:28:36.000 --> 00:28:38.000]  孫教士出去孫教
[00:28:38.000 --> 00:28:40.000]  有沒有孫教訓練給他
[00:28:40.000 --> 00:28:41.000]  有
[00:28:41.000 --> 00:28:42.000]  差會又安排給孫教士
[00:28:42.000 --> 00:28:44.000]  神樂園又安排給孫教士
[00:28:44.000 --> 00:28:45.000]  孫教士無緣無故
[00:28:45.000 --> 00:28:47.000]  為何要去孫教
[00:28:47.000 --> 00:28:48.000]  因為有神的呼召
[00:28:48.000 --> 00:28:50.000]  孫教士去孫教
[00:28:50.000 --> 00:28:52.000]  孫教士子女有沒有神學讀
[00:28:52.000 --> 00:28:53.000]  有沒有
[00:28:53.000 --> 00:28:54.000]  沒有
[00:28:54.000 --> 00:28:55.000]  孫教士子女有沒有
[00:28:55.000 --> 00:28:57.000]  讀那個跨文化訓練
[00:28:57.000 --> 00:28:58.000]  沒有
[00:28:58.000 --> 00:28:59.000]  孫教士子女有沒有
[00:28:59.000 --> 00:29:00.000]  好像爸爸媽媽那樣
[00:29:00.000 --> 00:29:02.000]  無緣無故有個calling去
[00:29:02.000 --> 00:29:04.000]  他是爸爸有calling去
[00:29:04.000 --> 00:29:07.000]  孫教士子女就要跟
[00:29:07.000 --> 00:29:08.000]  接著我們會覺得
[00:29:08.000 --> 00:29:10.000]  小朋友讀書不要緊
[00:29:10.000 --> 00:29:12.000]  他轉頭進到學校就可以
[00:29:12.000 --> 00:29:15.000]  自然地學會了非洲話
[00:29:15.000 --> 00:29:17.000]  我們真的這樣教
[00:29:17.000 --> 00:29:18.000]  我們真的這樣想
[00:29:18.000 --> 00:29:20.000]  孫教士子女是否去到非洲
[00:29:20.000 --> 00:29:23.000]  自然可以學會了整個非洲話
[00:29:23.000 --> 00:29:24.000]  推他進去化學
[00:29:24.000 --> 00:29:27.000]  他自然就學會了
[00:29:27.000 --> 00:29:30.000]  我們發現孫教士子女
[00:29:30.000 --> 00:29:31.000]  有很多抑鬱
[00:29:31.000 --> 00:29:34.000]  和精神的問題
[00:29:34.000 --> 00:29:36.000]  所以兩年前我們的童工
[00:29:36.000 --> 00:29:40.000]  孫教士子女的抑鬱和精神病
[00:29:40.000 --> 00:29:42.000]  是否思覺失調那些
[00:29:42.000 --> 00:29:45.000]  你猜孫教士會不會到處說
[00:29:45.000 --> 00:29:46.000]  當然不會到處說
[00:29:46.000 --> 00:29:48.000]  他們是子女
[00:29:48.000 --> 00:29:51.000]  到處說不是那麼好
[00:29:51.000 --> 00:29:53.000]  所以孫教士子女的
[00:29:53.000 --> 00:29:57.000]  精神健康問題是沒有人知道的
[00:29:57.000 --> 00:29:59.000]  代賭信是不寫的
[00:29:59.000 --> 00:30:01.000]  代賭信是不會寫的
[00:30:01.000 --> 00:30:03.000]  但是我們的同事知道
[00:30:03.000 --> 00:30:05.000]  問我阿羅木斯
[00:30:05.000 --> 00:30:07.000]  可不可以我們setup一個
[00:30:07.000 --> 00:30:11.000]  孫教士子女精神健康的基金
[00:30:11.000 --> 00:30:12.000]  我說好啊
[00:30:12.000 --> 00:30:13.000]  我們的同事很好
[00:30:13.000 --> 00:30:14.000]  他又籌款
[00:30:14.000 --> 00:30:16.000]  他籌了幾十萬回來
[00:30:16.000 --> 00:30:19.000]  我說幾十萬都不算吧
[00:30:19.000 --> 00:30:21.000]  驚訝的事發生
[00:30:21.000 --> 00:30:25.000]  一年多一點都花光了
[00:30:25.000 --> 00:30:26.000]  嘩
[00:30:26.000 --> 00:30:28.000]  我逐個report看
[00:30:28.000 --> 00:30:31.000]  一路看一路哭
[00:30:31.000 --> 00:30:33.000]  一路看一路哭
[00:30:33.000 --> 00:30:36.000]  孫教士子女的精神健康
[00:30:36.000 --> 00:30:39.000]  原來是不需要禁拒認的
[00:30:39.000 --> 00:30:41.000]  是看精神科醫生的
[00:30:41.000 --> 00:30:43.000]  你明白嗎
[00:30:43.000 --> 00:30:45.000]  哪裏賺錢看啊孫教士
[00:30:45.000 --> 00:30:46.000]  捏鼻
[00:30:46.000 --> 00:30:49.000]  孫教士沒有說出來
[00:30:49.000 --> 00:30:50.000]  沒有人知道
[00:30:50.000 --> 00:30:51.000]  那哪裏出啊
[00:30:51.000 --> 00:30:54.000]  幸好我們有一點資助
[00:30:54.000 --> 00:30:55.000]  讓他去看醫生
[00:30:55.000 --> 00:30:58.000]  原來轉頭一年多兩年
[00:30:58.000 --> 00:31:00.000]  都花光了
[00:31:00.000 --> 00:31:02.000]  很驚訝
[00:31:02.000 --> 00:31:03.000]  但是我的感受是什麼呢
[00:31:03.000 --> 00:31:05.000]  我們應該怎樣
[00:31:05.000 --> 00:31:07.000]  接住他們
[00:31:07.000 --> 00:31:09.000]  我們應該接待這樣的人
[00:31:09.000 --> 00:31:11.000]  幫助他們前行
[00:31:11.000 --> 00:31:14.000]  這樣就好了
[00:31:14.000 --> 00:31:19.000]  我有一個支持者
[00:31:19.000 --> 00:31:20.000]  都是幾十年前的
[00:31:20.000 --> 00:31:24.000]  我這十年已經沒有做前線的孫教士
[00:31:24.000 --> 00:31:26.000]  所以已經不用做那些前線的籌款
[00:31:26.000 --> 00:31:29.000]  那我幾十年前
[00:31:29.000 --> 00:31:31.000]  一九九六年
[00:31:31.000 --> 00:31:33.000]  九六年不知道你在哪裏
[00:31:33.000 --> 00:31:35.000]  差不多了
[00:31:35.000 --> 00:31:36.000]  九六年的時候
[00:31:36.000 --> 00:31:37.000]  我就開始我全職侍奉的生涯
[00:31:37.000 --> 00:31:39.000]  所以我剛剛就二十九年
[00:31:39.000 --> 00:31:40.000]  九六年的時候
[00:31:40.000 --> 00:31:42.000]  在Hong Kong U畢業
[00:31:42.000 --> 00:31:43.000]  畢業的時候
[00:31:43.000 --> 00:31:45.000]  我選擇了做一份工作
[00:31:45.000 --> 00:31:47.000]  就是做孫教士
[00:31:47.000 --> 00:31:48.000]  孫教的工作
[00:31:48.000 --> 00:31:49.000]  接著知道
[00:31:49.000 --> 00:31:50.000]  自己知道的
[00:31:50.000 --> 00:31:52.000]  孫教工作就要自行籌款
[00:31:52.000 --> 00:31:54.000]  放心我不是找你籌款
[00:31:54.000 --> 00:31:56.000]  你不用奉獻給我
[00:31:56.000 --> 00:31:57.000]  不是
[00:31:57.000 --> 00:31:58.000]  我想讓你明白
[00:31:58.000 --> 00:32:00.000]  你們教會有很多孫教士
[00:32:00.000 --> 00:32:02.000]  你們去支持他就對了
[00:32:02.000 --> 00:32:05.000]  一九九六年我要自籌工資
[00:32:05.000 --> 00:32:06.000]  我考考你
[00:32:06.000 --> 00:32:07.000]  我Hong Kong U畢業
[00:32:07.000 --> 00:32:08.000]  不知九零年代
[00:32:08.000 --> 00:32:10.000]  你是大學生還是怎樣
[00:32:10.000 --> 00:32:12.000]  或者是有這些朋友
[00:32:12.000 --> 00:32:15.000]  你猜我的同學出來找工作
[00:32:15.000 --> 00:32:17.000]  賺多少錢一個月
[00:32:17.000 --> 00:32:21.000]  大概是兩萬到三萬不等
[00:32:21.000 --> 00:32:23.000]  萬多就少一點都有
[00:32:23.000 --> 00:32:26.000]  你猜我賺多少錢第一個月
[00:32:26.000 --> 00:32:28.000]  三折頭的
[00:32:28.000 --> 00:32:30.000]  當然不是三萬
[00:32:30.000 --> 00:32:32.000]  三百
[00:32:32.000 --> 00:32:33.000]  三百
[00:32:33.000 --> 00:32:34.000]  回應不像
[00:32:34.000 --> 00:32:35.000]  你剛剛大學畢業
[00:32:35.000 --> 00:32:36.000]  那些人你要籌款
[00:32:36.000 --> 00:32:37.000]  那些人回應不像
[00:32:37.000 --> 00:32:38.000]  是不是
[00:32:38.000 --> 00:32:40.000]  我想吃個叉燒飯的能力都沒有
[00:32:40.000 --> 00:32:42.000]  結果是吃麵包的
[00:32:42.000 --> 00:32:43.000]  那個月
[00:32:43.000 --> 00:32:45.000]  第二個月我的籌款籌好了
[00:32:45.000 --> 00:32:47.000]  第二個月籌到有七百元
[00:32:47.000 --> 00:32:49.000]  都是吃麵包
[00:32:49.000 --> 00:32:52.000]  可以吃一餐兩餐叉燒飯
[00:32:52.000 --> 00:32:54.000]  後來我在
[00:32:54.000 --> 00:32:56.000]  早期我侍奉的生涯
[00:32:56.000 --> 00:32:57.000]  大概籌
[00:32:57.000 --> 00:33:00.000]  那時候沒有最低工資的那個條文
[00:33:00.000 --> 00:33:02.000]  所以那時候我大概籌到三千
[00:33:02.000 --> 00:33:04.000]  七千元左右
[00:33:04.000 --> 00:33:07.000]  就是我早年宣教生涯的薪酬
[00:33:07.000 --> 00:33:08.000]  Need Base
[00:33:08.000 --> 00:33:10.000]  籌不到就節衣縮食
[00:33:10.000 --> 00:33:12.000]  所以說我有話語權
[00:33:12.000 --> 00:33:15.000]  但是後來神丹利我們要出到工場
[00:33:15.000 --> 00:33:16.000]  出工場的話呢
[00:33:16.000 --> 00:33:18.000]  就要籌那個叫Settlement
[00:33:18.000 --> 00:33:20.000]  安頓費
[00:33:20.000 --> 00:33:22.000]  放心我真的不是跟你籌款
[00:33:22.000 --> 00:33:24.000]  我講我的故事給你聽
[00:33:24.000 --> 00:33:26.000]  籌安頓費
[00:33:26.000 --> 00:33:28.000]  我籌到多少錢每個月
[00:33:28.000 --> 00:33:30.000]  七千元左右
[00:33:30.000 --> 00:33:32.000]  安頓費幾十萬
[00:33:32.000 --> 00:33:34.000]  嘩
[00:33:34.000 --> 00:33:36.000]  是不是天文數字對於我來說
[00:33:36.000 --> 00:33:37.000]  我二十多歲
[00:33:37.000 --> 00:33:39.000]  就是那時候我二十六歲
[00:33:39.000 --> 00:33:40.000]  要籌幾十萬
[00:33:40.000 --> 00:33:41.000]  天文數字
[00:33:41.000 --> 00:33:42.000]  怎麼辦呢
[00:33:42.000 --> 00:33:43.000]  上帝有什麼
[00:33:43.000 --> 00:33:44.000]  剛才有試過
[00:33:44.000 --> 00:33:46.000]  上帝有奇妙供應
[00:33:46.000 --> 00:33:48.000]  上帝奇妙豐富
[00:33:48.000 --> 00:33:51.000]  上帝你會供應
[00:33:51.000 --> 00:33:52.000]  接著一直籌
[00:33:52.000 --> 00:33:54.000]  籌到Deadline
[00:33:54.000 --> 00:33:56.000]  之前兩個禮拜都籌不到我
[00:33:56.000 --> 00:33:58.000]  那怎麼辦呢
[00:33:58.000 --> 00:33:59.000]  會不會掙扎
[00:33:59.000 --> 00:34:00.000]  如果你是我
[00:34:00.000 --> 00:34:02.000]  會不會我搞錯了呢
[00:34:02.000 --> 00:34:04.000]  會不會不是這樣呢
[00:34:04.000 --> 00:34:06.000]  接著有一天
[00:34:06.000 --> 00:34:07.000]  兩個禮拜前
[00:34:07.000 --> 00:34:09.000]  即是Deadline兩個禮拜前
[00:34:09.000 --> 00:34:10.000]  有一天
[00:34:10.000 --> 00:34:12.000]  有一個對夫婦就打給我
[00:34:12.000 --> 00:34:14.000]  羅少他們叫我羅少
[00:34:14.000 --> 00:34:15.000]  我叫羅少倫
[00:34:15.000 --> 00:34:17.000]  早期認識我叫羅少
[00:34:17.000 --> 00:34:18.000]  中期認識我叫少倫
[00:34:18.000 --> 00:34:20.000]  現在認識我叫羅木
[00:34:20.000 --> 00:34:22.000]  不斷這樣被人改
[00:34:22.000 --> 00:34:24.000]  他說羅少可不可以約你聊聊天
[00:34:24.000 --> 00:34:27.000]  他說他來收了我代祖信很多年
[00:34:27.000 --> 00:34:29.000]  不過從來都沒有打開看過
[00:34:29.000 --> 00:34:32.000]  不過剛好這陣子打開來看
[00:34:32.000 --> 00:34:33.000]  接著他又說
[00:34:33.000 --> 00:34:36.000]  上帝在三年前感動他兩夫妻
[00:34:36.000 --> 00:34:38.000]  在十一奉獻之外
[00:34:38.000 --> 00:34:40.000]  儲下一些奉獻
[00:34:40.000 --> 00:34:42.000]  去做一些另類的事情
[00:34:42.000 --> 00:34:45.000]  但他說不知道做些什麼事情
[00:34:45.000 --> 00:34:47.000]  不知道做些什麼事情不要緊
[00:34:47.000 --> 00:34:52.000]  儲得一筆的奉獻
[00:34:52.000 --> 00:34:53.000]  接著在我臨出發之前
[00:34:53.000 --> 00:34:55.000]  要籌款籌滿之前兩個禮拜
[00:34:55.000 --> 00:34:56.000]  他跟我說
[00:34:56.000 --> 00:34:58.000]  我看完你的代祖信
[00:34:58.000 --> 00:35:01.000]  我認為神要我儲那筆錢
[00:35:01.000 --> 00:35:02.000]  我是做什麼的
[00:35:02.000 --> 00:35:05.000]  供應你宣教的需要
[00:35:05.000 --> 00:35:06.000]  哇
[00:35:06.000 --> 00:35:08.000]  神是否有奇妙的供應
[00:35:08.000 --> 00:35:10.000]  上帝是信實的
[00:35:10.000 --> 00:35:11.000]  上帝是會供應的
[00:35:11.000 --> 00:35:14.000]  上帝是會依著祂的應許
[00:35:14.000 --> 00:35:16.000]  來給的
[00:35:16.000 --> 00:35:20.000]  所以這對夫婦還要再加一句
[00:35:20.000 --> 00:35:22.000]  他說你去到日本要買車
[00:35:22.000 --> 00:35:24.000]  你不要買一輛那麼差的車
[00:35:24.000 --> 00:35:26.000]  買一輛好一點的
[00:35:26.000 --> 00:35:27.000]  哇
[00:35:27.000 --> 00:35:28.000]  供應了我的預算
[00:35:28.000 --> 00:35:29.000]  沒有的需要
[00:35:29.000 --> 00:35:32.000]  很奇妙
[00:35:32.000 --> 00:35:35.000]  所以我們應該接住
[00:35:35.000 --> 00:35:36.000]  接待這樣的人
[00:35:36.000 --> 00:35:37.000]  下面那句也很重要
[00:35:37.000 --> 00:35:38.000]  他說
[00:35:38.000 --> 00:35:42.000]  叫我們與他們一同為真理作功
[00:35:42.000 --> 00:35:45.000]  原來我們這樣去接待
[00:35:45.000 --> 00:35:47.000]  去支持的時候
[00:35:47.000 --> 00:35:48.000]  我們在做一件事
[00:35:48.000 --> 00:35:50.000]  是與他們怎麼樣
[00:35:50.000 --> 00:35:51.000]  今天的講題
[00:35:51.000 --> 00:35:55.000]  一同為真理作功
[00:35:55.000 --> 00:35:58.000]  原來這是一個基督身體
[00:35:58.000 --> 00:35:59.000]  就是這樣
[00:35:59.000 --> 00:36:00.000]  是有人要出去
[00:36:00.000 --> 00:36:02.000]  有人在後面去支持
[00:36:02.000 --> 00:36:04.000]  有人在禱告裡面去支援
[00:36:04.000 --> 00:36:06.000]  是這樣的
[00:36:06.000 --> 00:36:08.000]  這對的朋友
[00:36:08.000 --> 00:36:10.000]  後來有多一對的夫婦
[00:36:10.000 --> 00:36:11.000]  也是這樣跟我說
[00:36:11.000 --> 00:36:13.000]  這對夫婦是我Hong Kong U的師兄
[00:36:13.000 --> 00:36:14.000]  也是我中學的師兄
[00:36:14.000 --> 00:36:18.000]  這個師兄是讀醫科的
[00:36:18.000 --> 00:36:19.000]  所以我畢業的時候
[00:36:19.000 --> 00:36:20.000]  他還沒畢業
[00:36:20.000 --> 00:36:22.000]  所以我三百元就沒有他的份
[00:36:22.000 --> 00:36:25.000]  但是後來他做了一個名醫
[00:36:25.000 --> 00:36:26.000]  賺到錢
[00:36:26.000 --> 00:36:27.000]  他就找我
[00:36:27.000 --> 00:36:28.000]  他叫我羅少
[00:36:28.000 --> 00:36:31.000]  我見到你宣教士的需用
[00:36:31.000 --> 00:36:33.000]  我很願意支持你
[00:36:33.000 --> 00:36:34.000]  很大額
[00:36:34.000 --> 00:36:35.000]  他應該是五個位
[00:36:35.000 --> 00:36:36.000]  四個位問
[00:36:36.000 --> 00:36:37.000]  五個位
[00:36:37.000 --> 00:36:38.000]  每個月
[00:36:38.000 --> 00:36:41.000]  來支持我在宣教的工作
[00:36:41.000 --> 00:36:42.000]  很感動
[00:36:42.000 --> 00:36:43.000]  所以我就很感謝他
[00:36:43.000 --> 00:36:45.000]  真的很感謝你師兄
[00:36:45.000 --> 00:36:46.000]  他說
[00:36:46.000 --> 00:36:47.000]  羅少
[00:36:47.000 --> 00:36:49.000]  千萬不要感謝我
[00:36:49.000 --> 00:36:51.000]  他說我感謝你
[00:36:51.000 --> 00:36:53.000]  他說我沒有機會
[00:36:53.000 --> 00:36:54.000]  也沒有時間
[00:36:54.000 --> 00:36:57.000]  去參與這種宣教的工作
[00:36:57.000 --> 00:36:59.000]  你是給我一個機會
[00:36:59.000 --> 00:37:01.000]  和你一起作功
[00:37:01.000 --> 00:37:02.000]  他說我認為
[00:37:02.000 --> 00:37:04.000]  你所做的全的福音
[00:37:04.000 --> 00:37:05.000]  每一個的福音
[00:37:05.000 --> 00:37:06.000]  每一個的生命
[00:37:06.000 --> 00:37:08.000]  每一個的造就
[00:37:08.000 --> 00:37:10.000]  背後我有份的
[00:37:10.000 --> 00:37:11.000]  你明白嗎
[00:37:11.000 --> 00:37:12.000]  他說我有份的
[00:37:12.000 --> 00:37:13.000]  所以他說
[00:37:13.000 --> 00:37:14.000]  不是你感謝我
[00:37:14.000 --> 00:37:16.000]  是我要感謝你
[00:37:16.000 --> 00:37:17.000]  我們是一起
[00:37:17.000 --> 00:37:20.000]  為真理去作功
[00:37:20.000 --> 00:37:21.000]  所以原來
[00:37:21.000 --> 00:37:22.000]  我們一個身體
[00:37:22.000 --> 00:37:25.000]  一個基督榮耀的身體
[00:37:25.000 --> 00:37:26.000]  其實就是這樣
[00:37:26.000 --> 00:37:27.000]  是有人在前方
[00:37:27.000 --> 00:37:29.000]  有人在後面來支援
[00:37:29.000 --> 00:37:31.000]  你說我不是經濟
[00:37:31.000 --> 00:37:32.000]  那怎樣
[00:37:32.000 --> 00:37:33.000]  保羅有一句
[00:37:33.000 --> 00:37:34.000]  保羅說
[00:37:34.000 --> 00:37:35.000]  也為我祈求
[00:37:35.000 --> 00:37:37.000]  使我能得著口才
[00:37:37.000 --> 00:37:39.000]  能以放膽去傳揚
[00:37:39.000 --> 00:37:40.000]  神的真理
[00:37:40.000 --> 00:37:42.000]  原來還有
[00:37:42.000 --> 00:37:43.000]  宣教士不單止
[00:37:43.000 --> 00:37:45.000]  你要錢去支持他
[00:37:45.000 --> 00:37:47.000]  宣教士是要你用禱告
[00:37:47.000 --> 00:37:49.000]  來去支持宣教士
[00:37:49.000 --> 00:37:51.000]  說多兩個
[00:37:51.000 --> 00:37:52.000]  因為小小很簡單
[00:37:52.000 --> 00:37:53.000]  說完這個就完
[00:37:53.000 --> 00:37:55.000]  說完這個秘密給你聽
[00:37:55.000 --> 00:37:57.000]  在宣教工場
[00:37:57.000 --> 00:37:58.000]  你猜我收到什麼禮物
[00:37:58.000 --> 00:37:59.000]  是最開心的
[00:37:59.000 --> 00:38:00.000]  現在你不要給我
[00:38:00.000 --> 00:38:02.000]  我又在香港
[00:38:02.000 --> 00:38:05.000]  月餅是其中一個
[00:38:05.000 --> 00:38:07.000]  真是很開心
[00:38:07.000 --> 00:38:09.000]  因為在工場的時候
[00:38:09.000 --> 00:38:10.000]  人家工場沒有
[00:38:10.000 --> 00:38:12.000]  我們香港的月餅第一
[00:38:12.000 --> 00:38:14.000]  也沒有我們香港的節慶
[00:38:14.000 --> 00:38:15.000]  所以呢
[00:38:15.000 --> 00:38:17.000]  其實我都忘記了
[00:38:17.000 --> 00:38:18.000]  中秋節
[00:38:18.000 --> 00:38:20.000]  收到月餅
[00:38:20.000 --> 00:38:22.000]  看一看月亮
[00:38:22.000 --> 00:38:25.000]  很感動
[00:38:25.000 --> 00:38:27.000]  月亮很圓
[00:38:27.000 --> 00:38:29.000]  想起家鄉
[00:38:29.000 --> 00:38:30.000]  月餅
[00:38:30.000 --> 00:38:31.000]  當然你不用買
[00:38:31.000 --> 00:38:33.000]  很貴的那些
[00:38:33.000 --> 00:38:34.000]  不用四枉
[00:38:34.000 --> 00:38:35.000]  單枉
[00:38:35.000 --> 00:38:36.000]  沒有枉都可以
[00:38:36.000 --> 00:38:39.000]  是月餅的樣子已經很感動
[00:38:39.000 --> 00:38:40.000]  除了月餅之外
[00:38:40.000 --> 00:38:41.000]  我自己
[00:38:41.000 --> 00:38:42.000]  這是笑話
[00:38:42.000 --> 00:38:43.000]  我喜歡吃那些
[00:38:43.000 --> 00:38:44.000]  橫梅
[00:38:44.000 --> 00:38:45.000]  杏脯肉
[00:38:45.000 --> 00:38:46.000]  那些鹹濕的東西
[00:38:46.000 --> 00:38:49.000]  所以有些認識我的支持者
[00:38:49.000 --> 00:38:51.000]  他會寄這些鹹濕的東西給我
[00:38:51.000 --> 00:38:53.000]  哇 我好開心好開心
[00:38:53.000 --> 00:38:55.000]  有月餅我很開心
[00:38:55.000 --> 00:38:56.000]  然後呢
[00:38:56.000 --> 00:38:58.000]  我教會猜傳部
[00:38:58.000 --> 00:38:59.000]  不是你們
[00:38:59.000 --> 00:39:01.000]  我教會的猜傳部
[00:39:01.000 --> 00:39:03.000]  他知道我需要什麼
[00:39:03.000 --> 00:39:04.000]  我最需要的是
[00:39:04.000 --> 00:39:07.000]  叫做配夫人子咳露
[00:39:07.000 --> 00:39:08.000]  我不知道為什麼
[00:39:08.000 --> 00:39:09.000]  小時候吃配夫人子咳露
[00:39:09.000 --> 00:39:10.000]  一吃就痊癒
[00:39:10.000 --> 00:39:11.000]  但是在日本
[00:39:11.000 --> 00:39:13.000]  你們香港經常喜歡買日本藥
[00:39:13.000 --> 00:39:14.000]  是不是
[00:39:14.000 --> 00:39:15.000]  我倒過來
[00:39:15.000 --> 00:39:16.000]  我在日本買香港藥
[00:39:16.000 --> 00:39:18.000]  我真的跟教會說
[00:39:18.000 --> 00:39:20.000]  你寄配夫人子咳露給我就OK
[00:39:20.000 --> 00:39:22.000]  我經常都要用的
[00:39:22.000 --> 00:39:23.000]  有時候
[00:39:23.000 --> 00:39:24.000]  宣教士關懷
[00:39:24.000 --> 00:39:26.000]  又不是你想得那麼複雜
[00:39:26.000 --> 00:39:28.000]  我在做工場主任
[00:39:28.000 --> 00:39:30.000]  做香港猜會主任的時候
[00:39:30.000 --> 00:39:31.000]  我們有些宣教士
[00:39:31.000 --> 00:39:35.000]  在中東 北非那些地區
[00:39:35.000 --> 00:39:36.000]  他們說
[00:39:36.000 --> 00:39:39.000]  其實我想吃杯麵
[00:39:39.000 --> 00:39:41.000]  我想吃香港的公仔麵
[00:39:41.000 --> 00:39:43.000]  和香港的杯麵
[00:39:43.000 --> 00:39:45.000]  可不可以寄杯麵給我
[00:39:45.000 --> 00:39:46.000]  合味道
[00:39:46.000 --> 00:39:48.000]  杯麵賣了廣告
[00:39:48.000 --> 00:39:50.000]  宣教士關懷
[00:39:50.000 --> 00:39:51.000]  不是我們想得那麼複雜
[00:39:51.000 --> 00:39:53.000]  其實我們人人都做得到
[00:39:53.000 --> 00:39:54.000]  不過這個時候
[00:39:54.000 --> 00:39:56.000]  我們同心有個禱告
[00:40:00.000 --> 00:40:03.000]  這個祈禱我想你去祈禱
[00:40:03.000 --> 00:40:05.000]  經文是
[00:40:05.000 --> 00:40:07.000]  約翰寫給該有
[00:40:07.000 --> 00:40:09.000]  這個不是教會書信
[00:40:09.000 --> 00:40:11.000]  這個是個人書信
[00:40:11.000 --> 00:40:12.000]  然後去鼓勵
[00:40:12.000 --> 00:40:14.000]  去多謝
[00:40:14.000 --> 00:40:16.000]  和肯定該有
[00:40:16.000 --> 00:40:20.000]  你為那班宣教士所做的是忠心的
[00:40:20.000 --> 00:40:22.000]  你幫助他們前行是好的
[00:40:22.000 --> 00:40:26.000]  你們應該這樣去接待宣教士
[00:40:26.000 --> 00:40:30.000]  今天神和你說些什麼呢
[00:40:30.000 --> 00:40:31.000]  感謝神
[00:40:31.000 --> 00:40:33.000]  筲箕灣信信會
[00:40:33.000 --> 00:40:35.000]  真是一間宣教的教會
[00:40:35.000 --> 00:40:36.000]  不是只有一把口
[00:40:36.000 --> 00:40:38.000]  是有自己的宣教士
[00:40:38.000 --> 00:40:39.000]  都不是只有一個
[00:40:39.000 --> 00:40:42.000]  有很多自己的宣教士
[00:40:42.000 --> 00:40:44.000]  所以我們就要去祈禱
[00:40:44.000 --> 00:40:45.000]  神啊
[00:40:45.000 --> 00:40:47.000]  當你祝福我們的教會
[00:40:47.000 --> 00:40:48.000]  給我們教會
[00:40:48.000 --> 00:40:50.000]  有那麼多宣教士的時候
[00:40:50.000 --> 00:40:51.000]  神啊
[00:40:51.000 --> 00:40:56.000]  你要我們怎樣去幫助這些宣教士前行呢
[00:40:56.000 --> 00:40:58.000]  你去祈禱
[00:40:58.000 --> 00:41:02.000]  求主幫你看到你看不到的東西
[00:41:02.000 --> 00:41:05.000]  我們可能會看到教會的財政狀況
[00:41:05.000 --> 00:41:06.000]  我們會看到自己
[00:41:06.000 --> 00:41:09.000]  或者望見香港望見普世貿易戰
[00:41:09.000 --> 00:41:11.000]  那麼複雜
[00:41:11.000 --> 00:41:12.000]  但是這個時候
[00:41:12.000 --> 00:41:13.000]  我想你去祈禱
[00:41:13.000 --> 00:41:17.000]  求神幫你看到神的公認
[00:41:17.000 --> 00:41:19.000]  神是耶和華
[00:41:19.000 --> 00:41:22.000]  而神是我們的公認者
[00:41:22.000 --> 00:41:24.000]  宣教士憑信心出去
[00:41:24.000 --> 00:41:27.000]  今天我們能不能憑信心去奉獻
[00:41:27.000 --> 00:41:28.000]  或者以禱告
[00:41:28.000 --> 00:41:30.000]  或者各樣我們做到的行動
[00:41:30.000 --> 00:41:33.000]  去支持差敗宣教士呢
