
[00:00:00.000 --> 00:00:10.000]  我是在上個世紀五十年代出生,大家合致一算,一把年紀。
[00:00:10.000 --> 00:00:14.000]  我很幸運,我一生沒有經歷過打仗,
[00:00:14.000 --> 00:00:23.000]  因為我是在一個平安、安全的地區裏面成長的。
[00:00:23.000 --> 00:00:25.000]  但我父母不同,
[00:00:25.000 --> 00:00:31.000]  我的父母是經歷過第二次世界大戰,經歷過內戰,
[00:00:31.000 --> 00:00:40.000]  他們就是在那些很混亂、很多戰爭的時間,走難下來香港。
[00:00:40.000 --> 00:00:43.000]  我就是在香港出生。
[00:00:43.000 --> 00:00:46.000]  所以我一生人未經歷過打仗,
[00:00:46.000 --> 00:00:49.000]  但是我周圍的人經歷過打仗,
[00:00:49.000 --> 00:00:53.000]  我從小就聽他們講很多打仗的故事。
[00:00:53.000 --> 00:00:58.000]  所以如果你吃飯吃得不乾淨,剩下的東西扭計不吃,
[00:00:58.000 --> 00:01:02.000]  有些人就會跟你說,你不要那麼節奏,浪費食物。
[00:01:02.000 --> 00:01:04.000]  你知道嗎?打仗的時候很辛苦的,
[00:01:04.000 --> 00:01:09.000]  走難的時候沒得吃的,很多人餓死的,吃樹皮的。
[00:01:09.000 --> 00:01:12.000]  吃樹皮是怎樣吃的呢?
[00:01:12.000 --> 00:01:14.000]  所以我也不知道樹皮是怎樣吃的,
[00:01:14.000 --> 00:01:19.000]  但是在我弱小的心靈裏面,我就明白了一件事,
[00:01:19.000 --> 00:01:23.000]  打仗很危險,打仗會死很多人,
[00:01:23.000 --> 00:01:28.000]  打仗要走難,打仗是血肉橫飛。
[00:01:28.000 --> 00:01:30.000]  我記得我媽媽說,
[00:01:30.000 --> 00:01:35.000]  她說打仗的時候,她在大後方讀書,
[00:01:35.000 --> 00:01:39.000]  她說每逢警報響起,她說幾十年了,
[00:01:39.000 --> 00:01:43.000]  那些嗡嗡聲還在她的心的落印裏面,
[00:01:43.000 --> 00:01:46.000]  因為那些警報一響起,危險啊危險啊,
[00:01:46.000 --> 00:01:51.000]  所以我要走啊,走到防空洞裏面,
[00:01:51.000 --> 00:01:56.000]  因為敵軍來到要轟炸那些城市,
[00:01:56.000 --> 00:02:01.000]  她就是這樣走難下來。
[00:02:01.000 --> 00:02:06.000]  打仗是個災難,打仗血肉橫飛死很多人,
[00:02:06.000 --> 00:02:12.000]  打仗沒得吃,打仗對於那些手無寸鐵的平民來說,
[00:02:12.000 --> 00:02:15.000]  我們又不懂得拿槍,又不可以上戰場,
[00:02:15.000 --> 00:02:22.000]  我們對付爭戰、戰爭最可以做的是什麼呢?
[00:02:22.000 --> 00:02:24.000]  就是走難了。
[00:02:24.000 --> 00:02:25.000]  好像我父母那樣,
[00:02:25.000 --> 00:02:29.000]  哪裡有危險就離開戰場,
[00:02:29.000 --> 00:02:31.000]  去到安全的地方。
[00:02:31.000 --> 00:02:34.000]  我很感謝他帶了我來,
[00:02:34.000 --> 00:02:37.000]  我不用經歷打仗。
[00:02:37.000 --> 00:02:41.000]  我對打仗的意識就是這樣。
[00:02:41.000 --> 00:02:44.000]  所以當我長大了之後,
[00:02:44.000 --> 00:02:52.000]  當了基督徒之後,
[00:02:52.000 --> 00:02:57.000]  聽過一個詞叫做「屬靈爭戰」。
[00:02:57.000 --> 00:03:01.000]  屬靈爭戰,我就想起什麼呢?
[00:03:01.000 --> 00:03:02.000]  不用人教,
[00:03:02.000 --> 00:03:05.000]  立刻在我的腦裏面,
[00:03:05.000 --> 00:03:08.000]  正邪不兩立,
[00:03:08.000 --> 00:03:11.000]  一邊是我們的耶穌大佬,
[00:03:11.000 --> 00:03:13.000]  一邊就是魔鬼撒旦,
[00:03:13.000 --> 00:03:14.000]  兩邊就是魔鬼。
[00:03:14.000 --> 00:03:19.000]  然後靈力就去打仗。
[00:03:19.000 --> 00:03:21.000]  很危險的,
[00:03:21.000 --> 00:03:22.000]  會死人的,
[00:03:22.000 --> 00:03:24.000]  很恐怖的。
[00:03:24.000 --> 00:03:31.000]  所以我們不參加那些屬靈爭戰的侍奉。
[00:03:31.000 --> 00:03:33.000]  我,我講我,
[00:03:33.000 --> 00:03:38.000]  是一些靈力很高超的人,
[00:03:38.000 --> 00:03:43.000]  是那些超級屬靈人的侍奉崗位。
[00:03:43.000 --> 00:03:46.000]  屬靈爭戰對於一般人來說,
[00:03:46.000 --> 00:03:48.000]  是應該被資質的。
[00:03:48.000 --> 00:03:49.000]  我不要理會你,
[00:03:49.000 --> 00:03:51.000]  你也不要理會我。
[00:03:51.000 --> 00:03:53.000]  我服侍主的,我服侍。
[00:03:53.000 --> 00:03:55.000]  不過我做一下組長,
[00:03:55.000 --> 00:03:56.000]  教一下主人學,
[00:03:56.000 --> 00:03:57.000]  敬拜一下,
[00:03:57.000 --> 00:04:00.000]  做一下迎新都可以。
[00:04:00.000 --> 00:04:05.000]  但是我覺得屬靈爭戰是一種高危的侍奉,
[00:04:05.000 --> 00:04:07.000]  高危的動作,
[00:04:07.000 --> 00:04:10.000]  不是我們一般的平民百姓做的,
[00:04:10.000 --> 00:04:11.000]  留給長老,
[00:04:11.000 --> 00:04:13.000]  留給牧師。
[00:04:13.000 --> 00:04:14.000]  是不是?
[00:04:14.000 --> 00:04:15.000]  我們是這樣想的,
[00:04:15.000 --> 00:04:17.000]  所以我們不喜歡的,
[00:04:17.000 --> 00:04:19.000]  我們覺得這些是厭惡性,
[00:04:19.000 --> 00:04:21.000]  我們又覺得我們自己不夠力。
[00:04:21.000 --> 00:04:24.000]  我們,我也是這樣。
[00:04:24.000 --> 00:04:26.000]  我覺得屬靈爭戰,
[00:04:26.000 --> 00:04:28.000]  我知道有存在,
[00:04:28.000 --> 00:04:30.000]  不過不關我事,
[00:04:30.000 --> 00:04:32.000]  關他們事。
[00:04:32.000 --> 00:04:35.000]  所以我今天想講什麼呢?
[00:04:35.000 --> 00:04:36.000]  我很勇敢,
[00:04:36.000 --> 00:04:39.000]  我是想講屬靈爭戰的其中一個部分。
[00:04:39.000 --> 00:04:41.000]  屬靈爭戰是很大的,
[00:04:41.000 --> 00:04:42.000]  我今天是講,
[00:04:42.000 --> 00:04:44.000]  再一個反思,
[00:04:44.000 --> 00:04:46.000]  究竟我們心裏面講,
[00:04:46.000 --> 00:04:47.000]  想的屬靈爭戰,
[00:04:47.000 --> 00:04:49.000]  和聖經講的屬靈爭戰,
[00:04:49.000 --> 00:04:50.000]  有沒有什麼不同呢?
[00:04:50.000 --> 00:04:52.000]  有沒有不同呢?
[00:04:52.000 --> 00:04:54.000]  究竟是不是真的不關我們的事呢?
[00:04:54.000 --> 00:04:57.000]  我既然講屬靈爭戰是很大的,
[00:04:57.000 --> 00:05:00.000]  我不是講所有聖經裏面講的屬靈爭戰,
[00:05:00.000 --> 00:05:02.000]  我只是選了一節聖經,
[00:05:02.000 --> 00:05:04.000]  是和你和我都有關。
[00:05:04.000 --> 00:05:06.000]  我們就用這節聖經,
[00:05:06.000 --> 00:05:11.000]  來學習一個關於屬靈爭戰的真理。
[00:05:11.000 --> 00:05:12.000]  我改了一個名字,
[00:05:12.000 --> 00:05:15.000]  叫做一場沒有燒煙的爭戰。
[00:05:15.000 --> 00:05:17.000]  其實現在打仗,
[00:05:17.000 --> 00:05:18.000]  就很多仗打,
[00:05:18.000 --> 00:05:20.000]  就是貿易戰,
[00:05:20.000 --> 00:05:21.000]  關稅戰,
[00:05:21.000 --> 00:05:23.000]  都是沒有燒煙的,
[00:05:23.000 --> 00:05:25.000]  真不是大炮呀,
[00:05:25.000 --> 00:05:27.000]  子彈呀,
[00:05:27.000 --> 00:05:28.000]  殺戮呀,
[00:05:28.000 --> 00:05:29.000]  血肉橫飛呀,
[00:05:29.000 --> 00:05:30.000]  不是呀。
[00:05:30.000 --> 00:05:32.000]  屬靈爭戰和我們,
[00:05:32.000 --> 00:05:35.000]  在我腦海裏面的爭戰,
[00:05:35.000 --> 00:05:37.000]  是有很大的不同。
[00:05:37.000 --> 00:05:39.000]  我今天選的經文,
[00:05:39.000 --> 00:05:41.000]  記載在哥倫多後書,
[00:05:41.000 --> 00:05:43.000]  十章三節五節,
[00:05:43.000 --> 00:05:44.000]  我們一起讀,
[00:05:44.000 --> 00:05:45.000]  好不好呀?
[00:05:45.000 --> 00:05:46.000]  一二三,
[00:05:46.000 --> 00:06:15.000]  因為……。
[00:06:16.000 --> 00:06:18.000]  這個就是我選的,
[00:06:18.000 --> 00:06:21.000]  關於屬靈爭戰的經文。
[00:06:21.000 --> 00:06:22.000]  其實經文呢,
[00:06:22.000 --> 00:06:24.000]  我覺得有點難明白,
[00:06:24.000 --> 00:06:25.000]  有點亂教的,
[00:06:25.000 --> 00:06:27.000]  不過我們逐段來看,
[00:06:27.000 --> 00:06:30.000]  首先這段經文一開頭講,
[00:06:30.000 --> 00:06:31.000]  那兩句說話呢,
[00:06:31.000 --> 00:06:32.000]  就是說,
[00:06:32.000 --> 00:06:37.000]  因為我們雖然在血氣裏面行事,
[00:06:37.000 --> 00:06:39.000]  但是就不行著血氣爭戰,
[00:06:39.000 --> 00:06:41.000]  我們爭戰的兵器,
[00:06:41.000 --> 00:06:42.000]  又不屬於血氣,
[00:06:42.000 --> 00:06:44.000]  血氣究竟是什麼來的呢?
[00:06:44.000 --> 00:06:46.000]  是不是很衝動的意思呢?
[00:06:46.000 --> 00:06:49.000]  有些聖經,
[00:06:49.000 --> 00:06:50.000]  英文版呢,
[00:06:50.000 --> 00:06:52.000]  它將這個血氣,
[00:06:52.000 --> 00:06:55.000]  譯為世界。
[00:06:55.000 --> 00:06:57.000]  英文是這樣說的,
[00:06:57.000 --> 00:06:58.000]  它說呢,
[00:06:58.000 --> 00:07:00.000]  For though we live in the world,
[00:07:00.000 --> 00:07:03.000]  雖然我們在這個世界裏生存,
[00:07:03.000 --> 00:07:10.000]  we do not wage war as the world does.
[00:07:10.000 --> 00:07:14.000]  這場爭戰呢,
[00:07:14.000 --> 00:07:17.000]  就不是世界那種爭戰。
[00:07:17.000 --> 00:07:20.000]  我們用的兵器呢,
[00:07:20.000 --> 00:07:22.000]  就不是炮火,
[00:07:22.000 --> 00:07:25.000]  不是世界用的兵器。
[00:07:25.000 --> 00:07:29.000]  它第一個給我們的提醒就是,
[00:07:29.000 --> 00:07:32.000]  原來我以前想的那些,
[00:07:32.000 --> 00:07:33.000]  走難啊,
[00:07:33.000 --> 00:07:35.000]  打打打那些呢,
[00:07:35.000 --> 00:07:37.000]  聖經說不像啊,
[00:07:37.000 --> 00:07:38.000]  我們打這場仗,
[00:07:38.000 --> 00:07:40.000]  不像在世界打的仗,
[00:07:40.000 --> 00:07:41.000]  冰冰淡淡,
[00:07:41.000 --> 00:07:42.000]  血肉橫飛,
[00:07:42.000 --> 00:07:45.000]  不是這樣的。
[00:07:45.000 --> 00:07:47.000]  那不是這樣的,
[00:07:47.000 --> 00:07:48.000]  是怎樣的呢?
[00:07:48.000 --> 00:07:51.000]  就是後面那段講了,
[00:07:51.000 --> 00:07:53.000]  後面那段講什麼呢?
[00:07:53.000 --> 00:07:55.000]  什麼是爭戰?
[00:07:55.000 --> 00:07:57.000]  屬靈爭戰是什麼呢?
[00:07:57.000 --> 00:07:58.000]  就是呢,
[00:07:58.000 --> 00:08:00.000]  我們在神面前有能力,
[00:08:00.000 --> 00:08:01.000]  做什麼?
[00:08:01.000 --> 00:08:06.000]  攻破一些東西叫做堅固的刑侶,
[00:08:06.000 --> 00:08:08.000]  然後呢,
[00:08:08.000 --> 00:08:10.000]  裡面有些什麼計謀,
[00:08:10.000 --> 00:08:12.000]  有些阻攔人,認識神,
[00:08:12.000 --> 00:08:14.000]  那些自告思事,
[00:08:14.000 --> 00:08:16.000]  一切就攻破它,
[00:08:16.000 --> 00:08:18.000]  打垮了它之後呢,
[00:08:18.000 --> 00:08:21.000]  我們就可以把心意奪回,
[00:08:21.000 --> 00:08:24.000]  使它信服基督,
[00:08:24.000 --> 00:08:26.000]  就是甩甩剋剋,
[00:08:26.000 --> 00:08:28.000]  明一點不明一點,
[00:08:28.000 --> 00:08:31.000]  那我們就逐一過來了。
[00:08:31.000 --> 00:08:33.000]  什麼是屬靈爭戰?
[00:08:33.000 --> 00:08:36.000]  第一樣我要認識的就是,
[00:08:36.000 --> 00:08:37.000]  聖經裡面說,
[00:08:37.000 --> 00:08:42.000]  有一件事叫做堅固的刑侶,
[00:08:42.000 --> 00:08:44.000]  什麼叫做堅固的刑侶呢?
[00:08:44.000 --> 00:08:47.000]  英文就叫做Stronghold,
[00:08:47.000 --> 00:08:48.000]  什麼是Stronghold呢?
[00:08:48.000 --> 00:08:51.000]  本身的聖經出現過一次,
[00:08:51.000 --> 00:08:53.000]  就是這個字,
[00:08:53.000 --> 00:08:55.000]  原文Stronghold為什麼呢?
[00:08:55.000 --> 00:08:57.000]  就是這件事了,
[00:08:57.000 --> 00:08:59.000]  是什麼來的?
[00:08:59.000 --> 00:09:01.000]  堡壘,
[00:09:01.000 --> 00:09:05.000]  它說有一座很堅固的堡壘,
[00:09:05.000 --> 00:09:09.000]  屬靈爭戰就是打垮這座很堅固的堡壘,
[00:09:09.000 --> 00:09:11.000]  這座堡壘令你想起什麼呢?
[00:09:11.000 --> 00:09:13.000]  誰住在堡壘裡面呢?
[00:09:13.000 --> 00:09:15.000]  公主啦,皇子啦,
[00:09:15.000 --> 00:09:17.000]  那怎麼堅固呢?
[00:09:17.000 --> 00:09:20.000]  那個牆又高啦,
[00:09:20.000 --> 00:09:22.000]  兵士又在後面,
[00:09:22.000 --> 00:09:25.000]  外面的人又不能進來,
[00:09:25.000 --> 00:09:30.000]  因為有些很重要的東西要保護它嗎?
[00:09:30.000 --> 00:09:33.000]  聖經說屬靈爭戰是什麼呢?
[00:09:33.000 --> 00:09:36.000]  壟斷一座堡壘,
[00:09:36.000 --> 00:09:39.000]  一座很堅固的堡壘,
[00:09:39.000 --> 00:09:42.000]  那這座很堅固的堡壘是什麼呢?
[00:09:42.000 --> 00:09:45.000]  Stronghold究竟是什麼呢?
[00:09:45.000 --> 00:09:48.000]  Stronghold這個堡壘究竟在哪裡呢?
[00:09:48.000 --> 00:09:52.000]  上文下理都提醒了大家,
[00:09:52.000 --> 00:09:56.000]  這座堡壘在我們的腦海裡,
[00:09:56.000 --> 00:10:01.000]  是我們的思想,是我們的想法,
[00:10:01.000 --> 00:10:04.000]  是各樣的計謀,
[00:10:04.000 --> 00:10:12.000]  是那些阻攔人認識神那些至高之士,
[00:10:12.000 --> 00:10:17.000]  就是堡壘了,
[00:10:17.000 --> 00:10:24.000]  所以第二樣我發覺的就是,
[00:10:24.000 --> 00:10:27.000]  當我們說打仗我好想什麼?
[00:10:27.000 --> 00:10:29.000]  走爛嘛,
[00:10:29.000 --> 00:10:31.000]  現在那個堡壘在哪裡?
[00:10:31.000 --> 00:10:35.000]  那場仗在哪裡打的?
[00:10:35.000 --> 00:10:36.000]  在哪裡?
[00:10:36.000 --> 00:10:38.000]  指給我看,
[00:10:38.000 --> 00:10:41.000]  你走去這裡,
[00:10:41.000 --> 00:10:43.000]  它仍然與你同在,
[00:10:43.000 --> 00:10:46.000]  你走去那個國家,
[00:10:46.000 --> 00:10:51.000]  仍然與你同在,
[00:10:51.000 --> 00:10:55.000]  第二個好重點讓我們知道,
[00:10:55.000 --> 00:11:02.000]  這場仗我們不可以用逃避的方法去避免,
[00:11:02.000 --> 00:11:07.000]  因為這場仗在你的裡面,
[00:11:07.000 --> 00:11:10.000]  究竟這些Stronghold是什麼呢?
[00:11:10.000 --> 00:11:12.000]  什麼叫做各樣的計謀,
[00:11:12.000 --> 00:11:14.000]  各樣的至高之士,
[00:11:14.000 --> 00:11:17.000]  我用一些白話的語言來講,
[00:11:17.000 --> 00:11:21.000]  現代之餘連講這場的堡壘,
[00:11:21.000 --> 00:11:23.000]  這些的堡壘是什麼呢?
[00:11:23.000 --> 00:11:27.000]  就是指在我們裡面根深蒂固,
[00:11:27.000 --> 00:11:29.000]  很堅固的,
[00:11:29.000 --> 00:11:31.000]  很堅固的堡壘,
[00:11:31.000 --> 00:11:40.000]  是根深蒂固在我們裡面的思想態度和意念,
[00:11:40.000 --> 00:11:43.000]  當然是錯的思想態度和意念,
[00:11:43.000 --> 00:11:46.000]  是根深蒂固,
[00:11:46.000 --> 00:11:51.000]  這場的爭戰就是要推倒這些堡壘,
[00:11:51.000 --> 00:11:53.000]  OK?
[00:11:53.000 --> 00:11:56.000]  用另外一張圖來解釋剛才的經文,
[00:11:56.000 --> 00:11:57.000]  大家看到這個頭,
[00:11:57.000 --> 00:11:59.000]  這個頭就是你的頭,
[00:11:59.000 --> 00:12:01.000]  是你的頭來的,
[00:12:01.000 --> 00:12:05.000]  裡面有一塊東西叫做堡壘,
[00:12:05.000 --> 00:12:07.000]  聖經說的,
[00:12:07.000 --> 00:12:12.000]  堡壘中心他們要保護的是什麼呢?
[00:12:12.000 --> 00:12:16.000]  那些牆起來圍著的是要保護一些什麼呢?
[00:12:16.000 --> 00:12:19.000]  保護一些錯的思想,
[00:12:19.000 --> 00:12:22.000]  一些的謊言,
[00:12:22.000 --> 00:12:25.000]  原來我們裡面有一些謊言,
[00:12:25.000 --> 00:12:29.000]  有一些錯的思想在裡面,
[00:12:29.000 --> 00:12:36.000]  然後那些東西是有一個堡壘牆圍著它的,
[00:12:36.000 --> 00:12:38.000]  為什麼有這些東西要圍著它呢?
[00:12:38.000 --> 00:12:40.000]  因為它是很堅固的,
[00:12:40.000 --> 00:12:44.000]  它是在保護裡面的謊言,
[00:12:44.000 --> 00:12:46.000]  為什麼我裡面有這樣的東西呢?
[00:12:46.000 --> 00:12:49.000]  我們來看看另外一個圖,
[00:12:49.000 --> 00:12:51.000]  如果我們裡面有一個謊言,
[00:12:51.000 --> 00:12:57.000]  那個謊言就是,
[00:12:57.000 --> 00:13:00.000]  你是一堆垃圾,
[00:13:00.000 --> 00:13:02.000]  應該是我,
[00:13:02.000 --> 00:13:04.000]  你裡面如果有一個謊言是我,
[00:13:04.000 --> 00:13:06.000]  我很差,
[00:13:06.000 --> 00:13:07.000]  我是一堆泥,
[00:13:07.000 --> 00:13:08.000]  我是一堆屎,
[00:13:08.000 --> 00:13:10.000]  我沒人愛,
[00:13:10.000 --> 00:13:11.000]  我很沒用,
[00:13:11.000 --> 00:13:12.000]  我諸如此類,
[00:13:12.000 --> 00:13:15.000]  如果你真的這樣相信,
[00:13:15.000 --> 00:13:18.000]  那應該你接受了福音之後,
[00:13:18.000 --> 00:13:20.000]  你應該沒有的,
[00:13:20.000 --> 00:13:21.000]  但是不是的,
[00:13:21.000 --> 00:13:27.000]  這種想法是有一些東西保護著它的,
[00:13:27.000 --> 00:13:28.000]  我沒有救的,
[00:13:28.000 --> 00:13:31.000]  我是一個壞人來的,
[00:13:31.000 --> 00:13:34.000]  當有人跟你說福音的時候,
[00:13:34.000 --> 00:13:36.000]  介紹耶穌給你認識,
[00:13:36.000 --> 00:13:38.000]  你的罪受死,
[00:13:38.000 --> 00:13:39.000]  當你橫索罪人的時候,
[00:13:39.000 --> 00:13:41.000]  已經赦免了你,
[00:13:41.000 --> 00:13:43.000]  他接不接受呢?
[00:13:43.000 --> 00:13:44.000]  接受不了,
[00:13:44.000 --> 00:13:45.000]  為什麼呢?
[00:13:45.000 --> 00:13:48.000]  有個牆隔著他,
[00:13:48.000 --> 00:13:49.000]  就好像聖經,
[00:13:49.000 --> 00:13:53.000]  講到後書四章四節這樣說,
[00:13:53.000 --> 00:13:55.000]  他說這些不信的人,
[00:13:55.000 --> 00:13:58.000]  被世界的神弄黑了他的眼,
[00:13:58.000 --> 00:14:02.000]  叫他看不到耶穌基督的榮耀和真光,
[00:14:02.000 --> 00:14:07.000]  像不像這幅圖?
[00:14:07.000 --> 00:14:09.000]  耶穌的救恩在這裡,
[00:14:09.000 --> 00:14:10.000]  耶穌的愛在這裡,
[00:14:10.000 --> 00:14:12.000]  你跟他說了,
[00:14:12.000 --> 00:14:13.000]  但是不知道為什麼,
[00:14:13.000 --> 00:14:16.000]  進不去裡面的,
[00:14:16.000 --> 00:14:18.000]  為什麼呢?
[00:14:18.000 --> 00:14:21.000]  那個人被弄黑了眼睛,
[00:14:21.000 --> 00:14:24.000]  那個人裡面有一個思想的盈餘,
[00:14:24.000 --> 00:14:28.000]  那個盈餘叫他深信,
[00:14:28.000 --> 00:14:32.000]  他沒有人可以幫到他,
[00:14:32.000 --> 00:14:34.000]  沒有人可以救到他,
[00:14:34.000 --> 00:14:38.000]  沒有人會真的愛他,
[00:14:38.000 --> 00:14:41.000]  這個就是思想的盈餘,
[00:14:41.000 --> 00:14:44.000]  思想的盈餘有幾個特點,
[00:14:44.000 --> 00:14:48.000]  既然我們要打這場仗的時候,
[00:14:48.000 --> 00:14:50.000]  換言之,
[00:14:50.000 --> 00:14:56.000]  你我和他都有些思想的盈餘,
[00:14:56.000 --> 00:14:59.000]  你裡面有些謊言,
[00:14:59.000 --> 00:15:02.000]  我裡面有什麼謊言?
[00:15:02.000 --> 00:15:04.000]  我不知道的,
[00:15:04.000 --> 00:15:05.000]  是的,
[00:15:05.000 --> 00:15:08.000]  思想盈餘第一個特徵就是,
[00:15:08.000 --> 00:15:11.000]  你很難察覺,
[00:15:11.000 --> 00:15:15.000]  你不知道,
[00:15:15.000 --> 00:15:19.000]  為什麼我經常忍不住罵人,
[00:15:19.000 --> 00:15:21.000]  拍桌子,
[00:15:21.000 --> 00:15:23.000]  你知不知道做人要溫柔的,
[00:15:23.000 --> 00:15:26.000]  不要亂罵人,你知的,
[00:15:26.000 --> 00:15:28.000]  但是我控制不了,
[00:15:28.000 --> 00:15:33.000]  我的性格是這樣,
[00:15:33.000 --> 00:15:35.000]  我都不想罵他,
[00:15:35.000 --> 00:15:37.000]  但是他這樣這樣,
[00:15:37.000 --> 00:15:41.000]  我的環境不好,
[00:15:41.000 --> 00:15:44.000]  其實你不知道的就是,
[00:15:44.000 --> 00:15:49.000]  原來你有一個謊言在中間,
[00:15:49.000 --> 00:15:50.000]  謊言人人都不同,
[00:15:50.000 --> 00:15:52.000]  你這麼容易發火,
[00:15:52.000 --> 00:15:54.000]  可能人家一不聽你的話,
[00:15:54.000 --> 00:15:56.000]  一頂撞你,
[00:15:56.000 --> 00:15:57.000]  一跟你說不,
[00:15:57.000 --> 00:15:59.000]  你就覺得人家不尊重你,
[00:15:59.000 --> 00:16:01.000]  你很受傷,
[00:16:01.000 --> 00:16:04.000]  當人家一覺得我不同意你說話,
[00:16:04.000 --> 00:16:05.000]  你就會生氣,
[00:16:05.000 --> 00:16:06.000]  你就會發脾氣,
[00:16:06.000 --> 00:16:09.000]  當事情不像你這樣安排來發生的時候,
[00:16:09.000 --> 00:16:11.000]  你就頂不住了,
[00:16:11.000 --> 00:16:13.000]  你覺得那些是你的性格,
[00:16:13.000 --> 00:16:15.000]  但是其實不是的,
[00:16:15.000 --> 00:16:19.000]  可能你裡面有一個很大的思想的盈餘,
[00:16:19.000 --> 00:16:22.000]  第二,難改變的,
[00:16:22.000 --> 00:16:24.000]  你知道的,
[00:16:24.000 --> 00:16:26.000]  你知道行事不要衝動的,
[00:16:26.000 --> 00:16:29.000]  你知道溫柔信謙卑的,
[00:16:29.000 --> 00:16:31.000]  你做了這麼多年基督徒,
[00:16:31.000 --> 00:16:32.000]  你不知道嗎?
[00:16:32.000 --> 00:16:34.000]  你讀了這麼多年基督徒,
[00:16:34.000 --> 00:16:35.000]  你知道的,
[00:16:35.000 --> 00:16:36.000]  不過改不了,
[00:16:36.000 --> 00:16:38.000]  我性格是這樣,
[00:16:38.000 --> 00:16:39.000]  我站起來了,
[00:16:39.000 --> 00:16:40.000]  都是這樣,
[00:16:40.000 --> 00:16:42.000]  你不知道的就是,
[00:16:42.000 --> 00:16:45.000]  原來你裡面有一個盈餘,
[00:16:45.000 --> 00:16:50.000]  你這裡知道,你這裡做不到,
[00:16:50.000 --> 00:16:52.000]  而這些思想的盈餘,
[00:16:52.000 --> 00:16:53.000]  有一個特點就是,
[00:16:53.000 --> 00:16:59.000]  它是跟神對我們的心意是敵對的,
[00:16:59.000 --> 00:17:01.000]  神想你愛自己,
[00:17:01.000 --> 00:17:04.000]  你就很不愛自己,
[00:17:04.000 --> 00:17:06.000]  神要叫你不要怕,
[00:17:06.000 --> 00:17:08.000]  不要擔心,
[00:17:08.000 --> 00:17:09.000]  不要憂慮,
[00:17:09.000 --> 00:17:11.000]  一天的難處一天當就夠了,
[00:17:11.000 --> 00:17:16.000]  但我不知道為什麼我總是要憂慮,
[00:17:16.000 --> 00:17:19.000]  跟神心要敵對,
[00:17:19.000 --> 00:17:21.000]  所以影響是什麼呢?
[00:17:21.000 --> 00:17:23.000]  有這些盈餘存在,
[00:17:23.000 --> 00:17:27.000]  你就不能信服基督,
[00:17:27.000 --> 00:17:28.000]  信服不了基督,
[00:17:28.000 --> 00:17:31.000]  就是因為你這個盈餘,
[00:17:31.000 --> 00:17:34.000]  你沒有擁抱這個盈餘,
[00:17:34.000 --> 00:17:38.000]  盈餘有一些不同的種類,
[00:17:38.000 --> 00:17:41.000]  我講到這裡大家可能都不太掌握到,
[00:17:41.000 --> 00:17:44.000]  講完這一頁你就可以講一個例子,
[00:17:44.000 --> 00:17:46.000]  你就會明白一點,
[00:17:46.000 --> 00:17:51.000]  一些的盈餘我稱之為理性的盈餘,
[00:17:51.000 --> 00:17:57.000]  就是說你因為有一些人的智慧,
[00:17:57.000 --> 00:17:59.000]  世界給你的價值觀,
[00:17:59.000 --> 00:18:01.000]  你有思想,
[00:18:01.000 --> 00:18:02.000]  你有邏輯,
[00:18:02.000 --> 00:18:06.000]  所以你接受不了一些的真理,
[00:18:06.000 --> 00:18:14.000]  第二種的盈餘我稱之為不理性的盈餘,
[00:18:14.000 --> 00:18:16.000]  是因為你的感情,
[00:18:16.000 --> 00:18:18.000]  你的恐懼,
[00:18:18.000 --> 00:18:19.000]  你的憤怒,
[00:18:19.000 --> 00:18:22.000]  令你接受不了一些的真理,
[00:18:22.000 --> 00:18:26.000]  然後還有就是你的人性,
[00:18:26.000 --> 00:18:28.000]  你的驕傲,
[00:18:28.000 --> 00:18:29.000]  你的叛逆,
[00:18:29.000 --> 00:18:31.000]  令你接受不了,
[00:18:31.000 --> 00:18:34.000]  舉一個例子大家會明白,
[00:18:34.000 --> 00:18:37.000]  關於我的例子,
[00:18:37.000 --> 00:18:39.000]  我的思想盈餘,
[00:18:39.000 --> 00:18:42.000]  我17歲就信耶穌,
[00:18:42.000 --> 00:18:44.000]  缺了智,
[00:18:44.000 --> 00:18:45.000]  受了洗,
[00:18:45.000 --> 00:18:47.000]  回教會,
[00:18:47.000 --> 00:18:49.000]  聽導師講道,
[00:18:49.000 --> 00:18:52.000]  不過17歲的人有一個特點,
[00:18:52.000 --> 00:18:55.000]  他們懂得很多東西自以為,
[00:18:55.000 --> 00:18:56.000]  我就是那個,
[00:18:56.000 --> 00:18:58.000]  以為自己很聰明,
[00:18:58.000 --> 00:18:59.000]  很聰明,
[00:18:59.000 --> 00:19:00.000]  每樣東西都知道,
[00:19:00.000 --> 00:19:01.000]  每樣東西都懂,
[00:19:01.000 --> 00:19:05.000]  我就去參加察經班,
[00:19:05.000 --> 00:19:07.000]  一直都相安勞事,
[00:19:07.000 --> 00:19:10.000]  直至導師和我們去查,
[00:19:10.000 --> 00:19:13.000]  基督徒的婚姻,
[00:19:13.000 --> 00:19:16.000]  一定是那段聖經,
[00:19:16.000 --> 00:19:17.000]  一看,
[00:19:17.000 --> 00:19:20.000]  你們作妻子的,
[00:19:20.000 --> 00:19:22.000]  怎樣?
[00:19:22.000 --> 00:19:25.000]  要凡事信服丈夫,
[00:19:25.000 --> 00:19:27.000]  我一聽到這個,
[00:19:27.000 --> 00:19:28.000]  一看,
[00:19:28.000 --> 00:19:30.000]  我以前沒看過,
[00:19:30.000 --> 00:19:31.000]  一看,
[00:19:31.000 --> 00:19:34.000]  原來是這樣?
[00:19:34.000 --> 00:19:35.000]  有沒有搞錯?
[00:19:35.000 --> 00:19:37.000]  什麼世界?
[00:19:37.000 --> 00:19:39.000]  保羅你寫什麼?
[00:19:39.000 --> 00:19:40.000]  我真的想他重生,
[00:19:40.000 --> 00:19:43.000]  改那本聖經,
[00:19:43.000 --> 00:19:44.000]  有沒有搞錯?
[00:19:44.000 --> 00:19:46.000]  什麼年代?
[00:19:46.000 --> 00:19:48.000]  二十世紀中,
[00:19:48.000 --> 00:19:50.000]  父權主義,
[00:19:50.000 --> 00:19:52.000]  男女不平等,
[00:19:52.000 --> 00:19:54.000]  男尊女卑,
[00:19:54.000 --> 00:19:57.000]  重男輕女,
[00:19:57.000 --> 00:19:59.000]  為什麼聖經是這樣?
[00:19:59.000 --> 00:20:01.000]  為什麼要凡事信服丈夫?
[00:20:01.000 --> 00:20:03.000]  為什麼不是他信服我?
[00:20:03.000 --> 00:20:05.000]  我寫應該彼此信服,
[00:20:05.000 --> 00:20:06.000]  那就對了,
[00:20:06.000 --> 00:20:08.000]  男女平等,
[00:20:08.000 --> 00:20:09.000]  反枱,
[00:20:09.000 --> 00:20:12.000]  不過我寫我沒有,
[00:20:12.000 --> 00:20:15.000]  我在心裡面,
[00:20:15.000 --> 00:20:19.000]  無理由,
[00:20:19.000 --> 00:20:23.000]  接受不到這句聖經,
[00:20:23.000 --> 00:20:25.000]  覺得它很錯,
[00:20:25.000 --> 00:20:29.000]  在理性上我過不了,
[00:20:29.000 --> 00:20:31.000]  因為十七歲的我,
[00:20:31.000 --> 00:20:36.000]  已經有很多我認為對的事情,
[00:20:36.000 --> 00:20:38.000]  我覺得很不公平,
[00:20:38.000 --> 00:20:41.000]  其實那時候我還沒結婚,
[00:20:41.000 --> 00:20:43.000]  我甚至連拖都沒拍,
[00:20:43.000 --> 00:20:45.000]  結婚是什麼我都不知道,
[00:20:45.000 --> 00:20:48.000]  但是將聖經真理講給我聽,
[00:20:48.000 --> 00:20:50.000]  神定立的婚姻制度,
[00:20:50.000 --> 00:20:53.000]  那個可行方法的時候,
[00:20:53.000 --> 00:20:54.000]  我只看了第一句,
[00:20:54.000 --> 00:21:02.000]  我就說沒有理由不接受錯的,
[00:21:02.000 --> 00:21:06.000]  你知不知道我盈餘有多大?
[00:21:06.000 --> 00:21:07.000]  其實聖經下面有的,
[00:21:07.000 --> 00:21:09.000]  你援助丈夫的,
[00:21:09.000 --> 00:21:10.000]  要愛妻子,
[00:21:10.000 --> 00:21:12.000]  甚至他好像耶穌那樣,
[00:21:12.000 --> 00:21:15.000]  為他捨己,
[00:21:15.000 --> 00:21:20.000]  那句不算不關我的事,
[00:21:20.000 --> 00:21:23.000]  什麼叫做信服未聞?
[00:21:23.000 --> 00:21:26.000]  什麼叫做結婚不知道?
[00:21:26.000 --> 00:21:28.000]  我只是看到這句,
[00:21:28.000 --> 00:21:30.000]  我覺得這句不公平,
[00:21:30.000 --> 00:21:32.000]  我覺得這句不公義,
[00:21:32.000 --> 00:21:37.000]  我覺得過不了我的理性,
[00:21:37.000 --> 00:21:39.000]  很多的,
[00:21:39.000 --> 00:21:43.000]  有人做基督徒信神,
[00:21:43.000 --> 00:21:44.000]  但是不信神蹟的,
[00:21:44.000 --> 00:21:47.000]  你說是不是很奇怪?
[00:21:47.000 --> 00:21:52.000]  因為他科學上路,
[00:21:52.000 --> 00:21:54.000]  現今的社會,
[00:21:54.000 --> 00:21:56.000]  世紀什麼年代,
[00:21:56.000 --> 00:21:58.000]  還會有神蹟,
[00:21:58.000 --> 00:21:59.000]  不信有神蹟,
[00:21:59.000 --> 00:22:02.000]  但是信有神蹟,
[00:22:02.000 --> 00:22:03.000]  是呀,
[00:22:03.000 --> 00:22:04.000]  有些事情,
[00:22:04.000 --> 00:22:09.000]  我們過不了我們的理性,
[00:22:09.000 --> 00:22:10.000]  我這麼反彈,
[00:22:10.000 --> 00:22:13.000]  還有其他第二個原因,
[00:22:13.000 --> 00:22:15.000]  我擔心一層,
[00:22:15.000 --> 00:22:18.000]  為什麼看這句這麼生氣呢?
[00:22:18.000 --> 00:22:20.000]  因為我看到我父母,
[00:22:20.000 --> 00:22:24.000]  他們的婚姻不好,
[00:22:24.000 --> 00:22:27.000]  而我覺得爸爸錯,
[00:22:27.000 --> 00:22:30.000]  我覺得爸爸沒有做到丈夫責任,
[00:22:30.000 --> 00:22:32.000]  沒有做到他爸爸的責任,
[00:22:32.000 --> 00:22:36.000]  我很替我媽媽不甘,
[00:22:36.000 --> 00:22:38.000]  我覺得她受苦了,
[00:22:38.000 --> 00:22:41.000]  我覺得全部都是爸爸錯,
[00:22:41.000 --> 00:22:46.000]  所以在感情上,
[00:22:46.000 --> 00:22:49.000]  我過不了,
[00:22:49.000 --> 00:22:51.000]  為什麼媽媽要信服丈夫呢?
[00:22:51.000 --> 00:22:52.000]  如果要信服丈夫,
[00:22:52.000 --> 00:22:55.000]  為什麼要信服他呢?
[00:22:55.000 --> 00:22:59.000]  如果我將來還有驚恐,
[00:22:59.000 --> 00:23:03.000]  如果我將來嫁了老公,
[00:23:03.000 --> 00:23:04.000]  他虐待我,
[00:23:04.000 --> 00:23:05.000]  我又要信服他?
[00:23:05.000 --> 00:23:09.000]  沒理由,
[00:23:09.000 --> 00:23:11.000]  所以我不信服,
[00:23:11.000 --> 00:23:13.000]  信服不了,
[00:23:13.000 --> 00:23:15.000]  接納不了這個真理,
[00:23:15.000 --> 00:23:21.000]  只是在我裡面有很多的刑侶,
[00:23:21.000 --> 00:23:23.000]  導演還有一個刑侶,
[00:23:23.000 --> 00:23:27.000]  就是最後人性,
[00:23:27.000 --> 00:23:30.000]  我是一個驕傲的人,
[00:23:30.000 --> 00:23:32.000]  有沒有搞錯?
[00:23:32.000 --> 00:23:35.000]  我要凡事聽他說,
[00:23:35.000 --> 00:23:37.000]  他愛我就應該他聽我說,
[00:23:37.000 --> 00:23:39.000]  對不對?
[00:23:39.000 --> 00:23:41.000]  我是這麼想的,
[00:23:41.000 --> 00:23:42.000]  是很驕傲的,
[00:23:42.000 --> 00:23:45.000]  平時你不會這樣想自己的,
[00:23:45.000 --> 00:23:48.000]  是不是?
[00:23:48.000 --> 00:23:51.000]  我們世界上給了很多錯誤的思想,
[00:23:51.000 --> 00:23:55.000]  而我們很想別人聽我的話,
[00:23:55.000 --> 00:24:00.000]  我們很想可以自把自為,
[00:24:00.000 --> 00:24:04.000]  就是我們的人性,
[00:24:04.000 --> 00:24:06.000]  我們如羊走迷,
[00:24:06.000 --> 00:24:08.000]  各人遍行幾路,
[00:24:08.000 --> 00:24:12.000]  不可以說丈夫難信服,
[00:24:12.000 --> 00:24:13.000]  神的話我們都不信服,
[00:24:13.000 --> 00:24:14.000]  對不對?
[00:24:14.000 --> 00:24:21.000]  這個就是我們叛逆驕傲的罪成,
[00:24:21.000 --> 00:24:23.000]  你明不明白?
[00:24:23.000 --> 00:24:28.000]  你見不見到為什麼我當年接受不了,
[00:24:28.000 --> 00:24:33.000]  作妻子的要凡事信服丈夫,
[00:24:33.000 --> 00:24:36.000]  這個道理,
[00:24:36.000 --> 00:24:38.000]  我明都未去明,
[00:24:38.000 --> 00:24:43.000]  我一見到我就不接受,
[00:24:43.000 --> 00:24:46.000]  在我侍奉的過程裡面,
[00:24:46.000 --> 00:24:52.000]  其實很多人信了耶穌的人,
[00:24:52.000 --> 00:24:56.000]  都有很多謊話在我們裡面,
[00:24:56.000 --> 00:25:01.000]  通常的謊話就是懷疑神的兩線,
[00:25:01.000 --> 00:25:07.000]  懷疑神的慈愛,懷疑神的能力,
[00:25:07.000 --> 00:25:09.000]  不覺得的,
[00:25:09.000 --> 00:25:12.000]  你跟他說神很愛你,
[00:25:12.000 --> 00:25:13.000]  我就不覺得,
[00:25:13.000 --> 00:25:15.000]  我覺得他很偏心,
[00:25:15.000 --> 00:25:17.000]  信了耶穌的,
[00:25:17.000 --> 00:25:18.000]  我聽過一個人說,
[00:25:18.000 --> 00:25:19.000]  我知道神很愛我,
[00:25:19.000 --> 00:25:22.000]  神在我家裡做了很多神蹟奇事,
[00:25:22.000 --> 00:25:25.000]  但我覺得他很愛我的家人,
[00:25:25.000 --> 00:25:29.000]  但我覺得他不愛我,
[00:25:29.000 --> 00:25:32.000]  很奇怪,
[00:25:32.000 --> 00:25:33.000]  他說出來的時候,
[00:25:33.000 --> 00:25:35.000]  他自己都覺得自己很奇怪,
[00:25:35.000 --> 00:25:38.000]  原來他裡面是這樣想的,
[00:25:38.000 --> 00:25:40.000]  他真的見到神的恩典,
[00:25:40.000 --> 00:25:42.000]  但不知道為什麼,
[00:25:42.000 --> 00:25:45.000]  他覺得神不愛他這個謊話,
[00:25:45.000 --> 00:25:51.000]  仍然在他裡面,
[00:25:51.000 --> 00:25:54.000]  我們對神的印象是怎樣呢?
[00:25:54.000 --> 00:25:55.000]  我很記得,
[00:25:55.000 --> 00:25:57.000]  我信主都很多年了,
[00:25:57.000 --> 00:25:59.000]  在做一些組長,
[00:25:59.000 --> 00:26:01.000]  帶著茶經,
[00:26:01.000 --> 00:26:04.000]  有一次去一個靈修的茶經,
[00:26:04.000 --> 00:26:06.000]  人家叫我去說,
[00:26:06.000 --> 00:26:09.000]  你覺得你跟神的關係是怎樣的,
[00:26:09.000 --> 00:26:11.000]  你會怎樣形容,
[00:26:11.000 --> 00:26:12.000]  我很快就說,
[00:26:12.000 --> 00:26:14.000]  我很快就想到一幅圖畫,
[00:26:14.000 --> 00:26:16.000]  想到一幅什麼的圖畫,
[00:26:16.000 --> 00:26:18.000]  就是我在電梯裡面,
[00:26:18.000 --> 00:26:22.000]  搭電梯,
[00:26:22.000 --> 00:26:26.000]  電梯裡面有一個閉路電視照著我的,
[00:26:26.000 --> 00:26:29.000]  我覺得我跟神的關係是,
[00:26:29.000 --> 00:26:33.000]  神就在那個閉路電視的後面,
[00:26:33.000 --> 00:26:34.000]  看著我,
[00:26:34.000 --> 00:26:35.000]  監視我,
[00:26:35.000 --> 00:26:36.000]  管我,
[00:26:36.000 --> 00:26:39.000]  看我有沒有做錯,
[00:26:39.000 --> 00:26:42.000]  祂就坐在 somewhere out there,
[00:26:42.000 --> 00:26:45.000]  不知道在哪裡,
[00:26:45.000 --> 00:26:47.000]  看著我,
[00:26:47.000 --> 00:26:50.000]  有沒有做錯的事,
[00:26:50.000 --> 00:26:52.000]  我信主很多年,
[00:26:52.000 --> 00:26:55.000]  原來我裡面對神那個印象,
[00:26:55.000 --> 00:27:00.000]  對神那個感覺,
[00:27:00.000 --> 00:27:04.000]  是祂經常挑剔,
[00:27:04.000 --> 00:27:06.000]  經常看我有沒有做錯,
[00:27:06.000 --> 00:27:10.000]  很嚴的一個神,
[00:27:10.000 --> 00:27:12.000]  在我裡面,
[00:27:12.000 --> 00:27:16.000]  是有這樣的謊言在裡面,
[00:27:16.000 --> 00:27:18.000]  我懂得背聖經的,
[00:27:18.000 --> 00:27:20.000]  神是慈愛,
[00:27:20.000 --> 00:27:22.000]  天離地有多高,
[00:27:22.000 --> 00:27:24.000]  祂對我的愛有多多,
[00:27:24.000 --> 00:27:27.000]  東離西有多遠,
[00:27:27.000 --> 00:27:30.000]  祂對我的苦惑犯離我有多遠,
[00:27:30.000 --> 00:27:34.000]  祂是一個有慈愛不輕易發怒的神,
[00:27:34.000 --> 00:27:36.000]  但是不知道為什麼,
[00:27:36.000 --> 00:27:39.000]  我常常很怕祂很生氣,
[00:27:39.000 --> 00:27:40.000]  怕自己做錯事,
[00:27:40.000 --> 00:27:45.000]  祂就一巴掌來給我一些苦,
[00:27:45.000 --> 00:27:47.000]  就是這樣,
[00:27:47.000 --> 00:27:49.000]  我又見到很多人,
[00:27:49.000 --> 00:27:51.000]  你告訴他,
[00:27:51.000 --> 00:27:54.000]  神不做垃圾的,神很愛你,
[00:27:54.000 --> 00:27:56.000]  你這樣說很多話,
[00:27:56.000 --> 00:27:58.000]  但是不知道去到他裡面,
[00:27:58.000 --> 00:28:01.000]  他仍然覺得自己很孤單,
[00:28:01.000 --> 00:28:04.000]  他覺得天大地大沒有人明白他,
[00:28:04.000 --> 00:28:07.000]  沒有人知道他,
[00:28:07.000 --> 00:28:11.000]  他是一個不值得愛的人,
[00:28:11.000 --> 00:28:13.000]  你告訴他神愛,
[00:28:13.000 --> 00:28:16.000]  我知道,但是我感覺不到,
[00:28:16.000 --> 00:28:19.000]  你告訴他神會用你的生命,
[00:28:19.000 --> 00:28:21.000]  但你跟著他走,我不行了,
[00:28:21.000 --> 00:28:26.000]  我只是一坨屎,
[00:28:26.000 --> 00:28:28.000]  不知道為什麼,
[00:28:28.000 --> 00:28:31.000]  你說什麼都聽不到,
[00:28:31.000 --> 00:28:35.000]  有些人覺得好事臨不到他,
[00:28:35.000 --> 00:28:36.000]  有好事臨不到他,
[00:28:36.000 --> 00:28:39.000]  有些人就會害怕,
[00:28:39.000 --> 00:28:40.000]  這麼順利的,
[00:28:40.000 --> 00:28:43.000]  當然有壞事跟著你,
[00:28:43.000 --> 00:28:45.000]  有沒有人試過是這樣,
[00:28:45.000 --> 00:28:50.000]  有些人是這樣,不懂,
[00:28:50.000 --> 00:28:51.000]  有些人是怎樣,
[00:28:51.000 --> 00:28:55.000]  覺得人是信不過,
[00:28:55.000 --> 00:28:59.000]  人是不要浪費很多心力,
[00:28:59.000 --> 00:29:03.000]  很多時間在人類裡面,
[00:29:03.000 --> 00:29:05.000]  曾經有個弟兄,
[00:29:05.000 --> 00:29:09.000]  做事很厲害,
[00:29:09.000 --> 00:29:11.000]  簡單來說就是人很本事,
[00:29:11.000 --> 00:29:13.000]  信了耶穌,又查經,
[00:29:13.000 --> 00:29:15.000]  又什麼都做了,
[00:29:15.000 --> 00:29:16.000]  這麼好的人,
[00:29:16.000 --> 00:29:18.000]  當然應該做組長,
[00:29:18.000 --> 00:29:20.000]  怎麼都不肯做組長,
[00:29:20.000 --> 00:29:23.000]  為什麼不肯做組長,
[00:29:23.000 --> 00:29:26.000]  推一次,推兩次,推三次,
[00:29:26.000 --> 00:29:27.000]  為什麼不肯,
[00:29:27.000 --> 00:29:31.000]  他說我不懂愛人,
[00:29:31.000 --> 00:29:34.000]  我不懂處理人的關係,
[00:29:34.000 --> 00:29:37.000]  做組長你要關心人,
[00:29:37.000 --> 00:29:40.000]  我做不到,
[00:29:40.000 --> 00:29:47.000]  我聰明,冷漠,天生,
[00:29:47.000 --> 00:29:53.000]  是不是真的這樣,不是,
[00:29:53.000 --> 00:29:54.000]  當時他多知,
[00:29:54.000 --> 00:29:55.000]  說著說著,
[00:29:55.000 --> 00:29:57.000]  他講得出,
[00:29:57.000 --> 00:29:59.000]  他小時候,
[00:29:59.000 --> 00:30:00.000]  很小時候,
[00:30:00.000 --> 00:30:01.000]  小學的時候,
[00:30:01.000 --> 00:30:03.000]  被人Bully,
[00:30:03.000 --> 00:30:05.000]  突然有天上學,
[00:30:05.000 --> 00:30:06.000]  全級人都不侵他玩,
[00:30:06.000 --> 00:30:08.000]  全班都不侵他玩,
[00:30:08.000 --> 00:30:09.000]  平時跟他玩,
[00:30:09.000 --> 00:30:11.000]  好朋友那些都不理他,
[00:30:11.000 --> 00:30:13.000]  不知道有什麼誤會,
[00:30:13.000 --> 00:30:17.000]  你知道小學雞的樣子,
[00:30:17.000 --> 00:30:21.000]  但是傷害是很深的,
[00:30:21.000 --> 00:30:22.000]  一個小朋友,
[00:30:22.000 --> 00:30:24.000]  去到一個環境裡面,
[00:30:24.000 --> 00:30:27.000]  整個人都不理他,
[00:30:27.000 --> 00:30:29.000]  在他裡面,
[00:30:29.000 --> 00:30:32.000]  他出了一個謊言,
[00:30:32.000 --> 00:30:34.000]  人是不可靠,
[00:30:34.000 --> 00:30:36.000]  不要浪費時間,
[00:30:36.000 --> 00:30:39.000]  在一些會變的東西身上,
[00:30:39.000 --> 00:30:41.000]  我努力,
[00:30:41.000 --> 00:30:42.000]  我學習,
[00:30:42.000 --> 00:30:45.000]  我做好自己就行了,
[00:30:45.000 --> 00:30:51.000]  他關了他對人的門,
[00:30:51.000 --> 00:30:52.000]  是的,
[00:30:52.000 --> 00:30:54.000]  如他所願,
[00:30:54.000 --> 00:30:55.000]  他讀書,
[00:30:55.000 --> 00:30:59.000]  做事都很好的,
[00:30:59.000 --> 00:31:01.000]  但是,
[00:31:01.000 --> 00:31:04.000]  他覺得他自己愛不到人,
[00:31:04.000 --> 00:31:06.000]  關心不到人,
[00:31:06.000 --> 00:31:11.000]  跟人沒有一個真的關係,
[00:31:11.000 --> 00:31:13.000]  然後他跟自己說,
[00:31:13.000 --> 00:31:16.000]  我天生冷紅,
[00:31:16.000 --> 00:31:18.000]  其實不是,
[00:31:18.000 --> 00:31:22.000]  他裡面有個思想的刑侶,
[00:31:22.000 --> 00:31:24.000]  這些的刑侶,
[00:31:24.000 --> 00:31:27.000]  是由什麼這麼堅固,
[00:31:27.000 --> 00:31:31.000]  為什麼我們打不進這些牆壁,
[00:31:31.000 --> 00:31:34.000]  去讓真理來取代那些謊話呢,
[00:31:34.000 --> 00:31:36.000]  是因為幾個原因,
[00:31:36.000 --> 00:31:40.000]  第一個原因就是我們受傷,
[00:31:40.000 --> 00:31:42.000]  舉個例子你明白了,
[00:31:42.000 --> 00:31:45.000]  他因為他慘痛的經歷,
[00:31:45.000 --> 00:31:48.000]  令他做了一些謊話,
[00:31:48.000 --> 00:31:51.000]  人是不可靠的,
[00:31:51.000 --> 00:31:53.000]  雖然他已經長大了,
[00:31:53.000 --> 00:31:55.000]  不會再被人欺負了,
[00:31:55.000 --> 00:31:58.000]  但是那個,
[00:31:58.000 --> 00:32:01.000]  被人拒絕,很害怕,
[00:32:01.000 --> 00:32:03.000]  那個的經歷,
[00:32:03.000 --> 00:32:06.000]  他未得到依次,
[00:32:06.000 --> 00:32:08.000]  這些的軍隊的刑侶,
[00:32:08.000 --> 00:32:11.000]  是包括世界給我們的思想,
[00:32:11.000 --> 00:32:13.000]  想法和道理,
[00:32:13.000 --> 00:32:16.000]  好像我這樣,
[00:32:16.000 --> 00:32:18.000]  男女平等嘛,
[00:32:18.000 --> 00:32:20.000]  什麼都要一樣嘛,
[00:32:20.000 --> 00:32:22.000]  一樣才叫做公平嘛,
[00:32:22.000 --> 00:32:24.000]  也都包括,
[00:32:24.000 --> 00:32:26.000]  我們天生的罪性,
[00:32:26.000 --> 00:32:28.000]  我們的驕傲,
[00:32:28.000 --> 00:32:30.000]  我們的貪婪,
[00:32:30.000 --> 00:32:33.000]  我們有些不適合的慾望,
[00:32:33.000 --> 00:32:36.000]  當然還也都包括,
[00:32:36.000 --> 00:32:38.000]  魔鬼的工作,
[00:32:38.000 --> 00:32:40.000]  我們有時很怕魔鬼,
[00:32:40.000 --> 00:32:42.000]  其實魔鬼可以做什麼呢,
[00:32:42.000 --> 00:32:44.000]  他可不可以變成厲鬼,
[00:32:44.000 --> 00:32:46.000]  我們看那些科幻片,
[00:32:46.000 --> 00:32:48.000]  看鬼片看得多呢,
[00:32:48.000 --> 00:32:50.000]  當事先生那些,
[00:32:50.000 --> 00:32:52.000]  以前我們看那些,
[00:32:52.000 --> 00:32:54.000]  他會變成鬼,
[00:32:54.000 --> 00:32:56.000]  不屬靈憎戰就是那些,
[00:32:56.000 --> 00:32:58.000]  其實不是的,
[00:32:58.000 --> 00:33:00.000]  魔鬼其實他做一件事,
[00:33:00.000 --> 00:33:02.000]  就是挑撥離間,
[00:33:02.000 --> 00:33:04.000]  你走過,
[00:33:04.000 --> 00:33:06.000]  你想打開一個門,
[00:33:06.000 --> 00:33:08.000]  跟人打招呼,
[00:33:08.000 --> 00:33:10.000]  誰知他那個人,
[00:33:10.000 --> 00:33:12.000]  木口木面地走走了,
[00:33:12.000 --> 00:33:14.000]  裡面有聲音,
[00:33:14.000 --> 00:33:16.000]  已經說了你,
[00:33:16.000 --> 00:33:18.000]  你又不信,
[00:33:18.000 --> 00:33:20.000]  你很討厭,
[00:33:20.000 --> 00:33:22.000]  人家都不理你,
[00:33:22.000 --> 00:33:24.000]  打招呼,
[00:33:24.000 --> 00:33:28.000]  他就會在那些情況,
[00:33:28.000 --> 00:33:30.000]  多加一腳,
[00:33:30.000 --> 00:33:32.000]  踩你一踩,
[00:33:32.000 --> 00:33:34.000]  然後你的營裡面多了一塊石,
[00:33:34.000 --> 00:33:36.000]  是的,人是不可信,
[00:33:36.000 --> 00:33:38.000]  其實可能那個人,
[00:33:38.000 --> 00:33:40.000]  是看不到你的,
[00:33:40.000 --> 00:33:42.000]  其實可能那個人,
[00:33:42.000 --> 00:33:44.000]  他自己在處理一些很重要的事,
[00:33:44.000 --> 00:33:48.000]  他聽不到你跟他打招呼,
[00:33:48.000 --> 00:33:50.000]  魔鬼的工作是什麼呢,
[00:33:50.000 --> 00:33:52.000]  魔鬼的工作就是,
[00:33:52.000 --> 00:33:54.000]  我都說你的樣子不好,
[00:33:54.000 --> 00:33:56.000]  我都說人家看不起你,
[00:33:56.000 --> 00:34:00.000]  你不要再做這些蠢事,
[00:34:00.000 --> 00:34:02.000]  再令自己這麼丟臉,
[00:34:02.000 --> 00:34:06.000]  多一塊石頭,
[00:34:06.000 --> 00:34:08.000]  告訴我,
[00:34:08.000 --> 00:34:10.000]  我不應該重任,
[00:34:10.000 --> 00:34:12.000]  這麼熱情,
[00:34:12.000 --> 00:34:14.000]  砸自己受傷,
[00:34:14.000 --> 00:34:16.000]  營裡,
[00:34:16.000 --> 00:34:20.000]  就是由這些東西造成,
[00:34:20.000 --> 00:34:24.000]  屬靈爭戰就是要推倒這些營裡,
[00:34:24.000 --> 00:34:28.000]  如果有受傷,
[00:34:28.000 --> 00:34:30.000]  那我們要怎樣呢,
[00:34:30.000 --> 00:34:32.000]  要被醫治,
[00:34:32.000 --> 00:34:34.000]  如果我們有錯的思想,
[00:34:34.000 --> 00:34:36.000]  世界給我們不對的思想,
[00:34:36.000 --> 00:34:38.000]  我們要怎樣呢,
[00:34:38.000 --> 00:34:40.000]  改變我們的思想,
[00:34:40.000 --> 00:34:44.000]  接受真理,
[00:34:44.000 --> 00:34:46.000]  如果我們,
[00:34:46.000 --> 00:34:48.000]  因為我們自己的情慾,
[00:34:48.000 --> 00:34:50.000]  我們的罪帶來,
[00:34:50.000 --> 00:34:52.000]  那些的營裡,
[00:34:52.000 --> 00:34:54.000]  我們要怎樣呢,
[00:34:54.000 --> 00:34:56.000]  凝聚悔改,
[00:34:56.000 --> 00:34:59.000]  那如果是魔鬼撒旦的影響,
[00:34:59.000 --> 00:35:00.000]  怎樣呢,
[00:35:00.000 --> 00:35:02.000]  趕他走,
[00:35:02.000 --> 00:35:05.000]  我們常常覺得,
[00:35:05.000 --> 00:35:07.000]  屬靈的爭戰,
[00:35:07.000 --> 00:35:09.000]  很多地方是關於魔鬼,
[00:35:09.000 --> 00:35:14.000]  其實只有四分一,
[00:35:14.000 --> 00:35:19.000]  當我們這些堅固的營裡,
[00:35:19.000 --> 00:35:21.000]  推倒了之後,
[00:35:21.000 --> 00:35:23.000]  有什麼事情發生呢,
[00:35:23.000 --> 00:35:26.000]  倒了這些營裡之後,
[00:35:26.000 --> 00:35:28.000]  真理就可以,
[00:35:28.000 --> 00:35:31.000]  好像光一樣射進去,
[00:35:31.000 --> 00:35:33.000]  那些光可以去到我們裡面,
[00:35:33.000 --> 00:35:36.000]  來照亮我們,
[00:35:36.000 --> 00:35:39.000]  那些錯誤的思想,
[00:35:39.000 --> 00:35:40.000]  那些謊言,
[00:35:40.000 --> 00:35:43.000]  就會不見了,
[00:35:43.000 --> 00:35:45.000]  然後結果是什麼呢,
[00:35:45.000 --> 00:35:47.000]  結果就是,
[00:35:47.000 --> 00:35:51.000]  我們可以信服基督,
[00:35:51.000 --> 00:35:57.000]  這個就是屬靈的爭戰,
[00:35:57.000 --> 00:35:59.000]  血不血腥啊,
[00:35:59.000 --> 00:36:01.000]  恐不恐怖啊,
[00:36:01.000 --> 00:36:03.000]  都不是我們想的那些事情,
[00:36:03.000 --> 00:36:06.000]  不過容易嗎,
[00:36:06.000 --> 00:36:08.000]  不容易啊,
[00:36:08.000 --> 00:36:09.000]  難,
[00:36:09.000 --> 00:36:12.000]  難在哪裡呢,
[00:36:12.000 --> 00:36:14.000]  第一個難,
[00:36:14.000 --> 00:36:16.000]  在我們說難之前,
[00:36:16.000 --> 00:36:19.000]  我們說神怎樣應許,
[00:36:19.000 --> 00:36:22.000]  你們一起讀紅色那些字,
[00:36:22.000 --> 00:36:28.000]  一二三,
[00:36:28.000 --> 00:36:31.000]  有能力去做什麼,
[00:36:31.000 --> 00:36:36.000]  我們再讀紅色下面那一句,
[00:36:36.000 --> 00:36:45.000]  我們再讀紅色一次,
[00:36:45.000 --> 00:36:47.000]  可以了,
[00:36:47.000 --> 00:36:54.000]  我們有能力做什麼,
[00:36:54.000 --> 00:36:55.000]  再來一次,
[00:36:55.000 --> 00:37:02.000]  神說我們有能力做什麼,
[00:37:02.000 --> 00:37:04.000]  在他裡面,
[00:37:04.000 --> 00:37:07.000]  我們是有能力攻破這些刑侶,
[00:37:07.000 --> 00:37:09.000]  不過我告訴你,
[00:37:09.000 --> 00:37:12.000]  難的,
[00:37:12.000 --> 00:37:13.000]  難在什麼呢,
[00:37:13.000 --> 00:37:15.000]  第一個難處,
[00:37:15.000 --> 00:37:16.000]  我都說了,
[00:37:16.000 --> 00:37:20.000]  那些刑侶不是那麼容易被發現的,
[00:37:20.000 --> 00:37:22.000]  你首先第一步,
[00:37:22.000 --> 00:37:26.000]  要知道有刑侶線,
[00:37:26.000 --> 00:37:29.000]  你的刑侶是什麼呢,
[00:37:29.000 --> 00:37:34.000]  你裡面的謊言是什麼呢,
[00:37:34.000 --> 00:37:35.000]  你知道那個是謊言,
[00:37:35.000 --> 00:37:37.000]  那個就不是謊言,
[00:37:37.000 --> 00:37:40.000]  謊言是用來騙你的,
[00:37:40.000 --> 00:37:45.000]  那你怎麼知道我們有刑侶呢,
[00:37:45.000 --> 00:37:46.000]  很簡單,
[00:37:46.000 --> 00:37:49.000]  看個結果,
[00:37:49.000 --> 00:37:53.000]  當你發覺你有些事情,
[00:37:53.000 --> 00:37:56.000]  你信服不了神,
[00:37:56.000 --> 00:37:59.000]  那裡就有個刑侶了,
[00:37:59.000 --> 00:38:01.000]  明不明白,
[00:38:01.000 --> 00:38:04.000]  你怎麼知道自己有病,
[00:38:04.000 --> 00:38:07.000]  當你有地方不舒服,
[00:38:07.000 --> 00:38:10.000]  你就知道自己有病,
[00:38:10.000 --> 00:38:14.000]  你怎麼知道自己有謊言在裡面,
[00:38:14.000 --> 00:38:17.000]  當你不是在真理裡面,
[00:38:17.000 --> 00:38:20.000]  生命出現了一些問題的時候,
[00:38:20.000 --> 00:38:21.000]  你就知道,
[00:38:21.000 --> 00:38:24.000]  在那裡,
[00:38:24.000 --> 00:38:27.000]  我可能有一個刑侶,
[00:38:27.000 --> 00:38:31.000]  但是都不容易發現的,
[00:38:31.000 --> 00:38:34.000]  因為我們會說,
[00:38:34.000 --> 00:38:38.000]  我性格是這樣,
[00:38:38.000 --> 00:38:39.000]  我這麼憤怒,
[00:38:39.000 --> 00:38:42.000]  睡不著覺,
[00:38:42.000 --> 00:38:43.000]  為什麼呢,
[00:38:43.000 --> 00:38:47.000]  我這個人比較完美主義,
[00:38:47.000 --> 00:38:51.000]  我性格是這樣,
[00:38:51.000 --> 00:38:55.000]  你的謊言在哪裡,
[00:38:55.000 --> 00:39:04.000]  為什麼你要這麼完美,
[00:39:04.000 --> 00:39:10.000]  為什麼你不讓自己錯,
[00:39:10.000 --> 00:39:16.000]  為什麼你這麼害怕別人的眼光,
[00:39:16.000 --> 00:39:20.000]  你能不能答得出,
[00:39:20.000 --> 00:39:24.000]  有時候那些恐懼,
[00:39:24.000 --> 00:39:29.000]  是你說不出為什麼的,
[00:39:29.000 --> 00:39:30.000]  你有時候不明白的,
[00:39:30.000 --> 00:39:36.000]  因為你習慣了在裡面,
[00:39:36.000 --> 00:39:37.000]  第一步,
[00:39:37.000 --> 00:39:40.000]  你要知道自己有刑侶,
[00:39:40.000 --> 00:39:41.000]  那個刑侶是什麼,
[00:39:41.000 --> 00:39:42.000]  你可以不知道,
[00:39:42.000 --> 00:39:43.000]  你可以問組長,
[00:39:43.000 --> 00:39:45.000]  你可以來IHES,
[00:39:45.000 --> 00:39:47.000]  你可以找人幫你祈禱,
[00:39:47.000 --> 00:39:50.000]  你可以直接禱告,
[00:39:50.000 --> 00:39:53.000]  神會解答給你,
[00:39:53.000 --> 00:39:55.000]  第二,
[00:39:55.000 --> 00:39:57.000]  你知道有刑侶,
[00:39:57.000 --> 00:40:00.000]  你要面對,
[00:40:00.000 --> 00:40:08.000]  你的選擇是打仗還是投降,
[00:40:08.000 --> 00:40:11.000]  可以不打的,
[00:40:11.000 --> 00:40:12.000]  對不對,
[00:40:12.000 --> 00:40:13.000]  好像我這樣,
[00:40:13.000 --> 00:40:15.000]  打仗你不要搞我,
[00:40:15.000 --> 00:40:16.000]  我去走爛,
[00:40:16.000 --> 00:40:18.000]  現在慘了,
[00:40:18.000 --> 00:40:20.000]  又走不了爛,
[00:40:20.000 --> 00:40:22.000]  因為在我裡面,
[00:40:22.000 --> 00:40:25.000]  我只有兩個選擇,
[00:40:25.000 --> 00:40:29.000]  打還是不打,
[00:40:29.000 --> 00:40:30.000]  打呢,
[00:40:30.000 --> 00:40:34.000]  神說你會有能力贏,
[00:40:34.000 --> 00:40:36.000]  不打呢,
[00:40:36.000 --> 00:40:38.000]  你就已經輸了,
[00:40:38.000 --> 00:40:40.000]  對不對,
[00:40:40.000 --> 00:40:42.000]  不打你就輸了,
[00:40:42.000 --> 00:40:45.000]  神就說你要打這場仗,
[00:40:45.000 --> 00:40:48.000]  這場仗怎麼打,
[00:40:48.000 --> 00:40:50.000]  誰可以代你打,
[00:40:50.000 --> 00:40:53.000]  祈禱神你幫我打,
[00:40:53.000 --> 00:40:55.000]  神有些事會包底,
[00:40:55.000 --> 00:41:01.000]  不過這場仗真的需要你自己去打,
[00:41:01.000 --> 00:41:05.000]  拆毀一個思想,
[00:41:05.000 --> 00:41:06.000]  你幾多歲,
[00:41:06.000 --> 00:41:07.000]  你數一下你自己幾多歲,
[00:41:07.000 --> 00:41:08.000]  你40歲,
[00:41:08.000 --> 00:41:11.000]  你的刑侶是建立了40年,
[00:41:11.000 --> 00:41:16.000]  不會很快就拆毀,
[00:41:16.000 --> 00:41:19.000]  拆毀我們的刑侶,
[00:41:19.000 --> 00:41:24.000]  首先要更改變我們的思想,
[00:41:24.000 --> 00:41:26.000]  很多人的祈禱是這樣,
[00:41:26.000 --> 00:41:27.000]  我都知道,
[00:41:27.000 --> 00:41:29.000]  神啊,
[00:41:29.000 --> 00:41:32.000]  我知道我個人很負面,
[00:41:32.000 --> 00:41:38.000]  我知道我自己覺得自己很差,
[00:41:38.000 --> 00:41:40.000]  我不想這麼負面,
[00:41:40.000 --> 00:41:44.000]  求你拿走我的負面思想,
[00:41:44.000 --> 00:41:49.000]  主啊求你幫我拿走我的負面思想,
[00:41:49.000 --> 00:41:51.000]  有沒有人這樣祈禱過,
[00:41:51.000 --> 00:41:54.000]  不用舉手,
[00:41:54.000 --> 00:41:57.000]  個個都這樣祈禱過,
[00:41:57.000 --> 00:41:58.000]  我告訴你,
[00:41:58.000 --> 00:42:01.000]  這個祈禱不靈的,
[00:42:01.000 --> 00:42:03.000]  為什麼,
[00:42:03.000 --> 00:42:07.000]  神拿不走你的思想,
[00:42:07.000 --> 00:42:10.000]  魔鬼就可以趕他走,
[00:42:10.000 --> 00:42:13.000]  拿走思想是怎樣,
[00:42:13.000 --> 00:42:18.000]  變了沒有思想,
[00:42:18.000 --> 00:42:20.000]  你明不明白,
[00:42:20.000 --> 00:42:25.000]  思想不是拿走,
[00:42:25.000 --> 00:42:28.000]  是要改變的,
[00:42:28.000 --> 00:42:32.000]  那你不要自憐,
[00:42:32.000 --> 00:42:35.000]  那你要什麼呢,
[00:42:35.000 --> 00:42:38.000]  你想你自己怎樣想自己呢,
[00:42:38.000 --> 00:42:40.000]  我只是不要自憐,
[00:42:40.000 --> 00:42:43.000]  那即是怎樣想自己呢,
[00:42:43.000 --> 00:42:45.000]  思想聖經裡面告訴我,
[00:42:45.000 --> 00:42:48.000]  是要更生變化,
[00:42:48.000 --> 00:42:50.000]  你們讀這句經文,
[00:42:50.000 --> 00:43:02.000]  一二三,
[00:43:02.000 --> 00:43:04.000]  思想是要transform,
[00:43:04.000 --> 00:43:06.000]  是要改變的,
[00:43:06.000 --> 00:43:08.000]  是要renew的,
[00:43:08.000 --> 00:43:09.000]  當你說,
[00:43:09.000 --> 00:43:11.000]  神啊我不想這樣想自己,
[00:43:11.000 --> 00:43:13.000]  那你就要問神,
[00:43:13.000 --> 00:43:16.000]  我應該怎樣想自己,
[00:43:16.000 --> 00:43:18.000]  我的價值是什麼,
[00:43:18.000 --> 00:43:20.000]  聖經會告訴你,
[00:43:20.000 --> 00:43:22.000]  你要用那些思想,
[00:43:22.000 --> 00:43:25.000]  來代替你錯的思想,
[00:43:25.000 --> 00:43:27.000]  你沒有正確的思想,
[00:43:27.000 --> 00:43:32.000]  你是趕不走不正確的思想,
[00:43:32.000 --> 00:43:35.000]  第二,
[00:43:35.000 --> 00:43:42.000]  你要敵黨魔鬼,
[00:43:42.000 --> 00:43:46.000]  信復基督,
[00:43:46.000 --> 00:43:47.000]  你抵擋魔鬼,
[00:43:47.000 --> 00:43:50.000]  魔鬼就必逃跑了,
[00:43:50.000 --> 00:43:52.000]  這個是聖經說的,
[00:43:52.000 --> 00:43:54.000]  即是說,
[00:43:54.000 --> 00:43:57.000]  就算你已經知道,
[00:43:57.000 --> 00:43:59.000]  那個是魔鬼的詭計,
[00:43:59.000 --> 00:44:02.000]  人人都不喜歡你那些,
[00:44:02.000 --> 00:44:04.000]  你這個思想架構,
[00:44:04.000 --> 00:44:05.000]  你自己想的方法,
[00:44:05.000 --> 00:44:06.000]  你很負面,
[00:44:06.000 --> 00:44:09.000]  你覺得人人都不喜歡你這個想法,
[00:44:09.000 --> 00:44:12.000]  是你用了幾十年來建立的,
[00:44:12.000 --> 00:44:15.000]  你要拆毀它是需要時間的,
[00:44:15.000 --> 00:44:17.000]  它會來撩你,
[00:44:17.000 --> 00:44:19.000]  又跟人吵架,
[00:44:19.000 --> 00:44:20.000]  你是不是壞呢,
[00:44:20.000 --> 00:44:23.000]  都說你不行的,
[00:44:23.000 --> 00:44:25.000]  你要敵黨,
[00:44:25.000 --> 00:44:27.000]  你用什麼敵黨,
[00:44:27.000 --> 00:44:29.000]  你說謊,
[00:44:29.000 --> 00:44:31.000]  我這次發了脾氣,
[00:44:31.000 --> 00:44:33.000]  不等於我下次要發,
[00:44:33.000 --> 00:44:35.000]  神都不原諒你,
[00:44:35.000 --> 00:44:36.000]  你錯了這麼多次,
[00:44:36.000 --> 00:44:41.000]  錯神原諒我七十多次,
[00:44:41.000 --> 00:44:43.000]  你真是不對,
[00:44:43.000 --> 00:44:45.000]  你真是改不了,
[00:44:45.000 --> 00:44:48.000]  你一輩子都是這樣,
[00:44:48.000 --> 00:44:51.000]  舊事過一世都是新的,
[00:44:51.000 --> 00:44:53.000]  靠著那一刻我力量的,
[00:44:53.000 --> 00:44:55.000]  我凡事都能做,
[00:44:55.000 --> 00:44:57.000]  你裡面有東西去敵黨,
[00:44:57.000 --> 00:44:59.000]  那些不對的東西,
[00:44:59.000 --> 00:45:00.000]  如果你裡面又不懂聖經,
[00:45:00.000 --> 00:45:01.000]  什麼都不知道,
[00:45:01.000 --> 00:45:02.000]  我真是慘,
[00:45:02.000 --> 00:45:04.000]  我真是壞了,
[00:45:04.000 --> 00:45:07.000]  我都是不行的,
[00:45:07.000 --> 00:45:09.000]  你要有東西,
[00:45:09.000 --> 00:45:11.000]  才可以去打低另外的東西,
[00:45:11.000 --> 00:45:15.000]  還有你是需要時間,
[00:45:15.000 --> 00:45:16.000]  你建立了這麼多年,
[00:45:16.000 --> 00:45:18.000]  你拆毀,
[00:45:18.000 --> 00:45:22.000]  都有一些時間,
[00:45:22.000 --> 00:45:28.000]  神是會幫你,
[00:45:28.000 --> 00:45:29.000]  因為他說,
[00:45:29.000 --> 00:45:32.000]  他會給力量我們,
[00:45:32.000 --> 00:45:34.000]  很簡單,
[00:45:34.000 --> 00:45:36.000]  那三部曲,
[00:45:36.000 --> 00:45:39.000]  真理,禱告,
[00:45:39.000 --> 00:45:42.000]  聖靈的能力,
[00:45:42.000 --> 00:45:45.000]  當我們在裡面的時候,
[00:45:45.000 --> 00:45:50.000]  他說我們會有能力推垮,
[00:45:50.000 --> 00:45:54.000]  推垮這些堅固的影類,
[00:45:54.000 --> 00:45:56.000]  說到這裡,
[00:45:56.000 --> 00:45:59.000]  就有插入式的廣告,
[00:45:59.000 --> 00:46:06.000]  心靈維持和釋放,
[00:46:06.000 --> 00:46:08.000]  其實我們做什麼呢,
[00:46:08.000 --> 00:46:09.000]  來到裡面,
[00:46:09.000 --> 00:46:13.000]  好大部份幫大家去找,
[00:46:13.000 --> 00:46:15.000]  我們的思想盈餘在哪裡,
[00:46:15.000 --> 00:46:17.000]  我們在哪裡做錯了,
[00:46:17.000 --> 00:46:23.000]  我們在哪裡中了詭計,
[00:46:23.000 --> 00:46:27.000]  當我們知道之後,
[00:46:27.000 --> 00:46:30.000]  其實趕鬼就一剎那,
[00:46:30.000 --> 00:46:31.000]  趕鬼是用什麼,
[00:46:31.000 --> 00:46:33.000]  是靠著耶穌,
[00:46:33.000 --> 00:46:34.000]  奉耶穌基督的命,
[00:46:34.000 --> 00:46:36.000]  趕他就走,
[00:46:36.000 --> 00:46:40.000]  但你思想的更生變化,
[00:46:40.000 --> 00:46:44.000]  你要順復敵黨,
[00:46:44.000 --> 00:46:46.000]  就是我們,
[00:46:46.000 --> 00:46:47.000]  是你的責任,
[00:46:47.000 --> 00:46:49.000]  是你的功課。
[00:46:57.000 --> 00:47:00.000]  有人這樣說,
[00:47:00.000 --> 00:47:02.000]  那些埃及人,
[00:47:02.000 --> 00:47:04.000]  擄走了那些,
[00:47:04.000 --> 00:47:08.000]  叫那些以色列人做奴隸,
[00:47:08.000 --> 00:47:09.000]  他就跟神說,
[00:47:09.000 --> 00:47:11.000]  神我們很辛苦求你,
[00:47:11.000 --> 00:47:15.000]  帶我們離開這個圍爐之地,
[00:47:15.000 --> 00:47:17.000]  大家都讀過初埃及記,
[00:47:17.000 --> 00:47:19.000]  神真的很奇妙的,
[00:47:19.000 --> 00:47:22.000]  將他們帶離了埃及,
[00:47:22.000 --> 00:47:26.000]  過了紅海,
[00:47:26.000 --> 00:47:28.000]  進入迦南地,
[00:47:28.000 --> 00:47:31.000]  沒那麼快,
[00:47:31.000 --> 00:47:33.000]  當中有很多波折,
[00:47:33.000 --> 00:47:34.000]  進不去,
[00:47:34.000 --> 00:47:37.000]  很多人進不去,
[00:47:37.000 --> 00:47:40.000]  為什麼?
[00:47:40.000 --> 00:47:44.000]  他們的人離開了埃及,
[00:47:44.000 --> 00:47:50.000]  但埃及的思想,
[00:47:50.000 --> 00:47:52.000]  價值觀,
[00:47:52.000 --> 00:47:55.000]  習慣,
[00:47:55.000 --> 00:47:58.000]  文化,
[00:47:58.000 --> 00:48:02.000]  在他們裡面。
[00:48:02.000 --> 00:48:05.000]  那班以色列人,
[00:48:05.000 --> 00:48:09.000]  是帶著這些東西,
[00:48:09.000 --> 00:48:12.000]  人離開了埃及,
[00:48:12.000 --> 00:48:18.000]  但埃及仍然在他們裡面。
[00:48:18.000 --> 00:48:20.000]  你們呢?
[00:48:20.000 --> 00:48:23.000]  你們決知信了耶穌,
[00:48:23.000 --> 00:48:26.000]  耶穌將你的生命拯救,
[00:48:26.000 --> 00:48:30.000]  將你跟神的關係重新建立,
[00:48:30.000 --> 00:48:36.000]  讓聖靈在你裡面帶領你。
[00:48:36.000 --> 00:48:41.000]  但是,
[00:48:41.000 --> 00:48:45.000]  世界過去的傷,
[00:48:45.000 --> 00:48:48.000]  仍然在你裡面。
[00:48:48.000 --> 00:48:51.000]  你已經不是小朋友了,
[00:48:51.000 --> 00:48:54.000]  但是他不侵犯你的痛苦,
[00:48:54.000 --> 00:48:57.000]  仍然在你裡面,
[00:48:57.000 --> 00:49:01.000]  仍未走。
[00:49:01.000 --> 00:49:04.000]  我們就帶著這些刑侶,
[00:49:04.000 --> 00:49:13.000]  一起過我們的生活。
[00:49:13.000 --> 00:49:18.000]  最後我想說,
[00:49:18.000 --> 00:49:23.000]  什麼是打仗?
[00:49:23.000 --> 00:49:24.000]  俄烏戰爭,
[00:49:24.000 --> 00:49:27.000]  他們在打什麼?
[00:49:27.000 --> 00:49:30.000]  在打地。
[00:49:30.000 --> 00:49:33.000]  那塊地是屬於誰的?
[00:49:33.000 --> 00:49:39.000]  那塊地是誰掌權的?
[00:49:39.000 --> 00:49:41.000]  這裡,
[00:49:41.000 --> 00:49:42.000]  那場仗,
[00:49:42.000 --> 00:49:44.000]  都是一樣的。
[00:49:44.000 --> 00:49:47.000]  究竟是誰掌權?
[00:49:47.000 --> 00:49:49.000]  究竟是耶穌掌權,
[00:49:49.000 --> 00:49:51.000]  你可以信服祂,
[00:49:51.000 --> 00:49:58.000]  還是這些謊話掌權?
[00:49:58.000 --> 00:50:04.000]  讓你一起記住。
[00:50:04.000 --> 00:50:06.000]  親愛的天父,
[00:50:06.000 --> 00:50:10.000]  讓你的真理進入我們的生命裡面。
[00:50:10.000 --> 00:50:11.000]  我們感謝你,
[00:50:11.000 --> 00:50:13.000]  因為這個是你的應許,
[00:50:13.000 --> 00:50:15.000]  你說在你裡面,
[00:50:15.000 --> 00:50:18.000]  我們有能力去攻破,
[00:50:18.000 --> 00:50:21.000]  我們裡面那些堅固的刑侶,
[00:50:21.000 --> 00:50:25.000]  那些不可以信服基督的刑侶,
[00:50:25.000 --> 00:50:29.000]  那些阻擱我們去親近你,
[00:50:29.000 --> 00:50:31.000]  阻擱我們去信服你,
[00:50:31.000 --> 00:50:34.000]  那些至高之士。
[00:50:34.000 --> 00:50:38.000]  你說你會給我們能力,
[00:50:38.000 --> 00:50:42.000]  求你幫助我們,
[00:50:42.000 --> 00:50:46.000]  叫我們在真理裡面可以得自由,
[00:50:46.000 --> 00:50:49.000]  叫我們在真理裡面,
[00:50:49.000 --> 00:50:54.000]  我們可以打勝這場仗。
[00:50:54.000 --> 00:50:55.000]  我們裡面有奴婦,
[00:50:55.000 --> 00:50:56.000]  有仇犯,
[00:50:56.000 --> 00:50:59.000]  我們裡面有很多真的假的,
[00:50:59.000 --> 00:51:02.000]  有時我們都堅定。
[00:51:02.000 --> 00:51:05.000]  但是我們相信的是,
[00:51:05.000 --> 00:51:07.000]  你與我們同在。
[00:51:07.000 --> 00:51:09.000]  這個是你的心意,
[00:51:09.000 --> 00:51:12.000]  要我們生命更新變化,
[00:51:12.000 --> 00:51:17.000]  叫我們進入應許之地。
[00:51:17.000 --> 00:51:19.000]  主啊,你來激勵我們,
[00:51:19.000 --> 00:51:25.000]  叫我們願意信服基督。
[00:51:25.000 --> 00:51:27.000]  弟兄姊妹神問你,
[00:51:27.000 --> 00:51:34.000]  你願不願意全心的信服基督?
[00:51:34.000 --> 00:51:40.000]  你願不願意打這場仗?
[00:51:40.000 --> 00:51:43.000]  主啊,求你現在跟我們每一個說話,
[00:51:43.000 --> 00:51:45.000]  更新我們的心,
[00:51:45.000 --> 00:51:49.000]  讓你真理的光照入,
[00:51:49.000 --> 00:51:51.000]  叫弟兄姊妹,
[00:51:51.000 --> 00:51:54.000]  可以做那個決定,
[00:51:54.000 --> 00:51:56.000]  相信,
[00:51:56.000 --> 00:51:58.000]  依靠,
[00:51:58.000 --> 00:52:03.000]  他們的生命可以不一樣。
[00:52:03.000 --> 00:52:07.000]  他們可以推倒他裡面思想的刑侶,
[00:52:07.000 --> 00:52:13.000]  因為你是幫助他們的。
[00:52:13.000 --> 00:52:16.000]  祝福你的教會,
[00:52:16.000 --> 00:52:18.000]  使你跟我們講說話。
