
[00:00:00.000 --> 00:00:02.620]  聖誕的時候好像特別忙
[00:00:02.620 --> 00:00:04.920]  但心裏面又很開心
[00:00:04.920 --> 00:00:08.300]  但開心之餘又要準備很多東西
[00:00:08.300 --> 00:00:10.620]  所以有時都幾矛盾
[00:00:10.620 --> 00:00:15.920]  要想很多東西 要準備很多東西
[00:00:15.920 --> 00:00:20.400]  但不知道我們有沒有去想一下
[00:00:20.400 --> 00:00:24.140]  為何我們要這樣過聖誕
[00:00:24.140 --> 00:00:25.380]  聖誕快到了
[00:00:25.380 --> 00:00:28.120]  我們要很多事做 很多事想 很多事去籌算
[00:00:28.120 --> 00:00:32.400]  但為何我們要這樣過聖誕
[00:00:32.400 --> 00:00:34.460]  到底我們基督徒怎樣過聖誕
[00:00:34.460 --> 00:00:38.020]  才能夠讓上帝得榮耀
[00:00:38.020 --> 00:00:41.640]  而耶穌是很開心呢
[00:00:41.640 --> 00:00:43.140]  所以從今個星期開始
[00:00:43.140 --> 00:00:44.300]  正如我剛才提過
[00:00:44.300 --> 00:00:47.620]  我們有幾個星期會和大家講聖誕節的訊息
[00:00:47.620 --> 00:00:51.480]  今日首先希望和大家去反思一下
[00:00:51.480 --> 00:00:55.180]  到底聖誕節帶給我們來說有什麼意義
[00:00:55.180 --> 00:00:58.400]  一起去反思一下 什麼叫做過聖誕
[00:00:58.400 --> 00:01:00.000]  我們很熟悉聖經
[00:01:00.000 --> 00:01:05.520]  我們看回馬太夫音 耶穌降生的故事
[00:01:05.520 --> 00:01:09.900]  這裡說 耶穌基督降生的故事記在下面
[00:01:09.900 --> 00:01:13.900]  他的母親瑪利亞已經許配了藥膝
[00:01:13.900 --> 00:01:19.000]  眾母凝催 瑪利亞就從聖靈懷了孕
[00:01:19.000 --> 00:01:22.360]  她丈夫藥膝是她的義人
[00:01:22.360 --> 00:01:24.360]  不願意明明地需要她
[00:01:24.360 --> 00:01:26.500]  想要暗暗地把她幽了
[00:01:26.500 --> 00:01:28.700]  正在思念這件事的時候
[00:01:28.700 --> 00:01:31.900]  有主的使者向她夢中顯現
[00:01:31.900 --> 00:01:34.860]  說大衛的子孫藥膝不要怕
[00:01:34.860 --> 00:01:38.620]  只管娶過你的妻子瑪利亞來
[00:01:38.620 --> 00:01:42.240]  因她所懷的孕是從聖靈來的
[00:01:42.240 --> 00:01:43.860]  她將要生一個兒子
[00:01:43.860 --> 00:01:45.900]  你要給得起名叫耶穌
[00:01:45.900 --> 00:01:50.100]  因她要將自己的百姓從罪惡裡救出來
[00:01:50.100 --> 00:01:52.300]  這一切的成就
[00:01:52.300 --> 00:01:55.860]  是要應驗主席先知所說的話
[00:01:55.860 --> 00:01:59.140]  說必有同女懷孕生子
[00:01:59.140 --> 00:02:02.780]  人要稱她的名為以馬來利
[00:02:02.780 --> 00:02:05.420]  以馬來利翻出來
[00:02:05.420 --> 00:02:08.300]  就是神與我們同在
[00:02:08.300 --> 00:02:10.300]  藥膝醒了起來
[00:02:10.300 --> 00:02:14.500]  就遵著主使者的吩咐把妻子娶過來
[00:02:14.500 --> 00:02:16.600]  只是沒有和她同房
[00:02:16.600 --> 00:02:19.000]  等她生了兒子
[00:02:19.000 --> 00:02:21.940]  有骨卷說等她上了投胎的兒子
[00:02:21.940 --> 00:02:26.680]  就給她起名叫耶穌
[00:02:26.680 --> 00:02:29.220]  可能大家不說不知道
[00:02:29.220 --> 00:02:31.700]  大家知不知道我們說慶祝聖誕
[00:02:31.700 --> 00:02:34.180]  在美國 現在我們生活在美國
[00:02:34.180 --> 00:02:38.100]  美國原來是到了十九世紀的下半葉
[00:02:38.100 --> 00:02:40.180]  應該是1870年
[00:02:40.180 --> 00:02:49.860]  President Grant才正式將十二月廿五日定為聖誕節
[00:02:49.860 --> 00:02:52.100]  不過有些事情大家還是不知道
[00:02:52.100 --> 00:02:53.780]  1962年的時候
[00:02:53.780 --> 00:02:55.620]  美國法庭裁定
[00:02:55.620 --> 00:02:58.900]  在公立學校裏面
[00:02:58.900 --> 00:03:01.420]  如果是做一些聖誕劇
[00:03:01.420 --> 00:03:05.180]  找學生放聖景諸如此類的東西
[00:03:05.180 --> 00:03:08.420]  或者由政府去資助
[00:03:08.420 --> 00:03:13.940]  這些和耶穌誕生有關的活動的時候
[00:03:13.940 --> 00:03:19.220]  法庭裁定這是違反了政教分離的原則
[00:03:19.220 --> 00:03:21.460]  這個可能大家不知道
[00:03:21.460 --> 00:03:24.980]  所以不知不覺從那個時間開始
[00:03:24.980 --> 00:03:27.620]  在公共場合到聖誕節的時候
[00:03:27.620 --> 00:03:33.300]  那些擺設就用了很多世俗的象徵
[00:03:33.300 --> 00:03:34.260]  比如什麼
[00:03:34.260 --> 00:03:35.940]  聖誕老人
[00:03:35.940 --> 00:03:37.700]  還有什麼
[00:03:37.700 --> 00:03:38.820]  聖誕樹
[00:03:38.820 --> 00:03:39.860]  還有什麼
[00:03:39.860 --> 00:03:42.260]  Red Deer
[00:03:42.260 --> 00:03:43.700]  Red Nose Deer
[00:03:43.700 --> 00:03:45.620]  就是紅鼻的馴鹿
[00:03:45.620 --> 00:03:47.060]  諸如此類的東西
[00:03:47.060 --> 00:03:50.900]  就取代了聖景
[00:03:50.900 --> 00:03:54.420]  事實上我剛才開頭的那張圖畫
[00:03:54.420 --> 00:03:56.420]  主題的背景
[00:03:56.420 --> 00:03:57.540]  我上網搜尋
[00:03:57.540 --> 00:04:00.580]  耶穌誕生
[00:04:00.580 --> 00:04:02.820]  全部都是聖誕樹
[00:04:02.820 --> 00:04:04.820]  我只找到兩張
[00:04:04.820 --> 00:04:06.020]  整整一百張
[00:04:06.020 --> 00:04:11.300]  圖畫當中很少講到耶穌誕生
[00:04:11.300 --> 00:04:14.020]  到了21世紀的情況更加嚴重
[00:04:14.020 --> 00:04:15.700]  嚴重的意思是什麼呢
[00:04:15.700 --> 00:04:17.140]  越來越不講聖誕節了
[00:04:17.140 --> 00:04:18.500]  現在講什麼
[00:04:18.500 --> 00:04:20.660]  Happy Holiday
[00:04:20.660 --> 00:04:22.340]  假日快樂
[00:04:22.340 --> 00:04:23.460]  特朗普總統說不行
[00:04:23.460 --> 00:04:25.140]  我要講Merry Christmas
[00:04:25.140 --> 00:04:26.020]  Whatever
[00:04:26.020 --> 00:04:28.180]  但是已經成為一種文化
[00:04:28.180 --> 00:04:29.460]  一個文化
[00:04:29.460 --> 00:04:30.500]  現在很多時候
[00:04:30.500 --> 00:04:32.100]  在過聖誕節裡面
[00:04:32.100 --> 00:04:35.300]  人家怎麼過我們就怎麼過
[00:04:35.300 --> 00:04:37.380]  這個我再講一次
[00:04:37.380 --> 00:04:38.980]  我們沒有留意到
[00:04:38.980 --> 00:04:41.060]  原來我們基督徒在過聖誕節的時候
[00:04:41.060 --> 00:04:46.660]  在不知不覺當中都受了世俗潮流的影響
[00:04:46.660 --> 00:04:48.420]  我們被那些廣告商
[00:04:48.420 --> 00:04:52.260]  透過不同的媒體鋪天蓋地
[00:04:52.260 --> 00:04:53.460]  告訴我們
[00:04:53.460 --> 00:04:55.540]  我們應該怎麼過聖誕節
[00:04:55.540 --> 00:04:57.620]  我們需要什麼過聖誕節
[00:04:57.620 --> 00:05:00.740]  我們應該做什麼去過聖誕節
[00:05:00.740 --> 00:05:02.420]  要不要我再講一次
[00:05:02.420 --> 00:05:04.340]  大家同不同意
[00:05:04.340 --> 00:05:06.340]  在不知不覺的人家怎麼過聖誕
[00:05:06.340 --> 00:05:07.540]  我們怎麼過聖誕
[00:05:07.540 --> 00:05:09.380]  但是我們的身分不同
[00:05:09.380 --> 00:05:10.820]  我們是什麼人
[00:05:10.820 --> 00:05:11.780]  我們是基督徒
[00:05:11.780 --> 00:05:12.820]  我們是耶穌
[00:05:12.820 --> 00:05:18.340]  是不是要隨流地一起去過聖誕
[00:05:18.340 --> 00:05:21.540]  我們應該怎麼過聖誕節
[00:05:21.540 --> 00:05:23.300]  我們很常在想
[00:05:23.300 --> 00:05:27.220]  聖誕到底是怎麼來的
[00:05:27.220 --> 00:05:30.500]  到底我們基督徒應該怎麼去過聖誕節
[00:05:30.500 --> 00:05:32.660]  聖經告訴我們
[00:05:32.660 --> 00:05:33.860]  聖誕
[00:05:33.860 --> 00:05:35.140]  剛才聖經說什麼
[00:05:35.140 --> 00:05:39.300]  就是由童女瑪利亞被聖靈感染
[00:05:39.300 --> 00:05:41.300]  於是懷了一個嬰兒
[00:05:41.300 --> 00:05:48.100]  後來耶穌在一個簡陋的馬牌出生
[00:05:48.100 --> 00:05:50.980]  但是今天我想和大家看的重點是什麼
[00:05:50.980 --> 00:05:55.140]  如果瑪利亞的未婚夫約瑟
[00:05:55.140 --> 00:05:58.980]  不理天使在夢中給他的指示
[00:05:58.980 --> 00:06:01.060]  那個吩咐
[00:06:01.060 --> 00:06:05.220]  這個聖誕節可能會完全改寫
[00:06:05.220 --> 00:06:06.900]  而聖經告訴我們
[00:06:06.900 --> 00:06:10.260]  當約瑟知道他未過門的妻子
[00:06:10.260 --> 00:06:13.300]  那個老婆瑪利亞有了嬰兒
[00:06:13.300 --> 00:06:14.500]  我不知道怎麼聽回來
[00:06:14.500 --> 00:06:16.420]  總之知道了
[00:06:16.420 --> 00:06:18.740]  他可以怎麼做呢
[00:06:18.740 --> 00:06:22.100]  我發覺最低限度他有四個選擇
[00:06:22.100 --> 00:06:23.940]  就是約瑟
[00:06:23.940 --> 00:06:25.940]  第一個選擇很簡單
[00:06:25.940 --> 00:06:27.060]  輕施問罪
[00:06:27.060 --> 00:06:30.340]  有沒有搞錯 未過門竟然懷孕了
[00:06:30.340 --> 00:06:32.260]  要拿回聘金
[00:06:32.260 --> 00:06:34.100]  很重要的 為什麼呢
[00:06:34.100 --> 00:06:36.820]  一般的人家在耶穌的時代
[00:06:36.820 --> 00:06:41.460]  那個聘金大概是50個銀子
[00:06:41.460 --> 00:06:42.900]  等於多少錢呢
[00:06:42.900 --> 00:06:48.340]  今天來說大概是400到420美元左右
[00:06:48.340 --> 00:06:50.260]  對當時的人來說
[00:06:50.260 --> 00:06:53.700]  一個普通人要做幾年才有這樣的人工
[00:06:53.700 --> 00:06:55.780]  所以他們很著重婚禮
[00:06:55.780 --> 00:06:57.620]  儲了幾年錢
[00:06:57.620 --> 00:07:00.900]  然後才可以拿聘金娶老婆回來
[00:07:00.900 --> 00:07:02.660]  現在你懷孕了
[00:07:02.660 --> 00:07:06.980]  我就拿回聘金 這裡有幾年工資
[00:07:06.980 --> 00:07:09.460]  這是第一個做法
[00:07:09.460 --> 00:07:12.500]  第二個做法可能懶一點也不一定
[00:07:12.500 --> 00:07:13.300]  什麼都不做
[00:07:13.300 --> 00:07:14.900]  不了了之
[00:07:14.900 --> 00:07:16.420]  從那個時候開始
[00:07:16.420 --> 00:07:18.020]  我和你一刀兩斷
[00:07:18.020 --> 00:07:20.660]  和瑪利亞和家人說
[00:07:20.660 --> 00:07:23.860]  再無瓜葛 斷絕來往 各走各路
[00:07:23.860 --> 00:07:26.100]  這個可能是第二個想法
[00:07:26.100 --> 00:07:27.140]  這樣好一點
[00:07:27.140 --> 00:07:29.540]  免得拿回禮金
[00:07:29.540 --> 00:07:32.820]  第三個可能誇張一點
[00:07:32.820 --> 00:07:35.060]  算了反正我都要娶老婆
[00:07:35.060 --> 00:07:37.220]  現在好的女孩少
[00:07:37.220 --> 00:07:38.500]  不過是不是好都不知道
[00:07:38.500 --> 00:07:39.780]  因為懷孕了
[00:07:39.780 --> 00:07:43.140]  等她生了再娶
[00:07:43.140 --> 00:07:45.220]  這是一個可行的方法
[00:07:45.220 --> 00:07:47.140]  不過當他這樣做的時候
[00:07:47.140 --> 00:07:49.380]  結果是什麼呢
[00:07:49.380 --> 00:07:50.500]  一定是被人取笑
[00:07:50.500 --> 00:07:51.300]  大陸沒有
[00:07:51.300 --> 00:07:53.940]  還有第四個做法
[00:07:53.940 --> 00:07:58.180]  第四個做法是靜悄悄休了她
[00:07:58.180 --> 00:08:03.300]  暗地裡和瑪利亞解除婚約
[00:08:03.300 --> 00:08:04.820]  很明顯
[00:08:04.820 --> 00:08:08.020]  如果大家熟悉聖誕節的故事
[00:08:08.020 --> 00:08:12.500]  約瑟經過思量考慮之後
[00:08:12.500 --> 00:08:15.140]  選擇了第四個做法
[00:08:15.140 --> 00:08:20.180]  靜悄悄和瑪利亞解除婚約
[00:08:20.180 --> 00:08:23.380]  《聖經》裡面有沒有留意到
[00:08:23.380 --> 00:08:26.020]  有一個很簡單的註解
[00:08:26.020 --> 00:08:27.620]  這個註解是什麼呢
[00:08:27.620 --> 00:08:29.940]  原來約瑟為什麼會這樣做
[00:08:29.940 --> 00:08:31.460]  因為他是一個異人
[00:08:31.460 --> 00:08:33.540]  一個公義人
[00:08:33.540 --> 00:08:34.420]  一個好人
[00:08:34.420 --> 00:08:38.260]  他不想瑪利亞再次受羞辱
[00:08:38.260 --> 00:08:39.620]  傳了出來當然很沒面子
[00:08:39.620 --> 00:08:41.700]  還沒結婚就已經懷孕了
[00:08:41.700 --> 00:08:43.780]  不想再明明去羞辱她
[00:08:43.780 --> 00:08:46.500]  所以就給她一種優恕
[00:08:46.500 --> 00:08:47.860]  讓她能夠合法的
[00:08:47.860 --> 00:08:50.980]  以後可以合法的和人結婚
[00:08:50.980 --> 00:08:52.740]  就不用被社會唾棄
[00:08:52.740 --> 00:08:55.380]  約瑟這個行動
[00:08:55.380 --> 00:08:57.860]  其實不單止讓我們看到
[00:08:57.860 --> 00:09:00.100]  約瑟是一個異人
[00:09:00.100 --> 00:09:01.140]  不單止是一個好人
[00:09:01.140 --> 00:09:02.820]  他好到怎樣呢
[00:09:02.820 --> 00:09:04.740]  雖然他知道一個女孩子
[00:09:04.740 --> 00:09:06.100]  不知道為什麼被人搞大了肚子
[00:09:06.100 --> 00:09:08.820]  但他考慮到這個女孩子的情況
[00:09:08.820 --> 00:09:10.740]  她的處境
[00:09:10.740 --> 00:09:12.020]  如果不給她優恕的話
[00:09:12.020 --> 00:09:13.620]  她以後不知怎麼做人了
[00:09:13.620 --> 00:09:17.460]  於是就寫封優恕給她
[00:09:17.460 --> 00:09:19.700]  不然的話沒有人會娶她的
[00:09:19.700 --> 00:09:23.940]  甚至在當時猶太人的文化當中
[00:09:23.940 --> 00:09:26.820]  她的父親都不可以自立她
[00:09:26.820 --> 00:09:30.420]  想去養她照顧她都不可以
[00:09:30.420 --> 00:09:34.180]  所以一個這樣的女孩子出來的時候
[00:09:34.180 --> 00:09:36.420]  她的處境是相當淒涼的
[00:09:36.420 --> 00:09:39.540]  當時的女人沒有什麼謀生技能
[00:09:39.540 --> 00:09:40.740]  不可以自立
[00:09:40.740 --> 00:09:42.500]  所以很多人都說
[00:09:42.500 --> 00:09:43.540]  如果是這樣的話
[00:09:43.540 --> 00:09:44.660]  只可以有兩個選擇
[00:09:44.660 --> 00:09:46.260]  要麼做乞丐要麼做妓女
[00:09:46.260 --> 00:09:48.260]  你要生存的話
[00:09:48.260 --> 00:09:53.380]  所以其實聖經說約瑟是一個異人
[00:09:53.380 --> 00:09:57.940]  但是神怎麼去對待這個異人呢
[00:09:57.940 --> 00:09:58.900]  大家有沒有想到
[00:09:58.900 --> 00:10:01.060]  神怎麼去對待這個好人呢
[00:10:01.060 --> 00:10:03.940]  神就差一個天使在夢中
[00:10:03.940 --> 00:10:07.220]  向這個約瑟顯現
[00:10:07.220 --> 00:10:10.260]  就叫他做第五個選擇
[00:10:10.260 --> 00:10:11.940]  還多一個選擇
[00:10:11.940 --> 00:10:13.380]  神給他多一個選擇
[00:10:13.380 --> 00:10:14.580]  這個選擇是什麼
[00:10:14.580 --> 00:10:17.460]  立坑將瑪利亞娶過來
[00:10:17.460 --> 00:10:20.580]  這個是他沒有想過的
[00:10:20.580 --> 00:10:23.460]  定了婚的
[00:10:23.460 --> 00:10:26.180]  但是天使說立刻將她娶過來
[00:10:26.180 --> 00:10:33.860]  如果約瑟選擇天使給他這個建議的時候
[00:10:33.860 --> 00:10:37.700]  大家想一下他的朋友
[00:10:37.700 --> 00:10:40.500]  家人 親戚 鄰居
[00:10:40.500 --> 00:10:42.020]  會怎麼想他呢
[00:10:42.020 --> 00:10:44.020]  不用想了
[00:10:44.020 --> 00:10:45.540]  一定是你搞大了他的肚子
[00:10:45.540 --> 00:10:47.380]  會不會這樣想
[00:10:47.380 --> 00:10:48.820]  很正常
[00:10:48.820 --> 00:10:51.700]  一定是你就是那個主事人
[00:10:51.700 --> 00:10:53.700]  不然你怎麼會娶過來
[00:10:53.700 --> 00:10:57.780]  一個異人
[00:10:57.780 --> 00:11:00.900]  如果要選擇這個抉擇的時候
[00:11:00.900 --> 00:11:05.220]  能不能夠抵受這些人的誤會呢
[00:11:05.220 --> 00:11:07.780]  水洗不清 你怎麼解釋
[00:11:07.780 --> 00:11:10.420]  其實沒得解釋
[00:11:10.420 --> 00:11:12.500]  當然約瑟也沒有解釋
[00:11:12.500 --> 00:11:14.740]  但是我們看看這個約瑟
[00:11:14.740 --> 00:11:16.740]  一覺醒來
[00:11:16.740 --> 00:11:18.740]  立刻起身
[00:11:18.740 --> 00:11:22.100]  遵照天使的吩咐
[00:11:22.100 --> 00:11:24.100]  將瑪利亞娶過門
[00:11:24.100 --> 00:11:26.100]  大家知不知道
[00:11:26.100 --> 00:11:28.100]  如果換了是你
[00:11:28.100 --> 00:11:30.100]  還是我
[00:11:30.100 --> 00:11:32.100]  我們會不會這樣做
[00:11:32.100 --> 00:11:34.100]  我們會不會這樣做呢
[00:11:34.100 --> 00:11:36.100]  是做夢見到天使
[00:11:36.100 --> 00:11:41.940]  我們記得先使約翰的爸爸
[00:11:41.940 --> 00:11:43.940]  在聖殿見到天使
[00:11:43.940 --> 00:11:45.940]  親眼見到
[00:11:45.940 --> 00:11:47.940]  他做夢見到天使
[00:11:47.940 --> 00:11:49.940]  天使跟他說
[00:11:49.940 --> 00:11:51.940]  瑪利亞是有個寶寶
[00:11:51.940 --> 00:11:53.940]  是有個寶寶
[00:11:53.940 --> 00:11:55.940]  不過她這個寶寶是內著聖靈
[00:11:55.940 --> 00:11:57.940]  聖靈懷孕 你說什麼
[00:11:57.940 --> 00:11:59.940]  什麼叫聖靈懷孕
[00:11:59.940 --> 00:12:01.940]  不要說約瑟
[00:12:01.940 --> 00:12:03.940]  今天我們聽到的時候
[00:12:03.940 --> 00:12:05.940]  我們都摸不著頭腦
[00:12:05.940 --> 00:12:07.940]  沒辦法明白
[00:12:07.940 --> 00:12:09.940]  何況是當時做木匠的約瑟
[00:12:09.940 --> 00:12:11.940]  聖靈懷孕
[00:12:11.940 --> 00:12:13.940]  誰會相信呢
[00:12:13.940 --> 00:12:15.940]  做夢見到的事可不可以當真
[00:12:15.940 --> 00:12:17.940]  大家說呢
[00:12:17.940 --> 00:12:21.940]  所以早日聽師們
[00:12:21.940 --> 00:12:23.940]  當我們去反思
[00:12:23.940 --> 00:12:25.940]  聖誕節的意思的時候
[00:12:25.940 --> 00:12:27.940]  我們首先可以從約瑟的身上
[00:12:27.940 --> 00:12:29.940]  學幾個功課
[00:12:29.940 --> 00:12:31.940]  第一
[00:12:31.940 --> 00:12:33.940]  聖經說什麼
[00:12:33.940 --> 00:12:35.940]  約瑟是什麼人
[00:12:35.940 --> 00:12:37.940]  是一個異人
[00:12:37.940 --> 00:12:39.940]  這個異人不單單是
[00:12:39.940 --> 00:12:41.940]  說他奉公守法
[00:12:41.940 --> 00:12:43.940]  循規蹈矩
[00:12:43.940 --> 00:12:45.940]  沒有做壞事
[00:12:45.940 --> 00:12:47.940]  不單單說這件事
[00:12:47.940 --> 00:12:49.940]  從他的表現來說
[00:12:49.940 --> 00:12:51.940]  我們看到他顧念
[00:12:51.940 --> 00:12:53.940]  人的處境
[00:12:53.940 --> 00:12:55.940]  時時為他人的好處著想
[00:12:55.940 --> 00:12:57.940]  這個反映出
[00:12:57.940 --> 00:12:59.940]  他那種熟悉的品格
[00:12:59.940 --> 00:13:01.940]  溫柔 良善
[00:13:01.940 --> 00:13:03.940]  和平
[00:13:03.940 --> 00:13:05.940]  信實
[00:13:05.940 --> 00:13:07.940]  滿有恩慈和愛心
[00:13:07.940 --> 00:13:09.940]  否則他怎麼能夠
[00:13:09.940 --> 00:13:11.940]  做出這樣的回應
[00:13:13.940 --> 00:13:15.940]  求聖靈幫助我們
[00:13:15.940 --> 00:13:17.940]  如果我們
[00:13:17.940 --> 00:13:19.940]  用我們自己設身處地的想法
[00:13:19.940 --> 00:13:21.940]  我們覺得很不值
[00:13:21.940 --> 00:13:23.940]  有沒有搞錯
[00:13:23.940 --> 00:13:25.940]  但忽然之間我要承受這樣的壓力
[00:13:25.940 --> 00:13:27.940]  是不是
[00:13:27.940 --> 00:13:29.940]  甚至是
[00:13:29.940 --> 00:13:31.940]  這些是羞辱
[00:13:31.940 --> 00:13:33.940]  我們怎麼能夠頂得住
[00:13:33.940 --> 00:13:35.940]  我們有沒有試過被人欺壓
[00:13:35.940 --> 00:13:37.940]  我們有沒有試過被人欺騙
[00:13:37.940 --> 00:13:39.940]  有沒有試過
[00:13:39.940 --> 00:13:41.940]  如果我們這樣做很吃虧
[00:13:41.940 --> 00:13:43.940]  有沒有落在這樣的處境
[00:13:43.940 --> 00:13:45.940]  你是怎麼回應的
[00:13:45.940 --> 00:13:47.940]  若失是怎麼回應的
[00:13:47.940 --> 00:13:49.940]  求神幫助我們
[00:13:49.940 --> 00:13:53.940]  當我們落在這樣的處境當中
[00:13:53.940 --> 00:13:55.940]  先去想一下
[00:13:55.940 --> 00:13:57.940]  什麼
[00:13:57.940 --> 00:13:59.940]  才是會合神的心意
[00:13:59.940 --> 00:14:01.940]  什麼的回應
[00:14:01.940 --> 00:14:03.940]  什麼的做法
[00:14:03.940 --> 00:14:05.940]  才能夠抱住喜悅
[00:14:05.940 --> 00:14:07.940]  讓神得榮耀
[00:14:07.940 --> 00:14:09.940]  看這件事
[00:14:09.940 --> 00:14:11.940]  我不相信天使的說話
[00:14:11.940 --> 00:14:13.940]  雖然是在夢中
[00:14:13.940 --> 00:14:15.940]  天使跟他說
[00:14:15.940 --> 00:14:17.940]  他竟然相信
[00:14:17.940 --> 00:14:19.940]  為什麼會相信
[00:14:19.940 --> 00:14:21.940]  大家覺得他為什麼會相信
[00:14:21.940 --> 00:14:23.940]  天使在夢中跟他說的話
[00:14:23.940 --> 00:14:25.940]  其實很好
[00:14:25.940 --> 00:14:27.940]  在夢中第一件事
[00:14:27.940 --> 00:14:29.940]  天使跟他說的第一句說話是什麼
[00:14:29.940 --> 00:14:31.940]  不要怕
[00:14:31.940 --> 00:14:35.940]  天使其實來到的時候
[00:14:35.940 --> 00:14:37.940]  他沒有讀過心理學
[00:14:37.940 --> 00:14:39.940]  天使有沒有讀過
[00:14:39.940 --> 00:14:41.940]  我不知道
[00:14:41.940 --> 00:14:43.940]  但從弱勢角度
[00:14:43.940 --> 00:14:45.940]  天使知道我現在怕什麼
[00:14:45.940 --> 00:14:47.940]  我憂慮什麼
[00:14:47.940 --> 00:14:49.940]  我害怕什麼
[00:14:49.940 --> 00:14:51.940]  天使跟他說第一句說話
[00:14:51.940 --> 00:14:53.940]  他已經得到很大的安慰
[00:14:53.940 --> 00:14:55.940]  這些不是人可以說的說話
[00:14:55.940 --> 00:14:57.940]  特別是當個時代
[00:14:57.940 --> 00:14:59.940]  而且
[00:14:59.940 --> 00:15:01.940]  天使還告訴他
[00:15:01.940 --> 00:15:03.940]  馬利亞所懷的孩子
[00:15:05.940 --> 00:15:07.940]  是要應驗
[00:15:07.940 --> 00:15:09.940]  先知的預言
[00:15:09.940 --> 00:15:11.940]  先知的預言
[00:15:11.940 --> 00:15:13.940]  必有童女懷孕生子
[00:15:13.940 --> 00:15:15.940]  你讀過的
[00:15:15.940 --> 00:15:17.940]  先知書你沒有讀過
[00:15:17.940 --> 00:15:19.940]  先知的預言
[00:15:19.940 --> 00:15:21.940]  必有童女懷孕生子
[00:15:21.940 --> 00:15:23.940]  他要取名的
[00:15:23.940 --> 00:15:25.940]  爾瑪奈利
[00:15:25.940 --> 00:15:29.940]  不單單天使告訴他
[00:15:29.940 --> 00:15:31.940]  這是應驗先知的預言
[00:15:31.940 --> 00:15:33.940]  童女會懷孕
[00:15:33.940 --> 00:15:35.940]  連孩子的名字
[00:15:35.940 --> 00:15:37.940]  都幫他講了
[00:15:37.940 --> 00:15:39.940]  你給他取名叫耶穌
[00:15:39.940 --> 00:15:45.940]  弱勢怎麼可能不相信
[00:15:45.940 --> 00:15:47.940]  這些不是他自己想到
[00:15:47.940 --> 00:15:49.940]  或者聽說過的
[00:15:49.940 --> 00:15:51.940]  完全是從神那裡而來
[00:15:51.940 --> 00:15:53.940]  所以當你醒來的時候
[00:15:53.940 --> 00:15:55.940]  想起夢境、弱勢思想的時候
[00:15:55.940 --> 00:15:57.940]  天使
[00:15:57.940 --> 00:15:59.940]  向弱勢講到
[00:15:59.940 --> 00:16:01.940]  有關馬利亞懷孕的細節
[00:16:03.940 --> 00:16:05.940]  雖然他不完全明白
[00:16:05.940 --> 00:16:07.940]  我相信他不完全明白
[00:16:07.940 --> 00:16:09.940]  但足以讓他相信
[00:16:09.940 --> 00:16:11.940]  天使在夢境當中
[00:16:11.940 --> 00:16:13.940]  跟他說過的話
[00:16:13.940 --> 00:16:15.940]  是來自至高的上帝
[00:16:15.940 --> 00:16:17.940]  是上帝指示他
[00:16:17.940 --> 00:16:19.940]  應該如何處理未婚妻
[00:16:19.940 --> 00:16:21.940]  未過門就懷孕的情況
[00:16:21.940 --> 00:16:25.940]  如果上個星期大家在這裡
[00:16:25.940 --> 00:16:27.940]  好像我跟大家提過
[00:16:27.940 --> 00:16:29.940]  如果上帝要我們做些什麼
[00:16:29.940 --> 00:16:31.940]  他會讓我們
[00:16:31.940 --> 00:16:33.940]  很清楚地知道
[00:16:33.940 --> 00:16:35.940]  是一點都不含糊的
[00:16:35.940 --> 00:16:37.940]  有時候會透過不同的人與事和方法
[00:16:37.940 --> 00:16:39.940]  對弱勢來說
[00:16:39.940 --> 00:16:41.940]  這個夢境對他來說
[00:16:41.940 --> 00:16:43.940]  忽然之間一個從來沒想過的做法
[00:16:43.940 --> 00:16:45.940]  竟然透過天使在夢境裡面
[00:16:45.940 --> 00:16:47.940]  跟他說
[00:16:47.940 --> 00:16:49.940]  我們看到弱勢的反應是什麼
[00:16:49.940 --> 00:16:51.940]  弱勢醒來第一件事是什麼
[00:16:51.940 --> 00:16:53.940]  立刻行動
[00:16:53.940 --> 00:16:55.940]  就將馬利亞娶過門
[00:16:55.940 --> 00:16:57.940]  這個需要什麼
[00:16:57.940 --> 00:16:59.940]  需要很大的信心
[00:16:59.940 --> 00:17:01.940]  和勇氣
[00:17:01.940 --> 00:17:03.940]  大家同意嗎
[00:17:03.940 --> 00:17:05.940]  這個就是第三件事
[00:17:05.940 --> 00:17:07.940]  我們要從弱勢身上
[00:17:07.940 --> 00:17:09.940]  學的功課
[00:17:09.940 --> 00:17:11.940]  正如我剛才提過
[00:17:11.940 --> 00:17:13.940]  如果弱勢不是這樣做
[00:17:13.940 --> 00:17:15.940]  他仍然按照自己的方法
[00:17:15.940 --> 00:17:17.940]  悄悄地
[00:17:17.940 --> 00:17:19.940]  去休了馬利亞
[00:17:19.940 --> 00:17:21.940]  我剛才說過什麼
[00:17:21.940 --> 00:17:23.940]  聖誕節的故事就要改寫
[00:17:23.940 --> 00:17:25.940]  沒有弱勢
[00:17:25.940 --> 00:17:27.940]  對整個中國的敬畏和信奉
[00:17:27.940 --> 00:17:29.940]  中國的敬畏和信奉
[00:17:29.940 --> 00:17:31.940]  我們過聖誕節
[00:17:31.940 --> 00:17:33.940]  少了很多的榮耀
[00:17:33.940 --> 00:17:35.940]  和光輝
[00:17:35.940 --> 00:17:37.940]  所以最後
[00:17:37.940 --> 00:17:39.940]  弱勢
[00:17:39.940 --> 00:17:41.940]  在聖誕節當中扮演的角色
[00:17:41.940 --> 00:17:43.940]  不是一個小角色
[00:17:43.940 --> 00:17:45.940]  也不是一個配角
[00:17:45.940 --> 00:17:47.940]  甚至不是在
[00:17:47.940 --> 00:17:49.940]  馬利亞和耶穌身邊的
[00:17:49.940 --> 00:17:51.940]  佈景板
[00:17:51.940 --> 00:17:53.940]  現在所有人都說這是聖景
[00:17:53.940 --> 00:17:55.940]  弱勢是悄悄站在旁邊
[00:17:55.940 --> 00:17:57.940]  像佈景板一樣
[00:17:57.940 --> 00:17:59.940]  不是這樣的一回事
[00:17:59.940 --> 00:18:01.940]  弱勢在聖誕節
[00:18:01.940 --> 00:18:03.940]  所扮演的角色
[00:18:03.940 --> 00:18:05.940]  是相當重要的主角
[00:18:05.940 --> 00:18:07.940]  沒有他的話
[00:18:07.940 --> 00:18:09.940]  聖誕節的故事就不是這樣
[00:18:09.940 --> 00:18:11.940]  我們看不到
[00:18:11.940 --> 00:18:13.940]  耶穌在馬棚裡出生
[00:18:13.940 --> 00:18:15.940]  看不到耶穌被放進馬槽裡
[00:18:15.940 --> 00:18:17.940]  我們看不到有天君天使
[00:18:17.940 --> 00:18:19.940]  在天上講讚美
[00:18:19.940 --> 00:18:21.940]  歌頌神的說話
[00:18:21.940 --> 00:18:23.940]  看不到牧羊人
[00:18:23.940 --> 00:18:25.940]  看不到購主耶穌的紀錄
[00:18:25.940 --> 00:18:29.940]  所以
[00:18:29.940 --> 00:18:31.940]  這是第一件事
[00:18:31.940 --> 00:18:33.940]  在過聖誕節的時候
[00:18:33.940 --> 00:18:35.940]  給我們一些新的思想去反思
[00:18:35.940 --> 00:18:37.940]  不是新的思想
[00:18:37.940 --> 00:18:39.940]  其實是讓我們去思考一下
[00:18:39.940 --> 00:18:41.940]  過聖誕節的時候
[00:18:41.940 --> 00:18:43.940]  我們有沒有擁有
[00:18:43.940 --> 00:18:45.940]  好像弱勢一樣的質素
[00:18:45.940 --> 00:18:47.940]  第二件事
[00:18:47.940 --> 00:18:49.940]  聖誕節的由來
[00:18:49.940 --> 00:18:51.940]  我們看第一章
[00:18:51.940 --> 00:18:53.940]  第三次的那句話
[00:18:53.940 --> 00:18:55.940]  這一切的事
[00:18:55.940 --> 00:18:57.940]  是要應驗主席先知
[00:18:57.940 --> 00:18:59.940]  所說的話說
[00:18:59.940 --> 00:19:01.940]  必有同類懷仁生子
[00:19:01.940 --> 00:19:03.940]  人要稱他名為爾瑪奈利
[00:19:03.940 --> 00:19:05.940]  爾瑪奈利是什麼意思
[00:19:05.940 --> 00:19:07.940]  我們基督徒都知道
[00:19:07.940 --> 00:19:09.940]  神與我們同在
[00:19:09.940 --> 00:19:11.940]  聖誕節是怎麼來的呢
[00:19:11.940 --> 00:19:13.940]  聖經說了
[00:19:13.940 --> 00:19:15.940]  為什麼叫聖誕
[00:19:15.940 --> 00:19:17.940]  不叫耶穌生日
[00:19:17.940 --> 00:19:19.940]  你有沒有想過
[00:19:19.940 --> 00:19:21.940]  為什麼叫聖誕
[00:19:21.940 --> 00:19:23.940]  我們不叫耶穌生日呢
[00:19:23.940 --> 00:19:25.940]  因為原來耶穌的誕生
[00:19:25.940 --> 00:19:27.940]  聖經說的很清楚是什麼
[00:19:27.940 --> 00:19:31.940]  是要應驗先知的預言
[00:19:31.940 --> 00:19:33.940]  先知我們知道就是以賽雅
[00:19:33.940 --> 00:19:35.940]  以賽雅先知
[00:19:35.940 --> 00:19:37.940]  這個預言的目的
[00:19:37.940 --> 00:19:39.940]  是要告訴我們
[00:19:39.940 --> 00:19:41.940]  神有一個應許
[00:19:41.940 --> 00:19:43.940]  神要給我們一個好消息
[00:19:43.940 --> 00:19:45.940]  這個應許這個好消息
[00:19:45.940 --> 00:19:47.940]  是必定會實現的
[00:19:47.940 --> 00:19:51.940]  神與我們同在
[00:19:51.940 --> 00:19:53.940]  神應許我們
[00:19:53.940 --> 00:19:55.940]  祂會與我們同在
[00:19:55.940 --> 00:19:57.940]  其實
[00:19:57.940 --> 00:19:59.940]  我剛才說過
[00:19:59.940 --> 00:20:03.940]  這個是以賽雅先知的預言
[00:20:03.940 --> 00:20:05.940]  其實以賽雅先知的預言
[00:20:05.940 --> 00:20:07.940]  是說給阿哈斯王聽的
[00:20:07.940 --> 00:20:11.940]  小小猶太人的歷史
[00:20:11.940 --> 00:20:13.940]  大衛的王國
[00:20:13.940 --> 00:20:15.940]  後來索羅門接
[00:20:15.940 --> 00:20:17.940]  發揚光大
[00:20:17.940 --> 00:20:19.940]  但是索羅門死後
[00:20:19.940 --> 00:20:21.940]  他的國家一分為二
[00:20:21.940 --> 00:20:23.940]  北邊叫以色列
[00:20:23.940 --> 00:20:25.940]  南邊叫猶太
[00:20:25.940 --> 00:20:27.940]  一個國家變成兩個國家
[00:20:27.940 --> 00:20:29.940]  後來以色列王
[00:20:29.940 --> 00:20:31.940]  比加王
[00:20:31.940 --> 00:20:33.940]  與阿蘭王
[00:20:33.940 --> 00:20:35.940]  尼遜這兩個皇帝結盟
[00:20:35.940 --> 00:20:37.940]  結盟做什麼呢
[00:20:37.940 --> 00:20:39.940]  要攻打猶太國
[00:20:39.940 --> 00:20:41.940]  北國以色列和阿蘭國
[00:20:41.940 --> 00:20:43.940]  要聯合攻打猶太國
[00:20:43.940 --> 00:20:45.940]  那個時候
[00:20:45.940 --> 00:20:47.940]  阿哈做皇帝就很害怕
[00:20:47.940 --> 00:20:49.940]  他和白井很害怕
[00:20:49.940 --> 00:20:51.940]  怎麼辦呢
[00:20:51.940 --> 00:20:53.940]  於是在那個時候
[00:20:53.940 --> 00:20:55.940]  上帝就差遣以賽雅先知
[00:20:55.940 --> 00:20:57.940]  去見阿哈王
[00:20:57.940 --> 00:20:59.940]  告訴他
[00:20:59.940 --> 00:21:01.940]  你不用怕
[00:21:01.940 --> 00:21:03.940]  以色列國和阿蘭國
[00:21:03.940 --> 00:21:05.940]  想聯合在一起
[00:21:05.940 --> 00:21:07.940]  去攻打你
[00:21:07.940 --> 00:21:09.940]  將你推翻
[00:21:09.940 --> 00:21:11.940]  之後就會設立一個傀儡政府
[00:21:11.940 --> 00:21:13.940]  受他們控制
[00:21:13.940 --> 00:21:15.940]  不過你不用怕
[00:21:15.940 --> 00:21:17.940]  因為這個計謀
[00:21:17.940 --> 00:21:19.940]  這個計劃是不會實現的
[00:21:19.940 --> 00:21:21.940]  所以
[00:21:21.940 --> 00:21:23.940]  以賽雅你現在
[00:21:23.940 --> 00:21:25.940]  不用怕
[00:21:25.940 --> 00:21:27.940]  什麼都不用做
[00:21:27.940 --> 00:21:29.940]  因為神與你同在
[00:21:29.940 --> 00:21:31.940]  這本來就是
[00:21:31.940 --> 00:21:33.940]  以賽雅去見阿哈王
[00:21:33.940 --> 00:21:35.940]  給他的消息
[00:21:35.940 --> 00:21:37.940]  以賽雅還跟他說
[00:21:37.940 --> 00:21:39.940]  如果你不相信的話
[00:21:39.940 --> 00:21:41.940]  你可以求一個兆頭
[00:21:41.940 --> 00:21:43.940]  即是求一個記號
[00:21:43.940 --> 00:21:45.940]  讓你知道這個一定是來自上帝
[00:21:45.940 --> 00:21:47.940]  不是出於其他人
[00:21:47.940 --> 00:21:49.940]  這個記號任你要什麼都可以
[00:21:49.940 --> 00:21:51.940]  甚至你在天上顯現都可以
[00:21:51.940 --> 00:21:53.940]  去到陰間顯現都沒有問題
[00:21:53.940 --> 00:21:55.940]  你說出來神一定會答應你的
[00:21:55.940 --> 00:21:57.940]  這個就是
[00:21:57.940 --> 00:21:59.940]  以賽雅給阿哈王
[00:21:59.940 --> 00:22:01.940]  一個安慰和一個保證
[00:22:01.940 --> 00:22:03.940]  大家猜不猜得到
[00:22:03.940 --> 00:22:05.940]  這個阿哈王
[00:22:05.940 --> 00:22:07.940]  怎樣去回答
[00:22:07.940 --> 00:22:09.940]  這個
[00:22:09.940 --> 00:22:11.940]  以賽雅呢
[00:22:11.940 --> 00:22:13.940]  有沒有人熟悉聖經
[00:22:13.940 --> 00:22:15.940]  阿哈王怎樣回答
[00:22:15.940 --> 00:22:17.940]  NO
[00:22:17.940 --> 00:22:19.940]  我不會祈求的
[00:22:19.940 --> 00:22:21.940]  因為我不可以試探
[00:22:21.940 --> 00:22:23.940]  上主耶和華
[00:22:23.940 --> 00:22:25.940]  例如新明紀講過一句說話
[00:22:25.940 --> 00:22:27.940]  我不工作
[00:22:27.940 --> 00:22:29.940]  我不會求任何的異象
[00:22:29.940 --> 00:22:31.940]  因為我不可以試探
[00:22:31.940 --> 00:22:33.940]  上主耶和華神
[00:22:33.940 --> 00:22:35.940]  聽他上來的時候
[00:22:35.940 --> 00:22:37.940]  這個阿哈王當然是好皇帝
[00:22:37.940 --> 00:22:39.940]  那麼虔誠
[00:22:39.940 --> 00:22:41.940]  不會試探耶和華神
[00:22:41.940 --> 00:22:43.940]  但是後來歷史告訴我們
[00:22:43.940 --> 00:22:45.940]  聖經都有講
[00:22:45.940 --> 00:22:47.940]  原來這個阿哈王
[00:22:47.940 --> 00:22:49.940]  因為是怕
[00:22:49.940 --> 00:22:51.940]  以色列和
[00:22:51.940 --> 00:22:53.940]  阿蘭的聯盟
[00:22:53.940 --> 00:22:55.940]  一起去攻擊他
[00:22:55.940 --> 00:22:57.940]  他已經想好了
[00:22:57.940 --> 00:22:59.940]  他要和亞述結盟
[00:22:59.940 --> 00:23:01.940]  亞述是一個國家
[00:23:01.940 --> 00:23:03.940]  你們兩個要結盟
[00:23:03.940 --> 00:23:05.940]  來抵受你們的攻擊
[00:23:05.940 --> 00:23:07.940]  意思是什麼
[00:23:07.940 --> 00:23:09.940]  原來他的說話
[00:23:09.940 --> 00:23:11.940]  表面上很虔誠
[00:23:11.940 --> 00:23:13.940]  但其實他根本信不過神
[00:23:13.940 --> 00:23:15.940]  他信不過神
[00:23:15.940 --> 00:23:17.940]  才知道以賽雅
[00:23:17.940 --> 00:23:19.940]  給他的保證
[00:23:19.940 --> 00:23:21.940]  他覺得和亞述結盟
[00:23:21.940 --> 00:23:23.940]  就實際一點
[00:23:23.940 --> 00:23:25.940]  亞述有軍隊
[00:23:25.940 --> 00:23:27.940]  我們一起去頂住他們
[00:23:27.940 --> 00:23:29.940]  以賽雅才知道
[00:23:29.940 --> 00:23:31.940]  看穿
[00:23:31.940 --> 00:23:33.940]  這個阿哈王
[00:23:33.940 --> 00:23:35.940]  心裏面的想法
[00:23:35.940 --> 00:23:37.940]  所以你就明白
[00:23:37.940 --> 00:23:39.940]  以賽雅怎麼說
[00:23:39.940 --> 00:23:41.940]  大衛的家
[00:23:41.940 --> 00:23:43.940]  這是以賽雅書第七章
[00:23:43.940 --> 00:23:45.940]  當阿哈王這樣去回應
[00:23:45.940 --> 00:23:47.940]  以賽雅的時候
[00:23:47.940 --> 00:23:49.940]  以賽雅說大衛家
[00:23:49.940 --> 00:23:51.940]  你們當聽
[00:23:51.940 --> 00:23:53.940]  你們使人厭煩
[00:23:53.940 --> 00:23:55.940]  豈算小事
[00:23:55.940 --> 00:23:57.940]  還要使我們的神厭煩嗎
[00:23:57.940 --> 00:23:59.940]  因此主自己要給你們一個笑頭
[00:23:59.940 --> 00:24:01.940]  必有同類華人生子
[00:24:01.940 --> 00:24:03.940]  給他起名叫
[00:24:03.940 --> 00:24:05.940]  爾瑪萊尼
[00:24:05.940 --> 00:24:07.940]  就是神與我們同在的意思
[00:24:07.940 --> 00:24:11.940]  所以從
[00:24:11.940 --> 00:24:13.940]  以賽雅的說話當中
[00:24:13.940 --> 00:24:15.940]  你就知道
[00:24:15.940 --> 00:24:17.940]  阿哈王所說的話是假虔誠
[00:24:17.940 --> 00:24:19.940]  我相信
[00:24:19.940 --> 00:24:21.940]  如果你在教會long in love的話
[00:24:21.940 --> 00:24:23.940]  可能你都記得
[00:24:23.940 --> 00:24:27.940]  以耶利米先知
[00:24:27.940 --> 00:24:29.940]  曾經告訴我們
[00:24:29.940 --> 00:24:31.940]  唯有我知道
[00:24:31.940 --> 00:24:33.940]  這個「我」是指上帝
[00:24:33.940 --> 00:24:35.940]  唯有我上帝知道
[00:24:35.940 --> 00:24:37.940]  我為你們安排的計劃
[00:24:37.940 --> 00:24:39.940]  我的計劃
[00:24:39.940 --> 00:24:41.940]  不是災難而是繁榮
[00:24:41.940 --> 00:24:45.940]  我要使你們有光明的前程
[00:24:45.940 --> 00:24:49.940]  這個耶利米先知
[00:24:49.940 --> 00:24:51.940]  我覺得是呼應以賽雅
[00:24:51.940 --> 00:24:53.940]  要傳遞出一個很重要的訊息
[00:24:55.940 --> 00:24:57.940]  有時我們不明白神的心意
[00:24:57.940 --> 00:24:59.940]  不明白神的計劃
[00:24:59.940 --> 00:25:01.940]  我們只是從我們自己去看
[00:25:01.940 --> 00:25:03.940]  了解應該怎樣做
[00:25:03.940 --> 00:25:05.940]  但原來神的計劃和智慧
[00:25:05.940 --> 00:25:07.940]  是比我們高出很多的
[00:25:07.940 --> 00:25:09.940]  很可惜
[00:25:09.940 --> 00:25:11.940]  我們像阿哈斯一樣
[00:25:11.940 --> 00:25:13.940]  信不過神的計劃
[00:25:13.940 --> 00:25:15.940]  信不過神的應許
[00:25:15.940 --> 00:25:17.940]  信不過神的安排
[00:25:17.940 --> 00:25:19.940]  而且自以為聰明
[00:25:19.940 --> 00:25:21.940]  有時就算我們知道
[00:25:21.940 --> 00:25:23.940]  或者明白
[00:25:23.940 --> 00:25:25.940]  我們仍然堅持
[00:25:25.940 --> 00:25:27.940]  用自己的方法去自救
[00:25:27.940 --> 00:25:29.940]  這就是阿哈斯王的問題
[00:25:29.940 --> 00:25:31.940]  我們選擇用自己的方法
[00:25:31.940 --> 00:25:33.940]  去解決危機
[00:25:33.940 --> 00:25:35.940]  去處理問題
[00:25:35.940 --> 00:25:37.940]  我們沒有去尋問神
[00:25:37.940 --> 00:25:39.940]  甚至知道也不理會神
[00:25:39.940 --> 00:25:41.940]  因為覺得這個不太可靠
[00:25:41.940 --> 00:25:43.940]  我想到的東西
[00:25:43.940 --> 00:25:45.940]  比較實際
[00:25:45.940 --> 00:25:47.940]  結果呢
[00:25:47.940 --> 00:25:49.940]  大家知道結果是怎樣嗎
[00:25:49.940 --> 00:25:51.940]  結果就引來神的震怒
[00:25:51.940 --> 00:25:53.940]  神的震怒
[00:25:53.940 --> 00:25:55.940]  和責罰
[00:25:55.940 --> 00:25:59.940]  聽知會
[00:25:59.940 --> 00:26:01.940]  今天呢
[00:26:01.940 --> 00:26:03.940]  越來越少人相信
[00:26:03.940 --> 00:26:05.940]  人定勝天
[00:26:05.940 --> 00:26:07.940]  因為呢
[00:26:07.940 --> 00:26:09.940]  你做人做了不少時間
[00:26:09.940 --> 00:26:11.940]  你知道人有很多限制
[00:26:11.940 --> 00:26:13.940]  很多事情是做不到的
[00:26:13.940 --> 00:26:15.940]  因為現在連
[00:26:15.940 --> 00:26:17.940]  AI那些機器人
[00:26:17.940 --> 00:26:19.940]  都比我們厲害
[00:26:19.940 --> 00:26:21.940]  取代了很多人的工作
[00:26:21.940 --> 00:26:23.940]  很多人沒工作
[00:26:23.940 --> 00:26:25.940]  因為AI機器人出來了
[00:26:25.940 --> 00:26:27.940]  雖然是這樣
[00:26:27.940 --> 00:26:29.940]  很奇怪的
[00:26:29.940 --> 00:26:31.940]  我們人是這麼軟弱的
[00:26:31.940 --> 00:26:33.940]  我們仍然想透過其他方法
[00:26:33.940 --> 00:26:35.940]  透過科學 透過立法
[00:26:35.940 --> 00:26:37.940]  透過人的謀算和手段
[00:26:37.940 --> 00:26:39.940]  去解決
[00:26:39.940 --> 00:26:41.940]  我們面前的問題
[00:26:41.940 --> 00:26:43.940]  去處理危機
[00:26:43.940 --> 00:26:45.940]  可能我們出於好心
[00:26:45.940 --> 00:26:47.940]  我們想改善我們的社會狀況
[00:26:47.940 --> 00:26:49.940]  改善民生
[00:26:49.940 --> 00:26:51.940]  但當我們不去理會神的教導和啟示
[00:26:51.940 --> 00:26:53.940]  而去堅持自己的方法的時候
[00:26:53.940 --> 00:26:55.940]  我們只會令到處境
[00:26:55.940 --> 00:26:57.940]  是越來越差
[00:26:57.940 --> 00:26:59.940]  更加會自食其果
[00:26:59.940 --> 00:27:05.940]  我記得我們幫President
[00:27:05.940 --> 00:27:07.940]  叩堂的時候
[00:27:07.940 --> 00:27:09.940]  又講一下歷史
[00:27:09.940 --> 00:27:11.940]  有些人知道 有些人不知道
[00:27:11.940 --> 00:27:13.940]  有人
[00:27:13.940 --> 00:27:15.940]  就是想用人的方法
[00:27:15.940 --> 00:27:17.940]  要教會向銀行貸款
[00:27:17.940 --> 00:27:21.940]  在這間 另一間不行
[00:27:21.940 --> 00:27:23.940]  我一聽到的時候
[00:27:23.940 --> 00:27:25.940]  有些問題 覺得這個不太妥當
[00:27:25.940 --> 00:27:29.940]  後來經過一段時間 更加發覺
[00:27:29.940 --> 00:27:31.940]  這個人滿口謊言
[00:27:31.940 --> 00:27:37.940]  我越知一多的時候
[00:27:37.940 --> 00:27:39.940]  就越能夠肯定
[00:27:39.940 --> 00:27:41.940]  這個買賣的過程
[00:27:41.940 --> 00:27:43.940]  不是出於神的計劃和安排
[00:27:45.940 --> 00:27:47.940]  其實這個抉擇也很重要
[00:27:47.940 --> 00:27:49.940]  因為我們已經付了訂金
[00:27:49.940 --> 00:27:51.940]  但是我覺得
[00:27:51.940 --> 00:27:53.940]  如果這個不是神祝福的一個過程
[00:27:53.940 --> 00:27:55.940]  因為我們用人的手段
[00:27:55.940 --> 00:27:57.940]  而且是充滿了謊言
[00:27:57.940 --> 00:27:59.940]  要這樣這樣這樣做
[00:27:59.940 --> 00:28:01.940]  我覺得不行
[00:28:01.940 --> 00:28:03.940]  神不會祝福這個工作
[00:28:03.940 --> 00:28:05.940]  所以那時候
[00:28:05.940 --> 00:28:07.940]  天賦恩典 給我有勇氣
[00:28:07.940 --> 00:28:09.940]  立刻叫停
[00:28:09.940 --> 00:28:11.940]  當然那時候Trustee
[00:28:11.940 --> 00:28:13.940]  我們教會的領袖是同意的
[00:28:13.940 --> 00:28:15.940]  但是立刻叫停
[00:28:15.940 --> 00:28:17.940]  取消了那個買賣
[00:28:17.940 --> 00:28:21.940]  結果就
[00:28:21.940 --> 00:28:23.940]  這個人就在攻擊教會
[00:28:23.940 --> 00:28:25.940]  說了很多話
[00:28:25.940 --> 00:28:27.940]  不過我要感謝債務署
[00:28:27.940 --> 00:28:29.940]  如果你記得的話
[00:28:29.940 --> 00:28:31.940]  九個月之後
[00:28:31.940 --> 00:28:33.940]  雖然我叫停了那個工作
[00:28:33.940 --> 00:28:35.940]  細節我不說
[00:28:35.940 --> 00:28:37.940]  我們為President Funtime
[00:28:37.940 --> 00:28:39.940]  買了現在他們用的地方
[00:28:39.940 --> 00:28:41.940]  這個地方
[00:28:41.940 --> 00:28:43.940]  買的那個差不多大一倍
[00:28:43.940 --> 00:28:47.940]  所以弟兄姊妹
[00:28:47.940 --> 00:28:49.940]  司機告訴我們
[00:28:49.940 --> 00:28:51.940]  唯有神
[00:28:51.940 --> 00:28:53.940]  知道他為我們安排的
[00:28:53.940 --> 00:28:55.940]  那個計劃
[00:28:55.940 --> 00:28:57.940]  不是災難
[00:28:57.940 --> 00:28:59.940]  有時候你覺得是一個災難
[00:28:59.940 --> 00:29:01.940]  怎麼辦怎麼辦
[00:29:01.940 --> 00:29:03.940]  當你面對這樣的危機的時候
[00:29:03.940 --> 00:29:05.940]  你發覺你不知道怎樣處理
[00:29:05.940 --> 00:29:07.940]  但是原來
[00:29:07.940 --> 00:29:09.940]  我們願意活在神的心意
[00:29:09.940 --> 00:29:11.940]  神的計劃裡面的時候
[00:29:11.940 --> 00:29:13.940]  神說我為你所定的計劃不是災難
[00:29:13.940 --> 00:29:15.940]  乃是繁榮
[00:29:15.940 --> 00:29:17.940]  使我們有光明的前程
[00:29:17.940 --> 00:29:21.940]  這就是神
[00:29:21.940 --> 00:29:23.940]  透過耶利米先知
[00:29:23.940 --> 00:29:25.940]  給我們的提醒
[00:29:25.940 --> 00:29:27.940]  阿哈斯
[00:29:27.940 --> 00:29:29.940]  扮權盛
[00:29:29.940 --> 00:29:31.940]  不聽神透過
[00:29:31.940 --> 00:29:33.940]  以昌雅和他所說的話
[00:29:33.940 --> 00:29:35.940]  於是神說
[00:29:35.940 --> 00:29:37.940]  你不要?好
[00:29:37.940 --> 00:29:39.940]  我自己給你一個兆頭
[00:29:39.940 --> 00:29:41.940]  這個兆頭是什麼
[00:29:41.940 --> 00:29:43.940]  剛才說過一次
[00:29:43.940 --> 00:29:45.940]  必有同女為人生子
[00:29:45.940 --> 00:29:47.940]  他的名字叫爾瑪萊尼
[00:29:47.940 --> 00:29:49.940]  我要告訴你其實我與你同在
[00:29:49.940 --> 00:29:51.940]  不過你選擇不要
[00:29:51.940 --> 00:29:53.940]  我本來給的應許是
[00:29:53.940 --> 00:29:55.940]  我要與你同在
[00:29:55.940 --> 00:29:57.940]  不過你選擇不要
[00:29:57.940 --> 00:29:59.940]  我要證明
[00:29:59.940 --> 00:30:01.940]  你不聽我的話你自己是虧了
[00:30:01.940 --> 00:30:03.940]  弟兄姊妹夠膽幫助我們
[00:30:05.940 --> 00:30:07.940]  我們要信得過神的應許
[00:30:07.940 --> 00:30:09.940]  信得過神的吩咐
[00:30:09.940 --> 00:30:11.940]  信得過聖經的教導
[00:30:11.940 --> 00:30:15.940]  為什麼我剛才這樣說
[00:30:15.940 --> 00:30:17.940]  原來同女為人生子
[00:30:17.940 --> 00:30:19.940]  這個以昌雅先知的預言
[00:30:19.940 --> 00:30:21.940]  我們看到那裡就停了
[00:30:21.940 --> 00:30:23.940]  沒有看下半部
[00:30:23.940 --> 00:30:25.940]  以昌雅先知的預言
[00:30:25.940 --> 00:30:27.940]  不只是預言這個同女為人生子
[00:30:27.940 --> 00:30:29.940]  就停在那裡
[00:30:29.940 --> 00:30:31.940]  有下半部
[00:30:31.940 --> 00:30:33.940]  下半部是說什麼
[00:30:33.940 --> 00:30:35.940]  這個小孩出生之後
[00:30:35.940 --> 00:30:37.940]  當他能夠分別是非長大成人
[00:30:37.940 --> 00:30:39.940]  猶太人我跟大家說過
[00:30:39.940 --> 00:30:41.940]  多少歲當成人
[00:30:41.940 --> 00:30:43.940]  12歲
[00:30:43.940 --> 00:30:45.940]  所以那時候瑪利亞
[00:30:45.940 --> 00:30:47.940]  可能13歲
[00:30:47.940 --> 00:30:49.940]  13歲就可以嫁人
[00:30:49.940 --> 00:30:51.940]  通常13歲訂婚
[00:30:51.940 --> 00:30:53.940]  過一兩年嫁人
[00:30:53.940 --> 00:30:55.940]  猶太人那時候很小就結婚
[00:30:55.940 --> 00:30:57.940]  因為12歲當成人
[00:30:57.940 --> 00:30:59.940]  這個小孩
[00:30:59.940 --> 00:31:01.940]  在成年之前
[00:31:01.940 --> 00:31:03.940]  那兩個
[00:31:03.940 --> 00:31:05.940]  聯手要攻擊的國家
[00:31:05.940 --> 00:31:07.940]  必會滅亡
[00:31:07.940 --> 00:31:09.940]  他們的島地會被荒廢
[00:31:09.940 --> 00:31:11.940]  而你因為你不相信我
[00:31:11.940 --> 00:31:13.940]  你不聽我的說話
[00:31:13.940 --> 00:31:15.940]  你也會受到我的責罰
[00:31:15.940 --> 00:31:17.940]  你會受到災難
[00:31:17.940 --> 00:31:19.940]  不單是你
[00:31:19.940 --> 00:31:21.940]  你的家人和你的國民
[00:31:21.940 --> 00:31:23.940]  都會受到我的責罰
[00:31:23.940 --> 00:31:25.940]  這個責罰是你
[00:31:25.940 --> 00:31:27.940]  從這個分裂出來之後
[00:31:27.940 --> 00:31:29.940]  從來沒有經歷過
[00:31:29.940 --> 00:31:31.940]  我要讓你知道
[00:31:31.940 --> 00:31:33.940]  你要敬畏我和相信我
[00:31:33.940 --> 00:31:35.940]  這個就是下半部
[00:31:35.940 --> 00:31:37.940]  以賽亞仙之語言
[00:31:37.940 --> 00:31:39.940]  有沒有應驗
[00:31:39.940 --> 00:31:41.940]  應驗完了
[00:31:41.940 --> 00:31:43.940]  12年之後
[00:31:43.940 --> 00:31:45.940]  12年裡面
[00:31:45.940 --> 00:31:47.940]  這兩個國家都沒有了
[00:31:47.940 --> 00:31:49.940]  而這個亞哈斯王
[00:31:49.940 --> 00:31:51.940]  結果被亞述
[00:31:51.940 --> 00:31:53.940]  想聯手那個
[00:31:53.940 --> 00:31:55.940]  去攻擊他
[00:31:55.940 --> 00:31:57.940]  亞述後來被波斯滅了
[00:31:57.940 --> 00:31:59.940]  接著被巴比倫也滅了
[00:31:59.940 --> 00:32:03.940]  很簡單的歷史
[00:32:03.940 --> 00:32:05.940]  不過我想大家留意
[00:32:05.940 --> 00:32:07.940]  什麼呢
[00:32:07.940 --> 00:32:09.940]  當賽亞向亞述王
[00:32:09.940 --> 00:32:11.940]  發出這個語言的時候
[00:32:11.940 --> 00:32:13.940]  他是怎麼說的
[00:32:13.940 --> 00:32:15.940]  當他責備亞述王的時候
[00:32:15.940 --> 00:32:17.940]  大衛加亞
[00:32:17.940 --> 00:32:19.940]  很奇怪
[00:32:19.940 --> 00:32:21.940]  這個是亞述王不聽他的說話
[00:32:21.940 --> 00:32:27.940]  但是這個以賽亞
[00:32:27.940 --> 00:32:29.940]  神感動他
[00:32:29.940 --> 00:32:31.940]  聖經記載什麼
[00:32:31.940 --> 00:32:33.940]  大衛加亞
[00:32:33.940 --> 00:32:35.940]  你要聽
[00:32:35.940 --> 00:32:37.940]  就不只是說給亞述王聽
[00:32:37.940 --> 00:32:39.940]  以賽亞這個語言
[00:32:39.940 --> 00:32:41.940]  本來像我剛才說的
[00:32:41.940 --> 00:32:43.940]  只是應該和亞述王說
[00:32:43.940 --> 00:32:45.940]  但原來神直著
[00:32:45.940 --> 00:32:47.940]  以賽亞仙子說這個語言的時候
[00:32:47.940 --> 00:32:49.940]  不只是說給亞述王聽
[00:32:49.940 --> 00:32:51.940]  是說給所有大衛的子孫聽
[00:32:51.940 --> 00:32:53.940]  大衛加亞
[00:32:53.940 --> 00:32:55.940]  以賽亞不知道
[00:32:55.940 --> 00:32:57.940]  神是直著這個語言
[00:32:57.940 --> 00:32:59.940]  是有雙重的意義
[00:32:59.940 --> 00:33:01.940]  當神的選民
[00:33:01.940 --> 00:33:03.940]  以色列人
[00:33:03.940 --> 00:33:05.940]  多次多方不聽神的說話
[00:33:05.940 --> 00:33:07.940]  不聽神的教導
[00:33:07.940 --> 00:33:09.940]  不聽神的吩咐
[00:33:09.940 --> 00:33:11.940]  結果剛才說過
[00:33:11.940 --> 00:33:13.940]  大衛的王國一分為二
[00:33:13.940 --> 00:33:15.940]  後來北國
[00:33:15.940 --> 00:33:17.940]  以色列在公元前722年
[00:33:17.940 --> 00:33:19.940]  被亞述所滅
[00:33:19.940 --> 00:33:21.940]  而南國
[00:33:21.940 --> 00:33:23.940]  猶大後來被
[00:33:23.940 --> 00:33:25.940]  巴比倫所滅
[00:33:25.940 --> 00:33:27.940]  而他的國民
[00:33:27.940 --> 00:33:29.940]  猶太人
[00:33:29.940 --> 00:33:31.940]  被分散到全世界每個國落
[00:33:31.940 --> 00:33:33.940]  裡面去
[00:33:33.940 --> 00:33:35.940]  但神給大衛子孫
[00:33:35.940 --> 00:33:37.940]  大衛加英什麼
[00:33:37.940 --> 00:33:39.940]  我要與你同在
[00:33:39.940 --> 00:33:41.940]  雖然你不聽話
[00:33:41.940 --> 00:33:43.940]  OK
[00:33:43.940 --> 00:33:45.940]  所以這個語言
[00:33:45.940 --> 00:33:47.940]  這個應許
[00:33:47.940 --> 00:33:49.940]  是神給所有大衛的子孫
[00:33:49.940 --> 00:33:51.940]  必有同類
[00:33:51.940 --> 00:33:53.940]  為人生子
[00:33:53.940 --> 00:33:55.940]  他的名叫爾瑪諾利
[00:33:55.940 --> 00:33:57.940]  我要與你同在
[00:33:57.940 --> 00:33:59.940]  弟兄姊妹
[00:33:59.940 --> 00:34:01.940]  我不知道我當中有沒有誤導朋友
[00:34:01.940 --> 00:34:03.940]  信耶穌
[00:34:03.940 --> 00:34:05.940]  在世界上
[00:34:05.940 --> 00:34:07.940]  從來沒有聽過
[00:34:07.940 --> 00:34:09.940]  有一個國家
[00:34:09.940 --> 00:34:11.940]  被滅亡了2535年
[00:34:11.940 --> 00:34:13.940]  被滅亡了2535年
[00:34:13.940 --> 00:34:15.940]  猶太國
[00:34:15.940 --> 00:34:17.940]  586年公元前被滅亡
[00:34:17.940 --> 00:34:19.940]  到1949年
[00:34:19.940 --> 00:34:21.940]  復國
[00:34:21.940 --> 00:34:25.940]  這是歷史的神蹟
[00:34:25.940 --> 00:34:27.940]  有沒有聽過任何的國家民族
[00:34:27.940 --> 00:34:29.940]  被滅亡了2535年
[00:34:29.940 --> 00:34:31.940]  之後竟然能夠復國
[00:34:31.940 --> 00:34:35.940]  這是應驗了神的應許
[00:34:35.940 --> 00:34:37.940]  我要與你同在
[00:34:37.940 --> 00:34:39.940]  雖然你不聽話
[00:34:39.940 --> 00:34:41.940]  不過你是我的國民
[00:34:41.940 --> 00:34:43.940]  以創一個預言
[00:34:43.940 --> 00:34:45.940]  在基督耶穌誕生的時候
[00:34:45.940 --> 00:34:47.940]  第二次的應驗
[00:34:47.940 --> 00:34:49.940]  而這個預言
[00:34:49.940 --> 00:34:51.940]  並不是只是告訴
[00:34:51.940 --> 00:34:53.940]  大衛的子孫聽
[00:34:53.940 --> 00:34:55.940]  而是告訴
[00:34:55.940 --> 00:34:57.940]  所有神的兒女
[00:34:57.940 --> 00:34:59.940]  天國的子民
[00:34:59.940 --> 00:35:01.940]  要向呼音
[00:35:01.940 --> 00:35:03.940]  怎樣說呢
[00:35:03.940 --> 00:35:05.940]  太初有道
[00:35:05.940 --> 00:35:07.940]  道與神同在
[00:35:07.940 --> 00:35:09.940]  道就是神
[00:35:09.940 --> 00:35:11.940]  道成了肉身
[00:35:11.940 --> 00:35:13.940]  住在我們中間
[00:35:13.940 --> 00:35:15.940]  十二字說什麼
[00:35:15.940 --> 00:35:17.940]  凡接待他的
[00:35:17.940 --> 00:35:19.940]  就算順他名的人
[00:35:19.940 --> 00:35:21.940]  我又自他權柄
[00:35:21.940 --> 00:35:23.940]  做神的兒女
[00:35:23.940 --> 00:35:25.940]  不知道我們當中
[00:35:25.940 --> 00:35:27.940]  有沒有朋友在
[00:35:27.940 --> 00:35:29.940]  我真的希望有你聽到
[00:35:29.940 --> 00:35:31.940]  如果有我希望你知道
[00:35:31.940 --> 00:35:33.940]  神是很想你相信他的說話
[00:35:33.940 --> 00:35:35.940]  被神領養
[00:35:35.940 --> 00:35:37.940]  作為神的子女
[00:35:37.940 --> 00:35:39.940]  做神的兒女
[00:35:39.940 --> 00:35:41.940]  天國的公民
[00:35:41.940 --> 00:35:43.940]  神為了要你相信
[00:35:43.940 --> 00:35:45.940]  於是給你一個笑頭
[00:35:45.940 --> 00:35:47.940]  同女懷孕生子
[00:35:47.940 --> 00:35:49.940]  瑪利亞
[00:35:49.940 --> 00:35:51.940]  一個同女懷孕生子
[00:35:51.940 --> 00:35:53.940]  我要告訴你知道
[00:35:53.940 --> 00:35:55.940]  我是會與你同在
[00:35:55.940 --> 00:35:57.940]  只要你成為我的子女
[00:35:57.940 --> 00:35:59.940]  這個是神與我們同在的意思
[00:35:59.940 --> 00:36:01.940]  神與我們同在
[00:36:01.940 --> 00:36:03.940]  但是今天
[00:36:03.940 --> 00:36:05.940]  所有信耶穌的人
[00:36:05.940 --> 00:36:07.940]  所以我們今天
[00:36:07.940 --> 00:36:09.940]  每一個說自己是基督徒的人
[00:36:09.940 --> 00:36:11.940]  都可以為耶穌做見證
[00:36:11.940 --> 00:36:13.940]  我們的見證就是說
[00:36:13.940 --> 00:36:15.940]  我們都經歷到神與我們同在
[00:36:15.940 --> 00:36:17.940]  這個應許的實現
[00:36:17.940 --> 00:36:19.940]  如果你真的信耶穌的話
[00:36:19.940 --> 00:36:21.940]  有沒有經歷過神與我們同在
[00:36:21.940 --> 00:36:23.940]  有沒有經歷過神給你們的祝福
[00:36:23.940 --> 00:36:25.940]  神在逆境當中
[00:36:25.940 --> 00:36:27.940]  不單單是幫助我們
[00:36:27.940 --> 00:36:29.940]  保守我們
[00:36:29.940 --> 00:36:31.940]  幫助我們面對和解決問題
[00:36:31.940 --> 00:36:33.940]  有智慧處理任何的挑戰
[00:36:33.940 --> 00:36:35.940]  當我們順境的時候
[00:36:35.940 --> 00:36:37.940]  神又讓我們歡喜快樂
[00:36:37.940 --> 00:36:39.940]  所以舞蹈的朋友
[00:36:39.940 --> 00:36:41.940]  我告訴你
[00:36:41.940 --> 00:36:43.940]  我希望你今天能夠做一個抉擇
[00:36:43.940 --> 00:36:45.940]  一個抉擇是我們要選擇
[00:36:45.940 --> 00:36:47.940]  接受聖經給我們的啟示
[00:36:47.940 --> 00:36:49.940]  接受
[00:36:49.940 --> 00:36:51.940]  以賽亞仙之義
[00:36:51.940 --> 00:36:53.940]  這個預言已經是應驗
[00:36:53.940 --> 00:36:55.940]  不要像亞斯王一樣
[00:36:55.940 --> 00:36:57.940]  選擇用自己的方法
[00:36:57.940 --> 00:36:59.940]  希望能夠自救
[00:36:59.940 --> 00:37:01.940]  希望能夠解決問題
[00:37:01.940 --> 00:37:03.940]  No, you cannot do that
[00:37:03.940 --> 00:37:07.940]  我希望你今天能夠決絕信主
[00:37:07.940 --> 00:37:09.940]  諸多兄弟姐妹
[00:37:09.940 --> 00:37:11.940]  我們信耶穌
[00:37:11.940 --> 00:37:13.940]  我們信主
[00:37:13.940 --> 00:37:15.940]  我們是基督徒
[00:37:15.940 --> 00:37:17.940]  但是我也說過很多次
[00:37:17.940 --> 00:37:19.940]  不等於我們沒有災難
[00:37:19.940 --> 00:37:21.940]  不等於我們沒有危險
[00:37:21.940 --> 00:37:23.940]  不等於我們沒有挑戰
[00:37:23.940 --> 00:37:25.940]  但是當我們去嘗試想方法
[00:37:25.940 --> 00:37:27.940]  去面對這些問題
[00:37:27.940 --> 00:37:29.940]  解決這些危機的時候
[00:37:29.940 --> 00:37:31.940]  我們有沒有先去想一想
[00:37:31.940 --> 00:37:33.940]  我們這個想法
[00:37:33.940 --> 00:37:35.940]  我們這個做法
[00:37:35.940 --> 00:37:37.940]  我們這個謀算
[00:37:37.940 --> 00:37:39.940]  能不能夠通過聖經教導
[00:37:39.940 --> 00:37:41.940]  那個量尺
[00:37:41.940 --> 00:37:43.940]  如果通不過
[00:37:43.940 --> 00:37:45.940]  不要做
[00:37:45.940 --> 00:37:47.940]  這是人的方法
[00:37:47.940 --> 00:37:49.940]  當一個求神的我們聽到
[00:37:49.940 --> 00:37:51.940]  這個是神要我們做的
[00:37:51.940 --> 00:37:53.940]  當我們要
[00:37:53.940 --> 00:37:55.940]  做神要我們做的事的時候
[00:37:55.940 --> 00:37:57.940]  一定有難處的
[00:37:57.940 --> 00:37:59.940]  因為魔鬼有很多攻擊
[00:37:59.940 --> 00:38:01.940]  但是我們要信得過
[00:38:01.940 --> 00:38:03.940]  好像弱勢一樣
[00:38:03.940 --> 00:38:05.940]  不怕被人誤會
[00:38:05.940 --> 00:38:07.940]  不怕被人取笑
[00:38:07.940 --> 00:38:09.940]  仍然按著神的感動
[00:38:09.940 --> 00:38:11.940]  神的帶領
[00:38:11.940 --> 00:38:13.940]  聖經的指示去做
[00:38:13.940 --> 00:38:15.940]  而當我們這樣做的時候
[00:38:15.940 --> 00:38:17.940]  我們見到神的祝福
[00:38:17.940 --> 00:38:19.940]  我沒有時間再說第三點
[00:38:19.940 --> 00:38:21.940]  遲些再說
[00:38:21.940 --> 00:38:23.940]  不過在結束的時間
[00:38:23.940 --> 00:38:25.940]  我希望大家
[00:38:25.940 --> 00:38:27.940]  在身上
[00:38:27.940 --> 00:38:29.940]  學有對神
[00:38:29.940 --> 00:38:31.940]  那種敬畏
[00:38:31.940 --> 00:38:33.940]  和信服的心
[00:38:33.940 --> 00:38:35.940]  因為當我們能夠
[00:38:35.940 --> 00:38:37.940]  好像弱勢一樣跟隨上帝
[00:38:37.940 --> 00:38:39.940]  聽從神的話的時候
[00:38:39.940 --> 00:38:41.940]  我們能夠見到
[00:38:41.940 --> 00:38:43.940]  神的應許不但祝福弱勢
[00:38:43.940 --> 00:38:45.940]  現在祝福
[00:38:45.940 --> 00:38:47.940]  整個世界
[00:38:47.940 --> 00:38:49.940]  弱勢是一個很安靜的人
[00:38:49.940 --> 00:38:51.940]  我看完聖經
[00:38:51.940 --> 00:38:53.940]  找不到弱勢說過任何一句話
[00:38:53.940 --> 00:38:55.940]  沒有說話
[00:38:55.940 --> 00:38:57.940]  不知道是不是宅男
[00:38:57.940 --> 00:38:59.940]  沒有說過任何一句話
[00:38:59.940 --> 00:39:01.940]  但是他所表現的
[00:39:01.940 --> 00:39:03.940]  那種肅靈的品格
[00:39:03.940 --> 00:39:05.940]  他對神的那種信心
[00:39:05.940 --> 00:39:07.940]  他行神話語
[00:39:07.940 --> 00:39:09.940]  那種的勇氣
[00:39:09.940 --> 00:39:11.940]  是很值得今天
[00:39:11.940 --> 00:39:13.940]  你和我們去學習
[00:39:13.940 --> 00:39:15.940]  我們不要被世界影響
[00:39:15.940 --> 00:39:17.940]  我們不自覺地
[00:39:17.940 --> 00:39:19.940]  今天的世界是說什麼
[00:39:19.940 --> 00:39:21.940]  個人主義 功利主義
[00:39:21.940 --> 00:39:23.940]  所以我們會首先從自己的利益著想
[00:39:23.940 --> 00:39:25.940]  最低限度不要吃虧
[00:39:25.940 --> 00:39:27.940]  我們是不是這樣想的
[00:39:27.940 --> 00:39:29.940]  應該的
[00:39:29.940 --> 00:39:31.940]  是不是真的應該
[00:39:31.940 --> 00:39:33.940]  我們是不是要先考慮保護自己
[00:39:33.940 --> 00:39:35.940]  應該保護自己
[00:39:35.940 --> 00:39:37.940]  不要讓自己受傷
[00:39:37.940 --> 00:39:39.940]  沒有把握的事
[00:39:39.940 --> 00:39:41.940]  不要做
[00:39:41.940 --> 00:39:43.940]  如果做的時候
[00:39:43.940 --> 00:39:45.940]  有多少把握會成功
[00:39:45.940 --> 00:39:47.940]  這些我們都是這樣想的
[00:39:47.940 --> 00:39:49.940]  這些是世俗人
[00:39:49.940 --> 00:39:51.940]  經常會用的方法
[00:39:51.940 --> 00:39:53.940]  或者想法
[00:39:53.940 --> 00:39:55.940]  我們不是不可以這樣想
[00:39:55.940 --> 00:39:57.940]  可以的
[00:39:57.940 --> 00:39:59.940]  但是記住我剛才所說
[00:39:59.940 --> 00:40:01.940]  我們這樣想
[00:40:01.940 --> 00:40:03.940]  在這個處境當中
[00:40:03.940 --> 00:40:05.940]  能不能夠過得到
[00:40:05.940 --> 00:40:07.940]  聖經的那個量尺
[00:40:07.940 --> 00:40:09.940]  神的那個啟示
[00:40:09.940 --> 00:40:11.940]  給我們那個標準
[00:40:11.940 --> 00:40:13.940]  如果你超乎那樣東西的話
[00:40:13.940 --> 00:40:17.940]  我們就不要做了
[00:40:17.940 --> 00:40:19.940]  沒時間多說了
[00:40:19.940 --> 00:40:21.940]  不過求神憐憫恩待
[00:40:21.940 --> 00:40:23.940]  我們弟兄姊妹
[00:40:23.940 --> 00:40:25.940]  在聖誕節剛剛開始
[00:40:25.940 --> 00:40:27.940]  家裏佈置好了沒有
[00:40:27.940 --> 00:40:29.940]  我已經佈置好了
[00:40:29.940 --> 00:40:31.940]  也有很多世俗的東西在這裏
[00:40:31.940 --> 00:40:33.940]  不好意思 也有聖誕老人的東西在這裏
[00:40:33.940 --> 00:40:35.940]  師妹喜歡五顏六色
[00:40:35.940 --> 00:40:39.940]  What's in your heart
[00:40:39.940 --> 00:40:41.940]  是最重要的
[00:40:41.940 --> 00:40:43.940]  你的心想什麼
[00:40:43.940 --> 00:40:45.940]  我們怎樣能夠過一個
[00:40:45.940 --> 00:40:47.940]  榮耀上帝
[00:40:47.940 --> 00:40:49.940]  使基督開心的聖誕
[00:40:49.940 --> 00:40:51.940]  我們可以為神做些什麼
[00:40:51.940 --> 00:40:53.940]  在聖誕裏面
[00:40:53.940 --> 00:40:55.940]  除了你可以繼續享受派對
[00:40:55.940 --> 00:40:57.940]  可以繼續享受和家人一起
[00:40:57.940 --> 00:40:59.940]  可以繼續買禮物給孫子
[00:40:59.940 --> 00:41:01.940]  我講我自己
[00:41:01.940 --> 00:41:05.940]  但是怎樣能夠讓你這個聖誕不一樣
[00:41:05.940 --> 00:41:09.940]  做些神喜歡你做的事
[00:41:09.940 --> 00:41:13.940]  我們一起祈禱
[00:41:13.940 --> 00:41:15.940]  天父上帝我感謝你
[00:41:15.940 --> 00:41:17.940]  天父我要感謝你
[00:41:17.940 --> 00:41:19.940]  因為你對我們真的很好
[00:41:19.940 --> 00:41:23.940]  人家在幹部的時候
[00:41:23.940 --> 00:41:25.940]  這個聖誕的來臨
[00:41:25.940 --> 00:41:29.940]  讓我們不要只是如常
[00:41:29.940 --> 00:41:31.940]  每年如舊地
[00:41:31.940 --> 00:41:33.940]  這樣去慶祝
[00:41:33.940 --> 00:41:35.940]  求你一靈光照我們
[00:41:35.940 --> 00:41:37.940]  能夠在聖誕當中
[00:41:37.940 --> 00:41:39.940]  學習怎樣做一個土里喜悅的子女
[00:41:39.940 --> 00:41:41.940]  因為原來
[00:41:41.940 --> 00:41:43.940]  聖誕的應許都是給我們的
[00:41:43.940 --> 00:41:45.940]  對大衛家
[00:41:45.940 --> 00:41:47.940]  對所有成為神子女的人
[00:41:47.940 --> 00:41:49.940]  你都有應許說
[00:41:49.940 --> 00:41:51.940]  我要與你們同在
[00:41:51.940 --> 00:41:53.940]  這是多麼大的
[00:41:53.940 --> 00:41:55.940]  祝福和恩典
[00:41:55.940 --> 00:41:57.940]  感謝、讚美你
[00:41:57.940 --> 00:41:59.940]  憐憫我們、幫助我們
[00:41:59.940 --> 00:42:01.940]  過一個土里喜悅的人生
[00:42:01.940 --> 00:42:03.940]  奉耶穌基督的聖名
