
[00:00:00.000 --> 00:00:01.200]  各位弟兄姊妹 早晨
[00:00:01.200 --> 00:00:03.200]  網上的弟兄姊妹 大家好
[00:00:03.200 --> 00:00:08.200]  在這裡我們再次預備心思去聆聽主的說話
[00:00:08.200 --> 00:00:13.200]  我覺得今天這一段的聖經也成為一個很好的經文
[00:00:13.200 --> 00:00:17.200]  讓我們在年終的時候做一個很好的反思
[00:00:17.200 --> 00:00:20.200]  讓我們一起再次同心低頭禱告
[00:00:20.200 --> 00:00:23.200]  仰望主愛神救聖靈的大靈
[00:00:25.200 --> 00:00:29.200]  父神多謝祢讓我們能夠再次回到祢的根前
[00:00:29.200 --> 00:00:31.200]  一同去仰望
[00:00:31.200 --> 00:00:33.200]  也能夠在祢的啟示當中
[00:00:33.200 --> 00:00:37.200]  找緊我們當走的路是應該怎樣去走
[00:00:37.200 --> 00:00:41.200]  而不是所行的是我們自己個人的私慾
[00:00:41.200 --> 00:00:44.200]  也不是我們個人自己的喜好
[00:00:44.200 --> 00:00:48.200]  因為祈求主祢讓我們走的是一條理所喜悅的道路
[00:00:48.200 --> 00:00:50.200]  求祢的幫助大靈
[00:00:50.200 --> 00:00:55.200]  讓我們今天不單止我們去在最後的今年
[00:00:55.200 --> 00:00:59.200]  2025年的崇拜裡面的最後一課
[00:00:59.200 --> 00:01:04.200]  能夠去嘗試去反思一年我們所經歷的事情
[00:01:04.200 --> 00:01:08.200]  但更加好好的預備我們去迎接新的一年
[00:01:08.200 --> 00:01:12.200]  在2026年的當中成為主理的清兵
[00:01:12.200 --> 00:01:17.200]  在這個世界裡面見證出一個信神的人
[00:01:17.200 --> 00:01:23.200]  那種的生命力屬神子民應有的生命的基礎
[00:01:23.200 --> 00:01:27.200]  讓我們去再一次懇求祢的聖靈大靈
[00:01:27.200 --> 00:01:29.200]  我們的同心禱告
[00:01:29.200 --> 00:01:32.200]  奉靠主耶穌基督得勝的名字而求
[00:01:32.200 --> 00:01:33.200]  阿們
[00:01:33.200 --> 00:01:41.200]  今天我們會去看但以理書的第十一章的第十一至二十節
[00:01:41.200 --> 00:01:43.200]  在這段經文裡面
[00:01:43.200 --> 00:01:45.200]  基本上我們可以這樣說
[00:01:45.200 --> 00:01:49.200]  但以理所面對的世界
[00:01:49.200 --> 00:01:52.200]  或者他在這個異象的啟示當中
[00:01:52.200 --> 00:01:57.200]  其實是一些他沒有辦法去將會去參與的事情
[00:01:57.200 --> 00:01:59.200]  或者可以這樣說
[00:01:59.200 --> 00:02:02.200]  天使加百列向他的啟示
[00:02:02.200 --> 00:02:07.200]  只不過是一個未來也都沒有他份去參與的世界
[00:02:07.200 --> 00:02:10.200]  但是在過程的當中
[00:02:10.200 --> 00:02:13.200]  他也都可以去明白到一件事
[00:02:13.200 --> 00:02:17.200]  就是猶太人落得如此下場
[00:02:17.200 --> 00:02:20.200]  也都是我們先前所看到的
[00:02:20.200 --> 00:02:23.200]  被擄這七十年
[00:02:23.200 --> 00:02:27.200]  過去之後他們開始可以回歸
[00:02:27.200 --> 00:02:31.200]  原因的核心問題在哪裡
[00:02:31.200 --> 00:02:34.200]  就是因為神的子民的靈性
[00:02:34.200 --> 00:02:39.200]  越來越像一些不信主的人的生命一樣
[00:02:39.200 --> 00:02:45.200]  於是乎在這個歷史的發展的過程裡面
[00:02:45.200 --> 00:02:48.200]  再浮再沉的過程當中
[00:02:48.200 --> 00:02:53.200]  完全活不出有神子民當有的生命力
[00:02:53.200 --> 00:02:55.200]  像了這個世界的人
[00:02:55.200 --> 00:02:58.200]  這一連串的問題
[00:02:58.200 --> 00:03:01.200]  很自然就在但以理的心上面
[00:03:01.200 --> 00:03:05.200]  或者他腦海裡面去反思
[00:03:05.200 --> 00:03:09.200]  但也都同時間當今天我們去讀到這段經文的時候
[00:03:09.200 --> 00:03:11.200]  也都給我們看見
[00:03:11.200 --> 00:03:14.200]  我們作為今天的教會
[00:03:14.200 --> 00:03:16.200]  神所設立的教會
[00:03:16.200 --> 00:03:20.200]  藉著主耶穌基督所成就的得救的人
[00:03:20.200 --> 00:03:22.200]  所聚埋的這個人群
[00:03:22.200 --> 00:03:26.200]  這個人群又是不是真的有能力在這個時代裡面
[00:03:26.200 --> 00:03:30.200]  去為上主耶穌基督和上帝的啟示
[00:03:30.200 --> 00:03:34.200]  而去作出一個有力的見證呢
[00:03:34.200 --> 00:03:36.200]  反而我看見越來越
[00:03:36.200 --> 00:03:40.200]  這幾年之間開始越來越無能
[00:03:40.200 --> 00:03:42.200]  不敢講其他的教會
[00:03:42.200 --> 00:03:46.200]  我只是這樣講我們自己福音浸信會聯會
[00:03:46.200 --> 00:03:50.200]  我們堅守了七十幾八十年的神學
[00:03:50.200 --> 00:03:55.200]  堅持上帝那個創造的結構
[00:03:55.200 --> 00:03:57.200]  但在今年
[00:03:57.200 --> 00:04:02.200]  終於給一班的教會的建議
[00:04:02.200 --> 00:04:04.200]  就是要將它更改
[00:04:04.200 --> 00:04:06.200]  這種更改是什麼呢
[00:04:06.200 --> 00:04:11.200]  就是說要將教會裡面的教穆
[00:04:11.200 --> 00:04:15.200]  要將女性也都歸入成為牧師
[00:04:15.200 --> 00:04:17.200]  這個牧職的職份裡面
[00:04:17.200 --> 00:04:20.200]  這個爭議其實很多年了
[00:04:20.200 --> 00:04:22.200]  其實也都反反覆覆
[00:04:22.200 --> 00:04:25.200]  在過去我做牧者三十多年的裡面
[00:04:25.200 --> 00:04:28.200]  已經參與過無數次這些討論
[00:04:28.200 --> 00:04:32.200]  但隨著年老的一代漸漸過去
[00:04:32.200 --> 00:04:34.200]  他們明白真理
[00:04:34.200 --> 00:04:36.200]  知道聖經的基礎在哪裡
[00:04:36.200 --> 00:04:38.200]  上帝為什麼這麼的設計
[00:04:38.200 --> 00:04:43.200]  為什麼要教會以男性為一個領導的角色
[00:04:43.200 --> 00:04:47.200]  而今時今日新的一代已經是漸漸淡忘
[00:04:47.200 --> 00:04:51.200]  他們看到的只不過是世界的喜好
[00:04:51.200 --> 00:04:55.200]  女性喜歡做牧師
[00:04:55.200 --> 00:04:58.200]  那就封了他們做牧師有什麼問題
[00:04:58.200 --> 00:05:01.200]  世界潮流就是這樣
[00:05:01.200 --> 00:05:03.200]  在這種狀態之下
[00:05:03.200 --> 00:05:08.200]  讓我們的浸信會聯會產生了很大的掙扎
[00:05:08.200 --> 00:05:11.200]  而且在裡面也都有不少的爭論
[00:05:11.200 --> 00:05:15.200]  我們最近因為教會的伺服器壞了
[00:05:15.200 --> 00:05:16.200]  電郵也沒了
[00:05:16.200 --> 00:05:21.200]  我們現在可以嘗試恢復一部分的電郵
[00:05:21.200 --> 00:05:24.200]  不恢復就不知道原來有一個討論
[00:05:24.200 --> 00:05:27.200]  原來我失去了連結
[00:05:27.200 --> 00:05:32.200]  裡面有三百多個電郵連續討論同一件事
[00:05:32.200 --> 00:05:37.200]  導致有一批的牧者在上面說粗口
[00:05:37.200 --> 00:05:40.200]  當然你們一般信徒不會知道牧者很神聖
[00:05:40.200 --> 00:05:42.200]  但是他們說粗口
[00:05:42.200 --> 00:05:44.200]  到一個這樣的地步
[00:05:44.200 --> 00:05:47.200]  我自己覺得已經不是一個神學的討論
[00:05:47.200 --> 00:05:49.200]  而是一種意氣之爭
[00:05:49.200 --> 00:05:51.200]  為什麼會有這樣的現象
[00:05:51.200 --> 00:05:57.200]  可以怪的就是今天的教會越來越似世界
[00:05:57.200 --> 00:05:59.200]  而我們也可以這樣說
[00:05:59.200 --> 00:06:01.200]  最推動這種觀念的
[00:06:01.200 --> 00:06:04.200]  其中的表表者可以說是
[00:06:04.200 --> 00:06:07.200]  我們所熟悉的所謂Vic Warren
[00:06:07.200 --> 00:06:10.200]  在他一本書裡面叫做《使命教會》
[00:06:10.200 --> 00:06:12.200]  Purpose Driven Church 裡面
[00:06:12.200 --> 00:06:16.200]  他甚至要教會的信徒的未來的發展
[00:06:16.200 --> 00:06:18.200]  要隨著世界的潮流
[00:06:18.200 --> 00:06:22.200]  在潮流的海浪上面去滑翔
[00:06:22.200 --> 00:06:24.200]  結局我們看見今天的教會
[00:06:24.200 --> 00:06:31.200]  每一間主張所謂purpose driven的思維的教會
[00:06:31.200 --> 00:06:32.200]  他們發展真是一滑
[00:06:32.200 --> 00:06:35.200]  不過是向下一滑千丈
[00:06:35.200 --> 00:06:37.200]  當我們看見今天的教會
[00:06:37.200 --> 00:06:41.200]  隨著越來越不像上帝的啟示
[00:06:41.200 --> 00:06:46.200]  神子們應有的表現來活著的時候
[00:06:46.200 --> 00:06:48.200]  甚至教會也不全說
[00:06:48.200 --> 00:06:53.200]  一個怎樣當作上帝子民的應有的教導的時候
[00:06:53.200 --> 00:06:55.200]  我們看見教會的墮落
[00:06:55.200 --> 00:06:59.200]  罪的衍生也都非常之快地加速
[00:06:59.200 --> 00:07:02.200]  而這個也是聖經裡面的預言
[00:07:02.200 --> 00:07:07.200]  讓我們看見當世界連教會都爛到一個地步
[00:07:07.200 --> 00:07:09.200]  可以無可再爛的時候
[00:07:09.200 --> 00:07:12.200]  就是世界完結的日子
[00:07:12.200 --> 00:07:16.200]  有位姊妹在聖誕節的時候
[00:07:16.200 --> 00:07:18.200]  跟我去傾談的時候
[00:07:18.200 --> 00:07:19.200]  她分享一件事
[00:07:19.200 --> 00:07:23.200]  她說牧師我媽媽在一間安老院
[00:07:23.200 --> 00:07:25.200]  也是基督教的安老院裡面住
[00:07:25.200 --> 00:07:27.200]  但是你猜也猜不到
[00:07:27.200 --> 00:07:31.200]  基督教的安老院裡面播的聖誕歌不是聖詩
[00:07:31.200 --> 00:07:34.200]  而是播一首流行歌曲叫Last Christmas
[00:07:34.200 --> 00:07:38.200]  當然我明白這首歌原本是什麼意思
[00:07:38.200 --> 00:07:40.200]  原本的Last Christmas的意思
[00:07:40.200 --> 00:07:44.200]  但是我說如果這個真的是Last Christmas的話
[00:07:44.200 --> 00:07:47.200]  這班人就應該怕到腳軟
[00:07:47.200 --> 00:07:52.200]  今天如果剛剛那個真的是Last Christmas
[00:07:52.200 --> 00:07:54.200]  The very last Christmas
[00:07:54.200 --> 00:07:56.200]  最後的聖誕的話
[00:07:56.200 --> 00:07:59.200]  弟兄姊妹你會不會很擔心
[00:07:59.200 --> 00:08:02.200]  當你去到上帝的面前
[00:08:02.200 --> 00:08:05.200]  上帝說我不認識你
[00:08:05.200 --> 00:08:09.200]  你花了一生的時間在教會搞這麼多事
[00:08:09.200 --> 00:08:10.200]  做這麼多事
[00:08:10.200 --> 00:08:13.200]  所稱為侍奉的東西
[00:08:13.200 --> 00:08:17.200]  會不會覺得只是一流輕煙
[00:08:17.200 --> 00:08:19.200]  其實毫無意義呢
[00:08:19.200 --> 00:08:21.200]  所以今天讓我去看看這段聖經
[00:08:21.200 --> 00:08:23.200]  這段聖經我給了一個標題
[00:08:23.200 --> 00:08:28.200]  它叫做在歷史的浪潮中浮沉
[00:08:28.200 --> 00:08:32.200]  Ride in the waves of history
[00:08:32.200 --> 00:08:36.200]  不是叫我們怎樣去參與越來越似這個世界
[00:08:36.200 --> 00:08:38.200]  而是讓我們去看看我們作為信徒
[00:08:38.200 --> 00:08:40.200]  在這個世界的裏面
[00:08:40.200 --> 00:08:46.200]  上帝要我們當作如何的見證
[00:08:46.200 --> 00:08:48.200]  和應當怎樣而活
[00:08:48.200 --> 00:08:52.200]  讓我再次打開《但義理書》第十一章
[00:08:52.200 --> 00:08:55.200]  第十一至到第二十節
[00:08:55.200 --> 00:08:59.200]  和和合本的那個分段是很不同的
[00:08:59.200 --> 00:09:04.200]  因為我照《愚民聖經》那個翻譯的時候
[00:09:04.200 --> 00:09:07.200]  那個段落去看的
[00:09:07.200 --> 00:09:09.200]  對不起
[00:09:09.200 --> 00:09:11.200]  因為我全部要找《愚民聖經》翻譯
[00:09:11.200 --> 00:09:13.200]  我所有識經到
[00:09:13.200 --> 00:09:15.200]  所以請大家留意了
[00:09:15.200 --> 00:09:17.200]  可能和大家有些出入
[00:09:17.200 --> 00:09:19.200]  但是或許這個出入
[00:09:19.200 --> 00:09:21.200]  應該對我們不大影響的
[00:09:21.200 --> 00:09:23.200]  讓我們一起去再次打開第十一章
[00:09:23.200 --> 00:09:25.200]  第十一節
[00:09:25.200 --> 00:09:27.200]  至到去第二十節
[00:09:27.200 --> 00:09:29.200]  讓我們一起讀一下這段經文好不好
[00:09:29.200 --> 00:09:32.200]  好,找到之後我們一起讀了
[00:09:32.200 --> 00:09:39.200]  南方王必發烈怒,出來與北方王爭戰
[00:09:39.200 --> 00:09:45.200]  擺烈大軍,北方王的軍兵必交付他手
[00:09:45.200 --> 00:09:50.200]  他的重軍高傲,他的心也必自高
[00:09:50.200 --> 00:09:55.200]  他雖使萬人撲倒,卻不得常勝
[00:09:55.200 --> 00:09:59.200]  北方王必回來擺烈大軍
[00:09:59.200 --> 00:10:02.200]  比先前的更多
[00:10:02.200 --> 00:10:04.200]  滿了所定的年數
[00:10:04.200 --> 00:10:09.200]  他必率領大軍,帶極多的軍裝來
[00:10:09.200 --> 00:10:14.200]  那時必有許多人起來攻擊南方王
[00:10:14.200 --> 00:10:18.200]  並且你本國的強暴人必興起
[00:10:18.200 --> 00:10:23.200]  要應驗那異象,他們卻要敗亡
[00:10:23.200 --> 00:10:29.200]  北方王必來捉女,攻取堅固城
[00:10:29.200 --> 00:10:32.200]  南方的軍兵必站立不住
[00:10:32.200 --> 00:10:36.200]  就是選擇的精兵也無力站住
[00:10:36.200 --> 00:10:40.200]  來攻擊他的,必任意而行
[00:10:40.200 --> 00:10:44.200]  無人在北方王面前站立得住
[00:10:44.200 --> 00:10:49.200]  他必站在那榮美之地,用手施行毀滅
[00:10:49.200 --> 00:10:53.200]  他必定意用全國之力而來
[00:10:53.200 --> 00:10:57.200]  立公正的約,照約而行
[00:10:57.200 --> 00:11:01.200]  將自己的女兒及南方王為妻
[00:11:01.200 --> 00:11:05.200]  想要敗壞他,這計卻不得成就
[00:11:05.200 --> 00:11:08.200]  與自己毫無益處
[00:11:08.200 --> 00:11:12.200]  其後他必轉回奪取了許多海島
[00:11:12.200 --> 00:11:18.200]  但有一大歲,除掉他令人受的羞辱
[00:11:18.200 --> 00:11:22.200]  並且使這羞辱歸他本身
[00:11:22.200 --> 00:11:26.200]  他就必轉向本地的保障
[00:11:26.200 --> 00:11:30.200]  他要半跌撲倒,歸於無有
[00:11:30.200 --> 00:11:34.200]  那時必有一人興起接續他為王
[00:11:34.200 --> 00:11:40.200]  使橫徵暴殮的人,通行國中的榮美地
[00:11:40.200 --> 00:11:43.200]  這王不多日,就必滅亡
[00:11:43.200 --> 00:11:47.200]  卻不因憤怒,也不因爭戰
[00:11:47.200 --> 00:11:51.200]  在未講這聖經內容前,我再次提提大家
[00:11:51.200 --> 00:11:59.200]  在解釋達爾利書時,我採用了一個所謂彈性的釋經原則
[00:11:59.200 --> 00:12:02.200]  就是除非聖經很直接指導
[00:12:02.200 --> 00:12:06.200]  裏面的內容指動哪一個王在歷史裏面
[00:12:06.200 --> 00:12:11.200]  否則的話,我們不需要將這段聖經
[00:12:11.200 --> 00:12:15.200]  去對應歷史,指歷史裏面講甚麼
[00:12:15.200 --> 00:12:19.200]  當然,有歷史發展的背景,我可以一會兒講給大家知
[00:12:19.200 --> 00:12:26.200]  但解釋不是維繫於聖經預言將來歷史怎樣發生的事
[00:12:26.200 --> 00:12:28.200]  真是出現,這不是主旨
[00:12:28.200 --> 00:12:32.200]  因為這樣很容易我會錯過這聖經的主旨
[00:12:32.200 --> 00:12:37.200]  這種彈性的釋經方式,其實最主要的目的就是
[00:12:37.200 --> 00:12:43.200]  當聖經沒有直接指到某一個歷史的系數
[00:12:43.200 --> 00:12:47.200]  或者當中的名文是指哪一個人物的時候
[00:12:47.200 --> 00:12:51.200]  我們盡量避免去將它套入
[00:12:51.200 --> 00:12:53.200]  但是從這樣的做法的時候
[00:12:53.200 --> 00:12:57.200]  我們就能夠更看到那個想講的核心意義是甚麼
[00:12:57.200 --> 00:13:00.200]  在今天所看的這段聖經,全部有歷史背景
[00:13:00.200 --> 00:13:04.200]  全部有歷史的發展的根據
[00:13:04.200 --> 00:13:10.200]  但是對於達爾利的理解,這段聖經是完全磨不著頭腦的
[00:13:10.200 --> 00:13:14.200]  因為根本上這段聖經所講的發生的事情
[00:13:14.200 --> 00:13:20.200]  已經是在主前二百多年的時間所發生的事
[00:13:20.200 --> 00:13:24.200]  達爾利早在主前六百年的時候
[00:13:24.200 --> 00:13:26.200]  應該是五百多年的時候
[00:13:26.200 --> 00:13:28.200]  就已經過身死了
[00:13:28.200 --> 00:13:31.200]  所以所講的東西對於達爾利來講
[00:13:31.200 --> 00:13:34.200]  不是去預言事情將會怎樣發生
[00:13:34.200 --> 00:13:38.200]  對於我們來看,我們只不過是有一個福氣
[00:13:38.200 --> 00:13:41.200]  讓我們可以看得準一點
[00:13:41.200 --> 00:13:43.200]  因為我們連歷史都看了
[00:13:43.200 --> 00:13:45.200]  但是那個核心想講甚麼呢?
[00:13:45.200 --> 00:13:52.200]  這個就是我們今天想主要去看這段經文的處理手法
[00:13:52.200 --> 00:13:56.200]  第一部份我們會去看第十一至第十三節
[00:13:56.200 --> 00:14:03.200]  在這裡我們看見一個憑軍事及資源作為威懾的時代
[00:14:03.200 --> 00:14:06.200]  其實這點很像我們今天這個世界
[00:14:06.200 --> 00:14:08.200]  如果大家仔細去看一下
[00:14:08.200 --> 00:14:14.200]  自從今年我們南方那個友好的國家
[00:14:14.200 --> 00:14:19.200]  其實你可以看見它所做的每一件事
[00:14:19.200 --> 00:14:26.200]  是否真是為公義,為挽回基督教,挽回傳統去做呢?
[00:14:26.200 --> 00:14:30.200]  我覺得那個只不過是一個信貶
[00:14:30.200 --> 00:14:34.200]  它真正的目的其實是想得到各方面的資源
[00:14:34.200 --> 00:14:38.200]  去鞏固它自己的國家每日墮落的趨向
[00:14:38.200 --> 00:14:41.200]  從這段聖經裡面我們就看見
[00:14:41.200 --> 00:14:44.200]  從十一至十三節當中
[00:14:44.200 --> 00:14:51.200]  就是清清楚楚一個怎樣的一場為徵戰資源
[00:14:51.200 --> 00:14:57.200]  而去放下軍事行動的一連串的陳述
[00:14:57.200 --> 00:15:01.200]  當我們去回顧但以理書
[00:15:01.200 --> 00:15:05.200]  這一大部份的儀仗基本上從第八章開始
[00:15:05.200 --> 00:15:07.200]  但是在第十章裡面
[00:15:07.200 --> 00:15:11.200]  加伯尼很清楚十章一節講到
[00:15:11.200 --> 00:15:14.200]  他所連串的儀仗啟示
[00:15:14.200 --> 00:15:20.200]  是為了一場非常艱難的增戰的場面而要作出的
[00:15:20.200 --> 00:15:22.200]  所以我們已經看到
[00:15:22.200 --> 00:15:25.200]  但以理其實上帝要讓大家知道
[00:15:25.200 --> 00:15:32.200]  以色列民不只是祈求可以回歸自己的故土建立自己的國家
[00:15:32.200 --> 00:15:37.200]  或者讓他們可以再次在耶路撒冷圍爐取暖
[00:15:37.200 --> 00:15:40.200]  大家happy敬拜一下上帝
[00:15:40.200 --> 00:15:45.200]  而是真真正正要進入一個在這個歷史的場合裡面
[00:15:45.200 --> 00:15:49.200]  信徒怎樣或者神的子民怎樣在這個世界裡面的增戰
[00:15:49.200 --> 00:15:54.200]  這一點對於今天我們教會是一個很重要的反思
[00:15:54.200 --> 00:16:00.200]  今天的教會很多信徒只是著重於怎樣將教會塑造或者建造成為一個
[00:16:00.200 --> 00:16:02.200]  大家在這個群體裡面
[00:16:02.200 --> 00:16:07.200]  那個宗教開開心心的一個活動場所
[00:16:07.200 --> 00:16:11.200]  藉此就以為已經是做了上帝的見證
[00:16:11.200 --> 00:16:14.200]  但真正的見證的場所不是在教會裡面
[00:16:14.200 --> 00:16:18.200]  真正的見證是在外面教會的以外
[00:16:18.200 --> 00:16:20.200]  在你平日的生活當中
[00:16:20.200 --> 00:16:24.200]  從這段聖經裡面講了一連串的問題
[00:16:24.200 --> 00:16:26.200]  一開始講南方的王
[00:16:26.200 --> 00:16:28.200]  南方的王是指什麼呢?
[00:16:28.200 --> 00:16:31.200]  對於但以尼尼計根本不需要知道
[00:16:31.200 --> 00:16:33.200]  因為他都不知道是誰
[00:16:33.200 --> 00:16:36.200]  對於我們來計就有個福氣
[00:16:36.200 --> 00:16:40.200]  因為我們知道南方的王其實就是指
[00:16:40.200 --> 00:16:46.200]  當亞歷山大這個帝國分裂了之後
[00:16:46.200 --> 00:16:50.200]  四大將軍分裂了不同的地區
[00:16:50.200 --> 00:16:53.200]  東邊的我們不講了
[00:16:53.200 --> 00:16:58.200]  主要關乎巴勒斯坦地的只是南方和北方兩個王
[00:16:58.200 --> 00:17:06.200]  這兩個王他們長期都是一個戰爭敵對的狀態
[00:17:06.200 --> 00:17:10.200]  如果大家回到第十一章第十節裡面
[00:17:10.200 --> 00:17:16.200]  第十一章第十節已經講了北方的王走來去動干戈
[00:17:16.200 --> 00:17:20.200]  來去挑釁南方的王
[00:17:20.200 --> 00:17:24.200]  南方的王也都不會執輸
[00:17:24.200 --> 00:17:26.200]  為什麼呢?
[00:17:26.200 --> 00:17:30.200]  因為他成為了埃及的帝國
[00:17:30.200 --> 00:17:34.200]  他自己的承接者或者繼承者
[00:17:34.200 --> 00:17:39.200]  他不能夠看自己弱過北方
[00:17:39.200 --> 00:17:43.200]  即是他之前的同事
[00:17:43.200 --> 00:17:46.200]  大家都是將軍
[00:17:46.200 --> 00:17:48.200]  於是乎怎樣呢?
[00:17:48.200 --> 00:17:51.200]  聖經說你撩起我把火
[00:17:51.200 --> 00:17:54.200]  你不仁我更加不義
[00:17:54.200 --> 00:17:59.200]  所以第十一節就講到南方的王必發烈怒
[00:17:59.200 --> 00:18:03.200]  出來與北方的王爭戰就是這個原因
[00:18:03.200 --> 00:18:06.200]  這個從我們自己的理解裡面
[00:18:06.200 --> 00:18:11.200]  我們就會明白到歷史的發展軌跡
[00:18:11.200 --> 00:18:15.200]  的而且確是好像聖經的預言那樣講了
[00:18:15.200 --> 00:18:19.200]  但對於達爾你最關心的是什麼呢?
[00:18:19.200 --> 00:18:22.200]  是不是這些王這些世界在打仗
[00:18:22.200 --> 00:18:24.200]  我就不需要理他呢?
[00:18:24.200 --> 00:18:27.200]  我只是理以色列民可以回歸到以色列地
[00:18:27.200 --> 00:18:32.200]  重建自己的國家或者聖殿就算數呢?
[00:18:32.200 --> 00:18:39.200]  這個思想和今天很多極權國家
[00:18:39.200 --> 00:18:43.200]  或者專權國家生活的人的想法很相似
[00:18:43.200 --> 00:18:46.200]  我們不要搞政治
[00:18:46.200 --> 00:18:48.200]  我們不要想政治
[00:18:48.200 --> 00:18:51.200]  政治沒有意思的同學
[00:18:51.200 --> 00:18:54.200]  我不參與我就不會受政治影響
[00:18:54.200 --> 00:18:58.200]  對不起在這個世界你不搞政治
[00:18:58.200 --> 00:19:00.200]  政治會來找你的
[00:19:00.200 --> 00:19:05.200]  同樣道理南方的王要與北方的王打仗
[00:19:05.200 --> 00:19:11.200]  他們一定涉及的就是要穿越巴勒斯坦地
[00:19:11.200 --> 00:19:14.200]  你說牧師他們可以走水路的
[00:19:14.200 --> 00:19:15.200]  是沒錯
[00:19:15.200 --> 00:19:17.200]  北方的王很厲害的
[00:19:17.200 --> 00:19:20.200]  有戰船隊伍的
[00:19:20.200 --> 00:19:23.200]  但是他們都要補給的
[00:19:23.200 --> 00:19:32.200]  從馬其頓、希臘進到南方的埃及地
[00:19:32.200 --> 00:19:34.200]  你就算沿海走
[00:19:34.200 --> 00:19:38.200]  你都要經過巴勒斯坦的海岸
[00:19:38.200 --> 00:19:41.200]  於是乎我們在之後會看見
[00:19:41.200 --> 00:19:43.200]  在這些戰爭裡面
[00:19:43.200 --> 00:19:50.200]  北方的王甚至要在巴勒斯坦地去建造他們的軍港
[00:19:50.200 --> 00:19:54.200]  在這樣的情況之下
[00:19:54.200 --> 00:19:57.200]  你不搞政治,政治會來搞你
[00:19:57.200 --> 00:20:01.200]  猶太人如果只是想回歸自己的國土
[00:20:01.200 --> 00:20:04.200]  做自己的神的子民
[00:20:04.200 --> 00:20:07.200]  躲藏在巴勒斯坦地
[00:20:07.200 --> 00:20:10.200]  不建這個世界是沒有可能的
[00:20:10.200 --> 00:20:14.200]  在這個事件上面我們來看一下
[00:20:14.200 --> 00:20:19.200]  究竟他們面對著一連串什麼的狀況
[00:20:19.200 --> 00:20:21.200]  第十一節說了
[00:20:21.200 --> 00:20:24.200]  既然南方的王被北方的王挑釁的時候
[00:20:24.200 --> 00:20:28.200]  你不仁,我不義,我就擺大軍
[00:20:28.200 --> 00:20:30.200]  你動我,我就動你
[00:20:30.200 --> 00:20:32.200]  於是乎怎麼樣呢?
[00:20:32.200 --> 00:20:34.200]  留意第十二節
[00:20:34.200 --> 00:20:38.200]  他的軍隊或者重軍高傲
[00:20:38.200 --> 00:20:41.200]  他的心也必自高
[00:20:41.200 --> 00:20:45.200]  他雖使萬人撲倒,卻不嘗勝
[00:20:45.200 --> 00:20:48.200]  這個就是世界的現局
[00:20:48.200 --> 00:20:50.200]  現實
[00:20:50.200 --> 00:20:55.200]  南方的王打算反撲北方的王打仗
[00:20:55.200 --> 00:21:00.200]  甚至這裡告訴我
[00:21:00.200 --> 00:21:02.200]  上帝有個計劃
[00:21:02.200 --> 00:21:07.200]  將北方的軍隊交給南方的王的手下
[00:21:07.200 --> 00:21:10.200]  好像贏定了
[00:21:10.200 --> 00:21:16.200]  但上帝讓我們看見這個世界沒有永遠長盛
[00:21:16.200 --> 00:21:22.200]  這個時局,我們在看我們現在這個世界是不是一模一樣
[00:21:22.200 --> 00:21:27.200]  哪個國家和哪個國家在打仗
[00:21:27.200 --> 00:21:30.200]  哪個國家和哪個國家在搞貿易戰
[00:21:30.200 --> 00:21:34.200]  今天是你的朋友,明天是我的敵人
[00:21:34.200 --> 00:21:37.200]  今天是我的盟友,明天是我的仇家
[00:21:37.200 --> 00:21:42.200]  這個就是這樣的現實
[00:21:42.200 --> 00:21:46.200]  你不會全贏
[00:21:46.200 --> 00:21:50.200]  不過這個世界就被你這樣摧毀
[00:21:50.200 --> 00:21:57.200]  北方的王於是乎因為你不能夠一定長盛的時候
[00:21:57.200 --> 00:21:59.200]  於是乎會再來打過
[00:21:59.200 --> 00:22:03.200]  所以北方的王我們所說的
[00:22:03.200 --> 00:22:06.200]  多次南征
[00:22:06.200 --> 00:22:09.200]  這個在歷史上有記載的
[00:22:09.200 --> 00:22:13.200]  詳細我不說了,因為說些名字會很混亂
[00:22:13.200 --> 00:22:16.200]  聖經也只是說北方的王,南方的王
[00:22:16.200 --> 00:22:18.200]  你只需要記住他們經常打架
[00:22:18.200 --> 00:22:20.200]  經常打仗
[00:22:20.200 --> 00:22:25.200]  打來打去,打足夠日子的時候
[00:22:25.200 --> 00:22:26.200]  所以第十三節說
[00:22:26.200 --> 00:22:29.200]  他們越打越大
[00:22:29.200 --> 00:22:31.200]  滿了鎖定的日子
[00:22:31.200 --> 00:22:34.200]  他們大家就一起來打過
[00:22:34.200 --> 00:22:35.200]  越打越多
[00:22:35.200 --> 00:22:38.200]  所以第十三節說得非常清楚
[00:22:38.200 --> 00:22:40.200]  不單止年數越打越多
[00:22:40.200 --> 00:22:43.200]  他們的軍隊也都越來越多
[00:22:43.200 --> 00:22:47.200]  大家互相去武裝對方
[00:22:47.200 --> 00:22:50.200]  他們武裝做什麼呢?
[00:22:50.200 --> 00:22:55.200]  打仗有個特色,不只是派人去打
[00:22:55.200 --> 00:22:59.200]  是要掠奪對方的資源
[00:22:59.200 --> 00:23:01.200]  所以去到不同的地方
[00:23:01.200 --> 00:23:04.200]  他們就需要在那個地方掠取那個地方
[00:23:04.200 --> 00:23:07.200]  甚至在那個地方去建造堡壘
[00:23:07.200 --> 00:23:09.200]  後面第十五節就會有說到
[00:23:09.200 --> 00:23:11.200]  他們在不同的地方建造堡壘
[00:23:11.200 --> 00:23:13.200]  不過來到這段聖經裡面
[00:23:13.200 --> 00:23:16.200]  我們首先看見的就是
[00:23:16.200 --> 00:23:19.200]  這個是世界的現象
[00:23:19.200 --> 00:23:23.200]  任牧師,我又不是讀political science
[00:23:23.200 --> 00:23:26.200]  我又不是國會議員
[00:23:26.200 --> 00:23:29.200]  我不需要經常走過對面的黨
[00:23:29.200 --> 00:23:30.200]  cross the floor
[00:23:30.200 --> 00:23:32.200]  我不需要做這些事
[00:23:32.200 --> 00:23:34.200]  你說這麼多做什麼
[00:23:34.200 --> 00:23:37.200]  說這麼多給他做什麼
[00:23:37.200 --> 00:23:39.200]  一樣
[00:23:39.200 --> 00:23:45.200]  是要告訴正在讀《但義理書》的人知道
[00:23:45.200 --> 00:23:49.200]  我們今天活在這個世界裡面
[00:23:49.200 --> 00:23:53.200]  是弱肉強食的世界
[00:23:53.200 --> 00:23:57.200]  國人再不是講理由的
[00:23:57.200 --> 00:24:00.200]  是講拳頭的
[00:24:00.200 --> 00:24:05.200]  所以你不要再投訴
[00:24:05.200 --> 00:24:08.200]  說牧師我在公司被人冤枉
[00:24:08.200 --> 00:24:10.200]  我老闆又怎樣糟蹋我
[00:24:10.200 --> 00:24:12.200]  我同事跟我同級的
[00:24:12.200 --> 00:24:15.200]  他怎樣給一些陷阱我踩
[00:24:15.200 --> 00:24:17.200]  你不需要再講這些
[00:24:17.200 --> 00:24:20.200]  因為這個已經是命定的現象
[00:24:20.200 --> 00:24:26.200]  我年輕的時候在香港工作的時候
[00:24:26.200 --> 00:24:29.200]  我一生人都沒試過被人陷過
[00:24:29.200 --> 00:24:31.200]  被人陷了一局
[00:24:31.200 --> 00:24:34.200]  還要在我last day那天陷我
[00:24:34.200 --> 00:24:37.200]  我真是一生都記得
[00:24:37.200 --> 00:24:39.200]  我都last day了
[00:24:39.200 --> 00:24:40.200]  在那間公司
[00:24:40.200 --> 00:24:42.200]  你還陷我做什麼
[00:24:42.200 --> 00:24:43.200]  有什麼好處
[00:24:43.200 --> 00:24:46.200]  你不知道原來他陷了你
[00:24:46.200 --> 00:24:49.200]  代表他有一種權威在你身上
[00:24:49.200 --> 00:24:51.200]  人就是這麼愚蠢
[00:24:51.200 --> 00:24:57.200]  他有時傷害你未必是為了什麼利益
[00:24:57.200 --> 00:25:01.200]  不過那種自我滿足已經足夠他去傷害你
[00:25:01.200 --> 00:25:04.200]  在這樣的世界裡面
[00:25:04.200 --> 00:25:07.200]  我們做基督徒
[00:25:07.200 --> 00:25:11.200]  做神的子民
[00:25:11.200 --> 00:25:13.200]  是不是就用回這一套
[00:25:13.200 --> 00:25:17.200]  你不仁我不義
[00:25:17.200 --> 00:25:25.200]  如果你是用你不仁我不義這套觀念
[00:25:25.200 --> 00:25:29.200]  一意圖觀念在這個世界而活的話
[00:25:29.200 --> 00:25:32.200]  那我可以告訴你
[00:25:32.200 --> 00:25:37.200]  你和這個世界不信主的人有什麼分別呢
[00:25:37.200 --> 00:25:41.200]  這就是但以你明白的問題
[00:25:41.200 --> 00:25:44.200]  當你讀到這些經文的時候
[00:25:44.200 --> 00:25:46.200]  我們經常說牧師我不知道歷史講什麼
[00:25:46.200 --> 00:25:49.200]  不如跳了他都不要講
[00:25:49.200 --> 00:25:51.200]  他根本就不是講歷史
[00:25:51.200 --> 00:25:54.200]  他想講的這一點
[00:25:54.200 --> 00:25:59.200]  你是不是和這個世界的人一模一樣
[00:25:59.200 --> 00:26:02.200]  做好人在這個世界不會跟著
[00:26:02.200 --> 00:26:04.200]  你做好人我又做好人
[00:26:04.200 --> 00:26:06.200]  你有沒有留意
[00:26:06.200 --> 00:26:11.200]  你做壞人我一定跟你做壞人
[00:26:11.200 --> 00:26:13.200]  因為有傷害
[00:26:13.200 --> 00:26:16.200]  不抵得
[00:26:16.200 --> 00:26:18.200]  你做了壞事可以有好處
[00:26:18.200 --> 00:26:21.200]  為什麼我不做得
[00:26:21.200 --> 00:26:25.200]  一件事給大家聽我最近看新聞
[00:26:25.200 --> 00:26:30.200]  你知不知道加拿大的一毫子
[00:26:30.200 --> 00:26:33.200]  俗稱叫time
[00:26:33.200 --> 00:26:41.200]  和很多國家那些一毫子的size和重量是一樣
[00:26:41.200 --> 00:26:44.200]  於是乎
[00:26:44.200 --> 00:26:46.200]  你猜都猜不到
[00:26:46.200 --> 00:26:49.200]  有些人不知道去非洲哪個國家
[00:26:49.200 --> 00:26:52.200]  買非洲國家那裡的一毫子
[00:26:52.200 --> 00:26:57.200]  那裡的一毫子就等於加拿大的零點零點零點零點零點零點一
[00:26:57.200 --> 00:27:00.200]  這麼上下的價值
[00:27:00.200 --> 00:27:04.200]  他就用半個五毫子賣給你
[00:27:04.200 --> 00:27:12.200]  然後就給你用來在那些自動售賣機那裡使用
[00:27:12.200 --> 00:27:15.200]  你就賺了一半
[00:27:15.200 --> 00:27:17.200]  他賺了很多
[00:27:17.200 --> 00:27:19.200]  不過你賺一半
[00:27:19.200 --> 00:27:21.200]  你見到人家這樣做
[00:27:21.200 --> 00:27:26.200]  那我是不是又這樣做呢
[00:27:26.200 --> 00:27:28.200]  如果你不這樣做的
[00:27:28.200 --> 00:27:31.200]  如果你因為做基督徒你不這樣做的時候
[00:27:31.200 --> 00:27:34.200]  可能有些人說你真是蠢
[00:27:34.200 --> 00:27:41.200]  你抵不抵得住這些試探人又被人說你蠢呢
[00:27:41.200 --> 00:27:44.200]  這些非洲國家很多信徒的
[00:27:44.200 --> 00:27:46.200]  尤其是那些信徒
[00:27:46.200 --> 00:27:49.200]  經常在非洲國家回來的時候
[00:27:49.200 --> 00:27:52.200]  拿著那堆瑞銀
[00:27:52.200 --> 00:27:55.200]  用不用好呢
[00:27:55.200 --> 00:27:58.200]  是不是很吸引呢
[00:27:58.200 --> 00:28:00.200]  所以弟兄姊妹
[00:28:00.200 --> 00:28:03.200]  在這段聖經裡面最重要告訴我們
[00:28:03.200 --> 00:28:09.200]  神的子民的生存規則和原則是什麼
[00:28:09.200 --> 00:28:12.200]  見到這些東西
[00:28:12.200 --> 00:28:15.200]  我們是不是跟著去走呢
[00:28:15.200 --> 00:28:18.200]  隨著這個世界的歷史在浮下沉下
[00:28:18.200 --> 00:28:20.200]  他這樣做我就這樣做
[00:28:20.200 --> 00:28:21.200]  他不做我就不做
[00:28:21.200 --> 00:28:23.200]  拉到我就收手
[00:28:23.200 --> 00:28:26.200]  是不是這樣呢
[00:28:26.200 --> 00:28:30.200]  好像加拿大可以種大麻的自由
[00:28:30.200 --> 00:28:32.200]  知不知道
[00:28:32.200 --> 00:28:35.200]  你自己家裡都可以種大麻的
[00:28:35.200 --> 00:28:40.200]  不知道五棵還是十棵就可以自用
[00:28:40.200 --> 00:28:45.200]  那你做基督徒是不是還可以種幾棵呢
[00:28:45.200 --> 00:28:48.200]  我見過有個基督徒家裡種大麻的
[00:28:48.200 --> 00:28:50.200]  我說你種了這些東西
[00:28:50.200 --> 00:28:55.200]  我說沒有啊,看一看而已,這葉子多漂亮
[00:28:55.200 --> 00:29:03.200]  我不吃的,人家要我就給他
[00:29:03.200 --> 00:29:05.200]  這些基督徒多的是啊
[00:29:05.200 --> 00:29:07.200]  一會兒我就繼續看
[00:29:07.200 --> 00:29:09.200]  是不是這樣活呢
[00:29:09.200 --> 00:29:11.200]  第二部分
[00:29:11.200 --> 00:29:13.200]  第十四節
[00:29:13.200 --> 00:29:15.200]  我們只看第十四節
[00:29:15.200 --> 00:29:17.200]  請聽我讀出
[00:29:17.200 --> 00:29:23.200]  那時必有許多人起來攻擊南方王
[00:29:23.200 --> 00:29:29.200]  並且你本國的強暴人必興起
[00:29:29.200 --> 00:29:32.200]  要應驗那異象
[00:29:32.200 --> 00:29:36.200]  他們卻要敗亡
[00:29:36.200 --> 00:29:40.200]  這句聖經
[00:29:40.200 --> 00:29:43.200]  我給了一個副題去解釋
[00:29:43.200 --> 00:29:48.200]  是不是需要等待機會行動
[00:29:48.200 --> 00:29:53.200]  就等同於侍奉神呢
[00:29:53.200 --> 00:29:57.200]  我們已經進入了一個混亂的時代
[00:29:57.200 --> 00:29:59.200]  對與錯,真與假
[00:29:59.200 --> 00:30:02.200]  合不合神心意其實已經很模糊
[00:30:02.200 --> 00:30:06.200]  但往往在這麼混亂的世界裏
[00:30:06.200 --> 00:30:09.200]  往往是機會主義者的天堂
[00:30:09.200 --> 00:30:15.200]  因為他可以在當中渾水摸魚,趁火打劫
[00:30:15.200 --> 00:30:17.200]  他為富不仁
[00:30:17.200 --> 00:30:19.200]  沒有人覺得是一個問題
[00:30:19.200 --> 00:30:21.200]  反正這個世界都這麼亂
[00:30:21.200 --> 00:30:23.200]  多過不多,少過不少
[00:30:23.200 --> 00:30:25.200]  不過多我一個而已
[00:30:25.200 --> 00:30:28.200]  這個就是這樣的世界
[00:30:28.200 --> 00:30:32.200]  而作為基督徒在這麼混亂的世界裏
[00:30:32.200 --> 00:30:38.200]  我們怎樣去活出一個基督徒的生命呢
[00:30:38.200 --> 00:30:42.200]  或者基督徒有什麼原則我們要拿得住呢
[00:30:42.200 --> 00:30:46.200]  在這裏我先講講這段歷史說些什麼
[00:30:46.200 --> 00:30:49.200]  有段歷史,這段的而且確是發生過的歷史
[00:30:49.200 --> 00:30:53.200]  當時在這個時代
[00:30:53.200 --> 00:30:57.200]  因為南北兩個國家在打仗
[00:30:57.200 --> 00:31:02.200]  特別是希臘地區,馬其頓地區的北方的王
[00:31:02.200 --> 00:31:05.200]  和南方的埃及的王
[00:31:05.200 --> 00:31:07.200]  兩個在不斷打仗
[00:31:07.200 --> 00:31:14.200]  南方的君王,他的名字叫Ptolemy V Epiphanes
[00:31:14.200 --> 00:31:18.200]  這些因為是拉丁文和希臘文
[00:31:18.200 --> 00:31:23.200]  簡單些,他本身的名字叫Ptolemy
[00:31:23.200 --> 00:31:28.200]  或者中文翻譯叫Ptolemy V
[00:31:28.200 --> 00:31:31.200]  Epiphanes是什麼意思呢
[00:31:31.200 --> 00:31:34.200]  Epiphanes就是神顯
[00:31:34.200 --> 00:31:38.200]  是一個希臘文,源自希臘文
[00:31:38.200 --> 00:31:43.200]  轉至變成拉丁文的一種希臘語言
[00:31:43.200 --> 00:31:47.200]  表現出這個人好像神一樣,顯然在你面前一樣
[00:31:47.200 --> 00:31:51.200]  的而且確這個北方的王和南方的王
[00:31:51.200 --> 00:31:54.200]  最大的分別就是南方的王
[00:31:54.200 --> 00:31:59.200]  他覺得自己好像神一樣
[00:31:59.200 --> 00:32:03.200]  於是乎他就用很多方法
[00:32:03.200 --> 00:32:10.200]  去嘗試去攻陷北方的王
[00:32:10.200 --> 00:32:14.200]  在這個過程裡面,就有一個人不服他
[00:32:14.200 --> 00:32:17.200]  往往都是這樣的,劇集都有
[00:32:17.200 --> 00:32:22.200]  當誰跟誰互相攻擊的時候
[00:32:22.200 --> 00:32:25.200]  當中當然有些人渾水摸魚
[00:32:25.200 --> 00:32:28.200]  嘗試在兩者之間游離
[00:32:28.200 --> 00:32:32.200]  希望在當中可以吃兩邊的益處
[00:32:32.200 --> 00:32:35.200]  所以有很多人在聖經講
[00:32:35.200 --> 00:32:40.200]  有很多人在當中互相謀取利益
[00:32:40.200 --> 00:32:44.200]  見南方的王,勢不太好
[00:32:44.200 --> 00:32:47.200]  不如一起攻擊他,因為北方的王已經在前文講
[00:32:47.200 --> 00:32:50.200]  擺設大軍來攻擊
[00:32:50.200 --> 00:32:52.200]  邊邊大就吃邊邊
[00:32:52.200 --> 00:33:01.200]  好像有句俗語叫西瓜靠大邊
[00:33:01.200 --> 00:33:05.200]  邊邊大,有利我就靠那邊
[00:33:05.200 --> 00:33:07.200]  於是乎在這個時候
[00:33:07.200 --> 00:33:11.200]  就有很多人想一起攻擊南方的王
[00:33:11.200 --> 00:33:16.200]  不過請留意,這段聖經不是講這個做核心
[00:33:16.200 --> 00:33:19.200]  是跟著那句
[00:33:19.200 --> 00:33:24.200]  並且你本國的強暴人必興起
[00:33:24.200 --> 00:33:28.200]  要應驗那異象
[00:33:28.200 --> 00:33:33.200]  這番說話是誰說給誰聽
[00:33:33.200 --> 00:33:38.200]  是天使加巴列說給但以你知
[00:33:38.200 --> 00:33:45.200]  但以你要知的,你本國的人是甚麼人
[00:33:45.200 --> 00:33:48.200]  就是猶大國的子民
[00:33:48.200 --> 00:33:52.200]  就是猶大國被擄的人
[00:33:52.200 --> 00:33:57.200]  甚至猶大國一直留在巴勒斯坦地的人
[00:33:57.200 --> 00:34:03.200]  亦都是但以你非常擔心,很關懷的一群人
[00:34:03.200 --> 00:34:05.200]  猶大國子民
[00:34:05.200 --> 00:34:09.200]  這班人做甚麼
[00:34:09.200 --> 00:34:11.200]  有一批這樣的人在當中
[00:34:11.200 --> 00:34:14.200]  叫強暴人
[00:34:14.200 --> 00:34:18.200]  和合本叫強暴人
[00:34:18.200 --> 00:34:22.200]  在原文聖經裏面如果翻譯
[00:34:22.200 --> 00:34:26.200]  用中文翻譯叫暴力之子
[00:34:26.200 --> 00:34:31.200]  英文叫Sons of Violence
[00:34:31.200 --> 00:34:35.200]  我將它翻譯是甚麼意思呢
[00:34:35.200 --> 00:34:41.200]  猶大國裏面一班趁火打劫的人
[00:34:41.200 --> 00:34:45.200]  即是哪裏火足就走進去那間屋裏
[00:34:45.200 --> 00:34:47.200]  看看還有甚麼可以拿就拿
[00:34:47.200 --> 00:34:49.200]  當然燒完
[00:34:49.200 --> 00:34:51.200]  搶就搶
[00:34:51.200 --> 00:34:58.200]  猶大國的子民在但以你最關心的群眾當中
[00:34:58.200 --> 00:35:02.200]  有一批原來叫暴力之子
[00:35:02.200 --> 00:35:06.200]  這班人趁這個機會興起,崛起
[00:35:06.200 --> 00:35:09.200]  相信這段聖經所指到的
[00:35:09.200 --> 00:35:14.200]  是後來在猶太人當中有一批人士
[00:35:14.200 --> 00:35:16.200]  叫瑪加比家族
[00:35:16.200 --> 00:35:18.200]  如果大家聽過
[00:35:18.200 --> 00:35:23.200]  估計是指到這批人
[00:35:23.200 --> 00:35:30.200]  或者是他本身一直醞釀著要去做獨立的這批人士
[00:35:30.200 --> 00:35:36.200]  或者是獨立不了,剩餘的人散居在猶太地
[00:35:36.200 --> 00:35:39.200]  一直想復國又沒有能力
[00:35:39.200 --> 00:35:41.200]  唯有怎樣呢
[00:35:41.200 --> 00:35:44.200]  就趁機打家劫舍
[00:35:44.200 --> 00:35:48.200]  但他們在做甚麼呢
[00:35:48.200 --> 00:35:55.200]  聖經說「為要應驗那異象」
[00:35:55.200 --> 00:35:58.200]  這句說話就很有意思
[00:35:58.200 --> 00:36:00.200]  意思在甚麼呢
[00:36:00.200 --> 00:36:05.200]  他們以為用這種方式興起打家劫舍
[00:36:05.200 --> 00:36:09.200]  或者去打下敵人
[00:36:09.200 --> 00:36:14.200]  包括南方的王或者北方的王的軍隊
[00:36:14.200 --> 00:36:18.200]  在從中得到一些利益
[00:36:18.200 --> 00:36:28.200]  他以為是在侍奉上帝的異象的一個行動
[00:36:28.200 --> 00:36:37.200]  牧師,這是他們的事,關我們甚麼事呢
[00:36:37.200 --> 00:36:40.200]  我分享一些我信主的
[00:36:40.200 --> 00:36:44.200]  多年聽到的教會的教導給大家聽
[00:36:44.200 --> 00:36:47.200]  有沒有興趣
[00:36:47.200 --> 00:36:50.200]  為什麼在我信主初期的時候
[00:36:50.200 --> 00:36:52.200]  我經常聽不同的牧者
[00:36:52.200 --> 00:36:55.200]  其實我自己到現在都有這個習慣
[00:36:55.200 --> 00:36:57.200]  很喜歡聽不同牧者的講道
[00:36:57.200 --> 00:36:59.200]  邪的正的我都聽
[00:36:59.200 --> 00:37:01.200]  你說有哪個不好的牧師
[00:37:01.200 --> 00:37:03.200]  對了,你讓我聽聽,看他邪在哪裡
[00:37:03.200 --> 00:37:06.200]  讓我學會他邪怎樣邪
[00:37:06.200 --> 00:37:09.200]  好的,那我更加要學
[00:37:09.200 --> 00:37:11.200]  聽完聽完,很多牧者
[00:37:11.200 --> 00:37:14.200]  原來在華人教會
[00:37:14.200 --> 00:37:17.200]  特別華人教會,不是西方教會沒有
[00:37:17.200 --> 00:37:19.200]  華人教會特別多
[00:37:19.200 --> 00:37:22.200]  在華人教會有一個這樣的講法
[00:37:22.200 --> 00:37:25.200]  他說
[00:37:25.200 --> 00:37:32.200]  華人教會的成立是源自於西方教會的宣教士、傳教士
[00:37:32.200 --> 00:37:38.200]  帶著福音聖經來到中國傳道信主
[00:37:38.200 --> 00:37:41.200]  OK,沒問題,挺好的
[00:37:41.200 --> 00:37:44.200]  看到那些西方教士
[00:37:44.200 --> 00:37:46.200]  不錯
[00:37:46.200 --> 00:37:50.200]  遠道重陽,坐了一個多兩個月船
[00:37:50.200 --> 00:37:54.200]  來到,其中有一個叫戴德生
[00:37:54.200 --> 00:37:58.200]  不要說他了,我們不是說他
[00:37:58.200 --> 00:38:02.200]  不過很多時候他們來
[00:38:02.200 --> 00:38:11.200]  坐著戰艦
[00:38:11.200 --> 00:38:14.200]  因為當時來到東方
[00:38:14.200 --> 00:38:17.200]  絕大部分除了商船之外
[00:38:17.200 --> 00:38:19.200]  多數是軍艦
[00:38:19.200 --> 00:38:22.200]  為什麼要有軍艦呢
[00:38:22.200 --> 00:38:29.200]  因為那個時代是一個殖民時代
[00:38:29.200 --> 00:38:31.200]  在殖民時代的時候
[00:38:31.200 --> 00:38:36.200]  往往最多的就是軍艦
[00:38:36.200 --> 00:38:41.200]  很多西方的宣教士為了馬上盡快去到西方傳道的時候
[00:38:41.200 --> 00:38:44.200]  於是乎他們就坐著這些軍艦
[00:38:44.200 --> 00:38:47.200]  帶著西方的文化、先進的科技
[00:38:47.200 --> 00:38:50.200]  以及我們開發的民主意識
[00:38:50.200 --> 00:38:52.200]  有沒有民主是另一回事
[00:38:52.200 --> 00:38:57.200]  就帶到東方的中國
[00:38:57.200 --> 00:39:01.200]  去傳道
[00:39:01.200 --> 00:39:04.200]  所以很多人看宣教士
[00:39:04.200 --> 00:39:06.200]  基督教是一個洋教
[00:39:06.200 --> 00:39:10.200]  是來攻擊中國的
[00:39:10.200 --> 00:39:12.200]  攻擊東南亞的
[00:39:12.200 --> 00:39:15.200]  不要整天說中國受害
[00:39:15.200 --> 00:39:18.200]  東南亞有哪個國家除了泰國
[00:39:18.200 --> 00:39:22.200]  沒有被殖民過之外
[00:39:22.200 --> 00:39:26.200]  全部國家都被殖民過
[00:39:26.200 --> 00:39:28.200]  於是乎怎麼樣
[00:39:28.200 --> 00:39:32.200]  上帝為什麼容許這樣呢
[00:39:32.200 --> 00:39:40.200]  就是因為這樣就可以藉著宣教士來開化
[00:39:40.200 --> 00:39:45.200]  一班不開化的地區的國家的領袖
[00:39:45.200 --> 00:39:53.200]  當我聽到這些的時候
[00:39:53.200 --> 00:39:59.200]  我就會覺得是不是的
[00:39:59.200 --> 00:40:01.200]  接著他再說
[00:40:01.200 --> 00:40:04.200]  這些就是上帝在時代裏
[00:40:04.200 --> 00:40:08.200]  預備給我們一班當時的基督徒
[00:40:08.200 --> 00:40:16.200]  可以有機會幫助亞洲人去認識真理
[00:40:16.200 --> 00:40:23.200]  而這種做法是上帝的旨意
[00:40:23.200 --> 00:40:26.200]  不是強權
[00:40:26.200 --> 00:40:30.200]  而是上帝容許的
[00:40:30.200 --> 00:40:37.200]  用這種方法來對摧毀或者去開化
[00:40:37.200 --> 00:40:39.200]  一些不開化的國家
[00:40:39.200 --> 00:40:43.200]  特別是亞洲的國家
[00:40:43.200 --> 00:40:47.200]  所以宣教士就利用這個機會
[00:40:47.200 --> 00:40:55.200]  來順便坐軍艦進入不同國家去傳道
[00:40:55.200 --> 00:40:57.200]  大英姐妹
[00:40:57.200 --> 00:41:00.200]  他們這種說法
[00:41:00.200 --> 00:41:03.200]  基本上意思就是說
[00:41:03.200 --> 00:41:06.200]  他們用權力
[00:41:06.200 --> 00:41:09.200]  人的軍事力量
[00:41:09.200 --> 00:41:18.200]  來對並行去將好的東西帶到東方的世界
[00:41:18.200 --> 00:41:21.200]  是上帝的旨意
[00:41:21.200 --> 00:41:27.200]  上帝來幫助你和我今天可以信耶穌
[00:41:27.200 --> 00:41:28.200]  不怕這樣說
[00:41:28.200 --> 00:41:30.200]  有個宗派
[00:41:30.200 --> 00:41:32.200]  衛斯理宗派
[00:41:32.200 --> 00:41:35.200]  或者德國差會路德宗
[00:41:35.200 --> 00:41:40.200]  就很喜歡用這種說法來講
[00:41:40.200 --> 00:41:42.200]  浸信會也流行
[00:41:42.200 --> 00:41:44.200]  浸信會從哪裏來?
[00:41:44.200 --> 00:41:45.200]  英國
[00:41:45.200 --> 00:41:48.200]  接著是美國
[00:41:48.200 --> 00:41:50.200]  八國聯軍
[00:41:50.200 --> 00:41:53.200]  有哪幾個國家?
[00:41:53.200 --> 00:41:55.200]  英美德法
[00:41:55.200 --> 00:41:56.200]  二日韓
[00:41:56.200 --> 00:41:58.200]  有沒有韓國?
[00:41:58.200 --> 00:41:59.200]  沒有
[00:41:59.200 --> 00:42:01.200]  我隨便說的
[00:42:01.200 --> 00:42:03.200]  英美德法
[00:42:03.200 --> 00:42:05.200]  二日韓
[00:42:05.200 --> 00:42:07.200]  還有俄國
[00:42:07.200 --> 00:42:10.200]  美國英國
[00:42:10.200 --> 00:42:12.200]  上帝旨意
[00:42:12.200 --> 00:42:17.200]  他們帶著軍隊來開化中國
[00:42:17.200 --> 00:42:19.200]  開化東南亞
[00:42:19.200 --> 00:42:20.200]  開化印度
[00:42:20.200 --> 00:42:22.200]  開化印支半島
[00:42:22.200 --> 00:42:23.200]  開化整個世界
[00:42:23.200 --> 00:42:25.200]  使基督教可以建立
[00:42:25.200 --> 00:42:29.200]  基督教當然包括天主教
[00:42:29.200 --> 00:42:34.200]  所以有利瑪竇去澳門開教會
[00:42:34.200 --> 00:42:37.200]  記不記得這些歷史?
[00:42:37.200 --> 00:42:40.200]  他們所講的是甚麼呢?
[00:42:40.200 --> 00:42:43.200]  上帝就利用這些方式
[00:42:43.200 --> 00:42:45.200]  而宣教士就食住這條水
[00:42:45.200 --> 00:42:47.200]  乘住這個機會
[00:42:47.200 --> 00:42:49.200]  就可以能夠締造一個
[00:42:49.200 --> 00:42:53.200]  win-win position
[00:42:53.200 --> 00:42:55.200]  將上帝的說話
[00:42:55.200 --> 00:43:02.200]  又將西方文化帶到未開化的亞洲
[00:43:02.200 --> 00:43:04.200]  不過問題回來
[00:43:04.200 --> 00:43:08.200]  上帝是否真的這樣安排呢?
[00:43:08.200 --> 00:43:11.200]  還是人欲的問題
[00:43:11.200 --> 00:43:13.200]  人的意欲
[00:43:13.200 --> 00:43:15.200]  私欲
[00:43:15.200 --> 00:43:18.200]  如果讀過歷史的人就會知道
[00:43:18.200 --> 00:43:22.200]  為何有這個殖民主義時代
[00:43:22.200 --> 00:43:24.200]  colonization
[00:43:24.200 --> 00:43:26.200]  colonism
[00:43:26.200 --> 00:43:31.200]  就是因為很多國家想奪取
[00:43:31.200 --> 00:43:34.200]  其他地方的資源
[00:43:34.200 --> 00:43:37.200]  是私欲的橫行
[00:43:37.200 --> 00:43:41.200]  如果你將它說成是上帝的旨意的話
[00:43:41.200 --> 00:43:44.200]  即是上帝利用人的私欲
[00:43:44.200 --> 00:43:47.200]  來實踐上帝的傳道工作
[00:43:47.200 --> 00:43:49.200]  是不是真是上帝的意思呢?
[00:43:49.200 --> 00:43:52.200]  我第一次聽
[00:43:52.200 --> 00:43:55.200]  我覺得很不合邏輯
[00:43:55.200 --> 00:43:58.200]  上帝要用這樣的方法去傳道嗎?
[00:43:58.200 --> 00:44:00.200]  對於這樣的傳道講法
[00:44:00.200 --> 00:44:03.200]  我對於我上帝有些困難了解
[00:44:03.200 --> 00:44:04.200]  因為他是不是這樣的人
[00:44:04.200 --> 00:44:07.200]  是不是這樣的神呢?
[00:44:07.200 --> 00:44:10.200]  你聽不聽到我矛盾?
[00:44:10.200 --> 00:44:11.200]  更矛盾的是甚麼呢?
[00:44:11.200 --> 00:44:14.200]  他覺得這個做法是win-win position
[00:44:14.200 --> 00:44:16.200]  雙贏局面
[00:44:16.200 --> 00:44:18.200]  我已經講過
[00:44:18.200 --> 00:44:21.200]  傳福音信徒的生命不是win-win position
[00:44:21.200 --> 00:44:23.200]  win-lose position
[00:44:23.200 --> 00:44:25.200]  因為耶穌已經證明了給我們看
[00:44:25.200 --> 00:44:27.200]  這個世人以為賺了
[00:44:27.200 --> 00:44:29.200]  其實耶穌以為輸了
[00:44:29.200 --> 00:44:31.200]  其實是正正相反
[00:44:31.200 --> 00:44:34.200]  世人所以為賺了的其實是輸了
[00:44:34.200 --> 00:44:38.200]  耶穌輸了的反而成就了永恆的救恩
[00:44:38.200 --> 00:44:43.200]  多講一個例子給你聽
[00:44:43.200 --> 00:44:46.200]  以前我們教會是一間教會
[00:44:46.200 --> 00:44:52.200]  我們姚滬滬姊妹堂叫Centennial Community Baptist Church聚會
[00:44:52.200 --> 00:44:53.200]  一起合作
[00:44:53.200 --> 00:44:55.200]  打算在那個地方傳道
[00:44:55.200 --> 00:44:57.200]  當年最主要的原因為甚麼去呢?
[00:44:57.200 --> 00:45:00.200]  因為他們的教會處於一個華人新區裏面
[00:45:00.200 --> 00:45:04.200]  住的人大約九成都是華人
[00:45:04.200 --> 00:45:08.200]  所以他們決定想找一間教會可以合併
[00:45:08.200 --> 00:45:12.200]  或者做中國人的侍奉工作
[00:45:12.200 --> 00:45:14.200]  傳道工作
[00:45:14.200 --> 00:45:17.200]  原本做得好好的
[00:45:17.200 --> 00:45:23.200]  不過後來Centennial這間教會
[00:45:23.200 --> 00:45:25.200]  他找了我們去
[00:45:25.200 --> 00:45:27.200]  一起去聚會
[00:45:27.200 --> 00:45:29.200]  後來Centennial這間教會裏面
[00:45:29.200 --> 00:45:32.200]  發生了一些領袖層的改變
[00:45:32.200 --> 00:45:34.200]  怎樣改變呢?
[00:45:34.200 --> 00:45:36.200]  很多弟兄姊妹不知道
[00:45:36.200 --> 00:45:39.200]  不過我可以這樣講給大家知道
[00:45:39.200 --> 00:45:45.200]  原來他們教會想走那個所謂Community Church Movement
[00:45:45.200 --> 00:45:48.200]  社群教會觀念
[00:45:48.200 --> 00:45:50.200]  行不通
[00:45:50.200 --> 00:45:52.200]  因為社群教會第一樣東西
[00:45:52.200 --> 00:45:54.200]  就是一定要有很多錢銀
[00:45:54.200 --> 00:45:57.200]  打進去資源裏面
[00:45:57.200 --> 00:45:59.200]  做很多社區服務
[00:45:59.200 --> 00:46:03.200]  他們每個人都是退休人士
[00:46:03.200 --> 00:46:05.200]  於是乎呢
[00:46:05.200 --> 00:46:07.200]  有一間教會
[00:46:07.200 --> 00:46:10.200]  叫做Harvest Bible Chapel
[00:46:10.200 --> 00:46:15.200]  他就派一些人進入這間Centennial教會裏面
[00:46:15.200 --> 00:46:17.200]  做了這間教會
[00:46:17.200 --> 00:46:21.200]  其中一兩個的執事
[00:46:21.200 --> 00:46:23.200]  在有一年
[00:46:23.200 --> 00:46:27.200]  其中一個做執事的
[00:46:27.200 --> 00:46:30.200]  原來都是Centennial的會友
[00:46:30.200 --> 00:46:32.200]  不過原來他已經
[00:46:32.200 --> 00:46:37.200]  進入了這個Harvest Bible Chapel的領袖群裏面
[00:46:37.200 --> 00:46:40.200]  他又發起了一個做法
[00:46:40.200 --> 00:46:45.200]  我幫助你碎我們的教會
[00:46:45.200 --> 00:46:47.200]  將我們教會所有的主權
[00:46:47.200 --> 00:46:52.200]  擁有所有的全部給你們
[00:46:52.200 --> 00:46:54.200]  所以在突然一個主要的裏面要宣佈
[00:46:54.200 --> 00:46:57.200]  要做一個議案要合併
[00:46:57.200 --> 00:46:59.200]  不要緊你合併你的問題沒問題
[00:46:59.200 --> 00:47:02.200]  不過他接著要將所有包括我們教會
[00:47:02.200 --> 00:47:07.200]  和他們的育嬰院的侍工全部要踢走
[00:47:07.200 --> 00:47:09.200]  因為他們不喜歡
[00:47:09.200 --> 00:47:15.200]  這件事其實對於我們教會是一件大事
[00:47:15.200 --> 00:47:16.200]  不過不要緊
[00:47:16.200 --> 00:47:20.200]  我們在過程當中都轉轉折折來到這裏聚會
[00:47:20.200 --> 00:47:28.200]  後來我將這件事分享給一個教會的元老級的人
[00:47:28.200 --> 00:47:35.200]  在某一間很大型的教會做執事
[00:47:35.200 --> 00:47:38.200]  我和他分享這件事的時候
[00:47:38.200 --> 00:47:40.200]  你猜他怎樣回答我呢?
[00:47:40.200 --> 00:47:44.200]  我和他分享的時候
[00:47:44.200 --> 00:47:49.200]  他說這間受驗室是合併的教會
[00:47:49.200 --> 00:47:53.200]  但都做不到弟兄姊妹之間去商量
[00:47:53.200 --> 00:47:55.200]  去討論怎樣去合作
[00:47:55.200 --> 00:47:59.200]  他馬上要做他自己想做的事
[00:47:59.200 --> 00:48:04.200]  我說這種行為基督徒都不如
[00:48:04.200 --> 00:48:10.200]  但這位很有份量的執事他馬上回答我
[00:48:10.200 --> 00:48:13.200]  他說有什麼問題應該讚美主
[00:48:13.200 --> 00:48:16.200]  我說為什麼要讚美主?
[00:48:16.200 --> 00:48:19.200]  他說能夠有人接手做得更燦爛
[00:48:19.200 --> 00:48:22.200]  這就是上帝的旨意
[00:48:22.200 --> 00:48:27.200]  但他以不義的手段去奪取一間教會的資源
[00:48:27.200 --> 00:48:30.200]  那塊地我不敢說是建築物
[00:48:30.200 --> 00:48:33.200]  就是那塊地有兩畝
[00:48:33.200 --> 00:48:40.200]  所處的地方那兩畝地值多少錢?
[00:48:40.200 --> 00:48:45.200]  他一毫子都沒有出過就是用這種手法去奪取
[00:48:45.200 --> 00:48:50.200]  上帝資源大家均分無所謂的
[00:48:50.200 --> 00:48:52.200]  弟兄姊妹
[00:48:52.200 --> 00:48:55.200]  基督教會就有很多這樣的信徒
[00:48:55.200 --> 00:49:02.200]  做不義的事都將他扭曲成為上帝的旨意
[00:49:02.200 --> 00:49:06.200]  不是我說的,是但義理書這裡所說的
[00:49:06.200 --> 00:49:09.200]  你本國人來行強暴的時候
[00:49:09.200 --> 00:49:13.200]  趁世風日下,世界大亂的時候得到利益
[00:49:13.200 --> 00:49:16.200]  他還以為應驗了異象
[00:49:16.200 --> 00:49:19.200]  不過上帝在這裡告訴但義理聽
[00:49:19.200 --> 00:49:22.200]  如果這樣做他們卻要敗亡
[00:49:22.200 --> 00:49:26.200]  弟兄姊妹,牧師你說了一節經文說了這麼久
[00:49:26.200 --> 00:49:27.200]  做什麼?
[00:49:27.200 --> 00:49:29.200]  因為我就要告訴大家
[00:49:29.200 --> 00:49:33.200]  這些就是教會裡面那種扭曲的思維
[00:49:33.200 --> 00:49:37.200]  他以為可以用這種方法去偷雞去傳道
[00:49:37.200 --> 00:49:40.200]  藉著軍艦信匾去傳道
[00:49:40.200 --> 00:49:43.200]  藉著可以奪取別人的物業之後
[00:49:43.200 --> 00:49:45.200]  我又可以繼續傳道
[00:49:45.200 --> 00:49:51.200]  不怕告訴大家這個Harvest Bible Chapel最後的下場如何
[00:49:51.200 --> 00:49:57.200]  因為總堂的主任牧師犯了一些很嚴重的問題
[00:49:57.200 --> 00:50:00.200]  被總堂解僱了
[00:50:00.200 --> 00:50:03.200]  他所有的分堂全部改名
[00:50:03.200 --> 00:50:05.200]  要和總堂割席
[00:50:05.200 --> 00:50:07.200]  這些是什麼教會?
[00:50:07.200 --> 00:50:10.200]  這些完全不是教會,這些是賊
[00:50:10.200 --> 00:50:16.200]  聖經說得沒有錯,強暴之子
[00:50:16.200 --> 00:50:19.200]  或者我的翻譯
[00:50:19.200 --> 00:50:21.200]  叫做
[00:50:21.200 --> 00:50:26.200]  我先翻一張紙,忘記了
[00:50:26.200 --> 00:50:31.200]  親火打劫之人
[00:50:31.200 --> 00:50:35.200]  原來基督徒如果親火打劫就可以傳道
[00:50:35.200 --> 00:50:37.200]  等同於侍奉上帝
[00:50:37.200 --> 00:50:41.200]  對不起,我們的上帝從來不需要你偷雞去傳道
[00:50:41.200 --> 00:50:44.200]  上帝不需要你們作為基督徒
[00:50:44.200 --> 00:50:47.200]  因為那個是拜佛的,所以你要傳道給他
[00:50:47.200 --> 00:50:50.200]  然後鼠入去半夜偷了他的祭祀物品
[00:50:50.200 --> 00:50:52.200]  然後拿回來聖殿奉獻給上帝
[00:50:52.200 --> 00:50:54.200]  等於上帝你勝利
[00:50:54.200 --> 00:50:57.200]  不需要,我們上帝不需要
[00:50:57.200 --> 00:50:59.200]  沒有偷雞的
[00:50:59.200 --> 00:51:04.200]  當但以你聽見天使向他這樣的啟示的時候
[00:51:04.200 --> 00:51:07.200]  馬上但以你
[00:51:07.200 --> 00:51:10.200]  可以說得非常之
[00:51:10.200 --> 00:51:13.200]  覺得很失落
[00:51:13.200 --> 00:51:18.200]  弟兄姊妹
[00:51:18.200 --> 00:51:23.200]  弟兄姊妹,這些情況是很肉酸的
[00:51:23.200 --> 00:51:28.200]  很肉酸,我們基督徒今天如果造成這樣的局面
[00:51:28.200 --> 00:51:31.200]  是很肉酸的
[00:51:31.200 --> 00:51:39.200]  但是為什麼我們基督徒將他賦予是上帝的使命呢?
[00:51:39.200 --> 00:51:41.200]  最後一部份
[00:51:41.200 --> 00:51:44.200]  十五至二十節
[00:51:44.200 --> 00:51:49.200]  請大家聽,如果網上沒得看的就看高清片
[00:51:49.200 --> 00:51:52.200]  我們去看,我讀一次給大家聽
[00:51:52.200 --> 00:51:54.200]  第十五至二十節裏面
[00:51:54.200 --> 00:51:59.200]  上帝要給我們看見一個世界難到一個地步
[00:51:59.200 --> 00:52:01.200]  是怎樣
[00:52:01.200 --> 00:52:07.200]  怎樣鬼咋能夠在這個世界裏面最終的下場是怎樣
[00:52:07.200 --> 00:52:09.200]  好,請大家看,十五節
[00:52:09.200 --> 00:52:13.200]  北方的王必來捉女
[00:52:13.200 --> 00:52:15.200]  攻取堅固城
[00:52:15.200 --> 00:52:18.200]  南方的軍兵必站立不住
[00:52:18.200 --> 00:52:21.200]  就是選擇的征兵也無力站住
[00:52:21.200 --> 00:52:23.200]  來攻擊他的
[00:52:23.200 --> 00:52:25.200]  必任意而行
[00:52:25.200 --> 00:52:28.200]  無人在北方王面前站立得住
[00:52:28.200 --> 00:52:31.200]  他必站在那榮美之地
[00:52:31.200 --> 00:52:33.200]  用手施行毀滅
[00:52:33.200 --> 00:52:36.200]  他必定義用全國之力而來
[00:52:36.200 --> 00:52:38.200]  立公正的約
[00:52:38.200 --> 00:52:39.200]  照約而行
[00:52:39.200 --> 00:52:42.200]  將自己的女兒及南方的王為妻
[00:52:42.200 --> 00:52:43.200]  想要敗壞他
[00:52:43.200 --> 00:52:45.200]  這計卻不得成就
[00:52:45.200 --> 00:52:47.200]  與自己毫無益處
[00:52:47.200 --> 00:52:50.200]  其後他必轉回奪取了許多海島
[00:52:50.200 --> 00:52:54.200]  但有一大歲除掉他令人受的羞辱
[00:52:54.200 --> 00:52:57.200]  並且使這羞辱歸於本身
[00:52:57.200 --> 00:53:00.200]  他就必歸向本地的保障
[00:53:00.200 --> 00:53:04.200]  他要半跌瀑倒歸於無有
[00:53:04.200 --> 00:53:07.200]  那時必有一人興起接續他為王
[00:53:07.200 --> 00:53:12.200]  使橫征暴殮的人通行國中的榮美地
[00:53:12.200 --> 00:53:16.200]  這王不多日就必敗亡或滅亡
[00:53:16.200 --> 00:53:19.200]  卻不因困憤怒
[00:53:19.200 --> 00:53:22.200]  也不因爭戰
[00:53:22.200 --> 00:53:24.200]  來到這段聖經裡面
[00:53:24.200 --> 00:53:28.200]  講了一大串的歷史發生
[00:53:28.200 --> 00:53:30.200]  這段歷史的發生
[00:53:30.200 --> 00:53:32.200]  主要是講到
[00:53:32.200 --> 00:53:37.200]  北方的王如何與南方的王爭戰
[00:53:37.200 --> 00:53:40.200]  而在爭戰的過程當中
[00:53:40.200 --> 00:53:43.200]  北方的王使出一些很骯髒的手段
[00:53:43.200 --> 00:53:46.200]  什麼骯髒手段呢?
[00:53:46.200 --> 00:53:49.200]  不夠人打的時候
[00:53:49.200 --> 00:53:51.200]  就出女人
[00:53:51.200 --> 00:53:57.200]  上星期我才講完女人與男人之間的可報之處
[00:53:57.200 --> 00:54:00.200]  在這段聖經裡面
[00:54:00.200 --> 00:54:03.200]  就給我們看見女人如何發揮作用
[00:54:03.200 --> 00:54:05.200]  這個北方的王
[00:54:05.200 --> 00:54:07.200]  當他不夠打的時候
[00:54:07.200 --> 00:54:10.200]  於是乎他就使出毒招
[00:54:10.200 --> 00:54:13.200]  他就將自己的女兒
[00:54:13.200 --> 00:54:16.200]  送過去南方為妻
[00:54:16.200 --> 00:54:18.200]  請大家留意第十七節那裡說
[00:54:18.200 --> 00:54:21.200]  他在打的過程當中
[00:54:21.200 --> 00:54:23.200]  好像很公義
[00:54:23.200 --> 00:54:26.200]  有很多聯盟支持子女
[00:54:26.200 --> 00:54:29.200]  等同於很有信實的人
[00:54:29.200 --> 00:54:32.200]  他甚至用一種恩親的關係
[00:54:32.200 --> 00:54:35.200]  希望來作為和議
[00:54:35.200 --> 00:54:39.200]  這種做法在中國人的傳統裡面一樣有
[00:54:39.200 --> 00:54:41.200]  在中國的歷史當中
[00:54:41.200 --> 00:54:45.200]  有多少個國家有這些和議的婚姻出現
[00:54:45.200 --> 00:54:49.200]  好像那個叫太平公主就是這一類
[00:54:49.200 --> 00:54:52.200]  為什麼叫太平公主
[00:54:52.200 --> 00:54:54.200]  那個公主是不是真的叫太平
[00:54:54.200 --> 00:54:56.200]  不是太平
[00:54:56.200 --> 00:54:58.200]  她的名字不是叫太平
[00:54:58.200 --> 00:55:00.200]  她是承造太平
[00:55:00.200 --> 00:55:03.200]  所以她臨去之前給個名字叫太平公主
[00:55:03.200 --> 00:55:08.200]  而這個北方的王
[00:55:08.200 --> 00:55:11.200]  他也都看見在這個種種的情況裡面
[00:55:11.200 --> 00:55:14.200]  他沒有辦法再攻打南國
[00:55:14.200 --> 00:55:20.200]  他於是派出自己的女兒
[00:55:20.200 --> 00:55:22.200]  然後去到南方的國家裡面
[00:55:22.200 --> 00:55:23.200]  在這裡我先停一停
[00:55:23.200 --> 00:55:26.200]  說一點點歷史給大家知道
[00:55:26.200 --> 00:55:29.200]  聽故事當然很喜歡聽歷史
[00:55:29.200 --> 00:55:33.200]  為什麼突然間不夠打呢
[00:55:33.200 --> 00:55:35.200]  因為如果前文你聽過
[00:55:35.200 --> 00:55:39.200]  他和南方的王北方王打到七彩的時候
[00:55:39.200 --> 00:55:43.200]  打到他縮回去在北方的地區
[00:55:43.200 --> 00:55:45.200]  於是北方的地區
[00:55:45.200 --> 00:55:48.200]  他作為北方的王在希臘地區
[00:55:48.200 --> 00:55:53.200]  他唯有攻打其他周邊希臘的國家
[00:55:53.200 --> 00:55:56.200]  當他打周邊的國家的時候
[00:55:56.200 --> 00:55:57.200]  其他國家就投訴
[00:55:57.200 --> 00:56:00.200]  因為當時是城邦制度
[00:56:00.200 --> 00:56:02.200]  羅馬帝國漸漸成形
[00:56:02.200 --> 00:56:08.200]  城邦制度於是有人投訴去羅馬的所謂議會當中
[00:56:08.200 --> 00:56:10.200]  然後就說有沒有搞錯北國的王
[00:56:10.200 --> 00:56:12.200]  搞到我們雞毛鴨血
[00:56:12.200 --> 00:56:21.200]  於是羅馬軍隊出來制定北方的王
[00:56:21.200 --> 00:56:23.200]  控制住他
[00:56:23.200 --> 00:56:25.200]  並且做了一件很羞辱的事
[00:56:25.200 --> 00:56:28.200]  要他出賣自己的國家去求和
[00:56:28.200 --> 00:56:30.200]  所以在這段聖經裡面
[00:56:30.200 --> 00:56:32.200]  你可以看見上文講到
[00:56:32.200 --> 00:56:35.200]  他根本沒有辦法長期戰爭得勝
[00:56:35.200 --> 00:56:36.200]  這個世界就是這樣
[00:56:36.200 --> 00:56:38.200]  你打我我打你
[00:56:38.200 --> 00:56:42.200]  戰爭有排打你不用擔心
[00:56:42.200 --> 00:56:43.200]  不用槍彈都還有排打
[00:56:43.200 --> 00:56:46.200]  政治呀
[00:56:46.200 --> 00:56:47.200]  經濟呀
[00:56:47.200 --> 00:56:50.200]  很多打法
[00:56:50.200 --> 00:56:52.200]  於是他沒有辦法
[00:56:52.200 --> 00:56:56.200]  繼續有資源給他打南邊的王
[00:56:56.200 --> 00:56:59.200]  他就派了他的女兒
[00:56:59.200 --> 00:57:01.200]  他的女兒給了他一個名字
[00:57:01.200 --> 00:57:05.200]  叫做Cleopatra
[00:57:05.200 --> 00:57:07.200]  第一世
[00:57:07.200 --> 00:57:09.200]  不過為了分別
[00:57:09.200 --> 00:57:11.200]  因為很多Cleopatra
[00:57:11.200 --> 00:57:13.200]  就是你們常常看的那些電影
[00:57:13.200 --> 00:57:15.200]  埃及妖后那些
[00:57:15.200 --> 00:57:17.200]  於是怎麼樣呢
[00:57:17.200 --> 00:57:20.200]  就給了他一個名字叫做Phamsiria
[00:57:20.200 --> 00:57:24.200]  由北面敘利亞而來的
[00:57:24.200 --> 00:57:29.200]  送他去到南邊南國
[00:57:29.200 --> 00:57:34.200]  就給當時這個埃及的王
[00:57:34.200 --> 00:57:37.200]  而這個埃及的王
[00:57:37.200 --> 00:57:40.200]  最初是想著這個女孩來
[00:57:40.200 --> 00:57:42.200]  算了無所謂了
[00:57:42.200 --> 00:57:45.200]  多個女人在宮廷裏面
[00:57:45.200 --> 00:57:47.200]  跟著皇后
[00:57:47.200 --> 00:57:52.200]  好像陪著皇后出入那樣
[00:57:52.200 --> 00:57:55.200]  大家看電影看得多
[00:57:55.200 --> 00:57:56.200]  除了皇后之外
[00:57:56.200 --> 00:57:58.200]  當然有班妃嬪陪著他
[00:57:58.200 --> 00:58:01.200]  領著三宮六院
[00:58:01.200 --> 00:58:04.200]  有些戲是這樣演的
[00:58:04.200 --> 00:58:06.200]  誰不知這個Cleopatra
[00:58:06.200 --> 00:58:09.200]  原本想著北方的王
[00:58:09.200 --> 00:58:11.200]  猜他去南方的王
[00:58:11.200 --> 00:58:15.200]  用女色去拆毀南方的王的婚姻
[00:58:15.200 --> 00:58:18.200]  藉此希望利用這樣的方法
[00:58:18.200 --> 00:58:22.200]  能夠達至攻陷南方的王
[00:58:22.200 --> 00:58:23.200]  更加容易
[00:58:23.200 --> 00:58:27.200]  不誰不知
[00:58:27.200 --> 00:58:32.200]  中國人有句說話叫「女嫁不中留」
[00:58:32.200 --> 00:58:37.200]  女大不中留
[00:58:37.200 --> 00:58:40.200]  嫁夫真是隨夫
[00:58:40.200 --> 00:58:45.200]  他嫁了去埃及之後
[00:58:45.200 --> 00:58:50.200]  他不是用方法去拆散那段婚姻這麼簡單
[00:58:50.200 --> 00:58:54.200]  他要將自己成為皇后
[00:58:54.200 --> 00:58:59.200]  沒錯,結局南方的王真是將他變成皇后
[00:58:59.200 --> 00:59:04.200]  但他也沒有幫他爸爸,即北方的王
[00:59:04.200 --> 00:59:10.200]  北方的王即是陪了女兒又怎樣
[00:59:10.200 --> 00:59:12.200]  在這樣的種種狀態之下
[00:59:12.200 --> 00:59:13.200]  又沒有辦法
[00:59:13.200 --> 00:59:15.200]  這些就是這段聖經所講
[00:59:15.200 --> 00:59:20.200]  他將他的女兒送去給南方為妻
[00:59:20.200 --> 00:59:23.200]  想要拆毀南方的帝國
[00:59:23.200 --> 00:59:26.200]  結果這個詭計又不成
[00:59:26.200 --> 00:59:29.200]  反而還送了女兒給了人
[00:59:29.200 --> 00:59:31.200]  當然之後還有很多故事
[00:59:31.200 --> 00:59:33.200]  有機會我再講
[00:59:33.200 --> 00:59:35.200]  遲些再講
[00:59:35.200 --> 00:59:37.200]  母校
[00:59:37.200 --> 00:59:38.200]  用英文講
[00:59:38.200 --> 00:59:39.200]  nullify
[00:59:39.200 --> 00:59:40.200]  沒有了
[00:59:40.200 --> 00:59:41.200]  cancel了
[00:59:41.200 --> 00:59:44.200]  所以中文聖經叫「與自己毫無益處」
[00:59:44.200 --> 00:59:49.200]  於是他繼續在自己的世界打滾
[00:59:49.200 --> 00:59:52.200]  在希臘地區
[00:59:52.200 --> 00:59:54.200]  在希臘最多的是什麼?
[00:59:54.200 --> 00:59:57.200]  馬其頓希臘最多就是島
[00:59:57.200 --> 01:00:00.200]  所以這裡有很多海島
[01:00:00.200 --> 01:00:02.200]  在那裡不斷打仗
[01:00:02.200 --> 01:00:06.200]  而且那時候他又請了一個大將軍
[01:00:06.200 --> 01:00:10.200]  幫他去收數
[01:00:10.200 --> 01:00:15.200]  其實政權也是一個黑社會
[01:00:15.200 --> 01:00:17.200]  誰知這個收數幫他
[01:00:17.200 --> 01:00:19.200]  在歷史上
[01:00:19.200 --> 01:00:23.200]  收得過份的時候搞官逼民反
[01:00:23.200 --> 01:00:27.200]  於是就羞辱了北方的王
[01:00:27.200 --> 01:00:30.200]  結果又沒有了東西
[01:00:30.200 --> 01:00:33.200]  這些聖經其實告訴我們
[01:00:33.200 --> 01:00:36.200]  告訴我們一個這樣的世界
[01:00:36.200 --> 01:00:39.200]  很多人用自己人的手段
[01:00:39.200 --> 01:00:43.200]  來作自己的謀求
[01:00:43.200 --> 01:00:46.200]  奸有奸輸
[01:00:46.200 --> 01:00:49.200]  明白嗎?就是這些情況
[01:00:49.200 --> 01:00:52.200]  但是對於但爾利來說
[01:00:52.200 --> 01:00:54.200]  聽完這堆東西幹什麼?
[01:00:54.200 --> 01:00:55.200]  我又沒有份
[01:00:55.200 --> 01:00:57.200]  我死了化了灰
[01:00:57.200 --> 01:01:00.200]  這麼多百年
[01:01:00.200 --> 01:01:02.200]  加巴列說這一堆東西
[01:01:02.200 --> 01:01:06.200]  給但爾利知道是什麼呢?
[01:01:06.200 --> 01:01:11.200]  又在這裡沒有說過猶太人有什麼角色
[01:01:11.200 --> 01:01:19.200]  不過如果當我們回想獵王紀
[01:01:19.200 --> 01:01:23.200]  何嘗希伯來人不是同樣用同一套思維
[01:01:23.200 --> 01:01:30.200]  來處身在古近東的世界裡面嗎?
[01:01:30.200 --> 01:01:42.200]  但爾利看到以色列民墮落的源頭
[01:01:42.200 --> 01:01:47.200]  你想行奸詐、鬼詐
[01:01:47.200 --> 01:01:50.200]  結局你的下場
[01:01:50.200 --> 01:01:53.200]  跟世界其他的王一樣
[01:01:53.200 --> 01:01:54.200]  還記得嗎?
[01:01:54.200 --> 01:01:59.200]  在《撒慕爾記》上第八章第五節這樣說過
[01:01:59.200 --> 01:02:02.200]  神的子民走到來向撒慕爾說
[01:02:02.200 --> 01:02:04.200]  求你為我們立一個王
[01:02:04.200 --> 01:02:13.200]  治理我們像列國一樣
[01:02:13.200 --> 01:02:16.200]  你要跟列國一樣
[01:02:16.200 --> 01:02:20.200]  你就有列國的下場
[01:02:20.200 --> 01:02:24.200]  不過回想起弟兄姊妹
[01:02:24.200 --> 01:02:32.200]  上帝期望他的子民怎樣活在這個世界
[01:02:32.200 --> 01:02:37.200]  出埃及記十三章第二節
[01:02:37.200 --> 01:02:41.200]  清楚講給我們知道
[01:02:41.200 --> 01:02:44.200]  上帝要他的子民活在這個地上
[01:02:44.200 --> 01:02:48.200]  是要分別為聖歸我
[01:02:48.200 --> 01:02:53.200]  你在這個這麼污穢的混亂的世界裡面
[01:02:53.200 --> 01:02:55.200]  分別出來
[01:02:55.200 --> 01:02:57.200]  要為聖才歸我
[01:02:57.200 --> 01:03:01.200]  這是三個行動
[01:03:01.200 --> 01:03:04.200]  第一
[01:03:04.200 --> 01:03:09.200]  要在一個污穢的世界、奸詐的世界裡面
[01:03:09.200 --> 01:03:14.200]  你分別出來
[01:03:14.200 --> 01:03:20.200]  第二,要有一個聖潔的生命
[01:03:20.200 --> 01:03:26.200]  然後第三,先可以歸向上帝
[01:03:26.200 --> 01:03:30.200]  今天的信徒,經常說要歸向上帝
[01:03:30.200 --> 01:03:34.200]  但是又沒有聖潔,又沒有分別
[01:03:34.200 --> 01:03:36.200]  跟這個世界一樣
[01:03:36.200 --> 01:03:39.200]  Purpose-Driven Church, Purpose-Driven Life
[01:03:39.200 --> 01:03:43.200]  使命人生,使命教會,跟這個世界打交道
[01:03:43.200 --> 01:03:44.200]  Community Church
[01:03:44.200 --> 01:03:46.200]  弟兄姊妹
[01:03:46.200 --> 01:03:55.200]  我們這樣的教會,當然是無能無力
[01:03:55.200 --> 01:04:02.200]  而但義理書的主旨是什麼?
[01:04:02.200 --> 01:04:06.200]  看一張程序表
[01:04:06.200 --> 01:04:10.200]  我們讀一次,2025年教會主題
[01:04:10.200 --> 01:04:12.200]  但義理書第一章八章
[01:04:12.200 --> 01:04:15.200]  我們連節數都讀
[01:04:15.200 --> 01:04:19.200]  不容玷污自己的神國子民
[01:04:19.200 --> 01:04:22.200]  但義理書一章八節
[01:04:22.200 --> 01:04:28.200]  這個就是分別為聖的原因和表現
[01:04:28.200 --> 01:04:31.200]  今天的信徒為什麼無能無力
[01:04:31.200 --> 01:04:34.200]  因為做不到但義理書裡面所說的
[01:04:34.200 --> 01:04:37.200]  要不玷污自己
[01:04:37.200 --> 01:04:43.200]  我們反而要Purpose-Driven,去玷污自己
[01:04:43.200 --> 01:04:46.200]  分別為聖和不玷污自己
[01:04:46.200 --> 01:04:48.200]  是相同的理念
[01:04:48.200 --> 01:04:51.200]  在上帝的面前,先可以歸為聖
[01:04:51.200 --> 01:04:53.200]  回歸到上帝裡面
[01:04:53.200 --> 01:04:55.200]  但義理可以
[01:04:55.200 --> 01:04:57.200]  但義理來到這裡,終於明白
[01:04:57.200 --> 01:05:03.200]  為什麼這班以色列民在這個時間還要這樣混亂
[01:05:03.200 --> 01:05:06.200]  因為他們奸詐
[01:05:06.200 --> 01:05:11.200]  以為奸詐就可以用很多手段來得到自己的利益
[01:05:11.200 --> 01:05:13.200]  今天很多信徒都是這樣的
[01:05:13.200 --> 01:05:20.200]  頂尖梅,神母叫我們脫離這個世界
[01:05:20.200 --> 01:05:23.200]  躲起來做一個隱世的基督徒
[01:05:23.200 --> 01:05:24.200]  做神的子民
[01:05:24.200 --> 01:05:25.200]  沒有
[01:05:25.200 --> 01:05:30.200]  相反上帝是叫我們暴露在這個充滿罪惡的世界裡
[01:05:30.200 --> 01:05:41.200]  卻以不玷污自己,來見證出我們是屬神,應有獨特的生命特色
[01:05:41.200 --> 01:05:48.200]  但很可惜我們作為信徒,常常在這個世界裡做不到
[01:05:48.200 --> 01:05:54.200]  相反我們還以為,只要我們在這個世界可以存留的時候
[01:05:54.200 --> 01:05:59.200]  同化到這班人,這班人就會回到上帝的面前
[01:05:59.200 --> 01:06:03.200]  結局,我們就同化不了他們
[01:06:03.200 --> 01:06:09.200]  教會就被同化成為世界的一部分
[01:06:09.200 --> 01:06:20.200]  你知不知道近日在橫教會最多人說的是什麼
[01:06:20.200 --> 01:06:22.200]  特別是在教目和公之間
[01:06:22.200 --> 01:06:29.200]  就是說聯邦政府要修改法例
[01:06:29.200 --> 01:06:40.200]  來讓教會不可以繼續公開傳講基督是唯一的真理
[01:06:40.200 --> 01:06:43.200]  很害怕
[01:06:43.200 --> 01:06:49.200]  有什麼好害怕的
[01:06:49.200 --> 01:06:56.200]  一個不信神的世界,不信上帝的政府
[01:06:56.200 --> 01:07:01.200]  從來都不會對基督教的真理有任何的遷就
[01:07:01.200 --> 01:07:10.200]  是的,給10%的退稅,讓你們可以繼續支持你們的士工
[01:07:10.200 --> 01:07:14.200]  不要這麼天真,不是的
[01:07:14.200 --> 01:07:18.200]  只是政府不想出這麼多錢去做慈善工作
[01:07:18.200 --> 01:07:25.200]  你就想著我趁機去做慈善工作,教會就可以傳道
[01:07:25.200 --> 01:07:29.200]  你看看教會做了很多慈善工作之後,教會是不是傳道了
[01:07:29.200 --> 01:07:39.200]  不是,只是做了一個好人的表現,形象,保存道
[01:07:39.200 --> 01:07:43.200]  你看看今天的教會有多少人的生命改變
[01:07:43.200 --> 01:07:49.200]  最後我想說一個我最近買車的經歷
[01:07:49.200 --> 01:07:55.200]  因為我的車在行駛行駛時燒了引擎,被迫要買車
[01:07:55.200 --> 01:08:01.200]  原本說要花一萬元,沒理由花一萬元去修理
[01:08:01.200 --> 01:08:08.200]  於是乎經過很多方法和一個博客聯絡
[01:08:08.200 --> 01:08:11.200]  他很快和我用三天就出到一部車
[01:08:11.200 --> 01:08:15.200]  不過他因為不是在多倫多,他去了旅行
[01:08:15.200 --> 01:08:20.200]  將整個case交給了一間車行
[01:08:20.200 --> 01:08:28.200]  他說不要緊的,黃牧師,我很喜歡基督徒,幫你的也是基督徒
[01:08:28.200 --> 01:08:34.200]  整個過程,在還沒給錢之前,那個車行的所謂基督徒
[01:08:34.200 --> 01:08:37.200]  都對我有傾有向
[01:08:37.200 --> 01:08:45.200]  去到最後最後一步,當我給了錢之後
[01:08:45.200 --> 01:08:50.200]  他不記得還給我一張單
[01:08:50.200 --> 01:08:55.200]  你們買東西給了錢,拿不拿回那張單
[01:08:55.200 --> 01:09:04.200]  當然要拿,不要說refund,證明你給了錢也很重要
[01:09:04.200 --> 01:09:11.200]  我打電話給他,我說你不記得還給我一張單
[01:09:11.200 --> 01:09:17.200]  你可不可以郵寄給我,或者你親身還給我
[01:09:17.200 --> 01:09:23.200]  為什麼我這樣說呢?因為還沒買車之前,還沒給錢之前
[01:09:23.200 --> 01:09:27.200]  我說我看看有沒有人安排我去車行拿車
[01:09:27.200 --> 01:09:31.200]  他說不用的,這是我的職責,我是基督徒
[01:09:31.200 --> 01:09:37.200]  我一定要盡責來車行拿車
[01:09:37.200 --> 01:09:42.200]  但當我問他拿回那張單的時候
[01:09:42.200 --> 01:09:48.200]  他說了很久都不想來,又不肯寄給我
[01:09:48.200 --> 01:09:53.200]  於是乎,我打電話跟他說
[01:09:53.200 --> 01:09:58.200]  我說這是你必須要的責任
[01:09:58.200 --> 01:10:05.200]  他說你拿了車,登記是你的名字
[01:10:05.200 --> 01:10:09.200]  不會有人懷疑你的,我說這不是懷疑不懷疑的問題
[01:10:09.200 --> 01:10:12.200]  這是一個原則,買賣一定要有一張單據
[01:10:12.200 --> 01:10:14.200]  他說你不是有一張sales agreement
[01:10:14.200 --> 01:10:17.200]  我說但sales agreement上沒有寫我給了錢
[01:10:17.200 --> 01:10:23.200]  他死都不肯,接著不接我的電話
[01:10:23.200 --> 01:10:28.200]  你知道我們都是很跟程序的人
[01:10:28.200 --> 01:10:34.200]  打電話跟他的上司說不接電話
[01:10:34.200 --> 01:10:39.200]  打電話給他上司的上司,即是那間公司的老闆
[01:10:39.200 --> 01:10:47.200]  跟他說了之後,我說是這樣的,我們不會給單的
[01:10:47.200 --> 01:10:56.200]  這麼大間車行不給單,你夠膽告訴我你們是基督徒
[01:10:56.200 --> 01:11:01.200]  丁子梅,我不是跟大家去訴苦
[01:11:01.200 --> 01:11:04.200]  我是想你用這個例子
[01:11:04.200 --> 01:11:11.200]  想想你在這個世界裏,怎樣做基督徒
[01:11:11.200 --> 01:11:16.200]  你不用扭著這本聖經跟他說真理
[01:11:16.200 --> 01:11:23.200]  約翰福音三章十六節,你不需要的
[01:11:23.200 --> 01:11:37.200]  你的行為,你怎樣處事,你怎樣去回應,就是你的見證
[01:11:37.200 --> 01:11:43.200]  你在教會我見你在我面前你好我好,沒有用的
[01:11:43.200 --> 01:11:54.200]  你出到這個世界,是否見證到上帝給你行事的原則
[01:11:54.200 --> 01:12:01.200]  我覺得這段聖經在這裏作為一個今年的總結是非常之好
[01:12:01.200 --> 01:12:10.200]  過多兩日,三日,就是新一年
[01:12:10.200 --> 01:12:16.200]  我給兩日時間大家預備下,2026年怎樣做好一個基督徒
[01:12:16.200 --> 01:12:27.200]  2026年,新的一年,我希望你跟我能夠成為上帝所喜悅
[01:12:27.200 --> 01:12:35.200]  能夠有力量去見證的基督徒,見證出上帝的真理
[01:12:35.200 --> 01:12:40.200]  當你回到上帝面前的時候,你不會跟上帝說
[01:12:40.200 --> 01:12:46.200]  上帝求你的恩典憐憫我,不要這樣說
[01:12:46.200 --> 01:12:52.200]  而是說上帝,美好的仗我已經打過了
[01:12:52.200 --> 01:12:56.200]  當跑的路,我也都跑過了
[01:12:56.200 --> 01:13:03.200]  上帝,你明白,我相信當我們肯這樣在上帝面前活的時候
[01:13:03.200 --> 01:13:10.200]  上帝就會欣賞我們,接我們回到他永恆的家園裏面
[01:13:10.200 --> 01:13:18.200]  因為我們分別為誠,歸向上帝
[01:13:18.200 --> 01:13:20.200]  讓我一齊跟心低頭祷告
[01:13:20.200 --> 01:13:24.200]  父神多謝你給我們在這段聖經裏面的學習
[01:13:24.200 --> 01:13:30.200]  但以你的經歷給我們看到,他對神的子民所作所為的責心
[01:13:30.200 --> 01:13:36.200]  但同時間,他也讓我們今天能夠明白到
[01:13:36.200 --> 01:13:41.200]  原來我們活在這個世界裏面是這麼磨難的
[01:13:41.200 --> 01:13:45.200]  但即使如此,在這麼磨難的日子裏面
[01:13:45.200 --> 01:13:49.200]  我們仍然不會向世人妥協
[01:13:49.200 --> 01:13:57.200]  甚至不會跟世人同行,走在一條行世人標準的路上
[01:13:57.200 --> 01:14:01.200]  反而我們會按照上主你的心意而活
[01:14:01.200 --> 01:14:07.200]  能夠在一個動盪不安,邪惡滿盈的世界當中
[01:14:07.200 --> 01:14:12.200]  我們活出一個真正聖潔的生命
[01:14:12.200 --> 01:14:19.200]  求你的帶領,賜力量給我們智慧能夠去洞悉並且曉得回應
[01:14:19.200 --> 01:14:25.200]  求你的帶領,禱告奉靠主耶穌基督,得勝的明智而求
[01:14:25.200 --> 01:14:27.200]  阿們
