
[00:00:00.000 --> 00:00:03.000]  今早我們來看一個題目
[00:00:03.000 --> 00:00:06.000]  就是從三位記上十六章
[00:00:06.000 --> 00:00:10.000]  我們思想一下關乎大衛的一段記載
[00:00:10.000 --> 00:00:12.000]  來跟我們的關係
[00:00:12.000 --> 00:00:16.000]  這個題目叫做「發動神給你的潛能」
[00:00:16.000 --> 00:00:21.000]  大家還覺得自己有潛能嗎?
[00:00:21.000 --> 00:00:24.000]  覺得自己還有潛能嗎?
[00:00:24.000 --> 00:00:27.000]  你說我都七老八十了
[00:00:27.000 --> 00:00:32.000]  五六五六十歲
[00:00:32.000 --> 00:00:35.000]  七老八十都不少
[00:00:35.000 --> 00:00:39.000]  你說還有什麼潛能呢?
[00:00:39.000 --> 00:00:41.000]  有沒有?
[00:00:41.000 --> 00:00:43.000]  有啊
[00:00:43.000 --> 00:00:45.000]  你告訴自己有
[00:00:45.000 --> 00:00:49.000]  千萬不要覺得自己沒有潛能
[00:00:49.000 --> 00:00:52.000]  因為潛能不是從你那裡來的
[00:00:52.000 --> 00:00:53.000]  是從上帝那裡來的
[00:00:53.000 --> 00:00:58.000]  多謝 多謝 不好意思
[00:00:58.000 --> 00:01:02.000]  事實上有一個雜誌
[00:01:02.000 --> 00:01:03.000]  Scientific America
[00:01:03.000 --> 00:01:06.000]  即是科學的美國
[00:01:06.000 --> 00:01:07.000]  翻譯成
[00:01:07.000 --> 00:01:12.000]  它認為年長者的認知的技能
[00:01:12.000 --> 00:01:16.000]  不一定按著年日會衰退
[00:01:16.000 --> 00:01:19.000]  事實上我們的腦慢慢會差了一點
[00:01:19.000 --> 00:01:21.000]  會衰退
[00:01:21.000 --> 00:01:24.000]  它說就好像我們做體能一樣
[00:01:24.000 --> 00:01:25.000]  我們都會衰退
[00:01:25.000 --> 00:01:27.000]  但如果你保持運動
[00:01:27.000 --> 00:01:30.000]  保持做機能訓練
[00:01:30.000 --> 00:01:32.000]  它是會保持
[00:01:32.000 --> 00:01:34.000]  而且是會有進展的
[00:01:34.000 --> 00:01:37.000]  所以說我們如果用腦多一點
[00:01:37.000 --> 00:01:41.000]  用不用腦的?
[00:01:41.000 --> 00:01:43.000]  你認知的技能
[00:01:43.000 --> 00:01:44.000]  就會保持著
[00:01:44.000 --> 00:01:47.000]  而且可以在以前你不太用腦的話
[00:01:47.000 --> 00:01:49.000]  現在開始用腦
[00:01:49.000 --> 00:01:51.000]  就是說會開始進展
[00:01:51.000 --> 00:01:53.000]  以前你不讀聖經
[00:01:53.000 --> 00:01:54.000]  現在開始讀聖經
[00:01:54.000 --> 00:01:57.000]  可能會越來越明白
[00:01:57.000 --> 00:02:00.000]  所以你的潛能是會有的
[00:02:00.000 --> 00:02:04.000]  另外一個是情緒上的
[00:02:04.000 --> 00:02:09.000]  Socio-Emotional Selectivity Theory
[00:02:09.000 --> 00:02:12.000]  這個是心理學的研究
[00:02:12.000 --> 00:02:16.000]  Socio-Emotional Selectivity Theory
[00:02:16.000 --> 00:02:23.000]  就是說它是社交和情緒上的選擇性
[00:02:23.000 --> 00:02:25.000]  這個理論
[00:02:25.000 --> 00:02:27.000]  隨著年齡的增長
[00:02:27.000 --> 00:02:32.000]  人就傾向更有深度和有意義的社交活動
[00:02:32.000 --> 00:02:34.000]  因為以前就是看電影去玩
[00:02:34.000 --> 00:02:36.000]  大家社交活動
[00:02:36.000 --> 00:02:37.000]  但現在可能坐在一起
[00:02:37.000 --> 00:02:39.000]  可以談一些人生的問題
[00:02:39.000 --> 00:02:40.000]  深入一點的問題
[00:02:40.000 --> 00:02:42.000]  在情緒上
[00:02:42.000 --> 00:02:46.000]  比我們以前那種比較淺的互動方式
[00:02:46.000 --> 00:02:49.000]  是可以加深的
[00:02:49.000 --> 00:02:50.000]  換句話說
[00:02:50.000 --> 00:02:53.000]  那些潛能可能到你差不多長大的時候
[00:02:53.000 --> 00:02:54.000]  你才發揮出來
[00:02:54.000 --> 00:02:57.000]  因為以前那些是很膚淺的
[00:02:57.000 --> 00:03:00.000]  現在體會人生多了的時候
[00:03:00.000 --> 00:03:03.000]  懂得去聆聽別人
[00:03:03.000 --> 00:03:06.000]  懂得處理自己情緒的反應
[00:03:06.000 --> 00:03:08.000]  然後慢慢慢慢
[00:03:08.000 --> 00:03:09.000]  在這些社交生活上
[00:03:09.000 --> 00:03:10.000]  情緒上
[00:03:10.000 --> 00:03:12.000]  你是可以比以前更厲害的
[00:03:12.000 --> 00:03:15.000]  大家明白我的意思吧
[00:03:15.000 --> 00:03:16.000]  還有一個
[00:03:16.000 --> 00:03:21.000]  叫做環顧世界八十大創意高齡計劃
[00:03:21.000 --> 00:03:23.000]  這個厲害
[00:03:23.000 --> 00:03:26.000]  環顧世界八十大創意高齡計劃
[00:03:26.000 --> 00:03:29.000]  它指出晚年的創造力
[00:03:29.000 --> 00:03:31.000]  特別是在藝術上
[00:03:31.000 --> 00:03:33.000]  或者寫作上
[00:03:33.000 --> 00:03:36.000]  可以比以前更高
[00:03:36.000 --> 00:03:38.000]  未必是腦子很靈活
[00:03:38.000 --> 00:03:40.000]  但是它在藝術上
[00:03:40.000 --> 00:03:45.000]  有些東西不是語言表達到的
[00:03:45.000 --> 00:03:46.000]  它在藝術上
[00:03:46.000 --> 00:03:47.000]  比如畫畫
[00:03:47.000 --> 00:03:50.000]  或者它以前不太會說的東西
[00:03:50.000 --> 00:03:51.000]  寫出來
[00:03:51.000 --> 00:03:55.000]  所以它說可以有更高的表現
[00:03:55.000 --> 00:03:56.000]  事實上
[00:03:56.000 --> 00:03:59.000]  大家聽過一個哲學家叫康德嗎
[00:03:59.000 --> 00:04:01.000]  Emmanuel Kant
[00:04:01.000 --> 00:04:03.000]  康德是大哲學家
[00:04:03.000 --> 00:04:05.000]  他寫了很多的哲學論文
[00:04:05.000 --> 00:04:07.000]  是他年紀大的時候寫的
[00:04:07.000 --> 00:04:08.000]  其中有一篇叫做
[00:04:08.000 --> 00:04:11.000]  Practicality Anthropology
[00:04:11.000 --> 00:04:12.000]  就是說
[00:04:12.000 --> 00:04:14.000]  是實踐性人類學
[00:04:14.000 --> 00:04:15.000]  什麼時候寫的呢
[00:04:15.000 --> 00:04:18.000]  是他七十四歲的時候寫的
[00:04:18.000 --> 00:04:20.000]  誰七十四歲以下有沒有
[00:04:20.000 --> 00:04:21.000]  對不起
[00:04:21.000 --> 00:04:23.000]  不敢問
[00:04:23.000 --> 00:04:24.000]  有沒有人舉手
[00:04:24.000 --> 00:04:26.000]  就是全部七十四歲以上
[00:04:26.000 --> 00:04:33.000]  就是說他七十四歲的時候
[00:04:33.000 --> 00:04:37.000]  領會到有關哲學對於人類學
[00:04:37.000 --> 00:04:40.000]  就是Practical的人類學
[00:04:40.000 --> 00:04:45.000]  所以這是一個例子
[00:04:45.000 --> 00:04:47.000]  另外意大利音樂家Verdi
[00:04:47.000 --> 00:04:51.000]  有沒有聽過一首歌叫Ave Maria
[00:04:51.000 --> 00:04:53.000]  我相信大家聽過
[00:04:53.000 --> 00:04:55.000]  知道是誰作的嗎
[00:04:55.000 --> 00:04:57.000]  就是Verdi
[00:04:57.000 --> 00:04:59.000]  意大利音樂家Verdi
[00:04:59.000 --> 00:05:01.000]  作Ave Maria
[00:05:01.000 --> 00:05:03.000]  他是多少歲作的呢
[00:05:03.000 --> 00:05:05.000]  七十六歲的時候作
[00:05:05.000 --> 00:05:07.000]  有誰是七十六歲以下
[00:05:07.000 --> 00:05:09.000]  有沒有人舉手
[00:05:09.000 --> 00:05:19.000]  還有一位意大利的Titanian
[00:05:19.000 --> 00:05:22.000]  翻譯為泰特坦
[00:05:22.000 --> 00:05:24.000]  或者提特坦
[00:05:24.000 --> 00:05:27.000]  他畫了一幅名畫叫Battle of Lepanto
[00:05:27.000 --> 00:05:30.000]  大家有時間可以上網找找
[00:05:30.000 --> 00:05:32.000]  Battle of Lepanto
[00:05:32.000 --> 00:05:34.000]  他畫這幅畫的時候
[00:05:34.000 --> 00:05:36.000]  是八十五歲
[00:05:36.000 --> 00:05:38.000]  八十五歲畫的
[00:05:38.000 --> 00:05:41.000]  所以有沒有八十五歲以下的
[00:05:41.000 --> 00:05:43.000]  很多
[00:05:43.000 --> 00:05:49.000]  所以你有沒有潛能
[00:05:49.000 --> 00:05:53.000]  當然
[00:05:53.000 --> 00:05:55.000]  就算是世俗來說都有
[00:05:55.000 --> 00:05:57.000]  何況我們在神的裏面
[00:05:57.000 --> 00:06:00.000]  所以希望今年我們
[00:06:00.000 --> 00:06:02.000]  能夠在未來一年裏面
[00:06:02.000 --> 00:06:04.000]  發揮神給你的潛能
[00:06:04.000 --> 00:06:06.000]  Amen
[00:06:06.000 --> 00:06:10.000]  如果我們看見大衛的生平
[00:06:10.000 --> 00:06:13.000]  我們發覺其實他可以是一個很自卑
[00:06:13.000 --> 00:06:17.000]  覺得自己沒什麼用
[00:06:17.000 --> 00:06:19.000]  覺得被輕視
[00:06:19.000 --> 00:06:22.000]  覺得我怎樣都不及別人
[00:06:22.000 --> 00:06:24.000]  可能可以是這樣
[00:06:24.000 --> 00:06:25.000]  為什麼呢
[00:06:25.000 --> 00:06:28.000]  因為在他原生的家庭裏面
[00:06:28.000 --> 00:06:32.000]  其實他有很多這種負面的影響
[00:06:32.000 --> 00:06:34.000]  有很多限制
[00:06:34.000 --> 00:06:37.000]  所以今天讓我們都能夠可以
[00:06:37.000 --> 00:06:39.000]  給予鼓勵
[00:06:39.000 --> 00:06:41.000]  神幫助我們
[00:06:41.000 --> 00:06:43.000]  因為他很重要的就是
[00:06:43.000 --> 00:06:45.000]  原來他在我們人生當中
[00:06:45.000 --> 00:06:47.000]  是有一個心意的
[00:06:47.000 --> 00:06:48.000]  有一個計劃的
[00:06:48.000 --> 00:06:50.000]  他要我們來發展出來
[00:06:50.000 --> 00:06:52.000]  要我們能夠完成
[00:06:52.000 --> 00:06:55.000]  神去創造我們
[00:06:55.000 --> 00:06:59.000]  以及去拯救、揀選我們的計劃
[00:06:59.000 --> 00:07:02.000]  你說我現在已經七老八十了
[00:07:02.000 --> 00:07:04.000]  還沒見耶穌
[00:07:04.000 --> 00:07:06.000]  所以還沒見耶穌之前
[00:07:06.000 --> 00:07:10.000]  你還有很多地方還要去進步
[00:07:10.000 --> 00:07:13.000]  還有一個地方叫未得之地
[00:07:13.000 --> 00:07:15.000]  現在我們上約書記
[00:07:15.000 --> 00:07:17.000]  何老師約書記
[00:07:17.000 --> 00:07:19.000]  神告訴約書記
[00:07:19.000 --> 00:07:21.000]  他說我已經差不多老了
[00:07:21.000 --> 00:07:22.000]  他說不是的
[00:07:22.000 --> 00:07:25.000]  你還有很多未得之地
[00:07:25.000 --> 00:07:30.000]  所以今天我們給點面子
[00:07:30.000 --> 00:07:33.000]  我們從大衛的身上來看看
[00:07:33.000 --> 00:07:34.000]  第一
[00:07:34.000 --> 00:07:36.000]  怎樣發揮神給我們的潛能呢
[00:07:36.000 --> 00:07:37.000]  這個很重要的
[00:07:37.000 --> 00:07:42.000]  就是從神的眼光來看和建立自己
[00:07:42.000 --> 00:07:45.000]  換句話說
[00:07:45.000 --> 00:07:48.000]  你不要從社會的看法
[00:07:48.000 --> 00:07:50.000]  或者你自己的看法
[00:07:50.000 --> 00:07:52.000]  甚至別人的看法來看
[00:07:52.000 --> 00:07:54.000]  覺得自己不行了
[00:07:54.000 --> 00:07:59.000]  這樣就讓你的潛能沒辦法發揮出來
[00:07:59.000 --> 00:08:03.000]  我們回到神怎樣看我們就不同了
[00:08:03.000 --> 00:08:08.000]  大衛在早期的時候
[00:08:08.000 --> 00:08:12.000]  我們知道他年少十幾歲的時候
[00:08:12.000 --> 00:08:16.000]  就開始寫他的生平
[00:08:16.000 --> 00:08:19.000]  所以今天我們看三文治上十六章
[00:08:19.000 --> 00:08:24.000]  我們發覺他是十幾歲少年的時候
[00:08:24.000 --> 00:08:26.000]  我們看到原來真的
[00:08:26.000 --> 00:08:29.000]  影響我們很多時候
[00:08:29.000 --> 00:08:31.000]  怎樣看自己呢
[00:08:31.000 --> 00:08:33.000]  其實是從哪裡來的呢
[00:08:33.000 --> 00:08:34.000]  當然慢慢長大的時候
[00:08:34.000 --> 00:08:37.000]  和朋友和其他社會價值觀
[00:08:37.000 --> 00:08:39.000]  其他的東西影響我們
[00:08:39.000 --> 00:08:41.000]  不過原來最深層
[00:08:41.000 --> 00:08:44.000]  甚至從嬰兒開始
[00:08:44.000 --> 00:08:47.000]  一直到我們成長的階段
[00:08:47.000 --> 00:08:49.000]  現在七到八十歲
[00:08:49.000 --> 00:08:51.000]  最影響我們的階段
[00:08:51.000 --> 00:08:54.000]  其實是早期最深的影響
[00:08:54.000 --> 00:08:56.000]  為什麼呢
[00:08:56.000 --> 00:08:57.000]  因為我們在早期的時候
[00:08:57.000 --> 00:08:59.000]  一出來這個世界
[00:08:59.000 --> 00:09:01.000]  別人給我們的印象
[00:09:01.000 --> 00:09:02.000]  說我們是誰
[00:09:02.000 --> 00:09:03.000]  說我們是怎樣的
[00:09:03.000 --> 00:09:04.000]  那個是很深的
[00:09:04.000 --> 00:09:07.000]  藏在我們的潛意識裏面
[00:09:07.000 --> 00:09:11.000]  然後慢慢當我們在家裏長大
[00:09:11.000 --> 00:09:13.000]  最近的人
[00:09:13.000 --> 00:09:15.000]  差不多每天和我們一起
[00:09:15.000 --> 00:09:17.000]  差不多24小時
[00:09:17.000 --> 00:09:18.000]  在我們身邊
[00:09:18.000 --> 00:09:20.000]  他們給我們的評語
[00:09:20.000 --> 00:09:24.000]  給我們的影響
[00:09:24.000 --> 00:09:26.000]  是比以後我們上班
[00:09:26.000 --> 00:09:27.000]  最多八個小時
[00:09:27.000 --> 00:09:29.000]  或者和朋友聊天
[00:09:29.000 --> 00:09:31.000]  一兩個小時
[00:09:31.000 --> 00:09:34.000]  是不及後來的影響
[00:09:34.000 --> 00:09:36.000]  所以今年我們說到
[00:09:36.000 --> 00:09:38.000]  我們全家侍奉主
[00:09:38.000 --> 00:09:39.000]  說到家庭
[00:09:39.000 --> 00:09:41.000]  今年我們的主題是家庭
[00:09:41.000 --> 00:09:44.000]  家庭其實最早影響我們
[00:09:44.000 --> 00:09:46.000]  是最深的
[00:09:46.000 --> 00:09:49.000]  就是我們原生的家庭
[00:09:49.000 --> 00:09:50.000]  我們原生的家庭
[00:09:50.000 --> 00:09:52.000]  我們在哪個家庭
[00:09:52.000 --> 00:09:55.000]  原本我們未結婚之前
[00:09:55.000 --> 00:09:56.000]  那個叫原生家庭
[00:09:56.000 --> 00:09:58.000]  即是未獨立之前
[00:09:58.000 --> 00:10:01.000]  那個影響我們最大
[00:10:01.000 --> 00:10:03.000]  所以我不知道
[00:10:03.000 --> 00:10:05.000]  你有沒有這樣想
[00:10:05.000 --> 00:10:07.000]  原來我在過往
[00:10:07.000 --> 00:10:10.000]  自己的原生家庭裏長大的時候
[00:10:10.000 --> 00:10:12.000]  有多少東西影響我現在
[00:10:12.000 --> 00:10:14.000]  影響我的心理
[00:10:14.000 --> 00:10:16.000]  和人相處
[00:10:16.000 --> 00:10:18.000]  對事物的看法
[00:10:18.000 --> 00:10:20.000]  我是不是主動還是被動
[00:10:20.000 --> 00:10:21.000]  等等這些
[00:10:21.000 --> 00:10:23.000]  我有沒有價值
[00:10:23.000 --> 00:10:26.000]  不知道有沒有這樣去檢視一下
[00:10:26.000 --> 00:10:28.000]  過往
[00:10:28.000 --> 00:10:30.000]  這個原來是去塑造
[00:10:30.000 --> 00:10:31.000]  我們的自我形象
[00:10:31.000 --> 00:10:32.000]  是一個很重要
[00:10:32.000 --> 00:10:36.000]  很重要的一個階段
[00:10:36.000 --> 00:10:40.000]  就在乎那些家人和你又怎樣
[00:10:40.000 --> 00:10:43.000]  當然有些人是比較幸福的家庭
[00:10:43.000 --> 00:10:45.000]  有些人是沒有這麼幸福的家庭
[00:10:45.000 --> 00:10:46.000]  我們都明白的
[00:10:46.000 --> 00:10:52.000]  不過不是在乎家庭的富裕的程度
[00:10:52.000 --> 00:10:53.000]  所以幸福有時覺得
[00:10:53.000 --> 00:10:54.000]  家裏很有錢
[00:10:54.000 --> 00:10:56.000]  有工人用的
[00:10:56.000 --> 00:10:57.000]  未必的
[00:10:57.000 --> 00:10:59.000]  因為原來有些很窮困的家庭
[00:10:59.000 --> 00:11:01.000]  他反而明白了道理之後
[00:11:01.000 --> 00:11:05.000]  日後影響他成功是更深的
[00:11:05.000 --> 00:11:06.000]  事實上有這樣的研究
[00:11:06.000 --> 00:11:08.000]  很清楚讓我們看見
[00:11:08.000 --> 00:11:11.000]  他能夠克服他以往的破碎
[00:11:11.000 --> 00:11:12.000]  那些貧窮
[00:11:12.000 --> 00:11:14.000]  然後後來成功
[00:11:14.000 --> 00:11:17.000]  如果他沒有那個小的階段
[00:11:17.000 --> 00:11:20.000]  他可能沒有那麼大成功
[00:11:20.000 --> 00:11:24.000]  所以不是在乎家庭的富裕程度
[00:11:24.000 --> 00:11:27.000]  反而是著重家人的互動
[00:11:27.000 --> 00:11:29.000]  更加重要
[00:11:29.000 --> 00:11:33.000]  當然這個也是每個家庭有點不同
[00:11:33.000 --> 00:11:35.000]  也未必那些家庭很完整
[00:11:35.000 --> 00:11:37.000]  一定的互動是好的
[00:11:37.000 --> 00:11:39.000]  因為可能他本身的父母
[00:11:39.000 --> 00:11:44.000]  帶著一些他以前的原生家庭的問題
[00:11:44.000 --> 00:11:48.000]  然後影響現在他這個家庭的情況
[00:11:48.000 --> 00:11:49.000]  可能他很有錢
[00:11:49.000 --> 00:11:51.000]  可能他讀很多書
[00:11:51.000 --> 00:11:54.000]  但他原來未處理過自己的情緒
[00:11:54.000 --> 00:11:58.000]  未克服過往原生家庭給他的影響
[00:11:58.000 --> 00:12:01.000]  所以他雖然很有錢很有學問
[00:12:01.000 --> 00:12:02.000]  和子女都很好
[00:12:02.000 --> 00:12:04.000]  但是他久不久有些東西出來
[00:12:04.000 --> 00:12:07.000]  可能會影響子女
[00:12:07.000 --> 00:12:09.000]  有正面也有負面
[00:12:09.000 --> 00:12:12.000]  而且特別我們說負面的影響的時候
[00:12:12.000 --> 00:12:14.000]  是影響很深的
[00:12:14.000 --> 00:12:17.000]  不知道你小時候有沒有被父母
[00:12:17.000 --> 00:12:18.000]  或者你兄弟姐妹
[00:12:18.000 --> 00:12:20.000]  有時候改你花名
[00:12:20.000 --> 00:12:21.000]  有沒有
[00:12:21.000 --> 00:12:24.000]  有沒有誰有花名的
[00:12:24.000 --> 00:12:26.000]  我曾經上過
[00:12:26.000 --> 00:12:29.000]  我那個合神心意家庭秘笈
[00:12:29.000 --> 00:12:30.000]  有一個主一學
[00:12:30.000 --> 00:12:31.000]  不知道大家記不記得
[00:12:31.000 --> 00:12:33.000]  二十年前
[00:12:33.000 --> 00:12:34.000]  曾經有課問
[00:12:34.000 --> 00:12:35.000]  有些弟兄姐妹
[00:12:35.000 --> 00:12:36.000]  你有沒有花名
[00:12:36.000 --> 00:12:39.000]  有很多人說有花名
[00:12:39.000 --> 00:12:41.000]  不過我現在不太記得
[00:12:41.000 --> 00:12:44.000]  我記得有些人可能說
[00:12:44.000 --> 00:12:46.000]  你是傻仔
[00:12:46.000 --> 00:12:48.000]  有沒有這樣叫過你
[00:12:48.000 --> 00:12:50.000]  傻仔傻女
[00:12:50.000 --> 00:12:52.000]  你不要以為傻仔傻女
[00:12:52.000 --> 00:12:53.000]  這樣說是笑話
[00:12:53.000 --> 00:12:56.000]  有些時候他可能覺得你是說笑話
[00:12:56.000 --> 00:12:59.000]  有些時候忽然間他認真起來
[00:12:59.000 --> 00:13:00.000]  認真起來那一刻
[00:13:00.000 --> 00:13:02.000]  忽然間你說他傻仔
[00:13:02.000 --> 00:13:04.000]  他入了心
[00:13:04.000 --> 00:13:05.000]  這個入了他裡面
[00:13:05.000 --> 00:13:06.000]  潛意識裡面
[00:13:06.000 --> 00:13:10.000]  所以他就整天覺得自己是傻仔
[00:13:10.000 --> 00:13:12.000]  讀書不成
[00:13:12.000 --> 00:13:13.000]  這個總會影響他
[00:13:13.000 --> 00:13:14.000]  你不知不覺
[00:13:14.000 --> 00:13:16.000]  很奇怪
[00:13:16.000 --> 00:13:17.000]  有可能有些人說
[00:13:17.000 --> 00:13:18.000]  你很論盡的
[00:13:18.000 --> 00:13:20.000]  有沒有被人說過
[00:13:20.000 --> 00:13:22.000]  不要這樣說你的子女
[00:13:22.000 --> 00:13:25.000]  就算有時候他有一次真的不小心
[00:13:25.000 --> 00:13:27.000]  不要這麼論盡
[00:13:27.000 --> 00:13:28.000]  都可以
[00:13:28.000 --> 00:13:31.000]  不過你不要將他連在身份上
[00:13:31.000 --> 00:13:33.000]  你這個人真的很論盡
[00:13:33.000 --> 00:13:35.000]  你這個人很論盡
[00:13:35.000 --> 00:13:37.000]  這個就是他的身份
[00:13:37.000 --> 00:13:40.000]  這樣他就一輩子都覺得自己論論盡盡
[00:13:40.000 --> 00:13:45.000]  有時候我們不小心說了一句
[00:13:45.000 --> 00:13:50.000]  將那些事情本身連在他的人格上
[00:13:50.000 --> 00:13:54.000]  這個時候可能會造成很大的影響力
[00:13:54.000 --> 00:13:57.000]  我最記得有一個同學
[00:13:57.000 --> 00:14:01.000]  她說我經常被家人叫做廢柴
[00:14:01.000 --> 00:14:03.000]  不知道是誰
[00:14:03.000 --> 00:14:04.000]  你們是不是
[00:14:04.000 --> 00:14:05.000]  有沒有誰是
[00:14:05.000 --> 00:14:06.000]  是你吧
[00:14:06.000 --> 00:14:08.000]  我好像記得是William
[00:14:08.000 --> 00:14:09.000]  他說不是
[00:14:09.000 --> 00:14:11.000]  是你奶奶還是你婆婆
[00:14:11.000 --> 00:14:12.000]  你奶奶是吧
[00:14:12.000 --> 00:14:16.000]  奶奶整天叫他廢柴廢柴
[00:14:16.000 --> 00:14:18.000]  感謝主
[00:14:18.000 --> 00:14:19.000]  他信了耶穌之後
[00:14:19.000 --> 00:14:21.000]  結果現在不是廢柴
[00:14:21.000 --> 00:14:22.000]  不過這種影響
[00:14:22.000 --> 00:14:25.000]  有時候都會久不久出現
[00:14:25.000 --> 00:14:27.000]  出現某些事情
[00:14:27.000 --> 00:14:29.000]  有些很難的挑戰的時候
[00:14:29.000 --> 00:14:30.000]  忽然間覺得
[00:14:30.000 --> 00:14:31.000]  我還是不行了
[00:14:31.000 --> 00:14:34.000]  因為原來他裏面有一種潛意識
[00:14:34.000 --> 00:14:36.000]  你都是廢柴
[00:14:36.000 --> 00:14:37.000]  原來是這樣
[00:14:37.000 --> 00:14:39.000]  對不起不是說你
[00:14:39.000 --> 00:14:46.000]  所以無論如何
[00:14:46.000 --> 00:14:48.000]  想大家明白到
[00:14:48.000 --> 00:14:50.000]  其實你來到這個年紀也好
[00:14:50.000 --> 00:14:53.000]  你不經不覺原來有些潛意識的東西
[00:14:53.000 --> 00:14:55.000]  是你很早年期
[00:14:55.000 --> 00:14:56.000]  很小的時候
[00:14:56.000 --> 00:14:58.000]  甚至是嬰兒的時候
[00:14:58.000 --> 00:15:00.000]  就受了這個影響
[00:15:00.000 --> 00:15:02.000]  這樣糟糕
[00:15:02.000 --> 00:15:03.000]  那怎麼辦
[00:15:03.000 --> 00:15:05.000]  我們就說這個
[00:15:05.000 --> 00:15:08.000]  我知道有一位女士
[00:15:08.000 --> 00:15:10.000]  在她爸爸
[00:15:10.000 --> 00:15:14.000]  本來要結婚之前
[00:15:14.000 --> 00:15:17.000]  結果就未婚成人
[00:15:17.000 --> 00:15:20.000]  所以她本來就不和那個女人結婚
[00:15:20.000 --> 00:15:22.000]  不過因為她
[00:15:22.000 --> 00:15:23.000]  有些身孕
[00:15:23.000 --> 00:15:25.000]  她又覺得責任上
[00:15:25.000 --> 00:15:26.000]  算了
[00:15:26.000 --> 00:15:27.000]  結婚
[00:15:27.000 --> 00:15:29.000]  所以就因為這個原因結婚
[00:15:29.000 --> 00:15:31.000]  結果生出來的女兒
[00:15:31.000 --> 00:15:32.000]  她就覺得
[00:15:32.000 --> 00:15:34.000]  都是你拖累我
[00:15:34.000 --> 00:15:35.000]  如果沒有你
[00:15:35.000 --> 00:15:38.000]  我就不需要強行結婚
[00:15:38.000 --> 00:15:41.000]  她一生的婚姻就不開心
[00:15:41.000 --> 00:15:42.000]  家庭又不開心
[00:15:42.000 --> 00:15:44.000]  接著最慘的是
[00:15:44.000 --> 00:15:46.000]  她對這個女兒覺得
[00:15:46.000 --> 00:15:48.000]  她都是你不好
[00:15:48.000 --> 00:15:51.000]  所以她和這個女兒的關係就很差
[00:15:51.000 --> 00:15:53.000]  這個女兒的感覺就覺得
[00:15:53.000 --> 00:15:56.000]  她好像
[00:15:56.000 --> 00:15:59.000]  我在爸爸的眼中
[00:15:59.000 --> 00:16:02.000]  好像比廢物還要差
[00:16:02.000 --> 00:16:04.000]  就是一些塵土不如
[00:16:04.000 --> 00:16:08.000]  結果後來她長大之後
[00:16:08.000 --> 00:16:09.000]  一直一直
[00:16:09.000 --> 00:16:11.000]  她出現什麼呢
[00:16:11.000 --> 00:16:14.000]  就是她在整個人際關係裡
[00:16:14.000 --> 00:16:16.000]  很怕得罪人
[00:16:16.000 --> 00:16:18.000]  有時候根本不是她錯
[00:16:18.000 --> 00:16:20.000]  她做了一些事情的時候
[00:16:20.000 --> 00:16:22.000]  很怕是自己錯
[00:16:22.000 --> 00:16:24.000]  罪疚感很大
[00:16:24.000 --> 00:16:27.000]  然後就很難和人相處
[00:16:27.000 --> 00:16:30.000]  她的目的就是為了要討好人
[00:16:30.000 --> 00:16:33.000]  所以她在整個人生的過程裡
[00:16:33.000 --> 00:16:35.000]  就是為了討好這個討好那個
[00:16:35.000 --> 00:16:38.000]  她沒有自己的自信和自我價值
[00:16:38.000 --> 00:16:40.000]  在她心目當中
[00:16:40.000 --> 00:16:42.000]  所以這個追根究底後來研究
[00:16:42.000 --> 00:16:44.000]  發現她影響的是什麼呢
[00:16:44.000 --> 00:16:48.000]  就是她爸爸對她的價值觀的看法
[00:16:48.000 --> 00:16:51.000]  所以到最後她爸爸離開世界的時候
[00:16:51.000 --> 00:16:53.000]  她哭得很厲害
[00:16:53.000 --> 00:16:54.000]  哭什麼呢
[00:16:54.000 --> 00:16:56.000]  不是不捨得爸爸離開
[00:16:56.000 --> 00:16:58.000]  其實關係就是感情很差
[00:16:58.000 --> 00:17:00.000]  她說她哭得很厲害
[00:17:00.000 --> 00:17:03.000]  是因為她很希望爸爸和她說一聲
[00:17:03.000 --> 00:17:05.000]  我愛你
[00:17:05.000 --> 00:17:07.000]  現在都沒有機會了
[00:17:07.000 --> 00:17:09.000]  真的很慘
[00:17:09.000 --> 00:17:12.000]  如果爸爸能夠和她說一聲
[00:17:12.000 --> 00:17:14.000]  對不起
[00:17:14.000 --> 00:17:18.000]  帶給她的意志是很大的
[00:17:18.000 --> 00:17:23.000]  總之我不知道你
[00:17:23.000 --> 00:17:25.000]  今天我們的父母可能已經不在了
[00:17:25.000 --> 00:17:27.000]  不知道你有沒有這種感覺
[00:17:27.000 --> 00:17:29.000]  或者遺憾
[00:17:29.000 --> 00:17:32.000]  萬一有
[00:17:32.000 --> 00:17:36.000]  讓神今天再一次意志我們
[00:17:36.000 --> 00:17:40.000]  大衛不同的地方
[00:17:40.000 --> 00:17:43.000]  就是他用神的眼光看他自己
[00:17:43.000 --> 00:17:46.000]  我們看見其實
[00:17:46.000 --> 00:17:50.000]  這個就是在乎你對神有多緊張
[00:17:50.000 --> 00:17:53.000]  我們剛才說哪些人我們覺得最緊張
[00:17:53.000 --> 00:17:57.000]  他的評語對我們最大
[00:17:57.000 --> 00:17:59.000]  即是那些走肉朋友
[00:17:59.000 --> 00:18:01.000]  說你沒用的
[00:18:01.000 --> 00:18:02.000]  你都浪費力氣了
[00:18:02.000 --> 00:18:04.000]  你不知道我
[00:18:04.000 --> 00:18:08.000]  但如果由父母告訴你你沒用
[00:18:08.000 --> 00:18:10.000]  這一句影響就很大
[00:18:10.000 --> 00:18:13.000]  因為這是我很重要
[00:18:13.000 --> 00:18:15.000]  從他身上的評語
[00:18:15.000 --> 00:18:18.000]  我很看重
[00:18:18.000 --> 00:18:21.000]  所以如果我們看重上帝
[00:18:21.000 --> 00:18:23.000]  這就是分別
[00:18:23.000 --> 00:18:26.000]  大衛他很看重上帝
[00:18:26.000 --> 00:18:28.000]  他看重上帝對他的評語
[00:18:28.000 --> 00:18:31.000]  所以他知道上帝愛我
[00:18:31.000 --> 00:18:33.000]  所以當上帝愛他的時候
[00:18:33.000 --> 00:18:37.000]  他就覺得就算父母兄弟不愛我
[00:18:37.000 --> 00:18:39.000]  有上帝愛我
[00:18:39.000 --> 00:18:41.000]  他的心靈就得到滿足
[00:18:41.000 --> 00:18:43.000]  他得到醫治
[00:19:09.000 --> 00:19:13.000]  我既厭氣掃羅作以色列的王
[00:19:13.000 --> 00:19:17.000]  你為他悲傷要到幾時呢
[00:19:17.000 --> 00:19:21.000]  你將高遊盛滿了國
[00:19:21.000 --> 00:19:24.000]  我差遣你往伯利恆
[00:19:24.000 --> 00:19:26.000]  仁耶西那裡去
[00:19:26.000 --> 00:19:30.000]  因為我和在他眾志之內
[00:19:30.000 --> 00:19:39.000]  預定一個作王的就是誰
[00:19:39.000 --> 00:19:42.000]  這段說話是誰和誰說的
[00:19:42.000 --> 00:19:49.000]  叫薩姆爾去找到伯利恆仁耶西
[00:19:49.000 --> 00:19:52.000]  在他很多的兒子當中
[00:19:52.000 --> 00:19:55.000]  有一個我預定他作王
[00:19:55.000 --> 00:19:58.000]  所以在薩姆爾記第十六章
[00:19:58.000 --> 00:20:03.000]  和其他有關形容到大衛的經文裡
[00:20:03.000 --> 00:20:07.000]  有些經文是形容大衛作耶西的兒子
[00:20:07.000 --> 00:20:09.000]  不知道大家有沒有讀過這些經文
[00:20:09.000 --> 00:20:11.000]  在薩姆爾記第十六章都有
[00:20:11.000 --> 00:20:13.000]  就是耶西的兒子
[00:20:13.000 --> 00:20:16.000]  如果以神學的角度看
[00:20:16.000 --> 00:20:21.000]  有一本神學的達火傳書
[00:20:21.000 --> 00:20:25.000]  去研究關乎耶西
[00:20:25.000 --> 00:20:30.000]  其實耶西相信是一位敬業的人
[00:20:30.000 --> 00:20:31.000]  為什麼呢?
[00:20:31.000 --> 00:20:34.000]  因為很多時候在舊約
[00:20:34.000 --> 00:20:37.000]  預表彌賽亞
[00:20:37.000 --> 00:20:39.000]  即是將來的一個救主
[00:20:39.000 --> 00:20:41.000]  當然我們知道這個後來是誰
[00:20:41.000 --> 00:20:42.000]  彌賽亞是誰
[00:20:42.000 --> 00:20:44.000]  耶穌基督
[00:20:44.000 --> 00:20:47.000]  他將大衛連名起來
[00:20:47.000 --> 00:20:49.000]  因為他是從大衛而出
[00:20:49.000 --> 00:20:51.000]  但其實有些時候
[00:20:51.000 --> 00:20:53.000]  他是從耶西來說的
[00:20:53.000 --> 00:20:56.000]  比如在彌賽亞書第十一章
[00:20:56.000 --> 00:20:59.000]  他說這個是耶西的本
[00:20:59.000 --> 00:21:00.000]  耶西的本
[00:21:00.000 --> 00:21:03.000]  即是說彌賽亞出於耶西
[00:21:03.000 --> 00:21:07.000]  然後在羅馬書說到
[00:21:07.000 --> 00:21:09.000]  因信稱義救恩
[00:21:09.000 --> 00:21:11.000]  說救恩耶穌
[00:21:11.000 --> 00:21:15.000]  耶穌是大衛的後裔
[00:21:15.000 --> 00:21:18.000]  羅馬書開始就說了
[00:21:18.000 --> 00:21:23.000]  但在舊約的時候
[00:21:23.000 --> 00:21:27.000]  他就說是耶西的根
[00:21:27.000 --> 00:21:29.000]  所以以神學的角度來說
[00:21:29.000 --> 00:21:31.000]  這個耶西之子大衛
[00:21:31.000 --> 00:21:35.000]  其實和耶西的正面聯繫
[00:21:35.000 --> 00:21:38.000]  有一個聖經的肯定性
[00:21:38.000 --> 00:21:39.000]  換句話說
[00:21:39.000 --> 00:21:43.000]  我們看到大衛在耶西的家庭裡長大
[00:21:43.000 --> 00:21:45.000]  其實是有正面影響的
[00:21:45.000 --> 00:21:47.000]  相信是有的
[00:21:47.000 --> 00:21:50.000]  稍後有機會再和大家研究一下
[00:21:50.000 --> 00:21:52.000]  他改那些兒子的名字
[00:21:52.000 --> 00:21:55.000]  背後的一些因素
[00:21:55.000 --> 00:21:59.000]  證明耶西是一個敬畏神的人
[00:21:59.000 --> 00:22:01.000]  後來他也獻平安祭
[00:22:01.000 --> 00:22:02.000]  獻梵祭
[00:22:02.000 --> 00:22:03.000]  所以他很緊張
[00:22:03.000 --> 00:22:05.000]  當薩姆爾來他家
[00:22:05.000 --> 00:22:06.000]  說要獻平安祭
[00:22:06.000 --> 00:22:07.000]  很大件事
[00:22:07.000 --> 00:22:15.000]  因為他很看重重要的宗教禮儀
[00:22:15.000 --> 00:22:17.000]  所以我們看到大衛
[00:22:17.000 --> 00:22:18.000]  相信來說
[00:22:18.000 --> 00:22:19.000]  有些正面的影響
[00:22:19.000 --> 00:22:21.000]  對於耶華華的認識
[00:22:21.000 --> 00:22:23.000]  窮世誰認識的呢?
[00:22:23.000 --> 00:22:26.000]  可能從他爸爸那裡開始認識
[00:22:26.000 --> 00:22:27.000]  但是有沒有負面影響呢?
[00:22:27.000 --> 00:22:28.000]  有的
[00:22:28.000 --> 00:22:31.000]  我們看到負面影響第十一節
[00:22:31.000 --> 00:22:33.000]  我們一起再讀一讀這一節
[00:22:33.000 --> 00:22:35.000]  請大家讀
[00:22:46.000 --> 00:22:59.000]  所以薩姆爾體聞前面那七個兒子
[00:22:59.000 --> 00:23:01.000]  即是耶西那七個
[00:23:01.000 --> 00:23:03.000]  由大開始第二第三
[00:23:03.000 --> 00:23:04.000]  特別是頭那三個很厲害
[00:23:04.000 --> 00:23:06.000]  大兒子特別厲害
[00:23:06.000 --> 00:23:08.000]  然後一路數下去
[00:23:08.000 --> 00:23:09.000]  數極了
[00:23:09.000 --> 00:23:10.000]  都不是這個
[00:23:10.000 --> 00:23:11.000]  都不是這個
[00:23:11.000 --> 00:23:12.000]  又不是這個
[00:23:12.000 --> 00:23:15.000]  已經有七個了
[00:23:15.000 --> 00:23:16.000]  怎麼辦呢?
[00:23:16.000 --> 00:23:18.000]  是這麼多嗎?
[00:23:18.000 --> 00:23:19.000]  然後耶西才說
[00:23:19.000 --> 00:23:20.000]  不是的
[00:23:20.000 --> 00:23:22.000]  其實還有一個
[00:23:22.000 --> 00:23:24.000]  還有一個是誰呢?
[00:23:24.000 --> 00:23:25.000]  我最小的
[00:23:25.000 --> 00:23:27.000]  名字都沒有說
[00:23:27.000 --> 00:23:32.000]  他在那裡看羊
[00:23:32.000 --> 00:23:33.000]  上一次我們都分析過了
[00:23:33.000 --> 00:23:35.000]  這段的記載
[00:23:35.000 --> 00:23:37.000]  很明顯就代表
[00:23:37.000 --> 00:23:39.000]  大衛在耶西的心目中
[00:23:39.000 --> 00:23:42.000]  是否很重要?
[00:23:42.000 --> 00:23:44.000]  他想著這麼重要的
[00:23:44.000 --> 00:23:47.000]  整個家庭的獻祭
[00:23:47.000 --> 00:23:48.000]  大件事
[00:23:48.000 --> 00:23:51.000]  找僕人去看羊就行了
[00:23:51.000 --> 00:23:53.000]  他看開是這個小兒子
[00:23:53.000 --> 00:23:54.000]  隨他吧
[00:23:54.000 --> 00:23:55.000]  他看開的
[00:23:55.000 --> 00:23:56.000]  隨他去看吧
[00:23:56.000 --> 00:23:58.000]  我們有我們的事
[00:23:58.000 --> 00:23:59.000]  重要的事
[00:23:59.000 --> 00:24:02.000]  現在全家去迪士尼
[00:24:02.000 --> 00:24:04.000]  很開心
[00:24:04.000 --> 00:24:07.000]  剩下最後那個在看家
[00:24:07.000 --> 00:24:10.000]  你的心會怎樣?
[00:24:10.000 --> 00:24:12.000]  你的心一定會覺得
[00:24:12.000 --> 00:24:19.000]  爸爸根本不放我在眼內
[00:24:19.000 --> 00:24:21.000]  所以如果是這樣
[00:24:21.000 --> 00:24:25.000]  大衛其實可以很自卑
[00:24:25.000 --> 00:24:26.000]  每個人都有份
[00:24:26.000 --> 00:24:27.000]  沒有他
[00:24:27.000 --> 00:24:29.000]  爸爸根本都不記得他
[00:24:29.000 --> 00:24:31.000]  想著還有一個
[00:24:31.000 --> 00:24:35.000]  那個是多餘的
[00:24:35.000 --> 00:24:37.000]  還有如果你看
[00:24:37.000 --> 00:24:40.000]  遲些我們看《三美記》第17章
[00:24:40.000 --> 00:24:42.000]  講到那些哥
[00:24:42.000 --> 00:24:45.000]  哥和他的互動
[00:24:45.000 --> 00:24:46.000]  那三個哥
[00:24:46.000 --> 00:24:48.000]  全部都厲害到
[00:24:48.000 --> 00:24:52.000]  被蘇羅召去做領袖
[00:24:52.000 --> 00:25:00.000]  在戰場上的重要崗位
[00:25:00.000 --> 00:25:02.000]  耶西就說
[00:25:02.000 --> 00:25:04.000]  你上去幫我拿些東西給你哥
[00:25:04.000 --> 00:25:06.000]  找他做順差
[00:25:06.000 --> 00:25:10.000]  做侍從
[00:25:10.000 --> 00:25:12.000]  拿上去和哥互動
[00:25:12.000 --> 00:25:13.000]  你發覺
[00:25:13.000 --> 00:25:15.000]  如果自己有時間去看
[00:25:15.000 --> 00:25:18.000]  那些哥對他很差
[00:25:18.000 --> 00:25:20.000]  非常藐視他
[00:25:20.000 --> 00:25:21.000]  你來這裡做什麼?
[00:25:21.000 --> 00:25:22.000]  差不多
[00:25:22.000 --> 00:25:23.000]  你這臭小子來這裡做什麼?
[00:25:23.000 --> 00:25:24.000]  看熱鬧?
[00:25:24.000 --> 00:25:26.000]  你不是要看羊嗎?
[00:25:26.000 --> 00:25:27.000]  回去吧
[00:25:27.000 --> 00:25:28.000]  差不多是這樣
[00:25:28.000 --> 00:25:31.000]  現代語氣差不多是這樣
[00:25:31.000 --> 00:25:32.000]  如果那幾個哥
[00:25:32.000 --> 00:25:35.000]  整天都覺得你多餘
[00:25:35.000 --> 00:25:37.000]  白眼光都覺得你多餘
[00:25:37.000 --> 00:25:38.000]  何況我們
[00:25:38.000 --> 00:25:39.000]  你打仗
[00:25:39.000 --> 00:25:40.000]  有你的份嗎?
[00:25:40.000 --> 00:25:41.000]  走走走
[00:25:41.000 --> 00:25:43.000]  我們重要的事
[00:25:43.000 --> 00:25:45.000]  沒有你的事
[00:25:45.000 --> 00:25:46.000]  如果是這樣
[00:25:46.000 --> 00:25:49.000]  不知道你的感覺會是怎樣
[00:25:49.000 --> 00:25:52.000]  如果你在這個家庭裡長大
[00:25:52.000 --> 00:25:53.000]  那些父母
[00:25:53.000 --> 00:25:54.000]  那些兄弟
[00:25:54.000 --> 00:25:57.000]  覺得你是nothing
[00:25:57.000 --> 00:25:59.000]  覺得你是多餘
[00:25:59.000 --> 00:26:02.000]  這樣真的很大傷害
[00:26:02.000 --> 00:26:06.000]  其實
[00:26:06.000 --> 00:26:07.000]  伊利亞
[00:26:07.000 --> 00:26:08.000]  最大的大哥
[00:26:08.000 --> 00:26:10.000]  聖經形容他
[00:26:10.000 --> 00:26:13.000]  形容他容貌俊美
[00:26:13.000 --> 00:26:15.000]  身材高大
[00:26:15.000 --> 00:26:16.000]  再加上
[00:26:16.000 --> 00:26:19.000]  數流都說他英勇善戰
[00:26:19.000 --> 00:26:20.000]  腦筋很好
[00:26:20.000 --> 00:26:23.000]  人緣很佳
[00:26:23.000 --> 00:26:26.000]  如果有一個這樣的哥
[00:26:26.000 --> 00:26:29.000]  其實你已經自卑了幾成
[00:26:29.000 --> 00:26:31.000]  跟他拍拖
[00:26:31.000 --> 00:26:32.000]  一出來
[00:26:32.000 --> 00:26:33.000]  個個都說
[00:26:33.000 --> 00:26:35.000]  這是夜西的兒子
[00:26:35.000 --> 00:26:36.000]  不是指著你
[00:26:36.000 --> 00:26:39.000]  指著你的哥
[00:26:39.000 --> 00:26:42.000]  有一個
[00:26:42.000 --> 00:26:45.000]  在某個大學讀博士班的
[00:26:45.000 --> 00:26:47.000]  一個男孩
[00:26:47.000 --> 00:26:50.000]  其實長得一表人才
[00:26:50.000 --> 00:26:51.000]  不過很多時候
[00:26:51.000 --> 00:26:53.000]  拍了很多很多次拖
[00:26:53.000 --> 00:26:55.000]  都沒有辦法
[00:26:55.000 --> 00:26:56.000]  有些女孩
[00:26:56.000 --> 00:26:57.000]  一跟他拍拖
[00:26:57.000 --> 00:26:58.000]  一兩次之後
[00:26:58.000 --> 00:27:00.000]  就不願意了
[00:27:00.000 --> 00:27:01.000]  為什麼呢
[00:27:01.000 --> 00:27:02.000]  因為發覺他
[00:27:02.000 --> 00:27:03.000]  在性格上
[00:27:03.000 --> 00:27:05.000]  有很大的自卑感
[00:27:05.000 --> 00:27:07.000]  讀博士班
[00:27:07.000 --> 00:27:08.000]  在美國讀大學
[00:27:08.000 --> 00:27:09.000]  讀博士班
[00:27:09.000 --> 00:27:11.000]  為什麼會有這麼大的自卑感
[00:27:11.000 --> 00:27:12.000]  原來發現
[00:27:12.000 --> 00:27:14.000]  他有一個哥
[00:27:14.000 --> 00:27:16.000]  是一間全美國
[00:27:16.000 --> 00:27:18.000]  最top的名校
[00:27:18.000 --> 00:27:21.000]  畢業的博士
[00:27:21.000 --> 00:27:23.000]  很有成就
[00:27:23.000 --> 00:27:25.000]  他自己都不錯
[00:27:25.000 --> 00:27:27.000]  但一旦給了這個哥
[00:27:27.000 --> 00:27:28.000]  那些爸媽
[00:27:28.000 --> 00:27:29.000]  全部都說
[00:27:29.000 --> 00:27:31.000]  你兒子在哪間大學讀
[00:27:31.000 --> 00:27:33.000]  他說那間
[00:27:33.000 --> 00:27:34.000]  不是你那間
[00:27:34.000 --> 00:27:37.000]  是那間
[00:27:37.000 --> 00:27:39.000]  所以他一直以來
[00:27:39.000 --> 00:27:41.000]  雖然他自己有很多
[00:27:41.000 --> 00:27:42.000]  美好的質素
[00:27:42.000 --> 00:27:44.000]  但發揮不了出來
[00:27:44.000 --> 00:27:47.000]  因為受這個影響
[00:27:47.000 --> 00:27:49.000]  事實上
[00:27:49.000 --> 00:27:51.000]  有一個華省理工學院
[00:27:51.000 --> 00:27:53.000]  一位教授出了一本書
[00:27:53.000 --> 00:27:55.000]  Born to rebel
[00:27:55.000 --> 00:27:56.000]  意思是什麼呢
[00:27:56.000 --> 00:28:00.000]  他分析人的反叛性
[00:28:00.000 --> 00:28:04.000]  和他在家裡的排行有關係
[00:28:04.000 --> 00:28:05.000]  所以他做了這樣的研究
[00:28:05.000 --> 00:28:06.000]  所以有些人說
[00:28:06.000 --> 00:28:08.000]  你生出來就是反叛
[00:28:08.000 --> 00:28:09.000]  為什麼
[00:28:09.000 --> 00:28:10.000]  因為生出來
[00:28:10.000 --> 00:28:12.000]  他是最小的
[00:28:12.000 --> 00:28:15.000]  全家都覺得他最重要
[00:28:15.000 --> 00:28:16.000]  反過來
[00:28:16.000 --> 00:28:18.000]  現在現代家庭
[00:28:18.000 --> 00:28:21.000]  全部都是女兒
[00:28:21.000 --> 00:28:23.000]  最後生了這個兒子
[00:28:23.000 --> 00:28:25.000]  重到壞到不得了
[00:28:25.000 --> 00:28:27.000]  我有些親戚就是這樣
[00:28:27.000 --> 00:28:30.000]  全部生了七個女兒
[00:28:30.000 --> 00:28:32.000]  第八個才是兒子
[00:28:32.000 --> 00:28:39.000]  結果這個兒子壞到不得了
[00:28:39.000 --> 00:28:40.000]  還壞了
[00:28:40.000 --> 00:28:43.000]  因為最重要
[00:28:43.000 --> 00:28:44.000]  所以這個研究
[00:28:44.000 --> 00:28:47.000]  去研究原來我們的排行有關
[00:28:47.000 --> 00:28:49.000]  那些大兒子就要被迫
[00:28:49.000 --> 00:28:50.000]  要乖乖的
[00:28:50.000 --> 00:28:52.000]  要背負很多責任
[00:28:52.000 --> 00:28:54.000]  我們有沒有大兒子
[00:28:54.000 --> 00:28:56.000]  可能他的性格本來不是這樣的
[00:28:56.000 --> 00:28:58.000]  但他被迫是這樣
[00:28:58.000 --> 00:28:59.000]  因為他大
[00:28:59.000 --> 00:29:00.000]  沒辦法
[00:29:00.000 --> 00:29:02.000]  本來他很希望去做adventure
[00:29:02.000 --> 00:29:04.000]  自由自在
[00:29:04.000 --> 00:29:08.000]  很想發揮他的創意
[00:29:08.000 --> 00:29:09.000]  但不行
[00:29:09.000 --> 00:29:11.000]  因為他排行最大
[00:29:11.000 --> 00:29:14.000]  所以被迫在家裡看小孩
[00:29:14.000 --> 00:29:15.000]  不准出街
[00:29:15.000 --> 00:29:18.000]  在排行影響了他
[00:29:18.000 --> 00:29:19.000]  有些最小的
[00:29:19.000 --> 00:29:20.000]  剛才我說過
[00:29:20.000 --> 00:29:21.000]  有些在中間
[00:29:21.000 --> 00:29:22.000]  中間的時候
[00:29:22.000 --> 00:29:24.000]  他就專不喜歡
[00:29:24.000 --> 00:29:26.000]  哥哥做的事我不做
[00:29:26.000 --> 00:29:28.000]  所以他就專唱反調
[00:29:28.000 --> 00:29:31.000]  所以rebellion也是從那裡來
[00:29:31.000 --> 00:29:32.000]  當然不是絕對性
[00:29:32.000 --> 00:29:34.000]  那個界定不同
[00:29:34.000 --> 00:29:37.000]  不過原來這些排行性
[00:29:37.000 --> 00:29:40.000]  都會影響我們
[00:29:40.000 --> 00:29:42.000]  在我的書裡
[00:29:42.000 --> 00:29:45.000]  我引用了巴奧斯維克
[00:29:45.000 --> 00:29:47.000]  巴奧斯維克是現代心理家庭輔導
[00:29:47.000 --> 00:29:51.000]  可以說是最出名的一對夫婦
[00:29:51.000 --> 00:29:54.000]  他在這方面有研究
[00:29:54.000 --> 00:29:55.000]  所以我引用他
[00:29:55.000 --> 00:29:56.000]  在我的書裡
[00:29:56.000 --> 00:29:57.000]  大家回去的時候
[00:29:57.000 --> 00:29:58.000]  可以去看一下
[00:29:58.000 --> 00:30:00.000]  所以他就說出
[00:30:00.000 --> 00:30:03.000]  原來他的兄弟姐妹排行性
[00:30:03.000 --> 00:30:07.000]  都和他後來的性格的演變
[00:30:07.000 --> 00:30:08.000]  他的內心世界
[00:30:08.000 --> 00:30:11.000]  他的自我價值觀
[00:30:11.000 --> 00:30:13.000]  都有一個關聯性
[00:30:13.000 --> 00:30:15.000]  這個我今天不再細說
[00:30:15.000 --> 00:30:16.000]  不過我們發現
[00:30:16.000 --> 00:30:17.000]  在大衛的身上
[00:30:17.000 --> 00:30:19.000]  我們看到
[00:30:19.000 --> 00:30:21.000]  大衛他不同的地方
[00:30:21.000 --> 00:30:23.000]  就是他排除了這些
[00:30:23.000 --> 00:30:27.000]  從原生家庭對他的影響
[00:30:27.000 --> 00:30:29.000]  事實上
[00:30:29.000 --> 00:30:31.000]  這位是我的
[00:30:31.000 --> 00:30:33.000]  過往一位老師
[00:30:33.000 --> 00:30:34.000]  20年前拍的
[00:30:34.000 --> 00:30:36.000]  21年了
[00:30:36.000 --> 00:30:39.000]  他是我的論文
[00:30:39.000 --> 00:30:40.000]  即是畢業論文
[00:30:40.000 --> 00:30:41.000]  我的第一指導
[00:30:41.000 --> 00:30:43.000]  林國亮院長
[00:30:43.000 --> 00:30:45.000]  當時他還沒有做院長
[00:30:45.000 --> 00:30:47.000]  因為他是婚姻家庭的專家
[00:30:47.000 --> 00:30:50.000]  所以我就上了他的課
[00:30:50.000 --> 00:30:51.000]  他有一課
[00:30:51.000 --> 00:30:53.000]  叫做《聖經家庭觀》
[00:30:53.000 --> 00:30:54.000]  我上了之後很有興趣
[00:30:54.000 --> 00:30:56.000]  我就立定心意
[00:30:56.000 --> 00:30:57.000]  我寫的博士論文
[00:30:57.000 --> 00:30:59.000]  從這個方向寫
[00:30:59.000 --> 00:31:00.000]  所以就請了他
[00:31:00.000 --> 00:31:01.000]  做我的第一指導
[00:31:01.000 --> 00:31:03.000]  他是第一指導
[00:31:03.000 --> 00:31:06.000]  然後他就寫了一本書
[00:31:06.000 --> 00:31:08.000]  就是關乎原生家庭的
[00:31:08.000 --> 00:31:10.000]  他在這本書說
[00:31:10.000 --> 00:31:15.000]  過去只能影響我們的現在
[00:31:15.000 --> 00:31:18.000]  但是不能夠決定我們的現在
[00:31:18.000 --> 00:31:19.000]  這句說話很重要
[00:31:19.000 --> 00:31:21.000]  它會影響我們現在
[00:31:21.000 --> 00:31:22.000]  可能影響到現在
[00:31:22.000 --> 00:31:24.000]  但是不能決定我們的現在
[00:31:24.000 --> 00:31:28.000]  更加不能決定我們的將來
[00:31:28.000 --> 00:31:31.000]  這就是潛能的意思
[00:31:31.000 --> 00:31:33.000]  所以原來大衛可以決定
[00:31:33.000 --> 00:31:37.000]  他當時可能會令到他很受挫折
[00:31:37.000 --> 00:31:40.000]  但是他不可以讓這個
[00:31:40.000 --> 00:31:43.000]  永遠決定他的人生是這樣
[00:31:43.000 --> 00:31:45.000]  他會扭轉過來
[00:31:45.000 --> 00:31:48.000]  所以剛才我說了
[00:31:48.000 --> 00:31:50.000]  他在他的著作裏面
[00:31:50.000 --> 00:31:52.000]  有一個概念很重要
[00:31:52.000 --> 00:31:54.000]  就是Differentiation
[00:31:54.000 --> 00:31:57.000]  所以一個就是Identification
[00:31:57.000 --> 00:31:59.000]  就是說你要肯定
[00:31:59.000 --> 00:32:01.000]  知道你自己現在的情況是什麼
[00:32:01.000 --> 00:32:03.000]  你的Identity在哪裏
[00:32:03.000 --> 00:32:05.000]  這個究竟是從哪裏影響
[00:32:05.000 --> 00:32:08.000]  今天對自己的價值看法
[00:32:08.000 --> 00:32:10.000]  肯定了Identify
[00:32:10.000 --> 00:32:12.000]  然後Differentiate
[00:32:12.000 --> 00:32:13.000]  Differentiate就是說
[00:32:13.000 --> 00:32:15.000]  從這個裏面跳出來
[00:32:15.000 --> 00:32:19.000]  轉化成為另一種價值觀
[00:32:19.000 --> 00:32:21.000]  我們看到事實上
[00:32:21.000 --> 00:32:24.000]  有一個見證說到
[00:32:24.000 --> 00:32:25.000]  有一個老師
[00:32:25.000 --> 00:32:26.000]  他自己做老師
[00:32:26.000 --> 00:32:28.000]  他對學生很嚴格
[00:32:28.000 --> 00:32:29.000]  非常嚴厲
[00:32:29.000 --> 00:32:31.000]  捉一點點就罰得很厲害
[00:32:31.000 --> 00:32:33.000]  後來他就想
[00:32:33.000 --> 00:32:35.000]  究竟為什麼我這麼兇
[00:32:35.000 --> 00:32:38.000]  為什麼我對學生這麼差
[00:32:38.000 --> 00:32:40.000]  他自己自我檢討
[00:32:40.000 --> 00:32:41.000]  檢討完之後
[00:32:41.000 --> 00:32:42.000]  他發覺原來
[00:32:42.000 --> 00:32:46.000]  因為他在一個牧師的家庭長大
[00:32:46.000 --> 00:32:48.000]  他爸爸對他很嚴格
[00:32:48.000 --> 00:32:50.000]  所以做牧師的兒女
[00:32:50.000 --> 00:32:52.000]  是很慘的
[00:32:52.000 --> 00:32:54.000]  我要特別留意
[00:32:54.000 --> 00:32:56.000]  我今天還和我的女兒聊天
[00:32:56.000 --> 00:32:58.000]  原來有些事我不經不覺
[00:32:58.000 --> 00:32:59.000]  是在影響她
[00:32:59.000 --> 00:33:01.000]  她現在說出來
[00:33:01.000 --> 00:33:03.000]  所以不是只有我影響她
[00:33:03.000 --> 00:33:05.000]  是周圍教會的人
[00:33:05.000 --> 00:33:08.000]  牧師的兒女一定要很乖
[00:33:08.000 --> 00:33:10.000]  影響她
[00:33:10.000 --> 00:33:13.000]  所以在她自小的時候
[00:33:13.000 --> 00:33:17.000]  她就有一個很嚴的觀念
[00:33:17.000 --> 00:33:20.000]  所以後來她帶進去教書的時候
[00:33:20.000 --> 00:33:21.000]  很嚴很嚴
[00:33:21.000 --> 00:33:23.000]  這個identification
[00:33:23.000 --> 00:33:25.000]  她identify到自己了
[00:33:25.000 --> 00:33:26.000]  然後她發覺不是的
[00:33:26.000 --> 00:33:28.000]  我是基督徒
[00:33:28.000 --> 00:33:30.000]  我怎樣對學生怎樣對人
[00:33:30.000 --> 00:33:34.000]  是不是這個觀念就永遠是我的觀念
[00:33:34.000 --> 00:33:35.000]  不是
[00:33:35.000 --> 00:33:37.000]  所以她differentiate出來
[00:33:37.000 --> 00:33:38.000]  所以她就跳出來
[00:33:38.000 --> 00:33:41.000]  看看究竟神今天放我在這個學校裏
[00:33:41.000 --> 00:33:43.000]  我做一個老師
[00:33:43.000 --> 00:33:46.000]  我的角色對學生的態度應該是怎樣
[00:33:46.000 --> 00:33:48.000]  我的心態應該是怎樣
[00:33:48.000 --> 00:33:49.000]  她從真理那裏
[00:33:49.000 --> 00:33:51.000]  從聖靈的幫助
[00:33:51.000 --> 00:33:52.000]  去轉化她
[00:33:52.000 --> 00:33:53.000]  轉化她之後
[00:33:53.000 --> 00:33:55.000]  她就有一個不同的價值觀
[00:33:55.000 --> 00:33:56.000]  和自我價值
[00:33:56.000 --> 00:33:59.000]  以後她對學生的態度不同了
[00:33:59.000 --> 00:34:02.000]  因為她用神的態度去對待那些學生
[00:34:02.000 --> 00:34:03.000]  不是用她自己
[00:34:03.000 --> 00:34:04.000]  爸爸怎樣對待她
[00:34:04.000 --> 00:34:05.000]  她要對待學生
[00:34:05.000 --> 00:34:07.000]  大家明白我的意思嗎
[00:34:07.000 --> 00:34:12.000]  所以我們見到大衛她是認識到神
[00:34:12.000 --> 00:34:14.000]  她看重神怎樣看她
[00:34:14.000 --> 00:34:15.000]  所以她從年少的時候
[00:34:15.000 --> 00:34:17.000]  已經開始作很多詩篇
[00:34:17.000 --> 00:34:19.000]  她和神有一個交往
[00:34:19.000 --> 00:34:22.000]  她在沒有人理她的時候
[00:34:22.000 --> 00:34:23.000]  在抗疫的時候
[00:34:23.000 --> 00:34:25.000]  她覺得神與她同在
[00:34:25.000 --> 00:34:28.000]  所以她的神一度帶領她說
[00:34:28.000 --> 00:34:31.000]  神給她力量可以對付獅子那些熊
[00:34:31.000 --> 00:34:35.000]  可以練習那些技巧
[00:34:35.000 --> 00:34:37.000]  因為她覺得自己是有價值的
[00:34:37.000 --> 00:34:39.000]  因為上帝在她的身上
[00:34:39.000 --> 00:34:42.000]  她知道神愛她
[00:34:42.000 --> 00:34:48.000]  丁子妹你知不知道神愛你
[00:34:48.000 --> 00:34:57.000]  感不感受到神真的很愛你
[00:34:57.000 --> 00:35:00.000]  如果你看重神那麼愛我
[00:35:00.000 --> 00:35:01.000]  她怎樣看我
[00:35:01.000 --> 00:35:03.000]  我覺得很重要
[00:35:03.000 --> 00:35:05.000]  這樣我們就有一個正確的
[00:35:05.000 --> 00:35:08.000]  從神而來的眼光看自己
[00:35:08.000 --> 00:35:10.000]  大家明白我的意思嗎
[00:35:10.000 --> 00:35:13.000]  這個不是一下子的
[00:35:13.000 --> 00:35:15.000]  亦都是不斷不斷不斷
[00:35:15.000 --> 00:35:16.000]  在與神的經歷
[00:35:16.000 --> 00:35:19.000]  與神在成長的過程裏
[00:35:19.000 --> 00:35:22.000]  我們不斷地體會到這方面的重要
[00:35:22.000 --> 00:35:25.000]  所以大衛開始認識神的真理
[00:35:25.000 --> 00:35:27.000]  明白到這句話
[00:35:27.000 --> 00:35:28.000]  一齊讀好不好
[00:35:28.000 --> 00:35:32.000]  耶和華不像人看人
[00:35:32.000 --> 00:35:34.000]  人是看外貌
[00:35:34.000 --> 00:35:37.000]  耶和華是看內心
[00:35:37.000 --> 00:35:41.000]  這個是撒姆爾說給她聽的
[00:35:41.000 --> 00:35:43.000]  當她明白這個真理
[00:35:43.000 --> 00:35:44.000]  即是今天我們讀聖經
[00:35:44.000 --> 00:35:46.000]  一讀到明白了
[00:35:46.000 --> 00:35:48.000]  那就開始轉變了
[00:35:48.000 --> 00:35:49.000]  轉變我們的思想
[00:35:49.000 --> 00:35:50.000]  轉變我們的價值觀
[00:35:50.000 --> 00:35:53.000]  轉變我們改變我們的生命
[00:35:53.000 --> 00:35:55.000]  這個幫助我們體會到
[00:35:55.000 --> 00:35:58.000]  原來神看錯我的內心
[00:35:58.000 --> 00:36:02.000]  我需要存一個正直純全的內心
[00:36:02.000 --> 00:36:04.000]  這個就是她合乎神心意
[00:36:04.000 --> 00:36:07.000]  很重要的原因
[00:36:07.000 --> 00:36:10.000]  這位就是劉富里院長
[00:36:10.000 --> 00:36:16.000]  他是之前林國內院長的前起任院長
[00:36:16.000 --> 00:36:20.000]  他的師母和李師母
[00:36:20.000 --> 00:36:24.000]  他寫了一本書
[00:36:24.000 --> 00:36:28.000]  他寫了一本序言
[00:36:28.000 --> 00:36:31.000]  幫助林國內院長寫序言
[00:36:31.000 --> 00:36:34.000]  他的序言有一段說話很精彩
[00:36:34.000 --> 00:36:39.000]  他說走出原生家庭的創傷
[00:36:39.000 --> 00:36:41.000]  走出原生家庭的創傷
[00:36:41.000 --> 00:36:45.000]  他說當我們接受主耶穌基督的時候
[00:36:45.000 --> 00:36:47.000]  讓耶穌成為我們的救主
[00:36:47.000 --> 00:36:50.000]  祂在十字架上所流的寶血
[00:36:50.000 --> 00:36:52.000]  就洗淨我們的罪
[00:36:52.000 --> 00:36:56.000]  祂的捨命和流血代表祂永遠愛我們
[00:36:56.000 --> 00:36:58.000]  祂犧牲祂的生命愛我們
[00:36:58.000 --> 00:37:00.000]  是不會改變的
[00:37:00.000 --> 00:37:03.000]  所以當我們明白到守聖餐的時候
[00:37:03.000 --> 00:37:05.000]  耶穌怎樣愛我們
[00:37:05.000 --> 00:37:07.000]  祂為我們在十字架上犧牲
[00:37:07.000 --> 00:37:09.000]  這種醫治的愛
[00:37:09.000 --> 00:37:14.000]  就能夠醫治我們原生家庭的創傷
[00:37:14.000 --> 00:37:18.000]  所以他說當我們接受主耶穌
[00:37:18.000 --> 00:37:20.000]  這位生命的主
[00:37:20.000 --> 00:37:23.000]  聖靈就開始在我們身上工作
[00:37:23.000 --> 00:37:26.000]  讓我們能夠有力量去接納其他人
[00:37:26.000 --> 00:37:28.000]  饒恕人
[00:37:28.000 --> 00:37:33.000]  最重要的是從自己這些捆綁裡得到釋放
[00:37:33.000 --> 00:37:37.000]  所以這就是他寫序言的時候
[00:37:37.000 --> 00:37:44.000]  林安國牧師寫家庭生命序言的時候
[00:37:44.000 --> 00:37:47.000]  寫出這段非常重要的說話
[00:37:47.000 --> 00:37:50.000]  其實無論我們是什麼年紀
[00:37:50.000 --> 00:37:53.000]  他們是四十五十六十七十八十
[00:37:53.000 --> 00:37:57.000]  這裡沒有九十吧
[00:37:57.000 --> 00:38:01.000]  有九十歲嗎我們這裡
[00:38:01.000 --> 00:38:03.000]  網上有
[00:38:03.000 --> 00:38:04.000]  我們教會有
[00:38:04.000 --> 00:38:05.000]  堂會有
[00:38:05.000 --> 00:38:10.000]  不過我們發覺原來我們仍然可以
[00:38:10.000 --> 00:38:14.000]  跳出一些過往我們舊的生命
[00:38:14.000 --> 00:38:16.000]  聖經裡面不斷地說
[00:38:16.000 --> 00:38:20.000]  我們要棄舊迎新
[00:38:20.000 --> 00:38:22.000]  棄舊迎新是霸凌
[00:38:22.000 --> 00:38:27.000]  棄舊漸新更新
[00:38:27.000 --> 00:38:29.000]  漸漸更新
[00:38:29.000 --> 00:38:33.000]  所以原來我們可以脫棄舊的人
[00:38:33.000 --> 00:38:36.000]  這個舊人直到我們見主耶穌之前還有
[00:38:36.000 --> 00:38:37.000]  換句話說
[00:38:37.000 --> 00:38:38.000]  你幾多歲都好
[00:38:38.000 --> 00:38:40.000]  你未見主之前
[00:38:40.000 --> 00:38:43.000]  還是有些東西要脫去舊的人
[00:38:43.000 --> 00:38:45.000]  然後穿上
[00:38:45.000 --> 00:38:46.000]  這個穿上
[00:38:46.000 --> 00:38:47.000]  穿上新人
[00:38:47.000 --> 00:38:51.000]  叫我們漸漸地去更新
[00:38:51.000 --> 00:38:54.000]  所以我們看到大衛他認定了神愛他
[00:38:54.000 --> 00:38:55.000]  揀選他
[00:38:55.000 --> 00:38:58.000]  我們知道原來他不斷地
[00:38:58.000 --> 00:39:00.000]  可以在舊恩裡面
[00:39:00.000 --> 00:39:01.000]  今天我們更加好了
[00:39:01.000 --> 00:39:02.000]  在耶穌基督裡面
[00:39:02.000 --> 00:39:05.000]  我們能夠可以學校主耶穌
[00:39:05.000 --> 00:39:07.000]  請問你像不像耶穌
[00:39:07.000 --> 00:39:08.000]  像不像
[00:39:08.000 --> 00:39:09.000]  正在學
[00:39:09.000 --> 00:39:10.000]  正在學
[00:39:10.000 --> 00:39:11.000]  這個就對了
[00:39:11.000 --> 00:39:12.000]  我們每個人都正在學
[00:39:12.000 --> 00:39:15.000]  就是說有很多東西還不像耶穌
[00:39:15.000 --> 00:39:17.000]  有些東西開始像了
[00:39:17.000 --> 00:39:18.000]  以前不是這樣的
[00:39:18.000 --> 00:39:19.000]  開始像
[00:39:19.000 --> 00:39:20.000]  但是正在學
[00:39:20.000 --> 00:39:22.000]  還不斷地學
[00:39:22.000 --> 00:39:23.000]  學耶穌的謙卑
[00:39:23.000 --> 00:39:25.000]  學耶穌如何服侍
[00:39:25.000 --> 00:39:26.000]  學耶穌如何信服
[00:39:26.000 --> 00:39:28.000]  學耶穌如何愛
[00:39:28.000 --> 00:39:30.000]  正在學
[00:39:30.000 --> 00:39:33.000]  就是說還有潛質
[00:39:33.000 --> 00:39:36.000]  還有潛能需要發揮
[00:39:36.000 --> 00:39:39.000]  Amen
[00:39:39.000 --> 00:39:40.000]  第二
[00:39:40.000 --> 00:39:44.000]  就是我們如何來發揮我們的潛能
[00:39:44.000 --> 00:39:47.000]  就是憑著聖靈
[00:39:47.000 --> 00:39:50.000]  聖靈和靈性的操練
[00:39:50.000 --> 00:39:52.000]  發揮潛能
[00:39:52.000 --> 00:39:54.000]  在《撒慕爾記》十六章這裡這麼說
[00:39:54.000 --> 00:39:55.000]  第十三節
[00:39:55.000 --> 00:39:56.000]  我們一起讀這節好不好
[00:39:56.000 --> 00:39:57.000]  一起讀
[00:39:57.000 --> 00:40:02.000]  《撒慕爾記》就用國女的膏油
[00:40:02.000 --> 00:40:06.000]  在他朱兄中告了他
[00:40:06.000 --> 00:40:07.000]  從這一天起
[00:40:07.000 --> 00:40:12.000]  瑤華的靈就大大感動大衛
[00:40:12.000 --> 00:40:14.000]  這個就是分別
[00:40:14.000 --> 00:40:16.000]  如果你從十二節
[00:40:16.000 --> 00:40:18.000]  就是前一節看
[00:40:18.000 --> 00:40:19.000]  回去自己看看
[00:40:19.000 --> 00:40:22.000]  我給你一點功課做一下
[00:40:22.000 --> 00:40:23.000]  你回去看看
[00:40:23.000 --> 00:40:24.000]  十二節描寫大衛
[00:40:24.000 --> 00:40:26.000]  大衛怎麼樣
[00:40:26.000 --> 00:40:27.000]  醜又醜酸
[00:40:27.000 --> 00:40:29.000]  矮又矮過人
[00:40:29.000 --> 00:40:31.000]  打又不打得
[00:40:31.000 --> 00:40:33.000]  走路咯吱咯吱
[00:40:33.000 --> 00:40:36.000]  是不是這樣
[00:40:36.000 --> 00:40:38.000]  當然不是
[00:40:38.000 --> 00:40:42.000]  十二節描寫大衛面色剛紅
[00:40:42.000 --> 00:40:44.000]  雙目清瘦
[00:40:44.000 --> 00:40:46.000]  容貌俊美
[00:40:46.000 --> 00:40:49.000]  有沒有潛質
[00:40:49.000 --> 00:40:51.000]  很大潛質
[00:40:51.000 --> 00:40:54.000]  本來是他的優厚條件
[00:40:54.000 --> 00:40:57.000]  請問靠這些
[00:40:57.000 --> 00:40:59.000]  人生出來的
[00:40:59.000 --> 00:41:02.000]  人本身有的天然
[00:41:02.000 --> 00:41:05.000]  他未能夠承擔將來
[00:41:05.000 --> 00:41:06.000]  以色列王
[00:41:06.000 --> 00:41:07.000]  為什麼
[00:41:07.000 --> 00:41:09.000]  第十三節
[00:41:09.000 --> 00:41:11.000]  第十三節說
[00:41:11.000 --> 00:41:13.000]  撒慕爾用國女的膏油
[00:41:13.000 --> 00:41:15.000]  在朱兄中告了他
[00:41:15.000 --> 00:41:17.000]  從這一天起
[00:41:17.000 --> 00:41:19.000]  從那天開始
[00:41:19.000 --> 00:41:20.000]  之前還不行
[00:41:20.000 --> 00:41:22.000]  前一節還不行
[00:41:22.000 --> 00:41:24.000]  從現在開始
[00:41:24.000 --> 00:41:26.000]  耶和華的靈
[00:41:26.000 --> 00:41:29.000]  就大大感動大衛
[00:41:29.000 --> 00:41:31.000]  這個就是關鍵
[00:41:31.000 --> 00:41:34.000]  弟兄姊妹
[00:41:34.000 --> 00:41:36.000]  原來今天我們不可以靠自己說
[00:41:36.000 --> 00:41:37.000]  我可以的
[00:41:37.000 --> 00:41:39.000]  我能夠做到的
[00:41:39.000 --> 00:41:43.000]  這樣去發揮潛能
[00:41:43.000 --> 00:41:45.000]  都可以的
[00:41:45.000 --> 00:41:47.000]  某個程度上
[00:41:47.000 --> 00:41:50.000]  但不是神要我們發揮那種潛能
[00:41:50.000 --> 00:41:52.000]  或者甚至不行
[00:41:52.000 --> 00:41:54.000]  因為說了一會兒就忘記了
[00:41:54.000 --> 00:41:58.000]  又回到以前的潛意識
[00:41:58.000 --> 00:42:00.000]  我還是不行的
[00:42:00.000 --> 00:42:03.000]  靠什麼呢
[00:42:03.000 --> 00:42:05.000]  靠耶和華的靈
[00:42:05.000 --> 00:42:07.000]  這個就是關鍵
[00:42:07.000 --> 00:42:10.000]  所以耶和華的靈就大大感動他
[00:42:10.000 --> 00:42:11.000]  從那天開始
[00:42:11.000 --> 00:42:14.000]  大衛就真的有不同了
[00:42:14.000 --> 00:42:17.000]  你說是不是他一下子
[00:42:17.000 --> 00:42:19.000]  就成為了以色列的皇帝
[00:42:19.000 --> 00:42:21.000]  這兩樣東西非常超群
[00:42:21.000 --> 00:42:22.000]  非常厲害
[00:42:22.000 --> 00:42:24.000]  那又不是
[00:42:24.000 --> 00:42:26.000]  不過就開始可以了
[00:42:26.000 --> 00:42:28.000]  因為接著下去打哥利亞
[00:42:28.000 --> 00:42:30.000]  看到不同了
[00:42:30.000 --> 00:42:33.000]  覺得耶和華的靈與我同在
[00:42:33.000 --> 00:42:35.000]  後來都有很多
[00:42:35.000 --> 00:42:36.000]  上上落落
[00:42:36.000 --> 00:42:38.000]  靈性當然是這樣的
[00:42:38.000 --> 00:42:41.000]  沒有說一天就已經成功
[00:42:41.000 --> 00:42:44.000]  看到大衛
[00:42:44.000 --> 00:42:46.000]  藉著與神不斷的建立
[00:42:46.000 --> 00:42:48.000]  為什麼他寫這麼多詩篇
[00:42:48.000 --> 00:42:49.000]  跟神的關係
[00:42:49.000 --> 00:42:50.000]  這麼多人生的挫折
[00:42:50.000 --> 00:42:52.000]  甚至失敗
[00:42:52.000 --> 00:42:54.000]  再重新起來
[00:42:54.000 --> 00:42:56.000]  整個階段
[00:42:56.000 --> 00:43:00.000]  我們看到這個就是屬靈的操練
[00:43:00.000 --> 00:43:02.000]  你說屬靈操練從哪裡來
[00:43:02.000 --> 00:43:04.000]  從聖靈那裡來
[00:43:04.000 --> 00:43:06.000]  聖靈開始了
[00:43:06.000 --> 00:43:09.000]  今天到新約的時候更加清楚了
[00:43:09.000 --> 00:43:11.000]  所以我們信了耶穌的時候
[00:43:11.000 --> 00:43:13.000]  不是靠自己
[00:43:13.000 --> 00:43:16.000]  我要怎樣發揮我的潛質
[00:43:16.000 --> 00:43:19.000]  是靠著聖靈幫助我們
[00:43:19.000 --> 00:43:21.000]  聖靈幫助我們
[00:43:21.000 --> 00:43:24.000]  讓我們能夠將神要我們發揮的
[00:43:24.000 --> 00:43:27.000]  這些我們神創造
[00:43:27.000 --> 00:43:29.000]  本來創造我們的
[00:43:29.000 --> 00:43:30.000]  我們有不同的性格
[00:43:30.000 --> 00:43:32.000]  不同的恩賜
[00:43:32.000 --> 00:43:34.000]  不同的本能
[00:43:34.000 --> 00:43:38.000]  將這些神要聖化它
[00:43:38.000 --> 00:43:39.000]  發揮出來
[00:43:39.000 --> 00:43:41.000]  在二弗所書第四章
[00:43:41.000 --> 00:43:43.000]  就有這個意思
[00:43:43.000 --> 00:43:46.000]  神擄掠了仇敵
[00:43:46.000 --> 00:43:49.000]  將各樣的恩賜賜給他們
[00:43:49.000 --> 00:43:51.000]  什麼叫擄掠了仇敵
[00:43:51.000 --> 00:43:55.000]  本來我們是被這個世界擄掠了
[00:43:55.000 --> 00:43:56.000]  本來是有的
[00:43:56.000 --> 00:43:57.000]  一些本能
[00:43:57.000 --> 00:44:00.000]  將魔鬼擄掠了
[00:44:00.000 --> 00:44:02.000]  然後神拯救了我們
[00:44:02.000 --> 00:44:06.000]  將它逆著聖靈轉化了
[00:44:06.000 --> 00:44:09.000]  成為屬靈的恩賜賜給我們
[00:44:09.000 --> 00:44:11.000]  所以本來是有些本能
[00:44:11.000 --> 00:44:13.000]  轉化了我們侍奉神
[00:44:13.000 --> 00:44:15.000]  變成了屬靈的恩賜
[00:44:15.000 --> 00:44:17.000]  有些本來沒有這個恩賜的
[00:44:17.000 --> 00:44:20.000]  神加了這個屬靈的恩賜給我們
[00:44:20.000 --> 00:44:22.000]  是我們本身沒有的
[00:44:22.000 --> 00:44:24.000]  忽然間因為信了耶穌
[00:44:24.000 --> 00:44:25.000]  慢慢侍奉
[00:44:25.000 --> 00:44:27.000]  發掘了出來
[00:44:27.000 --> 00:44:30.000]  聖靈給了我們
[00:44:30.000 --> 00:44:32.000]  所以這個就是
[00:44:32.000 --> 00:44:35.000]  這個整個意思就是
[00:44:35.000 --> 00:44:39.000]  憑著聖靈和靈性的操練
[00:44:39.000 --> 00:44:43.000]  發揮潛能
[00:44:43.000 --> 00:44:47.000]  這位就是James Houston
[00:44:47.000 --> 00:44:48.000]  侯士廷
[00:44:48.000 --> 00:44:50.000]  他可以說是
[00:44:50.000 --> 00:44:53.000]  在方派裏面
[00:44:53.000 --> 00:44:55.000]  一位靈修學
[00:44:55.000 --> 00:44:59.000]  可以說是非常有心得的人
[00:44:59.000 --> 00:45:01.000]  他在Wheaton College那裏教
[00:45:01.000 --> 00:45:04.000]  現在我想已經離開世界了
[00:45:04.000 --> 00:45:06.000]  他寫了一本書
[00:45:06.000 --> 00:45:09.000]  叫做Changing Agents
[00:45:09.000 --> 00:45:11.000]  就是聖靈的媒介
[00:45:11.000 --> 00:45:13.000]  裏面說到甚麼
[00:45:13.000 --> 00:45:14.000]  讀給大家聽
[00:45:14.000 --> 00:45:16.000]  這裏寫出來
[00:45:16.000 --> 00:45:18.000]  你們一起讀吧
[00:45:18.000 --> 00:45:20.000]  今天我的聲音有點怪怪的
[00:45:20.000 --> 00:45:21.000]  你們讀吧
[00:45:21.000 --> 00:45:22.000]  請讀
[00:45:36.000 --> 00:45:56.000]  所以他的意思就是說
[00:45:56.000 --> 00:45:58.000]  這個屬靈的旅程
[00:45:58.000 --> 00:46:00.000]  就是我們的spiritual journey
[00:46:00.000 --> 00:46:03.000]  就是耶穌一直在見主之前
[00:46:03.000 --> 00:46:04.000]  回天閣
[00:46:04.000 --> 00:46:07.000]  我們是藉著向神開放
[00:46:07.000 --> 00:46:09.000]  向聖靈闖開開始的
[00:46:09.000 --> 00:46:11.000]  我們信耶穌就開始了
[00:46:11.000 --> 00:46:14.000]  然後神親自臨到我們人生當中
[00:46:14.000 --> 00:46:17.000]  不是要引發我們的好奇心
[00:46:17.000 --> 00:46:19.000]  是他臨在我們人生當中
[00:46:19.000 --> 00:46:21.000]  帶來的經歷
[00:46:21.000 --> 00:46:23.000]  改變我們的心
[00:46:23.000 --> 00:46:27.000]  神自己的實在和切切實實的
[00:46:27.000 --> 00:46:29.000]  滲透在我們的生命當中
[00:46:29.000 --> 00:46:31.000]  這個就是真正的改變
[00:46:31.000 --> 00:46:33.000]  不是從外面改變
[00:46:33.000 --> 00:46:35.000]  是從內面
[00:46:35.000 --> 00:46:37.000]  聖靈改變我們的生命開始
[00:46:37.000 --> 00:46:39.000]  然後慢慢滲透出來
[00:46:39.000 --> 00:46:41.000]  變成我們整個人
[00:46:41.000 --> 00:46:45.000]  越來越有耶穌基督的樣式
[00:46:45.000 --> 00:46:47.000]  我們看到
[00:46:47.000 --> 00:46:49.000]  今天我們信了主
[00:46:49.000 --> 00:46:51.000]  聖靈賜了給我們
[00:46:51.000 --> 00:46:55.000]  這個就是我們去年用了很多時間說的
[00:46:55.000 --> 00:46:56.000]  他有一個目的
[00:46:56.000 --> 00:46:58.000]  要幫助我們
[00:46:58.000 --> 00:47:00.000]  運用他給我們的恩賜
[00:47:00.000 --> 00:47:03.000]  然後改造我們的生命
[00:47:03.000 --> 00:47:06.000]  讓我們越來越效法基督
[00:47:06.000 --> 00:47:09.000]  活出一種新的人生
[00:47:09.000 --> 00:47:12.000]  所以如果你發覺你信了耶穌這麼多年
[00:47:12.000 --> 00:47:17.000]  都沒有嘗試調整一下我們內心世界
[00:47:17.000 --> 00:47:20.000]  或者過往原生家庭的過往價值觀
[00:47:20.000 --> 00:47:23.000]  這個世界未信主之前給我們的影響
[00:47:23.000 --> 00:47:26.000]  而將它改變過來
[00:47:26.000 --> 00:47:28.000]  刻意操練
[00:47:28.000 --> 00:47:30.000]  讓我們更加像主
[00:47:30.000 --> 00:47:34.000]  更合人生神給我們的真理
[00:47:34.000 --> 00:47:37.000]  就是說還有很多潛能未發揮
[00:47:37.000 --> 00:47:43.000]  所以神的希望就是要幫助我們製作聖靈
[00:47:43.000 --> 00:47:45.000]  幫助我們開啟這方面
[00:47:45.000 --> 00:47:47.000]  然後製作我們屬靈的操練
[00:47:47.000 --> 00:47:49.000]  不斷的操練
[00:47:49.000 --> 00:47:55.000]  來有一天更多將耶穌基督給我們的生命
[00:47:55.000 --> 00:47:58.000]  在裏面慢慢活出來發揮出來
[00:47:58.000 --> 00:48:01.000]  過往你開口得罪人
[00:48:01.000 --> 00:48:03.000]  你發覺為何會這樣
[00:48:03.000 --> 00:48:06.000]  可能過往很多日子
[00:48:06.000 --> 00:48:08.000]  某些事物影響過我
[00:48:08.000 --> 00:48:10.000]  你知道這是一個問題
[00:48:10.000 --> 00:48:11.000]  你禱告
[00:48:11.000 --> 00:48:13.000]  開始祈禱
[00:48:13.000 --> 00:48:15.000]  神求你幫助改變我的心
[00:48:15.000 --> 00:48:19.000]  叫我越來越更加合乎你的心意
[00:48:19.000 --> 00:48:23.000]  聖靈幫助我們越來越改變我們自己
[00:48:23.000 --> 00:48:25.000]  慢慢慢慢
[00:48:25.000 --> 00:48:27.000]  十句八句得罪人
[00:48:27.000 --> 00:48:29.000]  現在十句裏面
[00:48:29.000 --> 00:48:31.000]  多少句
[00:48:31.000 --> 00:48:33.000]  你們不敢說
[00:48:33.000 --> 00:48:37.000]  可能五句
[00:48:37.000 --> 00:48:39.000]  然後三句
[00:48:39.000 --> 00:48:40.000]  慢慢慢慢
[00:48:40.000 --> 00:48:41.000]  十句裏面
[00:48:41.000 --> 00:48:42.000]  只有一句得罪人
[00:48:42.000 --> 00:48:44.000]  這樣就好了很多
[00:48:44.000 --> 00:48:47.000]  這是舉個例子
[00:48:47.000 --> 00:48:48.000]  萬一是例子
[00:48:48.000 --> 00:48:50.000]  你不要怪我
[00:48:50.000 --> 00:48:53.000]  所以我們發覺原來神就是這樣幫助我們
[00:48:53.000 --> 00:49:02.000]  這位是占正義牧師
[00:49:02.000 --> 00:49:06.000]  占正義牧師是華人學者裏面
[00:49:06.000 --> 00:49:09.000]  研究大衛的生平
[00:49:09.000 --> 00:49:12.000]  可以說是最厲害的
[00:49:12.000 --> 00:49:13.000]  為甚麼呢
[00:49:13.000 --> 00:49:15.000]  他寫了薩姆爾上下的註釋書
[00:49:15.000 --> 00:49:17.000]  即是聖經註釋書
[00:49:17.000 --> 00:49:19.000]  而且他發表了很多文章
[00:49:19.000 --> 00:49:21.000]  關乎大衛生平
[00:49:21.000 --> 00:49:24.000]  所以我寫這篇書的時候
[00:49:24.000 --> 00:49:27.000]  我就邀請他做我的second mentor
[00:49:27.000 --> 00:49:30.000]  因為我研究大衛當然要找他
[00:49:30.000 --> 00:49:32.000]  他有一篇文章
[00:49:32.000 --> 00:49:33.000]  很獨特性的
[00:49:33.000 --> 00:49:36.000]  我很多地方都看不到
[00:49:36.000 --> 00:49:39.000]  我們都知道大衛被高
[00:49:39.000 --> 00:49:40.000]  被聖靈高
[00:49:40.000 --> 00:49:41.000]  被高猶高
[00:49:41.000 --> 00:49:43.000]  上次講過多少次話
[00:49:43.000 --> 00:49:45.000]  有沒有人記得
[00:49:45.000 --> 00:49:50.000]  最大上次懂得回答多少次
[00:49:50.000 --> 00:49:52.000]  上次說了三次
[00:49:52.000 --> 00:49:54.000]  所以我答對了
[00:49:54.000 --> 00:49:55.000]  三次
[00:49:55.000 --> 00:49:57.000]  一次就是薩姆爾紀
[00:49:57.000 --> 00:49:58.000]  這裏
[00:49:58.000 --> 00:50:00.000]  另外兩次就是
[00:50:00.000 --> 00:50:01.000]  第一
[00:50:01.000 --> 00:50:04.000]  第二次就是他做猶大王的時候
[00:50:04.000 --> 00:50:06.000]  在希伯倫做猶大王
[00:50:06.000 --> 00:50:09.000]  第三次就是統一全國
[00:50:09.000 --> 00:50:10.000]  在耶路撒冷
[00:50:10.000 --> 00:50:12.000]  全以色列國
[00:50:12.000 --> 00:50:13.000]  再被高
[00:50:13.000 --> 00:50:15.000]  為全以色列國
[00:50:15.000 --> 00:50:17.000]  這個獨特的
[00:50:17.000 --> 00:50:19.000]  是詹牧師看出來的
[00:50:19.000 --> 00:50:20.000]  他說
[00:50:20.000 --> 00:50:22.000]  第一次和第二第三次是不同的
[00:50:22.000 --> 00:50:23.000]  不同在哪裏呢
[00:50:23.000 --> 00:50:24.000]  他說
[00:50:24.000 --> 00:50:27.000]  第一次是從上而下的囂觀
[00:50:27.000 --> 00:50:30.000]  不同於第二至第三次
[00:50:30.000 --> 00:50:32.000]  是人的肯定性
[00:50:32.000 --> 00:50:35.000]  從下而上的性
[00:50:35.000 --> 00:50:36.000]  即是被高
[00:50:36.000 --> 00:50:38.000]  所以這個
[00:50:38.000 --> 00:50:40.000]  當我思想的時候
[00:50:40.000 --> 00:50:43.000]  我們應用在今天的屬靈操練
[00:50:43.000 --> 00:50:47.000]  其實我們被性靈囂觀
[00:50:47.000 --> 00:50:48.000]  即是我們信耶穌
[00:50:48.000 --> 00:50:49.000]  得性靈只有一次
[00:50:49.000 --> 00:50:51.000]  就是從上而來的
[00:50:51.000 --> 00:50:54.000]  但是怎樣能夠活出性靈
[00:50:54.000 --> 00:50:56.000]  在我們身上的生活
[00:50:56.000 --> 00:50:58.000]  以至我們能夠符合性靈
[00:50:58.000 --> 00:51:00.000]  在我們身上
[00:51:00.000 --> 00:51:03.000]  給我們生命的改變
[00:51:03.000 --> 00:51:04.000]  就是從下而上的
[00:51:04.000 --> 00:51:07.000]  即是屬靈操練那裏來的
[00:51:07.000 --> 00:51:09.000]  即是藉助性靈幫助我們
[00:51:09.000 --> 00:51:10.000]  生出一個
[00:51:10.000 --> 00:51:13.000]  好像君尊的祭司
[00:51:13.000 --> 00:51:15.000]  聖潔的角度的指紋
[00:51:15.000 --> 00:51:18.000]  就是靠著性靈的更新
[00:51:18.000 --> 00:51:20.000]  不過配合我們
[00:51:20.000 --> 00:51:22.000]  在屬靈上操練
[00:51:22.000 --> 00:51:24.000]  讓性靈可以改變我們
[00:51:24.000 --> 00:51:26.000]  所以這個就是
[00:51:26.000 --> 00:51:28.000]  詹牧師已經去世了
[00:51:28.000 --> 00:51:30.000]  在十年前
[00:51:30.000 --> 00:51:32.000]  所以全部都是很大年紀的
[00:51:32.000 --> 00:51:35.000]  那麼
[00:51:35.000 --> 00:51:36.000]  給我們看見
[00:51:36.000 --> 00:51:37.000]  有一本書
[00:51:37.000 --> 00:51:39.000]  提到這方面很好的
[00:51:39.000 --> 00:51:40.000]  就是叫做
[00:51:40.000 --> 00:51:43.000]  我的燈需要油
[00:51:43.000 --> 00:51:45.000]  其實大衛
[00:51:45.000 --> 00:51:47.000]  他在被告之後
[00:51:47.000 --> 00:51:48.000]  第十六章
[00:51:48.000 --> 00:51:49.000]  第十七章
[00:51:49.000 --> 00:51:51.000]  他就打哥利亞
[00:51:51.000 --> 00:51:52.000]  我們發覺
[00:51:52.000 --> 00:51:53.000]  他在整個過程裏
[00:51:53.000 --> 00:51:55.000]  他發覺
[00:51:55.000 --> 00:51:57.000]  我以前那些
[00:51:57.000 --> 00:52:00.000]  在抗疫裏的那些技能
[00:52:00.000 --> 00:52:03.000]  現在性靈幫助我
[00:52:03.000 --> 00:52:05.000]  用來做神的工作
[00:52:05.000 --> 00:52:06.000]  明白嗎
[00:52:06.000 --> 00:52:08.000]  他就掟石
[00:52:08.000 --> 00:52:10.000]  這樣掟
[00:52:10.000 --> 00:52:12.000]  這些是要練的
[00:52:12.000 --> 00:52:14.000]  你試試掟一塊石
[00:52:14.000 --> 00:52:15.000]  現在來掟我
[00:52:15.000 --> 00:52:18.000]  掟得到嗎
[00:52:18.000 --> 00:52:21.000]  這樣
[00:52:21.000 --> 00:52:22.000]  當然我們知道
[00:52:22.000 --> 00:52:25.000]  肯定不只是他自己的技能
[00:52:25.000 --> 00:52:28.000]  是加上神的力量幫助他
[00:52:28.000 --> 00:52:30.000]  因為他說
[00:52:30.000 --> 00:52:32.000]  德性不是在乎自己
[00:52:32.000 --> 00:52:33.000]  是在乎事情
[00:52:33.000 --> 00:52:35.000]  這個是後來他自己做見證的
[00:52:35.000 --> 00:52:37.000]  所以他就發覺
[00:52:37.000 --> 00:52:39.000]  原來他這些平時的操練
[00:52:39.000 --> 00:52:41.000]  那些底
[00:52:41.000 --> 00:52:43.000]  開始用出來
[00:52:43.000 --> 00:52:44.000]  他和神的關係
[00:52:44.000 --> 00:52:46.000]  對神的信心
[00:52:46.000 --> 00:52:48.000]  對神的力量的體會
[00:52:48.000 --> 00:52:51.000]  和神怎樣過往訓練他
[00:52:51.000 --> 00:52:53.000]  現在將性靈
[00:52:53.000 --> 00:52:54.000]  引高之後
[00:52:54.000 --> 00:52:57.000]  用來活用在神的事上
[00:52:57.000 --> 00:53:00.000]  在過往你成長的階段裏
[00:53:00.000 --> 00:53:02.000]  可能你都有些潛質
[00:53:02.000 --> 00:53:05.000]  你說我忘記了原來我以前做過班長
[00:53:05.000 --> 00:53:07.000]  現在才記得
[00:53:07.000 --> 00:53:09.000]  不過壓制了你很久
[00:53:09.000 --> 00:53:10.000]  現在開始
[00:53:10.000 --> 00:53:12.000]  現在開始主要學
[00:53:12.000 --> 00:53:15.000]  現在開始我們出來侍奉
[00:53:15.000 --> 00:53:17.000]  或者某某崗位
[00:53:17.000 --> 00:53:19.000]  真的純粹用來
[00:53:19.000 --> 00:53:20.000]  未必是做班長
[00:53:20.000 --> 00:53:22.000]  可能是以前有些技能
[00:53:22.000 --> 00:53:24.000]  你在家裏學了很厲害
[00:53:24.000 --> 00:53:25.000]  專洗廁所
[00:53:25.000 --> 00:53:27.000]  媽媽就叫我洗廁所
[00:53:27.000 --> 00:53:29.000]  現在教會說廁所塞了
[00:53:29.000 --> 00:53:31.000]  個個都很害怕
[00:53:31.000 --> 00:53:33.000]  我來
[00:53:33.000 --> 00:53:38.000]  可能是這樣
[00:53:38.000 --> 00:53:43.000]  即是說原來的確神可以運用我們過往某些東西
[00:53:43.000 --> 00:53:45.000]  來性靈化他
[00:53:45.000 --> 00:53:48.000]  成為了服侍神的機會
[00:53:48.000 --> 00:53:51.000]  這就是我們的操練家常
[00:53:51.000 --> 00:53:53.000]  這本書叫《我的燈需要油》
[00:53:53.000 --> 00:53:55.000]  它講到我們生命的成長出於操練
[00:53:55.000 --> 00:53:57.000]  其中有幾樣東西
[00:53:57.000 --> 00:53:59.000]  我們找集可能都知道
[00:53:59.000 --> 00:54:04.000]  第一追求聖潔的生命
[00:54:04.000 --> 00:54:05.000]  因為沒有聖潔
[00:54:05.000 --> 00:54:07.000]  聖靈怎樣運用我們
[00:54:07.000 --> 00:54:08.000]  所以追求聖潔的生命
[00:54:08.000 --> 00:54:13.000]  第二生活有紀律的操練
[00:54:13.000 --> 00:54:14.000]  有自制力
[00:54:14.000 --> 00:54:16.000]  這東西可不可以
[00:54:16.000 --> 00:54:18.000]  沒有人敢說
[00:54:18.000 --> 00:54:22.000]  有時可以
[00:54:22.000 --> 00:54:23.000]  有時不可以
[00:54:23.000 --> 00:54:26.000]  即是有沒有發展空間
[00:54:26.000 --> 00:54:27.000]  絕對有
[00:54:27.000 --> 00:54:29.000]  所以求神幫助我們
[00:54:29.000 --> 00:54:31.000]  所以開始操練
[00:54:31.000 --> 00:54:33.000]  求聖靈幫助我們更有自制力
[00:54:33.000 --> 00:54:37.000]  更有克服一些紀律的
[00:54:37.000 --> 00:54:39.000]  早上零收
[00:54:39.000 --> 00:54:41.000]  我這樣不行
[00:54:41.000 --> 00:54:42.000]  日日的東西發給我
[00:54:42.000 --> 00:54:43.000]  我都不看
[00:54:43.000 --> 00:54:45.000]  現在開始操練
[00:54:45.000 --> 00:54:46.000]  七天不行
[00:54:46.000 --> 00:54:47.000]  五天
[00:54:47.000 --> 00:54:48.000]  五天不行
[00:54:48.000 --> 00:54:49.000]  三天
[00:54:49.000 --> 00:54:50.000]  三天成功
[00:54:50.000 --> 00:54:51.000]  五天
[00:54:51.000 --> 00:54:52.000]  五天成功
[00:54:52.000 --> 00:54:53.000]  七天
[00:54:53.000 --> 00:54:55.000]  明白嗎
[00:54:55.000 --> 00:54:57.000]  所以有什麼
[00:54:57.000 --> 00:54:59.000]  每日花時間親近主
[00:54:59.000 --> 00:55:00.000]  這個很重要
[00:55:00.000 --> 00:55:01.000]  剛才說完
[00:55:01.000 --> 00:55:03.000]  然後
[00:55:03.000 --> 00:55:06.000]  祈求神給我們一個
[00:55:06.000 --> 00:55:08.000]  即是情明的良知
[00:55:08.000 --> 00:55:11.000]  即是在小事上警醒
[00:55:11.000 --> 00:55:12.000]  有時說了一句話
[00:55:12.000 --> 00:55:13.000]  自己都不覺得
[00:55:13.000 --> 00:55:15.000]  我不應該這麼說
[00:55:15.000 --> 00:55:16.000]  即刻反省
[00:55:16.000 --> 00:55:17.000]  即刻做反省
[00:55:17.000 --> 00:55:19.000]  所以這個很重要
[00:55:19.000 --> 00:55:20.000]  然後
[00:55:20.000 --> 00:55:23.000]  求主叫我們遠離事談
[00:55:23.000 --> 00:55:25.000]  這是什麼
[00:55:25.000 --> 00:55:26.000]  主禱文
[00:55:26.000 --> 00:55:29.000]  不叫我們遇見事談
[00:55:29.000 --> 00:55:31.000]  救我們脫離凶惡
[00:55:31.000 --> 00:55:34.000]  然後
[00:55:34.000 --> 00:55:36.000]  常常開啟我們屬靈的天線
[00:55:36.000 --> 00:55:37.000]  聆聽聖靈微笑的聲音
[00:55:37.000 --> 00:55:39.000]  這個去年我們說了很多
[00:55:39.000 --> 00:55:41.000]  操練得怎樣
[00:55:41.000 --> 00:55:43.000]  有時行有時不行
[00:55:43.000 --> 00:55:44.000]  我自己都是
[00:55:44.000 --> 00:55:45.000]  有時行有時不行
[00:55:45.000 --> 00:55:47.000]  所以繼續操練
[00:55:47.000 --> 00:55:49.000]  還有很多發展空間
[00:55:49.000 --> 00:55:50.000]  開啟屬靈的天線
[00:55:50.000 --> 00:55:52.000]  留意聖靈有什麼感動
[00:55:52.000 --> 00:55:54.000]  第七
[00:55:54.000 --> 00:55:56.000]  有定期的退修安排
[00:55:56.000 --> 00:55:57.000]  這個都重要
[00:55:57.000 --> 00:55:58.000]  因為這麼忙碌
[00:55:58.000 --> 00:56:00.000]  找些時間退修安靜下
[00:56:00.000 --> 00:56:01.000]  找一天安靜下
[00:56:01.000 --> 00:56:03.000]  讀經祈禱
[00:56:03.000 --> 00:56:05.000]  四月份我們有
[00:56:05.000 --> 00:56:07.000]  退修東令營
[00:56:07.000 --> 00:56:08.000]  厲害了
[00:56:08.000 --> 00:56:11.000]  海上有
[00:56:11.000 --> 00:56:13.000]  退修很重要
[00:56:13.000 --> 00:56:15.000]  久不久安靜下來
[00:56:15.000 --> 00:56:17.000]  檢討下自己人生
[00:56:17.000 --> 00:56:19.000]  現在我的方向是否亂了
[00:56:19.000 --> 00:56:22.000]  第八
[00:56:22.000 --> 00:56:24.000]  回想下
[00:56:24.000 --> 00:56:26.000]  得救的奇異的因典
[00:56:26.000 --> 00:56:28.000]  這個經常都要做
[00:56:28.000 --> 00:56:30.000]  今天就是聖餐
[00:56:30.000 --> 00:56:31.000]  所以我們見到
[00:56:31.000 --> 00:56:33.000]  這些都是不斷的操練
[00:56:33.000 --> 00:56:36.000]  因為你不斷的去親近神
[00:56:36.000 --> 00:56:38.000]  神就藉著聖靈幫助我們
[00:56:38.000 --> 00:56:40.000]  講到這個紀律
[00:56:40.000 --> 00:56:42.000]  有一本書很好的
[00:56:42.000 --> 00:56:43.000]  特別講
[00:56:43.000 --> 00:56:45.000]  這個自由的紀律
[00:56:45.000 --> 00:56:47.000]  我們不要隨心所欲
[00:56:47.000 --> 00:56:49.000]  想到這樣就馬上去做
[00:56:49.000 --> 00:56:51.000]  你要看看
[00:56:51.000 --> 00:56:54.000]  這是否聖靈引導我們
[00:56:54.000 --> 00:56:56.000]  不要經常憑血氣
[00:56:56.000 --> 00:56:58.000]  講一句話
[00:56:58.000 --> 00:57:00.000]  講出來收不回
[00:57:00.000 --> 00:57:03.000]  你看看是否聖靈
[00:57:03.000 --> 00:57:05.000]  引導我
[00:57:05.000 --> 00:57:07.000]  先想一想
[00:57:07.000 --> 00:57:10.000]  用一些好的方法講
[00:57:10.000 --> 00:57:12.000]  這樣就不同了
[00:57:12.000 --> 00:57:15.000]  情感的紀律
[00:57:15.000 --> 00:57:17.000]  這裡就說
[00:57:17.000 --> 00:57:19.000]  不要有負面的情緒
[00:57:19.000 --> 00:57:21.000]  經常困擾我們
[00:57:21.000 --> 00:57:23.000]  比如邪情私慾
[00:57:23.000 --> 00:57:25.000]  貪婪
[00:57:25.000 --> 00:57:27.000]  或者憂鬱恐懼
[00:57:27.000 --> 00:57:29.000]  沮喪
[00:57:29.000 --> 00:57:31.000]  正常的有
[00:57:31.000 --> 00:57:33.000]  但不要讓它不斷的
[00:57:33.000 --> 00:57:35.000]  在我們的腦海當中
[00:57:35.000 --> 00:57:37.000]  來纏擾我們
[00:57:37.000 --> 00:57:39.000]  應該追求正面的情緒
[00:57:39.000 --> 00:57:42.000]  比如去看一些好的見證書
[00:57:42.000 --> 00:57:44.000]  讀一些偉人的故事
[00:57:44.000 --> 00:57:47.000]  讀一些激勵我們的真言
[00:57:47.000 --> 00:57:49.000]  正面的思想
[00:57:49.000 --> 00:57:51.000]  凡是美好的
[00:57:51.000 --> 00:57:53.000]  值得稱讚的
[00:57:53.000 --> 00:57:55.000]  聖經教我們
[00:57:55.000 --> 00:57:57.000]  然後物質的紀律
[00:57:57.000 --> 00:57:59.000]  不要讓物質控制我們
[00:57:59.000 --> 00:58:01.000]  要學習私語
[00:58:01.000 --> 00:58:03.000]  學習慷慨
[00:58:03.000 --> 00:58:06.000]  學習感恩
[00:58:06.000 --> 00:58:09.000]  學習顧及別人的需要
[00:58:09.000 --> 00:58:12.000]  這些都是物質上的操練
[00:58:12.000 --> 00:58:14.000]  物質上的奉獻
[00:58:14.000 --> 00:58:17.000]  不要總是抱著錢
[00:58:17.000 --> 00:58:20.000]  學習怎樣去寫記
[00:58:20.000 --> 00:58:22.000]  去捐書
[00:58:22.000 --> 00:58:24.000]  去慷慨待人
[00:58:24.000 --> 00:58:27.000]  這些都是物質的操練
[00:58:27.000 --> 00:58:30.000]  然後認同的操練
[00:58:30.000 --> 00:58:32.000]  認同的操練包括什麼呢?
[00:58:32.000 --> 00:58:35.000]  包括學習對別人聆聽
[00:58:35.000 --> 00:58:38.000]  明白別人的感受
[00:58:38.000 --> 00:58:45.000]  然後學習去站在別人的鞋子裏
[00:58:45.000 --> 00:58:49.000]  把自己放在別人的鞋子裏
[00:58:49.000 --> 00:58:51.000]  在別人那裏去想一想
[00:58:51.000 --> 00:58:53.000]  認同一下
[00:58:53.000 --> 00:58:55.000]  不只是自己想
[00:58:55.000 --> 00:58:57.000]  然後想一想
[00:58:57.000 --> 00:59:00.000]  他接收的時候會怎樣呢?
[00:59:00.000 --> 00:59:03.000]  他感受上會怎樣呢?
[00:59:03.000 --> 00:59:05.000]  這個真的很難學的
[00:59:05.000 --> 00:59:07.000]  不過要學
[00:59:07.000 --> 00:59:09.000]  意思就是說我們的人生
[00:59:09.000 --> 00:59:11.000]  不斷的潛能不只是為了自己
[00:59:11.000 --> 00:59:13.000]  你要將它發揮出來
[00:59:13.000 --> 00:59:15.000]  去榮神益人
[00:59:15.000 --> 00:59:19.000]  去用神去改變你的生命
[00:59:19.000 --> 00:59:22.000]  用神給你的恩賜去服侍
[00:59:22.000 --> 00:59:27.000]  然後去過一個更加像耶穌基督寫記的生命
[00:59:27.000 --> 00:59:30.000]  Amen?
[00:59:30.000 --> 00:59:32.000]  最後再分享這個人物
[00:59:32.000 --> 00:59:34.000]  這個人物就是蘇文龍牧師
[00:59:34.000 --> 00:59:40.000]  蘇文龍牧師是我上教會行政學
[00:59:40.000 --> 00:59:42.000]  很厲害的行政學
[00:59:42.000 --> 00:59:46.000]  和教會領導學的老師
[00:59:46.000 --> 00:59:50.000]  但是他的著作最多就是家庭
[00:59:50.000 --> 00:59:52.000]  他寫了很多家庭的著作
[00:59:52.000 --> 00:59:56.000]  所以我畢業那天特別和他拍了一張照片
[00:59:56.000 --> 00:59:59.000]  這個是他最近的照片
[00:59:59.000 --> 01:00:01.000]  21年後
[01:00:01.000 --> 01:00:04.000]  他現在差不多八九十歲
[01:00:04.000 --> 01:00:06.000]  但是這個照片很吸引我
[01:00:06.000 --> 01:00:08.000]  他說活出什麼?
[01:00:08.000 --> 01:00:13.000]  神形象的豐盛人生
[01:00:13.000 --> 01:00:14.000]  弟兄姊妹
[01:00:14.000 --> 01:00:16.000]  可能你好像他當時六十幾歲
[01:00:16.000 --> 01:00:18.000]  七十歲
[01:00:18.000 --> 01:00:20.000]  現在八九十歲
[01:00:20.000 --> 01:00:23.000]  就是說他是不斷繼續成長
[01:00:23.000 --> 01:00:24.000]  不斷繼續成長
[01:00:24.000 --> 01:00:27.000]  直至到差不多九十歲
[01:00:27.000 --> 01:00:33.000]  他說活出神形象的豐盛人生
[01:00:33.000 --> 01:00:34.000]  親愛的弟兄姊妹
[01:00:34.000 --> 01:00:35.000]  聖經形容我們
[01:00:35.000 --> 01:00:38.000]  是一班這世上不配有的人
[01:00:38.000 --> 01:00:39.000]  意思就是說
[01:00:39.000 --> 01:00:41.000]  神看我們很重要
[01:00:41.000 --> 01:00:43.000]  是這個世界不配有
[01:00:43.000 --> 01:00:46.000]  是神揀選我們一班人
[01:00:46.000 --> 01:00:49.000]  你知道神在你和我身上
[01:00:49.000 --> 01:00:51.000]  有一個很重要的計劃
[01:00:51.000 --> 01:00:54.000]  不要浪費了你的光陰
[01:00:54.000 --> 01:00:56.000]  不要浪費了你的恩賜
[01:00:56.000 --> 01:00:58.000]  不要浪費了你的人生
[01:00:58.000 --> 01:01:00.000]  讓神幫助我們
[01:01:00.000 --> 01:01:02.000]  轉化我們的生命
[01:01:02.000 --> 01:01:06.000]  活出神要我們在人生當中有的潛能
[01:01:06.000 --> 01:01:07.000]  借助聖靈
[01:01:07.000 --> 01:01:09.000]  借助救恩
[01:01:09.000 --> 01:01:10.000]  借助神的愛
[01:01:10.000 --> 01:01:13.000]  借助我們屬靈的操練
[01:01:13.000 --> 01:01:15.000]  讓我們能夠活出
[01:01:15.000 --> 01:01:20.000]  這種世上不配有的人的身份
[01:01:20.000 --> 01:01:21.000]  Amen
[01:01:21.000 --> 01:01:22.000]  我們一起祈禱
[01:01:27.000 --> 01:01:28.000]  在這個時候
[01:01:28.000 --> 01:01:30.000]  可否用聖靈光照我們的內心
[01:01:30.000 --> 01:01:32.000]  看看我們有什麼地方
[01:01:32.000 --> 01:01:39.000]  讓神對你無條件的愛
[01:01:39.000 --> 01:01:40.000]  醫治你
[01:01:40.000 --> 01:01:47.000]  我們知道主愛我們
[01:01:47.000 --> 01:01:50.000]  甚至為我們捨棄你的生命
[01:01:52.000 --> 01:01:56.000]  讓我們好體重好珍惜
[01:01:56.000 --> 01:01:57.000]  你怎麼看我們
[01:01:57.000 --> 01:02:00.000]  你怎麼看我
[01:02:00.000 --> 01:02:03.000]  勝過別人
[01:02:03.000 --> 01:02:05.000]  甚至我們自己
[01:02:05.000 --> 01:02:06.000]  或者我們過往
[01:02:06.000 --> 01:02:07.000]  怎麼看自己
[01:02:07.000 --> 01:02:11.000]  讓主再一次
[01:02:11.000 --> 01:02:13.000]  透過大衛
[01:02:13.000 --> 01:02:14.000]  他的人生
[01:02:14.000 --> 01:02:15.000]  生命
[01:02:15.000 --> 01:02:18.000]  給我們一些的學習
[01:02:19.000 --> 01:02:22.000]  能夠可以以你的眼光
[01:02:22.000 --> 01:02:23.000]  看我們自己
[01:02:23.000 --> 01:02:25.000]  更加借助聖靈
[01:02:25.000 --> 01:02:27.000]  幫助我們轉化我們生命
[01:02:27.000 --> 01:02:29.000]  透過屬靈的操練
[01:02:29.000 --> 01:02:31.000]  活出耶穌
[01:02:31.000 --> 01:02:34.000]  被聖靈充滿
[01:02:34.000 --> 01:02:36.000]  生命
[01:02:36.000 --> 01:02:38.000]  發揮我們
[01:02:38.000 --> 01:02:40.000]  有的潛質
[01:02:40.000 --> 01:02:42.000]  多謝你們聽我們祈禱
[01:02:42.000 --> 01:02:44.000]  奉主耶穌基督的名
