
[00:00:00.000 --> 00:00:10.000]  此錄音或錄影的版權是屬於基督教宣導會北角堂所有
[00:00:10.000 --> 00:00:14.000]  我們的屬靈傳統之一是以真理教導為本
[00:00:14.000 --> 00:00:18.000]  歡迎你將此錄音或錄影的連結傳給親友
[00:00:18.000 --> 00:00:24.000]  懇請注意未經授權請勿轉錄或剪輯本錄音或錄影
[00:00:24.000 --> 00:00:34.000]  甚願如《仕途行傳》二十章三十二節下所說,這道能建立你們,叫你們和一切成聖的人同得基業。
[00:00:54.000 --> 00:00:57.000]  就是我們要作出合適的選擇
[00:00:57.000 --> 00:01:00.000]  我們大家一起祈禱,我們仰望主義帶領我們
[00:01:00.000 --> 00:01:11.000]  我們的主,我們的神,我們敬拜你,我們感謝你
[00:01:11.000 --> 00:01:15.000]  人算什麼,你竟然眷顧我們
[00:01:15.000 --> 00:01:20.000]  我們算什麼,你竟然稱我們為你的兒女
[00:01:20.000 --> 00:01:27.000]  主,我們今天在世上體會自己很多很多的軟弱,甚至錯失
[00:01:27.000 --> 00:01:31.000]  也體會整個世界裡面充滿著各種的邪惡
[00:01:31.000 --> 00:01:37.000]  但是主,我們感謝你,因為你是我們的避難所,是我們的力量
[00:01:37.000 --> 00:01:40.000]  你要幫助我們行在光明的路上
[00:01:40.000 --> 00:01:47.000]  如今我們等候你,等候你自己,直到你的聖靈賜下你的恩言
[00:01:47.000 --> 00:01:52.000]  讓我們心靈領受智慧,知道一生跟隨你
[00:01:52.000 --> 00:01:58.000]  求你私恩,賜封這段時間,與你的兒女們同在
[00:01:58.000 --> 00:02:03.000]  我們仰望祈禱,奉耶穌聖名求下美
[00:02:03.000 --> 00:02:09.000]  認識智聖者,便是聰明
[00:02:09.000 --> 00:02:13.000]  我記得早兩個星期教會有猜拳聯會
[00:02:13.000 --> 00:02:16.000]  在那段時間教會一路推介一本書
[00:02:16.000 --> 00:02:20.000]  一本薄薄的書,叫《異鄉的跑道》
[00:02:20.000 --> 00:02:24.000]  是講述一班很知名的運動員
[00:02:24.000 --> 00:02:28.000]  他們後來也變成了宣教士的不同的故事
[00:02:28.000 --> 00:02:32.000]  一開始就講一個人物,這個人物大家都會熟悉的
[00:02:32.000 --> 00:02:35.000]  就是Eric Liddell,李愛蕊先生
[00:02:35.000 --> 00:02:44.000]  大家看過《烈火戰車》電影裡面的主角就是這位李愛蕊先生
[00:02:44.000 --> 00:02:50.000]  講述到他1924年,他拿到奧運400公尺的金牌
[00:02:50.000 --> 00:02:54.000]  1925年,他便來到中國做宣教士
[00:02:54.000 --> 00:02:58.000]  1941年,被日冠軍捉進了集中營
[00:02:58.000 --> 00:03:03.000]  1945年,死在集中營裡面
[00:03:03.000 --> 00:03:06.000]  我去留心他的傳記的時候
[00:03:06.000 --> 00:03:10.000]  沒有留意一件事情,就是這本書所講的
[00:03:10.000 --> 00:03:16.000]  在英國的集中營裡面,李愛蕊先生發現有很多很多的兒童少年
[00:03:16.000 --> 00:03:21.000]  他們都是從自己的父母身上分開出來
[00:03:21.000 --> 00:03:28.000]  他們在集中營裡面很辛苦、很擔憂、很焦慮
[00:03:28.000 --> 00:03:30.000]  因為父母不在身邊
[00:03:30.000 --> 00:03:34.000]  但是李愛蕊先生走出來照顧他們、關心他們
[00:03:34.000 --> 00:03:37.000]  也做他們的老師,教他們很多方面的功課
[00:03:37.000 --> 00:03:41.000]  其中有一位叫Steve McCarff
[00:03:41.000 --> 00:03:45.000]  這個麥凱夫弟兄,他當時是少年
[00:03:45.000 --> 00:03:53.000]  他講述在集中營期間,李愛蕊先生送了兩份禮物給他
[00:03:53.000 --> 00:03:58.000]  第一份禮物是將一對破舊的球鞋送給他
[00:03:58.000 --> 00:04:01.000]  你說破舊也送給別人?
[00:04:01.000 --> 00:04:04.000]  在集中營裡面,不要說鞋子
[00:04:04.000 --> 00:04:07.000]  連拖鞋也未必可以穿
[00:04:07.000 --> 00:04:13.000]  但是你要將他自己僅有的那對球鞋送給他
[00:04:13.000 --> 00:04:15.000]  他很感動
[00:04:15.000 --> 00:04:20.000]  第二件事情,李先生給他的一個很重要的禮物
[00:04:20.000 --> 00:04:26.000]  就是教他,要為那些日本軍人每天祈禱
[00:04:26.000 --> 00:04:28.000]  這個教導很不容易
[00:04:28.000 --> 00:04:31.000]  你可以想像一個小孩子、一個少年人
[00:04:31.000 --> 00:04:38.000]  在日本的集中營裡面,他每天面對著日本人對他的虐待
[00:04:38.000 --> 00:04:40.000]  對他的傷害
[00:04:40.000 --> 00:04:45.000]  但是李愛蕊就教他,你每天為他們祈禱
[00:04:45.000 --> 00:04:49.000]  你聽從耶穌給我們的吩咐
[00:04:49.000 --> 00:04:55.000]  要愛你的仇敵,為那逼迫你們的祈禱
[00:04:55.000 --> 00:05:02.000]  所以史蒂夫就一直每天學習,為日本軍人祈禱
[00:05:02.000 --> 00:05:06.000]  想不到李愛蕊後來自己死了在集中營
[00:05:06.000 --> 00:05:11.000]  因為史蒂夫後來就離開了,出來後被釋放
[00:05:11.000 --> 00:05:16.000]  釋放之後,當他慢慢長大之後,他決心去日本
[00:05:16.000 --> 00:05:18.000]  去日本幹什麼?
[00:05:18.000 --> 00:05:21.000]  要找那些日本人算帳
[00:05:21.000 --> 00:05:29.000]  他去日本做宣教士,一早做了四十年
[00:05:29.000 --> 00:05:35.000]  當我看到這段分享的時候,我的心很感動
[00:05:35.000 --> 00:05:38.000]  是一件絕對不簡單的事情
[00:05:38.000 --> 00:05:41.000]  曾經受到日本人各種的傷害
[00:05:41.000 --> 00:05:44.000]  但是竟然可以為他們祈禱
[00:05:44.000 --> 00:05:46.000]  有些有神給他的力量
[00:05:46.000 --> 00:05:54.000]  可以跟日本人生活,在他們之間傳揚著福音四十年
[00:05:54.000 --> 00:05:56.000]  各位電影節目,你會發覺
[00:05:56.000 --> 00:06:00.000]  在人生的路上,有很多路給你選擇
[00:06:00.000 --> 00:06:02.000]  有些時候到了十字路口
[00:06:02.000 --> 00:06:07.000]  你不知道要走一條寬路還是走一條窄路
[00:06:07.000 --> 00:06:11.000]  但是你會發覺,在聖經中有一個很清楚的方向
[00:06:11.000 --> 00:06:17.000]  如果你是認識自性者,你會選擇他的路
[00:06:17.000 --> 00:06:20.000]  而你會發覺,當你選擇他的路的時候
[00:06:20.000 --> 00:06:23.000]  你的心裡面有一種力量
[00:06:23.000 --> 00:06:26.000]  可能過去曾經受過傷害
[00:06:26.000 --> 00:06:29.000]  或者將會面對更多的傷害
[00:06:29.000 --> 00:06:32.000]  但是知道是主的路
[00:06:32.000 --> 00:06:36.000]  你就放心選擇主的路
[00:06:36.000 --> 00:06:40.000]  聖經說,這個就是「智慧人」
[00:06:40.000 --> 00:06:42.000]  他認識神
[00:06:42.000 --> 00:06:46.000]  因此他按神的心意選擇神的路
[00:06:46.000 --> 00:06:50.000]  他生命領受智慧
[00:06:50.000 --> 00:06:52.000]  我們讀《真言書》的時候一直說到
[00:06:52.000 --> 00:06:55.000]  《真言》提醒我們要尋求智慧
[00:06:55.000 --> 00:06:57.000]  來到第九章的時候你會發覺
[00:06:57.000 --> 00:07:01.000]  聖經帶給我們一個很重要的呼喚
[00:07:01.000 --> 00:07:05.000]  呼喚我們要選擇回應智慧
[00:07:05.000 --> 00:07:07.000]  回應智慧的呼籲
[00:07:07.000 --> 00:07:10.000]  大家一起看回聖經
[00:07:10.000 --> 00:07:12.000]  或者你歡喜今天可以拿出聖經來
[00:07:12.000 --> 00:07:18.000]  你會看到整本聖經裡面第九章的編排情況
[00:07:18.000 --> 00:07:20.000]  在《真言》第九章
[00:07:20.000 --> 00:07:22.000]  當你看的時候
[00:07:22.000 --> 00:07:25.000]  你會看到在第九章開始
[00:07:25.000 --> 00:07:29.000]  很工整有十八節的經文
[00:07:29.000 --> 00:07:32.000]  這裡十八節的經文分成三個小段
[00:07:32.000 --> 00:07:34.000]  每一段六節
[00:07:34.000 --> 00:07:37.000]  第一段第一到第六節
[00:07:37.000 --> 00:07:39.000]  《真言》第九章第一到第六節
[00:07:39.000 --> 00:07:42.000]  你看到是用一個比喻
[00:07:42.000 --> 00:07:47.000]  是用一個女子去比喻智慧
[00:07:47.000 --> 00:07:50.000]  然後去到第三個小段的時候
[00:07:50.000 --> 00:07:53.000]  第十三到第十八節
[00:07:53.000 --> 00:07:56.000]  就用另一個女子來描述
[00:07:56.000 --> 00:07:58.000]  比喻愚昧
[00:07:58.000 --> 00:08:01.000]  而中間那個小段另外的六節經文
[00:08:01.000 --> 00:08:04.000]  就講述給我們知道
[00:08:04.000 --> 00:08:07.000]  如何去分辨智慧和愚昧
[00:08:07.000 --> 00:08:10.000]  以及為自己的選擇而負責任
[00:08:10.000 --> 00:08:12.000]  很工整的排列
[00:08:12.000 --> 00:08:14.000]  但也給我們很清楚的知道
[00:08:14.000 --> 00:08:16.000]  有一個很重要的選擇
[00:08:16.000 --> 00:08:18.000]  擺在我們的面前
[00:08:18.000 --> 00:08:20.000]  當你讀到第九章
[00:08:20.000 --> 00:08:22.000]  其中第三節的時候
[00:08:22.000 --> 00:08:24.000]  你會看到智慧
[00:08:24.000 --> 00:08:27.000]  她去到城中至高處去呼喚
[00:08:27.000 --> 00:08:30.000]  但同樣去到第三個小段裡面
[00:08:30.000 --> 00:08:32.000]  其中也提及到
[00:08:32.000 --> 00:08:35.000]  愚昧這個聖經描述的另一個女子
[00:08:35.000 --> 00:08:38.000]  她坐在自己的家門口
[00:08:38.000 --> 00:08:41.000]  在城中高處的座位上呼喚
[00:08:41.000 --> 00:08:45.000]  同樣講到兩位都是在一些高地
[00:08:45.000 --> 00:08:48.000]  來向人發出呼喚
[00:08:48.000 --> 00:08:51.000]  也都意味著在一些大家都看到的地方
[00:08:51.000 --> 00:08:53.000]  大家都會留意到的地方
[00:08:53.000 --> 00:08:56.000]  他們高調地來發出呼喚
[00:08:56.000 --> 00:09:00.000]  跟隨我 跟隨我 進來享受我的宴席
[00:09:00.000 --> 00:09:02.000]  另一個角度看
[00:09:02.000 --> 00:09:05.000]  你會發覺二者其實在競爭中
[00:09:05.000 --> 00:09:10.000]  競爭要得到你和我的回應
[00:09:10.000 --> 00:09:14.000]  進入他們所預備的不同的宴席
[00:09:14.000 --> 00:09:19.000]  而第九章講到一位智慧的女子的時候
[00:09:19.000 --> 00:09:22.000]  師兄就提到智慧建造了房屋
[00:09:22.000 --> 00:09:26.000]  造成七斤的柱子在薩森竹吊好尾酒
[00:09:26.000 --> 00:09:30.000]  又擺設賢席
[00:09:30.000 --> 00:09:33.000]  這個智慧她建造了美屋的房屋
[00:09:33.000 --> 00:09:35.000]  請提她有七斤的柱子
[00:09:35.000 --> 00:09:37.000]  當時的房屋一般來說
[00:09:37.000 --> 00:09:41.000]  最多一斤至兩斤的柱子
[00:09:41.000 --> 00:09:44.000]  七斤的柱子表示這個智慧
[00:09:44.000 --> 00:09:46.000]  她在一些很廣闊的地方
[00:09:46.000 --> 00:09:50.000]  建築了宏大寬敞的房屋
[00:09:50.000 --> 00:09:55.000]  用七斤柱子才能夠支撐得住
[00:09:55.000 --> 00:09:58.000]  這個宏大的房屋裡面
[00:09:58.000 --> 00:10:01.000]  很歡迎你和我進入
[00:10:01.000 --> 00:10:05.000]  而智慧為我們預備了很豐盛的宴席
[00:10:05.000 --> 00:10:09.000]  宰殺了生畜 調好了尾酒
[00:10:09.000 --> 00:10:12.000]  盼望我們能夠進入
[00:10:12.000 --> 00:10:15.000]  智慧預備了很豐富的宴席
[00:10:15.000 --> 00:10:18.000]  盼望我們會進入
[00:10:18.000 --> 00:10:22.000]  智慧很主動地呼籲
[00:10:22.000 --> 00:10:24.000]  你看到聖經第三節 第四節
[00:10:24.000 --> 00:10:27.000]  一直在說 你們來吧
[00:10:27.000 --> 00:10:29.000]  你們轉過來吧
[00:10:29.000 --> 00:10:31.000]  誰是愚夢的人
[00:10:31.000 --> 00:10:34.000]  讓他轉到這裡來
[00:10:34.000 --> 00:10:36.000]  很熱切地呼籲
[00:10:36.000 --> 00:10:38.000]  特別是那些愚夢的人
[00:10:38.000 --> 00:10:39.000]  無知的人
[00:10:39.000 --> 00:10:40.000]  當然一個人
[00:10:40.000 --> 00:10:43.000]  他要承認自己的愚夢
[00:10:43.000 --> 00:10:46.000]  他會接受自己的無知
[00:10:46.000 --> 00:10:49.000]  他才會回應這個呼召
[00:10:49.000 --> 00:10:52.000]  但是智慧不斷向他們提出
[00:10:52.000 --> 00:10:54.000]  你們轉過來
[00:10:54.000 --> 00:10:56.000]  到我這裡吧
[00:10:56.000 --> 00:10:59.000]  我預備了很多的美食
[00:10:59.000 --> 00:11:02.000]  你過來 你過來 你過來
[00:11:02.000 --> 00:11:05.000]  一直在呼籲
[00:11:05.000 --> 00:11:06.000]  但是你知道
[00:11:06.000 --> 00:11:11.000]  有很多人不願意回應這個呼喚
[00:11:11.000 --> 00:11:12.000]  大家都會記得
[00:11:12.000 --> 00:11:14.000]  當主耶穌在地上的時候
[00:11:14.000 --> 00:11:16.000]  祂說了很多的比喻
[00:11:16.000 --> 00:11:18.000]  《盧高芳》十四章說到一個宴席
[00:11:18.000 --> 00:11:20.000]  天國宴席的比喻
[00:11:20.000 --> 00:11:22.000]  你記得嗎
[00:11:22.000 --> 00:11:24.000]  就是主人邀請了很多的客人
[00:11:24.000 --> 00:11:26.000]  來享用宴席
[00:11:26.000 --> 00:11:28.000]  到時候預備好了
[00:11:28.000 --> 00:11:29.000]  吩咐那些僕人出去
[00:11:29.000 --> 00:11:30.000]  你們過來吧
[00:11:30.000 --> 00:11:33.000]  享用我的宴席
[00:11:33.000 --> 00:11:34.000]  因此僕人就出去
[00:11:34.000 --> 00:11:37.000]  就跟那些被邀請的客人說
[00:11:37.000 --> 00:11:39.000]  預備好了
[00:11:39.000 --> 00:11:41.000]  但是那些客人怎麼反應
[00:11:41.000 --> 00:11:43.000]  有人就說 對不起
[00:11:43.000 --> 00:11:45.000]  剛剛買了一塊地
[00:11:45.000 --> 00:11:47.000]  我是趁低吸納的
[00:11:47.000 --> 00:11:49.000]  現在非常有價值
[00:11:49.000 --> 00:11:51.000]  我在想怎麼去發展
[00:11:51.000 --> 00:11:54.000]  我家而已
[00:11:54.000 --> 00:11:56.000]  又遇到一些人就說
[00:11:56.000 --> 00:11:58.000]  我買了五對牛
[00:11:58.000 --> 00:12:01.000]  你知道牛當時來說是財富
[00:12:01.000 --> 00:12:05.000]  這對牛怎麼能夠發展他們的能力
[00:12:05.000 --> 00:12:07.000]  一直要去看看
[00:12:07.000 --> 00:12:08.000]  有人說不行
[00:12:08.000 --> 00:12:10.000]  我剛剛娶了太太
[00:12:10.000 --> 00:12:14.000]  很多事情都不管了
[00:12:14.000 --> 00:12:16.000]  僕人會去匯報給主人知道
[00:12:16.000 --> 00:12:18.000]  主人聽見很憤怒
[00:12:18.000 --> 00:12:20.000]  然後就說了一句話
[00:12:20.000 --> 00:12:23.000]  先前所請的人
[00:12:23.000 --> 00:12:27.000]  沒有一個得償我的宴席
[00:12:27.000 --> 00:12:30.000]  他們沒錯曾經被邀請的
[00:12:30.000 --> 00:12:32.000]  但是他們不願意回應
[00:12:32.000 --> 00:12:35.000]  因此沒有一個能夠得償
[00:12:35.000 --> 00:12:39.000]  天國的主人的宴席
[00:12:39.000 --> 00:12:41.000]  各位頂智媒
[00:12:41.000 --> 00:12:43.000]  其實你都會體會
[00:12:43.000 --> 00:12:44.000]  在今天這個世界裡面
[00:12:44.000 --> 00:12:49.000]  有很多不同的呼聲呼喚你
[00:12:49.000 --> 00:12:51.000]  呼喚你 來吧
[00:12:51.000 --> 00:12:54.000]  跟著我 你有前途了
[00:12:54.000 --> 00:12:57.000]  來吧 你這樣決定
[00:12:57.000 --> 00:13:01.000]  包你前面沒有任何缺乏
[00:13:01.000 --> 00:13:03.000]  很多不同的事情
[00:13:03.000 --> 00:13:06.000]  在呼喚著你的注意
[00:13:06.000 --> 00:13:08.000]  但是你要選擇去回應
[00:13:08.000 --> 00:13:10.000]  智慧的呼喚
[00:13:10.000 --> 00:13:15.000]  免得你失去真實美善的宴席
[00:13:15.000 --> 00:13:18.000]  這正是聖經對我們的吩咐
[00:13:18.000 --> 00:13:20.000]  當聖經說完這件事情之後
[00:13:20.000 --> 00:13:22.000]  直接再說第六節的主題
[00:13:22.000 --> 00:13:24.000]  你們來吃我的餅
[00:13:24.000 --> 00:13:26.000]  喝我調的酒
[00:13:26.000 --> 00:13:28.000]  如果你要去進入這個宴席
[00:13:28.000 --> 00:13:30.000]  選擇智慧的時候
[00:13:30.000 --> 00:13:34.000]  你就要離棄愚昧
[00:13:34.000 --> 00:13:35.000]  離棄的意思
[00:13:35.000 --> 00:13:37.000]  含有一種悔改的意思
[00:13:37.000 --> 00:13:41.000]  為了過去錯誤的選擇悔改
[00:13:41.000 --> 00:13:43.000]  離棄那些錯誤的選擇
[00:13:43.000 --> 00:13:46.000]  然後你就會得到存活
[00:13:46.000 --> 00:13:48.000]  得到生命
[00:13:48.000 --> 00:13:50.000]  並要走
[00:13:50.000 --> 00:13:52.000]  繼續走在智慧的路上
[00:13:52.000 --> 00:13:56.000]  繼續讓你堅持在神的路上
[00:13:56.000 --> 00:14:00.000]  你就能夠領受智慧
[00:14:00.000 --> 00:14:03.000]  領受智慧不只是一刻的決定
[00:14:03.000 --> 00:14:06.000]  更是一個長久持定的決定
[00:14:06.000 --> 00:14:10.000]  一生願意去行智慧
[00:14:10.000 --> 00:14:12.000]  說完這六節經文之後
[00:14:12.000 --> 00:14:15.000]  剛才說到最後的六節經文
[00:14:15.000 --> 00:14:17.000]  聖經說到另一件事情
[00:14:17.000 --> 00:14:22.000]  聖經說到你要去留心拒絕愚昧
[00:14:22.000 --> 00:14:24.000]  在九章十三十四節
[00:14:24.000 --> 00:14:26.000]  說到另一個女子
[00:14:26.000 --> 00:14:30.000]  這個女子在裡面有很多呼喚
[00:14:30.000 --> 00:14:33.000]  聖經說她圈養
[00:14:33.000 --> 00:14:37.000]  圈養這個字有很多含義
[00:14:37.000 --> 00:14:39.000]  除了說她很大聲
[00:14:39.000 --> 00:14:43.000]  四處呼喚去爭取你的注意之外
[00:14:43.000 --> 00:14:45.000]  這個字含有一種就是
[00:14:45.000 --> 00:14:49.000]  不守若束 荒蕩無恥的意思
[00:14:49.000 --> 00:14:50.000]  不管你會怎樣
[00:14:50.000 --> 00:14:52.000]  一直要她拉著你
[00:14:52.000 --> 00:14:53.000]  扯著你
[00:14:53.000 --> 00:14:57.000]  要你去跟從她 付從她
[00:14:57.000 --> 00:14:58.000]  當聖經提到
[00:14:58.000 --> 00:15:01.000]  坐在她自己的家門口的時候
[00:15:01.000 --> 00:15:03.000]  很多當時的人會想起
[00:15:03.000 --> 00:15:04.000]  在當時的社會
[00:15:04.000 --> 00:15:07.000]  有些妓女會坐在她的家門口
[00:15:07.000 --> 00:15:09.000]  呼喚別人進入她的家
[00:15:09.000 --> 00:15:12.000]  跟她有勾當
[00:15:12.000 --> 00:15:15.000]  因此你發覺聖經用一個邪淫的女子
[00:15:15.000 --> 00:15:20.000]  去形容愚夢 愚昧
[00:15:20.000 --> 00:15:22.000]  而她不斷地發出呼喚
[00:15:22.000 --> 00:15:23.000]  她呼喚誰呢
[00:15:23.000 --> 00:15:27.000]  呼喚那些剛剛路過的
[00:15:27.000 --> 00:15:28.000]  聖經接著說到
[00:15:28.000 --> 00:15:31.000]  呼喚過路的 向那些在路上直走的人
[00:15:31.000 --> 00:15:34.000]  他們未必特意要去找她
[00:15:34.000 --> 00:15:36.000]  但是剛剛路過的時候
[00:15:36.000 --> 00:15:38.000]  剛剛看到
[00:15:38.000 --> 00:15:41.000]  其實無意去回應她的
[00:15:41.000 --> 00:15:43.000]  但是被她叫住
[00:15:43.000 --> 00:15:46.000]  就受到吸引
[00:15:46.000 --> 00:15:47.000]  我們平時在街頭上
[00:15:47.000 --> 00:15:49.000]  有時候都遇到一些
[00:15:49.000 --> 00:15:52.000]  街頭做一些推銷的人士
[00:15:52.000 --> 00:15:53.000]  推銷某些物品
[00:15:53.000 --> 00:15:58.000]  我也試過一兩次不期然地走過去
[00:15:58.000 --> 00:16:01.000]  一直用著一些抗音器大聲說
[00:16:01.000 --> 00:16:03.000]  這些東西不用買的
[00:16:03.000 --> 00:16:05.000]  今天是送的
[00:16:05.000 --> 00:16:06.000]  全部是贈品
[00:16:06.000 --> 00:16:08.000]  你用一個好用的
[00:16:08.000 --> 00:16:10.000]  你回頭再幫我買
[00:16:10.000 --> 00:16:11.000]  接著我走過去之後
[00:16:11.000 --> 00:16:12.000]  站在那裡
[00:16:12.000 --> 00:16:16.000]  想著她送一些東西
[00:16:16.000 --> 00:16:18.000]  誰知道她繼續解釋
[00:16:18.000 --> 00:16:23.000]  拿著那份物品一直說
[00:16:23.000 --> 00:16:28.000]  說到最後目的只是上來買
[00:16:28.000 --> 00:16:31.000]  有太多太多的事情你會明白
[00:16:31.000 --> 00:16:33.000]  用很多不同的方法
[00:16:33.000 --> 00:16:36.000]  要呼喚你來接受
[00:16:36.000 --> 00:16:37.000]  而且她告訴你
[00:16:37.000 --> 00:16:40.000]  偷來的水是甜的
[00:16:40.000 --> 00:16:44.000]  暗藏的餅是美的
[00:16:44.000 --> 00:16:47.000]  就這樣吃那些餅不好吃的
[00:16:47.000 --> 00:16:49.000]  你要偷回來
[00:16:49.000 --> 00:16:51.000]  靜悄悄沒有人知道的時候吃
[00:16:51.000 --> 00:16:54.000]  就最美味了
[00:16:54.000 --> 00:16:56.000]  另一個的翻譯
[00:16:56.000 --> 00:16:57.000]  橫勝利翻譯就是
[00:16:57.000 --> 00:17:00.000]  到來的水才是甜的
[00:17:00.000 --> 00:17:05.000]  偷來的餅才是香的
[00:17:05.000 --> 00:17:06.000]  我記得一件事情
[00:17:06.000 --> 00:17:08.000]  我很深刻的
[00:17:08.000 --> 00:17:09.000]  很多年前有一位
[00:17:09.000 --> 00:17:11.000]  在外籍的弟兄
[00:17:11.000 --> 00:17:13.000]  他去到柬埔寨
[00:17:13.000 --> 00:17:14.000]  經歷了一些事情
[00:17:14.000 --> 00:17:15.000]  告訴我
[00:17:15.000 --> 00:17:17.000]  他在柬埔寨一個傍晚的時候
[00:17:17.000 --> 00:17:19.000]  他經過一個地區
[00:17:19.000 --> 00:17:20.000]  那個不熟悉的地方
[00:17:20.000 --> 00:17:21.000]  他去的時候
[00:17:21.000 --> 00:17:23.000]  後來才發覺是一個紅燈區
[00:17:23.000 --> 00:17:24.000]  一路走的時候
[00:17:24.000 --> 00:17:26.000]  突然有一個男士出現
[00:17:26.000 --> 00:17:27.000]  見到他的時候
[00:17:27.000 --> 00:17:30.000]  就微微笑就跟他說
[00:17:30.000 --> 00:17:32.000]  用英文說
[00:17:32.000 --> 00:17:34.000]  little boys
[00:17:34.000 --> 00:17:38.000]  little girls
[00:17:38.000 --> 00:17:40.000]  他一開始都不明白
[00:17:40.000 --> 00:17:44.000]  後來他再聽那個人說的時候
[00:17:44.000 --> 00:17:46.000]  那個人一直告訴他
[00:17:46.000 --> 00:17:48.000]  用他的方法表達就是
[00:17:48.000 --> 00:17:51.000]  很刺激的
[00:17:51.000 --> 00:17:54.000]  比其他更滿足的
[00:17:54.000 --> 00:17:57.000]  大家知道是什麼
[00:17:57.000 --> 00:17:59.000]  在那些紅燈區裡面
[00:17:59.000 --> 00:18:01.000]  不單單要人有
[00:18:01.000 --> 00:18:04.000]  一些妓女的活動
[00:18:04.000 --> 00:18:07.000]  然後推銷一些兒童
[00:18:07.000 --> 00:18:13.000]  讓一些人去種他們的情慾
[00:18:13.000 --> 00:18:14.000]  當我聽的時候
[00:18:14.000 --> 00:18:16.000]  我感覺很噁心
[00:18:16.000 --> 00:18:18.000]  但是同時體會到
[00:18:18.000 --> 00:18:20.000]  當時的人用什麼方法
[00:18:20.000 --> 00:18:22.000]  讓你認為
[00:18:22.000 --> 00:18:24.000]  這些更加滿足的
[00:18:24.000 --> 00:18:28.000]  更加香甜的
[00:18:28.000 --> 00:18:31.000]  聖經描述到撒旦
[00:18:31.000 --> 00:18:33.000]  在啟示錄第十二章講述到
[00:18:33.000 --> 00:18:35.000]  魔鬼有一些名稱
[00:18:35.000 --> 00:18:36.000]  其中的名稱
[00:18:36.000 --> 00:18:38.000]  魔鬼就叫撒旦
[00:18:38.000 --> 00:18:40.000]  撒旦的意思是敵對者
[00:18:40.000 --> 00:18:42.000]  是敵對神
[00:18:42.000 --> 00:18:45.000]  撒旦是敵對光明的事情
[00:18:45.000 --> 00:18:47.000]  如果你走在光明當中
[00:18:47.000 --> 00:18:49.000]  祂要將你拉出來
[00:18:49.000 --> 00:18:51.000]  走在黑暗裡面
[00:18:51.000 --> 00:18:55.000]  撒旦又是迷惑普天下的聖經講
[00:18:55.000 --> 00:18:58.000]  去粉飾那些邪覺
[00:18:58.000 --> 00:19:01.000]  告訴你很美妙的
[00:19:01.000 --> 00:19:05.000]  以致你能夠進入那種迷惑裡面
[00:19:05.000 --> 00:19:08.000]  各位電影節目的聖經提醒我們
[00:19:08.000 --> 00:19:10.000]  如果你不是警醒禱告
[00:19:10.000 --> 00:19:12.000]  你就會進入迷惑
[00:19:12.000 --> 00:19:14.000]  當你面對著很多不同的選擇的時候
[00:19:14.000 --> 00:19:16.000]  你要祈禱
[00:19:16.000 --> 00:19:17.000]  你要小心地去求問神
[00:19:17.000 --> 00:19:19.000]  哪一條是智慧的路
[00:19:19.000 --> 00:19:22.000]  哪一條是智慧的選擇
[00:19:22.000 --> 00:19:24.000]  如果你不小心選擇
[00:19:24.000 --> 00:19:26.000]  你會被迷惑
[00:19:26.000 --> 00:19:28.000]  你會中了詭計
[00:19:28.000 --> 00:19:32.000]  進入了愚無人的家
[00:19:32.000 --> 00:19:35.000]  這只是聖經不斷地提醒我們要留心
[00:19:35.000 --> 00:19:37.000]  祂告訴你
[00:19:37.000 --> 00:19:38.000]  是香的餅
[00:19:38.000 --> 00:19:39.000]  是甜的水
[00:19:39.000 --> 00:19:41.000]  但接著是第十八節
[00:19:41.000 --> 00:19:42.000]  聖經說
[00:19:42.000 --> 00:19:45.000]  人卻不知道有陰魂在他那裡
[00:19:45.000 --> 00:19:50.000]  他召喚的人士在陰間的深處
[00:19:50.000 --> 00:19:52.000]  祂帶你去的地方
[00:19:52.000 --> 00:19:54.000]  不是什麼美善的宴席
[00:19:54.000 --> 00:19:57.000]  是陰間的宴席
[00:19:57.000 --> 00:20:01.000]  結果是永遠的死亡
[00:20:01.000 --> 00:20:06.000]  是永遠的離開光明的上帝
[00:20:06.000 --> 00:20:09.000]  他一定會面對著試探的時候
[00:20:09.000 --> 00:20:13.000]  某些處境你感覺到有一些問題
[00:20:13.000 --> 00:20:15.000]  當你要做決定的時候
[00:20:15.000 --> 00:20:17.000]  你要想一想
[00:20:17.000 --> 00:20:19.000]  如果我選擇了這件事情
[00:20:19.000 --> 00:20:22.000]  有什麼後果
[00:20:22.000 --> 00:20:26.000]  對我的生命有什麼影響
[00:20:26.000 --> 00:20:28.000]  當你小心想
[00:20:28.000 --> 00:20:30.000]  原來祂帶你去陰間
[00:20:30.000 --> 00:20:33.000]  你會得到死亡的時候
[00:20:33.000 --> 00:20:37.000]  你就會有更大的力量去拒絕這些試探
[00:20:37.000 --> 00:20:39.000]  這些危險
[00:20:39.000 --> 00:20:40.000]  沒錯
[00:20:40.000 --> 00:20:43.000]  智慧在呼喚邪惡的愚昧的
[00:20:43.000 --> 00:20:45.000]  又在呼喚你
[00:20:45.000 --> 00:20:47.000]  但是到了聖經中間的小段
[00:20:47.000 --> 00:20:50.000]  其中第七到第十二節
[00:20:50.000 --> 00:20:51.000]  聖經提醒我們要留心
[00:20:51.000 --> 00:20:53.000]  當你選擇的時候
[00:20:53.000 --> 00:20:57.000]  你會承擔你的選擇的後果
[00:20:57.000 --> 00:20:59.000]  在第七節開始說到一件事情
[00:20:59.000 --> 00:21:04.000]  就是你如何去分辨智慧和愚昧
[00:21:04.000 --> 00:21:05.000]  聖經說到
[00:21:05.000 --> 00:21:09.000]  糾正傲慢人的必招羞辱
[00:21:09.000 --> 00:21:12.000]  責備惡人的必備侮辱
[00:21:12.000 --> 00:21:15.000]  不如責備傲慢人免得他恨你
[00:21:15.000 --> 00:21:18.000]  聖經說到一件事情就是
[00:21:18.000 --> 00:21:21.000]  你如何去分辨智慧和愚昧
[00:21:21.000 --> 00:21:23.000]  其中一個方法就是
[00:21:23.000 --> 00:21:27.000]  透過他們如何回應別人對他們的勸告
[00:21:27.000 --> 00:21:29.000]  他們不同的回應方式
[00:21:29.000 --> 00:21:34.000]  你會知道他是愚昧還是智慧
[00:21:34.000 --> 00:21:35.000]  這裡提到一件事情就是
[00:21:35.000 --> 00:21:41.000]  智慧人他如何去回應別人對他的勸告
[00:21:41.000 --> 00:21:44.000]  聖經說他是傲慢的
[00:21:44.000 --> 00:21:47.000]  他是驕傲的 自以為是
[00:21:47.000 --> 00:21:51.000]  愚昧的人他認為自己是最正確的
[00:21:51.000 --> 00:21:54.000]  看不見自己的錯失
[00:21:54.000 --> 00:21:57.000]  也不承認自己的錯失
[00:21:57.000 --> 00:21:59.000]  甚至別人勸告他的時候
[00:21:59.000 --> 00:22:02.000]  他會用惡言去反擊他
[00:22:02.000 --> 00:22:08.000]  甚至去侮辱對方 仇恨對方
[00:22:08.000 --> 00:22:11.000]  我想大家可能都記得我曾經說過
[00:22:11.000 --> 00:22:13.000]  很多年前自己一個經歷
[00:22:13.000 --> 00:22:14.000]  我又想起
[00:22:14.000 --> 00:22:17.000]  就是很多年前我做社工
[00:22:17.000 --> 00:22:19.000]  在一個社區裡面
[00:22:19.000 --> 00:22:21.000]  一個社區中心裡面
[00:22:21.000 --> 00:22:24.000]  常常有很多小朋友來到這個中心裡面
[00:22:24.000 --> 00:22:26.000]  那件事情
[00:22:26.000 --> 00:22:27.000]  去到中心裡面
[00:22:27.000 --> 00:22:29.000]  這些朋友很小的
[00:22:29.000 --> 00:22:32.000]  四五歲 三四歲 差不多
[00:22:32.000 --> 00:22:36.000]  竟然他們在中心裡面大罵
[00:22:36.000 --> 00:22:38.000]  是大家互相罵人
[00:22:38.000 --> 00:22:41.000]  用粗口罵對方
[00:22:41.000 --> 00:22:44.000]  我聽見 嘩 這麼小的罵粗口的
[00:22:44.000 --> 00:22:47.000]  粗口很純熟
[00:22:47.000 --> 00:22:49.000]  當時我就跟他說 不行的
[00:22:49.000 --> 00:22:50.000]  小朋友不可以說粗話
[00:22:50.000 --> 00:22:51.000]  為什麼不可以說
[00:22:51.000 --> 00:22:53.000]  差不多想罵我
[00:22:53.000 --> 00:22:56.000]  接著我就說 好
[00:22:56.000 --> 00:22:58.000]  你們下次什麼時候來
[00:22:58.000 --> 00:23:01.000]  我幫你們辦一個辯論比賽
[00:23:01.000 --> 00:23:03.000]  然後題目就是
[00:23:03.000 --> 00:23:07.000]  小孩子應否說粗口
[00:23:07.000 --> 00:23:09.000]  到時他們就真的來了
[00:23:09.000 --> 00:23:10.000]  分成兩隊
[00:23:10.000 --> 00:23:14.000]  一隊正 一隊反 就要辯論
[00:23:14.000 --> 00:23:16.000]  我很記得在辯論過程當中
[00:23:16.000 --> 00:23:19.000]  有一位社區的叔叔就進來
[00:23:19.000 --> 00:23:20.000]  進來的時候
[00:23:20.000 --> 00:23:22.000]  這麼有趣 小朋友全都在
[00:23:22.000 --> 00:23:24.000]  聽他們說話
[00:23:24.000 --> 00:23:27.000]  嘩 說這些話的
[00:23:27.000 --> 00:23:32.000]  然後就用粗口罵他們
[00:23:32.000 --> 00:23:34.000]  一直罵他們
[00:23:34.000 --> 00:23:38.000]  為什麼這麼小就說粗口的
[00:23:38.000 --> 00:23:40.000]  我旁邊聽到
[00:23:40.000 --> 00:23:42.000]  我就很明白
[00:23:42.000 --> 00:23:44.000]  在這樣的環境裡面成長
[00:23:44.000 --> 00:23:47.000]  自然就學會了
[00:23:47.000 --> 00:23:49.000]  然後我也忍不住
[00:23:49.000 --> 00:23:51.000]  走過去跟這位叔叔說
[00:23:51.000 --> 00:23:53.000]  叔叔 你這樣說粗口
[00:23:53.000 --> 00:23:57.000]  他們怎麼會不說呢
[00:23:57.000 --> 00:23:59.000]  然後我永遠不會忘記
[00:23:59.000 --> 00:24:03.000]  這位叔叔看著我
[00:24:03.000 --> 00:24:11.000]  我沒有說過粗口
[00:24:11.000 --> 00:24:13.000]  是我第一次
[00:24:13.000 --> 00:24:17.000]  這麼清楚看到一個人
[00:24:17.000 --> 00:24:18.000]  自以為是
[00:24:18.000 --> 00:24:23.000]  不願意承認自己所做的事情
[00:24:23.000 --> 00:24:25.000]  其實你和我
[00:24:25.000 --> 00:24:27.000]  有些時候
[00:24:27.000 --> 00:24:30.000]  好像都不是這樣
[00:24:30.000 --> 00:24:32.000]  做一些自己知道不應該做的事情
[00:24:32.000 --> 00:24:34.000]  有人問及的時候
[00:24:34.000 --> 00:24:39.000]  不知道是誰撞跌的呢
[00:24:39.000 --> 00:24:41.000]  你發覺聖經裡面提及一件事情
[00:24:41.000 --> 00:24:46.000]  一個自慰人是願意去接受勸告
[00:24:46.000 --> 00:24:48.000]  願意面對自己的錯失
[00:24:48.000 --> 00:24:50.000]  在過程裡面聖經就說
[00:24:50.000 --> 00:24:52.000]  這些自慰人
[00:24:52.000 --> 00:24:54.000]  聖經跟著就說
[00:24:54.000 --> 00:24:56.000]  他受到責備的時候
[00:24:56.000 --> 00:24:58.000]  他去愛那些責備的人
[00:24:58.000 --> 00:25:01.000]  而當他接受人的責備
[00:25:01.000 --> 00:25:04.000]  在當中自己謙卑的反思
[00:25:04.000 --> 00:25:06.000]  因此從那個過程當中
[00:25:06.000 --> 00:25:07.000]  有新的學習
[00:25:07.000 --> 00:25:11.000]  聖經就說他愈有自慰
[00:25:11.000 --> 00:25:13.000]  也說給我們聽
[00:25:13.000 --> 00:25:14.000]  這些異人
[00:25:14.000 --> 00:25:18.000]  聖經將自慰人等同異人
[00:25:18.000 --> 00:25:21.000]  只是異人他就增長學問
[00:25:21.000 --> 00:25:25.000]  他會更加有對自慰的認識
[00:25:25.000 --> 00:25:28.000]  進深的學習自慰
[00:25:28.000 --> 00:25:30.000]  我想請問一下聖經的針形
[00:25:30.000 --> 00:25:31.000]  其他地方提到
[00:25:31.000 --> 00:25:34.000]  一個人當接受到別人勸誡的時候
[00:25:34.000 --> 00:25:36.000]  是何等的甘美
[00:25:36.000 --> 00:25:38.000]  聖經針形的二十七章
[00:25:38.000 --> 00:25:40.000]  其中的第六節說到
[00:25:40.000 --> 00:25:45.000]  有些的敵人很欣賞你
[00:25:45.000 --> 00:25:46.000]  和你親密
[00:25:46.000 --> 00:25:48.000]  大家知道當時表示的一種
[00:25:48.000 --> 00:25:50.000]  很親密的一種態度
[00:25:50.000 --> 00:25:52.000]  但是這些是多餘的
[00:25:52.000 --> 00:25:54.000]  但是朋友家的傷痕
[00:25:54.000 --> 00:25:56.000]  好像是傷痕
[00:25:56.000 --> 00:25:58.000]  但是出於忠誠
[00:25:58.000 --> 00:26:00.000]  卻是帶給你祝福
[00:26:00.000 --> 00:26:02.000]  高油和香料使人心喜
[00:26:02.000 --> 00:26:07.000]  朋友誠心的勸勉也是如此的甘美
[00:26:07.000 --> 00:26:09.000]  是帶給你有滿足
[00:26:09.000 --> 00:26:14.000]  帶給你真正的祝福和學習
[00:26:14.000 --> 00:26:16.000]  最近大家可能都聽到
[00:26:16.000 --> 00:26:18.000]  就是我們所敬愛的
[00:26:18.000 --> 00:26:22.000]  曾立華牧師過世的消息
[00:26:22.000 --> 00:26:25.000]  當有機會來參與追思禮拜
[00:26:25.000 --> 00:26:27.000]  聽到很多不同的同學
[00:26:27.000 --> 00:26:30.000]  頂姐妹來說說他們的經歷的時候
[00:26:30.000 --> 00:26:33.000]  我聽到一位曾經是
[00:26:33.000 --> 00:26:36.000]  曾牧師神學院的學生
[00:26:36.000 --> 00:26:38.000]  現在已經是傳道人
[00:26:38.000 --> 00:26:41.000]  他說回的情況就是當年
[00:26:41.000 --> 00:26:44.000]  自己在一次的侍奉的經歷裡面
[00:26:44.000 --> 00:26:46.000]  覺得很沉重
[00:26:46.000 --> 00:26:48.000]  很大壓力
[00:26:48.000 --> 00:26:50.000]  心裡面覺得很不想繼續
[00:26:50.000 --> 00:26:52.000]  甚至想放棄
[00:26:52.000 --> 00:26:54.000]  在一個很沉重的心情的時候
[00:26:54.000 --> 00:26:56.000]  遇到曾牧師
[00:26:56.000 --> 00:26:58.000]  因此就和曾牧師
[00:26:58.000 --> 00:27:01.000]  傾訴自己所面對的困難
[00:27:01.000 --> 00:27:02.000]  一邊說的時候
[00:27:02.000 --> 00:27:04.000]  曾牧師一邊小心聽
[00:27:04.000 --> 00:27:08.000]  然後和他說了一句話
[00:27:08.000 --> 00:27:09.000]  他說弟兄
[00:27:09.000 --> 00:27:15.000]  你當跑的路還沒跑完
[00:27:15.000 --> 00:27:17.000]  只是簡單一句話
[00:27:17.000 --> 00:27:20.000]  這位弟兄這位牧師就說
[00:27:20.000 --> 00:27:23.000]  他當時很深刻地體會一件事情
[00:27:23.000 --> 00:27:24.000]  無錯有艱難
[00:27:24.000 --> 00:27:25.000]  無錯有挑戰
[00:27:25.000 --> 00:27:27.000]  但是神給我的路
[00:27:27.000 --> 00:27:30.000]  我要忠心去走完它
[00:27:30.000 --> 00:27:32.000]  因此這句話就鼓勵他
[00:27:32.000 --> 00:27:34.000]  繼續面對那些艱難
[00:27:34.000 --> 00:27:37.000]  繼續的侍奉神
[00:27:37.000 --> 00:27:38.000]  你會發覺
[00:27:38.000 --> 00:27:41.000]  能夠有人給你勸告
[00:27:41.000 --> 00:27:43.000]  是你的祝福
[00:27:43.000 --> 00:27:44.000]  智慧的人
[00:27:44.000 --> 00:27:46.000]  是會在其中小心的分辨
[00:27:46.000 --> 00:27:48.000]  小心去聆聽
[00:27:48.000 --> 00:27:51.000]  還在其中領受智慧
[00:27:51.000 --> 00:27:53.000]  當聖經說到
[00:27:53.000 --> 00:27:55.000]  當你有這種智慧的表現的時候
[00:27:55.000 --> 00:27:58.000]  你就更加明白九章十節
[00:27:58.000 --> 00:28:00.000]  也是我們上上讀的經文
[00:28:00.000 --> 00:28:02.000]  重要的意思
[00:28:02.000 --> 00:28:04.000]  不如大家又再一起讀出這則經文
[00:28:04.000 --> 00:28:08.000]  敬畏耶和華是智慧的開端
[00:28:08.000 --> 00:28:12.000]  認識自性者便是聰明
[00:28:12.000 --> 00:28:15.000]  請提到敬畏耶和華是智慧的開端
[00:28:15.000 --> 00:28:18.000]  提出智慧的根源在哪裡
[00:28:18.000 --> 00:28:21.000]  智慧的本質是什麼
[00:28:21.000 --> 00:28:26.000]  智慧不是說你的智商有多高
[00:28:26.000 --> 00:28:29.000]  你的智慧是否爆棚
[00:28:29.000 --> 00:28:34.000]  而是說你是否尊崇上帝
[00:28:34.000 --> 00:28:37.000]  是否你的心真的知道
[00:28:37.000 --> 00:28:39.000]  一位是至高者
[00:28:39.000 --> 00:28:43.000]  是可重可畏的全能的上帝
[00:28:43.000 --> 00:28:47.000]  你不會輕忽他對你的旨意
[00:28:47.000 --> 00:28:50.000]  不會輕視他對你的吩咐
[00:28:50.000 --> 00:28:54.000]  你會聽從你去尊崇他
[00:28:54.000 --> 00:28:59.000]  這是敬畏也是智慧
[00:28:59.000 --> 00:29:01.000]  當你去認識他的時候
[00:29:01.000 --> 00:29:03.000]  你知道這位的智性者
[00:29:03.000 --> 00:29:06.000]  他喜愛公義和公平
[00:29:06.000 --> 00:29:08.000]  你就知道自己可以
[00:29:08.000 --> 00:29:10.000]  按公平公義的原則
[00:29:10.000 --> 00:29:12.000]  去選擇你的道路
[00:29:12.000 --> 00:29:15.000]  你就變得有智慧
[00:29:15.000 --> 00:29:17.000]  你記得我們上上都會提到
[00:29:17.000 --> 00:29:21.000]  耶利米書九章這一節的經文
[00:29:21.000 --> 00:29:23.000]  你如何去誇厚呢
[00:29:23.000 --> 00:29:25.000]  聖經提醒我們
[00:29:25.000 --> 00:29:26.000]  先知提醒我們
[00:29:26.000 --> 00:29:29.000]  智慧人不要因他的智慧誇厚
[00:29:29.000 --> 00:29:31.000]  我比別人聰明一點
[00:29:31.000 --> 00:29:32.000]  不是
[00:29:32.000 --> 00:29:35.000]  勇士不要因他的力氣誇厚
[00:29:35.000 --> 00:29:39.000]  那些是他自己最強的項目
[00:29:39.000 --> 00:29:42.000]  他不要因為自己力氣強就誇厚
[00:29:42.000 --> 00:29:45.000]  財主不要因為他的財富誇厚
[00:29:45.000 --> 00:29:47.000]  要按什麼誇厚呢
[00:29:47.000 --> 00:29:51.000]  誇厚的卻要誇自己有聰明
[00:29:51.000 --> 00:29:52.000]  什麼聰明呢
[00:29:52.000 --> 00:29:55.000]  是認識我是耶和華
[00:29:55.000 --> 00:29:57.000]  知道我喜悅在世上施行
[00:29:57.000 --> 00:30:02.000]  慈愛公平和公義
[00:30:02.000 --> 00:30:04.000]  你認識到這位上帝
[00:30:04.000 --> 00:30:08.000]  他很重視慈愛公平公義
[00:30:08.000 --> 00:30:11.000]  他所做的一切都是公義的
[00:30:11.000 --> 00:30:13.000]  當你認識的時候
[00:30:13.000 --> 00:30:16.000]  你就跟隨著這位上帝
[00:30:16.000 --> 00:30:18.000]  他的屬性
[00:30:18.000 --> 00:30:21.000]  你去作人生的選擇
[00:30:21.000 --> 00:30:25.000]  你就變得智慧
[00:30:25.000 --> 00:30:28.000]  當你認識智慧至高者
[00:30:28.000 --> 00:30:30.000]  你就有真正的聰明
[00:30:30.000 --> 00:30:32.000]  或者用一句話說
[00:30:32.000 --> 00:30:34.000]  什麼叫聰明
[00:30:34.000 --> 00:30:36.000]  聰明的定義是什麼
[00:30:36.000 --> 00:30:41.000]  聰明就是認識至聖者
[00:30:41.000 --> 00:30:43.000]  當然你知道這個認識
[00:30:43.000 --> 00:30:45.000]  不單單是說頭腦上的認識
[00:30:45.000 --> 00:30:46.000]  是你在生命當中
[00:30:46.000 --> 00:30:47.000]  你去跟隨的時候
[00:30:47.000 --> 00:30:51.000]  一步步去經歷這位神的真實
[00:30:51.000 --> 00:30:54.000]  而在當中更加去信靠他
[00:30:54.000 --> 00:30:56.000]  按他的心意來生活
[00:30:56.000 --> 00:31:00.000]  我想說一件很簡單的經歷
[00:31:00.000 --> 00:31:03.000]  有一年我去南美
[00:31:03.000 --> 00:31:06.000]  參加一些宣導會的國際會議
[00:31:06.000 --> 00:31:08.000]  我搭飛機去到紐約
[00:31:08.000 --> 00:31:11.000]  然後再轉機去南美
[00:31:11.000 --> 00:31:12.000]  去到紐約的時候
[00:31:12.000 --> 00:31:14.000]  飛機延遲了時間
[00:31:14.000 --> 00:31:15.000]  去到很遲了
[00:31:15.000 --> 00:31:17.000]  我立刻要接駁那班飛機
[00:31:17.000 --> 00:31:19.000]  但當時已經是傍晚
[00:31:19.000 --> 00:31:20.000]  晚上的時間
[00:31:20.000 --> 00:31:23.000]  我拖著行李一直跑
[00:31:23.000 --> 00:31:25.000]  因為我要先把行李清關
[00:31:25.000 --> 00:31:29.000]  再拿去新的地方再入機
[00:31:29.000 --> 00:31:31.000]  還有差不多一個鐘頭
[00:31:31.000 --> 00:31:32.000]  我打算也夠時間的
[00:31:32.000 --> 00:31:34.000]  當我跑到去的時候
[00:31:34.000 --> 00:31:37.000]  全部關門了
[00:31:37.000 --> 00:31:39.000]  因為他說這裡很多人帶大行李
[00:31:39.000 --> 00:31:41.000]  所以一早要清關
[00:31:41.000 --> 00:31:42.000]  才可以進來
[00:31:42.000 --> 00:31:43.000]  關門了
[00:31:43.000 --> 00:31:45.000]  人家都進去了
[00:31:45.000 --> 00:31:47.000]  我看著飛機怎麼辦
[00:31:47.000 --> 00:31:49.000]  我心裡很焦急
[00:31:49.000 --> 00:31:51.000]  而且很焦慮
[00:31:51.000 --> 00:31:52.000]  那怎麼辦呢
[00:31:52.000 --> 00:31:54.000]  我怎麼辦呢
[00:31:54.000 --> 00:31:58.000]  在當時才能夠默默地祈禱
[00:31:58.000 --> 00:32:00.000]  那個官員看到我
[00:32:00.000 --> 00:32:02.000]  似乎很焦慮
[00:32:02.000 --> 00:32:06.000]  我們可以安排酒店給你住一晚
[00:32:06.000 --> 00:32:08.000]  這樣就好了
[00:32:08.000 --> 00:32:09.000]  住一晚
[00:32:09.000 --> 00:32:12.000]  第二天早上休息完之後
[00:32:12.000 --> 00:32:18.000]  就去到機場再進去搭飛機
[00:32:18.000 --> 00:32:19.000]  進去的時候
[00:32:19.000 --> 00:32:22.000]  見到昨天的接待員
[00:32:22.000 --> 00:32:25.000]  就是你昨天晚上上不了飛機
[00:32:25.000 --> 00:32:26.000]  好吧
[00:32:26.000 --> 00:32:28.000]  給你一個好機位
[00:32:28.000 --> 00:32:34.000]  就把我帶到第一階段
[00:32:34.000 --> 00:32:36.000]  我就發覺
[00:32:36.000 --> 00:32:40.000]  竟然會這樣優待我
[00:32:40.000 --> 00:32:42.000]  但是當我一邊坐著
[00:32:42.000 --> 00:32:44.000]  享受那個機程的時候
[00:32:44.000 --> 00:32:46.000]  我突然間就告訴自己
[00:32:46.000 --> 00:32:51.000]  為什麼當時要這麼焦慮
[00:32:51.000 --> 00:32:55.000]  其實我是不需要這麼早去到
[00:32:55.000 --> 00:32:56.000]  我是去到當地
[00:32:56.000 --> 00:32:57.000]  還有一點時間
[00:32:57.000 --> 00:32:59.000]  才開始那個會議
[00:32:59.000 --> 00:33:01.000]  而且經過一段長程去到紐約的時候
[00:33:01.000 --> 00:33:04.000]  其實我身心靈很疲倦
[00:33:04.000 --> 00:33:08.000]  天父知道我其實需要先休息一晚
[00:33:08.000 --> 00:33:12.000]  你才再搭飛機
[00:33:12.000 --> 00:33:14.000]  一個很微小的經歷
[00:33:14.000 --> 00:33:15.000]  我就體會到
[00:33:15.000 --> 00:33:17.000]  在人生很多的事情上
[00:33:17.000 --> 00:33:20.000]  不需要急
[00:33:20.000 --> 00:33:22.000]  你失去了某一些事情
[00:33:22.000 --> 00:33:25.000]  不一定不好
[00:33:25.000 --> 00:33:27.000]  上帝掌管你的人生
[00:33:27.000 --> 00:33:29.000]  你掌管你的時間
[00:33:29.000 --> 00:33:31.000]  你放心
[00:33:31.000 --> 00:33:35.000]  每一步順靠祂
[00:33:35.000 --> 00:33:38.000]  你會經歷神是那位信實的上帝
[00:33:38.000 --> 00:33:39.000]  在人生很多的路上
[00:33:39.000 --> 00:33:42.000]  留心去聽從祂的旨意
[00:33:42.000 --> 00:33:43.000]  去依靠祂
[00:33:43.000 --> 00:33:47.000]  你會嘗到主人的滋味
[00:33:47.000 --> 00:33:50.000]  就知道他事未善緹
[00:33:50.000 --> 00:33:53.000]  投靠他的人有福了
[00:33:53.000 --> 00:33:55.000]  而你更加知道
[00:33:55.000 --> 00:33:56.000]  在人生的路上
[00:33:56.000 --> 00:33:59.000]  放膽去選擇神的路
[00:33:59.000 --> 00:34:00.000]  走進那條路
[00:34:00.000 --> 00:34:03.000]  看起來好像很艱難
[00:34:03.000 --> 00:34:07.000]  那條是尾線的路
[00:34:07.000 --> 00:34:09.000]  我自己年輕的時候
[00:34:09.000 --> 00:34:19.000]  很喜歡唱《青年聖歌》
[00:34:19.000 --> 00:34:22.000]  其中一首歌是我很喜歡唱的
[00:34:22.000 --> 00:34:26.000]  這首歌叫做《神的路最尾線》
[00:34:26.000 --> 00:34:28.000]  首詩歌我一邊唱的時候
[00:34:28.000 --> 00:34:30.000]  講到神的路最尾線
[00:34:30.000 --> 00:34:32.000]  雖我不明瞭
[00:34:32.000 --> 00:34:33.000]  然後講到
[00:34:33.000 --> 00:34:38.000]  為何憂愁試煉常把我環繞
[00:34:38.000 --> 00:34:40.000]  冒著跟隨主的路上
[00:34:40.000 --> 00:34:42.000]  不知為何有些試煉會出現
[00:34:42.000 --> 00:34:44.000]  為何這些事情令我這麼憂心
[00:34:44.000 --> 00:34:46.000]  這麼憂慮
[00:34:46.000 --> 00:34:48.000]  是不明白的
[00:34:48.000 --> 00:34:49.000]  但一邊唱的時候
[00:34:49.000 --> 00:34:51.000]  富哥一邊提醒
[00:34:51.000 --> 00:34:53.000]  神的路最尾線
[00:34:53.000 --> 00:34:55.000]  神的路最美好
[00:34:55.000 --> 00:34:57.000]  我願常依靠祂
[00:34:57.000 --> 00:35:00.000]  為祂能引導
[00:35:00.000 --> 00:35:02.000]  當你依靠的時候
[00:35:02.000 --> 00:35:03.000]  你就經驗到
[00:35:03.000 --> 00:35:06.000]  祂其實是在引導你
[00:35:06.000 --> 00:35:09.000]  讓那些看起來像是擇路的路
[00:35:09.000 --> 00:35:13.000]  成為叫你蒙福的路
[00:35:13.000 --> 00:35:15.000]  神的路是最尾線
[00:35:15.000 --> 00:35:18.000]  等於是選擇行神的路
[00:35:18.000 --> 00:35:20.000]  這正是《針燕第九章》
[00:35:20.000 --> 00:35:22.000]  不斷地呼喚我們
[00:35:22.000 --> 00:35:25.000]  不論那條路你看起來是怎樣
[00:35:25.000 --> 00:35:26.000]  你記得
[00:35:26.000 --> 00:35:28.000]  那條如果是神的路
[00:35:28.000 --> 00:35:30.000]  你分辨到是神的路
[00:35:30.000 --> 00:35:33.000]  你就放膽走上去
[00:35:33.000 --> 00:35:37.000]  因為那條是尾線的路
[00:35:37.000 --> 00:35:38.000]  聖經再說
[00:35:38.000 --> 00:35:39.000]  當讀下去的時候
[00:35:39.000 --> 00:35:40.000]  我們回到剛才經文裡
[00:35:40.000 --> 00:35:42.000]  第十章十字講到
[00:35:42.000 --> 00:35:43.000]  敬畏業禍罷
[00:35:43.000 --> 00:35:45.000]  以及認識至聖者
[00:35:45.000 --> 00:35:46.000]  接著聖經就說
[00:35:46.000 --> 00:35:48.000]  藉著我 藉著智慧
[00:35:48.000 --> 00:35:50.000]  你的日子必增多
[00:35:50.000 --> 00:35:54.000]  你的生命的年數也必加添
[00:35:54.000 --> 00:35:56.000]  提到在我們人生的路上
[00:35:56.000 --> 00:35:57.000]  神賜福給我們
[00:35:57.000 --> 00:36:00.000]  這裡表達的是一種蒙福的人生
[00:36:00.000 --> 00:36:04.000]  而且有永恆生命的恩惠
[00:36:04.000 --> 00:36:08.000]  神將祝福帶給那些智慧的人
[00:36:08.000 --> 00:36:10.000]  那些敬畏神的人
[00:36:10.000 --> 00:36:11.000]  然後最後來到
[00:36:11.000 --> 00:36:14.000]  第十二節這小段的最後的時候
[00:36:14.000 --> 00:36:16.000]  這個小段也提出一個
[00:36:16.000 --> 00:36:19.000]  很總結性的一個提醒
[00:36:19.000 --> 00:36:21.000]  大家一起讀一讀這節經文好嗎
[00:36:21.000 --> 00:36:23.000]  你若有智慧
[00:36:23.000 --> 00:36:25.000]  是自己有智慧
[00:36:25.000 --> 00:36:27.000]  你若傲慢
[00:36:27.000 --> 00:36:29.000]  就自己承擔
[00:36:29.000 --> 00:36:31.000]  是什麼意思
[00:36:31.000 --> 00:36:33.000]  先講了一件事情就是
[00:36:33.000 --> 00:36:38.000]  你要為自己的選擇負責
[00:36:38.000 --> 00:36:40.000]  你要去自己承擔
[00:36:40.000 --> 00:36:43.000]  你做的決定的後果
[00:36:43.000 --> 00:36:45.000]  有人說這節經文
[00:36:45.000 --> 00:36:46.000]  是聖經裡面
[00:36:46.000 --> 00:36:49.000]  一節最個人主義的經文
[00:36:49.000 --> 00:36:52.000]  個人主義不是一個負面的講述
[00:36:52.000 --> 00:36:53.000]  是在告訴你
[00:36:53.000 --> 00:37:00.000]  你做的決定是你自己要承擔的
[00:37:00.000 --> 00:37:06.000]  當你憑著智慧去選擇神的路
[00:37:06.000 --> 00:37:10.000]  你就發覺你是那個最大的受益者
[00:37:10.000 --> 00:37:12.000]  你可能所做的事情對別人有祝福
[00:37:12.000 --> 00:37:17.000]  但是最大的祝福臨到你的身上
[00:37:17.000 --> 00:37:19.000]  你是那個最大的受益者
[00:37:19.000 --> 00:37:21.000]  但如果你選擇了傲慢
[00:37:21.000 --> 00:37:22.000]  選擇了愚昧
[00:37:22.000 --> 00:37:28.000]  你就要自己承擔愚昧所帶來的一切的後果
[00:37:28.000 --> 00:37:31.000]  很多人做錯事情就會說
[00:37:31.000 --> 00:37:33.000]  不關我的事
[00:37:33.000 --> 00:37:36.000]  是社會造成的
[00:37:36.000 --> 00:37:37.000]  不關我的事
[00:37:37.000 --> 00:37:42.000]  我父母自小給我很壞的榜樣
[00:37:42.000 --> 00:37:46.000]  影響我做這些決定
[00:37:46.000 --> 00:37:47.000]  沒錯
[00:37:47.000 --> 00:37:50.000]  可能別人對你有不好的影響
[00:37:50.000 --> 00:37:52.000]  但仍然是你自己決定
[00:37:52.000 --> 00:37:56.000]  是不是跟隨這些影響
[00:37:56.000 --> 00:38:00.000]  當你要決定怎麼做這件事的時候
[00:38:00.000 --> 00:38:04.000]  你自己要承擔責任
[00:38:04.000 --> 00:38:09.000]  神仍然是沉默去追問你
[00:38:09.000 --> 00:38:14.000]  是不是你自己決定走的路
[00:38:14.000 --> 00:38:18.000]  請你們很清楚把兩條路擺在我們面前
[00:38:18.000 --> 00:38:19.000]  各位電影節目
[00:38:19.000 --> 00:38:22.000]  當我們讀完這段經文的時候
[00:38:22.000 --> 00:38:29.000]  你會知道智慧不斷大增地呼喊著你
[00:38:29.000 --> 00:38:32.000]  你要留心回應祂的呼喊
[00:38:32.000 --> 00:38:35.000]  每一天小心地作選擇
[00:38:35.000 --> 00:38:37.000]  就算要付出代價
[00:38:37.000 --> 00:38:40.000]  就算你經歷一些損失
[00:38:40.000 --> 00:38:44.000]  你放心去選擇神的路
[00:38:44.000 --> 00:38:49.000]  你最終會體會到是美善的路
[00:38:49.000 --> 00:38:53.000]  是給你永恆地蒙福的路
[00:38:53.000 --> 00:39:07.000]  我們一起祈禱
[00:39:07.000 --> 00:39:11.000]  親愛的主 我們同心仰望你
[00:39:11.000 --> 00:39:13.000]  我們知道這個世界
[00:39:13.000 --> 00:39:16.000]  有太多迷惑人的事情
[00:39:16.000 --> 00:39:19.000]  有太多似是而非的事情
[00:39:19.000 --> 00:39:23.000]  不斷衝擊我們的心
[00:39:23.000 --> 00:39:26.000]  我們在你面前謙卑地求告主
[00:39:26.000 --> 00:39:29.000]  祝賀賜我們心靈的那種敏銳
[00:39:29.000 --> 00:39:32.000]  能夠認識你 敬畏你
[00:39:32.000 --> 00:39:35.000]  以致我們知道分辨邪惡
[00:39:35.000 --> 00:39:38.000]  知道行在光明的路上
[00:39:38.000 --> 00:39:40.000]  主啊 求你施恩
[00:39:40.000 --> 00:39:42.000]  多謝你給我們過去這一季
[00:39:42.000 --> 00:39:44.000]  一路的讀真言
[00:39:44.000 --> 00:39:45.000]  我們今天在你面前
[00:39:45.000 --> 00:39:47.000]  痛心向你祈禱
[00:39:47.000 --> 00:39:49.000]  求主將一顆敬畏你的心
[00:39:49.000 --> 00:39:52.000]  放在我們心的深處
[00:39:52.000 --> 00:39:53.000]  讓我們在你裡面
[00:39:53.000 --> 00:39:56.000]  領受從天而來的智慧
[00:39:56.000 --> 00:39:58.000]  以致人生在很多的抉擇上面
[00:39:58.000 --> 00:40:02.000]  我們都懂得去選擇你的路
[00:40:02.000 --> 00:40:04.000]  主啊 你幫我們
[00:40:04.000 --> 00:40:06.000]  幫我們每一個人
[00:40:06.000 --> 00:40:08.000]  行在一條蒙福的
[00:40:08.000 --> 00:40:11.000]  真正快樂的路上
[00:40:11.000 --> 00:40:13.000]  奉主耶穌聖名祈禱
[00:40:13.000 --> 00:40:15.000]  行門
