
[00:00:00.000 --> 00:00:16.000]  (廣東話)
[00:00:16.000 --> 00:00:23.000]  我們感謝天父讓我們可以有連續三次
[00:00:23.000 --> 00:00:28.000]  從社會修辭學解讀三卷書
[00:00:28.000 --> 00:00:35.000]  如果從我們讀聖經要了解背景的角度去看
[00:00:35.000 --> 00:00:38.000]  其實都是源於流長的
[00:00:38.000 --> 00:00:40.000]  不過是很刻意的
[00:00:40.000 --> 00:00:41.000]  透過社會修辭學
[00:00:41.000 --> 00:00:46.000]  意思是我們要更加重視背景
[00:00:46.000 --> 00:00:51.000]  然後我們讀新宗其實就會更加體會到
[00:00:51.000 --> 00:00:55.000]  今晚何博士透過肥立秘書
[00:00:55.000 --> 00:00:58.000]  大家手上都拿到一份筆記
[00:00:58.000 --> 00:00:59.000]  相當豐富
[00:00:59.000 --> 00:01:01.000]  我都沒有他寫得這麼豐富
[00:01:01.000 --> 00:01:03.000]  他之前很多時候只有兩頁
[00:01:03.000 --> 00:01:04.000]  很簡單
[00:01:04.000 --> 00:01:08.000]  所以今天是很多內容
[00:01:08.000 --> 00:01:11.000]  還有下個星期再下個星期
[00:01:11.000 --> 00:01:14.000]  我們都有連續三次
[00:01:14.000 --> 00:01:17.000]  所以我們都很期待能夠透過這樣的機會
[00:01:17.000 --> 00:01:23.000]  我們能夠更掌握到這個研經的方法
[00:01:23.000 --> 00:01:27.000]  我們都可以運用在我們讀經研經的上面
[00:01:27.000 --> 00:01:29.000]  我們一開始之前我們一起禱告
[00:01:29.000 --> 00:01:30.000]  求主帶領我們
[00:01:30.000 --> 00:01:33.000]  參加天父上帝我們感謝讚美您
[00:01:33.000 --> 00:01:38.000]  讓我們今晚在社會修辭學系列裏第一講
[00:01:38.000 --> 00:01:40.000]  我們求主您幫助我們
[00:01:40.000 --> 00:01:41.000]  引領我們
[00:01:41.000 --> 00:01:43.000]  這個課題可能有點深
[00:01:43.000 --> 00:01:48.000]  但是我們看到講完的處理
[00:01:48.000 --> 00:01:52.000]  讓我們實際上不需要擔心太困難
[00:01:52.000 --> 00:01:54.000]  但讓我們得益匪淺
[00:01:54.000 --> 00:01:56.000]  願天父您引導我們
[00:01:56.000 --> 00:01:58.000]  願神明幫助我們開啟我們的智慧
[00:01:58.000 --> 00:02:00.000]  更加明白你的話語
[00:02:00.000 --> 00:02:06.000]  我們將今晚這兩堂上下兩堂講座
[00:02:06.000 --> 00:02:07.000]  交到您的手中
[00:02:07.000 --> 00:02:09.000]  求主您看顧引導我們
[00:02:09.000 --> 00:02:11.000]  我們感恩禱告奉耶穌基督的聖名
[00:02:11.000 --> 00:02:12.000]  阿門
[00:02:12.000 --> 00:02:14.000]  我們講座都是這樣的
[00:02:14.000 --> 00:02:16.000]  第一我們都是憑信心來侍奉
[00:02:16.000 --> 00:02:18.000]  所以我們求主帶領
[00:02:18.000 --> 00:02:22.000]  所以我們每一場在半場都會有一個收復的時間
[00:02:22.000 --> 00:02:25.000]  你按照上帝引導感動你
[00:02:25.000 --> 00:02:28.000]  去奉獻支持環球聲音工會
[00:02:28.000 --> 00:02:31.000]  繼續推動講座各樣的服事
[00:02:31.000 --> 00:02:35.000]  我們中場都會有一段時間有一個壁
[00:02:35.000 --> 00:02:36.000]  彼此交流
[00:02:36.000 --> 00:02:38.000]  還有一個小小的書攤
[00:02:38.000 --> 00:02:40.000]  大家到時可以看一看
[00:02:40.000 --> 00:02:41.000]  我現在不多講了
[00:02:41.000 --> 00:02:42.000]  將整個交給何博士
[00:02:42.000 --> 00:02:57.000]  各位大姐姐妹早安
[00:02:57.000 --> 00:03:01.000]  各位大姐姐妹晚安
[00:03:01.000 --> 00:03:04.000]  果然真是有聽書的
[00:03:04.000 --> 00:03:07.000]  你預了我可能中間有時講錯話的
[00:03:07.000 --> 00:03:09.000]  你要告訴我
[00:03:09.000 --> 00:03:11.000]  各位大姐姐妹早安
[00:03:11.000 --> 00:03:17.000]  剛才我看到我們平時講話
[00:03:17.000 --> 00:03:19.000]  或者我們了解一句話
[00:03:19.000 --> 00:03:23.000]  都不是只看一兩句
[00:03:23.000 --> 00:03:27.000]  而是看整個和處境是怎樣
[00:03:27.000 --> 00:03:30.000]  為何我會這樣講呢
[00:03:30.000 --> 00:03:32.000]  因為我平時崇拜的時候就會這樣講
[00:03:32.000 --> 00:03:33.000]  大姐姐妹早安
[00:03:33.000 --> 00:03:35.000]  這樣就沒有問題
[00:03:35.000 --> 00:03:36.000]  晚安
[00:03:36.000 --> 00:03:38.000]  是因為現在我們在晚上
[00:03:38.000 --> 00:03:40.000]  我們晚上一起去查聖經
[00:03:40.000 --> 00:03:44.000]  在你筆記一開始
[00:03:44.000 --> 00:03:47.000]  在上半部我會講解一下
[00:03:47.000 --> 00:03:49.000]  這個方法的背景
[00:03:49.000 --> 00:03:53.000]  因為我是拋磚引玉的
[00:03:53.000 --> 00:03:55.000]  重要的是下個星期和下個星期
[00:03:55.000 --> 00:03:59.000]  所以今天我作為一個開始引擎
[00:03:59.000 --> 00:04:01.000]  我所謂的社會修辭學
[00:04:01.000 --> 00:04:06.000]  這個不是一個統一的講法
[00:04:06.000 --> 00:04:07.000]  可以有不同的
[00:04:07.000 --> 00:04:09.000]  但都很相似的
[00:04:09.000 --> 00:04:12.000]  其實就是看新約聖經
[00:04:12.000 --> 00:04:16.000]  是一個針對那班讀者
[00:04:16.000 --> 00:04:17.000]  不是我們
[00:04:17.000 --> 00:04:18.000]  是針對原讀者
[00:04:18.000 --> 00:04:22.000]  他的社會生活而寫的書信
[00:04:22.000 --> 00:04:25.000]  從這個角度去了解聖經
[00:04:25.000 --> 00:04:27.000]  在你前言我加了一句
[00:04:27.000 --> 00:04:29.000]  保羅書信在我看來
[00:04:29.000 --> 00:04:31.000]  十三封都是教育書信
[00:04:31.000 --> 00:04:32.000]  意思就是說
[00:04:32.000 --> 00:04:35.000]  其實十三封都是按照不同的教會
[00:04:35.000 --> 00:04:38.000]  原會中就是修信教會
[00:04:38.000 --> 00:04:41.000]  原會中教會信了耶穌之後
[00:04:41.000 --> 00:04:44.000]  他有一些生活或信仰面對的問題
[00:04:44.000 --> 00:04:46.000]  有時候面對愚端的進來
[00:04:46.000 --> 00:04:50.000]  有時候面對社會文化的影響
[00:04:50.000 --> 00:04:51.000]  光林多前說
[00:04:51.000 --> 00:04:53.000]  有時候面對一些
[00:04:53.000 --> 00:04:55.000]  專門和保羅去挑釁的
[00:04:55.000 --> 00:04:59.000]  批評保羅想帶走教會
[00:04:59.000 --> 00:05:01.000]  光林多後書或加拿大大書
[00:05:01.000 --> 00:05:04.000]  就是針對他們原會中的需要
[00:05:04.000 --> 00:05:09.000]  去建立他們基督徒群體的身份和正統信仰
[00:05:09.000 --> 00:05:12.000]  為什麼要回到原會中去想呢
[00:05:12.000 --> 00:05:14.000]  你要記住
[00:05:14.000 --> 00:05:16.000]  剛才有人提過教宗
[00:05:16.000 --> 00:05:18.000]  一提到教宗我們就知道是誰
[00:05:18.000 --> 00:05:22.000]  不信耶穌的人都知道是誰
[00:05:22.000 --> 00:05:28.000]  那個是Neo the 14
[00:05:28.000 --> 00:05:30.000]  但是什麼叫做教宗
[00:05:30.000 --> 00:05:32.000]  我們全世界都知道
[00:05:32.000 --> 00:05:35.000]  是一個很大型的基督教
[00:05:35.000 --> 00:05:37.000]  2000年歷史的
[00:05:37.000 --> 00:05:39.000]  其中一個很重要的教會代表
[00:05:39.000 --> 00:05:41.000]  是不是
[00:05:41.000 --> 00:05:43.000]  第一世紀沒有的
[00:05:43.000 --> 00:05:45.000]  第一世紀有什麼基督教
[00:05:45.000 --> 00:05:46.000]  不懂的
[00:05:46.000 --> 00:05:47.000]  你要明白我的意思
[00:05:47.000 --> 00:05:49.000]  什麼叫基督教
[00:05:49.000 --> 00:05:50.000]  是不是真的猶太教
[00:05:50.000 --> 00:05:52.000]  猶太教的資源遠流長
[00:05:52.000 --> 00:05:55.000]  你說拜宙斯
[00:05:55.000 --> 00:05:57.000]  我都知道什麼叫拜宙斯
[00:05:57.000 --> 00:05:59.000]  你這個拜耶穌教究竟是什麼
[00:05:59.000 --> 00:06:02.000]  所以我們要回到原會中
[00:06:02.000 --> 00:06:06.000]  那時候面對的生活和處境
[00:06:06.000 --> 00:06:09.000]  以免被我們的價值觀
[00:06:09.000 --> 00:06:14.000]  擺在書信裡面
[00:06:14.000 --> 00:06:18.000]  社會修辭或釋經最早出現
[00:06:18.000 --> 00:06:20.000]  這個字最早出現
[00:06:20.000 --> 00:06:21.000]  可以這麼說
[00:06:21.000 --> 00:06:24.000]  是Ralph Robbins的學者
[00:06:24.000 --> 00:06:26.000]  不過這個天主教學者
[00:06:26.000 --> 00:06:30.000]  他看文本有很多不同的
[00:06:30.000 --> 00:06:32.000]  簡單用個比喻
[00:06:32.000 --> 00:06:34.000]  有不同的蛋糕
[00:06:34.000 --> 00:06:36.000]  有不同的層次
[00:06:36.000 --> 00:06:41.000]  於是提出在學界有很多的研究
[00:06:41.000 --> 00:06:46.000]  不過他就將現代解經的人
[00:06:46.000 --> 00:06:48.000]  Modern reader的ideology
[00:06:48.000 --> 00:06:53.000]  那個想法都放在裡面
[00:06:53.000 --> 00:06:56.000]  就引來很多的誤解
[00:06:56.000 --> 00:07:02.000]  他最初提出要按照社會文化去了解
[00:07:02.000 --> 00:07:06.000]  但他就包括了現代人的社會文化
[00:07:06.000 --> 00:07:08.000]  就引來很多的混亂
[00:07:08.000 --> 00:07:10.000]  所以他很早就提出
[00:07:10.000 --> 00:07:12.000]  現在學界有很多人去引用
[00:07:12.000 --> 00:07:14.000]  但很多時候將我們
[00:07:14.000 --> 00:07:15.000]  很簡單
[00:07:15.000 --> 00:07:17.000]  我們現在是追求男女平等的
[00:07:17.000 --> 00:07:21.000]  於是我們就很容易將男女平等套在聖經裡面
[00:07:21.000 --> 00:07:23.000]  他說聖經的意圖不是
[00:07:23.000 --> 00:07:24.000]  那裡不好
[00:07:24.000 --> 00:07:26.000]  就製造了很多的混亂
[00:07:26.000 --> 00:07:29.000]  另外一個學者Ben Whittington
[00:07:29.000 --> 00:07:34.000]  他也寫過一系列的社會修辭學的釋經書
[00:07:34.000 --> 00:07:36.000]  我想你也有聽過
[00:07:36.000 --> 00:07:37.000]  譯過中文的
[00:07:37.000 --> 00:07:39.000]  好像是威靈失敗
[00:07:39.000 --> 00:07:43.000]  他也說社會修辭學釋經
[00:07:43.000 --> 00:07:46.000]  但其實他很多時候都是
[00:07:46.000 --> 00:07:49.000]  Ralph Robbins比較前衛一點
[00:07:49.000 --> 00:07:51.000]  比較新一點
[00:07:51.000 --> 00:07:53.000]  用一些新的潮流文化
[00:07:53.000 --> 00:07:55.000]  去用現在的需要
[00:07:55.000 --> 00:07:58.000]  但Ben Whittington另外一個就比較保守
[00:07:58.000 --> 00:07:59.000]  比較保守一點
[00:07:59.000 --> 00:08:03.000]  純粹好像以前的歷史文化釋經
[00:08:03.000 --> 00:08:05.000]  只是看歷史
[00:08:05.000 --> 00:08:10.000]  看當時發生的事的先後次序去教
[00:08:10.000 --> 00:08:13.000]  但其實社會文化釋經
[00:08:13.000 --> 00:08:16.000]  社會修辭釋經發展到現代
[00:08:16.000 --> 00:08:18.000]  其實是去問什麼呢
[00:08:18.000 --> 00:08:22.000]  是去問文本和原讀者
[00:08:22.000 --> 00:08:26.000]  有什麼互動的關係
[00:08:26.000 --> 00:08:30.000]  就是說
[00:08:30.000 --> 00:08:32.000]  一邊看一邊問
[00:08:32.000 --> 00:08:34.000]  我們不是問
[00:08:34.000 --> 00:08:37.000]  這句話對我有什麼意思
[00:08:37.000 --> 00:08:39.000]  這是我們要問的
[00:08:39.000 --> 00:08:41.000]  但解釋到這裡第一個問題
[00:08:41.000 --> 00:08:44.000]  這句話對於原讀者平時的社會生活
[00:08:44.000 --> 00:08:46.000]  其實當他這樣說的時候
[00:08:46.000 --> 00:08:49.000]  對平時對原讀者的社會生活
[00:08:49.000 --> 00:08:54.000]  是帶來什麼衝擊或者轉化
[00:08:54.000 --> 00:08:57.000]  我舉個例子
[00:08:57.000 --> 00:08:58.000]  說不多前詩
[00:08:58.000 --> 00:08:59.000]  那裡說
[00:08:59.000 --> 00:09:01.000]  但對我們而言
[00:09:01.000 --> 00:09:03.000]  在八章第六節
[00:09:03.000 --> 00:09:05.000]  我們只信一位父神
[00:09:05.000 --> 00:09:06.000]  一切從他而起
[00:09:06.000 --> 00:09:10.000]  我們又信一位主耶穌
[00:09:10.000 --> 00:09:13.000]  一切都是藉他而成
[00:09:13.000 --> 00:09:16.000]  這對我們今天來說是沒有難度的
[00:09:16.000 --> 00:09:17.000]  對不對
[00:09:17.000 --> 00:09:20.000]  我們的使徒信經我們都是這樣認的
[00:09:20.000 --> 00:09:22.000]  但你要記住
[00:09:22.000 --> 00:09:23.000]  在第一世紀
[00:09:23.000 --> 00:09:27.000]  是沒有三一神這麼清楚的概念
[00:09:27.000 --> 00:09:28.000]  所以其實那裡
[00:09:28.000 --> 00:09:31.000]  原來是對於原讀者來說
[00:09:31.000 --> 00:09:33.000]  是挑戰他們
[00:09:33.000 --> 00:09:36.000]  要將耶穌和
[00:09:36.000 --> 00:09:40.000]  舊約一路歇士的耶和華父神
[00:09:40.000 --> 00:09:43.000]  看為同等的地位
[00:09:43.000 --> 00:09:46.000]  這對原讀者來說是一個挑戰
[00:09:46.000 --> 00:09:47.000]  明白我的意思嗎
[00:09:47.000 --> 00:09:50.000]  原來除了耶和華之外
[00:09:50.000 --> 00:09:52.000]  是有另外一個耶
[00:09:52.000 --> 00:09:53.000]  耶穌
[00:09:53.000 --> 00:09:58.000]  因為耶穌基督和這位父神有同樣的權威
[00:09:58.000 --> 00:09:59.000]  我只能夠這樣說
[00:09:59.000 --> 00:10:02.000]  這對你來說是一個很大的挑戰
[00:10:02.000 --> 00:10:04.000]  和很大的改變
[00:10:04.000 --> 00:10:05.000]  實際來說
[00:10:05.000 --> 00:10:06.000]  譬如聖經也說
[00:10:06.000 --> 00:10:09.000]  叫他們遠離偶像
[00:10:09.000 --> 00:10:13.000]  你們不要再參與拜偶像的事情
[00:10:13.000 --> 00:10:16.000]  這對我們來說是很自然的
[00:10:16.000 --> 00:10:20.000]  信耶穌就不是偶像
[00:10:20.000 --> 00:10:22.000]  但對於原讀者
[00:10:22.000 --> 00:10:24.000]  在第一世紀
[00:10:24.000 --> 00:10:26.000]  差不多好像泰國一樣
[00:10:26.000 --> 00:10:28.000]  到處都是拜神
[00:10:28.000 --> 00:10:30.000]  所以就叫偶像拜神
[00:10:30.000 --> 00:10:32.000]  不像我們在廟裡
[00:10:32.000 --> 00:10:34.000]  到處都有
[00:10:34.000 --> 00:10:35.000]  就像印度一樣
[00:10:35.000 --> 00:10:38.000]  走到各角落都要拜一拜
[00:10:38.000 --> 00:10:40.000]  你叫他們不要拜偶像
[00:10:40.000 --> 00:10:42.000]  其實是一個很大的改變
[00:10:42.000 --> 00:10:44.000]  我們就要從這個角度
[00:10:44.000 --> 00:10:48.000]  所以我們要看社會處境
[00:10:48.000 --> 00:10:50.000]  換言之和以往看歷史不同
[00:10:50.000 --> 00:10:52.000]  以往看歷史可能是一堆堆的資料
[00:10:52.000 --> 00:10:56.000]  我們現在是一堆堆死板的資料
[00:10:56.000 --> 00:10:58.000]  但社會修辭或適更
[00:10:58.000 --> 00:11:00.000]  我們首先要看文本
[00:11:00.000 --> 00:11:02.000]  上下文講什麼
[00:11:02.000 --> 00:11:05.000]  然後就問上下文整段許由遜講什麼
[00:11:05.000 --> 00:11:10.000]  究竟為什麼作者要講這些東西
[00:11:10.000 --> 00:11:12.000]  因為我們很多時候
[00:11:12.000 --> 00:11:14.000]  就是在社會生活中找答案
[00:11:14.000 --> 00:11:19.000]  為什麼無端端要講一父一主
[00:11:19.000 --> 00:11:23.000]  他就是在挑戰那些
[00:11:23.000 --> 00:11:28.000]  以為自己進去神廟吃飯
[00:11:28.000 --> 00:11:32.000]  都沒有所謂的一班哥林多信徒
[00:11:32.000 --> 00:11:39.000]  要求他們不要再進去神廟拜神
[00:11:39.000 --> 00:11:43.000]  原因是因為我所信的是一位父神
[00:11:43.000 --> 00:11:44.000]  一位主耶穌
[00:11:44.000 --> 00:11:45.000]  你明白嗎
[00:11:45.000 --> 00:11:47.000]  用第八章去作舉例
[00:11:47.000 --> 00:11:52.000]  所以這是在講原匯仲和文本
[00:11:52.000 --> 00:11:56.000]  我現在看聖經的關係
[00:11:56.000 --> 00:11:58.000]  稍後我會有示範
[00:11:58.000 --> 00:11:59.000]  他有肥牙比書
[00:11:59.000 --> 00:12:01.000]  肥牙比書很多時候我們
[00:12:01.000 --> 00:12:03.000]  舉個例子
[00:12:03.000 --> 00:12:05.000]  我會背金句
[00:12:05.000 --> 00:12:07.000]  我靠著那家給我力量的
[00:12:07.000 --> 00:12:11.000]  我知道怎樣處悲戰
[00:12:11.000 --> 00:12:12.000]  知道怎樣處富貴
[00:12:12.000 --> 00:12:14.000]  我都得了秘訣
[00:12:14.000 --> 00:12:16.000]  我靠著那家給我力量的
[00:12:16.000 --> 00:12:17.000]  凡事都能作
[00:12:17.000 --> 00:12:19.000]  我們是強調
[00:12:19.000 --> 00:12:20.000]  我背金句是強調
[00:12:20.000 --> 00:12:21.000]  靠著主耶穌
[00:12:21.000 --> 00:12:24.000]  我們多窮的時候
[00:12:24.000 --> 00:12:26.000]  多貧窮的時候
[00:12:26.000 --> 00:12:28.000]  上帝都會幫助我們
[00:12:28.000 --> 00:12:30.000]  稍後我會和大家說
[00:12:30.000 --> 00:12:40.000]  這對原讀者有另一個意思
[00:12:40.000 --> 00:12:42.000]  因為對原讀者有另一個意思
[00:12:42.000 --> 00:12:45.000]  所以現在社會修辭
[00:12:45.000 --> 00:12:48.000]  我們不是不理會作者說什麼
[00:12:48.000 --> 00:12:49.000]  我們要理會
[00:12:49.000 --> 00:12:50.000]  不過作者解釋什麼
[00:12:50.000 --> 00:12:51.000]  怎樣理解
[00:12:51.000 --> 00:12:53.000]  原讀者怎樣理解
[00:12:53.000 --> 00:12:55.000]  這個才重要
[00:12:55.000 --> 00:12:57.000]  作者可能有很多想法
[00:12:57.000 --> 00:12:58.000]  這個都是古怪
[00:12:58.000 --> 00:13:00.000]  但作者說這些東西
[00:13:00.000 --> 00:13:02.000]  究竟對讀者
[00:13:02.000 --> 00:13:04.000]  整段的金文
[00:13:04.000 --> 00:13:08.000]  對讀者究竟有什麼影響
[00:13:08.000 --> 00:13:10.000]  這個就是社會修辭學
[00:13:10.000 --> 00:13:12.000]  我們不會問
[00:13:12.000 --> 00:13:16.000]  以往歷史文化聲音
[00:13:16.000 --> 00:13:17.000]  我們很多時候會問
[00:13:17.000 --> 00:13:18.000]  作者寫的時候
[00:13:18.000 --> 00:13:21.000]  究竟寶萊在哪坐牢呢
[00:13:21.000 --> 00:13:24.000]  我們知道比書是監獄書信
[00:13:24.000 --> 00:13:27.000]  很多時候會推測在哪坐牢
[00:13:27.000 --> 00:13:28.000]  但社會修辭學的聲音
[00:13:28.000 --> 00:13:30.000]  在哪坐牢不重要
[00:13:30.000 --> 00:13:32.000]  最重要是他坐牢
[00:13:32.000 --> 00:13:34.000]  他用怎樣
[00:13:34.000 --> 00:13:36.000]  第一章我們就會問
[00:13:36.000 --> 00:13:40.000]  因為四個監獄書信裡面
[00:13:40.000 --> 00:13:44.000]  比書最長說到他在監獄發生什麼事
[00:13:44.000 --> 00:13:46.000]  其他都是提一點點
[00:13:46.000 --> 00:13:47.000]  反而社會修辭學的聲音
[00:13:47.000 --> 00:13:48.000]  我們還會問
[00:13:48.000 --> 00:13:51.000]  寶萊提得這麼詳細
[00:13:51.000 --> 00:13:52.000]  第一章他在坐牢的時候
[00:13:52.000 --> 00:13:54.000]  又說叫福音興旺
[00:13:54.000 --> 00:13:56.000]  又說有些人嫉妒分真
[00:13:56.000 --> 00:13:58.000]  然後他又相信
[00:13:58.000 --> 00:14:01.000]  他坐牢是令福音榮耀興旺
[00:14:01.000 --> 00:14:03.000]  究竟說這個故事
[00:14:03.000 --> 00:14:05.000]  這個坐牢的故事
[00:14:05.000 --> 00:14:09.000]  對菲律賓教會的閱讀者
[00:14:09.000 --> 00:14:12.000]  對他有什麼挑戰和改變
[00:14:12.000 --> 00:14:13.000]  所以換言之
[00:14:13.000 --> 00:14:14.000]  社會修辭學的聲音
[00:14:14.000 --> 00:14:19.000]  聖經結合了幾個解釋的方法
[00:14:19.000 --> 00:14:22.000]  第一就是結合了游說評鑑
[00:14:22.000 --> 00:14:24.000]  游說評鑑一會兒會說
[00:14:24.000 --> 00:14:25.000]  我們看經文
[00:14:25.000 --> 00:14:26.000]  好像剛才說
[00:14:26.000 --> 00:14:28.000]  我們盡量看長一點
[00:14:28.000 --> 00:14:32.000]  和看整段的句子結構
[00:14:32.000 --> 00:14:33.000]  如果我們識原文
[00:14:33.000 --> 00:14:36.000]  甚至會按原文的一些連詞
[00:14:36.000 --> 00:14:38.000]  去分它的句子結構
[00:14:38.000 --> 00:14:40.000]  今天我們有《環球聖經》的頁本
[00:14:40.000 --> 00:14:41.000]  已經很好
[00:14:41.000 --> 00:14:42.000]  大家真的好好看
[00:14:42.000 --> 00:14:44.000]  因為這個真的算是
[00:14:44.000 --> 00:14:47.000]  沒有完美的頁本
[00:14:47.000 --> 00:14:50.000]  但他盡量將原文的意義
[00:14:50.000 --> 00:14:52.000]  和語氣去說出來
[00:14:52.000 --> 00:14:53.000]  所以游說目的
[00:14:53.000 --> 00:14:55.000]  比較著重文本
[00:14:55.000 --> 00:14:58.000]  就是整段的語氣
[00:14:58.000 --> 00:15:02.000]  哪個是重點
[00:15:02.000 --> 00:15:04.000]  以往很多時候我們說ABA
[00:15:04.000 --> 00:15:06.000]  B就一定是重點
[00:15:06.000 --> 00:15:08.000]  大家有沒有聽過這個說法
[00:15:08.000 --> 00:15:10.000]  如果是ABA
[00:15:10.000 --> 00:15:12.000]  B就一定是重點
[00:15:12.000 --> 00:15:13.000]  B就一定是三文治
[00:15:13.000 --> 00:15:15.000]  但我們現在發覺不一定
[00:15:15.000 --> 00:15:18.000]  好像剛才說的
[00:15:18.000 --> 00:15:19.000]  臨前八字十章
[00:15:19.000 --> 00:15:20.000]  八章說不要擺口罩
[00:15:20.000 --> 00:15:21.000]  九章說自由
[00:15:21.000 --> 00:15:24.000]  第十章再說不要擺口罩
[00:15:24.000 --> 00:15:26.000]  重點不在自由那裡
[00:15:26.000 --> 00:15:27.000]  重點在
[00:15:27.000 --> 00:15:29.000]  大家都認同在第十章那時候
[00:15:29.000 --> 00:15:30.000]  是高峰
[00:15:30.000 --> 00:15:32.000]  就是到後來那裡
[00:15:32.000 --> 00:15:34.000]  無論吃或喝
[00:15:34.000 --> 00:15:35.000]  都要為榮耀神而行
[00:15:35.000 --> 00:15:36.000]  為什麼呢
[00:15:36.000 --> 00:15:38.000]  就是從游說評鑑
[00:15:38.000 --> 00:15:43.000]  看他有什麼好叫等等
[00:15:43.000 --> 00:15:46.000]  好叫啊 為了啊
[00:15:46.000 --> 00:15:48.000]  即是原文
[00:15:48.000 --> 00:15:49.000]  這些去說
[00:15:49.000 --> 00:15:51.000]  那裡才是重點
[00:15:51.000 --> 00:15:53.000]  我舉個例子
[00:15:53.000 --> 00:15:56.000]  因為我是在教臨前
[00:15:56.000 --> 00:15:57.000]  沒辦法
[00:15:57.000 --> 00:15:58.000]  試試用臨前
[00:15:58.000 --> 00:15:59.000]  凡事都可行
[00:15:59.000 --> 00:16:00.000]  但不都有一處
[00:16:00.000 --> 00:16:01.000]  凡事都可行
[00:16:01.000 --> 00:16:02.000]  但不都做實
[00:16:02.000 --> 00:16:03.000]  我想問你
[00:16:03.000 --> 00:16:06.000]  本來想說的重點在哪裡
[00:16:07.000 --> 00:16:10.000]  他想勸我們的
[00:16:10.000 --> 00:16:12.000]  重點訊息在哪裡
[00:16:12.000 --> 00:16:14.000]  重點在哪裡
[00:16:14.000 --> 00:16:17.000]  我剛才聽
[00:16:17.000 --> 00:16:18.000]  你好像聽不清
[00:16:18.000 --> 00:16:19.000]  其實是這樣的
[00:16:19.000 --> 00:16:20.000]  凡事都可行
[00:16:20.000 --> 00:16:22.000]  但不是每樣都有處
[00:16:22.000 --> 00:16:24.000]  凡事都可行
[00:16:24.000 --> 00:16:30.000]  但做什麼都不一定能夠造就人
[00:16:30.000 --> 00:16:33.000]  重點在哪裡
[00:16:33.000 --> 00:16:37.000]  重點在哪裡
[00:16:37.000 --> 00:16:40.000]  重點就是凡事都可行
[00:16:40.000 --> 00:16:42.000]  做什麼都行
[00:16:42.000 --> 00:16:43.000]  對不對
[00:16:43.000 --> 00:16:45.000]  剛好相反
[00:16:45.000 --> 00:16:48.000]  普通就說
[00:16:48.000 --> 00:16:49.000]  Everything go
[00:16:49.000 --> 00:16:51.000]  你做什麼不傷害到人
[00:16:51.000 --> 00:16:54.000]  你兩個人在裡面做的事就行
[00:16:54.000 --> 00:16:57.000]  下文就是在說嫖妓
[00:16:57.000 --> 00:16:58.000]  第六章
[00:16:58.000 --> 00:17:00.000]  下文就是在說嫖妓
[00:17:00.000 --> 00:17:02.000]  那不就是凡事都可行
[00:17:02.000 --> 00:17:03.000]  我又給錢
[00:17:03.000 --> 00:17:04.000]  一個給一個受
[00:17:04.000 --> 00:17:05.000]  又沒有影響到人
[00:17:05.000 --> 00:17:07.000]  那我就可以嫖妓
[00:17:07.000 --> 00:17:09.000]  保羅說的剛好相反
[00:17:09.000 --> 00:17:12.000]  嫖妓是得罪神的
[00:17:12.000 --> 00:17:15.000]  所以保羅的重點是什麼
[00:17:15.000 --> 00:17:17.000]  但不都有
[00:17:17.000 --> 00:17:18.000]  但之後
[00:17:18.000 --> 00:17:19.000]  明白嗎
[00:17:19.000 --> 00:17:20.000]  所以游說分析
[00:17:20.000 --> 00:17:21.000]  我們要找一些但
[00:17:21.000 --> 00:17:22.000]  好叫
[00:17:22.000 --> 00:17:23.000]  為了
[00:17:23.000 --> 00:17:25.000]  這樣去找他的重點
[00:17:25.000 --> 00:17:28.000]  這個就是整句的分析
[00:17:28.000 --> 00:17:29.000]  你記住
[00:17:29.000 --> 00:17:31.000]  我一會兒會用的
[00:17:31.000 --> 00:17:33.000]  用在皮特秘書那裡
[00:17:33.000 --> 00:17:36.000]  第二個比較重要的
[00:17:36.000 --> 00:17:41.000]  就是說社會科學評價
[00:17:41.000 --> 00:17:45.000]  就是用現在的數學科學的進路
[00:17:45.000 --> 00:17:49.000]  其實就是去分析第一世紀
[00:17:49.000 --> 00:17:52.000]  那個社會的東西
[00:17:52.000 --> 00:17:54.000]  那個社會的生活是怎樣
[00:17:54.000 --> 00:17:57.000]  這個不是來自聖經研究先的
[00:17:57.000 --> 00:17:59.000]  其實是來自歷史研究先的
[00:17:59.000 --> 00:18:00.000]  以往
[00:18:00.000 --> 00:18:01.000]  假設
[00:18:01.000 --> 00:18:02.000]  以往
[00:18:02.000 --> 00:18:04.000]  羅馬帝國
[00:18:04.000 --> 00:18:06.000]  讀到帝國歷史
[00:18:06.000 --> 00:18:07.000]  通常就是說
[00:18:07.000 --> 00:18:08.000]  凱撒大帝
[00:18:08.000 --> 00:18:10.000]  埃及妖后
[00:18:10.000 --> 00:18:13.000]  就是那些皇帝鬥爭的東西
[00:18:13.000 --> 00:18:18.000]  中國的很多歷史都是說帝王的
[00:18:18.000 --> 00:18:20.000]  內宮爭鬥
[00:18:20.000 --> 00:18:22.000]  但近代很多時候都覺得
[00:18:22.000 --> 00:18:24.000]  那些人的爭鬥
[00:18:24.000 --> 00:18:28.000]  不代表整個社會
[00:18:28.000 --> 00:18:29.000]  明白嗎
[00:18:29.000 --> 00:18:31.000]  那些人鬥成怎樣
[00:18:31.000 --> 00:18:34.000]  現在特朗普和曼斯他們的dynamic
[00:18:34.000 --> 00:18:36.000]  和整體美國人
[00:18:36.000 --> 00:18:40.000]  他們的水深火熱的生活是很不同的
[00:18:40.000 --> 00:18:41.000]  是不是
[00:18:41.000 --> 00:18:43.000]  所以其實大部份的歷史
[00:18:43.000 --> 00:18:46.000]  反而是會問一些一般平民
[00:18:46.000 --> 00:18:49.000]  特別於是就看一些考古的發現
[00:18:49.000 --> 00:18:53.000]  譬如一般平民住的屋有多大
[00:18:53.000 --> 00:18:56.000]  他們通常幾歲就死
[00:18:56.000 --> 00:18:58.000]  他們的dynamic
[00:18:58.000 --> 00:18:59.000]  幾多歲就死
[00:18:59.000 --> 00:19:03.000]  那時候的經濟生活的社會是怎樣
[00:19:03.000 --> 00:19:05.000]  那時候有
[00:19:05.000 --> 00:19:07.000]  最後再問的
[00:19:07.000 --> 00:19:09.000]  社會評價再問的
[00:19:09.000 --> 00:19:15.000]  那時候的社會有些什麼世界觀價值觀
[00:19:15.000 --> 00:19:17.000]  舉個例子
[00:19:17.000 --> 00:19:21.000]  我們今天是男女平等
[00:19:21.000 --> 00:19:22.000]  是不是
[00:19:22.000 --> 00:19:24.000]  甚至是女尊男卑
[00:19:24.000 --> 00:19:26.000]  在香港
[00:19:26.000 --> 00:19:28.000]  女人都大了
[00:19:28.000 --> 00:19:30.000]  或者女人與孩子都大了
[00:19:30.000 --> 00:19:37.000]  孩子就當她是金皇帝般的
[00:19:37.000 --> 00:19:41.000]  這是我們家庭的價值觀世界觀
[00:19:41.000 --> 00:19:44.000]  我們很看重小孩子
[00:19:44.000 --> 00:19:47.000]  看重他們代表我們的未來
[00:19:47.000 --> 00:19:50.000]  這是我們現在的世界觀
[00:19:50.000 --> 00:19:53.000]  但世紀的世界觀就很明顯不是
[00:19:53.000 --> 00:19:56.000]  是男尊女卑
[00:19:56.000 --> 00:20:00.000]  而且是尊重老人家的
[00:20:00.000 --> 00:20:02.000]  有白頭髮的
[00:20:02.000 --> 00:20:04.000]  你一定要殺死
[00:20:04.000 --> 00:20:05.000]  一定要對他好
[00:20:05.000 --> 00:20:09.000]  因為當時的尊重老人家
[00:20:09.000 --> 00:20:14.000]  還有他著重榮譽等等
[00:20:14.000 --> 00:20:16.000]  多過利益
[00:20:16.000 --> 00:20:19.000]  即是著重家庭榮譽
[00:20:19.000 --> 00:20:21.000]  利益也要
[00:20:21.000 --> 00:20:23.000]  不過家庭榮譽更加重要
[00:20:23.000 --> 00:20:27.000]  這就是社會科學的評價
[00:20:27.000 --> 00:20:31.000]  對我們的貢獻
[00:20:31.000 --> 00:20:35.000]  另外第三個我們需要留意
[00:20:35.000 --> 00:20:39.000]  就是社會生活的價值觀是什麼
[00:20:39.000 --> 00:20:43.000]  這是對我們一會兒看聖經很重要的
[00:20:43.000 --> 00:20:47.000]  我們要了解他們的世界觀價值觀是什麼
[00:20:47.000 --> 00:20:50.000]  我們要先明白保羅的教導
[00:20:50.000 --> 00:20:52.000]  有時是顛覆
[00:20:52.000 --> 00:20:54.000]  有時是借用
[00:20:54.000 --> 00:21:01.000]  有時是轉化他們的價值觀
[00:21:01.000 --> 00:21:03.000]  借用
[00:21:03.000 --> 00:21:05.000]  我只有一件事忘記背後路
[00:21:05.000 --> 00:21:07.000]  你面前向著鏢光直跑
[00:21:07.000 --> 00:21:16.000]  因為我明顯保羅是在用馬拉松運動
[00:21:16.000 --> 00:21:18.000]  馬拉松運動
[00:21:18.000 --> 00:21:20.000]  他每個人都覺得
[00:21:20.000 --> 00:21:24.000]  當時奧林匹克獲獎的是很高的榮譽
[00:21:24.000 --> 00:21:29.000]  保羅很明顯是借用
[00:21:29.000 --> 00:21:32.000]  在基督裡面追求
[00:21:32.000 --> 00:21:35.000]  就好像馬拉松跑步
[00:21:35.000 --> 00:21:39.000]  最後拿到耶穌基督
[00:21:39.000 --> 00:21:43.000]  不是 是父神在耶穌基督裡面給我們獎賞
[00:21:43.000 --> 00:21:44.000]  你明白嗎
[00:21:44.000 --> 00:21:45.000]  這是借用
[00:21:45.000 --> 00:21:46.000]  是顛覆的
[00:21:46.000 --> 00:21:49.000]  他沒有叫你信耶穌就不要跑步
[00:21:49.000 --> 00:21:50.000]  沒有
[00:21:50.000 --> 00:21:51.000]  是借用
[00:21:51.000 --> 00:21:54.000]  所以有被爆象
[00:21:54.000 --> 00:21:56.000]  爆象很明顯是顛覆的
[00:21:56.000 --> 00:21:59.000]  保羅沒有說你信耶穌都好
[00:21:59.000 --> 00:22:01.000]  拜少一點
[00:22:01.000 --> 00:22:03.000]  好像吃少一點煙
[00:22:03.000 --> 00:22:04.000]  吃少一點煙
[00:22:04.000 --> 00:22:06.000]  保羅沒有說你拜少一點偶像
[00:22:06.000 --> 00:22:07.000]  就是拜神
[00:22:07.000 --> 00:22:09.000]  就是拜耶穌
[00:22:09.000 --> 00:22:10.000]  保羅沒有
[00:22:10.000 --> 00:22:12.000]  或者整個新教都沒有
[00:22:12.000 --> 00:22:14.000]  你一信耶穌就怎樣
[00:22:14.000 --> 00:22:16.000]  就要氣著偶像崇拜
[00:22:16.000 --> 00:22:23.000]  你信耶穌之前
[00:22:23.000 --> 00:22:25.000]  每個星期都要嫖妓
[00:22:25.000 --> 00:22:27.000]  你信耶穌嫖少一點
[00:22:27.000 --> 00:22:28.000]  一個月才嫖一次
[00:22:28.000 --> 00:22:29.000]  行不行
[00:22:29.000 --> 00:22:30.000]  當然不行
[00:22:30.000 --> 00:22:34.000]  嫖妓是奸淫
[00:22:34.000 --> 00:22:36.000]  這個就是顛覆
[00:22:36.000 --> 00:22:37.000]  你明白嗎
[00:22:37.000 --> 00:22:38.000]  這個就是顛覆
[00:22:38.000 --> 00:22:43.000]  當時很普遍每個人都去嫖妓
[00:22:43.000 --> 00:22:45.000]  每個男人有錢都去嫖妓
[00:22:45.000 --> 00:22:47.000]  但這個就是顛覆
[00:22:47.000 --> 00:22:49.000]  有時候是轉化的
[00:22:49.000 --> 00:22:50.000]  一人一句說
[00:22:50.000 --> 00:22:51.000]  這件事好
[00:22:51.000 --> 00:22:52.000]  不過有些事更加好
[00:22:52.000 --> 00:22:55.000]  這個我發覺是肥辣比書第三個相
[00:22:55.000 --> 00:22:59.000]  但你要知道當時社會人追求什麼
[00:22:59.000 --> 00:23:01.000]  你才知道聖經說的那件事
[00:23:01.000 --> 00:23:05.000]  究竟有什麼作用
[00:23:05.000 --> 00:23:08.000]  最後就是一些社群身份建立的評價
[00:23:08.000 --> 00:23:09.000]  這個我不說了
[00:23:09.000 --> 00:23:16.000]  聖經很多時候是傑作做基督徒的身份
[00:23:16.000 --> 00:23:18.000]  好像我們今天說簡單
[00:23:18.000 --> 00:23:20.000]  就是上教會就是基督徒
[00:23:20.000 --> 00:23:21.000]  不是的
[00:23:21.000 --> 00:23:23.000]  他那時候說很多東西
[00:23:23.000 --> 00:23:25.000]  怎樣才算基督徒
[00:23:25.000 --> 00:23:27.000]  怎樣才算不是基督徒
[00:23:27.000 --> 00:23:32.000]  我們怎樣用愛的態度去看一些基督徒
[00:23:32.000 --> 00:23:34.000]  就好像神怎樣看我們以往
[00:23:34.000 --> 00:23:37.000]  未信耶穌的時候的樣子一樣
[00:23:37.000 --> 00:23:39.000]  這個我不多說了
[00:23:39.000 --> 00:23:43.000]  我想說我自己的定義
[00:23:43.000 --> 00:23:44.000]  社會修朝我剛才說過
[00:23:44.000 --> 00:23:45.000]  很闊的
[00:23:45.000 --> 00:23:48.000]  我的界定就是這麼簡單
[00:23:48.000 --> 00:23:51.000]  就是從原匯種的社會文化價值觀
[00:23:51.000 --> 00:23:54.000]  解讀新約作者的遊說目的
[00:23:54.000 --> 00:23:56.000]  簡單來說
[00:23:56.000 --> 00:23:58.000]  就好像現在看電視劇
[00:23:58.000 --> 00:24:00.000]  很多時候時光倒流
[00:24:00.000 --> 00:24:03.000]  小小廣告
[00:24:03.000 --> 00:24:07.000]  小弟在今年下半年應該會出一本書
[00:24:07.000 --> 00:24:09.000]  叫做《時光倒流》
[00:24:09.000 --> 00:24:12.000]  希望出得到
[00:24:12.000 --> 00:24:15.000]  現在還在編輯編定中
[00:24:15.000 --> 00:24:17.000]  希望在下半年可以出
[00:24:17.000 --> 00:24:19.000]  就是幫助他們先明白
[00:24:19.000 --> 00:24:21.000]  好像時光倒流
[00:24:21.000 --> 00:24:25.000]  你回到2000年前的世界
[00:24:25.000 --> 00:24:29.000]  而不是客觀地在上面看這個世界是什麼
[00:24:29.000 --> 00:24:31.000]  而是你想像一下那些原匯種
[00:24:31.000 --> 00:24:34.000]  他們平時有什麼價值觀
[00:24:34.000 --> 00:24:36.000]  他們平時的家庭是怎樣
[00:24:36.000 --> 00:24:37.000]  家庭生活是怎樣
[00:24:37.000 --> 00:24:39.000]  他們平時看重什麼
[00:24:39.000 --> 00:24:40.000]  看輕什麼
[00:24:40.000 --> 00:24:42.000]  然後去聽
[00:24:42.000 --> 00:24:43.000]  然後去留意
[00:24:43.000 --> 00:24:46.000]  去解讀聖經的教導
[00:24:46.000 --> 00:24:49.000]  那個重點在哪裡
[00:24:49.000 --> 00:24:51.000]  所以社會修朝要配合其他東西
[00:24:51.000 --> 00:24:55.000]  社會修朝就是從原讀者的社會生活
[00:24:55.000 --> 00:24:57.000]  去設身處地去想
[00:24:57.000 --> 00:24:58.000]  當他聽到這句話
[00:24:58.000 --> 00:25:01.000]  凡事都可行,但不都有益處
[00:25:01.000 --> 00:25:04.000]  他聽到的重點在哪裡呢
[00:25:04.000 --> 00:25:10.000]  當時他在教古希臘傳統
[00:25:10.000 --> 00:25:14.000]  古希臘就是教凡事都可行
[00:25:14.000 --> 00:25:16.000]  所以當他聽到
[00:25:16.000 --> 00:25:18.000]  凡事都可行,但不都有益處
[00:25:18.000 --> 00:25:20.000]  他覺得很對
[00:25:20.000 --> 00:25:21.000]  但很明顯他聽到
[00:25:21.000 --> 00:25:27.000]  保羅是在批判凡事都可行的想法
[00:25:27.000 --> 00:25:31.000]  所以當我們越代入
[00:25:31.000 --> 00:25:34.000]  他們在古希臘周圍都有雕塑
[00:25:34.000 --> 00:25:39.000]  很強調個人自主自由的社會裡
[00:25:39.000 --> 00:25:42.000]  只要我不傷害到人
[00:25:42.000 --> 00:25:44.000]  我做什麼都無所謂
[00:25:44.000 --> 00:25:46.000]  這就是凡事都可行的時候
[00:25:46.000 --> 00:25:48.000]  而聽到保羅這一句
[00:25:48.000 --> 00:25:52.000]  他不可能只留意頭盤部分
[00:25:52.000 --> 00:25:57.000]  他一定留意到保羅的後著
[00:25:57.000 --> 00:26:00.000]  很簡單,你今天如果認識
[00:26:00.000 --> 00:26:04.000]  有沒有人結婚的
[00:26:04.000 --> 00:26:09.000]  你老婆或你老公稱讚你
[00:26:09.000 --> 00:26:14.000]  你今天都不錯,今天都很好,回來吧
[00:26:14.000 --> 00:26:17.000]  不過當你聽到這樣說的時候
[00:26:17.000 --> 00:26:20.000]  你覺得你的配偶重點在哪裡
[00:26:20.000 --> 00:26:25.000]  就是這樣的類比
[00:26:25.000 --> 00:26:29.000]  你要知道生活,你才知道重點
[00:26:29.000 --> 00:26:36.000]  你要知道他平時的生活習慣
[00:26:36.000 --> 00:26:38.000]  我列出這些人名
[00:26:38.000 --> 00:26:39.000]  就是告訴你
[00:26:39.000 --> 00:26:42.000]  如果你讀新藥學者
[00:26:42.000 --> 00:26:43.000]  一定會認識的
[00:26:43.000 --> 00:26:47.000]  Wayne Meeks, Greg Tyson, John Barkley, Peter Ors
[00:26:47.000 --> 00:26:49.000]  都是一些很出名的
[00:26:49.000 --> 00:26:53.000]  他先去塑造當時的社會文化
[00:26:53.000 --> 00:26:55.000]  特別是Wayne Meeks
[00:26:55.000 --> 00:26:58.000]  Wayne Meeks在我們課堂提到
[00:26:58.000 --> 00:27:00.000]  這個很恐怖的
[00:27:00.000 --> 00:27:02.000]  他1983年寫的那本書
[00:27:02.000 --> 00:27:04.000]  First Urban Christian
[00:27:04.000 --> 00:27:07.000]  到現在,已經是1983年了
[00:27:07.000 --> 00:27:11.000]  到現在已經引用了三千多次
[00:27:12.000 --> 00:27:14.000]  可能沒有什麼反應
[00:27:14.000 --> 00:27:15.000]  我想告訴你
[00:27:15.000 --> 00:27:18.000]  我那本博士論文已經出版了
[00:27:18.000 --> 00:27:20.000]  被人引用了二十次
[00:27:20.000 --> 00:27:26.000]  他就被人引用了三千多次
[00:27:26.000 --> 00:27:28.000]  而且我暫時還沒有找到
[00:27:28.000 --> 00:27:31.000]  另外一本新藥的著作
[00:27:31.000 --> 00:27:34.000]  是被人引用過超過三千次的
[00:27:34.000 --> 00:27:37.000]  甚至比我們
[00:27:37.000 --> 00:27:40.000]  遲些你說的寶萊生官
[00:27:40.000 --> 00:27:42.000]  那本也是二千多次
[00:27:42.000 --> 00:27:45.000]  超過一千次已經很誇張了
[00:27:45.000 --> 00:27:46.000]  你明白我的意思嗎
[00:27:46.000 --> 00:27:49.000]  而且過了四十年還被人引用
[00:27:49.000 --> 00:27:51.000]  過了四十年
[00:27:51.000 --> 00:27:52.000]  八十年代
[00:27:52.000 --> 00:27:53.000]  是不是四十年
[00:27:53.000 --> 00:27:54.000]  四十多年了
[00:27:54.000 --> 00:27:56.000]  還被人引用
[00:27:56.000 --> 00:27:58.000]  當然可能批評他
[00:27:58.000 --> 00:28:00.000]  但至少還被人引用
[00:28:00.000 --> 00:28:02.000]  所以他在影響我們
[00:28:02.000 --> 00:28:05.000]  他就說你要了解保羅書信
[00:28:05.000 --> 00:28:10.000]  保羅是第一個在城市冒起的耶穌運動
[00:28:10.000 --> 00:28:13.000]  保羅書信是見證在城市冒起的耶穌運動
[00:28:13.000 --> 00:28:16.000]  所以你要了解城市的社會文化
[00:28:16.000 --> 00:28:18.000]  你才能了解到保羅書信說的
[00:28:18.000 --> 00:28:21.000]  那些洗禮的作用在哪裡
[00:28:21.000 --> 00:28:23.000]  了解到作用
[00:28:23.000 --> 00:28:25.000]  就好像下面所說的
[00:28:25.000 --> 00:28:26.000]  有一個優勢
[00:28:26.000 --> 00:28:33.000]  優勢就是你會看到
[00:28:33.000 --> 00:28:36.000]  保羅說了很多的第五點
[00:28:36.000 --> 00:28:38.000]  說了很多的教義
[00:28:38.000 --> 00:28:44.000]  我們現在離遠來看
[00:28:44.000 --> 00:28:48.000]  我們可能覺得保羅說的教義都是
[00:28:48.000 --> 00:28:53.000]  是一些教義
[00:28:53.000 --> 00:28:54.000]  跟我沒什麼關係
[00:28:54.000 --> 00:28:55.000]  譬如加泰書
[00:28:55.000 --> 00:29:01.000]  就說國禮不能夠令你信主
[00:29:01.000 --> 00:29:08.000]  只有單單相信耶穌基督
[00:29:08.000 --> 00:29:10.000]  認罪悔改才相信耶穌
[00:29:10.000 --> 00:29:13.000]  所以到我們沒什麼
[00:29:13.000 --> 00:29:17.000]  第一我們不是猶太人
[00:29:17.000 --> 00:29:22.000]  我們每個人都支持保羅說的
[00:29:22.000 --> 00:29:26.000]  否則我們一信耶穌
[00:29:26.000 --> 00:29:28.000]  我們就要進醫院七天
[00:29:28.000 --> 00:29:32.000]  包皮手術要痛七天
[00:29:32.000 --> 00:29:34.000]  當然不做了
[00:29:34.000 --> 00:29:36.000]  所以保羅是為了我們的好處
[00:29:36.000 --> 00:29:40.000]  但那時候說的是一群猶太教徒
[00:29:40.000 --> 00:29:41.000]  仍然對
[00:29:41.000 --> 00:29:44.000]  仍然很有影響力
[00:29:44.000 --> 00:29:48.000]  猶太教徒在外邦教會
[00:29:48.000 --> 00:29:52.000]  在加泰省那裡都很有影響力
[00:29:52.000 --> 00:29:55.000]  他其實是說什麼呢
[00:29:55.000 --> 00:30:00.000]  他說你要歸化成為猶太人
[00:30:00.000 --> 00:30:03.000]  你才可以成為基督徒
[00:30:03.000 --> 00:30:05.000]  你才可以救
[00:30:05.000 --> 00:30:07.000]  這種其實是異端
[00:30:07.000 --> 00:30:12.000]  但如果我們這樣從原讀者的角度去理解
[00:30:12.000 --> 00:30:18.000]  我們就看到其實這個錯誤常常都發生
[00:30:18.000 --> 00:30:21.000]  在應用上我們常常都要傳教
[00:30:21.000 --> 00:30:24.000]  是先令人文化歸一
[00:30:24.000 --> 00:30:26.000]  然後才去信耶穌
[00:30:26.000 --> 00:30:30.000]  猶太基督徒去外邦傳福音
[00:30:30.000 --> 00:30:34.000]  請你守我們節旗守國禮
[00:30:34.000 --> 00:30:37.000]  我們猶太文化優越
[00:30:37.000 --> 00:30:39.000]  你才可以信耶穌
[00:30:39.000 --> 00:30:41.000]  英國人去到很多地方傳福音
[00:30:41.000 --> 00:30:44.000]  特別是在大英帝國日不落國的時候
[00:30:44.000 --> 00:30:47.000]  你要懂得打太盔穿西裝
[00:30:47.000 --> 00:30:49.000]  懂得用刀叉
[00:30:49.000 --> 00:30:52.000]  更加要懂得說英文
[00:30:52.000 --> 00:30:54.000]  還要是Royal English
[00:30:54.000 --> 00:31:01.000]  你才可以成為一個好的基督徒
[00:31:01.000 --> 00:31:05.000]  所以甘地還沒有被人踢出
[00:31:05.000 --> 00:31:07.000]  你看回甘地的故事
[00:31:07.000 --> 00:31:13.000]  你有識人種不要進來我們這間教教會
[00:31:13.000 --> 00:31:15.000]  你去隔壁那間教教會
[00:31:15.000 --> 00:31:20.000]  如果我們體會到原讀者的處境
[00:31:20.000 --> 00:31:21.000]  教導的問題
[00:31:21.000 --> 00:31:24.000]  應用性會闊很多
[00:31:24.000 --> 00:31:26.000]  不是只是覺不覺賴
[00:31:26.000 --> 00:31:34.000]  而是怎樣將我們很尊崇自己的文化的時候
[00:31:34.000 --> 00:31:37.000]  我們跟一些跟我們文化不同的人傳福音
[00:31:37.000 --> 00:31:41.000]  他可不可以用他們自己的文化去跟隨耶穌
[00:31:41.000 --> 00:31:43.000]  不需要跟蹤我們
[00:31:43.000 --> 00:31:45.000]  不需要跟蹤我們
[00:31:45.000 --> 00:31:48.000]  當我們中國人去傳福音
[00:31:48.000 --> 00:31:52.000]  我們是否需要他先成為一個中國人
[00:31:52.000 --> 00:31:54.000]  他才可以成為基督徒呢
[00:31:54.000 --> 00:31:56.000]  你說不會
[00:31:56.000 --> 00:32:00.000]  但有時真的會
[00:32:00.000 --> 00:32:04.000]  中國基督徒去哪裏教人懂得拿筷子
[00:32:04.000 --> 00:32:07.000]  你不拿筷子就不要回教會
[00:32:07.000 --> 00:32:09.000]  回教會學拿筷子
[00:32:09.000 --> 00:32:10.000]  明白嗎
[00:32:10.000 --> 00:32:13.000]  這個就是巴太書的問題
[00:32:13.000 --> 00:32:17.000]  保羅其實針對一些很實際的問題
[00:32:17.000 --> 00:32:19.000]  就是針對宣教的時候
[00:32:19.000 --> 00:32:24.000]  常常都會問到究竟文化轉變和信仰轉變有什麼分別
[00:32:24.000 --> 00:32:26.000]  羅馬書反過來
[00:32:26.000 --> 00:32:27.000]  你看十四十五章
[00:32:27.000 --> 00:32:29.000]  到了羅馬書後期的時候
[00:32:29.000 --> 00:32:33.000]  很多外邦人信了耶穌
[00:32:33.000 --> 00:32:36.000]  反而猶太人就越來越少信耶穌
[00:32:36.000 --> 00:32:38.000]  十四十五章就說到
[00:32:38.000 --> 00:32:41.000]  信心堅強批評那些人
[00:32:41.000 --> 00:32:46.000]  我們信了耶穌說了什麼都可以吃
[00:32:46.000 --> 00:32:50.000]  他們還以為有些是不潔淨絲蜜就不肯吃
[00:32:50.000 --> 00:32:52.000]  那些是什麼人呢
[00:32:52.000 --> 00:32:55.000]  那些就是猶太基督徒
[00:32:55.000 --> 00:32:57.000]  他信了耶穌
[00:32:57.000 --> 00:33:04.000]  但因為他的傳統仍然不去吃豬肉
[00:33:04.000 --> 00:33:05.000]  不去吃叉燒
[00:33:05.000 --> 00:33:08.000]  結果被信心堅強的批評
[00:33:08.000 --> 00:33:12.000]  叉燒是世界名物你都不肯吃
[00:33:12.000 --> 00:33:14.000]  你是不是真的驚奇
[00:33:14.000 --> 00:33:23.000]  反過來外邦基督徒去藐視或輕視猶太信徒
[00:33:23.000 --> 00:33:25.000]  去去持守他們的習俗
[00:33:25.000 --> 00:33:30.000]  那時候已經沒有說要守猶太習俗已經得救這個故事
[00:33:30.000 --> 00:33:32.000]  已經沒有了
[00:33:32.000 --> 00:33:35.000]  猶太信徒會繼續不吃豬肉不是因為他得不得救
[00:33:35.000 --> 00:33:37.000]  只不過因為他不吃慣了
[00:33:37.000 --> 00:33:41.000]  你現在叫回教徒信了耶穌
[00:33:41.000 --> 00:33:43.000]  即是他信了耶穌
[00:33:43.000 --> 00:33:45.000]  你叫他吃豬肉他都會嘔的
[00:33:45.000 --> 00:33:50.000]  因為他真的習慣了對豬肉有一種抗拒
[00:33:50.000 --> 00:33:54.000]  但羅馬教會就面對另外一個問題
[00:33:54.000 --> 00:33:56.000]  你見不見得
[00:33:56.000 --> 00:33:59.000]  所以保羅其實開頭說很多恩信清義
[00:33:59.000 --> 00:34:03.000]  我在神面前猶太人和外邦人都靠著一個恩典得救
[00:34:03.000 --> 00:34:07.000]  他其實是要繼續不斷部署
[00:34:07.000 --> 00:34:11.000]  去告訴後面一個很重要的應用
[00:34:11.000 --> 00:34:13.000]  第九張要有的應用
[00:34:13.000 --> 00:34:22.000]  外邦基督徒你沒有資格去歧視猶太人和猶太基督徒
[00:34:22.000 --> 00:34:24.000]  上帝既然是神的選民
[00:34:24.000 --> 00:34:26.000]  上帝會選擇他到底
[00:34:26.000 --> 00:34:28.000]  他們越來越少人信
[00:34:28.000 --> 00:34:30.000]  不是上帝對他們少了慈愛
[00:34:30.000 --> 00:34:32.000]  而是他們硬心不信
[00:34:32.000 --> 00:34:36.000]  既然是這樣
[00:34:36.000 --> 00:34:38.000]  既然不捨得他們
[00:34:38.000 --> 00:34:40.000]  即是會割了他們
[00:34:40.000 --> 00:34:44.000]  他亦都不會不捨得你
[00:34:44.000 --> 00:34:46.000]  記不記得後面說
[00:34:46.000 --> 00:34:48.000]  如果你都是這樣硬心的話
[00:34:48.000 --> 00:34:50.000]  神一樣會將你
[00:34:50.000 --> 00:34:52.000]  你是自己外邦之一
[00:34:52.000 --> 00:34:54.000]  會將你去理住
[00:34:54.000 --> 00:34:56.000]  見不見到那個論證是針對一些
[00:34:56.000 --> 00:35:04.000]  你要了解當時的人怎樣看我這個民族和其他民族
[00:35:04.000 --> 00:35:10.000]  老實說當時的種族歧視是很普遍的
[00:35:10.000 --> 00:35:12.000]  很嚴重的
[00:35:12.000 --> 00:35:15.000]  猶太人是看不起外邦信徒
[00:35:15.000 --> 00:35:18.000]  外邦信徒有很多種
[00:35:18.000 --> 00:35:20.000]  埃及基督徒
[00:35:20.000 --> 00:35:23.000]  所謂外邦是一個通稱
[00:35:23.000 --> 00:35:26.000]  還有意大利基督徒
[00:35:26.000 --> 00:35:28.000]  羅馬公民
[00:35:28.000 --> 00:35:34.000]  西班牙那邊的
[00:35:34.000 --> 00:35:36.000]  亦都有北非
[00:35:36.000 --> 00:35:39.000]  整個亞洲也有以北所人
[00:35:39.000 --> 00:35:41.000]  以北所人當時是亞洲人
[00:35:41.000 --> 00:35:44.000]  有很多種族歧視
[00:35:44.000 --> 00:35:48.000]  保祿是在挑戰信耶穌
[00:35:48.000 --> 00:35:52.000]  我們怎樣去跨過那種種族歧視
[00:35:52.000 --> 00:35:54.000]  而大家是平等
[00:35:54.000 --> 00:35:56.000]  這是第一個好處
[00:35:56.000 --> 00:36:00.000]  這是不是牧羊的目的
[00:36:00.000 --> 00:36:06.000]  對,不過對我們沒有什麼問題
[00:36:06.000 --> 00:36:08.000]  我們都是中國人
[00:36:08.000 --> 00:36:10.000]  又是回到第一世紀
[00:36:10.000 --> 00:36:12.000]  可能隨時坐在一起
[00:36:12.000 --> 00:36:14.000]  不是全部都是中國人
[00:36:14.000 --> 00:36:19.000]  那時候坐在一起可能像馬來西亞的教會
[00:36:19.000 --> 00:36:23.000]  有沒有去馬來西亞或菲律賓
[00:36:23.000 --> 00:36:25.000]  不是菲律賓,是新加坡
[00:36:25.000 --> 00:36:28.000]  有華人,有馬來人
[00:36:28.000 --> 00:36:33.000]  馬來人少一點,但也有些人信了主
[00:36:33.000 --> 00:36:35.000]  但也有印度人
[00:36:35.000 --> 00:36:38.000]  是真的有不同的種族坐在一起
[00:36:38.000 --> 00:36:41.000]  大家只不過是用英文,那時候是用希臘文溝通
[00:36:41.000 --> 00:36:44.000]  會不會有種族歧視
[00:36:44.000 --> 00:36:46.000]  有,有
[00:36:46.000 --> 00:36:48.000]  之後外賢的時候會不會出問題
[00:36:48.000 --> 00:36:55.000]  香港是因為我們太過單一
[00:36:55.000 --> 00:36:58.000]  這是我們的獨特性
[00:36:58.000 --> 00:37:03.000]  即使現今世界上很多不同的教會
[00:37:03.000 --> 00:37:05.000]  甚至中國的教會
[00:37:05.000 --> 00:37:07.000]  都會面對南方人,北方人
[00:37:07.000 --> 00:37:10.000]  或者不同省份的人走在一起
[00:37:10.000 --> 00:37:13.000]  那種融合的問題
[00:37:13.000 --> 00:37:15.000]  所以第一,這是牧羊的
[00:37:15.000 --> 00:37:19.000]  幫助不同的種族如何彼此融合
[00:37:19.000 --> 00:37:22.000]  第二,我們也會留意到
[00:37:22.000 --> 00:37:25.000]  保羅很少說的話不可以作字面理解
[00:37:25.000 --> 00:37:32.000]  第二點,就是要看他的目的是什麼
[00:37:32.000 --> 00:37:35.000]  特別是保羅書信
[00:37:35.000 --> 00:37:38.000]  跟比亞書信或其他書信最大的分別就是
[00:37:38.000 --> 00:37:42.000]  那個書常常有長長的「我」的論述
[00:37:42.000 --> 00:37:46.000]  我已經與基督徒釘十字
[00:37:46.000 --> 00:37:48.000]  現在活著的不再是我
[00:37:48.000 --> 00:37:53.000]  還有什麼長長的「我」的論述
[00:37:53.000 --> 00:37:57.000]  阿Ben,請說
[00:37:57.000 --> 00:37:59.000]  你上課時說過的
[00:37:59.000 --> 00:38:02.000]  這兩位是我的同學
[00:38:02.000 --> 00:38:04.000]  他上課時有回答過
[00:38:04.000 --> 00:38:07.000]  其他人呢?保羅書信
[00:38:07.000 --> 00:38:10.000]  有哪些長長的「我」的論述
[00:38:10.000 --> 00:38:12.000]  在哪裏?
[00:38:12.000 --> 00:38:16.000]  ( 答案不明 )
[00:38:16.000 --> 00:38:18.000]  我知道,但這不是保羅書信
[00:38:18.000 --> 00:38:20.000]  請其他人說
[00:38:20.000 --> 00:38:22.000]  保羅書信說到「我」
[00:38:22.000 --> 00:38:25.000]  「我不以呼音為柱」最出名,一章十六字
[00:38:25.000 --> 00:38:28.000]  「我不以呼音為柱」還有呢?
[00:38:28.000 --> 00:38:31.000]  「這呼音本是神的大能」
[00:38:31.000 --> 00:38:33.000]  還有呢?
[00:38:33.000 --> 00:38:36.000]  「我已經與基督徒釘十字」
[00:38:36.000 --> 00:38:39.000]  「現在活著的不再是我」在哪裏?
[00:38:39.000 --> 00:38:41.000]  亞太書
[00:38:41.000 --> 00:38:43.000]  「我不是以為自己已經得著了」
[00:38:43.000 --> 00:38:45.000]  「我只有一件事,就是忘記背後的你」
[00:38:45.000 --> 00:38:47.000]  在哪裏?
[00:38:47.000 --> 00:38:49.000]  肥仔比書
[00:38:49.000 --> 00:38:52.000]  「若不傳呼音,我就有禍了」
[00:38:52.000 --> 00:38:54.000]  「我本是自由的無人客觀」
[00:38:54.000 --> 00:38:57.000]  「但現在我願意成為眾人的僕人」
[00:38:57.000 --> 00:38:59.000]  很叫能夠服侍人
[00:38:59.000 --> 00:39:01.000]  「他是什麼人,我就做什麼人」
[00:39:01.000 --> 00:39:04.000]  「無論如何,總要救世人」在哪裏?
[00:39:04.000 --> 00:39:06.000]  林澄,在哪裏?
[00:39:06.000 --> 00:39:08.000]  這些你試想想,在比特書信上
[00:39:08.000 --> 00:39:10.000]  書信沒有這樣的我
[00:39:10.000 --> 00:39:12.000]  大部份書信都是你們要做什麼
[00:39:12.000 --> 00:39:15.000]  或者你要什麼,亞國書也沒有
[00:39:15.000 --> 00:39:17.000]  這場惡,如果你更前面去理解
[00:39:17.000 --> 00:39:19.000]  保羅是在說他自己個人領受
[00:39:19.000 --> 00:39:21.000]  「我不以呼音為柱」
[00:39:21.000 --> 00:39:23.000]  「保羅你不以呼音為柱」
[00:39:23.000 --> 00:39:25.000]  「我就以呼音為柱」沒有問題的
[00:39:25.000 --> 00:39:27.000]  是不是這樣?
[00:39:27.000 --> 00:39:30.000]  「保羅,你已經與基督徒釘十字架」
[00:39:30.000 --> 00:39:33.000]  「我不是,我還活著的」
[00:39:33.000 --> 00:39:36.000]  「我還有些事我不想與基督徒釘十字架」
[00:39:36.000 --> 00:39:38.000]  行不行?
[00:39:38.000 --> 00:39:42.000]  保羅是否在說他個人獨特的領受?
[00:39:42.000 --> 00:39:45.000]  不是,那不是字面的意思
[00:39:45.000 --> 00:39:48.000]  所以當我看,當然有些是字面意思
[00:39:48.000 --> 00:39:50.000]  例如明年我打算去你那裏
[00:39:50.000 --> 00:39:52.000]  那是在說他自己的計劃
[00:39:52.000 --> 00:39:56.000]  但一旦說到一些他自己的信念的時候
[00:39:56.000 --> 00:39:58.000]  其實他是有一個收持目的的
[00:39:58.000 --> 00:40:05.000]  他要我們所有基督徒都要認同這句說話
[00:40:05.000 --> 00:40:07.000]  其實剛才引用的那句
[00:40:07.000 --> 00:40:11.000]  《環球聖經》的日本譯得比較清楚
[00:40:11.000 --> 00:40:14.000]  整句是應該說「凡事我都可行」
[00:40:14.000 --> 00:40:16.000]  不是凡事都可行
[00:40:16.000 --> 00:40:18.000]  是凡事我都可行
[00:40:18.000 --> 00:40:20.000]  但不都有的事
[00:40:20.000 --> 00:40:21.000]  凡事我都可以做
[00:40:21.000 --> 00:40:23.000]  其實原文是很強調那個自我
[00:40:23.000 --> 00:40:25.000]  即是我有自主,我有自
[00:40:25.000 --> 00:40:28.000]  但保羅,但做什麼事你都不能夠去
[00:40:28.000 --> 00:40:31.000]  要為了造就別人
[00:40:31.000 --> 00:40:34.000]  所以我是要代入去
[00:40:34.000 --> 00:40:37.000]  由他糾正或者代入去
[00:40:37.000 --> 00:40:39.000]  還有很多的
[00:40:39.000 --> 00:40:46.000]  「而今在基督耶穌律的就不定罪了
[00:40:46.000 --> 00:40:48.000]  因為似生命聖靈的律
[00:40:48.000 --> 00:40:51.000]  在基督律釋放了我
[00:40:51.000 --> 00:40:54.000]  使我不再隨從罪的律立
[00:40:54.000 --> 00:40:56.000]  使律法的義」
[00:40:56.000 --> 00:40:57.000]  後面你再跳一條
[00:40:57.000 --> 00:41:00.000]  「使律法的義成就在我們這班」
[00:41:00.000 --> 00:41:01.000]  他不是我
[00:41:01.000 --> 00:41:06.000]  「我們這班不隨從肉體而只隨從聖靈的人身上」
[00:41:06.000 --> 00:41:09.000]  這個是《諒亞書》第八章
[00:41:09.000 --> 00:41:12.000]  雖然是我們,但都是這個意思
[00:41:12.000 --> 00:41:14.000]  他不是字面的意思
[00:41:14.000 --> 00:41:17.000]  你就要問他收持目的是什麼
[00:41:17.000 --> 00:41:18.000]  長長的我
[00:41:18.000 --> 00:41:21.000]  有時候有些收持性的揭文
[00:41:21.000 --> 00:41:23.000]  有些是total questions的
[00:41:23.000 --> 00:41:26.000]  行不行?多不多?
[00:41:26.000 --> 00:41:31.000]  難道我們可以在罪中叫恩典獻多嗎?
[00:41:31.000 --> 00:41:34.000]  既是這樣,我們還可說什麼呢?
[00:41:34.000 --> 00:41:39.000]  神既幫助我們,誰還有誰抵擋我們呢?
[00:41:39.000 --> 00:41:40.000]  為什麼問這麼多這些?
[00:41:40.000 --> 00:41:44.000]  這些叫做收持性問題,是什麼?
[00:41:44.000 --> 00:41:47.000]  不是開放性問題
[00:41:47.000 --> 00:41:49.000]  答案已經在問題那裡
[00:41:49.000 --> 00:41:53.000]  問題究竟想表達什麼邏輯
[00:41:53.000 --> 00:41:56.000]  這就是我們SRI上問的問題
[00:41:56.000 --> 00:42:01.000]  我們不是字面去看問題的意思
[00:42:01.000 --> 00:42:05.000]  我在筆記列出很多詳細的
[00:42:05.000 --> 00:42:08.000]  我希望你至少看其中一段
[00:42:08.000 --> 00:42:10.000]  還未列完,至少其中一段
[00:42:10.000 --> 00:42:12.000]  這裡有很多我的宣言
[00:42:12.000 --> 00:42:15.000]  其實很多時候說我的
[00:42:15.000 --> 00:42:17.000]  我們不是問我那句
[00:42:17.000 --> 00:42:20.000]  其實我那句和上文下理的論述
[00:42:20.000 --> 00:42:24.000]  往往是一個轉捩點或關鍵的推進
[00:42:24.000 --> 00:42:27.000]  你想想剛才說的那些我
[00:42:27.000 --> 00:42:30.000]  我已經與基督徒釘十字架
[00:42:30.000 --> 00:42:35.000]  那是上文說我們這班新來的猶太人
[00:42:35.000 --> 00:42:38.000]  這班人都不是靠國禮清議
[00:42:38.000 --> 00:42:40.000]  所以總結的那個我
[00:42:40.000 --> 00:42:45.000]  主要是說猶太教徒
[00:42:45.000 --> 00:42:47.000]  當然我們也接受的
[00:42:47.000 --> 00:42:49.000]  但主要是猶太教徒
[00:42:49.000 --> 00:42:54.000]  我們不能再以往看外邦人是罪人
[00:42:54.000 --> 00:42:58.000]  因為我們已經與基督徒釘十字架
[00:42:58.000 --> 00:43:02.000]  現在活著的不是一個猶太人
[00:43:02.000 --> 00:43:04.000]  而是一個基督人
[00:43:04.000 --> 00:43:07.000]  基督在我裡面活著是一個基督人
[00:43:07.000 --> 00:43:08.000]  結論就是
[00:43:08.000 --> 00:43:10.000]  若是藉著律法得的
[00:43:10.000 --> 00:43:13.000]  基督就會徒然死亡
[00:43:13.000 --> 00:43:18.000]  所以說真的我就是一個很關鍵的轉捩點
[00:43:18.000 --> 00:43:20.000]  總結為什麼一個猶太教徒
[00:43:20.000 --> 00:43:23.000]  不能再靠國禮去誇口
[00:43:23.000 --> 00:43:25.000]  因為他已經是一個基督人
[00:43:25.000 --> 00:43:27.000]  一個基督人誇口要留意的
[00:43:27.000 --> 00:43:29.000]  只能夠是聖靈
[00:43:29.000 --> 00:43:31.000]  在第五章的聖靈的國禮
[00:43:31.000 --> 00:43:33.000]  就是致死肉體的程序
[00:43:33.000 --> 00:43:36.000]  就不是我們那個包皮手術
[00:43:36.000 --> 00:43:39.000]  這個再不是神透過耶穌跟我們罵
[00:43:39.000 --> 00:43:42.000]  即使是猶太人也好
[00:43:42.000 --> 00:43:44.000]  不是再靠這個去罵人
[00:43:44.000 --> 00:43:48.000]  第五點三
[00:43:48.000 --> 00:43:51.000]  五點三就是剛才所說的
[00:43:51.000 --> 00:43:53.000]  書信和我們再問
[00:43:53.000 --> 00:43:55.000]  鄒族文化的互動是什麼
[00:43:55.000 --> 00:44:01.000]  我一會兒會說到
[00:44:01.000 --> 00:44:03.000]  不要整天說那麼多
[00:44:03.000 --> 00:44:04.000]  那麼多嫖妓
[00:44:04.000 --> 00:44:07.000]  你一定要問當時嫖妓是怎樣
[00:44:07.000 --> 00:44:08.000]  是什麼來的
[00:44:08.000 --> 00:44:11.000]  嫖妓不是按鈴鐺的
[00:44:11.000 --> 00:44:12.000]  不是一樓一鳳的
[00:44:12.000 --> 00:44:14.000]  嫖妓是只能去紅燈區的
[00:44:14.000 --> 00:44:17.000]  當時是有合法的紅燈區
[00:44:17.000 --> 00:44:19.000]  大規模的經營
[00:44:19.000 --> 00:44:21.000]  就好像澳門搞賭場
[00:44:21.000 --> 00:44:24.000]  當時就搞紅場
[00:44:24.000 --> 00:44:27.000]  就好像現在荷蘭的紅燈區
[00:44:27.000 --> 00:44:29.000]  或者泰國的紅燈區
[00:44:29.000 --> 00:44:31.000]  這邊就在
[00:44:31.000 --> 00:44:33.000]  我剛剛在泰國說回來
[00:44:33.000 --> 00:44:37.000]  這邊就可以吃小販的魚蛋
[00:44:37.000 --> 00:44:39.000]  走過多一條街
[00:44:39.000 --> 00:44:41.000]  就變得帥
[00:44:41.000 --> 00:44:47.000]  就是你可以吃完串魚蛋
[00:44:47.000 --> 00:44:50.000]  或者那些味墨咖哩
[00:44:50.000 --> 00:44:53.000]  就可以進去紅燈區
[00:44:53.000 --> 00:44:56.000]  那時就是這樣的文化
[00:44:56.000 --> 00:44:58.000]  所以我們要問
[00:44:58.000 --> 00:45:00.000]  保羅當為什麼要說嫖妓
[00:45:00.000 --> 00:45:02.000]  他就是針對他那時的文化
[00:45:02.000 --> 00:45:04.000]  為什麼第七章要說婚姻
[00:45:04.000 --> 00:45:05.000]  不要離婚
[00:45:05.000 --> 00:45:07.000]  不要像今天那樣
[00:45:07.000 --> 00:45:10.000]  當時離婚率高過今天很多
[00:45:10.000 --> 00:45:11.000]  你說今天已經很高
[00:45:11.000 --> 00:45:13.000]  當時離婚率很高
[00:45:13.000 --> 00:45:15.000]  高得很厲害
[00:45:15.000 --> 00:45:17.000]  第七章保羅
[00:45:17.000 --> 00:45:19.000]  所以你就看到保羅說的那個
[00:45:19.000 --> 00:45:21.000]  要他們跟周遭文化
[00:45:21.000 --> 00:45:25.000]  要他們有什麼文化價值觀的轉變
[00:45:25.000 --> 00:45:26.000]  如果我們了解了
[00:45:26.000 --> 00:45:27.000]  我們就會更加明白
[00:45:27.000 --> 00:45:29.000]  今天要挑戰我們
[00:45:29.000 --> 00:45:31.000]  有什麼價值觀需要改變
[00:45:31.000 --> 00:45:34.000]  不只是應做還是不應做
[00:45:34.000 --> 00:45:36.000]  而是究竟有什麼價值觀
[00:45:36.000 --> 00:45:39.000]  是我們要摒棄的
[00:45:39.000 --> 00:45:41.000]  是社會覺得很好的東西
[00:45:41.000 --> 00:45:42.000]  但是我們要摒棄的
[00:45:42.000 --> 00:45:44.000]  或者社會覺得很好的東西
[00:45:44.000 --> 00:45:46.000]  這個教都consistent
[00:45:46.000 --> 00:45:49.000]  但是我們要將它放低一點
[00:45:49.000 --> 00:45:51.000]  哪些是社會上很好的東西
[00:45:51.000 --> 00:45:55.000]  但是在基督裡面那些是邪惡的
[00:45:55.000 --> 00:45:57.000]  明白嗎
[00:45:57.000 --> 00:45:59.000]  這個就是互動
[00:45:59.000 --> 00:46:01.000]  最後就是
[00:46:01.000 --> 00:46:02.000]  你會留意
[00:46:02.000 --> 00:46:03.000]  幫助我們留意到
[00:46:03.000 --> 00:46:06.000]  原會眾信仰群體的具體需要
[00:46:06.000 --> 00:46:08.000]  信仰挑戰
[00:46:08.000 --> 00:46:09.000]  特別是羅馬書
[00:46:09.000 --> 00:46:13.000]  羅馬書很多時候我們解讀是很抽離的
[00:46:13.000 --> 00:46:15.000]  好像將羅馬書寫成
[00:46:15.000 --> 00:46:19.000]  第一點教義一教義二教義三
[00:46:19.000 --> 00:46:21.000]  但其實羅馬書是針對著
[00:46:21.000 --> 00:46:22.000]  你想想
[00:46:22.000 --> 00:46:29.000]  在一個羅馬帝國的首都
[00:46:29.000 --> 00:46:32.000]  有一群是羅馬公民的基督徒
[00:46:32.000 --> 00:46:39.000]  有一群是曾經被羅馬皇帝驅逐出羅馬城
[00:46:39.000 --> 00:46:41.000]  過了幾年發覺沒事
[00:46:41.000 --> 00:46:46.000]  才放他們回來的猶太基督徒
[00:46:46.000 --> 00:46:49.000]  然後還有羅馬城這個首都
[00:46:49.000 --> 00:46:52.000]  是一個寄附書據追求公義
[00:46:52.000 --> 00:46:55.000]  但是又很壓迫窮人
[00:46:55.000 --> 00:47:02.000]  有很多社會問題出現的一個城市地方
[00:47:02.000 --> 00:47:08.000]  有一群人很仰慕羅馬帝國的成就
[00:47:08.000 --> 00:47:12.000]  但有一群人覺得羅馬帝國政策不好
[00:47:12.000 --> 00:47:14.000]  無端端驅逐我們
[00:47:14.000 --> 00:47:19.000]  所以羅馬書很多的教義
[00:47:19.000 --> 00:47:21.000]  如果從多種族
[00:47:21.000 --> 00:47:26.000]  或者對政府有不相反意見的處境去看
[00:47:26.000 --> 00:47:30.000]  其實我們看回羅馬書十三章就有很多不同的意義
[00:47:30.000 --> 00:47:33.000]  還有我們看回羅馬書十三章最後
[00:47:33.000 --> 00:47:37.000]  他們說不要好色邪黨
[00:47:37.000 --> 00:47:43.000]  羅馬政府很多時候是帶動好色邪黨的祭神節
[00:47:43.000 --> 00:47:48.000]  當時為了宣揚自己的成就
[00:47:48.000 --> 00:47:50.000]  是免費送酒的
[00:47:50.000 --> 00:47:54.000]  大家就像巴西開嘉年華會一樣
[00:47:54.000 --> 00:47:58.000]  開心喝酒有很多人面的東西
[00:47:58.000 --> 00:48:01.000]  慶祝國慶
[00:48:01.000 --> 00:48:06.000]  但保羅就挑戰一些信服政府的教徒
[00:48:06.000 --> 00:48:10.000]  但是你們不可以好色邪黨
[00:48:10.000 --> 00:48:14.000]  有些事即使政府或社會說好的
[00:48:14.000 --> 00:48:16.000]  你都不可以做
[00:48:16.000 --> 00:48:18.000]  不是因為你不尊重他
[00:48:18.000 --> 00:48:20.000]  而是你要尊重上帝
[00:48:20.000 --> 00:48:21.000]  所以你見不見得
[00:48:21.000 --> 00:48:23.000]  那個恩信稱義那個恩典
[00:48:23.000 --> 00:48:25.000]  受洗說很多東西
[00:48:25.000 --> 00:48:31.000]  就是想帶出這個目的
[00:48:31.000 --> 00:48:34.000]  就是究竟他想原讀者聽到一些實踐
[00:48:34.000 --> 00:48:38.000]  這樣說來原讀者就和我無關
[00:48:38.000 --> 00:48:39.000]  不是的
[00:48:39.000 --> 00:48:41.000]  我想最後總結一句
[00:48:41.000 --> 00:48:43.000]  因為肥仔給書
[00:48:43.000 --> 00:48:46.000]  你越留意到原讀者的社會文化
[00:48:46.000 --> 00:48:49.000]  你就要留意到我們和原讀者
[00:48:49.000 --> 00:48:53.000]  找到很多平行時空的共通的人性
[00:48:53.000 --> 00:48:54.000]  舉個例子
[00:48:54.000 --> 00:48:58.000]  我說那時候的人很追求社會榮譽
[00:48:58.000 --> 00:49:01.000]  今天我們不是嗎
[00:49:01.000 --> 00:49:11.000]  (記者:現在很多人的態度都是追求榮譽)
[00:49:11.000 --> 00:49:13.000]  所以我們都是追求榮譽
[00:49:13.000 --> 00:49:15.000]  不過可能榮譽的定義不同
[00:49:15.000 --> 00:49:18.000]  我們那時候經常離婚
[00:49:18.000 --> 00:49:20.000]  很容易不見就散
[00:49:20.000 --> 00:49:24.000]  我們今天連基督徒都是
[00:49:24.000 --> 00:49:26.000]  我們就會找得很清楚
[00:49:26.000 --> 00:49:28.000]  哪些是相對的
[00:49:28.000 --> 00:49:29.000]  文化不同的
[00:49:29.000 --> 00:49:33.000]  哪些是我們歷世歷代文化
[00:49:33.000 --> 00:49:36.000]  都需要持守的核心價值
[00:49:36.000 --> 00:49:39.000]  我們社會對婚姻的看法是不同的
[00:49:39.000 --> 00:49:43.000]  一百年前是三妻四處的
[00:49:43.000 --> 00:49:45.000]  什麼叫婚姻
[00:49:45.000 --> 00:49:47.000]  婚姻就是一夫多妻
[00:49:47.000 --> 00:49:49.000]  越多妻就越有錢
[00:49:49.000 --> 00:49:51.000]  是一種榮譽
[00:49:51.000 --> 00:49:53.000]  今天我們看婚姻
[00:49:53.000 --> 00:49:57.000]  就是越多元性別就越好
[00:49:57.000 --> 00:49:59.000]  這個社會越開放
[00:49:59.000 --> 00:50:01.000]  越健康
[00:50:01.000 --> 00:50:03.000]  你喜歡男喜歡女
[00:50:03.000 --> 00:50:06.000]  喜歡一個喜歡男的女
[00:50:06.000 --> 00:50:08.000]  喜歡一個喜歡女的男
[00:50:08.000 --> 00:50:12.000]  你能夠接受到就越開放
[00:50:12.000 --> 00:50:15.000]  這個就是我們對婚姻今天的看法
[00:50:15.000 --> 00:50:17.000]  但由始至終
[00:50:17.000 --> 00:50:19.000]  由一百年前到現在
[00:50:19.000 --> 00:50:23.000]  基督徒對婚姻都是一種看法
[00:50:23.000 --> 00:50:26.000]  就是一男一女
[00:50:26.000 --> 00:50:29.000]  Biological female biological male
[00:50:29.000 --> 00:50:31.000]  然後就是一夫一妻
[00:50:31.000 --> 00:50:33.000]  一生一世
[00:50:33.000 --> 00:50:37.000]  這件事怎樣不斷地去
[00:50:37.000 --> 00:50:39.000]  除了說那樣不好之外
[00:50:39.000 --> 00:50:41.000]  但其實他不斷地在說
[00:50:41.000 --> 00:50:43.000]  怎樣在這個社會裏面
[00:50:43.000 --> 00:50:48.000]  去見證上帝設立一夫一妻的愛
[00:50:48.000 --> 00:50:54.000]  這個就是聖經的教導的重點
[00:50:54.000 --> 00:50:58.000]  下半段我就進入肥牙比書示範一下
[00:50:58.000 --> 00:51:00.000]  請大家記得這些方法
[00:51:00.000 --> 00:51:02.000]  然後我們就去看肥牙比書
[00:51:02.000 --> 00:51:06.000]  我現在將時間交給廖會長
[00:51:06.000 --> 00:51:16.000]  好,現在我們有一個心奉獻的時間
[00:51:16.000 --> 00:51:20.000]  我們一起為這個奉獻先感恩禱告
[00:51:20.000 --> 00:51:24.000]  感謝你給我們上半場很精彩
[00:51:24.000 --> 00:51:26.000]  很豐富的分享
[00:51:26.000 --> 00:51:29.000]  一個很全面性的去了解
[00:51:29.000 --> 00:51:32.000]  幫助我們更深的明白你們的懷疑
[00:51:32.000 --> 00:51:37.000]  主要我們感謝你給我們個人的恩典
[00:51:37.000 --> 00:51:39.000]  求天父你幫助我們
[00:51:39.000 --> 00:51:40.000]  在現在奉獻的時候
[00:51:40.000 --> 00:51:42.000]  我們按著你給我們的恩典來回應
[00:51:42.000 --> 00:51:45.000]  讓你的事公可以繼續來推展
[00:51:45.000 --> 00:51:46.000]  我們仰望你
[00:51:46.000 --> 00:51:48.000]  祈禱奉耶穌基督的聖名
[00:51:48.000 --> 00:51:49.000]  阿門
[00:51:49.000 --> 00:51:51.000]  好,我在這裏也趁這個時候
[00:51:51.000 --> 00:51:54.000]  簡單介紹幾本書
[00:51:54.000 --> 00:51:57.000]  第一本書是我們這本《環球聖經》的一本
[00:51:57.000 --> 00:51:58.000]  不過裏面是
[00:51:58.000 --> 00:52:00.000]  我們有些時候稱它為
[00:52:00.000 --> 00:52:02.000]  《心靈關懷聖經》
[00:52:02.000 --> 00:52:04.000]  這本書有兩百萬字
[00:52:04.000 --> 00:52:09.000]  裏面有我們自己的很多很多問題
[00:52:09.000 --> 00:52:12.000]  心理問題、情緒問題、成長問題
[00:52:12.000 --> 00:52:17.000]  我們和人之間的人際關係各種各種的問題
[00:52:17.000 --> 00:52:21.000]  以及我們和天父上帝的關係的問題
[00:52:21.000 --> 00:52:23.000]  一共有116個課題
[00:52:23.000 --> 00:52:25.000]  非常精彩豐富
[00:52:25.000 --> 00:52:31.000]  裏面有很多的內容散落在這本《聖經》不同的角落
[00:52:31.000 --> 00:52:34.000]  但在最後的index裏面就整合了出來
[00:52:34.000 --> 00:52:38.000]  每一個課題都有足夠的材料
[00:52:38.000 --> 00:52:41.000]  讓我們有一次很精彩的聚會
[00:52:41.000 --> 00:52:45.000]  這個大家可以等一下在後面看看
[00:52:45.000 --> 00:52:47.000]  另外我介紹
[00:52:47.000 --> 00:52:52.000]  最近也有很多人說spiritual direction
[00:52:52.000 --> 00:52:56.000]  屬靈指導或靈命指導等等
[00:52:56.000 --> 00:52:59.000]  我認為很少人知道
[00:52:59.000 --> 00:53:01.000]  Eugene Peterson和他的兒子
[00:53:01.000 --> 00:53:03.000]  每人寫了一本書
[00:53:03.000 --> 00:53:05.000]  這個是Eugene Peterson寫給他的兒子的
[00:53:05.000 --> 00:53:08.000]  他的兒子靈性低潮的時候
[00:53:08.000 --> 00:53:11.000]  Eugene Peterson找爸爸寫信給他
[00:53:11.000 --> 00:53:12.000]  當他靈性解決了
[00:53:12.000 --> 00:53:15.000]  他就寫信給他的弟兄姊妹
[00:53:15.000 --> 00:53:18.000]  但他爸爸幫他寫了十多年
[00:53:18.000 --> 00:53:21.000]  寫到差不多是回天家之前
[00:53:21.000 --> 00:53:25.000]  他抽了很多內容出了這本書
[00:53:25.000 --> 00:53:27.000]  這本是他自己寫給弟兄姊妹
[00:53:27.000 --> 00:53:28.000]  這兩本書
[00:53:28.000 --> 00:53:31.000]  第一本書叫做父子的對話
[00:53:31.000 --> 00:53:32.000]  第二本書其實就是
[00:53:32.000 --> 00:53:35.000]  目者和弟兄姊妹的對話
[00:53:35.000 --> 00:53:39.000]  這兩本是非常好的spiritual direction的示範
[00:53:39.000 --> 00:53:41.000]  如果你知道Eugene Peterson
[00:53:41.000 --> 00:53:45.000]  你就會知道他是這方面的大師
[00:53:45.000 --> 00:53:48.000]  另外還有一本書
[00:53:48.000 --> 00:53:51.000]  巴赫的J.I.Pekka的傳記
[00:53:51.000 --> 00:53:52.000]  非常之好
[00:53:52.000 --> 00:53:56.000]  我們天道書樓也在推動這本的讀書會
[00:53:56.000 --> 00:53:59.000]  不過你可能參加不了
[00:53:59.000 --> 00:54:03.000]  但這本書是非常清晰
[00:54:03.000 --> 00:54:06.000]  詳盡的講解J.I.Pekka
[00:54:06.000 --> 00:54:08.000]  他作為一個上家
[00:54:08.000 --> 00:54:10.000]  作為一個方士者
[00:54:10.000 --> 00:54:13.000]  也都是作為神話語的一個守護者
[00:54:13.000 --> 00:54:14.000]  最後介紹
[00:54:14.000 --> 00:54:17.000]  我們應該是第三場的講者
[00:54:17.000 --> 00:54:18.000]  是不是
[00:54:18.000 --> 00:54:21.000]  梁青是博士
[00:54:21.000 --> 00:54:23.000]  他的書《自由與自限》
[00:54:23.000 --> 00:54:24.000]  從社會修辭學
[00:54:24.000 --> 00:54:29.000]  是從讀光陰多傳書九到十四章
[00:54:29.000 --> 00:54:30.000]  他的老師在這裡
[00:54:30.000 --> 00:54:31.000]  今晚先講了
[00:54:31.000 --> 00:54:35.000]  今天我就很簡單地介紹給大家看
[00:54:35.000 --> 00:54:36.000]  後面的書攤
[00:54:36.000 --> 00:54:38.000]  我們休息到四十分鐘
[00:54:38.000 --> 00:54:40.000]  回來我們再下半場
[00:54:40.000 --> 00:54:47.000]  大家留意筆記
[00:54:47.000 --> 00:54:51.000]  我先看第七
[00:54:51.000 --> 00:54:53.000]  肥牙比書第一章
[00:54:53.000 --> 00:55:06.000]  肥牙比書大家很熟悉
[00:55:06.000 --> 00:55:09.000]  如果從背景我們可以看到
[00:55:09.000 --> 00:55:12.000]  請大家留意字眼
[00:55:12.000 --> 00:55:17.000]  第一章第五節
[00:55:17.000 --> 00:55:19.000]  你們從第一天直到現在
[00:55:19.000 --> 00:55:24.000]  都是我在福音上的夥伴
[00:55:24.000 --> 00:55:26.000]  我筆記中引用了希涅曼
[00:55:26.000 --> 00:55:32.000]  那個是說到現在是並肩作戰的人
[00:55:32.000 --> 00:55:34.000]  所謂夥伴是什麼意思呢
[00:55:34.000 --> 00:55:35.000]  有些人是團契
[00:55:35.000 --> 00:55:37.000]  或者是團友
[00:55:37.000 --> 00:55:39.000]  或者是拍檔做生意
[00:55:39.000 --> 00:55:41.000]  這個是經常出現的
[00:55:41.000 --> 00:55:43.000]  然後到第七節
[00:55:43.000 --> 00:55:46.000]  我應該這樣關心你們大家
[00:55:46.000 --> 00:55:49.000]  因為你們常常在我心裡
[00:55:49.000 --> 00:55:53.000]  無論是在菌所還是在變名福音的時候
[00:55:53.000 --> 00:55:57.000]  你們所有人都與我
[00:55:57.000 --> 00:55:59.000]  都與我什麼
[00:55:59.000 --> 00:56:08.000]  都是與我同蒙恩典的夥伴
[00:56:08.000 --> 00:56:10.000]  Synchronous
[00:56:10.000 --> 00:56:15.000]  又說到保羅是讚賞肥牙比教會
[00:56:15.000 --> 00:56:17.000]  與他好像並肩作戰
[00:56:17.000 --> 00:56:19.000]  並肩作戰
[00:56:19.000 --> 00:56:25.000]  這個其實是這裡常常出現的字眼
[00:56:25.000 --> 00:56:33.000]  在後面的最後那裡
[00:56:33.000 --> 00:56:35.000]  第四章
[00:56:35.000 --> 00:56:39.000]  剛才說的那句
[00:56:39.000 --> 00:56:48.000]  我知道怎樣處悲戰
[00:56:48.000 --> 00:56:50.000]  也知道怎樣處富
[00:56:50.000 --> 00:56:52.000]  不管在什麼情況下
[00:56:52.000 --> 00:56:55.000]  或飽足或飢餓或富裕或缺乏
[00:56:55.000 --> 00:56:58.000]  我都已經得到知足的秘訣
[00:56:58.000 --> 00:57:02.000]  然後我靠著次級我能力的那一位
[00:57:02.000 --> 00:57:04.000]  一切都能夠應付
[00:57:04.000 --> 00:57:07.000]  然而你們跟我患難與共
[00:57:07.000 --> 00:57:09.000]  實在很好
[00:57:09.000 --> 00:57:13.000]  用剛才修辭分析的理解
[00:57:13.000 --> 00:57:23.000]  我看看剛才說的重點在哪裡
[00:57:23.000 --> 00:57:25.000]  我剛剛讀了四章
[00:57:25.000 --> 00:57:30.000]  十三到十四節
[00:57:30.000 --> 00:57:31.000]  就這樣看吧
[00:57:31.000 --> 00:57:39.000]  十三到十四節
[00:57:39.000 --> 00:57:42.000]  然而你們跟我患難與共
[00:57:42.000 --> 00:57:44.000]  實在很好
[00:57:44.000 --> 00:57:50.000]  重點在哪裡
[00:57:50.000 --> 00:57:54.000]  這裡說的是我保羅的經歷
[00:57:54.000 --> 00:58:04.000]  但是能夠你跟我患難與共
[00:58:04.000 --> 00:58:06.000]  實在是很好的
[00:58:06.000 --> 00:58:12.000]  如果你想想今天我一個人去宣教
[00:58:12.000 --> 00:58:15.000]  我相信神一直保守我有功益
[00:58:15.000 --> 00:58:18.000]  只不過有你跟我一起
[00:58:18.000 --> 00:58:20.000]  不斷為我祈禱支援我
[00:58:20.000 --> 00:58:22.000]  實在是很好
[00:58:22.000 --> 00:58:26.000]  重點在然而之後
[00:58:26.000 --> 00:58:30.000]  沒有了你們
[00:58:30.000 --> 00:58:34.000]  你看看你留意十五節之後
[00:58:34.000 --> 00:58:37.000]  肥勒比人說什麼
[00:58:37.000 --> 00:58:41.000]  我去傳福音的時候
[00:58:41.000 --> 00:58:44.000]  你好幫助我
[00:58:44.000 --> 00:58:51.000]  常常都將一些東西帶來給我
[00:58:51.000 --> 00:58:54.000]  他不斷讚賞肥勒比人
[00:58:54.000 --> 00:58:58.000]  不斷與他一致
[00:58:58.000 --> 00:59:01.000]  傳福音一直在後面支持他
[00:59:01.000 --> 00:59:06.000]  所以這裡又是說夥伴關係
[00:59:06.000 --> 00:59:08.000]  他不是說你跟我可以了
[00:59:08.000 --> 00:59:10.000]  你給不給我無所謂
[00:59:10.000 --> 00:59:11.000]  我自己這麼大個人
[00:59:11.000 --> 00:59:12.000]  我自己會處理的
[00:59:12.000 --> 00:59:14.000]  他不是說這件事
[00:59:14.000 --> 00:59:16.000]  他說我靠主是可以的
[00:59:16.000 --> 00:59:19.000]  不過難得有你們跟我患難與共
[00:59:19.000 --> 00:59:23.000]  這裡就是在說拍檔的關係
[00:59:23.000 --> 00:59:26.000]  在第二章尾
[00:59:26.000 --> 00:59:28.000]  第十五節
[00:59:28.000 --> 00:59:31.000]  他稱呼伊巴忽提是我的弟兄
[00:59:31.000 --> 00:59:42.000]  同工和戰友
[00:59:42.000 --> 00:59:44.000]  在第四章
[00:59:44.000 --> 00:59:50.000]  他稱讚尤雅蝶和新濤基
[00:59:50.000 --> 00:59:53.000]  是主女有同樣的意念
[00:59:53.000 --> 00:59:57.000]  然後他說他們
[00:59:57.000 --> 01:00:00.000]  我求你幫助他們
[01:00:00.000 --> 01:00:05.000]  因為他們曾與我隔離免禍其愈的同工
[01:00:05.000 --> 01:00:11.000]  在福音上稱呼他們和我是一同牢苦
[01:00:11.000 --> 01:00:12.000]  不是北極
[01:00:12.000 --> 01:00:14.000]  請你看聖經
[01:00:14.000 --> 01:00:20.000]  第四章是與我一同牢苦
[01:00:20.000 --> 01:00:23.000]  這種一同並肩作戰
[01:00:23.000 --> 01:00:26.000]  或者一同齊上齊下
[01:00:26.000 --> 01:00:28.000]  在菲律賓書中很多時候
[01:00:28.000 --> 01:00:31.000]  保羅常常提到
[01:00:31.000 --> 01:00:33.000]  很多時候讚賞他們
[01:00:33.000 --> 01:00:36.000]  為什麼保羅會提到這麼多呢
[01:00:36.000 --> 01:00:45.000]  我們回顧原來與菲律賓城的社會文化有關
[01:00:45.000 --> 01:00:47.000]  這方面我只能夠長話短說
[01:00:47.000 --> 01:00:51.000]  因為做了很多的濟社會歷史研究
[01:00:51.000 --> 01:00:55.000]  我們現在才發覺菲律賓城其實是一個
[01:00:55.000 --> 01:00:57.000]  第一是一個殖民地
[01:00:57.000 --> 01:01:06.000]  在羅馬帝國歷史上佔了一個頗為關鍵的角色
[01:01:06.000 --> 01:01:09.000]  大家記不記得羅馬帝國只發生過一次內戰
[01:01:09.000 --> 01:01:11.000]  是哪一次
[01:01:11.000 --> 01:01:13.000]  有沒有印象
[01:01:13.000 --> 01:01:16.000]  海撒大帝
[01:01:16.000 --> 01:01:18.000]  即是朱利亞斯撒
[01:01:18.000 --> 01:01:20.000]  因為他的聲譽太強
[01:01:20.000 --> 01:01:22.000]  結果被人殺死
[01:01:22.000 --> 01:01:25.000]  第二班人就成為皇帝
[01:01:25.000 --> 01:01:27.000]  元老院共同執政
[01:01:27.000 --> 01:01:31.000]  於是奧古斯都就興兵去討伐他們
[01:01:31.000 --> 01:01:33.000]  那次是唯一一次內戰
[01:01:33.000 --> 01:01:37.000]  奧古斯都說你們斬殺了明軍
[01:01:37.000 --> 01:01:41.000]  但那班人就說這是背叛羅馬帝國的
[01:01:41.000 --> 01:01:43.000]  就是這樣政治鬥爭
[01:01:43.000 --> 01:01:47.000]  那場內戰初頭勢均力敵
[01:01:47.000 --> 01:01:52.000]  但關鍵是在菲律賓城打了一場關
[01:01:52.000 --> 01:01:54.000]  那次的戰役
[01:01:54.000 --> 01:01:56.000]  就分出分水嶺
[01:01:56.000 --> 01:02:01.000]  就是奧古斯都在菲律賓城
[01:02:01.000 --> 01:02:03.000]  即不是在城裏
[01:02:03.000 --> 01:02:09.000]  是在城外的郊外地方打了一場很關鍵的戰役
[01:02:09.000 --> 01:02:12.000]  那次就扭轉了局面
[01:02:12.000 --> 01:02:14.000]  然後就贏了下去
[01:02:14.000 --> 01:02:16.000]  就得勝了
[01:02:16.000 --> 01:02:19.000]  所以當奧古斯都做了皇帝之後
[01:02:19.000 --> 01:02:25.000]  他就立即建設菲律賓做他的殖民地
[01:02:25.000 --> 01:02:27.000]  羅馬城的殖民地
[01:02:27.000 --> 01:02:32.000]  我們看回很多的文獻
[01:02:32.000 --> 01:02:33.000]  其中一樣東西
[01:02:33.000 --> 01:02:34.000]  亦都反過來
[01:02:34.000 --> 01:02:38.000]  這個城對奧古斯都是非常推崇的
[01:02:38.000 --> 01:02:41.000]  奧古斯都在公元前27年
[01:02:41.000 --> 01:02:44.000]  他一登基公元前27年
[01:02:44.000 --> 01:02:46.000]  就建立了菲律賓城
[01:02:46.000 --> 01:02:50.000]  然後由27年到公元後14年
[01:02:50.000 --> 01:02:56.000]  這40年之間
[01:02:56.000 --> 01:02:59.000]  公元前27年到公元後14年
[01:02:59.000 --> 01:03:00.000]  加起來41年左右
[01:03:00.000 --> 01:03:02.000]  40年之間
[01:03:02.000 --> 01:03:05.000]  就是羅馬人的太平盛世
[01:03:05.000 --> 01:03:08.000]  那時是一年生活好的一年
[01:03:08.000 --> 01:03:10.000]  沒有仗打
[01:03:10.000 --> 01:03:14.000]  我們看到菲律賓城和其他城
[01:03:14.000 --> 01:03:16.000]  每個城都有些硬幣
[01:03:16.000 --> 01:03:18.000]  有些錢幣
[01:03:18.000 --> 01:03:20.000]  很多其他城的錢幣
[01:03:20.000 --> 01:03:23.000]  是用神廟的
[01:03:23.000 --> 01:03:25.000]  就是那個地方的神廟
[01:03:25.000 --> 01:03:30.000]  菲律賓城最多是用皇帝的頭像
[01:03:30.000 --> 01:03:33.000]  因為奧古斯都是繼任人的頭像
[01:03:33.000 --> 01:03:38.000]  最多用皇帝的頭像去做他們的錢幣
[01:03:38.000 --> 01:03:42.000]  但是找到很多的一些的卑民
[01:03:42.000 --> 01:03:45.000]  和當時住的人
[01:03:45.000 --> 01:03:50.000]  馬上就有很多的軍人
[01:03:50.000 --> 01:03:52.000]  很多軍人住在那裡
[01:03:52.000 --> 01:03:54.000]  但後來就比較少
[01:03:54.000 --> 01:03:57.000]  退伍軍人到保羅時代比較少
[01:03:57.000 --> 01:03:59.000]  但都是軍人的後代
[01:03:59.000 --> 01:04:02.000]  你叫公元前27年就有軍人
[01:04:02.000 --> 01:04:05.000]  如果找到很多商會的會員
[01:04:05.000 --> 01:04:08.000]  因為在那裡有很多的association
[01:04:08.000 --> 01:04:14.000]  即是我們叫做自由組織的商會的卑民
[01:04:14.000 --> 01:04:15.000]  舉個例子
[01:04:15.000 --> 01:04:18.000]  找到一個叫做Donkey Driver的
[01:04:18.000 --> 01:04:21.000]  即是勞區的工會的卑民
[01:04:21.000 --> 01:04:24.000]  你知不知道這個做什麼生意的
[01:04:24.000 --> 01:04:29.000]  寫著Donkey Driver Association
[01:04:29.000 --> 01:04:31.000]  這個做什麼生意的
[01:04:34.000 --> 01:04:36.000]  不是Uber
[01:04:36.000 --> 01:04:38.000]  近了
[01:04:38.000 --> 01:04:40.000]  是做物流業的
[01:04:40.000 --> 01:04:43.000]  即是今天的物流業
[01:04:43.000 --> 01:04:46.000]  還有很多其他很多商會在那裡
[01:04:46.000 --> 01:04:50.000]  而那些商會其實都是軍人的後代搞的
[01:04:50.000 --> 01:04:53.000]  即是沒有打仗就搞生意了
[01:04:53.000 --> 01:04:55.000]  也有很多富裕的新移民
[01:04:55.000 --> 01:04:57.000]  當然也有原居民
[01:04:57.000 --> 01:05:02.000]  原居民菲勒比其實是馬其頓省的其中一個城
[01:05:02.000 --> 01:05:06.000]  馬其頓省其實就是古希臘帝國的版圖
[01:05:06.000 --> 01:05:12.000]  即是亞歷山大帝國的版圖就是馬其頓省
[01:05:12.000 --> 01:05:15.000]  所以原住民的文化是希臘文化
[01:05:15.000 --> 01:05:18.000]  不過是羅馬菲勒比
[01:05:18.000 --> 01:05:27.000]  那班人當然就著重商會和很愛國的
[01:05:27.000 --> 01:05:29.000]  可以這樣說
[01:05:29.000 --> 01:05:31.000]  這個可以這樣說是一個愛國城市
[01:05:31.000 --> 01:05:37.000]  我們看到他們寫贊頌皇帝的碑文和哥林多很不同
[01:05:37.000 --> 01:05:41.000]  哥林多、爾忽索到處都讚皇帝
[01:05:41.000 --> 01:05:44.000]  但那些是讚完皇帝之後有很多恩惠的
[01:05:44.000 --> 01:05:51.000]  因為皇帝幫我們搞好生意興隆、生意繁盛
[01:05:51.000 --> 01:05:54.000]  菲勒比的碑文是沒有恩惠的
[01:05:54.000 --> 01:05:57.000]  他純粹是讚頌這個皇帝很好
[01:05:57.000 --> 01:05:59.000]  他大任全國
[01:05:59.000 --> 01:06:05.000]  當然現在回看羅馬菲勒比的水利建設很好
[01:06:05.000 --> 01:06:12.000]  水利建設越好就反映了他和中央的關係很好
[01:06:12.000 --> 01:06:15.000]  這就是我們社會歷史研究的東西
[01:06:15.000 --> 01:06:16.000]  為什麼有關係呢
[01:06:16.000 --> 01:06:19.000]  因為水利是用金屬建的管
[01:06:19.000 --> 01:06:22.000]  不是塑膠
[01:06:22.000 --> 01:06:24.000]  那時候沒有塑膠
[01:06:24.000 --> 01:06:38.000]  金屬越多的地方就表示那裡的人絕對有可能掘了金屬用來做武器
[01:06:38.000 --> 01:06:43.000]  今天用坑渠蓋都可以掘出來用來做武器
[01:06:43.000 --> 01:06:45.000]  偷了或者用了
[01:06:45.000 --> 01:06:47.000]  如果金屬比那個地方多
[01:06:47.000 --> 01:06:56.000]  那裡有可能有金屬用來建盾牌、建刀來打你
[01:06:56.000 --> 01:07:01.000]  所以不是一般人擁有金屬的
[01:07:01.000 --> 01:07:03.000]  是羅馬皇帝
[01:07:03.000 --> 01:07:06.000]  如果羅馬政府給你建的那又怎樣
[01:07:06.000 --> 01:07:09.000]  就是講那樣東西
[01:07:09.000 --> 01:07:19.000]  他相信這裡的市民不會打爛它用來做武器
[01:07:19.000 --> 01:07:21.000]  像今天這樣
[01:07:21.000 --> 01:07:25.000]  現在很信得過我們不會再掘一些磚出來做武器
[01:07:25.000 --> 01:07:28.000]  如果是的話就封了磚頭
[01:07:28.000 --> 01:07:35.000]  所以水利好是反映了中央和這個地方的信仰關係
[01:07:35.000 --> 01:07:37.000]  菲勒比多不多這些都很好
[01:07:37.000 --> 01:07:39.000]  耶路撒冷就不好
[01:07:39.000 --> 01:07:41.000]  水利其實很差
[01:07:41.000 --> 01:07:43.000]  沒有什麼金屬的耶路撒冷
[01:07:43.000 --> 01:07:47.000]  因為羅馬人很清楚猶太人想怎樣
[01:07:47.000 --> 01:07:50.000]  所以盡量不給金屬他們
[01:07:50.000 --> 01:07:52.000]  馬都不能追
[01:07:52.000 --> 01:07:54.000]  所以講回菲勒比
[01:07:54.000 --> 01:07:58.000]  愛國軍人有一個不好處
[01:07:58.000 --> 01:08:00.000]  愛國軍人不是只打仗
[01:08:00.000 --> 01:08:02.000]  尤其是紀律部隊
[01:08:02.000 --> 01:08:04.000]  以公民的身份為榮
[01:08:04.000 --> 01:08:09.000]  但是以犯法坐牢為恥
[01:08:09.000 --> 01:08:19.000]  或者好像軍隊一樣
[01:08:19.000 --> 01:08:21.000]  我給你任務
[01:08:21.000 --> 01:08:23.000]  你最重要是完成任務
[01:08:23.000 --> 01:08:25.000]  mission impossible
[01:08:25.000 --> 01:08:28.000]  完成不到又是羞恥
[01:08:28.000 --> 01:08:33.000]  所以軍人的榮譽觀就是看我有沒有為國做出貢獻
[01:08:33.000 --> 01:08:35.000]  羞恥就是我有沒有犯法
[01:08:35.000 --> 01:08:37.000]  破壞了社會紀律
[01:08:37.000 --> 01:08:42.000]  我有沒有給我的使命我能不能夠完成
[01:08:42.000 --> 01:08:44.000]  所以軍人
[01:08:44.000 --> 01:08:47.000]  記住軍人的價值觀就不等於他是軍人
[01:08:47.000 --> 01:08:49.000]  明白嗎
[01:08:49.000 --> 01:08:51.000]  只不過他認同這個價值觀
[01:08:51.000 --> 01:08:53.000]  這個世界觀
[01:08:53.000 --> 01:08:55.000]  就是說著重紀律
[01:08:55.000 --> 01:08:57.000]  著重守法
[01:08:57.000 --> 01:09:01.000]  著重給你的使命
[01:09:01.000 --> 01:09:04.000]  如果我們從這個社會角度去看
[01:09:04.000 --> 01:09:08.000]  比喻書有些解釋很有趣
[01:09:08.000 --> 01:09:12.000]  就不是純粹一般的熟齡的解釋
[01:09:12.000 --> 01:09:14.000]  我們看一章第三至八節
[01:09:14.000 --> 01:09:16.000]  我引了你們說那裡
[01:09:16.000 --> 01:09:21.000]  還有一至九節
[01:09:21.000 --> 01:09:24.000]  先說完還有其他一些背景
[01:09:24.000 --> 01:09:27.000]  我們再參考史寅選十六章
[01:09:27.000 --> 01:09:29.000]  這裡應該沒有什麼猶太人
[01:09:29.000 --> 01:09:30.000]  也沒有什麼猶太勢力
[01:09:30.000 --> 01:09:32.000]  所以日後如果解釋肥立比書
[01:09:32.000 --> 01:09:34.000]  你說那裡是猶太人的影響
[01:09:34.000 --> 01:09:36.000]  或者全國禮的影響
[01:09:36.000 --> 01:09:38.000]  你要面對這個困難
[01:09:38.000 --> 01:09:40.000]  因為當時連會堂都沒有
[01:09:40.000 --> 01:09:42.000]  只有祈禱的地方
[01:09:42.000 --> 01:09:44.000]  有別於貼薩萊尼加
[01:09:44.000 --> 01:09:46.000]  貼薩萊尼加是有
[01:09:46.000 --> 01:09:48.000]  說明是有猶太會堂
[01:09:48.000 --> 01:09:51.000]  去慫恿人們去對付保羅
[01:09:51.000 --> 01:09:55.000]  但是肥立比城在史寅選十六章是沒有的
[01:09:55.000 --> 01:09:57.000]  信親的就有女底亞
[01:09:57.000 --> 01:09:58.000]  就是沒有
[01:09:58.000 --> 01:09:59.000]  就是祈禱的地方
[01:09:59.000 --> 01:10:01.000]  祈禱的地方就像是哥利樓那些
[01:10:01.000 --> 01:10:02.000]  有些外邦人
[01:10:02.000 --> 01:10:04.000]  他想信一神
[01:10:04.000 --> 01:10:06.000]  但是其實沒有人教他
[01:10:06.000 --> 01:10:07.000]  那個一神是什麼
[01:10:07.000 --> 01:10:09.000]  於是就找個地方向一神禱告
[01:10:09.000 --> 01:10:13.000]  所以那裡就說沒有什麼猶太人
[01:10:13.000 --> 01:10:14.000]  沒有會堂
[01:10:14.000 --> 01:10:17.000]  猶太人沒有什麼影響在肥立比城
[01:10:17.000 --> 01:10:19.000]  而信主的有
[01:10:19.000 --> 01:10:20.000]  初期的時候
[01:10:20.000 --> 01:10:22.000]  有些有錢的女底亞
[01:10:22.000 --> 01:10:25.000]  大家怎麼知道女底亞有錢呢
[01:10:25.000 --> 01:10:30.000]  賣紫色布代表什麼
[01:10:30.000 --> 01:10:35.000]  代表貴重的物料
[01:10:35.000 --> 01:10:37.000]  就是賣得貴的
[01:10:37.000 --> 01:10:39.000]  不是賣一般布
[01:10:39.000 --> 01:10:42.000]  今天是賣pure cotton
[01:10:42.000 --> 01:10:45.000]  賣不知道什麼名牌那些
[01:10:45.000 --> 01:10:46.000]  不是賣一般的布
[01:10:46.000 --> 01:10:47.000]  所以她有錢的
[01:10:47.000 --> 01:10:49.000]  但是也有應該那個
[01:10:49.000 --> 01:10:51.000]  那個被鬼附的女奴
[01:10:51.000 --> 01:10:52.000]  記不記得
[01:10:52.000 --> 01:10:55.000]  保羅幫她講鬼
[01:10:55.000 --> 01:10:56.000]  她坐牢的
[01:10:56.000 --> 01:10:58.000]  我推斷
[01:10:58.000 --> 01:11:03.000]  她之後應該都信了耶穌
[01:11:03.000 --> 01:11:06.000]  但最明顯的就是玉卒
[01:11:06.000 --> 01:11:09.000]  那裡說過一個玉卒一家信主
[01:11:09.000 --> 01:11:11.000]  他是羅馬公民
[01:11:11.000 --> 01:11:12.000]  他未必有錢
[01:11:12.000 --> 01:11:13.000]  但他是羅馬公民
[01:11:13.000 --> 01:11:15.000]  因為做不到玉卒
[01:11:15.000 --> 01:11:17.000]  換言之有錢的女商人
[01:11:17.000 --> 01:11:18.000]  有羅馬公民
[01:11:18.000 --> 01:11:20.000]  是信了耶穌的
[01:11:20.000 --> 01:11:21.000]  在比利時教會
[01:11:21.000 --> 01:11:24.000]  這個是我們了解的背景
[01:11:24.000 --> 01:11:26.000]  進行手法分析
[01:11:26.000 --> 01:11:28.000]  接著我們就要想
[01:11:28.000 --> 01:11:29.000]  我們怎麼用SRI
[01:11:29.000 --> 01:11:32.000]  試試用SRI去解釋整段經文
[01:11:32.000 --> 01:11:36.000]  試試有沒有一些訊息可以幫到我們
[01:11:36.000 --> 01:11:38.000]  SRI就是剛才所講的
[01:11:38.000 --> 01:11:40.000]  Social Rhetorical Interpretation
[01:11:40.000 --> 01:11:41.000]  我再重申
[01:11:41.000 --> 01:11:42.000]  我的定義
[01:11:42.000 --> 01:11:45.000]  可能和下兩個老師的定義有些不同
[01:11:45.000 --> 01:11:46.000]  不是
[01:11:46.000 --> 01:11:47.000]  和下一個老師有些不同
[01:11:47.000 --> 01:11:49.000]  和第三個老師應該是一樣
[01:11:49.000 --> 01:11:52.000]  第三個老師和我的進路應該是一樣
[01:11:52.000 --> 01:11:56.000]  不過同一個進路解釋可以不同
[01:11:56.000 --> 01:11:59.000]  我再推薦有另外一位叫黃朱倫
[01:11:59.000 --> 01:12:00.000]  華人來講
[01:12:00.000 --> 01:12:01.000]  黃朱倫
[01:12:01.000 --> 01:12:03.000]  他就用那時候的有福的
[01:12:03.000 --> 01:12:04.000]  社會的處境
[01:12:04.000 --> 01:12:05.000]  Friendship去解釋
[01:12:05.000 --> 01:12:07.000]  在比利時同學是同一個進路
[01:12:07.000 --> 01:12:08.000]  又不同
[01:12:08.000 --> 01:12:10.000]  他著重Friendship
[01:12:10.000 --> 01:12:11.000]  但我現在找到
[01:12:11.000 --> 01:12:13.000]  友誼關係
[01:12:13.000 --> 01:12:14.000]  他看夥伴就是友誼
[01:12:14.000 --> 01:12:16.000]  但我看這個一招
[01:12:16.000 --> 01:12:23.000]  說到夥伴似乎是和軍人的夥伴的意思相關
[01:12:23.000 --> 01:12:24.000]  三字八字
[01:12:24.000 --> 01:12:25.000]  為什麼呢
[01:12:25.000 --> 01:12:26.000]  我說為什麼呢
[01:12:26.000 --> 01:12:27.000]  因為他講到
[01:12:27.000 --> 01:12:30.000]  你看北極一七點
[01:12:30.000 --> 01:12:33.000]  因為他講到當中開始了很多美好的工作
[01:12:33.000 --> 01:12:36.000]  就會繼續這個工作
[01:12:36.000 --> 01:12:38.000]  這個是環球性經驗本
[01:12:38.000 --> 01:12:41.000]  作成他的功是指美好的工作
[01:12:41.000 --> 01:12:44.000]  是在講一個Task
[01:12:44.000 --> 01:12:46.000]  就是有一個使命
[01:12:46.000 --> 01:12:48.000]  那個工作是指使命
[01:12:48.000 --> 01:12:50.000]  不是指勞碌賺錢的東西
[01:12:50.000 --> 01:12:54.000]  而是神已經在我當中開始了美好的使命
[01:12:54.000 --> 01:12:56.000]  而這個使命工作會繼續下去
[01:12:56.000 --> 01:12:58.000]  直到耶穌基督的日子
[01:12:58.000 --> 01:13:00.000]  就將這個使命完成
[01:13:00.000 --> 01:13:06.000]  這個講述是很軍人的
[01:13:06.000 --> 01:13:13.000]  或者至少是一班有同樣使命的人聚集一起講的東西
[01:13:13.000 --> 01:13:14.000]  明白嗎
[01:13:14.000 --> 01:13:16.000]  而是
[01:13:16.000 --> 01:13:20.000]  他補充下去
[01:13:20.000 --> 01:13:23.000]  我所禱告的是要叫你們的愛
[01:13:23.000 --> 01:13:26.000]  在知識和個人見識上越來越多
[01:13:26.000 --> 01:13:28.000]  第十節是重點
[01:13:28.000 --> 01:13:30.000]  因為我喜歡說使
[01:13:30.000 --> 01:13:32.000]  這個就是原文的Purpose Clause
[01:13:32.000 --> 01:13:33.000]  Add To
[01:13:33.000 --> 01:13:34.000]  好叫
[01:13:34.000 --> 01:13:38.000]  使你們可以分辨什麼是美好的事
[01:13:38.000 --> 01:13:43.000]  那個美好的事
[01:13:43.000 --> 01:13:45.000]  有很多翻譯
[01:13:45.000 --> 01:13:47.000]  我會認同很多翻譯
[01:13:47.000 --> 01:13:49.000]  Approve what is the most excellent
[01:13:49.000 --> 01:13:53.000]  那個美好的事甚至是指最有價值的事
[01:13:53.000 --> 01:13:56.000]  使你能夠分辨什麼才是最有價值
[01:13:56.000 --> 01:13:57.000]  在基督
[01:13:57.000 --> 01:14:00.000]  然後原文是有個好叫的
[01:14:00.000 --> 01:14:04.000]  原文有個Purpose Clause叫好叫天下
[01:14:04.000 --> 01:14:09.000]  好叫在基督的日子成為神傑無可指責的人
[01:14:09.000 --> 01:14:13.000]  這個形容並且靠著耶穌基督見滿公義的果實
[01:14:13.000 --> 01:14:15.000]  讓神得到榮耀和讚美
[01:14:15.000 --> 01:14:20.000]  我只能從原讀者的軍人文化去看這句話
[01:14:20.000 --> 01:14:21.000]  保羅可能有很多意思
[01:14:21.000 --> 01:14:23.000]  但從原讀者的軍人文化去看這句話
[01:14:23.000 --> 01:14:25.000]  其實對我來說是很熟悉的
[01:14:25.000 --> 01:14:30.000]  因為是一個將軍去頒佈給一個軍隊
[01:14:30.000 --> 01:14:34.000]  你有一個很長的使命
[01:14:34.000 --> 01:14:37.000]  我祝福你完成使命的時候
[01:14:37.000 --> 01:14:39.000]  你要分輕重
[01:14:39.000 --> 01:14:43.000]  要分哪些是最重要的
[01:14:43.000 --> 01:14:45.000]  你要完成使命的話
[01:14:45.000 --> 01:14:47.000]  所以你需要有知識
[01:14:47.000 --> 01:14:48.000]  你需要有愛
[01:14:48.000 --> 01:14:54.000]  就是有愛慕去完成使命的那種愛的動力
[01:14:54.000 --> 01:14:57.000]  但最終是什麼呢
[01:14:57.000 --> 01:15:00.000]  你可以在元帥面前得到讚賞
[01:15:00.000 --> 01:15:05.000]  這裡說到基督日子成為神傑無可指責的人
[01:15:05.000 --> 01:15:10.000]  所以一開始
[01:15:10.000 --> 01:15:13.000]  保羅是挑戰他們
[01:15:13.000 --> 01:15:15.000]  或者可以這樣說
[01:15:15.000 --> 01:15:18.000]  他是在應用這個軍人的
[01:15:18.000 --> 01:15:25.000]  借用這個軍人的文化去告訴他們
[01:15:25.000 --> 01:15:28.000]  你要分辨什麼
[01:15:28.000 --> 01:15:32.000]  那個point是你作為基督徒軍人
[01:15:32.000 --> 01:15:33.000]  或者在基督徒軍人
[01:15:33.000 --> 01:15:36.000]  你要分辨什麼才是你最有價值的事
[01:15:36.000 --> 01:15:40.000]  你就可以在適當的時刻去放下次好的
[01:15:40.000 --> 01:15:43.000]  去選上最好的
[01:15:43.000 --> 01:15:49.000]  這是後面第一章後面那段
[01:15:49.000 --> 01:15:51.000]  中間我不說了
[01:15:51.000 --> 01:15:53.000]  中間就說他坐牢那裡
[01:15:53.000 --> 01:15:54.000]  我一會兒會說
[01:15:54.000 --> 01:15:56.000]  到最後又再借用的
[01:15:56.000 --> 01:15:59.000]  我既然這樣深信
[01:15:59.000 --> 01:16:01.000]  叫你們信心又長進又許諾
[01:16:01.000 --> 01:16:03.000]  於是由於我會再對你們
[01:16:03.000 --> 01:16:07.000]  你們就會因為我繼續和你們大家在一起
[01:16:07.000 --> 01:16:10.000]  而在基督耶穌裡更加自豪
[01:16:10.000 --> 01:16:15.000]  強調我盼望可以和你們同心
[01:16:15.000 --> 01:16:17.000]  我現在坐牢
[01:16:17.000 --> 01:16:19.000]  我可以繼續和你們一起
[01:16:19.000 --> 01:16:23.000]  這個盼望在SR的理解
[01:16:23.000 --> 01:16:27.000]  他不是只是白描去交代他將來的盼望
[01:16:27.000 --> 01:16:30.000]  而是鼓勵菲律賓教會
[01:16:30.000 --> 01:16:33.000]  要繼續和他有同一心思去完成
[01:16:33.000 --> 01:16:36.000]  神給我們的封音工作
[01:16:36.000 --> 01:16:38.000]  我們將會見面
[01:16:38.000 --> 01:16:40.000]  接著就到重要的事
[01:16:40.000 --> 01:16:47.000]  你們的公民生活直認
[01:16:47.000 --> 01:16:52.000]  這個公民就是三章二十節天國公民的字根
[01:16:52.000 --> 01:16:54.000]  這是動詞
[01:16:54.000 --> 01:16:58.000]  你們的生活要和基督的福音相配
[01:16:58.000 --> 01:17:01.000]  叫他們什麼
[01:17:01.000 --> 01:17:04.000]  你們要有同一個心智
[01:17:04.000 --> 01:17:09.000]  北記會詳細一點
[01:17:09.000 --> 01:17:11.000]  一章二十七字
[01:17:11.000 --> 01:17:16.000]  同一心智原文是One Spirit One Soul
[01:17:16.000 --> 01:17:19.000]  站立穩固同心為了封音的信仰
[01:17:19.000 --> 01:17:22.000]  然後跟著一起奮鬥
[01:17:22.000 --> 01:17:24.000]  在任何時候都不被敵人下制
[01:17:24.000 --> 01:17:26.000]  有敵人
[01:17:26.000 --> 01:17:28.000]  敵人嚇到
[01:17:28.000 --> 01:17:30.000]  證明他們的滅亡都是出於神
[01:17:30.000 --> 01:17:34.000]  因為你們蒙了恩典是為了基督受苦
[01:17:34.000 --> 01:17:36.000]  不只是信他
[01:17:36.000 --> 01:17:38.000]  也要為他受苦
[01:17:38.000 --> 01:17:44.000]  和我經歷同樣的真戰
[01:17:44.000 --> 01:17:47.000]  這真戰就是你們從前坐在我身上見過的
[01:17:47.000 --> 01:17:49.000]  現在受聽說的
[01:17:49.000 --> 01:17:51.000]  對於一個原讀者來看
[01:17:51.000 --> 01:17:53.000]  他看這句話
[01:17:53.000 --> 01:17:57.000]  他一想就想起一班軍人打仗的情況
[01:17:57.000 --> 01:18:00.000]  他用的真戰字眼是
[01:18:00.000 --> 01:18:05.000]  軍人當然想躲在後方做後備
[01:18:05.000 --> 01:18:08.000]  但保羅挑釁他們
[01:18:08.000 --> 01:18:10.000]  我怎樣打仗我怎樣受苦
[01:18:10.000 --> 01:18:13.000]  為了主打仗受苦
[01:18:13.000 --> 01:18:15.000]  請你了如了你要什麼
[01:18:15.000 --> 01:18:17.000]  你要跟我一起受苦
[01:18:17.000 --> 01:18:19.000]  你不要我出去打仗
[01:18:19.000 --> 01:18:22.000]  你就馬上做逃兵走到後面
[01:18:22.000 --> 01:18:25.000]  所以保羅是在借用軍人
[01:18:25.000 --> 01:18:27.000]  鼓勵他們要什麼
[01:18:27.000 --> 01:18:30.000]  齊上齊落
[01:18:30.000 --> 01:18:35.000]  我是為了主坐牢
[01:18:35.000 --> 01:18:39.000]  你不要覺得受這個羞辱不好
[01:18:39.000 --> 01:18:41.000]  你也是打同一場仗
[01:18:41.000 --> 01:18:43.000]  他在鼓勵他們要跟我一起
[01:18:43.000 --> 01:18:46.000]  一同奮鬥一同爭戰
[01:18:46.000 --> 01:18:50.000]  所以那個公民生活是在借用他們
[01:18:50.000 --> 01:18:58.000]  去公民或軍人的榮譽
[01:18:58.000 --> 01:19:00.000]  軍人最壞的是什麼
[01:19:00.000 --> 01:19:02.000]  做逃兵
[01:19:02.000 --> 01:19:06.000]  或者我旁邊的同志正在打仗
[01:19:06.000 --> 01:19:09.000]  我就走去閃他
[01:19:09.000 --> 01:19:11.000]  這是羞恥
[01:19:11.000 --> 01:19:12.000]  他正在打仗打到死
[01:19:12.000 --> 01:19:14.000]  我就躲起來
[01:19:14.000 --> 01:19:16.000]  保羅說你不要躲起來
[01:19:16.000 --> 01:19:19.000]  你要跟我一起去打仗
[01:19:19.000 --> 01:19:28.000]  所以保羅一直在借用原讀者的世界觀價值觀
[01:19:28.000 --> 01:19:30.000]  沒有反對過
[01:19:30.000 --> 01:19:33.000]  但告訴他這是打福音的
[01:19:33.000 --> 01:19:39.000]  最後就是我剛才說的
[01:19:39.000 --> 01:19:44.000]  然而你們跟我患難與共實在很好
[01:19:44.000 --> 01:19:46.000]  這個才是保羅想說的
[01:19:46.000 --> 01:19:49.000]  從羞恥分析來說
[01:19:49.000 --> 01:19:51.000]  我可以背今句
[01:19:51.000 --> 01:19:55.000]  我靠著那家給我們娘的凡事都能作
[01:19:55.000 --> 01:19:58.000]  但希望你聽完這堂課後
[01:19:58.000 --> 01:20:00.000]  請你背完14節
[01:20:00.000 --> 01:20:06.000]  然而有你們兄弟跟我一起患難與共
[01:20:06.000 --> 01:20:09.000]  才是很好的
[01:20:09.000 --> 01:20:11.000]  然後跟著說
[01:20:11.000 --> 01:20:15.000]  其實沒有其他教會幫過我
[01:20:15.000 --> 01:20:16.000]  除了你們之外
[01:20:16.000 --> 01:20:20.000]  沒有別的教會是作我的夥伴
[01:20:20.000 --> 01:20:23.000]  第15節
[01:20:23.000 --> 01:20:25.000]  他好像埋怨其他教會
[01:20:25.000 --> 01:20:27.000]  其實他是讚賞菲拉比亞
[01:20:27.000 --> 01:20:31.000]  你一直做我的夥伴
[01:20:31.000 --> 01:20:35.000]  你收了禮物我願意歸在你的帳上
[01:20:35.000 --> 01:20:38.000]  這也是說你能夠跟我同心就好了
[01:20:38.000 --> 01:20:41.000]  齊上齊落
[01:20:41.000 --> 01:20:44.000]  福音是需要有弟兄姊妹一起
[01:20:44.000 --> 01:20:47.000]  福音絕對不是孤軍作戰
[01:20:47.000 --> 01:20:55.000]  因為保羅是借用軍人的價值觀
[01:20:55.000 --> 01:20:59.000]  但另一方面
[01:20:59.000 --> 01:21:01.000]  我想說是有顛覆的
[01:21:01.000 --> 01:21:03.000]  或者抗衡的
[01:21:03.000 --> 01:21:07.000]  從中間那段說去看
[01:21:07.000 --> 01:21:08.000]  之前之後
[01:21:08.000 --> 01:21:10.000]  一張之前之後
[01:21:10.000 --> 01:21:12.000]  就是借用我們一同爭戰
[01:21:12.000 --> 01:21:14.000]  齊上齊落
[01:21:14.000 --> 01:21:16.000]  但要齊上齊落
[01:21:16.000 --> 01:21:18.000]  第一你要搞清楚
[01:21:18.000 --> 01:21:20.000]  我們作基督的軍人
[01:21:20.000 --> 01:21:22.000]  我們的榮譽觀是甚麼
[01:21:22.000 --> 01:21:24.000]  我們看回第12節
[01:21:24.000 --> 01:21:25.000]  弟兄們
[01:21:25.000 --> 01:21:26.000]  我希望你們知道
[01:21:26.000 --> 01:21:28.000]  我的情況
[01:21:28.000 --> 01:21:32.000]  其實使福音更加興旺
[01:21:32.000 --> 01:21:35.000]  為甚麼用其實呢
[01:21:35.000 --> 01:21:48.000]  因為保羅假設
[01:21:48.000 --> 01:21:51.000]  他們看他坐牢
[01:21:51.000 --> 01:21:53.000]  好像沒甚麼價值
[01:21:53.000 --> 01:21:56.000]  而保羅要澄清給他們看
[01:21:56.000 --> 01:22:01.000]  我坐牢其實是使福音更加興旺
[01:22:01.000 --> 01:22:03.000]  而且用他們的
[01:22:03.000 --> 01:22:07.000]  整個宮女的衛隊
[01:22:07.000 --> 01:22:11.000]  用羅馬兵丁
[01:22:11.000 --> 01:22:14.000]  即是羅馬的肉兵
[01:22:14.000 --> 01:22:15.000]  你不要誤會
[01:22:15.000 --> 01:22:18.000]  這裡不是在菲律賓坐牢
[01:22:18.000 --> 01:22:22.000]  這裡也沒甚麼可能在羅馬城這麼後
[01:22:22.000 --> 01:22:25.000]  其實保羅坐牢不止兩次
[01:22:25.000 --> 01:22:27.000]  《小人傳》只記載兩次
[01:22:27.000 --> 01:22:29.000]  第一次在菲律賓
[01:22:29.000 --> 01:22:31.000]  第二天一次在羅馬城
[01:22:31.000 --> 01:22:32.000]  其實是有好幾年
[01:22:32.000 --> 01:22:34.000]  但是保羅坐牢
[01:22:34.000 --> 01:22:36.000]  在《廣播唔得口書》說過
[01:22:36.000 --> 01:22:37.000]  坐過很多次
[01:22:37.000 --> 01:22:41.000]  所以你不要以為一坐牢就一定是這兩個地方
[01:22:41.000 --> 01:22:45.000]  因為《小人傳》不是記載所有保羅坐牢的地方
[01:22:45.000 --> 01:22:46.000]  你明白嗎
[01:22:46.000 --> 01:22:48.000]  所以我只能當unknown
[01:22:48.000 --> 01:22:50.000]  即是不知道在哪裏
[01:22:50.000 --> 01:22:55.000]  應該在菲律賓與羅馬城之間
[01:22:55.000 --> 01:22:57.000]  保羅也坐過牢
[01:22:57.000 --> 01:22:58.000]  在坐牢那裏
[01:22:58.000 --> 01:22:59.000]  他告訴他們
[01:22:59.000 --> 01:23:04.000]  那個城市坐牢是幫助福音興旺的
[01:23:04.000 --> 01:23:05.000]  然後跟著說
[01:23:05.000 --> 01:23:07.000]  是有軍隊也見證了
[01:23:07.000 --> 01:23:09.000]  我不是為了犯法而坐牢
[01:23:09.000 --> 01:23:13.000]  我不是為了傷天害理的事而坐牢
[01:23:13.000 --> 01:23:15.000]  他們也在見證
[01:23:15.000 --> 01:23:18.000]  我是為了基督而受困所
[01:23:18.000 --> 01:23:20.000]  他們不是基督徒
[01:23:20.000 --> 01:23:23.000]  保羅為何要用這班不是基督徒去提出
[01:23:23.000 --> 01:23:27.000]  他也見證是為基督受困所呢
[01:23:27.000 --> 01:23:30.000]  因為這班是credible witness
[01:23:30.000 --> 01:23:34.000]  對原讀者來說
[01:23:34.000 --> 01:23:37.000]  軍兵是一些好人
[01:23:37.000 --> 01:23:39.000]  正義的人
[01:23:39.000 --> 01:23:43.000]  他們也見證我不是作奸犯科
[01:23:43.000 --> 01:23:46.000]  甚至不單止是福音興旺
[01:23:46.000 --> 01:23:47.000]  跟著所說
[01:23:47.000 --> 01:23:49.000]  大多數的弟兄
[01:23:49.000 --> 01:23:53.000]  應該是有其他人和他一起坐牢
[01:23:53.000 --> 01:23:56.000]  或者在那個地方有些教會
[01:23:56.000 --> 01:23:58.000]  也知道要去坐牢
[01:23:58.000 --> 01:24:00.000]  但也因為我坐牢
[01:24:00.000 --> 01:24:02.000]  他們信仰
[01:24:02.000 --> 01:24:04.000]  即是信了耶穌的人
[01:24:04.000 --> 01:24:05.000]  信仰也被堅固
[01:24:05.000 --> 01:24:07.000]  深信不疑毫無畏懼
[01:24:07.000 --> 01:24:10.000]  越發勇敢地傳講神的道
[01:24:10.000 --> 01:24:16.000]  保羅是在說坐牢的正面價值
[01:24:16.000 --> 01:24:20.000]  所以保羅其實對原讀者來說
[01:24:20.000 --> 01:24:25.000]  這是一個大開眼界的教導
[01:24:25.000 --> 01:24:28.000]  當時的原讀者
[01:24:28.000 --> 01:24:31.000]  其實好像我們今天大部份的香港人
[01:24:31.000 --> 01:24:34.000]  都覺得坐牢是羞恥的
[01:24:34.000 --> 01:24:36.000]  我們不會說
[01:24:36.000 --> 01:24:38.000]  這樣我的履歷是一個奸犯
[01:24:38.000 --> 01:24:40.000]  我們不會這樣說的
[01:24:40.000 --> 01:24:44.000]  但保羅就是顛覆他這種想法
[01:24:44.000 --> 01:24:46.000]  其實有些情況
[01:24:46.000 --> 01:24:48.000]  不是為了你的理想
[01:24:48.000 --> 01:24:50.000]  不是為了民主
[01:24:50.000 --> 01:24:54.000]  而是他知道他是為了耶穌基督的信仰
[01:24:54.000 --> 01:25:02.000]  為了全港見證耶穌是基督而被坐牢
[01:25:02.000 --> 01:25:05.000]  甚至說有些在我們城市
[01:25:05.000 --> 01:25:08.000]  我的價值去到一個地步
[01:25:08.000 --> 01:25:10.000]  有些人想跟我爭
[01:25:10.000 --> 01:25:12.000]  爭誰傳福音更厲害
[01:25:12.000 --> 01:25:14.000]  是不是
[01:25:14.000 --> 01:25:18.000]  但是這又何妨呢
[01:25:18.000 --> 01:25:20.000]  福音總被傳開了
[01:25:20.000 --> 01:25:22.000]  但記住重點
[01:25:22.000 --> 01:25:24.000]  我們留意一下
[01:25:24.000 --> 01:25:26.000]  第十八節
[01:25:26.000 --> 01:25:28.000]  照記著傳開我就會喜樂
[01:25:28.000 --> 01:25:31.000]  然後我知道藉著你們的祈求和耶穌基督的幫助
[01:25:31.000 --> 01:25:34.000]  我在世上最終會得到拯救的
[01:25:34.000 --> 01:25:36.000]  在一章十九節
[01:25:36.000 --> 01:25:38.000]  那拯救就是出獄的
[01:25:38.000 --> 01:25:45.000]  所以在這裏可以重新定義榮辱觀
[01:25:45.000 --> 01:25:47.000]  我特別是highlight
[01:25:47.000 --> 01:25:53.000]  我的情況其實是福音更加興旺的那句話
[01:25:53.000 --> 01:25:56.000]  Malone的字
[01:25:56.000 --> 01:26:01.000]  在你們的經文十二節七點二那裏
[01:26:01.000 --> 01:26:06.000]  Malone在這裏出現了兩次
[01:26:06.000 --> 01:26:08.000]  在九節出現了兩次
[01:26:08.000 --> 01:26:10.000]  這裏十二 二十三
[01:26:10.000 --> 01:26:14.000]  都是指提升的意思
[01:26:14.000 --> 01:26:18.000]  或者福音的祝福增加了的意思
[01:26:18.000 --> 01:26:22.000]  所以很明顯保羅告訴你
[01:26:22.000 --> 01:26:23.000]  坐牢是好事
[01:26:23.000 --> 01:26:25.000]  只要你是為耶穌基督坐牢
[01:26:25.000 --> 01:26:27.000]  不是羞恥的
[01:26:27.000 --> 01:26:30.000]  菲律賓人是很愛保羅的
[01:26:30.000 --> 01:26:33.000]  所以他都派了二百佛提召他們
[01:26:33.000 --> 01:26:37.000]  但保羅很清楚他們的軟弱
[01:26:37.000 --> 01:26:43.000]  他知道他們覺得坐牢是不好羞辱的事情
[01:26:43.000 --> 01:26:45.000]  講了這麼長的電話去解釋
[01:26:45.000 --> 01:26:48.000]  只要你是為基督坐牢
[01:26:48.000 --> 01:26:50.000]  官兵即是執法者
[01:26:50.000 --> 01:26:53.000]  他都會見證到這個好處
[01:26:53.000 --> 01:26:58.000]  只要你活與你的基督的福音相稱
[01:26:58.000 --> 01:27:00.000]  所以後來的行事為人是指
[01:27:00.000 --> 01:27:03.000]  你的公民生活與你的福音相稱
[01:27:03.000 --> 01:27:05.000]  即是你的行事為人
[01:27:05.000 --> 01:27:08.000]  你要讓人看到你不是在破壞秩序
[01:27:08.000 --> 01:27:10.000]  作奸犯科
[01:27:10.000 --> 01:27:12.000]  或者傷害他人
[01:27:12.000 --> 01:27:14.000]  這個就是福音相稱
[01:27:14.000 --> 01:27:19.000]  於是你傳的東西就有信譽
[01:27:19.000 --> 01:27:23.000]  可以讓他們見證你的福音
[01:27:23.000 --> 01:27:25.000]  所以就糾正他們的輪官
[01:27:25.000 --> 01:27:28.000]  這個顛覆在二章尾
[01:27:28.000 --> 01:27:30.000]  二章二十五節
[01:27:30.000 --> 01:27:32.000]  我只能因為只有一個小時
[01:27:32.000 --> 01:27:34.000]  所以不能全部解釋
[01:27:34.000 --> 01:27:37.000]  二章二十五節也有提到
[01:27:37.000 --> 01:27:39.000]  也有用的
[01:27:39.000 --> 01:27:43.000]  在說完耶穌基督謙卑虛己之後
[01:27:43.000 --> 01:27:45.000]  因為說了很多時間
[01:27:45.000 --> 01:27:47.000]  反而這段是少人留意的
[01:27:47.000 --> 01:27:49.000]  就是說到以巴忽提
[01:27:49.000 --> 01:27:51.000]  以巴忽提在二章二十五節
[01:27:51.000 --> 01:27:54.000]  就說到以巴忽提
[01:27:54.000 --> 01:27:58.000]  就是他們派來
[01:27:58.000 --> 01:28:00.000]  即是菲律賓教會派來
[01:28:00.000 --> 01:28:02.000]  去照顧保羅
[01:28:02.000 --> 01:28:05.000]  但結果反而他患了重病
[01:28:05.000 --> 01:28:07.000]  要保羅照顧他
[01:28:07.000 --> 01:28:09.000]  現在就送他回來
[01:28:09.000 --> 01:28:16.000]  但在原讀者來看
[01:28:16.000 --> 01:28:21.000]  這個以巴忽提是一個什麼的童工
[01:28:21.000 --> 01:28:28.000]  不看保羅說的話
[01:28:28.000 --> 01:28:31.000]  派你去照顧保羅
[01:28:31.000 --> 01:28:34.000]  結果成為保羅的重擔
[01:28:34.000 --> 01:28:38.000]  保羅經常餵藥煲湯照顧你
[01:28:38.000 --> 01:28:40.000]  然後你回來
[01:28:40.000 --> 01:28:43.000]  你猜給教會的人會怎樣看
[01:28:43.000 --> 01:28:46.000]  你怎麼這麼失敗
[01:28:46.000 --> 01:28:50.000]  有時候我們看宣教士
[01:28:50.000 --> 01:28:52.000]  去了那裡
[01:28:52.000 --> 01:28:54.000]  沒有傳呼音
[01:28:54.000 --> 01:28:56.000]  自己還病了
[01:28:56.000 --> 01:28:58.000]  然後又要教會給很多錢
[01:28:58.000 --> 01:29:00.000]  又要慢慢派很多人救他回來
[01:29:00.000 --> 01:29:02.000]  救他回來一個人都沒有信耶穌
[01:29:02.000 --> 01:29:04.000]  那他們會怎樣看
[01:29:04.000 --> 01:29:09.000]  他們覺得他使命不得
[01:29:09.000 --> 01:29:12.000]  記不記得羅馬軍人裡面使命不得
[01:29:12.000 --> 01:29:16.000]  但保羅怎樣稱呼他呢
[01:29:16.000 --> 01:29:18.000]  他說這個是我的弟兄
[01:29:18.000 --> 01:29:20.000]  我的童工
[01:29:20.000 --> 01:29:22.000]  還有什麼
[01:29:22.000 --> 01:29:24.000]  我的戰友
[01:29:24.000 --> 01:29:30.000]  其實保羅一樣用羅馬軍人的言語跟他說話
[01:29:30.000 --> 01:29:32.000]  你說他病了
[01:29:32.000 --> 01:29:36.000]  但保羅說他其實是在戰場打傷了
[01:29:36.000 --> 01:29:40.000]  那戰場打傷了你有沒有見過
[01:29:40.000 --> 01:29:42.000]  有嘛
[01:29:42.000 --> 01:29:44.000]  戰場被人斬斬到傷了
[01:29:44.000 --> 01:29:46.000]  然後旁邊的戰友去照顧他
[01:29:46.000 --> 01:29:48.000]  有沒有見過
[01:29:48.000 --> 01:29:50.000]  所以他不是使命不得
[01:29:50.000 --> 01:29:53.000]  他是在打神要他打的仗
[01:29:53.000 --> 01:29:55.000]  傷了而已
[01:29:55.000 --> 01:29:59.000]  所以他回來的時候請你們要怎樣
[01:29:59.000 --> 01:30:03.000]  第二天說什麼
[01:30:03.000 --> 01:30:05.000]  尊重這樣的人
[01:30:05.000 --> 01:30:08.000]  因為他冒著生命的危險
[01:30:08.000 --> 01:30:10.000]  為了基督工作差點要死
[01:30:10.000 --> 01:30:13.000]  為了彌補你們未能服侍我的地方
[01:30:13.000 --> 01:30:15.000]  你說他差
[01:30:15.000 --> 01:30:17.000]  他做了一樣事你們沒有做到
[01:30:17.000 --> 01:30:19.000]  是什麼
[01:30:19.000 --> 01:30:25.000]  他肯來戰場你們沒有來
[01:30:25.000 --> 01:30:27.000]  你憑什麼說他差
[01:30:27.000 --> 01:30:33.000]  其實很明白監獄是一個衛生很差的地方
[01:30:33.000 --> 01:30:35.000]  羅馬監獄
[01:30:35.000 --> 01:30:37.000]  遲些再說
[01:30:37.000 --> 01:30:39.000]  這個也是社會研究
[01:30:39.000 --> 01:30:41.000]  監獄不是像現在這樣
[01:30:41.000 --> 01:30:43.000]  又有電視機看
[01:30:43.000 --> 01:30:47.000]  又有打籃球做運動
[01:30:47.000 --> 01:30:51.000]  又有工作給你做
[01:30:51.000 --> 01:30:54.000]  當時衛生又差沒人理
[01:30:54.000 --> 01:30:58.000]  所以患病是很自然
[01:30:58.000 --> 01:31:00.000]  那是戰場
[01:31:00.000 --> 01:31:04.000]  所以他補足了你們沒有做的事
[01:31:04.000 --> 01:31:06.000]  就是他肯來這個戰場
[01:31:06.000 --> 01:31:09.000]  肯來這個泥沼
[01:31:09.000 --> 01:31:11.000]  你們沒有來
[01:31:11.000 --> 01:31:12.000]  所以你要尊重他
[01:31:12.000 --> 01:31:17.000]  所以這把筆題可以說是一個
[01:31:17.000 --> 01:31:18.000]  我來看
[01:31:18.000 --> 01:31:20.000]  是總結整個二章
[01:31:20.000 --> 01:31:22.000]  保羅說耶穌基督
[01:31:22.000 --> 01:31:24.000]  他本有神的形象要虛己兼卑
[01:31:24.000 --> 01:31:30.000]  軍人怎會看別人比自己強
[01:31:30.000 --> 01:31:34.000]  你想想軍人如果看別人比自己強你會怎樣
[01:31:34.000 --> 01:31:38.000]  你就會走投不打仗
[01:31:38.000 --> 01:31:40.000]  軍人當然是怎樣都什麼
[01:31:40.000 --> 01:31:42.000]  撐硬
[01:31:42.000 --> 01:31:44.000]  我勁過你
[01:31:44.000 --> 01:31:46.000]  後面雖然只有十個人別人一百個
[01:31:46.000 --> 01:31:48.000]  我們都不輸就不輸陣
[01:31:48.000 --> 01:31:50.000]  保羅教導他我們打這場仗
[01:31:50.000 --> 01:31:52.000]  你要看別人比自己強
[01:31:52.000 --> 01:31:54.000]  不要只顧自己
[01:31:54.000 --> 01:31:56.000]  要愛要恆心
[01:31:56.000 --> 01:31:59.000]  耶穌基督謙卑虛己
[01:31:59.000 --> 01:32:02.000]  然後神就將他升為至高
[01:32:02.000 --> 01:32:06.000]  最一個例子就是這把筆題
[01:32:06.000 --> 01:32:12.000]  所以從社會修辭原讀者的處境來看
[01:32:12.000 --> 01:32:15.000]  這把筆題不是保羅隨便提的
[01:32:15.000 --> 01:32:17.000]  是有邏輯的
[01:32:17.000 --> 01:32:20.000]  他用了一個很具體的例子
[01:32:20.000 --> 01:32:23.000]  第一章他用了自己一個具體的例子
[01:32:23.000 --> 01:32:29.000]  去說為主坐監是榮譽的
[01:32:29.000 --> 01:32:33.000]  第二就是用了這把筆題的例子
[01:32:33.000 --> 01:32:38.000]  去說為主患病不是使命不達
[01:32:38.000 --> 01:32:42.000]  基督的榮譽不是你能否做到的使命
[01:32:42.000 --> 01:32:46.000]  是你有沒有忠心去打這場仗
[01:32:46.000 --> 01:32:48.000]  到最後
[01:32:48.000 --> 01:32:51.000]  所以剛才看到一個是借用
[01:32:51.000 --> 01:32:53.000]  一個是顛覆
[01:32:53.000 --> 01:32:56.000]  你記不記得坐監不好
[01:32:56.000 --> 01:32:58.000]  坐監某些情況是好的
[01:32:58.000 --> 01:33:00.000]  是榮譽的
[01:33:00.000 --> 01:33:02.000]  是最高榮譽
[01:33:02.000 --> 01:33:04.000]  你用這把筆題使命不達不好
[01:33:04.000 --> 01:33:06.000]  但保羅說顛覆了他
[01:33:06.000 --> 01:33:08.000]  他忠心去做
[01:33:08.000 --> 01:33:10.000]  就是榮譽的君人在基督裡面
[01:33:10.000 --> 01:33:13.000]  有沒有轉化的呢
[01:33:13.000 --> 01:33:19.000]  我找第二個例子就是第三章
[01:33:19.000 --> 01:33:21.000]  請你看第三章
[01:33:21.000 --> 01:33:30.000]  第三章保羅說過他自己
[01:33:30.000 --> 01:33:37.000]  他在第七節之前說他自己是猶太人
[01:33:37.000 --> 01:33:39.000]  是第八日受割禮
[01:33:39.000 --> 01:33:40.000]  你記不記得
[01:33:40.000 --> 01:33:42.000]  你看看聖經
[01:33:42.000 --> 01:33:44.000]  長話短說
[01:33:44.000 --> 01:33:45.000]  他是辯雅敏之派
[01:33:45.000 --> 01:33:47.000]  希伯來是法理賽人
[01:33:47.000 --> 01:33:49.000]  然後就說現宜
[01:33:49.000 --> 01:33:50.000]  這個現宜才是重點
[01:33:50.000 --> 01:33:52.000]  不過我要問一下
[01:33:52.000 --> 01:33:53.000]  當他說現宜
[01:33:53.000 --> 01:33:54.000]  可以從前認為贏得
[01:33:54.000 --> 01:33:56.000]  甚可現在因機的緣故都當作損失
[01:33:56.000 --> 01:34:00.000]  然後將一切都當作損失
[01:34:00.000 --> 01:34:03.000]  以認識我主基督耶穌為至寶
[01:34:03.000 --> 01:34:04.000]  留言下之
[01:34:04.000 --> 01:34:07.000]  保羅是不是表示他信了耶穌之後
[01:34:07.000 --> 01:34:12.000]  他就棄絕了或者放棄了他的猶太人身份呢
[01:34:12.000 --> 01:34:17.000]  我要想清楚這個邏輯
[01:34:17.000 --> 01:34:19.000]  保羅是不是說
[01:34:19.000 --> 01:34:20.000]  當我信了耶穌之後
[01:34:20.000 --> 01:34:24.000]  我就要鄙視我以前猶太人這個身份呢
[01:34:24.000 --> 01:34:25.000]  他們是垃圾
[01:34:25.000 --> 01:34:27.000]  原文真的指糞土
[01:34:27.000 --> 01:34:30.000]  我萬事一切都視為糞土
[01:34:30.000 --> 01:34:33.000]  就是我之前的猶太人身份都是垃圾
[01:34:33.000 --> 01:34:36.000]  都是一些垃圾
[01:34:36.000 --> 01:34:38.000]  不是的
[01:34:38.000 --> 01:34:41.000]  保羅似乎在其他地方不是這樣
[01:34:41.000 --> 01:34:44.000]  保羅在這裡
[01:34:44.000 --> 01:34:45.000]  游說分析
[01:34:45.000 --> 01:34:49.000]  保羅是在說基督耶穌為至寶
[01:34:49.000 --> 01:34:50.000]  是不是
[01:34:50.000 --> 01:34:51.000]  他在說什麼
[01:34:51.000 --> 01:34:56.000]  為了他贏得基督靈兒在他裡面
[01:34:56.000 --> 01:34:58.000]  這個是最好的
[01:34:58.000 --> 01:34:59.000]  OK
[01:34:59.000 --> 01:35:02.000]  所以保羅在這裡
[01:35:02.000 --> 01:35:04.000]  他是在說一些
[01:35:04.000 --> 01:35:10.000]  他不是用垃圾去說什麼是最好的
[01:35:10.000 --> 01:35:13.000]  他是說一些他自己認為最好的東西
[01:35:13.000 --> 01:35:17.000]  去影襯什麼是真正的最好
[01:35:17.000 --> 01:35:20.000]  這個是從好的到最差的影襯
[01:35:20.000 --> 01:35:22.000]  明白嗎
[01:35:22.000 --> 01:35:23.000]  真的很簡單
[01:35:23.000 --> 01:35:25.000]  我今天來說
[01:35:25.000 --> 01:35:30.000]  健康瘦身好不好
[01:35:30.000 --> 01:35:32.000]  但當他認識耶穌基督之後
[01:35:32.000 --> 01:35:37.000]  健康瘦身都只不過是糞土
[01:35:37.000 --> 01:35:39.000]  我以認識耶穌基督為至寶
[01:35:39.000 --> 01:35:41.000]  當我這樣說的時候
[01:35:41.000 --> 01:35:43.000]  我不是說健康瘦身
[01:35:43.000 --> 01:35:46.000]  我信了耶穌就不應該健康瘦身
[01:35:46.000 --> 01:35:51.000]  但是是用大家認為
[01:35:51.000 --> 01:35:53.000]  覺得那樣東西已經很重要
[01:35:53.000 --> 01:35:56.000]  就是我的民族身份
[01:35:56.000 --> 01:36:00.000]  你肥辣給人民族身份
[01:36:00.000 --> 01:36:02.000]  我猶太人我有我的民族身份
[01:36:02.000 --> 01:36:07.000]  你都覺得這個民族身份是很好的
[01:36:07.000 --> 01:36:09.000]  但比起認識耶穌基督
[01:36:09.000 --> 01:36:15.000]  這些只不過是糞土
[01:36:15.000 --> 01:36:18.000]  我跟老婆說
[01:36:18.000 --> 01:36:23.000]  那層樓是我一生儲錢買回來的
[01:36:23.000 --> 01:36:25.000]  但比起來
[01:36:25.000 --> 01:36:29.000]  這張紙只不過是一張廢紙
[01:36:29.000 --> 01:36:31.000]  當我這樣說的時候
[01:36:31.000 --> 01:36:35.000]  我不是期望他馬上撕掉丟掉
[01:36:35.000 --> 01:36:37.000]  是告訴他
[01:36:37.000 --> 01:36:39.000]  我願意用這個跟你交換
[01:36:39.000 --> 01:36:41.000]  我寧願你繼續愛我
[01:36:41.000 --> 01:36:44.000]  我都不想廢紙越揮越濁
[01:36:44.000 --> 01:36:48.000]  所以這是說好影襯更好
[01:36:48.000 --> 01:36:50.000]  你明白嗎
[01:36:50.000 --> 01:36:55.000]  這三張後面說跑步一樣一樣
[01:36:55.000 --> 01:36:57.000]  他不是說跑步不好
[01:36:57.000 --> 01:36:59.000]  跑步很好
[01:36:59.000 --> 01:37:01.000]  不過以得著耶穌基督為至寶
[01:37:01.000 --> 01:37:05.000]  是最好
[01:37:05.000 --> 01:37:07.000]  你明白嗎
[01:37:07.000 --> 01:37:09.000]  如果是這樣
[01:37:09.000 --> 01:37:11.000]  這是上文
[01:37:11.000 --> 01:37:15.000]  三章一至十六節都是我上文
[01:37:15.000 --> 01:37:19.000]  然後十七至二十節就說天國公民
[01:37:19.000 --> 01:37:23.000]  但我們
[01:37:23.000 --> 01:37:26.000]  到最後
[01:37:26.000 --> 01:37:29.000]  三次抓住我不說了
[01:37:29.000 --> 01:37:38.000]  這是馬拉松交棒的圖畫
[01:37:38.000 --> 01:37:42.000]  抓住之棍或是被抓住之棍
[01:37:42.000 --> 01:37:47.000]  馬拉松跑步就像我們忘記背後的努力
[01:37:47.000 --> 01:37:49.000]  忘記背後的成功
[01:37:49.000 --> 01:37:50.000]  你要記住
[01:37:50.000 --> 01:37:52.000]  忘記背後誇獎的事
[01:37:52.000 --> 01:37:55.000]  無論猶太人身份或是你取了什麼身份
[01:37:55.000 --> 01:37:57.000]  要追求什麼
[01:37:57.000 --> 01:37:59.000]  至寶的東西
[01:37:59.000 --> 01:38:05.000]  那一句大段之後最後說
[01:38:05.000 --> 01:38:07.000]  但我們是天上的國民
[01:38:07.000 --> 01:38:09.000]  又是用但做重點
[01:38:09.000 --> 01:38:11.000]  因為上文說有十字架的仇敵
[01:38:11.000 --> 01:38:12.000]  他們是沉淪
[01:38:12.000 --> 01:38:13.000]  我流淚告訴你
[01:38:13.000 --> 01:38:14.000]  這裡說
[01:38:14.000 --> 01:38:16.000]  但我們是天上的公民
[01:38:16.000 --> 01:38:17.000]  以切等候救主
[01:38:17.000 --> 01:38:19.000]  就是主耶穌基督
[01:38:19.000 --> 01:38:20.000]  從天上降臨
[01:38:20.000 --> 01:38:23.000]  基督的大難甚至可以使萬有都服從他
[01:38:23.000 --> 01:38:24.000]  他要發揮自己的大難
[01:38:24.000 --> 01:38:25.000]  使我們發揮自己的身體
[01:38:25.000 --> 01:38:27.000]  變得和他人的身體相傳
[01:38:27.000 --> 01:38:29.000]  大部分學者認同公民
[01:38:29.000 --> 01:38:33.000]  就是羅馬公民的身份
[01:38:33.000 --> 01:38:35.000]  原讀者未必個個是羅馬公民
[01:38:35.000 --> 01:38:37.000]  應該很多都不是
[01:38:37.000 --> 01:38:40.000]  但他肯定很嚮往做公民
[01:38:40.000 --> 01:38:42.000]  所以原讀者一聽
[01:38:42.000 --> 01:38:44.000]  他不會說你們作天上的公民
[01:38:44.000 --> 01:38:50.000]  所以請你鄙視你地上的公民身份
[01:38:50.000 --> 01:38:52.000]  不合理的
[01:38:52.000 --> 01:38:57.000]  因為一路的邏輯都不是用顛覆
[01:38:57.000 --> 01:39:01.000]  不是要放棄這個得著那個
[01:39:01.000 --> 01:39:05.000]  之前無論用他自己的猶太人身份
[01:39:05.000 --> 01:39:07.000]  投過票
[01:39:07.000 --> 01:39:08.000]  還是用跑步
[01:39:08.000 --> 01:39:11.000]  都是用一些他認為很美好的東西
[01:39:11.000 --> 01:39:13.000]  去拍攝更加好的
[01:39:13.000 --> 01:39:15.000]  所以我這個解釋就是
[01:39:15.000 --> 01:39:17.000]  保羅其實是用他們嚮往
[01:39:17.000 --> 01:39:21.000]  很覺得好的公民的身份
[01:39:21.000 --> 01:39:24.000]  又告訴他們有一個更好的
[01:39:24.000 --> 01:39:27.000]  就是天上的公民
[01:39:27.000 --> 01:39:30.000]  基督為王國的公民
[01:39:30.000 --> 01:39:32.000]  在這裡我想強調一件事
[01:39:32.000 --> 01:39:34.000]  很多時候我們很容易陷入一個危機
[01:39:34.000 --> 01:39:36.000]  就是一提到公民
[01:39:36.000 --> 01:39:38.000]  提到王國
[01:39:38.000 --> 01:39:42.000]  我們就以為保羅或者聖經是反帝國
[01:39:42.000 --> 01:39:44.000]  或者批判帝國
[01:39:44.000 --> 01:39:46.000]  但從上文下理
[01:39:46.000 --> 01:39:49.000]  或者原讀者的角度來看
[01:39:49.000 --> 01:39:53.000]  保羅這裡很明顯似乎是一個轉化
[01:39:53.000 --> 01:39:56.000]  就是說那些東西你覺得很好
[01:39:56.000 --> 01:39:58.000]  OK 沒問題
[01:39:58.000 --> 01:40:02.000]  但不是否定了
[01:40:02.000 --> 01:40:04.000]  又告訴你有一樣東西更加好的
[01:40:04.000 --> 01:40:06.000]  就是你作天上的公民
[01:40:06.000 --> 01:40:08.000]  這個在提摩太前書
[01:40:08.000 --> 01:40:10.000]  很多人有一個誤解
[01:40:10.000 --> 01:40:12.000]  粗練身體益處為少
[01:40:12.000 --> 01:40:14.000]  唯獨敬虔
[01:40:14.000 --> 01:40:16.000]  益處還少唯獨敬虔凡事都在一處
[01:40:16.000 --> 01:40:18.000]  記不記得一句這樣的說法
[01:40:18.000 --> 01:40:20.000]  《環球聲音》的本話
[01:40:20.000 --> 01:40:22.000]  其實已經糾正了沒有唯獨這個字
[01:40:22.000 --> 01:40:24.000]  原文是沒有唯獨的
[01:40:24.000 --> 01:40:26.000]  那裡是一個影襯
[01:40:26.000 --> 01:40:28.000]  粗練身體
[01:40:28.000 --> 01:40:31.000]  在當時一般的外邦人來說
[01:40:31.000 --> 01:40:33.000]  這是一件很好的事
[01:40:33.000 --> 01:40:35.000]  就好像我們今天跑步保持身體健康
[01:40:35.000 --> 01:40:37.000]  好不好
[01:40:37.000 --> 01:40:40.000]  不過粗練敬虔
[01:40:40.000 --> 01:40:42.000]  更加好因為有今生與來生的影響
[01:40:42.000 --> 01:40:44.000]  那是一個影襯
[01:40:44.000 --> 01:40:46.000]  如果你肯粗練身體
[01:40:46.000 --> 01:40:47.000]  如果你很小心
[01:40:47.000 --> 01:40:49.000]  你吃什麼是健康
[01:40:49.000 --> 01:40:51.000]  有一樣更好的就是請你去粗練
[01:40:51.000 --> 01:40:53.000]  做你的屬靈粗練
[01:40:53.000 --> 01:40:55.000]  是不是
[01:40:55.000 --> 01:40:57.000]  看屬靈粗練
[01:40:57.000 --> 01:40:59.000]  剛才那本什麼
[01:40:59.000 --> 01:41:01.000]  伯克那本SD
[01:41:01.000 --> 01:41:03.000]  那個更加好的東西
[01:41:03.000 --> 01:41:05.000]  所以這不是對立
[01:41:05.000 --> 01:41:07.000]  是轉化
[01:41:07.000 --> 01:41:10.000]  是借用地上公民身份的榮耀
[01:41:10.000 --> 01:41:14.000]  闡述在基督裡的榮耀
[01:41:14.000 --> 01:41:22.000]  我願意用在筆記第六頁最後一段做結束
[01:41:22.000 --> 01:41:25.000]  本來在這裡提及主在來的末世觀
[01:41:25.000 --> 01:41:28.000]  這是把贊德基督的盼望
[01:41:28.000 --> 01:41:30.000]  就是那個爪住的贊德基督的盼望
[01:41:30.000 --> 01:41:32.000]  推到極點
[01:41:32.000 --> 01:41:33.000]  那裡才是高潮
[01:41:33.000 --> 01:41:35.000]  天上的公民
[01:41:35.000 --> 01:41:41.000]  令大家讀者信服
[01:41:41.000 --> 01:41:47.000]  就是他們覺得凱撒很好
[01:41:47.000 --> 01:41:50.000]  凱撒給我們最值得讚賞的榮耀
[01:41:50.000 --> 01:41:52.000]  但現在請你轉去什麼
[01:41:52.000 --> 01:41:54.000]  耶穌基督身上
[01:41:54.000 --> 01:41:57.000]  否則我們不明白
[01:41:57.000 --> 01:41:59.000]  為什麼保羅常常用這麼多軍人
[01:41:59.000 --> 01:42:01.000]  公民 皇帝
[01:42:01.000 --> 01:42:03.000]  因為在21節
[01:42:03.000 --> 01:42:06.000]  主救主耶穌基督降臨的稱號
[01:42:06.000 --> 01:42:08.000]  通常是給凱撒的
[01:42:08.000 --> 01:42:12.000]  但這個轉象不是取代
[01:42:12.000 --> 01:42:14.000]  而是什麼
[01:42:14.000 --> 01:42:19.000]  正如天上的父親不是叫你不認地上的父親
[01:42:19.000 --> 01:42:22.000]  所以要說天上的公民
[01:42:22.000 --> 01:42:25.000]  是要你認定公民是好的
[01:42:25.000 --> 01:42:30.000]  所以我追求天上更高的榮譽
[01:42:30.000 --> 01:42:32.000]  最後要加一個結語
[01:42:32.000 --> 01:42:35.000]  你們就是我的喜樂和冠冕
[01:42:35.000 --> 01:42:37.000]  你如果愛我就要獎盡一切
[01:42:37.000 --> 01:42:40.000]  為我保羅在基督面前贏得榮譽
[01:42:40.000 --> 01:42:42.000]  總結來說
[01:42:42.000 --> 01:42:45.000]  今天我們俯仰秘書
[01:42:45.000 --> 01:42:47.000]  我希望挑戰大家重新去看
[01:42:47.000 --> 01:42:49.000]  我們應該要學習
[01:42:49.000 --> 01:42:53.000]  有些軍人的榮譽觀
[01:42:53.000 --> 01:42:56.000]  去看我們屬靈的榮譽觀
[01:42:56.000 --> 01:42:58.000]  我們信耶穌不是追求
[01:42:58.000 --> 01:43:01.000]  自己有什麼順利
[01:43:01.000 --> 01:43:03.000]  而是追求我們的王
[01:43:03.000 --> 01:43:06.000]  得到多少讚賞和榮譽
[01:43:06.000 --> 01:43:10.000]  我們求名利是好的
[01:43:10.000 --> 01:43:12.000]  我們求健康是好的
[01:43:12.000 --> 01:43:15.000]  但你要想著
[01:43:15.000 --> 01:43:17.000]  一定有一樣的名利
[01:43:17.000 --> 01:43:19.000]  比我們求的名利更加好的
[01:43:19.000 --> 01:43:21.000]  我們追求財富是好的
[01:43:21.000 --> 01:43:23.000]  但一定有一樣東西是負足
[01:43:23.000 --> 01:43:25.000]  在基督裡面
[01:43:25.000 --> 01:43:27.000]  比我們有多少層樓
[01:43:27.000 --> 01:43:29.000]  或者有多少退休金
[01:43:29.000 --> 01:43:31.000]  是更加好的
[01:43:31.000 --> 01:43:36.000]  這就是秘書對我們的挑戰
[01:43:36.000 --> 01:43:41.000]  將錢交回給廟長
[01:43:41.000 --> 01:43:50.000]  我們感謝主
[01:43:50.000 --> 01:43:52.000]  我們今晚的聚會就到這裡
[01:43:52.000 --> 01:43:54.000]  再見
[01:43:55.000 --> 01:43:58.000]  (字幕由 Amara.org 社群提供)
[01:43:58.000 --> 01:44:01.000]  (字幕由 Amara.org 社群提供)

