
[00:00:00.000 --> 00:00:02.000]  各位弟兄姊妹平安
[00:00:02.000 --> 00:00:06.000]  再過多兩個禮拜就是聖誕節了
[00:00:06.000 --> 00:00:08.000]  在現在這段時間裏面
[00:00:08.000 --> 00:00:12.000]  我們看到我們周圍很多的店舖
[00:00:12.000 --> 00:00:14.000]  或者去尖東看燈飾
[00:00:14.000 --> 00:00:17.000]  都將很美麗的燈飾放在我們眼前
[00:00:17.000 --> 00:00:20.000]  告訴我們有個重要的日子來到了
[00:00:20.000 --> 00:00:22.000]  聖誕節就會來到了
[00:00:22.000 --> 00:00:26.000]  我們今天所選讀的這段聖經
[00:00:26.000 --> 00:00:29.000]  它是再提醒我們一件事
[00:00:29.000 --> 00:00:34.000]  那件事就是主耶穌基督會再回來的時候
[00:00:34.000 --> 00:00:37.000]  祂不是用一個馬槽裏面的嬰兒出現的
[00:00:37.000 --> 00:00:40.000]  祂是有一個駕著天雲降臨
[00:00:40.000 --> 00:00:42.000]  坐在榮耀的寶座裏面
[00:00:42.000 --> 00:00:46.000]  那個是一個審判的寶座的形式來臨的
[00:00:46.000 --> 00:00:48.000]  我相信我們今天在教會裏面
[00:00:48.000 --> 00:00:51.000]  我想普世的教會都有這樣的認識
[00:00:51.000 --> 00:00:53.000]  當我們看到馬槽
[00:00:53.000 --> 00:00:56.000]  看到花的聖誕紅的時候
[00:00:56.000 --> 00:00:58.000]  我們不是單單只是看到一個馬槽
[00:00:58.000 --> 00:01:01.000]  還有花的漂亮
[00:01:01.000 --> 00:01:05.000]  我們透過馬槽應該看到十字架
[00:01:05.000 --> 00:01:08.000]  我相信這個大家都明白的
[00:01:08.000 --> 00:01:11.000]  我們看到經文裏面的保羅就說
[00:01:11.000 --> 00:01:12.000]  我不知道別的
[00:01:12.000 --> 00:01:16.000]  只知道主耶穌基督並他丁十字架
[00:01:16.000 --> 00:01:17.000]  我們奇特了
[00:01:17.000 --> 00:01:19.000]  為甚麼他不說一說
[00:01:19.000 --> 00:01:20.000]  我不知道別的
[00:01:20.000 --> 00:01:24.000]  只知道主耶穌基督降生馬槽呢
[00:01:24.000 --> 00:01:26.000]  為甚麼他要將他的重點
[00:01:26.000 --> 00:01:30.000]  由馬槽那裏移到十字架呢
[00:01:30.000 --> 00:01:33.000]  今天我們慶祝聖誕的時候
[00:01:33.000 --> 00:01:35.000]  我們看到這個馬槽
[00:01:35.000 --> 00:01:37.000]  看到漂亮的燈飾
[00:01:37.000 --> 00:01:40.000]  應該透過這些看到十字架的
[00:01:40.000 --> 00:01:43.000]  但我覺得這樣還要看多一層
[00:01:43.000 --> 00:01:45.000]  你看到馬槽
[00:01:45.000 --> 00:01:47.000]  看到十字架
[00:01:47.000 --> 00:01:49.000]  但我希望你同時能夠看到
[00:01:49.000 --> 00:01:53.000]  那個將要降臨的審判的寶座
[00:01:53.000 --> 00:01:55.000]  在我們歡樂的時刻裏面
[00:01:55.000 --> 00:01:57.000]  我們很容易想起
[00:01:57.000 --> 00:01:59.000]  在這個世代裏面
[00:01:59.000 --> 00:02:01.000]  很多人需要福音
[00:02:01.000 --> 00:02:03.000]  很多人需要十字架
[00:02:03.000 --> 00:02:07.000]  但對我們今天所有相信主耶穌基督的人來說
[00:02:07.000 --> 00:02:10.000]  全福音是我們的重任
[00:02:10.000 --> 00:02:13.000]  但對我們所有相信主耶穌基督
[00:02:13.000 --> 00:02:15.000]  跟隨主耶穌基督的人
[00:02:15.000 --> 00:02:17.000]  我們必須不能夠忘記
[00:02:17.000 --> 00:02:20.000]  那個將要來臨的坐在榮耀寶座上
[00:02:20.000 --> 00:02:22.000]  那位審判之主
[00:02:22.000 --> 00:02:24.000]  對我們所有信徒
[00:02:24.000 --> 00:02:27.000]  都會做一個最後的審判
[00:02:27.000 --> 00:02:29.000]  但我們很多時候
[00:02:29.000 --> 00:02:31.000]  在我們歡樂的時刻裏面
[00:02:31.000 --> 00:02:33.000]  我們逐漸逐漸忘記了
[00:02:33.000 --> 00:02:35.000]  原來我們要交數的
[00:02:35.000 --> 00:02:38.000]  原來我們要對著那個創造天地宇宙萬物的主
[00:02:38.000 --> 00:02:40.000]  要把那盤帳交給他
[00:02:40.000 --> 00:02:42.000]  那盤帳是甚麼帳呢
[00:02:42.000 --> 00:02:44.000]  是你的生命的帳
[00:02:44.000 --> 00:02:47.000]  到底上帝將生命給過你
[00:02:47.000 --> 00:02:49.000]  將永恆的生命給過你
[00:02:49.000 --> 00:02:51.000]  將各種的恩賜給過你
[00:02:51.000 --> 00:02:55.000]  你怎樣用你手上所有的這一切
[00:02:55.000 --> 00:02:57.000]  能夠榮耀上帝呢
[00:02:57.000 --> 00:02:59.000]  當我讀到這段聖經的時候
[00:02:59.000 --> 00:03:01.000]  《瑪達夫音》裏面有很多經文
[00:03:01.000 --> 00:03:04.000]  不斷浮現在我的腦海裏面
[00:03:04.000 --> 00:03:07.000]  為何經文要這麼長篇累聚
[00:03:07.000 --> 00:03:09.000]  將正反國講一次
[00:03:09.000 --> 00:03:12.000]  那個駕著天運降臨的主
[00:03:12.000 --> 00:03:15.000]  對著一群綿羊山羊
[00:03:15.000 --> 00:03:17.000]  當然他不是對羊羊說話
[00:03:17.000 --> 00:03:18.000]  他主要是說
[00:03:18.000 --> 00:03:19.000]  有一個時刻
[00:03:19.000 --> 00:03:20.000]  有一個重要的時刻
[00:03:20.000 --> 00:03:22.000]  要做一個分辨的工作
[00:03:22.000 --> 00:03:23.000]  要做一個分辨的
[00:03:23.000 --> 00:03:25.000]  切條的工作
[00:03:25.000 --> 00:03:27.000]  哦 原來你是山羊
[00:03:27.000 --> 00:03:29.000]  哦 原來你是綿羊
[00:03:29.000 --> 00:03:30.000]  那些人就說
[00:03:30.000 --> 00:03:31.000]  為何我是綿羊呢
[00:03:31.000 --> 00:03:32.000]  為何我是山羊呢
[00:03:32.000 --> 00:03:34.000]  相反國講一次
[00:03:34.000 --> 00:03:37.000]  經文裏面就說
[00:03:37.000 --> 00:03:41.000]  黃鳥對他右邊的話
[00:03:41.000 --> 00:03:42.000]  蒙我父賜福的
[00:03:42.000 --> 00:03:43.000]  承受這個創世
[00:03:43.000 --> 00:03:45.000]  為你們預備的國筆
[00:03:45.000 --> 00:03:46.000]  因為我餓了
[00:03:46.000 --> 00:03:47.000]  你給我吃
[00:03:47.000 --> 00:03:49.000]  一連串講了很多
[00:03:49.000 --> 00:03:51.000]  一群人
[00:03:51.000 --> 00:03:53.000]  一群綿羊
[00:03:53.000 --> 00:03:55.000]  一群信徒
[00:03:55.000 --> 00:03:57.000]  在生命之中
[00:03:57.000 --> 00:03:58.000]  進程之中
[00:03:58.000 --> 00:04:00.000]  做了一些事
[00:04:00.000 --> 00:04:02.000]  而他們自己不知道
[00:04:02.000 --> 00:04:04.000]  原來做了主的身像
[00:04:04.000 --> 00:04:06.000]  只是在日常生活裏
[00:04:06.000 --> 00:04:10.000]  他只是按照聖經的吩咐
[00:04:10.000 --> 00:04:11.000]  信仰的要求
[00:04:11.000 --> 00:04:13.000]  真理的教導
[00:04:13.000 --> 00:04:15.000]  港台上的分享
[00:04:15.000 --> 00:04:16.000]  信息教導
[00:04:16.000 --> 00:04:19.000]  讓他過著一個正常的基督徒的生活
[00:04:19.000 --> 00:04:21.000]  他在生活裏面
[00:04:21.000 --> 00:04:22.000]  按照上帝的心志
[00:04:22.000 --> 00:04:23.000]  這樣生活
[00:04:23.000 --> 00:04:25.000]  這樣做的時候
[00:04:25.000 --> 00:04:27.000]  他完全不知道
[00:04:27.000 --> 00:04:29.000]  完全不為意
[00:04:29.000 --> 00:04:31.000]  他做了這麼細微的事
[00:04:31.000 --> 00:04:33.000]  就做在主的身上
[00:04:33.000 --> 00:04:35.000]  在這裏我們要思想一下
[00:04:35.000 --> 00:04:38.000]  為何做在一個最少的人身上
[00:04:38.000 --> 00:04:40.000]  最不起眼的人身上
[00:04:40.000 --> 00:04:42.000]  就是做在主的身上呢
[00:04:42.000 --> 00:04:44.000]  我們很多時候
[00:04:44.000 --> 00:04:45.000]  我們很一廂情願
[00:04:45.000 --> 00:04:47.000]  或者我們不假思索地
[00:04:47.000 --> 00:04:50.000]  我們和主有關係的
[00:04:50.000 --> 00:04:53.000]  但是關係密切成怎樣呢
[00:04:53.000 --> 00:04:54.000]  我舉一個很簡單的例子
[00:04:54.000 --> 00:04:56.000]  聖經裏面的例子
[00:04:56.000 --> 00:04:59.000]  當保羅拿著文書
[00:04:59.000 --> 00:05:03.000]  拿著大祭司給的授權書
[00:05:03.000 --> 00:05:06.000]  要去大馬四甲抓那些信徒的時候
[00:05:06.000 --> 00:05:08.000]  在路上他遇到強光
[00:05:08.000 --> 00:05:09.000]  光照著他
[00:05:09.000 --> 00:05:12.000]  讓他的眼睛好像突然間看不到東西
[00:05:12.000 --> 00:05:14.000]  他就大聲地
[00:05:14.000 --> 00:05:17.000]  主啊你是誰
[00:05:17.000 --> 00:05:20.000]  那聲音就回答住
[00:05:20.000 --> 00:05:23.000]  我就是你所逼迫的耶穌
[00:05:23.000 --> 00:05:25.000]  我們那時候就奇怪了
[00:05:25.000 --> 00:05:27.000]  他那時候
[00:05:27.000 --> 00:05:30.000]  他又沒有見過耶穌
[00:05:30.000 --> 00:05:32.000]  他只是拿著文書
[00:05:32.000 --> 00:05:36.000]  去迫害信耶穌的人
[00:05:36.000 --> 00:05:39.000]  為何那天上的聲音
[00:05:39.000 --> 00:05:41.000]  就會說你迫害他們
[00:05:41.000 --> 00:05:43.000]  就等於迫害我呢
[00:05:43.000 --> 00:05:47.000]  那段經文很清晰地告訴我們
[00:05:47.000 --> 00:05:51.000]  原來在地上信徒所受到的苦
[00:05:51.000 --> 00:05:56.000]  就等於天上這位主所受的苦
[00:05:56.000 --> 00:05:58.000]  我們的苦有多重
[00:05:58.000 --> 00:06:00.000]  他的痛也有多重
[00:06:00.000 --> 00:06:02.000]  由這樣的緣故
[00:06:02.000 --> 00:06:05.000]  我們才得出一個神學的理論
[00:06:05.000 --> 00:06:06.000]  神學的理論原來
[00:06:06.000 --> 00:06:10.000]  上帝與我們共苦
[00:06:10.000 --> 00:06:12.000]  我不知道你們聽過這個詞嗎
[00:06:12.000 --> 00:06:14.000]  我們很多時候聽到傳道
[00:06:14.000 --> 00:06:16.000]  聽到神學家跟我們說
[00:06:16.000 --> 00:06:18.000]  在我們的苦難裏面
[00:06:18.000 --> 00:06:20.000]  上帝與我們同行
[00:06:20.000 --> 00:06:22.000]  上帝與我們共苦
[00:06:22.000 --> 00:06:25.000]  我們覺得這位上帝與我們極之親密
[00:06:25.000 --> 00:06:27.000]  原來我的苦處
[00:06:27.000 --> 00:06:29.000]  祂知道的
[00:06:29.000 --> 00:06:31.000]  原來我痛得多深
[00:06:31.000 --> 00:06:33.000]  祂知道的
[00:06:33.000 --> 00:06:34.000]  不單止祂知道
[00:06:34.000 --> 00:06:36.000]  祂在我的苦痛裏面
[00:06:36.000 --> 00:06:38.000]  在我的困難之中
[00:06:38.000 --> 00:06:39.000]  在我的眼淚裏面
[00:06:39.000 --> 00:06:41.000]  祂一直都在場
[00:06:41.000 --> 00:06:43.000]  祂沒有離開過我
[00:06:43.000 --> 00:06:46.000]  這段經文再次讓我們想到
[00:06:46.000 --> 00:06:47.000]  《初夏及記》裏面
[00:06:47.000 --> 00:06:49.000]  上帝呼召摩西的時候
[00:06:49.000 --> 00:06:51.000]  那段聖經
[00:06:51.000 --> 00:06:53.000]  上帝親自跟摩西說
[00:06:53.000 --> 00:06:54.000]  我要你去
[00:06:54.000 --> 00:06:55.000]  因為我的百姓
[00:06:55.000 --> 00:06:57.000]  以色列是我的手心
[00:06:57.000 --> 00:06:59.000]  是我的長子
[00:06:59.000 --> 00:07:02.000]  他們在那裏所受的痛苦
[00:07:02.000 --> 00:07:05.000]  因督公的合制所受的苦
[00:07:05.000 --> 00:07:08.000]  我看見了
[00:07:08.000 --> 00:07:10.000]  他們在困難之中所發的苦聲
[00:07:10.000 --> 00:07:14.000]  我聽見了
[00:07:14.000 --> 00:07:16.000]  現在你要去
[00:07:16.000 --> 00:07:19.000]  原來上帝在我們
[00:07:19.000 --> 00:07:22.000]  相信祂的人心目之中
[00:07:22.000 --> 00:07:24.000]  我們所受
[00:07:24.000 --> 00:07:26.000]  所感的一切
[00:07:26.000 --> 00:07:28.000]  都與上帝相連
[00:07:28.000 --> 00:07:31.000]  這給我們一個很大的安慰
[00:07:31.000 --> 00:07:32.000]  各位
[00:07:32.000 --> 00:07:35.000]  我們不要覺得我們在苦難之中
[00:07:35.000 --> 00:07:37.000]  我們是單獨前行的
[00:07:37.000 --> 00:07:39.000]  你永遠不能夠說你是單獨的
[00:07:39.000 --> 00:07:40.000]  你是孤獨的
[00:07:40.000 --> 00:07:41.000]  沒有的
[00:07:41.000 --> 00:07:45.000]  感覺上可能一個人都不在你身邊
[00:07:45.000 --> 00:07:46.000]  但你永遠不孤獨
[00:07:46.000 --> 00:07:49.000]  因為我們所相信的上帝
[00:07:49.000 --> 00:07:51.000]  就在我們的困難之中
[00:07:51.000 --> 00:07:53.000]  在我們各種的眼淚裏面
[00:07:53.000 --> 00:07:55.000]  與我們一起
[00:07:55.000 --> 00:07:57.000]  我的苦就是祂的苦
[00:07:57.000 --> 00:08:00.000]  我的痛就是祂的痛
[00:08:00.000 --> 00:08:01.000]  因為這樣的緣故
[00:08:01.000 --> 00:08:04.000]  《馬太福音》就接了下去
[00:08:04.000 --> 00:08:06.000]  那個駕著天雲降臨
[00:08:06.000 --> 00:08:09.000]  坐在寶座裏面的那位王就說
[00:08:09.000 --> 00:08:14.000]  我餓了你給我吃
[00:08:14.000 --> 00:08:16.000]  我渴了你給我喝
[00:08:16.000 --> 00:08:21.000]  我赤身露體你給我衣服穿
[00:08:21.000 --> 00:08:23.000]  我病了你照料我
[00:08:23.000 --> 00:08:25.000]  我就監你們你們來探我
[00:08:25.000 --> 00:08:28.000]  一段很長的對話
[00:08:28.000 --> 00:08:31.000]  對話說完了之後
[00:08:31.000 --> 00:08:34.000]  這班兒者
[00:08:34.000 --> 00:08:36.000]  這班綿羊就說
[00:08:36.000 --> 00:08:37.000]  主啊
[00:08:37.000 --> 00:08:40.000]  我們幾時做過這些事呢
[00:08:40.000 --> 00:08:44.000]  但是馬太又將剛才那個審判之主
[00:08:44.000 --> 00:08:46.000]  所說的每一句說話
[00:08:46.000 --> 00:08:48.000]  他再重複多一次
[00:08:48.000 --> 00:08:52.000]  那些兒者就說
[00:08:52.000 --> 00:08:54.000]  我幾時見到你餓
[00:08:54.000 --> 00:08:55.000]  給你吃
[00:08:55.000 --> 00:08:56.000]  幾時見到你渴
[00:08:56.000 --> 00:08:57.000]  給你喝
[00:08:57.000 --> 00:09:01.000]  你省一點行不行
[00:09:02.000 --> 00:09:05.000]  怎樣為之省一點呢
[00:09:05.000 --> 00:09:13.000]  如果大家讀一些主要學的課程都知道
[00:09:13.000 --> 00:09:15.000]  我們早期的經卷
[00:09:15.000 --> 00:09:16.000]  是由
[00:09:16.000 --> 00:09:19.000]  寫在羊皮上
[00:09:19.000 --> 00:09:22.000]  到後來就是
[00:09:22.000 --> 00:09:25.000]  埃及就發明了荼草紙
[00:09:25.000 --> 00:09:28.000]  寫在紙卷上
[00:09:28.000 --> 00:09:30.000]  但是紙卷是有一定的長度的
[00:09:30.000 --> 00:09:32.000]  有長有短
[00:09:32.000 --> 00:09:34.000]  你寫一封信不用十尺那麼長
[00:09:34.000 --> 00:09:36.000]  你寫一封信說我出糧了
[00:09:36.000 --> 00:09:38.000]  我託人帶糧回來給你
[00:09:38.000 --> 00:09:40.000]  我知道你畫了印請你保護身體
[00:09:40.000 --> 00:09:42.000]  很短的一張紙就可以了
[00:09:42.000 --> 00:09:47.000]  我們手上有很多這些考古出來的文獻的東西
[00:09:47.000 --> 00:09:52.000]  但是你要寫一本像馬太福音那麼長的書卷
[00:09:52.000 --> 00:09:54.000]  就是你要固定的長度
[00:09:54.000 --> 00:09:57.000]  你不可以自己過長過長的
[00:09:57.000 --> 00:09:59.000]  不數上去的
[00:09:59.000 --> 00:10:01.000]  是有固定的長度的
[00:10:01.000 --> 00:10:04.000]  為什麼這個馬太用這麼長的篇幅
[00:10:04.000 --> 00:10:07.000]  不見其煩地
[00:10:07.000 --> 00:10:09.000]  將這段對話
[00:10:09.000 --> 00:10:11.000]  王說了
[00:10:11.000 --> 00:10:13.000]  再由綿羊反問一次
[00:10:13.000 --> 00:10:16.000]  然後再用另一個角度
[00:10:16.000 --> 00:10:18.000]  向山羊說你們沒有做
[00:10:18.000 --> 00:10:20.000]  沒有做
[00:10:20.000 --> 00:10:23.000]  那些人就再問我們什麼時候沒有做
[00:10:23.000 --> 00:10:26.000]  沒有做這些
[00:10:26.000 --> 00:10:28.000]  他將同樣的話正反面
[00:10:28.000 --> 00:10:31.000]  由王說一次說兩次
[00:10:31.000 --> 00:10:33.000]  由綿羊再覆水一次
[00:10:33.000 --> 00:10:34.000]  由山羊再覆一次
[00:10:34.000 --> 00:10:39.000]  頭尾將相同的話正反說了四次那麼多
[00:10:39.000 --> 00:10:42.000]  我們讀經讀到這時我們就會問
[00:10:42.000 --> 00:10:45.000]  馬太你為什麼要這麼長的篇幅
[00:10:45.000 --> 00:10:47.000]  怕我們今天讀經的人
[00:10:47.000 --> 00:10:50.000]  太快速地過去嗎
[00:10:50.000 --> 00:10:53.000]  又或者我們今天讀到這些經文的時候
[00:10:53.000 --> 00:10:57.000]  對我們的生命好像沒有什麼痛苦
[00:10:57.000 --> 00:11:00.000]  主耶穌基督已經離我們很遠了
[00:11:00.000 --> 00:11:02.000]  我們從來都不會想
[00:11:02.000 --> 00:11:03.000]  我們做了什麼
[00:11:03.000 --> 00:11:05.000]  仗勢在祂的身上
[00:11:05.000 --> 00:11:07.000]  或者我們不細心思考
[00:11:07.000 --> 00:11:09.000]  在聖誕節的時候
[00:11:09.000 --> 00:11:12.000]  當我們看到這個弱小無力的
[00:11:12.000 --> 00:11:14.000]  這位BB
[00:11:14.000 --> 00:11:15.000]  躺在馬槽裡
[00:11:15.000 --> 00:11:19.000]  我們又看到這位道成肉身的上帝
[00:11:19.000 --> 00:11:21.000]  會被掛在十字架上
[00:11:21.000 --> 00:11:23.000]  但是透過那個十字架
[00:11:23.000 --> 00:11:24.000]  我們更會看到
[00:11:24.000 --> 00:11:25.000]  將來有一天
[00:11:25.000 --> 00:11:27.000]  他會駕上天雲降臨
[00:11:27.000 --> 00:11:31.000]  審判所有的人
[00:11:31.000 --> 00:11:32.000]  而且他的審判裡面
[00:11:32.000 --> 00:11:34.000]  第一樣讓我們看到的就是
[00:11:34.000 --> 00:11:36.000]  他會揭露
[00:11:36.000 --> 00:11:41.000]  揭露一件事是令我們非常之
[00:11:41.000 --> 00:11:43.000]  用什麼字眼呢
[00:11:43.000 --> 00:11:50.000]  是非常之令人震驚的震撼的
[00:11:50.000 --> 00:11:52.000]  你為什麼要掩藏呢
[00:11:52.000 --> 00:11:53.000]  你不想人知道
[00:11:53.000 --> 00:11:55.000]  為什麼你不想人知道呢
[00:11:55.000 --> 00:11:56.000]  如果你不想人知道
[00:11:56.000 --> 00:11:58.000]  那些是善事來的
[00:11:58.000 --> 00:12:00.000]  你左手做的不要讓右手知道
[00:12:00.000 --> 00:12:03.000]  右手做的不要讓左手知道
[00:12:03.000 --> 00:12:06.000]  如果你做的一件是善的事
[00:12:06.000 --> 00:12:08.000]  能夠歸榮耀給上帝的事
[00:12:08.000 --> 00:12:10.000]  是周濟窮人的事
[00:12:10.000 --> 00:12:12.000]  為教會所做的一件美事
[00:12:12.000 --> 00:12:14.000]  為生命之中所做的一件美事
[00:12:14.000 --> 00:12:15.000]  你不讓人知道
[00:12:15.000 --> 00:12:16.000]  就不讓人知道
[00:12:16.000 --> 00:12:18.000]  但是生命之中你所做的
[00:12:18.000 --> 00:12:20.000]  不能顧人的秘密
[00:12:20.000 --> 00:12:22.000]  陷害人的思維
[00:12:22.000 --> 00:12:24.000]  害人的動機
[00:12:24.000 --> 00:12:27.000]  挖個坑讓人跳下去的那種惡毒
[00:12:27.000 --> 00:12:30.000]  那些事你盡量想掩藏掩藏的
[00:12:30.000 --> 00:12:32.000]  但是到最後有一天
[00:12:32.000 --> 00:12:34.000]  這位教會天雲降臨
[00:12:34.000 --> 00:12:37.000]  主宰會逐漸逐漸的顯現
[00:12:37.000 --> 00:12:42.000]  在幾萬里處
[00:12:42.000 --> 00:12:44.000]  我們就會思想幾樣的事
[00:12:47.000 --> 00:12:50.000]  當這位教會天雲降臨的主
[00:12:50.000 --> 00:12:53.000]  對著身邊的面孔就說
[00:12:53.000 --> 00:12:55.000]  我餓了
[00:12:55.000 --> 00:12:57.000]  你給我喝
[00:12:57.000 --> 00:12:59.000]  我渴了你給我喝
[00:12:59.000 --> 00:13:02.000]  我赤身露體你給我衣裳穿
[00:13:02.000 --> 00:13:04.000]  等等的時候
[00:13:04.000 --> 00:13:06.000]  這班人就說
[00:13:06.000 --> 00:13:08.000]  我們什麼時候做過這些事
[00:13:08.000 --> 00:13:11.000]  舊的翻譯
[00:13:11.000 --> 00:13:14.000]  我們今天所讀的新日本的翻譯
[00:13:14.000 --> 00:13:16.000]  就沒有將那個句子翻譯出來
[00:13:16.000 --> 00:13:19.000]  或者它修正了之後
[00:13:19.000 --> 00:13:21.000]  這些事你沒有
[00:13:21.000 --> 00:13:23.000]  你做在一個最小的小子身上
[00:13:23.000 --> 00:13:25.000]  就做在我們身上了
[00:13:25.000 --> 00:13:26.000]  但舊的版本就說
[00:13:26.000 --> 00:13:28.000]  你將一杯涼水
[00:13:28.000 --> 00:13:30.000]  一杯很細小的涼水
[00:13:30.000 --> 00:13:32.000]  很不起眼的東西
[00:13:32.000 --> 00:13:34.000]  做在一個小子的身上
[00:13:34.000 --> 00:13:36.000]  就是做在我們身上了
[00:13:36.000 --> 00:13:39.000]  當我們讀經讀到這書的時候
[00:13:39.000 --> 00:13:40.000]  我們就說不得了
[00:13:40.000 --> 00:13:41.000]  真的不得了
[00:13:41.000 --> 00:13:45.000]  原來駕著天雲降臨的那位審判之主
[00:13:45.000 --> 00:13:47.000]  他著眼的竟然
[00:13:47.000 --> 00:13:49.000]  是一個這麼瑣碎
[00:13:49.000 --> 00:13:51.000]  這麼細小的一件事
[00:13:51.000 --> 00:13:54.000]  是你手中的一杯涼水
[00:13:54.000 --> 00:13:55.000]  是你舉手
[00:13:55.000 --> 00:13:56.000]  輕易舉手
[00:13:56.000 --> 00:13:57.000]  可以做到的事
[00:13:57.000 --> 00:14:04.000]  那位駕著天雲降臨的主
[00:14:04.000 --> 00:14:07.000]  整個宇宙裏面的能力
[00:14:07.000 --> 00:14:08.000]  都在他的手中
[00:14:08.000 --> 00:14:11.000]  他的說話很有創造的能力
[00:14:11.000 --> 00:14:12.000]  整個世界
[00:14:12.000 --> 00:14:14.000]  是用他的話語而創造出來的
[00:14:15.000 --> 00:14:17.000]  因為這樣大有能力的
[00:14:17.000 --> 00:14:19.000]  這位三一的上帝
[00:14:19.000 --> 00:14:20.000]  這位主耶穌
[00:14:20.000 --> 00:14:22.000]  他都坐在寶座上面
[00:14:22.000 --> 00:14:24.000]  他竟然著眼的是
[00:14:24.000 --> 00:14:27.000]  你手中有一杯涼水
[00:14:27.000 --> 00:14:30.000]  是你都不覺意的
[00:14:30.000 --> 00:14:32.000]  做了在一些人身上
[00:14:32.000 --> 00:14:34.000]  就做在我們身上了
[00:14:34.000 --> 00:14:38.000]  可能是你用你的時間
[00:14:38.000 --> 00:14:41.000]  為教會做了一件很不起眼的事
[00:14:43.000 --> 00:14:45.000]  可能你是為隔離的鄰舍
[00:14:45.000 --> 00:14:48.000]  做了一件很簡單的事
[00:14:48.000 --> 00:14:55.000]  或者你為有需要的親友
[00:14:55.000 --> 00:14:57.000]  陪診
[00:14:57.000 --> 00:14:59.000]  做了一件很簡單的事
[00:14:59.000 --> 00:15:01.000]  在生命之中
[00:15:01.000 --> 00:15:03.000]  你只要為上帝的緣故
[00:15:03.000 --> 00:15:05.000]  為福音的緣故
[00:15:05.000 --> 00:15:07.000]  你在不知曉的時間裏面
[00:15:07.000 --> 00:15:09.000]  在生命裏面付出
[00:15:09.000 --> 00:15:11.000]  叮噹這麼多的東西
[00:15:12.000 --> 00:15:14.000]  原來那個宇宙創造之主
[00:15:14.000 --> 00:15:16.000]  竟然就是看到
[00:15:16.000 --> 00:15:18.000]  那丁少的東西
[00:15:18.000 --> 00:15:20.000]  原來只有有那些東西
[00:15:20.000 --> 00:15:25.000]  但在我們的生命之中
[00:15:25.000 --> 00:15:26.000]  我們相信我們有
[00:15:26.000 --> 00:15:29.000]  我們手上那杯涼水是有的
[00:15:29.000 --> 00:15:31.000]  但很多時候我們姑息那杯涼水
[00:15:31.000 --> 00:15:33.000]  我們姑息我們手上所有的
[00:15:33.000 --> 00:15:37.000]  我們還要看別人的
[00:15:41.000 --> 00:15:43.000]  如果教會
[00:15:43.000 --> 00:15:45.000]  如果在我們的生命之中
[00:15:45.000 --> 00:15:47.000]  在我們相熟的朋友
[00:15:47.000 --> 00:15:49.000]  或者不是那麼相熟的朋友之中
[00:15:49.000 --> 00:15:50.000]  在生命之中
[00:15:50.000 --> 00:15:52.000]  如果他真的有這樣的需要
[00:15:52.000 --> 00:15:57.000]  你會不會伸出援手
[00:15:57.000 --> 00:15:58.000]  將那杯涼水
[00:15:58.000 --> 00:16:01.000]  搬這麼細小的一些幫助
[00:16:01.000 --> 00:16:03.000]  送到他的手中呢?
[00:16:03.000 --> 00:16:05.000]  我相信我們每一個人
[00:16:05.000 --> 00:16:08.000]  都在接受涼水這邊
[00:16:08.000 --> 00:16:10.000]  有很多的見證
[00:16:11.000 --> 00:16:14.000]  我相信如果今天我們在排隊做見證的話
[00:16:14.000 --> 00:16:16.000]  一定有很多的弟兄姊妹出來說
[00:16:16.000 --> 00:16:18.000]  是的,在我生命之中
[00:16:18.000 --> 00:16:19.000]  我不知道為什麼突然間
[00:16:19.000 --> 00:16:21.000]  耶和華以後有個信封來
[00:16:21.000 --> 00:16:23.000]  在我最需要的時候
[00:16:23.000 --> 00:16:24.000]  經濟最低迷
[00:16:24.000 --> 00:16:26.000]  最不起眼的時候
[00:16:26.000 --> 00:16:28.000]  竟然有人這樣踏出
[00:16:28.000 --> 00:16:30.000]  踏出一步幫助到我
[00:16:30.000 --> 00:16:35.000]  我相信在我們接受涼水這邊
[00:16:35.000 --> 00:16:37.000]  我們有很多很多的見證
[00:16:37.000 --> 00:16:44.000]  我記得很多年前
[00:16:44.000 --> 00:16:47.000]  70年代
[00:16:47.000 --> 00:16:49.000]  50年前起碼
[00:16:49.000 --> 00:16:54.000]  我拿到一個獎學金
[00:16:54.000 --> 00:16:55.000]  去外國讀書
[00:16:55.000 --> 00:16:57.000]  但是我連機票錢都沒有
[00:16:57.000 --> 00:17:03.000]  突然間有一天
[00:17:03.000 --> 00:17:05.000]  有個執事走過來跟我說
[00:17:05.000 --> 00:17:08.000]  柱英華,我買了一張機票送給你
[00:17:08.000 --> 00:17:13.000]  我真是感謝上帝
[00:17:13.000 --> 00:17:16.000]  不得了,真是
[00:17:16.000 --> 00:17:18.000]  我說上帝啊,你真是好
[00:17:18.000 --> 00:17:24.000]  當時747還未可以在啟德機場降落
[00:17:24.000 --> 00:17:26.000]  所以要搭飛機
[00:17:26.000 --> 00:17:28.000]  他弄了一張日航的飛機票
[00:17:28.000 --> 00:17:30.000]  所以搭飛機去日航
[00:17:30.000 --> 00:17:32.000]  搭日航飛機
[00:17:32.000 --> 00:17:34.000]  飛到日本
[00:17:34.000 --> 00:17:36.000]  再轉機747去到美國
[00:17:36.000 --> 00:17:40.000]  當我讀完書要走的時候
[00:17:40.000 --> 00:17:42.000]  經濟都不是那麼好轉
[00:17:42.000 --> 00:17:44.000]  突然間又收到一個
[00:17:44.000 --> 00:17:46.000]  另外一個執事寫來一封信
[00:17:46.000 --> 00:17:49.000]  Wait for remittance
[00:17:49.000 --> 00:17:51.000]  我也不知道remittance是什麼
[00:17:51.000 --> 00:17:54.000]  查一查字典
[00:17:54.000 --> 00:17:56.000]  原來是銀兩來的
[00:17:56.000 --> 00:18:01.000]  收到一張500元的美金的票
[00:18:02.000 --> 00:18:03.000]  你買飛機票
[00:18:03.000 --> 00:18:05.000]  回香港吧
[00:18:05.000 --> 00:18:09.000]  在我接受糧水的這一邊
[00:18:09.000 --> 00:18:13.000]  我相信每一個人都有很多的見證
[00:18:13.000 --> 00:18:15.000]  多謝一些人
[00:18:15.000 --> 00:18:18.000]  可能那幾百元美金對他們來說不是一件特別的事
[00:18:18.000 --> 00:18:21.000]  但對著接受糧水那邊
[00:18:21.000 --> 00:18:23.000]  打開帳戶裡面看
[00:18:23.000 --> 00:18:25.000]  都有十幾元,二十多三十元
[00:18:25.000 --> 00:18:29.000]  你看到那五百元就眼都大了
[00:18:30.000 --> 00:18:32.000]  在接受的這一邊
[00:18:32.000 --> 00:18:34.000]  感謝上帝
[00:18:34.000 --> 00:18:36.000]  但我們今天要講的就是說
[00:18:36.000 --> 00:18:38.000]  我們今天要學習
[00:18:38.000 --> 00:18:40.000]  做付出的那一邊
[00:18:40.000 --> 00:18:43.000]  看看你生命裡面有沒有做好幾年的人
[00:18:43.000 --> 00:18:45.000]  真的需要你手中那杯的糧水
[00:18:45.000 --> 00:18:48.000]  那個人可能是教會裡面的執事
[00:18:48.000 --> 00:18:50.000]  我有主學沒有人不教
[00:18:50.000 --> 00:18:52.000]  想怎麼也沒有人教
[00:18:52.000 --> 00:18:53.000]  我相信
[00:18:53.000 --> 00:18:55.000]  感受到沒有人
[00:18:55.000 --> 00:18:57.000]  不會叫人教主學的
[00:18:57.000 --> 00:18:59.000]  這個可能不是一個這麼好的例子
[00:18:59.000 --> 00:19:02.000]  因為有很多人很會教主學的
[00:19:02.000 --> 00:19:08.000]  如果你看看我們周圍有沒有一些有需要的人
[00:19:08.000 --> 00:19:11.000]  有沒有一些有需要的事工
[00:19:11.000 --> 00:19:13.000]  他需要的未必是錢
[00:19:13.000 --> 00:19:15.000]  他需要的是你手中那杯糧水
[00:19:15.000 --> 00:19:17.000]  是你的恩賜
[00:19:17.000 --> 00:19:19.000]  是你的時間
[00:19:19.000 --> 00:19:22.000]  是你肯不肯為他走出這一步的那個意願
[00:19:22.000 --> 00:19:25.000]  而那杯糧水就在你的手中
[00:19:26.000 --> 00:19:29.000]  你願不願意為上帝的緣故
[00:19:29.000 --> 00:19:30.000]  為教會的緣故
[00:19:30.000 --> 00:19:32.000]  為福音的緣故
[00:19:32.000 --> 00:19:34.000]  走那一步呢?
[00:19:34.000 --> 00:19:35.000]  當你走那一步的時候
[00:19:35.000 --> 00:19:37.000]  我們有很多的考慮
[00:19:37.000 --> 00:19:39.000]  我知道是有很多的考慮的
[00:19:39.000 --> 00:19:41.000]  我們上一代的牧者
[00:19:41.000 --> 00:19:43.000]  給我們留下一個非常美好的
[00:19:43.000 --> 00:19:46.000]  一個見證
[00:19:46.000 --> 00:19:47.000]  在教會裡面
[00:19:47.000 --> 00:19:49.000]  在我們周圍
[00:19:49.000 --> 00:19:50.000]  哪裡有需要
[00:19:50.000 --> 00:19:52.000]  就好像那裡有一個破口
[00:19:52.000 --> 00:19:53.000]  那裡有一個缺陷
[00:19:53.000 --> 00:19:55.000]  有一個需要的地方
[00:19:55.000 --> 00:19:57.000]  他就站在那裡
[00:19:57.000 --> 00:19:59.000]  他就靠上帝的恩典
[00:19:59.000 --> 00:20:01.000]  堵塞住那個破口
[00:20:01.000 --> 00:20:04.000]  今天我們可能沒有這種勇氣
[00:20:04.000 --> 00:20:05.000]  或者我們覺得
[00:20:05.000 --> 00:20:07.000]  我們的能力有限
[00:20:07.000 --> 00:20:10.000]  但你知道不是靠你的能力來做事的
[00:20:10.000 --> 00:20:13.000]  很多時候就靠上帝自己給我們的恩典
[00:20:13.000 --> 00:20:18.000]  看你肯不肯為上帝的付出
[00:20:18.000 --> 00:20:21.000]  你看到上帝的事工就這樣成了
[00:20:21.000 --> 00:20:24.000]  我們上一代有很多的牧師
[00:20:24.000 --> 00:20:25.000]  牧者
[00:20:25.000 --> 00:20:26.000]  傳道人
[00:20:26.000 --> 00:20:27.000]  大兄姊妹
[00:20:27.000 --> 00:20:30.000]  他們按照他們自己的了解
[00:20:30.000 --> 00:20:31.000]  將他們自己最好的
[00:20:31.000 --> 00:20:32.000]  看到那個破口
[00:20:32.000 --> 00:20:34.000]  他們就站在那個地方
[00:20:34.000 --> 00:20:37.000]  有些人連字都不懂的
[00:20:37.000 --> 00:20:38.000]  但是他晝夜就為教會
[00:20:38.000 --> 00:20:39.000]  為那個需要
[00:20:39.000 --> 00:20:41.000]  為那個破口來祈禱
[00:20:41.000 --> 00:20:43.000]  大聲呼喊地祈禱
[00:20:43.000 --> 00:20:45.000]  他知道他什麼都沒有
[00:20:45.000 --> 00:20:47.000]  他連字都不懂
[00:20:47.000 --> 00:20:49.000]  經濟又不好
[00:20:49.000 --> 00:20:50.000]  但是他說
[00:20:50.000 --> 00:20:51.000]  我只能夠為教會
[00:20:51.000 --> 00:20:52.000]  為那個需要
[00:20:52.000 --> 00:20:53.000]  為那個破口
[00:20:53.000 --> 00:20:55.000]  我就站在那個破口上面
[00:20:55.000 --> 00:20:57.000]  呼天蓋地的跟上帝說
[00:20:57.000 --> 00:20:58.000]  上帝啊
[00:20:58.000 --> 00:21:00.000]  我們有這樣的需要
[00:21:00.000 --> 00:21:01.000]  求你連須我們
[00:21:01.000 --> 00:21:02.000]  我們沒有所求
[00:21:02.000 --> 00:21:05.000]  我們只求上帝自己憐憫我們
[00:21:05.000 --> 00:21:07.000]  我聽過很多這樣的禱告
[00:21:07.000 --> 00:21:09.000]  因為早年代我們參加教會
[00:21:09.000 --> 00:21:10.000]  祈禱會的時候
[00:21:10.000 --> 00:21:11.000]  祈禱不是很小聲
[00:21:11.000 --> 00:21:12.000]  大家自己說
[00:21:12.000 --> 00:21:13.000]  自己聽到
[00:21:13.000 --> 00:21:15.000]  我們大聲祈禱
[00:21:15.000 --> 00:21:17.000]  所以我們學祈禱
[00:21:17.000 --> 00:21:19.000]  就是聽人祈禱
[00:21:19.000 --> 00:21:22.000]  很多的練道的大兄姊妹
[00:21:22.000 --> 00:21:25.000]  很多年紀大的執事
[00:21:25.000 --> 00:21:27.000]  跪在地板上
[00:21:27.000 --> 00:21:28.000]  跪在地板上
[00:21:28.000 --> 00:21:30.000]  跪在那裡祈禱
[00:21:30.000 --> 00:21:32.000]  有很多人今天不習慣跪
[00:21:32.000 --> 00:21:33.000]  關節炎
[00:21:33.000 --> 00:21:35.000]  跪了下來就起不了身
[00:21:35.000 --> 00:21:38.000]  但是那個年代
[00:21:38.000 --> 00:21:40.000]  我們二話不說就跪在那裡
[00:21:40.000 --> 00:21:42.000]  大聲地祈禱
[00:21:42.000 --> 00:21:43.000]  上帝啊
[00:21:43.000 --> 00:21:46.000]  祈禱到好像升旅區一樣
[00:21:46.000 --> 00:21:47.000]  上帝啊
[00:21:47.000 --> 00:21:48.000]  如果你不幫我
[00:21:48.000 --> 00:21:50.000]  真的沒有人可以幫我了
[00:21:50.000 --> 00:21:52.000]  我給出的只是這麼多
[00:21:52.000 --> 00:21:53.000]  我又沒有錢
[00:21:53.000 --> 00:21:54.000]  又沒有能力
[00:21:54.000 --> 00:21:55.000]  我什麼都沒有
[00:21:55.000 --> 00:21:56.000]  上帝啊
[00:21:56.000 --> 00:21:57.000]  我們是這樣的情況
[00:21:57.000 --> 00:21:58.000]  請你
[00:21:58.000 --> 00:21:59.000]  懇求你
[00:21:59.000 --> 00:22:00.000]  出乎你的憐憫
[00:22:00.000 --> 00:22:01.000]  請你幫助我們
[00:22:01.000 --> 00:22:03.000]  他看到需要
[00:22:03.000 --> 00:22:05.000]  他就盡他自己所能
[00:22:05.000 --> 00:22:07.000]  把那杯涼水擺出來
[00:22:07.000 --> 00:22:09.000]  原來那杯涼水就是
[00:22:09.000 --> 00:22:14.000]  用心地向上帝來呼喊
[00:22:14.000 --> 00:22:17.000]  上帝又聽他們的禱告
[00:22:18.000 --> 00:22:21.000]  容許我做一個很個人的見證
[00:22:21.000 --> 00:22:23.000]  今天早上見到梁醫生
[00:22:23.000 --> 00:22:24.000]  談了幾句
[00:22:24.000 --> 00:22:26.000]  問我當初的病是什麼病
[00:22:26.000 --> 00:22:30.000]  我大動脈撕裂的時候
[00:22:30.000 --> 00:22:31.000]  病情非常緊張
[00:22:31.000 --> 00:22:32.000]  非常緊要
[00:22:32.000 --> 00:22:33.000]  我不說那些了
[00:22:33.000 --> 00:22:36.000]  但是有一天我回到教會那裡
[00:22:36.000 --> 00:22:38.000]  有一個年老的姐妹
[00:22:38.000 --> 00:22:40.000]  一見到我的時候
[00:22:40.000 --> 00:22:42.000]  她帶著眼淚這樣跟我說
[00:22:42.000 --> 00:22:44.000]  她說儲牧師
[00:22:46.000 --> 00:22:48.000]  你是我們
[00:22:48.000 --> 00:22:54.000]  你是我們和上帝求回來的
[00:22:54.000 --> 00:23:00.000]  當我聽到這樣一個說話的時候
[00:23:00.000 --> 00:23:03.000]  我知道他們所有的沒有
[00:23:03.000 --> 00:23:05.000]  但他們所有的
[00:23:05.000 --> 00:23:07.000]  只是見到一個神的僕人
[00:23:07.000 --> 00:23:09.000]  在病危之中
[00:23:09.000 --> 00:23:11.000]  十幾個小時的手術
[00:23:11.000 --> 00:23:14.000]  還沒有出到手術房
[00:23:14.000 --> 00:23:17.000]  是病在危急之中
[00:23:17.000 --> 00:23:23.000]  她說你是我們從上帝那裡求回來的
[00:23:23.000 --> 00:23:27.000]  一杯涼水
[00:23:27.000 --> 00:23:29.000]  我在這邊
[00:23:29.000 --> 00:23:31.000]  他們所付出的是什麼呢
[00:23:31.000 --> 00:23:33.000]  不斷地向上帝禱告
[00:23:33.000 --> 00:23:35.000]  求上帝求回來
[00:23:35.000 --> 00:23:38.000]  各位
[00:23:38.000 --> 00:23:43.000]  如果各位駕著天雲降臨去上帝
[00:23:44.000 --> 00:23:46.000]  烈天而降
[00:23:46.000 --> 00:23:48.000]  帶著審判的能力
[00:23:48.000 --> 00:23:50.000]  這麼大的陣仗
[00:23:50.000 --> 00:23:52.000]  來到這個地上
[00:23:52.000 --> 00:23:55.000]  他要看的竟然是一杯涼水
[00:23:55.000 --> 00:23:59.000]  是你在生命裡面
[00:23:59.000 --> 00:24:02.000]  為他所做的很細微
[00:24:02.000 --> 00:24:06.000]  旁邊的人看來很不起眼的事
[00:24:06.000 --> 00:24:09.000]  我相信在我們的生命之中
[00:24:09.000 --> 00:24:10.000]  你有很多機會
[00:24:10.000 --> 00:24:11.000]  做這樣的事
[00:24:11.000 --> 00:24:12.000]  有很多機會
[00:24:12.000 --> 00:24:14.000]  你有機會做
[00:24:14.000 --> 00:24:15.000]  但是你沒有做到的
[00:24:15.000 --> 00:24:17.000]  或者很輕忽地過去的
[00:24:17.000 --> 00:24:20.000]  我們求主開我們的眼睛
[00:24:20.000 --> 00:24:22.000]  在聖誕節這個日子裡面
[00:24:22.000 --> 00:24:24.000]  讓我們看清楚
[00:24:24.000 --> 00:24:26.000]  原來我們手上有一杯這麼重要的
[00:24:26.000 --> 00:24:27.000]  小小的涼水
[00:24:27.000 --> 00:24:29.000]  這些事
[00:24:29.000 --> 00:24:33.000]  你要做在最小的弟兄身上
[00:24:33.000 --> 00:24:35.000]  就是做在我們身上
[00:24:35.000 --> 00:24:38.000]  在接下來這個日子裡面
[00:24:38.000 --> 00:24:41.000]  能夠為上帝找一個機會
[00:24:41.000 --> 00:24:43.000]  用你手上的這杯涼水
[00:24:43.000 --> 00:24:47.000]  如果你身邊看到有一個需要
[00:24:47.000 --> 00:24:49.000]  可以成為一個很大的破口
[00:24:49.000 --> 00:24:52.000]  你就站在那個破口裡面
[00:24:52.000 --> 00:24:54.000]  擁抱著十字架
[00:24:54.000 --> 00:24:56.000]  擁抱著上帝自己的恩典
[00:24:56.000 --> 00:24:57.000]  就站在那個地方
[00:24:57.000 --> 00:24:59.000]  用你自己所有的一切
[00:24:59.000 --> 00:25:01.000]  可能是一杯涼水
[00:25:01.000 --> 00:25:03.000]  可能是你的恩賜
[00:25:03.000 --> 00:25:04.000]  可能是你的時間
[00:25:04.000 --> 00:25:08.000]  可能是你願意走出一步的那個意願
[00:25:08.000 --> 00:25:11.000]  就看到上帝自己的工作
[00:25:11.000 --> 00:25:14.000]  馬太在很多其他地方
[00:25:14.000 --> 00:25:15.000]  來解決我們一個問題
[00:25:15.000 --> 00:25:17.000]  提醒我們一個問題
[00:25:17.000 --> 00:25:20.000]  我們當我們讀到這樣的經文的時候
[00:25:20.000 --> 00:25:21.000]  我們在神學上
[00:25:21.000 --> 00:25:22.000]  我們即時就想到
[00:25:22.000 --> 00:25:25.000]  保祿不是說我們不需要靠
[00:25:25.000 --> 00:25:27.000]  我們所做的事
[00:25:27.000 --> 00:25:30.000]  來得到上帝自己的稱來嗎?
[00:25:30.000 --> 00:25:34.000]  我們是因信的
[00:25:34.000 --> 00:25:37.000]  但是雅各就告訴我們
[00:25:37.000 --> 00:25:40.000]  你信了之後應該有個行為的
[00:25:40.000 --> 00:25:42.000]  你不要以為你信了之後
[00:25:42.000 --> 00:25:43.000]  就可以盤欄
[00:25:43.000 --> 00:25:44.000]  什麼都不做
[00:25:44.000 --> 00:25:45.000]  不行的
[00:25:45.000 --> 00:25:46.000]  你信了之後
[00:25:46.000 --> 00:25:47.000]  你就有一個的行動
[00:25:47.000 --> 00:25:48.000]  要用信心
[00:25:48.000 --> 00:25:51.000]  將你的信心實行在生活之中
[00:25:51.000 --> 00:25:54.000]  這個雅各基本要講的道理
[00:25:54.000 --> 00:25:57.000]  但是馬太就用另外一些字眼告訴我們
[00:25:57.000 --> 00:25:59.000]  你們的義
[00:25:59.000 --> 00:26:00.000]  公義的義
[00:26:00.000 --> 00:26:01.000]  就是你們的好行為
[00:26:01.000 --> 00:26:03.000]  按照上帝給你的恩典
[00:26:03.000 --> 00:26:04.000]  加給你的力量
[00:26:04.000 --> 00:26:06.000]  在生活裡面所做的一個
[00:26:06.000 --> 00:26:08.000]  符合基督體統的行為
[00:26:08.000 --> 00:26:09.000]  你們的義
[00:26:09.000 --> 00:26:12.000]  若不勝過文字與法理在人的義
[00:26:12.000 --> 00:26:14.000]  斷不能進天國
[00:26:14.000 --> 00:26:16.000]  它的價碼很大很高的
[00:26:16.000 --> 00:26:17.000]  你將這些經文
[00:26:17.000 --> 00:26:18.000]  全部放在一起看
[00:26:18.000 --> 00:26:19.000]  你就知道
[00:26:19.000 --> 00:26:21.000]  原來我們今天信了主之後
[00:26:21.000 --> 00:26:24.000]  在生活裡面的所有的行為
[00:26:24.000 --> 00:26:28.000]  是和上帝有關的
[00:26:35.000 --> 00:26:37.000]  如果我們手中有一杯涼水
[00:26:37.000 --> 00:26:40.000]  到了那天交帳的時候
[00:26:40.000 --> 00:26:43.000]  我們手中仍然是那杯涼水
[00:26:43.000 --> 00:26:46.000]  我們交不了帳的
[00:26:46.000 --> 00:26:49.000]  你手中那杯涼水
[00:26:49.000 --> 00:26:52.000]  用出去吧
[00:26:52.000 --> 00:26:55.000]  看到破口
[00:26:55.000 --> 00:26:56.000]  站在破口那裡
[00:26:56.000 --> 00:26:57.000]  站立得穩固
[00:26:57.000 --> 00:27:00.000]  看到身邊有需要的
[00:27:00.000 --> 00:27:02.000]  無論是教會
[00:27:02.000 --> 00:27:03.000]  無論是士工
[00:27:03.000 --> 00:27:04.000]  無論是人
[00:27:04.000 --> 00:27:05.000]  無論是你的親友
[00:27:05.000 --> 00:27:08.000]  用那杯涼水
[00:27:08.000 --> 00:27:10.000]  你就看到上帝
[00:27:10.000 --> 00:27:12.000]  在你生命裡面的工作
[00:27:12.000 --> 00:27:14.000]  我用一個故事來結束
[00:27:14.000 --> 00:27:19.000]  大家或許聽過李文斯頓這個人的名字
[00:27:19.000 --> 00:27:23.000]  李文斯頓是一個很出色的宣教士
[00:27:23.000 --> 00:27:24.000]  英國人
[00:27:24.000 --> 00:27:28.000]  他在1813年3月19日出生
[00:27:28.000 --> 00:27:30.000]  在1873年5月1日
[00:27:30.000 --> 00:27:31.000]  即是60歲
[00:27:31.000 --> 00:27:32.000]  剛做了60歲
[00:27:32.000 --> 00:27:34.000]  生命好像很短 60歲
[00:27:34.000 --> 00:27:35.000]  以今天的年代來看
[00:27:35.000 --> 00:27:37.000]  60歲好像很年輕
[00:27:37.000 --> 00:27:38.000]  不是好像
[00:27:38.000 --> 00:27:39.000]  簡直是很年輕
[00:27:39.000 --> 00:27:43.000]  但這位李文斯頓
[00:27:43.000 --> 00:27:44.000]  李文斯頓
[00:27:44.000 --> 00:27:48.000]  在非洲那裡復工
[00:27:48.000 --> 00:27:49.000]  見了他一生
[00:27:49.000 --> 00:27:52.000]  但他被譽為一個探險家
[00:27:52.000 --> 00:27:54.000]  為什麼呢
[00:27:54.000 --> 00:27:56.000]  因為非洲有很多地方
[00:27:56.000 --> 00:27:58.000]  是他首先第一個去到的
[00:27:58.000 --> 00:27:59.000]  有很多地點
[00:27:59.000 --> 00:28:01.000]  是他首先去到的
[00:28:01.000 --> 00:28:03.000]  所以現在非洲有很多的城市
[00:28:03.000 --> 00:28:04.000]  是用他的名字
[00:28:04.000 --> 00:28:06.000]  所以到處都有李文斯頓的事
[00:28:06.000 --> 00:28:08.000]  所以你不知道
[00:28:08.000 --> 00:28:09.000]  有很多這樣的地點
[00:28:09.000 --> 00:28:11.000]  有很多的瀑布
[00:28:11.000 --> 00:28:12.000]  有很多的水源
[00:28:12.000 --> 00:28:13.000]  有很多的東西
[00:28:13.000 --> 00:28:14.000]  是他第一個去到
[00:28:14.000 --> 00:28:15.000]  將他放在地圖上
[00:28:15.000 --> 00:28:17.000]  原來這個黑暗的大陸裡面
[00:28:17.000 --> 00:28:19.000]  有一個這樣的地方
[00:28:19.000 --> 00:28:21.000]  有一個這麼美麗的地方
[00:28:21.000 --> 00:28:22.000]  有一個這麼美麗的人
[00:28:22.000 --> 00:28:24.000]  不是全部都是殺人族
[00:28:24.000 --> 00:28:25.000]  吃人族
[00:28:25.000 --> 00:28:26.000]  非常恐怖
[00:28:26.000 --> 00:28:28.000]  在一片黑暗的大陸裡面
[00:28:28.000 --> 00:28:30.000]  他逐一逐一的走
[00:28:30.000 --> 00:28:32.000]  逐一逐一的去宣傳
[00:28:32.000 --> 00:28:34.000]  將呼音帶到遠方
[00:28:34.000 --> 00:28:35.000]  一路帶到遠方的時候
[00:28:35.000 --> 00:28:37.000]  將他自己的喜好
[00:28:37.000 --> 00:28:38.000]  就是探險
[00:28:38.000 --> 00:28:39.000]  將他放在地圖上
[00:28:39.000 --> 00:28:40.000]  使很多人得意
[00:28:40.000 --> 00:28:42.000]  讓歐洲
[00:28:42.000 --> 00:28:43.000]  特別是歐洲那邊
[00:28:43.000 --> 00:28:45.000]  有很多人認識這個黑暗大陸
[00:28:45.000 --> 00:28:49.000]  所以他做了一件非常美好的事
[00:28:49.000 --> 00:28:54.000]  但當他離開世界的時候
[00:28:54.000 --> 00:28:59.000]  英國議會出了一個通告
[00:28:59.000 --> 00:29:01.000]  要將李文斯頓的遺體
[00:29:01.000 --> 00:29:02.000]  帶回英國
[00:29:02.000 --> 00:29:04.000]  葬在威斯敏斯特阿爾比
[00:29:04.000 --> 00:29:07.000]  葬在威敏士
[00:29:07.000 --> 00:29:12.000]  那些是名人才能坐下去的
[00:29:12.000 --> 00:29:16.000]  但非洲人說不行
[00:29:16.000 --> 00:29:17.000]  不行
[00:29:17.000 --> 00:29:20.000]  他將他自己的一生
[00:29:20.000 --> 00:29:23.000]  帶給非洲
[00:29:23.000 --> 00:29:26.000]  他用他手中最小的
[00:29:26.000 --> 00:29:29.000]  但將他的恩賜用在非洲
[00:29:29.000 --> 00:29:30.000]  如果不是他
[00:29:30.000 --> 00:29:32.000]  呼音不會來到我們這裡
[00:29:32.000 --> 00:29:33.000]  如果不是他
[00:29:33.000 --> 00:29:36.000]  我們有很多的世界級的名聲
[00:29:36.000 --> 00:29:38.000]  世界級的城市
[00:29:38.000 --> 00:29:39.000]  不能夠向外界來
[00:29:39.000 --> 00:29:41.000]  讓外界知道
[00:29:41.000 --> 00:29:42.000]  就是因為他
[00:29:42.000 --> 00:29:44.000]  就是因為他
[00:29:44.000 --> 00:29:46.000]  所以幾經商量
[00:29:46.000 --> 00:29:48.000]  大家決議之後
[00:29:48.000 --> 00:29:49.000]  做了一個
[00:29:49.000 --> 00:29:55.000]  都挺血腥的一個決定
[00:29:55.000 --> 00:29:56.000]  非洲人說不行
[00:29:56.000 --> 00:29:58.000]  你可以將他的遺體帶走
[00:29:58.000 --> 00:30:00.000]  但你不能夠將他的心臟帶走
[00:30:00.000 --> 00:30:02.000]  所以將李文斯頓通告之後
[00:30:02.000 --> 00:30:04.000]  將他的心臟挖了出來
[00:30:04.000 --> 00:30:05.000]  葬在非洲
[00:30:05.000 --> 00:30:09.000]  然後非洲人決定
[00:30:09.000 --> 00:30:11.000]  用很多的鹽
[00:30:11.000 --> 00:30:13.000]  將他的遺體埋著
[00:30:13.000 --> 00:30:16.000]  用很多層的布包著之後
[00:30:16.000 --> 00:30:19.000]  行走一千公里
[00:30:19.000 --> 00:30:22.000]  走了差不多一個月的時間
[00:30:22.000 --> 00:30:24.000]  抬著他的遺體
[00:30:24.000 --> 00:30:28.000]  由內陸抬到港口
[00:30:28.000 --> 00:30:31.000]  然後由英國的軍艦
[00:30:31.000 --> 00:30:32.000]  將他帶回英國
[00:30:32.000 --> 00:30:35.000]  葬在威斯敏斯特阿比
[00:30:35.000 --> 00:30:41.000]  領受了一杯涼水的非洲人
[00:30:41.000 --> 00:30:43.000]  為這個被涼水拘留的人
[00:30:43.000 --> 00:30:46.000]  只能夠做到一件事
[00:30:46.000 --> 00:30:50.000]  將他的心留在非洲
[00:30:50.000 --> 00:30:53.000]  我相信在我們中間
[00:30:53.000 --> 00:30:55.000]  有很多弟兄姊妹
[00:30:55.000 --> 00:30:57.000]  手中仍然有那杯涼水
[00:30:57.000 --> 00:31:01.000]  我願意以上帝的性命感動你
[00:31:01.000 --> 00:31:03.000]  環顧一下
[00:31:03.000 --> 00:31:04.000]  在教會
[00:31:04.000 --> 00:31:05.000]  在我們的社區
[00:31:05.000 --> 00:31:07.000]  在我們的生活圈子裏面
[00:31:07.000 --> 00:31:10.000]  有沒有需要那杯涼水的人
[00:31:10.000 --> 00:31:12.000]  求主憐憫我們
[00:31:12.000 --> 00:31:13.000]  我們一切祈禱
[00:31:13.000 --> 00:31:15.000]  天父上帝我們多謝你
[00:31:15.000 --> 00:31:17.000]  求你教導我們
[00:31:17.000 --> 00:31:19.000]  讓我們善用手上
[00:31:19.000 --> 00:31:21.000]  你給我們的資源
[00:31:21.000 --> 00:31:24.000]  恩慈、健康、時間
[00:31:24.000 --> 00:31:26.000]  讓我們所做的一切
[00:31:26.000 --> 00:31:28.000]  都能夠帶榮耀給你
[00:31:28.000 --> 00:31:31.000]  讓眾人看到我們好的行為
[00:31:31.000 --> 00:31:34.000]  將榮耀歸給我們在天上的父
[00:31:34.000 --> 00:31:37.000]  在聖誕節的時間裏面
[00:31:37.000 --> 00:31:39.000]  願主憐憫我們
[00:31:39.000 --> 00:31:41.000]  我們知道你給我們很多的機會
[00:31:41.000 --> 00:31:43.000]  但願我們善用這些機會
[00:31:43.000 --> 00:31:45.000]  善用手上的資源
[00:31:45.000 --> 00:31:47.000]  多謝主隨聽我們的禱告
[00:31:47.000 --> 00:31:49.000]  奉耶穌基督的聖名

