
[00:00:00.000 --> 00:00:04.500]  大海日落的方向,都要作你們的疆土。
[00:00:04.500 --> 00:00:09.300]  你一生的日子,必無人能在你面前站立得住。
[00:00:09.300 --> 00:00:13.900]  我怎樣與摩西同在,也必照樣與你同在。
[00:00:13.900 --> 00:00:17.200]  我必不撇下你,也不丟棄你。
[00:00:17.200 --> 00:00:22.800]  你當剛強壯膽,因為你必使者百姓承受那地為業。
[00:00:22.800 --> 00:00:27.700]  就是我向他們列祖起誓要給他們的地。
[00:00:27.700 --> 00:00:32.000]  第七節,只要剛強大大壯膽,
[00:00:32.000 --> 00:00:37.500]  謹守遵行我僕人摩西所吩咐你的一切律法,
[00:00:37.500 --> 00:00:43.300]  不可偏離左右,使你無論往那裡去,都可以順利。
[00:00:43.300 --> 00:00:48.300]  這律法書不可離開你的口,總要晝夜思想,
[00:00:48.300 --> 00:00:52.500]  好使你謹守遵行這書上所寫的一切話。
[00:00:52.500 --> 00:00:57.300]  如此你的道路就可以亨通,凡事順利。
[00:00:57.300 --> 00:01:03.500]  我豈沒有吩咐你嗎?你當剛強壯膽,不要懼怕,也不要驚慌,
[00:01:03.500 --> 00:01:08.700]  因為你無論往那裡去,耶和華你的神必與你同在。
[00:01:08.700 --> 00:01:13.900]  好,接著是第二部分,第十八節,片頭一頁就行了。
[00:01:13.900 --> 00:01:20.200]  無論什麼人違背你的命令,不聽從你所吩咐他的一切話,
[00:01:20.200 --> 00:01:25.500]  就必處死,你要剛強壯膽。
[00:01:25.500 --> 00:01:28.500]  經文讀筆將時間交給朱牧師。
[00:01:28.500 --> 00:01:33.500]  主席
[00:01:34.500 --> 00:01:38.500]  主席
[00:01:38.500 --> 00:01:43.500]  主席
[00:01:44.500 --> 00:01:49.500]  主席
[00:01:49.500 --> 00:02:17.500]  主席
[00:02:18.500 --> 00:02:21.500]  主席
[00:02:22.500 --> 00:02:28.500]  「你當剛強壯膽」
[00:02:28.500 --> 00:02:32.500]  是今天跟大家思想的重點。
[00:02:32.500 --> 00:02:34.500]  「你當剛強壯膽」
[00:02:34.500 --> 00:02:43.500]  其實這段經文,神說了三次,直接跟約書亞說了三次。
[00:02:43.500 --> 00:02:47.500]  如果要說這麼多次,
[00:02:47.500 --> 00:02:54.500]  約書亞當然很害怕,很怒,心裡不太定,
[00:02:54.500 --> 00:02:57.500]  所以神才說了三、四次。
[00:02:57.500 --> 00:03:01.500]  其實不止三次,在這段經文,第二、最後一節,
[00:03:01.500 --> 00:03:07.500]  又告訴我們,有另外一班人要跟著約書亞出去打仗,
[00:03:07.500 --> 00:03:10.500]  要跟著約書亞過日間河。
[00:03:10.500 --> 00:03:15.500]  他們都用上帝的口吻來鼓勵約書亞說,
[00:03:15.500 --> 00:03:19.500]  「你不用怕,你當剛強壯膽」。
[00:03:19.500 --> 00:03:23.500]  待會兒有時間我們再看《生命記》第三、四、一章,
[00:03:23.500 --> 00:03:27.500]  上帝又說了三次給以色列人聽,
[00:03:27.500 --> 00:03:30.500]  其實是說給約書亞聽,
[00:03:30.500 --> 00:03:33.500]  又說給約書亞一起的以色列人聽,
[00:03:33.500 --> 00:03:37.500]  叫約書亞和所有的人,以色列人,
[00:03:37.500 --> 00:03:40.500]  不用怕,你當剛強壯膽。
[00:03:40.500 --> 00:03:44.500]  所以第一件事大家思想的就是,怕什麼呢?
[00:03:44.500 --> 00:03:48.500]  為什麼要說這麼多次叫他不要怕呢?
[00:03:48.500 --> 00:03:53.500]  如果按歷史的事實背景,
[00:03:53.500 --> 00:04:00.500]  就是說到當神所重用的僕人摩西離開世界,
[00:04:00.500 --> 00:04:05.500]  那神就要接班人約書亞,
[00:04:05.500 --> 00:04:11.500]  正式承擔一個很清楚的使命,
[00:04:11.500 --> 00:04:14.500]  就是說很多年前,
[00:04:14.500 --> 00:04:20.500]  當神差遣摩西來跟法老講數的時候,
[00:04:20.500 --> 00:04:23.500]  如果你看回聖經是這樣的,
[00:04:23.500 --> 00:04:28.500]  以色列人是阿伯拉罕的後裔,
[00:04:28.500 --> 00:04:34.500]  神的好朋友阿伯拉罕是一個完全依靠神的人,
[00:04:34.500 --> 00:04:38.500]  所以神就說,將來你會子孫很多,
[00:04:38.500 --> 00:04:43.500]  好到好像天上的星,地上的沙這麼多,
[00:04:43.500 --> 00:04:45.500]  天上的星很多,
[00:04:45.500 --> 00:04:49.500]  但整個是說聽聽看,
[00:04:49.500 --> 00:04:51.500]  如果你有電視看,
[00:04:51.500 --> 00:04:53.500]  national geographic,
[00:04:53.500 --> 00:04:55.500]  經常有太空的東西看,
[00:04:55.500 --> 00:04:57.500]  嚇得你腳軟,
[00:04:57.500 --> 00:05:00.500]  隨便人類厲害一點,
[00:05:00.500 --> 00:05:05.500]  那些儀器也好,人造衛星也好,太空鏡也好,
[00:05:05.500 --> 00:05:08.500]  看遠一點,
[00:05:08.500 --> 00:05:11.500]  那些星多到嚇死你,
[00:05:11.500 --> 00:05:13.500]  多到沒理由這麼多,
[00:05:13.500 --> 00:05:15.500]  不過就是這麼多,
[00:05:15.500 --> 00:05:18.500]  如果去沙灘就知道有三十多,
[00:05:18.500 --> 00:05:19.500]  當然不知道,
[00:05:19.500 --> 00:05:20.500]  只有一個多字,
[00:05:20.500 --> 00:05:23.500]  神對阿伯拉罕答應他,
[00:05:23.500 --> 00:05:25.500]  第一,因為你敬畏我,
[00:05:25.500 --> 00:05:27.500]  我眷顧你很多子孫,
[00:05:27.500 --> 00:05:31.500]  用詞,不過是一個恩典的描繪,
[00:05:31.500 --> 00:05:34.500]  好像天上的星,地上的沙,
[00:05:34.500 --> 00:05:37.500]  第二,不單是這樣,
[00:05:37.500 --> 00:05:42.500]  我答應你,你的後裔成為一個大民族,
[00:05:42.500 --> 00:05:45.500]  我做他們的爸爸,
[00:05:45.500 --> 00:05:48.500]  我愛他們愛到底,
[00:05:48.500 --> 00:05:52.500]  我顧他們,顧得很周全,
[00:05:52.500 --> 00:05:56.500]  我保護他們,我領導他們,
[00:05:56.500 --> 00:05:58.500]  有時他們不太妥當,
[00:05:58.500 --> 00:06:00.500]  都說這班人不乖,
[00:06:00.500 --> 00:06:03.500]  我隨便摑兩巴掌,
[00:06:03.500 --> 00:06:05.500]  親就親到足,
[00:06:05.500 --> 00:06:07.500]  所以阿伯拉罕,你的後裔,
[00:06:07.500 --> 00:06:12.500]  以色列人,世世代代我都要祝福他,
[00:06:12.500 --> 00:06:13.500]  所以那就是第一集,
[00:06:13.500 --> 00:06:15.500]  阿伯拉罕的後裔,以色列人,
[00:06:15.500 --> 00:06:17.500]  誰知過了不久,
[00:06:17.500 --> 00:06:19.500]  阿伯拉罕生以撒,
[00:06:19.500 --> 00:06:21.500]  以撒生雅各,
[00:06:21.500 --> 00:06:25.500]  雅各的後裔,
[00:06:25.500 --> 00:06:28.500]  他們去到埃及地,
[00:06:28.500 --> 00:06:31.500]  一代一代去到埃及地,
[00:06:31.500 --> 00:06:33.500]  去了四百年,
[00:06:33.500 --> 00:06:37.500]  到最後他們忘記了神,
[00:06:37.500 --> 00:06:40.500]  連神的名字都不認得,
[00:06:40.500 --> 00:06:43.500]  於是他們很痛苦的時候,
[00:06:43.500 --> 00:06:45.500]  人窮得呼天,
[00:06:45.500 --> 00:06:47.500]  以色列人都不例外,
[00:06:47.500 --> 00:06:49.500]  他們很慘,
[00:06:49.500 --> 00:06:52.500]  慘到不得了,因為做奴隸是慘的,
[00:06:52.500 --> 00:06:54.500]  沒有自由是慘的,
[00:06:54.500 --> 00:06:56.500]  沒有尊嚴是慘的,
[00:06:56.500 --> 00:06:58.500]  所以他們找神,
[00:06:58.500 --> 00:07:01.500]  但淒涼了,找神拜都不知如何,
[00:07:01.500 --> 00:07:03.500]  因為知道那套是不靈的,
[00:07:03.500 --> 00:07:07.500]  知道的了,假神怎會靈,
[00:07:07.500 --> 00:07:10.500]  有些多數是假,多數不靈,
[00:07:10.500 --> 00:07:12.500]  可能有些都靈,
[00:07:12.500 --> 00:07:16.500]  不過埃及人拜那些靈的神,
[00:07:16.500 --> 00:07:19.500]  我們希伯來多偉大都不要拜他,
[00:07:19.500 --> 00:07:21.500]  因為他靈七黑我們,
[00:07:21.500 --> 00:07:24.500]  埃及那些神應該都幾靈,
[00:07:24.500 --> 00:07:26.500]  有些是靈的,
[00:07:26.500 --> 00:07:30.500]  所以他可以欺負我們,
[00:07:30.500 --> 00:07:32.500]  迫害我們那麼久,
[00:07:32.500 --> 00:07:34.500]  壓到我們沒氣頭,
[00:07:34.500 --> 00:07:36.500]  所以那些神,
[00:07:36.500 --> 00:07:38.500]  死我都不拜,很慘,
[00:07:38.500 --> 00:07:41.500]  不知哪處有神,
[00:07:41.500 --> 00:07:43.500]  不知誰是真神,
[00:07:43.500 --> 00:07:45.500]  又很需要找神,
[00:07:45.500 --> 00:07:47.500]  在痛苦到極的時候,
[00:07:47.500 --> 00:07:49.500]  神就告訴摩西,
[00:07:49.500 --> 00:07:51.500]  正好時間,
[00:07:51.500 --> 00:07:53.500]  所以神就要摩西,
[00:07:53.500 --> 00:08:00.500]  那裡就說要將以色列人帶離開埃及,
[00:08:00.500 --> 00:08:02.500]  去哪裏呢?去抗日,
[00:08:02.500 --> 00:08:06.500]  做甚麼呢?去敬拜我們祖宗的神,
[00:08:06.500 --> 00:08:08.500]  所以以色列人離開埃及,
[00:08:08.500 --> 00:08:09.500]  在神引導之下,
[00:08:09.500 --> 00:08:13.500]  走那條路是親就神的道,
[00:08:13.500 --> 00:08:15.500]  就神之道,
[00:08:15.500 --> 00:08:19.500]  那條路是敬拜神的路,
[00:08:19.500 --> 00:08:22.500]  這個旅程開始了,
[00:08:22.500 --> 00:08:25.500]  誰知走了不遠,
[00:08:25.500 --> 00:08:28.500]  其實是一開始離開,
[00:08:28.500 --> 00:08:32.500]  這一班本來很開心找到真神,
[00:08:32.500 --> 00:08:35.500]  這個耶和華神真的靈,
[00:08:35.500 --> 00:08:37.500]  埃及十災,
[00:08:37.500 --> 00:08:40.500]  就將那些假神打到一仆一窿,
[00:08:40.500 --> 00:08:42.500]  所有那些假神,
[00:08:42.500 --> 00:08:43.500]  說靈的那些,
[00:08:43.500 --> 00:08:45.500]  保護埃及人那些,
[00:08:45.500 --> 00:08:47.500]  上帝一出手,
[00:08:47.500 --> 00:08:50.500]  全部沒得談,贏了,
[00:08:50.500 --> 00:08:53.500]  第二,上帝又叫以色列人,
[00:08:53.500 --> 00:08:55.500]  即是他是猶太人,
[00:08:55.500 --> 00:08:57.500]  猶太人應該在民族性裏面,
[00:08:57.500 --> 00:08:58.500]  在根裏面,
[00:08:58.500 --> 00:09:01.500]  在DNA裏面喜歡錢,
[00:09:01.500 --> 00:09:03.500]  他們一走的時候,
[00:09:03.500 --> 00:09:05.500]  上帝又叫他們,
[00:09:05.500 --> 00:09:07.500]  撈到很多錢走,
[00:09:07.500 --> 00:09:09.500]  那些埃及人買多怕?
[00:09:09.500 --> 00:09:10.500]  要金就給金,
[00:09:10.500 --> 00:09:11.500]  要銀就給銀,
[00:09:11.500 --> 00:09:13.500]  要牛羊就給牛羊,
[00:09:13.500 --> 00:09:16.500]  本來昨天是窮光蛋,
[00:09:16.500 --> 00:09:19.500]  今天個個起碼中產,
[00:09:19.500 --> 00:09:21.500]  拿了很多豐富走了,
[00:09:21.500 --> 00:09:23.500]  所以那班以色列人,
[00:09:23.500 --> 00:09:25.500]  應該知道,
[00:09:25.500 --> 00:09:27.500]  神是靈的,
[00:09:27.500 --> 00:09:29.500]  這條開始走的就神之道,
[00:09:29.500 --> 00:09:31.500]  是好的,
[00:09:31.500 --> 00:09:33.500]  誰知,
[00:09:33.500 --> 00:09:35.500]  一有困難來到,
[00:09:35.500 --> 00:09:36.500]  前無去路,
[00:09:36.500 --> 00:09:38.500]  去到紅海的邊緣,
[00:09:38.500 --> 00:09:40.500]  後有追兵,
[00:09:40.500 --> 00:09:42.500]  他們是怕死,
[00:09:42.500 --> 00:09:44.500]  馬上就埋怨,
[00:09:44.500 --> 00:09:45.500]  馬上就埋怨,
[00:09:45.500 --> 00:09:47.500]  摩西即是埋怨,
[00:09:47.500 --> 00:09:49.500]  摩西所信的神,
[00:09:49.500 --> 00:09:52.500]  為何要出來?
[00:09:52.500 --> 00:09:55.500]  埃及沒有好的風水地,
[00:09:55.500 --> 00:09:58.500]  可以死得安樂安閉嗎?
[00:09:58.500 --> 00:10:02.500]  不用風水佬看都知道,
[00:10:02.500 --> 00:10:03.500]  埃及有很多地方,
[00:10:03.500 --> 00:10:05.500]  是死人很好的,
[00:10:05.500 --> 00:10:07.500]  不是埃及文化之一,
[00:10:07.500 --> 00:10:09.500]  就建金字塔,
[00:10:09.500 --> 00:10:10.500]  讓皇帝死了之後,
[00:10:10.500 --> 00:10:12.500]  死得安樂,
[00:10:12.500 --> 00:10:14.500]  死,
[00:10:14.500 --> 00:10:15.500]  憤怒,
[00:10:15.500 --> 00:10:17.500]  只有埃及有很多,
[00:10:17.500 --> 00:10:19.500]  所以猶太人真的,
[00:10:19.500 --> 00:10:22.500]  埋怨得很慘,
[00:10:22.500 --> 00:10:24.500]  埃及地沒有地方死嗎?
[00:10:24.500 --> 00:10:25.500]  要我們出來死,
[00:10:25.500 --> 00:10:27.500]  真是很淒涼,
[00:10:27.500 --> 00:10:29.500]  一開始就埋怨,
[00:10:29.500 --> 00:10:33.500]  幸好神帶領他們離開了,
[00:10:33.500 --> 00:10:36.500]  過了紅海,
[00:10:36.500 --> 00:10:38.500]  但他們又開始背叛,
[00:10:38.500 --> 00:10:40.500]  開始埋怨,
[00:10:40.500 --> 00:10:43.500]  神就知道如果不操練他們,
[00:10:43.500 --> 00:10:45.500]  不培訓他們,
[00:10:45.500 --> 00:10:47.500]  不打擊他們,
[00:10:47.500 --> 00:10:49.500]  讓他們長進,
[00:10:49.500 --> 00:10:51.500]  不供應他們,
[00:10:51.500 --> 00:10:54.500]  讓他們養得妥當的時候,
[00:10:54.500 --> 00:10:57.500]  才知道神那麼豐富,
[00:10:57.500 --> 00:11:02.500]  他們沒有資格去承擔神所有福氣,
[00:11:02.500 --> 00:11:05.500]  去到迦南英許之地,
[00:11:05.500 --> 00:11:07.500]  所以第一站,
[00:11:07.500 --> 00:11:12.500]  離開埃及敬拜神這條路,
[00:11:12.500 --> 00:11:14.500]  第一站,
[00:11:14.500 --> 00:11:15.500]  一過了紅海,
[00:11:15.500 --> 00:11:18.500]  就是一抗夜,
[00:11:18.500 --> 00:11:20.500]  因為他們不聽神的話,
[00:11:20.500 --> 00:11:22.500]  神要應罰他們,
[00:11:22.500 --> 00:11:25.500]  目的要他們乖,
[00:11:25.500 --> 00:11:28.500]  神要教訓他們,
[00:11:28.500 --> 00:11:29.500]  目的讓他們習慣了,
[00:11:29.500 --> 00:11:35.500]  知道耶華神的律例典章是什麼,
[00:11:35.500 --> 00:11:36.500]  耶華日間有民處,
[00:11:36.500 --> 00:11:38.500]  夜間有火處,
[00:11:38.500 --> 00:11:39.500]  讓他們眼見到,
[00:11:39.500 --> 00:11:42.500]  原來真的有神在,
[00:11:42.500 --> 00:11:44.500]  四十年,
[00:11:44.500 --> 00:11:45.500]  幾百萬人,
[00:11:45.500 --> 00:11:46.500]  又不耕,
[00:11:46.500 --> 00:11:47.500]  又不種,
[00:11:47.500 --> 00:11:49.500]  又不開井,
[00:11:49.500 --> 00:11:51.500]  什麼都沒有,
[00:11:51.500 --> 00:11:54.500]  順便給他們有水喝,
[00:11:54.500 --> 00:11:59.500]  順便給他們吃得飽,
[00:11:59.500 --> 00:12:04.500]  我住的酒店旁邊有一間麵包店,
[00:12:04.500 --> 00:12:06.500]  如果我不用和弟兄姊妹吃早餐,
[00:12:06.500 --> 00:12:07.500]  和他們聊天,
[00:12:07.500 --> 00:12:10.500]  我自己當然會下來,
[00:12:10.500 --> 00:12:15.500]  去到麵包店買麵包,
[00:12:15.500 --> 00:12:18.500]  我來到就問麵包師傅,
[00:12:18.500 --> 00:12:23.500]  你剛剛出爐的是哪一種,
[00:12:23.500 --> 00:12:24.500]  他有時說菠蘿包,
[00:12:24.500 --> 00:12:25.500]  有時說雞麵包,
[00:12:25.500 --> 00:12:27.500]  不理那些,
[00:12:27.500 --> 00:12:29.500]  他說哪個新鮮出爐,
[00:12:29.500 --> 00:12:31.500]  我馬上買那個,
[00:12:31.500 --> 00:12:33.500]  拿到酒店吃,
[00:12:33.500 --> 00:12:34.500]  還是熱的,
[00:12:34.500 --> 00:12:35.500]  還是軟的,
[00:12:35.500 --> 00:12:36.500]  一咬下去那個滋味,
[00:12:36.500 --> 00:12:38.500]  世界第一流,
[00:12:38.500 --> 00:12:40.500]  所以我覺得香港真是厲害,
[00:12:40.500 --> 00:12:44.500]  世界的名城誰可以這樣吃出爐麵包,
[00:12:44.500 --> 00:12:46.500]  不過有時我吃不完,
[00:12:46.500 --> 00:12:50.500]  有時我貪心多買一件,
[00:12:50.500 --> 00:12:53.500]  第二天吃的時候很難吃,
[00:12:53.500 --> 00:12:55.500]  隔夜麵包,
[00:12:55.500 --> 00:12:59.500]  上帝知道以色列人口癢,
[00:12:59.500 --> 00:13:01.500]  幾十年吃馬那,
[00:13:01.500 --> 00:13:03.500]  新鮮的,
[00:13:03.500 --> 00:13:06.500]  隔天就臭了,
[00:13:06.500 --> 00:13:08.500]  所以監他們吃新鮮馬那,
[00:13:08.500 --> 00:13:10.500]  正到不得了,
[00:13:10.500 --> 00:13:13.500]  喝水不用錢,
[00:13:13.500 --> 00:13:14.500]  很多年前,
[00:13:14.500 --> 00:13:15.500]  我忘記哪一間,
[00:13:15.500 --> 00:13:17.500]  你們不要搜尋Google,
[00:13:17.500 --> 00:13:18.500]  證明我錯,
[00:13:18.500 --> 00:13:21.500]  所以我不講清楚給你看,
[00:13:21.500 --> 00:13:24.500]  不知是可樂先還是百事先,
[00:13:24.500 --> 00:13:27.500]  他們不肯競爭,
[00:13:27.500 --> 00:13:31.500]  他們突然有一間出水,
[00:13:31.500 --> 00:13:34.500]  除了賣可樂或百事,
[00:13:34.500 --> 00:13:36.500]  有一間出水,
[00:13:36.500 --> 00:13:37.500]  樽裝水,
[00:13:37.500 --> 00:13:39.500]  大家說傻的,
[00:13:39.500 --> 00:13:41.500]  敗亡之兆,
[00:13:41.500 --> 00:13:43.500]  因為知道不夠他們撐,
[00:13:43.500 --> 00:13:45.500]  所以不只賣汽水,
[00:13:45.500 --> 00:13:47.500]  賣水一定輸,
[00:13:47.500 --> 00:13:49.500]  怎知沒多久,
[00:13:49.500 --> 00:13:52.500]  那邊的水真是水,
[00:13:52.500 --> 00:13:54.500]  越賣越多,
[00:13:54.500 --> 00:13:58.500]  開始賺的錢追得上賣汽水的錢,
[00:13:58.500 --> 00:14:00.500]  這邊急起直追,
[00:14:00.500 --> 00:14:01.500]  快些賣,
[00:14:01.500 --> 00:14:03.500]  結果到現在,
[00:14:03.500 --> 00:14:04.500]  到現在沒改革,
[00:14:04.500 --> 00:14:06.500]  因為為了健康起見,
[00:14:06.500 --> 00:14:10.500]  越來越不敢喝百事或可樂,
[00:14:10.500 --> 00:14:13.500]  但他們出的水就拼命喝,
[00:14:13.500 --> 00:14:15.500]  都幾貴,
[00:14:15.500 --> 00:14:17.500]  二百多萬人,
[00:14:17.500 --> 00:14:19.500]  很多年的時間,
[00:14:19.500 --> 00:14:21.500]  上天為他們供應水,
[00:14:21.500 --> 00:14:26.500]  讓他們在那裏很舒服過日子,
[00:14:26.500 --> 00:14:27.500]  就過了四十年,
[00:14:27.500 --> 00:14:30.500]  現在神話摩西離開了這個世界,
[00:14:30.500 --> 00:14:32.500]  在經文裏面我們見到第一,
[00:14:32.500 --> 00:14:33.500]  有個人物,
[00:14:33.500 --> 00:14:36.500]  好像見到又好像見不到,
[00:14:36.500 --> 00:14:37.500]  雖然不在,
[00:14:37.500 --> 00:14:38.500]  都還在,
[00:14:38.500 --> 00:14:40.500]  就是摩西,
[00:14:40.500 --> 00:14:41.500]  神話,
[00:14:41.500 --> 00:14:45.500]  我僕人摩西離開了這個世界,
[00:14:45.500 --> 00:14:49.500]  接著第二個人物,
[00:14:49.500 --> 00:14:51.500]  就是約書亞,
[00:14:51.500 --> 00:14:53.500]  約書亞的銜頭就是,
[00:14:53.500 --> 00:14:56.500]  神人摩西的助手,
[00:14:56.500 --> 00:14:59.500]  月的兒子約書亞,
[00:14:59.500 --> 00:15:03.500]  民族英雄是領袖,
[00:15:03.500 --> 00:15:05.500]  第三批人物,
[00:15:05.500 --> 00:15:08.500]  就是當神吩咐了約書亞之後,
[00:15:08.500 --> 00:15:10.500]  我們沒有讀那一節,
[00:15:10.500 --> 00:15:11.500]  第十節的時候,
[00:15:11.500 --> 00:15:15.500]  約書亞就吩咐當時以色列的官,
[00:15:15.500 --> 00:15:16.500]  即是群眾的領袖,
[00:15:16.500 --> 00:15:19.500]  就叫他們代表約書亞,
[00:15:19.500 --> 00:15:21.500]  因為人很多,
[00:15:21.500 --> 00:15:24.500]  那時候沒有WhatsApp之類的東西,
[00:15:24.500 --> 00:15:27.500]  沒有機一按就傳出去,
[00:15:27.500 --> 00:15:31.500]  所以就要靠人講領袖,
[00:15:31.500 --> 00:15:36.500]  就告訴第四批人物,
[00:15:36.500 --> 00:15:38.500]  就是所謂的百姓,
[00:15:38.500 --> 00:15:41.500]  在結尾的時候,
[00:15:41.500 --> 00:15:48.500]  我又見到已經不和這個大對式的人相處一段時期,
[00:15:48.500 --> 00:15:50.500]  有兩個半的支派的人,
[00:15:50.500 --> 00:15:52.500]  有些死群人,
[00:15:52.500 --> 00:16:00.500]  神現在就先對摩西的助手約書亞直接講,
[00:16:00.500 --> 00:16:02.500]  你不用怕,
[00:16:02.500 --> 00:16:05.500]  約書亞怕什麼呢?
[00:16:05.500 --> 00:16:06.500]  第一,
[00:16:06.500 --> 00:16:08.500]  他應該害怕的,
[00:16:08.500 --> 00:16:13.500]  因為跟著一個很厲害的人,
[00:16:13.500 --> 00:16:15.500]  真的沒有一口好吃的,
[00:16:15.500 --> 00:16:18.500]  摩西那麼偉大,
[00:16:18.500 --> 00:16:22.500]  摩西為神做那麼多功夫,
[00:16:22.500 --> 00:16:26.500]  摩西在以色列人當中的威望,
[00:16:26.500 --> 00:16:28.500]  還在的,
[00:16:28.500 --> 00:16:30.500]  他人不在,
[00:16:30.500 --> 00:16:36.500]  但是他所頒佈從神而來的律例典章,
[00:16:36.500 --> 00:16:40.500]  以色列人已經有的了,
[00:16:40.500 --> 00:16:42.500]  都記住的了,
[00:16:42.500 --> 00:16:45.500]  都念的了,
[00:16:45.500 --> 00:16:47.500]  摩西好的影響,
[00:16:47.500 --> 00:16:50.500]  威望是存在的,
[00:16:50.500 --> 00:16:52.500]  現在雖然他人不在,
[00:16:52.500 --> 00:16:59.500]  但是離開埃及去敬拜神,
[00:16:59.500 --> 00:17:01.500]  是一條路,
[00:17:01.500 --> 00:17:03.500]  是一個過程,
[00:17:03.500 --> 00:17:07.500]  是一個很長遠的過程,
[00:17:07.500 --> 00:17:12.500]  上一代的領導是影響下一代的,
[00:17:12.500 --> 00:17:14.500]  完成神的旨意,
[00:17:14.500 --> 00:17:17.500]  要自己蒙福,
[00:17:17.500 --> 00:17:19.500]  要別人蒙福,
[00:17:19.500 --> 00:17:21.500]  是一個很漫長的過程,
[00:17:21.500 --> 00:17:23.500]  不過每一個過程,
[00:17:23.500 --> 00:17:26.500]  每一個環節都重要的,
[00:17:26.500 --> 00:17:28.500]  剛才領聖誕的時候,
[00:17:28.500 --> 00:17:31.500]  我坐第一行,
[00:17:31.500 --> 00:17:34.500]  見到梁帝兄,
[00:17:34.500 --> 00:17:36.500]  拖著白帽,
[00:17:36.500 --> 00:17:38.500]  雖然我七十幾歲,
[00:17:38.500 --> 00:17:40.500]  叫人白帽的時候都不想叫,
[00:17:40.500 --> 00:17:43.500]  不過他比我成熟,
[00:17:43.500 --> 00:17:46.500]  拖著白帽來領聖誕,
[00:17:46.500 --> 00:17:49.500]  那種感動,真的很感恩,
[00:17:49.500 --> 00:17:52.500]  我為他們感恩,
[00:17:52.500 --> 00:17:54.500]  我都為自己感恩,
[00:17:54.500 --> 00:17:57.500]  不過有一點點感觸,
[00:17:57.500 --> 00:18:00.500]  我爸爸在這裡信主,
[00:18:00.500 --> 00:18:05.500]  在獻堂禮那天,
[00:18:05.500 --> 00:18:07.500]  他還在,
[00:18:07.500 --> 00:18:09.500]  有份幫忙獻堂,
[00:18:09.500 --> 00:18:10.500]  開門,
[00:18:10.500 --> 00:18:12.500]  進了獻堂一次,
[00:18:12.500 --> 00:18:14.500]  然後他就不舒服了,
[00:18:14.500 --> 00:18:17.500]  然後他就不可以聚會了,
[00:18:17.500 --> 00:18:21.500]  然後我請了一位弟兄送他出去,
[00:18:21.500 --> 00:18:27.500]  我還記得他的背影離開,
[00:18:27.500 --> 00:18:30.500]  很健壯的兒子,
[00:18:30.500 --> 00:18:32.500]  他的孫子扶著他,
[00:18:32.500 --> 00:18:34.500]  那個很有愛心的弟兄
[00:18:34.500 --> 00:18:37.500]  和他坐車回到他家,
[00:18:37.500 --> 00:18:39.500]  那一刻聖靈告訴我,
[00:18:39.500 --> 00:18:42.500]  朱伯,即是我爸爸,
[00:18:42.500 --> 00:18:45.500]  那次參加教會,
[00:18:45.500 --> 00:18:47.500]  都不會再有機會參加,
[00:18:47.500 --> 00:18:50.500]  所以他都不能在這裡守聖誕,
[00:18:50.500 --> 00:18:52.500]  不過,
[00:18:52.500 --> 00:18:54.500]  神力人短,
[00:18:54.500 --> 00:18:56.500]  有他的時間,
[00:18:56.500 --> 00:18:58.500]  這樣是好的,
[00:18:58.500 --> 00:19:02.500]  那時候已經是2002年,
[00:19:02.500 --> 00:19:06.500]  你知不知道我們錦宣家,
[00:19:06.500 --> 00:19:10.500]  在開始,
[00:19:10.500 --> 00:19:12.500]  第二大三年左右,
[00:19:12.500 --> 00:19:14.500]  exactly,時間不記得錯,
[00:19:14.500 --> 00:19:16.500]  不要按google說我錯,
[00:19:16.500 --> 00:19:18.500]  原來現在很多牧師說,
[00:19:18.500 --> 00:19:20.500]  朱牧師你講道小心,
[00:19:20.500 --> 00:19:21.500]  你看見那些人開機,
[00:19:21.500 --> 00:19:23.500]  他又可以看聖經,
[00:19:23.500 --> 00:19:24.500]  又可以打機,
[00:19:24.500 --> 00:19:27.500]  又可以看google有沒有錯,
[00:19:27.500 --> 00:19:30.500]  第二年第三年,
[00:19:30.500 --> 00:19:32.500]  當時弟兄姐妹愛主教會,
[00:19:32.500 --> 00:19:33.500]  很興旺,
[00:19:33.500 --> 00:19:34.500]  很拼命,
[00:19:34.500 --> 00:19:35.500]  人數不是很多,
[00:19:35.500 --> 00:19:36.500]  傳福音,
[00:19:36.500 --> 00:19:38.500]  向街坊傳福音,
[00:19:38.500 --> 00:19:41.500]  回來教會擔台擔椅,
[00:19:41.500 --> 00:19:42.500]  無分彼此,
[00:19:42.500 --> 00:19:43.500]  真的很好,
[00:19:43.500 --> 00:19:44.500]  上帝都看中我們,
[00:19:44.500 --> 00:19:48.500]  所以那時候上帝給我們教會的領導弟兄們,
[00:19:48.500 --> 00:19:50.500]  開始創堂,
[00:19:50.500 --> 00:19:52.500]  第一批的會友,
[00:19:52.500 --> 00:19:57.500]  有這裏發展公司,
[00:19:57.500 --> 00:19:59.500]  是否加拿大發展公司,
[00:19:59.500 --> 00:20:02.500]  工程的,
[00:20:02.500 --> 00:20:04.500]  很高級的工程師,
[00:20:04.500 --> 00:20:06.500]  是我們的會友,
[00:20:06.500 --> 00:20:10.500]  法律顧問是我們的會友,
[00:20:10.500 --> 00:20:12.500]  有位問弟兄,
[00:20:12.500 --> 00:20:15.500]  在恆生銀行做到很高級,
[00:20:15.500 --> 00:20:17.500]  以前和錢有關,
[00:20:17.500 --> 00:20:18.500]  一是匯豐,
[00:20:18.500 --> 00:20:20.500]  一是恆生,
[00:20:20.500 --> 00:20:21.500]  是中國人,
[00:20:21.500 --> 00:20:22.500]  香港人多的,
[00:20:22.500 --> 00:20:23.500]  不用問阿貴,
[00:20:23.500 --> 00:20:25.500]  都是恆生,
[00:20:25.500 --> 00:20:29.500]  所以錢的方向也有,
[00:20:29.500 --> 00:20:31.500]  法律的也有,
[00:20:31.500 --> 00:20:32.500]  建築的也有,
[00:20:32.500 --> 00:20:36.500]  最重要是和發展公司關係友好,
[00:20:36.500 --> 00:20:38.500]  所以大概第二年,
[00:20:38.500 --> 00:20:40.500]  或者第三年,
[00:20:40.500 --> 00:20:43.500]  已經可以給我們起堂,
[00:20:43.500 --> 00:20:46.500]  當時的費用是一百萬,
[00:20:46.500 --> 00:20:48.500]  藤間的牧師,
[00:20:48.500 --> 00:20:50.500]  不過宣道會的主任牧師,
[00:20:50.500 --> 00:20:52.500]  就叫我們領袖們和他談話,
[00:20:52.500 --> 00:20:53.500]  他說,
[00:20:53.500 --> 00:20:58.500]  朱牧師是代替的牧師,
[00:20:58.500 --> 00:21:02.500]  你們幾位是剛剛來教會沒多久,
[00:21:02.500 --> 00:21:04.500]  一百萬不容易籌,
[00:21:04.500 --> 00:21:09.500]  我們不過宣道會負責這一百萬建築費,
[00:21:09.500 --> 00:21:12.500]  我還沒和執事會說,
[00:21:12.500 --> 00:21:14.500]  不過他們都很容易通過,
[00:21:14.500 --> 00:21:16.500]  如果是的話,
[00:21:16.500 --> 00:21:20.500]  那時候我們就會有一間堂,
[00:21:20.500 --> 00:21:23.500]  都很厲害,
[00:21:23.500 --> 00:21:25.500]  走到那個階段,
[00:21:25.500 --> 00:21:27.500]  真的很好,
[00:21:27.500 --> 00:21:29.500]  有這個機會,
[00:21:29.500 --> 00:21:30.500]  因為有些人很好,
[00:21:30.500 --> 00:21:32.500]  上帝想祝福我們,
[00:21:32.500 --> 00:21:35.500]  不過他想,
[00:21:35.500 --> 00:21:37.500]  我們當時,
[00:21:37.500 --> 00:21:40.500]  又不夠信心,
[00:21:40.500 --> 00:21:42.500]  我們當時有些人,
[00:21:42.500 --> 00:21:45.500]  又或者不是同心合意,
[00:21:45.500 --> 00:21:49.500]  或者當時我們的意象沒那麼大,
[00:21:49.500 --> 00:21:52.500]  或者當時我們覺得,
[00:21:52.500 --> 00:21:55.500]  這麼快就要建堂,
[00:21:55.500 --> 00:21:56.500]  很辛苦,
[00:21:56.500 --> 00:21:58.500]  不如看定一下,
[00:21:58.500 --> 00:22:00.500]  神一看,
[00:22:00.500 --> 00:22:02.500]  看了二十年,
[00:22:02.500 --> 00:22:05.500]  終於我們有,
[00:22:05.500 --> 00:22:07.500]  奏神之道,
[00:22:07.500 --> 00:22:09.500]  承奏神的旨意,
[00:22:09.500 --> 00:22:13.500]  神的旨意是要給很多福氣給人,
[00:22:13.500 --> 00:22:16.500]  不過神給人有自由意志,
[00:22:16.500 --> 00:22:18.500]  由第一批以色列人離開埃及,
[00:22:18.500 --> 00:22:20.500]  開始埋怨,
[00:22:20.500 --> 00:22:22.500]  抗野飄來四十年,
[00:22:22.500 --> 00:22:24.500]  有時乖些,多數不乖,
[00:22:24.500 --> 00:22:26.500]  到四十年之後,
[00:22:26.500 --> 00:22:28.500]  起起伏伏,
[00:22:28.500 --> 00:22:30.500]  有人因為愛主,
[00:22:30.500 --> 00:22:32.500]  先行一步,
[00:22:32.500 --> 00:22:34.500]  鼓勵我們愛主多些,
[00:22:34.500 --> 00:22:36.500]  所以我們享受神的恩典多些,
[00:22:36.500 --> 00:22:38.500]  有時我們自己,
[00:22:38.500 --> 00:22:40.500]  淪盡些,
[00:22:40.500 --> 00:22:41.500]  拖住行,
[00:22:41.500 --> 00:22:43.500]  用自己的小信,
[00:22:43.500 --> 00:22:45.500]  用自己的固執,
[00:22:45.500 --> 00:22:47.500]  又抓住不讓人先行,
[00:22:47.500 --> 00:22:50.500]  所以我們自己領受神的恩典又少些,
[00:22:50.500 --> 00:22:53.500]  亦領頂些會行慢了,
[00:22:53.500 --> 00:22:55.500]  拿少了神的恩典,
[00:22:55.500 --> 00:22:58.500]  都是這樣過,就過了幾十年了,
[00:22:58.500 --> 00:23:02.500]  現在上帝不是和他們清算他們,
[00:23:02.500 --> 00:23:06.500]  上帝說,我答應摩西的,
[00:23:06.500 --> 00:23:10.500]  摩西帶領你們所做的豐功偉績,
[00:23:10.500 --> 00:23:12.500]  現在是next stage,
[00:23:12.500 --> 00:23:14.500]  第二階段,
[00:23:14.500 --> 00:23:16.500]  輪到你了,
[00:23:16.500 --> 00:23:18.500]  約瑟雅,定些來,
[00:23:18.500 --> 00:23:20.500]  沒有怕,怕神的人,
[00:23:20.500 --> 00:23:22.500]  就甚麼都不用怕,
[00:23:22.500 --> 00:23:24.500]  怕的是敬畏神的人,
[00:23:24.500 --> 00:23:25.500]  甚麼都不用怕,
[00:23:25.500 --> 00:23:27.500]  你一樣做事不怕神,
[00:23:27.500 --> 00:23:29.500]  你死了,你甚麼都要怕,
[00:23:29.500 --> 00:23:30.500]  再來說,
[00:23:30.500 --> 00:23:31.500]  if you fear God,
[00:23:31.500 --> 00:23:34.500]  you have nothing else to fear,
[00:23:34.500 --> 00:23:36.500]  if you don't fear God,
[00:23:36.500 --> 00:23:38.500]  you better fear on everything,
[00:23:38.500 --> 00:23:40.500]  你不敬畏神的人,
[00:23:40.500 --> 00:23:42.500]  你甚麼都有怕,
[00:23:42.500 --> 00:23:44.500]  所以,
[00:23:44.500 --> 00:23:46.500]  時間到了,
[00:23:46.500 --> 00:23:48.500]  過往的四十年,
[00:23:48.500 --> 00:23:49.500]  你們在曠野,
[00:23:49.500 --> 00:23:51.500]  無論乖乖也好,不乖也好,
[00:23:51.500 --> 00:23:53.500]  我賜福給你們也好,
[00:23:53.500 --> 00:23:55.500]  我擊打你們也好,
[00:23:55.500 --> 00:23:57.500]  結果都是一樣,
[00:23:57.500 --> 00:23:59.500]  約瑟雅,你不用怕,
[00:23:59.500 --> 00:24:02.500]  我是繼續答應摩西,
[00:24:02.500 --> 00:24:05.500]  又選了你們擔大旗,
[00:24:05.500 --> 00:24:07.500]  我不會撇下你的,
[00:24:07.500 --> 00:24:10.500]  你剛強壯膽,
[00:24:10.500 --> 00:24:13.500]  有句日本很清楚的,
[00:24:13.500 --> 00:24:15.500]  strong,勁,
[00:24:15.500 --> 00:24:18.500]  courage,有勇氣,
[00:24:18.500 --> 00:24:22.500]  而那個勇氣是要延續,
[00:24:22.500 --> 00:24:24.500]  有時我們吸口氣,
[00:24:24.500 --> 00:24:26.500]  很勇敢地做一件事,
[00:24:26.500 --> 00:24:28.500]  多數買些很貴的東西,
[00:24:28.500 --> 00:24:29.500]  本來不敢買,
[00:24:29.500 --> 00:24:31.500]  想下就不敢買,
[00:24:31.500 --> 00:24:33.500]  買了後悔那隻,
[00:24:33.500 --> 00:24:34.500]  那些不算數,
[00:24:34.500 --> 00:24:36.500]  很多時我發燒,
[00:24:36.500 --> 00:24:38.500]  不是像昨天,
[00:24:38.500 --> 00:24:39.500]  不是病的發燒,
[00:24:39.500 --> 00:24:40.500]  是喜歡聽Hi-Fi,
[00:24:40.500 --> 00:24:44.500]  我在街邊見到一對很漂亮的膽後級,
[00:24:44.500 --> 00:24:46.500]  很有名,很名望,
[00:24:46.500 --> 00:24:50.500]  當場勇氣大家,
[00:24:50.500 --> 00:24:54.500]  就買了那架車,
[00:24:54.500 --> 00:24:56.500]  買了它,
[00:24:56.500 --> 00:24:59.500]  用舊報紙包著,
[00:24:59.500 --> 00:25:01.500]  塞在床底,
[00:25:01.500 --> 00:25:05.500]  以為太太多數不太知道,
[00:25:05.500 --> 00:25:06.500]  誰知回家後,
[00:25:06.500 --> 00:25:09.500]  那些勇氣已經沒有了,
[00:25:09.500 --> 00:25:11.500]  真的很蠢,
[00:25:11.500 --> 00:25:12.500]  去街時有架車,
[00:25:12.500 --> 00:25:15.500]  回來不見了架車,
[00:25:15.500 --> 00:25:18.500]  那怎麼辦呢?
[00:25:18.500 --> 00:25:21.500]  那些勇氣不算數,
[00:25:21.500 --> 00:25:23.500]  兄姐妹,
[00:25:23.500 --> 00:25:25.500]  上帝說,
[00:25:25.500 --> 00:25:27.500]  若書牙,
[00:25:27.500 --> 00:25:28.500]  你知的,
[00:25:28.500 --> 00:25:31.500]  我真是很想恩待你們,
[00:25:31.500 --> 00:25:34.500]  我找藉口祝福你們,
[00:25:34.500 --> 00:25:38.500]  你們這班人找藉口,
[00:25:38.500 --> 00:25:40.500]  不讓我那麼恩待你,
[00:25:40.500 --> 00:25:42.500]  不過怎樣也好,
[00:25:42.500 --> 00:25:43.500]  又來,
[00:25:43.500 --> 00:25:44.500]  現在是時機,
[00:25:44.500 --> 00:25:47.500]  那麼多年來在曠野漂流,
[00:25:47.500 --> 00:25:49.500]  要受苦受救,
[00:25:49.500 --> 00:25:52.500]  要受訓練都應該夠了,
[00:25:52.500 --> 00:25:55.500]  請你離開你的舒適圈,
[00:25:55.500 --> 00:25:58.500]  離開你安安全靜的地方,
[00:25:58.500 --> 00:26:01.500]  靠我大膽一點,
[00:26:01.500 --> 00:26:02.500]  向前走,
[00:26:02.500 --> 00:26:08.500]  過約旦河,
[00:26:08.500 --> 00:26:10.500]  看回歷史,
[00:26:10.500 --> 00:26:12.500]  看前面,
[00:26:12.500 --> 00:26:15.500]  你看到十字架很漂亮,
[00:26:15.500 --> 00:26:18.500]  我看到十字架很漂亮,
[00:26:18.500 --> 00:26:19.500]  感謝神,
[00:26:19.500 --> 00:26:20.500]  我們住在香港,
[00:26:20.500 --> 00:26:24.500]  應該還可以漂亮很久,
[00:26:24.500 --> 00:26:29.500]  大概2049之前,
[00:26:29.500 --> 00:26:32.500]  應該還在,
[00:26:32.500 --> 00:26:35.500]  49之後就不知道,
[00:26:35.500 --> 00:26:37.500]  不知道會否破爛了,
[00:26:37.500 --> 00:26:40.500]  好像現在中國,
[00:26:40.500 --> 00:26:45.500]  很多千家禮拜堂這樣破爛了,
[00:26:45.500 --> 00:26:50.500]  中國還是有一點信耶穌的自由,
[00:26:50.500 --> 00:26:52.500]  一點對傳福音的自由,
[00:26:52.500 --> 00:26:56.500]  所以可以破爛了很多,
[00:26:56.500 --> 00:26:58.500]  離開中國,
[00:26:58.500 --> 00:27:01.500]  在另外一個很大的群體,
[00:27:01.500 --> 00:27:03.500]  回教的群體,
[00:27:03.500 --> 00:27:06.500]  在中東你看到一些很大,
[00:27:06.500 --> 00:27:10.500]  超過一萬人的回教旨,
[00:27:10.500 --> 00:27:12.500]  他們的裝飾,
[00:27:12.500 --> 00:27:14.500]  他們的敬拜,
[00:27:14.500 --> 00:27:16.500]  他們的宗教活動,
[00:27:16.500 --> 00:27:18.500]  清清楚楚就是回教,
[00:27:18.500 --> 00:27:20.500]  不過有時你看那些牆,
[00:27:20.500 --> 00:27:22.500]  你看那些石牆,
[00:27:22.500 --> 00:27:24.500]  你看裡面很多地方,
[00:27:24.500 --> 00:27:26.500]  咦,
[00:27:26.500 --> 00:27:28.500]  坐那些東西,
[00:27:28.500 --> 00:27:31.500]  那些裝飾原本好像不是這樣,
[00:27:31.500 --> 00:27:33.500]  你看清楚一點,
[00:27:33.500 --> 00:27:35.500]  十字架來的,
[00:27:35.500 --> 00:27:37.500]  千百年來,
[00:27:37.500 --> 00:27:39.500]  回教何時打贏,
[00:27:39.500 --> 00:27:41.500]  有基督徒的地方,
[00:27:41.500 --> 00:27:44.500]  就搶了那些大的禮拜堂,
[00:27:44.500 --> 00:27:46.500]  破爛十字架,
[00:27:46.500 --> 00:27:50.500]  破爛有任何和基督教有關的那些,
[00:27:50.500 --> 00:27:53.500]  破爛之後就擺他們的陳設,
[00:27:53.500 --> 00:27:55.500]  擺他們的聖物,
[00:27:55.500 --> 00:27:58.500]  布置回來回教,
[00:27:58.500 --> 00:28:03.500]  下去千多年都是這樣,
[00:28:03.500 --> 00:28:05.500]  直到最近,
[00:28:05.500 --> 00:28:08.500]  在中東一些被ISIS,
[00:28:08.500 --> 00:28:10.500]  即是伊斯蘭教,
[00:28:10.500 --> 00:28:12.500]  搶了的地方,
[00:28:12.500 --> 00:28:14.500]  如果有基督教,
[00:28:14.500 --> 00:28:15.500]  新鮮熱辣,
[00:28:15.500 --> 00:28:18.500]  他們又去打爛那些十字架,
[00:28:18.500 --> 00:28:21.500]  打爛那些聖像,如果有天主堂,
[00:28:21.500 --> 00:28:26.500]  打爛那些基督教的玻璃和十字架,
[00:28:26.500 --> 00:28:28.500]  打爛之後都不扔的,
[00:28:28.500 --> 00:28:30.500]  希望他見到你爛玻璃,
[00:28:30.500 --> 00:28:33.500]  他見到爛了的十字架,
[00:28:33.500 --> 00:28:36.500]  他們可以打爛那些,
[00:28:36.500 --> 00:28:39.500]  不過正如當年,
[00:28:39.500 --> 00:28:41.500]  在回教區那些基督徒,
[00:28:41.500 --> 00:28:43.500]  到今日,
[00:28:43.500 --> 00:28:46.500]  心都是揹起十字架,
[00:28:46.500 --> 00:28:48.500]  所以基督教沒有死,
[00:28:48.500 --> 00:28:51.500]  所以那裡很多人信著,
[00:28:51.500 --> 00:28:52.500]  很多年前,
[00:28:52.500 --> 00:28:54.500]  還有最近,
[00:28:54.500 --> 00:28:56.500]  你喜歡就打爛那些十字架,
[00:28:56.500 --> 00:28:58.500]  感謝神,
[00:28:58.500 --> 00:29:03.500]  以百萬計的國內的愛主弟兄姊妹,
[00:29:03.500 --> 00:29:05.500]  你可以拆了我兩個堂,
[00:29:05.500 --> 00:29:08.500]  你不能夠拆我心中的聖殿,
[00:29:08.500 --> 00:29:10.500]  你可以打爛我們十字架的標記,
[00:29:10.500 --> 00:29:12.500]  但我們反正都不是愛標記,
[00:29:12.500 --> 00:29:14.500]  我們是背著十字架跟隨著的,
[00:29:14.500 --> 00:29:16.500]  OK的,
[00:29:16.500 --> 00:29:17.500]  勇敢的,
[00:29:17.500 --> 00:29:19.500]  所以中東那些基督徒,
[00:29:19.500 --> 00:29:21.500]  勇敢繼續向前行,
[00:29:21.500 --> 00:29:23.500]  所以國內基督徒,
[00:29:23.500 --> 00:29:24.500]  無論怎樣都好,
[00:29:24.500 --> 00:29:26.500]  他們會繼續勇敢往前行,
[00:29:26.500 --> 00:29:28.500]  今日我們錦書家,
[00:29:28.500 --> 00:29:32.500]  按著這麼美麗的湖邊有一座聖殿,
[00:29:32.500 --> 00:29:35.500]  按著這麼自由的香港,
[00:29:35.500 --> 00:29:37.500]  我們可以敬拜神,
[00:29:37.500 --> 00:29:38.500]  我們說神啊,
[00:29:38.500 --> 00:29:40.500]  現在來到這個階段,
[00:29:40.500 --> 00:29:42.500]  你要我們登上一層樓嗎?
[00:29:42.500 --> 00:29:43.500]  去!
[00:29:43.500 --> 00:29:45.500]  以往錦書家很多好處,
[00:29:45.500 --> 00:29:47.500]  感恩!
[00:29:47.500 --> 00:29:49.500]  不過還沒落得完,
[00:29:49.500 --> 00:29:51.500]  你說了的,
[00:29:51.500 --> 00:29:54.500]  所以約書亞就告訴那些以色列人,
[00:29:54.500 --> 00:29:56.500]  上帝叫我不要怕,
[00:29:56.500 --> 00:29:59.500]  我們現在要預備過約旦河,
[00:29:59.500 --> 00:30:01.500]  繼續這個奏神之道,
[00:30:01.500 --> 00:30:03.500]  敬神之道,
[00:30:03.500 --> 00:30:04.500]  繼續蒙恩,
[00:30:04.500 --> 00:30:06.500]  繼續自己蒙恩,
[00:30:06.500 --> 00:30:08.500]  四十年之久,
[00:30:08.500 --> 00:30:11.500]  以色列人在這兒走來走去的時候,
[00:30:11.500 --> 00:30:12.500]  他們受訓練,
[00:30:12.500 --> 00:30:14.500]  軍事訓練去打仗,
[00:30:14.500 --> 00:30:15.500]  他們受訓練,
[00:30:15.500 --> 00:30:16.500]  怎樣敬拜神,
[00:30:16.500 --> 00:30:18.500]  摩西的律例典章,
[00:30:18.500 --> 00:30:19.500]  他們念口往也好,
[00:30:19.500 --> 00:30:21.500]  真心念也好,
[00:30:21.500 --> 00:30:22.500]  開始熟習,
[00:30:22.500 --> 00:30:23.500]  就是這樣,
[00:30:23.500 --> 00:30:25.500]  還沒過河,
[00:30:25.500 --> 00:30:26.500]  在那邊,
[00:30:26.500 --> 00:30:28.500]  迦南地那些外族人都知道,
[00:30:28.500 --> 00:30:29.500]  勁啊,
[00:30:29.500 --> 00:30:31.500]  得人驚啊,
[00:30:31.500 --> 00:30:33.500]  在以色列人那裡有個真神,
[00:30:33.500 --> 00:30:35.500]  那個神是勁的,
[00:30:35.500 --> 00:30:36.500]  有眼睛看到的,
[00:30:36.500 --> 00:30:37.500]  你不信不行的,
[00:30:37.500 --> 00:30:38.500]  白天去運主,
[00:30:38.500 --> 00:30:41.500]  晚上去夜間有火主,
[00:30:41.500 --> 00:30:44.500]  他們有一個漏洞的聖殿,
[00:30:44.500 --> 00:30:46.500]  Paboneko,回眸,
[00:30:46.500 --> 00:30:48.500]  他們的所作所為,
[00:30:48.500 --> 00:30:49.500]  他們的際遇,
[00:30:49.500 --> 00:30:52.500]  沒有真神沒那麼厲害的,
[00:30:52.500 --> 00:30:55.500]  他快要過境欺負我們了,
[00:30:55.500 --> 00:30:57.500]  他們有點害怕,
[00:30:57.500 --> 00:30:59.500]  敵人懂得害怕,
[00:30:59.500 --> 00:31:03.500]  我們又不懂得害怕神,
[00:31:03.500 --> 00:31:06.500]  所以少了很多恩典,
[00:31:06.500 --> 00:31:08.500]  不用怕,
[00:31:08.500 --> 00:31:11.500]  你可以怕環境,
[00:31:11.500 --> 00:31:14.500]  但主耶穌說不用怕,
[00:31:14.500 --> 00:31:16.500]  我勝過你的世界,
[00:31:16.500 --> 00:31:18.500]  若是不怕,
[00:31:18.500 --> 00:31:22.500]  所以他吩咐民間領袖說,
[00:31:22.500 --> 00:31:24.500]  吩咐人準備過河,
[00:31:24.500 --> 00:31:27.500]  他們每一個長官就說,
[00:31:27.500 --> 00:31:29.500]  你是不是發燒啊,
[00:31:29.500 --> 00:31:31.500]  二百多萬人,
[00:31:31.500 --> 00:31:33.500]  又沒有橋,
[00:31:33.500 --> 00:31:42.500]  沒有港珠澳大橋,
[00:31:42.500 --> 00:31:44.500]  三板都沒有,
[00:31:44.500 --> 00:31:46.500]  怎麼過河啊,
[00:31:46.500 --> 00:31:48.500]  沒有,他們沒有,
[00:31:48.500 --> 00:31:49.500]  他們記得,
[00:31:49.500 --> 00:31:51.500]  他們都是這樣過紅海的,
[00:31:51.500 --> 00:31:53.500]  怎麼會不記急呢,
[00:31:53.500 --> 00:31:55.500]  他們看見神的同在,
[00:31:55.500 --> 00:31:56.500]  所以,
[00:31:56.500 --> 00:31:58.500]  肯定群體裏面有一班人,
[00:31:58.500 --> 00:32:00.500]  和最高的屬靈領袖,
[00:32:00.500 --> 00:32:03.500]  一起有那些屬靈的氣質,
[00:32:03.500 --> 00:32:06.500]  請主妹,請你,
[00:32:06.500 --> 00:32:08.500]  每個人跟著那些牧師,
[00:32:08.500 --> 00:32:11.500]  跟著我們那班牧師傳道,
[00:32:11.500 --> 00:32:15.500]  跟著我們那班帶領我們侍奉主的人,
[00:32:15.500 --> 00:32:18.500]  跟著我們那班選出來的長輩,
[00:32:18.500 --> 00:32:21.500]  執事長老,執事董事,
[00:32:21.500 --> 00:32:23.500]  團計的領袖,
[00:32:23.500 --> 00:32:25.500]  沒有名沒有份,
[00:32:25.500 --> 00:32:27.500]  帶著屬靈先走的那些,
[00:32:27.500 --> 00:32:29.500]  我們跟著他們呢,
[00:32:29.500 --> 00:32:31.500]  向前走呢,
[00:32:31.500 --> 00:32:35.500]  我們說上帝是多謝你以往的水月給我們的恩典,
[00:32:35.500 --> 00:32:36.500]  不過你說,
[00:32:36.500 --> 00:32:37.500]  還有多些恩典啊,
[00:32:37.500 --> 00:32:38.500]  我當然信你了,
[00:32:38.500 --> 00:32:40.500]  去,
[00:32:40.500 --> 00:32:43.500]  要去應許之地,
[00:32:43.500 --> 00:32:46.500]  留乃與物之地。
[00:32:46.500 --> 00:32:55.500]  上帝都知道那些百姓是不是很聽話,
[00:32:55.500 --> 00:32:59.500]  上帝就知道摩西腳軟,
[00:32:59.500 --> 00:33:02.500]  現在到約書亞更加腳軟,
[00:33:02.500 --> 00:33:04.500]  所以當時約書亞呢,
[00:33:04.500 --> 00:33:09.500]  就跟第四批在這經文裡面的人有對話,
[00:33:09.500 --> 00:33:12.500]  就是有批兩支派伴,
[00:33:12.500 --> 00:33:15.500]  走著走著都沒過約旦河,
[00:33:15.500 --> 00:33:17.500]  他們覺得多好,
[00:33:17.500 --> 00:33:19.500]  跟摩西姐跟上帝講數,
[00:33:19.500 --> 00:33:22.500]  不去了,留在這裏,
[00:33:22.500 --> 00:33:27.500]  不過將來如果要那班兄弟去打仗呢,
[00:33:27.500 --> 00:33:30.500]  我們答應幫忙打,
[00:33:30.500 --> 00:33:32.500]  上帝呢,
[00:33:32.500 --> 00:33:35.500]  知道約書亞害怕,
[00:33:35.500 --> 00:33:38.500]  所以就叫這兩個半支派,
[00:33:38.500 --> 00:33:40.500]  用個很正面的話說,
[00:33:40.500 --> 00:33:42.500]  我們聽你說,
[00:33:42.500 --> 00:33:44.500]  我們答應過一定做,
[00:33:44.500 --> 00:33:47.500]  如果誰不聽,我們打死那些人,
[00:33:47.500 --> 00:33:49.500]  你當剛強壯膽,
[00:33:49.500 --> 00:33:52.500]  這一張四組人物呢,
[00:33:52.500 --> 00:33:56.500]  就出現了跟我們有關係的,
[00:33:56.500 --> 00:33:59.500]  不知道我們是哪一批呢,
[00:33:59.500 --> 00:34:03.500]  我們多數沒有像摩西那麼厲害,
[00:34:03.500 --> 00:34:04.500]  不過不是啊,
[00:34:04.500 --> 00:34:06.500]  摩西那麼厲害呢,
[00:34:06.500 --> 00:34:07.500]  因為他聽神話嘛,
[00:34:07.500 --> 00:34:09.500]  他怎麼聽神話,
[00:34:09.500 --> 00:34:11.500]  怎麼可以叫自己無福,
[00:34:11.500 --> 00:34:12.500]  別人無福呢,
[00:34:12.500 --> 00:34:14.500]  律例典章講完,
[00:34:14.500 --> 00:34:17.500]  我們教會二千年的真理導統,
[00:34:17.500 --> 00:34:19.500]  平日我們聽道,
[00:34:19.500 --> 00:34:20.500]  我們找三口書,
[00:34:20.500 --> 00:34:22.500]  看聖經,
[00:34:22.500 --> 00:34:24.500]  知道那些人怎麼講道,
[00:34:24.500 --> 00:34:27.500]  聽見真道自己的心裏面,
[00:34:27.500 --> 00:34:31.500]  又在增長,
[00:34:31.500 --> 00:34:34.500]  我們自己又追求,
[00:34:34.500 --> 00:34:36.500]  摩西有那些我們有賣,
[00:34:36.500 --> 00:34:39.500]  約斯特領袖,
[00:34:39.500 --> 00:34:42.500]  走先一步不怕,
[00:34:42.500 --> 00:34:44.500]  我們跟著就不怕,
[00:34:44.500 --> 00:34:46.500]  在我們中間跟我們一樣,
[00:34:46.500 --> 00:34:47.500]  一起起步那些,
[00:34:47.500 --> 00:34:49.500]  一起信主那些,
[00:34:49.500 --> 00:34:51.500]  都沒有讀過神學的,
[00:34:51.500 --> 00:34:53.500]  都沒有特別遭遇的,
[00:34:53.500 --> 00:34:55.500]  你這樣回來做基督徒,
[00:34:55.500 --> 00:34:56.500]  很行的了,
[00:34:56.500 --> 00:34:58.500]  他們走先,他們行,
[00:34:58.500 --> 00:35:00.500]  我們就跟著他們行,
[00:35:00.500 --> 00:35:04.500]  這四批人都行的,
[00:35:04.500 --> 00:35:08.500]  其實約斯特領袖怕什麼呢?
[00:35:08.500 --> 00:35:11.500]  第一,環境可怕,
[00:35:11.500 --> 00:35:13.500]  又要離開舒適區,
[00:35:13.500 --> 00:35:15.500]  四十年有食,
[00:35:15.500 --> 00:35:17.500]  有飲,
[00:35:17.500 --> 00:35:18.500]  沒有敵人困擾,
[00:35:18.500 --> 00:35:23.500]  還有他們相處的是自己,
[00:35:23.500 --> 00:35:25.500]  以色列人的文化,
[00:35:25.500 --> 00:35:27.500]  外面那些拜假神的,
[00:35:27.500 --> 00:35:29.500]  那些不好的文化,
[00:35:29.500 --> 00:35:32.500]  未曾帶入我們那裏,
[00:35:32.500 --> 00:35:35.500]  那些假神影響力,
[00:35:35.500 --> 00:35:40.500]  未直接來跟我們敬拜,
[00:35:40.500 --> 00:35:44.500]  未直接來對抗,
[00:35:44.500 --> 00:35:47.500]  所以都幾舒服的,
[00:35:47.500 --> 00:35:50.500]  我們教會有個特色,
[00:35:50.500 --> 00:35:54.500]  應該是沒有牆的,
[00:35:54.500 --> 00:36:01.500]  全香港有那麼多宣導會,
[00:36:01.500 --> 00:36:03.500]  區議會,
[00:36:03.500 --> 00:36:05.500]  有很多教會,
[00:36:05.500 --> 00:36:10.500]  座堂的只有我們一間,
[00:36:10.500 --> 00:36:11.500]  香港很多教會,
[00:36:11.500 --> 00:36:13.500]  就算幾千人,
[00:36:13.500 --> 00:36:15.500]  甚至一萬人的好教會,
[00:36:15.500 --> 00:36:16.500]  大教會,
[00:36:16.500 --> 00:36:18.500]  那些弟兄姊妹,
[00:36:18.500 --> 00:36:22.500]  是禮拜堂最後那段時間都可以見一見,
[00:36:22.500 --> 00:36:24.500]  都是一小撮撮見一見,
[00:36:24.500 --> 00:36:25.500]  第幾堂,
[00:36:25.500 --> 00:36:28.500]  坐在哪個角落都見一見,
[00:36:28.500 --> 00:36:29.500]  不坐在那個角落都見不到,
[00:36:29.500 --> 00:36:31.500]  太多人了,
[00:36:31.500 --> 00:36:33.500]  不是那堂就看不到,
[00:36:33.500 --> 00:36:35.500]  一散會就想走,
[00:36:35.500 --> 00:36:37.500]  接著第二批人進來,
[00:36:37.500 --> 00:36:40.500]  所以不是很多間香港的教會,
[00:36:40.500 --> 00:36:43.500]  是可以叫社區教會,
[00:36:43.500 --> 00:36:45.500]  Community Church,
[00:36:45.500 --> 00:36:48.500]  即是我們會有除了主日崇拜,
[00:36:48.500 --> 00:36:50.500]  正式的聖會之後,
[00:36:50.500 --> 00:36:52.500]  我們還可以碰口碰鼻,
[00:36:52.500 --> 00:36:53.500]  碰到,
[00:36:53.500 --> 00:36:55.500]  看看招呼多好,
[00:36:55.500 --> 00:36:58.500]  問一下多好,
[00:36:58.500 --> 00:37:00.500]  一個眼神關懷一下多好,
[00:37:00.500 --> 00:37:04.500]  見到他就想起教會為他祈禱,
[00:37:04.500 --> 00:37:05.500]  是祈甚麼都好,
[00:37:05.500 --> 00:37:07.500]  我都為他祈禱,
[00:37:07.500 --> 00:37:10.500]  見到他又想起他對我好過,
[00:37:10.500 --> 00:37:12.500]  我又可以對他好返,
[00:37:12.500 --> 00:37:15.500]  見到他又想起那次哪個弟兄姊妹有困難,
[00:37:15.500 --> 00:37:17.500]  我們一起幫那個弟兄姊妹,
[00:37:17.500 --> 00:37:18.500]  這就是這個了,
[00:37:18.500 --> 00:37:22.500]  又有重新找責任點,
[00:37:22.500 --> 00:37:24.500]  又有彼此提醒,
[00:37:24.500 --> 00:37:26.500]  又有彼此激勵,
[00:37:26.500 --> 00:37:29.500]  又有誤導不沽,
[00:37:29.500 --> 00:37:31.500]  我們不是孤孤單單的,
[00:37:31.500 --> 00:37:33.500]  很正的,
[00:37:33.500 --> 00:37:35.500]  感謝家庭姐妹,
[00:37:35.500 --> 00:37:38.500]  請不要浪費這個特殊的機會和身份,
[00:37:38.500 --> 00:37:43.500]  我們是息息相關的Community Church,
[00:37:43.500 --> 00:37:46.500]  請我們活出那個Community Church,
[00:37:46.500 --> 00:37:51.500]  那個社群教會,
[00:37:51.500 --> 00:37:53.500]  論社教會,
[00:37:53.500 --> 00:37:55.500]  親人教會,
[00:37:55.500 --> 00:37:57.500]  街坊教會,
[00:37:57.500 --> 00:38:00.500]  肉身碰到頭,
[00:38:00.500 --> 00:38:03.500]  更加幫助我們靈裡面碰頭,
[00:38:03.500 --> 00:38:06.500]  肉身見不到,靈裡面都可以碰頭,
[00:38:06.500 --> 00:38:08.500]  不是說其他教會,
[00:38:08.500 --> 00:38:10.500]  靈裡面不可以碰頭,
[00:38:10.500 --> 00:38:11.500]  不是,一樣可以,
[00:38:11.500 --> 00:38:14.500]  不過我們Double Blessing,
[00:38:14.500 --> 00:38:16.500]  英文叫Double Tip,
[00:38:16.500 --> 00:38:18.500]  即是你吃雪糕,
[00:38:18.500 --> 00:38:22.500]  倒些朱古力下去,
[00:38:22.500 --> 00:38:24.500]  有些覺得不夠好,
[00:38:24.500 --> 00:38:28.500]  倒些草莓下去,
[00:38:28.500 --> 00:38:30.500]  叫Double Dip,特別好吃,
[00:38:30.500 --> 00:38:32.500]  你問我兩個孫就知道了,
[00:38:32.500 --> 00:38:35.500]  感恩家庭姐妹,
[00:38:35.500 --> 00:38:40.500]  請Double Dip,
[00:38:40.500 --> 00:38:44.500]  我們在這個這麼優良的環境裡面,
[00:38:44.500 --> 00:38:46.500]  求主幫助我們,
[00:38:46.500 --> 00:38:49.500]  繼續享受和發揮,
[00:38:49.500 --> 00:38:53.500]  但是上帝說不單止是這樣,
[00:38:53.500 --> 00:38:55.500]  如果你們跟著走,
[00:38:55.500 --> 00:38:57.500]  進到迦南美地,
[00:38:57.500 --> 00:39:02.500]  就不單止是本身你幫助我,
[00:39:02.500 --> 00:39:04.500]  我幫助你,
[00:39:04.500 --> 00:39:07.500]  因為離開埃及有個使命,
[00:39:07.500 --> 00:39:10.500]  要讓人看見在以色列中間,
[00:39:10.500 --> 00:39:12.500]  有又真又活的神,
[00:39:12.500 --> 00:39:14.500]  進到迦南地,
[00:39:14.500 --> 00:39:16.500]  向那些外族人,
[00:39:16.500 --> 00:39:18.500]  雖然他們神高神大,很好打,
[00:39:18.500 --> 00:39:19.500]  雖然他們假神勢力很大,
[00:39:19.500 --> 00:39:21.500]  可以混亂我們,
[00:39:21.500 --> 00:39:24.500]  但我們贏他們,
[00:39:24.500 --> 00:39:26.500]  不用怕,
[00:39:26.500 --> 00:39:30.500]  神說以往摩西做你的榜樣,
[00:39:30.500 --> 00:39:32.500]  他為什麼成功呢?
[00:39:32.500 --> 00:39:40.500]  有Menu,寫好行事規則,
[00:39:40.500 --> 00:39:43.500]  律例典章,你可以靠的,
[00:39:43.500 --> 00:39:45.500]  不用怕,
[00:39:45.500 --> 00:39:49.500]  神說我和你們一起,
[00:39:49.500 --> 00:39:51.500]  我陪你們走,
[00:39:51.500 --> 00:39:54.500]  日間有運處,夜間有負處,
[00:39:54.500 --> 00:39:55.500]  證明我的存在,
[00:39:55.500 --> 00:39:57.500]  凡求什麼話的事,
[00:39:57.500 --> 00:39:59.500]  可以在會幕裏面,
[00:39:59.500 --> 00:40:02.500]  摩西將人間的事告訴上帝,
[00:40:02.500 --> 00:40:05.500]  又將上帝的心意告訴人,
[00:40:05.500 --> 00:40:08.500]  神人相會,
[00:40:08.500 --> 00:40:10.500]  上情下達,
[00:40:10.500 --> 00:40:12.500]  下情上品,
[00:40:12.500 --> 00:40:15.500]  摩西將人間帶到天上,
[00:40:15.500 --> 00:40:18.500]  將天上帶到人間,
[00:40:18.500 --> 00:40:20.500]  現在不只是摩西,
[00:40:20.500 --> 00:40:22.500]  現在不只是約書養,
[00:40:22.500 --> 00:40:25.500]  現在神安排了有祭司,
[00:40:25.500 --> 00:40:27.500]  有利美人,
[00:40:27.500 --> 00:40:31.500]  有一個行久去中間的會幕,
[00:40:31.500 --> 00:40:33.500]  人直接又可以,
[00:40:33.500 --> 00:40:36.500]  間接又可以,
[00:40:36.500 --> 00:40:39.500]  獻祭又可以,
[00:40:39.500 --> 00:40:42.500]  望著祈禱又可以,
[00:40:42.500 --> 00:40:44.500]  透過祭司們,
[00:40:44.500 --> 00:40:45.500]  利美人,
[00:40:45.500 --> 00:40:48.500]  進去和神直接來往又可以,
[00:40:48.500 --> 00:40:50.500]  到今時今日我們,
[00:40:50.500 --> 00:40:52.500]  聖主我們心裏面,
[00:40:52.500 --> 00:40:54.500]  自己隨時和上帝見面,
[00:40:54.500 --> 00:40:55.500]  又可以,
[00:40:55.500 --> 00:40:57.500]  更加可以,
[00:40:57.500 --> 00:41:00.500]  不用怕,
[00:41:00.500 --> 00:41:05.500]  不單止,
[00:41:05.500 --> 00:41:07.500]  不用怕,
[00:41:07.500 --> 00:41:09.500]  很開心,
[00:41:09.500 --> 00:41:12.500]  我們這個Community Church,
[00:41:12.500 --> 00:41:14.500]  在未來的日子,
[00:41:14.500 --> 00:41:16.500]  更加將聖廣場拆了,
[00:41:16.500 --> 00:41:19.500]  將福音帶給旁邊的人,
[00:41:19.500 --> 00:41:21.500]  我要結束了,
[00:41:21.500 --> 00:41:24.500]  很快其實已經開始了,
[00:41:24.500 --> 00:41:26.500]  有兩個大挑戰,
[00:41:26.500 --> 00:41:29.500]  不說就浪費了今日的機會,
[00:41:29.500 --> 00:41:31.500]  第一就是,
[00:41:31.500 --> 00:41:33.500]  教會和其他教會的領袖,
[00:41:33.500 --> 00:41:36.500]  很著重向印尼的,
[00:41:36.500 --> 00:41:38.500]  在香港的人傳福音,
[00:41:38.500 --> 00:41:41.500]  現在開始要培訓,
[00:41:41.500 --> 00:41:44.500]  我們錦宣家的印尼姐妹們,
[00:41:44.500 --> 00:41:47.500]  其他教會都培訓,
[00:41:47.500 --> 00:41:49.500]  已經在這裏信主的姐妹,
[00:41:49.500 --> 00:41:51.500]  回到印尼做宣教士,
[00:41:51.500 --> 00:41:53.500]  ISIS伊斯蘭國,
[00:41:53.500 --> 00:41:55.500]  兩年多前開始打敗仗,
[00:41:55.500 --> 00:41:56.500]  知道了,
[00:41:56.500 --> 00:41:58.500]  將人最惡那些,
[00:41:58.500 --> 00:41:59.500]  最難搞的那些,
[00:41:59.500 --> 00:42:01.500]  又不想這麼快見阿媽,
[00:42:01.500 --> 00:42:02.500]  其他人先死,
[00:42:02.500 --> 00:42:04.500]  他們不想死的那些,
[00:42:04.500 --> 00:42:06.500]  就走了去印尼,
[00:42:06.500 --> 00:42:07.500]  開始搞事,
[00:42:07.500 --> 00:42:09.500]  教會開始受迫害,
[00:42:09.500 --> 00:42:12.500]  開始教會已經有人信主,
[00:42:12.500 --> 00:42:15.500]  所以將來會有很多印尼人,
[00:42:15.500 --> 00:42:16.500]  在國內,
[00:42:16.500 --> 00:42:18.500]  印尼需要福音使者,
[00:42:18.500 --> 00:42:21.500]  所以求神帶領錦宣家,
[00:42:21.500 --> 00:42:24.500]  在這裏栽培印尼的宣教士,
[00:42:24.500 --> 00:42:26.500]  我們祈禱,
[00:42:26.500 --> 00:42:29.500]  自己和神說兩句話,
[00:42:29.500 --> 00:42:30.500]  多謝他,
[00:42:30.500 --> 00:42:32.500]  他叫我們不怕,
[00:42:32.500 --> 00:42:33.500]  我們就不怕,
[00:42:33.500 --> 00:42:34.500]  憑信心,
[00:42:34.500 --> 00:42:35.500]  在神的福音帶領之下,
[00:42:35.500 --> 00:42:38.500]  我們走上格林美地,
[00:42:38.500 --> 00:42:40.500]  更上一層樓,
[00:42:40.500 --> 00:42:42.500]  福音廣傳,
[00:42:42.500 --> 00:42:45.500]  求主聽我們禱告,
[00:42:45.500 --> 00:42:46.500]  奉主命令,
[00:42:46.500 --> 00:42:48.500]  阿們。
[00:42:48.500 --> 00:42:50.500]  (字幕製作:貝爾)

