[00:00.000 --> 00:03.000] 大英姐妹午安
[00:03.000 --> 00:08.000] 不知道剛才你們帶著什麼心情去敬拜
[00:08.000 --> 00:14.000] 我自己帶著一點沉重
[00:14.000 --> 00:19.000] 但是更加多的感恩去敬拜
[00:19.000 --> 00:24.000] 我剛才的敬拜是一個宣告
[00:24.000 --> 00:26.000] 因為我覺得上帝真的很愛我
[00:26.000 --> 00:27.000] 上帝真的很肯定我
[00:27.000 --> 00:29.000] 上帝真的很明白、知道我
[00:29.000 --> 00:34.000] 事緣就是昨天發生了一些事
[00:34.000 --> 00:36.000] 有些不開心
[00:36.000 --> 00:38.000] 也挺不開心
[00:38.000 --> 00:39.000] 但是發覺原來
[00:39.000 --> 00:41.000] 昨晚到今早
[00:41.000 --> 00:46.000] 其實上帝一直都是用了很多不同的方法去提醒我
[00:46.000 --> 00:47.000] 我猜他也真的知道
[00:47.000 --> 00:48.000] 我不是很厲害
[00:48.000 --> 00:49.000] 我感覺就是
[00:49.000 --> 00:50.000] 可能是你不太厲害
[00:50.000 --> 00:52.000] 他就狂塞一些東西給我
[00:52.000 --> 00:53.000] 就告訴我
[00:53.000 --> 00:55.000] 我在這裡,我跟你在一起
[00:55.000 --> 00:56.000] 所以剛才的敬拜
[00:56.000 --> 00:57.000] 在敬拜裡面
[00:57.000 --> 01:00.000] 我是很肯定、很想去宣告
[01:00.000 --> 01:01.000] 上帝真是我心靈的主
[01:01.000 --> 01:03.000] 他真的很愛我
[01:03.000 --> 01:05.000] 我不知道你帶著什麼心情去敬拜
[01:05.000 --> 01:07.000] 但是我很感恩
[01:07.000 --> 01:08.000] 我們每個星期
[01:08.000 --> 01:09.000] 就算是拿著螢幕
[01:09.000 --> 01:11.000] 也可以去敬拜
[01:11.000 --> 01:13.000] 其實也是他的恩典
[01:13.000 --> 01:14.000] 願意
[01:14.000 --> 01:15.000] 剛才的敬拜裡面
[01:15.000 --> 01:17.000] 都是我們忘記了
[01:17.000 --> 01:18.000] 我們就要提醒
[01:18.000 --> 01:20.000] 但是我們是可以肯定認同的
[01:20.000 --> 01:24.000] 也是一個我們機會去敬拜暫未住
[01:24.000 --> 01:25.000] 在講到此前
[01:25.000 --> 01:27.000] 我們有個祈禱
[01:28.000 --> 01:29.000] 齋天父
[01:29.000 --> 01:32.000] 我們人確實是很軟弱
[01:32.000 --> 01:34.000] 確實也是很善忘
[01:34.000 --> 01:36.000] 但是你讓我們有教會
[01:36.000 --> 01:39.000] 讓我們每個星期都可以去敬拜
[01:39.000 --> 01:42.000] 每個星期可以聽你的說話
[01:42.000 --> 01:45.000] 每一天我們也可以有聖經
[01:45.000 --> 01:46.000] 去聽你的說話
[01:46.000 --> 01:48.000] 我們人就是要這樣
[01:48.000 --> 01:50.000] 保持著被你去記得
[01:50.000 --> 01:53.000] 保持著你的話語去帶領我們
[01:53.000 --> 01:56.000] 我們才能夠去記住你
[01:56.000 --> 01:58.000] 能夠帶著你進入我們的生命裡面
[01:58.000 --> 01:59.000] 所以感謝你
[01:59.000 --> 02:01.000] 感謝你讓我們有教會
[02:01.000 --> 02:02.000] 讓我們有聖經
[02:02.000 --> 02:05.000] 可以去認定你就是我們的主
[02:05.000 --> 02:06.000] 待會講到
[02:06.000 --> 02:07.000] 求你和我
[02:07.000 --> 02:09.000] 也和大家去說話
[02:09.000 --> 02:11.000] 願意你讓我們看到
[02:11.000 --> 02:12.000] 你是創造我們的主
[02:12.000 --> 02:14.000] 你是認識我們的主
[02:14.000 --> 02:16.000] 以致我們生命裡面
[02:16.000 --> 02:18.000] 得到豐盛
[02:18.000 --> 02:19.000] 得到肯定
[02:19.000 --> 02:20.000] 得到愛
[02:20.000 --> 02:22.000] 我們要整個禱告奉主命求
[02:22.000 --> 02:24.000] 阿妹
[02:24.000 --> 02:28.000] 這個月的講道主題是關係
[02:28.000 --> 02:30.000] 上個星期的講道
[02:30.000 --> 02:31.000] 藉著看尤大書
[02:31.000 --> 02:33.000] 我們被提醒了
[02:33.000 --> 02:36.000] 在關係如果是不似預期的
[02:36.000 --> 02:38.000] 我們應該要怎樣做呢
[02:38.000 --> 02:40.000] 我們要在憐憫的
[02:40.000 --> 02:41.000] 我們要用憐憫
[02:41.000 --> 02:43.000] 去憐憫那些心懷
[02:43.000 --> 02:46.000] 有心存懷疑的弟兄姊妹
[02:46.000 --> 02:47.000] 我們要拯救那些
[02:47.000 --> 02:49.000] 在罪裡面的弟兄姊妹
[02:49.000 --> 02:51.000] 同時我們要謹慎自己
[02:51.000 --> 02:53.000] 不去同樣犯錯
[02:53.000 --> 02:54.000] 在罪的裡面
[02:54.000 --> 02:57.000] 確實我們在很多的關係裡面
[02:57.000 --> 02:59.000] 但是
[02:59.000 --> 03:00.000] 試問的就是
[03:00.000 --> 03:02.000] 有多少這些關係
[03:02.000 --> 03:04.000] 我們是滿意
[03:04.000 --> 03:06.000] 讓我們得滿足
[03:06.000 --> 03:08.000] 是令我們開心的呢
[03:08.000 --> 03:09.000] 還是反而其實
[03:09.000 --> 03:11.000] 真的很多關係是不似預期
[03:11.000 --> 03:13.000] 帶來很多不開心
[03:13.000 --> 03:15.000] 煩惱
[03:15.000 --> 03:16.000] 傷害
[03:16.000 --> 03:18.000] 傷痛
[03:18.000 --> 03:20.000] 有個輔導員在一篇文章
[03:20.000 --> 03:21.000] 這樣寫
[03:21.000 --> 03:23.000] 他說關係出問題
[03:23.000 --> 03:25.000] 永遠要檢視自己
[03:25.000 --> 03:27.000] 在別人身上找問題
[03:27.000 --> 03:29.000] 是搞錯了方向
[03:29.000 --> 03:31.000] 我們應該先建立好
[03:31.000 --> 03:33.000] 最重要的一份關係
[03:33.000 --> 03:35.000] 你與自己的關係
[03:35.000 --> 03:37.000] 所有你與人的關係
[03:37.000 --> 03:39.000] 探究到最後
[03:39.000 --> 03:40.000] 其實都反映了
[03:40.000 --> 03:42.000] 你與自己的關係
[03:42.000 --> 03:43.000] 他甚至說
[03:43.000 --> 03:46.000] 就算是別人傷害你的關係
[03:46.000 --> 03:48.000] 其實都是關乎
[03:48.000 --> 03:50.000] 你與你自己的關係
[03:51.000 --> 03:53.000] 說關於與自己的關係
[03:53.000 --> 03:54.000] 是一個很複雜
[03:54.000 --> 03:56.000] 是一個很深
[03:56.000 --> 03:57.000] 我覺得
[03:57.000 --> 03:59.000] 很不著邊際的事
[03:59.000 --> 04:01.000] 我是我
[04:01.000 --> 04:03.000] 但是我捉不住我
[04:03.000 --> 04:05.000] 我不明白我
[04:05.000 --> 04:07.000] 我找不到我
[04:07.000 --> 04:09.000] 他也說不到我
[04:09.000 --> 04:12.000] 我感覺到是有點不妥
[04:12.000 --> 04:14.000] 但是我又說不出
[04:14.000 --> 04:16.000] 我又實在捉不住
[04:16.000 --> 04:18.000] 究竟有什麼不妥
[04:18.000 --> 04:19.000] 我只知道
[04:19.000 --> 04:22.000] 如果我自己自處不了
[04:22.000 --> 04:25.000] 我不能夠與自己相處的話
[04:25.000 --> 04:27.000] 我會很不舒服
[04:27.000 --> 04:29.000] 很不自在
[04:29.000 --> 04:30.000] 例如就是
[04:30.000 --> 04:32.000] 我Soran
[04:32.000 --> 04:34.000] 如果不知道我想怎樣
[04:34.000 --> 04:36.000] 我就很痛苦
[04:36.000 --> 04:38.000] 就算只是不知道
[04:38.000 --> 04:39.000] 我想吃什麼
[04:39.000 --> 04:41.000] 或者是我想不想吃
[04:41.000 --> 04:44.000] 已經是令到一件我覺得很難受的事
[04:44.000 --> 04:46.000] 因為如果連我這個Soran
[04:46.000 --> 04:47.000] 連想不想吃
[04:47.000 --> 04:49.000] 或者想吃什麼都不知道
[04:49.000 --> 04:50.000] 其實就是代表了
[04:50.000 --> 04:53.000] 我是一個很混亂的狀態
[04:53.000 --> 04:54.000] 我Soran
[04:54.000 --> 04:56.000] 滿腦子都是食物
[04:56.000 --> 04:57.000] 我吃這一餐
[04:57.000 --> 04:58.000] 我就想下一餐
[04:58.000 --> 05:00.000] 所以當我連我想不想吃
[05:00.000 --> 05:02.000] 和我想吃什麼都不知道
[05:02.000 --> 05:03.000] 代表其實
[05:03.000 --> 05:04.000] 我都真的
[05:04.000 --> 05:07.000] 不太知道自己想怎樣
[05:07.000 --> 05:08.000] 另外
[05:08.000 --> 05:10.000] 當我不喜歡自己
[05:10.000 --> 05:11.000] 我有自責
[05:11.000 --> 05:12.000] 有生氣
[05:12.000 --> 05:13.000] 不滿意
[05:13.000 --> 05:14.000] 討厭
[05:14.000 --> 05:16.000] 看死自己的時候
[05:16.000 --> 05:18.000] 其實都會令我不好受
[05:19.000 --> 05:21.000] 但可能最煎熬的就是
[05:21.000 --> 05:22.000] 理智上
[05:22.000 --> 05:23.000] 我知道
[05:23.000 --> 05:24.000] 我不應該
[05:24.000 --> 05:25.000] 也不需要
[05:25.000 --> 05:26.000] 去有自責
[05:26.000 --> 05:27.000] 生氣
[05:27.000 --> 05:28.000] 討厭
[05:28.000 --> 05:29.000] 看少自己
[05:29.000 --> 05:30.000] 但我就是會生氣
[05:30.000 --> 05:31.000] 看少
[05:31.000 --> 05:32.000] 自責
[05:33.000 --> 05:36.000] 我認同輔導員他說
[05:36.000 --> 05:39.000] 我們與別人去建立關係之前
[05:39.000 --> 05:41.000] 我們應該先建立好
[05:41.000 --> 05:43.000] 最重要一份關係
[05:43.000 --> 05:45.000] 就是你與自己的關係
[05:46.000 --> 05:49.000] 但是怎樣去跟自己建立關係呢
[05:50.000 --> 05:51.000] 我可以去看書
[05:51.000 --> 05:52.000] 去看文章
[05:52.000 --> 05:54.000] 去報讀課程
[05:54.000 --> 05:55.000] 去跟別人談
[05:55.000 --> 05:58.000] 去問關於別人怎樣看我自己
[05:59.000 --> 06:00.000] 不過我發覺
[06:00.000 --> 06:01.000] 去到某些位置
[06:01.000 --> 06:04.000] 當然就是最深入的那些位置
[06:04.000 --> 06:07.000] 我都只能夠自己去面對處理
[06:07.000 --> 06:08.000] 去到那些位置
[06:08.000 --> 06:10.000] 其實沒有人可以再幫到我
[06:11.000 --> 06:13.000] 去到那些樽頸位置
[06:13.000 --> 06:15.000] 又也是最孤單
[06:15.000 --> 06:17.000] 最無助的時候
[06:18.000 --> 06:19.000] 去到那些位置
[06:19.000 --> 06:21.000] 建立和自己的關係
[06:21.000 --> 06:23.000] 就變得很寂寞
[06:23.000 --> 06:24.000] 很無力
[06:26.000 --> 06:27.000] 如果是這樣
[06:27.000 --> 06:30.000] 我再次的去將我自己放下
[06:30.000 --> 06:31.000] 放在一旁
[06:31.000 --> 06:32.000] 不理
[06:32.000 --> 06:33.000] 將我去隱藏
[06:33.000 --> 06:34.000] 逃避我
[06:34.000 --> 06:35.000] 是很人之常情
[06:36.000 --> 06:37.000] 因為我
[06:37.000 --> 06:39.000] 真是一個很煩的生物
[06:42.000 --> 06:44.000] 而認真認識
[06:44.000 --> 06:46.000] 而認真的去想學習
[06:46.000 --> 06:48.000] 去捨棄愛人的我們
[06:49.000 --> 06:51.000] 說我們要想自己
[06:51.000 --> 06:53.000] 要說愛自己多一點
[06:54.000 --> 06:55.000] 要懂得去自愛
[06:55.000 --> 06:56.000] 自愛
[06:56.000 --> 06:57.000] 自關心
[06:57.000 --> 06:59.000] 我們就總是會覺得
[06:59.000 --> 07:00.000] 或者很害怕
[07:00.000 --> 07:02.000] 自己會不會變成自私
[07:02.000 --> 07:03.000] 自我
[07:03.000 --> 07:04.000] 經常想著自己
[07:04.000 --> 07:05.000] 不是那麼好
[07:08.000 --> 07:10.000] 在同樣的關係中
[07:10.000 --> 07:11.000] 和自己的關係
[07:11.000 --> 07:13.000] 到底是怎樣的呢
[07:14.000 --> 07:17.000] 在人群中看著我
[07:18.000 --> 07:19.000] 有時
[07:19.000 --> 07:20.000] 甚至可能很多時
[07:20.000 --> 07:22.000] 都很沮喪
[07:23.000 --> 07:24.000] 因為我
[07:24.000 --> 07:25.000] 這個人
[07:25.000 --> 07:27.000] 真是很煩很複雜
[07:29.000 --> 07:30.000] 不過在我去學習
[07:30.000 --> 07:31.000] 去認識自己
[07:31.000 --> 07:33.000] 和自己相處的過程當中
[07:33.000 --> 07:34.000] 去到一些我真的不知道
[07:34.000 --> 07:36.000] 怎樣再下去的地方
[07:37.000 --> 07:39.000] 我總是有一條出路
[07:40.000 --> 07:42.000] 雖然我有這條出路
[07:42.000 --> 07:44.000] 但是不代表
[07:44.000 --> 07:46.000] 我已經認識了自己
[07:46.000 --> 07:47.000] 或者是
[07:47.000 --> 07:49.000] 去認識和自己相處
[07:49.000 --> 07:51.000] 或者和自己相處得很好
[07:51.000 --> 07:53.000] 但我肯定的就是
[07:53.000 --> 07:54.000] 有這條路
[07:54.000 --> 07:56.000] 我是在走在上面
[07:56.000 --> 07:58.000] 我是邁向成長
[07:58.000 --> 08:00.000] 所以今天很想
[08:00.000 --> 08:01.000] 我這條出路
[08:01.000 --> 08:03.000] 都成為你的出路
[08:04.000 --> 08:06.000] 這條是什麼出路呢
[08:06.000 --> 08:08.000] 就是上帝
[08:08.000 --> 08:09.000] 因為在我思考
[08:09.000 --> 08:10.000] 我和我自己關係的時候
[08:10.000 --> 08:12.000] 我不是自己一個去面對的
[08:12.000 --> 08:14.000] 我是有上帝和我一起
[08:14.000 --> 08:16.000] 去面對我自己
[08:17.000 --> 08:19.000] 現在就來到講到大綱的第一點
[08:19.000 --> 08:22.000] 來看看上帝怎樣去幫我們
[08:22.000 --> 08:24.000] 去面對處理
[08:24.000 --> 08:25.000] 去明白
[08:25.000 --> 08:28.000] 我怎樣去和自己的關係呢
[08:28.000 --> 08:30.000] 現在就有請童工為我們讀出
[08:30.000 --> 08:32.000] 詩篇139篇1到6節
[08:32.000 --> 08:35.000] 來看看到底上帝怎樣幫我們
[08:35.000 --> 08:37.000] 去和我們建立關係呢
[09:05.000 --> 09:07.000] 至高是我不能及的
[09:08.000 --> 09:10.000] 大衛在這裡宣告
[09:10.000 --> 09:14.000] 上帝已經監察認識我
[09:14.000 --> 09:16.000] 原來上帝一早
[09:16.000 --> 09:21.000] 老祖已經是監察認識他兼我們
[09:21.000 --> 09:24.000] 而上帝的這個認識不是片面的
[09:24.000 --> 09:26.000] 上帝是下了功夫來認識我們
[09:26.000 --> 09:28.000] 因為他已經仔細的
[09:28.000 --> 09:30.000] 他搜尋過
[09:30.000 --> 09:32.000] 他是搜索探救過我們
[09:32.000 --> 09:35.000] 他是深入細密的去認識我們
[09:36.000 --> 09:39.000] 而他對我們這個認識是全面的
[09:39.000 --> 09:41.000] 因為我做下
[09:41.000 --> 09:42.000] 我錯下
[09:42.000 --> 09:43.000] 我起來
[09:43.000 --> 09:44.000] 我行路
[09:44.000 --> 09:45.000] 我躺我
[09:45.000 --> 09:46.000] 我一切所做的
[09:46.000 --> 09:47.000] 我生活
[09:47.000 --> 09:48.000] 每一個細節
[09:48.000 --> 09:50.000] 起居作息
[09:50.000 --> 09:51.000] 神都是
[09:51.000 --> 09:52.000] 曉得
[09:52.000 --> 09:53.000] 都細察
[09:53.000 --> 09:55.000] 都心知
[09:55.000 --> 09:59.000] 上帝不單只知道我們外表的行為所做的事
[09:59.000 --> 10:01.000] 他連我們內心裏面
[10:01.000 --> 10:02.000] 所思
[10:02.000 --> 10:03.000] 所想
[10:03.000 --> 10:04.000] 他都知道
[10:04.000 --> 10:06.000] 上帝是由遠處
[10:06.000 --> 10:08.000] 已經知道我的心
[10:08.000 --> 10:09.000] 我的意念
[10:09.000 --> 10:10.000] 我的想法
[10:10.000 --> 10:13.000] 以至在我舌頭上
[10:13.000 --> 10:14.000] 未說的話
[10:14.000 --> 10:15.000] 上帝都知道
[10:15.000 --> 10:17.000] 因為他知道我心裏面
[10:17.000 --> 10:18.000] 在想什麼
[10:18.000 --> 10:19.000] 在第五節
[10:19.000 --> 10:21.000] 大衛就形容上帝對他這個
[10:21.000 --> 10:23.000] 深切全面
[10:23.000 --> 10:25.000] 屢屢愛愛的認識為
[10:25.000 --> 10:27.000] 你在我前後
[10:27.000 --> 10:28.000] 圍繞我
[10:28.000 --> 10:30.000] 暗守在我身上
[10:30.000 --> 10:33.000] 圍繞意思就是保護看顧
[10:33.000 --> 10:35.000] 就好像一個城牆一樣
[10:35.000 --> 10:38.000] 去看守一個城市
[10:38.000 --> 10:40.000] 暗守亦都有
[10:40.000 --> 10:43.000] 覆蓋任被保護的意思
[10:43.000 --> 10:46.000] 亦都有暗守被祝福的意思
[10:46.000 --> 10:50.000] 而這份認識和保護帶來他的一個讚嘆
[10:50.000 --> 10:51.000] 就是第六節他說
[10:51.000 --> 10:54.000] 這樣的知識奇妙是我不能測的
[10:54.000 --> 10:57.000] 至高是我不能及的
[10:57.000 --> 10:59.000] 上帝對人這樣的認識程度
[10:59.000 --> 11:01.000] 是奇妙的
[11:01.000 --> 11:03.000] 是人不能夠理解
[11:03.000 --> 11:06.000] 不能夠高攀
[11:06.000 --> 11:08.000] 大衛知道上帝這樣認識他
[11:08.000 --> 11:10.000] 他又知道上帝這個認識
[11:10.000 --> 11:11.000] 是有美意
[11:11.000 --> 11:12.000] 是善意的
[11:12.000 --> 11:15.000] 是想去保護看顧他的
[11:15.000 --> 11:18.000] 不過大衛讚嘆的同時
[11:18.000 --> 11:20.000] 他又有一份矛盾
[11:20.000 --> 11:23.000] 有一份矛盾的感覺和反應
[11:23.000 --> 11:25.000] 就是他想逃避
[11:25.000 --> 11:28.000] 現在你又請同工為我們讀出七到十二節
[11:28.000 --> 11:30.000] 看看大衛對著一個
[11:30.000 --> 11:33.000] 這麼徹底地看他認識他的上帝
[11:33.000 --> 11:35.000] 他有什麼反應
[11:35.000 --> 11:37.000] 他如何逃避呢
[11:37.000 --> 11:40.000] 我往那裡去躲避你的靈
[11:40.000 --> 11:41.000] 我往那裡逃
[11:41.000 --> 11:43.000] 躲避你的面
[11:43.000 --> 11:44.000] 我若升到天上
[11:44.000 --> 11:46.000] 你在那裡
[11:46.000 --> 11:47.000] 我若在陰間下塔
[11:47.000 --> 11:49.000] 你也在那裡
[11:49.000 --> 11:51.000] 我若展開青唇的翅膀
[11:51.000 --> 11:53.000] 飛到海極居住
[11:53.000 --> 11:54.000] 就是在那裡
[11:54.000 --> 11:56.000] 你的手必引導我
[11:56.000 --> 11:58.000] 你的右手也必扶持我
[11:58.000 --> 12:01.000] 我若說黑暗必定遮蔽我
[12:01.000 --> 12:04.000] 我周圍的亮光必成為黑夜
[12:04.000 --> 12:06.000] 黑暗也不能遮蔽我
[12:06.000 --> 12:07.000] 使你不見
[12:07.000 --> 12:10.000] 黑夜卻如白晝發亮
[12:10.000 --> 12:13.000] 黑暗無光明在你看都是一樣
[12:14.000 --> 12:17.000] 相信大衛這個矛盾
[12:17.000 --> 12:19.000] 想逃避的感覺
[12:19.000 --> 12:21.000] 可能我們一點也不陌生
[12:21.000 --> 12:23.000] 雖然我們渴望被明白
[12:23.000 --> 12:25.000] 渴望與人有親密的關係
[12:25.000 --> 12:27.000] 但是到了某些位置
[12:27.000 --> 12:30.000] 我們就不敢讓人再進入我們內心世界
[12:30.000 --> 12:32.000] 如果有人硬要闖進來
[12:32.000 --> 12:34.000] 我們就會逃避
[12:34.000 --> 12:36.000] 我們就會走路
[12:36.000 --> 12:39.000] 我們就像一隻洋蔥
[12:39.000 --> 12:41.000] 讓人認識的時候
[12:41.000 --> 12:44.000] 就是讓人一層一層撕開
[12:44.000 --> 12:48.000] 逐層逐層進入我們最深的深處
[12:49.000 --> 12:52.000] 在那裡有我們不想被人知道的秘密
[12:52.000 --> 12:55.000] 有我們最黑暗的幼暗面
[12:55.000 --> 12:58.000] 有我們最不想被人知道見到的軟弱
[12:58.000 --> 13:00.000] 不能夠醜陋的一面
[13:01.000 --> 13:05.000] 我們很怕當別人認識我最深的那一層
[13:05.000 --> 13:07.000] 最真實的自己
[13:07.000 --> 13:09.000] 別人不再接納我
[13:09.000 --> 13:10.000] 喜歡我
[13:11.000 --> 13:16.000] 儘管大衛讚嘆上帝能夠全面徹底認識自己
[13:16.000 --> 13:20.000] 他又知道上帝對自己細心的認識
[13:20.000 --> 13:21.000] 是要保護他
[13:21.000 --> 13:25.000] 但是面對徹底地認識自己的上帝赤裸裸的
[13:25.000 --> 13:27.000] 站在上帝面前
[13:27.000 --> 13:30.000] 大衛也只是很想逃避上帝
[13:30.000 --> 13:33.000] 而他逃避得也挺誇張
[13:33.000 --> 13:34.000] 第八節
[13:34.000 --> 13:38.000] 他說他想升到他地上的最高處天上面
[13:38.000 --> 13:44.000] 又或者是墮落到地底下最深處的陰間去逃避上帝
[13:44.000 --> 13:46.000] 第九節的清晨
[13:46.000 --> 13:49.000] 代表自最遠處的東面
[13:49.000 --> 13:52.000] 因為太陽是由東邊西起
[13:52.000 --> 13:55.000] 海極是代表最遠處的西面
[13:55.000 --> 13:58.000] 因為對古代的以色列人來說
[13:58.000 --> 14:00.000] 西面是一片大海洋
[14:00.000 --> 14:01.000] 地中海
[14:02.000 --> 14:05.000] 清晨的翅膀飛到海極居住是指
[14:05.000 --> 14:09.000] 由早飛到晚要停下來休息居住
[14:10.000 --> 14:14.000] 所以大衛在想他想飛到天上
[14:14.000 --> 14:15.000] 落到地底下
[14:15.000 --> 14:17.000] 由早飛到晚
[14:17.000 --> 14:20.000] 由東飛到西無止境的去逃避上帝
[14:20.000 --> 14:24.000] 他甚至逃避到想躲在黑暗的裏面
[14:24.000 --> 14:28.000] 第十一節他說他想黑暗遮蔽他
[14:28.000 --> 14:30.000] 又想白天變成黑暗
[14:30.000 --> 14:34.000] 用黑暗去掩護自己
[14:34.000 --> 14:36.000] 他想在黑暗裏面你看不到我
[14:36.000 --> 14:37.000] 你看不到我
[14:37.000 --> 14:38.000] 你看不到我
[14:38.000 --> 14:39.000] 上帝就看不到他了
[14:39.000 --> 14:40.000] 就沒事了
[14:41.000 --> 14:44.000] 但是大衛自己都講出了一個事實
[14:44.000 --> 14:47.000] 就是上帝在創造世界的時候
[14:47.000 --> 14:51.000] 就已經是從黑暗裏面創造白天
[14:51.000 --> 14:52.000] 對上帝來說
[14:52.000 --> 14:55.000] 其實黑暗就好像白晝一樣的亮
[14:55.000 --> 14:58.000] 黑暗和光明同樣一樣
[14:58.000 --> 15:01.000] 黑暗不能夠令到上帝看不到我們
[15:02.000 --> 15:03.000] 在黑暗裏面
[15:03.000 --> 15:05.000] 上帝都能夠一清二楚的
[15:05.000 --> 15:08.000] 去見到、認識我們
[15:09.000 --> 15:11.000] 所以是很無奈的
[15:11.000 --> 15:13.000] 因為大衛出盡力的
[15:13.000 --> 15:16.000] 想盡辦法的去逃避上帝
[15:16.000 --> 15:18.000] 但是最後是沒用的
[15:18.000 --> 15:20.000] 是徒勞無功的
[15:20.000 --> 15:22.000] 他打算升上天上
[15:22.000 --> 15:23.000] 落到地底下
[15:23.000 --> 15:24.000] 由早到晚
[15:24.000 --> 15:26.000] 由東到西去逃避上帝嗎?
[15:26.000 --> 15:30.000] 但是上帝就在那裏去等他
[15:30.000 --> 15:32.000] 第八到第十節都講到
[15:32.000 --> 15:34.000] 你在那裏
[15:34.000 --> 15:35.000] 你也在那裏
[15:35.000 --> 15:36.000] 就算你也在那裏
[15:36.000 --> 15:38.000] 無論我們逃到哪裏
[15:38.000 --> 15:40.000] 上帝就在那裏等著你
[15:40.000 --> 15:41.000] 在守候著我們
[15:41.000 --> 15:44.000] 以至他在第七節反問了一句
[15:44.000 --> 15:47.000] 就是他可以去哪裏去躲避上帝的靈
[15:47.000 --> 15:51.000] 他可以去哪裏去逃避上帝的念呢?
[15:51.000 --> 15:53.000] 是沒有的
[15:53.000 --> 15:55.000] 是沒有的
[15:55.000 --> 15:57.000] 上帝無處不在
[15:57.000 --> 15:59.000] 他是無處可避
[16:00.000 --> 16:01.000] 不知道當你聽到
[16:01.000 --> 16:03.000] 上帝是這樣守候你
[16:03.000 --> 16:04.000] 等待你的時候
[16:04.000 --> 16:06.000] 你有什麼感覺
[16:06.000 --> 16:09.000] 我就會覺得很壓迫
[16:09.000 --> 16:12.000] 也會覺得很沮喪
[16:13.000 --> 16:15.000] 我有心去避上帝的
[16:15.000 --> 16:17.000] 可惜避到哪裏去
[16:17.000 --> 16:19.000] 他就已經在那裏等著我們
[16:19.000 --> 16:21.000] 真的想跟上帝說一句
[16:21.000 --> 16:22.000] 怎樣啊,上帝
[16:22.000 --> 16:24.000] 你放過我吧
[16:24.000 --> 16:26.000] 給我一個時間
[16:27.000 --> 16:31.000] 不過如果我們對上帝有這樣的想法
[16:31.000 --> 16:35.000] 對他的存知存在有這樣的感覺
[16:35.000 --> 16:37.000] 可能是因為我們對上帝
[16:37.000 --> 16:41.000] 有一個負面的想法和形象
[16:41.000 --> 16:44.000] 因為我們將上帝24小時
[16:44.000 --> 16:48.000] 全面屢屢外外的監察
[16:48.000 --> 16:52.000] 變為了他24小時的監察
[16:53.000 --> 16:55.000] 不知道從小的時候
[16:55.000 --> 16:57.000] 有沒有人跟你說過
[16:57.000 --> 16:59.000] 就是你要乖
[16:59.000 --> 17:01.000] 雖然我不在你身邊
[17:01.000 --> 17:03.000] 但是上帝是無處不在的
[17:03.000 --> 17:06.000] 你要乖,他會看著你的
[17:06.000 --> 17:08.000] 類似這樣的說話
[17:08.000 --> 17:11.000] 就會令到你覺得上帝
[17:11.000 --> 17:16.000] 就是一個嚴厲的監察員、審判官
[17:16.000 --> 17:19.000] 感覺就好像我幼稚園的時候
[17:19.000 --> 17:23.000] 一個經常看到的宣傳廣告
[17:23.000 --> 17:25.000] 就是亂拋垃圾
[17:25.000 --> 17:27.000] 人見人真
[17:27.000 --> 17:32.000] 廣告就是用了這對很厲害凌厲審判的眼光
[17:32.000 --> 17:34.000] 想阻嚇別人不要亂拋垃圾
[17:34.000 --> 17:36.000] 因為心理學家指出
[17:36.000 --> 17:39.000] 就算是憑這對人畫的
[17:39.000 --> 17:41.000] 就算只是塗畫也好
[17:41.000 --> 17:44.000] 但是單憑這對嚴厲的眼睛
[17:44.000 --> 17:47.000] 都已經足夠令人當一刻脅怯
[17:47.000 --> 17:50.000] 不敢在他面前去扔垃圾
[17:51.000 --> 17:53.000] 當我們身有屎
[17:53.000 --> 17:55.000] 面對一些凌厲的眼神
[17:55.000 --> 17:58.000] 對著一個嚴厲的審判官
[17:58.000 --> 18:02.000] 我們當然會怯、會害怕、會想逃避
[18:02.000 --> 18:06.000] 當上帝的形象是一個嚴厲的審判官
[18:06.000 --> 18:10.000] 監察員又對凌厲的眼睛24小時
[18:10.000 --> 18:12.000] 裡裡外外地看著你
[18:12.000 --> 18:15.000] 我們當然是想逃避上帝
[18:16.000 --> 18:18.000] 不過對於大衛來說
[18:18.000 --> 18:20.000] 他對上帝的認識
[18:20.000 --> 18:24.000] 不是單單是一個審判官
[18:24.000 --> 18:25.000] 其實他更加知道
[18:25.000 --> 18:29.000] 上帝是溫柔、忍耐的等候者
[18:30.000 --> 18:32.000] 雖然大衛很想逃避上帝
[18:32.000 --> 18:36.000] 因為人最終都知道自己是罪人
[18:36.000 --> 18:38.000] 不過他很清楚知道
[18:38.000 --> 18:40.000] 上帝是認識他
[18:40.000 --> 18:43.000] 認識他是有想保護他的意思
[18:43.000 --> 18:44.000] 同時他又知道
[18:44.000 --> 18:46.000] 他又知道上帝默言的等候
[18:46.000 --> 18:48.000] 不是要懲罰他
[18:48.000 --> 18:51.000] 而是要引導、扶持他
[18:51.000 --> 18:53.000] 因為他在第十節這樣說
[18:53.000 --> 18:54.000] 就是在那裡
[18:54.000 --> 18:56.000] 即是大衛逃避上帝的地方
[18:56.000 --> 18:57.000] 你的手必引導我
[18:57.000 --> 19:00.000] 你的右手也必扶持我
[19:01.000 --> 19:03.000] 就算我們怎樣逃避上帝
[19:03.000 --> 19:07.000] 上帝終於都會在我們逃避他的地方守候我們
[19:07.000 --> 19:11.000] 等的就是要去引導、扶持我們
[19:12.000 --> 19:13.000] 我們避到哪裡
[19:13.000 --> 19:15.000] 上帝就會在那裡等我們
[19:15.000 --> 19:17.000] 我們由早飛到晚
[19:17.000 --> 19:19.000] 由東飛到西
[19:19.000 --> 19:20.000] 飛到累
[19:20.000 --> 19:21.000] 要停下來休息
[19:21.000 --> 19:23.000] 居住、歇息的時候
[19:23.000 --> 19:28.000] 上帝就在那裡等守候我們
[19:28.000 --> 19:31.000] 為要的是要扶持、引導我們
[19:33.000 --> 19:34.000] 丁姐妹
[19:34.000 --> 19:36.000] 我們都很清楚自己是一個罪人
[19:36.000 --> 19:37.000] 一個很不堪的人
[19:37.000 --> 19:39.000] 一個會令人失望
[19:39.000 --> 19:42.000] 令自己失望的做很多令人失望
[19:42.000 --> 19:44.000] 令自己失望的事
[19:44.000 --> 19:46.000] 很多事都未必做得好
[19:46.000 --> 19:50.000] 很多事連我們自己都不喜歡自己
[19:50.000 --> 19:52.000] 自己都接受不了自己
[19:52.000 --> 19:54.000] 自己都面對不了自己的時候
[19:54.000 --> 19:58.000] 但原來上帝在那裡等著我們
[19:58.000 --> 20:01.000] 他在那裡守候著我們
[20:01.000 --> 20:05.000] 當我們連我們自己都想放棄自己的時候
[20:05.000 --> 20:09.000] 上帝從來沒有想過放棄我們
[20:09.000 --> 20:12.000] 他一直都在守候著我們
[20:14.000 --> 20:17.000] 有個牧師他曾經分享一個見證
[20:17.000 --> 20:19.000] 令我很感動
[20:19.000 --> 20:22.000] 這個牧師來自新加坡
[20:22.000 --> 20:23.000] 跟香港差不多
[20:23.000 --> 20:25.000] 讀書壓力指數很高
[20:25.000 --> 20:27.000] 競爭性很大
[20:27.000 --> 20:32.000] 父母對子女的成績要求都同樣高
[20:32.000 --> 20:35.000] 牧師跟他爸爸的關係很疏遠
[20:35.000 --> 20:39.000] 他說他每年只跟爸爸有兩次對話
[20:39.000 --> 20:43.000] 不是各時各節慶祝哪個生日開心的時候
[20:43.000 --> 20:46.000] 而是每年兩次派成績表
[20:46.000 --> 20:49.000] 爸爸要簽成績表的時候
[20:49.000 --> 20:52.000] 其實他成績一點都不差
[20:52.000 --> 20:55.000] 每當他拿完全部A的時候
[20:55.000 --> 20:56.000] 他爸爸就稱讚他
[20:56.000 --> 20:58.000] 好,乖
[20:58.000 --> 21:00.000] 但當他沒有拿全A
[21:00.000 --> 21:03.000] 其實只不過是有科拿了B加
[21:03.000 --> 21:07.000] 他爸爸就問責罵他
[21:07.000 --> 21:10.000] 所以從小到大他的價值觀就是
[21:10.000 --> 21:12.000] 好成績就是好的
[21:12.000 --> 21:14.000] 低成績就是差的
[21:14.000 --> 21:17.000] 有成就就是好的
[21:17.000 --> 21:19.000] 沒有成就就是差的
[21:21.000 --> 21:24.000] 他就帶著這個價值觀去很努力
[21:24.000 --> 21:27.000] 覺得要去用努力爭取好的表現
[21:27.000 --> 21:28.000] 高的成績
[21:28.000 --> 21:30.000] 大的成就
[21:30.000 --> 21:33.000] 他要靠著成就去贏取別人的接納
[21:33.000 --> 21:35.000] 肯定欣賞
[21:35.000 --> 21:37.000] 他帶著這個勞惡價值觀
[21:37.000 --> 21:40.000] 他信主之後仍然存在
[21:40.000 --> 21:44.000] 他帶著這個價值觀去活一個信徒的生命
[21:44.000 --> 21:47.000] 所以他很努力做很多做得好
[21:47.000 --> 21:49.000] 很多信仰的要求
[21:49.000 --> 21:51.000] 因為他認為做得好
[21:51.000 --> 21:54.000] 他就是一個好的肌肉圖
[21:54.000 --> 21:56.000] 後來他又做了醫生
[21:56.000 --> 21:58.000] 在很忙的工作裡面
[21:58.000 --> 22:01.000] 他仍然很努力做很多做得好
[22:01.000 --> 22:03.000] 他很努力工作
[22:03.000 --> 22:05.000] 他很努力去做一個肌肉圖
[22:05.000 --> 22:07.000] 很努力
[22:07.000 --> 22:10.000] 令到他身體都支持不住了
[22:10.000 --> 22:13.000] 終於就病倒了
[22:13.000 --> 22:18.000] 當時他就需要留院去臥床半年
[22:18.000 --> 22:20.000] 一段很漫長的日子
[22:20.000 --> 22:25.000] 一個很漫長不能夠工作的時刻
[22:25.000 --> 22:28.000] 對一個一直都衝的人
[22:28.000 --> 22:30.000] 突然間要停下來
[22:30.000 --> 22:33.000] 實在是一個很大的衝擊
[22:33.000 --> 22:35.000] 他很不明白
[22:35.000 --> 22:38.000] 他不是很努力做一個肌肉圖的嗎?
[22:38.000 --> 22:41.000] 為什麼上帝要這樣對他
[22:41.000 --> 22:44.000] 這樣玩他呢?
[22:44.000 --> 22:46.000] 在那半年他想了很多
[22:46.000 --> 22:48.000] 因為他都只是可以想
[22:48.000 --> 22:49.000] 因為他要臥床
[22:49.000 --> 22:50.000] 他什麼都做不到
[22:50.000 --> 22:52.000] 但他想也想不明白
[22:52.000 --> 22:53.000] 他想不通
[22:53.000 --> 22:55.000] 他很生氣上帝
[22:55.000 --> 22:58.000] 以至半年出院之後
[22:58.000 --> 22:59.000] 他沒有再回教會
[22:59.000 --> 23:00.000] 他沒有再侍奉
[23:00.000 --> 23:03.000] 他停止了讀經靈修
[23:03.000 --> 23:07.000] 他甚至停止了跟上帝祈禱
[23:07.000 --> 23:10.000] 因為他很生氣上帝
[23:10.000 --> 23:13.000] 不過在出院後的六個星期
[23:13.000 --> 23:15.000] 他經歷了做醫生以來
[23:15.000 --> 23:18.000] 最順利、最成功的日子
[23:18.000 --> 23:21.000] 他診斷了很多奇男雜症
[23:21.000 --> 23:24.000] 連他上司都診斷不了的都診斷到
[23:24.000 --> 23:27.000] 以至上司計劃去升他職
[23:27.000 --> 23:29.000] 他覺得很不可思議
[23:29.000 --> 23:31.000] 因為他深信這一切的成功
[23:31.000 --> 23:33.000] 全部都是來自上帝的
[23:33.000 --> 23:34.000] 因為他清楚知道
[23:34.000 --> 23:37.000] 他根本沒有這些能力去做到
[23:37.000 --> 23:39.000] 不過他不明白的就是
[23:39.000 --> 23:42.000] 為什麼正正就在他逃避上帝
[23:42.000 --> 23:44.000] 生氣、發出上帝脾氣的時候
[23:44.000 --> 23:49.000] 為什麼上帝還要祝福他手作的功呢?
[23:49.000 --> 23:51.000] 直到有一天他很不明白
[23:51.000 --> 23:53.000] 不明白到他終於向上帝祈禱
[23:53.000 --> 23:55.000] 他問上帝為什麼
[23:55.000 --> 23:57.000] 上帝為什麼在我逃避你的時候
[23:57.000 --> 23:58.000] 生氣你的時候
[23:58.000 --> 24:01.000] 你還這樣祝福我呢?
[24:02.000 --> 24:05.000] 接著他聽到上帝的回應是
[24:05.000 --> 24:09.000] 因為我愛你 句號
[24:10.000 --> 24:13.000] 他只聽到上帝一句的回應
[24:13.000 --> 24:18.000] 就是因為我愛你 句號
[24:18.000 --> 24:20.000] 上帝祝福他、愛他
[24:20.000 --> 24:22.000] 不是因為他做得有多好
[24:22.000 --> 24:24.000] 他侍奉得有多努力
[24:24.000 --> 24:27.000] 就算連他在逃避上帝
[24:27.000 --> 24:28.000] 埋怨上帝的時候
[24:28.000 --> 24:31.000] 上帝仍然愛他
[24:31.000 --> 24:32.000] 為什麼呢?
[24:32.000 --> 24:36.000] 因為上帝愛他 句號
[24:36.000 --> 24:39.000] 從此他就明白了恩典
[24:39.000 --> 24:43.000] 明白了上帝愛到底是怎麼回事
[24:43.000 --> 24:45.000] 上帝就只是愛他
[24:45.000 --> 24:48.000] 沒有理由、沒有原因
[24:48.000 --> 24:51.000] 上帝愛他就是愛他
[24:52.000 --> 24:53.000] 令我震撼的就是
[24:53.000 --> 24:56.000] 上帝教他愛是怎麼回事
[24:56.000 --> 24:59.000] 正正就是在他逃避上帝的時候
[24:59.000 --> 25:02.000] 以至當他願意跟上帝對話
[25:02.000 --> 25:03.000] 問上帝那條問題的時候
[25:03.000 --> 25:05.000] 上帝沒有斥責他
[25:05.000 --> 25:08.000] 反而上帝在他逃避他的地方
[25:08.000 --> 25:11.000] 去引導、扶持他
[25:11.000 --> 25:14.000] 這個正正就是大衛所說的
[25:14.000 --> 25:16.000] 我若展開清晨的翅膀
[25:16.000 --> 25:19.000] 飛到海極居住就是在那裡
[25:19.000 --> 25:21.000] 你的手必引導我
[25:21.000 --> 25:24.000] 你的右手也必扶持我
[25:26.000 --> 25:28.000] 很多時候要承認
[25:28.000 --> 25:31.000] 逐而去面對、去處理
[25:31.000 --> 25:33.000] 我們心裡的憂暗面
[25:33.000 --> 25:35.000] 一點都不容易
[25:35.000 --> 25:36.000] 不過事實就是
[25:36.000 --> 25:38.000] 就算我們想怎樣去逃避上帝
[25:38.000 --> 25:39.000] 也無法逃避
[25:39.000 --> 25:41.000] 這是一個事實
[25:41.000 --> 25:44.000] 因為上帝就會在那裡等候你
[25:44.000 --> 25:45.000] 但是他等候你
[25:45.000 --> 25:48.000] 是想扶持、引導你
[25:48.000 --> 25:49.000] 他不是要我們見到他
[25:49.000 --> 25:51.000] 讓我們無地自容
[25:51.000 --> 25:52.000] 讓我們難受
[25:52.000 --> 25:55.000] 他是想他引導、扶持我們
[25:55.000 --> 25:58.000] 我們所謂走不出上帝的手指南
[25:58.000 --> 26:01.000] 不是要我們感到壓迫感
[26:01.000 --> 26:02.000] 他是想告訴我們
[26:02.000 --> 26:04.000] 就算我們逃避、憎他
[26:04.000 --> 26:05.000] 不明白、質疑他
[26:05.000 --> 26:07.000] 他也不會放棄我們
[26:07.000 --> 26:09.000] 他也是在等著我們
[26:09.000 --> 26:12.000] 想他引導、扶持我們
[26:14.000 --> 26:15.000] 等姐妹們
[26:15.000 --> 26:17.000] 我們跟自己相處不來
[26:17.000 --> 26:18.000] 不明白、面對不了自己
[26:18.000 --> 26:20.000] 逃避自己的同時
[26:20.000 --> 26:24.000] 相信我們都不能去面對上帝
[26:24.000 --> 26:27.000] 因為如果連我自己都面對不了自己
[26:27.000 --> 26:30.000] 我更加不能面對其他人
[26:30.000 --> 26:32.000] 我就更加更加面對不了
[26:32.000 --> 26:36.000] 大而可畏、全知全能的上帝
[26:36.000 --> 26:39.000] 但是姐妹們,你逃避成怎樣?
[26:41.000 --> 26:43.000] 你逃避得累嗎?
[26:44.000 --> 26:46.000] 你從早飛到晚
[26:47.000 --> 26:49.000] 從東飛到西
[26:50.000 --> 26:52.000] 你累嗎?
[26:54.000 --> 26:57.000] 上帝現在就在這裡等著你
[26:57.000 --> 26:59.000] 在守候著你
[26:59.000 --> 27:01.000] 你願意停下來嗎?
[27:03.000 --> 27:05.000] 上帝已經認識你
[27:05.000 --> 27:06.000] 監察你
[27:06.000 --> 27:07.000] 他已經知道你底牌了
[27:07.000 --> 27:11.000] 他已經去到你洋蔥的核心了
[27:11.000 --> 27:13.000] 你沒什麼他不知道的
[27:13.000 --> 27:14.000] 你不能避開他
[27:14.000 --> 27:16.000] 你不能隱藏自己
[27:16.000 --> 27:18.000] 你也不需要逃避、隱藏
[27:19.000 --> 27:21.000] 上帝知道你不是要刮你瘡疤
[27:21.000 --> 27:22.000] 不是要你難堪
[27:22.000 --> 27:23.000] 不是要你難受
[27:23.000 --> 27:24.000] 他認識你
[27:24.000 --> 27:28.000] 因為他想保護、引導、扶持你
[27:29.000 --> 27:30.000] 等姐妹們
[27:30.000 --> 27:32.000] 你願意停下來
[27:33.000 --> 27:35.000] 不再逃跑
[27:35.000 --> 27:38.000] 在他懷裡安然居住
[27:38.000 --> 27:42.000] 讓他保護、引導、扶持你嗎?
[27:45.000 --> 27:47.000] 上帝對我們不離不棄
[27:47.000 --> 27:50.000] 又已經監察認識我們
[27:50.000 --> 27:51.000] 歸根究底
[27:51.000 --> 27:54.000] 因為我們是他所創造的
[27:54.000 --> 27:59.000] 還要是奇妙、可謂的創造
[28:00.000 --> 28:03.000] 原文以至英文在第十三節
[28:03.000 --> 28:05.000] 是有因為再開始
[28:05.000 --> 28:07.000] 意思就是上帝認識我們
[28:07.000 --> 28:08.000] 我們不需要逃避
[28:08.000 --> 28:10.000] 他因為創造我們
[28:10.000 --> 28:13.000] 現在讓童公為我們讀出
[28:13.000 --> 28:14.000] 十三到十八節
[28:14.000 --> 28:16.000] 來看看上帝如何創造我們
[28:16.000 --> 28:18.000] 而面對創造我們的上帝
[28:18.000 --> 28:21.000] 我們又應該如何回應他呢?
[28:22.000 --> 28:24.000] 我的快撫是你所做的
[28:24.000 --> 28:27.000] 我在無福中你已覆避我
[28:27.000 --> 28:29.000] 我要稱謝你
[28:29.000 --> 28:31.000] 因我受造奇妙、可謂
[28:31.000 --> 28:33.000] 你的作為奇妙
[28:33.000 --> 28:35.000] 這是我深深知道的
[28:35.000 --> 28:37.000] 我在暗中受造
[28:37.000 --> 28:39.000] 在地的深處被聯絡
[28:39.000 --> 28:42.000] 那時我的形體並不向你隱藏
[28:42.000 --> 28:44.000] 我未成形的體質
[28:44.000 --> 28:46.000] 你的眼早已看見了
[28:46.000 --> 28:48.000] 我所定的日子
[28:48.000 --> 28:49.000] 你所定的日子
[28:49.000 --> 28:51.000] 我尚未到一日
[28:51.000 --> 28:53.000] 你都寫在你的冊上了
[28:53.000 --> 28:54.000] 神呀
[28:54.000 --> 28:56.000] 你的意念向我何等寶貴
[28:56.000 --> 28:58.000] 奇數何等眾多
[28:58.000 --> 29:01.000] 我約數點比海沙更多
[29:01.000 --> 29:02.000] 我睡醒的時候
[29:02.000 --> 29:04.000] 迎和你同在
[29:05.000 --> 29:10.000] 大衛知道上帝是親手創造他的
[29:10.000 --> 29:11.000] 第十三節的肺腑
[29:11.000 --> 29:14.000] 是指人最重要的身體部位
[29:14.000 --> 29:18.000] 亦都比喻為人內心的情感
[29:18.000 --> 29:21.000] 意思就是人的身體、情感
[29:21.000 --> 29:23.000] 都是上帝創造的
[29:23.000 --> 29:25.000] 之前提到上帝已經監察
[29:25.000 --> 29:26.000] 已經認識
[29:26.000 --> 29:27.000] 已經等候
[29:27.000 --> 29:32.000] 現在就說上帝已經覆避我們了
[29:32.000 --> 29:34.000] 覆避英文是knitted的意思
[29:34.000 --> 29:35.000] 即是編織
[29:35.000 --> 29:37.000] 就好像織欄衫一樣
[29:37.000 --> 29:39.000] 表示在我們未出生
[29:39.000 --> 29:41.000] 還在媽媽的肚子裡的時候
[29:41.000 --> 29:44.000] 他已經開始編織細心的
[29:44.000 --> 29:46.000] 仔細的、親手的
[29:46.000 --> 29:48.000] 編織我們的生命
[29:48.000 --> 29:51.000] 創造大規模宇宙的主
[29:51.000 --> 29:53.000] 現在用同樣的心思
[29:53.000 --> 29:56.000] 來創造編織我們細規模微小
[29:56.000 --> 29:59.000] 但是奇妙可畏的生命
[29:59.000 --> 30:01.000] 你和我的生命
[30:03.000 --> 30:04.000] 十五節說到
[30:04.000 --> 30:06.000] 我們在暗中受造
[30:06.000 --> 30:08.000] 在地的深處被聯絡
[30:08.000 --> 30:10.000] 意思就是在沒有人知道的地方
[30:10.000 --> 30:11.000] 連父母都不知道
[30:11.000 --> 30:14.000] 原來他們懷有了我的時候
[30:14.000 --> 30:18.000] 上帝就已經開始做我了
[30:18.000 --> 30:19.000] 在那時候
[30:19.000 --> 30:21.000] 他已經清楚地認識我了
[30:22.000 --> 30:23.000] 二至十五節說
[30:23.000 --> 30:26.000] 那時我的形體並不向你隱藏
[30:26.000 --> 30:28.000] 我未能成形的體質
[30:28.000 --> 30:31.000] 你的眼早已看見了
[30:31.000 --> 30:34.000] 而上帝不但在我們未出生的時候
[30:34.000 --> 30:35.000] 已經認識我們
[30:35.000 --> 30:38.000] 就連我們將來一生的年日
[30:38.000 --> 30:40.000] 他都已經編寫好
[30:40.000 --> 30:41.000] 第十六節他說
[30:41.000 --> 30:44.000] 你所定的日子我尚未度過一日
[30:44.000 --> 30:47.000] 你都寫在你的冊上了
[30:47.000 --> 30:49.000] 上帝編織我們的生命
[30:49.000 --> 30:51.000] 編織我們的一生
[30:51.000 --> 30:53.000] 以至大衛在第十七、第十八節
[30:53.000 --> 30:55.000] 能夠去讚嘆上帝
[30:55.000 --> 30:59.000] 對我們生命的意念、想法、計劃
[30:59.000 --> 31:02.000] 其數是何等眾多
[31:03.000 --> 31:04.000] 確實上帝
[31:04.000 --> 31:07.000] 我們一生都是上帝的手裏面
[31:07.000 --> 31:09.000] 上帝為我們擺上的心思意念
[31:09.000 --> 31:14.000] 真是很多好細物比海沙更多
[31:15.000 --> 31:18.000] 而上帝對大衛這一切的心思意念
[31:18.000 --> 31:21.000] 計劃大衛是體重的
[31:21.000 --> 31:24.000] 是覺得寶貴珍貴
[31:27.000 --> 31:29.000] 這一切令到大衛第十四節
[31:29.000 --> 31:31.000] 去誘眾讚上帝說
[31:31.000 --> 31:32.000] 我要稱謝你
[31:32.000 --> 31:34.000] 因我受造奇妙可畏
[31:34.000 --> 31:36.000] 我的作為奇妙
[31:37.000 --> 31:39.000] 上帝創造我們是奇妙
[31:39.000 --> 31:40.000] 是wonderful的
[31:40.000 --> 31:42.000] 同時是可畏
[31:42.000 --> 31:44.000] 是fearful
[31:45.000 --> 31:47.000] 我們每一個被上帝造的人
[31:47.000 --> 31:51.000] 都是值得我們去尊重、敬畏
[31:51.000 --> 31:53.000] 包括我們自己
[31:53.000 --> 31:56.000] 都是值得被尊重、敬畏
[31:56.000 --> 32:00.000] 每一個生命都是寶貴、珍貴的
[32:00.000 --> 32:03.000] 我們都是要體重去看待的
[32:04.000 --> 32:07.000] 所以說到上帝已經知道認識大衛
[32:08.000 --> 32:10.000] 現在大衛他是深深知道
[32:10.000 --> 32:13.000] 他受造是奇妙可畏
[32:13.000 --> 32:16.000] 由我們開始到生命的結束
[32:16.000 --> 32:17.000] 上帝都認識我們
[32:17.000 --> 32:20.000] 而這個認識是不間斷的
[32:20.000 --> 32:21.000] 因為大衛他說
[32:21.000 --> 32:25.000] 我睡醒的時候仍然和你同在
[32:26.000 --> 32:30.000] 情況就好像當我睡覺的時候
[32:30.000 --> 32:33.000] 上帝就在床邊看著我
[32:33.000 --> 32:34.000] 讓我入睡
[32:34.000 --> 32:36.000] 而當我睡醒的時候
[32:36.000 --> 32:40.000] 上帝仍然在床邊讓我起床
[32:40.000 --> 32:44.000] 他就是整晚的在守候著我
[32:44.000 --> 32:47.000] 看著我睡覺、看顧著我
[32:48.000 --> 32:50.000] 重申這個角度
[32:50.000 --> 32:54.000] 睡醒的時候是指死後復活的時候
[32:54.000 --> 32:56.000] 以致我們可以肯定的就是
[32:56.000 --> 32:58.000] 不單止我們每天起床
[32:58.000 --> 33:00.000] 可以有上帝和我們一起
[33:00.000 --> 33:03.000] 面對在地上的每一天
[33:03.000 --> 33:04.000] 同時我們可以肯定
[33:04.000 --> 33:06.000] 在將來復活的日子
[33:06.000 --> 33:07.000] 由創造我們那一刻
[33:07.000 --> 33:10.000] 到死亡又復活的時候
[33:10.000 --> 33:13.000] 上帝都是陪伴著我們左右
[33:13.000 --> 33:15.000] 為我們編寫好了
[33:18.000 --> 33:19.000] 丁姊妹
[33:20.000 --> 33:24.000] 神在你身上的作為是奇妙
[33:24.000 --> 33:28.000] 去做你是奇妙可畏
[33:28.000 --> 33:32.000] 神在你身上的作為是奇妙
[33:32.000 --> 33:36.000] 去做你是奇妙可畏
[33:37.000 --> 33:39.000] 你心心知道嗎?
[33:40.000 --> 33:42.000] 你有沒有為你的生命
[33:42.000 --> 33:46.000] 去稱謝、做你的主呢?
[33:48.000 --> 33:51.000] 人很多時候都會看不到
[33:51.000 --> 33:54.000] 上帝創造人的奇妙可畏
[33:54.000 --> 33:58.000] 反而我們會看不起自己
[33:58.000 --> 34:00.000] 會覺得自己不夠好
[34:00.000 --> 34:03.000] 特別是覺得不夠其他人好
[34:04.000 --> 34:06.000] 但是丁姊妹
[34:06.000 --> 34:08.000] 上帝創造你
[34:08.000 --> 34:10.000] 他是親手創造你
[34:10.000 --> 34:14.000] 我們的好、不好、強、弱
[34:14.000 --> 34:16.000] 都是上帝造成的
[34:17.000 --> 34:18.000] 如果是這樣的話
[34:18.000 --> 34:20.000] 學習和自己相處
[34:20.000 --> 34:22.000] 去想多一點自己
[34:22.000 --> 34:24.000] 自我照顧、自我愛
[34:24.000 --> 34:26.000] 自我肯定多一點
[34:26.000 --> 34:28.000] 不是一個完全自我
[34:28.000 --> 34:31.000] 自私、自我忠心的想法
[34:32.000 --> 34:34.000] 因為如果我想得對
[34:34.000 --> 34:37.000] 我肯定的不是我Florance這個人
[34:37.000 --> 34:40.000] 而是肯定上帝做我這個人
[34:41.000 --> 34:43.000] 我看重的不是我Florance這個人
[34:43.000 --> 34:47.000] 而是我看重上帝所做的Florance
[34:49.000 --> 34:51.000] 因為我做到、我做不到
[34:51.000 --> 34:52.000] 我厲害的、不厲害的
[34:52.000 --> 34:55.000] 其實都是上帝造成
[34:56.000 --> 34:57.000] 所以做到厲害的
[34:57.000 --> 34:59.000] 我不可以邀功
[34:59.000 --> 35:00.000] 不厲害的
[35:00.000 --> 35:01.000] 做不到的
[35:01.000 --> 35:03.000] 我不可以埋怨
[35:04.000 --> 35:06.000] 除非你禁止著上帝跟他說
[35:06.000 --> 35:07.000] 我很廢啊
[35:07.000 --> 35:08.000] 我一條廢柴
[35:08.000 --> 35:10.000] 你為什麼做我這麼廢啊
[35:12.000 --> 35:13.000] 丁姊妹
[35:13.000 --> 35:15.000] 學習和自己相處
[35:15.000 --> 35:16.000] 學習自我欣賞
[35:16.000 --> 35:19.000] 不是因為你真的有什麼好
[35:19.000 --> 35:21.000] 而是做你的上帝
[35:21.000 --> 35:24.000] 是有多厲害、多厲害、多好
[35:26.000 --> 35:27.000] 丁姊妹
[35:27.000 --> 35:29.000] 你要深深的知道
[35:29.000 --> 35:32.000] 你是貴重、是無價
[35:33.000 --> 35:35.000] 而你是值得不單止
[35:35.000 --> 35:38.000] 是來自上帝親手去做你
[35:39.000 --> 35:42.000] 甚至是值得你的價值
[35:42.000 --> 35:45.000] 是來自他親手的拯救你
[35:45.000 --> 35:47.000] 你貴重到上帝猜怕
[35:47.000 --> 35:49.000] 他的獨生兒子耶穌
[35:49.000 --> 35:51.000] 來為你死
[35:51.000 --> 35:54.000] 以至你每次逃避上帝的時候
[35:54.000 --> 35:57.000] 他每次就在十字架等你回去
[35:59.000 --> 36:01.000] 你受做是奇妙可畏
[36:02.000 --> 36:05.000] 你的救贖是百百無條件
[36:05.000 --> 36:07.000] 你深深知道嗎?
[36:10.000 --> 36:11.000] 願意這一刻
[36:11.000 --> 36:13.000] 你為你自己的生命
[36:13.000 --> 36:15.000] 去稱謝、做你的主
[36:16.000 --> 36:18.000] 為你好的、不好的
[36:19.000 --> 36:21.000] 做到、做不到的
[36:21.000 --> 36:23.000] 都去稱謝、做你的主
[36:25.000 --> 36:27.000] 大衛確信上帝是愛他
[36:27.000 --> 36:30.000] 以至他不再怕的去面對上帝
[36:30.000 --> 36:33.000] 不再怕見到自己的不足
[36:33.000 --> 36:35.000] 他能夠將自己不足的
[36:35.000 --> 36:37.000] 他不怕再呈現給上帝
[36:37.000 --> 36:39.000] 他不再逃避上帝
[36:39.000 --> 36:42.000] 他以至能夠為他的整個生命
[36:42.000 --> 36:45.000] 好、不好的都去稱謝上帝
[36:46.000 --> 36:48.000] 詩篇一開始大衛宣告說
[36:48.000 --> 36:50.000] 上帝已經監察了我
[36:50.000 --> 36:52.000] 到詩篇最後
[36:52.000 --> 36:54.000] 他反而來求上帝一件事
[36:54.000 --> 36:56.000] 他說神求你監察我
[36:56.000 --> 36:57.000] 知道我的心思
[36:57.000 --> 36:59.000] 求你試煉我
[36:59.000 --> 37:00.000] 知道我的意念
[37:01.000 --> 37:03.000] 他求上帝幫他看的
[37:03.000 --> 37:05.000] 不是看他有什麼改變得好
[37:05.000 --> 37:06.000] 不是現在他有多好
[37:06.000 --> 37:10.000] 而是看在我裏面有什麼惡行沒有
[37:11.000 --> 37:15.000] 目的是想要被引導我走永生的道路
[37:17.000 --> 37:19.000] 大衛已經不懼怕
[37:19.000 --> 37:21.000] 大衛已經不懼怕
[37:21.000 --> 37:23.000] 要去知道、承認
[37:23.000 --> 37:26.000] 面對自己的軟弱黑暗罪性
[37:26.000 --> 37:30.000] 因為他完全不再質疑上帝對他的愛
[37:30.000 --> 37:34.000] 他甚至想去知道自己軟弱
[37:34.000 --> 37:38.000] 因為他想走上永生的道路
[37:40.000 --> 37:42.000] 在我預備詩篇講章的時候
[37:42.000 --> 37:45.000] 我就問了幾個人這條問題
[37:45.000 --> 37:49.000] 就是近日你最不喜歡自己什麼
[37:50.000 --> 37:52.000] 首先多謝大家的回覆
[37:52.000 --> 37:55.000] 以及願意這麼坦誠直率的
[37:55.000 --> 37:57.000] 去回答這個這麼過癮的問題
[37:57.000 --> 37:58.000] 甚至有些都有機會
[37:58.000 --> 38:01.000] 可以再講幾句、分享多幾句
[38:02.000 --> 38:04.000] 如果現在問你
[38:04.000 --> 38:08.000] 近日你最不喜歡自己的地方
[38:09.000 --> 38:11.000] 你的答案是什麼呢
[38:12.000 --> 38:16.000] 在這裡我整合了少許大家的回覆
[38:16.000 --> 38:19.000] 回覆裡面不少人不喜歡自己
[38:19.000 --> 38:24.000] 懶惰、不自律、沒有動力去做要做的事
[38:24.000 --> 38:25.000] 沒有做做不到的
[38:25.000 --> 38:28.000] 就會覺得自己很廢、被動、不夠進取
[38:29.000 --> 38:31.000] 有些不喜歡自己
[38:31.000 --> 38:34.000] 覺得對家人不夠愛和耐性
[38:35.000 --> 38:37.000] 有些不喜歡自己的性格
[38:37.000 --> 38:40.000] 不夠堅強、勇敢
[38:40.000 --> 38:41.000] 果斷
[38:43.000 --> 38:44.000] 有一個就分享
[38:44.000 --> 38:46.000] 最不喜歡自己
[38:46.000 --> 38:49.000] 是當見到不應該發生的事
[38:49.000 --> 38:51.000] 但我無力改變
[38:53.000 --> 38:55.000] 內在的有個就分享
[38:55.000 --> 38:57.000] 不滿意自己變胖了
[38:57.000 --> 38:59.000] 而自己不開心
[38:59.000 --> 39:01.000] 他不是不滿意自己變胖了
[39:01.000 --> 39:04.000] 他是不滿意自己變胖了
[39:06.000 --> 39:08.000] 有一個就學習
[39:08.000 --> 39:12.000] 正在學習以為自己已經學到去欣賞、喜歡自己
[39:12.000 --> 39:14.000] 但原來再想一會兒
[39:14.000 --> 39:17.000] 原來還是有不喜歡自己的地方
[39:19.000 --> 39:23.000] 有些不喜歡自己在矛盾當中
[39:23.000 --> 39:25.000] 一邊想心痛自己
[39:25.000 --> 39:27.000] 不懂得欣賞、肯定自己
[39:27.000 --> 39:28.000] 但另一邊想又覺得
[39:28.000 --> 39:32.000] 太過欣賞自己會太自我
[39:33.000 --> 39:34.000] 有個就覺得
[39:34.000 --> 39:37.000] 一邊想不喜歡別人忽略、無視自己的感受
[39:37.000 --> 39:41.000] 但自己又經常忽略、無視自己的感受
[39:43.000 --> 39:46.000] 令我最扎心和心痛的
[39:46.000 --> 39:47.000] 有個就說
[39:47.000 --> 39:51.000] 我最不喜歡我經常令人失望
[39:53.000 --> 39:54.000] 有個就說
[39:54.000 --> 39:57.000] 最不喜歡不喜歡自己
[40:01.000 --> 40:03.000] 至於我Sorenz
[40:03.000 --> 40:05.000] 雖然我很清楚知道
[40:05.000 --> 40:10.000] 上帝是我在認識自己和自己相處的一個出路
[40:11.000 --> 40:15.000] 但我仍然都在學習和自己建立關係
[40:15.000 --> 40:18.000] 因為我仍然有我不喜歡自己的地方
[40:19.000 --> 40:21.000] 我不喜歡自己
[40:21.000 --> 40:23.000] 就算原來我知道我是被愛的
[40:23.000 --> 40:26.000] 被上帝愛、被人愛的
[40:26.000 --> 40:28.000] 但我仍然看自己看得很小
[40:29.000 --> 40:31.000] 我不喜歡自己辜負了人
[40:31.000 --> 40:35.000] 辜負了人、辜負了神對我的肯定
[40:37.000 --> 40:39.000] 因為我在這些位置
[40:40.000 --> 40:42.000] 我沒有去想上帝
[40:42.000 --> 40:44.000] 我只是想著自己
[40:45.000 --> 40:47.000] 原來我去想自己
[40:47.000 --> 40:51.000] 我是需要帶著上帝去想我自己
[40:51.000 --> 40:55.000] 我才不會掉進那個黑暗裡
[40:56.000 --> 40:58.000] 和自己好好的相處
[40:58.000 --> 41:00.000] 和自己去建立關係
[41:00.000 --> 41:01.000] 不容易
[41:01.000 --> 41:03.000] 甚至是很痛苦的事
[41:04.000 --> 41:06.000] 要進入不容易
[41:06.000 --> 41:09.000] 鼓起勇氣去進入
[41:09.000 --> 41:11.000] 越走越深
[41:11.000 --> 41:13.000] 就越走越黑暗
[41:13.000 --> 41:15.000] 就越來越孤單
[41:15.000 --> 41:17.000] 越來越無力
[41:18.000 --> 41:19.000] 大頂姊妹
[41:19.000 --> 41:21.000] 今天上帝和你
[41:22.000 --> 41:24.000] 特別可能是和我說
[41:24.000 --> 41:26.000] 他已經監察你
[41:27.000 --> 41:29.000] 他已經認識你
[41:30.000 --> 41:32.000] 因為他創造你
[41:33.000 --> 41:36.000] 而上帝也是把那個黑暗
[41:36.000 --> 41:39.000] 變成白天的創造主
[41:41.000 --> 41:42.000] 大頂姊妹
[41:42.000 --> 41:45.000] 你和自己相處成怎樣
[41:46.000 --> 41:49.000] 你有沒有不喜歡自己的地方
[41:51.000 --> 41:52.000] 如果有
[41:52.000 --> 41:53.000] 如果有
[41:53.000 --> 41:56.000] 今天上帝就向你作一個邀請
[41:57.000 --> 42:00.000] 就是邀請你不要再逃避
[42:00.000 --> 42:02.000] 你停下來
[42:02.000 --> 42:04.000] 你避去去引導
[42:05.000 --> 42:07.000] 你避去去扶持
[42:08.000 --> 42:10.000] 上帝在這一刻
[42:10.000 --> 42:12.000] 這裡就等著你
[42:13.000 --> 42:15.000] 大頂姊妹學習和自己相處
[42:15.000 --> 42:16.000] 唯一的出路
[42:16.000 --> 42:18.000] 是真是唯有上帝
[42:19.000 --> 42:21.000] 因為當你連自己都不喜歡的時候
[42:21.000 --> 42:23.000] 上帝仍然是愛你
[42:25.000 --> 42:28.000] 當你仍然自己都想放棄自己的時候
[42:28.000 --> 42:32.000] 上帝從來沒有想過放棄你和我
[42:34.000 --> 42:35.000] 大頂姊妹
[42:35.000 --> 42:37.000] 上帝是唯一的出路
[42:38.000 --> 42:40.000] 你願意停下來
[42:41.000 --> 42:43.000] 你願意避去去引導
[42:43.000 --> 42:44.000] 扶持嗎
[42:47.000 --> 42:49.000] 上帝已經監察你
[42:50.000 --> 42:52.000] 上帝已經認識你
[42:53.000 --> 42:54.000] 他愛你
[42:54.000 --> 42:56.000] 他創造你
[42:57.000 --> 42:58.000] 你不能避開他
[42:58.000 --> 43:00.000] 你也不需要避開他
[43:01.000 --> 43:04.000] 他這一刻就等著你停下來
[43:04.000 --> 43:06.000] 你在他裡面去揭積
[43:07.000 --> 43:08.000] 居住
[43:10.000 --> 43:11.000] 被他的幫助
[43:12.000 --> 43:13.000] 保護
[43:13.000 --> 43:14.000] 扶持
[43:15.000 --> 43:17.000] 你願意停下來嗎
[43:19.000 --> 43:20.000] 你願意
