
[00:00:00.000 --> 00:00:05.000]  我們感謝主的恩典
[00:00:05.000 --> 00:00:10.000]  在這個週末有機會和各位等子一起分享
[00:00:10.000 --> 00:00:13.000]  培靈會的主題分為兩部分
[00:00:13.000 --> 00:00:17.000]  第一部分是講到攜手共建
[00:00:17.000 --> 00:00:20.000]  於是我們在第一晚和第二晚
[00:00:20.000 --> 00:00:24.000]  我們用羅馬書十二章一路講到十六章裏面
[00:00:24.000 --> 00:00:28.000]  特別是將保羅對教會的一個觀念
[00:00:28.000 --> 00:00:33.000]  用兩個中文字一個希臘文的文字表達出來
[00:00:33.000 --> 00:00:36.000]  就是彼此或者叫互相
[00:00:36.000 --> 00:00:42.000]  我們彼此之間互相的在主的裏面來建造
[00:00:42.000 --> 00:00:46.000]  我們頭兩晚講述到這個主題
[00:00:46.000 --> 00:00:52.000]  從今天開始到今晚我們進入第二方面的主題
[00:00:52.000 --> 00:00:54.000]  講到活潑的見證
[00:00:54.000 --> 00:00:58.000]  一個活潑的見證見證什麼呢?
[00:00:58.000 --> 00:01:01.000]  這個就是我們今天來思想的
[00:01:01.000 --> 00:01:06.000]  剛才讀出來的經文在羅馬書第十章裏面
[00:01:06.000 --> 00:01:09.000]  講到什麼是我們所要見證的呢?
[00:01:09.000 --> 00:01:12.000]  我們見證的訊息是什麼呢?
[00:01:12.000 --> 00:01:17.000]  在第十章裏面保羅開始這樣說
[00:01:17.000 --> 00:01:23.000]  他說:你如果是心裏面認耶穌為主
[00:01:23.000 --> 00:01:27.000]  口裏面信神
[00:01:27.000 --> 00:01:29.000]  叫祂從死裏復活
[00:01:29.000 --> 00:01:32.000]  這個人就必得救
[00:01:32.000 --> 00:01:35.000]  因為人心裏相信就可以清二
[00:01:35.000 --> 00:01:38.000]  口裏承認就可以得救
[00:01:38.000 --> 00:01:40.000]  這個是我們的訊息
[00:01:40.000 --> 00:01:43.000]  這個是我們所相信的
[00:01:43.000 --> 00:01:48.000]  一個人如果是內心裏面被神的愛所感動
[00:01:48.000 --> 00:01:51.000]  觸動到我們內心的心源
[00:01:51.000 --> 00:01:54.000]  對神的愛有一個回應
[00:01:54.000 --> 00:01:56.000]  我們說我們相信了
[00:01:56.000 --> 00:01:59.000]  然後有一個外在的見證
[00:01:59.000 --> 00:02:02.000]  口裏承認是一個外在見證
[00:02:02.000 --> 00:02:05.000]  透過真理、透過我們的宣信
[00:02:05.000 --> 00:02:07.000]  我們表達我們的信仰
[00:02:07.000 --> 00:02:10.000]  在聖經的見證裏面
[00:02:10.000 --> 00:02:14.000]  他說這個人就是最得到赦免
[00:02:14.000 --> 00:02:17.000]  就是得救的,就是有永生的
[00:02:17.000 --> 00:02:21.000]  在這裏我相信大部份人都已經是心裏相信
[00:02:21.000 --> 00:02:22.000]  口裏承認
[00:02:22.000 --> 00:02:24.000]  如果你是心裏相信、口裏承認的
[00:02:24.000 --> 00:02:26.000]  你揮一下手
[00:02:26.000 --> 00:02:28.000]  表示我們有這個認信感激主
[00:02:28.000 --> 00:02:34.000]  如果你還未真正來到心裏面相信
[00:02:34.000 --> 00:02:37.000]  還未接受這個真理的見證的話
[00:02:37.000 --> 00:02:41.000]  我們鼓勵你按照著神所啟示的話語
[00:02:41.000 --> 00:02:44.000]  只要你內心明白了
[00:02:44.000 --> 00:02:46.000]  你聽到這個福音了
[00:02:46.000 --> 00:02:48.000]  知道神的愛了
[00:02:48.000 --> 00:02:51.000]  你擺上信心去信靠耶穌基督
[00:02:51.000 --> 00:02:53.000]  而且你有這個見證的
[00:02:53.000 --> 00:02:55.000]  口裏承認的
[00:02:55.000 --> 00:02:57.000]  接受真理的見證的
[00:02:57.000 --> 00:02:59.000]  按照聖經所應許的
[00:02:59.000 --> 00:03:01.000]  你就是一個得救的人
[00:03:01.000 --> 00:03:07.000]  我們盼望你能夠同樣分享喜樂、平安、永生
[00:03:07.000 --> 00:03:09.000]  在這裏提到
[00:03:09.000 --> 00:03:11.000]  世界上所有的人
[00:03:11.000 --> 00:03:13.000]  不論我們什麼背景
[00:03:13.000 --> 00:03:14.000]  他提到猶太人
[00:03:14.000 --> 00:03:16.000]  提到希利利人
[00:03:16.000 --> 00:03:18.000]  他說只要一個人擺上這個信心
[00:03:18.000 --> 00:03:21.000]  在神面前他不會羞愧的
[00:03:21.000 --> 00:03:23.000]  凡是求告他的人
[00:03:23.000 --> 00:03:25.000]  就會得救的
[00:03:25.000 --> 00:03:27.000]  於是我們在這裏說到
[00:03:27.000 --> 00:03:30.000]  我們所傳的是什麼呢?
[00:03:30.000 --> 00:03:34.000]  我們所表達出來所報的福音是什麼呢?
[00:03:34.000 --> 00:03:37.000]  就是心裏相信、口裏承認
[00:03:37.000 --> 00:03:39.000]  不論是什麼人
[00:03:39.000 --> 00:03:41.000]  凡是求告主名的人
[00:03:41.000 --> 00:03:43.000]  都會得救的
[00:03:43.000 --> 00:03:45.000]  這是一個喜訊
[00:03:45.000 --> 00:03:47.000]  可惜我們現在看新聞
[00:03:47.000 --> 00:03:49.000]  打開電視
[00:03:49.000 --> 00:03:51.000]  或者看報紙也好
[00:03:51.000 --> 00:03:54.000]  所報道的很多都是一些不好的消息
[00:03:54.000 --> 00:03:56.000]  哪裏有槍殺案
[00:03:56.000 --> 00:03:58.000]  哪裏有嚴重車禍
[00:03:58.000 --> 00:04:01.000]  哪裏有什麼事情發生
[00:04:01.000 --> 00:04:03.000]  哪裏有什麼戰亂
[00:04:03.000 --> 00:04:04.000]  等等的事情
[00:04:04.000 --> 00:04:06.000]  使我們人的心裏
[00:04:06.000 --> 00:04:09.000]  感覺到很心痛的
[00:04:09.000 --> 00:04:11.000]  但我們需要抬頭來
[00:04:11.000 --> 00:04:15.000]  我們需要在神的面前有一個喜訊
[00:04:15.000 --> 00:04:17.000]  有一個福音、一個佳音
[00:04:17.000 --> 00:04:19.000]  這就是我們所要說的
[00:04:19.000 --> 00:04:22.000]  當我們來做見證的時候
[00:04:22.000 --> 00:04:26.000]  我們要知己知彼
[00:04:26.000 --> 00:04:28.000]  究竟我們這個時代的人
[00:04:28.000 --> 00:04:30.000]  他們問的什麼問題呢?
[00:04:30.000 --> 00:04:32.000]  他們的心態是什麼呢?
[00:04:32.000 --> 00:04:34.000]  他們的心境是什麼呢?
[00:04:34.000 --> 00:04:37.000]  於是我們來看看
[00:04:37.000 --> 00:04:39.000]  和這個時代把脈
[00:04:39.000 --> 00:04:42.000]  去了解一下我們這個時代
[00:04:42.000 --> 00:04:45.000]  我們人的狀況是怎麼樣呢?
[00:04:45.000 --> 00:04:47.000]  在社會學家裏面
[00:04:47.000 --> 00:04:50.000]  和我們說進入所謂的後現代
[00:04:50.000 --> 00:04:52.000]  究竟什麼叫做後現代?
[00:04:52.000 --> 00:04:53.000]  什麼叫做現代呢?
[00:04:53.000 --> 00:04:57.000]  後現代的人的心境又是怎麼樣呢?
[00:04:57.000 --> 00:05:00.000]  在人類這麼多年
[00:05:00.000 --> 00:05:03.000]  有五千年歷史的記載裏面
[00:05:03.000 --> 00:05:06.000]  出現過三次重要社會性的革命
[00:05:06.000 --> 00:05:10.000]  第一次稱為農業的革命
[00:05:10.000 --> 00:05:17.000]  農業的革命是將地土控制管理
[00:05:17.000 --> 00:05:22.000]  使得能夠在土地生產農作物
[00:05:22.000 --> 00:05:26.000]  使得社會能夠進入一個安定的環境
[00:05:26.000 --> 00:05:30.000]  而中國在這方面發展得最好
[00:05:30.000 --> 00:05:32.000]  埃及也是這樣
[00:05:32.000 --> 00:05:34.000]  能夠管理農耕
[00:05:34.000 --> 00:05:38.000]  使社會能夠安定
[00:05:38.000 --> 00:05:40.000]  配合儒家的思想
[00:05:40.000 --> 00:05:47.000]  制定了君君臣臣父父子子的倫理道德
[00:05:47.000 --> 00:05:51.000]  進入現代的社會
[00:05:51.000 --> 00:05:55.000]  在十六世紀、十七世紀之後
[00:05:55.000 --> 00:05:58.000]  所謂工業革命機器產生了
[00:05:58.000 --> 00:06:01.000]  機器代替了人手
[00:06:01.000 --> 00:06:04.000]  城市逐漸形成
[00:06:04.000 --> 00:06:08.000]  進入了工業革命
[00:06:08.000 --> 00:06:12.000]  工業革命在西方來說是領先
[00:06:12.000 --> 00:06:15.000]  而且帶頭做得非常好
[00:06:15.000 --> 00:06:18.000]  這是人類社會的發展
[00:06:18.000 --> 00:06:21.000]  進入工業革命
[00:06:21.000 --> 00:06:24.000]  但一到二十世紀的中葉的時候
[00:06:24.000 --> 00:06:27.000]  你發現有一個翻天覆地的改變
[00:06:27.000 --> 00:06:30.000]  進入了資訊的時代
[00:06:30.000 --> 00:06:32.000]  什麼資訊時代呢?
[00:06:32.000 --> 00:06:36.000]  我們相信在座每一個人都有一部手機
[00:06:36.000 --> 00:06:38.000]  可能不止一部
[00:06:38.000 --> 00:06:40.000]  可能這裡有一部那裡有一部
[00:06:40.000 --> 00:06:43.000]  各種不同的器材都有
[00:06:43.000 --> 00:06:47.000]  資訊的時代使我們在很短的時間裡
[00:06:47.000 --> 00:06:49.000]  可以得到很多資訊
[00:06:49.000 --> 00:06:51.000]  以前我們中國人說
[00:06:51.000 --> 00:06:55.000]  秀才不出門能知天下事
[00:06:55.000 --> 00:06:56.000]  以前的秀才
[00:06:56.000 --> 00:06:59.000]  譬如諸葛亮有一群朋友
[00:06:59.000 --> 00:07:01.000]  來談論天下大事
[00:07:01.000 --> 00:07:02.000]  以得到一些資訊
[00:07:02.000 --> 00:07:05.000]  但現在你一上網Google
[00:07:05.000 --> 00:07:07.000]  究竟發生什麼事情
[00:07:07.000 --> 00:07:09.000]  你都可以在掌上通
[00:07:09.000 --> 00:07:11.000]  你是掌門人
[00:07:11.000 --> 00:07:12.000]  拿著這個手機
[00:07:12.000 --> 00:07:16.000]  你就可以知道世界所發生的事情
[00:07:16.000 --> 00:07:20.000]  對我們傳統人來說是一個挑戰
[00:07:20.000 --> 00:07:22.000]  我們在說的時候
[00:07:22.000 --> 00:07:24.000]  你在下面可能在查我們說的話
[00:07:24.000 --> 00:07:27.000]  這是一個提醒
[00:07:27.000 --> 00:07:28.000]  一個挑戰
[00:07:28.000 --> 00:07:31.000]  資訊時代資訊革命
[00:07:31.000 --> 00:07:37.000]  使我們在這麼短的幾十年之間
[00:07:37.000 --> 00:07:40.000]  在資訊裡面突飛猛進
[00:07:40.000 --> 00:07:42.000]  從正面來說
[00:07:42.000 --> 00:07:44.000]  叫資訊時代
[00:07:44.000 --> 00:07:46.000]  從負面來說
[00:07:46.000 --> 00:07:49.000]  這個叫後現代時代
[00:07:49.000 --> 00:07:53.000]  後現代經過了兩次大戰之後
[00:07:53.000 --> 00:07:55.000]  進入了這個
[00:07:55.000 --> 00:07:57.000]  又不是以前的現代
[00:07:57.000 --> 00:07:58.000]  什麼叫現代
[00:07:58.000 --> 00:08:00.000]  我們稍後再談
[00:08:00.000 --> 00:08:02.000]  進入所謂的後現代
[00:08:02.000 --> 00:08:03.000]  沒有一個好的名字
[00:08:03.000 --> 00:08:05.000]  總之是離開了現代
[00:08:05.000 --> 00:08:07.000]  我們就叫後現代
[00:08:07.000 --> 00:08:09.000]  或者叫後後現代
[00:08:09.000 --> 00:08:11.000]  究竟有什麼特色呢
[00:08:11.000 --> 00:08:13.000]  後現代呢
[00:08:13.000 --> 00:08:16.000]  它有三個假設的預設
[00:08:16.000 --> 00:08:18.000]  第一個就是懷疑主義
[00:08:18.000 --> 00:08:19.000]  懷疑
[00:08:19.000 --> 00:08:21.000]  懷疑一切權威
[00:08:21.000 --> 00:08:22.000]  教會的權威
[00:08:22.000 --> 00:08:23.000]  聖經的權威
[00:08:23.000 --> 00:08:24.000]  政府的權威
[00:08:24.000 --> 00:08:25.000]  老師的權威
[00:08:25.000 --> 00:08:27.000]  懷疑主義
[00:08:27.000 --> 00:08:31.000]  再過來就是多元主義
[00:08:31.000 --> 00:08:35.000]  你喜歡巧克力
[00:08:35.000 --> 00:08:37.000]  我喜歡香蕉
[00:08:37.000 --> 00:08:39.000]  各有各不同的喜歡
[00:08:39.000 --> 00:08:41.000]  資訊就是多元化
[00:08:41.000 --> 00:08:43.000]  多元主義
[00:08:43.000 --> 00:08:45.000]  而且以人為中心
[00:08:45.000 --> 00:08:46.000]  人為本
[00:08:46.000 --> 00:08:47.000]  人民主義
[00:08:47.000 --> 00:08:49.000]  這三個假設
[00:08:49.000 --> 00:08:51.000]  就是後現代的時候
[00:08:51.000 --> 00:08:53.000]  發現人的思維就是這樣的
[00:08:53.000 --> 00:08:57.000]  而且有三個否定
[00:08:57.000 --> 00:08:58.000]  否定什麼呢
[00:08:58.000 --> 00:09:00.000]  否定真理的絕對性
[00:09:00.000 --> 00:09:05.000]  沒有說放諸四海都通用的倫理觀
[00:09:05.000 --> 00:09:08.000]  沒有說絕對不變的真理
[00:09:08.000 --> 00:09:13.000]  而且對這種樂觀的人生
[00:09:13.000 --> 00:09:14.000]  否定
[00:09:14.000 --> 00:09:18.000]  在現代社會的時候
[00:09:18.000 --> 00:09:22.000]  一切的文明科技的發展
[00:09:22.000 --> 00:09:24.000]  越來越樂觀的
[00:09:24.000 --> 00:09:27.000]  城市化的設施越來越好
[00:09:27.000 --> 00:09:30.000]  但是經過第一次大戰
[00:09:30.000 --> 00:09:32.000]  再來三十年之後
[00:09:32.000 --> 00:09:34.000]  又一次的世界大戰
[00:09:34.000 --> 00:09:37.000]  將這種樂觀的
[00:09:37.000 --> 00:09:41.000]  越來越改良人類的社會環境的
[00:09:41.000 --> 00:09:43.000]  這種信念打破了
[00:09:43.000 --> 00:09:46.000]  人開始產生一種悲觀
[00:09:46.000 --> 00:09:50.000]  認為沒有什麼絕對真理
[00:09:50.000 --> 00:09:54.000]  沒有什麼道德可以放諸四海都通行的
[00:09:54.000 --> 00:09:58.000]  沒有說一套完全搞定了
[00:09:58.000 --> 00:10:01.000]  這三個否定
[00:10:01.000 --> 00:10:05.000]  同時也有三個肯定
[00:10:05.000 --> 00:10:07.000]  三個肯定是什麼呢
[00:10:07.000 --> 00:10:10.000]  肯定就是知識開放
[00:10:10.000 --> 00:10:12.000]  大家都透明的
[00:10:12.000 --> 00:10:14.000]  掌管著這些知識
[00:10:14.000 --> 00:10:16.000]  不能夠愚民政策的
[00:10:16.000 --> 00:10:20.000]  大家都能夠知道我們現在發生什麼事情的
[00:10:20.000 --> 00:10:22.000]  知識的開放
[00:10:22.000 --> 00:10:25.000]  再來就開始注重激情
[00:10:25.000 --> 00:10:26.000]  大家都很
[00:10:26.000 --> 00:10:28.000]  你看那些唱歌
[00:10:28.000 --> 00:10:32.000]  一些樂隊在演奏的時候
[00:10:32.000 --> 00:10:35.000]  可以將結他打爛
[00:10:35.000 --> 00:10:39.000]  很激情的來表達出來
[00:10:39.000 --> 00:10:42.000]  對道德是相對的
[00:10:42.000 --> 00:10:43.000]  你有你所信的
[00:10:43.000 --> 00:10:44.000]  我有我所信的
[00:10:44.000 --> 00:10:46.000]  你有你的生活方式
[00:10:46.000 --> 00:10:48.000]  我有我的生活方式
[00:10:48.000 --> 00:10:53.000]  於是就發生了三個關注
[00:10:53.000 --> 00:10:55.000]  這三個關注
[00:10:55.000 --> 00:10:57.000]  第一個就是很關注網絡
[00:10:57.000 --> 00:11:01.000]  大家在手機上
[00:11:01.000 --> 00:11:03.000]  我同時可以跟幾百人
[00:11:03.000 --> 00:11:08.000]  在群組裡通話來接觸
[00:11:08.000 --> 00:11:10.000]  我們現在叫低頭一族
[00:11:10.000 --> 00:11:13.000]  大家同桌吃飯的時候
[00:11:13.000 --> 00:11:18.000]  大家低頭來處理事情
[00:11:18.000 --> 00:11:22.000]  經常每一分鐘都會有資訊進來
[00:11:22.000 --> 00:11:23.000]  要我們聯絡的
[00:11:23.000 --> 00:11:27.000]  這種網絡的生活
[00:11:27.000 --> 00:11:29.000]  群體的生活
[00:11:29.000 --> 00:11:34.000]  亦都會進入一種多元的選擇
[00:11:34.000 --> 00:11:36.000]  選擇就是我的權利
[00:11:36.000 --> 00:11:38.000]  我有權選擇
[00:11:38.000 --> 00:11:41.000]  穿什麼衣服當然可以
[00:11:41.000 --> 00:11:42.000]  什麼髮型
[00:11:42.000 --> 00:11:46.000]  甚至現在大家在網上聚會的時候
[00:11:46.000 --> 00:11:48.000]  所謂網上教會的時候
[00:11:48.000 --> 00:11:50.000]  我可以有選擇
[00:11:50.000 --> 00:11:53.000]  我聽這個講道
[00:11:53.000 --> 00:11:55.000]  覺得聽得不順耳
[00:11:55.000 --> 00:11:57.000]  我就按兩個按鈕
[00:11:57.000 --> 00:11:59.000]  轉一轉轉了一個講完出來
[00:11:59.000 --> 00:12:01.000]  挺好聽的
[00:12:01.000 --> 00:12:03.000]  你來到教會不能這樣
[00:12:03.000 --> 00:12:05.000]  你不能講完不中聽
[00:12:05.000 --> 00:12:07.000]  我轉一轉將它飛走了
[00:12:07.000 --> 00:12:09.000]  然後換第二個來
[00:12:09.000 --> 00:12:10.000]  不可以這樣
[00:12:10.000 --> 00:12:12.000]  但在這種網上教會
[00:12:12.000 --> 00:12:13.000]  你可以這樣做
[00:12:13.000 --> 00:12:15.000]  因為你可以選擇
[00:12:15.000 --> 00:12:17.000]  多元性的選擇
[00:12:17.000 --> 00:12:20.000]  很可惜這種生態環境
[00:12:20.000 --> 00:12:23.000]  被這種思想騎劫了
[00:12:23.000 --> 00:12:25.000]  生態環境
[00:12:25.000 --> 00:12:28.000]  聖經裡面提到我們是做大地的管家
[00:12:28.000 --> 00:12:31.000]  大地管家對人與大自然
[00:12:31.000 --> 00:12:34.000]  要有一種和諧
[00:12:34.000 --> 00:12:36.000]  天地人大祥和
[00:12:36.000 --> 00:12:38.000]  現在提倡
[00:12:38.000 --> 00:12:40.000]  這個不是單是講Green Party
[00:12:40.000 --> 00:12:42.000]  快要投票了
[00:12:42.000 --> 00:12:44.000]  我們不是單是講一個政黨
[00:12:44.000 --> 00:12:46.000]  而是開始提倡到這種
[00:12:46.000 --> 00:12:49.000]  互相有關連的
[00:12:49.000 --> 00:12:51.000]  這個生命鏈
[00:12:51.000 --> 00:12:54.000]  我們缺一都不可缺少的
[00:12:54.000 --> 00:12:57.000]  這種生態環境
[00:12:57.000 --> 00:12:59.000]  你用三個字
[00:12:59.000 --> 00:13:02.000]  你可以將後現代或資訊時代
[00:13:02.000 --> 00:13:05.000]  歸納總括來說
[00:13:05.000 --> 00:13:07.000]  第一個字叫解構
[00:13:07.000 --> 00:13:09.000]  建構
[00:13:09.000 --> 00:13:10.000]  建造
[00:13:10.000 --> 00:13:11.000]  construction
[00:13:11.000 --> 00:13:12.000]  解構
[00:13:12.000 --> 00:13:14.000]  deconstruction
[00:13:14.000 --> 00:13:16.000]  將它解開破壞
[00:13:16.000 --> 00:13:18.000]  解散
[00:13:18.000 --> 00:13:20.000]  於是你看到現在
[00:13:20.000 --> 00:13:22.000]  無論法國也好
[00:13:22.000 --> 00:13:23.000]  德國也好美國也好
[00:13:23.000 --> 00:13:24.000]  現在香港也好
[00:13:24.000 --> 00:13:25.000]  都是這樣
[00:13:25.000 --> 00:13:26.000]  就是解構
[00:13:26.000 --> 00:13:29.000]  將現有的制度解散
[00:13:29.000 --> 00:13:33.000]  來進行解除
[00:13:33.000 --> 00:13:39.000]  進而產生了混沌
[00:13:39.000 --> 00:13:42.000]  混沌早期是在科學界
[00:13:42.000 --> 00:13:45.000]  物理學界提出的
[00:13:45.000 --> 00:13:48.000]  因為量子物理學出來之後
[00:13:48.000 --> 00:13:52.000]  你發現有些最微粒的世界
[00:13:52.000 --> 00:13:54.000]  不能準確地描述
[00:13:54.000 --> 00:13:56.000]  舉個例子
[00:13:56.000 --> 00:13:58.000]  在光射出來的時候
[00:13:58.000 --> 00:14:01.000]  究竟這個量子是個子粒
[00:14:01.000 --> 00:14:03.000]  還是一個光波
[00:14:03.000 --> 00:14:05.000]  兩個本性都有
[00:14:05.000 --> 00:14:07.000]  或者這個子粒
[00:14:07.000 --> 00:14:09.000]  要確定它的位置的時候
[00:14:09.000 --> 00:14:11.000]  你射個光進去
[00:14:11.000 --> 00:14:12.000]  來確定它的位置
[00:14:12.000 --> 00:14:14.000]  但光是能源的
[00:14:14.000 --> 00:14:16.000]  於是改變了它的速度
[00:14:16.000 --> 00:14:18.000]  所以知道它的速度
[00:14:18.000 --> 00:14:19.000]  你又不知道它的位置
[00:14:19.000 --> 00:14:21.000]  知道它的位置又不知道它的速度
[00:14:21.000 --> 00:14:22.000]  於是所謂叫做
[00:14:22.000 --> 00:14:26.000]  Heisenberg Uncertainty Principle
[00:14:26.000 --> 00:14:28.000]  不可確之論
[00:14:28.000 --> 00:14:30.000]  這種不可確之論
[00:14:30.000 --> 00:14:33.000]  量子物理學界一直推出來
[00:14:33.000 --> 00:14:35.000]  宏觀的整個宇宙
[00:14:35.000 --> 00:14:37.000]  或者是社會
[00:14:37.000 --> 00:14:39.000]  都出現這種情況
[00:14:39.000 --> 00:14:41.000]  就是混沌
[00:14:41.000 --> 00:14:42.000]  混沌
[00:14:42.000 --> 00:14:43.000]  既然如此
[00:14:43.000 --> 00:14:45.000]  一切都是相對
[00:14:45.000 --> 00:14:47.000]  一切都是相對
[00:14:47.000 --> 00:14:48.000]  沒有絕對
[00:14:48.000 --> 00:14:50.000]  這就是你和我
[00:14:50.000 --> 00:14:53.000]  今天所身處的環境
[00:14:53.000 --> 00:14:56.000]  所身處的環境裡
[00:14:56.000 --> 00:14:57.000]  我們就要向
[00:14:57.000 --> 00:15:00.000]  在這個環境裡生活
[00:15:00.000 --> 00:15:02.000]  成長他們的思維
[00:15:02.000 --> 00:15:03.000]  心態的人
[00:15:03.000 --> 00:15:06.000]  來傳遞一個不變的福音
[00:15:06.000 --> 00:15:08.000]  福音不改變
[00:15:08.000 --> 00:15:11.000]  但那個時代已經改變了
[00:15:11.000 --> 00:15:14.000]  保羅在《羅馬書》
[00:15:14.000 --> 00:15:16.000]  當時是羅馬世界
[00:15:16.000 --> 00:15:18.000]  羅馬帝國的時候
[00:15:18.000 --> 00:15:19.000]  他提到
[00:15:19.000 --> 00:15:22.000]  雖然那個時代環境
[00:15:22.000 --> 00:15:24.000]  需要有變遷
[00:15:24.000 --> 00:15:28.000]  歷史的長河不斷地推進
[00:15:28.000 --> 00:15:31.000]  但我們同時要與時俱進
[00:15:31.000 --> 00:15:32.000]  他怎麼說呢?
[00:15:32.000 --> 00:15:33.000]  他說
[00:15:33.000 --> 00:15:35.000]  然而人未曾信
[00:15:35.000 --> 00:15:37.000]  怎麼可以求他呢?
[00:15:37.000 --> 00:15:39.000]  未曾聽見的
[00:15:39.000 --> 00:15:41.000]  怎麼可以信他呢?
[00:15:41.000 --> 00:15:43.000]  沒有人傳遞的
[00:15:43.000 --> 00:15:44.000]  怎麼可以聽見呢?
[00:15:44.000 --> 00:15:45.000]  他提到
[00:15:45.000 --> 00:15:49.000]  信道、聽道、傳遞
[00:15:49.000 --> 00:15:52.000]  這幾方面是不可以缺少的
[00:15:52.000 --> 00:15:54.000]  我們怎麼信呢?
[00:15:54.000 --> 00:15:56.000]  有人跟我說
[00:15:56.000 --> 00:15:58.000]  無論怎麼說
[00:15:58.000 --> 00:16:01.000]  他都會有一個福音表達出來
[00:16:01.000 --> 00:16:02.000]  然後我聽到
[00:16:02.000 --> 00:16:03.000]  認為可信了
[00:16:03.000 --> 00:16:05.000]  然後我去相信、接受
[00:16:05.000 --> 00:16:08.000]  誰去傳告訴他呢?
[00:16:08.000 --> 00:16:10.000]  就要有一個人去傳
[00:16:10.000 --> 00:16:12.000]  所以傳遞訊息的
[00:16:12.000 --> 00:16:14.000]  是要蒙差遣的
[00:16:14.000 --> 00:16:16.000]  而蒙差遣那個人
[00:16:16.000 --> 00:16:19.000]  他是一個報信的人
[00:16:19.000 --> 00:16:20.000]  他也提到
[00:16:20.000 --> 00:16:23.000]  我們讀金句的時候也讀過
[00:16:23.000 --> 00:16:26.000]  報佳音傳喜訊的人
[00:16:26.000 --> 00:16:29.000]  他們的腳踵何等佳味
[00:16:29.000 --> 00:16:32.000]  今天我們要認清楚
[00:16:32.000 --> 00:16:34.000]  認定這件事
[00:16:34.000 --> 00:16:37.000]  當我們願意去為主做見證
[00:16:37.000 --> 00:16:39.000]  將一個好的消息
[00:16:39.000 --> 00:16:40.000]  不是一個壞的消息
[00:16:40.000 --> 00:16:43.000]  將一個佳味的消息
[00:16:43.000 --> 00:16:45.000]  帶起的訊息
[00:16:45.000 --> 00:16:47.000]  將一個福音帶給人的時候
[00:16:47.000 --> 00:16:50.000]  你的腳踵是何等佳味
[00:16:50.000 --> 00:16:53.000]  所以我們不需要以福音為恥
[00:16:53.000 --> 00:16:55.000]  覺得不好意思
[00:16:55.000 --> 00:16:57.000]  我們有時候在工作場所裡
[00:16:57.000 --> 00:16:59.000]  說兩件事不要談
[00:16:59.000 --> 00:17:01.000]  一件政治、一件宗教
[00:17:01.000 --> 00:17:03.000]  不要談了
[00:17:03.000 --> 00:17:07.000]  我們不敢來表達我們的信仰
[00:17:07.000 --> 00:17:09.000]  但是我們在這個時代裡
[00:17:09.000 --> 00:17:14.000]  同樣要將神的話語傳遞出來
[00:17:14.000 --> 00:17:18.000]  所以這個信道、聽道、傳道
[00:17:18.000 --> 00:17:22.000]  如何將福音帶出來呢?
[00:17:22.000 --> 00:17:26.000]  當時保羅在引用以賽亞書
[00:17:26.000 --> 00:17:27.000]  其實羅馬書裡
[00:17:27.000 --> 00:17:28.000]  你留心看
[00:17:28.000 --> 00:17:31.000]  他引用過很多以賽亞書
[00:17:31.000 --> 00:17:34.000]  第九章、第十章裡經常有引用
[00:17:34.000 --> 00:17:36.000]  他這一段經文
[00:17:36.000 --> 00:17:38.000]  報福音傳喜訊
[00:17:38.000 --> 00:17:42.000]  是引用以賽亞書裡所說的
[00:17:42.000 --> 00:17:44.000]  第52章
[00:17:44.000 --> 00:17:46.000]  我們讀讀這段舊約的經文
[00:17:46.000 --> 00:17:48.000]  我們大家開聲來讀
[00:17:48.000 --> 00:17:53.000]  那報佳音傳平安報好訊
[00:17:53.000 --> 00:17:56.000]  傳救恩的對石安說
[00:17:56.000 --> 00:17:58.000]  你的王臣作王了
[00:17:58.000 --> 00:18:02.000]  這人的腳登山何等佳味
[00:18:02.000 --> 00:18:05.000]  保羅引用這段經文的時候
[00:18:05.000 --> 00:18:08.000]  當然他有些人來適應他的環境
[00:18:08.000 --> 00:18:10.000]  來變動一下
[00:18:10.000 --> 00:18:14.000]  但他說報佳音傳平安報好訊
[00:18:14.000 --> 00:18:16.000]  傳救恩的
[00:18:16.000 --> 00:18:18.000]  說到什麼呢?
[00:18:18.000 --> 00:18:20.000]  說到神作王
[00:18:20.000 --> 00:18:25.000]  然後我們的腳中登山到高處
[00:18:25.000 --> 00:18:28.000]  去到陽星來表達出來
[00:18:28.000 --> 00:18:31.000]  這個腳中何等佳味
[00:18:31.000 --> 00:18:34.000]  這個福音是不變的
[00:18:34.000 --> 00:18:36.000]  神的話語是永不改變的
[00:18:36.000 --> 00:18:42.000]  耶穌基督是色在今在永不改變的主
[00:18:42.000 --> 00:18:44.000]  但時代改變了
[00:18:44.000 --> 00:18:47.000]  我們傳福音的方法
[00:18:47.000 --> 00:18:50.000]  那種表達的媒體
[00:18:50.000 --> 00:18:54.000]  那種所用的方法
[00:18:54.000 --> 00:18:55.000]  是會有不同的
[00:18:55.000 --> 00:18:57.000]  訊息不變
[00:18:57.000 --> 00:19:00.000]  但那個方法是需要與時俱進的
[00:19:00.000 --> 00:19:02.000]  我們再看一看
[00:19:02.000 --> 00:19:04.000]  什麼叫現代?
[00:19:04.000 --> 00:19:06.000]  什麼叫後現代?
[00:19:06.000 --> 00:19:08.000]  我們要知己知彼
[00:19:08.000 --> 00:19:13.000]  我們如果是50年代60年代成長的
[00:19:13.000 --> 00:19:16.000]  我們屬於所謂的現代的時間
[00:19:16.000 --> 00:19:20.000]  在16世紀一直到1960年
[00:19:20.000 --> 00:19:22.000]  都是社會學家稱為現代的
[00:19:22.000 --> 00:19:25.000]  現代的人很講究科學
[00:19:25.000 --> 00:19:29.000]  很講究有絕對的真理
[00:19:29.000 --> 00:19:31.000]  我們探求絕對真理
[00:19:31.000 --> 00:19:33.000]  從文化角度來看
[00:19:33.000 --> 00:19:38.000]  但亦出現了所謂的殖民地主義
[00:19:38.000 --> 00:19:40.000]  帝國主義
[00:19:40.000 --> 00:19:42.000]  侵略主義
[00:19:42.000 --> 00:19:44.000]  消費主義等等
[00:19:44.000 --> 00:19:47.000]  但到了這兩次大戰之後
[00:19:47.000 --> 00:19:50.000]  在1960年之後
[00:19:50.000 --> 00:19:54.000]  就發現了媒體科技產生出來
[00:19:54.000 --> 00:19:57.000]  媒體科技產生出來帶來的
[00:19:57.000 --> 00:19:59.000]  就是這種相對的看法
[00:19:59.000 --> 00:20:03.000]  而且重視人的心理學精神學
[00:20:03.000 --> 00:20:05.000]  這方面就比較注重
[00:20:05.000 --> 00:20:08.000]  對腦科學的研究比較注重
[00:20:08.000 --> 00:20:11.000]  對人神經的心理學比較注重
[00:20:11.000 --> 00:20:15.000]  對藥物、資訊、資本主義等等
[00:20:15.000 --> 00:20:18.000]  都是在文化層面裡
[00:20:18.000 --> 00:20:21.000]  現在你和我所要面對的
[00:20:21.000 --> 00:20:25.000]  以前的人或者我們成長的時候
[00:20:25.000 --> 00:20:27.000]  都講求理性
[00:20:27.000 --> 00:20:29.000]  很有邏輯性
[00:20:29.000 --> 00:20:33.000]  而且推理是三段論式
[00:20:33.000 --> 00:20:35.000]  大前提、小前提
[00:20:35.000 --> 00:20:38.000]  然後結論很有結構
[00:20:38.000 --> 00:20:40.000]  分析力很強
[00:20:40.000 --> 00:20:42.000]  很客觀
[00:20:42.000 --> 00:20:46.000]  但進入現在的二戰之後
[00:20:46.000 --> 00:20:50.000]  我們發現人開始注重感性
[00:20:50.000 --> 00:20:54.000]  開始在感性方面
[00:20:54.000 --> 00:20:56.000]  很激情的
[00:20:56.000 --> 00:21:00.000]  注重個人的體驗、個人的經歷
[00:21:00.000 --> 00:21:02.000]  比較主觀的
[00:21:02.000 --> 00:21:06.000]  而且群體要注重歸屬感
[00:21:06.000 --> 00:21:08.000]  一旦不入群的話
[00:21:08.000 --> 00:21:10.000]  就沒有了歸屬感
[00:21:10.000 --> 00:21:12.000]  就被隔離
[00:21:12.000 --> 00:21:14.000]  就算是臉書也好
[00:21:14.000 --> 00:21:18.000]  各種都有一個歸屬在裡面
[00:21:18.000 --> 00:21:20.000]  我們知己知彼的時候
[00:21:20.000 --> 00:21:22.000]  繼續看下去
[00:21:22.000 --> 00:21:25.000]  大家看他們對真理怎麼看呢?
[00:21:25.000 --> 00:21:28.000]  以前對真理是絕對的
[00:21:28.000 --> 00:21:31.000]  很單一的
[00:21:31.000 --> 00:21:33.000]  有客觀事實
[00:21:33.000 --> 00:21:36.000]  可以討論歷史的客觀事實
[00:21:36.000 --> 00:21:38.000]  有普遍性
[00:21:38.000 --> 00:21:40.000]  可以分析、拿出證據
[00:21:40.000 --> 00:21:43.000]  所以以前做報道的時候
[00:21:43.000 --> 00:21:44.000]  有本書
[00:21:44.000 --> 00:21:47.000]  後來翻譯成為中文
[00:21:47.000 --> 00:21:49.000]  叫做鐵證代判
[00:21:49.000 --> 00:21:51.000]  大家都看過鐵證
[00:21:51.000 --> 00:21:53.000]  鐵一樣的證據
[00:21:53.000 --> 00:21:55.000]  你來做一個決定
[00:21:55.000 --> 00:21:58.000]  就將事實、歷史、證據呈現給你
[00:21:58.000 --> 00:22:01.000]  使你無法來推諉
[00:22:01.000 --> 00:22:03.000]  現在呢
[00:22:03.000 --> 00:22:05.000]  你說證據
[00:22:05.000 --> 00:22:06.000]  相對的
[00:22:06.000 --> 00:22:07.000]  你有你的證據
[00:22:07.000 --> 00:22:09.000]  我有我的證據
[00:22:09.000 --> 00:22:10.000]  多元的
[00:22:10.000 --> 00:22:11.000]  你有你的信仰
[00:22:11.000 --> 00:22:12.000]  我有我的信仰
[00:22:12.000 --> 00:22:15.000]  沒有一個客觀的事實
[00:22:15.000 --> 00:22:19.000]  新聞的報道
[00:22:19.000 --> 00:22:22.000]  究竟你是從哪個角度來看事件
[00:22:22.000 --> 00:22:24.000]  報道出什麼情況
[00:22:24.000 --> 00:22:27.000]  甚至現在所謂的虛構新聞
[00:22:27.000 --> 00:22:29.000]  或者假新聞
[00:22:29.000 --> 00:22:31.000]  各樣的情況都有
[00:22:31.000 --> 00:22:33.000]  在資訊的時代裡
[00:22:33.000 --> 00:22:36.000]  各種不同的角度來看事情
[00:22:36.000 --> 00:22:40.000]  而且很注重主觀的個人判斷
[00:22:40.000 --> 00:22:42.000]  這是對真理的看法
[00:22:42.000 --> 00:22:44.000]  在道德方面
[00:22:44.000 --> 00:22:50.000]  以前仍然有一種道德的普遍性
[00:22:50.000 --> 00:22:55.000]  對與不對都有黑白分明
[00:22:55.000 --> 00:22:58.000]  而且有不同的對立價值觀
[00:22:58.000 --> 00:23:00.000]  不同的立場
[00:23:00.000 --> 00:23:03.000]  但一進入二戰之後
[00:23:03.000 --> 00:23:08.000]  所謂後現代的社會多元化
[00:23:08.000 --> 00:23:11.000]  彩虹本來是好的
[00:23:11.000 --> 00:23:15.000]  羅亞神和納約
[00:23:15.000 --> 00:23:17.000]  是用什麼來納約
[00:23:17.000 --> 00:23:18.000]  彩虹嘛
[00:23:18.000 --> 00:23:22.000]  由三個顏色組合成七個顏色
[00:23:22.000 --> 00:23:23.000]  多好
[00:23:23.000 --> 00:23:26.000]  但現在被人劫持了
[00:23:26.000 --> 00:23:30.000]  彩虹只是某些團體來用
[00:23:30.000 --> 00:23:33.000]  說到彩虹就是那種團體
[00:23:33.000 --> 00:23:35.000]  多元性
[00:23:35.000 --> 00:23:39.000]  對人生的選擇也是多元
[00:23:39.000 --> 00:23:41.000]  要包容的
[00:23:41.000 --> 00:23:45.000]  各種不同的種族
[00:23:45.000 --> 00:23:46.000]  各種不同的宗教
[00:23:46.000 --> 00:23:48.000]  不同的道德觀
[00:23:48.000 --> 00:23:50.000]  人生的習慣
[00:23:50.000 --> 00:23:53.000]  各種不同的價值觀
[00:23:53.000 --> 00:23:55.000]  大家要互相包容
[00:23:55.000 --> 00:23:59.000]  再過來對宗教的看法是怎樣呢
[00:23:59.000 --> 00:24:02.000]  以前有客觀的真理
[00:24:02.000 --> 00:24:04.000]  強調理性的分析
[00:24:04.000 --> 00:24:07.000]  現在是主觀的感受
[00:24:07.000 --> 00:24:11.000]  個人的感受和體會是怎樣
[00:24:11.000 --> 00:24:16.000]  以前的講道是比較適經講道
[00:24:16.000 --> 00:24:19.000]  要按經文來解釋
[00:24:19.000 --> 00:24:21.000]  現在的人喜歡聽故事
[00:24:21.000 --> 00:24:26.000]  從一個小故事中感悟一個大道理
[00:24:26.000 --> 00:24:29.000]  他不喜歡像說教式來教訓他
[00:24:29.000 --> 00:24:32.000]  他喜歡你講一個故事給我聽
[00:24:32.000 --> 00:24:34.000]  然後我自己去領略
[00:24:34.000 --> 00:24:40.000]  將主權交給聽眾
[00:24:40.000 --> 00:24:42.000]  以信仰來看
[00:24:42.000 --> 00:24:47.000]  以前有傳統的信仰
[00:24:47.000 --> 00:24:50.000]  但現在的人很個人化
[00:24:50.000 --> 00:24:53.000]  只滿足個人的需求
[00:24:53.000 --> 00:24:56.000]  你看到很多近代的詩歌
[00:24:56.000 --> 00:24:58.000]  都是個人滿足
[00:24:58.000 --> 00:25:00.000]  以前我們敬拜的時候
[00:25:00.000 --> 00:25:03.000]  有以神為目標
[00:25:03.000 --> 00:25:05.000]  將神高舉出來
[00:25:05.000 --> 00:25:09.000]  但現在很多詩歌都是滿足自己
[00:25:09.000 --> 00:25:10.000]  我現在很孤單
[00:25:10.000 --> 00:25:12.000]  我現在又軟弱
[00:25:12.000 --> 00:25:17.000]  所以整個思路和心態改變了
[00:25:17.000 --> 00:25:19.000]  以前還有樂觀的
[00:25:19.000 --> 00:25:24.000]  但二戰後開始有末世悲情
[00:25:24.000 --> 00:25:26.000]  這種悲觀感
[00:25:26.000 --> 00:25:31.000]  對歷史沒有完整的意義
[00:25:31.000 --> 00:25:36.000]  而且對人生感到支離破碎
[00:25:36.000 --> 00:25:39.000]  沒有盼望和出路
[00:25:39.000 --> 00:25:46.000]  我讀大學的時候
[00:25:46.000 --> 00:25:47.000]  在窩吐路讀大學
[00:25:47.000 --> 00:25:50.000]  當時我在那邊信主
[00:25:50.000 --> 00:25:52.000]  我想知沒多久
[00:25:52.000 --> 00:25:56.000]  在學校裡有機會多傳福音
[00:25:56.000 --> 00:25:59.000]  我隨身帶著一本小的聖經
[00:25:59.000 --> 00:26:00.000]  有一個同學
[00:26:00.000 --> 00:26:05.000]  他在那裡讀哲學出身
[00:26:05.000 --> 00:26:07.000]  不是很友好
[00:26:07.000 --> 00:26:09.000]  但也認識
[00:26:09.000 --> 00:26:11.000]  有一晚他打電話來
[00:26:11.000 --> 00:26:13.000]  那晚我們正在讀書
[00:26:13.000 --> 00:26:16.000]  第二天早上要考試
[00:26:16.000 --> 00:26:19.000]  大概十點多打電話來
[00:26:19.000 --> 00:26:21.000]  他在電話裡第一句說話
[00:26:21.000 --> 00:26:23.000]  我的名字叫Peter
[00:26:23.000 --> 00:26:25.000]  他說Peter
[00:26:25.000 --> 00:26:27.000]  我今晚要自殺
[00:26:27.000 --> 00:26:29.000]  這麼嚴重
[00:26:29.000 --> 00:26:31.000]  第一句說話是這樣說
[00:26:31.000 --> 00:26:35.000]  通常他說要自殺
[00:26:35.000 --> 00:26:38.000]  就是想別人陪他聽他講故事
[00:26:38.000 --> 00:26:40.000]  如果沒有人關愛他
[00:26:40.000 --> 00:26:42.000]  他可能真的會嘗試
[00:26:42.000 --> 00:26:44.000]  我當時內心裡有點掙扎
[00:26:44.000 --> 00:26:46.000]  我可不可以過去陪他
[00:26:46.000 --> 00:26:48.000]  我明天要考試
[00:26:48.000 --> 00:26:51.000]  我現在最後衝刺
[00:26:51.000 --> 00:26:52.000]  可不可以陪他
[00:26:52.000 --> 00:26:54.000]  我內心有很多掙扎
[00:26:54.000 --> 00:26:55.000]  心裡祈禱
[00:26:55.000 --> 00:26:57.000]  但又不能跟他說
[00:26:57.000 --> 00:26:59.000]  你可不可以明天才自殺
[00:26:59.000 --> 00:27:02.000]  不能說
[00:27:02.000 --> 00:27:04.000]  沒有人關愛他的時候
[00:27:04.000 --> 00:27:06.000]  他可能試一次
[00:27:06.000 --> 00:27:07.000]  試一次未必可以
[00:27:07.000 --> 00:27:09.000]  但如果成功了怎麼辦
[00:27:09.000 --> 00:27:11.000]  我內心裡很內疚
[00:27:11.000 --> 00:27:13.000]  於是兩個祈禱之後
[00:27:13.000 --> 00:27:14.000]  好我現在過來
[00:27:14.000 --> 00:27:17.000]  過去聽他講他的故事
[00:27:17.000 --> 00:27:19.000]  我讀了很多哲學
[00:27:19.000 --> 00:27:20.000]  因為那個年代
[00:27:20.000 --> 00:27:22.000]  在七零年代初期的時候
[00:27:22.000 --> 00:27:25.000]  所謂的存在主義
[00:27:25.000 --> 00:27:26.000]  很多的
[00:27:26.000 --> 00:27:28.000]  很多這種哲學思想
[00:27:28.000 --> 00:27:30.000]  什麼叫存在主義
[00:27:30.000 --> 00:27:33.000]  用一個法國的存在主義者
[00:27:33.000 --> 00:27:35.000]  來解釋一下
[00:27:35.000 --> 00:27:37.000]  他用一句說話很精簡
[00:27:37.000 --> 00:27:38.000]  他說
[00:27:38.000 --> 00:27:40.000]  我先用英文說一說
[00:27:40.000 --> 00:27:41.000]  他說
[00:27:41.000 --> 00:27:44.000]  Life is an empty bubble
[00:27:44.000 --> 00:27:46.000]  in the sea of nothingness
[00:27:46.000 --> 00:27:47.000]  人生是什麼呢
[00:27:47.000 --> 00:27:50.000]  人生是一個虛無的泡影
[00:27:50.000 --> 00:27:52.000]  雖然好像色彩繽紛
[00:27:52.000 --> 00:27:54.000]  但虛無的泡影
[00:27:54.000 --> 00:27:55.000]  一個bubble
[00:27:55.000 --> 00:27:58.000]  在一個sea of nothingness
[00:27:58.000 --> 00:28:01.000]  一個虛無的海洋裡的泡影
[00:28:01.000 --> 00:28:06.000]  一個bubble已經很虛幻了
[00:28:06.000 --> 00:28:08.000]  一個虛無的海洋更加虛幻
[00:28:08.000 --> 00:28:10.000]  他讀了很多這些
[00:28:10.000 --> 00:28:12.000]  所謂的撲燈鵝的死
[00:28:12.000 --> 00:28:13.000]  等等
[00:28:13.000 --> 00:28:15.000]  我覺得人生無異議
[00:28:15.000 --> 00:28:16.000]  他覺得
[00:28:16.000 --> 00:28:19.000]  死和生是一線之隔
[00:28:19.000 --> 00:28:20.000]  而且
[00:28:20.000 --> 00:28:22.000]  死亡的選擇
[00:28:22.000 --> 00:28:23.000]  也是一個好的選擇
[00:28:23.000 --> 00:28:26.000]  於是我就聽他講講講
[00:28:26.000 --> 00:28:27.000]  一直這樣講
[00:28:27.000 --> 00:28:29.000]  我當時剛剛初信
[00:28:29.000 --> 00:28:31.000]  很多聖經的真理都不好
[00:28:31.000 --> 00:28:32.000]  我很認識
[00:28:32.000 --> 00:28:34.000]  都不是很熟習的
[00:28:34.000 --> 00:28:35.000]  但是
[00:28:35.000 --> 00:28:37.000]  他說完他的故事之後
[00:28:37.000 --> 00:28:38.000]  我就開始說
[00:28:38.000 --> 00:28:40.000]  我以前也是像你一樣
[00:28:40.000 --> 00:28:41.000]  很多事情
[00:28:41.000 --> 00:28:42.000]  都是感覺到很虛空的
[00:28:42.000 --> 00:28:44.000]  人生沒有什麼意義的
[00:28:44.000 --> 00:28:45.000]  但是
[00:28:45.000 --> 00:28:46.000]  我遇上耶穌基督
[00:28:46.000 --> 00:28:48.000]  我把耶穌基督介紹給他
[00:28:48.000 --> 00:28:49.000]  然後
[00:28:49.000 --> 00:28:52.000]  我就跟他講到耶穌基督
[00:28:52.000 --> 00:28:53.000]  然後
[00:28:53.000 --> 00:28:54.000]  鼓勵他
[00:28:54.000 --> 00:28:55.000]  你要不要信主
[00:28:55.000 --> 00:28:57.000]  一樣可以得到豐盛的人生
[00:28:57.000 --> 00:28:59.000]  於是他就願意決志
[00:28:59.000 --> 00:29:01.000]  一看那個標的時候
[00:29:01.000 --> 00:29:04.000]  凌晨四點多五點
[00:29:04.000 --> 00:29:07.000]  我說對不起
[00:29:07.000 --> 00:29:08.000]  我要回去洗個澡
[00:29:08.000 --> 00:29:10.000]  準備要考試
[00:29:10.000 --> 00:29:12.000]  但是那時候
[00:29:12.000 --> 00:29:14.000]  我們就要做這些決定
[00:29:14.000 --> 00:29:16.000]  面對這種情況
[00:29:16.000 --> 00:29:18.000]  你是不是犧牲一下自己
[00:29:18.000 --> 00:29:19.000]  但是神是很憐憫的
[00:29:19.000 --> 00:29:21.000]  我那次考試都過關了
[00:29:21.000 --> 00:29:22.000]  所以
[00:29:22.000 --> 00:29:24.000]  神是很有憐憫
[00:29:24.000 --> 00:29:25.000]  很有恩典的
[00:29:25.000 --> 00:29:26.000]  但是現在的人
[00:29:26.000 --> 00:29:27.000]  就是這樣
[00:29:27.000 --> 00:29:29.000]  我們將他歸納在一起
[00:29:29.000 --> 00:29:30.000]  來講
[00:29:30.000 --> 00:29:31.000]  來看一看
[00:29:31.000 --> 00:29:33.000]  他這個
[00:29:33.000 --> 00:29:35.000]  現代和後現代之間
[00:29:35.000 --> 00:29:37.000]  那個分別是怎樣呢
[00:29:37.000 --> 00:29:38.000]  現代是很客觀
[00:29:38.000 --> 00:29:39.000]  很絕對的
[00:29:39.000 --> 00:29:41.000]  但是後現代很主觀
[00:29:41.000 --> 00:29:42.000]  很相對的
[00:29:42.000 --> 00:29:44.000]  以前有一個統一性的
[00:29:44.000 --> 00:29:45.000]  真的有統一性的
[00:29:45.000 --> 00:29:47.000]  但是現在是多元的
[00:29:47.000 --> 00:29:49.000]  而且是疏離的
[00:29:49.000 --> 00:29:50.000]  支離破碎的
[00:29:50.000 --> 00:29:52.000]  如果你今天去紐約
[00:29:52.000 --> 00:29:53.000]  你去這個
[00:29:53.000 --> 00:29:55.000]  Metropolitan Museum的話
[00:29:55.000 --> 00:29:58.000]  那裡有一幅畫是畢加索的名畫
[00:29:58.000 --> 00:30:00.000]  已經上千萬的一幅名畫
[00:30:00.000 --> 00:30:02.000]  如果你在前面看的話
[00:30:02.000 --> 00:30:04.000]  那幅畫
[00:30:04.000 --> 00:30:06.000]  他畫了身體
[00:30:06.000 --> 00:30:08.000]  但是身體
[00:30:08.000 --> 00:30:10.000]  是四分八裂的
[00:30:10.000 --> 00:30:11.000]  眼在這裡
[00:30:11.000 --> 00:30:12.000]  口在那裡
[00:30:12.000 --> 00:30:13.000]  腳在那裡
[00:30:13.000 --> 00:30:14.000]  手在那裡
[00:30:14.000 --> 00:30:15.000]  四分八裂的
[00:30:15.000 --> 00:30:16.000]  支離破碎的
[00:30:16.000 --> 00:30:17.000]  署名
[00:30:17.000 --> 00:30:19.000]  就叫做身體
[00:30:19.000 --> 00:30:22.000]  他是透過這幅畫
[00:30:22.000 --> 00:30:24.000]  表達一個哲學
[00:30:24.000 --> 00:30:25.000]  表達一個信念
[00:30:25.000 --> 00:30:27.000]  畫家也是哲學家
[00:30:27.000 --> 00:30:28.000]  他表達什麼呢
[00:30:28.000 --> 00:30:30.000]  就說進入這種
[00:30:30.000 --> 00:30:32.000]  時代裡面
[00:30:32.000 --> 00:30:34.000]  真理沒有一個整合性
[00:30:34.000 --> 00:30:36.000]  支離破碎的
[00:30:36.000 --> 00:30:38.000]  你不能夠將它
[00:30:38.000 --> 00:30:40.000]  很整合的完整的表達出來
[00:30:40.000 --> 00:30:43.000]  現在後現代就是這樣的
[00:30:43.000 --> 00:30:46.000]  就沒有一種的
[00:30:46.000 --> 00:30:48.000]  一個整合性
[00:30:48.000 --> 00:30:50.000]  而是一種的支離
[00:30:50.000 --> 00:30:51.000]  一種破碎
[00:30:51.000 --> 00:30:54.000]  而且對人生有一種悲觀
[00:30:54.000 --> 00:30:56.000]  覺得死亡是一個選擇
[00:30:56.000 --> 00:30:58.000]  你可以選擇去死亡
[00:30:58.000 --> 00:31:00.000]  來解決你的問題
[00:31:00.000 --> 00:31:02.000]  就好像遊戲機
[00:31:02.000 --> 00:31:05.000]  你可以選擇去死了之後
[00:31:05.000 --> 00:31:07.000]  但你可以按個鍵再生
[00:31:07.000 --> 00:31:10.000]  這樣的一種觀念
[00:31:10.000 --> 00:31:13.000]  一種混沌多變的
[00:31:13.000 --> 00:31:15.000]  解構的
[00:31:15.000 --> 00:31:16.000]  這種觀念
[00:31:16.000 --> 00:31:18.000]  很注重感性的
[00:31:18.000 --> 00:31:21.000]  注重人與自然的這種情況
[00:31:21.000 --> 00:31:23.000]  這個就是你和我生活
[00:31:23.000 --> 00:31:25.000]  在這個環境裡面
[00:31:25.000 --> 00:31:28.000]  我們所面對的人
[00:31:28.000 --> 00:31:29.000]  他們的心態
[00:31:29.000 --> 00:31:31.000]  無論他能不能夠說出
[00:31:31.000 --> 00:31:34.000]  我們現在這些內涵
[00:31:34.000 --> 00:31:35.000]  未必能夠說出來
[00:31:35.000 --> 00:31:37.000]  但他已經在潛移默化
[00:31:37.000 --> 00:31:38.000]  在他裡面
[00:31:38.000 --> 00:31:40.000]  透過媒體
[00:31:40.000 --> 00:31:42.000]  透過藝術
[00:31:42.000 --> 00:31:44.000]  電影
[00:31:44.000 --> 00:31:45.000]  傳媒
[00:31:45.000 --> 00:31:47.000]  已經塑造了一個人
[00:31:47.000 --> 00:31:49.000]  他的世界觀是這樣的
[00:31:49.000 --> 00:31:51.000]  他的人生觀是這樣的
[00:31:51.000 --> 00:31:53.000]  他的價值觀也是這樣的
[00:31:53.000 --> 00:31:58.000]  問題是如何來跟他們分享福音呢?
[00:31:58.000 --> 00:32:01.000]  在《以察書》
[00:32:01.000 --> 00:32:03.000]  保羅雖然沒有用63章
[00:32:03.000 --> 00:32:07.000]  但《以察書》已經滲透在羅馬書裡面
[00:32:07.000 --> 00:32:11.000]  在《以察書》61章裡面
[00:32:11.000 --> 00:32:14.000]  他講到尼塞亞
[00:32:14.000 --> 00:32:17.000]  說耶和華的靈會降在尼塞亞身上
[00:32:17.000 --> 00:32:19.000]  然後就告他
[00:32:19.000 --> 00:32:20.000]  告末他
[00:32:20.000 --> 00:32:23.000]  叫他傳什麼好的信息給天秘人
[00:32:23.000 --> 00:32:25.000]  或者給貧窮人
[00:32:25.000 --> 00:32:26.000]  猜險他
[00:32:26.000 --> 00:32:28.000]  就醫治傷心的人
[00:32:28.000 --> 00:32:30.000]  然後報告被擄得釋放
[00:32:30.000 --> 00:32:33.000]  被囚的就出監牢
[00:32:33.000 --> 00:32:35.000]  這段經文
[00:32:35.000 --> 00:32:38.000]  耶穌基督剛剛出來侍奉的時候
[00:32:38.000 --> 00:32:40.000]  他有一次在聖殿裡面
[00:32:40.000 --> 00:32:43.000]  在會堂裡打開《以察書》
[00:32:43.000 --> 00:32:45.000]  然後就讀出這段經文
[00:32:45.000 --> 00:32:46.000]  我們讀一讀
[00:32:46.000 --> 00:32:49.000]  這段經文在路加福音第四章
[00:32:49.000 --> 00:32:50.000]  引用出來的
[00:32:50.000 --> 00:32:51.000]  我們一起開聲讀
[00:32:51.000 --> 00:32:54.000]  主的靈在我身上
[00:32:54.000 --> 00:32:56.000]  因為祂用高高我
[00:32:56.000 --> 00:32:59.000]  叫我傳福音給貧窮的人
[00:32:59.000 --> 00:33:02.000]  猜險我報告被擄得釋放
[00:33:02.000 --> 00:33:04.000]  乞訝的得看見
[00:33:04.000 --> 00:33:07.000]  叫那受壓制的得自由
[00:33:07.000 --> 00:33:11.000]  報告神越立人的欺憐
[00:33:11.000 --> 00:33:14.000]  耶穌基督讀完這段經文之後
[00:33:14.000 --> 00:33:17.000]  這段經文今天就應驗在他身上
[00:33:17.000 --> 00:33:18.000]  意思就是說
[00:33:18.000 --> 00:33:19.000]  他來到這個世上
[00:33:19.000 --> 00:33:20.000]  道成肉身
[00:33:20.000 --> 00:33:22.000]  住在我們中間
[00:33:22.000 --> 00:33:24.000]  生活在這個地球村
[00:33:24.000 --> 00:33:26.000]  呼吸和我們一樣的空氣
[00:33:26.000 --> 00:33:29.000]  面對同一群需要的人
[00:33:29.000 --> 00:33:31.000]  他做的這幾件事
[00:33:31.000 --> 00:33:33.000]  有哪幾件事呢?
[00:33:33.000 --> 00:33:36.000]  一項一項列出來的話
[00:33:36.000 --> 00:33:37.000]  第一
[00:33:37.000 --> 00:33:42.000]  傳福音報喜訊給貧窮的人
[00:33:42.000 --> 00:33:43.000]  不單是說沒有錢
[00:33:43.000 --> 00:33:45.000]  而是心靈裡貧窮的人
[00:33:45.000 --> 00:33:47.000]  使得被壓的
[00:33:47.000 --> 00:33:48.000]  被擄的
[00:33:48.000 --> 00:33:51.000]  心靈裡被捆綁的
[00:33:51.000 --> 00:33:52.000]  得到釋放
[00:33:52.000 --> 00:33:55.000]  讓受壓制的得到自由
[00:33:55.000 --> 00:33:58.000]  不再被誘惑
[00:33:58.000 --> 00:34:02.000]  被壓迫捆綁的
[00:34:02.000 --> 00:34:04.000]  能夠看到的
[00:34:04.000 --> 00:34:07.000]  然後醫治心靈破碎的人
[00:34:07.000 --> 00:34:11.000]  你和我今天就要面對我們這群人
[00:34:11.000 --> 00:34:14.000]  雖然時代有不同的改變
[00:34:14.000 --> 00:34:17.000]  但是人一樣有心靈裡的需要
[00:34:17.000 --> 00:34:21.000]  我們就要捉到他們心靈的需要
[00:34:21.000 --> 00:34:23.000]  從另一個角度來看的話
[00:34:23.000 --> 00:34:27.000]  傳福音給貧窮人
[00:34:27.000 --> 00:34:28.000]  有軟弱的
[00:34:28.000 --> 00:34:29.000]  無助的
[00:34:29.000 --> 00:34:30.000]  有需要的
[00:34:30.000 --> 00:34:31.000]  有邊緣人
[00:34:31.000 --> 00:34:34.000]  有些是社會裡被遺棄的
[00:34:34.000 --> 00:34:36.000]  然後就說是黑眼的
[00:34:36.000 --> 00:34:39.000]  無論是身體上看不見的
[00:34:39.000 --> 00:34:41.000]  或者心靈上黑眼的
[00:34:41.000 --> 00:34:42.000]  看不見真理的
[00:34:42.000 --> 00:34:45.000]  或者受壓制的
[00:34:45.000 --> 00:34:46.000]  被打擊的
[00:34:46.000 --> 00:34:48.000]  被打壓的
[00:34:48.000 --> 00:34:50.000]  得到自由
[00:34:50.000 --> 00:34:54.000]  或者醫治一些心靈上有創傷的
[00:34:54.000 --> 00:34:56.000]  破碎的
[00:34:56.000 --> 00:34:58.000]  給他們得到包裹
[00:34:58.000 --> 00:34:59.000]  得到醫治
[00:34:59.000 --> 00:35:04.000]  或者帶領他們走出困局
[00:35:04.000 --> 00:35:08.000]  耶穌基督當時在第一世紀的時候
[00:35:08.000 --> 00:35:10.000]  做了這幾件事
[00:35:10.000 --> 00:35:12.000]  雖然時代有轉變
[00:35:12.000 --> 00:35:14.000]  到了現在這個21世紀
[00:35:14.000 --> 00:35:16.000]  這個後現代
[00:35:16.000 --> 00:35:20.000]  人的心靈仍然有這些需要
[00:35:20.000 --> 00:35:23.000]  於是我們去服侍他們的時候
[00:35:23.000 --> 00:35:25.000]  我們傳福音的時候
[00:35:25.000 --> 00:35:28.000]  要效法耶穌基督的榜樣
[00:35:28.000 --> 00:35:31.000]  他見到有些貧窮人
[00:35:31.000 --> 00:35:34.000]  有些軟弱無助的
[00:35:34.000 --> 00:35:37.000]  今天我們一樣人有抑鬱
[00:35:37.000 --> 00:35:39.000]  而且抑鬱症
[00:35:39.000 --> 00:35:42.000]  是一個很普遍的現象
[00:35:42.000 --> 00:35:46.000]  我們怎樣去幫助這班心靈有需要的人
[00:35:46.000 --> 00:35:48.000]  焦慮的無助的
[00:35:48.000 --> 00:35:50.000]  軟弱的被否認的
[00:35:50.000 --> 00:35:51.000]  逃避的退縮的
[00:35:51.000 --> 00:35:53.000]  沒有安全感的
[00:35:53.000 --> 00:35:54.000]  沒有盼望的
[00:35:54.000 --> 00:35:56.000]  沒有夢想的
[00:35:56.000 --> 00:35:58.000]  沒有將來把握的人
[00:35:58.000 --> 00:36:00.000]  沒有安全感的人
[00:36:00.000 --> 00:36:03.000]  我們同樣要服侍他們
[00:36:03.000 --> 00:36:05.000]  正如耶穌基督服侍他們一樣
[00:36:05.000 --> 00:36:08.000]  心靈裏面有破碎
[00:36:08.000 --> 00:36:10.000]  有傷痛的
[00:36:10.000 --> 00:36:13.000]  婚姻裏面遇到關係上的破裂
[00:36:13.000 --> 00:36:16.000]  造成內心裏面很多創傷的
[00:36:16.000 --> 00:36:19.000]  裏面有很大的空缺的
[00:36:19.000 --> 00:36:21.000]  很大的傷口的
[00:36:21.000 --> 00:36:24.000]  關係裏面這種破損的
[00:36:24.000 --> 00:36:26.000]  對人失去了信心的
[00:36:26.000 --> 00:36:27.000]  被人遺棄的
[00:36:27.000 --> 00:36:29.000]  被人傷害過的
[00:36:29.000 --> 00:36:33.000]  這班人怎樣能夠幫助他們
[00:36:33.000 --> 00:36:35.000]  能夠活出真我呢
[00:36:35.000 --> 00:36:37.000]  能夠在教會裏面
[00:36:37.000 --> 00:36:43.000]  重新重拾在神裏面的
[00:36:43.000 --> 00:36:44.000]  有神的形象
[00:36:44.000 --> 00:36:45.000]  神所愛的
[00:36:45.000 --> 00:36:47.000]  有歸屬感的
[00:36:47.000 --> 00:36:49.000]  能夠在神裏面
[00:36:49.000 --> 00:36:51.000]  被建立的一個人呢
[00:36:51.000 --> 00:36:53.000]  這就是我們今天要思想的
[00:36:53.000 --> 00:36:55.000]  我們繼續看下去的時候
[00:36:55.000 --> 00:36:56.000]  黑眼的
[00:36:56.000 --> 00:36:57.000]  看不見神的
[00:36:57.000 --> 00:36:58.000]  無論是無神論
[00:36:58.000 --> 00:37:01.000]  或者是不認識神的
[00:37:01.000 --> 00:37:03.000]  心靈裏面的需要的
[00:37:03.000 --> 00:37:04.000]  受壓制的
[00:37:04.000 --> 00:37:06.000]  在環境裏面被壓迫的
[00:37:06.000 --> 00:37:09.000]  或者是遇到金融風暴之後
[00:37:09.000 --> 00:37:11.000]  失去了一切的
[00:37:11.000 --> 00:37:13.000]  或者是家庭
[00:37:13.000 --> 00:37:14.000]  經濟
[00:37:14.000 --> 00:37:15.000]  政治
[00:37:15.000 --> 00:37:16.000]  社會裏面的變遷
[00:37:16.000 --> 00:37:17.000]  這些人
[00:37:17.000 --> 00:37:19.000]  都是我們所要面對的
[00:37:19.000 --> 00:37:24.000]  於是我們在傳福音的策略方面
[00:37:24.000 --> 00:37:27.000]  就要有些相適應
[00:37:27.000 --> 00:37:29.000]  有些來的呼應
[00:37:29.000 --> 00:37:30.000]  有些適應的
[00:37:30.000 --> 00:37:32.000]  傳統裏面
[00:37:32.000 --> 00:37:35.000]  我們傳福音的時候
[00:37:35.000 --> 00:37:37.000]  就好像一個推銷員一樣
[00:37:37.000 --> 00:37:39.000]  推銷員呢
[00:37:39.000 --> 00:37:41.000]  有時候是用一些所謂硬推銷
[00:37:41.000 --> 00:37:43.000]  Hard sell
[00:37:43.000 --> 00:37:44.000]  或者是軟推銷
[00:37:44.000 --> 00:37:45.000]  硬推銷呢
[00:37:45.000 --> 00:37:47.000]  有時候就是說
[00:37:47.000 --> 00:37:49.000]  我昨晚都說過了
[00:37:49.000 --> 00:37:51.000]  我哥哥呢
[00:37:51.000 --> 00:37:53.000]  後來呢
[00:37:53.000 --> 00:37:54.000]  我女兒結婚的時候
[00:37:54.000 --> 00:37:55.000]  就請他過來
[00:37:55.000 --> 00:37:57.000]  我有個朋友呢
[00:37:57.000 --> 00:37:59.000]  他是三元福音
[00:37:59.000 --> 00:38:00.000]  三福的隊長來的
[00:38:00.000 --> 00:38:01.000]  我請他傳福音
[00:38:01.000 --> 00:38:03.000]  他是Hard sell的
[00:38:03.000 --> 00:38:04.000]  他一過去呢
[00:38:04.000 --> 00:38:05.000]  他是廣東話
[00:38:05.000 --> 00:38:07.000]  廣東話不是很正的
[00:38:07.000 --> 00:38:08.000]  一過去呢
[00:38:08.000 --> 00:38:09.000]  就跟我哥哥說
[00:38:09.000 --> 00:38:10.000]  你死了
[00:38:10.000 --> 00:38:12.000]  你去哪裏
[00:38:12.000 --> 00:38:14.000]  不要去天堂
[00:38:14.000 --> 00:38:15.000]  你Hard sell嘛
[00:38:15.000 --> 00:38:17.000]  但那時候我哥哥呢
[00:38:17.000 --> 00:38:19.000]  剛好遇到一個大病
[00:38:19.000 --> 00:38:21.000]  正在面對生與死
[00:38:21.000 --> 00:38:22.000]  他接近八十了
[00:38:22.000 --> 00:38:24.000]  面對生與死
[00:38:24.000 --> 00:38:26.000]  於是我們兄弟又很少說
[00:38:26.000 --> 00:38:28.000]  你想知道我去哪裏
[00:38:28.000 --> 00:38:30.000]  但他是一個愛人的
[00:38:30.000 --> 00:38:31.000]  沒所謂的
[00:38:31.000 --> 00:38:32.000]  單刀直入
[00:38:32.000 --> 00:38:33.000]  一針就見血
[00:38:33.000 --> 00:38:35.000]  就說出他的問題
[00:38:35.000 --> 00:38:36.000]  這個Hard sell
[00:38:36.000 --> 00:38:38.000]  所以都是神用這一類的
[00:38:38.000 --> 00:38:39.000]  但是呢
[00:38:39.000 --> 00:38:41.000]  現在後現代的人呢
[00:38:41.000 --> 00:38:43.000]  如果單是用Hard sell呢
[00:38:43.000 --> 00:38:45.000]  有時他很拒抗的
[00:38:45.000 --> 00:38:48.000]  有一次我在一個餐館那裏
[00:38:48.000 --> 00:38:49.000]  向一個人傳福音
[00:38:49.000 --> 00:38:50.000]  那個人不認識的
[00:38:50.000 --> 00:38:52.000]  大家坐在一起
[00:38:52.000 --> 00:38:53.000]  我向他傳福音
[00:38:53.000 --> 00:38:54.000]  我講兩句的時候
[00:38:54.000 --> 00:38:56.000]  他突然向後一跳
[00:38:56.000 --> 00:38:57.000]  向後跳
[00:38:57.000 --> 00:38:59.000]  他真的這樣向後跳
[00:38:59.000 --> 00:39:00.000]  可能有些功夫
[00:39:00.000 --> 00:39:02.000]  他向後跳了幾步
[00:39:02.000 --> 00:39:04.000]  他彈開了
[00:39:04.000 --> 00:39:06.000]  因為我講的福音
[00:39:06.000 --> 00:39:08.000]  有些Hard sell
[00:39:08.000 --> 00:39:10.000]  他就退避了
[00:39:10.000 --> 00:39:12.000]  現在我們在這個時代
[00:39:12.000 --> 00:39:13.000]  傳福音好像一個
[00:39:13.000 --> 00:39:15.000]  屬靈的導遊
[00:39:15.000 --> 00:39:17.000]  即是和他一起走
[00:39:17.000 --> 00:39:19.000]  然後將一些景點告訴他
[00:39:19.000 --> 00:39:21.000]  讓他自己去看
[00:39:21.000 --> 00:39:22.000]  讓他自己去領悟
[00:39:22.000 --> 00:39:24.000]  現在甚至有些好像是
[00:39:24.000 --> 00:39:25.000]  服務性的
[00:39:25.000 --> 00:39:27.000]  我們傳福音的時候
[00:39:27.000 --> 00:39:31.000]  都是去供應他的需要
[00:39:31.000 --> 00:39:33.000]  體會他的感受
[00:39:33.000 --> 00:39:35.000]  然後在他內心的渴求
[00:39:35.000 --> 00:39:37.000]  在最適當的時機
[00:39:37.000 --> 00:39:39.000]  來將福音介入
[00:39:39.000 --> 00:39:41.000]  有一次我在醫院
[00:39:41.000 --> 00:39:44.000]  在醫院當時開了一個刀
[00:39:44.000 --> 00:39:46.000]  開了刀不久之後
[00:39:46.000 --> 00:39:50.000]  我就送到病房那裏
[00:39:50.000 --> 00:39:51.000]  來休養
[00:39:51.000 --> 00:39:54.000]  病房有另一個床
[00:39:54.000 --> 00:39:56.000]  有另一個加拿大人
[00:39:56.000 --> 00:39:58.000]  他又開同樣的刀
[00:39:58.000 --> 00:39:59.000]  開完刀之後
[00:39:59.000 --> 00:40:00.000]  我就有點咳嗽
[00:40:00.000 --> 00:40:02.000]  每一次咳嗽
[00:40:02.000 --> 00:40:04.000]  就拉動傷口很痛
[00:40:04.000 --> 00:40:05.000]  他開完刀之後
[00:40:05.000 --> 00:40:06.000]  他又咳嗽
[00:40:06.000 --> 00:40:09.000]  於是兩個人都在病房咳嗽
[00:40:09.000 --> 00:40:12.000]  主那時候給我一個平安的心
[00:40:12.000 --> 00:40:14.000]  我唱讚美詩
[00:40:14.000 --> 00:40:16.000]  他就唱他新淫詩
[00:40:16.000 --> 00:40:18.000]  在那裏
[00:40:18.000 --> 00:40:20.000]  他見我唱讚美詩
[00:40:20.000 --> 00:40:21.000]  他就覺得奇怪
[00:40:21.000 --> 00:40:23.000]  於是大家談起來
[00:40:23.000 --> 00:40:24.000]  我都很痛
[00:40:24.000 --> 00:40:27.000]  咳嗽起來的傷口拉住很痛
[00:40:27.000 --> 00:40:29.000]  不過我有上帝在我裏面
[00:40:29.000 --> 00:40:31.000]  耶穌基督與我同在
[00:40:31.000 --> 00:40:33.000]  於是我就把福音告訴他
[00:40:33.000 --> 00:40:35.000]  講完之後我就問
[00:40:35.000 --> 00:40:38.000]  你願不願意得到耶穌的幫助
[00:40:38.000 --> 00:40:39.000]  與你同在
[00:40:39.000 --> 00:40:40.000]  給你平安喜樂
[00:40:40.000 --> 00:40:41.000]  他願意
[00:40:41.000 --> 00:40:43.000]  於是隔著床
[00:40:43.000 --> 00:40:45.000]  我跟他決志祈禱
[00:40:45.000 --> 00:40:46.000]  沒多久
[00:40:46.000 --> 00:40:47.000]  他爸爸來探望他
[00:40:47.000 --> 00:40:52.000]  他爸爸是一個意大利裔的加拿大人
[00:40:52.000 --> 00:40:54.000]  即是意大利人
[00:40:54.000 --> 00:40:56.000]  他兒子跟他說
[00:40:56.000 --> 00:40:58.000]  隔壁的中國人
[00:40:58.000 --> 00:40:59.000]  向他講福音
[00:40:59.000 --> 00:41:01.000]  他相信了耶穌
[00:41:01.000 --> 00:41:03.000]  他爸爸是信徒
[00:41:03.000 --> 00:41:04.000]  很開心
[00:41:04.000 --> 00:41:06.000]  原來這個年輕人
[00:41:06.000 --> 00:41:09.000]  他小時候跟他爸爸去教會
[00:41:09.000 --> 00:41:11.000]  長大之後就離開了教會
[00:41:11.000 --> 00:41:13.000]  離開了主
[00:41:13.000 --> 00:41:15.000]  現在聽到中國人向他傳福音
[00:41:15.000 --> 00:41:16.000]  相信了
[00:41:16.000 --> 00:41:17.000]  很高興
[00:41:17.000 --> 00:41:19.000]  就走過來跟我談話
[00:41:19.000 --> 00:41:21.000]  他又是第一代意大利人
[00:41:21.000 --> 00:41:23.000]  英文又不太會說
[00:41:23.000 --> 00:41:25.000]  說意大利文
[00:41:25.000 --> 00:41:27.000]  我又不懂得聽
[00:41:27.000 --> 00:41:29.000]  意大利人很熱情
[00:41:29.000 --> 00:41:31.000]  不知道你有沒有跟意大利人談過
[00:41:31.000 --> 00:41:34.000]  說兩句就摸摸我的臉
[00:41:34.000 --> 00:41:37.000]  說兩句就摸摸我的手
[00:41:37.000 --> 00:41:38.000]  說兩句就誇張一點
[00:41:38.000 --> 00:41:40.000]  從頭到腳被他摸
[00:41:40.000 --> 00:41:45.000]  我又不明白他
[00:41:45.000 --> 00:41:46.000]  但他很聰明
[00:41:46.000 --> 00:41:48.000]  他隨身帶一本小的聖經
[00:41:48.000 --> 00:41:49.000]  比我這本小一半
[00:41:49.000 --> 00:41:50.000]  一半開
[00:41:50.000 --> 00:41:53.000]  他翻開那本意大利文聖經
[00:41:53.000 --> 00:41:56.000]  用意大利文跟他兒子說
[00:41:56.000 --> 00:41:58.000]  他兒子用英文跟我說
[00:41:58.000 --> 00:42:00.000]  我翻開我的中文聖經
[00:42:00.000 --> 00:42:01.000]  我明白他的意思
[00:42:01.000 --> 00:42:03.000]  我又翻開另一段中文聖經
[00:42:03.000 --> 00:42:05.000]  用英文跟他兒子說
[00:42:05.000 --> 00:42:06.000]  用英文跟意大利文
[00:42:06.000 --> 00:42:07.000]  他翻開意大利文
[00:42:07.000 --> 00:42:08.000]  他明白
[00:42:08.000 --> 00:42:10.000]  在主裡面這樣溝通
[00:42:10.000 --> 00:42:12.000]  真的不錯
[00:42:12.000 --> 00:42:14.000]  但我們說
[00:42:14.000 --> 00:42:17.000]  你要捕捉時間
[00:42:17.000 --> 00:42:19.000]  你要捕捉時機
[00:42:19.000 --> 00:42:21.000]  當一個人有需要
[00:42:21.000 --> 00:42:25.000]  你能夠跟他一起同行
[00:42:25.000 --> 00:42:28.000]  能夠在那邊滿足需要的時候
[00:42:28.000 --> 00:42:32.000]  你就可以將福音帶出來
[00:42:32.000 --> 00:42:34.000]  我們繼續看下去的時候
[00:42:34.000 --> 00:42:37.000]  以前我們比較激進
[00:42:37.000 --> 00:42:39.000]  得時不得時
[00:42:39.000 --> 00:42:40.000]  務要全度
[00:42:40.000 --> 00:42:41.000]  古來都這樣說
[00:42:41.000 --> 00:42:43.000]  我們的確要這樣做
[00:42:43.000 --> 00:42:45.000]  得時不得時都要這樣
[00:42:45.000 --> 00:42:50.000]  但現在我們開始要認識到
[00:42:50.000 --> 00:42:52.000]  除了這種直接式
[00:42:52.000 --> 00:43:01.000]  或經銷的方法之外
[00:43:01.000 --> 00:43:05.000]  我們還要跟導遊一樣
[00:43:05.000 --> 00:43:07.000]  大家彼此配合
[00:43:07.000 --> 00:43:09.000]  要對症下藥
[00:43:09.000 --> 00:43:13.000]  要捕捉需要的一點
[00:43:13.000 --> 00:43:17.000]  甚至跟他做過朋友
[00:43:17.000 --> 00:43:19.000]  以前是個人訓練
[00:43:19.000 --> 00:43:24.000]  現在是群體福音的方法
[00:43:24.000 --> 00:43:26.000]  以前高雄報道是很好的
[00:43:26.000 --> 00:43:29.000]  我也是一個三福隊長
[00:43:29.000 --> 00:43:33.000]  現在台灣有一套很特別的
[00:43:33.000 --> 00:43:36.000]  是我們華人自己租賠出來的
[00:43:36.000 --> 00:43:39.000]  叫做幸福之旅
[00:43:39.000 --> 00:43:43.000]  幾個家庭一起去做
[00:43:43.000 --> 00:43:45.000]  請他們吃飯
[00:43:45.000 --> 00:43:47.000]  一起有活動
[00:43:47.000 --> 00:43:50.000]  很切合我們華人的文化
[00:43:50.000 --> 00:43:52.000]  華人的情況
[00:43:52.000 --> 00:43:54.000]  現在他們來到加拿大
[00:43:54.000 --> 00:43:55.000]  在加拿大
[00:43:55.000 --> 00:43:58.000]  譬如在Edmonton Calgary
[00:43:58.000 --> 00:44:01.000]  遲些在多倫多也介紹出來
[00:44:01.000 --> 00:44:02.000]  一個群體式的
[00:44:02.000 --> 00:44:04.000]  一個友誼式的
[00:44:04.000 --> 00:44:05.000]  做朋友
[00:44:05.000 --> 00:44:07.000]  建立這種友誼的關係
[00:44:07.000 --> 00:44:09.000]  而且是比較長線的
[00:44:09.000 --> 00:44:10.000]  不是說我那套
[00:44:10.000 --> 00:44:12.000]  你馬上要決戰那一類
[00:44:12.000 --> 00:44:14.000]  我的女兒
[00:44:14.000 --> 00:44:15.000]  我的小女兒
[00:44:15.000 --> 00:44:18.000]  她出生不久
[00:44:18.000 --> 00:44:20.000]  當時我還在務警會
[00:44:20.000 --> 00:44:24.000]  我們需要找個人來幫我們
[00:44:24.000 --> 00:44:25.000]  我們的鄰居
[00:44:25.000 --> 00:44:27.000]  我街頭街尾
[00:44:27.000 --> 00:44:30.000]  街尾有個鄰居
[00:44:30.000 --> 00:44:32.000]  他剛剛退休移民
[00:44:32.000 --> 00:44:35.000]  其實他60歲出頭就退休了
[00:44:35.000 --> 00:44:36.000]  還是很精壯的
[00:44:36.000 --> 00:44:38.000]  來到沒有工作
[00:44:38.000 --> 00:44:39.000]  很苦悶的
[00:44:39.000 --> 00:44:40.000]  他很特別
[00:44:40.000 --> 00:44:43.000]  在路上見到我師母
[00:44:43.000 --> 00:44:46.000]  和見到我出生不久的女兒
[00:44:46.000 --> 00:44:49.000]  他特別喜歡這個女兒
[00:44:49.000 --> 00:44:50.000]  喜歡這個小孩
[00:44:50.000 --> 00:44:51.000]  其他小孩他不喜歡
[00:44:51.000 --> 00:44:53.000]  特別喜歡我這個女兒
[00:44:53.000 --> 00:44:57.000]  於是我們就請你幫我們照顧她
[00:44:57.000 --> 00:44:58.000]  他很願意
[00:44:58.000 --> 00:45:00.000]  於是過往這麼多年
[00:45:00.000 --> 00:45:01.000]  我現在這個女兒已經結婚了
[00:45:01.000 --> 00:45:02.000]  25歲了
[00:45:02.000 --> 00:45:06.000]  就和這個家庭建立了友誼的關係
[00:45:06.000 --> 00:45:09.000]  而且我女兒就契他做契媽
[00:45:09.000 --> 00:45:11.000]  他做我契媽
[00:45:11.000 --> 00:45:12.000]  我女兒結婚的時候
[00:45:12.000 --> 00:45:14.000]  他在歐洲結婚
[00:45:14.000 --> 00:45:18.000]  他們整家十幾個都去那裡觀禮
[00:45:18.000 --> 00:45:21.000]  所以就建立了這個友情
[00:45:21.000 --> 00:45:24.000]  在建立這個友情的關係的時候
[00:45:24.000 --> 00:45:28.000]  我們就這樣和他做朋友
[00:45:28.000 --> 00:45:31.000]  一起有時吃飯
[00:45:31.000 --> 00:45:33.000]  他的爸爸
[00:45:33.000 --> 00:45:36.000]  又是懂得一些中文電腦的Oxygen
[00:45:36.000 --> 00:45:39.000]  剛寫完以色列的注釋的時候
[00:45:39.000 --> 00:45:42.000]  是爬格子這樣一個個上的
[00:45:42.000 --> 00:45:45.000]  後來他介紹我一個書叫大義
[00:45:45.000 --> 00:45:46.000]  很好的
[00:45:46.000 --> 00:45:47.000]  我就這樣來到
[00:45:47.000 --> 00:45:49.000]  現在有二十多本書
[00:45:49.000 --> 00:45:51.000]  就是想什麼我就打什麼
[00:45:51.000 --> 00:45:52.000]  就是他教我的
[00:45:52.000 --> 00:45:55.000]  有一次就是他在人生裡面
[00:45:55.000 --> 00:45:57.000]  有一些困惑的時候
[00:45:57.000 --> 00:46:00.000]  我就帶他順著
[00:46:00.000 --> 00:46:03.000]  他那次就很開心
[00:46:03.000 --> 00:46:04.000]  他也是畫畫
[00:46:04.000 --> 00:46:07.000]  將他畫的那些畫一大批送給我
[00:46:07.000 --> 00:46:12.000]  就這樣建立了這種友誼的關係
[00:46:12.000 --> 00:46:14.000]  潛移默化的
[00:46:14.000 --> 00:46:16.000]  就帶著他順著
[00:46:16.000 --> 00:46:18.000]  跟著他女兒順著
[00:46:18.000 --> 00:46:20.000]  在教會裡面非常好
[00:46:20.000 --> 00:46:23.000]  我們在現在這個時代裡
[00:46:23.000 --> 00:46:25.000]  就需要更多這一類
[00:46:25.000 --> 00:46:28.000]  友誼式的這個福音法
[00:46:28.000 --> 00:46:30.000]  就在這個
[00:46:30.000 --> 00:46:32.000]  另一個圖片來看的話
[00:46:32.000 --> 00:46:35.000]  就是講一些陳腔濫調的
[00:46:35.000 --> 00:46:36.000]  所謂的Cliché
[00:46:36.000 --> 00:46:38.000]  我們教會圈內的說話
[00:46:38.000 --> 00:46:42.000]  而是真正能夠進入他裡面
[00:46:42.000 --> 00:46:44.000]  在一種很自然的環境裡面
[00:46:44.000 --> 00:46:46.000]  來跟他分享
[00:46:46.000 --> 00:46:49.000]  耶穌基督怎樣改變我的生命
[00:46:49.000 --> 00:46:51.000]  他信耶穌有什麼好
[00:46:51.000 --> 00:46:52.000]  他日來要看到的
[00:46:52.000 --> 00:46:56.000]  信耶穌怎樣真是可以改變人的生命
[00:46:56.000 --> 00:46:59.000]  我們就講到神的國
[00:46:59.000 --> 00:47:01.000]  不只是將這個永生帶給人
[00:47:01.000 --> 00:47:03.000]  而且講到神的掌權
[00:47:03.000 --> 00:47:05.000]  他是公義的主
[00:47:05.000 --> 00:47:07.000]  他是掌管著歷史的主
[00:47:07.000 --> 00:47:09.000]  掌管著人類
[00:47:09.000 --> 00:47:11.000]  掌管著我們一生的一切
[00:47:11.000 --> 00:47:17.000]  所以我們要跟他們走一段路程
[00:47:17.000 --> 00:47:19.000]  所謂的Journey
[00:47:19.000 --> 00:47:24.000]  這個旅程不是說只是要立竿見影
[00:47:24.000 --> 00:47:27.000]  一傳他就要馬上決志那一類的
[00:47:27.000 --> 00:47:30.000]  而是一起來走這個旅程
[00:47:30.000 --> 00:47:35.000]  帶著一個人朝著耶穌基督邁進
[00:47:35.000 --> 00:47:38.000]  向聖靈感動
[00:47:38.000 --> 00:47:41.000]  所以這一種傳播方法
[00:47:41.000 --> 00:47:43.000]  現在在西方來說
[00:47:43.000 --> 00:47:46.000]  用啟發的課程翻譯成中文
[00:47:46.000 --> 00:47:48.000]  你們教會也有啟發的
[00:47:48.000 --> 00:47:50.000]  有誰去過啟發課程的?
[00:47:50.000 --> 00:47:51.000]  也有些人
[00:47:51.000 --> 00:47:54.000]  如果你沒有或嘗試要參與的話
[00:47:54.000 --> 00:47:56.000]  啟發課程是很好
[00:47:56.000 --> 00:47:58.000]  你們教會應該也有啟發課程
[00:47:58.000 --> 00:48:00.000]  能夠在裡面參與
[00:48:00.000 --> 00:48:05.000]  這是以西人那一套引進我們橫教會
[00:48:05.000 --> 00:48:08.000]  我剛才說的幸福之小組
[00:48:08.000 --> 00:48:11.000]  是由華人自己所引進的
[00:48:11.000 --> 00:48:13.000]  但無論如何
[00:48:13.000 --> 00:48:18.000]  你和我都是在這個時代的演變裡
[00:48:18.000 --> 00:48:20.000]  無論你叫什麼
[00:48:20.000 --> 00:48:22.000]  現代後現代後後現代
[00:48:22.000 --> 00:48:24.000]  什麼一種叫法
[00:48:24.000 --> 00:48:27.000]  但是人的心都是有需要
[00:48:27.000 --> 00:48:29.000]  而福音也不改變
[00:48:29.000 --> 00:48:31.000]  用耶穌基督的方法
[00:48:31.000 --> 00:48:35.000]  我們捕捉一個人有需要的時候
[00:48:35.000 --> 00:48:39.000]  來向他傳講神的愛
[00:48:39.000 --> 00:48:41.000]  特別是對貧窮的人
[00:48:41.000 --> 00:48:43.000]  心靈破碎的人
[00:48:43.000 --> 00:48:44.000]  關係破裂的人
[00:48:44.000 --> 00:48:46.000]  能夠讓他們感受到
[00:48:46.000 --> 00:48:48.000]  這一種愛
[00:48:48.000 --> 00:48:50.000]  這個復和的福音
[00:48:50.000 --> 00:48:53.000]  使我們與神和好的福音
[00:48:53.000 --> 00:48:55.000]  轉移到幫助我們
[00:48:55.000 --> 00:48:58.000]  讓我們在這個年間
[00:48:58.000 --> 00:49:00.000]  在這個時代裡
[00:49:00.000 --> 00:49:02.000]  成為神手中
[00:49:02.000 --> 00:49:05.000]  可以用得上的一個器皿
[00:49:05.000 --> 00:49:08.000]  能夠與人一起走這一段路
[00:49:08.000 --> 00:49:11.000]  能夠在人生的旅程裡
[00:49:11.000 --> 00:49:13.000]  我們成為他的見證人
[00:49:13.000 --> 00:49:15.000]  我們低頭做個祈禱
[00:49:15.000 --> 00:49:17.000]  我們低頭做個祈禱
[00:49:17.000 --> 00:49:20.000]  (字幕由 Amara.org 社群提供)
[00:49:20.000 --> 00:49:23.000]  (字幕由 Amara.org 社群提供)

