
[00:00:00.000 --> 00:00:03.000]  (音樂)
[00:00:03.000 --> 00:00:04.160]  我們感謝你
[00:00:04.160 --> 00:00:07.000]  賜給我們再有機會來讀你的華語
[00:00:07.000 --> 00:00:11.000]  求主你繼續用你的華語來堅固我們
[00:00:11.000 --> 00:00:14.400]  特別是我們在動蕩的世代
[00:00:14.400 --> 00:00:16.400]  在很多不安的情況
[00:00:16.400 --> 00:00:18.400]  在很多憂慮的時候
[00:00:18.400 --> 00:00:20.800]  讓我們回來你的華語那裡
[00:00:20.800 --> 00:00:23.200]  來成為我們的力量
[00:00:23.200 --> 00:00:25.600]  求聖靈在我們當中來工作
[00:00:25.600 --> 00:00:28.600]  今晚我們要查一位很特別的人物
[00:00:28.600 --> 00:00:31.000]  求主你透過師世約翰
[00:00:31.000 --> 00:00:33.000]  來向我們每一個人說話
[00:00:33.000 --> 00:00:35.600]  我們將以下的時間恭敬交在你手中
[00:00:35.600 --> 00:00:36.800]  求主你帶領
[00:00:36.800 --> 00:00:38.800]  祈禱鳳主耶穌基督明球
[00:00:38.800 --> 00:00:39.800]  阿門
[00:00:39.800 --> 00:00:44.200]  我們今晚是約翰福音的第三講
[00:00:44.200 --> 00:00:46.400]  之前兩堂
[00:00:46.400 --> 00:00:50.400]  當我們都是查約翰
[00:00:50.400 --> 00:00:52.400]  告訴我們耶穌是誰
[00:00:52.400 --> 00:00:55.600]  這是他寫約翰福音的目的
[00:00:55.600 --> 00:00:58.400]  你記得每一次我都提醒大家
[00:00:58.400 --> 00:01:02.000]  就是約翰福音的二十章三十一節那裡
[00:01:02.000 --> 00:01:03.200]  約翰這樣寫
[00:01:03.200 --> 00:01:05.200]  他說但記者些事
[00:01:05.200 --> 00:01:08.800]  要叫你們信耶穌是基督
[00:01:08.800 --> 00:01:11.200]  基督的意思就是受高者
[00:01:11.200 --> 00:01:13.200]  就是尼塞亞
[00:01:13.200 --> 00:01:15.200]  是神的兒子
[00:01:15.200 --> 00:01:16.800]  即是說神的兒子
[00:01:16.800 --> 00:01:18.000]  即是說他就是神
[00:01:18.000 --> 00:01:21.200]  他和神是有同樣的本質的
[00:01:21.200 --> 00:01:24.000]  並且叫你們信了他
[00:01:24.000 --> 00:01:27.200]  就可以因他的命得生命
[00:01:27.200 --> 00:01:28.800]  因他的命得生命
[00:01:28.800 --> 00:01:32.800]  命是代表主耶穌的本質
[00:01:32.800 --> 00:01:35.400]  在第一章一開始
[00:01:35.400 --> 00:01:37.200]  約翰已經告訴我們
[00:01:37.200 --> 00:01:39.200]  耶穌是自有榮誘的
[00:01:39.200 --> 00:01:42.200]  也是一位三維一體的真神
[00:01:42.200 --> 00:01:44.200]  第三節告訴我們
[00:01:44.200 --> 00:01:46.000]  他是創造主
[00:01:46.000 --> 00:01:48.200]  萬物都是他做的
[00:01:48.200 --> 00:01:50.200]  第四節告訴我們
[00:01:50.200 --> 00:01:53.800]  他是在黑暗世界當中的真光
[00:01:53.800 --> 00:01:56.800]  他也是生命的源頭
[00:01:56.800 --> 00:01:59.400]  第五節和第十一節
[00:01:59.400 --> 00:02:03.600]  就說世界是不接受這個真光
[00:02:03.600 --> 00:02:05.600]  第十節告訴我們
[00:02:05.600 --> 00:02:07.600]  他們不認識他
[00:02:07.600 --> 00:02:10.000]  十一節說他們不接待他
[00:02:10.000 --> 00:02:13.200]  雖然耶穌的身份
[00:02:13.200 --> 00:02:14.400]  說了出來
[00:02:14.400 --> 00:02:16.400]  但約翰也告訴我們
[00:02:16.400 --> 00:02:18.400]  世界是不接受他的
[00:02:18.400 --> 00:02:20.400]  第十四節說
[00:02:20.400 --> 00:02:22.400]  他成為肉身
[00:02:22.400 --> 00:02:23.600]  即是成為人
[00:02:23.600 --> 00:02:26.000]  是充充滿滿的有恩典
[00:02:26.000 --> 00:02:28.000]  有真理
[00:02:28.000 --> 00:02:29.200]  第十八節說
[00:02:29.200 --> 00:02:33.200]  耶穌讓我們看到父
[00:02:33.200 --> 00:02:37.200]  他說人看見我就是看見了父
[00:02:37.200 --> 00:02:39.200]  他說我在父的裡面
[00:02:39.200 --> 00:02:41.200]  父在我的裡面
[00:02:41.200 --> 00:02:43.200]  這是約翰福音十四章
[00:02:43.200 --> 00:02:45.200]  在最後的晚餐的時候
[00:02:45.200 --> 00:02:47.200]  耶穌是這樣說
[00:02:47.200 --> 00:02:50.200]  上兩次我們所查的
[00:02:50.200 --> 00:02:52.200]  就是你可以說是
[00:02:52.200 --> 00:02:54.200]  屬於神學的議題
[00:02:54.200 --> 00:02:57.200]  今天我們會不同的
[00:02:57.200 --> 00:02:59.200]  今天我們一起來一個
[00:02:59.200 --> 00:03:01.200]  好像character study
[00:03:01.200 --> 00:03:04.200]  我們來查一個人物
[00:03:04.200 --> 00:03:05.200]  屍體約翰
[00:03:05.200 --> 00:03:07.200]  我們在這個時間裏面
[00:03:07.200 --> 00:03:09.200]  就要看到他的一生
[00:03:09.200 --> 00:03:11.200]  除了認識他之外
[00:03:11.200 --> 00:03:13.200]  更加重要的是
[00:03:13.200 --> 00:03:14.200]  我們要在他身上
[00:03:14.200 --> 00:03:16.200]  學習一些功課
[00:03:16.200 --> 00:03:19.200]  所以我們一會兒會分開四個方面
[00:03:19.200 --> 00:03:22.200]  首先我們會認識他這個人
[00:03:22.200 --> 00:03:25.200]  第二我們認識他的時工
[00:03:25.200 --> 00:03:28.200]  第三我們會看一下他的結局
[00:03:28.200 --> 00:03:30.200]  或者他的下場
[00:03:30.200 --> 00:03:32.200]  我們用到下場
[00:03:32.200 --> 00:03:34.200]  就是不是那麼好的
[00:03:34.200 --> 00:03:36.200]  他失去了很多的東西
[00:03:36.200 --> 00:03:39.200]  一會兒我們會來看
[00:03:39.200 --> 00:03:45.200]  然後我們在他身上學習到什麼功課
[00:03:45.200 --> 00:03:47.200]  我們一邊說的時候
[00:03:47.200 --> 00:03:49.200]  大家可以一邊思想
[00:03:49.200 --> 00:03:55.200]  到底屍體約翰的一生是成功還是失敗
[00:03:55.200 --> 00:03:59.200]  一會兒當我們查到他的結局的時候
[00:03:59.200 --> 00:04:04.200]  我們會覺得好像他做了很少事
[00:04:04.200 --> 00:04:07.200]  他出來傳道大概一年左右
[00:04:07.200 --> 00:04:12.200]  後來在監裏喪失了他的生命
[00:04:12.200 --> 00:04:16.200]  屍體約翰算不算是一個成功的人生
[00:04:16.200 --> 00:04:18.200]  我們現在才開始查
[00:04:18.200 --> 00:04:20.200]  一會兒我們才會說
[00:04:20.200 --> 00:04:24.200]  首先我們可以到NOKES去看A
[00:04:24.200 --> 00:04:28.200]  這個屍體約翰我說是一個很特別的人
[00:04:28.200 --> 00:04:32.200]  第六節或者我未開始之前
[00:04:32.200 --> 00:04:36.200]  我要讀一讀今晚我們在第一章那裏
[00:04:36.200 --> 00:04:40.200]  有關於屍體約翰的經文
[00:04:40.200 --> 00:04:42.200]  第六節他說
[00:04:42.200 --> 00:04:48.200]  有一個人是要視從神那裏拆來的名叫約翰
[00:04:48.200 --> 00:04:53.200]  此人來為要作見證就是為光做潔淨
[00:04:53.200 --> 00:04:56.200]  叫眾人因他可以信
[00:04:56.200 --> 00:05:02.200]  他不是那光乃是要為光作見證
[00:05:02.200 --> 00:05:08.200]  為什麼約翰會第六節就開始說屍體約翰呢
[00:05:08.200 --> 00:05:13.200]  很明顯的就是約翰開頭告訴我們耶穌是誰
[00:05:13.200 --> 00:05:17.200]  他現在就用屍體約翰來做人證
[00:05:17.200 --> 00:05:19.200]  好像在法庭上
[00:05:19.200 --> 00:05:21.200]  你做完證供之後
[00:05:21.200 --> 00:05:23.200]  你傳召證人
[00:05:23.200 --> 00:05:27.200]  證人說的證供可能是非常重要的
[00:05:27.200 --> 00:05:29.200]  我們跳到第十五節
[00:05:29.200 --> 00:05:33.200]  約翰為他作見證 喊著說
[00:05:33.200 --> 00:05:37.200]  這就是我曾說那在我以後來的
[00:05:37.200 --> 00:05:40.200]  反成了在我以前的
[00:05:40.200 --> 00:05:43.200]  因他本來在我以前
[00:05:43.200 --> 00:05:45.200]  這是見證約翰所說的
[00:05:45.200 --> 00:05:47.200]  太初有道
[00:05:47.200 --> 00:05:50.200]  耶穌是自有永有的
[00:05:50.200 --> 00:05:52.200]  我們跳到第十九節
[00:05:52.200 --> 00:05:56.200]  約翰所作的見證記在下面
[00:05:56.200 --> 00:06:00.200]  有單人從耶路撒冷猜祭師和利美人到約翰那裏
[00:06:00.200 --> 00:06:03.200]  問他說你是誰
[00:06:03.200 --> 00:06:06.200]  他就明說並不隱瞞
[00:06:06.200 --> 00:06:09.200]  明說我不是基督
[00:06:09.200 --> 00:06:11.200]  他們又問他說
[00:06:11.200 --> 00:06:14.200]  這樣你是誰呢?是以利亞嗎?
[00:06:14.200 --> 00:06:16.200]  他說我不是
[00:06:16.200 --> 00:06:18.200]  是那先知嗎?
[00:06:18.200 --> 00:06:20.200]  他回答說不是
[00:06:20.200 --> 00:06:24.200]  其實約翰是最後一個先知
[00:06:24.200 --> 00:06:26.200]  是舊約最後一個先知
[00:06:26.200 --> 00:06:30.200]  在馬拉基書一會兒我們會看
[00:06:30.200 --> 00:06:34.200]  馬拉基書那裏講到是用以利亞來形容
[00:06:34.200 --> 00:06:37.200]  將來要來的先知耶穌的先鋒
[00:06:37.200 --> 00:06:40.200]  所以如果史西約翰要認
[00:06:40.200 --> 00:06:43.200]  我就好像舊約
[00:06:43.200 --> 00:06:46.200]  以前你們最尊崇的先知以利亞
[00:06:46.200 --> 00:06:47.200]  都不為過的
[00:06:47.200 --> 00:06:51.200]  但是一會兒我們會看約翰是一個非常謙卑的人
[00:06:51.200 --> 00:06:52.200]  他說我不是基督
[00:06:52.200 --> 00:06:54.200]  我不是先知
[00:06:54.200 --> 00:06:56.200]  我更加不是以利亞
[00:06:56.200 --> 00:06:58.200]  二二節
[00:06:58.200 --> 00:07:01.200]  於是他們說你到底是誰
[00:07:01.200 --> 00:07:05.200]  叫我們好回覆猜我們來的人
[00:07:05.200 --> 00:07:07.200]  你自己說你是誰
[00:07:07.200 --> 00:07:09.200]  約翰就說
[00:07:09.200 --> 00:07:13.200]  我就是那在抗野有人聲喊著說
[00:07:13.200 --> 00:07:15.200]  修直主的道路
[00:07:15.200 --> 00:07:18.200]  正如先知以賽亞所說的
[00:07:18.200 --> 00:07:21.200]  那些人是法利賽人猜來的
[00:07:21.200 --> 00:07:23.200]  他們就問他說
[00:07:23.200 --> 00:07:25.200]  你既不是基督也不是以利亞
[00:07:25.200 --> 00:07:27.200]  也不是那先知
[00:07:27.200 --> 00:07:29.200]  為什麼施洗呢
[00:07:29.200 --> 00:07:31.200]  約翰沒有直接回答他們
[00:07:31.200 --> 00:07:32.200]  約翰回答說
[00:07:32.200 --> 00:07:34.200]  我是用水施洗
[00:07:34.200 --> 00:07:36.200]  但有一位站在你們中間
[00:07:36.200 --> 00:07:39.200]  是你們不認識的
[00:07:39.200 --> 00:07:42.200]  就是那在我以後來的
[00:07:42.200 --> 00:07:46.200]  我給他解鞋帶也不配
[00:07:46.200 --> 00:07:47.200]  二八節
[00:07:47.200 --> 00:07:53.200]  這是在約翰河外百大尼約翰施洗的地方
[00:07:53.200 --> 00:07:55.200]  作的見證
[00:07:55.200 --> 00:07:58.200]  此日約翰看見耶穌來到他那裡
[00:07:58.200 --> 00:07:59.200]  就說
[00:07:59.200 --> 00:08:01.200]  看下神的高揚
[00:08:01.200 --> 00:08:03.200]  除去世人罪孽的
[00:08:03.200 --> 00:08:06.200]  這就是我曾說
[00:08:06.200 --> 00:08:10.200]  有一位在我以後來反成了在我以前的
[00:08:10.200 --> 00:08:13.200]  因他本來在我以前
[00:08:13.200 --> 00:08:15.200]  我先前不形食他
[00:08:15.200 --> 00:08:16.200]  如今我來
[00:08:16.200 --> 00:08:18.200]  用水施洗
[00:08:18.200 --> 00:08:21.200]  為要叫他顯明給以色列人
[00:08:21.200 --> 00:08:23.200]  約翰又作見證說
[00:08:23.200 --> 00:08:25.200]  我曾看見聖靈這個祭
[00:08:25.200 --> 00:08:27.200]  他幫耶穌施洗的時候
[00:08:27.200 --> 00:08:31.200]  彷彿甲子從天降下住在他的身上
[00:08:31.200 --> 00:08:34.200]  我先前不形食他
[00:08:34.200 --> 00:08:37.200]  說了兩次我先前不形食他
[00:08:37.200 --> 00:08:38.200]  大家記住
[00:08:38.200 --> 00:08:39.200]  他們其實是親戚來的
[00:08:39.200 --> 00:08:41.200]  為什麼他們不認識呢
[00:08:41.200 --> 00:08:43.200]  此時那猜我來
[00:08:43.200 --> 00:08:45.200]  用水施洗的
[00:08:45.200 --> 00:08:46.200]  對我說
[00:08:46.200 --> 00:08:50.200]  你看見聖靈降下來住在誰的身上
[00:08:50.200 --> 00:08:52.200]  誰就是用聖靈施洗的
[00:08:52.200 --> 00:08:53.200]  我看見了
[00:08:53.200 --> 00:08:54.200]  這證明
[00:08:54.200 --> 00:08:56.200]  這是神的兒子
[00:08:56.200 --> 00:08:57.200]  三節
[00:08:57.200 --> 00:09:01.200]  再次日約翰和兩個門徒站在那裡
[00:09:01.200 --> 00:09:03.200]  他見耶穌行走就說
[00:09:03.200 --> 00:09:05.200]  看下這是神的高揚
[00:09:05.200 --> 00:09:07.200]  兩個門徒聽見他的話
[00:09:07.200 --> 00:09:09.200]  就跟隨了耶穌
[00:09:09.200 --> 00:09:11.200]  聽見約翰又說
[00:09:11.200 --> 00:09:13.200]  跟隨耶穌的兩個人
[00:09:13.200 --> 00:09:17.200]  一個是西門彼得的兄弟安德烈
[00:09:17.200 --> 00:09:21.200]  他先找著自己的哥哥西門對他說
[00:09:21.200 --> 00:09:23.200]  我們遇見離塞亞了
[00:09:23.200 --> 00:09:26.200]  這是約翰福音第一章那裡
[00:09:26.200 --> 00:09:28.200]  開始講到施洗約翰
[00:09:28.200 --> 00:09:32.200]  但今晚我們因為想深入地
[00:09:32.200 --> 00:09:34.200]  來看施洗約翰
[00:09:34.200 --> 00:09:35.200]  我一會的經文
[00:09:35.200 --> 00:09:37.200]  大家看到筆記上面的經文
[00:09:37.200 --> 00:09:40.200]  是不止在約翰福音這裡的
[00:09:40.200 --> 00:09:41.200]  我們會四福音
[00:09:41.200 --> 00:09:43.200]  還有其他書信
[00:09:43.200 --> 00:09:48.200]  讓我們清楚地認識施洗約翰
[00:09:48.200 --> 00:09:51.200]  我們回到筆記那裡
[00:09:51.200 --> 00:09:54.200]  為什麼我說他是一個很特別的人呢?
[00:09:54.200 --> 00:09:57.200]  因為舊約有預言他的出現
[00:09:57.200 --> 00:10:00.200]  大家想想有多少人在新約
[00:10:00.200 --> 00:10:03.200]  是舊約有預言他會出現呢?
[00:10:03.200 --> 00:10:05.200]  當然是耶穌基督
[00:10:05.200 --> 00:10:07.200]  除了耶穌之外
[00:10:07.200 --> 00:10:09.200]  除了施洗約翰之外
[00:10:09.200 --> 00:10:12.200]  我想不到有其他人
[00:10:12.200 --> 00:10:17.200]  是舊約的先知有預言他將來的出現
[00:10:17.200 --> 00:10:19.200]  在舊約那裡有兩段
[00:10:19.200 --> 00:10:22.200]  兩個先知是很清楚地預言
[00:10:22.200 --> 00:10:25.200]  在將來離塞亞來之前
[00:10:25.200 --> 00:10:28.200]  是有一位先鋒出現來為他開路的
[00:10:28.200 --> 00:10:32.200]  以《宰下書》第四十章第三至第五節
[00:10:32.200 --> 00:10:33.200]  這裡說:
[00:10:33.200 --> 00:10:35.200]  有人聲喊著說
[00:10:35.200 --> 00:10:38.200]  在曠野預備搖滑的路
[00:10:38.200 --> 00:10:42.200]  在沙漠修平我們神的道
[00:10:42.200 --> 00:10:44.200]  一切山窪都要填滿
[00:10:44.200 --> 00:10:47.200]  大小山崗都要削平
[00:10:47.200 --> 00:10:50.200]  高高低低的就要改為平坦
[00:10:50.200 --> 00:10:54.200]  崎崎俱俱的必成為平原
[00:10:54.200 --> 00:10:57.200]  耶和華的榮耀必然顯然
[00:10:57.200 --> 00:11:00.200]  凡有血氣的必一同看見
[00:11:00.200 --> 00:11:03.200]  因為這是耶和華親口說的
[00:11:03.200 --> 00:11:04.200]  這裡很清楚
[00:11:04.200 --> 00:11:08.200]  將會有先鋒的出現
[00:11:08.200 --> 00:11:12.200]  在他前面來預備耶和華的路
[00:11:12.200 --> 00:11:15.200]  耶和華這裡
[00:11:15.200 --> 00:11:17.200]  是指那個離塞亞
[00:11:17.200 --> 00:11:19.200]  即將要來的基督
[00:11:19.200 --> 00:11:24.200]  這裡其實耶和華指向耶穌
[00:11:24.200 --> 00:11:26.200]  馬拉基書
[00:11:26.200 --> 00:11:29.200]  大家都知道馬拉基書是舊約最後一卷書
[00:11:29.200 --> 00:11:31.200]  是主前四百年
[00:11:31.200 --> 00:11:34.200]  馬拉基先知寫完了之後
[00:11:34.200 --> 00:11:37.200]  神再無頭過先知發聲
[00:11:37.200 --> 00:11:39.200]  四百年之久
[00:11:39.200 --> 00:11:41.200]  萬鈞之搖滑說
[00:11:41.200 --> 00:11:44.200]  我要差遣我的使者
[00:11:44.200 --> 00:11:46.200]  在我面前預備道路
[00:11:46.200 --> 00:11:47.200]  第一身
[00:11:47.200 --> 00:11:51.200]  萬鈞之搖滑用第一身來說這句話
[00:11:51.200 --> 00:11:54.200]  你所尋求的主必忽然進入他的殿
[00:11:54.200 --> 00:11:56.200]  立約的使者就是你們
[00:11:56.200 --> 00:12:00.200]  所仰慕的快要來到
[00:12:00.200 --> 00:12:03.200]  是神親自差遣使者
[00:12:03.200 --> 00:12:05.200]  在他的面前
[00:12:05.200 --> 00:12:09.200]  在耶穌基督的面前來預備道路
[00:12:09.200 --> 00:12:13.200]  漢納耶和華大而可畏之日未到以前
[00:12:13.200 --> 00:12:19.200]  我必差遣先知以利亞到你們那裡去
[00:12:19.200 --> 00:12:22.200]  我剛才說是舊約
[00:12:22.200 --> 00:12:26.200]  馬拉基用以利亞來形容耶穌的先鋒
[00:12:26.200 --> 00:12:28.200]  即是屍生若寒
[00:12:28.200 --> 00:12:33.200]  所以屍生若寒如果他說我就是舊約預言
[00:12:33.200 --> 00:12:36.200]  那位好像以利亞那樣
[00:12:36.200 --> 00:12:39.200]  也都不可以怪他的
[00:12:39.200 --> 00:12:41.200]  但他沒有這樣做
[00:12:41.200 --> 00:12:45.200]  他必使父親的心轉向兒女
[00:12:45.200 --> 00:12:48.200]  兒女的心轉向父親
[00:12:48.200 --> 00:12:51.200]  免得我來就坐遍地
[00:12:51.200 --> 00:12:55.200]  你再來到是從裏面來到改變人
[00:12:55.200 --> 00:12:57.200]  大家記住這兩句話
[00:12:57.200 --> 00:13:01.200]  因為這兩句話在新約也會出現的
[00:13:01.200 --> 00:13:07.200]  我們去到馬太馬可盧加約翰以外的福音書
[00:13:07.200 --> 00:13:14.200]  都宣告了屍生若寒是應驗了這兩段的預言
[00:13:14.200 --> 00:13:18.200]  即是以塞亞和馬拉基的預言
[00:13:18.200 --> 00:13:21.200]  馬太輝兄第三章第一至五節
[00:13:21.200 --> 00:13:26.200]  他那時有屍生若寒出來在猶太的曠野傳道說
[00:13:26.200 --> 00:13:29.200]  天國近了你們應當悔改
[00:13:29.200 --> 00:13:34.200]  這人就是先知以塞亞所說的
[00:13:34.200 --> 00:13:41.200]  所以剛才我們看到屍生若寒自己是告訴別人聽
[00:13:41.200 --> 00:13:44.200]  他就是應驗以塞亞所說的
[00:13:44.200 --> 00:13:48.200]  這裏是馬太聖靈感動他
[00:13:48.200 --> 00:13:53.200]  說這個人就是先知以塞亞所說的
[00:13:53.200 --> 00:13:57.200]  他必有以塞亞的心智和能力
[00:13:57.200 --> 00:13:59.200]  行在主的面前
[00:13:59.200 --> 00:14:02.200]  叫為父的心轉向兒女
[00:14:02.200 --> 00:14:06.200]  叫別人的人轉從二人的智慧
[00:14:06.200 --> 00:14:09.200]  又為主預備合容的百姓
[00:14:09.200 --> 00:14:14.200]  這裏就和馬拉基書第四章第五第六節很接近
[00:14:14.200 --> 00:14:18.200]  他是來到改變人的心
[00:14:18.200 --> 00:14:25.200]  路加輝兄第七章第廿七節耶穌親自引用馬拉基書的預言來形容屍生若寒
[00:14:25.200 --> 00:14:28.200]  他說:經上記著說
[00:14:28.200 --> 00:14:33.200]  我要差遣我的使者在你面前預備道路
[00:14:33.200 --> 00:14:35.200]  所說的就是這個人
[00:14:35.200 --> 00:14:43.200]  耶穌說:我要差遣我的使者在你前面預備道路
[00:14:43.200 --> 00:14:48.200]  那個就是馬拉基書第三章第一節耶穌的那裏
[00:14:48.200 --> 00:14:50.200]  所以毫無疑問
[00:14:50.200 --> 00:14:55.200]  以塞亞書馬拉基書這兩段的預言
[00:14:55.200 --> 00:14:58.200]  是直接指向屍生若寒
[00:14:58.200 --> 00:15:02.200]  所以他和耶穌是唯一新約兩個人
[00:15:02.200 --> 00:15:03.200]  是舊約的預言
[00:15:03.200 --> 00:15:05.200]  有很清楚的記載
[00:15:05.200 --> 00:15:07.200]  我們來到努斯的第一頁
[00:15:07.200 --> 00:15:09.200]  最下面D那裏
[00:15:09.200 --> 00:15:18.200]  除了是主前七百年和主前四百年有預言之外
[00:15:18.200 --> 00:15:23.200]  《聖經》當中對他的出生是有很詳細的記載
[00:15:23.200 --> 00:15:26.200]  這是路加輝兄第一章
[00:15:26.200 --> 00:15:28.200]  大家可以讀這段很長的
[00:15:28.200 --> 00:15:30.200]  我就不在這裏讀了
[00:15:30.200 --> 00:15:34.200]  但你會看到他的爸爸叫薩加利亞是他的祭司
[00:15:34.200 --> 00:15:40.200]  媽媽叫伊麗莎白兩個在神面前都是二人
[00:15:40.200 --> 00:15:45.200]  但他們年紀大都沒有生育
[00:15:45.200 --> 00:15:48.200]  於是天時下加百年
[00:15:48.200 --> 00:15:53.200]  加百年來到見薩加利亞
[00:15:53.200 --> 00:15:56.200]  跟他說薩加利亞不要害怕
[00:15:56.200 --> 00:15:58.200]  因為你的祈禱已經被聽見
[00:15:58.200 --> 00:16:02.200]  你的妻子伊麗莎白要給你生一個兒子
[00:16:02.200 --> 00:16:05.200]  你要給她起名叫約翰
[00:16:05.200 --> 00:16:07.200]  你必歡喜快樂
[00:16:07.200 --> 00:16:10.200]  有許多人因她出世也必喜樂
[00:16:10.200 --> 00:16:14.200]  她要在主面前將要偉大
[00:16:14.200 --> 00:16:16.200]  在主面前偉大
[00:16:16.200 --> 00:16:18.200]  不是說她在人面前偉大
[00:16:18.200 --> 00:16:21.200]  她淡酒濃酒都不喝
[00:16:21.200 --> 00:16:24.200]  從母福女就被性命充滿了
[00:16:24.200 --> 00:16:27.200]  她要使許多以色列人回轉
[00:16:27.200 --> 00:16:30.200]  歸於主他們的神
[00:16:30.200 --> 00:16:34.200]  她必有以利亞的心智能力
[00:16:34.200 --> 00:16:36.200]  這裡又再提
[00:16:36.200 --> 00:16:38.200]  這位偉大的先知以利亞
[00:16:38.200 --> 00:16:43.200]  用她和施洗約翰連在一起
[00:16:43.200 --> 00:16:46.200]  行在主的面前
[00:16:46.200 --> 00:16:49.200]  叫為父的心轉向兒女
[00:16:49.200 --> 00:16:55.200]  天時在這裡也是引用馬拉基書所說的
[00:16:55.200 --> 00:16:58.200]  叫博弈的人轉從二人的智慧
[00:16:58.200 --> 00:17:01.200]  又為主預備合用的百姓
[00:17:01.200 --> 00:17:03.200]  撒加利亞和天使說
[00:17:03.200 --> 00:17:06.200]  憑著什麼可以知道這件事
[00:17:06.200 --> 00:17:07.200]  我已經老了
[00:17:07.200 --> 00:17:09.200]  妻子也老了
[00:17:09.200 --> 00:17:10.200]  天使回答說
[00:17:10.200 --> 00:17:13.200]  我是站在神面前的加百列
[00:17:13.200 --> 00:17:16.200]  使奉以利對你的說話
[00:17:16.200 --> 00:17:19.200]  將這好訊息報給你
[00:17:19.200 --> 00:17:20.200]  到了時候
[00:17:20.200 --> 00:17:24.200]  這話必然應驗
[00:17:24.200 --> 00:17:27.200]  我們就讀到這裡
[00:17:27.200 --> 00:17:29.200]  好了 我剛才說
[00:17:29.200 --> 00:17:33.200]  施洗約翰極可能和耶穌有親戚關係
[00:17:33.200 --> 00:17:38.200]  伊利沙伯很可能是馬利亞的堂者
[00:17:38.200 --> 00:17:41.200]  他們之間那時候是不奇怪的
[00:17:41.200 --> 00:17:45.200]  那時候大家和大家家庭之間
[00:17:45.200 --> 00:17:47.200]  互相有些親戚關係
[00:17:47.200 --> 00:17:49.200]  是一點都不奇怪的
[00:17:49.200 --> 00:17:54.200]  但是似乎是施洗約翰和耶穌
[00:17:54.200 --> 00:17:56.200]  長大的時候是沒見過的
[00:17:56.200 --> 00:17:58.200]  所以施洗約翰兩次說
[00:17:58.200 --> 00:18:00.200]  我先前不認識他
[00:18:00.200 --> 00:18:04.200]  直到耶穌出現在約旦行外
[00:18:04.200 --> 00:18:07.200]  是請求施洗約翰和施洗
[00:18:07.200 --> 00:18:09.200]  然後大家才見面的
[00:18:09.200 --> 00:18:11.200]  為什麼會這樣呢
[00:18:11.200 --> 00:18:12.200]  聖經沒有說
[00:18:12.200 --> 00:18:14.200]  但是我想約翰很小的時候
[00:18:14.200 --> 00:18:17.200]  已經是出了去抗爺那裡
[00:18:17.200 --> 00:18:19.200]  在抗爺那裡生活
[00:18:19.200 --> 00:18:22.200]  就不是在他家鄉那裡生活的
[00:18:22.200 --> 00:18:23.200]  所以可能是這樣
[00:18:23.200 --> 00:18:25.200]  他們是沒見過的
[00:18:25.200 --> 00:18:29.200]  他被耶穌早出來大概是六個月左右
[00:18:29.200 --> 00:18:33.200]  就是耶穌出來傳到的時候
[00:18:33.200 --> 00:18:38.200]  施洗約翰就已經傳到了大概六個月了
[00:18:38.200 --> 00:18:42.200]  一會有一次的經文看到
[00:18:42.200 --> 00:18:46.200]  這個六個月的時間是相當準的
[00:18:46.200 --> 00:18:51.200]  這個是路加第一章
[00:18:51.200 --> 00:18:58.200]  是六個月後天使告訴馬里亞
[00:18:58.200 --> 00:19:01.200]  剛才讀的那一段是跟撒加利亞說
[00:19:01.200 --> 00:19:04.200]  但是跟著路加第一章
[00:19:04.200 --> 00:19:07.200]  是加帕列跟馬里亞說
[00:19:07.200 --> 00:19:11.200]  他將要從聖靈感人
[00:19:11.200 --> 00:19:15.200]  那兩個的時間相差了是六個月的
[00:19:15.200 --> 00:19:18.200]  所以他應該比耶穌大六個月
[00:19:18.200 --> 00:19:22.200]  而被耶穌早出來傳到是差不多六個月的
[00:19:22.200 --> 00:19:26.200]  好了 約翰福音第一章七節八節
[00:19:26.200 --> 00:19:29.200]  說「者人來為要作見證」
[00:19:29.200 --> 00:19:31.200]  大家留意這三個字
[00:19:31.200 --> 00:19:39.200]  這三個字就是施洗約翰的工作
[00:19:39.200 --> 00:19:41.200]  他是耶穌基督的先鋒
[00:19:41.200 --> 00:19:43.200]  他是為耶穌作見證
[00:19:43.200 --> 00:19:46.200]  他說「為光作見證」
[00:19:46.200 --> 00:19:47.200]  然後他說「為光作見證」
[00:19:47.200 --> 00:19:49.200]  所以第七、第八節
[00:19:49.200 --> 00:19:51.200]  「作見證」出現了三次
[00:19:51.200 --> 00:19:54.200]  第十五節也是說「為他作見證」
[00:19:54.200 --> 00:19:58.200]  十九節他所作的見證記在下面
[00:19:58.200 --> 00:20:03.200]  二十八節「施洗約翰的地方作的見證」
[00:20:03.200 --> 00:20:08.200]  第十二節「又作見證說我曾看見聖靈」
[00:20:08.200 --> 00:20:10.200]  彷彿隔世從天降下
[00:20:10.200 --> 00:20:13.200]  住在他的身上
[00:20:13.200 --> 00:20:17.200]  三十四節「我看見你了」
[00:20:17.200 --> 00:20:20.200]  「這證明這是神的兒子」
[00:20:20.200 --> 00:20:24.200]  即是施洗約翰一生的事工
[00:20:24.200 --> 00:20:26.200]  只是做一件事
[00:20:26.200 --> 00:20:30.200]  就是為耶穌來作見證
[00:20:30.200 --> 00:20:34.200]  好了 我們要看看施洗約翰的事工
[00:20:34.200 --> 00:20:37.200]  看施洗約翰出來傳道
[00:20:37.200 --> 00:20:41.200]  他的道我叫他做悔改的道
[00:20:41.200 --> 00:20:43.200]  他是預備人的心
[00:20:43.200 --> 00:20:44.200]  叫人知罪
[00:20:44.200 --> 00:20:46.200]  信主的第一步
[00:20:46.200 --> 00:20:48.200]  就是我們知罪
[00:20:48.200 --> 00:20:49.200]  知道我們是罪人
[00:20:49.200 --> 00:20:51.200]  我們不能夠救自己
[00:20:51.200 --> 00:20:54.200]  我們需要耶穌基督來救我們
[00:20:54.200 --> 00:20:57.200]  這個是悔改的第一步
[00:20:57.200 --> 00:20:58.200]  知罪
[00:20:58.200 --> 00:21:00.200]  所以他預備人的心
[00:21:00.200 --> 00:21:02.200]  馬太康第三章那裡說
[00:21:02.200 --> 00:21:04.200]  施洗約翰出來
[00:21:04.200 --> 00:21:07.200]  在猶太的曠野傳道
[00:21:07.200 --> 00:21:11.200]  猶太的曠野就在今天的若旦那邊
[00:21:11.200 --> 00:21:14.200]  施洗約翰幫人家施洗的地方
[00:21:14.200 --> 00:21:17.200]  也在若旦河的東邊
[00:21:17.200 --> 00:21:18.200]  即是今天的若旦
[00:21:18.200 --> 00:21:21.200]  我也去過那裡很多次
[00:21:21.200 --> 00:21:25.200]  但是今天我們紀念耶穌基督受洗
[00:21:25.200 --> 00:21:26.200]  我們就不在若旦
[00:21:26.200 --> 00:21:29.200]  耶穌當時受洗的地點
[00:21:29.200 --> 00:21:31.200]  因為那裡的水比較髒
[00:21:31.200 --> 00:21:33.200]  以及設備比較簡陋
[00:21:33.200 --> 00:21:36.200]  我們是過來以色列這邊
[00:21:36.200 --> 00:21:37.200]  來紀念
[00:21:37.200 --> 00:21:38.200]  都是若旦河
[00:21:38.200 --> 00:21:42.200]  但不是真正耶穌受洗的地點
[00:21:42.200 --> 00:21:45.200]  施洗約翰天各近了
[00:21:45.200 --> 00:21:47.200]  你們應當悔改
[00:21:47.200 --> 00:21:48.200]  然後這裡說
[00:21:48.200 --> 00:21:51.200]  這人就是先知以利亞所說的
[00:21:51.200 --> 00:21:56.200]  就 quote 回以塞亞書第四十章那裡
[00:21:56.200 --> 00:21:58.200]  然後他說
[00:21:58.200 --> 00:22:02.200]  這若旦身穿落陀毛的衣服
[00:22:02.200 --> 00:22:03.200]  腰束皮帶
[00:22:03.200 --> 00:22:06.200]  吃的是蝗蟲野蜜
[00:22:06.200 --> 00:22:07.200]  然後他說
[00:22:07.200 --> 00:22:08.200]  我用水為你們施洗
[00:22:08.200 --> 00:22:09.200]  叫你們悔改
[00:22:09.200 --> 00:22:13.200]  但是在我以後來的能力比我更大
[00:22:13.200 --> 00:22:15.200]  我幫他拿鞋子都不配
[00:22:15.200 --> 00:22:17.200]  你要用聖靈與火
[00:22:17.200 --> 00:22:21.200]  他要用聖靈與火給你們施洗
[00:22:21.200 --> 00:22:24.200]  他手裡拿著4K
[00:22:24.200 --> 00:22:26.200]  要揚正他的牆
[00:22:26.200 --> 00:22:29.200]  把墨紙收在倉裡
[00:22:29.200 --> 00:22:32.200]  把康容不滅的火燒盡了
[00:22:32.200 --> 00:22:36.200]  他出來說耶穌就要出現
[00:22:36.200 --> 00:22:38.200]  耶穌就要出現
[00:22:38.200 --> 00:22:42.200]  他早過耶穌六個月左右
[00:22:42.200 --> 00:22:47.200]  他的講道雖然是很嚴厲
[00:22:47.200 --> 00:22:49.200]  責備人們的罪
[00:22:49.200 --> 00:22:52.200]  特別他斥責法律錯人的時候
[00:22:52.200 --> 00:22:54.200]  是毫不留情的
[00:22:54.200 --> 00:22:57.200]  但是他很受歡迎的
[00:22:57.200 --> 00:22:59.200]  很多人去到約旦河外
[00:22:59.200 --> 00:23:02.200]  去到河外 去到東邊
[00:23:02.200 --> 00:23:05.200]  去到抗爺那裡聽他講道
[00:23:05.200 --> 00:23:08.200]  可以說當時他是最出名的傳道人
[00:23:08.200 --> 00:23:10.200]  也有很多人是責心
[00:23:10.200 --> 00:23:13.200]  很多人接受他悔改的禮
[00:23:13.200 --> 00:23:15.200]  所以馬太夫人第三章說
[00:23:15.200 --> 00:23:19.200]  很多人去到那邊聽他講道
[00:23:19.200 --> 00:23:21.200]  還受他的洗
[00:23:21.200 --> 00:23:24.200]  他也好像耶穌一樣
[00:23:24.200 --> 00:23:27.200]  他是斥責法律錯人
[00:23:27.200 --> 00:23:29.200]  他罵法律錯人馬太夫人第三章
[00:23:29.200 --> 00:23:31.200]  第七節到第十節那裡
[00:23:31.200 --> 00:23:34.200]  罵他們是毒蛇的種類
[00:23:34.200 --> 00:23:37.200]  大家可以回到我這裏沒有時間看
[00:23:37.200 --> 00:23:39.200]  馬太夫人第23章
[00:23:39.200 --> 00:23:44.200]  整張都是耶穌斥責的法律錯人
[00:23:44.200 --> 00:23:47.200]  假冒為善罵了他們七次
[00:23:47.200 --> 00:23:51.200]  也說他們是毒蛇的種類
[00:23:51.200 --> 00:23:54.200]  約旦我們看他的一生
[00:23:54.200 --> 00:23:55.200]  我們知道
[00:23:55.200 --> 00:23:58.200]  他是完全知道他的身份和使命的
[00:23:58.200 --> 00:24:01.200]  所以他是完全
[00:24:01.200 --> 00:24:04.200]  他是拿了耶穌的榮耀
[00:24:04.200 --> 00:24:07.200]  他知道他來是做先鋒
[00:24:07.200 --> 00:24:09.200]  是將耶穌介紹給人的
[00:24:09.200 --> 00:24:11.200]  所以他非常的謙卑
[00:24:11.200 --> 00:24:13.200]  一直的說就是說
[00:24:13.200 --> 00:24:16.200]  哪個比我更大的是接下來
[00:24:16.200 --> 00:24:18.200]  我和他拿鞋子
[00:24:18.200 --> 00:24:20.200]  我都不配
[00:24:20.200 --> 00:24:21.200]  好了
[00:24:21.200 --> 00:24:26.200]  司徒若翰也是責備希律王
[00:24:26.200 --> 00:24:28.200]  這個是分封希律
[00:24:28.200 --> 00:24:30.200]  他做了些什麼呢
[00:24:30.200 --> 00:24:35.200]  希律娶了他哥哥弗利普的太太
[00:24:35.200 --> 00:24:37.200]  就是他娶了他的嫂子
[00:24:37.200 --> 00:24:43.200]  司徒若翰是很直接的來罵他的
[00:24:43.200 --> 00:24:46.200]  所以至於他現在的嫂子
[00:24:46.200 --> 00:24:52.200]  現在的太太叫希羅底就懷恨在心了
[00:24:52.200 --> 00:24:53.200]  好了
[00:24:53.200 --> 00:24:55.200]  然後這幾個月過去了
[00:24:55.200 --> 00:24:57.200]  當耶穌出來
[00:24:57.200 --> 00:25:01.200]  先在約旦河接受他的洗
[00:25:01.200 --> 00:25:04.200]  接著耶穌就開始傳道
[00:25:04.200 --> 00:25:06.200]  我們看到司徒若翰的事工
[00:25:06.200 --> 00:25:08.200]  我這裡說是釋眉了
[00:25:08.200 --> 00:25:10.200]  開始釋眉了
[00:25:10.200 --> 00:25:12.200]  有幾個原因的
[00:25:12.200 --> 00:25:15.200]  一方面耶穌當然是講道
[00:25:15.200 --> 00:25:17.200]  他有做能力
[00:25:17.200 --> 00:25:19.200]  耶穌還會做一件事
[00:25:19.200 --> 00:25:21.200]  是司徒若翰一生沒做過的
[00:25:21.200 --> 00:25:23.200]  就是行神蹟
[00:25:23.200 --> 00:25:27.200]  耶穌出來天天行神蹟的
[00:25:27.200 --> 00:25:29.200]  另一方面
[00:25:29.200 --> 00:25:33.200]  司徒若翰是大力的來介紹耶穌給人
[00:25:33.200 --> 00:25:35.200]  所以可以說
[00:25:35.200 --> 00:25:38.200]  他的事工越成功
[00:25:38.200 --> 00:25:41.200]  他的事工就越會釋眉
[00:25:41.200 --> 00:25:44.200]  所以這個真的挺奇怪的一件事
[00:25:44.200 --> 00:25:48.200]  就是他完全是來介紹耶穌給人
[00:25:48.200 --> 00:25:49.200]  好了
[00:25:49.200 --> 00:25:51.200]  耶穌很快就去
[00:25:51.200 --> 00:25:54.200]  那些人就果然去跟耶穌了
[00:25:54.200 --> 00:25:56.200]  還有就是
[00:25:56.200 --> 00:25:58.200]  連司徒若翰
[00:25:58.200 --> 00:26:00.200]  跟著司徒若翰的門徒
[00:26:00.200 --> 00:26:04.200]  都因為司徒若翰的介紹
[00:26:04.200 --> 00:26:06.200]  有些是去跟了耶穌的
[00:26:06.200 --> 00:26:08.200]  我們看約翰福音
[00:26:08.200 --> 00:26:10.200]  第一章35至37節
[00:26:10.200 --> 00:26:12.200]  剛才我讀過了
[00:26:12.200 --> 00:26:16.200]  再次日約翰跟兩個門徒站在那裡
[00:26:16.200 --> 00:26:18.200]  他一見耶穌行走就說
[00:26:18.200 --> 00:26:21.200]  看呀,這就是神的高揚
[00:26:21.200 --> 00:26:23.200]  就是若翰一見到耶穌
[00:26:23.200 --> 00:26:26.200]  他就跟人家說耶穌是誰
[00:26:26.200 --> 00:26:30.200]  然後說他自己是多麼的不配
[00:26:30.200 --> 00:26:33.200]  於是兩個門徒聽到他的話
[00:26:33.200 --> 00:26:35.200]  就跟從了耶穌
[00:26:35.200 --> 00:26:37.200]  其中包括安德烈
[00:26:37.200 --> 00:26:39.200]  安德烈還回去
[00:26:39.200 --> 00:26:43.200]  介紹耶穌給他的哥哥彼得
[00:26:43.200 --> 00:26:45.200]  彼得也跟著了耶穌
[00:26:45.200 --> 00:26:48.200]  我相信不止這兩個門徒
[00:26:48.200 --> 00:26:50.200]  是離開了司徒若翰
[00:26:50.200 --> 00:26:52.200]  去跟著耶穌的
[00:26:52.200 --> 00:26:54.200]  所以耶穌一出來
[00:26:54.200 --> 00:26:58.200]  司徒若翰的風頭就沒有嚴勁了
[00:26:58.200 --> 00:27:00.200]  那些人都去聽耶穌講道
[00:27:00.200 --> 00:27:02.200]  那些門徒又去跟了耶穌
[00:27:02.200 --> 00:27:04.200]  所以他失去了門徒
[00:27:04.200 --> 00:27:06.200]  但是呢
[00:27:06.200 --> 00:27:09.200]  他的反應是怎樣呢
[00:27:09.200 --> 00:27:11.200]  我們來看看約翰福音
[00:27:11.200 --> 00:27:13.200]  跳下去第三章
[00:27:13.200 --> 00:27:15.200]  25至30節
[00:27:15.200 --> 00:27:18.200]  這裡記載若翰的門徒
[00:27:18.200 --> 00:27:20.200]  他的門徒沒有走
[00:27:20.200 --> 00:27:22.200]  他還有一些門徒
[00:27:22.200 --> 00:27:25.200]  跟一個猶太人在辯論結成的禮
[00:27:25.200 --> 00:27:27.200]  然後他來見約翰
[00:27:27.200 --> 00:27:29.200]  他們來跟約翰講什麼呢
[00:27:29.200 --> 00:27:31.200]  他說拉比
[00:27:31.200 --> 00:27:33.200]  從前跟你在約旦河外
[00:27:33.200 --> 00:27:35.200]  你所見證的那位
[00:27:35.200 --> 00:27:37.200]  他現在又跟人家私洗
[00:27:37.200 --> 00:27:40.200]  眾人都往哪裏去了
[00:27:40.200 --> 00:27:42.200]  其實呢
[00:27:42.200 --> 00:27:43.200]  聖經講給我們聽
[00:27:43.200 --> 00:27:44.200]  不是耶穌跟人家私洗
[00:27:44.200 --> 00:27:46.200]  是那些門徒跟人家私洗
[00:27:46.200 --> 00:27:48.200]  耶穌沒有停止他們
[00:27:48.200 --> 00:27:51.200]  就是耶穌的門徒又跟人家私洗
[00:27:51.200 --> 00:27:53.200]  眾人都去了他那裏
[00:27:53.200 --> 00:27:55.200]  為什麼這些門徒會這樣
[00:27:55.200 --> 00:27:57.200]  來講給約翰聽呢
[00:27:57.200 --> 00:28:00.200]  我想他們有些酸酸的意思
[00:28:00.200 --> 00:28:02.200]  有些妒忌
[00:28:02.200 --> 00:28:05.200]  那個妒忌可能是叫私洗約翰
[00:28:05.200 --> 00:28:07.200]  要振作一點
[00:28:07.200 --> 00:28:09.200]  要跟他搶回一些人回來
[00:28:09.200 --> 00:28:11.200]  要跟他是競爭
[00:28:11.200 --> 00:28:13.200]  可能是這樣的意思
[00:28:13.200 --> 00:28:15.200]  約翰怎麼說呢
[00:28:15.200 --> 00:28:16.200]  約翰說
[00:28:16.200 --> 00:28:18.200]  若不是從天上辭敵
[00:28:18.200 --> 00:28:21.200]  人就不能得什麼
[00:28:21.200 --> 00:28:22.200]  他說我曾說
[00:28:22.200 --> 00:28:23.200]  我不是基督是
[00:28:23.200 --> 00:28:26.200]  奉差顯在他面前的
[00:28:26.200 --> 00:28:29.200]  你們自己可以給我作見證
[00:28:29.200 --> 00:28:32.200]  他說取身婦的是新郎
[00:28:32.200 --> 00:28:34.200]  新郎的朋友是配角的
[00:28:34.200 --> 00:28:36.200]  他們站在那裏
[00:28:36.200 --> 00:28:38.200]  聽到新郎的聲音
[00:28:38.200 --> 00:28:40.200]  他們就臣起落
[00:28:40.200 --> 00:28:42.200]  所以私洗約翰完全知道他的地位
[00:28:42.200 --> 00:28:45.200]  他說耶穌才是主角
[00:28:45.200 --> 00:28:47.200]  我來也是做他的先鋒
[00:28:47.200 --> 00:28:50.200]  所以我見到主耶穌出來
[00:28:50.200 --> 00:28:51.200]  這麼興旺
[00:28:51.200 --> 00:28:55.200]  我者起落就滿足了
[00:28:55.200 --> 00:28:57.200]  他這裏還講了八個字
[00:28:57.200 --> 00:28:59.200]  他必興旺
[00:28:59.200 --> 00:29:01.200]  我必睡眠
[00:29:01.200 --> 00:29:04.200]  這位是不是一個很特別
[00:29:04.200 --> 00:29:06.200]  很謙卑的僕人
[00:29:06.200 --> 00:29:08.200]  完全的謙卑
[00:29:08.200 --> 00:29:10.200]  完全的信奉
[00:29:10.200 --> 00:29:12.200]  好了
[00:29:12.200 --> 00:29:15.200]  他應該跟耶穌overlap
[00:29:15.200 --> 00:29:17.200]  是幾個月的時間
[00:29:17.200 --> 00:29:20.200]  即是他傳到頭尾
[00:29:20.200 --> 00:29:23.200]  我估計都未必夠一年
[00:29:23.200 --> 00:29:25.200]  因為他開頭六個月
[00:29:25.200 --> 00:29:27.200]  我現在介紹耶穌
[00:29:27.200 --> 00:29:29.200]  耶穌出來
[00:29:29.200 --> 00:29:31.200]  到他被捉拿
[00:29:31.200 --> 00:29:33.200]  失去了他的自由
[00:29:33.200 --> 00:29:36.200]  是應該是幾個月時間
[00:29:36.200 --> 00:29:38.200]  他跟耶穌overlap幾個月時間
[00:29:38.200 --> 00:29:40.200]  即是他傳到總共
[00:29:40.200 --> 00:29:42.200]  最多給他一年
[00:29:42.200 --> 00:29:45.200]  他被困在這個叫做
[00:29:45.200 --> 00:29:47.200]  Macarys的地方
[00:29:47.200 --> 00:29:51.200]  以下我就要給幾幅相給大家看
[00:29:51.200 --> 00:29:54.200]  這裏是地圖
[00:29:54.200 --> 00:29:56.200]  這間叫做死海
[00:29:56.200 --> 00:29:58.200]  Death Sea
[00:29:58.200 --> 00:30:02.200]  死海上面和下面就是約旦河
[00:30:02.200 --> 00:30:06.200]  約旦河的水是流下去死海的
[00:30:06.200 --> 00:30:08.200]  那就不出去了
[00:30:08.200 --> 00:30:10.200]  所以死海的水這麼鹹
[00:30:10.200 --> 00:30:12.200]  有進就沒有出
[00:30:12.200 --> 00:30:14.200]  我們的左手邊
[00:30:14.200 --> 00:30:16.200]  寫著Judeir
[00:30:16.200 --> 00:30:18.200]  就是今天的以色列
[00:30:18.200 --> 00:30:20.200]  耶路撒冷在那邊
[00:30:20.200 --> 00:30:22.200]  伯利恆在那邊
[00:30:22.200 --> 00:30:24.200]  就是今天的約旦
[00:30:24.200 --> 00:30:26.200]  這是河的東邊
[00:30:26.200 --> 00:30:30.200]  這裏我用紅色的圈圈著
[00:30:30.200 --> 00:30:32.200]  Macarys的地方
[00:30:32.200 --> 00:30:36.200]  就是屍首要案被囚禁在那邊
[00:30:36.200 --> 00:30:38.200]  當時耶穌基督的時代
[00:30:38.200 --> 00:30:40.200]  在Macarys這裏
[00:30:40.200 --> 00:30:42.200]  是有些什麼呢
[00:30:42.200 --> 00:30:44.200]  我就去過Macarys很多次
[00:30:44.200 --> 00:30:50.200]  很多時候都帶團友去開約旦
[00:30:50.200 --> 00:30:52.200]  我們就上了上去Macarys那裏
[00:30:52.200 --> 00:30:54.200]  是一個山來的
[00:30:54.200 --> 00:30:58.200]  這個Macarys我們上到大半山
[00:30:58.200 --> 00:31:00.200]  再上到山頂
[00:31:00.200 --> 00:31:02.200]  就要用腳走上去的
[00:31:02.200 --> 00:31:05.200]  要走大概十幾分鐘的
[00:31:05.200 --> 00:31:07.200]  都幾斜的
[00:31:07.200 --> 00:31:11.200]  走上去那個山頂是怎樣的呢
[00:31:11.200 --> 00:31:15.200]  那個山頂就是右手邊那裏
[00:31:15.200 --> 00:31:17.200]  就是今天你上到去
[00:31:17.200 --> 00:31:19.200]  你就會見到一個廢墟
[00:31:19.200 --> 00:31:21.200]  有幾條柱子在那裏
[00:31:21.200 --> 00:31:24.200]  如果你在空中看下去
[00:31:24.200 --> 00:31:28.200]  你會看到整個山頂都是一個廢墟
[00:31:28.200 --> 00:31:31.200]  那幾條柱子大家見到
[00:31:31.200 --> 00:31:33.200]  在山頂上面
[00:31:33.200 --> 00:31:35.200]  這個是什麼呢
[00:31:35.200 --> 00:31:40.200]  這個就是當時的分封希律王的行宮
[00:31:40.200 --> 00:31:43.200]  因為耶路撒冷夏天很熱的
[00:31:43.200 --> 00:31:45.200]  我試過6月7月去耶路撒冷
[00:31:45.200 --> 00:31:47.200]  熱到不得了的
[00:31:47.200 --> 00:31:51.200]  這個皇帝就在這裏山頂那裏
[00:31:51.200 --> 00:31:53.200]  比較涼的
[00:31:53.200 --> 00:31:55.200]  就在這裏有他的夏天的行宮
[00:31:55.200 --> 00:31:57.200]  他就在這裏被處的
[00:31:57.200 --> 00:32:02.200]  當時那個皇宮可能是這樣的
[00:32:02.200 --> 00:32:04.200]  在那個山上
[00:32:04.200 --> 00:32:08.200]  那斯西約翰就是囚禁在這裏
[00:32:08.200 --> 00:32:11.200]  他囚禁在這裏大概是兩年左右
[00:32:11.200 --> 00:32:15.200]  然後他在這裏被斬頭死在這裏
[00:32:15.200 --> 00:32:17.200]  在麥卡拉斯
[00:32:17.200 --> 00:32:19.200]  他出來傳道了一年
[00:32:19.200 --> 00:32:22.200]  被囚囚困在麥卡拉斯
[00:32:22.200 --> 00:32:24.200]  就一直都沒有再出去
[00:32:24.200 --> 00:32:27.200]  他死的時候大概只有三十多歲
[00:32:27.200 --> 00:32:29.200]  很年輕的
[00:32:29.200 --> 00:32:31.200]  大家想像一下
[00:32:31.200 --> 00:32:33.200]  你是斯西約翰
[00:32:33.200 --> 00:32:36.200]  你是做耶穌的先鋒
[00:32:36.200 --> 00:32:38.200]  你做得很好
[00:32:38.200 --> 00:32:40.200]  你很盡責
[00:32:40.200 --> 00:32:42.200]  你很謙卑
[00:32:42.200 --> 00:32:44.200]  現在耶穌出來了
[00:32:44.200 --> 00:32:46.200]  你就被抓了
[00:32:46.200 --> 00:32:48.200]  就坐在裏面
[00:32:48.200 --> 00:32:50.200]  沒得出來
[00:32:50.200 --> 00:32:52.200]  你坐在裏面
[00:32:52.200 --> 00:32:56.200]  你知道你所介紹的蘇是那位尼塞亞
[00:32:56.200 --> 00:32:59.200]  你都聽到你知道他行很多的神職
[00:32:59.200 --> 00:33:02.200]  你知道他是神
[00:33:02.200 --> 00:33:05.200]  他是有能力的神
[00:33:05.200 --> 00:33:08.200]  如果耶穌要來救他
[00:33:08.200 --> 00:33:10.200]  容易嗎
[00:33:10.200 --> 00:33:12.200]  我想想聖經沒有說
[00:33:12.200 --> 00:33:15.200]  我想斯西約翰坐在監牢那裏的時候
[00:33:15.200 --> 00:33:21.200]  會不會有想到耶穌可能會來救他
[00:33:21.200 --> 00:33:23.200]  耶穌要來救他
[00:33:23.200 --> 00:33:25.200]  說一句話已經可以了
[00:33:25.200 --> 00:33:27.200]  都不用派門徒來
[00:33:27.200 --> 00:33:31.200]  說一句話就可以令他得到釋放
[00:33:31.200 --> 00:33:33.200]  但是耶穌會不會救他
[00:33:33.200 --> 00:33:35.200]  耶穌一直都沒有這樣做
[00:33:35.200 --> 00:33:37.200]  一直都沒有這樣做
[00:33:37.200 --> 00:33:39.200]  於是他在裏面
[00:33:39.200 --> 00:33:40.200]  你看看
[00:33:40.200 --> 00:33:43.200]  斯西約翰到這裏為止他失去了什麼呢
[00:33:43.200 --> 00:33:46.200]  他失去了他的門徒
[00:33:46.200 --> 00:33:49.200]  他失去了他的事工
[00:33:49.200 --> 00:33:52.200]  他失去了他在社會上的地位
[00:33:52.200 --> 00:33:54.200]  他失去了他的自由
[00:33:54.200 --> 00:33:57.200]  真的好像失去了一切
[00:33:57.200 --> 00:33:58.200]  好了
[00:33:58.200 --> 00:34:00.200]  還有一樣東西
[00:34:00.200 --> 00:34:02.200]  似乎他都失去了
[00:34:02.200 --> 00:34:04.200]  這個東西就挺可怕的
[00:34:04.200 --> 00:34:06.200]  我想花一點時間
[00:34:06.200 --> 00:34:09.200]  來查一查這段的時刻
[00:34:09.200 --> 00:34:14.200]  這裏記載一下約翰的門徒
[00:34:14.200 --> 00:34:18.200]  把這些事都告訴耶穌
[00:34:18.200 --> 00:34:21.200]  他便叫了兩個門徒來
[00:34:21.200 --> 00:34:24.200]  打發他們到主那裏去
[00:34:24.200 --> 00:34:29.200]  說那將要來的是你嗎
[00:34:29.200 --> 00:34:33.200]  還是我們等候別人呢
[00:34:33.200 --> 00:34:36.200]  那兩個人來到耶穌那裏說
[00:34:36.200 --> 00:34:41.200]  斯西的約翰打發我們來問你
[00:34:41.200 --> 00:34:44.200]  那將要來的是你嗎
[00:34:44.200 --> 00:34:47.200]  還是我們等候別人呢
[00:34:47.200 --> 00:34:52.200]  這裏斯西約翰已經在監裏
[00:34:52.200 --> 00:34:57.200]  這個麥卡拉斯離開耶路撒冷
[00:34:57.200 --> 00:35:00.200]  大概有80里
[00:35:00.200 --> 00:35:05.200]  由那裏來到約翰被囚禁的地方
[00:35:05.200 --> 00:35:08.200]  都要走一兩天時間的
[00:35:08.200 --> 00:35:10.200]  不近的
[00:35:10.200 --> 00:35:12.200]  約翰還有一些門徒
[00:35:12.200 --> 00:35:15.200]  這些門徒把這些事
[00:35:15.200 --> 00:35:17.200]  什麼事呢
[00:35:17.200 --> 00:35:20.200]  我相信這些事就是耶穌的傳道
[00:35:20.200 --> 00:35:22.200]  耶穌教育的能力
[00:35:22.200 --> 00:35:24.200]  耶穌會行神蹟
[00:35:24.200 --> 00:35:27.200]  將這些事告訴約翰
[00:35:27.200 --> 00:35:30.200]  約翰就叫了這兩個門徒
[00:35:30.200 --> 00:35:33.200]  打發他們到耶穌那裏
[00:35:33.200 --> 00:35:36.200]  就問耶穌兩個問題了
[00:35:36.200 --> 00:35:39.200]  那將要來的是你嗎
[00:35:39.200 --> 00:35:43.200]  還是我們等候別人呢
[00:35:43.200 --> 00:35:45.200]  這兩個問題
[00:35:45.200 --> 00:35:49.200]  從斯西約翰的口中問
[00:35:49.200 --> 00:35:54.200]  你說為什麼斯西約翰會有這兩個問題呢
[00:35:54.200 --> 00:35:57.200]  為什麼他會問這兩個問題呢
[00:35:57.200 --> 00:36:01.200]  為什麼他不是很清楚知道耶穌是誰
[00:36:01.200 --> 00:36:05.200]  他整個的事工都是將耶穌介紹出來
[00:36:05.200 --> 00:36:08.200]  而且他知道耶穌是誰
[00:36:08.200 --> 00:36:10.200]  舊約有預言
[00:36:10.200 --> 00:36:14.200]  他也知道他就是舊約預言的先鋒
[00:36:14.200 --> 00:36:17.200]  他也是聖靈也印證了
[00:36:17.200 --> 00:36:19.200]  聖父也印證了
[00:36:19.200 --> 00:36:21.200]  這個是我的愛子
[00:36:21.200 --> 00:36:23.200]  我所戲諺的
[00:36:23.200 --> 00:36:25.200]  所以如果有一個人
[00:36:25.200 --> 00:36:28.200]  最清楚耶穌的身份
[00:36:28.200 --> 00:36:30.200]  應該就是斯西約翰了
[00:36:30.200 --> 00:36:34.200]  他整個的事工都是來印證耶穌
[00:36:34.200 --> 00:36:37.200]  來為耶穌做見證
[00:36:37.200 --> 00:36:41.200]  但是他竟然在這個時候問這兩個問題
[00:36:41.200 --> 00:36:43.200]  你說他是不是失去了信心呢
[00:36:43.200 --> 00:36:48.200]  我估計他起碼失去了部分的信心
[00:36:48.200 --> 00:36:51.200]  但是也很難怪他
[00:36:51.200 --> 00:36:55.200]  斯西約翰雖然第一章第六節說是神差叫來
[00:36:55.200 --> 00:36:57.200]  但他不是好像耶穌那樣
[00:36:57.200 --> 00:36:58.200]  真的從天上來
[00:36:58.200 --> 00:36:59.200]  因為他是人來的
[00:36:59.200 --> 00:37:01.200]  他是一個很特別的人
[00:37:01.200 --> 00:37:02.200]  但是他是人來的
[00:37:02.200 --> 00:37:05.200]  所以他也有他的軟弱
[00:37:05.200 --> 00:37:10.200]  有他的軟弱跌倒失去信心的時間
[00:37:10.200 --> 00:37:13.200]  我想他是在監獄那裡坐著坐著
[00:37:13.200 --> 00:37:16.200]  等著等著等著耶穌也沒有來救他
[00:37:16.200 --> 00:37:19.200]  於是開始他有些疑惑
[00:37:19.200 --> 00:37:21.200]  我有沒有介紹錯呢
[00:37:21.200 --> 00:37:24.200]  耶穌是不是就是那個尼塞亞呢
[00:37:24.200 --> 00:37:28.200]  這個是一個很嚴重的信心的失去
[00:37:28.200 --> 00:37:38.200]  就是將你整個的信仰好像是失去了
[00:37:38.200 --> 00:37:41.200]  這是他最基本的問題
[00:37:41.200 --> 00:37:44.200]  他竟然是要問耶穌
[00:37:44.200 --> 00:37:47.200]  那兩個人來到耶穌那裡
[00:37:47.200 --> 00:37:51.200]  就說斯西約翰打發我們來問你
[00:37:51.200 --> 00:37:54.200]  將要來的是你嗎
[00:37:54.200 --> 00:37:58.200]  還是我們等候別人呢
[00:37:58.200 --> 00:38:02.200]  這兩個的門徒就照著斯西約翰
[00:38:02.200 --> 00:38:03.200]  所問的呢
[00:38:03.200 --> 00:38:08.200]  是用語言來問耶穌
[00:38:08.200 --> 00:38:13.200]  這裡繼續記載《路加福音》第七章
[00:38:13.200 --> 00:38:19.200]  卻正當那個時候耶穌治好了許多有疾病的
[00:38:19.200 --> 00:38:23.200]  受災患的被惡鬼附著的
[00:38:23.200 --> 00:38:27.200]  又開恩叫好聲核子能看見
[00:38:27.200 --> 00:38:30.200]  耶穌在做他每一天在做的事
[00:38:30.200 --> 00:38:34.200]  就在傳道和在行神職
[00:38:34.200 --> 00:38:36.200]  在醫治人們
[00:38:36.200 --> 00:38:39.200]  耶穌就回答這兩個門徒
[00:38:39.200 --> 00:38:43.200]  他在A門開把所看見所聽見的事
[00:38:43.200 --> 00:38:47.200]  就是耶穌在做什麼事呢
[00:38:47.200 --> 00:38:49.200]  來告訴約翰
[00:38:49.200 --> 00:38:52.200]  就是核子能看見
[00:38:52.200 --> 00:38:56.200]  「渠子行走長大麻風的得竭症
[00:38:56.200 --> 00:38:59.200]  龍子聽見死人復活
[00:38:59.200 --> 00:39:03.200]  窮人有福音傳給他們」
[00:39:03.200 --> 00:39:04.200]  然後耶穌說
[00:39:04.200 --> 00:39:08.200]  「凡不因我跌倒的就有福了」
[00:39:08.200 --> 00:39:13.200]  好了耶穌在這裡是這樣來回答他
[00:39:13.200 --> 00:39:17.200]  請問耶穌有沒有回答斯西約翰的問題呢
[00:39:17.200 --> 00:39:20.200]  斯西約翰問的兩個問題是
[00:39:20.200 --> 00:39:23.200]  「斯西的約翰打發我來問你
[00:39:23.200 --> 00:39:25.200]  那將要來的是你嗎」
[00:39:25.200 --> 00:39:27.200]  所以第一個問題就是
[00:39:27.200 --> 00:39:29.200]  你是不是將要來的那一位
[00:39:29.200 --> 00:39:32.200]  將要來的所有猶太人都在等著
[00:39:32.200 --> 00:39:35.200]  是尼塞亞的來到來拯救他們的
[00:39:35.200 --> 00:39:39.200]  這個是舊約已經有很多道的預言
[00:39:39.200 --> 00:39:43.200]  所以猶太人是在等尼塞亞的來到
[00:39:43.200 --> 00:39:45.200]  所以斯西約翰說
[00:39:45.200 --> 00:39:49.200]  你是不是就是我們在等尼塞亞的呢
[00:39:49.200 --> 00:39:52.200]  第二個問題還是我們在等別人呢
[00:39:52.200 --> 00:39:57.200]  如果你不是我們要等候真正的尼塞亞的來到
[00:39:57.200 --> 00:40:00.200]  其實耶穌要回答斯西約翰
[00:40:00.200 --> 00:40:02.200]  其實是很簡單的
[00:40:02.200 --> 00:40:03.200]  是不是
[00:40:03.200 --> 00:40:04.200]  他只要回答說
[00:40:04.200 --> 00:40:07.200]  Yes 我就是那個位置
[00:40:07.200 --> 00:40:11.200]  第二個問題No 你不用等第二個
[00:40:11.200 --> 00:40:14.200]  我就在那個位置尼塞亞
[00:40:14.200 --> 00:40:17.200]  那很直接了當
[00:40:17.200 --> 00:40:20.200]  是不是耶穌從來都不直接揭露他的身份呢
[00:40:20.200 --> 00:40:22.200]  又不是
[00:40:22.200 --> 00:40:25.200]  第二天我們查到第四章的時候
[00:40:25.200 --> 00:40:28.200]  耶穌和撒馬尼亞井邊的婦人
[00:40:28.200 --> 00:40:29.200]  很清楚告訴他們
[00:40:29.200 --> 00:40:31.200]  我就是那個位置尼塞亞
[00:40:31.200 --> 00:40:37.200]  所以其實耶穌平時介紹他的身份是很清楚的
[00:40:37.200 --> 00:40:42.200]  但是獨系斯西約翰來問他這兩個這麼直接的問題
[00:40:42.200 --> 00:40:45.200]  他不回答說Yes and No
[00:40:45.200 --> 00:40:47.200]  回答Yes and No
[00:40:47.200 --> 00:40:50.200]  對斯西約翰更加是好
[00:40:50.200 --> 00:40:53.200]  因為斯西約翰現在在監牢裏面
[00:40:53.200 --> 00:40:56.200]  正是信心動搖的時候
[00:40:56.200 --> 00:40:59.200]  耶穌的斬釘直鐵的答案
[00:40:59.200 --> 00:41:02.200]  是對斯西約翰是應該有幫助的
[00:41:02.200 --> 00:41:04.200]  但是耶穌在這裏
[00:41:04.200 --> 00:41:08.200]  只是說你回去告訴他我在做什麼
[00:41:08.200 --> 00:41:11.200]  我在做這些、做那些、做那些
[00:41:11.200 --> 00:41:12.200]  然後加一句
[00:41:12.200 --> 00:41:15.200]  不因我跌倒的就有福了
[00:41:15.200 --> 00:41:17.200]  這是對斯西約翰一個鼓勵就是
[00:41:17.200 --> 00:41:20.200]  你不要是跌倒
[00:41:20.200 --> 00:41:23.200]  你知道我是誰
[00:41:23.200 --> 00:41:26.200]  你要恢復你的信心
[00:41:26.200 --> 00:41:30.200]  但是為什麼耶穌在這裏要說他在做什麼呢
[00:41:30.200 --> 00:41:32.200]  第四頁的筆記在最下面這裏
[00:41:32.200 --> 00:41:37.200]  我是有批評了盧家福音第四章
[00:41:37.200 --> 00:41:39.200]  所發生的這件事
[00:41:39.200 --> 00:41:41.200]  先看這一段經文
[00:41:41.200 --> 00:41:44.200]  這一段經文說到耶穌回到他的家鄉
[00:41:44.200 --> 00:41:47.200]  納薩勒就是他長大的地方
[00:41:47.200 --> 00:41:49.200]  在安息日
[00:41:49.200 --> 00:41:51.200]  照他平常的規矩進了會堂
[00:41:51.200 --> 00:41:54.200]  站起來要念聖經
[00:41:54.200 --> 00:41:57.200]  有人就把以賽亞書交給他
[00:41:57.200 --> 00:42:00.200]  他打開找到一處寫著
[00:42:00.200 --> 00:42:03.200]  那段以賽亞書是這樣說
[00:42:03.200 --> 00:42:05.200]  主的靈在我身上
[00:42:05.200 --> 00:42:08.200]  因為它是用高告我
[00:42:08.200 --> 00:42:11.200]  叫我全福音及貧窮的人
[00:42:11.200 --> 00:42:13.200]  差遣我報告
[00:42:13.200 --> 00:42:14.200]  被擄的人得釋放
[00:42:14.200 --> 00:42:16.200]  核眼的人得看見
[00:42:16.200 --> 00:42:19.200]  叫那受壓制的得自由
[00:42:19.200 --> 00:42:22.200]  報告神越納人的欺怒
[00:42:22.200 --> 00:42:24.200]  於是把書捲起來
[00:42:24.200 --> 00:42:27.200]  交還執事就坐下
[00:42:27.200 --> 00:42:29.200]  會堂裏的人就定睛看著他
[00:42:29.200 --> 00:42:31.200]  耶穌就跟他說
[00:42:31.200 --> 00:42:35.200]  今天這經應驗在你們耳中了
[00:42:35.200 --> 00:42:41.200]  這一段的經文是以賽亞書第61章
[00:42:41.200 --> 00:42:44.200]  第一至到第二節
[00:42:44.200 --> 00:42:47.200]  是61章第一至到第二節
[00:42:47.200 --> 00:42:50.200]  是先知以賽亞
[00:42:50.200 --> 00:42:53.200]  是預言將來來的彌賽亞
[00:42:53.200 --> 00:42:55.200]  是做什麼的
[00:42:55.200 --> 00:43:00.200]  所以這裡耶穌選這一段的經文
[00:43:00.200 --> 00:43:02.200]  讀出來就是說
[00:43:02.200 --> 00:43:07.200]  我現在就會做彌賽亞的事
[00:43:07.200 --> 00:43:11.200]  是從他所做的事來證明
[00:43:11.200 --> 00:43:18.200]  他就是以賽亞先知所預言的彌賽亞
[00:43:18.200 --> 00:43:20.200]  這一段的經文你估
[00:43:20.200 --> 00:43:23.200]  斯西約翰熟不熟呢
[00:43:23.200 --> 00:43:24.200]  一定熟的
[00:43:24.200 --> 00:43:29.200]  因為有些人都在渴望彌賽亞的來到
[00:43:29.200 --> 00:43:32.200]  所以所有與彌賽亞有關的預言
[00:43:32.200 --> 00:43:34.200]  他們一定熟讀的
[00:43:34.200 --> 00:43:38.200]  所以這裡其實耶穌是引用以賽亞書
[00:43:38.200 --> 00:43:43.200]  就好像他在會堂裏讀這一段的經文出來
[00:43:43.200 --> 00:43:45.200]  是叫斯西約翰
[00:43:45.200 --> 00:43:48.200]  是從耶穌所做的事
[00:43:48.200 --> 00:43:53.200]  來看到他真是那一位的彌賽亞
[00:43:53.200 --> 00:43:57.200]  所以這裡他是不用答他Yes or No
[00:43:57.200 --> 00:43:59.200]  他是提醒斯西約翰
[00:43:59.200 --> 00:44:02.200]  從他所做的事知道他的身份
[00:44:02.200 --> 00:44:05.200]  這兩個悶徒離開了
[00:44:05.200 --> 00:44:09.200]  回去把耶穌這番話說給斯西約翰聽
[00:44:09.200 --> 00:44:17.200]  聖經沒有記載斯西約翰之後有做什麼
[00:44:17.200 --> 00:44:23.200]  因為沒多久他就在監獄被斬頭
[00:44:23.200 --> 00:44:29.200]  但是我們要看回路加菲音第七章說到這件事
[00:44:29.200 --> 00:44:31.200]  是還有下文的
[00:44:31.200 --> 00:44:34.200]  當這兩個悶徒離開之後
[00:44:34.200 --> 00:44:39.200]  耶穌對斯西約翰就做出一個極高的評價
[00:44:39.200 --> 00:44:41.200]  耶穌這裡說什麼
[00:44:41.200 --> 00:44:44.200]  「約翰所猜的人既走了
[00:44:44.200 --> 00:44:48.200]  耶穌就對眾人講論約翰說
[00:44:48.200 --> 00:44:51.200]  你們從前出到抗爭是要看什麼
[00:44:51.200 --> 00:44:54.200]  是要看風吹動蘆葦嗎
[00:44:54.200 --> 00:44:55.200]  當然不是啦
[00:44:55.200 --> 00:44:59.200]  這麼辛苦出到抗爭不是看蘆葦被風吹的
[00:44:59.200 --> 00:45:02.200]  你們出去到底是要看什麼呢
[00:45:02.200 --> 00:45:05.200]  是不是看穿那些漂亮衣服的人呢
[00:45:05.200 --> 00:45:08.200]  拿穿華麗衣服現落到日的人
[00:45:08.200 --> 00:45:11.200]  不在抗爭那裡 在皇宮那裡
[00:45:11.200 --> 00:45:15.200]  所以你們出抗爭不是去看穿漂亮衣服的人
[00:45:15.200 --> 00:45:18.200]  你們出去究竟要看什麼呢
[00:45:18.200 --> 00:45:20.200]  是不是要去看先知呢
[00:45:20.200 --> 00:45:24.200]  答案是他們出去要看哪個先知呢
[00:45:24.200 --> 00:45:26.200]  是約翰
[00:45:26.200 --> 00:45:29.200]  約翰是舊約最後一個先知
[00:45:29.200 --> 00:45:34.200]  我告訴你是的他比先知大多了
[00:45:34.200 --> 00:45:36.200]  經上記著說
[00:45:36.200 --> 00:45:38.200]  我要猜探我的使者
[00:45:38.200 --> 00:45:40.200]  在你面前預備道路
[00:45:40.200 --> 00:45:43.200]  所說的就是這個人
[00:45:43.200 --> 00:45:46.200]  我告訴你凡婦人所生的
[00:45:46.200 --> 00:45:49.200]  沒有一個大過約翰的
[00:45:49.200 --> 00:45:54.200]  然而神國裡最少的比他還大
[00:45:54.200 --> 00:45:58.200]  最後的節一會兒再解釋
[00:45:58.200 --> 00:46:02.200]  前面這一道耶穌對屍首約翰
[00:46:02.200 --> 00:46:04.200]  作出極高的評價
[00:46:04.200 --> 00:46:07.200]  他說他是最大的先知
[00:46:07.200 --> 00:46:10.200]  婦人所生的也沒有一個大過約翰
[00:46:10.200 --> 00:46:12.200]  他是最偉大的先知
[00:46:12.200 --> 00:46:15.200]  比以塞亞、比爾利亞
[00:46:15.200 --> 00:46:18.200]  比舊約所有的先知都偉大
[00:46:18.200 --> 00:46:20.200]  他也是婦人所生的
[00:46:20.200 --> 00:46:22.200]  沒有一個大過約翰
[00:46:22.200 --> 00:46:24.200]  他是最偉大的人
[00:46:24.200 --> 00:46:26.200]  先知當中最偉大的是他
[00:46:26.200 --> 00:46:28.200]  所有的人當中最偉大的是他
[00:46:28.200 --> 00:46:33.200]  就是耶穌說這個是一個極其偉大的人
[00:46:33.200 --> 00:46:36.200]  為什麼耶穌會這樣說呢
[00:46:36.200 --> 00:46:40.200]  當然耶穌就不想那些門徒
[00:46:40.200 --> 00:46:45.200]  說這個屍首約翰以前說得這麼像層層
[00:46:45.200 --> 00:46:47.200]  說耶穌是誰誰
[00:46:47.200 --> 00:46:50.200]  自己都疑惑自己都不確定的
[00:46:50.200 --> 00:46:53.200]  會不會有人看不起屍首約翰呢
[00:46:53.200 --> 00:46:55.200]  耶穌是不想那些人看不起他
[00:46:55.200 --> 00:46:59.200]  這個也有可能的
[00:46:59.200 --> 00:47:02.200]  耶穌要為屍首約翰
[00:47:02.200 --> 00:47:08.200]  不讓他有一個壞的名聲
[00:47:08.200 --> 00:47:10.200]  但是這裡很明顯的就是
[00:47:10.200 --> 00:47:15.200]  耶穌是極其讚許屍首約翰
[00:47:15.200 --> 00:47:17.200]  但我的問題就是
[00:47:17.200 --> 00:47:21.200]  為什麼耶穌不在屍首約翰的門徒
[00:47:21.200 --> 00:47:24.200]  還在的時候讚賞他呢
[00:47:24.200 --> 00:47:28.200]  因為屍首約翰現在正是需要堅固的時候
[00:47:28.200 --> 00:47:31.200]  如果他知道耶穌是這麼讚許他
[00:47:31.200 --> 00:47:33.200]  他坐在監牢裡面
[00:47:33.200 --> 00:47:35.200]  我想都會坐得舒服一點
[00:47:35.200 --> 00:47:36.200]  是不是
[00:47:36.200 --> 00:47:39.200]  他是最有需要鼓勵的時候
[00:47:39.200 --> 00:47:43.200]  他是最有需要耶穌堅固他的時候
[00:47:43.200 --> 00:47:47.200]  如果是被那些門徒聽到耶穌對他的評價
[00:47:47.200 --> 00:47:51.200]  那些門徒一定會告訴屍首約翰
[00:47:51.200 --> 00:47:53.200]  為什麼耶穌這麼孤寒呢
[00:47:53.200 --> 00:47:55.200]  等到他們走了才會說呢
[00:47:55.200 --> 00:47:59.200]  就是說耶穌是不想這番話
[00:47:59.200 --> 00:48:01.200]  回到屍首約翰
[00:48:01.200 --> 00:48:06.200]  他不用這番話來幫助屍首約翰
[00:48:06.200 --> 00:48:08.200]  來鼓勵屍首約翰
[00:48:08.200 --> 00:48:12.200]  我猜想耶穌完全知道屍首約翰
[00:48:12.200 --> 00:48:14.200]  實在是一個很偉大的司徒
[00:48:14.200 --> 00:48:18.200]  雖然他的信心是有一點動搖
[00:48:18.200 --> 00:48:20.200]  但是對耶穌知道
[00:48:20.200 --> 00:48:24.200]  當這兩個門徒回去將耶穌說帶給他的時候
[00:48:24.200 --> 00:48:27.200]  屍首約翰的信心會馬上被重建
[00:48:27.200 --> 00:48:32.200]  他是不需要耶穌用讚賞的話來堅固他
[00:48:32.200 --> 00:48:37.200]  什麼人是需要人不斷的讚賞呢
[00:48:37.200 --> 00:48:44.200]  當然是一些很沒自信、很慈悲的人
[00:48:44.200 --> 00:48:48.200]  心理上是不肯定自己
[00:48:48.200 --> 00:48:51.200]  是需要別人不斷的肯定他
[00:48:51.200 --> 00:48:53.200]  經常是靠別人怎麼看他呢
[00:48:53.200 --> 00:48:56.200]  他自己不知道自己究竟是怎樣
[00:48:56.200 --> 00:48:59.200]  他要靠別人給他的評價
[00:48:59.200 --> 00:49:01.200]  來建立他的自信
[00:49:01.200 --> 00:49:03.200]  屍首約翰不是
[00:49:03.200 --> 00:49:08.200]  屍首約翰是一個很成熟、很偉大的先知
[00:49:08.200 --> 00:49:10.200]  神的僕人
[00:49:10.200 --> 00:49:12.200]  所以還有其他類別的人
[00:49:12.200 --> 00:49:14.200]  都是經常需要別人讚賞的
[00:49:14.200 --> 00:49:17.200]  小孩子、不成熟的人
[00:49:17.200 --> 00:49:19.200]  小孩子經常要別人讚賞
[00:49:19.200 --> 00:49:21.200]  但是耶穌在這裏
[00:49:21.200 --> 00:49:25.200]  他覺得屍首約翰是不需要聽到、讚賞他
[00:49:25.200 --> 00:49:29.200]  而來堅固的
[00:49:29.200 --> 00:49:33.200]  耶穌和他所說的提醒他在二在亞書61章
[00:49:33.200 --> 00:49:36.200]  第一、第二節已經是足夠的了
[00:49:36.200 --> 00:49:40.200]  最後一句是很難的
[00:49:40.200 --> 00:49:45.200]  耶穌說:然而神國裏面最少的被他還大
[00:49:45.200 --> 00:49:51.200]  拉斯維加斯的弟兄姊妹你問一下盧穆斯
[00:49:51.200 --> 00:49:53.200]  為什麼呢
[00:49:53.200 --> 00:49:59.200]  我們神國裏面最少的包括我們
[00:49:59.200 --> 00:50:01.200]  在神的國度裏面
[00:50:01.200 --> 00:50:03.200]  和神的國有份
[00:50:03.200 --> 00:50:05.200]  就是我們這幫人是基督徒
[00:50:05.200 --> 00:50:09.200]  在神的國裏面都被他還大
[00:50:09.200 --> 00:50:11.200]  為什麼呢
[00:50:11.200 --> 00:50:13.200]  在神國裏面的
[00:50:13.200 --> 00:50:16.200]  將來我們在神的國度裏面
[00:50:16.200 --> 00:50:18.200]  我們現在是屬於基督的
[00:50:18.200 --> 00:50:21.200]  將來我們會在神的國裏面的
[00:50:21.200 --> 00:50:26.200]  在神的國裏面是比地上的屍體弱案還要大
[00:50:26.200 --> 00:50:28.200]  因為屍體弱案在地上
[00:50:28.200 --> 00:50:30.200]  他的能力是很有限的
[00:50:30.200 --> 00:50:31.200]  他雖然是偉大
[00:50:31.200 --> 00:50:33.200]  但是他是一個人
[00:50:33.200 --> 00:50:36.200]  他都有軟弱的時候
[00:50:36.200 --> 00:50:39.200]  將來你和我在神國裏面
[00:50:39.200 --> 00:50:41.200]  我們是完全沒有罪
[00:50:41.200 --> 00:50:44.200]  我們身體改變榮耀的身體
[00:50:44.200 --> 00:50:47.200]  是比當時在地上的屍體弱案
[00:50:47.200 --> 00:50:49.200]  應該大得多
[00:50:49.200 --> 00:50:51.200]  可能其中一個解釋
[00:50:51.200 --> 00:50:53.200]  就是說
[00:50:53.200 --> 00:50:55.200]  屍體弱案沒有再偉大了
[00:50:55.200 --> 00:50:58.200]  但是我們這幫被主耶穌拯救的人
[00:50:58.200 --> 00:51:00.200]  是有永生
[00:51:00.200 --> 00:51:02.200]  是有聖靈居在我們裏面
[00:51:02.200 --> 00:51:05.200]  是將來是和主耶穌一起掌權
[00:51:05.200 --> 00:51:07.200]  一起作王的
[00:51:07.200 --> 00:51:09.200]  我們也不要小看我們自己
[00:51:09.200 --> 00:51:12.200]  我們比屍體弱案還大
[00:51:12.200 --> 00:51:14.200]  好了
[00:51:14.200 --> 00:51:18.200]  我們還有大概九分鐘的時間
[00:51:18.200 --> 00:51:20.200]  屍體弱案的一生在我們面前
[00:51:20.200 --> 00:51:22.200]  我們對屍體弱案
[00:51:22.200 --> 00:51:26.200]  從屍體弱案學習到什麼功課呢
[00:51:26.200 --> 00:51:28.200]  第一點我在這裏說
[00:51:28.200 --> 00:51:32.200]  神對我們的簡選是和屍體弱案相似
[00:51:32.200 --> 00:51:34.200]  我不是說相同
[00:51:34.200 --> 00:51:39.200]  神簡選屍體弱案舊約是預言他會出現
[00:51:39.200 --> 00:51:44.200]  你和我當然沒有預言說我們會出現
[00:51:44.200 --> 00:51:46.200]  但是神簡選我們
[00:51:46.200 --> 00:51:48.200]  都是我們未出生之前
[00:51:48.200 --> 00:51:50.200]  已經簡選我們每一個人
[00:51:50.200 --> 00:51:52.200]  以法所書第一章第四節說
[00:51:52.200 --> 00:51:55.200]  就如神從創立世界以前
[00:51:55.200 --> 00:51:58.200]  在基督裏面簡選了我們
[00:51:58.200 --> 00:52:01.200]  使我們在他面前成為聖傑
[00:52:01.200 --> 00:52:03.200]  無有瑕疵
[00:52:03.200 --> 00:52:05.200]  雖然這裏是用中數
[00:52:05.200 --> 00:52:07.200]  但是神的簡選是個別的
[00:52:07.200 --> 00:52:09.200]  就是神認識我們個別
[00:52:09.200 --> 00:52:11.200]  神不是簡選我們一幫人
[00:52:11.200 --> 00:52:13.200]  我們在這幫人裏面
[00:52:13.200 --> 00:52:15.200]  神就簡選了我們
[00:52:15.200 --> 00:52:17.200]  神是個別的簡選
[00:52:17.200 --> 00:52:19.200]  我們認識我們
[00:52:19.200 --> 00:52:21.200]  神認識我們每一個人
[00:52:21.200 --> 00:52:23.200]  在創立世界以前
[00:52:23.200 --> 00:52:25.200]  就已經簡選了我們
[00:52:25.200 --> 00:52:29.200]  我們的命字已經在生命冊上面
[00:52:29.200 --> 00:52:33.200]  所以神簡選屍體案在耶穌的先鋒
[00:52:33.200 --> 00:52:37.200]  神也簡選我們做他的兒女
[00:52:37.200 --> 00:52:39.200]  詩篇139篇是說
[00:52:39.200 --> 00:52:41.200]  我在武福當中
[00:52:41.200 --> 00:52:44.200]  神已經簡選了我們
[00:52:44.200 --> 00:52:47.200]  我們看馬太福音第28章
[00:52:47.200 --> 00:52:49.200]  神給我們的使命
[00:52:49.200 --> 00:52:51.200]  和屍體約翰的使命是相似的
[00:52:51.200 --> 00:52:54.200]  剛才說屍體約翰的使命是甚麼
[00:52:54.200 --> 00:52:57.200]  作見證出現了六七八次
[00:52:57.200 --> 00:52:59.200]  作見證作見證
[00:52:59.200 --> 00:53:01.200]  這就是屍體約翰的使命
[00:53:01.200 --> 00:53:03.200]  我們的使命
[00:53:03.200 --> 00:53:05.200]  大使命是叫我們
[00:53:05.200 --> 00:53:07.200]  去使萬民作我們的門徒
[00:53:07.200 --> 00:53:09.200]  這裏說傳福音
[00:53:09.200 --> 00:53:13.200]  傳福音是我們每一個基督徒的責任
[00:53:13.200 --> 00:53:16.200]  是我們餘生的使命
[00:53:16.200 --> 00:53:20.200]  所以我們的使命和屍體約翰一樣
[00:53:20.200 --> 00:53:22.200]  神留我們在地上
[00:53:22.200 --> 00:53:26.200]  是叫我們為他作見證的
[00:53:26.200 --> 00:53:28.200]  第三
[00:53:28.200 --> 00:53:31.200]  我們看到屍體約翰的忠心和謙卑
[00:53:31.200 --> 00:53:35.200]  他的服侍是完全的謙卑
[00:53:35.200 --> 00:53:37.200]  他有很多機會
[00:53:37.200 --> 00:53:41.200]  可以奠定他的地位
[00:53:41.200 --> 00:53:46.200]  甚至可以承認他就是舊的聖經所指
[00:53:46.200 --> 00:53:48.200]  好像以利亞一樣
[00:53:48.200 --> 00:53:52.200]  但他從來沒有高舉自己
[00:53:52.200 --> 00:53:54.200]  他只是高舉主耶穌
[00:53:54.200 --> 00:53:56.200]  所以他的忠心
[00:53:56.200 --> 00:53:57.200]  他的謙卑
[00:53:57.200 --> 00:53:59.200]  他的服侍
[00:53:59.200 --> 00:54:05.200]  特別是我們在服侍主耶穌做的事
[00:54:05.200 --> 00:54:08.200]  我們千萬不要奪取主耶穌的榮耀
[00:54:08.200 --> 00:54:10.200]  這個很嚴重
[00:54:10.200 --> 00:54:14.200]  我們在別人面前服侍的時候
[00:54:14.200 --> 00:54:18.200]  很可能我們的事工有些成績
[00:54:18.200 --> 00:54:20.200]  人們可能很欣賞我們
[00:54:20.200 --> 00:54:22.200]  很可能會讚賞我們
[00:54:22.200 --> 00:54:28.200]  很可能會說我們怎樣怎樣怎樣
[00:54:28.200 --> 00:54:30.200]  在那個時候我們要特別小心
[00:54:30.200 --> 00:54:35.200]  人的稱讚是可以叫人有屬靈的驕傲
[00:54:35.200 --> 00:54:38.200]  如果我們奪取了神的榮耀
[00:54:38.200 --> 00:54:40.200]  這是一件很大的事情
[00:54:40.200 --> 00:54:42.200]  我們要時刻記住
[00:54:42.200 --> 00:54:45.200]  屍洗若寒那種謙卑
[00:54:45.200 --> 00:54:49.200]  D 我們的信心也會軟弱的
[00:54:49.200 --> 00:54:52.200]  偉大如屍洗若寒
[00:54:52.200 --> 00:54:54.200]  當他在困境那裡的時候
[00:54:54.200 --> 00:54:56.200]  當他想不通的時候
[00:54:56.200 --> 00:54:58.200]  他也有一個疑惑的
[00:54:58.200 --> 00:55:00.200]  為什麼我落在這樣的情況當中
[00:55:00.200 --> 00:55:02.200]  而主耶穌好像是不理
[00:55:02.200 --> 00:55:04.200]  或者不知道
[00:55:04.200 --> 00:55:06.200]  他明明是神的兒子
[00:55:06.200 --> 00:55:10.200]  難道我所介紹的有錯
[00:55:10.200 --> 00:55:12.200]  我所信的有錯
[00:55:12.200 --> 00:55:14.200]  我不知道大家信了主之後
[00:55:14.200 --> 00:55:18.200]  有沒有試過信心軟弱動搖的時候
[00:55:18.200 --> 00:55:20.200]  一定有的
[00:55:20.200 --> 00:55:24.200]  因為魔鬼會來叫我們的信心動搖的
[00:55:24.200 --> 00:55:29.200]  它會用各種的事物和情況
[00:55:29.200 --> 00:55:32.200]  來叫我們的信心軟弱的
[00:55:32.200 --> 00:55:34.200]  當我們信心軟弱的時候
[00:55:34.200 --> 00:55:36.200]  我們應該怎麼做呢
[00:55:36.200 --> 00:55:39.200]  我們可不可以來到神面前問他呢
[00:55:39.200 --> 00:55:42.200]  這道屍洗若寒值得我們學習的
[00:55:42.200 --> 00:55:44.200]  他信心軟弱
[00:55:44.200 --> 00:55:46.200]  他自己困在牢裡他不能出去
[00:55:46.200 --> 00:55:48.200]  他是找一個門徒
[00:55:48.200 --> 00:55:50.200]  去找耶穌
[00:55:50.200 --> 00:55:52.200]  來問耶穌
[00:55:52.200 --> 00:55:54.200]  我們是可以問神的
[00:55:54.200 --> 00:55:56.200]  我們不需要好像說
[00:55:56.200 --> 00:55:58.200]  神是高高在上
[00:55:58.200 --> 00:56:00.200]  我們是誰呢
[00:56:00.200 --> 00:56:02.200]  我怎麼敢來質問神呢
[00:56:02.200 --> 00:56:04.200]  我們不是質問神
[00:56:04.200 --> 00:56:06.200]  我們是可以有不明白的東西
[00:56:06.200 --> 00:56:08.200]  我們可以是來問神的
[00:56:08.200 --> 00:56:14.200]  主要是讓我們了解的
[00:56:14.200 --> 00:56:16.200]  是會回答我們的
[00:56:16.200 --> 00:56:18.200]  他未必立刻回答我們
[00:56:18.200 --> 00:56:22.200]  他未必是按我們所問的來回答我們
[00:56:22.200 --> 00:56:24.200]  正如他回答屍洗若寒
[00:56:24.200 --> 00:56:26.200]  他不是說Yes or No
[00:56:26.200 --> 00:56:28.200]  但是他的答案
[00:56:28.200 --> 00:56:30.200]  一定是會回答到我們心裡的問題
[00:56:30.200 --> 00:56:32.200]  所以我覺得我們可以
[00:56:32.200 --> 00:56:34.200]  學習屍洗若寒
[00:56:34.200 --> 00:56:36.200]  有軟弱的時候
[00:56:36.200 --> 00:56:38.200]  我們是坦然無懼的
[00:56:38.200 --> 00:56:40.200]  來到神面前
[00:56:40.200 --> 00:56:42.200]  甚至可以跟神說
[00:56:42.200 --> 00:56:44.200]  神下我的信心軟弱
[00:56:44.200 --> 00:56:46.200]  求你加添我的信心
[00:56:46.200 --> 00:56:48.200]  求神加添我們的信心
[00:56:48.200 --> 00:56:50.200]  這個也是合乎聖經的
[00:56:50.200 --> 00:56:52.200]  好了
[00:56:52.200 --> 00:56:54.200]  最後
[00:56:54.200 --> 00:56:56.200]  屍洗若寒那個一生
[00:56:56.200 --> 00:56:58.200]  是成功還是失敗
[00:56:58.200 --> 00:57:00.200]  當我帶著團友在若旦那裏
[00:57:00.200 --> 00:57:04.200]  若旦是很多舊若的景點在那裏
[00:57:04.200 --> 00:57:06.200]  去出埃及的時候
[00:57:06.200 --> 00:57:12.200]  又是走過若旦那裏的礦野
[00:57:12.200 --> 00:57:14.200]  今天很多礦野還是好像以前那樣
[00:57:14.200 --> 00:57:16.200]  是挨回了刀的
[00:57:16.200 --> 00:57:18.200]  走礦野
[00:57:18.200 --> 00:57:20.200]  我們不僅然想起摩西
[00:57:20.200 --> 00:57:22.200]  我們又會上到去
[00:57:22.200 --> 00:57:24.200]  那個山上面
[00:57:24.200 --> 00:57:26.200]  那個尼波山
[00:57:26.200 --> 00:57:28.200]  那個尼波山
[00:57:28.200 --> 00:57:30.200]  就是摩西最後神帶他上那個山
[00:57:30.200 --> 00:57:32.200]  他不能進加南地
[00:57:32.200 --> 00:57:34.200]  神在那個山上面
[00:57:34.200 --> 00:57:36.200]  讓他看入加南地,看入耶利哥
[00:57:36.200 --> 00:57:38.200]  那個也是在若旦的
[00:57:38.200 --> 00:57:40.200]  我在那個山頂很多次
[00:57:40.200 --> 00:57:42.200]  我們在那裏走的時候
[00:57:42.200 --> 00:57:44.200]  我們都會不僅然想起若旦
[00:57:44.200 --> 00:57:46.200]  想起摩西
[00:57:46.200 --> 00:57:48.200]  摩西又是
[00:57:48.200 --> 00:57:52.200]  40年帶領以色列人出埃及
[00:57:52.200 --> 00:57:54.200]  他自己反而進不去
[00:57:54.200 --> 00:57:56.200]  好像是他失敗那樣
[00:57:56.200 --> 00:57:58.200]  然後我們再繼續向前走的時候
[00:57:58.200 --> 00:58:00.200]  我們到若旦河
[00:58:00.200 --> 00:58:02.200]  我們到麥卡拉斯
[00:58:02.200 --> 00:58:06.200]  我們就會想起屍體約翰
[00:58:06.200 --> 00:58:08.200]  屍體約翰短短一生
[00:58:08.200 --> 00:58:12.200]  三十幾歲就被殺了
[00:58:12.200 --> 00:58:16.200]  他傳道大概只是一年左右
[00:58:16.200 --> 00:58:18.200]  他做的事情好像很少
[00:58:18.200 --> 00:58:20.200]  他只是幾個月的時間去介紹耶穌
[00:58:20.200 --> 00:58:22.200]  耶穌一出來已經不用他了
[00:58:22.200 --> 00:58:24.200]  人人都可以跟了耶穌
[00:58:24.200 --> 00:58:26.200]  再不提屍體約翰
[00:58:26.200 --> 00:58:30.200]  他的監裏一直都出不來
[00:58:30.200 --> 00:58:32.200]  你說他一生是成功還是失敗呢
[00:58:32.200 --> 00:58:34.200]  如果按人的眼光
[00:58:34.200 --> 00:58:36.200]  他真的沒什麼做得出來
[00:58:36.200 --> 00:58:38.200]  可以說他失敗
[00:58:38.200 --> 00:58:42.200]  但是其實在神的眼光當中
[00:58:42.200 --> 00:58:44.200]  耶穌都告訴我們
[00:58:44.200 --> 00:58:46.200]  他是比先知大得多了
[00:58:46.200 --> 00:58:48.200]  虎人所生的沒有一個大個子
[00:58:48.200 --> 00:58:52.200]  可見神看我們一生的成功和失敗
[00:58:52.200 --> 00:58:56.200]  就不是我們做了多少事情
[00:58:56.200 --> 00:58:58.200]  有些人做多點
[00:58:58.200 --> 00:59:00.200]  有些人做少點
[00:59:00.200 --> 00:59:02.200]  有些人長命一點
[00:59:02.200 --> 00:59:04.200]  有些人短命一點
[00:59:04.200 --> 00:59:06.200]  但神看我們
[00:59:06.200 --> 00:59:08.200]  在世上的時候
[00:59:08.200 --> 00:59:12.200]  有機會來為主工作的時候
[00:59:12.200 --> 00:59:14.200]  我們又沒有中心
[00:59:14.200 --> 00:59:16.200]  我們沒有中心
[00:59:16.200 --> 00:59:18.200]  我們有沒有謙卑
[00:59:18.200 --> 00:59:22.200]  我們有沒有努力的服侍
[00:59:22.200 --> 00:59:24.200]  那先知有看會不會有獎賞呢
[00:59:24.200 --> 00:59:26.200]  當然有獎賞
[00:59:26.200 --> 00:59:28.200]  最偉大的先知
[00:59:28.200 --> 00:59:30.200]  最偉大的人
[00:59:30.200 --> 00:59:32.200]  怎會將來沒有獎賞呢
[00:59:32.200 --> 00:59:34.200]  一定有獎賞
[00:59:34.200 --> 00:59:36.200]  我們來到福斯神
[00:59:36.200 --> 00:59:38.200]  一樣將來都有獎賞
[00:59:38.200 --> 00:59:40.200]  而且聖經告訴我們
[00:59:40.200 --> 00:59:44.200]  我們是會在基督的台前受到獎賞
[00:59:44.200 --> 00:59:48.200]  那是說工作的審判
[00:59:48.200 --> 00:59:52.200]  這個審判乃是由神的家開始
[00:59:52.200 --> 00:59:54.200]  即是說我們所有屬於神的人
[00:59:54.200 --> 00:59:58.200]  神會來看我們在地上的服侍
[00:59:58.200 --> 01:00:00.200]  在地上的工作
[01:00:00.200 --> 01:00:02.200]  這個審判的目的
[01:00:02.200 --> 01:00:04.200]  不是決定永生永死
[01:00:04.200 --> 01:00:06.200]  那個問題已經解決了
[01:00:06.200 --> 01:00:08.200]  乃是神要
[01:00:08.200 --> 01:00:12.200]  是關注我們的侍奉是否中心
[01:00:12.200 --> 01:00:14.200]  來到獎賞我們
[01:00:14.200 --> 01:00:16.200]  未必是看我們的成果
[01:00:16.200 --> 01:00:20.200]  未必是看我們帶了多少人信主數著
[01:00:20.200 --> 01:00:24.200]  誰多那個人的獎賞大一點
[01:00:24.200 --> 01:00:28.200]  但是看我們的心是否中心
[01:00:28.200 --> 01:00:32.200]  是否謙卑的來到福斯
[01:00:32.200 --> 01:00:34.200]  好了 今晚我們查到這裡
[01:00:34.200 --> 01:00:36.200]  希望我們對屍洗弱患的一生
[01:00:36.200 --> 01:00:38.200]  我們不單止是認識
[01:00:38.200 --> 01:00:40.200]  更加重要的就是
[01:00:40.200 --> 01:00:44.200]  讓屍洗弱患成為我們的榜樣
[01:00:44.200 --> 01:00:46.200]  我們低頭祈禱
[01:00:46.200 --> 01:00:48.200]  先父我們感謝你
[01:00:48.200 --> 01:00:50.200]  在短短的時間
[01:00:50.200 --> 01:00:52.200]  你讓我們看到屍洗弱患的一生
[01:00:52.200 --> 01:00:54.200]  感謝你
[01:00:54.200 --> 01:00:58.200]  你興起祂來為耶穌做先鋒
[01:00:58.200 --> 01:01:00.200]  這個舊約都是預言的
[01:01:00.200 --> 01:01:04.200]  祂做先鋒是先是預備人的心
[01:01:04.200 --> 01:01:06.200]  當祂來到的時候
[01:01:06.200 --> 01:01:08.200]  祂們的心已經預備好
[01:01:08.200 --> 01:01:12.200]  來接受耶穌的信息
[01:01:12.200 --> 01:01:14.200]  我們感謝你讓我們能夠清楚看到
[01:01:14.200 --> 01:01:16.200]  屍洗弱患是怎樣的一個人
[01:01:16.200 --> 01:01:20.200]  但是你說我們這一幫屬於天國的人
[01:01:20.200 --> 01:01:24.200]  我們都可以比屍洗弱患更大的
[01:01:24.200 --> 01:01:26.200]  我們是可以做給它更大的事的
[01:01:26.200 --> 01:01:30.200]  它只是做了幾個月的事工
[01:01:30.200 --> 01:01:34.200]  但是你讓我們在世上遠超過幾個月
[01:01:34.200 --> 01:01:36.200]  我們很多頂姊妹已經信了很多年了
[01:01:36.200 --> 01:01:38.200]  求主你提醒我們
[01:01:38.200 --> 01:01:42.200]  我們要努力用我們預下來的時間來服侍你
[01:01:42.200 --> 01:01:44.200]  就好像屍洗弱患一樣
[01:01:44.200 --> 01:01:48.200]  所有祂的時間所有祂的精力都是來服侍你
[01:01:48.200 --> 01:01:50.200]  我們感謝你
[01:01:50.200 --> 01:01:52.200]  讓我們能夠從祂的身上
[01:01:52.200 --> 01:01:54.200]  能夠學習功課
[01:01:54.200 --> 01:01:56.200]  求主你繼續向我們每一個人說話
[01:01:56.200 --> 01:01:58.200]  我們禱告鳳主耶穌基督明寇
[01:01:58.200 --> 01:02:00.200]  阿門
[01:02:00.200 --> 01:02:02.200]  鳳主耶穌基督明寇
[01:02:02.200 --> 01:02:04.200]  阿門
[01:02:04.200 --> 01:02:06.200]  鳳主耶穌基督明寇
[01:02:06.200 --> 01:02:08.200]  阿門
[01:02:08.200 --> 01:02:10.200]  鳳主耶穌基督明寇
[01:02:10.200 --> 01:02:12.200]  阿門
[01:02:12.200 --> 01:02:14.200]  鳳主耶穌基督明寇

