
[00:00:00.000 --> 00:00:05.000]  我們一定要討論病人和上帝的關係
[00:00:05.000 --> 00:00:08.000]  他一點都不抽象
[00:00:08.000 --> 00:00:12.000]  事實上人從來都不會像舊病復發的時候
[00:00:12.000 --> 00:00:15.000]  和上帝那麼接近
[00:00:15.000 --> 00:00:18.000]  不單止是人和上帝接近
[00:00:18.000 --> 00:00:22.000]  也是上帝和人最親近的時候
[00:00:22.000 --> 00:00:25.000]  所有患病又復發的人
[00:00:25.000 --> 00:00:29.000]  他都會經歷到那種無奈又無奈的情況
[00:00:29.000 --> 00:00:32.000]  無奈又無助的折磨
[00:00:32.000 --> 00:00:36.000]  不管你有沒有什麼仙丹妙藥
[00:00:36.000 --> 00:00:39.000]  或者最有權威的醫生
[00:00:39.000 --> 00:00:41.000]  給你診治
[00:00:41.000 --> 00:00:45.000]  你的病照樣惡化
[00:00:45.000 --> 00:00:47.000]  你有時就會問
[00:00:47.000 --> 00:00:53.000]  到底癌腫瘤是不是無所不在無所不能呢
[00:00:53.000 --> 00:00:59.000]  相信上帝就等於相信癌細胞不是終極的
[00:00:59.000 --> 00:01:03.000]  有一圍是比他更加有力量
[00:01:03.000 --> 00:01:07.000]  所有病人都需要有這一份信心
[00:01:07.000 --> 00:01:11.000]  否則就真的寸步難行
[00:01:11.000 --> 00:01:13.000]  我要在這裡和你分享
[00:01:13.000 --> 00:01:17.000]  就是怎樣不會怨天尤人
[00:01:17.000 --> 00:01:20.000]  怎樣和上帝和好
[00:01:20.000 --> 00:01:24.000]  好叫你有一個更大的信心和力量
[00:01:24.000 --> 00:01:27.000]  來應付前面的日子
[00:01:27.000 --> 00:01:39.000]  約翰福音第六章35至40節
[00:01:40.000 --> 00:01:45.000]  耶穌說:我就是生命的糧
[00:01:45.000 --> 00:01:49.000]  到我這裡來的必定不餓
[00:01:49.000 --> 00:01:52.000]  信我的永遠不寒
[00:01:52.000 --> 00:01:55.000]  只是我對你們說過
[00:01:55.000 --> 00:01:59.000]  你們已經看見我還是不信
[00:01:59.000 --> 00:02:04.000]  凡負所賜給我的人必到我這裡來
[00:02:04.000 --> 00:02:09.000]  到我這裡來的我總不掉氣他
[00:02:09.000 --> 00:02:12.000]  因為我從天上降下來
[00:02:12.000 --> 00:02:15.000]  不是要按自己的意思行
[00:02:15.000 --> 00:02:20.000]  乃是要按那差我來者的意思行
[00:02:20.000 --> 00:02:22.000]  差我來者的意思
[00:02:22.000 --> 00:02:25.000]  就是他所賜給我的
[00:02:25.000 --> 00:02:28.000]  叫我一個也不失落
[00:02:28.000 --> 00:02:31.000]  在末日卻叫他復活
[00:02:31.000 --> 00:02:34.000]  因為我父的意思
[00:02:34.000 --> 00:02:38.000]  是叫一切見子而信的人得永生
[00:02:38.000 --> 00:02:43.000]  並且在末日我要叫他復活
[00:02:43.000 --> 00:02:49.000]  哥林多侯書一章三至七節
[00:02:49.000 --> 00:02:55.000]  願眾讚歸於我們的主耶穌基督的父神
[00:02:55.000 --> 00:02:57.000]  就是發慈悲的父
[00:02:57.000 --> 00:03:00.000]  賜各樣安慰的神
[00:03:00.000 --> 00:03:02.000]  我們在一切患難中
[00:03:02.000 --> 00:03:04.000]  他就安慰我們
[00:03:04.000 --> 00:03:07.000]  叫我們能用神所賜的安慰
[00:03:07.000 --> 00:03:12.000]  去安慰那遭遇各樣患難的人
[00:03:12.000 --> 00:03:15.000]  我們既多受基督的輔助
[00:03:15.000 --> 00:03:18.000]  就靠基督多得安慰
[00:03:18.000 --> 00:03:20.000]  我們受患難
[00:03:20.000 --> 00:03:24.000]  是為叫你們得安慰得拯救
[00:03:24.000 --> 00:03:25.000]  我們得安慰
[00:03:25.000 --> 00:03:29.000]  也是為叫你們得安慰
[00:03:29.000 --> 00:03:32.000]  這安慰能叫你們忍受
[00:03:32.000 --> 00:03:35.000]  我們所受的那樣苦楚
[00:03:35.000 --> 00:03:40.000]  我們為你們所存的盼望是確定的
[00:03:40.000 --> 00:03:44.000]  因為知道你們既是同受苦楚
[00:03:44.000 --> 00:03:47.000]  也別同得安慰
[00:03:47.000 --> 00:04:13.000]  (音樂)
[00:04:13.000 --> 00:04:21.000]  我們要告知你在這道處
[00:04:21.000 --> 00:04:29.000]  因為你是我們的大解釋
[00:04:29.000 --> 00:04:42.000]  我們要告知你遠超過一切
[00:04:42.000 --> 00:04:58.000]  我們要來到你教前進百里
[00:04:58.000 --> 00:05:09.000]  我們要告知你在這道處
[00:05:09.000 --> 00:05:17.000]  因為你是我們的大解釋
[00:05:17.000 --> 00:05:33.000]  我們要告知你遠超過一切
[00:05:33.000 --> 00:05:49.000]  我們要來到你教前進百里
[00:05:49.000 --> 00:05:57.000]  我們要告知你在這道處
[00:05:57.000 --> 00:06:05.000]  因為你是我們的大解釋
[00:06:05.000 --> 00:06:21.000]  我們要告知你遠超過一切
[00:06:21.000 --> 00:06:40.000]  我們要來到你教前進百里
[00:06:40.000 --> 00:06:48.000]  我們要告知你在這道處
[00:06:48.000 --> 00:06:56.000]  因為你是我們的大解釋
[00:06:56.000 --> 00:07:12.000]  我們要告知你遠超過一切
[00:07:12.000 --> 00:07:28.000]  我們要來到你教前進百里
[00:07:28.000 --> 00:07:32.000]  (音樂)
[00:07:32.000 --> 00:07:37.000]  蒼天悠悠,獨我悠悠,
[00:07:37.000 --> 00:07:42.000]  一條由福和到得生的路。
[00:07:42.000 --> 00:07:44.000]  得知到救病復發,
[00:07:44.000 --> 00:07:48.000]  有些人就會埋怨上天不公平,
[00:07:48.000 --> 00:07:52.000]  甚至對神有怨恨。
[00:07:52.000 --> 00:07:57.000]  這些反應是完全可以理解的。
[00:07:57.000 --> 00:07:59.000]  不論是不是基督徒,
[00:07:59.000 --> 00:08:04.000]  我也不會阻止他向天揮拳抗議,
[00:08:04.000 --> 00:08:07.000]  但我一定會鼓勵他,
[00:08:07.000 --> 00:08:08.000]  抗議之餘,
[00:08:08.000 --> 00:08:11.000]  你一定要向前多走一步,
[00:08:11.000 --> 00:08:17.000]  不要只停留在發洩怨恨這種情緒階段,
[00:08:17.000 --> 00:08:21.000]  因為這個階段沒有什麼建設性。
[00:08:21.000 --> 00:08:24.000]  很多人的怨恨只屬於
[00:08:24.000 --> 00:08:28.000]  剛剛知道噩耗之後的初期反應,
[00:08:28.000 --> 00:08:29.000]  發洩過後,
[00:08:29.000 --> 00:08:32.000]  如果不能向前跨進一步,
[00:08:32.000 --> 00:08:35.000]  他就會消極、凝眠,
[00:08:35.000 --> 00:08:38.000]  而最終會放棄。
[00:08:38.000 --> 00:08:40.000]  向前跨進一步的意思就是
[00:08:40.000 --> 00:08:45.000]  你要和神,或是上天,或是上蒼,
[00:08:45.000 --> 00:08:47.000]  展開對話。
[00:08:47.000 --> 00:08:51.000]  如果你說這種對話是一種爭辯也不要緊,
[00:08:51.000 --> 00:08:54.000]  只要不是單方面的埋怨,
[00:08:54.000 --> 00:08:57.000]  或者是一種放棄式的那種的針默,
[00:08:57.000 --> 00:09:00.000]  那就行了。
[00:09:00.000 --> 00:09:04.000]  聖經其實滿了都是人和神爭辯的記錄,
[00:09:04.000 --> 00:09:07.000]  若白記是一個很好的例子。
[00:09:07.000 --> 00:09:14.000]  聖經也有神鼓勵人和他爭辯的教訓,
[00:09:14.000 --> 00:09:17.000]  以塞亞書一章二到三節,
[00:09:17.000 --> 00:09:20.000]  十八到二十節都是,
[00:09:20.000 --> 00:09:23.000]  能夠和神展開對話,
[00:09:23.000 --> 00:09:28.000]  這種人就是沒有被苦難剝奪了他的言語,
[00:09:28.000 --> 00:09:32.000]  不會成為一個無言的受苦者。
[00:09:32.000 --> 00:09:34.000]  這樣他和神的對話,
[00:09:34.000 --> 00:09:39.000]  就會帶來某種程度的誤通和心靈的平安。
[00:09:39.000 --> 00:09:45.000]  這種境界對痊癒是非常重要的。
[00:09:45.000 --> 00:09:49.000]  假如你問我為什麼需要神?
[00:09:49.000 --> 00:09:51.000]  那些不是基督徒的朋友,
[00:09:51.000 --> 00:09:54.000]  他或者會這樣懷疑的,
[00:09:54.000 --> 00:09:57.000]  他說我做所有這些功夫,
[00:09:57.000 --> 00:10:01.000]  無非都是想勸人信耶穌,
[00:10:01.000 --> 00:10:04.000]  只是為了這個目標。
[00:10:04.000 --> 00:10:06.000]  其實真實的情況不是這樣的,
[00:10:06.000 --> 00:10:10.000]  我的目的不是要勸你信耶穌,
[00:10:10.000 --> 00:10:13.000]  我只是叫你不要放手,
[00:10:13.000 --> 00:10:15.000]  不要放棄。
[00:10:15.000 --> 00:10:18.000]  因為很多人向天揮拳之後,
[00:10:18.000 --> 00:10:21.000]  他就接受自己一定死定了,
[00:10:21.000 --> 00:10:23.000]  是必死無疑了,
[00:10:23.000 --> 00:10:27.000]  因為他認為上天已經放棄了他。
[00:10:27.000 --> 00:10:32.000]  有些人向你申訴上天對他不公平的理由,
[00:10:32.000 --> 00:10:36.000]  你會發覺原來他其實說的,
[00:10:36.000 --> 00:10:40.000]  就是他不能夠接受自己的原因,
[00:10:40.000 --> 00:10:42.000]  他不能夠接受他的病,
[00:10:42.000 --> 00:10:45.000]  不能夠接受他的癌種。
[00:10:45.000 --> 00:10:47.000]  所以他放棄神的理由,
[00:10:47.000 --> 00:10:51.000]  其實就是他放棄自己的解釋。
[00:10:51.000 --> 00:10:55.000]  假如這些人能夠和神保持一種對話,
[00:10:55.000 --> 00:10:57.000]  或者辯論的關係,
[00:10:57.000 --> 00:11:01.000]  有一天,他或者能夠接受神,
[00:11:01.000 --> 00:11:04.000]  同時他也都開始能夠接受自己。
[00:11:04.000 --> 00:11:07.000]  一種深沉打擊之後,
[00:11:07.000 --> 00:11:09.000]  能夠和神復和,
[00:11:09.000 --> 00:11:14.000]  他就非常之可能會開展人生一個新的階段了。
[00:11:14.000 --> 00:11:17.000]  為什麼需要神?
[00:11:17.000 --> 00:11:21.000]  我們還有一個更加基本的理由,
[00:11:21.000 --> 00:11:24.000]  所有患上不智之症的人,
[00:11:24.000 --> 00:11:30.000]  他都會明白什麼叫做人的限制和無奈。
[00:11:30.000 --> 00:11:33.000]  而且,那些明白,
[00:11:33.000 --> 00:11:36.000]  還有一些很深切的體會。
[00:11:36.000 --> 00:11:41.000]  譬如說,假如你問和你施手術的醫生,
[00:11:41.000 --> 00:11:44.000]  你問他,是不是完全割曬了?
[00:11:44.000 --> 00:11:48.000]  連一粒的癌細胞都沒有走散,
[00:11:48.000 --> 00:11:51.000]  他不能夠向你保證。
[00:11:51.000 --> 00:11:55.000]  如果你問那個給你化癌藥的醫生,
[00:11:55.000 --> 00:11:59.000]  你問他,這麼辛苦,是不是一定有效?
[00:11:59.000 --> 00:12:02.000]  他只能夠苦笑搖頭。
[00:12:02.000 --> 00:12:07.000]  如果你問那個每天都要你睡在放射台上的技師,
[00:12:07.000 --> 00:12:12.000]  你說,我的正常器官都快要完全報銷沒用了,
[00:12:12.000 --> 00:12:15.000]  希望癌腫瘤都一樣了,是不是?
[00:12:15.000 --> 00:12:18.000]  他也只能夠搖頭。
[00:12:18.000 --> 00:12:20.000]  你能夠做什麼呢?
[00:12:20.000 --> 00:12:26.000]  你只會感受到一份很深沉的無奈和悲哀,
[00:12:26.000 --> 00:12:33.000]  是一種無法用言語表達的無奈和悲哀。
[00:12:33.000 --> 00:12:36.000]  你說,沒有神?
[00:12:36.000 --> 00:12:39.000]  或者說,你覺得可能有神,
[00:12:39.000 --> 00:12:42.000]  不過這個神是不公平的,
[00:12:42.000 --> 00:12:45.000]  所以你要放棄這個神。
[00:12:45.000 --> 00:12:47.000]  我想你想一想,
[00:12:47.000 --> 00:12:51.000]  放棄了這個神,你剩下了什麼呢?
[00:12:51.000 --> 00:12:59.000]  就只剩下你自己和那些好像無所不能、無所不在的癌細胞。
[00:12:59.000 --> 00:13:05.000]  你願不願意接受這種真正不公平的情況呢?
[00:13:05.000 --> 00:13:10.000]  接受神的意思,就是說你相信有一位,
[00:13:10.000 --> 00:13:13.000]  他是比癌細胞更加有力的,
[00:13:13.000 --> 00:13:16.000]  是更加有決定性的力量的。
[00:13:16.000 --> 00:13:23.000]  我們人本來就不能夠接受邪惡和反秩序的這種癌細胞,
[00:13:23.000 --> 00:13:26.000]  你不能夠接受他是終極的,
[00:13:26.000 --> 00:13:31.000]  就是說在他之上是沒有任何力量可以駕馭他的。
[00:13:31.000 --> 00:13:36.000]  這正是我們為什麼需要相信神的原因。
[00:13:36.000 --> 00:13:41.000]  我不管你信的是一個怎樣的神,是誰的神,
[00:13:41.000 --> 00:13:44.000]  我們都不管是否因為這樣的相信,
[00:13:44.000 --> 00:13:47.000]  我們最終就會得到醫治。
[00:13:47.000 --> 00:13:55.000]  不相信神,就只能夠相信一個無所不在、無所不能的癌腫瘤。
[00:13:55.000 --> 00:14:01.000]  所以我們現在來到一個正面的問題,
[00:14:01.000 --> 00:14:04.000]  就是怎樣可以重新得力?
[00:14:04.000 --> 00:14:10.000]  你不要整天都問一個很哲學的問題,
[00:14:10.000 --> 00:14:13.000]  就好像說為什麼是你呢?
[00:14:13.000 --> 00:14:17.000]  那麼多人,為什麼偏偏你得到這個病呢?
[00:14:17.000 --> 00:14:19.000]  這些這麼哲學性的問題,
[00:14:19.000 --> 00:14:24.000]  很少對腐爛裡面的人有任何的承載力。
[00:14:24.000 --> 00:14:29.000]  事實上,腐爛的人向上天申訴的問題,
[00:14:29.000 --> 00:14:37.000]  很少需要哲學家為我們去幫忙,或者找藉口。
[00:14:37.000 --> 00:14:41.000]  你試一下從一個很實在的角度來問,
[00:14:41.000 --> 00:14:46.000]  怎樣這種問題,你會發覺完全不同的了。
[00:14:46.000 --> 00:14:51.000]  譬如說,我怎樣度過今天?
[00:14:51.000 --> 00:14:56.000]  聖經說:你的日子如何,你的力量也必如何。
[00:14:56.000 --> 00:15:00.000]  《新命紀》33章第25節。
[00:15:00.000 --> 00:15:03.000]  那個道理其實跟我們中國人說,
[00:15:03.000 --> 00:15:08.000]  年關難過,年年過,是差不多的。
[00:15:08.000 --> 00:15:12.000]  原來當人在一個短距離裡面來看痛苦,
[00:15:12.000 --> 00:15:16.000]  他就常常會將痛苦放得很大。
[00:15:16.000 --> 00:15:20.000]  但是到你非經歷這種痛苦不可了,
[00:15:20.000 --> 00:15:24.000]  你心裡面反而比較容易坦然面對,
[00:15:24.000 --> 00:15:27.000]  從容走過。
[00:15:27.000 --> 00:15:33.000]  只要你在你的內心能夠常常保持一份安寧,
[00:15:33.000 --> 00:15:35.000]  你就可以這樣做了。
[00:15:35.000 --> 00:15:37.000]  這一份安寧,
[00:15:37.000 --> 00:15:41.000]  是不會因為我們人生經驗的累積比較多,
[00:15:41.000 --> 00:15:44.000]  於是我們就比較容易得到了。
[00:15:44.000 --> 00:15:48.000]  所以老人家不會因為他年紀老,經驗多,
[00:15:48.000 --> 00:15:54.000]  就比年輕人更容易經歷治療的痛苦。
[00:15:54.000 --> 00:15:57.000]  也不會因為人的哲學頭腦,
[00:15:57.000 --> 00:16:02.000]  他自然就會比較可以解決這些問題。
[00:16:02.000 --> 00:16:05.000]  事實上我們知道有很多哲學家,
[00:16:05.000 --> 00:16:08.000]  就因為他知道他解決不了,
[00:16:08.000 --> 00:16:14.000]  常常會在驚恐和尖叫下離世。
[00:16:14.000 --> 00:16:19.000]  如果我們因為人相信有一位比自己更大,
[00:16:19.000 --> 00:16:23.000]  比癌細胞更強的主宰,
[00:16:23.000 --> 00:16:27.000]  的確是在那裡。
[00:16:27.000 --> 00:16:32.000]  我們就不會被癌細胞威脅到,恐嚇到。
[00:16:32.000 --> 00:16:36.000]  這位主宰已經向人發出呼召,
[00:16:36.000 --> 00:16:38.000]  叫人去親近他,
[00:16:38.000 --> 00:16:41.000]  他會賜平安給我們。
[00:16:41.000 --> 00:16:46.000]  很多人嘗試過這條路,又有效,
[00:16:46.000 --> 00:16:50.000]  包括了販夫走卒或飽學之士。
[00:16:50.000 --> 00:16:56.000]  我覺得你應該慎重考慮這位主宰的邀請。
[00:16:56.000 --> 00:16:59.000]  人能夠相信上帝,
[00:16:59.000 --> 00:17:01.000]  他才可以相信自己,
[00:17:01.000 --> 00:17:02.000]  相信醫生,
[00:17:02.000 --> 00:17:05.000]  和不相信癌中瘤。
[00:17:05.000 --> 00:17:11.000]  這樣你才能得到那種安詳和力量。
[00:17:11.000 --> 00:17:14.000]  但在這時候,你要特別小心,
[00:17:14.000 --> 00:17:19.000]  特別是那些讀過幾個前陽書的人,
[00:17:19.000 --> 00:17:23.000]  他很容易略為得到心靈的平安,
[00:17:23.000 --> 00:17:28.000]  他就會為這種得平安的經驗來解構,
[00:17:28.000 --> 00:17:32.000]  他會嘗試用各種辦法和原因,
[00:17:32.000 --> 00:17:37.000]  將這種經驗解釋掉,
[00:17:37.000 --> 00:17:39.000]  完全解除。
[00:17:39.000 --> 00:17:43.000]  即是我們英文所謂的explain it away,
[00:17:43.000 --> 00:17:46.000]  他說:這不過是一種心理作用,
[00:17:46.000 --> 00:17:50.000]  他甚至會說:這是自我欺騙的伎倆。
[00:17:50.000 --> 00:17:54.000]  一個深明白心理的精神學家,
[00:17:54.000 --> 00:17:56.000]  就是容格、靠用,
[00:17:56.000 --> 00:18:01.000]  他在這方面有些意見非常有動見,
[00:18:01.000 --> 00:18:06.000]  我可以將他這種說話略略地告訴你。
[00:18:06.000 --> 00:18:10.000]  他說:就算你的經驗只不過是一個幻覺,
[00:18:10.000 --> 00:18:13.000]  你也要知道它是一種真的幻覺,
[00:18:13.000 --> 00:18:16.000]  因為它是叫你得到幫助。
[00:18:16.000 --> 00:18:20.000]  一個真實的幻覺和一個真正的宗教醫療,
[00:18:20.000 --> 00:18:23.000]  其實是沒有什麼分別的。
[00:18:23.000 --> 00:18:27.000]  最重要的是它能夠使你活下去,
[00:18:27.000 --> 00:18:29.000]  這就是最重要的。
[00:18:29.000 --> 00:18:32.000]  還有,我們沒有人完全知道
[00:18:32.000 --> 00:18:36.000]  至高者這位上帝是怎樣的,
[00:18:36.000 --> 00:18:40.000]  我們都是本於自己的經驗來接受。
[00:18:40.000 --> 00:18:43.000]  如果這種經驗能夠使你的生命更健康,
[00:18:43.000 --> 00:18:46.000]  更美麗,更完整,
[00:18:46.000 --> 00:18:50.000]  更令你自己和你所愛的人滿意,
[00:18:50.000 --> 00:18:53.000]  那你可以很安全地說:
[00:18:53.000 --> 00:18:57.000]  這就是神給我的恩典。
[00:18:57.000 --> 00:18:59.000]  在這個時候,
[00:18:59.000 --> 00:19:04.000]  你就要將那些懷疑的聲音置諸腦後了。
[00:19:04.000 --> 00:19:09.000]  沒錯,能夠在一個不完美的世界和殘破的身軀
[00:19:09.000 --> 00:19:12.000]  找到一種平靜安穩的能力,
[00:19:12.000 --> 00:19:17.000]  這正是醫治的源頭,復原的第一步。
[00:19:17.000 --> 00:19:22.000]  朋友,我誠心為你祈求上帝,
[00:19:22.000 --> 00:19:27.000]  讓你能夠早點蜜藥,脫離病魔的纏繞。
[00:19:27.000 --> 00:19:29.000]  而且我更加求神,
[00:19:29.000 --> 00:19:32.000]  可以讓你能夠用你這次的經驗
[00:19:32.000 --> 00:19:39.000]  去幫助身邊是喊於病魔折磨的那些病人。
[00:19:40.000 --> 00:19:46.000]  我們要告知你在指導中,
[00:19:46.000 --> 00:19:53.000]  因為你是我們的大解釋。
[00:19:53.000 --> 00:20:02.000]  我們要告知你遠超過了,
[00:20:02.000 --> 00:20:12.000]  告知你遠超過以前。
[00:20:12.000 --> 00:20:28.000]  我們要來到你腳尖近百米,
[00:20:28.000 --> 00:20:38.000]  我們要告知你在指導中,
[00:20:38.000 --> 00:20:46.000]  因為你是我們的大解釋。
[00:20:46.000 --> 00:21:02.000]  我們要告知你遠超過了,
[00:21:02.000 --> 00:21:18.000]  我們要來到你腳尖近百米,
[00:21:18.000 --> 00:21:26.000]  我們要告知你在指導中,
[00:21:26.000 --> 00:21:35.000]  因為你是我們的大解釋。
[00:21:35.000 --> 00:21:48.000]  我們要告知你遠超過以前。
[00:21:48.000 --> 00:22:08.000]  我們要來到你腳尖近百米,
[00:22:08.000 --> 00:22:18.000]  我們要告知你在指導中,
[00:22:18.000 --> 00:22:26.000]  因為你是我們的大解釋。
[00:22:26.000 --> 00:22:42.000]  我們要告知你遠超過以前。
[00:22:42.000 --> 00:22:58.000]  我們要來到你腳尖近百米。
[00:22:58.000 --> 00:23:08.000]  我們要告知你遠超過以前。
[00:23:08.000 --> 00:23:18.000]  我們要告知你遠超過以前。
[00:23:18.000 --> 00:23:28.000]  我們要告知你遠超過以前。
[00:23:28.000 --> 00:23:38.000]  我們要告知你遠超過以前。
[00:23:38.000 --> 00:23:48.000]  我們要告知你遠超過以前。
[00:23:48.000 --> 00:23:58.000]  我們要告知你遠超過以前。
[00:23:58.000 --> 00:24:08.000]  我們要告知你遠超過以前。
[00:24:08.000 --> 00:24:18.000]  我們要告知你遠超過以前。
[00:24:18.000 --> 00:24:28.000]  我們要告知你遠超過以前。
[00:24:28.000 --> 00:24:38.000]  我們要告知你遠超過以前。
[00:24:38.000 --> 00:24:48.000]  我們要告知你遠超過以前。
[00:24:48.000 --> 00:24:58.000]  我們要告知你遠超過以前。
[00:24:58.000 --> 00:25:08.000]  我們要告知你遠超過以前。
[00:25:08.000 --> 00:25:18.000]  我們要告知你遠超過以前。
[00:25:18.000 --> 00:25:28.000]  我們要告知你遠超過以前。
[00:25:28.000 --> 00:25:38.000]  我們要告知你遠超過以前。
[00:25:38.000 --> 00:25:48.000]  我們要告知你遠超過以前。
[00:25:48.000 --> 00:25:58.000]  我們要告知你遠超過以前。
[00:25:58.000 --> 00:26:08.000]  我們要告知你遠超過以前。
[00:26:08.000 --> 00:26:18.000]  我們要告知你遠超過以前。
[00:26:18.000 --> 00:26:28.000]  我們要告知你遠超過以前。
[00:26:28.000 --> 00:26:38.000]  我們要告知你遠超過以前。
[00:26:38.000 --> 00:26:48.000]  我們要告知你遠超過以前。
[00:26:48.000 --> 00:26:58.000]  我們要告知你遠超過以前。
[00:26:58.000 --> 00:27:08.000]  我們要告知你遠超過以前。
[00:27:08.000 --> 00:27:18.000]  我們要告知你遠超過以前。
[00:27:18.000 --> 00:27:28.000]  我們要告知你遠超過以前。
[00:27:28.000 --> 00:27:38.000]  我們要告知你遠超過以前。
[00:27:38.000 --> 00:27:48.000]  我們要告知你遠超過以前。
[00:27:48.000 --> 00:27:58.000]  我們要告知你遠超過以前。
[00:27:58.000 --> 00:28:08.000]  我們要告知你遠超過以前。
[00:28:08.000 --> 00:28:18.000]  我們要告知你遠超過以前。
[00:28:18.000 --> 00:28:28.000]  我們要告知你遠超過以前。
[00:28:28.000 --> 00:28:38.000]  我們要告知你遠超過以前。
[00:28:38.000 --> 00:28:48.000]  我們要告知你遠超過以前。
[00:28:48.000 --> 00:28:58.000]  我們要告知你遠超過以前。
[00:28:58.000 --> 00:29:08.000]  我們要告知你遠超過以前。
[00:29:08.000 --> 00:29:18.000]  我們要告知你遠超過以前。
[00:29:18.000 --> 00:29:28.000]  我們要告知你遠超過以前。
[00:29:28.000 --> 00:29:38.000]  我們要告知你遠超過以前。
[00:29:38.000 --> 00:29:48.000]  我們要告知你遠超過以前。
[00:29:48.000 --> 00:29:58.000]  我們要告知你遠超過以前。
[00:29:58.000 --> 00:30:08.000]  我們要告知你遠超過以前。
[00:30:08.000 --> 00:30:18.000]  我們要告知你遠超過以前。
[00:30:18.000 --> 00:30:28.000]  我們要告知你遠超過以前。
[00:30:28.000 --> 00:30:38.000]  我們要告知你遠超過以前。
[00:30:38.000 --> 00:30:48.000]  我們要告知你遠超過以前。
[00:30:48.000 --> 00:30:58.000]  我們要告知你遠超過以前。
[00:30:58.000 --> 00:31:08.000]  我們要告知你遠超過以前。
[00:31:08.000 --> 00:31:18.000]  我們要告知你遠超過以前。
[00:31:18.000 --> 00:31:28.000]  我們要告知你遠超過以前。
[00:31:28.000 --> 00:31:38.000]  我們要告知你遠超過以前。
[00:31:38.000 --> 00:31:48.000]  我們要告知你遠超過以前。
[00:31:48.000 --> 00:31:58.000]  我們要告知你遠超過以前。
[00:31:58.000 --> 00:32:08.000]  我們要告知你遠超過以前。
[00:32:08.000 --> 00:32:18.000]  我們要告知你遠超過以前。
[00:32:18.000 --> 00:32:28.000]  我們要告知你遠超過以前。
[00:32:28.000 --> 00:32:38.000]  我們要告知你遠超過以前。
[00:32:38.000 --> 00:32:48.000]  我們要告知你遠超過以前。
[00:32:48.000 --> 00:32:58.000]  我們要告知你遠超過以前。
[00:32:58.000 --> 00:33:08.000]  我們要告知你遠超過以前。
[00:33:08.000 --> 00:33:18.000]  我們要告知你遠超過以前。
[00:33:18.000 --> 00:33:28.000]  我們要告知你遠超過以前。
[00:33:28.000 --> 00:33:38.000]  我們要告知你遠超過以前。
[00:33:38.000 --> 00:33:48.000]  我們要告知你遠超過以前。
[00:33:48.000 --> 00:33:58.000]  我們要告知你遠超過以前。
[00:33:58.000 --> 00:34:08.000]  我們要告知你遠超過以前。
[00:34:08.000 --> 00:34:18.000]  我們要告知你遠超過以前。
[00:34:18.000 --> 00:34:28.000]  我們要告知你遠超過以前。
[00:34:28.000 --> 00:34:38.000]  我們要告知你遠超過以前。
[00:34:38.000 --> 00:34:48.000]  我們要告知你遠超過以前。
[00:34:48.000 --> 00:34:58.000]  我們要告知你遠超過以前。
[00:34:58.000 --> 00:35:08.000]  我們要告知你遠超過以前。
[00:35:08.000 --> 00:35:18.000]  我們要告知你遠超過以前。
[00:35:18.000 --> 00:35:28.000]  我們要告知你遠超過以前。
[00:35:28.000 --> 00:35:38.000]  我們要告知你遠超過以前。
[00:35:38.000 --> 00:35:48.000]  我們要告知你遠超過以前。
[00:35:48.000 --> 00:35:58.000]  我們要告知你遠超過以前。
[00:35:58.000 --> 00:36:08.000]  我們要告知你遠超過以前。
[00:36:08.000 --> 00:36:18.000]  我們要告知你遠超過以前。
[00:36:18.000 --> 00:36:28.000]  我們要告知你遠超過以前。
[00:36:28.000 --> 00:36:38.000]  我們要告知你遠超過以前。
[00:36:38.000 --> 00:36:48.000]  我們要告知你遠超過以前。
[00:36:48.000 --> 00:36:58.000]  我們要告知你遠超過以前。
[00:36:58.000 --> 00:37:08.000]  我們要告知你遠超過以前。
[00:37:08.000 --> 00:37:18.000]  我們要告知你遠超過以前。
[00:37:18.000 --> 00:37:28.000]  我們要告知你遠超過以前。
[00:37:28.000 --> 00:37:38.000]  我們要告知你遠超過以前。
[00:37:38.000 --> 00:37:48.000]  我們要告知你遠超過以前。
[00:37:48.000 --> 00:37:58.000]  我們要告知你遠超過以前。
[00:37:58.000 --> 00:38:08.000]  信仰是用來承載生命,而不是用來解釋生命。
[00:38:08.000 --> 00:38:18.000]  信仰是用來承載生命,而不是用來解釋生命。
[00:38:18.000 --> 00:38:28.000]  信仰是用來承載生命,而不是用來解釋生命。
[00:38:28.000 --> 00:38:38.000]  信仰是用來承載生命,而不是用來解釋生命。
[00:38:38.000 --> 00:38:48.000]  到底什麼是信仰能帶來的豐盛的生命呢?
[00:38:48.000 --> 00:38:58.000]  有人問我為什麼在病中可以這麼樂觀呢?
[00:38:58.000 --> 00:39:08.000]  因為病毒是由人類生長的,不能將病毒拉下來。
[00:39:08.000 --> 00:39:18.000]  在我現在的情況下,神是我的主,岩腫瘤卻絕對不是我的主。
[00:39:18.000 --> 00:39:28.000]  神是我的主,岩腫瘤卻絕對不是我的主。
[00:39:28.000 --> 00:39:38.000]  神是我的主,岩腫瘤卻絕對不是我的主。
[00:39:38.000 --> 00:39:48.000]  我們不需要害怕任何勢力,也不需要向岩腫瘤下拜,求祂放我們一條生路。
[00:39:48.000 --> 00:39:58.000]  事實上,神的生命已經戰勝了撒旦的死亡。
[00:39:58.000 --> 00:40:08.000]  撒旦從來不能擁有我,就像保羅所說的,無論生或死,我們都是主的人。
[00:40:08.000 --> 00:40:13.000]  這就是生命的尊嚴和高貴。
[00:40:13.000 --> 00:40:18.000]  為什麼我們說岩腫瘤是一種反創造呢?
[00:40:18.000 --> 00:40:23.000]  而神醫治又是什麼意思呢?
[00:40:23.000 --> 00:40:38.000]  神的邊界很圓滑,很有秩序,功能確定,讓整個身體有好處。
[00:40:38.000 --> 00:40:49.000]  但是岩細胞剛剛相反,在顯微鏡下,神的樣子是惡形惡狀,邊界完全沒有任何規則。
[00:40:49.000 --> 00:41:02.000]  而神的功能就是要侵蝕鄰近的細胞,讓它得到無限制的發展,也就是為身體帶來死亡。
[00:41:02.000 --> 00:41:07.000]  這和上帝的創造完全相反。
[00:41:07.000 --> 00:41:18.000]  有人說,既然如此,那上帝是否應該凡看到岩細胞出現,就立刻行神蹟,將它打敗?
[00:41:18.000 --> 00:41:26.000]  人就可以藉著這些神蹟歌頌,表揚上帝的生命力量,那不就更加好?
[00:41:26.000 --> 00:41:33.000]  我們要感謝主,因為有很多事件,很多人身上,他的確是這樣做了。
[00:41:33.000 --> 00:41:36.000]  我們見過,我們也聽過。
[00:41:36.000 --> 00:41:43.000]  但是今天撒旦豈不是同樣地指責我們,好像他昔日指責約伯一樣?
[00:41:43.000 --> 00:41:49.000]  他對神說,這個人,他敬畏你,難道沒有原因嗎?
[00:41:49.000 --> 00:41:56.000]  你怕痛又怕死,他怕痛又怕死,你就四面圍上尼巴來保護他。
[00:41:56.000 --> 00:42:02.000]  你以為他真的相信和俯伏敬拜你是神嗎?
[00:42:02.000 --> 00:42:06.000]  他只不過是看你是依治和保護他。
[00:42:06.000 --> 00:42:13.000]  你試試,你如果伸手毀掉他一切,他一定會當面棄掉你。
[00:42:13.000 --> 00:42:24.000]  所以神不依治,仍然信他和愛他,就等於為他的命向撒旦誇聖了。
[00:42:24.000 --> 00:42:29.000]  你以為上帝會否忘記這樣的人?
[00:42:29.000 --> 00:42:38.000]  依治是上帝的決定,但是我們有責任,無論他依還是不依,
[00:42:38.000 --> 00:42:50.000]  上帝的命都要受讚美,因為至終得勝的是上帝,而失敗的是撒旦。
[00:42:50.000 --> 00:42:57.000]  所以下來就是一個問題,我們怎樣可以打贏這場肅寧的戰爭?
[00:42:57.000 --> 00:43:05.000]  請你記住,撒旦不是我們以為的無所不能,無所不知的聰明。
[00:43:05.000 --> 00:43:09.000]  其實他對付人一直只有兩道板斧,
[00:43:09.000 --> 00:43:16.000]  那兩道板斧可以簡單來說就是威逼法和利誘法。
[00:43:16.000 --> 00:43:20.000]  利誘法就是你沒有的,他又說要給你;
[00:43:20.000 --> 00:43:26.000]  威逼法就是你有的,他威脅又要把你奪去,讓你沒有。
[00:43:26.000 --> 00:43:29.000]  他對付我們人一直都是用這兩種辦法。
[00:43:29.000 --> 00:43:35.000]  首先第一,就好像我開頭所說的神學立場一樣,
[00:43:35.000 --> 00:43:42.000]  你要去肯定世界和其上一切都是神做的,
[00:43:42.000 --> 00:43:50.000]  只有神能賜予撒旦絕對無權允許我這些又說要給我那些,
[00:43:50.000 --> 00:43:55.000]  所有他能給我的都是偷竊回來的。
[00:43:55.000 --> 00:43:58.000]  換句話說,都是賊贓來的,
[00:43:58.000 --> 00:44:02.000]  我不會肯接受賊贓的。
[00:44:02.000 --> 00:44:07.000]  這個就是你應付他的利誘法的辦法。
[00:44:07.000 --> 00:44:15.000]  你要相信所有能給你的都是由上帝而來的,不是由撒旦而來的。
[00:44:15.000 --> 00:44:19.000]  那你怎樣去應付他的威逼法呢?
[00:44:19.000 --> 00:44:24.000]  就是他說你如果不跟從我,不信服我,不向我下拜,
[00:44:24.000 --> 00:44:27.000]  你有的我都要搶奪過去。
[00:44:27.000 --> 00:44:33.000]  我的方法很簡單,就是不以得失來論成敗,
[00:44:33.000 --> 00:44:39.000]  不以擁有什麼或做什麼來界定自己的身份。
[00:44:39.000 --> 00:44:42.000]  What you have, what you do,
[00:44:42.000 --> 00:44:46.000]  這個和我的價值,我的身份完全沒有關係的。
[00:44:46.000 --> 00:44:52.000]  他可以剝奪我這樣那樣,但他不能夠剝奪我這個身份。
[00:44:52.000 --> 00:44:56.000]  有時我們真的要聰明一點,Smart一點。
[00:44:56.000 --> 00:44:59.000]  你試下可不可以這樣?
[00:44:59.000 --> 00:45:01.000]  有時我擁有這樣東西那樣東西,
[00:45:01.000 --> 00:45:04.000]  我們就為了我們能夠擁有感謝上帝。
[00:45:04.000 --> 00:45:08.000]  假如這樣東西突然間不見了,被人弄壞了,
[00:45:08.000 --> 00:45:11.000]  或者被人偷了,被人搶了,那怎麼辦?
[00:45:11.000 --> 00:45:19.000]  你就當你擁有的時候是上帝暫時託管給你,借給你。
[00:45:19.000 --> 00:45:24.000]  有一天你要還的,就好像你在圖書館寫一本書,
[00:45:24.000 --> 00:45:28.000]  你要還的,到期你要還這本書。
[00:45:28.000 --> 00:45:32.000]  你就當你失去的那些,就像這本書到期了,
[00:45:32.000 --> 00:45:37.000]  還給那個館長一樣,不需要那麼執著。
[00:45:37.000 --> 00:45:43.000]  你只要不執著這種暫時的眼前的得失,
[00:45:43.000 --> 00:45:48.000]  你就絕對可以不承認撒旦有權剝奪你。
[00:45:48.000 --> 00:45:52.000]  這個就是應付他的威逼法。
[00:45:52.000 --> 00:45:59.000]  我們應付了撒旦,我們對神都要有一個很正面的態度。
[00:45:59.000 --> 00:46:04.000]  這個就是我們聖經或者我們信徒常常說的信心。
[00:46:04.000 --> 00:46:07.000]  信心是什麼意思?
[00:46:07.000 --> 00:46:11.000]  我覺得聖經裡面解信心最好就是哈巴谷書。
[00:46:11.000 --> 00:46:17.000]  我們常常都以為信心是一個獲利的門徑,
[00:46:17.000 --> 00:46:22.000]  你因為信,所以神就給你這樣,給你那樣,搞錯了。
[00:46:22.000 --> 00:46:27.000]  我們人生實際的經驗是常常都沒有這樣,沒有那樣。
[00:46:27.000 --> 00:46:32.000]  信心不是滿足你的私慾一個籌碼。
[00:46:32.000 --> 00:46:35.000]  哈巴谷怎樣講到信心呢?
[00:46:35.000 --> 00:46:40.000]  他說就算牛棚沒有牛,羊圈裡沒有羊,
[00:46:40.000 --> 00:46:44.000]  橄欖樹不效力,葡萄樹不發黃,
[00:46:44.000 --> 00:46:51.000]  就算什麼都沒有了,我仍要以救我的主,我的神為樂。
[00:46:51.000 --> 00:46:53.000]  這個就是信心。
[00:46:53.000 --> 00:46:57.000]  信心的意思就是說,不是因為有這樣那樣,
[00:46:57.000 --> 00:47:00.000]  Not because of this and that,
[00:47:00.000 --> 00:47:03.000]  而是說就算沒有這樣那樣,
[00:47:03.000 --> 00:47:06.000]  In spite of this and that,
[00:47:06.000 --> 00:47:13.000]  就算沒有這些,我仍然要以救我的主,我的神為樂。
[00:47:13.000 --> 00:47:15.000]  這個就是信。
[00:47:15.000 --> 00:47:18.000]  我問你,如果你能夠這樣看,
[00:47:18.000 --> 00:47:22.000]  撒旦還有什麼辦法可以對付你?
[00:47:22.000 --> 00:47:34.000]  有一個禱告,我想和你一起去做。
[00:47:34.000 --> 00:47:40.000]  我希望這個禱告,一個我稱為苦杯的禱告,
[00:47:40.000 --> 00:47:45.000]  能夠承載我們今天身受的痛苦,
[00:47:45.000 --> 00:47:51.000]  和我們好像覺得無奈無助的那個境況。
[00:47:51.000 --> 00:47:56.000]  我上帝,我實在是痛苦到不得了,
[00:47:56.000 --> 00:47:59.000]  我感覺到孤立、疼痛,
[00:47:59.000 --> 00:48:02.000]  連最好的朋友都不能夠了解我,
[00:48:02.000 --> 00:48:06.000]  我甚至覺得我自己成了一個廢物,
[00:48:06.000 --> 00:48:10.000]  在其他人的重擔,是一個完全失敗的人。
[00:48:10.000 --> 00:48:15.000]  求你醫治我,使我可以回復以往那種健壯,
[00:48:15.000 --> 00:48:18.000]  因為實際上有太多的事,
[00:48:18.000 --> 00:48:23.000]  是必須一個健康的身體才能夠為你使用的。
[00:48:23.000 --> 00:48:27.000]  你的愛子耶穌在他生涯最高峰的時候,
[00:48:27.000 --> 00:48:30.000]  33歲的金色蓮華,
[00:48:30.000 --> 00:48:34.000]  他其實還可以繼續在這裡醫病、趕鬼、
[00:48:34.000 --> 00:48:37.000]  洗盲的看到、聾的聽見、死人復活,
[00:48:37.000 --> 00:48:42.000]  他還可以用他的精壯之蓮傳天國的福音,
[00:48:42.000 --> 00:48:45.000]  但是他死了,
[00:48:45.000 --> 00:48:49.000]  正因為他必須繼續不斷地付出他的愛,
[00:48:49.000 --> 00:48:53.000]  使得他付出了自終生命的代價,
[00:48:53.000 --> 00:48:56.000]  是這樣的付出,
[00:48:56.000 --> 00:49:00.000]  表達到那種極地的愛,那種流露。
[00:49:00.000 --> 00:49:03.000]  耶穌基督曾經這樣禱告說:
[00:49:03.000 --> 00:49:06.000]  「願者撫杯離開我。」
[00:49:06.000 --> 00:49:09.000]  當他在赫西瑪利園祈禱的時候,
[00:49:09.000 --> 00:49:13.000]  憂傷和畏懼完全沒有消失,
[00:49:13.000 --> 00:49:16.000]  但是在愛裡面,
[00:49:16.000 --> 00:49:21.000]  他看到了你的能力是足以幫助他勝過苦難的,
[00:49:21.000 --> 00:49:24.000]  所以他救贖了世人。
[00:49:24.000 --> 00:49:27.000]  當他雙手雙腳被釘在十字架上,
[00:49:27.000 --> 00:49:30.000]  最孤獨無助的時候,
[00:49:30.000 --> 00:49:33.000]  他的肉體因為疼痛而癱瘓,
[00:49:33.000 --> 00:49:36.000]  但是因著他對你和對世人的愛,
[00:49:36.000 --> 00:49:39.000]  加上了你那個能力的奉庇,
[00:49:39.000 --> 00:49:42.000]  他能夠勝過這一切。
[00:49:42.000 --> 00:49:45.000]  你知道什麼事對我有益,
[00:49:45.000 --> 00:49:48.000]  如果我像約伯那樣可以恢復健康,
[00:49:48.000 --> 00:49:50.000]  在病癒之後,
[00:49:50.000 --> 00:49:53.000]  或者我能夠在很多方面可以服侍你,
[00:49:53.000 --> 00:49:58.000]  但也可以是因為過去身體的那些忙碌,
[00:49:58.000 --> 00:50:01.000]  有一些其他的因次被我忽略了,
[00:50:01.000 --> 00:50:04.000]  或者我會因為這樣,
[00:50:04.000 --> 00:50:07.000]  而日後我會變得更加有愛心,
[00:50:07.000 --> 00:50:10.000]  或者,或者這些,或者那些。
[00:50:10.000 --> 00:50:13.000]  其實你都知道所有的答案,
[00:50:13.000 --> 00:50:15.000]  你是豐盛的,
[00:50:15.000 --> 00:50:18.000]  你一定會賜給我足夠的能力,
[00:50:18.000 --> 00:50:23.000]  幫助我付出愛,並且能夠接受愛。
[00:50:23.000 --> 00:50:25.000]  耶穌來到世上,
[00:50:25.000 --> 00:50:28.000]  他分擔我們生命的勞苦,
[00:50:28.000 --> 00:50:31.000]  好讓我們能夠分擔到,
[00:50:31.000 --> 00:50:33.000]  分享到他的生命,
[00:50:33.000 --> 00:50:35.000]  他的歡厚,
[00:50:35.000 --> 00:50:38.000]  包括了他在赫西瑪利園的那個禱告,
[00:50:38.000 --> 00:50:41.000]  他說:父啊,
[00:50:41.000 --> 00:50:44.000]  若這杯不能離開我,
[00:50:44.000 --> 00:50:46.000]  求你賜我力量,
[00:50:46.000 --> 00:50:48.000]  去飲這個苦杯。
[00:50:48.000 --> 00:50:52.000]  我們的禱告是奉耶穌基督的名字,
[00:50:52.000 --> 00:50:54.000]  阿們。
[00:51:05.000 --> 00:51:08.000]  我們整個的系列,
[00:51:08.000 --> 00:51:10.000]  再戰的系列,
[00:51:10.000 --> 00:51:12.000]  來到完結了。
[00:51:12.000 --> 00:51:14.000]  讓我用一個小的問題,
[00:51:14.000 --> 00:51:18.000]  來做整個系列的一個結語。
[00:51:18.000 --> 00:51:21.000]  我那個小的問題,
[00:51:21.000 --> 00:51:24.000]  就是坦然面對生死。
[00:51:24.000 --> 00:51:27.000]  我們很害怕討論生死的問題,
[00:51:27.000 --> 00:51:31.000]  但是生和死都是這麼具體,
[00:51:31.000 --> 00:51:33.000]  又是必然的。
[00:51:33.000 --> 00:51:35.000]  事實上是無人可躲,
[00:51:35.000 --> 00:51:37.000]  也都無法可闖的。
[00:51:37.000 --> 00:51:40.000]  不過因為我們怕他,
[00:51:40.000 --> 00:51:42.000]  所以當他臨到的時候,
[00:51:42.000 --> 00:51:44.000]  我們就手忙腳亂,
[00:51:44.000 --> 00:51:46.000]  失魂莫魄了。
[00:51:46.000 --> 00:51:47.000]  這種情況,
[00:51:47.000 --> 00:51:50.000]  不單止是那些飽讀詩書的,
[00:51:50.000 --> 00:51:52.000]  也都是那些販夫走卒。
[00:51:52.000 --> 00:51:56.000]  無論是貧,是富,是智,是愚,
[00:51:56.000 --> 00:51:58.000]  都沒有分別的。
[00:51:58.000 --> 00:52:01.000]  假如死亡是必然的事,
[00:52:01.000 --> 00:52:03.000]  能夠坦然面對死亡,
[00:52:03.000 --> 00:52:05.000]  是不是應該的,
[00:52:05.000 --> 00:52:07.000]  也都是有益的呢?
[00:52:07.000 --> 00:52:09.000]  我就想用這方面的思想,
[00:52:09.000 --> 00:52:14.000]  來去做這個系列的一個結語。
[00:52:14.000 --> 00:52:16.000]  很久之前,
[00:52:16.000 --> 00:52:19.000]  華人社會非常之認識,
[00:52:19.000 --> 00:52:21.000]  又敬佩的一位老藝人,
[00:52:21.000 --> 00:52:22.000]  關特卿,
[00:52:22.000 --> 00:52:25.000]  因為患了癌症,
[00:52:25.000 --> 00:52:27.000]  他過去了。
[00:52:27.000 --> 00:52:29.000]  陪著他的,
[00:52:29.000 --> 00:52:34.000]  可能都是一顆不二的社會良心。
[00:52:34.000 --> 00:52:35.000]  陪著他去的,
[00:52:35.000 --> 00:52:39.000]  也是我們很多人的悲切懷念。
[00:52:39.000 --> 00:52:42.000]  報紙將他入院的情況,
[00:52:42.000 --> 00:52:45.000]  向我們報道出來。
[00:52:45.000 --> 00:52:48.000]  報紙說他入院的時候,
[00:52:48.000 --> 00:52:52.000]  是表現了一種無比的求生意志。
[00:52:52.000 --> 00:52:54.000]  他對醫生護士說,
[00:52:54.000 --> 00:52:57.000]  他說他不相信是絕望的,
[00:52:57.000 --> 00:53:00.000]  所以他是拒絕死亡的。
[00:53:00.000 --> 00:53:01.000]  但是,
[00:53:01.000 --> 00:53:03.000]  事後到了,
[00:53:03.000 --> 00:53:07.000]  死亡仍然會靜靜地帶著他的獵物離去,
[00:53:07.000 --> 00:53:11.000]  是完全不需要詢問任何人的意見,
[00:53:11.000 --> 00:53:15.000]  也都不需要任何人的批准的。
[00:53:15.000 --> 00:53:16.000]  所以,
[00:53:16.000 --> 00:53:19.000]  死亡對活的人,
[00:53:19.000 --> 00:53:22.000]  永遠都是一種具體的威嚇。
[00:53:22.000 --> 00:53:25.000]  他隱伏在每一個生命的背後,
[00:53:25.000 --> 00:53:29.000]  他只不過在等著他的時間而已。
[00:53:29.000 --> 00:53:31.000]  連關德興都過去了,
[00:53:31.000 --> 00:53:33.000]  一個行善終身,
[00:53:33.000 --> 00:53:36.000]  積福不斷的一種代表性的人物。
[00:53:36.000 --> 00:53:40.000]  他死在胰臟癌破裂。
[00:53:40.000 --> 00:53:42.000]  在他離開的時候,
[00:53:42.000 --> 00:53:46.000]  很多怕死的人就非常害怕,
[00:53:46.000 --> 00:53:49.000]  因為他很具體地傳給我們的訊息,
[00:53:49.000 --> 00:53:52.000]  就是活人的死亡率是百分之一百的,
[00:53:52.000 --> 00:53:54.000]  是沒有流亡之餘,
[00:53:54.000 --> 00:53:56.000]  無論你的心地多麼善良,
[00:53:56.000 --> 00:53:59.000]  無論你的行為多麼正直,
[00:53:59.000 --> 00:54:03.000]  就像關德興所代表的那種人物。
[00:54:03.000 --> 00:54:05.000]  簡單來說,
[00:54:05.000 --> 00:54:08.000]  死亡就是一種歸宿,
[00:54:08.000 --> 00:54:13.000]  是一種我們既不明白又無法逃避的命運。
[00:54:13.000 --> 00:54:17.000]  現代人或任何時代的人都一樣,
[00:54:17.000 --> 00:54:21.000]  因為我們比任何時代的人對死亡更加好奇,
[00:54:21.000 --> 00:54:24.000]  但更加一籌莫展,
[00:54:24.000 --> 00:54:28.000]  所以這個問題是我們必須要面對的。
[00:54:28.000 --> 00:54:32.000]  其實上一代是比較熟悉生和死的,
[00:54:32.000 --> 00:54:34.000]  因為在那個時候,
[00:54:34.000 --> 00:54:37.000]  生和死都是在家裡發生的,
[00:54:37.000 --> 00:54:40.000]  而不是在醫院發生的。
[00:54:40.000 --> 00:54:42.000]  在舊陣時,
[00:54:42.000 --> 00:54:45.000]  生和死是一個家族的事,
[00:54:45.000 --> 00:54:49.000]  而不是像今天這樣的小家庭的事情,
[00:54:49.000 --> 00:54:55.000]  只有兩夫妻獨力去承擔重擔。
[00:54:55.000 --> 00:54:58.000]  昔日,生與死,
[00:54:58.000 --> 00:55:01.000]  都是上由公公婆婆,
[00:55:01.000 --> 00:55:04.000]  下到兒子,
[00:55:04.000 --> 00:55:06.000]  我們的兒女,侄子侄女,
[00:55:06.000 --> 00:55:09.000]  是整個大家族一起去背的。
[00:55:09.000 --> 00:55:14.000]  沒錯,整個家族去背負生與死,
[00:55:14.000 --> 00:55:18.000]  不會叫死亡的面目更加容易接受,
[00:55:18.000 --> 00:55:22.000]  但會叫我們不是孤單地,
[00:55:22.000 --> 00:55:25.000]  只有兩夫妻去面對。
[00:55:25.000 --> 00:55:29.000]  我們說昔日人生與死都是在家裡,
[00:55:29.000 --> 00:55:31.000]  到底是什麼意思呢?
[00:55:31.000 --> 00:55:33.000]  我先說說生,
[00:55:33.000 --> 00:55:35.000]  以前的人,
[00:55:35.000 --> 00:55:38.000]  生是在家裡,死也是在家裡。
[00:55:38.000 --> 00:55:41.000]  譬如說小朋友快要臨盆了,
[00:55:41.000 --> 00:55:45.000]  我們就整家總動員一起做預備。
[00:55:45.000 --> 00:55:49.000]  媽媽固然早就約了接生婆,
[00:55:49.000 --> 00:55:55.000]  到時候接生婆準時來到家裡,
[00:55:55.000 --> 00:55:57.000]  然後她就會吩咐我們做這樣做那樣,
[00:55:57.000 --> 00:55:59.000]  做完一輪,
[00:55:59.000 --> 00:56:04.000]  就把我們全部趕出房間之外,
[00:56:04.000 --> 00:56:07.000]  我們就在房門外,
[00:56:07.000 --> 00:56:12.000]  等著小朋友第一聲的哭叫。
[00:56:12.000 --> 00:56:15.000]  她第一聲哭叫,第一聲叫出來,
[00:56:15.000 --> 00:56:18.000]  我們在門外就很興奮。
[00:56:18.000 --> 00:56:19.000]  在那個時候,
[00:56:19.000 --> 00:56:23.000]  接生婆就會打開一包瓷粉,
[00:56:23.000 --> 00:56:27.000]  給小朋友剛剛剪掉的瓷帶地方,
[00:56:27.000 --> 00:56:30.000]  來消毒和包紮。
[00:56:30.000 --> 00:56:31.000]  由那個時候開始,
[00:56:31.000 --> 00:56:33.000]  整整一個月,
[00:56:33.000 --> 00:56:38.000]  整個家都會充滿瓷粉的味道。
[00:56:38.000 --> 00:56:40.000]  這個瓷粉的味道是什麼味道呢?
[00:56:40.000 --> 00:56:44.000]  其實就是中藥的冰片味道。
[00:56:44.000 --> 00:56:46.000]  這種味道很強烈,
[00:56:46.000 --> 00:56:49.000]  在那個時候我們也覺得很香。
[00:56:49.000 --> 00:56:53.000]  這個瓷粉就會成長我們整個家,
[00:56:53.000 --> 00:56:56.000]  整個月的主要氣味。
[00:56:56.000 --> 00:56:59.000]  這種氣味告訴我們,
[00:56:59.000 --> 00:57:02.000]  新生命已經來了。
[00:57:02.000 --> 00:57:06.000]  所以生是從家裡傳開,
[00:57:06.000 --> 00:57:08.000]  不是從醫院產放,
[00:57:08.000 --> 00:57:12.000]  好像是千篇一律重複著。
[00:57:12.000 --> 00:57:17.000]  永遠帶著一個獨特的氣味,
[00:57:17.000 --> 00:57:21.000]  和我們很興奮的迎接。
[00:57:21.000 --> 00:57:22.000]  不單這樣,
[00:57:22.000 --> 00:57:26.000]  那個時候的人死都是死在家裡。
[00:57:26.000 --> 00:57:30.000]  死亡的過程是漸進的,
[00:57:30.000 --> 00:57:32.000]  是第一身的經歷,
[00:57:32.000 --> 00:57:35.000]  不是由醫生打電話告訴我們,
[00:57:35.000 --> 00:57:37.000]  已經斷氣了。
[00:57:37.000 --> 00:57:42.000]  我的祖母患有喉癌過世,
[00:57:42.000 --> 00:57:47.000]  我爸爸親身服侍她進食。
[00:57:47.000 --> 00:57:50.000]  那個時候她喝一杯牛奶,
[00:57:50.000 --> 00:57:51.000]  都要兩個小時,
[00:57:51.000 --> 00:57:53.000]  是一滴一滴滴下去,
[00:57:53.000 --> 00:57:56.000]  完全吞不下。
[00:57:56.000 --> 00:57:58.000]  經過那個時間,
[00:57:58.000 --> 00:58:03.000]  爸爸知道她的媽媽沒辦法可以復原,
[00:58:03.000 --> 00:58:10.000]  於是她就到處在外面找鴉片煙膏給她止痛。
[00:58:10.000 --> 00:58:16.000]  然後我的祖母就在我們一群遺孫的圍繞著之下,
[00:58:16.000 --> 00:58:20.000]  在我們的哀動之下離開世界。
[00:58:20.000 --> 00:58:22.000]  你知不知道現在的人是怎樣死的?
[00:58:22.000 --> 00:58:24.000]  現在的人是生在醫院,
[00:58:24.000 --> 00:58:26.000]  也都死在醫院。
[00:58:26.000 --> 00:58:28.000]  所有生與死之前,
[00:58:28.000 --> 00:58:31.000]  那些預備,那些忙亂的功夫,
[00:58:31.000 --> 00:58:34.000]  都全部由醫護人員代勞。
[00:58:34.000 --> 00:58:36.000]  我們只是靜靜坐著,
[00:58:36.000 --> 00:58:39.000]  站著等著接受那個結果,
[00:58:39.000 --> 00:58:41.000]  向我們宣判。
[00:58:41.000 --> 00:58:45.000]  這正是為什麼我們對生死,
[00:58:45.000 --> 00:58:48.000]  是更加感覺到陌生,
[00:58:48.000 --> 00:58:51.000]  也都更加恐懼的原因。
[00:58:51.000 --> 00:58:54.000]  假如我們可以選擇死亡的環境,
[00:58:54.000 --> 00:58:56.000]  你猜你會怎樣選擇呢?
[00:58:56.000 --> 00:58:59.000]  你會不會好像今天大多數人一樣,
[00:58:59.000 --> 00:59:02.000]  明知道都來到生命的盡頭了,
[00:59:02.000 --> 00:59:04.000]  家人又不捨得,
[00:59:04.000 --> 00:59:07.000]  你還是一定要醫生盡上最大的努力,
[00:59:07.000 --> 00:59:12.000]  結果我們就要由血管、鼻、口腔、大小便口等等,
[00:59:12.000 --> 00:59:14.000]  駁上七八條管,
[00:59:14.000 --> 00:59:17.000]  外面就黏上六七部機器。
[00:59:17.000 --> 00:59:23.000]  我們一日到晚都只聽到機器發出「嗶嗶嗶」的聲音。
[00:59:23.000 --> 00:59:28.000]  你想不想在這樣的環境裡離世?
[00:59:28.000 --> 00:59:32.000]  還有,我們在這樣的情況下離世,
[00:59:32.000 --> 00:59:35.000]  很可能當時是沒有親人在旁邊的。
[00:59:35.000 --> 00:59:40.000]  我們知道很多臨終病人都在深夜離世。
[00:59:40.000 --> 00:59:43.000]  在那個時候,周圍都沒有人,
[00:59:43.000 --> 00:59:45.000]  只有黑暗的一片。
[00:59:45.000 --> 00:59:48.000]  或者在護士那些例行的工作,
[00:59:48.000 --> 00:59:50.000]  他通常都是一句聲都不出,
[00:59:50.000 --> 00:59:53.000]  他就巡視病房,做這樣做那樣。
[00:59:53.000 --> 00:59:56.000]  假如我們的機器發出一個聲音,
[00:59:56.000 --> 00:59:59.000]  說我們斷氣了,沒有呼吸了,
[00:59:59.000 --> 01:00:01.000]  你猜他走來第一樣是做什麼?
[01:00:01.000 --> 01:00:04.000]  他走來第一樣不是去看病人,
[01:00:04.000 --> 01:00:06.000]  他就是檢查那個機器。
[01:00:06.000 --> 01:00:09.000]  如果你是那個病人,你的感受會怎樣?
[01:00:09.000 --> 01:00:14.000]  或者反過來說,如果我們在醫院裡,
[01:00:14.000 --> 01:00:17.000]  只要我們有足夠的止痛藥,
[01:00:17.000 --> 01:00:22.000]  你卻在一群親戚和你所愛的人的旁邊,
[01:00:22.000 --> 01:00:24.000]  他們圍著你。
[01:00:24.000 --> 01:00:27.000]  你因為止痛藥已經沒有痛苦了,
[01:00:27.000 --> 01:00:31.000]  但是就有親人是抓著我們的手,
[01:00:31.000 --> 01:00:34.000]  在他的關懷呵護之下離去,
[01:00:34.000 --> 01:00:38.000]  會不會是更加人性呢?
[01:00:38.000 --> 01:00:45.000]  今天,外國人是越來越多選擇在家裡生小孩,
[01:00:45.000 --> 01:00:50.000]  和護養親人,用親情來伴他離世。
[01:00:50.000 --> 01:00:55.000]  換句話說,讓生死在家裡發生,
[01:00:55.000 --> 01:01:00.000]  我們就會有更多資料來講到生與死。
[01:01:00.000 --> 01:01:02.000]  只要我們有多些資料來講,
[01:01:02.000 --> 01:01:05.000]  我們就會減少那種陌生感,
[01:01:05.000 --> 01:01:09.000]  和由陌生感而生出來的恐懼,
[01:01:09.000 --> 01:01:15.000]  結果我們就不會有焦慮來面對生或死了。
[01:01:15.000 --> 01:01:20.000]  我們相信這樣,人,特別是病者,
[01:01:20.000 --> 01:01:25.000]  也會變得更加容易接受。
[01:01:26.000 --> 01:01:29.000]  (音樂)
[01:01:30.000 --> 01:01:33.000]  (音樂)
[01:01:34.000 --> 01:01:37.000]  (音樂)
[01:01:37.000 --> 01:01:40.000]  (音樂)
[01:01:41.000 --> 01:01:44.000]  (音樂)
[01:01:44.000 --> 01:01:47.000]  (字幕由 Amara.org 社群提供)

