
[00:00:00.000 --> 00:00:06.000]  各位弟兄姊妹 主內平安
[00:00:06.000 --> 00:00:12.000]  香港防疫仍然形勢嚴峻
[00:00:12.000 --> 00:00:18.000]  所以我們網上崇拜 網上講道
[00:00:18.000 --> 00:00:22.000]  願主耶穌基督的恩惠
[00:00:22.000 --> 00:00:29.000]  仍然像過去一樣常常與你們眾人同在
[00:00:29.000 --> 00:00:37.000]  今天我選擇了一個新約聖經的主題
[00:00:37.000 --> 00:00:41.000]  很少我們看新約聖經會看到這個題目
[00:00:41.000 --> 00:00:45.000]  撕裂與復和
[00:00:45.000 --> 00:00:57.000]  剛才我們讀了《迦勒體書》第二章第一節到第十四節
[00:00:57.000 --> 00:01:04.000]  這段聖經我們不會太過陌生
[00:01:04.000 --> 00:01:07.000]  你多少總有一點印象
[00:01:07.000 --> 00:01:11.000]  保羅寫信給迦勒體教會
[00:01:11.000 --> 00:01:18.000]  他曾經提到在安提阿發生的一件事
[00:01:18.000 --> 00:01:23.000]  這件事特別的地方
[00:01:23.000 --> 00:01:36.000]  就是保羅一次過提到三位當時新約初期教會的領袖
[00:01:36.000 --> 00:01:44.000]  一個是基發 一個是西門彼得 另外一個名字
[00:01:44.000 --> 00:01:52.000]  第二個是巴拿巴 第三個是雅各
[00:01:52.000 --> 00:02:03.000]  我們通常那個焦點放在西門彼得與保羅之間的衝突
[00:02:03.000 --> 00:02:09.000]  在《迦勒體書》這裡提到基發來做安提阿
[00:02:09.000 --> 00:02:12.000]  他有可擇之處
[00:02:12.000 --> 00:02:16.000]  保羅說我就當面抵擋他
[00:02:16.000 --> 00:02:18.000]  發生什麼事呢?
[00:02:18.000 --> 00:02:25.000]  第二節接著說從雅各那裡來的人未到已先
[00:02:25.000 --> 00:02:29.000]  彼得與外邦人一起吃飯
[00:02:29.000 --> 00:02:34.000]  但是從雅各那裡來的人到了
[00:02:34.000 --> 00:02:39.000]  彼得因為怕奉割禮的人就退去
[00:02:39.000 --> 00:02:42.000]  與外邦人隔開
[00:02:42.000 --> 00:02:50.000]  隨著彼得一起做的猶太人當中
[00:02:50.000 --> 00:02:58.000]  連巴拿巴 保羅說也隨火裝假
[00:02:58.000 --> 00:03:03.000]  保羅說我見到他們所行的不對
[00:03:03.000 --> 00:03:05.000]  同福音的真理不合
[00:03:05.000 --> 00:03:14.000]  我就在眾人的面前對基發當面指出他的不是之處
[00:03:14.000 --> 00:03:23.000]  所以這件事同時提到三位教會的領袖
[00:03:23.000 --> 00:03:32.000]  我們先來看看保羅對彼得的指責
[00:03:32.000 --> 00:03:38.000]  其實加拿大書所寫的情況很簡單
[00:03:38.000 --> 00:03:46.000]  吃飯究竟猶太的基督徒與外邦的基督徒
[00:03:46.000 --> 00:03:51.000]  在安提阿教會怎樣吃飯
[00:03:51.000 --> 00:03:53.000]  本來是一起吃的
[00:03:53.000 --> 00:03:58.000]  後來因為耶路撒冷教會從雅各那裡來的人來到
[00:03:58.000 --> 00:04:05.000]  有一部分的領袖包括彼得 包括巴拿巴
[00:04:05.000 --> 00:04:14.000]  離開了一直做的規矩 傳統
[00:04:14.000 --> 00:04:17.000]  沒有那麼重要 一直一起吃飯
[00:04:17.000 --> 00:04:21.000]  現在退出來 分開
[00:04:21.000 --> 00:04:25.000]  當然背後的原因我們都明白
[00:04:25.000 --> 00:04:29.000]  是在說禁戒食物
[00:04:29.000 --> 00:04:35.000]  舊約聖經摩西的律法
[00:04:35.000 --> 00:04:45.000]  這裡特別提到保羅當面在眾人的面前公開的場合
[00:04:45.000 --> 00:04:49.000]  來指責西門彼得
[00:04:49.000 --> 00:04:58.000]  保羅用的理由是與福音真理不合
[00:04:58.000 --> 00:05:09.000]  或者我們很少反過來想一想
[00:05:09.000 --> 00:05:15.000]  我們不是從保羅的出發點去看整件事情
[00:05:15.000 --> 00:05:19.000]  而是從彼得的出發點
[00:05:19.000 --> 00:05:24.000]  你記得他曾經在屋頂祈禱
[00:05:24.000 --> 00:05:30.000]  看到異象從天上有布掉下來
[00:05:30.000 --> 00:05:34.000]  裡面有很多不潔淨的活物
[00:05:34.000 --> 00:05:40.000]  然後天上有聲音說「起來宰了吃」
[00:05:40.000 --> 00:05:44.000]  彼得說「主啊!萬萬不可!」
[00:05:44.000 --> 00:05:55.000]  「這些是你在舊約聖經利未記所禁止不潔淨的食物」
[00:05:55.000 --> 00:05:57.000]  我們記得這些背景
[00:05:57.000 --> 00:06:02.000]  所以吃飯不是喜歡和誰坐那麼簡單
[00:06:02.000 --> 00:06:08.000]  而是遵守摩西的律法
[00:06:08.000 --> 00:06:12.000]  這個背景我們知道我們清楚
[00:06:12.000 --> 00:06:15.000]  而這件事情在安提阿發生
[00:06:15.000 --> 00:06:20.000]  加拿大書其實有交代是何時發生
[00:06:20.000 --> 00:06:23.000]  第一章十八節保羅說到
[00:06:23.000 --> 00:06:26.000]  他信了耶穌之後
[00:06:26.000 --> 00:06:29.000]  過了三年一章十八節說
[00:06:29.000 --> 00:06:35.000]  他先去耶路撒冷見西門彼得
[00:06:35.000 --> 00:06:37.000]  住了兩個星期
[00:06:37.000 --> 00:06:44.000]  其他的使徒他只見過主的兄弟雅各
[00:06:44.000 --> 00:06:47.000]  其他的都沒有見到
[00:06:47.000 --> 00:06:54.000]  這個三年大概就是我們記得他在阿拉伯曠野的三年
[00:06:54.000 --> 00:06:59.000]  然後他有機會上到耶路撒冷
[00:06:59.000 --> 00:07:05.000]  然後二章第一節又提到又過了十四年
[00:07:05.000 --> 00:07:12.000]  然後二章十一節才說後來基發來到安提阿
[00:07:12.000 --> 00:07:21.000]  二章一節到第八節或者說到第十節提到過了十四年
[00:07:21.000 --> 00:07:25.000]  他和巴拿巴上耶路撒冷
[00:07:25.000 --> 00:07:32.000]  應該就是《試圖行傳》第十五章所記載的耶路撒冷會議
[00:07:32.000 --> 00:07:40.000]  所以這十四年保羅在安提阿教會侍奉主
[00:07:40.000 --> 00:07:45.000]  後來聖靈分派他和巴拿巴出去傳道
[00:07:45.000 --> 00:07:47.000]  外邦人信主
[00:07:47.000 --> 00:07:52.000]  結果他們要上耶路撒冷解釋整件事情
[00:07:52.000 --> 00:07:55.000]  彼得都起來做見證
[00:07:55.000 --> 00:07:58.000]  就說到哥利留見到異象
[00:07:58.000 --> 00:08:05.000]  他去到外邦人的家裡為他們施洗聖靈降臨的經歷
[00:08:05.000 --> 00:08:14.000]  然後就發生二章十一節彼得來到安提阿發生的事情
[00:08:14.000 --> 00:08:16.000]  我想指出的就是
[00:08:16.000 --> 00:08:24.000]  沒錯,保羅經過了這十七年
[00:08:24.000 --> 00:08:28.000]  或者甚至更長的時間
[00:08:28.000 --> 00:08:33.000]  我們不知道二章十一節說的後來隔了多久
[00:08:33.000 --> 00:08:36.000]  總之在十七年之後
[00:08:36.000 --> 00:08:42.000]  保羅都是一個獨當一面的使徒
[00:08:42.000 --> 00:08:47.000]  宣教士在安提阿教會備受尊敬
[00:08:47.000 --> 00:08:51.000]  但是如果和西門彼得相比之下
[00:08:51.000 --> 00:08:57.000]  其實西門彼得是十二使徒之首
[00:08:57.000 --> 00:09:01.000]  當初五旬節聖靈降臨
[00:09:01.000 --> 00:09:05.000]  然後教會人數增加
[00:09:05.000 --> 00:09:09.000]  彼得作為教會的領袖
[00:09:09.000 --> 00:09:14.000]  保羅當時還是迫不得已的
[00:09:14.000 --> 00:09:20.000]  所以我們很容易有個錯覺
[00:09:20.000 --> 00:09:23.000]  以為使徒行傳所記載的
[00:09:23.000 --> 00:09:25.000]  給我們很深刻的印象
[00:09:25.000 --> 00:09:29.000]  就是平起平坐的兩個大使徒
[00:09:29.000 --> 00:09:35.000]  其實他們之間有很大的差別
[00:09:35.000 --> 00:09:39.000]  在輩分上、在經驗上
[00:09:39.000 --> 00:09:44.000]  在教會上彼得是跟隨主
[00:09:44.000 --> 00:09:50.000]  從約旦河、加利利一直到耶穌復活
[00:09:50.000 --> 00:09:52.000]  十二使徒
[00:09:52.000 --> 00:09:58.000]  保羅就算加上這十七年服事主
[00:09:58.000 --> 00:10:05.000]  他仍然可以說是第二代的教會領袖
[00:10:05.000 --> 00:10:14.000]  兩個人這樣的衝突究竟如何收科呢?
[00:10:14.000 --> 00:10:20.000]  新約聖經在彼得後書
[00:10:20.000 --> 00:10:25.000]  就讓我們看到彼得臨晚年
[00:10:25.000 --> 00:10:28.000]  他知道他離開世界
[00:10:28.000 --> 00:10:32.000]  他說他脫離這帳篷的日子近了
[00:10:32.000 --> 00:10:35.000]  最後結束的時候
[00:10:35.000 --> 00:10:37.000]  他說了一句話
[00:10:37.000 --> 00:10:43.000]  「我們所親愛的兄弟保羅」
[00:10:43.000 --> 00:10:47.000]  這句話彼得寫下來
[00:10:47.000 --> 00:10:51.000]  其實上下文一點都不簡單
[00:10:51.000 --> 00:10:55.000]  因為後面還有半句
[00:10:55.000 --> 00:10:58.000]  你聽得出那個意思嗎?
[00:10:58.000 --> 00:11:01.000]  彼得特別提到保羅
[00:11:01.000 --> 00:11:04.000]  說他是親愛的兄弟
[00:11:04.000 --> 00:11:06.000]  是因為他寫信
[00:11:06.000 --> 00:11:08.000]  而在信當中
[00:11:08.000 --> 00:11:10.000]  在保羅的書信當中
[00:11:10.000 --> 00:11:16.000]  有些難明白的地方
[00:11:16.000 --> 00:11:18.000]  或者用今天的說法
[00:11:18.000 --> 00:11:24.000]  有爭議的內容
[00:11:24.000 --> 00:11:28.000]  就算我們不去計較保羅書信
[00:11:28.000 --> 00:11:30.000]  到底有什麼地方難明白
[00:11:30.000 --> 00:11:36.000]  我們問問西門彼得如何看待保羅
[00:11:36.000 --> 00:11:42.000]  經過了當面指責的事情
[00:11:42.000 --> 00:11:48.000]  你看到西門彼得仍然稱呼保羅
[00:11:48.000 --> 00:11:53.000]  是他所親愛的兄弟
[00:11:53.000 --> 00:11:56.000]  反過來
[00:11:56.000 --> 00:11:58.000]  在加拿大書我們看到
[00:11:58.000 --> 00:12:02.000]  保羅說回這件事情的時候
[00:12:02.000 --> 00:12:04.000]  他特別提到
[00:12:04.000 --> 00:12:12.000]  彼得是受主所託傳福音給受割禮的人
[00:12:12.000 --> 00:12:17.000]  就好像主託付保羅自己
[00:12:17.000 --> 00:12:22.000]  傳福音給未受割禮的人
[00:12:22.000 --> 00:12:25.000]  所以一個是愛邦人的使徒
[00:12:25.000 --> 00:12:29.000]  一個是受割禮之人
[00:12:29.000 --> 00:12:31.000]  猶太人的使徒
[00:12:31.000 --> 00:12:37.000]  這樣是否代表保羅對彼得所做的
[00:12:37.000 --> 00:12:39.000]  一點興趣都沒有
[00:12:39.000 --> 00:12:41.000]  不屑一顧
[00:12:41.000 --> 00:12:43.000]  很快我們看看
[00:12:43.000 --> 00:12:45.000]  《思量傳》記載
[00:12:45.000 --> 00:12:48.000]  保羅去到每一個城市
[00:12:48.000 --> 00:12:51.000]  有時間慢慢追回經文
[00:12:51.000 --> 00:12:53.000]  一句半句
[00:12:53.000 --> 00:12:57.000]  這件事情一定進入到猶太的會堂
[00:12:57.000 --> 00:13:03.000]  從撒拉米到羅馬都是這樣
[00:13:03.000 --> 00:13:05.000]  沒有會堂的地方
[00:13:05.000 --> 00:13:09.000]  他會去河邊禱告的地方
[00:13:09.000 --> 00:13:13.000]  他向猶太人傳福音的決心
[00:13:13.000 --> 00:13:16.000]  沒有因為猶太人的反對
[00:13:16.000 --> 00:13:23.000]  而絲毫有退縮的態度
[00:13:23.000 --> 00:13:26.000]  我們都記得保羅在羅馬書
[00:13:26.000 --> 00:13:28.000]  曾經提到
[00:13:28.000 --> 00:13:30.000]  為我弟兄
[00:13:30.000 --> 00:13:33.000]  我骨肉至親
[00:13:33.000 --> 00:13:36.000]  寧願與基督分離
[00:13:36.000 --> 00:13:38.000]  這是在說福音
[00:13:38.000 --> 00:13:41.000]  是在向猶太人傳福音
[00:13:41.000 --> 00:13:44.000]  其實是彼得的責任
[00:13:44.000 --> 00:13:48.000]  不是保羅的託付或使命
[00:13:48.000 --> 00:13:50.000]  但你看看保羅的態度
[00:13:50.000 --> 00:13:52.000]  在他的書信裏
[00:13:52.000 --> 00:13:55.000]  再沒有討論與彼得的關係
[00:13:55.000 --> 00:13:59.000]  沒有稱呼彼得為親愛的弟兄
[00:13:59.000 --> 00:14:06.000]  但保羅對於自己的骨肉至親
[00:14:06.000 --> 00:14:08.000]  其實他的態度
[00:14:08.000 --> 00:14:10.000]  他的心
[00:14:10.000 --> 00:14:14.000]  都不是看輕看小
[00:14:14.000 --> 00:14:16.000]  外邦人教會興旺
[00:14:16.000 --> 00:14:20.000]  這就是保羅的神學
[00:14:20.000 --> 00:14:24.000]  這就是保羅的滿足
[00:14:24.000 --> 00:14:26.000]  他說外邦人的數目天滿
[00:14:26.000 --> 00:14:30.000]  以色列全家都要得救
[00:14:30.000 --> 00:14:32.000]  我們今天不討論這個問題
[00:14:32.000 --> 00:14:34.000]  以色列怎樣全家得救
[00:14:34.000 --> 00:14:37.000]  但你看到保羅的心
[00:14:37.000 --> 00:14:47.000]  他是怎樣看上主託付給西門彼得的使命
[00:14:47.000 --> 00:14:49.000]  你就明白
[00:14:49.000 --> 00:14:53.000]  這一場的爭論
[00:14:53.000 --> 00:15:00.000]  並沒有使保羅與彼得之間的嚴規
[00:15:00.000 --> 00:15:08.000]  影響了他們同心傳福音的方向
[00:15:08.000 --> 00:15:12.000]  第二個人物巴拿巴
[00:15:12.000 --> 00:15:16.000]  巴拿巴不是他的名字
[00:15:16.000 --> 00:15:24.000]  是譯音教會使徒叫他「勸慰之子」
[00:15:24.000 --> 00:15:26.000]  他原本的名字
[00:15:26.000 --> 00:15:28.000]  你看看使徒行傳
[00:15:28.000 --> 00:15:29.000]  我們經常都忘記了
[00:15:29.000 --> 00:15:31.000]  不過巴拿巴太有名了
[00:15:31.000 --> 00:15:35.000]  巴拿巴與保羅的關係
[00:15:35.000 --> 00:15:39.000]  如果我們細心追回使徒行傳
[00:15:39.000 --> 00:15:42.000]  也是智裏行間一句半句
[00:15:42.000 --> 00:15:47.000]  我們可以說巴拿巴是保羅的恩師
[00:15:47.000 --> 00:15:50.000]  我們經常說門徒訓練
[00:15:50.000 --> 00:15:54.000]  我們就說保羅與提摩泰
[00:15:54.000 --> 00:15:56.000]  保羅訓練提摩泰
[00:15:56.000 --> 00:15:59.000]  請問誰訓練保羅呢?
[00:15:59.000 --> 00:16:00.000]  答案很清楚
[00:16:00.000 --> 00:16:02.000]  是巴拿巴
[00:16:02.000 --> 00:16:04.000]  使徒行傳第九章記載
[00:16:04.000 --> 00:16:09.000]  保羅在大馬色的路上悔改
[00:16:09.000 --> 00:16:13.000]  信主他回到耶路撒冷
[00:16:13.000 --> 00:16:15.000]  但是使徒害怕
[00:16:15.000 --> 00:16:17.000]  不敢相信
[00:16:17.000 --> 00:16:20.000]  所以沒有人肯接待他
[00:16:20.000 --> 00:16:24.000]  巴拿巴接待保羅
[00:16:24.000 --> 00:16:27.000]  後來在阿拉伯的曠野
[00:16:27.000 --> 00:16:30.000]  安提阿教會福音傳開
[00:16:30.000 --> 00:16:32.000]  巴拿巴到達後
[00:16:32.000 --> 00:16:34.000]  看到需要很大
[00:16:34.000 --> 00:16:36.000]  使徒行傳第十一章說
[00:16:36.000 --> 00:16:41.000]  他特意到大掃找到保羅
[00:16:41.000 --> 00:16:43.000]  然後請他
[00:16:43.000 --> 00:16:45.000]  因為保羅年輕
[00:16:45.000 --> 00:16:48.000]  保羅信了主不久
[00:16:48.000 --> 00:16:50.000]  三年最多
[00:16:50.000 --> 00:16:55.000]  巴拿巴帶他到安提阿教會
[00:16:55.000 --> 00:16:58.000]  訓練同工
[00:16:58.000 --> 00:17:03.000]  然後十三章聖靈差遣他們出
[00:17:03.000 --> 00:17:06.000]  一個是主任牧師
[00:17:06.000 --> 00:17:12.000]  另一個極其量是福音幹事
[00:17:12.000 --> 00:17:17.000]  不只青少年的同工
[00:17:17.000 --> 00:17:18.000]  無論如何
[00:17:18.000 --> 00:17:24.000]  他們之間其實是使徒的關係
[00:17:24.000 --> 00:17:30.000]  但是很快的使徒行傳十五章三十九節
[00:17:30.000 --> 00:17:35.000]  記載保羅和巴拿巴
[00:17:35.000 --> 00:17:38.000]  二人起了爭論
[00:17:38.000 --> 00:17:44.000]  甚至彼此分開
[00:17:44.000 --> 00:17:46.000]  為了什麼事情我們都記得
[00:17:46.000 --> 00:17:48.000]  為了約翰·馬可
[00:17:48.000 --> 00:17:54.000]  在第一次傳道旅程宣教行列
[00:17:54.000 --> 00:17:58.000]  約翰·馬可和巴拿巴
[00:17:58.000 --> 00:18:00.000]  當時還未改名為保羅
[00:18:00.000 --> 00:18:01.000]  一起去
[00:18:01.000 --> 00:18:04.000]  但是去到龐非尼亞
[00:18:04.000 --> 00:18:07.000]  約翰·馬可離開他們
[00:18:07.000 --> 00:18:09.000]  聖經沒有交代原因
[00:18:09.000 --> 00:18:17.000]  但是這次巴拿巴想再回去探望教會
[00:18:17.000 --> 00:18:22.000]  特別提議再帶約翰·馬可去
[00:18:22.000 --> 00:18:26.000]  路加醫生在使徒行傳十五章
[00:18:26.000 --> 00:18:31.000]  很清楚記載巴拿巴的想法
[00:18:31.000 --> 00:18:33.000]  保羅反對
[00:18:33.000 --> 00:18:36.000]  誰對誰錯呢
[00:18:36.000 --> 00:18:39.000]  兩人都是教會的領袖
[00:18:39.000 --> 00:18:43.000]  其實不是對與錯
[00:18:43.000 --> 00:18:50.000]  保羅認為福音的工作是很嚴肅的事情
[00:18:50.000 --> 00:18:53.000]  不可以一錯再錯
[00:18:53.000 --> 00:18:56.000]  所以約翰·馬可不可靠
[00:18:56.000 --> 00:18:58.000]  這次不應該帶他去
[00:18:58.000 --> 00:19:05.000]  免得連累整個宣教的工作
[00:19:05.000 --> 00:19:10.000]  巴拿巴的名字是勸慰節止的意思
[00:19:10.000 --> 00:19:14.000]  這個人是關係的
[00:19:14.000 --> 00:19:17.000]  不是視事工重要
[00:19:17.000 --> 00:19:19.000]  而是視人重要
[00:19:19.000 --> 00:19:20.000]  坦白說
[00:19:20.000 --> 00:19:23.000]  他也是這樣看待保羅
[00:19:23.000 --> 00:19:25.000]  他也是這樣給機會保羅
[00:19:25.000 --> 00:19:30.000]  現在他請求保羅給機會約翰·馬可
[00:19:30.000 --> 00:19:33.000]  照計巴拿巴認為
[00:19:33.000 --> 00:19:35.000]  保羅應該領情
[00:19:35.000 --> 00:19:37.000]  應該明白
[00:19:37.000 --> 00:19:39.000]  應該同意
[00:19:39.000 --> 00:19:47.000]  但是兩人為此起了爭論
[00:19:47.000 --> 00:19:51.000]  甚至彼此分開
[00:19:51.000 --> 00:19:53.000]  是很不幸
[00:19:53.000 --> 00:19:56.000]  不過我們讀善行傳就明白
[00:19:56.000 --> 00:19:59.000]  雖然兩人分開
[00:19:59.000 --> 00:20:03.000]  但安提拉教會並沒有分裂
[00:20:03.000 --> 00:20:11.000]  安提拉教會雙倍宣教預算
[00:20:11.000 --> 00:20:14.000]  本來差遣一對人出去
[00:20:14.000 --> 00:20:17.000]  現在差遣兩對人出去
[00:20:17.000 --> 00:20:20.000]  亦因為這樣的緣故
[00:20:20.000 --> 00:20:25.000]  保羅、西拉和路加等人
[00:20:25.000 --> 00:20:31.000]  結果聖靈帶領他們從亞洲
[00:20:31.000 --> 00:20:35.000]  到馬其頓歐洲
[00:20:35.000 --> 00:20:38.000]  這是在軟弱的當中
[00:20:38.000 --> 00:20:40.000]  衝突的當中
[00:20:40.000 --> 00:20:48.000]  我們看到上帝的旨意仍然成就
[00:20:48.000 --> 00:20:51.000]  不是因為我們的計劃
[00:20:51.000 --> 00:20:59.000]  而是因為我們軟弱跌倒、爭執
[00:20:59.000 --> 00:21:05.000]  但上帝化腐朽為神奇
[00:21:05.000 --> 00:21:07.000]  這是背景
[00:21:07.000 --> 00:21:13.000]  我們問問保羅後來在他的書信
[00:21:13.000 --> 00:21:18.000]  剛才我們說在他寫彼得後書提到保羅
[00:21:18.000 --> 00:21:21.000]  今次我們看的是保羅
[00:21:21.000 --> 00:21:26.000]  在兩封書信中提到馬可
[00:21:26.000 --> 00:21:31.000]  一封是哥羅西書四章第十
[00:21:31.000 --> 00:21:35.000]  他特別提到要接待馬可
[00:21:35.000 --> 00:21:42.000]  他更提到馬可是巴拿巴的表弟
[00:21:42.000 --> 00:21:45.000]  要特別接待他
[00:21:45.000 --> 00:21:54.000]  我們可以推論馬可的事情傳到哥羅西教會
[00:21:54.000 --> 00:21:58.000]  所以保羅要這樣交代一句
[00:21:58.000 --> 00:22:02.000]  更加提到提摩太後書
[00:22:02.000 --> 00:22:06.000]  就好像彼得後書
[00:22:06.000 --> 00:22:12.000]  保羅知道被囂電的時候到了
[00:22:12.000 --> 00:22:14.000]  美好的仗打過了
[00:22:14.000 --> 00:22:17.000]  最後保羅說
[00:22:17.000 --> 00:22:22.000]  馬可於我有益處
[00:22:22.000 --> 00:22:26.000]  中文聖經翻譯時有註解
[00:22:26.000 --> 00:22:30.000]  究竟是傳道還是服事
[00:22:30.000 --> 00:22:31.000]  這個不重要
[00:22:31.000 --> 00:22:37.000]  馬可為何先前對保羅是一個責任
[00:22:37.000 --> 00:22:39.000]  一個連累、一個負累
[00:22:39.000 --> 00:22:43.000]  現在成為一個資產、有益
[00:22:43.000 --> 00:22:53.000]  是巴拿巴的師父勸諱的工作
[00:22:53.000 --> 00:22:59.000]  造就另一位新約教會的同工
[00:22:59.000 --> 00:23:02.000]  保羅在他的書信中這樣說
[00:23:02.000 --> 00:23:06.000]  我們沒有巴拿巴任何文字留下
[00:23:06.000 --> 00:23:13.000]  但是我們看到這個衝突、這個分開
[00:23:13.000 --> 00:23:22.000]  到最後保羅見到神的旨意成就
[00:23:22.000 --> 00:23:28.000]  他在他的書信中也表達他的態度
[00:23:28.000 --> 00:23:33.000]  瓦各是第三個人物
[00:23:33.000 --> 00:23:38.000]  加拿大書提他的時候稱他為
[00:23:38.000 --> 00:23:42.000]  「儲石二章第九節」
[00:23:42.000 --> 00:23:47.000]  中文聖經加了旁邊有小點的
[00:23:47.000 --> 00:23:50.000]  「教會的儲石」
[00:23:50.000 --> 00:23:57.000]  瓦各的身份是主耶穌的兄弟
[00:23:57.000 --> 00:24:02.000]  加拿大書一章第十九節
[00:24:02.000 --> 00:24:04.000]  當然耶穌沒有哥哥
[00:24:04.000 --> 00:24:06.000]  所以一定是弟弟
[00:24:06.000 --> 00:24:13.000]  瓦各是耶路撒冷教會的領袖人物
[00:24:13.000 --> 00:24:16.000]  在《士路行傳》我們見得很清楚
[00:24:16.000 --> 00:24:25.000]  這個不是西比太的兒子瓦各約翰的使徒瓦各
[00:24:25.000 --> 00:24:31.000]  約翰的哥哥瓦各被希律王殺死了
[00:24:31.000 --> 00:24:36.000]  現在說的是教會的儲石
[00:24:36.000 --> 00:24:39.000]  耶穌的弟弟瓦各
[00:24:39.000 --> 00:24:44.000]  這樣的一個教會領袖舉足輕重
[00:24:44.000 --> 00:24:47.000]  但是我們很清楚知道
[00:24:47.000 --> 00:24:52.000]  記得他和保羅之間的爭論
[00:24:52.000 --> 00:24:58.000]  就是福音的核心
[00:24:58.000 --> 00:25:02.000]  瓦各書二章二十四節
[00:25:02.000 --> 00:25:04.000]  瓦各怎麼說?
[00:25:04.000 --> 00:25:06.000]  斬釘截鐵
[00:25:06.000 --> 00:25:08.000]  一點都沒有含糊
[00:25:08.000 --> 00:25:12.000]  人稱義是因著行為
[00:25:12.000 --> 00:25:16.000]  不是單因著信
[00:25:16.000 --> 00:25:21.000]  這句話很明顯是回應羅馬書
[00:25:21.000 --> 00:25:25.000]  保羅在羅馬書三章二十八節
[00:25:25.000 --> 00:25:30.000]  保羅說人稱義是因著信
[00:25:30.000 --> 00:25:35.000]  不在乎遵行律法
[00:25:35.000 --> 00:25:37.000]  或者你還記得
[00:25:37.000 --> 00:25:39.000]  還有以弗所書
[00:25:39.000 --> 00:25:43.000]  保羅在以弗所書說
[00:25:43.000 --> 00:25:45.000]  你們得救是本乎因
[00:25:45.000 --> 00:25:49.000]  因著信不是出於自己
[00:25:49.000 --> 00:25:51.000]  乃是神所賜的
[00:25:51.000 --> 00:25:56.000]  不是出於行為免得有人自誇
[00:25:56.000 --> 00:25:57.000]  瓦各現在說
[00:25:57.000 --> 00:26:01.000]  人稱義就是因著行為
[00:26:01.000 --> 00:26:05.000]  不是單因著信
[00:26:05.000 --> 00:26:10.000]  華人教會因為改革運動
[00:26:10.000 --> 00:26:15.000]  馬丁路德的神學傳統影響
[00:26:15.000 --> 00:26:20.000]  我們奉保羅的教義
[00:26:20.000 --> 00:26:24.000]  是新約聖經的正統信仰
[00:26:24.000 --> 00:26:27.000]  所以我們一直對瓦各書
[00:26:27.000 --> 00:26:30.000]  都有一點點不知如何是好的感覺
[00:26:30.000 --> 00:26:33.000]  有聖經學者甚至認為
[00:26:33.000 --> 00:26:36.000]  瓦各書二章二十四節這句
[00:26:36.000 --> 00:26:42.000]  是新約聖經中最難理解的一句話
[00:26:42.000 --> 00:26:50.000]  這個出發點其實是以保羅的立場去看瓦各
[00:26:50.000 --> 00:26:57.000]  新約聖經瓦各和保羅之間的衝突
[00:26:57.000 --> 00:27:04.000]  其實如果再縮窄一點的焦點
[00:27:04.000 --> 00:27:16.000]  是兩個新約的領袖如何讀《創世紀》第十五章第六節
[00:27:16.000 --> 00:27:22.000]  「阿伯拉罕信神者就算為他的兒」
[00:27:22.000 --> 00:27:26.000]  兩個的解釋是完全相反
[00:27:26.000 --> 00:27:27.000]  這是我們明白的
[00:27:27.000 --> 00:27:32.000]  也不是我們來到最後三分鐘想要解決的問題
[00:27:32.000 --> 00:27:34.000]  不過我想指出的就是
[00:27:34.000 --> 00:27:42.000]  這個衝突其實在《使徒行傳》二十一章
[00:27:42.000 --> 00:27:49.000]  是有記載過一次保羅第三次宣教旅程
[00:27:49.000 --> 00:27:53.000]  回到耶路撒冷之後第一件事情
[00:27:53.000 --> 00:27:56.000]  他和瓦各見面
[00:27:56.000 --> 00:28:02.000]  見面的時候保羅問安
[00:28:02.000 --> 00:28:12.000]  然後就將神在外邦人中間所行的事情一一述說
[00:28:12.000 --> 00:28:15.000]  今天我們會說宣教士述職
[00:28:15.000 --> 00:28:21.000]  向瓦各長老們述職
[00:28:21.000 --> 00:28:28.000]  弟兄姊妹教會的領袖聽見歸榮耀給神
[00:28:28.000 --> 00:28:31.000]  不過他們同時也告訴保羅
[00:28:31.000 --> 00:28:38.000]  猶太人當中信主的數以萬計
[00:28:38.000 --> 00:28:44.000]  並且都為律法而深
[00:28:44.000 --> 00:28:46.000]  然後他們就說
[00:28:46.000 --> 00:28:52.000]  保羅你教訓在外邦居住的猶太人
[00:28:52.000 --> 00:28:57.000]  信耶穌離棄摩西的律法不行割禮
[00:28:57.000 --> 00:28:59.000]  怎麼算好呢?
[00:28:59.000 --> 00:29:03.000]  路加這句話寫得很全神
[00:29:03.000 --> 00:29:06.000]  然後我們留意
[00:29:06.000 --> 00:29:11.000]  瓦各建議保羅一個做法
[00:29:11.000 --> 00:29:15.000]  你照我們的說話這樣做吧
[00:29:15.000 --> 00:29:19.000]  一同行潔淨之禮
[00:29:19.000 --> 00:29:23.000]  有四個猶太的基督徒一起
[00:29:23.000 --> 00:29:24.000]  連同保羅
[00:29:24.000 --> 00:29:29.000]  保羅幫他們出了律法規定的本項
[00:29:29.000 --> 00:29:32.000]  讓人知道
[00:29:32.000 --> 00:29:34.000]  這個是史良傳說的
[00:29:34.000 --> 00:29:40.000]  先前大家聽見關於你的事情是不正確的
[00:29:40.000 --> 00:29:48.000]  保羅你是一個循規蹈矩進行律法的人
[00:29:48.000 --> 00:29:52.000]  至於外邦的信徒應該怎麼做
[00:29:52.000 --> 00:29:56.000]  其實早在十五章耶路撒冷會議之後
[00:29:56.000 --> 00:30:00.000]  瓦各和教會的長老已經寫了信
[00:30:00.000 --> 00:30:06.000]  提醒他們禁戒製偶像之物和血
[00:30:06.000 --> 00:30:13.000]  還有勒死的生畜和奸人
[00:30:13.000 --> 00:30:20.000]  這樣的一個對保羅的要求
[00:30:20.000 --> 00:30:23.000]  保羅接受
[00:30:23.000 --> 00:30:27.000]  保羅照著去做
[00:30:27.000 --> 00:30:29.000]  難得吧
[00:30:29.000 --> 00:30:39.000]  保羅沒有在神學的觀念上接受瓦各的說法
[00:30:39.000 --> 00:30:43.000]  瓦各也沒有接受保羅的說法
[00:30:43.000 --> 00:30:48.000]  你回去看回兩卷書信
[00:30:48.000 --> 00:30:50.000]  南轅北轍
[00:30:50.000 --> 00:30:53.000]  但是兩個人見面
[00:30:53.000 --> 00:30:56.000]  在教會的群體當中
[00:30:56.000 --> 00:31:01.000]  他們能夠找到一條可歉的路
[00:31:01.000 --> 00:31:05.000]  一條大家都可以走的路
[00:31:05.000 --> 00:31:10.000]  這個努力、這個態度
[00:31:10.000 --> 00:31:13.000]  為福音的緣故
[00:31:13.000 --> 00:31:20.000]  彼此和好、彼此相愛
[00:31:20.000 --> 00:31:22.000]  是不可能的
[00:31:22.000 --> 00:31:26.000]  新約聖經只是實事求是
[00:31:26.000 --> 00:31:28.000]  這樣記載了下來
[00:31:28.000 --> 00:31:30.000]  但更重要的是
[00:31:30.000 --> 00:31:32.000]  我們必須要記得
[00:31:32.000 --> 00:31:36.000]  保羅書信在重要
[00:31:36.000 --> 00:31:39.000]  在新約聖經的目錄裡
[00:31:39.000 --> 00:31:43.000]  還有其他的書信
[00:31:43.000 --> 00:31:45.000]  我們說其他
[00:31:45.000 --> 00:31:47.000]  以保羅為主
[00:31:47.000 --> 00:31:48.000]  不是
[00:31:48.000 --> 00:31:50.000]  另外一個翻譯
[00:31:50.000 --> 00:31:51.000]  很不幸的是
[00:31:51.000 --> 00:31:53.000]  普通書信
[00:31:53.000 --> 00:31:56.000]  其實這個也不是很準確
[00:31:56.000 --> 00:31:58.000]  準確一點的說法
[00:31:58.000 --> 00:32:00.000]  除了保羅的書信
[00:32:00.000 --> 00:32:04.000]  被收錄在新約聖經
[00:32:04.000 --> 00:32:08.000]  我們知道還有大公書信
[00:32:08.000 --> 00:32:10.000]  大公的意思就是
[00:32:10.000 --> 00:32:14.000]  教會不可以只有保羅的神學
[00:32:14.000 --> 00:32:19.000]  只有保羅的書信並不足夠
[00:32:19.000 --> 00:32:25.000]  還需要有其他大公的書信
[00:32:25.000 --> 00:32:29.000]  所以我們習慣了從羅馬書出發
[00:32:29.000 --> 00:32:30.000]  去看雅各書
[00:32:30.000 --> 00:32:32.000]  其實反過來
[00:32:32.000 --> 00:32:35.000]  我們可以從雅各書出發
[00:32:35.000 --> 00:32:38.000]  去看羅馬書
[00:32:38.000 --> 00:32:40.000]  不過我們華人教會
[00:32:40.000 --> 00:32:45.000]  從來都不習慣這樣做
[00:32:45.000 --> 00:32:48.000]  新約聖經除了雅各書之外
[00:32:48.000 --> 00:32:53.000]  在大公書信還有希伯來書
[00:32:53.000 --> 00:32:55.000]  如何討論信心
[00:32:55.000 --> 00:32:58.000]  十一章信心英雄
[00:32:58.000 --> 00:32:59.000]  我們留心
[00:32:59.000 --> 00:33:00.000]  沒有時間了
[00:33:00.000 --> 00:33:01.000]  你自己讀吧
[00:33:01.000 --> 00:33:03.000]  希伯來書說的
[00:33:03.000 --> 00:33:07.000]  每一個有信心的舊約人物
[00:33:07.000 --> 00:33:09.000]  他們有沒有行為的
[00:33:09.000 --> 00:33:11.000]  彼得後書
[00:33:11.000 --> 00:33:13.000]  使徒彼得又如何說
[00:33:13.000 --> 00:33:15.000]  有了信心
[00:33:15.000 --> 00:33:16.000]  沒錯
[00:33:16.000 --> 00:33:18.000]  這是入門的第一步
[00:33:18.000 --> 00:33:22.000]  又要加上得行
[00:33:22.000 --> 00:33:24.000]  行為
[00:33:24.000 --> 00:33:26.000]  兩者不可以分開
[00:33:26.000 --> 00:33:29.000]  約翰書信又如何說
[00:33:29.000 --> 00:33:31.000]  人若說我愛神
[00:33:31.000 --> 00:33:34.000]  卻恨他的弟兄
[00:33:34.000 --> 00:33:38.000]  這人是說謊話的
[00:33:38.000 --> 00:33:40.000]  你說約翰最聰明
[00:33:40.000 --> 00:33:41.000]  他說了愛
[00:33:41.000 --> 00:33:42.000]  他不說信心
[00:33:42.000 --> 00:33:43.000]  說
[00:33:43.000 --> 00:33:45.000]  約翰福音如何說
[00:33:45.000 --> 00:33:47.000]  約翰福音說
[00:33:47.000 --> 00:33:50.000]  凡接待他的
[00:33:50.000 --> 00:33:54.000]  就是信他名的人
[00:33:54.000 --> 00:34:00.000]  他就賜他們權並作神的兒女
[00:34:00.000 --> 00:34:01.000]  約翰福音結束
[00:34:01.000 --> 00:34:03.000]  但記者些事
[00:34:03.000 --> 00:34:06.000]  叫你們信耶穌是基督
[00:34:06.000 --> 00:34:07.000]  是神的兒子
[00:34:07.000 --> 00:34:10.000]  得到永遠的生命
[00:34:10.000 --> 00:34:13.000]  是從信耶穌開始
[00:34:13.000 --> 00:34:18.000]  新約聖經討論信心得救
[00:34:18.000 --> 00:34:22.000]  不是只有保羅的神學
[00:34:22.000 --> 00:34:29.000]  這是聖經留下的歷史事實
[00:34:29.000 --> 00:34:32.000]  事實上我們看到
[00:34:32.000 --> 00:34:35.000]  在短短《士道行傳》
[00:34:35.000 --> 00:34:39.000]  或者《迦拉泰書》半章的經文
[00:34:39.000 --> 00:34:48.000]  記載了教會領袖之間的衝突和撕裂
[00:34:48.000 --> 00:34:52.000]  但我們也可以在新約聖經中
[00:34:52.000 --> 00:34:56.000]  讀到他們的復和
[00:34:56.000 --> 00:35:00.000]  我幾乎想在今天講到的題目
[00:35:00.000 --> 00:35:07.000]  加上新約經典的撕裂與復和
[00:35:07.000 --> 00:35:10.000]  經典不是講新約聖經
[00:35:10.000 --> 00:35:17.000]  是講一個可以作為典範的三個例子
[00:35:17.000 --> 00:35:20.000]  不過我又再想一想
[00:35:20.000 --> 00:35:27.000]  其實撕裂、復和這個聖經的主題
[00:35:27.000 --> 00:35:36.000]  同樣是今天我們教會需要好好面對
[00:35:36.000 --> 00:35:42.000]  好好學習的一個課題
[00:35:42.000 --> 00:35:46.000]  求聖靈幫助我們
[00:35:46.000 --> 00:35:50.000]  我們講到這裡結束
[00:35:50.000 --> 00:35:54.000]  我不帶大家祈禱了
[00:35:54.000 --> 00:36:00.000]  請大家有一段安靜、密吐的時間
[00:36:00.000 --> 00:36:08.000]  將你聽見聖靈微小的聲音和我們講的話
[00:36:08.000 --> 00:36:15.000]  你直接向主發出禱告的回應
[00:36:15.000 --> 00:36:18.000]  我們安靜、密吐
[00:36:18.000 --> 00:36:20.000]  謝謝大家
[00:36:20.000 --> 00:36:23.000]  (字幕由Amara.org社匯入)
[00:36:23.000 --> 00:36:26.000]  (感謝支持Amara.org社匯入)
[00:36:27.000 --> 00:36:30.000]  (感謝支持Amara.org社匯入)
[00:36:30.000 --> 00:36:33.000]  (字幕由 Amara.org 社群提供)
[00:36:33.000 --> 00:36:36.000]  (字幕由 Amara.org 社群提供)

