
[00:00:00.000 --> 00:00:07.800]  羅馬書第20章8章5-16節
[00:00:07.800 --> 00:00:09.600]  剛才我們也讀過經文
[00:00:09.600 --> 00:00:13.200]  今天要和大家講一個很嚴肅的問題
[00:00:13.200 --> 00:00:14.800]  也是很重要
[00:00:14.800 --> 00:00:17.000]  很值得我們思考
[00:00:17.000 --> 00:00:20.400]  我們有沒有聖靈在我們身上
[00:00:20.400 --> 00:00:24.800]  基督徒也會說我有聖靈在我身上
[00:00:24.800 --> 00:00:29.400]  但我們怎麼知道我們真的有聖靈在我們身上呢
[00:00:29.400 --> 00:00:31.800]  今天的經文會告訴我們
[00:00:31.800 --> 00:00:35.600]  我們是不是真的有神的靈在我們身上
[00:00:35.600 --> 00:00:41.200]  羅馬書第8章的主題很清楚是講聖靈
[00:00:41.200 --> 00:00:42.600]  我們怎麼知道
[00:00:42.600 --> 00:00:47.400]  聖靈這個字在羅馬書第8章一共出現19次
[00:00:47.400 --> 00:00:51.400]  聖靈和我們每個人屬靈的關係
[00:00:51.400 --> 00:00:55.000]  就好像神和祂創造的關係一樣
[00:00:55.000 --> 00:00:57.200]  為什麼我會這樣說
[00:00:57.200 --> 00:01:00.600]  你想想這個世界是神創造的
[00:01:00.600 --> 00:01:03.600]  沒有神就沒有這個世界
[00:01:03.600 --> 00:01:07.400]  但如果沒有神維持這個世界的秩序
[00:01:07.400 --> 00:01:09.400]  這個世界是會崩潰的
[00:01:09.400 --> 00:01:12.400]  我們屬靈的生命都是一樣
[00:01:12.400 --> 00:01:14.200]  如果沒有聖靈的話
[00:01:14.200 --> 00:01:16.800]  我們根本是沒有屬靈的生命
[00:01:16.800 --> 00:01:20.800]  但如果沒有聖靈來維持我們屬靈的生命
[00:01:20.800 --> 00:01:23.800]  我們屬靈的生命一樣會崩潰
[00:01:23.800 --> 00:01:28.200]  所以聖靈是非常重要
[00:01:28.200 --> 00:01:29.600]  在聖經裏面
[00:01:29.600 --> 00:01:32.400]  稱聖靈為神的靈
[00:01:32.400 --> 00:01:33.600]  父的靈
[00:01:33.600 --> 00:01:34.600]  主的靈
[00:01:34.600 --> 00:01:36.000]  基督的靈
[00:01:36.000 --> 00:01:39.600]  我有很多經文我不會一一讀出來
[00:01:39.600 --> 00:01:42.600]  我講到很喜歡用很多經文
[00:01:42.600 --> 00:01:43.400]  為什麼
[00:01:43.400 --> 00:01:47.600]  因為我主張用聖經來解釋聖經
[00:01:47.600 --> 00:01:51.400]  如果我是用自己的智慧來解經的話
[00:01:51.400 --> 00:01:53.000]  你們不需要理會
[00:01:53.000 --> 00:01:55.600]  這只不過是我個人的意見
[00:01:55.600 --> 00:01:57.400]  個人的思考
[00:01:57.400 --> 00:02:00.200]  但如果我用聖經來解釋聖經的話
[00:02:00.200 --> 00:02:04.400]  這就是原本聖靈密時作者
[00:02:04.400 --> 00:02:07.000]  要讀者知道的訊息
[00:02:07.000 --> 00:02:10.400]  所以聖經解釋聖經是很重要
[00:02:10.400 --> 00:02:14.400]  我會把這些經文都留在PowerPoint
[00:02:14.400 --> 00:02:17.200]  如果你們想知道有什麼經文
[00:02:17.200 --> 00:02:19.400]  讓我們知道有聖靈的稱呼
[00:02:19.400 --> 00:02:22.000]  你們可以自己去查一查
[00:02:22.000 --> 00:02:25.000]  首先我們說聖靈不是什麼
[00:02:25.000 --> 00:02:27.600]  很多人認為聖靈是一股力量
[00:02:27.600 --> 00:02:30.800]  很多人認為聖靈只不過是一種感覺
[00:02:30.800 --> 00:02:32.000]  不是的
[00:02:32.000 --> 00:02:34.400]  聖靈是三位一體的神
[00:02:34.400 --> 00:02:37.200]  當耶穌基督說到聖靈的時候
[00:02:37.200 --> 00:02:39.000]  祂都是用「他」字
[00:02:39.000 --> 00:02:42.400]  在說約翰福音的十四章至十六章
[00:02:42.400 --> 00:02:46.600]  聖靈是有齊所有神的品格
[00:02:46.600 --> 00:02:49.000]  例如祂是有思想
[00:02:49.000 --> 00:02:50.400]  祂是有意志
[00:02:50.400 --> 00:02:51.800]  祂是有感情
[00:02:51.800 --> 00:02:53.200]  祂是有自知
[00:02:53.200 --> 00:02:55.400]  祂還懂得擔憂的天
[00:02:55.400 --> 00:02:58.800]  聖經叫我們不要令聖靈擔憂
[00:02:58.800 --> 00:03:01.400]  所以聖靈是活生生的神
[00:03:01.400 --> 00:03:02.800]  不是死物
[00:03:02.800 --> 00:03:06.600]  聖靈是三位一體的神
[00:03:06.600 --> 00:03:08.800]  祂有齊所有神的屬性
[00:03:08.800 --> 00:03:12.000]  聖經告訴我們祂是無所不知的
[00:03:12.000 --> 00:03:15.200]  哥倫多前書的二章十至十一節
[00:03:15.200 --> 00:03:17.800]  祂是無所不能
[00:03:17.800 --> 00:03:20.600]  約伯記的三十三章第四節
[00:03:20.600 --> 00:03:22.400]  祂還是無處不在
[00:03:22.400 --> 00:03:24.200]  記不記得詩人說
[00:03:24.200 --> 00:03:27.200]  「我到那裡去逃避你的靈」
[00:03:27.200 --> 00:03:29.400]  是詩篇的一百三十九篇
[00:03:29.400 --> 00:03:31.000]  七至十節
[00:03:31.000 --> 00:03:35.800]  祂還是自幼泳遊希伯來書的九章十四節
[00:03:35.800 --> 00:03:38.600]  還有祂所做的事情
[00:03:38.600 --> 00:03:40.800]  只有神才可以做
[00:03:40.800 --> 00:03:43.800]  例如祂創造這個世界
[00:03:43.800 --> 00:03:46.000]  創世紀的一章二節
[00:03:46.000 --> 00:03:49.000]  例如祂又能夠赦免人的罪
[00:03:49.000 --> 00:03:51.800]  有誰能夠赦免人的罪?除了神
[00:03:51.800 --> 00:03:54.200]  只有神才可以赦免人的罪
[00:03:54.200 --> 00:03:57.600]  約翰福音的二十章二十一至二十三節
[00:03:57.600 --> 00:04:00.800]  祂還可以使信徒清義
[00:04:00.800 --> 00:04:03.800]  羅馬書是說恩信清義
[00:04:03.800 --> 00:04:06.800]  聖靈可以使信徒清義
[00:04:06.800 --> 00:04:09.800]  哥倫多前書的六章十一節
[00:04:09.800 --> 00:04:13.200]  還有聖靈可以使人復活
[00:04:13.200 --> 00:04:16.000]  這個也是只有神才可以做
[00:04:16.000 --> 00:04:18.400]  羅馬書的八章十一節
[00:04:18.400 --> 00:04:21.000]  所以聖經絕對告訴我們
[00:04:21.000 --> 00:04:23.600]  聖靈就是三位一體的神
[00:04:23.600 --> 00:04:25.200]  還有呢?
[00:04:25.200 --> 00:04:29.800]  聖靈和信徒有很親密的關係
[00:04:29.800 --> 00:04:33.000]  祂住在每一個信徒的裡面
[00:04:33.000 --> 00:04:34.800]  羅馬書的八章九節
[00:04:34.800 --> 00:04:38.000]  和哥倫多前書的六章十九節
[00:04:38.000 --> 00:04:41.800]  祂不時提醒我們有關耶穌基督的事
[00:04:41.800 --> 00:04:44.600]  以致我們能夠榮耀耶穌基督
[00:04:44.600 --> 00:04:50.000]  這是約翰福音的十五章二十六和十六章十四所說
[00:04:50.000 --> 00:04:52.400]  剛才的詩歌也有提到
[00:04:52.400 --> 00:04:55.400]  我們要被聖靈充滿
[00:04:55.400 --> 00:04:58.600]  就是以弗所書的五章十八節所說
[00:04:58.600 --> 00:05:00.600]  除了被聖靈充滿
[00:05:00.600 --> 00:05:04.200]  祂還幫我們能夠結出屬靈的果子
[00:05:04.200 --> 00:05:07.000]  加拉太書的五章二十二節
[00:05:07.000 --> 00:05:08.000]  還有呢?
[00:05:08.000 --> 00:05:12.000]  祂把不同的恩賜賜給信徒
[00:05:12.000 --> 00:05:13.800]  羅馬書的十二章
[00:05:13.800 --> 00:05:16.000]  哥倫多前書的十二章
[00:05:16.000 --> 00:05:18.200]  和以弗所書的四章
[00:05:18.200 --> 00:05:19.200]  還有呢?
[00:05:19.200 --> 00:05:23.200]  祂印證信徒真是神的兒女
[00:05:23.200 --> 00:05:27.000]  祂和信徒都有很密切的團契
[00:05:27.000 --> 00:05:30.200]  這就是我剛才守聖餐的時候所說
[00:05:30.200 --> 00:05:33.600]  在《說語.哥倫多後書》的十三章十四節
[00:05:33.600 --> 00:05:36.200]  說祂和我們交通
[00:05:36.200 --> 00:05:38.400]  約翰福音的十四章和十六章
[00:05:38.400 --> 00:05:40.800]  說聖靈教導我們
[00:05:40.800 --> 00:05:42.800]  我們能夠明白聖經
[00:05:42.800 --> 00:05:45.200]  都是聖靈光照我們
[00:05:45.200 --> 00:05:47.200]  使我們能夠明白聖經
[00:05:47.200 --> 00:05:50.200]  在羅馬書的八章二十六節
[00:05:50.200 --> 00:05:52.200]  當我們不懂得禱告的時候
[00:05:52.200 --> 00:05:54.200]  聖靈用說不出的嘆息
[00:05:54.200 --> 00:05:57.200]  來幫助我們每個人禱告
[00:05:57.200 --> 00:06:01.200]  我們剛剛才說完羅馬書的第七章
[00:06:01.200 --> 00:06:03.600]  說我們和肉體的爭鬥
[00:06:03.600 --> 00:06:07.200]  聖靈就是會幫助我們勝過我們的肉體
[00:06:07.200 --> 00:06:08.600]  還有呢?
[00:06:08.600 --> 00:06:10.600]  聖靈是會安慰我們
[00:06:10.600 --> 00:06:12.600]  幫助我們成聖
[00:06:12.600 --> 00:06:16.000]  其實聖靈不是只有新約才有
[00:06:16.000 --> 00:06:20.000]  所謂舊約已經是有聖靈的應許
[00:06:20.000 --> 00:06:23.800]  在以西傑書的十一章十九至二十節
[00:06:23.800 --> 00:06:26.400]  我要使他們有合一的心
[00:06:26.400 --> 00:06:30.000]  也要將新靈放在他們的裏面
[00:06:30.000 --> 00:06:33.000]  又從他們肉體中除掉錫心
[00:06:33.000 --> 00:06:34.800]  賜給他們肉身
[00:06:34.800 --> 00:06:37.400]  使他們順從我的律例
[00:06:37.400 --> 00:06:39.800]  謹守遵行我的典章
[00:06:39.800 --> 00:06:41.600]  他們要作我的子民
[00:06:41.600 --> 00:06:44.000]  我要作他們的神
[00:06:44.000 --> 00:06:44.800]  有沒有看到?
[00:06:44.800 --> 00:06:48.400]  我們如何能夠守神的律例典章?
[00:06:48.400 --> 00:06:51.400]  是靠著聖靈幫助我們
[00:06:51.400 --> 00:06:55.000]  這個在以西傑書的三十六章二十六節
[00:06:55.000 --> 00:06:56.200]  都很相似
[00:06:56.200 --> 00:06:59.400]  我必將我的靈放在你們的裏面
[00:06:59.400 --> 00:07:01.600]  使你們順從我的律例
[00:07:01.600 --> 00:07:04.400]  謹守遵行我的典章
[00:07:04.400 --> 00:07:08.200]  記不記得我上一次說羅馬書第七章的時候
[00:07:08.200 --> 00:07:10.600]  我說是聖靈幫助我們
[00:07:10.600 --> 00:07:13.800]  能夠勝過肉體
[00:07:13.800 --> 00:07:15.800]  在羅馬書第八章還說
[00:07:15.800 --> 00:07:18.000]  我們能夠承傳律法
[00:07:18.000 --> 00:07:19.200]  是因為什麼?
[00:07:19.200 --> 00:07:21.200]  是因為聖靈的緣故
[00:07:21.200 --> 00:07:24.000]  是因為聖靈幫助我們
[00:07:24.000 --> 00:07:26.400]  所以聖靈的工作很重要
[00:07:26.400 --> 00:07:28.800]  尤其是在羅馬書第八章
[00:07:28.800 --> 00:07:31.000]  是很清楚告訴他們
[00:07:31.000 --> 00:07:32.800]  整部羅馬書都是說
[00:07:32.800 --> 00:07:34.400]  「因順稱義」
[00:07:34.400 --> 00:07:37.200]  第八章第一節已經告訴我們
[00:07:37.200 --> 00:07:38.600]  我們不被定罪
[00:07:38.600 --> 00:07:39.600]  為什麼?
[00:07:39.600 --> 00:07:42.600]  因為有聖靈在我們的身上
[00:07:42.600 --> 00:07:44.200]  八章二節說
[00:07:44.200 --> 00:07:46.400]  因為似生命聖靈的律
[00:07:46.400 --> 00:07:49.000]  在基督耶穌裏釋放了我們
[00:07:49.000 --> 00:07:52.600]  使我們脫離罪和死的律
[00:07:52.600 --> 00:07:56.400]  我們不再被律法來定我們的罪
[00:07:56.400 --> 00:08:00.600]  但我們仍然要守生命聖靈的律
[00:08:00.600 --> 00:08:03.800]  而在羅馬書第八章四節告訴我們
[00:08:03.800 --> 00:08:06.000]  是聖靈幫助我們
[00:08:06.000 --> 00:08:09.800]  能夠承受、能夠承傳神的律法
[00:08:09.800 --> 00:08:12.400]  這就是聖靈的工作
[00:08:12.400 --> 00:08:14.400]  等一下我們還會說一件
[00:08:14.400 --> 00:08:16.600]  還有一件很重要的
[00:08:16.600 --> 00:08:18.200]  就是聖靈幫助我們
[00:08:18.200 --> 00:08:20.200]  致死我們的肉體
[00:08:20.200 --> 00:08:22.600]  今天這篇道的大綱
[00:08:22.600 --> 00:08:24.600]  一共有三個部分
[00:08:24.600 --> 00:08:27.400]  三個部分都是和聖靈有關
[00:08:27.400 --> 00:08:29.600]  第一個部分是說出
[00:08:29.600 --> 00:08:32.200]  有聖靈和沒有聖靈的分別
[00:08:32.200 --> 00:08:35.200]  羅馬書八章五至八節
[00:08:35.200 --> 00:08:37.000]  第二個部分是說
[00:08:37.000 --> 00:08:39.600]  擁有聖靈的生命是怎樣
[00:08:39.600 --> 00:08:42.200]  羅馬書八章九至十一
[00:08:42.200 --> 00:08:44.200]  第三個部分就是
[00:08:44.200 --> 00:08:47.000]  被聖靈擁有的生命又是怎樣
[00:08:47.000 --> 00:08:50.200]  羅馬書八章十二至十六節
[00:08:50.200 --> 00:08:53.000]  喂!你說我擁有聖靈還不夠嗎?
[00:08:53.000 --> 00:08:55.400]  還要給聖靈來擁有我?
[00:08:55.400 --> 00:08:59.400]  是的!每個人都可以說自己擁有聖靈
[00:08:59.400 --> 00:09:02.200]  但一個真正擁有聖靈的人
[00:09:02.200 --> 00:09:04.200]  是會有不一樣的生命
[00:09:04.200 --> 00:09:06.200]  等一下我們就會看到
[00:09:06.200 --> 00:09:10.200]  首先我們來看看
[00:09:10.200 --> 00:09:12.600]  有聖靈和沒有聖靈的分別
[00:09:12.600 --> 00:09:15.400]  羅馬書八章五至八節
[00:09:15.400 --> 00:09:17.800]  羅馬書八章所說的
[00:09:17.800 --> 00:09:20.200]  不是兩種不同的基督徒
[00:09:20.200 --> 00:09:22.400]  不是說有一種屬肉體
[00:09:22.400 --> 00:09:24.000]  有一種屬靈
[00:09:24.000 --> 00:09:29.000]  而是比較得救的人和不得救的人的分別
[00:09:29.000 --> 00:09:31.400]  世上只有兩種人
[00:09:31.400 --> 00:09:34.200]  就是得救的人和不得救的人
[00:09:34.200 --> 00:09:36.600]  接受神的人和不接受
[00:09:36.600 --> 00:09:40.200]  神從來不會用人的性別
[00:09:40.200 --> 00:09:42.200]  用男女來分別人
[00:09:42.200 --> 00:09:47.200]  神從來不會用文化、教育程度來分別人
[00:09:47.200 --> 00:09:51.400]  神也更加不會用等級、種族來分別人
[00:09:51.400 --> 00:09:54.800]  只有一種分別人的方式是什麼?
[00:09:54.800 --> 00:09:56.800]  就是同神的關係
[00:09:56.800 --> 00:09:58.800]  你一是和他有關係
[00:09:58.800 --> 00:10:00.800]  你一是和他沒有關係
[00:10:00.800 --> 00:10:03.200]  當我們接受耶穌基督
[00:10:03.200 --> 00:10:05.800]  聖靈就能夠改變我們的本質
[00:10:05.800 --> 00:10:09.400]  幫助我們和神有一個新的關係
[00:10:09.400 --> 00:10:14.800]  保羅說出了一共有四種不同的對比
[00:10:14.800 --> 00:10:19.400]  第一種就是屬肉體和屬靈的分別
[00:10:19.400 --> 00:10:21.400]  羅馬書的八章五節
[00:10:21.400 --> 00:10:26.200]  因為隨從肉體的人體貼肉體的事
[00:10:26.200 --> 00:10:29.800]  隨從聖靈的人體貼聖靈的事
[00:10:29.800 --> 00:10:33.800]  未得救的人沒有神的靈在他們身上
[00:10:33.800 --> 00:10:38.000]  所以他們體貼的是肉體的事
[00:10:38.000 --> 00:10:42.000]  他們追求所有肉體上的東西
[00:10:42.000 --> 00:10:44.400]  滿足他們肉體的一切
[00:10:44.400 --> 00:10:47.000]  就是物質上的東西
[00:10:47.000 --> 00:10:49.000]  就是那些會腐敗的東西
[00:10:49.000 --> 00:10:53.000]  這一切就在《索約翰一書》第二章都有說
[00:10:53.000 --> 00:10:55.000]  但是一個屬靈的人
[00:10:55.000 --> 00:10:58.000]  他們有一個新的本質
[00:10:58.000 --> 00:11:00.000]  他們和神有一個新的關係
[00:11:00.000 --> 00:11:05.000]  他們把心思意念都放在屬靈的事上
[00:11:05.000 --> 00:11:07.000]  他們是體貼聖靈
[00:11:07.000 --> 00:11:09.000]  這就是我時時都說
[00:11:09.000 --> 00:11:12.000]  神的事工有什麼很重要?
[00:11:12.000 --> 00:11:14.000]  大使命啊
[00:11:14.000 --> 00:11:17.000]  耶穌基督臨升天的時候
[00:11:17.000 --> 00:11:19.000]  他交給門徒的是什麼?
[00:11:19.000 --> 00:11:23.000]  就是《馬太福音》第28章的大使命
[00:11:23.000 --> 00:11:27.000]  究竟我們對屬靈的事是有關心嗎?
[00:11:27.000 --> 00:11:28.000]  還是屬肉體的事?
[00:11:28.000 --> 00:11:31.000]  這個問一下我們自己就很清楚
[00:11:31.000 --> 00:11:33.000]  《羅馬書》的八章四節說
[00:11:33.000 --> 00:11:35.000]  成就律法
[00:11:35.000 --> 00:11:37.000]  就是我上一次和大家說
[00:11:37.000 --> 00:11:39.000]  這是什麼?
[00:11:39.000 --> 00:11:40.000]  這是行為來的
[00:11:40.000 --> 00:11:42.000]  走出來
[00:11:42.000 --> 00:11:44.000]  八章五節所說的
[00:11:44.000 --> 00:11:46.000]  體貼聖靈
[00:11:46.000 --> 00:11:48.000]  這是思想
[00:11:48.000 --> 00:11:52.000]  有正確的思想才能有正確的行為
[00:11:52.000 --> 00:11:56.000]  在哥倫多前書的二章十二節
[00:11:56.000 --> 00:11:59.000]  我們所領受的並不是世上的靈
[00:11:59.000 --> 00:12:01.000]  乃是從神來的靈
[00:12:01.000 --> 00:12:06.000]  叫我們能知道神開恩賜給我們的事
[00:12:06.000 --> 00:12:08.000]  每一個屬靈的人
[00:12:08.000 --> 00:12:10.000]  都能夠明白神的話語
[00:12:10.000 --> 00:12:13.000]  能夠知道什麼是重要
[00:12:13.000 --> 00:12:15.000]  什麼是屬靈的事
[00:12:15.000 --> 00:12:18.000]  我們就會體貼屬靈的事
[00:12:18.000 --> 00:12:20.000]  所以我們對神的事工
[00:12:20.000 --> 00:12:23.000]  對神的工作會有很大的負擔
[00:12:23.000 --> 00:12:27.000]  但當我們只體貼肉體的事
[00:12:27.000 --> 00:12:31.000]  我們就會追求滿足肉體的事
[00:12:31.000 --> 00:12:34.000]  所以每一個真正接受耶穌基督的人
[00:12:34.000 --> 00:12:36.000]  我們都有一個新的方向
[00:12:36.000 --> 00:12:39.000]  和以前走的路很不同
[00:12:39.000 --> 00:12:41.000]  我們都會追求聖靈
[00:12:41.000 --> 00:12:43.000]  體貼聖靈的事
[00:12:43.000 --> 00:12:45.000]  被聖靈帶領
[00:12:45.000 --> 00:12:48.000]  這就是菲勒比書二章五節所說
[00:12:48.000 --> 00:12:50.000]  以基督的心為心
[00:12:50.000 --> 00:12:52.000]  不是說未得救的人
[00:12:52.000 --> 00:12:54.000]  就不會做任何好事
[00:12:54.000 --> 00:12:56.000]  也不是說一個得救的人
[00:12:56.000 --> 00:12:58.000]  就一定不會做壞事
[00:12:58.000 --> 00:13:01.000]  但我們的方向是很不同
[00:13:01.000 --> 00:13:03.000]  屬肉體的人
[00:13:03.000 --> 00:13:07.000]  是追求一切生活上屬肉體的事
[00:13:07.000 --> 00:13:09.000]  但屬靈的人
[00:13:09.000 --> 00:13:11.000]  我們會追求屬靈的事
[00:13:11.000 --> 00:13:15.000]  非基督徒都可以做好事
[00:13:15.000 --> 00:13:17.000]  但我以前都說過
[00:13:17.000 --> 00:13:19.000]  很多時候他們做好事
[00:13:19.000 --> 00:13:21.000]  都是為了炫耀自己
[00:13:21.000 --> 00:13:23.000]  或者為了驕傲
[00:13:23.000 --> 00:13:25.000]  但你說不是的
[00:13:25.000 --> 00:13:29.000]  牧師,我認識很多非基督徒很好
[00:13:29.000 --> 00:13:32.000]  他們做好事就是為了做好事
[00:13:32.000 --> 00:13:34.000]  不是為了他們自己
[00:13:34.000 --> 00:13:36.000]  但試問
[00:13:36.000 --> 00:13:40.000]  如果你不去榮耀做你的神
[00:13:40.000 --> 00:13:44.000]  創造世界宇宙萬物的造物者
[00:13:44.000 --> 00:13:46.000]  你都不去榮耀
[00:13:46.000 --> 00:13:49.000]  你是為了做好事而做好事
[00:13:49.000 --> 00:13:52.000]  試問你這些好事是不是真正的好事?
[00:13:52.000 --> 00:13:53.000]  不是
[00:13:53.000 --> 00:13:56.000]  只有你做好事將榮耀歸給神
[00:13:56.000 --> 00:14:00.000]  這些才是真真正正的好事
[00:14:00.000 --> 00:14:02.000]  除了第一點
[00:14:02.000 --> 00:14:05.000]  屬肉體和屬靈的分別
[00:14:05.000 --> 00:14:07.000]  還有第二點
[00:14:07.000 --> 00:14:10.000]  是死亡和生命平安的分別
[00:14:10.000 --> 00:14:12.000]  羅馬書8章6節
[00:14:12.000 --> 00:14:15.000]  體貼肉體的就是死
[00:14:15.000 --> 00:14:19.000]  體貼聖靈的乃是生命平安
[00:14:19.000 --> 00:14:22.000]  注意這段經文是說什麼
[00:14:22.000 --> 00:14:25.000]  不是屬肉體會導致死亡
[00:14:25.000 --> 00:14:27.000]  你再看清楚經文
[00:14:27.000 --> 00:14:29.000]  不是導致死亡
[00:14:29.000 --> 00:14:32.000]  而是屬肉體就是死亡
[00:14:32.000 --> 00:14:36.000]  經文也不是說屬靈會導致生命
[00:14:36.000 --> 00:14:39.000]  經文說屬靈就是生命
[00:14:39.000 --> 00:14:41.000]  是一個等號
[00:14:41.000 --> 00:14:43.000]  不是一個結果
[00:14:43.000 --> 00:14:46.000]  意思是一個不認識神的人
[00:14:46.000 --> 00:14:49.000]  他們生活在死亡當中
[00:14:49.000 --> 00:14:53.000]  這就是以弗所書2章1節所說
[00:14:53.000 --> 00:14:56.000]  你們死在過犯罪惡之中
[00:14:56.000 --> 00:14:58.000]  他叫你們活過來
[00:14:58.000 --> 00:15:01.000]  是耶穌基督叫我們活過來
[00:15:01.000 --> 00:15:05.000]  我們每個人一生出來就在死亡的裡面
[00:15:05.000 --> 00:15:11.000]  一個非基督徒不是說肉體身體的死亡
[00:15:11.000 --> 00:15:14.000]  而是靈裡面的死亡
[00:15:14.000 --> 00:15:16.000]  靈裡面的死亡是什麼
[00:15:16.000 --> 00:15:18.000]  是與神分離
[00:15:18.000 --> 00:15:21.000]  他對神的事和屬靈的事
[00:15:21.000 --> 00:15:24.000]  他完全沒有回應
[00:15:24.000 --> 00:15:28.000]  一個很好的例子就是死人
[00:15:28.000 --> 00:15:30.000]  一個死屍
[00:15:30.000 --> 00:15:33.000]  四周的人可能因為他死了
[00:15:33.000 --> 00:15:35.000]  在哭到不可思議
[00:15:35.000 --> 00:15:37.000]  但他已經不能有回應
[00:15:37.000 --> 00:15:38.000]  為什麼?
[00:15:38.000 --> 00:15:40.000]  因為他是肉體的分離
[00:15:40.000 --> 00:15:42.000]  這是身體的分離
[00:15:42.000 --> 00:15:44.000]  但是靈的分離呢?
[00:15:44.000 --> 00:15:46.000]  靈裡面的分離呢?
[00:15:46.000 --> 00:15:48.000]  是與神分離
[00:15:48.000 --> 00:15:53.000]  你不能對神或屬靈的事有任何回應
[00:15:53.000 --> 00:15:56.000]  一個非基督徒可能是一個很好的人
[00:15:56.000 --> 00:15:59.000]  可能他是一個很虔誠
[00:15:59.000 --> 00:16:01.000]  有宗教有信仰
[00:16:01.000 --> 00:16:03.000]  但是他缺乏的是什麼?
[00:16:03.000 --> 00:16:05.000]  他缺乏的是屬靈的生命
[00:16:05.000 --> 00:16:08.000]  他完全沒有屬靈的生命
[00:16:08.000 --> 00:16:12.000]  這就是以塞瓦書59章2節所說
[00:16:12.000 --> 00:16:15.000]  「但你們的罪孽使你們與神隔離
[00:16:15.000 --> 00:16:20.000]  你們的罪惡使他掩面不聽你們」
[00:16:20.000 --> 00:16:22.000]  接受耶穌基督的人呢?
[00:16:22.000 --> 00:16:23.000]  剛剛相反
[00:16:23.000 --> 00:16:27.000]  他是會體貼聖靈的事而有生命
[00:16:27.000 --> 00:16:31.000]  這就是羅馬書第六章所說
[00:16:31.000 --> 00:16:33.000]  「當我們每一個人
[00:16:33.000 --> 00:16:37.000]  我們的舊我與耶穌基督同釘十字架
[00:16:37.000 --> 00:16:38.000]  一同被埋葬
[00:16:38.000 --> 00:16:40.000]  我們的新我復活
[00:16:40.000 --> 00:16:44.000]  就會與神本性上有份」
[00:16:44.000 --> 00:16:47.000]  這是彼得後書的一章四節
[00:16:47.000 --> 00:16:49.000]  「與神本性上有份」
[00:16:49.000 --> 00:16:52.000]  我們與神有份就是
[00:16:52.000 --> 00:16:54.000]  不單止我們有生命
[00:16:54.000 --> 00:16:57.000]  而且還會有平安
[00:16:57.000 --> 00:17:00.000]  說了兩點
[00:17:00.000 --> 00:17:03.000]  屬靈和屬肉體
[00:17:03.000 --> 00:17:05.000]  生命平安和死亡
[00:17:05.000 --> 00:17:10.000]  第三點就是與神為友與神為敵
[00:17:10.000 --> 00:17:12.000]  羅馬書八章七節
[00:17:12.000 --> 00:17:16.000]  「原來體貼肉體的就是與神為仇」
[00:17:16.000 --> 00:17:20.000]  其實我們說羅馬書第五章已經說過
[00:17:20.000 --> 00:17:22.000]  一個人恩信稱義
[00:17:22.000 --> 00:17:23.000]  得救的時候
[00:17:23.000 --> 00:17:25.000]  我們是與神和好
[00:17:25.000 --> 00:17:28.000]  避免了從神而來的審判
[00:17:28.000 --> 00:17:31.000]  避免了從神而來的懲罰
[00:17:31.000 --> 00:17:34.000]  但是當不接受耶穌基督
[00:17:34.000 --> 00:17:35.000]  不接受神
[00:17:35.000 --> 00:17:38.000]  我們就會與神為敵
[00:17:38.000 --> 00:17:42.000]  這就是以塞瓦書四十八章二十二節所說
[00:17:42.000 --> 00:17:43.000]  「耶和說
[00:17:43.000 --> 00:17:45.000]  惡人必不得平安
[00:17:45.000 --> 00:17:48.000]  當我們與神為敵的時候
[00:17:48.000 --> 00:17:50.000]  我們沒有辦法得到平安
[00:17:50.000 --> 00:17:54.000]  只有與神為友我們才可以得到平安」
[00:17:54.000 --> 00:17:57.000]  羅馬書八章七節尾說
[00:17:57.000 --> 00:18:01.000]  「因為不服神的律法也不能服從
[00:18:01.000 --> 00:18:04.000]  不單止未接受神的人
[00:18:04.000 --> 00:18:06.000]  他們不會服從神
[00:18:06.000 --> 00:18:08.000]  他們也不能服從神
[00:18:08.000 --> 00:18:09.000]  為什麼?
[00:18:09.000 --> 00:18:12.000]  因為沒有聖靈來幫助他們
[00:18:12.000 --> 00:18:15.000]  所以他們根本沒有辦法服從神」
[00:18:15.000 --> 00:18:17.000]  有人說
[00:18:17.000 --> 00:18:19.000]  我們接受了耶穌基督
[00:18:19.000 --> 00:18:23.000]  我們是不是永遠時時刻刻都可以服從神?
[00:18:23.000 --> 00:18:24.000]  當然不是
[00:18:24.000 --> 00:18:27.000]  這就是羅馬書第七章我們說過
[00:18:27.000 --> 00:18:31.000]  加拉太書五章十七節我們也說過
[00:18:31.000 --> 00:18:33.000]  「情慾和聖靈相爭
[00:18:33.000 --> 00:18:35.000]  聖靈和情慾相爭」
[00:18:35.000 --> 00:18:39.000]  我們有時候仍然會與神為敵
[00:18:39.000 --> 00:18:41.000]  但我們要知道的
[00:18:41.000 --> 00:18:44.000]  雖然我們在我們的肉體裏
[00:18:44.000 --> 00:18:46.000]  但我們不屬於這個肉體
[00:18:46.000 --> 00:18:48.000]  屬於肉體就大件事了
[00:18:48.000 --> 00:18:49.000]  是非基督徒
[00:18:49.000 --> 00:18:52.000]  就好像基督徒在世不屬世
[00:18:52.000 --> 00:18:54.000]  我們在這個肉體裏
[00:18:54.000 --> 00:18:56.000]  但我們不是屬於這個肉體
[00:18:56.000 --> 00:18:58.000]  雖然我們有時候會反叛
[00:18:58.000 --> 00:19:02.000]  但到頭來我們也會越來越服從神
[00:19:02.000 --> 00:19:05.000]  我們也會越來越像耶穌基督
[00:19:05.000 --> 00:19:06.000]  但相反地
[00:19:06.000 --> 00:19:09.000]  一個非基督徒會怎樣?
[00:19:09.000 --> 00:19:11.000]  沒有鬥爭
[00:19:11.000 --> 00:19:13.000]  其實我不應該說沒有鬥爭
[00:19:13.000 --> 00:19:14.000]  待會你們會看到
[00:19:14.000 --> 00:19:17.000]  就算一個非基督徒也會有鬥爭
[00:19:17.000 --> 00:19:21.000]  但這個鬥爭不是聖靈和肉體的鬥爭
[00:19:21.000 --> 00:19:24.000]  是其他的事我們待會會說
[00:19:24.000 --> 00:19:27.000]  還有第四點
[00:19:27.000 --> 00:19:31.000]  除了一個信神的人與神為友
[00:19:31.000 --> 00:19:34.000]  一個不信的人與神為仇
[00:19:34.000 --> 00:19:37.000]  第四點就是不得神喜悅
[00:19:37.000 --> 00:19:40.000]  和得神喜悅的比較
[00:19:40.000 --> 00:19:42.000]  羅馬書8:8說
[00:19:42.000 --> 00:19:46.000]  而且屬肉體的人不能得神的喜歡
[00:19:46.000 --> 00:19:50.000]  屬肉體的意思就是在耶穌基督以外
[00:19:50.000 --> 00:19:52.000]  記不記得上次我和大家說
[00:19:52.000 --> 00:19:57.000]  那些在基督耶穌裡的就不定罪了
[00:19:57.000 --> 00:20:02.000]  所以一個非基督徒就在耶穌基督以外
[00:20:02.000 --> 00:20:05.000]  你是沒有辦法取悅神
[00:20:05.000 --> 00:20:09.000]  而一個不接受神的人也不會希望取悅神
[00:20:09.000 --> 00:20:12.000]  他是希望取悅自己
[00:20:12.000 --> 00:20:17.000]  這個和耶穌基督在《赫西瑪利元》所說的很不同
[00:20:17.000 --> 00:20:19.000]  記不記得耶穌基督說
[00:20:19.000 --> 00:20:23.000]  父啊,照你的旨意,不要照我的旨意
[00:20:23.000 --> 00:20:25.000]  但一個不接受神的人
[00:20:25.000 --> 00:20:28.000]  他是會希望照自己的旨意
[00:20:28.000 --> 00:20:31.000]  而不是照神的旨意
[00:20:31.000 --> 00:20:35.000]  非基督徒是沒有聖靈在他們裡面
[00:20:35.000 --> 00:20:38.000]  所以他們絕對不可能取悅神
[00:20:38.000 --> 00:20:42.000]  我們呢,不單止我們被神救贖
[00:20:42.000 --> 00:20:44.000]  脫離了將來的審判
[00:20:44.000 --> 00:20:49.000]  就算現在我們都可以靠著聖靈來侍奉神
[00:20:49.000 --> 00:20:51.000]  來守神的律例典章
[00:20:51.000 --> 00:20:54.000]  以致我們能夠取悅神
[00:20:54.000 --> 00:20:56.000]  所以我們是能夠取悅神
[00:20:56.000 --> 00:20:59.000]  但不得救的人是不能夠
[00:20:59.000 --> 00:21:02.000]  我們說了一共四點
[00:21:02.000 --> 00:21:04.000]  分別在哪裡呢?
[00:21:04.000 --> 00:21:06.000]  有聖靈和沒有聖靈
[00:21:06.000 --> 00:21:09.000]  是屬肉體和屬靈的分別
[00:21:09.000 --> 00:21:12.000]  是死亡和生命平安的分別
[00:21:12.000 --> 00:21:16.000]  是與神為仇和與神為友的分別
[00:21:16.000 --> 00:21:22.000]  是不能得神喜悅和得神喜悅的分別
[00:21:22.000 --> 00:21:26.000]  注意在羅馬書的八章五至八節
[00:21:26.000 --> 00:21:28.000]  就是我們剛剛說完的經文
[00:21:28.000 --> 00:21:33.000]  其實保羅的注意力是放在屬肉體的人身上
[00:21:33.000 --> 00:21:36.000]  而去到羅馬書的八章九至十一節
[00:21:36.000 --> 00:21:39.000]  突然間保羅將名詞調過來
[00:21:39.000 --> 00:21:41.000]  他說是用你們
[00:21:41.000 --> 00:21:43.000]  是與誰說話?
[00:21:43.000 --> 00:21:45.000]  是與羅馬教會說話?
[00:21:45.000 --> 00:21:47.000]  是與基督徒說話?
[00:21:47.000 --> 00:21:49.000]  他說什麼呢?
[00:21:49.000 --> 00:21:51.000]  他說你們擁有聖靈
[00:21:51.000 --> 00:21:54.000]  你們應該有擁有聖靈的生命
[00:21:54.000 --> 00:21:58.000]  在羅馬書的八章九至十一節
[00:21:58.000 --> 00:22:00.000]  羅馬書的八章九節怎樣說呢?
[00:22:00.000 --> 00:22:03.000]  如果神的靈住在你們心裡
[00:22:03.000 --> 00:22:06.000]  你們就不屬肉體乃屬聖靈
[00:22:06.000 --> 00:22:11.000]  人若沒有基督的靈就不是屬基督的
[00:22:11.000 --> 00:22:14.000]  不救的人我們是有聖靈在我們裡面
[00:22:14.000 --> 00:22:17.000]  見證我們就是神的兒女
[00:22:17.000 --> 00:22:20.000]  我們的身體就是聖靈的電
[00:22:20.000 --> 00:22:23.000]  哥林多前書的六章十九至二十節
[00:22:23.000 --> 00:22:27.000]  雖然我們的身體仍然會敗壞
[00:22:27.000 --> 00:22:29.000]  仍然會病會死
[00:22:29.000 --> 00:22:32.000]  但聖靈已經印證了我們是信徒
[00:22:32.000 --> 00:22:34.000]  是屬於神
[00:22:34.000 --> 00:22:36.000]  就算我們將來死
[00:22:36.000 --> 00:22:38.000]  我們仍然會有復活
[00:22:38.000 --> 00:22:40.000]  這裡又需要澄清一下
[00:22:40.000 --> 00:22:44.000]  不是說單單是基督徒才有復活
[00:22:44.000 --> 00:22:47.000]  基督徒和非基督徒都會有復活
[00:22:47.000 --> 00:22:51.000]  只在你在哪裡度過你的永恆
[00:22:51.000 --> 00:22:56.000]  非基督徒和基督徒將來都是永遠存在的
[00:22:56.000 --> 00:22:59.000]  只在你是永遠與神隔離
[00:22:59.000 --> 00:23:01.000]  還是永遠與神同在
[00:23:01.000 --> 00:23:03.000]  這就是分別
[00:23:03.000 --> 00:23:07.000]  除了我們擁有聖靈
[00:23:07.000 --> 00:23:10.000]  我們也需要被聖靈來擁有
[00:23:10.000 --> 00:23:11.000]  我剛才也說過
[00:23:11.000 --> 00:23:15.000]  每個基督徒都會說自己有聖靈在我們身上
[00:23:15.000 --> 00:23:18.000]  但是有一樣很重要的
[00:23:18.000 --> 00:23:20.000]  我們也需要被聖靈來擁有
[00:23:20.000 --> 00:23:23.000]  以致我們能夠有不一樣的生命
[00:23:23.000 --> 00:23:27.000]  不一樣的生命就是靠著聖靈
[00:23:27.000 --> 00:23:30.000]  我們能夠活出新人的樣式
[00:23:30.000 --> 00:23:32.000]  剛才我們說過
[00:23:32.000 --> 00:23:34.000]  聖靈在我們身上的工作
[00:23:34.000 --> 00:23:36.000]  有很多工作我已經說了
[00:23:36.000 --> 00:23:40.000]  但是羅馬書的八章十二至十三節所說的
[00:23:40.000 --> 00:23:43.000]  是一樣我們剛才沒有說到
[00:23:43.000 --> 00:23:46.000]  但是很重要的一件工作是什麼呢?
[00:23:46.000 --> 00:23:51.000]  我們能夠靠著聖靈來治死身體的惡行
[00:23:51.000 --> 00:23:54.000]  靠著聖靈來治死罪
[00:23:54.000 --> 00:23:56.000]  治死我們的肉體
[00:23:56.000 --> 00:24:00.000]  首先保羅說被聖靈擁有
[00:24:00.000 --> 00:24:02.000]  第一點他說什麼呢?
[00:24:02.000 --> 00:24:04.000]  是哪些人被聖靈擁有?
[00:24:04.000 --> 00:24:07.000]  所以第一點就是人選的問題
[00:24:07.000 --> 00:24:10.000]  無論是基督徒還是非基督徒
[00:24:10.000 --> 00:24:12.000]  我們都有神的形象
[00:24:12.000 --> 00:24:15.000]  我們是照著神的形象被造
[00:24:15.000 --> 00:24:18.000]  而且在羅馬書第二章告訴我們
[00:24:18.000 --> 00:24:22.000]  神在我們每個人裡面都放了他的良知
[00:24:22.000 --> 00:24:25.000]  當罪進入了這個世界
[00:24:25.000 --> 00:24:27.000]  我們就開始有鬥爭
[00:24:27.000 --> 00:24:31.000]  我剛才說不單單是基督徒有鬥爭
[00:24:31.000 --> 00:24:33.000]  非基督徒也有鬥爭
[00:24:33.000 --> 00:24:35.000]  基督徒的鬥爭是什麼呢?
[00:24:35.000 --> 00:24:38.000]  是靈和肉體的鬥爭
[00:24:38.000 --> 00:24:42.000]  非基督徒是良知和肉體的鬥爭
[00:24:42.000 --> 00:24:45.000]  所以你不要以為只有基督徒才有鬥爭
[00:24:45.000 --> 00:24:49.000]  但是非基督徒的鬥爭是沒有結果的
[00:24:49.000 --> 00:24:51.000]  是無法解決的
[00:24:51.000 --> 00:24:54.000]  所以為什麼世上有這麼多人有精神病
[00:24:54.000 --> 00:24:58.000]  為什麼世上有這麼多人會自殺
[00:24:58.000 --> 00:25:01.000]  就是因為他們有鬥爭但解決不了
[00:25:01.000 --> 00:25:05.000]  但我們基督徒是靈和肉體的鬥爭
[00:25:05.000 --> 00:25:06.000]  是有解決的
[00:25:06.000 --> 00:25:08.000]  只要我們靠著聖靈
[00:25:08.000 --> 00:25:11.000]  我們就能夠勝過肉體
[00:25:11.000 --> 00:25:14.000]  回答剛才的問題
[00:25:14.000 --> 00:25:17.000]  擁有聖靈的是哪些人呢?
[00:25:17.000 --> 00:25:20.000]  保羅在羅馬書的八章十二節
[00:25:20.000 --> 00:25:21.000]  他說「弟兄們」
[00:25:21.000 --> 00:25:22.000]  有沒有看到?
[00:25:22.000 --> 00:25:25.000]  所以擁有聖靈的就是弟兄們
[00:25:25.000 --> 00:25:27.000]  就是基督徒
[00:25:27.000 --> 00:25:29.000]  除了擁有聖靈的人選
[00:25:29.000 --> 00:25:33.000]  第二點是擁有聖靈的原因
[00:25:33.000 --> 00:25:36.000]  為什麼我們會擁有聖靈幫助我們?
[00:25:36.000 --> 00:25:39.000]  原文在羅馬書的八章十二節
[00:25:39.000 --> 00:25:41.000]  是有「所以」這個字開始
[00:25:41.000 --> 00:25:45.000]  在中文的和合本是沒有「所以」這個字
[00:25:45.000 --> 00:25:47.000]  但在原文有
[00:25:47.000 --> 00:25:48.000]  如果有「所以」的
[00:25:48.000 --> 00:25:51.000]  就是要看前面那七章的經文說什麼
[00:25:51.000 --> 00:25:54.000]  我們因信稱義被神打救了
[00:25:54.000 --> 00:25:57.000]  所以我們現在要回應
[00:25:57.000 --> 00:25:59.000]  羅馬書的八章十二節說
[00:25:59.000 --> 00:26:02.000]  我們並不是欠肉體的債
[00:26:02.000 --> 00:26:04.000]  我們不是欠肉體的債
[00:26:04.000 --> 00:26:06.000]  我們是欠誰的債?
[00:26:06.000 --> 00:26:08.000]  我們是欠神的債
[00:26:08.000 --> 00:26:10.000]  所以被神救贖了
[00:26:10.000 --> 00:26:12.000]  我們就需要回應
[00:26:12.000 --> 00:26:13.000]  我們需要服從
[00:26:13.000 --> 00:26:17.000]  這個就和在說出埃及記
[00:26:17.000 --> 00:26:20.000]  當神將律例典章給以色列人的時候
[00:26:20.000 --> 00:26:21.000]  很相似
[00:26:21.000 --> 00:26:23.000]  給律法給以色列人
[00:26:23.000 --> 00:26:26.000]  神首先提醒他們
[00:26:26.000 --> 00:26:28.000]  是我耶和華你們的神
[00:26:28.000 --> 00:26:31.000]  將你們從遺牢之間領出來
[00:26:31.000 --> 00:26:34.000]  所以你們要遵守我的律例典章
[00:26:34.000 --> 00:26:36.000]  同樣的經文
[00:26:36.000 --> 00:26:38.000]  也在新命記的第五章
[00:26:38.000 --> 00:26:41.000]  當神叫摩西重新律法的時候
[00:26:41.000 --> 00:26:44.000]  又重一次提醒他們
[00:26:44.000 --> 00:26:46.000]  是我耶和華你們的神
[00:26:46.000 --> 00:26:49.000]  將你們從遺牢之間領出來
[00:26:49.000 --> 00:26:53.000]  所以你們現在要遵守我的律例典章
[00:26:53.000 --> 00:26:56.000]  這個和羅馬書的格局也很相似
[00:26:56.000 --> 00:26:58.000]  羅馬書的一章至十一章
[00:26:58.000 --> 00:27:01.000]  保羅說出神的恩典
[00:27:01.000 --> 00:27:04.000]  是神使你們成為二人
[00:27:04.000 --> 00:27:05.000]  稱你們成為二人
[00:27:05.000 --> 00:27:07.000]  使你們得救
[00:27:07.000 --> 00:27:10.000]  所以在羅馬書的十二章一節說
[00:27:10.000 --> 00:27:12.000]  所以弟兄們
[00:27:12.000 --> 00:27:14.000]  我以神的慈悲勸你們
[00:27:14.000 --> 00:27:16.000]  將身體獻上當作活祭
[00:27:16.000 --> 00:27:19.000]  是聖潔的 是神所喜悅的
[00:27:19.000 --> 00:27:22.000]  你們如此侍奉乃是理所當然的
[00:27:22.000 --> 00:27:24.000]  一模一樣
[00:27:24.000 --> 00:27:27.000]  在述加拉太書的一章至四章
[00:27:27.000 --> 00:27:29.000]  保羅說出神的恩典
[00:27:29.000 --> 00:27:32.000]  說出真正的福音是什麼
[00:27:32.000 --> 00:27:35.000]  因為當時有很多假的教導
[00:27:35.000 --> 00:27:38.000]  然後他在述加拉太書的五章一節說
[00:27:38.000 --> 00:27:40.000]  基督釋放了我們
[00:27:40.000 --> 00:27:42.000]  叫我們得以自由
[00:27:42.000 --> 00:27:44.000]  所以要站立得穩
[00:27:44.000 --> 00:27:47.000]  不要被奴僕的鴉壓制
[00:27:47.000 --> 00:27:50.000]  為什麼會被奴僕的鴉來夾制
[00:27:50.000 --> 00:27:52.000]  就是那些賈魯斯
[00:27:52.000 --> 00:27:54.000]  叫那些以色列人
[00:27:54.000 --> 00:27:58.000]  你們一定要遵守猶太人的律例典章
[00:27:58.000 --> 00:28:00.000]  才能得救
[00:28:00.000 --> 00:28:03.000]  還有以弗所書一至三章
[00:28:03.000 --> 00:28:06.000]  保羅又說出了神的恩典
[00:28:06.000 --> 00:28:10.000]  說出了神建立教會就是基督的身體
[00:28:10.000 --> 00:28:14.000]  然後去到以弗所書的四章一節
[00:28:14.000 --> 00:28:16.000]  我為主被困的勸你們
[00:28:16.000 --> 00:28:19.000]  既然蒙召行事為人
[00:28:19.000 --> 00:28:21.000]  就當與蒙召的恩相稱
[00:28:21.000 --> 00:28:24.000]  你們現在是基督的身體
[00:28:24.000 --> 00:28:27.000]  你們應該走出來與蒙召的恩相稱
[00:28:27.000 --> 00:28:30.000]  在肥勒比書的第一章
[00:28:30.000 --> 00:28:32.000]  肥勒比書說什麼呢?
[00:28:32.000 --> 00:28:35.000]  信徒在主內的喜樂
[00:28:35.000 --> 00:28:38.000]  我們能夠越來越像耶穌基督
[00:28:38.000 --> 00:28:41.000]  保羅在肥勒比書的第一章
[00:28:41.000 --> 00:28:43.000]  又是說出神的恩典
[00:28:43.000 --> 00:28:45.000]  說出真理
[00:28:45.000 --> 00:28:48.000]  然後在肥勒比書的二章一至二節
[00:28:48.000 --> 00:28:51.000]  說所以在基督耶穌裡
[00:28:51.000 --> 00:28:53.000]  若有什麼勸勉
[00:28:53.000 --> 00:28:55.000]  愛心有什麼安慰
[00:28:55.000 --> 00:28:57.000]  聖靈有什麼教通
[00:28:57.000 --> 00:28:59.000]  心中有什麼慈悲
[00:28:59.000 --> 00:29:02.000]  憐憫你們就要意念相同
[00:29:02.000 --> 00:29:03.000]  愛心相同
[00:29:03.000 --> 00:29:05.000]  有一樣的心思
[00:29:05.000 --> 00:29:06.000]  有一樣的意念
[00:29:06.000 --> 00:29:09.000]  使我的喜樂可以滿足
[00:29:09.000 --> 00:29:10.000]  有沒有看到
[00:29:10.000 --> 00:29:14.000]  所以我們為什麼要被聖靈來擁有
[00:29:14.000 --> 00:29:16.000]  為什麼我們要走出來
[00:29:16.000 --> 00:29:18.000]  在新守神的律例短章
[00:29:18.000 --> 00:29:21.000]  是因為神首先救贖了我們
[00:29:21.000 --> 00:29:24.000]  一切都是因為神的恩典
[00:29:24.000 --> 00:29:29.000]  那你說我們應該怎樣走出來
[00:29:29.000 --> 00:29:31.000]  保羅跟著告訴我們
[00:29:31.000 --> 00:29:34.000]  我們就是要致死我們的肉體
[00:29:34.000 --> 00:29:38.000]  你說致死肉體的力量從哪裡來
[00:29:38.000 --> 00:29:39.000]  你說我很軟弱
[00:29:39.000 --> 00:29:41.000]  我做不到
[00:29:41.000 --> 00:29:44.000]  這就是基督徒和非基督徒的分別
[00:29:44.000 --> 00:29:47.000]  我們有聖靈在我們身上
[00:29:47.000 --> 00:29:50.000]  我們可以勝過這個爭鬥
[00:29:50.000 --> 00:29:54.000]  聖靈和力量這兩個字的意念
[00:29:54.000 --> 00:29:57.000]  在聖經裡是通用的
[00:29:57.000 --> 00:29:59.000]  聖靈是沒有力量的
[00:29:59.000 --> 00:30:00.000]  我們怎麼知道
[00:30:00.000 --> 00:30:02.000]  在《使徒行傳》的一章八節經文說
[00:30:02.000 --> 00:30:05.000]  但聖靈降臨在你們身上
[00:30:05.000 --> 00:30:07.000]  你們就必得著能力
[00:30:07.000 --> 00:30:09.000]  《使徒行傳》第八章
[00:30:09.000 --> 00:30:12.000]  記不記得有行邪術的西門
[00:30:12.000 --> 00:30:14.000]  他看到當聖靈降臨的時候
[00:30:14.000 --> 00:30:16.000]  有很大的能力
[00:30:16.000 --> 00:30:17.000]  所以他很羨慕
[00:30:17.000 --> 00:30:20.000]  他希望用錢來買這個能力
[00:30:20.000 --> 00:30:21.000]  向門徒來買
[00:30:21.000 --> 00:30:24.000]  在《使徒行傳》的十章第38節
[00:30:24.000 --> 00:30:27.000]  甚怎樣以聖靈和能力
[00:30:27.000 --> 00:30:29.000]  高拿撒勒人耶穌基督
[00:30:29.000 --> 00:30:31.000]  耶穌基督在世的時候
[00:30:31.000 --> 00:30:34.000]  也是靠聖靈的力量來行使
[00:30:34.000 --> 00:30:37.000]  舊約也有很多經文
[00:30:37.000 --> 00:30:39.000]  在尼加書的三章八節
[00:30:39.000 --> 00:30:42.000]  至於我,我藉耶和華的靈
[00:30:42.000 --> 00:30:45.000]  滿有力量,公平才能
[00:30:45.000 --> 00:30:47.000]  撒加利亞書的四章六節
[00:30:47.000 --> 00:30:49.000]  是我們很熟悉的華語
[00:30:49.000 --> 00:30:53.000]  不是倚靠勢力,不是倚靠才能
[00:30:53.000 --> 00:30:56.000]  乃是倚靠我的靈,方能成事
[00:30:56.000 --> 00:30:58.000]  新約就更加不用說
[00:30:58.000 --> 00:31:01.000]  路加福音的一章三十五節
[00:31:01.000 --> 00:31:03.000]  天使回答瑪利亞
[00:31:03.000 --> 00:31:06.000]  他說聖靈要臨到你的身上
[00:31:06.000 --> 00:31:08.000]  至高者的能力要任避你
[00:31:08.000 --> 00:31:11.000]  在羅馬書的十五章十八節
[00:31:11.000 --> 00:31:14.000]  保羅說基督藉著他
[00:31:14.000 --> 00:31:16.000]  用神跡歧視的能力
[00:31:16.000 --> 00:31:20.000]  並聖靈的能力使外邦人馴服
[00:31:20.000 --> 00:31:23.000]  還有最後耳忽所書的三章十六節
[00:31:23.000 --> 00:31:27.000]  求他按著他豐盛的榮耀
[00:31:27.000 --> 00:31:32.000]  藉著他的靈叫你們心裡的力量剛強起來
[00:31:32.000 --> 00:31:35.000]  有沒有看到這篇經文很重要
[00:31:35.000 --> 00:31:39.000]  聖靈幫助我們裡面的人剛強起來
[00:31:39.000 --> 00:31:43.000]  以致我們能勝過我們的肉體
[00:31:43.000 --> 00:31:47.000]  力量這個字在原文的希臘文
[00:31:47.000 --> 00:31:49.000]  是Dunamis這個字
[00:31:49.000 --> 00:31:52.000]  慢慢演變成英文的Dynamite
[00:31:52.000 --> 00:31:54.000]  就是炸藥
[00:31:54.000 --> 00:31:56.000]  所以你看到是多有力量
[00:31:56.000 --> 00:31:58.000]  好像炸藥一樣
[00:31:58.000 --> 00:32:00.000]  我們就是有這個炸藥在我們裡面
[00:32:00.000 --> 00:32:02.000]  可以幫助我們
[00:32:02.000 --> 00:32:05.000]  所以當羅馬書第七章
[00:32:05.000 --> 00:32:08.000]  保羅說到我有爭鬥
[00:32:08.000 --> 00:32:10.000]  我願意做的我不去做
[00:32:10.000 --> 00:32:12.000]  我不願意做的我又做了
[00:32:12.000 --> 00:32:14.000]  羅馬書的七章十五
[00:32:14.000 --> 00:32:16.000]  七章二十四他又說什麼
[00:32:16.000 --> 00:32:18.000]  我真的命苦了
[00:32:18.000 --> 00:32:21.000]  有誰可以救我脫離這個取死的身體
[00:32:21.000 --> 00:32:23.000]  答案在哪裡
[00:32:23.000 --> 00:32:25.000]  在羅馬書的第八章
[00:32:25.000 --> 00:32:29.000]  靠著聖靈的力量你就能夠得勝
[00:32:29.000 --> 00:32:33.000]  這個也是加拉太書的五章十七節所說
[00:32:33.000 --> 00:32:35.000]  情慾和聖靈相爭
[00:32:35.000 --> 00:32:37.000]  聖靈和情慾相爭
[00:32:37.000 --> 00:32:40.000]  和羅馬書第七章說的一模一樣
[00:32:40.000 --> 00:32:43.000]  又是什麼幫助我們得勝
[00:32:43.000 --> 00:32:47.000]  你看看加拉太書的五章二十四至二十五節
[00:32:47.000 --> 00:32:49.000]  凡屬基督耶穌的人
[00:32:49.000 --> 00:32:51.000]  是已經把肉體
[00:32:51.000 --> 00:32:53.000]  連肉體的邪情絲肉
[00:32:53.000 --> 00:32:55.000]  銅釘在十字架上
[00:32:55.000 --> 00:32:57.000]  我們若是靠聖靈得勝
[00:32:57.000 --> 00:33:00.000]  就當靠聖靈行事
[00:33:00.000 --> 00:33:04.000]  有沒有看到靠聖靈得勝和靠聖靈行事
[00:33:04.000 --> 00:33:08.000]  剛才我說誰幫助我們有屬靈的生命
[00:33:08.000 --> 00:33:09.000]  是聖靈
[00:33:09.000 --> 00:33:12.000]  沒有聖靈我們根本沒有屬靈的生命
[00:33:12.000 --> 00:33:15.000]  所以我們是靠聖靈得勝
[00:33:15.000 --> 00:33:19.000]  但是聖靈不單止給我們有新的生命
[00:33:19.000 --> 00:33:23.000]  他還繼續維持我們屬靈的生命
[00:33:23.000 --> 00:33:28.000]  所以我們繼續要靠聖靈行事
[00:33:28.000 --> 00:33:32.000]  所以我們已經有齊所有資源
[00:33:32.000 --> 00:33:34.000]  我們是可以做得到
[00:33:34.000 --> 00:33:38.000]  甚至我們是有潛能有潛質
[00:33:38.000 --> 00:33:40.000]  可以成為一個完美的人
[00:33:40.000 --> 00:33:42.000]  我只是說有潛質
[00:33:42.000 --> 00:33:44.000]  我不是說我們可以做得到
[00:33:44.000 --> 00:33:47.000]  為什麼我們有潛質可以做完美的人
[00:33:47.000 --> 00:33:49.000]  因為聖靈是完美
[00:33:49.000 --> 00:33:52.000]  如果我們是完完全全服從聖靈的話
[00:33:52.000 --> 00:33:53.000]  我們是可以做得到
[00:33:53.000 --> 00:33:55.000]  但是因為我們在最新的那裡
[00:33:55.000 --> 00:33:58.000]  所以我們暫時沒有這個可能
[00:33:58.000 --> 00:34:02.000]  已不所書的五章十八節
[00:34:02.000 --> 00:34:06.000]  今天的詩歌都說我們要被聖靈來充滿
[00:34:06.000 --> 00:34:08.000]  怎樣被聖靈充滿呢
[00:34:08.000 --> 00:34:12.000]  就是慣性地被聖靈來滲透我們的生活
[00:34:12.000 --> 00:34:15.000]  我們的思想是照著聖靈的思想
[00:34:15.000 --> 00:34:18.000]  我們的感受是照著聖靈的感受
[00:34:18.000 --> 00:34:22.000]  順服聖靈的旨意是什麼意思
[00:34:22.000 --> 00:34:26.000]  就是被聖靈操縱來控制我們
[00:34:26.000 --> 00:34:31.000]  我們如果被任何東西充滿我們的腦
[00:34:31.000 --> 00:34:34.000]  我們就會被那樣東西來控制我們
[00:34:34.000 --> 00:34:37.000]  如果我們被食物來充滿我們的腦
[00:34:37.000 --> 00:34:39.000]  我們滿腦子是食物
[00:34:39.000 --> 00:34:41.000]  我們就被食物來控制
[00:34:41.000 --> 00:34:44.000]  為什麼美國現在有這麼多人癡肥
[00:34:44.000 --> 00:34:47.000]  就是因為滿腦子是充滿了食物
[00:34:47.000 --> 00:34:52.000]  如果我們被旅遊、玩樂來充滿我們的腦
[00:34:52.000 --> 00:34:55.000]  這就成為控制我們的東西
[00:34:55.000 --> 00:34:57.000]  我們就被這東西來控制
[00:34:57.000 --> 00:35:00.000]  但如果我們被聖靈來充滿我們的腦
[00:35:00.000 --> 00:35:02.000]  我們就會被聖靈來控制
[00:35:02.000 --> 00:35:04.000]  這就是不同的地方
[00:35:04.000 --> 00:35:08.000]  弟兄姊妹我們到底被什麼來充滿我們的腦
[00:35:08.000 --> 00:35:13.000]  是屬靈的事還是屬肉體屬世的事
[00:35:13.000 --> 00:35:16.000]  被聖靈充滿保羅告訴我們
[00:35:16.000 --> 00:35:19.000]  還會使我們變成一個新造的人
[00:35:19.000 --> 00:35:21.000]  會有很不同的行為
[00:35:21.000 --> 00:35:24.000]  在以弗所書的四章三十一節
[00:35:24.000 --> 00:35:28.000]  保羅說如果我們不令到聖靈擔憂的話
[00:35:28.000 --> 00:35:30.000]  我們會有很大的改變
[00:35:30.000 --> 00:35:35.000]  我們會變得不妒忌、不怨毒、不苦之、不仇恨
[00:35:35.000 --> 00:35:37.000]  會改變我們的行為
[00:35:37.000 --> 00:35:39.000]  也會改變什麼呢?
[00:35:39.000 --> 00:35:41.000]  人和人之間的關係
[00:35:41.000 --> 00:35:44.000]  就是以弗所書的第六章
[00:35:44.000 --> 00:35:47.000]  當我們有聖靈充滿我們的時候
[00:35:47.000 --> 00:35:49.000]  夫妻的關係會改變
[00:35:49.000 --> 00:35:51.000]  當我們有聖靈充滿我們的時候
[00:35:51.000 --> 00:35:54.000]  父母和子女的關係會改變
[00:35:54.000 --> 00:35:58.000]  還有主僕的關係也會不同
[00:35:58.000 --> 00:36:01.000]  這就是被聖靈充滿
[00:36:01.000 --> 00:36:03.000]  但有一樣東西很有意思
[00:36:03.000 --> 00:36:06.000]  就是在哥羅西書的第三章
[00:36:06.000 --> 00:36:09.000]  有很相似的經文出現
[00:36:09.000 --> 00:36:12.000]  但與其被聖靈充滿
[00:36:12.000 --> 00:36:14.000]  這幾節的經文說
[00:36:14.000 --> 00:36:16.000]  是被耶穌基督的道
[00:36:16.000 --> 00:36:19.000]  豐豐富富的在我們心裡
[00:36:19.000 --> 00:36:23.000]  保羅說就會影響我們和人的關係
[00:36:23.000 --> 00:36:27.000]  在哥羅西書的三章十八至二十五節
[00:36:27.000 --> 00:36:31.000]  保羅說出我們和人的關係會怎樣改變
[00:36:31.000 --> 00:36:35.000]  這與以弗所書的第六章所說的很相似
[00:36:35.000 --> 00:36:38.000]  這也是我時時說的
[00:36:38.000 --> 00:36:43.000]  我們不能單單靠聖靈的帶領
[00:36:43.000 --> 00:36:47.000]  如果我們真的知道聖靈帶領我們是沒有問題
[00:36:47.000 --> 00:36:50.000]  但很多時候是我們心裡想做的事
[00:36:50.000 --> 00:36:52.000]  我們就說是聖靈帶領
[00:36:52.000 --> 00:36:54.000]  我們怎樣能夠辨別
[00:36:54.000 --> 00:36:56.000]  是用神的話語來辨別
[00:36:56.000 --> 00:37:00.000]  因為神的話語和聖靈是不會有矛盾
[00:37:00.000 --> 00:37:01.000]  是一致的
[00:37:01.000 --> 00:37:03.000]  所以兩者都需要
[00:37:03.000 --> 00:37:05.000]  以弗所書的第六章說
[00:37:05.000 --> 00:37:08.000]  被聖靈充滿我們和人的關係會改變
[00:37:08.000 --> 00:37:10.000]  哥羅西書的第三章說
[00:37:10.000 --> 00:37:13.000]  當我們被耶穌基督的話語充滿我們
[00:37:13.000 --> 00:37:16.000]  我們一樣會和人的關係有不同
[00:37:16.000 --> 00:37:18.000]  兩者缺一不可
[00:37:18.000 --> 00:37:22.000]  在詩篇的一百十九篇的第十一節
[00:37:22.000 --> 00:37:25.000]  詩人說我將你的話藏在我的心裡
[00:37:25.000 --> 00:37:27.000]  免得我得罪你
[00:37:27.000 --> 00:37:30.000]  所以我們被聖靈帶領
[00:37:30.000 --> 00:37:32.000]  我們也很需要神的話語
[00:37:32.000 --> 00:37:34.000]  耶穌基督的話語
[00:37:34.000 --> 00:37:36.000]  我們自死身體的力量
[00:37:36.000 --> 00:37:39.000]  我們說是從聖靈而來
[00:37:39.000 --> 00:37:42.000]  那自死身體的途徑呢?
[00:37:42.000 --> 00:37:45.000]  聖靈不單止是生命的靈
[00:37:45.000 --> 00:37:47.000]  也是死亡的靈
[00:37:47.000 --> 00:37:51.000]  是會幫助我們自死身體的惡行
[00:37:51.000 --> 00:37:53.000]  羅馬書的八章十三節
[00:37:53.000 --> 00:37:57.000]  只要我們願意將我們的肢體交給聖靈
[00:37:57.000 --> 00:37:59.000]  聖靈就會幫助我們
[00:37:59.000 --> 00:38:02.000]  這個也是清教徒時事
[00:38:02.000 --> 00:38:04.000]  教導人
[00:38:04.000 --> 00:38:05.000]  清教徒說
[00:38:05.000 --> 00:38:07.000]  如果我們不自死我們的身體
[00:38:07.000 --> 00:38:10.000]  我們就會被我們的身體自死
[00:38:10.000 --> 00:38:14.000]  一個基督徒如果慣性地在罪裡面
[00:38:14.000 --> 00:38:17.000]  不是一個真真正正的基督徒
[00:38:17.000 --> 00:38:20.000]  而當我們接受耶穌基督的那一剎那
[00:38:20.000 --> 00:38:23.000]  就已經開始了我們自死
[00:38:23.000 --> 00:38:27.000]  我們肉體自死罪漫長的過程
[00:38:27.000 --> 00:38:29.000]  但是我們要知道
[00:38:29.000 --> 00:38:31.000]  這是一個很長的過程
[00:38:31.000 --> 00:38:34.000]  就算到我們息怒歸主那一天
[00:38:34.000 --> 00:38:37.000]  我們仍然會和罪爭鬥
[00:38:37.000 --> 00:38:39.000]  就好像羅馬書第七章
[00:38:39.000 --> 00:38:43.000]  保羅和罪爭鬥一模一樣
[00:38:43.000 --> 00:38:46.000]  一個真正被聖靈擁有的人
[00:38:46.000 --> 00:38:48.000]  也是被神領養的人
[00:38:48.000 --> 00:38:51.000]  在羅馬書的八章十四節
[00:38:51.000 --> 00:38:53.000]  因為凡被神的靈引導的
[00:38:53.000 --> 00:38:55.000]  都是神的兒子
[00:38:55.000 --> 00:38:57.000]  當我們重新得救
[00:38:57.000 --> 00:38:59.000]  當我們有一個新的生命的時候
[00:38:59.000 --> 00:39:02.000]  就好像被神領養一樣
[00:39:02.000 --> 00:39:06.000]  這也是已不鎖書的一章五節
[00:39:06.000 --> 00:39:11.000]  「又因愛我們就按著自己的旨意所喜悅的
[00:39:11.000 --> 00:39:16.000]  預定我們藉著耶穌基督得兒子的名分」
[00:39:16.000 --> 00:39:19.000]  有人說被神領養
[00:39:19.000 --> 00:39:22.000]  你最多做第二等公民
[00:39:22.000 --> 00:39:24.000]  有什麼厲害的
[00:39:24.000 --> 00:39:26.000]  你做第二等公民
[00:39:26.000 --> 00:39:29.000]  但當時保羅寫羅馬書的時候
[00:39:29.000 --> 00:39:32.000]  羅馬帝國的制度不是這樣的
[00:39:32.000 --> 00:39:35.000]  一個羅馬帝國的爸爸
[00:39:35.000 --> 00:39:38.000]  當他覺得自己的兒子不成氣候的時候
[00:39:38.000 --> 00:39:40.000]  他可以廢掉他的兒子
[00:39:40.000 --> 00:39:42.000]  而領養一個
[00:39:42.000 --> 00:39:46.000]  另外立一個來承繼他自己的產業
[00:39:46.000 --> 00:39:48.000]  我們不同的地方是什麼
[00:39:48.000 --> 00:39:52.000]  我們不是被神在路邊撿回來的
[00:39:52.000 --> 00:39:54.000]  我小時候經常問我媽媽
[00:39:54.000 --> 00:39:56.000]  我哪裡來的
[00:39:56.000 --> 00:39:59.000]  我媽媽說你就是路邊撿回來的
[00:39:59.000 --> 00:40:01.000]  我們不是路邊撿回來的
[00:40:01.000 --> 00:40:02.000]  我們是什麼
[00:40:02.000 --> 00:40:04.000]  我們是被神揀選
[00:40:04.000 --> 00:40:06.000]  我們是蒙神喜悅
[00:40:06.000 --> 00:40:09.000]  將來我們會承受天國的一切
[00:40:09.000 --> 00:40:11.000]  是很不同的
[00:40:11.000 --> 00:40:13.000]  照著羅馬帝國的律法
[00:40:13.000 --> 00:40:15.000]  一個被領養的人
[00:40:15.000 --> 00:40:19.000]  他立刻和他以前的家庭脫離關係
[00:40:19.000 --> 00:40:22.000]  他所欠的所有債務完全赦免
[00:40:22.000 --> 00:40:24.000]  他有一個新的名字
[00:40:24.000 --> 00:40:28.000]  他擁有新家庭所有的特權
[00:40:28.000 --> 00:40:30.000]  所有的承繼權
[00:40:30.000 --> 00:40:32.000]  他根本和新人一樣
[00:40:32.000 --> 00:40:35.000]  這就是我們每一個新人
[00:40:35.000 --> 00:40:38.000]  每一個在主內的新人的寫照
[00:40:38.000 --> 00:40:40.000]  我們都應該成為一個新人
[00:40:40.000 --> 00:40:46.000]  聖靈還印證我們真正屬於神
[00:40:46.000 --> 00:40:49.000]  一個人怎樣被聖靈來印證
[00:40:49.000 --> 00:40:54.000]  不是靠我們說自己有聖靈在我們身上
[00:40:54.000 --> 00:40:57.000]  而是我們真有新人的樣式
[00:40:57.000 --> 00:40:59.000]  我們是能夠走出來
[00:40:59.000 --> 00:41:02.000]  一個剛剛被領養的嬰兒
[00:41:02.000 --> 00:41:04.000]  能不能走出來
[00:41:04.000 --> 00:41:05.000]  走不出來
[00:41:05.000 --> 00:41:07.000]  他爬就爬得出來
[00:41:07.000 --> 00:41:09.000]  但我們每一個基督徒
[00:41:09.000 --> 00:41:11.000]  我們有新人的樣式
[00:41:11.000 --> 00:41:12.000]  被聖靈帶領
[00:41:12.000 --> 00:41:15.000]  我們立刻是可以走出來
[00:41:15.000 --> 00:41:17.000]  那你說怎樣走
[00:41:17.000 --> 00:41:20.000]  《針型》三章五至六節
[00:41:20.000 --> 00:41:22.000]  你要專心仰賴耶和華
[00:41:22.000 --> 00:41:25.000]  不可倚靠自己的聰明
[00:41:25.000 --> 00:41:27.000]  在你一切所行的事上
[00:41:27.000 --> 00:41:28.000]  都要認定祂
[00:41:28.000 --> 00:41:30.000]  祂必指引你的路
[00:41:30.000 --> 00:41:31.000]  我們要聽話
[00:41:31.000 --> 00:41:34.000]  要聽聖靈的話來指引我們
[00:41:34.000 --> 00:41:37.000]  詩篇的二十五篇四節
[00:41:37.000 --> 00:41:40.000]  耶和華說求你將你的道指示我
[00:41:40.000 --> 00:41:42.000]  將你的路教訓我
[00:41:42.000 --> 00:41:44.000]  有沒有看到這裡
[00:41:44.000 --> 00:41:46.000]  我們是要靠聖靈來帶領
[00:41:46.000 --> 00:41:50.000]  但我們需要神的話語來印證
[00:41:50.000 --> 00:41:53.000]  還有耶利米蘇十章二十三節
[00:41:53.000 --> 00:41:55.000]  耶和華說
[00:41:55.000 --> 00:41:58.000]  我曉得人的道路不由自己
[00:41:58.000 --> 00:42:02.000]  行路的人也不能定自己的腳步
[00:42:02.000 --> 00:42:04.000]  你是否照著自己的腳步來走
[00:42:04.000 --> 00:42:07.000]  還是你照著聖靈帶領你的腳步
[00:42:07.000 --> 00:42:09.000]  怎樣來辨別
[00:42:09.000 --> 00:42:12.000]  神的話語我們就能辨別
[00:42:12.000 --> 00:42:14.000]  究竟是自己要走的路
[00:42:14.000 --> 00:42:18.000]  還是真正的聖靈要帶領我們的路
[00:42:18.000 --> 00:42:21.000]  還有一個真正被領養的人
[00:42:21.000 --> 00:42:23.000]  是不再害怕
[00:42:23.000 --> 00:42:25.000]  羅馬書八章十五節
[00:42:25.000 --> 00:42:28.000]  你們所受的不是奴僕的心
[00:42:28.000 --> 00:42:33.000]  仍舊害怕所受的乃是兒子的心
[00:42:33.000 --> 00:42:37.000]  因此我們呼叫阿爸父
[00:42:37.000 --> 00:42:38.000]  如果一個嬰兒
[00:42:38.000 --> 00:42:41.000]  有一個弟弟在孤兒院被領養
[00:42:41.000 --> 00:42:44.000]  他在孤兒院可能很害怕
[00:42:44.000 --> 00:42:46.000]  沒有爸爸媽媽的愛
[00:42:46.000 --> 00:42:48.000]  現在到了一個新的家庭
[00:42:48.000 --> 00:42:51.000]  有愛使他不需要害怕
[00:42:51.000 --> 00:42:55.000]  我們也可以稱呼我們的天父為阿爸父
[00:42:55.000 --> 00:42:57.000]  阿爸父真的很親密
[00:42:57.000 --> 00:42:59.000]  好像我們說廣東話
[00:42:59.000 --> 00:43:00.000]  阿爸
[00:43:00.000 --> 00:43:02.000]  阿爸是不是很親密
[00:43:02.000 --> 00:43:03.000]  你叫爸爸
[00:43:03.000 --> 00:43:05.000]  你叫父親
[00:43:05.000 --> 00:43:06.000]  都不是很親密
[00:43:06.000 --> 00:43:08.000]  叫到阿爸真的很親密
[00:43:08.000 --> 00:43:11.000]  但我們不只是靠口說
[00:43:11.000 --> 00:43:15.000]  也不是靠任何禮儀
[00:43:15.000 --> 00:43:17.000]  來覺得自己和神很親近
[00:43:17.000 --> 00:43:20.000]  有很多人說我有教會
[00:43:20.000 --> 00:43:23.000]  我有遵守教會的禮儀
[00:43:23.000 --> 00:43:24.000]  我有守聖餐
[00:43:24.000 --> 00:43:26.000]  好像我們剛才的守聖餐
[00:43:26.000 --> 00:43:28.000]  我有洗禮
[00:43:28.000 --> 00:43:32.000]  但這一切都不代表你是一個真正得救的人
[00:43:32.000 --> 00:43:34.000]  一個真正得救的人是怎樣
[00:43:34.000 --> 00:43:37.000]  和神有一個真正密切的關係
[00:43:37.000 --> 00:43:40.000]  這是很重要的
[00:43:40.000 --> 00:43:44.000]  當一個基督徒偶然不服從聖靈的帶領
[00:43:44.000 --> 00:43:47.000]  他會失去了從神而來的喜樂
[00:43:47.000 --> 00:43:51.000]  他和神的關係會暫時斷絕
[00:43:51.000 --> 00:43:55.000]  但不會失去他的救恩
[00:43:55.000 --> 00:43:56.000]  我再說一次
[00:43:56.000 --> 00:44:00.000]  一個人可以暫時不服從聖靈
[00:44:00.000 --> 00:44:02.000]  但他不會失去他的救恩
[00:44:02.000 --> 00:44:06.000]  但如果一個人從來沒有被聖靈帶領過
[00:44:06.000 --> 00:44:10.000]  這肯定不是一個真正的基督徒
[00:44:10.000 --> 00:44:13.000]  羅馬書8:16
[00:44:13.000 --> 00:44:17.000]  聖靈與我們的心同印證我們是神的兒女
[00:44:17.000 --> 00:44:22.000]  不單止是我們說自己有聖靈在我們身上
[00:44:22.000 --> 00:44:24.000]  聖靈也印證我們
[00:44:24.000 --> 00:44:26.000]  現在我又要說
[00:44:26.000 --> 00:44:30.000]  很多時候有很多靈恩派的弟兄姊妹說
[00:44:30.000 --> 00:44:34.000]  我們怎樣印證我們有聖靈在我們身上
[00:44:34.000 --> 00:44:37.000]  他們會說我們會說方言
[00:44:37.000 --> 00:44:39.000]  他們會說你不會說方言
[00:44:39.000 --> 00:44:41.000]  你就不是真正的基督徒
[00:44:41.000 --> 00:44:43.000]  但這是有問題的
[00:44:43.000 --> 00:44:46.000]  記不記得我講使徒行傳的時候也說過
[00:44:46.000 --> 00:44:50.000]  說方言的確有歷史時刻的重要性
[00:44:50.000 --> 00:44:55.000]  第一次猶太人信主有聖靈降臨
[00:44:55.000 --> 00:44:56.000]  他們的人說方言
[00:44:56.000 --> 00:45:00.000]  第一次的外邦人信主也是一樣
[00:45:00.000 --> 00:45:02.000]  有聖靈降臨他們說方言
[00:45:02.000 --> 00:45:05.000]  是第一次 是歷史的時刻
[00:45:05.000 --> 00:45:07.000]  不是叫我們繼續來做
[00:45:07.000 --> 00:45:11.000]  說方言不能使人不亦處
[00:45:11.000 --> 00:45:13.000]  你說的東西沒有人懂得聽
[00:45:13.000 --> 00:45:16.000]  有什麼用呢?代表什麼呢?
[00:45:16.000 --> 00:45:18.000]  如果我們真的被聖靈充滿
[00:45:18.000 --> 00:45:20.000]  在我們身上有聖靈的話
[00:45:20.000 --> 00:45:22.000]  我們應該怎樣?
[00:45:22.000 --> 00:45:25.000]  照著保羅所說的「治死罪」
[00:45:25.000 --> 00:45:27.000]  治死我們的身體
[00:45:27.000 --> 00:45:29.000]  我們結出屬靈的果子
[00:45:29.000 --> 00:45:31.000]  這一切才是真正有益的東西
[00:45:31.000 --> 00:45:35.000]  而不是單單說一些沒人懂得的話語
[00:45:35.000 --> 00:45:37.000]  在結束的時候
[00:45:37.000 --> 00:45:40.000]  我們也很需要問問自己
[00:45:40.000 --> 00:45:44.000]  今天我說的真是一個很嚴肅的問題
[00:45:44.000 --> 00:45:48.000]  很多人都說自己有聖靈在我們身上
[00:45:48.000 --> 00:45:50.000]  但我們可以問問自己
[00:45:50.000 --> 00:45:52.000]  你關心的是什麼事?
[00:45:52.000 --> 00:45:55.000]  你是不是關心屬靈的事?
[00:45:55.000 --> 00:45:57.000]  你是不是關心神的大使命?
[00:45:57.000 --> 00:46:01.000]  是不是關心有這麼多失喪者的靈魂?
[00:46:01.000 --> 00:46:04.000]  我一整年都會寄出大使命的通知
[00:46:04.000 --> 00:46:06.000]  我們一起來傾談
[00:46:06.000 --> 00:46:09.000]  怎樣來為主作供去做外展的事工
[00:46:09.000 --> 00:46:13.000]  但真真正正參與的人是少之又少
[00:46:13.000 --> 00:46:15.000]  這個很值得我們去思考
[00:46:15.000 --> 00:46:19.000]  我們所關心的是屬靈的事嗎?
[00:46:19.000 --> 00:46:20.000]  還有第二呢?
[00:46:20.000 --> 00:46:25.000]  我們是不是很渴望和神有一個很親密的關係?
[00:46:25.000 --> 00:46:28.000]  是的,我很渴望和神有一個親密的關係
[00:46:28.000 --> 00:46:30.000]  你有沒有時時禱告?
[00:46:30.000 --> 00:46:32.000]  你有沒有時時讀經?
[00:46:32.000 --> 00:46:34.000]  我們剛才說阿爸父
[00:46:34.000 --> 00:46:37.000]  你說你和你的爸爸有一個很親密的關係
[00:46:37.000 --> 00:46:40.000]  但你從來沒有和他聊天
[00:46:40.000 --> 00:46:43.000]  你從來沒有和你爸爸說話
[00:46:43.000 --> 00:46:45.000]  你爸爸沒有和你說任何話
[00:46:45.000 --> 00:46:47.000]  這個就好像我們沒有禱告
[00:46:47.000 --> 00:46:49.000]  禱告就是我們和神說話
[00:46:49.000 --> 00:46:52.000]  讀經就是神透過經文和我們說話
[00:46:52.000 --> 00:46:55.000]  如果你經常都沒有禱告和讀經
[00:46:55.000 --> 00:46:58.000]  你怎樣叫和神有一個親密的關係?
[00:46:58.000 --> 00:47:01.000]  還有一個問題是問我們自己的
[00:47:01.000 --> 00:47:03.000]  你明白神的話語嗎?
[00:47:03.000 --> 00:47:04.000]  當你讀的時候
[00:47:04.000 --> 00:47:07.000]  你說不是啊,我讀的時候一頭雲
[00:47:07.000 --> 00:47:11.000]  不是啊,有韓福音第十四章第十六章告訴我們
[00:47:11.000 --> 00:47:15.000]  我們有聖靈的光照能夠明白神的話語
[00:47:15.000 --> 00:47:19.000]  第四點,我們是不是時刻被聖靈帶領我們
[00:47:19.000 --> 00:47:21.000]  聖過我們的肉體呢?
[00:47:21.000 --> 00:47:23.000]  我也說過有很多基督徒和我說
[00:47:23.000 --> 00:47:25.000]  哎呀牧師啊,我沒有罪
[00:47:25.000 --> 00:47:28.000]  我不是問你有沒有殺人放火
[00:47:28.000 --> 00:47:31.000]  我是問你有沒有罪
[00:47:31.000 --> 00:47:33.000]  上次我也說過
[00:47:33.000 --> 00:47:36.000]  記不記得那個年輕的官
[00:47:36.000 --> 00:47:40.000]  他來問耶穌基督怎樣能夠得到永生
[00:47:40.000 --> 00:47:42.000]  耶穌基督針對的是什麼?
[00:47:42.000 --> 00:47:45.000]  是十誡中的第十誡
[00:47:45.000 --> 00:47:49.000]  那個貪戀一切的東西
[00:47:49.000 --> 00:47:52.000]  這個人就是不願意放棄他生命中所有
[00:47:52.000 --> 00:47:55.000]  他是將他放棄高過神
[00:47:55.000 --> 00:47:56.000]  這個就是問題
[00:47:56.000 --> 00:47:58.000]  很多時候我們每個人都有貪
[00:47:58.000 --> 00:48:01.000]  你問我們自己貪不貪小便宜
[00:48:01.000 --> 00:48:03.000]  很多時候我們貪別人的小便宜
[00:48:03.000 --> 00:48:05.000]  這個都是罪
[00:48:05.000 --> 00:48:09.000]  但很多時候我們就不會去認為這個是罪
[00:48:09.000 --> 00:48:11.000]  我們都很需要監察自己
[00:48:11.000 --> 00:48:13.000]  哥倫多後書的十三章第五節
[00:48:13.000 --> 00:48:17.000]  你們總要自己散策有信心沒有
[00:48:17.000 --> 00:48:19.000]  也要自己試驗
[00:48:19.000 --> 00:48:22.000]  豈不知你們若不是可棄絕的
[00:48:22.000 --> 00:48:26.000]  就有基督耶穌在你們的心裡
[00:48:26.000 --> 00:48:28.000]  耶穌基督的靈在我們心裡
[00:48:28.000 --> 00:48:30.000]  和什麼來做對比?
[00:48:30.000 --> 00:48:31.000]  可棄絕的
[00:48:31.000 --> 00:48:33.000]  我剛才說只有兩種人
[00:48:33.000 --> 00:48:36.000]  你一是屬神一是不屬神
[00:48:36.000 --> 00:48:38.000]  保羅讓我們見到這兩種人
[00:48:38.000 --> 00:48:41.000]  我們很需要問一下我們自己
[00:48:41.000 --> 00:48:43.000]  是不是真的有聖靈在我們裡面
[00:48:43.000 --> 00:48:44.000]  如果沒有的話
[00:48:44.000 --> 00:48:46.000]  不是太遲
[00:48:46.000 --> 00:48:49.000]  你還有機會可以認罪悔改
[00:48:49.000 --> 00:48:51.000]  來接受耶穌基督
[00:48:51.000 --> 00:48:54.000]  以至有真真正正的聖靈在你身上
[00:48:54.000 --> 00:48:56.000]  所以今天的篇道很重要
[00:48:56.000 --> 00:48:59.000]  我們每個人都很需要測試一下自己
[00:48:59.000 --> 00:49:03.000]  願意我們未有聖靈的接受耶穌基督
[00:49:03.000 --> 00:49:05.000]  來認罪悔改
[00:49:05.000 --> 00:49:10.000]  已經不夠的人願意我們和神有一個更親密的關係
[00:49:10.000 --> 00:49:12.000]  願神祝福他們自己的話語
[00:49:12.000 --> 00:49:14.000]  讓我們低頭禱告
[00:49:14.000 --> 00:49:15.000]  主人我們感謝你
[00:49:15.000 --> 00:49:18.000]  感謝你讓我們有羅馬書第八章
[00:49:18.000 --> 00:49:23.000]  讓我們見到聖靈在我們身上的重要性
[00:49:23.000 --> 00:49:26.000]  願意我們能夠藉著聖靈
[00:49:26.000 --> 00:49:29.000]  能夠治死我們身體的惡行
[00:49:29.000 --> 00:49:32.000]  我們也能夠測試一下
[00:49:32.000 --> 00:49:36.000]  究竟我們是不是真的有聖靈在我們身上
[00:49:36.000 --> 00:49:38.000]  我們是不是追求屬靈的事
[00:49:38.000 --> 00:49:43.000]  我們是不是渴望和神有一個親密的關係
[00:49:43.000 --> 00:49:46.000]  我們是不是真的能夠明白你的話語
[00:49:46.000 --> 00:49:52.000]  我們是不是藉著聖靈會治死我們身體的惡行
[00:49:52.000 --> 00:49:55.000]  願意我們每一個人都能夠
[00:49:55.000 --> 00:49:58.000]  未有聖靈在我們身上的
[00:49:58.000 --> 00:50:01.000]  能夠接受耶穌基督真正認罪悔改
[00:50:01.000 --> 00:50:03.000]  如果我們已經接受了
[00:50:03.000 --> 00:50:07.000]  願意我們都能夠和你有一個更親密的關係
[00:50:07.000 --> 00:50:10.000]  將一切的榮耀重贊歸給你
[00:50:10.000 --> 00:50:11.000]  我們這樣禱告
[00:50:11.000 --> 00:50:12.000]  奉主耶穌基督的名義
[00:50:12.000 --> 00:50:13.000]  願以求
[00:50:13.000 --> 00:50:14.000]  阿門
[00:50:15.000 --> 00:50:16.000]  阿門
[00:50:17.000 --> 00:50:18.000]  阿門
[00:50:18.000 --> 00:50:19.080]  邵子紫
[00:50:19.080 --> 00:50:20.500]  能不能law
[00:50:20.500 --> 00:50:22.380]  从商算起
[00:50:22.380 --> 00:50:23.740]  你都是个
[00:50:23.740 --> 00:50:25.300]  案例不可辞释的小孩子
[00:50:25.300 --> 00:50:26.380]  我能杀了你
[00:50:26.380 --> 00:50:27.060]  你干吗
[00:50:27.060 --> 00:50:28.580]  你这是不可通
[00:50:28.580 --> 00:50:29.380]  邵子紫
[00:50:29.380 --> 00:50:30.340]  对不对
[00:50:30.340 --> 00:50:31.300]  对了
[00:50:31.300 --> 00:50:36.380]  你能不能

