
[00:00:00.000 --> 00:00:07.000]  我們的生命可以彰顯主的榮耀
[00:00:07.000 --> 00:00:14.000]  丁姐妹,如果要測試一個基督徒,到底是真還是假?
[00:00:14.000 --> 00:00:19.000]  或者測試一個基督徒的靈命到底是高還是低?
[00:00:19.000 --> 00:00:22.000]  你覺得最合適的地方在哪裏呢?
[00:00:22.000 --> 00:00:25.000]  在哪裏?
[00:00:25.000 --> 00:00:29.000]  大家記得你們和我的約法三章
[00:00:29.000 --> 00:00:31.000]  在哪裏呢?
[00:00:31.000 --> 00:00:33.000]  是不是在教會呢?
[00:00:33.000 --> 00:00:35.000]  是不是在教會?
[00:00:35.000 --> 00:00:39.000]  如果一個基督徒在教會裏面很熱心
[00:00:39.000 --> 00:00:44.000]  很多的侍奉,然後唱詩又唱得很大聲
[00:00:44.000 --> 00:00:46.000]  聖哉聖哉聖哉
[00:00:46.000 --> 00:00:50.000]  那他是不是一定就是一個真的基督徒呢?
[00:00:50.000 --> 00:00:55.000]  或者說,他是不是一定是靈命好的一個基督徒呢?
[00:00:55.000 --> 00:00:57.000]  不是
[00:00:57.000 --> 00:01:02.000]  最好測試一個基督徒的真假或者靈命高低
[00:01:02.000 --> 00:01:03.000]  不是在教會
[00:01:03.000 --> 00:01:05.000]  在哪裏?
[00:01:05.000 --> 00:01:07.000]  在家裏
[00:01:07.000 --> 00:01:10.000]  在工作的場所
[00:01:10.000 --> 00:01:13.000]  如果你在工作的場所
[00:01:13.000 --> 00:01:15.000]  不需要講
[00:01:15.000 --> 00:01:20.000]  就用你的生命來表彰基督徒的生活
[00:01:20.000 --> 00:01:23.000]  和人生觀、世界觀、價值觀
[00:01:23.000 --> 00:01:25.000]  我告訴你
[00:01:25.000 --> 00:01:31.000]  在那個地方才是最好測試你熟靈的情況
[00:01:31.000 --> 00:01:35.000]  有些人在教會裏面很熱心
[00:01:35.000 --> 00:01:37.000]  說話又很熟靈
[00:01:37.000 --> 00:01:41.000]  但是在外邊,在工作的場所見證又不好
[00:01:41.000 --> 00:01:43.000]  做事又不盡責
[00:01:43.000 --> 00:01:46.000]  或者在學校讀書又不盡力
[00:01:46.000 --> 00:01:48.000]  在家裏又不幫忙
[00:01:48.000 --> 00:01:51.000]  什麼都別人替他做了
[00:01:51.000 --> 00:01:53.000]  而最糟糕的是什麼呢?
[00:01:53.000 --> 00:01:55.000]  他口口聲聲說自己是基督徒
[00:01:55.000 --> 00:02:00.000]  最糟糕的是他告訴別人他是怎樣熱心的
[00:02:00.000 --> 00:02:03.000]  而你的口怎麼說都沒用
[00:02:03.000 --> 00:02:08.000]  看你的生命是怎樣來表彰耶穌基督
[00:02:08.000 --> 00:02:11.000]  所以千萬不要反過來
[00:02:11.000 --> 00:02:13.000]  不要本末倒置
[00:02:13.000 --> 00:02:16.000]  別人很多時候不是聽我們說話
[00:02:16.000 --> 00:02:20.000]  別人是看我們的生活表現
[00:02:20.000 --> 00:02:22.000]  當我們的生活表現不好的時候
[00:02:22.000 --> 00:02:25.000]  人們耳朵都塞住了
[00:02:25.000 --> 00:02:27.000]  聽不進去
[00:02:27.000 --> 00:02:29.000]  你越說越壞
[00:02:29.000 --> 00:02:31.000]  越苗越黑
[00:02:31.000 --> 00:02:34.000]  你不說是基督徒都更好
[00:02:34.000 --> 00:02:39.000]  你講了自己是基督徒反而更反效果
[00:02:39.000 --> 00:02:44.000]  所以很多的人其實是看我們的生命的表現
[00:02:44.000 --> 00:02:48.000]  然後當他們看見我們基督徒美好的人生見證
[00:02:48.000 --> 00:02:54.000]  他們會問為什麼這個人的表現會不同呢?
[00:02:54.000 --> 00:02:57.000]  是不是他裡面有什麼特別的地方
[00:02:57.000 --> 00:02:59.000]  然後他們就會去查
[00:02:59.000 --> 00:03:02.000]  然後去問甚至去請教你
[00:03:02.000 --> 00:03:09.000]  然後那個時候你就可以來介紹耶穌基督的福音給他
[00:03:09.000 --> 00:03:11.000]  當然有時候兩樣東西
[00:03:11.000 --> 00:03:13.000]  哪個先哪個後
[00:03:13.000 --> 00:03:15.000]  相互相承
[00:03:15.000 --> 00:03:19.000]  丁姐妹我們千萬要在職場
[00:03:19.000 --> 00:03:21.000]  在學校
[00:03:21.000 --> 00:03:23.000]  在家庭裡面
[00:03:23.000 --> 00:03:26.000]  來做神的福音大師
[00:03:26.000 --> 00:03:29.000]  而福音大師不只是口講
[00:03:29.000 --> 00:03:32.000]  是生命的表現
[00:03:32.000 --> 00:03:36.000]  今天我們要跟大家來講以利亞的生平
[00:03:36.000 --> 00:03:37.000]  第二講
[00:03:37.000 --> 00:03:40.000]  記不記得第一講以利亞躲起來了
[00:03:40.000 --> 00:03:44.000]  然後神要他在三個學院裡面來受詛咒
[00:03:44.000 --> 00:03:47.000]  第一個是基督基基本班
[00:03:47.000 --> 00:03:49.000]  學什麼功課呢?
[00:03:49.000 --> 00:03:53.000]  學信心、信服和等候
[00:03:53.000 --> 00:03:55.000]  然後完了
[00:03:55.000 --> 00:03:57.000]  以為畢業了
[00:03:57.000 --> 00:03:58.000]  不是
[00:03:58.000 --> 00:04:00.000]  其實是畢業一個基本班
[00:04:00.000 --> 00:04:02.000]  然後要他去到研究所
[00:04:02.000 --> 00:04:05.000]  去研究院這個叫空談研究院
[00:04:05.000 --> 00:04:08.000]  然後空談研究院裡面
[00:04:08.000 --> 00:04:13.000]  神又要他學信心、信服和等候
[00:04:13.000 --> 00:04:15.000]  然後到最後
[00:04:15.000 --> 00:04:17.000]  要他學習一樣是
[00:04:17.000 --> 00:04:21.000]  沒辦法在平常的時候可以學習得到
[00:04:21.000 --> 00:04:25.000]  這個叫起死回生的一個博士班
[00:04:25.000 --> 00:04:27.000]  就是經歷神的能力
[00:04:27.000 --> 00:04:30.000]  經歷神在他身上的恩惠
[00:04:30.000 --> 00:04:34.000]  而使寡婦的兒子從死裡復活
[00:04:34.000 --> 00:04:36.000]  在三個學院裡面
[00:04:36.000 --> 00:04:38.000]  我們看見有九個字
[00:04:38.000 --> 00:04:39.000]  昨晚
[00:04:39.000 --> 00:04:41.000]  王牧師都和我們溫習過
[00:04:41.000 --> 00:04:44.000]  今天不知道大家還記不記得
[00:04:44.000 --> 00:04:47.000]  那九個字大家一起念
[00:04:47.000 --> 00:04:51.000]  知天明,握天書,蒙天人
[00:04:51.000 --> 00:04:53.000]  以利亞他學習
[00:04:53.000 --> 00:04:56.000]  然後他學得不錯
[00:04:56.000 --> 00:04:59.000]  所以他出來了
[00:04:59.000 --> 00:05:01.000]  神覺得時候到了
[00:05:01.000 --> 00:05:04.000]  他要去見阿霞
[00:05:04.000 --> 00:05:08.000]  過了許久
[00:05:08.000 --> 00:05:10.000]  到了第三年的話
[00:05:10.000 --> 00:05:12.000]  林道以利亞說
[00:05:12.000 --> 00:05:16.000]  你去使阿哈得見你
[00:05:16.000 --> 00:05:18.000]  我要降雨在地上
[00:05:18.000 --> 00:05:21.000]  以利亞就去使阿哈得見他
[00:05:21.000 --> 00:05:26.000]  那時薩馬利亞大寄訪
[00:05:26.000 --> 00:05:30.000]  過了第三年
[00:05:30.000 --> 00:05:32.000]  其實如果我們看的時候
[00:05:32.000 --> 00:05:34.000]  我們會發現
[00:05:34.000 --> 00:05:36.000]  在三年過後
[00:05:36.000 --> 00:05:38.000]  阿哈有沒有悔改呢
[00:05:38.000 --> 00:05:40.000]  阿哈有沒有悔改
[00:05:40.000 --> 00:05:41.000]  沒有
[00:05:41.000 --> 00:05:42.000]  丁姐妹你要知道
[00:05:42.000 --> 00:05:43.000]  在舊約
[00:05:43.000 --> 00:05:46.000]  特別是在生命記28、29章
[00:05:46.000 --> 00:05:49.000]  說到如果順服神的命令
[00:05:49.000 --> 00:05:52.000]  神會使天降雨
[00:05:52.000 --> 00:05:55.000]  神會使氣候美好
[00:05:55.000 --> 00:05:59.000]  神會使土地和人合作
[00:05:59.000 --> 00:06:01.000]  而就會生出土殘
[00:06:01.000 --> 00:06:03.000]  但是如果一個人離棄神
[00:06:03.000 --> 00:06:05.000]  不聽神的話的時候
[00:06:05.000 --> 00:06:07.000]  神會使天不降雨
[00:06:07.000 --> 00:06:10.000]  然後地也不效力
[00:06:10.000 --> 00:06:14.000]  這個是神對於舊約的人
[00:06:14.000 --> 00:06:17.000]  的一種刑罰或者祝福
[00:06:17.000 --> 00:06:18.000]  但是過了三年
[00:06:18.000 --> 00:06:20.000]  阿哈也沒有悔改
[00:06:20.000 --> 00:06:24.000]  為什麼神仍然主動要降雨
[00:06:24.000 --> 00:06:29.000]  給以色列地呢
[00:06:29.000 --> 00:06:31.000]  為什麼神要以利亞去宣告
[00:06:31.000 --> 00:06:33.000]  要降雨在地上
[00:06:33.000 --> 00:06:35.000]  什麼原因呢
[00:06:36.000 --> 00:06:40.000]  其實我相信神不是顧念阿哈
[00:06:40.000 --> 00:06:41.000]  這麼簡單
[00:06:41.000 --> 00:06:43.000]  神是顧念那幫百姓
[00:06:43.000 --> 00:06:47.000]  他們在三年的乾旱裡面
[00:06:47.000 --> 00:06:49.000]  撒瑪利亞大饑荒
[00:06:49.000 --> 00:06:51.000]  你可以體會到一件事
[00:06:51.000 --> 00:06:54.000]  就是當時的民不聊生
[00:06:54.000 --> 00:06:58.000]  那時候的百姓他們是很痛苦
[00:06:58.000 --> 00:07:01.000]  我相信這個是因為神的憐憫
[00:07:01.000 --> 00:07:03.000]  不想這個旱災
[00:07:03.000 --> 00:07:05.000]  繼續延續下去
[00:07:05.000 --> 00:07:09.000]  所以以利亞他三年的學習畢業之後
[00:07:09.000 --> 00:07:13.000]  神就差派他去到工場
[00:07:13.000 --> 00:07:16.000]  而這個工場第一個使命就是什麼呢
[00:07:16.000 --> 00:07:19.000]  就是要去見阿哈王
[00:07:19.000 --> 00:07:24.000]  頂著他很多時候我們不知道
[00:07:24.000 --> 00:07:27.000]  神的時候是什麼時候
[00:07:27.000 --> 00:07:30.000]  有時候我們等候在神的面前
[00:07:30.000 --> 00:07:34.000]  其實等候不是一件容易的事
[00:07:34.000 --> 00:07:36.000]  時候到了
[00:07:36.000 --> 00:07:39.000]  神就要以利亞出來
[00:07:39.000 --> 00:07:43.000]  等候這個功課其實是很難學
[00:07:43.000 --> 00:07:45.000]  特別對於以利亞
[00:07:45.000 --> 00:07:49.000]  大家相信以利亞是一個烈火先知
[00:07:49.000 --> 00:07:51.000]  我相信他的脾氣
[00:07:51.000 --> 00:07:54.000]  他的性格都是有些烈火的性格
[00:07:54.000 --> 00:07:56.000]  他是一個急性的人
[00:07:56.000 --> 00:07:58.000]  要他等三年
[00:07:58.000 --> 00:08:00.000]  我想真的是多麼痛苦
[00:08:00.000 --> 00:08:03.000]  好像坐牢坐三年
[00:08:03.000 --> 00:08:06.000]  如果你一年多在基立契
[00:08:06.000 --> 00:08:09.000]  然後一年多在薩納法
[00:08:09.000 --> 00:08:11.000]  我想你都會悶得發慌
[00:08:11.000 --> 00:08:13.000]  會不會
[00:08:13.000 --> 00:08:15.000]  什麼叫無聊
[00:08:15.000 --> 00:08:16.000]  什麼叫無聊
[00:08:16.000 --> 00:08:18.000]  就是沒有人跟你聊天
[00:08:18.000 --> 00:08:20.000]  就叫無聊
[00:08:20.000 --> 00:08:23.000]  在基立契
[00:08:23.000 --> 00:08:26.000]  在基立契你跟烏鴉聊天
[00:08:26.000 --> 00:08:30.000]  然後在寡婦的家中你跟寡婦聊天
[00:08:30.000 --> 00:08:33.000]  你講來講去講得多少
[00:08:33.000 --> 00:08:35.000]  所以無聊
[00:08:35.000 --> 00:08:37.000]  對於以利亞來說
[00:08:37.000 --> 00:08:40.000]  三年除了祈禱之外
[00:08:40.000 --> 00:08:41.000]  就是祈禱
[00:08:41.000 --> 00:08:43.000]  除了默想之外
[00:08:43.000 --> 00:08:44.000]  就是默想
[00:08:44.000 --> 00:08:46.000]  除了等候之外
[00:08:46.000 --> 00:08:47.000]  就是等候
[00:08:47.000 --> 00:08:49.000]  沒有其他事情可以做
[00:08:49.000 --> 00:08:52.000]  當然祈禱、等候、默想都很重要
[00:08:52.000 --> 00:08:55.000]  但是要你三年在那裡
[00:08:55.000 --> 00:08:58.000]  真的是多麼痛苦
[00:08:58.000 --> 00:09:01.000]  我們中間有沒有人喜歡去坐Cruise的
[00:09:01.000 --> 00:09:02.000]  有沒有
[00:09:02.000 --> 00:09:06.000]  Cruise第一次坐那些郵輪
[00:09:06.000 --> 00:09:11.000]  我們試過結婚40週年
[00:09:11.000 --> 00:09:14.000]  和另外一對夫婦坐Cruise
[00:09:14.000 --> 00:09:16.000]  坐了15天
[00:09:16.000 --> 00:09:17.000]  15天
[00:09:17.000 --> 00:09:19.000]  我們不算長的
[00:09:19.000 --> 00:09:22.000]  在北美有些30天
[00:09:22.000 --> 00:09:24.000]  有些3個月
[00:09:24.000 --> 00:09:27.000]  有些可以環遊整個世界
[00:09:27.000 --> 00:09:29.000]  差不多一年才回來
[00:09:29.000 --> 00:09:32.000]  如果遇到一個急性的
[00:09:32.000 --> 00:09:34.000]  你問他在Cruise那裡
[00:09:34.000 --> 00:09:37.000]  你貼錢給他他都不會去
[00:09:37.000 --> 00:09:39.000]  悶到發慌
[00:09:39.000 --> 00:09:40.000]  沒事情做
[00:09:40.000 --> 00:09:42.000]  來來去去就是那些地方
[00:09:42.000 --> 00:09:44.000]  雖然他裡面好像造成一個
[00:09:44.000 --> 00:09:46.000]  好像小城市一樣
[00:09:46.000 --> 00:09:47.000]  但是來來去去
[00:09:47.000 --> 00:09:49.000]  如果有一年的時間在裡面
[00:09:49.000 --> 00:09:53.000]  真的是都很悶
[00:09:53.000 --> 00:09:57.000]  要他藏他就藏
[00:09:57.000 --> 00:10:02.000]  要他出來他就出來
[00:10:02.000 --> 00:10:04.000]  大家有沒有聽過一個
[00:10:04.000 --> 00:10:09.000]  叫做什麼英雄被困燒雞灣
[00:10:09.000 --> 00:10:11.000]  我是英雄
[00:10:11.000 --> 00:10:14.000]  因為我是燒雞灣主
[00:10:14.000 --> 00:10:17.000]  我被困燒雞灣20多年
[00:10:17.000 --> 00:10:20.000]  然後才去菲律賓
[00:10:20.000 --> 00:10:24.000]  來這裡4年然後就去菲律賓
[00:10:24.000 --> 00:10:27.000]  其實基律溪就是他的燒雞灣
[00:10:27.000 --> 00:10:32.000]  薩克拉法也是他的燒雞灣
[00:10:32.000 --> 00:10:34.000]  以利亞可能在那裡說
[00:10:34.000 --> 00:10:37.000]  大丈夫不出來就不出來
[00:10:37.000 --> 00:10:38.000]  不出來就不出來
[00:10:38.000 --> 00:10:39.000]  為什麼不出來呢
[00:10:39.000 --> 00:10:41.000]  因為他知天命
[00:10:41.000 --> 00:10:43.000]  因為他壓天樹
[00:10:43.000 --> 00:10:45.000]  因為神叫他不出來
[00:10:45.000 --> 00:10:47.000]  現在為什麼叫他出來呢
[00:10:47.000 --> 00:10:50.000]  因為神的話語叫他出來
[00:10:50.000 --> 00:10:53.000]  神說你去斯阿哈德見你
[00:10:53.000 --> 00:10:54.000]  神叫他出來
[00:10:54.000 --> 00:10:55.000]  他就出來
[00:10:55.000 --> 00:10:59.000]  所以以利亞那種的內心是驚人
[00:10:59.000 --> 00:11:02.000]  他的信服都是驚人
[00:11:02.000 --> 00:11:06.000]  神的作為神的時間神的以情
[00:11:06.000 --> 00:11:08.000]  有神的方法
[00:11:08.000 --> 00:11:12.000]  千萬不要走在神的面前
[00:11:12.000 --> 00:11:14.000]  不要走在神的面前
[00:11:14.000 --> 00:11:17.000]  有時我們會用我們的時間
[00:11:17.000 --> 00:11:20.000]  我們的以情來去斷定
[00:11:20.000 --> 00:11:23.000]  我們的人生應該怎麼走
[00:11:23.000 --> 00:11:25.000]  但是以利亞就是知天命
[00:11:25.000 --> 00:11:27.000]  然後他壓天樹
[00:11:27.000 --> 00:11:29.000]  神叫他出來
[00:11:29.000 --> 00:11:32.000]  他就出來了
[00:11:32.000 --> 00:11:35.000]  第一樣東西我們現在要看的就是
[00:11:35.000 --> 00:11:38.000]  在以利亞的生平裡面
[00:11:38.000 --> 00:11:41.000]  有一個小人物出現了
[00:11:41.000 --> 00:11:45.000]  這個小人物大家知道他叫什麼名字嗎
[00:11:45.000 --> 00:11:48.000]  俄巴底
[00:11:48.000 --> 00:11:50.000]  俄巴底
[00:11:50.000 --> 00:11:54.000]  阿哈將他的家載俄巴底第三節
[00:11:54.000 --> 00:11:59.000]  照料來俄巴底甚是敬畏耶和華
[00:11:59.000 --> 00:12:02.000]  耶西別撒耶和華種先知的時候
[00:12:02.000 --> 00:12:05.000]  俄巴底將一百個先知藏了
[00:12:05.000 --> 00:12:08.000]  每五十人藏在一個洞裡
[00:12:08.000 --> 00:12:13.000]  拿餅和水來供養他們
[00:12:13.000 --> 00:12:16.000]  大家知道這個俄巴底
[00:12:16.000 --> 00:12:19.000]  其實算是一個小人物
[00:12:19.000 --> 00:12:21.000]  他是一個小人物
[00:12:21.000 --> 00:12:23.000]  為什麼說他是一個小人物呢
[00:12:23.000 --> 00:12:27.000]  因為他出現了就是這段時間
[00:12:27.000 --> 00:12:29.000]  就是這個記載
[00:12:29.000 --> 00:12:31.000]  大家不要搞錯
[00:12:31.000 --> 00:12:33.000]  這個俄巴底和舊約小先知
[00:12:33.000 --> 00:12:36.000]  那個俄巴底亞是不同人
[00:12:36.000 --> 00:12:40.000]  所以中文特別翻少了個亞字
[00:12:40.000 --> 00:12:45.000]  就是說明他其實和俄巴底亞是不同
[00:12:45.000 --> 00:12:48.000]  其實英文希伯萊文都是同一個字
[00:12:48.000 --> 00:12:49.000]  Oberdier
[00:12:49.000 --> 00:12:52.000]  但是中文就將他翻少了
[00:12:52.000 --> 00:12:54.000]  他叫做俄巴底
[00:12:54.000 --> 00:12:56.000]  他忽然間出現
[00:12:56.000 --> 00:12:59.000]  也都完了之後就忽然間消失
[00:12:59.000 --> 00:13:02.000]  消失了之後就無影無蹤
[00:13:02.000 --> 00:13:06.000]  所以俄巴底算不算是一個小配角呢
[00:13:06.000 --> 00:13:07.000]  是不是
[00:13:07.000 --> 00:13:08.000]  小配角
[00:13:08.000 --> 00:13:11.000]  他在這段經文出現
[00:13:11.000 --> 00:13:15.000]  而是做以利亞的一個配角
[00:13:15.000 --> 00:13:17.000]  我們也可以這麼說
[00:13:17.000 --> 00:13:19.000]  他是另類的一個神部
[00:13:19.000 --> 00:13:22.000]  而是小人物
[00:13:22.000 --> 00:13:25.000]  不是那種光光烈烈
[00:13:25.000 --> 00:13:28.000]  然後很有名那種的人物
[00:13:28.000 --> 00:13:30.000]  丁卓文我今天要和大家
[00:13:30.000 --> 00:13:33.000]  講俄巴底的生平
[00:13:33.000 --> 00:13:36.000]  我們配合了以利亞的生平
[00:13:36.000 --> 00:13:38.000]  來去講俄巴底
[00:13:38.000 --> 00:13:41.000]  以利亞是那個走在前面的大人物
[00:13:41.000 --> 00:13:45.000]  但是他在背後聖經特別用很長的篇幅
[00:13:45.000 --> 00:13:48.000]  來給我們看見
[00:13:48.000 --> 00:13:53.000]  俄巴底他在以利亞的事工上面
[00:13:53.000 --> 00:13:55.000]  有一些的參與
[00:13:55.000 --> 00:14:01.000]  為什麼作者在加密山的大戰的前夕
[00:14:01.000 --> 00:14:05.000]  要用這麼長的篇幅去講俄巴底這一號人物
[00:14:05.000 --> 00:14:07.000]  目的在哪裡呢
[00:14:07.000 --> 00:14:09.000]  目的在哪裡呢
[00:14:09.000 --> 00:14:13.000]  丁卓文我們知道從第三節開始
[00:14:13.000 --> 00:14:16.000]  一直到第十六節
[00:14:16.000 --> 00:14:18.000]  都是講到俄巴底
[00:14:18.000 --> 00:14:21.000]  他和以利亞那種的對話
[00:14:21.000 --> 00:14:24.000]  和他怎樣藏十一百個先知
[00:14:24.000 --> 00:14:28.000]  然後怎樣他不怕被發現
[00:14:28.000 --> 00:14:30.000]  而勇敢的去做神
[00:14:30.000 --> 00:14:32.000]  要託付他的工作
[00:14:32.000 --> 00:14:34.000]  而他和以利亞的對話
[00:14:34.000 --> 00:14:38.000]  也都看見他心裏面的內心世界是怎樣的
[00:14:38.000 --> 00:14:44.000]  在這張裏面我們看以利亞
[00:14:44.000 --> 00:14:47.000]  其實我們可以從以利亞的角度來說
[00:14:47.000 --> 00:14:49.000]  第一到第十九節
[00:14:49.000 --> 00:14:53.000]  但是我選擇從俄巴底的角度去看
[00:14:53.000 --> 00:14:56.000]  而今天我們的題目是什麼呢
[00:14:56.000 --> 00:15:01.000]  是做神職場的大使
[00:15:01.000 --> 00:15:03.000]  我發現俄巴底
[00:15:03.000 --> 00:15:07.000]  他是一個職場的大使
[00:15:07.000 --> 00:15:11.000]  第一個他的特色是什麼呢
[00:15:11.000 --> 00:15:17.000]  他是活出生命力來去見證神
[00:15:17.000 --> 00:15:21.000]  作者描述俄巴底在第三節說什麼呢
[00:15:21.000 --> 00:15:24.000]  甚至敬畏耶和華
[00:15:24.000 --> 00:15:26.000]  俄巴底?
[00:15:26.000 --> 00:15:31.000]  他是阿哈皇宮裏面的家宰
[00:15:31.000 --> 00:15:33.000]  家宰大家知道是什麼嗎
[00:15:33.000 --> 00:15:37.000]  現在你看連續劇
[00:15:37.000 --> 00:15:39.000]  什麼大內總管
[00:15:39.000 --> 00:15:43.000]  全部他宮廷裏面很多事情
[00:15:43.000 --> 00:15:47.000]  差不多是一個general manager
[00:15:47.000 --> 00:15:49.000]  是一個總管
[00:15:49.000 --> 00:15:53.000]  管理阿哈家裏面的一切事情
[00:15:53.000 --> 00:15:55.000]  所以叫做家宰
[00:15:55.000 --> 00:15:59.000]  而在聖經裏面說俄巴底
[00:15:59.000 --> 00:16:03.000]  是甚至敬畏耶和華
[00:16:03.000 --> 00:16:07.000]  我看一些註釋書
[00:16:07.000 --> 00:16:09.000]  有些註釋書說
[00:16:09.000 --> 00:16:13.000]  俄巴底其實是一個妥協分子
[00:16:13.000 --> 00:16:20.000]  在阿哈這個大壞蛋的宮裏面做事
[00:16:20.000 --> 00:16:21.000]  好人都有閒
[00:16:21.000 --> 00:16:25.000]  大家同不同意嗎
[00:16:25.000 --> 00:16:29.000]  不同意嗎
[00:16:29.000 --> 00:16:31.000]  不同意
[00:16:31.000 --> 00:16:33.000]  他們說得真正有詞的
[00:16:33.000 --> 00:16:39.000]  有些時候又覺得好像是對的
[00:16:39.000 --> 00:16:42.000]  在一個這麼大的惡人的底下
[00:16:42.000 --> 00:16:45.000]  做他的整個general manager
[00:16:45.000 --> 00:16:48.000]  真是挺難
[00:16:48.000 --> 00:16:51.000]  但是我覺得如果要解經
[00:16:51.000 --> 00:16:53.000]  你就要忠於聖經
[00:16:53.000 --> 00:16:55.000]  聖經講了一句話
[00:16:55.000 --> 00:16:58.000]  就是他甚至敬畏耶和華
[00:16:58.000 --> 00:17:00.000]  俄巴底這個字
[00:17:00.000 --> 00:17:04.000]  其實是耶和華的僕人的意思
[00:17:04.000 --> 00:17:06.000]  誰給他這個名字
[00:17:06.000 --> 00:17:08.000]  我相信是他父母給他這個名字
[00:17:08.000 --> 00:17:10.000]  如果他父母給他這個名字
[00:17:10.000 --> 00:17:17.000]  我相信他父母都是神的百姓
[00:17:17.000 --> 00:17:22.000]  他希望俄巴底能夠成長成為耶和華的僕人
[00:17:22.000 --> 00:17:25.000]  我們有足夠的理由相信
[00:17:25.000 --> 00:17:27.000]  俄巴底是從小就認識神
[00:17:27.000 --> 00:17:30.000]  因為他後來的見證說
[00:17:30.000 --> 00:17:34.000]  他自幼就是敬畏耶和華
[00:17:34.000 --> 00:17:36.000]  他自幼敬畏耶和華
[00:17:36.000 --> 00:17:42.000]  我相信是因為他父母教導他帶領他去敬畏耶和華
[00:17:42.000 --> 00:17:45.000]  所以敬畏神在這裡
[00:17:45.000 --> 00:17:48.000]  我們看到兩個地方說他敬畏神
[00:17:48.000 --> 00:17:52.000]  在第九節說的是他自己的見證說他敬畏神
[00:17:52.000 --> 00:17:55.000]  如果他自己說他敬畏神
[00:17:55.000 --> 00:17:57.000]  你可以打折扣
[00:17:57.000 --> 00:17:59.000]  是不是
[00:17:59.000 --> 00:18:01.000]  有一個人告訴你他很愛主
[00:18:01.000 --> 00:18:03.000]  你信不信
[00:18:03.000 --> 00:18:06.000]  你有足夠的理由去懷疑
[00:18:06.000 --> 00:18:07.000]  因為你要看清楚
[00:18:07.000 --> 00:18:11.000]  到底他實際的生活是不是真的愛主
[00:18:11.000 --> 00:18:13.000]  但是如果聖經在第三節
[00:18:13.000 --> 00:18:16.000]  是作者說他甚是敬畏耶和華
[00:18:16.000 --> 00:18:18.000]  這個就另當別論了
[00:18:18.000 --> 00:18:20.000]  對不對
[00:18:20.000 --> 00:18:23.000]  作者說他甚是敬畏耶和華
[00:18:23.000 --> 00:18:29.000]  所以這個應該是不會錯得去變
[00:18:29.000 --> 00:18:33.000]  因為聖經的記載我們要相信
[00:18:33.000 --> 00:18:37.000]  我們以聖經所記載的來解釋聖經
[00:18:37.000 --> 00:18:42.000]  在這裡我們要解決兩個問題
[00:18:42.000 --> 00:18:47.000]  這兩個問題其實都是很需要來處理
[00:18:47.000 --> 00:18:49.000]  然後處理了之後
[00:18:49.000 --> 00:18:51.000]  我們才可以真是明白
[00:18:51.000 --> 00:18:55.000]  阿巴底怎樣能夠活出生命力來見證神
[00:18:55.000 --> 00:18:58.000]  第一個問題
[00:18:58.000 --> 00:19:00.000]  我問你了
[00:19:00.000 --> 00:19:02.000]  你去想
[00:19:02.000 --> 00:19:04.000]  為什麼一個敬畏神的人
[00:19:04.000 --> 00:19:06.000]  竟然願意在一個大惡人
[00:19:06.000 --> 00:19:10.000]  敵對神的老闆底下來做事呢
[00:19:10.000 --> 00:19:12.000]  這是不是一個問題
[00:19:12.000 --> 00:19:14.000]  是不是
[00:19:14.000 --> 00:19:16.000]  是啊
[00:19:16.000 --> 00:19:18.000]  為什麼呢
[00:19:18.000 --> 00:19:22.000]  如果你不解決這個問題
[00:19:22.000 --> 00:19:26.000]  你就很難繼續下去
[00:19:26.000 --> 00:19:28.000]  所以為什麼有人說
[00:19:28.000 --> 00:19:30.000]  阿巴底是軟弱妥協
[00:19:30.000 --> 00:19:36.000]  而不是真正的用生命力來見證神
[00:19:36.000 --> 00:19:38.000]  在阿哈的宮裏面
[00:19:38.000 --> 00:19:40.000]  既然拜偶像
[00:19:40.000 --> 00:19:45.000]  所以很多時候就會有一些拜偶像的禮儀
[00:19:45.000 --> 00:19:47.000]  而在拜偶像的中間
[00:19:47.000 --> 00:19:51.000]  也會加了一些不道德的行徑
[00:19:51.000 --> 00:19:55.000]  一些男女之間很亂倫
[00:19:55.000 --> 00:19:58.000]  不道德的事情
[00:19:58.000 --> 00:20:02.000]  所以如果要在阿哈的宮裏面擔當要職
[00:20:02.000 --> 00:20:05.000]  是不是都很困難呢
[00:20:05.000 --> 00:20:10.000]  要持守他的見證是不是很困難呢
[00:20:10.000 --> 00:20:12.000]  我相信是
[00:20:12.000 --> 00:20:15.000]  為什麼阿巴底仍然在那裏做事呢
[00:20:15.000 --> 00:20:20.000]  你有沒有想到一個好的答案呢
[00:20:20.000 --> 00:20:22.000]  有些人說
[00:20:22.000 --> 00:20:25.000]  可能他找不到另一份工作
[00:20:25.000 --> 00:20:28.000]  又或者這份工作挺好的
[00:20:28.000 --> 00:20:30.000]  又薪水挺高
[00:20:30.000 --> 00:20:33.000]  因為大內總管
[00:20:33.000 --> 00:20:40.000]  又或者他是神安排給他在這個地方來侍奉
[00:20:40.000 --> 00:20:43.000]  某個程度他是被迫的
[00:20:43.000 --> 00:20:45.000]  而他不甘願
[00:20:45.000 --> 00:20:47.000]  但是他也沒有辦法
[00:20:47.000 --> 00:20:51.000]  所以他在那裏來侍奉
[00:20:51.000 --> 00:20:54.000]  我不知道什麼原因
[00:20:54.000 --> 00:20:59.000]  到底什麼原因使阿巴底繼續在阿哈的宮裏面來侍奉
[00:20:59.000 --> 00:21:01.000]  我不知道
[00:21:01.000 --> 00:21:05.000]  但是他沒有因為環境不如意
[00:21:05.000 --> 00:21:08.000]  他反而是藉著這個機會
[00:21:08.000 --> 00:21:12.000]  找機會來侍奉神
[00:21:12.000 --> 00:21:14.000]  他敬畏神
[00:21:14.000 --> 00:21:17.000]  在阿哈的宮裏面來敬畏神
[00:21:17.000 --> 00:21:20.000]  你覺得是不是很困難呢
[00:21:20.000 --> 00:21:24.000]  好像在賭場裏面做事
[00:21:24.000 --> 00:21:27.000]  但也有美好的見證
[00:21:27.000 --> 00:21:29.000]  在賭場裏面做事
[00:21:29.000 --> 00:21:30.000]  美好的見證
[00:21:30.000 --> 00:21:33.000]  又或者我們看武俠小說裏面
[00:21:33.000 --> 00:21:35.000]  就說在黑道中
[00:21:35.000 --> 00:21:37.000]  其實他是白道中人
[00:21:37.000 --> 00:21:39.000]  在黑道裏面
[00:21:39.000 --> 00:21:42.000]  但是他是白道中人
[00:21:42.000 --> 00:21:45.000]  矛盾是不是
[00:21:45.000 --> 00:21:46.000]  其實是矛盾
[00:21:46.000 --> 00:21:48.000]  但是如果我們看聖經
[00:21:48.000 --> 00:21:50.000]  我們看到很多的人
[00:21:50.000 --> 00:21:52.000]  很多
[00:21:52.000 --> 00:21:57.000]  其實他們都是在敵對神的環境裏面來侍奉
[00:21:57.000 --> 00:22:01.000]  你想到誰呢
[00:22:01.000 --> 00:22:02.000]  但以你
[00:22:02.000 --> 00:22:04.000]  四朝之上
[00:22:04.000 --> 00:22:06.000]  全部都是外邦人
[00:22:06.000 --> 00:22:12.000]  他們全部都是拜偶像的老闆
[00:22:12.000 --> 00:22:15.000]  若失在波提佛的家中
[00:22:15.000 --> 00:22:17.000]  若失做埃及的宰相
[00:22:17.000 --> 00:22:20.000]  其實都是一個不順的環境裏面
[00:22:20.000 --> 00:22:27.000]  以斯帖嫁進波斯王的皇宮裏面做皇后
[00:22:27.000 --> 00:22:30.000]  是不是都是很多挑戰
[00:22:30.000 --> 00:22:31.000]  很多挑戰
[00:22:31.000 --> 00:22:34.000]  尼希米做波斯王的酒政
[00:22:34.000 --> 00:22:37.000]  是不是同樣的
[00:22:37.000 --> 00:22:41.000]  《弗勒比書》第四章22節裏面有講到
[00:22:41.000 --> 00:22:44.000]  在海撒加裏面的聖徒
[00:22:44.000 --> 00:22:47.000]  海撒家的聖徒
[00:22:47.000 --> 00:22:50.000]  海撒不信主的老闆
[00:22:50.000 --> 00:22:53.000]  在他家裏原來有聖徒
[00:22:53.000 --> 00:22:58.000]  大英哲學院你不要找一個美好的環境
[00:22:58.000 --> 00:23:01.000]  然後才說我在那裏做基督徒
[00:23:01.000 --> 00:23:04.000]  如果你真的要找一個美好的環境
[00:23:04.000 --> 00:23:05.000]  才做基督徒
[00:23:05.000 --> 00:23:08.000]  那你就沒有什麼機會
[00:23:08.000 --> 00:23:11.000]  不是因為你沒有機會做基督徒
[00:23:11.000 --> 00:23:17.000]  但是因為你沒有機會找到一個很美好的環境
[00:23:17.000 --> 00:23:21.000]  甚至現在你在美好的環境裏面
[00:23:21.000 --> 00:23:25.000]  在教會、在神學院、在機構
[00:23:25.000 --> 00:23:30.000]  一樣有他的陰暗面
[00:23:30.000 --> 00:23:34.000]  所以在不信主的人中間
[00:23:34.000 --> 00:23:36.000]  我們不需要怕
[00:23:36.000 --> 00:23:40.000]  我們要面對這個環境的挑戰
[00:23:40.000 --> 00:23:42.000]  在不信主的人中間
[00:23:42.000 --> 00:23:45.000]  甚至在你的老闆的底下
[00:23:45.000 --> 00:23:46.000]  上樑不正
[00:23:46.000 --> 00:23:48.000]  我們中國人說怎樣
[00:23:48.000 --> 00:23:50.000]  下樑歪
[00:23:50.000 --> 00:23:52.000]  不過我有一個另外的說法
[00:23:52.000 --> 00:23:55.000]  上樑不正下樑不一定歪
[00:23:55.000 --> 00:23:58.000]  大家一起讀好不好
[00:23:58.000 --> 00:24:00.000]  上樑不正
[00:24:00.000 --> 00:24:05.000]  下樑不一定歪
[00:24:05.000 --> 00:24:08.000]  你如果經常都要找一個上樑正的
[00:24:08.000 --> 00:24:11.000]  才可以理其身才正
[00:24:11.000 --> 00:24:12.000]  那就難了
[00:24:12.000 --> 00:24:17.000]  上樑不正跟你正不正沒有什麼直接關係
[00:24:17.000 --> 00:24:22.000]  上樑不正下樑不一定歪
[00:24:22.000 --> 00:24:25.000]  這個是第一個問題
[00:24:25.000 --> 00:24:27.000]  第二個問題
[00:24:27.000 --> 00:24:30.000]  這個惡人
[00:24:30.000 --> 00:24:34.000]  為什麼他會給一個敬畏神的娥巴底
[00:24:34.000 --> 00:24:37.000]  在他的宮裏面擔任要職呢
[00:24:37.000 --> 00:24:40.000]  大家有沒有想過這個問題
[00:24:40.000 --> 00:24:44.000]  信得過他
[00:24:44.000 --> 00:24:50.000]  不知道阿哈知不知道他是敬畏謠話的呢
[00:24:50.000 --> 00:24:54.000]  不知道知不知道
[00:24:54.000 --> 00:24:56.000]  我不知道
[00:24:56.000 --> 00:24:59.000]  如果你知道你告訴我你為什麼知道
[00:24:59.000 --> 00:25:03.000]  大家都是猜測的
[00:25:03.000 --> 00:25:09.000]  所以我說如果阿哈不知道
[00:25:09.000 --> 00:25:12.000]  可能是看他的工作表現
[00:25:12.000 --> 00:25:15.000]  今天你的老闆告訴你
[00:25:15.000 --> 00:25:19.000]  你老闆不會介意
[00:25:19.000 --> 00:25:23.000]  或者不介意你是不是基督徒
[00:25:23.000 --> 00:25:27.000]  你去到然後跟他說老闆我是基督徒
[00:25:27.000 --> 00:25:30.000]  我一定忠心為你做事的
[00:25:30.000 --> 00:25:34.000]  你猜他信你多少分呢
[00:25:34.000 --> 00:25:37.000]  他說先看一看
[00:25:37.000 --> 00:25:39.000]  看你的表現
[00:25:39.000 --> 00:25:42.000]  你跟我說你是基督徒不會加分的
[00:25:42.000 --> 00:25:44.000]  不會加分
[00:25:44.000 --> 00:25:46.000]  因為他主要看什麼
[00:25:46.000 --> 00:25:48.000]  看你的表現
[00:25:48.000 --> 00:25:51.000]  他主要看你是否一個忠心的人
[00:25:51.000 --> 00:25:53.000]  如果你是忠心於神
[00:25:53.000 --> 00:25:55.000]  你又忠心於老闆
[00:25:55.000 --> 00:25:58.000]  無論你的信仰是什麼
[00:25:58.000 --> 00:26:01.000]  很多老闆就是看實際的
[00:26:01.000 --> 00:26:03.000]  看果效
[00:26:03.000 --> 00:26:05.000]  如果你是一個基督徒
[00:26:05.000 --> 00:26:08.000]  我告訴你你的挑戰就會這麼大
[00:26:08.000 --> 00:26:12.000]  我在加州認識一位長老
[00:26:12.000 --> 00:26:14.000]  那位長老有一個朋友
[00:26:14.000 --> 00:26:17.000]  他是做出遊口生意的
[00:26:17.000 --> 00:26:19.000]  因為他信主的緣故
[00:26:19.000 --> 00:26:22.000]  所以他做生意就循規蹈矩
[00:26:22.000 --> 00:26:27.000]  其他的同行的人就各出其謀
[00:26:27.000 --> 00:26:30.000]  大家就各用手段
[00:26:30.000 --> 00:26:32.000]  各懷鬼胎
[00:26:32.000 --> 00:26:34.000]  有時就不照規矩來
[00:26:34.000 --> 00:26:39.000]  所以很多時候到最後吃虧的是誰
[00:26:39.000 --> 00:26:41.000]  是這個基督徒
[00:26:41.000 --> 00:26:43.000]  因為他照正規矩來
[00:26:43.000 --> 00:26:45.000]  什麼都照規矩來
[00:26:45.000 --> 00:26:47.000]  他誠誠實實
[00:26:47.000 --> 00:26:51.000]  所以有時又被同行的人排擠他
[00:26:51.000 --> 00:26:53.000]  冷嘲熱諷
[00:26:53.000 --> 00:26:56.000]  有時又說他傻、蠢、不懂轉彎
[00:26:56.000 --> 00:27:00.000]  總言之他受很大壓力
[00:27:00.000 --> 00:27:03.000]  生意也不是做得很好
[00:27:03.000 --> 00:27:09.000]  但是有一次台灣的經濟蕭條
[00:27:09.000 --> 00:27:13.000]  他和台灣都有出入口的生意來往
[00:27:13.000 --> 00:27:16.000]  很多工廠因為怕收不到錢
[00:27:16.000 --> 00:27:20.000]  所以他們都不再入口
[00:27:20.000 --> 00:27:27.000]  因為很多的公司因為生意蕭條
[00:27:27.000 --> 00:27:30.000]  他沒辦法給credit
[00:27:30.000 --> 00:27:33.000]  這個遠期的支票
[00:27:33.000 --> 00:27:35.000]  因為周轉的問題
[00:27:35.000 --> 00:27:37.000]  所以他們如果要做
[00:27:37.000 --> 00:27:39.000]  他們要找一個信得過的
[00:27:39.000 --> 00:27:42.000]  在生意非常不好
[00:27:42.000 --> 00:27:44.000]  經濟最蕭條的時候
[00:27:44.000 --> 00:27:46.000]  人們就想起這個基督徒
[00:27:46.000 --> 00:27:48.000]  因為他知道這個基督徒是怎樣
[00:27:48.000 --> 00:27:50.000]  誠誠實實
[00:27:50.000 --> 00:27:52.000]  不會找人笨
[00:27:52.000 --> 00:27:56.000]  不會隨便轉彎
[00:27:56.000 --> 00:28:02.000]  所以他們就在很多人中間找了這個基督徒
[00:28:02.000 --> 00:28:06.000]  所以其他的人生意都沒有了
[00:28:06.000 --> 00:28:08.000]  就唯有這個基督徒
[00:28:08.000 --> 00:28:12.000]  以前嘲笑他的同行
[00:28:12.000 --> 00:28:14.000]  現在都凌眼上汗
[00:28:14.000 --> 00:28:17.000]  都覺得真是奇怪
[00:28:17.000 --> 00:28:20.000]  其實沒什麼奇怪的
[00:28:20.000 --> 00:28:24.000]  因為一個人做生意的時候
[00:28:24.000 --> 00:28:29.000]  在最困難或者危機最大的時候
[00:28:29.000 --> 00:28:32.000]  他們要找的就是一個誠實的人
[00:28:32.000 --> 00:28:35.000]  鄭志榮我不知道
[00:28:35.000 --> 00:28:39.000]  羅巴底他什麼吸引到阿哈
[00:28:39.000 --> 00:28:41.000]  讓他的信任
[00:28:41.000 --> 00:28:45.000]  讓他把整個家裡的事都交給他
[00:28:45.000 --> 00:28:49.000]  但是我有足夠的理由相信
[00:28:49.000 --> 00:28:53.000]  羅巴底是一個忠誠的僕人
[00:28:53.000 --> 00:29:01.000]  鄭志榮你能不能夠用你的生命來見證神
[00:29:01.000 --> 00:29:03.000]  在一個最惡劣的環境裡面
[00:29:03.000 --> 00:29:08.000]  你能不能夠仍然拿出你信仰那種的真誠
[00:29:08.000 --> 00:29:14.000]  然後代人你侍奉就是以耶穌基督的心
[00:29:14.000 --> 00:29:16.000]  沒有花巧的
[00:29:16.000 --> 00:29:24.000]  而就是直接用神給你的愛心來侍奉
[00:29:24.000 --> 00:29:28.000]  他不單單是一個敬畏神的人
[00:29:28.000 --> 00:29:32.000]  他也都用他現在的地位
[00:29:32.000 --> 00:29:35.000]  大家記得他是做家載的
[00:29:35.000 --> 00:29:38.000]  他在這個地位上面
[00:29:38.000 --> 00:29:43.000]  他運用這個地位和影響力來侍奉神
[00:29:43.000 --> 00:29:46.000]  鄭志榮你如果看第四節
[00:29:46.000 --> 00:29:48.000]  剛才我們都讀過了
[00:29:48.000 --> 00:29:51.000]  夜洗別殺夜話中仙之的時候
[00:29:51.000 --> 00:29:54.000]  羅巴底把一百個仙之藏起來
[00:29:54.000 --> 00:29:56.000]  每五十個藏在一個洞裡面
[00:29:56.000 --> 00:30:00.000]  拿餅和水供養他們
[00:30:00.000 --> 00:30:04.000]  羅巴底的敬畏其實是真誠的
[00:30:04.000 --> 00:30:07.000]  因為他不單單口講
[00:30:07.000 --> 00:30:10.000]  他用生命來去見證
[00:30:10.000 --> 00:30:16.000]  而他用他的影響力來去收藏一百個的仙子
[00:30:16.000 --> 00:30:20.000]  大家知道阿哈和夜洗別都不是很惹的
[00:30:20.000 --> 00:30:21.000]  是不是
[00:30:21.000 --> 00:30:23.000]  不是很惹的人物
[00:30:23.000 --> 00:30:28.000]  他竟然暗暗地來違背主人的命令
[00:30:28.000 --> 00:30:31.000]  而收藏了一百個人
[00:30:31.000 --> 00:30:33.000]  他這個膽子都挺大的
[00:30:33.000 --> 00:30:35.000]  夠不夠大膽
[00:30:35.000 --> 00:30:38.000]  而你收藏不是一百箱東西
[00:30:38.000 --> 00:30:41.000]  你收藏一百箱東西
[00:30:41.000 --> 00:30:44.000]  那一百箱東西不會說話的
[00:30:44.000 --> 00:30:46.000]  它不會出來走動的
[00:30:46.000 --> 00:30:49.000]  你收藏一百個人
[00:30:49.000 --> 00:30:52.000]  你收藏一百個人他們有時候
[00:30:52.000 --> 00:30:54.000]  有些人不是很聽話的
[00:30:54.000 --> 00:30:57.000]  走出來走走走 招搖一下
[00:30:57.000 --> 00:31:00.000]  然後覺得在山洞裡很悶
[00:31:00.000 --> 00:31:03.000]  走出來和別人打打招呼
[00:31:03.000 --> 00:31:07.000]  很多機會會被人發現的
[00:31:07.000 --> 00:31:16.000]  而阿巴底他用他的當時的影響力來侍奉神
[00:31:16.000 --> 00:31:21.000]  我們可能會問為什麼收藏一百個呢
[00:31:21.000 --> 00:31:23.000]  不收藏多一點
[00:31:23.000 --> 00:31:28.000]  因為在第十九章神對以利亞說
[00:31:28.000 --> 00:31:30.000]  他樓下有多少人
[00:31:30.000 --> 00:31:32.000]  七千人沒有向巴力屈神
[00:31:32.000 --> 00:31:34.000]  所以還有多少
[00:31:34.000 --> 00:31:37.000]  還有六千九百個在外面不知道在哪裡
[00:31:37.000 --> 00:31:41.000]  有一百個是阿巴底收藏
[00:31:41.000 --> 00:31:45.000]  我相信阿巴底他的能力是有限的
[00:31:45.000 --> 00:31:49.000]  他能夠收藏可能就是限於一百個
[00:31:49.000 --> 00:31:52.000]  再多他都沒有辦法
[00:31:52.000 --> 00:31:54.000]  我問大家了
[00:31:54.000 --> 00:31:58.000]  他收藏這一百個先知是出公數
[00:31:58.000 --> 00:32:01.000]  還是自己的銀河包呢
[00:32:01.000 --> 00:32:04.000]  自己的銀河包能不能出公數呢
[00:32:04.000 --> 00:32:07.000]  出不了公數
[00:32:07.000 --> 00:32:09.000]  他沒辦法出公數
[00:32:09.000 --> 00:32:12.000]  可能他自己的銀河包裡面
[00:32:12.000 --> 00:32:15.000]  因為他做阿哈王的大內總管
[00:32:15.000 --> 00:32:18.000]  可能薪水都挺高的
[00:32:18.000 --> 00:32:21.000]  但這個都不是單單薪水高
[00:32:21.000 --> 00:32:23.000]  我想他人面廣
[00:32:23.000 --> 00:32:27.000]  不是每個人都可以收藏一百個
[00:32:27.000 --> 00:32:32.000]  而是先知的工作,大家同不同意嗎
[00:32:32.000 --> 00:32:36.000]  你一定要有上下的人面
[00:32:36.000 --> 00:32:43.000]  或者你有上下的銀河包裡面
[00:32:43.000 --> 00:32:45.000]  否則你都做不到這件事
[00:32:45.000 --> 00:32:48.000]  因為當時是大饑荒
[00:32:48.000 --> 00:32:51.000]  每個人都沒得吃
[00:32:51.000 --> 00:32:53.000]  你還說自己都沒得吃
[00:32:53.000 --> 00:32:56.000]  還要去供養一百個先知
[00:32:56.000 --> 00:33:00.000]  這個其實壓力都很大
[00:33:00.000 --> 00:33:06.000]  我稱河巴底叫做另類烏鴉
[00:33:06.000 --> 00:33:09.000]  大家同不同意嗎
[00:33:09.000 --> 00:33:14.000]  記不記得烏鴉丹餅和肉來給伊利亞
[00:33:14.000 --> 00:33:16.000]  然後伊利亞喝哪裏的水
[00:33:16.000 --> 00:33:18.000]  溪裏面的水
[00:33:18.000 --> 00:33:25.000]  那河巴底就是供養他們餅和水
[00:33:25.000 --> 00:33:27.000]  這不是另類烏鴉
[00:33:27.000 --> 00:33:30.000]  如果真是烏鴉飛來
[00:33:30.000 --> 00:33:33.000]  我們會感謝主哈利路亞
[00:33:33.000 --> 00:33:35.000]  哇,這個神蹟
[00:33:35.000 --> 00:33:38.000]  但如果有個人像河巴底一樣
[00:33:38.000 --> 00:33:40.000]  拿餅和水和肉過來
[00:33:40.000 --> 00:33:43.000]  你會不會這麼大驚訝呢
[00:33:43.000 --> 00:33:45.000]  不會
[00:33:45.000 --> 00:33:47.000]  這個可能很自然
[00:33:47.000 --> 00:33:49.000]  不是神蹟
[00:33:49.000 --> 00:33:52.000]  但是,鄭節目你要明白一件事
[00:33:52.000 --> 00:33:55.000]  神猜險烏鴉來
[00:33:55.000 --> 00:33:58.000]  和神猜險河巴底來
[00:33:58.000 --> 00:34:01.000]  你扮演烏鴉或扮演河巴底
[00:34:01.000 --> 00:34:04.000]  其實都是同樣神的作為
[00:34:04.000 --> 00:34:07.000]  同樣是神的作為
[00:34:07.000 --> 00:34:10.000]  鄭節目,今天我們要明白
[00:34:10.000 --> 00:34:13.000]  我們在我們的職場上
[00:34:13.000 --> 00:34:17.000]  有時我們是有某一個程度的影響力
[00:34:17.000 --> 00:34:19.000]  這個某一個程度的影響力
[00:34:19.000 --> 00:34:21.000]  你要好好利用
[00:34:21.000 --> 00:34:24.000]  好像末底改對易思貼說什麼
[00:34:24.000 --> 00:34:27.000]  「殷知你得了這皇后的位份
[00:34:27.000 --> 00:34:30.000]  不是為現今的機會」
[00:34:30.000 --> 00:34:35.000]  有些在公司裏面
[00:34:35.000 --> 00:34:39.000]  他有少少的地位或者說身份
[00:34:39.000 --> 00:34:42.000]  可以在一些午餐的時候
[00:34:42.000 --> 00:34:44.000]  組織一些午餐的茶經
[00:34:44.000 --> 00:34:46.000]  午餐分享會
[00:34:46.000 --> 00:34:48.000]  你可以做
[00:34:48.000 --> 00:34:51.000]  你說老闆知道不得了
[00:34:51.000 --> 00:34:56.000]  有時就要好像易思貼說
[00:34:56.000 --> 00:34:58.000]  「死就死罷」
[00:34:58.000 --> 00:35:02.000]  這個叫做「自知死地而後生」
[00:35:02.000 --> 00:35:03.000]  好像什麼呢?
[00:35:03.000 --> 00:35:06.000]  如果被阿哈翁發現,他會怎樣?
[00:35:06.000 --> 00:35:09.000]  就是死
[00:35:09.000 --> 00:35:14.000]  我想,河巴底都有同樣的體會
[00:35:14.000 --> 00:35:17.000]  死就死罷
[00:35:17.000 --> 00:35:19.000]  是不是危險呢?
[00:35:19.000 --> 00:35:22.000]  其實某一個程度上是有風險的
[00:35:22.000 --> 00:35:24.000]  但是為了神的緣故
[00:35:24.000 --> 00:35:27.000]  我們願意運用我們的影響力
[00:35:27.000 --> 00:35:30.000]  來去侍奉神
[00:35:30.000 --> 00:35:35.000]  在美國有一個作家叫做Henry Blackby
[00:35:35.000 --> 00:35:37.000]  他寫了一本書很暢銷的
[00:35:37.000 --> 00:35:39.000]  叫做「Experiencing God」
[00:35:39.000 --> 00:35:41.000]  我不知道中文有沒有翻譯
[00:35:41.000 --> 00:35:44.000]  如果翻譯大概叫做「經歷神」
[00:35:44.000 --> 00:35:48.000]  這個是在基督教圈子裏面
[00:35:48.000 --> 00:35:52.000]  非常有身份、有地位的一個牧者
[00:35:52.000 --> 00:35:54.000]  是一個學者
[00:35:54.000 --> 00:36:00.000]  他定期和60個大企業的執行長
[00:36:00.000 --> 00:36:03.000]  定期有電話的會談
[00:36:03.000 --> 00:36:05.000]  而其中有很多
[00:36:05.000 --> 00:36:10.000]  大家有聽過,在美國叫做Fortune 500
[00:36:10.000 --> 00:36:13.000]  是500間大公司
[00:36:13.000 --> 00:36:16.000]  是美國最大的500
[00:36:16.000 --> 00:36:20.000]  如果你能夠打進這500間裏面的其中一間
[00:36:20.000 --> 00:36:21.000]  你都是不得了的
[00:36:21.000 --> 00:36:25.000]  他說他其中那些朋友和他電話會談
[00:36:25.000 --> 00:36:31.000]  有很多都是美國500大企業的領袖
[00:36:31.000 --> 00:36:36.000]  他不單單是做牧師
[00:36:36.000 --> 00:36:38.000]  不單單是做作家
[00:36:38.000 --> 00:36:45.000]  他都是很多的大公司的董事會裏面的顧問
[00:36:45.000 --> 00:36:48.000]  而很多人是基督徒
[00:36:48.000 --> 00:36:50.000]  他們想請一些基督徒的牧者
[00:36:50.000 --> 00:36:53.000]  來給他一些熟齡的意見
[00:36:53.000 --> 00:36:58.000]  他經常和這些人去打哥爾夫球
[00:36:58.000 --> 00:37:02.000]  你知道上流社會打哥爾夫球是一種什麼呢?
[00:37:02.000 --> 00:37:05.000]  是一種社交活動
[00:37:05.000 --> 00:37:09.000]  他都不是隨便請什麼人和他一起打哥爾夫球
[00:37:09.000 --> 00:37:14.000]  所以這些領袖經常和他有交談
[00:37:14.000 --> 00:37:20.000]  而很多時候BlackBee就會透過這些電話會談
[00:37:20.000 --> 00:37:23.000]  甚至有時有些查驚
[00:37:23.000 --> 00:37:26.000]  來給他們有熟齡的影響
[00:37:26.000 --> 00:37:33.000]  第一,我不知道你們在公司裏面的影響力有多大
[00:37:33.000 --> 00:37:37.000]  我也不知道你們能夠做的事情有多少
[00:37:37.000 --> 00:37:40.000]  但是你們有沒有想過
[00:37:40.000 --> 00:37:46.000]  有沒有想過用你們在公司的影響力來侍奉神
[00:37:46.000 --> 00:37:51.000]  可以讓神的國度、神的福音的見證
[00:37:51.000 --> 00:37:56.000]  在你影響的範圍裏面來被推廣
[00:37:56.000 --> 00:38:03.000]  第三,我們要討論一個問題
[00:38:03.000 --> 00:38:08.000]  有人說,俄巴底可能是一個秘密基督徒
[00:38:08.000 --> 00:38:14.000]  很可能一下子都不知道他是一個信耶和神的人
[00:38:14.000 --> 00:38:19.000]  可能,現在因為這個可能,就引出這個人生的問題
[00:38:19.000 --> 00:38:24.000]  這個世界有沒有可能有一些秘密基督徒呢?
[00:38:24.000 --> 00:38:30.000]  有沒有這種情況?
[00:38:30.000 --> 00:38:34.000]  有沒有?有吧?應該有的
[00:38:34.000 --> 00:38:38.000]  為什麼呢?你說會不會說
[00:38:38.000 --> 00:38:41.000]  誰在人的面前不認我,我在天父的面前
[00:38:41.000 --> 00:38:44.000]  在眾天使的面前都不認他
[00:38:44.000 --> 00:38:50.000]  這些秘密基督徒將來天父都不認他的,是不是?
[00:38:50.000 --> 00:38:52.000]  會不會?不會啊?
[00:38:52.000 --> 00:38:56.000]  不會啊?那你鼓勵人不承認自己是基督徒啊?
[00:38:56.000 --> 00:39:02.000]  弟兄姊妹,我就越來越發現
[00:39:02.000 --> 00:39:07.000]  這個問題其實有很多是我們有未知之數的東西在裏面
[00:39:07.000 --> 00:39:15.000]  我不是鼓勵你在一些場合裏面不承認自己基督徒的身份
[00:39:15.000 --> 00:39:18.000]  我不是,我乃是要你明白
[00:39:18.000 --> 00:39:27.000]  有些人在某一些場合,特別在一些別的宗教的國家
[00:39:27.000 --> 00:39:31.000]  或者說在一些極權的統治的底下
[00:39:31.000 --> 00:39:35.000]  有很多複雜的因素
[00:39:35.000 --> 00:39:37.000]  很多複雜的因素
[00:39:37.000 --> 00:39:42.000]  而當他不公開承認他們是基督徒的時候
[00:39:42.000 --> 00:39:47.000]  你就千萬不要一下就下判斷說他就是怎樣
[00:39:47.000 --> 00:39:49.000]  大家明白我的意思嗎?
[00:39:49.000 --> 00:39:54.000]  就是你不要一下子去論斷他或者判斷他
[00:39:54.000 --> 00:39:59.000]  然後就告訴他你不認耶穌啊,耶穌不認你的
[00:39:59.000 --> 00:40:06.000]  我覺得這句話我們暫時留下不要隨便說
[00:40:06.000 --> 00:40:09.000]  因為有很多的情況我們不知道
[00:40:09.000 --> 00:40:14.000]  舉一個例子,彼得是不是三次不認主啊?
[00:40:14.000 --> 00:40:20.000]  那後來呢?耶穌有沒有認他?有
[00:40:20.000 --> 00:40:28.000]  那彼得這個案子是不是給我們有些要再三考慮的地方?
[00:40:28.000 --> 00:40:33.000]  是不是有一些情況是我們不知道的呢?
[00:40:33.000 --> 00:40:39.000]  是不是有一些情況是我們沒有辦法用人的智慧來判斷的呢?
[00:40:39.000 --> 00:40:41.000]  當一個人不願意公開他的身份的時候
[00:40:41.000 --> 00:40:45.000]  特別在一些極權國家或者一些異教的國家裡面
[00:40:45.000 --> 00:40:55.000]  而我們是不是應該也留下我們的判斷不要隨便來說話呢?
[00:40:55.000 --> 00:40:59.000]  我只是要給大家一個比較合理一點
[00:40:59.000 --> 00:41:05.000]  而又恰乎聖經的一種勸勉
[00:41:05.000 --> 00:41:11.000]  俄巴底他是一個挺有膽量的人,他也是挺有膽量的
[00:41:11.000 --> 00:41:17.000]  他能夠收藏100個先知是不是很有膽量呢?是不是?
[00:41:17.000 --> 00:41:23.000]  但是呢,如果你看下去第5節一直到第16節
[00:41:23.000 --> 00:41:29.000]  你會發現俄巴底是沒有膽子的匪女,為什麼?
[00:41:29.000 --> 00:41:33.000]  因為在那段經文裡面,以利亞跟他說
[00:41:33.000 --> 00:41:39.000]  你回去告訴阿哈,我在這裡,叫他來見我
[00:41:39.000 --> 00:41:45.000]  俄巴底說什麼?你不要搞我,不要搞我
[00:41:45.000 --> 00:41:51.000]  你呀,我主以利亞,這個是我的詮釋
[00:41:51.000 --> 00:41:55.000]  我主以利亞,你是神龍見首不見尾
[00:41:55.000 --> 00:42:01.000]  你躲起來了三年,人打裸你都找不到
[00:42:01.000 --> 00:42:05.000]  現在突然間出現,如果我去見阿哈,告訴他你在這裡
[00:42:05.000 --> 00:42:09.000]  突然間你又不知道去了哪裡,然後他把你提到別處
[00:42:09.000 --> 00:42:17.000]  那我怎麼辦?阿哈他就必定會殺我
[00:42:17.000 --> 00:42:23.000]  他說了三次,阿哈要殺他
[00:42:23.000 --> 00:42:27.000]  第9節,第12節,第14節
[00:42:27.000 --> 00:42:31.000]  你聽完他這三次的說法
[00:42:31.000 --> 00:42:39.000]  俄巴底有膽量收藏100個先知,為什麼他沒有膽去告訴阿哈
[00:42:39.000 --> 00:42:45.000]  以利亞所在地?為什麼?什麼原因?
[00:42:45.000 --> 00:42:51.000]  俄巴底是不是一個沒有膽的匪女?
[00:42:51.000 --> 00:43:01.000]  你們還在嗎?你們還在嗎?沒有反應
[00:43:01.000 --> 00:43:07.000]  大家覺得他是沒有膽的,點個頭給我看
[00:43:07.000 --> 00:43:13.000]  沒有,你覺得他應該有些特別原因
[00:43:13.000 --> 00:43:17.000]  所以才說這些話,是不是?
[00:43:17.000 --> 00:43:23.000]  我也覺得是,那有什麼特別原因呢?你又想想到
[00:43:23.000 --> 00:43:29.000]  有些人他就很怕蟑螂
[00:43:29.000 --> 00:43:33.000]  我們中間不知道有沒有,很怕蟑螂
[00:43:33.000 --> 00:43:39.000]  我太太也很怕蟑螂,她不在,不要緊,我說都不要緊
[00:43:39.000 --> 00:43:49.000]  她看到蟑螂就叫,我跟她解釋
[00:43:49.000 --> 00:43:55.000]  蟑螂很小隻,你一踩就踩死牠
[00:43:55.000 --> 00:44:01.000]  那有什麼值得這麼怕呢?我告訴你,你怎麼解釋都沒用
[00:44:01.000 --> 00:44:05.000]  一個人怕就是怕,他怕蟑螂
[00:44:05.000 --> 00:44:09.000]  有些人不怕蟑螂,怕老鼠
[00:44:09.000 --> 00:44:13.000]  有些人不怕蟑螂,不怕老鼠,他怕蝙蝠
[00:44:13.000 --> 00:44:19.000]  總之可能我們生命裏面是某一些東西,我們是特別怕的
[00:44:19.000 --> 00:44:23.000]  會不會?會,有些人畏高
[00:44:23.000 --> 00:44:27.000]  有些人畏空間太狹窄,他會很害怕
[00:44:27.000 --> 00:44:33.000]  有些人特別怕老婆
[00:44:33.000 --> 00:44:39.000]  有些你解釋極,都沒辦法解釋到
[00:44:39.000 --> 00:44:45.000]  你講長篇大論,寫篇論文你不需要怕
[00:44:45.000 --> 00:44:49.000]  他讀完你篇論文,他仍然這麼怕
[00:44:49.000 --> 00:44:59.000]  有沒有可能,俄巴底對於蝦有某一種程度的驚慌
[00:44:59.000 --> 00:45:05.000]  我們叫做近君如近虎
[00:45:05.000 --> 00:45:11.000]  也有可能他很怕自己性命不保
[00:45:11.000 --> 00:45:17.000]  而會影響神的工作,這100個先知以後都不知道怎麼辦
[00:45:17.000 --> 00:45:21.000]  有沒有可能呢?有,總而言之
[00:45:21.000 --> 00:45:25.000]  俄巴底他是一個很特別的人物
[00:45:25.000 --> 00:45:31.000]  他不怕蝦,他收藏100個先知
[00:45:31.000 --> 00:45:37.000]  但單單一件事告訴蝦,以利亞在這裏他就不敢去
[00:45:37.000 --> 00:45:41.000]  後來被以利亞罵了一頓
[00:45:41.000 --> 00:45:45.000]  然後他死死氣氣,就跑去告訴蝦
[00:45:45.000 --> 00:45:49.000]  最後他都有去
[00:45:49.000 --> 00:45:55.000]  今天神用人有很多不同的方式
[00:45:55.000 --> 00:46:01.000]  俄巴底和以利亞相比,哪一個比較光烈呢?
[00:46:01.000 --> 00:46:07.000]  以利亞,哪一個站在前面呢?
[00:46:07.000 --> 00:46:11.000]  以利亞,哪一個比較清高呢?
[00:46:11.000 --> 00:46:17.000]  以利亞,哪一個是神重用呢?
[00:46:17.000 --> 00:46:21.000]  以利亞,那就是俄巴底
[00:46:21.000 --> 00:46:25.000]  俄巴底其實是一個配角的地位
[00:46:25.000 --> 00:46:31.000]  俄巴底是做了一些雜事,沒有以利亞那麼清高
[00:46:31.000 --> 00:46:37.000]  俄巴底也是在神的南途裏面
[00:46:37.000 --> 00:46:43.000]  我們可以說是在江湖裏面打滾的一個神的僕人
[00:46:43.000 --> 00:46:47.000]  在江湖裏面打滾
[00:46:47.000 --> 00:46:51.000]  以利亞你一看就知道他很清高,他很超越
[00:46:51.000 --> 00:46:57.000]  他就是神興起要和蝦對峙的大仙子
[00:46:57.000 --> 00:47:03.000]  但是無論怎樣都好,第一頂姐妹你要明白一件事
[00:47:03.000 --> 00:47:09.000]  以利亞和俄巴底都是神的僕人,對不對?
[00:47:09.000 --> 00:47:17.000]  他們都是神的僕人,只不過是一個大的僕人,一個是小的僕人
[00:47:17.000 --> 00:47:21.000]  一個在前線裏面做光烈大事的僕人
[00:47:21.000 --> 00:47:27.000]  另一個在後面執二灘,做配角
[00:47:27.000 --> 00:47:35.000]  不是很見經傳,所以以後沒有再見到俄巴底這一號的人民
[00:47:35.000 --> 00:47:43.000]  無論怎樣都好,第一頂姐妹,今天你不一定每個人都做以利亞的
[00:47:43.000 --> 00:47:47.000]  不一定,如果你做不到以利亞,你做過什麼?
[00:47:47.000 --> 00:47:51.000]  俄巴底,做過俄巴底
[00:47:51.000 --> 00:47:55.000]  今天我們中間有很多俄巴底
[00:47:55.000 --> 00:47:59.000]  你在公司裏面你就可以做個敬畏神
[00:47:59.000 --> 00:48:04.000]  用你的生命力來去見證神,用你的影響力來去侍奉神
[00:48:04.000 --> 00:48:10.000]  然後在此次要的崗位上去跟從神
[00:48:10.000 --> 00:48:16.000]  你不一定要做主管,你不一定要做大老闆
[00:48:16.000 --> 00:48:23.000]  你不一定要功功烈烈為神做一些很厲害的大事
[00:48:23.000 --> 00:48:29.000]  你就好好地去執二灘,做個配角
[00:48:29.000 --> 00:48:38.000]  你就好好地求神,讓你體會到你的工作就是在這個崗位上
[00:48:38.000 --> 00:48:44.000]  不要有一些叫做懷才不遇的那種很無奈
[00:48:44.000 --> 00:48:49.000]  經常都覺得以我這樣的身份,以我這樣的恩賜
[00:48:49.000 --> 00:48:58.000]  有時看鏡越看就越覺得,為什麼神創造一個這麼不得了的人
[00:48:58.000 --> 00:49:03.000]  越看就越著迷,越看就越瘋狂
[00:49:03.000 --> 00:49:08.000]  然後心裏面越看就越多的苦劫
[00:49:08.000 --> 00:49:13.000]  覺得自己這麼厲害的人,為什麼神不好好用
[00:49:13.000 --> 00:49:22.000]  神現在擺你在什麼崗位,你就好好在那個崗位上去跟從神
[00:49:22.000 --> 00:49:31.000]  有一次有個董事長,看見下班的時候已經過了
[00:49:31.000 --> 00:49:38.000]  他打算下班的時候,看到有個員工還在做事,埋頭苦幹
[00:49:38.000 --> 00:49:47.000]  這個董事長就覺得這個員工很忠心,過了時他還在做事
[00:49:47.000 --> 00:49:54.000]  他就去拍拍他的肩膀,然後說,兄弟,好好做
[00:49:54.000 --> 00:50:01.000]  好像你這樣忠誠工作的人,以後你有機會做董事長
[00:50:01.000 --> 00:50:07.000]  這個員工就起來鞠躬,多謝董事長的鼓勵
[00:50:07.000 --> 00:50:14.000]  然後他又跟董事長說,他說董事長,多謝你
[00:50:14.000 --> 00:50:23.000]  我都請董事長好好做,因為我以前都曾經是董事長
[00:50:23.000 --> 00:50:31.000]  大家聽不明白,我以前做過董事長的
[00:50:31.000 --> 00:50:39.000]  陰差陽錯,可能時不我與,現在我降到來做個小文員,小職員
[00:50:39.000 --> 00:50:49.000]  董事長,你都好好做,不然你都會有我那一天降下來
[00:50:49.000 --> 00:50:56.000]  丁展偉,你如果現在是董事長,你就求主讓你在董事長的崗位上
[00:50:56.000 --> 00:51:02.000]  你都好似風神,不要想那麼多
[00:51:02.000 --> 00:51:09.000]  如果你是一個普通的文員,在公司裏面好像一個small potato
[00:51:09.000 --> 00:51:16.000]  或者說做個小職份,那你就在這個小職份上,你都好好侍奉神
[00:51:16.000 --> 00:51:24.000]  好好跟隨神,盡其在我,不要抱怨你現在的遭遇
[00:51:24.000 --> 00:51:32.000]  也不要覺得你懷才不如,在你的崗位上你都侍奉神
[00:51:32.000 --> 00:51:42.000]  我們要看人生其實在這個世界上,其實可以是很多的變化
[00:51:42.000 --> 00:51:50.000]  很多不同的情況,但是在不同的情況裏面,你都要做一個優質的記錄圖
[00:51:50.000 --> 00:51:59.000]  什麼叫優質的記錄圖?就是說與眾不同,是有屬靈品種,屬靈品質
[00:51:59.000 --> 00:52:06.000]  千萬不要做另類怪胎
[00:52:06.000 --> 00:52:13.000]  在這個畸形的社會裏面,其實我們要有什麼呢?我們要有屬靈的正氣
[00:52:13.000 --> 00:52:20.000]  大家不知道明白我說什麼嗎?有這種屬靈的正氣,屬靈的正氣其實都很抽象
[00:52:20.000 --> 00:52:29.000]  但是我覺得最簡單的就是,用耶穌基督的恩典和愛心去愛你周圍的人
[00:52:29.000 --> 00:52:37.000]  這種是不是很另類?是不是另類?不是另類怪胎,是另類的優質的記錄圖
[00:52:37.000 --> 00:52:46.000]  在這個世界上,你可以成為一股的清流,可以幫助人來認識神
[00:52:46.000 --> 00:52:54.000]  用神的力量來對付這個惡欲橫流的這個世界,做一個中流底柱
[00:52:54.000 --> 00:53:01.000]  默默地彰顯了在神裏面的那種真、善和美
[00:53:01.000 --> 00:53:08.000]  雖然不顯眼,但是你可以體會到在耶穌基督裏面的夢想
[00:53:08.000 --> 00:53:16.000]  這個夢想是什麼呢?就是在職場裏面做神的大事
[00:53:16.000 --> 00:53:22.000]  在一個看成敗,看得失,看榮辱很重要的一個世界裏面
[00:53:22.000 --> 00:53:28.000]  有時候,我覺得我們不要計較這麼多
[00:53:28.000 --> 00:53:32.000]  要好像耶穌基督說,回復回到小孩子的樣式
[00:53:32.000 --> 00:53:36.000]  小孩子的樣式是什麼呢?單純
[00:53:36.000 --> 00:53:43.000]  憑著耶穌基督給我們的那一點的愛心,去真誠的去愛人
[00:53:43.000 --> 00:53:51.000]  大家看金庸小說裏面,你會注意到一個人物叫做周伯通
[00:53:51.000 --> 00:54:00.000]  記不記得他?可能你們不看武俠小說的,不好意思,我用武俠小說裏面的一個人物
[00:54:00.000 --> 00:54:05.000]  周伯通他的花名叫做什麼?老頑童
[00:54:05.000 --> 00:54:11.000]  如果一個人到了老,仍然好像一個童心未滅
[00:54:11.000 --> 00:54:16.000]  他這個頑童,這個頑就不是太好
[00:54:16.000 --> 00:54:25.000]  我不是叫你做周伯通,大家不要誤會,我是用周伯通這個人物來講
[00:54:25.000 --> 00:54:33.000]  當一個人老了,年紀大了,他仍然可以有一種童心未滅的精神
[00:54:33.000 --> 00:54:42.000]  不是周伯通那種跳皮,有時候搗蛋,有時候搞亂當,不是那種
[00:54:42.000 --> 00:54:47.000]  耶穌基督講的,回復到好像小孩子的樣式
[00:54:47.000 --> 00:54:57.000]  讓人體會到我們在基督裏面那種真正的信仰,是不是很另類?
[00:54:57.000 --> 00:55:06.000]  如果你能夠活出淑女的另類,在你周圍的環境裏面的人都會覺得,哇,很特別
[00:55:06.000 --> 00:55:14.000]  為什麼這個人這麼另類呢?好那種另類,他們就會欣賞你,他們願意親近你
[00:55:14.000 --> 00:55:22.000]  他們願意明白到底是什麼原因使你這麼另類
[00:55:22.000 --> 00:55:30.000]  另類的優質基督徒有幾樣東西特別,他走路是很特別的
[00:55:30.000 --> 00:55:40.000]  他走路不是真正的走路,他選擇的路是神為他選擇的路
[00:55:40.000 --> 00:55:48.000]  可能很難走,但是他就走上去,這種叫做另類優質的基督徒
[00:55:48.000 --> 00:55:56.000]  而他的眼光是跟別人不同,他看東西看得不同,不是真正的眼光,是淑女的眼光
[00:55:56.000 --> 00:56:04.000]  而另類優質的基督徒,他們看東西看得很遠,看永恆,而不是看現在
[00:56:04.000 --> 00:56:16.000]  第三,他們的態度是很不同的,剛才我們說道路不同,然後我們說他眼光不同,然後我們說他態度不同
[00:56:16.000 --> 00:56:28.000]  在這個人情冷暖的社會裏面,他仍然願意用一個很正面的態度,這個叫做現在世界常常說的正能量
[00:56:28.000 --> 00:56:34.000]  用正面的態度,用正能量來去影響周邊的人
[00:56:34.000 --> 00:56:48.000]  鄧小平我不知道你願不願意做一個優質另類的基督徒,好像俄巴底在阿哈這個惡劣的宮廷裏面
[00:56:48.000 --> 00:57:05.000]  他敬畏神,他用他的生命力來去見證神,用他的影響力來去影響人,然後他甘於次要的地位來跟從神
[00:57:05.000 --> 00:57:19.000]  每一個人都可以成為神所起源,無論你是領一千,領二千,或者領五千,只要你不要埋沒神在你身上的恩典和恩賜
[00:57:19.000 --> 00:57:26.000]  你同樣可以做一個土神起源的人,做即場的大使
[00:57:26.000 --> 00:57:41.000]  天父說我們需要在我們的生命當中,天父說我們需要在你的恩典和你的智慧裏面,讓我們成為另類優質的基督徒
[00:57:41.000 --> 00:57:52.000]  主要幫助我們,雖然我們年紀一至五的增長,但是我們心裏面仍然有赤字之心
[00:57:52.000 --> 00:57:58.000]  祝福我們每一位在你面前,我們剛才心裏面默默的祈禱
[00:57:58.000 --> 00:58:07.000]  我們真的願意出去之後,在即場裏面好好侍奉神,見證神,跟隨神
[00:58:07.000 --> 00:58:14.000]  讓其他的人可以看見主你在你身上的美好的香氣
[00:58:14.000 --> 00:58:23.000]  我們真的知道有時做基督徒是會遇到很多的困難,有時可能要攝底,要吃虧
[00:58:23.000 --> 00:58:33.000]  但是我們知道在這個世代裏面,我們默默的見證有一天可以引導人歸到你的名下
[00:58:33.000 --> 00:58:43.000]  我們求主祝福保守讓我們有這一顆心智,讓我們在你面前成為你即場的大使
[00:58:43.000 --> 00:58:51.000]  帶領我們,保守我們,感恩祈禱奉耶穌基督的聖命,阿們
[00:58:51.000 --> 00:58:57.000]  謝謝大家,祝福我們每一位在你面前,我們剛才心裏面默默的祈禱
[00:58:57.000 --> 00:59:03.000]  我們真的知道有時做基督徒是會遇到很多的困難,有時可能要攝底,要吃虧

