
[00:00:00.000 --> 00:00:10.000]  上次跟大家開始了,說了索羅門王和舒拉默的愛情故事
[00:00:10.000 --> 00:00:16.000]  我們說索羅門王是以牧羊人的身份,來和舒拉默見面
[00:00:16.000 --> 00:00:19.000]  兩個人是彼此相愛了
[00:00:19.000 --> 00:00:26.000]  今天開始要和大家說的是,他們的感情開始有少少的障礙出現
[00:00:26.000 --> 00:00:32.000]  所以今天我叫這個主題,叫做如何排除感情的障礙
[00:00:32.000 --> 00:00:38.000]  其實雅歌是神給我們夫妻間的一部手冊
[00:00:38.000 --> 00:00:44.000]  非常非常實用,可以幫助我們能夠解決任何感情上的問題
[00:00:44.000 --> 00:00:50.000]  我今天經文是會說2章8節至到3章5節
[00:00:50.000 --> 00:00:54.000]  剛才周長老和Sally都已經幫我們讀了
[00:00:54.000 --> 00:01:02.000]  我們看看究竟他們兩個愛人之間發生了什麼障礙
[00:01:02.000 --> 00:01:05.000]  第一個障礙是實體上的障礙
[00:01:05.000 --> 00:01:11.000]  我們知道索羅門王在樹葉路撒冷的宮殿裡,在南邊
[00:01:11.000 --> 00:01:16.000]  舒拉默就在這裡北面,在樹更加利利的地方
[00:01:16.000 --> 00:01:21.000]  兩個人是相隔很遠,尤其是到了冬天這條路就很難走
[00:01:21.000 --> 00:01:25.000]  所以是有一個實體上路途上的障礙
[00:01:25.000 --> 00:01:30.000]  他們之間也可能好像有些是工作上的障礙
[00:01:30.000 --> 00:01:36.000]  我們看到索羅門王是有些公事他需要來處理
[00:01:36.000 --> 00:01:39.000]  以至他們兩個人之間好像有少少的阻隔
[00:01:39.000 --> 00:01:45.000]  最後舒拉默是准許索羅門王去處理這些事情
[00:01:45.000 --> 00:01:50.000]  但是這樣又形成了他們兩個人之間是有時空上的阻隔
[00:01:50.000 --> 00:01:52.000]  兩個人是要分開
[00:01:52.000 --> 00:01:56.000]  我們一起來看看這些不同的障礙
[00:01:56.000 --> 00:02:00.000]  第一就是實體上路途上的障礙
[00:02:00.000 --> 00:02:06.000]  如果我們記得耶穌基督曾經在馬太福音的24章20節
[00:02:06.000 --> 00:02:12.000]  他說到將來有一個嫡基督會來追殺猶太人
[00:02:12.000 --> 00:02:20.000]  他說希望猶太人逃走的時候不要預著安息日不要預著是冬天
[00:02:20.000 --> 00:02:27.000]  我們知道安息日是猶太人的節日而且是安息日
[00:02:27.000 --> 00:02:30.000]  所以在那天來逃跑是很不方便
[00:02:30.000 --> 00:02:33.000]  但是為什麼不要冬天呢
[00:02:33.000 --> 00:02:39.000]  因為在冬天這條山路是非常難走
[00:02:39.000 --> 00:02:44.000]  所以耶穌基督說最好希望不是安息日也不是冬天
[00:02:44.000 --> 00:02:49.000]  的確到了冬天索羅門王和舒拉默就分開了
[00:02:49.000 --> 00:02:51.000]  不能夠在一起
[00:02:51.000 --> 00:02:56.000]  但是一過了這個冬天索羅門王就很心急來找舒拉默
[00:02:56.000 --> 00:02:59.000]  他一路走一路是叫舒拉默的名字
[00:02:59.000 --> 00:03:03.000]  所以剛才我們看到經文在雅歌的二章八節
[00:03:03.000 --> 00:03:07.000]  舒拉默說:聽呀!我良人的聲音
[00:03:07.000 --> 00:03:12.000]  他認得是他男朋友認得是索羅門王的聲
[00:03:12.000 --> 00:03:18.000]  也很可能最初就是因為索羅門王的聲音吸引著自己
[00:03:18.000 --> 00:03:24.000]  舒拉默在經文中叫索羅門王做靈養
[00:03:24.000 --> 00:03:26.000]  叫他做小鹿
[00:03:26.000 --> 00:03:28.000]  我們上次也說過
[00:03:28.000 --> 00:03:33.000]  現在我們這些人不會用這樣的形容詞來形容自己的男朋友
[00:03:33.000 --> 00:03:35.000]  形容自己的老公
[00:03:35.000 --> 00:03:37.000]  現在的男士也喜歡做什麼?
[00:03:37.000 --> 00:03:39.000]  喜歡做猛男
[00:03:39.000 --> 00:03:43.000]  喜歡人家稱讚他媽祖
[00:03:43.000 --> 00:03:45.000]  但是以前的女士不是
[00:03:45.000 --> 00:03:49.000]  以前女士喜歡的是靈巧的溫柔
[00:03:49.000 --> 00:03:56.000]  所以他們是用靈養、小鹿來形容自己的男朋友、自己的丈夫
[00:03:56.000 --> 00:03:59.000]  索羅門王到了舒拉默的家裡
[00:03:59.000 --> 00:04:00.000]  急不及待
[00:04:00.000 --> 00:04:05.000]  還沒進屋,已經在窗外隔著窗戶
[00:04:05.000 --> 00:04:08.000]  望進去,希望見到自己的情人
[00:04:08.000 --> 00:04:11.000]  的確他是為了舒拉默而來
[00:04:11.000 --> 00:04:13.000]  但我們稍後會見到
[00:04:13.000 --> 00:04:16.000]  似乎在他身上有些公事
[00:04:16.000 --> 00:04:22.000]  形成了他和舒拉默感情上有些問題出現
[00:04:22.000 --> 00:04:26.000]  在《雅歌》的二章十節、二章十三節
[00:04:26.000 --> 00:04:32.000]  索羅門王是兩次叫舒拉默來跟隨自己去遊覽
[00:04:32.000 --> 00:04:35.000]  他說:起來與我同去
[00:04:35.000 --> 00:04:39.000]  這隻經文可以說是你來跟隨我這樣的意思
[00:04:39.000 --> 00:04:44.000]  當時是百花齊放、百鳥爭鳴的時候
[00:04:44.000 --> 00:04:49.000]  經文說班溝的聲音在我們境內也聽見了
[00:04:49.000 --> 00:04:53.000]  班溝不是說出名唱歌的小鳥
[00:04:53.000 --> 00:04:55.000]  不是說他唱歌唱得好聽
[00:04:55.000 --> 00:05:00.000]  而是他出名搬遷移的小鳥
[00:05:00.000 --> 00:05:02.000]  好像有點像燕子一樣
[00:05:02.000 --> 00:05:07.000]  到了春天的時候他們就會搬到去加里利的地方
[00:05:07.000 --> 00:05:11.000]  在加里利你聽見有班溝的聲音唱歌的話
[00:05:11.000 --> 00:05:14.000]  你就知道春天已經來臨
[00:05:14.000 --> 00:05:18.000]  你知道冬天已經過去,雨季已經過去了
[00:05:18.000 --> 00:05:21.000]  有一節很有趣的經文
[00:05:21.000 --> 00:05:24.000]  在《雅歌》的二章十二節
[00:05:24.000 --> 00:05:29.000]  說到無花果樹的果子漸漸成熟
[00:05:29.000 --> 00:05:32.000]  葡萄樹開花放香
[00:05:32.000 --> 00:05:36.000]  很有趣的是提到無花果樹和葡萄樹
[00:05:36.000 --> 00:05:42.000]  我們知道在聖經裡面很多時候無花果樹代表以色列
[00:05:42.000 --> 00:05:43.000]  葡萄樹呢?
[00:05:43.000 --> 00:05:48.000]  很多時候是代表基督徒教會和耶穌基督的關係
[00:05:48.000 --> 00:05:50.000]  因為在約翰福音的十五章
[00:05:50.000 --> 00:05:55.000]  耶穌基督說我是葡萄樹,你們是枝子
[00:05:55.000 --> 00:05:57.000]  也是因為這樣
[00:05:57.000 --> 00:05:59.000]  很多御意的解經家
[00:05:59.000 --> 00:06:02.000]  我講過這個御不是預備的御
[00:06:02.000 --> 00:06:04.000]  這個是公御的御
[00:06:04.000 --> 00:06:06.000]  是用御意用靈意的解經家
[00:06:06.000 --> 00:06:09.000]  他們就見到有不同的東西
[00:06:09.000 --> 00:06:12.000]  例如猶太人的御言解經家
[00:06:12.000 --> 00:06:17.000]  他們就會說這節的經文是代表以色列和神的關係
[00:06:17.000 --> 00:06:19.000]  因為有無花果樹
[00:06:19.000 --> 00:06:23.000]  如果是基督徒的御意解經家
[00:06:23.000 --> 00:06:27.000]  他們就會說這裏當然是說耶穌基督和教會
[00:06:27.000 --> 00:06:30.000]  因為有提到葡萄樹
[00:06:30.000 --> 00:06:34.000]  我都講過的確無花果樹和葡萄樹
[00:06:34.000 --> 00:06:39.000]  在聖經裡面都有這些代表性的意思
[00:06:39.000 --> 00:06:43.000]  但是我們不能夠每次見到有無花果樹
[00:06:43.000 --> 00:06:45.000]  見到有葡萄樹
[00:06:45.000 --> 00:06:49.000]  就說代表以色列,就說代表教會
[00:06:49.000 --> 00:06:51.000]  這裏其實很簡單
[00:06:51.000 --> 00:06:53.000]  就是春天到了
[00:06:53.000 --> 00:06:55.000]  無花果樹成熟了
[00:06:55.000 --> 00:06:58.000]  葡萄樹開花,放香
[00:06:58.000 --> 00:07:00.000]  就是這麼簡單
[00:07:00.000 --> 00:07:04.000]  不妨講開,又講一講
[00:07:04.000 --> 00:07:10.000]  很多人認為比喻和御意靈意解經
[00:07:10.000 --> 00:07:12.000]  是一模一樣的東西
[00:07:12.000 --> 00:07:16.000]  其實現今來說兩個是不同的
[00:07:16.000 --> 00:07:18.000]  比喻是parable
[00:07:18.000 --> 00:07:21.000]  就是把兩件事來比較
[00:07:21.000 --> 00:07:23.000]  一件是人所熟悉的事
[00:07:23.000 --> 00:07:25.000]  一件是熟靈的故事
[00:07:25.000 --> 00:07:28.000]  熟靈的教導
[00:07:28.000 --> 00:07:34.000]  最好比喻的例子就是殺種的例子
[00:07:34.000 --> 00:07:36.000]  耶穌基督說
[00:07:36.000 --> 00:07:40.000]  人接受福音就好像農夫殺種一樣
[00:07:40.000 --> 00:07:42.000]  去到不同的泥土
[00:07:42.000 --> 00:07:45.000]  就好像人怎樣來接受福音
[00:07:45.000 --> 00:07:49.000]  我們見到是把兩件事放在一起來比較
[00:07:49.000 --> 00:07:51.000]  一個是人所熟悉的事
[00:07:51.000 --> 00:07:53.000]  一個是熟靈的教導
[00:07:53.000 --> 00:07:55.000]  paralel這個字
[00:07:55.000 --> 00:08:00.000]  就是把兩件事平排平的放在一起來比較
[00:08:00.000 --> 00:08:03.000]  御意靈意解經又是什麼?
[00:08:03.000 --> 00:08:07.000]  就是一個虛構的故事,是假的故事
[00:08:07.000 --> 00:08:12.000]  在這個故事裡面每一件事都有一個特別隱蔽的意思
[00:08:12.000 --> 00:08:14.000]  好像一個密碼一樣
[00:08:14.000 --> 00:08:17.000]  這個就是代表什麼,那個就是代表什麼
[00:08:17.000 --> 00:08:19.000]  就像我剛才所說的
[00:08:19.000 --> 00:08:22.000]  好像是說無花果樹代表以色列
[00:08:22.000 --> 00:08:25.000]  葡萄樹就是代表教會一樣
[00:08:25.000 --> 00:08:27.000]  每樣都有隱蔽的意思
[00:08:27.000 --> 00:08:31.000]  我們見到所以雅歌不是一個比喻
[00:08:31.000 --> 00:08:35.000]  因為雅歌裡面是有人名
[00:08:35.000 --> 00:08:37.000]  通常比喻是沒有名字
[00:08:37.000 --> 00:08:39.000]  因為是一個熟悉的故事
[00:08:39.000 --> 00:08:41.000]  你說有一個龍夫殺種
[00:08:41.000 --> 00:08:44.000]  你不會說是Farmer John
[00:08:44.000 --> 00:08:45.000]  一個特別的人
[00:08:45.000 --> 00:08:47.000]  因為不是每個人都會認識的
[00:08:47.000 --> 00:08:50.000]  所以不會說特別的人名
[00:08:50.000 --> 00:08:53.000]  但是會說一件人所熟悉的事
[00:08:53.000 --> 00:08:56.000]  在雅歌裡面我們見到是有人名
[00:08:56.000 --> 00:08:59.000]  說到所羅門,說到舒拉文
[00:08:59.000 --> 00:09:01.000]  所以雅歌不是一個比喻
[00:09:01.000 --> 00:09:06.000]  雅歌也不是一個預言或者是靈異解經
[00:09:06.000 --> 00:09:09.000]  因為雅歌不是一個虛構的故事
[00:09:09.000 --> 00:09:14.000]  雅歌是所羅門王和舒拉文的愛情故事
[00:09:14.000 --> 00:09:17.000]  是歷史的事實
[00:09:17.000 --> 00:09:20.000]  盡其量我們可以說
[00:09:20.000 --> 00:09:23.000]  雅歌是有預表的性質
[00:09:23.000 --> 00:09:27.000]  是預表耶穌基督和教會之間的關係
[00:09:27.000 --> 00:09:29.000]  有人會罵我
[00:09:29.000 --> 00:09:32.000]  你剛剛才罵完那些說是葡萄書
[00:09:32.000 --> 00:09:34.000]  說是代表教會的人
[00:09:34.000 --> 00:09:37.000]  你現在又說是預表
[00:09:37.000 --> 00:09:39.000]  為什麼?
[00:09:39.000 --> 00:09:45.000]  雅歌不是整個故事都是預言
[00:09:45.000 --> 00:09:47.000]  不是整個故事都是比喻
[00:09:47.000 --> 00:09:50.000]  不是每一件事裡面都有特別的意思
[00:09:50.000 --> 00:09:53.000]  是代表耶穌基督和教會的關係
[00:09:53.000 --> 00:09:56.000]  但是在雅歌裡面的確我們可以見到
[00:09:56.000 --> 00:09:59.000]  有很多片段我們可以學習
[00:09:59.000 --> 00:10:02.000]  我們自己和耶穌基督的關係
[00:10:02.000 --> 00:10:03.000]  這個就是不同
[00:10:03.000 --> 00:10:08.000]  不是整個雅歌都是有關耶穌基督和教會
[00:10:08.000 --> 00:10:12.000]  我們看到在雅歌的二章十節
[00:10:12.000 --> 00:10:14.000]  二章十三節
[00:10:14.000 --> 00:10:19.000]  所羅門王是兩次來邀請舒拉文來跟從自己
[00:10:19.000 --> 00:10:21.000]  然後在二章十四節
[00:10:21.000 --> 00:10:24.000]  有一節很精彩的經文
[00:10:24.000 --> 00:10:26.000]  一定要和大家分享
[00:10:26.000 --> 00:10:29.000]  大家都知道我很喜歡手尾結構
[00:10:29.000 --> 00:10:31.000]  這裡不單止有手尾結構
[00:10:31.000 --> 00:10:33.000]  還有一個平衡的結構
[00:10:33.000 --> 00:10:35.000]  我們先看看手尾
[00:10:35.000 --> 00:10:41.000]  就是十四節的前面和後面都講到舒拉文的面貌
[00:10:41.000 --> 00:10:43.000]  得見你的面貌
[00:10:43.000 --> 00:10:44.000]  你的面貌受美
[00:10:44.000 --> 00:10:45.000]  一後一美
[00:10:45.000 --> 00:10:47.000]  好像兩塊麵包一樣
[00:10:47.000 --> 00:10:49.000]  三文字中間有餡
[00:10:49.000 --> 00:10:51.000]  就是聲音
[00:10:51.000 --> 00:10:53.000]  得聽見你的聲音
[00:10:53.000 --> 00:10:55.000]  還有你的聲音是柔和
[00:10:55.000 --> 00:10:57.000]  這個是手尾結構
[00:10:57.000 --> 00:11:00.000]  但也有一個平衡結構
[00:11:00.000 --> 00:11:07.000]  就是頭兩段都有講到得見你的美貌
[00:11:07.000 --> 00:11:08.000]  得聽你的聲音
[00:11:08.000 --> 00:11:13.000]  後面是形容他的美貌形容他的聲音
[00:11:13.000 --> 00:11:15.000]  你的聲音柔和
[00:11:15.000 --> 00:11:17.000]  你的面貌受美
[00:11:17.000 --> 00:11:19.000]  有沒有看到有平衡的對局
[00:11:19.000 --> 00:11:23.000]  不單止是手尾也有平衡
[00:11:23.000 --> 00:11:27.000]  當索羅門王兩次來邀請舒拉文
[00:11:27.000 --> 00:11:29.000]  和他一起去遊玩
[00:11:29.000 --> 00:11:31.000]  舒拉文怎樣回應
[00:11:31.000 --> 00:11:37.000]  他好像一隻甲子一樣躲藏在盤石穴中
[00:11:37.000 --> 00:11:39.000]  隱蔽之處
[00:11:39.000 --> 00:11:43.000]  甲子很喜歡躲在石頭的洞裡
[00:11:43.000 --> 00:11:45.000]  就好像我powerpoint裡看到的甲子一樣
[00:11:45.000 --> 00:11:51.000]  在耶利米書的48章28節都是這樣說
[00:11:51.000 --> 00:11:55.000]  舒拉文沒有立刻答應索羅門王一起去旅遊
[00:11:55.000 --> 00:11:57.000]  一起去遊玩
[00:11:57.000 --> 00:11:58.000]  為什麼呢
[00:11:58.000 --> 00:12:01.000]  因為他覺得索羅門王這次來
[00:12:01.000 --> 00:12:05.000]  好像是有公事在他的身上
[00:12:05.000 --> 00:12:09.000]  所以他不能立刻和索羅門王去玩
[00:12:09.000 --> 00:12:13.000]  他說你要先處理你的公事
[00:12:13.000 --> 00:12:17.000]  為什麼我們覺得他是有公事在身
[00:12:17.000 --> 00:12:20.000]  這就帶我們去到第二點
[00:12:20.000 --> 00:12:23.000]  是有真正工作上的障礙
[00:12:23.000 --> 00:12:26.000]  在數瓦哥的二章15節
[00:12:26.000 --> 00:12:29.000]  舒拉文說好像有些小狐狸
[00:12:29.000 --> 00:12:32.000]  是毀壞葡萄園一樣
[00:12:32.000 --> 00:12:34.000]  我們不去處理的話
[00:12:34.000 --> 00:12:37.000]  這些小狐狸會影響我們的關係
[00:12:37.000 --> 00:12:40.000]  會影響我們兩個人之間的歡樂
[00:12:40.000 --> 00:12:43.000]  在聖經裡時時都會用小動物
[00:12:43.000 --> 00:12:48.000]  例如小狐狸、小動物來形容破壞者
[00:12:48.000 --> 00:12:51.000]  我們看到在尼西米記的四章三節
[00:12:51.000 --> 00:12:53.000]  哀歌的五章十八節
[00:12:53.000 --> 00:12:55.000]  以西傑書的十四章四節
[00:12:55.000 --> 00:13:00.000]  都有提到這些毀壞性的小動物
[00:13:00.000 --> 00:13:03.000]  這個小狐狸如果你不去理會的話
[00:13:03.000 --> 00:13:05.000]  它會在葡萄園那裡
[00:13:05.000 --> 00:13:09.000]  在一棵葡萄樹四周圍刮鬆泥土
[00:13:09.000 --> 00:13:14.000]  弄鬆泥土會影響這棵葡萄樹的生長
[00:13:14.000 --> 00:13:17.000]  在哀歌的二章三節
[00:13:17.000 --> 00:13:21.000]  我們看到是用果子代表所羅門王的愛
[00:13:21.000 --> 00:13:26.000]  現在我們看到葡萄樹代表
[00:13:26.000 --> 00:13:29.000]  所羅門王和舒拉文的愛情
[00:13:29.000 --> 00:13:32.000]  舒拉文說有些小狐狸
[00:13:32.000 --> 00:13:34.000]  毀壞他們的葡萄樹
[00:13:34.000 --> 00:13:36.000]  毀壞他們的愛情
[00:13:36.000 --> 00:13:39.000]  如果他不去處理的話
[00:13:39.000 --> 00:13:41.000]  慢慢會出現問題
[00:13:41.000 --> 00:13:46.000]  很多年輕的男女談戀愛的時候
[00:13:46.000 --> 00:13:48.000]  真的看不到對方的弱點
[00:13:48.000 --> 00:13:50.000]  情人眼內出西施
[00:13:50.000 --> 00:13:52.000]  做什麼都好
[00:13:52.000 --> 00:13:58.000]  對方甚至想著就算見到有不好的地方
[00:13:58.000 --> 00:14:02.000]  有短處結了婚自然搞得好
[00:14:02.000 --> 00:14:05.000]  但是結了婚之後又有新的問題出現了
[00:14:05.000 --> 00:14:08.000]  有些事要兩個人住在一起
[00:14:08.000 --> 00:14:10.000]  才能發現有這樣的問題
[00:14:10.000 --> 00:14:12.000]  原來你是這樣的
[00:14:12.000 --> 00:14:14.000]  我聽過很多夫妻都這樣說
[00:14:14.000 --> 00:14:16.000]  原來你是這樣的
[00:14:16.000 --> 00:14:18.000]  未結婚之前都未發覺
[00:14:18.000 --> 00:14:23.000]  所以如果婚姻前已經有問題
[00:14:23.000 --> 00:14:25.000]  你不去解決的話
[00:14:25.000 --> 00:14:29.000]  你結了婚之後會有更大的問題
[00:14:29.000 --> 00:14:32.000]  在哀歌的二章十六節經文說
[00:14:32.000 --> 00:14:35.000]  良人屬我,我也屬他
[00:14:35.000 --> 00:14:38.000]  雖然他們之間是有問題
[00:14:38.000 --> 00:14:43.000]  但是他們仍然是彼此相愛,彼此相屬
[00:14:43.000 --> 00:14:49.000]  究竟他們發生了什麼事呢?
[00:14:49.000 --> 00:14:53.000]  經文沒有直接告訴我們
[00:14:53.000 --> 00:14:57.000]  但是從哀歌的二章十六節和二章十七節
[00:14:57.000 --> 00:14:59.000]  我們可能知道
[00:14:59.000 --> 00:15:03.000]  在哀歌的二章十七節給了我們暗示
[00:15:03.000 --> 00:15:06.000]  究竟是什麼原因
[00:15:06.000 --> 00:15:09.000]  在二章十六節
[00:15:09.000 --> 00:15:14.000]  經文說索羅門王在百合花中牧放群羊
[00:15:14.000 --> 00:15:17.000]  在百合花中牧放群羊
[00:15:17.000 --> 00:15:19.000]  但是我們知道
[00:15:19.000 --> 00:15:23.000]  這個可能和前面所說的小狐狸有關
[00:15:23.000 --> 00:15:28.000]  索羅門王是以牧羊人的身份來認識舒拉蜜
[00:15:28.000 --> 00:15:31.000]  牧群是什麼意思呢?
[00:15:31.000 --> 00:15:35.000]  很可能是索羅門王的工作
[00:15:35.000 --> 00:15:40.000]  因為他是以牧羊人的身份來見舒拉蜜
[00:15:40.000 --> 00:15:43.000]  其實這裡不一定是牧羊人的工作
[00:15:43.000 --> 00:15:46.000]  因為我們知道索羅門王是王靈
[00:15:46.000 --> 00:15:49.000]  有可能是他有公事在他的身上
[00:15:49.000 --> 00:15:53.000]  甚至是他有國事在他的身上
[00:15:53.000 --> 00:15:57.000]  舒拉蜜在數瓦哥的二章十七節
[00:15:57.000 --> 00:16:00.000]  求你等到天起涼風
[00:16:00.000 --> 00:16:02.000]  日影飛去的時候
[00:16:02.000 --> 00:16:05.000]  你要轉回好象靈養
[00:16:05.000 --> 00:16:08.000]  或像小鹿在彼得山上
[00:16:08.000 --> 00:16:14.000]  這裡似乎是舒拉蜜容許索羅門王離開
[00:16:14.000 --> 00:16:16.000]  但是他說你要早日回來
[00:16:16.000 --> 00:16:19.000]  你辦完你的事你就要早點回來
[00:16:19.000 --> 00:16:22.000]  什麼叫彼得山呢?
[00:16:22.000 --> 00:16:30.000]  彼得這個字在數原文的希伯萊文的意思就是分離的意思
[00:16:30.000 --> 00:16:33.000]  就是說舒拉蜜准許索羅門王離開
[00:16:33.000 --> 00:16:36.000]  去處理他的公事
[00:16:36.000 --> 00:16:40.000]  舒拉蜜沒有很自私很自我
[00:16:40.000 --> 00:16:43.000]  一定要索羅門王來陪自己
[00:16:43.000 --> 00:16:47.000]  就算索羅門王兩次叫他去遊覽他都不肯
[00:16:47.000 --> 00:16:50.000]  他說你先處理你的事情
[00:16:50.000 --> 00:16:54.000]  因為他知道就算他能夠留住索羅門王的人
[00:16:54.000 --> 00:16:57.000]  他都不能夠留住他的心
[00:16:57.000 --> 00:17:00.000]  如果他的心在他的工作上
[00:17:00.000 --> 00:17:04.000]  舒拉蜜要等他完成了他的工作
[00:17:04.000 --> 00:17:08.000]  才能夠把注意力放在自己身上
[00:17:08.000 --> 00:17:12.000]  所以他說你去吧你盡早去盡早回來
[00:17:12.000 --> 00:17:16.000]  我們怎知道他叫他盡早去盡早回來
[00:17:16.000 --> 00:17:19.000]  你看經文說等到天起涼風
[00:17:19.000 --> 00:17:23.000]  日影飛去的時候你要轉回
[00:17:23.000 --> 00:17:26.000]  他是用一日來代表
[00:17:26.000 --> 00:17:29.000]  就好像一日去到日落西山
[00:17:29.000 --> 00:17:32.000]  就是日影飛去的時候
[00:17:32.000 --> 00:17:36.000]  日落了會怎樣?天氣很冷很冷
[00:17:36.000 --> 00:17:38.000]  天起涼風
[00:17:38.000 --> 00:17:44.000]  他不是說叫索羅門王你要一日之內辦完你的公事然後你回來
[00:17:44.000 --> 00:17:47.000]  這裡只不過是用一日來代表
[00:17:47.000 --> 00:17:49.000]  好像一日去到黃昏的時候
[00:17:49.000 --> 00:17:53.000]  日落天冷你要在那個時候回來
[00:17:53.000 --> 00:17:57.000]  雖然索羅門王可能要去很長時間
[00:17:57.000 --> 00:18:02.000]  但是他只是希望索羅門王能夠是早去早回
[00:18:02.000 --> 00:18:07.000]  我們看到他希望索羅門王回來的時候
[00:18:07.000 --> 00:18:11.000]  仍然是好像靈養仍然好像小綠
[00:18:11.000 --> 00:18:15.000]  他之前就是用這些形容詞來形容索羅門王
[00:18:15.000 --> 00:18:17.000]  現在都是一樣
[00:18:17.000 --> 00:18:19.000]  他說你辦完公事之後
[00:18:19.000 --> 00:18:23.000]  你不要說整個人心情沒有力量
[00:18:23.000 --> 00:18:25.000]  因為你累到不得了
[00:18:25.000 --> 00:18:28.000]  你仍然要好像靈養好像小綠回來
[00:18:28.000 --> 00:18:32.000]  將所有的注意力放在自己的身上
[00:18:32.000 --> 00:18:37.000]  你要辦完你的公事來迎娶自己
[00:18:37.000 --> 00:18:44.000]  究竟聖經告訴我們愛情重要還是事業重要
[00:18:44.000 --> 00:18:46.000]  聖經是有說
[00:18:46.000 --> 00:18:50.000]  在《樹增賢》的24章27節
[00:18:50.000 --> 00:18:52.000]  說你要在外頭預備工料
[00:18:52.000 --> 00:18:55.000]  在田間辦理整齊
[00:18:55.000 --> 00:18:58.000]  然後建造房屋
[00:18:58.000 --> 00:19:03.000]  這裡建造房屋的意思是成家立室的意思
[00:19:03.000 --> 00:19:07.000]  一個男人他是要有經濟的能力
[00:19:07.000 --> 00:19:11.000]  有事業的基礎才能夠結婚
[00:19:11.000 --> 00:19:13.000]  正如耶穌基督也說
[00:19:13.000 --> 00:19:16.000]  一個人去搭一層樓
[00:19:16.000 --> 00:19:21.000]  他也要坐下來計算一下能不能夠搭成
[00:19:21.000 --> 00:19:25.000]  在《路加福音》的14章28節至30節
[00:19:25.000 --> 00:19:31.000]  索羅門王當然不需要賺到錢才能夠結婚
[00:19:31.000 --> 00:19:32.000]  他是王
[00:19:32.000 --> 00:19:35.000]  但是他有些事是需要處理
[00:19:35.000 --> 00:19:39.000]  然後才可以回來迎娶舒拉文
[00:19:39.000 --> 00:19:46.000]  結婚之後,感情和事業的問題仍然存在
[00:19:46.000 --> 00:19:52.000]  有很多丈夫不只是為了基本的需要來工作
[00:19:52.000 --> 00:19:55.000]  他們希望是大富大貴
[00:19:55.000 --> 00:19:58.000]  所以有時可能一個人兼幾份工作
[00:19:58.000 --> 00:20:01.000]  甚至有時太太可能也是去工作
[00:20:01.000 --> 00:20:05.000]  又或者是很忙很忙家事
[00:20:05.000 --> 00:20:08.000]  沒有機會兩夫妻能夠在一起
[00:20:08.000 --> 00:20:10.000]  聖經如何教導
[00:20:10.000 --> 00:20:14.000]  在《針妍》的15章16至17節
[00:20:14.000 --> 00:20:17.000]  小有財寶,敬畏而和話
[00:20:17.000 --> 00:20:20.000]  強遇多有財寶,凡亂不安
[00:20:20.000 --> 00:20:22.000]  吃素菜彼此相愛
[00:20:22.000 --> 00:20:26.000]  強遇吃肥牛,彼此相恨
[00:20:26.000 --> 00:20:31.000]  聖經說,如果我們是為了基本需要來謀生
[00:20:31.000 --> 00:20:33.000]  兩夫妻仍然感情很好
[00:20:33.000 --> 00:20:37.000]  就算是吃蔬菜,有情飲水爆
[00:20:37.000 --> 00:20:41.000]  但如果是兩夫妻忙到不得了
[00:20:41.000 --> 00:20:43.000]  你可能很有錢
[00:20:43.000 --> 00:20:48.000]  就算你每餐吃肥牛,每餐吃美食
[00:20:48.000 --> 00:20:50.000]  但彼此相恨
[00:20:50.000 --> 00:20:54.000]  大家的感情不好又有什麼用呢?
[00:20:54.000 --> 00:20:56.000]  這裡我們見到
[00:20:56.000 --> 00:21:01.000]  朱拉麥容許所羅門王處理他的公事
[00:21:01.000 --> 00:21:04.000]  然後才回來迎娶自己
[00:21:04.000 --> 00:21:12.000]  同樣耶穌基督也答應迎娶他的新娘子就是嫁媳
[00:21:12.000 --> 00:21:14.000]  在《使徒行傳》的1章11節
[00:21:14.000 --> 00:21:18.000]  天是說,這離開你被接聖天的耶穌
[00:21:18.000 --> 00:21:21.000]  你們見他怎樣往天上去
[00:21:21.000 --> 00:21:24.000]  他還要怎樣來
[00:21:24.000 --> 00:21:26.000]  現在我們和耶穌基督之間
[00:21:26.000 --> 00:21:31.000]  好像有一座很大的比特山隔著我們
[00:21:31.000 --> 00:21:34.000]  離別的山隔著我們
[00:21:34.000 --> 00:21:38.000]  他現在在父的右手邊
[00:21:38.000 --> 00:21:40.000]  我們就在人間
[00:21:40.000 --> 00:21:42.000]  一個天堂,一個在人間
[00:21:42.000 --> 00:21:46.000]  我們已經相隔了二千多年
[00:21:46.000 --> 00:21:50.000]  但是對神來說千年如一日
[00:21:50.000 --> 00:21:53.000]  二千年好像兩日一樣
[00:21:53.000 --> 00:21:56.000]  耶穌基督的確是允許我們
[00:21:56.000 --> 00:21:58.000]  他一定會回來迎接我們
[00:21:58.000 --> 00:22:02.000]  在啟示六的22章20節
[00:22:02.000 --> 00:22:05.000]  耶穌基督說,我必快來
[00:22:05.000 --> 00:22:08.000]  耶穌基督很快就會回來迎接我們
[00:22:08.000 --> 00:22:12.000]  我們看完了
[00:22:12.000 --> 00:22:15.000]  所羅門王和舒拉蜜之間
[00:22:15.000 --> 00:22:18.000]  是有實體的阻礙
[00:22:18.000 --> 00:22:22.000]  我們見到他們之間有些工作的阻礙
[00:22:22.000 --> 00:22:26.000]  當舒拉蜜是容許所羅門王去扮他
[00:22:26.000 --> 00:22:29.000]  去處理他的工事的時候
[00:22:29.000 --> 00:22:33.000]  就形成了他們是有時空上的障礙
[00:22:33.000 --> 00:22:36.000]  所羅門王是要離開舒拉蜜
[00:22:36.000 --> 00:22:39.000]  所以舒拉蜜是很想念所羅門王
[00:22:39.000 --> 00:22:43.000]  晚上睡覺都會想起所羅門王
[00:22:43.000 --> 00:22:46.000]  日有所思,夜有所夢
[00:22:46.000 --> 00:22:49.000]  發夢發到,不見了自己的男朋友
[00:22:49.000 --> 00:22:51.000]  不見了所羅門王
[00:22:51.000 --> 00:22:54.000]  到處去找,但是找極都找不到
[00:22:54.000 --> 00:22:59.000]  一醒來就發覺原來是個夢
[00:22:59.000 --> 00:23:02.000]  所羅門王不在他身邊
[00:23:02.000 --> 00:23:05.000]  所以在《亞歌》的三章一節
[00:23:05.000 --> 00:23:08.000]  經文說,我夜間躺臥在床上
[00:23:08.000 --> 00:23:13.000]  尋找我心所愛的,我尋找他卻尋不見
[00:23:13.000 --> 00:23:16.000]  這裡我們見到經文說
[00:23:16.000 --> 00:23:19.000]  我夜間躺臥在床上
[00:23:19.000 --> 00:23:21.000]  不是單數的經文
[00:23:21.000 --> 00:23:24.000]  而是複數,而是中數的
[00:23:24.000 --> 00:23:26.000]  所以這件事,這個夢
[00:23:26.000 --> 00:23:31.000]  是重重出現在舒拉蜜的夢境裡
[00:23:31.000 --> 00:23:36.000]  我們有沒有像舒拉蜜這樣
[00:23:36.000 --> 00:23:38.000]  時時都想著耶穌基督
[00:23:38.000 --> 00:23:41.000]  我們有沒有像舒拉蜜這樣
[00:23:41.000 --> 00:23:43.000]  連發夢都發到耶穌基督
[00:23:43.000 --> 00:23:47.000]  發到耶穌基督,真的回來認取自己了
[00:23:47.000 --> 00:23:50.000]  在這裡半空可以和耶穌基督相遇
[00:23:50.000 --> 00:23:52.000]  但原來一睡醒覺
[00:23:52.000 --> 00:23:56.000]  這只是一個發夢,不是真的
[00:23:56.000 --> 00:23:58.000]  我們有沒有這樣
[00:23:58.000 --> 00:24:02.000]  有很多古代的基督徒都說
[00:24:02.000 --> 00:24:04.000]  一個虔誠的基督徒
[00:24:04.000 --> 00:24:07.000]  應該是晚上最後一個思念
[00:24:07.000 --> 00:24:10.000]  是給耶穌基督的思念
[00:24:10.000 --> 00:24:14.000]  一起來,第一件事進入你的腦裡
[00:24:14.000 --> 00:24:16.000]  應該都是耶穌基督
[00:24:16.000 --> 00:24:18.000]  不知道大家有沒有試過
[00:24:18.000 --> 00:24:20.000]  很重要的事
[00:24:20.000 --> 00:24:23.000]  你會怎樣?一睜開眼睡醒覺
[00:24:23.000 --> 00:24:25.000]  就會立刻記起
[00:24:25.000 --> 00:24:28.000]  無論是傷心的事,開心的事
[00:24:28.000 --> 00:24:31.000]  傷心的事,你晚上發夢可能會發到
[00:24:31.000 --> 00:24:33.000]  但你睡著覺忘記了
[00:24:33.000 --> 00:24:38.000]  一睜開眼,這件傷心的事纏繞你的事
[00:24:38.000 --> 00:24:40.000]  就會立刻在你的腦海裡
[00:24:40.000 --> 00:24:43.000]  一件開心的事都是一樣
[00:24:43.000 --> 00:24:45.000]  第一件事你就記得
[00:24:45.000 --> 00:24:48.000]  我們有沒有這樣想念耶穌基督
[00:24:48.000 --> 00:24:52.000]  大衛在書詩篇的63篇第六節
[00:24:52.000 --> 00:24:54.000]  他說我在床上紀念你
[00:24:54.000 --> 00:24:57.000]  在夜間的時候思想你
[00:24:57.000 --> 00:25:01.000]  我的心就像飽足了骨髓肥油
[00:25:01.000 --> 00:25:05.000]  我也要以歡樂的嘴唇稱讚你
[00:25:05.000 --> 00:25:09.000]  大衛說當我的心想起你思想你的時候
[00:25:09.000 --> 00:25:13.000]  就好像得到骨髓肥油能夠得到飽足
[00:25:13.000 --> 00:25:15.000]  我要讚美你
[00:25:15.000 --> 00:25:20.000]  在19世紀有一個很出名的寫聖詩的人
[00:25:20.000 --> 00:25:22.000]  叫做Bona
[00:25:22.000 --> 00:25:27.000]  這個Bona每晚睡覺之前都要去到窗口的面前
[00:25:27.000 --> 00:25:30.000]  對著天,他說是今晚啊
[00:25:30.000 --> 00:25:33.000]  今晚主啊你可能會今晚回來
[00:25:33.000 --> 00:25:36.000]  他每睡醒覺他又去到窗前
[00:25:36.000 --> 00:25:39.000]  又對著窗話,對著天空話
[00:25:39.000 --> 00:25:44.000]  他說主啊,是今天了,今天你會回來迎接我
[00:25:44.000 --> 00:25:46.000]  我們有沒有這樣
[00:25:46.000 --> 00:25:52.000]  我們有什麼可以做來幫助我們思想著耶穌基督
[00:25:52.000 --> 00:25:56.000]  甚至晚上最後一個思念是有關耶穌基督的思念
[00:25:56.000 --> 00:25:58.000]  我們可以讀聖經
[00:25:58.000 --> 00:26:01.000]  我們可以讀約翰福音的第十章
[00:26:01.000 --> 00:26:03.000]  我們可以讀詩篇的23篇
[00:26:03.000 --> 00:26:06.000]  因為耶穌基督就是我們的牧羊人
[00:26:06.000 --> 00:26:11.000]  這兩章的經文都是有關牧羊人
[00:26:11.000 --> 00:26:15.000]  在約翰福音的15章我們又可以讀
[00:26:15.000 --> 00:26:18.000]  就是說他是葡萄樹,我們是枝子
[00:26:18.000 --> 00:26:22.000]  當我們離開了他,我們就不能夠做任何的事情
[00:26:22.000 --> 00:26:26.000]  我們也可以讀以塞亞書的53章
[00:26:26.000 --> 00:26:30.000]  紀念一下耶穌基督怎樣來為我們受苦
[00:26:30.000 --> 00:26:33.000]  我們也可以讀耶穌的生平
[00:26:33.000 --> 00:26:35.000]  有關耶穌基督的出身
[00:26:35.000 --> 00:26:40.000]  他的被試探,他的生平,甚至他的釘十字架
[00:26:40.000 --> 00:26:42.000]  以至於當我們睡覺的時候
[00:26:42.000 --> 00:26:46.000]  我們的思念是會充滿了有關耶穌基督的經文
[00:26:46.000 --> 00:26:54.000]  說回書拉蜜和佐羅門王的故事
[00:26:54.000 --> 00:26:58.000]  書拉蜜說:我要起來遊行城中
[00:26:58.000 --> 00:27:02.000]  在街市上,在寬闊處尋找我心所愛的
[00:27:02.000 --> 00:27:05.000]  我尋找他卻尋不見
[00:27:05.000 --> 00:27:08.000]  雅歌的三章二節
[00:27:08.000 --> 00:27:14.000]  我們看到書拉蜜說:我要去找佐羅門王
[00:27:14.000 --> 00:27:17.000]  很多解經家都說這席經文
[00:27:17.000 --> 00:27:20.000]  書拉蜜真的衝出了街上高
[00:27:20.000 --> 00:27:23.000]  晚上一個人來找佐羅門王
[00:27:23.000 --> 00:27:27.000]  如果我們明白中東文化的背景的話
[00:27:27.000 --> 00:27:29.000]  我們就不會這麼想
[00:27:29.000 --> 00:27:33.000]  晚上一個單身的女生去到街上高
[00:27:33.000 --> 00:27:36.000]  你一定會被人以為你是一個妓女
[00:27:36.000 --> 00:27:39.000]  所以是很危險的事
[00:27:39.000 --> 00:27:43.000]  遲些我們會讀到雅歌的第五章
[00:27:43.000 --> 00:27:46.000]  當書拉蜜和佐羅門王結婚之後
[00:27:46.000 --> 00:27:48.000]  兩個人吵架
[00:27:48.000 --> 00:27:50.000]  佐羅門王晚上去找書拉蜜
[00:27:50.000 --> 00:27:52.000]  書拉蜜不開房門
[00:27:52.000 --> 00:27:55.000]  佐羅門王吃了閉門羹
[00:27:55.000 --> 00:27:58.000]  垂頭喪氣走了
[00:27:58.000 --> 00:28:01.000]  書拉蜜想想還是不要追出來
[00:28:01.000 --> 00:28:04.000]  那時候佐羅門王剛剛走了不久
[00:28:04.000 --> 00:28:08.000]  所以那一次我相信書拉蜜真的追了出去街上
[00:28:08.000 --> 00:28:11.000]  因為她知道佐羅門王離開了不久
[00:28:11.000 --> 00:28:14.000]  她真的被人以為她是妓女
[00:28:14.000 --> 00:28:16.000]  連外衣都被人脫掉了
[00:28:16.000 --> 00:28:19.000]  還被人打傷了
[00:28:19.000 --> 00:28:23.000]  我們在經文中有四次看到
[00:28:23.000 --> 00:28:27.000]  書拉蜜說佐羅門王是她心所愛
[00:28:27.000 --> 00:28:29.000]  書拉蜜真的很愛佐羅門王
[00:28:29.000 --> 00:28:31.000]  她真的很怕失去他
[00:28:31.000 --> 00:28:34.000]  她連做夢都能做到
[00:28:34.000 --> 00:28:37.000]  我們又怎樣
[00:28:37.000 --> 00:28:39.000]  我們有沒有覺得
[00:28:39.000 --> 00:28:44.000]  我們覺得耶穌基督好像離開了我們
[00:28:44.000 --> 00:28:46.000]  丟棄了我們一樣
[00:28:46.000 --> 00:28:49.000]  很多時候基督徒當我們面對苦難
[00:28:49.000 --> 00:28:51.000]  面對困境的時候
[00:28:51.000 --> 00:28:53.000]  我們就會覺得主呀
[00:28:53.000 --> 00:28:54.000]  你在哪裏呀
[00:28:54.000 --> 00:28:56.000]  你是否丟棄了我
[00:28:56.000 --> 00:29:01.000]  大衛在書C篇的30篇第7節
[00:29:01.000 --> 00:29:05.000]  他說你染了面我就驚慌
[00:29:05.000 --> 00:29:08.000]  很多時候基督徒都會覺得
[00:29:08.000 --> 00:29:11.000]  神好像沒有和我們同在一樣
[00:29:11.000 --> 00:29:16.000]  有時候神真的會容許我們有這樣的感覺
[00:29:16.000 --> 00:29:20.000]  當我們有這樣的感覺的時候代表什麼
[00:29:20.000 --> 00:29:22.000]  代表可能是我們的生命當中
[00:29:22.000 --> 00:29:25.000]  有些事情我們需要去處理
[00:29:25.000 --> 00:29:27.000]  代表可能我們的生命當中
[00:29:27.000 --> 00:29:30.000]  有些罪我們需要去面對
[00:29:30.000 --> 00:29:35.000]  也可能是神在試驗我們
[00:29:35.000 --> 00:29:37.000]  看看我們在順境逆境當中
[00:29:37.000 --> 00:29:40.000]  是不是一樣能夠依靠祂
[00:29:40.000 --> 00:29:42.000]  愛祂
[00:29:42.000 --> 00:29:46.000]  也可能是撒旦在試探我們
[00:29:46.000 --> 00:29:50.000]  當我們知道是一些試驗
[00:29:50.000 --> 00:29:52.000]  是一些試探的時候
[00:29:52.000 --> 00:29:53.000]  我們就不用怕
[00:29:53.000 --> 00:29:56.000]  因為耶穌基督是允許我們
[00:29:56.000 --> 00:29:58.000]  永遠不會撇下我們
[00:29:58.000 --> 00:30:00.000]  不會丟棄我們
[00:30:00.000 --> 00:30:03.000]  在希伯來書13:5
[00:30:03.000 --> 00:30:07.000]  我總不撇下你也不丟棄你
[00:30:07.000 --> 00:30:11.000]  而在希伯來書13:8
[00:30:11.000 --> 00:30:14.000]  經文說耶穌基督是昨日今日
[00:30:14.000 --> 00:30:18.000]  一直到永遠都是一樣的
[00:30:18.000 --> 00:30:20.000]  如果耶穌基督答應我們
[00:30:20.000 --> 00:30:22.000]  不會丟棄我們
[00:30:22.000 --> 00:30:23.000]  不會撇下我們
[00:30:23.000 --> 00:30:25.000]  而耶穌基督是昨日今日
[00:30:25.000 --> 00:30:27.000]  永遠都不變的話
[00:30:27.000 --> 00:30:28.000]  意思就是說
[00:30:28.000 --> 00:30:30.000]  耶穌基督永遠都不會撇下我們
[00:30:30.000 --> 00:30:33.000]  永遠都不會丟棄我們
[00:30:33.000 --> 00:30:36.000]  在數以大使命我們熟悉的經文
[00:30:36.000 --> 00:30:38.000]  耶穌基督也都允許我們
[00:30:38.000 --> 00:30:41.000]  他說我常與你們同在
[00:30:41.000 --> 00:30:44.000]  直到世界沒了
[00:30:44.000 --> 00:30:47.000]  我們很多時候覺得
[00:30:47.000 --> 00:30:50.000]  剛才說神沒有與我們同在
[00:30:50.000 --> 00:30:52.000]  這只是我們的感覺
[00:30:52.000 --> 00:30:55.000]  和事實完全是兩回事
[00:30:55.000 --> 00:30:57.000]  耶穌基督說他不會丟棄我們
[00:30:57.000 --> 00:30:59.000]  不會撇下我們
[00:30:59.000 --> 00:31:02.000]  就好像索羅門王一樣
[00:31:02.000 --> 00:31:05.000]  他不是說丟棄了書拉麥就不理他
[00:31:05.000 --> 00:31:08.000]  他只不過是有些事情他需要去處理
[00:31:08.000 --> 00:31:11.000]  處理完他就會回來迎接書拉麥
[00:31:11.000 --> 00:31:14.000]  現在耶穌基督也是一樣
[00:31:14.000 --> 00:31:16.000]  在這裏為我們準備地方
[00:31:16.000 --> 00:31:18.000]  約翰福音文14章
[00:31:18.000 --> 00:31:20.000]  當他準備好這個地方
[00:31:20.000 --> 00:31:23.000]  他就會回來迎接他的新娘
[00:31:23.000 --> 00:31:26.000]  在現在教會的時期
[00:31:26.000 --> 00:31:30.000]  我們知道耶穌基督在我們每個基督徒的心裏面
[00:31:30.000 --> 00:31:33.000]  但是有一件事又要說
[00:31:33.000 --> 00:31:36.000]  如果我們覺得神離開我們很遠
[00:31:36.000 --> 00:31:39.000]  原因是因為我們自己離棄了神
[00:31:39.000 --> 00:31:43.000]  或者是我們愛神的心已經冷卻了
[00:31:43.000 --> 00:31:47.000]  我們不再感受到耶穌基督與我們同在
[00:31:47.000 --> 00:31:49.000]  如果是這樣的話
[00:31:49.000 --> 00:31:52.000]  我們就需要立刻去尋找耶穌基督
[00:31:52.000 --> 00:31:54.000]  就好像書拉麥一樣
[00:31:54.000 --> 00:32:00.000]  書拉麥說我要起來尋找我心所愛的
[00:32:00.000 --> 00:32:06.000]  神也在耶利米書的29章13節給我們一個保證
[00:32:06.000 --> 00:32:08.000]  就是你們尋求我
[00:32:08.000 --> 00:32:11.000]  若專心尋求我就必尋見
[00:32:11.000 --> 00:32:13.000]  如果我們覺得我們離開了神
[00:32:13.000 --> 00:32:17.000]  是因為我們自己的愛心冷卻了
[00:32:17.000 --> 00:32:19.000]  是我們自己離棄了神
[00:32:19.000 --> 00:32:21.000]  我們應該立刻去尋求
[00:32:21.000 --> 00:32:24.000]  神保證我們一定能夠尋求得到
[00:32:24.000 --> 00:32:27.000]  書拉麥也是一樣
[00:32:27.000 --> 00:32:31.000]  他去尋找所羅門王
[00:32:31.000 --> 00:32:35.000]  經文說我尋找他卻尋不到
[00:32:35.000 --> 00:32:36.000]  卻尋不見
[00:32:36.000 --> 00:32:39.000]  為什麼書拉麥會找不到所羅門王
[00:32:39.000 --> 00:32:42.000]  我相信他找錯了地方
[00:32:42.000 --> 00:32:45.000]  他去了一些很嘈雜的城市裡面
[00:32:45.000 --> 00:32:48.000]  去了街市裡面
[00:32:48.000 --> 00:32:51.000]  來尋找所羅門王
[00:32:51.000 --> 00:32:55.000]  在屬於原文的希伯萊文街市這個字
[00:32:55.000 --> 00:33:02.000]  和拖一隻牛去拍賣場是一樣字根的字
[00:33:02.000 --> 00:33:05.000]  你想想在屬於街市是多草
[00:33:05.000 --> 00:33:06.000]  拍賣這隻牛
[00:33:06.000 --> 00:33:10.000]  有人說我出十兩,有人說我出五十兩
[00:33:10.000 --> 00:33:12.000]  有人說我出一百兩
[00:33:12.000 --> 00:33:13.000]  很嘈雜
[00:33:13.000 --> 00:33:16.000]  在那裡書拉麥是找不到所羅門王
[00:33:16.000 --> 00:33:19.000]  同樣我們要尋找耶穌基督
[00:33:19.000 --> 00:33:22.000]  也是需要去一些適合的地方
[00:33:22.000 --> 00:33:27.000]  我們看到在《署聖經》裡面有例子告訴我們
[00:33:27.000 --> 00:33:30.000]  耶穌基督在十二歲的時候
[00:33:30.000 --> 00:33:34.000]  約瑟和瑪利亞是帶他去耶路撒冷
[00:33:34.000 --> 00:33:36.000]  過了如月節
[00:33:36.000 --> 00:33:40.000]  過完如月節他們就回去拿撒冷
[00:33:40.000 --> 00:33:43.000]  但是在路上發現不見了耶穌基督
[00:33:43.000 --> 00:33:46.000]  他們找了三天三夜都找不到
[00:33:46.000 --> 00:33:49.000]  最後在聖殿找到耶穌基督
[00:33:49.000 --> 00:33:52.000]  他在那裡和那些老師坐在一起
[00:33:52.000 --> 00:33:54.000]  有問有答
[00:33:54.000 --> 00:34:00.000]  我們看到我們要尋求耶穌基督也是一樣
[00:34:00.000 --> 00:34:04.000]  要去那些屬神的人聚集的地方
[00:34:04.000 --> 00:34:08.000]  要去那些神的話語會被宣講
[00:34:08.000 --> 00:34:10.000]  會被教導的地方
[00:34:10.000 --> 00:34:16.000]  這個也是原因為什麼在希伯來書的十章二十五節
[00:34:16.000 --> 00:34:17.000]  告訴我們
[00:34:17.000 --> 00:34:21.000]  我們基督徒不可停止聚會就是這個意思
[00:34:21.000 --> 00:34:26.000]  有很多人認為我在家裡照樣可以與神親近
[00:34:26.000 --> 00:34:34.000]  你是可以的但是你在家裡有很多的事會引開你的注意力
[00:34:34.000 --> 00:34:38.000]  我們要與神親近我們很需要去到一個地方
[00:34:38.000 --> 00:34:43.000]  是能夠和所有屬靈的弟兄姊妹在一起
[00:34:43.000 --> 00:34:48.000]  一個神的話語被宣講被教導的地方
[00:34:50.000 --> 00:34:58.000]  朱拉密最後去到城裡找到一些巡邏看守的人
[00:34:58.000 --> 00:35:03.000]  他去問他們有沒有看到所羅門王
[00:35:03.000 --> 00:35:09.000]  這些巡邏看守的人我們遲些在第五章會見到他們
[00:35:09.000 --> 00:35:13.000]  我剛才和大家說那次朱拉密真的衝出去
[00:35:13.000 --> 00:35:19.000]  他真的見到真真正正城裡巡邏看守的人
[00:35:19.000 --> 00:35:24.000]  我們見到他問這些人你有沒有看到所羅門王
[00:35:24.000 --> 00:35:26.000]  這些人回答說我們沒有見到
[00:35:26.000 --> 00:35:30.000]  然後在朱雅哥的三章四節經文說
[00:35:30.000 --> 00:35:34.000]  所羅門王在夢中出現了
[00:35:34.000 --> 00:35:39.000]  於是朱拉密拉著他不肯放他說我不會讓你再離開我
[00:35:39.000 --> 00:35:43.000]  他帶著所羅門王進入他媽媽的家裡
[00:35:43.000 --> 00:35:46.000]  進入他家裡的內室裡
[00:35:46.000 --> 00:35:52.000]  進入媽媽的家裡的意思就是一個有安全感的地方
[00:35:52.000 --> 00:35:58.000]  進入內室的意思就是一個很特別有特別感情的地方
[00:35:58.000 --> 00:36:03.000]  內室就是他媽媽當年她是嬰兒的時候餵奶的地方
[00:36:03.000 --> 00:36:07.000]  這個對他來說是有一個很特別感情的地方
[00:36:07.000 --> 00:36:13.000]  他把所羅門王帶到他媽媽的家裡進入內室裡
[00:36:13.000 --> 00:36:18.000]  他的意思就是他對所羅門王有親切的感情
[00:36:18.000 --> 00:36:22.000]  這個部分已經是完結了
[00:36:22.000 --> 00:36:28.000]  我們見到這個部分一開始就是所羅門王經過冬天來找朱拉密
[00:36:28.000 --> 00:36:31.000]  萬水千山地來找他
[00:36:31.000 --> 00:36:36.000]  但是朱拉密發現原來所羅門王身上是有些公事
[00:36:36.000 --> 00:36:41.000]  他就叫他去辦理他的公事然後才回來迎娶自己
[00:36:41.000 --> 00:36:45.000]  當所羅門王離開之後,惡夢就開始了
[00:36:45.000 --> 00:36:50.000]  每晚都夢見所羅門王,但是最後都是喜劇收場
[00:36:50.000 --> 00:36:57.000]  起碼在夢裡,他夢到所羅門王的出現,拉著他不放
[00:36:57.000 --> 00:37:04.000]  這裡很有趣,我們見到這個部分的結尾是雅歌的三章五節
[00:37:04.000 --> 00:37:07.000]  這一節的經文是非常熟悉
[00:37:07.000 --> 00:37:15.000]  因為我們見到和上一部分的結尾,二章七節非常相似
[00:37:15.000 --> 00:37:18.000]  兩節結尾的經文都很一樣
[00:37:18.000 --> 00:37:22.000]  三章五節說耶路撒冷的眾女子
[00:37:22.000 --> 00:37:24.000]  有沒有見到耶路撒冷的女子
[00:37:24.000 --> 00:37:30.000]  不是說她們真人出現,但是起碼她們的名字出現了
[00:37:30.000 --> 00:37:39.000]  我指著靈養或田野的母鹿,祝賦你們不要驚動不要叫醒我所愛的
[00:37:39.000 --> 00:37:41.000]  讓她自己情緣
[00:37:41.000 --> 00:37:48.000]  這裡有個括弧寫著不要叫醒就是不要激動愛情,讓她自發
[00:37:48.000 --> 00:37:56.000]  我們見到兩次同樣的經文出現,一次是二章七節,一次是三章五節
[00:37:56.000 --> 00:38:03.000]  這兩節的經文之前所發生的事都是很相似,都是一個很親密的鏡頭
[00:38:03.000 --> 00:38:07.000]  在二章六節,就是二章七節之前的經文
[00:38:07.000 --> 00:38:15.000]  舒拉密是希望所羅門望,左手托著她的頭,右手抱著自己的身體
[00:38:15.000 --> 00:38:17.000]  是有一個擁抱的鏡頭出來
[00:38:17.000 --> 00:38:22.000]  經文馬上說不要挑動你愛人的感情
[00:38:22.000 --> 00:38:30.000]  你要等待適合的時間,等待正確的時機才來進行,等到結婚之後
[00:38:30.000 --> 00:38:38.000]  在今次的經文三章五節,我們又見到三章四節是有很親密的鏡頭出現
[00:38:38.000 --> 00:38:41.000]  她找回所羅門望,她說我不會讓你再走
[00:38:41.000 --> 00:38:46.000]  把所羅門望帶到她媽媽的家裏,帶到她內室裏
[00:38:46.000 --> 00:38:52.000]  有人說孤男寡女帶男朋友到媽媽的內室做什麼
[00:38:52.000 --> 00:38:55.000]  三章五節的經文又出現
[00:38:55.000 --> 00:38:58.000]  又一次說不要挑動愛人的感情
[00:38:58.000 --> 00:39:04.000]  要等待適合的時候,等待正確的範圍,等待結了婚
[00:39:04.000 --> 00:39:10.000]  我們今天的經文已經說完了
[00:39:10.000 --> 00:39:14.000]  究竟我們怎樣來應用今天所學到的呢
[00:39:14.000 --> 00:39:21.000]  我們見到在所羅門望和舒拉麥當中,真的出現了很多感情的障礙
[00:39:21.000 --> 00:39:25.000]  無論是實體,無論是公事
[00:39:25.000 --> 00:39:31.000]  我們見到所羅門望就是駕駛著萬水千山來找舒拉麥
[00:39:31.000 --> 00:39:37.000]  是她採取主動,是她第一個才去找舒拉麥
[00:39:37.000 --> 00:39:41.000]  我們當中可能有很多感情的障礙
[00:39:41.000 --> 00:39:47.000]  不單是夫妻之間的障礙,不單是情人間的障礙
[00:39:47.000 --> 00:39:49.000]  也是人與人之間的障礙
[00:39:49.000 --> 00:39:52.000]  但是你看看聖經裏面的教導是什麼
[00:39:52.000 --> 00:39:59.000]  無論是你得罪你的弟兄,例如在馬太福音的五章二十一至二十四節
[00:39:59.000 --> 00:40:04.000]  無論是你的弟兄得罪你,馬太福音的十八章十五節
[00:40:04.000 --> 00:40:10.000]  都是你採取主動,你採取主動和對方去講和
[00:40:10.000 --> 00:40:13.000]  這是聖經的教導
[00:40:13.000 --> 00:40:17.000]  所以要排除障礙是很重要的
[00:40:17.000 --> 00:40:19.000]  這是排除障礙的一個秘訣
[00:40:19.000 --> 00:40:22.000]  是要我們自己去採取主動
[00:40:22.000 --> 00:40:30.000]  也說回經文剛才說舒拉麥和所羅門望拍拖的情形出現的問題
[00:40:30.000 --> 00:40:36.000]  就是見到在他們的關提當中是有些阻礙
[00:40:36.000 --> 00:40:38.000]  他們懂得怎樣去排除
[00:40:38.000 --> 00:40:44.000]  我剛才說過很多談感戀愛的男女都是盲目的
[00:40:44.000 --> 00:40:48.000]  對方的弱點看見都以為是強處很多事
[00:40:48.000 --> 00:40:53.000]  有可能你以為結婚之後能夠解決這些問題
[00:40:53.000 --> 00:40:57.000]  不是的,結婚之後你還有很多其他的問題
[00:40:57.000 --> 00:41:01.000]  所以要好像是所羅門望和舒拉麥那樣
[00:41:01.000 --> 00:41:08.000]  如果知道有毀壞葡萄園的小狐狸就要立刻處理這些事情
[00:41:08.000 --> 00:41:12.000]  究竟關於工作的障礙
[00:41:12.000 --> 00:41:17.000]  究竟聖經說工作重要還是愛情重要
[00:41:17.000 --> 00:41:21.000]  我們見到給我們的教導就是
[00:41:21.000 --> 00:41:24.000]  丈夫的工作雖然是重要
[00:41:24.000 --> 00:41:29.000]  但是千萬不要把工作帶回家
[00:41:29.000 --> 00:41:32.000]  現在在疫情裡面就很難了
[00:41:32.000 --> 00:41:34.000]  每個人都在家裡工作
[00:41:34.000 --> 00:41:38.000]  所以不能夠說不帶工作回家
[00:41:38.000 --> 00:41:44.000]  但是起碼不要把辦公室的情緒帶回家裡
[00:41:44.000 --> 00:41:50.000]  自己被上司吃完貓麵找個老婆來出氣
[00:41:50.000 --> 00:41:52.000]  千萬不要這樣
[00:41:52.000 --> 00:41:56.000]  做太太的也不要自私不要自我
[00:41:56.000 --> 00:42:01.000]  要讓丈夫做完他應該做的工作
[00:42:01.000 --> 00:42:05.000]  不然的話他不能夠把注意力放在你的身上
[00:42:05.000 --> 00:42:10.000]  當他有工作壓力的時候會影響你和他的感情
[00:42:10.000 --> 00:42:12.000]  所以是很重要
[00:42:12.000 --> 00:42:15.000]  丈夫會做太太也要會做
[00:42:15.000 --> 00:42:20.000]  而很重要的就是兩夫妻要安排一些時間
[00:42:20.000 --> 00:42:23.000]  來彼此把注意力放在大家的身上
[00:42:23.000 --> 00:42:26.000]  丈夫要把他的公事放在一旁
[00:42:26.000 --> 00:42:30.000]  太太要把子女的家務放在一旁
[00:42:30.000 --> 00:42:35.000]  有時間完全單獨地彼此相對
[00:42:35.000 --> 00:42:39.000]  彼此把注意力放在對方的身上
[00:42:39.000 --> 00:42:45.000]  我們做基督徒又有什麼回應呢?
[00:42:45.000 --> 00:42:50.000]  我們見到舒拉密和索羅門王的關係
[00:42:50.000 --> 00:42:53.000]  真的很像我們和耶穌基督的關係
[00:42:53.000 --> 00:42:58.000]  我們見到索羅門王隔著萬水千山來找舒拉密
[00:42:58.000 --> 00:43:05.000]  舒拉密對索羅門王的愛好像沒有索羅門王對舒拉密的愛那麼重
[00:43:05.000 --> 00:43:08.000]  我們和耶穌基督的關係又如何?
[00:43:08.000 --> 00:43:14.000]  的確耶穌基督真的萬水千山來到這個世上為我們贖罪
[00:43:14.000 --> 00:43:16.000]  這條路不是容易走的
[00:43:16.000 --> 00:43:23.000]  比耶路撒冷去加利利這條路難走過不知有多少倍
[00:43:23.000 --> 00:43:27.000]  在《雪聖經》中告訴我們這條路是非常崎嶇
[00:43:27.000 --> 00:43:29.000]  很難走
[00:43:29.000 --> 00:43:31.000]  很多經文都告訴我們
[00:43:31.000 --> 00:43:35.000]  神要派屍洗約翰來修織這條路
[00:43:35.000 --> 00:43:40.000]  以至耶穌基督能夠來到世上為我們贖罪
[00:43:40.000 --> 00:43:47.000]  在《賽亞書》的四十章三節、《馬拉基書》的三章一節、《四福音》都有提及
[00:43:47.000 --> 00:43:49.000]  你想想神是多麼愛我們
[00:43:49.000 --> 00:43:54.000]  修織這條路來派他的獨身子為我們贖罪
[00:43:54.000 --> 00:43:57.000]  而這條路真的很難走
[00:43:57.000 --> 00:44:01.000]  耶穌基督是願意走在這條路的上高
[00:44:01.000 --> 00:44:03.000]  你想想這條路多難走
[00:44:03.000 --> 00:44:10.000]  耶穌基督明明知道他來到世上會被鞭打、被拖罵、被侮辱
[00:44:10.000 --> 00:44:14.000]  甚至是釘在十字架上為你為我的罪
[00:44:14.000 --> 00:44:19.000]  但是他願意走這一條這麼崎嶇、這麼難走的路
[00:44:19.000 --> 00:44:22.000]  我們又應該如何回應?
[00:44:22.000 --> 00:44:24.000]  我們看到今天的經文
[00:44:24.000 --> 00:44:28.000]  在《雪瓦哥》的二章十節和十三節
[00:44:28.000 --> 00:44:34.000]  索羅門王兩次叫舒拉密來跟隨自己
[00:44:34.000 --> 00:44:37.000]  我們看到耶穌基督在聖經裡面
[00:44:37.000 --> 00:44:41.000]  也有同樣的經文叫我們跟隨他
[00:44:41.000 --> 00:44:43.000]  在《約翰福音》的一章三十九節
[00:44:43.000 --> 00:44:46.000]  他照門徒的時候說:你們來看
[00:44:46.000 --> 00:44:49.000]  在《樹與馬太福音》的十一章二十八節
[00:44:49.000 --> 00:44:52.000]  他說:凡勞苦擔重擔的人
[00:44:52.000 --> 00:44:55.000]  可以到我這裡來,我使你們得安息
[00:44:55.000 --> 00:44:59.000]  在《樹與約翰福音》的七章三十七節
[00:44:59.000 --> 00:45:03.000]  耶穌基督說:人渴了,可以到我這裡來渴
[00:45:03.000 --> 00:45:08.000]  而最後他是為我們釘十字架復活了之後
[00:45:08.000 --> 00:45:12.000]  彼得指著約翰說:他又怎樣?
[00:45:12.000 --> 00:45:16.000]  耶穌基督說:你不要理他怎樣,你來跟從我
[00:45:16.000 --> 00:45:20.000]  我不知道我們當中有沒有未接受耶穌基督
[00:45:20.000 --> 00:45:26.000]  耶穌基督真的為我們千山萬水來到這個世上,為我們贖罪
[00:45:26.000 --> 00:45:28.000]  他說:凡是接受他的人
[00:45:28.000 --> 00:45:32.000]  都能夠得到從他而來的釋放
[00:45:32.000 --> 00:45:35.000]  能夠得到罪被赦免
[00:45:35.000 --> 00:45:38.000]  我們有沒有未接受耶穌基督的人
[00:45:38.000 --> 00:45:41.000]  又或者你現在在網上聽我這篇道
[00:45:41.000 --> 00:45:45.000]  你願不願意接受耶穌基督成為你個人的救主
[00:45:45.000 --> 00:45:48.000]  我們已經接受了耶穌基督的人
[00:45:48.000 --> 00:45:50.000]  我們也要思考一下
[00:45:50.000 --> 00:45:56.000]  我們對耶穌基督的愛真的遠遠不及耶穌基督對我們的愛
[00:45:56.000 --> 00:46:00.000]  你想想他萬水千山來到這個世上為我們贖罪
[00:46:00.000 --> 00:46:04.000]  我們天氣稍微沒那麼好
[00:46:04.000 --> 00:46:07.000]  我們就說:哎呀,今天不敬拜
[00:46:07.000 --> 00:46:10.000]  今天頭暈身熱,我又不去敬拜
[00:46:10.000 --> 00:46:13.000]  甚至我們很少讀經討告
[00:46:13.000 --> 00:46:16.000]  甚至我們沒有侍奉,沒有去傳福音
[00:46:16.000 --> 00:46:20.000]  你想想耶穌基督為我們做多少,我們又怎樣
[00:46:20.000 --> 00:46:23.000]  我們的生命當中是不是有很多小狐狸
[00:46:23.000 --> 00:46:28.000]  阻礙我們不能夠去討告讀經,不能夠去侍奉神
[00:46:28.000 --> 00:46:31.000]  還是我們的生命當中有很多大狐狸
[00:46:31.000 --> 00:46:35.000]  是我們的妒忌,是我們的嫉妒
[00:46:35.000 --> 00:46:38.000]  是我們的驕傲,是我們的自我
[00:46:38.000 --> 00:46:41.000]  影響我們和弟兄姊妹的關係
[00:46:41.000 --> 00:46:44.000]  影響我們能夠結束熟齡的果子
[00:46:44.000 --> 00:46:48.000]  影響我們能夠得到熟齡的增長
[00:46:48.000 --> 00:46:50.000]  是不是這樣呢?
[00:46:50.000 --> 00:46:54.000]  我們應該拿開我們生命當中大小的狐狸
[00:46:54.000 --> 00:47:00.000]  以致我們可以像書拉密說:良人屬我,我屬於他
[00:47:00.000 --> 00:47:05.000]  我們可以說一句:神是屬我,我是屬神
[00:47:05.000 --> 00:47:07.000]  願神祝福他自己的懷疑
[00:47:07.000 --> 00:47:10.000]  讓我們一起低頭討告
[00:47:10.000 --> 00:47:14.000]  最後我們感謝你,感謝你給我們雅哥
[00:47:14.000 --> 00:47:17.000]  我們看到由雅哥當中教我們
[00:47:17.000 --> 00:47:21.000]  怎樣能夠排除很多感情上的障礙
[00:47:21.000 --> 00:47:24.000]  不單只是夫妻之間的關係
[00:47:24.000 --> 00:47:28.000]  也能夠幫助我們人與人之間的關係
[00:47:28.000 --> 00:47:31.000]  但你也是願意我們從雅哥當中
[00:47:31.000 --> 00:47:34.000]  從所羅門王和書拉密的關係
[00:47:34.000 --> 00:47:37.000]  能夠看到我們和耶穌基督的關係
[00:47:37.000 --> 00:47:42.000]  耶穌基督是萬水千山來到這個世上為我們贖罪
[00:47:42.000 --> 00:47:45.000]  我們為耶穌基督做了什麼呢?
[00:47:45.000 --> 00:47:48.000]  願意我們有這個心在我們的生命當中
[00:47:48.000 --> 00:47:52.000]  能夠排除所有大小的狐狸
[00:47:52.000 --> 00:48:01.000]  以致我們能夠有一個專一、侍奉、服從、討告、讀經的心
[00:48:01.000 --> 00:48:05.000]  願意我們能夠將一切的榮耀、重讚歸給他
[00:48:05.000 --> 00:48:08.000]  我們這樣的討告奉主耶穌基督的命而求,阿門!
[00:48:08.000 --> 00:48:10.000]  謝謝大家!
[00:48:10.000 --> 00:48:12.000]  謝謝大家!
[00:48:12.000 --> 00:48:14.000]  謝謝大家!
[00:48:14.000 --> 00:48:16.000]  謝謝大家!
[00:48:16.000 --> 00:48:18.000]  謝謝大家!
[00:48:18.000 --> 00:48:22.480]  我會很開心的 因為我能夠和你一起去玩玩看

