
[00:00:00.000 --> 00:00:11.000]  各位大家好,我們今天很開心有四位加上我分享的人
[00:00:11.000 --> 00:00:15.000]  第一位就是Mark Sir,陳松基牧師
[00:00:15.000 --> 00:00:19.000]  第二位是Gordon,Dr. Gordon
[00:00:19.000 --> 00:00:23.000]  第三位就是Tony牧師
[00:00:23.000 --> 00:00:26.000]  我想請幾位來介紹一下自己
[00:00:26.000 --> 00:00:31.000]  今天的題目就是從信仰百川到港風之谷
[00:00:31.000 --> 00:00:39.000]  很明顯是一個介紹一些新的主題
[00:00:39.000 --> 00:00:43.000]  不如逐個介紹一下吧,我先請Mark Sir
[00:00:43.000 --> 00:00:47.000]  其實每個人都叫我Mark Sir,不用命牧師
[00:00:47.000 --> 00:00:50.000]  我在美國的芝加哥牧警會
[00:00:50.000 --> 00:00:53.000]  一直以來二十多年都是牧警會
[00:00:53.000 --> 00:00:59.000]  一直都是一個本地教會的牧者
[00:00:59.000 --> 00:01:06.000]  有時候會發表一下自己的讀經、研經的心得等等
[00:01:06.000 --> 00:01:11.000]  所以我們有一個成員網台,這個就是很簡單的我的角色
[00:01:11.000 --> 00:01:14.000]  Tony呢?
[00:01:14.000 --> 00:01:18.000]  大家好,我叫Tony,黃家漢
[00:01:18.000 --> 00:01:21.000]  其實我一直都是在加拿大牧會的十幾年
[00:01:21.000 --> 00:01:24.000]  特別是我在加拿大的中部和西部牧會
[00:01:24.000 --> 00:01:27.000]  我現在在加拿大卡加里的牧羊教會
[00:01:27.000 --> 00:01:32.000]  本身除了牧會之外,我還會讀書和教書
[00:01:32.000 --> 00:01:34.000]  所以都忙到飛起
[00:01:34.000 --> 00:01:39.000]  有時候都會寫文章,寫詩
[00:01:39.000 --> 00:01:44.000]  有空間的時候我都會發表
[00:01:44.000 --> 00:01:47.000]  這是我的小小故事,是我自己
[00:01:47.000 --> 00:01:52.000]  多謝Tony,輪到Dr. Gordon了
[00:01:52.000 --> 00:01:57.000]  大家好,今天有三位牧師在
[00:01:57.000 --> 00:02:00.000]  我是一個很普通的小人物
[00:02:00.000 --> 00:02:03.000]  我叫自己做一個全身都沒有張力的人
[00:02:03.000 --> 00:02:08.000]  正職是做醫生的,但過去兩年就半退休
[00:02:08.000 --> 00:02:12.000]  在做一些幫人顧問的項目
[00:02:12.000 --> 00:02:14.000]  我也讀過神學
[00:02:14.000 --> 00:02:21.000]  我自己比較專注在教會的文化
[00:02:21.000 --> 00:02:24.000]  也有空閒時寫文章之類
[00:02:24.000 --> 00:02:28.000]  多謝你的介紹,我也自我介紹一下
[00:02:28.000 --> 00:02:35.000]  我還忘記說,這次應該是成會網台和我自己的頻道
[00:02:35.000 --> 00:02:37.000]  礦牧頻道的一個聯播
[00:02:37.000 --> 00:02:42.000]  我叫礦偉志,我已經牧了牧很多年
[00:02:42.000 --> 00:02:47.000]  做過不同的教會機構,最多就是做報道訓練
[00:02:47.000 --> 00:02:50.000]  我現在是雪梨牧會的
[00:02:50.000 --> 00:02:53.000]  我也是一個很普通的人
[00:02:53.000 --> 00:02:57.000]  大家都很謙虛
[00:02:57.000 --> 00:03:00.000]  所以為什麼會走在一起呢?
[00:03:00.000 --> 00:03:04.000]  我們這四位,就像我們主題所說
[00:03:04.000 --> 00:03:06.000]  由信仰百川說起
[00:03:06.000 --> 00:03:09.000]  不如我們逐個說一下
[00:03:09.000 --> 00:03:13.000]  大家在信仰百川的參與
[00:03:13.000 --> 00:03:16.000]  信仰百川應該有十多年了
[00:03:16.000 --> 00:03:18.000]  很久了,十多年了
[00:03:18.000 --> 00:03:21.000]  前陣子就結束了
[00:03:21.000 --> 00:03:23.000]  突然shut down了
[00:03:23.000 --> 00:03:27.000]  很多人都覺得很可惜
[00:03:27.000 --> 00:03:29.000]  當然有些人可能很開心,我不知道
[00:03:29.000 --> 00:03:33.000]  但這幾位一直都有參與
[00:03:33.000 --> 00:03:35.000]  不如說一下
[00:03:35.000 --> 00:03:39.000]  信仰百川你曾經有什麼參與
[00:03:39.000 --> 00:03:41.000]  其實你是怎麼看呢?
[00:03:41.000 --> 00:03:43.000]  為什麼會參與?
[00:03:43.000 --> 00:03:45.000]  或者在網上的世界
[00:03:45.000 --> 00:03:50.000]  其實你覺得現在網路的風氣是怎麼樣呢?
[00:03:50.000 --> 00:03:52.000]  還是請Mark Sir先說
[00:03:52.000 --> 00:03:55.000]  我在百川,像礦牧你所說
[00:03:55.000 --> 00:03:57.000]  都十多年了
[00:03:57.000 --> 00:03:59.000]  我都是寫我的文章
[00:03:59.000 --> 00:04:01.000]  最近當然就多了
[00:04:01.000 --> 00:04:03.000]  除了分享文章
[00:04:03.000 --> 00:04:05.000]  有時分享一些視頻
[00:04:05.000 --> 00:04:07.000]  一些短的影片等等
[00:04:07.000 --> 00:04:11.000]  我一直都很喜歡百川的氣氛
[00:04:11.000 --> 00:04:14.000]  因為我覺得是一個很好的空間
[00:04:14.000 --> 00:04:16.000]  給大兄姐妹,甚至我們這些牧者
[00:04:16.000 --> 00:04:19.000]  能夠發表一下,或者討論一下
[00:04:19.000 --> 00:04:21.000]  一些topic
[00:04:21.000 --> 00:04:24.000]  有時候在一些傳統教會的框架裏
[00:04:24.000 --> 00:04:26.000]  未必有空間
[00:04:26.000 --> 00:04:29.000]  或者未必有時間給我們去說這些東西
[00:04:29.000 --> 00:04:32.000]  所以我一直都很喜歡信仰百川
[00:04:32.000 --> 00:04:34.000]  不單止我自己可以發表
[00:04:34.000 --> 00:04:36.000]  我們都看到別人發表
[00:04:36.000 --> 00:04:38.000]  Tony可以寫一些詩
[00:04:38.000 --> 00:04:40.000]  Tony又可以發表一下他的文章
[00:04:40.000 --> 00:04:42.000]  我們又可以學到其他東西
[00:04:42.000 --> 00:04:45.000]  我覺得是一個互相學習的平台
[00:04:45.000 --> 00:04:47.000]  特別在這個世代
[00:04:47.000 --> 00:04:49.000]  是非常需要
[00:04:49.000 --> 00:04:52.000]  不是一言堂,是大家一起來去談
[00:04:52.000 --> 00:04:58.000]  我同意,其實
[00:04:58.000 --> 00:05:00.000]  你講就講吧
[00:05:00.000 --> 00:05:02.000]  其實就像Mark Sir所說
[00:05:02.000 --> 00:05:04.000]  當初參與信仰百川
[00:05:04.000 --> 00:05:07.000]  差不多是一開始我已經參與
[00:05:07.000 --> 00:05:10.000]  當中就有分享一些文章
[00:05:10.000 --> 00:05:12.000]  也有分享一些詩歌
[00:05:12.000 --> 00:05:14.000]  一詩,我自己喜歡寫詩
[00:05:14.000 --> 00:05:16.000]  我想在這個過程裏
[00:05:16.000 --> 00:05:19.000]  其實除了是一個空間
[00:05:19.000 --> 00:05:22.000]  給我自己去整理一些思緒
[00:05:22.000 --> 00:05:24.000]  譬如我自己寫通常是寫詩
[00:05:24.000 --> 00:05:26.000]  寫牧養心得
[00:05:26.000 --> 00:05:29.000]  寫教育,寫神學教育各方面的文章
[00:05:29.000 --> 00:05:32.000]  有時不是太多空間
[00:05:32.000 --> 00:05:34.000]  可以給我去發表
[00:05:34.000 --> 00:05:36.000]  就算我有東西寫的話
[00:05:36.000 --> 00:05:38.000]  我想百川有空間給我去
[00:05:38.000 --> 00:05:40.000]  整理我自己的思緒去分享
[00:05:40.000 --> 00:05:44.000]  也都看看別人對這些分享一些意見
[00:05:44.000 --> 00:05:47.000]  一些回饋,我覺得都很好的
[00:05:47.000 --> 00:05:50.000]  同時我也同意在百川裏面
[00:05:50.000 --> 00:05:52.000]  百家爭鳴
[00:05:52.000 --> 00:05:54.000]  事實上就算我們在百川裏面
[00:05:54.000 --> 00:05:56.000]  我不是所有文章我都同意
[00:05:56.000 --> 00:05:58.000]  但我就覺得起碼知道
[00:05:58.000 --> 00:06:01.000]  世界上有人想的東西和我很不同
[00:06:01.000 --> 00:06:04.000]  我覺得這個也是構成了一個學習的機會
[00:06:04.000 --> 00:06:08.000]  去看看別人對某些信仰的事情的看法
[00:06:08.000 --> 00:06:11.000]  的不同,以至去擴闊自己的空間
[00:06:11.000 --> 00:06:14.000]  那就不會有一點坐井觀天
[00:06:14.000 --> 00:06:16.000]  以為自己那套就是
[00:06:16.000 --> 00:06:19.000]  一知獨秀就看得到答案
[00:06:19.000 --> 00:06:21.000]  我想這個都是一個很好的場地
[00:06:21.000 --> 00:06:23.000]  也給我去反省
[00:06:23.000 --> 00:06:24.000]  如果對方敢問我
[00:06:24.000 --> 00:06:26.000]  對方有這樣的看法,我自己怎麼看
[00:06:26.000 --> 00:06:33.000]  我參加了信仰百川的時間
[00:06:33.000 --> 00:06:35.000]  不過短一點
[00:06:35.000 --> 00:06:37.000]  應該是六、七年左右
[00:06:37.000 --> 00:06:39.000]  之前主要只是看,沒有機會寫
[00:06:39.000 --> 00:06:42.000]  到六、七年之後就開始寫東西
[00:06:42.000 --> 00:06:44.000]  和大家說的都是一樣
[00:06:44.000 --> 00:06:46.000]  信仰百川有一個很特別的地方
[00:06:46.000 --> 00:06:48.000]  就是容許我們說一些
[00:06:48.000 --> 00:06:51.000]  不是在普通教會官方的渠道裏面
[00:06:51.000 --> 00:06:54.000]  看到的東西
[00:06:54.000 --> 00:06:57.000]  我覺得很多時候在華人教會裏面
[00:06:57.000 --> 00:06:59.000]  太過透視
[00:06:59.000 --> 00:07:01.000]  只有一方向去看東西
[00:07:01.000 --> 00:07:03.000]  信仰百川給大家一個機會
[00:07:03.000 --> 00:07:05.000]  可能接觸一些另外的思想
[00:07:05.000 --> 00:07:08.000]  其實我和一些大英姐妹聊天
[00:07:08.000 --> 00:07:10.000]  大家都發覺你講這些東西
[00:07:10.000 --> 00:07:11.000]  是他們在想的
[00:07:11.000 --> 00:07:12.000]  不過從來沒有機會說
[00:07:12.000 --> 00:07:14.000]  從來沒有機會拿出來討論
[00:07:14.000 --> 00:07:17.000]  信仰百川就是一個非常好的渠道
[00:07:17.000 --> 00:07:19.000]  給大家能夠去想這些問題
[00:07:19.000 --> 00:07:21.000]  好像Tony所說
[00:07:21.000 --> 00:07:23.000]  不是每樣東西都同意
[00:07:23.000 --> 00:07:24.000]  有些我說的東西
[00:07:24.000 --> 00:07:26.000]  也不期待別人同意
[00:07:26.000 --> 00:07:28.000]  但起碼可以拿出來說
[00:07:28.000 --> 00:07:31.000]  而不是掃在椅底上
[00:07:31.000 --> 00:07:36.000]  我自己其實沒有甚麼貢獻
[00:07:36.000 --> 00:07:40.000]  但我也是最初信仰百川的人
[00:07:40.000 --> 00:07:42.000]  沒有甚麼貢獻
[00:07:42.000 --> 00:07:45.000]  是因為我最初期寫了幾篇文章
[00:07:45.000 --> 00:07:48.000]  然後就下班了
[00:07:48.000 --> 00:07:51.000]  其實我最大的貢獻就是
[00:07:51.000 --> 00:07:54.000]  第一代信仰百川的Logo是我做的
[00:07:54.000 --> 00:07:56.000]  很多人都不知道
[00:07:56.000 --> 00:07:59.000]  因為我本身是做設計的
[00:07:59.000 --> 00:08:01.000]  我也要補充
[00:08:01.000 --> 00:08:05.000]  其實信仰百川創辦
[00:08:05.000 --> 00:08:07.000]  就是Daniel
[00:08:07.000 --> 00:08:10.000]  今天就不在我們當中
[00:08:10.000 --> 00:08:13.000]  他想低調一點
[00:08:13.000 --> 00:08:17.000]  張廣棟先生博士
[00:08:17.000 --> 00:08:20.000]  其實他當時也很好
[00:08:20.000 --> 00:08:21.000]  我也是被邀約
[00:08:21.000 --> 00:08:23.000]  我想大家也是被邀約
[00:08:23.000 --> 00:08:25.000]  成為百川的一個作者
[00:08:25.000 --> 00:08:28.000]  我記得初期好像是五十多個作者
[00:08:28.000 --> 00:08:31.000]  到後期可能加加減減
[00:08:31.000 --> 00:08:33.000]  也是差不多
[00:08:33.000 --> 00:08:35.000]  我就發覺
[00:08:35.000 --> 00:08:38.000]  同上百川的作用
[00:08:38.000 --> 00:08:40.000]  我也不重複
[00:08:40.000 --> 00:08:42.000]  到後來
[00:08:42.000 --> 00:08:44.000]  尤其是中期
[00:08:44.000 --> 00:08:46.000]  開始百川放在Facebook
[00:08:46.000 --> 00:08:49.000]  因為他本身的設定就是
[00:08:49.000 --> 00:08:52.000]  在文章上其實也可以留言
[00:08:52.000 --> 00:08:54.000]  但比較少人留言
[00:08:54.000 --> 00:08:56.000]  但在Facebook
[00:08:56.000 --> 00:08:59.000]  我發覺Facebook的發展很快
[00:08:59.000 --> 00:09:01.000]  最後好像是二萬多
[00:09:01.000 --> 00:09:04.000]  變成文章發了出來
[00:09:04.000 --> 00:09:06.000]  就會引起很多討論
[00:09:06.000 --> 00:09:08.000]  還有很多人引用
[00:09:08.000 --> 00:09:10.000]  很多話題也會碰到
[00:09:10.000 --> 00:09:12.000]  就像Tony所說
[00:09:12.000 --> 00:09:15.000]  不是每個話題所有東西的文章
[00:09:15.000 --> 00:09:16.000]  我們都會同意
[00:09:16.000 --> 00:09:19.000]  但是我想那個空間
[00:09:19.000 --> 00:09:21.000]  我想百川是
[00:09:21.000 --> 00:09:23.000]  可以這麼說
[00:09:23.000 --> 00:09:27.000]  真的在我們橫教會界
[00:09:27.000 --> 00:09:29.000]  在這幾年裡面
[00:09:29.000 --> 00:09:31.000]  是一個很重要的貢獻
[00:09:31.000 --> 00:09:33.000]  我也覺得是
[00:09:33.000 --> 00:09:35.000]  所以要肯定的
[00:09:35.000 --> 00:09:36.000]  這個努力
[00:09:36.000 --> 00:09:39.000]  也要感謝幾位作者
[00:09:39.000 --> 00:09:42.000]  我後來就搞頻道
[00:09:42.000 --> 00:09:44.000]  其實我是想走的
[00:09:44.000 --> 00:09:46.000]  有一段時間
[00:09:46.000 --> 00:09:48.000]  百川也跟作者說
[00:09:48.000 --> 00:09:50.000]  其實有轉型
[00:09:50.000 --> 00:09:53.000]  想進一步做
[00:09:53.000 --> 00:09:56.000]  那段時間我跟Daniel說我想走
[00:09:56.000 --> 00:09:58.000]  他又叫我回來
[00:09:58.000 --> 00:10:00.000]  他說你post視頻吧
[00:10:00.000 --> 00:10:02.000]  就是這樣
[00:10:02.000 --> 00:10:04.000]  所以後來就看到我很多視頻
[00:10:04.000 --> 00:10:06.000]  所以我覺得
[00:10:06.000 --> 00:10:10.000]  百川其實給了我們一個很好的平台
[00:10:10.000 --> 00:10:12.000]  那我就想
[00:10:12.000 --> 00:10:14.000]  看看大家有沒有一些體會
[00:10:14.000 --> 00:10:16.000]  除了說百川是
[00:10:16.000 --> 00:10:18.000]  剛才說有很多
[00:10:18.000 --> 00:10:20.000]  機會給我們去交流
[00:10:20.000 --> 00:10:22.000]  或者看到其他人的觀點等等
[00:10:22.000 --> 00:10:27.000]  我就觀察到一些網路的文化
[00:10:27.000 --> 00:10:28.000]  一直在轉變
[00:10:28.000 --> 00:10:32.000]  我就會覺得有些不是很好的文化
[00:10:32.000 --> 00:10:34.000]  其實我覺得
[00:10:34.000 --> 00:10:36.000]  現在我形容為
[00:10:36.000 --> 00:10:38.000]  一個網上的言論
[00:10:38.000 --> 00:10:40.000]  自由和不自由的時代
[00:10:40.000 --> 00:10:43.000]  因為自由就好像很多人都可以說很多話
[00:10:43.000 --> 00:10:44.000]  但是呢
[00:10:44.000 --> 00:10:46.000]  大家都知道三月
[00:10:46.000 --> 00:10:47.000]  不知道是幾號
[00:10:47.000 --> 00:10:48.000]  31號
[00:10:48.000 --> 00:10:51.000]  大陸都已經禁了網
[00:10:51.000 --> 00:10:52.000]  所謂
[00:10:52.000 --> 00:10:54.000]  在宗教上面
[00:10:54.000 --> 00:10:57.000]  但是我覺得其實要建立一個健康的文化
[00:10:57.000 --> 00:10:58.000]  就很重要
[00:10:58.000 --> 00:10:59.000]  在網路上
[00:10:59.000 --> 00:11:01.000]  其實大家在過往
[00:11:01.000 --> 00:11:03.000]  或者到這個為止
[00:11:03.000 --> 00:11:04.000]  你有什麼看法呢
[00:11:04.000 --> 00:11:06.000]  在網上的一種討論
[00:11:06.000 --> 00:11:09.000]  無論是文化風氣
[00:11:09.000 --> 00:11:10.000]  或者你的體會
[00:11:10.000 --> 00:11:11.000]  是怎樣呢
[00:11:11.000 --> 00:11:13.000]  大家又說說吧
[00:11:13.000 --> 00:11:15.000]  我講一點點
[00:11:15.000 --> 00:11:17.000]  拋磚引玉
[00:11:17.000 --> 00:11:21.000]  阿礦牧你和我在網上都有一些內容
[00:11:21.000 --> 00:11:25.000]  包括我想Gordon Wong和Tony都有
[00:11:25.000 --> 00:11:28.000]  有時候你都會收到一些留言
[00:11:28.000 --> 00:11:30.000]  你都會收到一些評論
[00:11:30.000 --> 00:11:34.000]  我的習慣就是
[00:11:34.000 --> 00:11:35.000]  我是open的
[00:11:35.000 --> 00:11:37.000]  他罵我都可以
[00:11:37.000 --> 00:11:40.000]  你可以給不同的意見
[00:11:40.000 --> 00:11:41.000]  我是會聽
[00:11:41.000 --> 00:11:44.000]  但是有時候當然我覺得
[00:11:44.000 --> 00:11:47.000]  如果大家是弟兄姊妹
[00:11:47.000 --> 00:11:52.000]  我覺得應該有一個基督教的倫理
[00:11:52.000 --> 00:11:54.000]  不要人身攻擊等等
[00:11:54.000 --> 00:11:58.000]  分享意見是絕對沒有問題的
[00:11:58.000 --> 00:12:01.000]  你們讀書的都知道
[00:12:01.000 --> 00:12:02.000]  有book review
[00:12:02.000 --> 00:12:03.000]  有preview
[00:12:03.000 --> 00:12:06.000]  大家可以給意見
[00:12:06.000 --> 00:12:09.000]  我覺得這個網路上的文化
[00:12:09.000 --> 00:12:11.000]  好像礦牧你這樣說
[00:12:11.000 --> 00:12:14.000]  都是需要去重視的
[00:12:14.000 --> 00:12:17.000]  不只是freedom of speech這麼簡單
[00:12:17.000 --> 00:12:19.000]  到底我們怎樣發言的時候
[00:12:19.000 --> 00:12:20.000]  是能夠造就到人
[00:12:20.000 --> 00:12:28.000]  另外我也留意到在網路當中的討論
[00:12:28.000 --> 00:12:30.000]  當然正如大家所說
[00:12:30.000 --> 00:12:34.000]  每一個人都可以有意見表達出來
[00:12:34.000 --> 00:12:35.000]  我覺得沒有問題
[00:12:35.000 --> 00:12:39.000]  就算是兩個人是相反的意見
[00:12:39.000 --> 00:12:41.000]  而去表達出他們的看法
[00:12:41.000 --> 00:12:42.000]  都沒有問題
[00:12:42.000 --> 00:12:46.000]  但我就留意到可能因為網路上的設計
[00:12:46.000 --> 00:12:49.000]  各方面變成和我們一般聊天很不同
[00:12:49.000 --> 00:12:50.000]  譬如我和你聊天的時候
[00:12:50.000 --> 00:12:52.000]  我就可以詳細分析告訴你
[00:12:52.000 --> 00:12:53.000]  我怎樣看
[00:12:53.000 --> 00:12:54.000]  或者我不是怎樣看
[00:12:54.000 --> 00:12:59.000]  但變成有時候因為網路的載具問題
[00:12:59.000 --> 00:13:03.000]  有時候那些回應一來變短
[00:13:03.000 --> 00:13:07.000]  二來可能就令人產生一種誤解
[00:13:07.000 --> 00:13:10.000]  變成說了一句就走了
[00:13:10.000 --> 00:13:12.000]  其實就不是很清楚你想說什麼
[00:13:12.000 --> 00:13:14.000]  又或者因為他想說一句話的時候
[00:13:14.000 --> 00:13:17.000]  你就會很不清楚他想說什麼
[00:13:17.000 --> 00:13:24.000]  這個就好像缺少了比較系統的去說自己的觀點
[00:13:24.000 --> 00:13:25.000]  這是一件事
[00:13:25.000 --> 00:13:27.000]  另外一件事我也觀察到
[00:13:27.000 --> 00:13:30.000]  我想剛才Mark Sir也引到出來
[00:13:30.000 --> 00:13:32.000]  我會在一種英文叫Courteous
[00:13:32.000 --> 00:13:34.000]  就是在網路上的一種禮貌
[00:13:34.000 --> 00:13:37.000]  以及在網路上怎樣去表達
[00:13:37.000 --> 00:13:41.000]  我想這件事我也留意到在網路文化當中
[00:13:41.000 --> 00:13:43.000]  怎樣說呢
[00:13:43.000 --> 00:13:47.000]  我會覺得大家不知道是不是因為網路
[00:13:47.000 --> 00:13:49.000]  你可以用一個秘密身份
[00:13:49.000 --> 00:13:51.000]  變成你可以說很多東西
[00:13:51.000 --> 00:13:52.000]  但因為你不需要負責任
[00:13:52.000 --> 00:13:53.000]  也可以說很多東西的時候
[00:13:53.000 --> 00:13:54.000]  其實一些說話
[00:13:54.000 --> 00:13:55.000]  你自己看完就是
[00:13:55.000 --> 00:13:57.000]  如果我真的掛著真面目出來
[00:13:57.000 --> 00:13:58.000]  你會不會說呢
[00:13:58.000 --> 00:14:00.000]  有時候我自己看完這些
[00:14:00.000 --> 00:14:02.000]  未必是別人留言給我的
[00:14:02.000 --> 00:14:03.000]  我看別人留言給別人的時候
[00:14:03.000 --> 00:14:05.000]  這個在我心底裡有時候會覺得
[00:14:05.000 --> 00:14:10.000]  你會不會願意為你所說的話負上一個文責呢
[00:14:10.000 --> 00:14:12.000]  這個我自己看到
[00:14:12.000 --> 00:14:17.000]  我想Tony一針見血指出了這個問題
[00:14:17.000 --> 00:14:20.000]  在網路上因為不用出名
[00:14:20.000 --> 00:14:24.000]  所以看到有很多近乎是盧文式的行為
[00:14:24.000 --> 00:14:27.000]  即使在基督教的某些網站裡也是
[00:14:27.000 --> 00:14:30.000]  有些人說話就是沒有理由的
[00:14:30.000 --> 00:14:33.000]  他要說就說
[00:14:33.000 --> 00:14:35.000]  說了之後又不負責任又不解釋
[00:14:35.000 --> 00:14:37.000]  因為他不用出面
[00:14:37.000 --> 00:14:39.000]  還有這種文化
[00:14:39.000 --> 00:14:41.000]  我不想說名字
[00:14:41.000 --> 00:14:44.000]  我覺得在基督教裡面其實是很早出現的
[00:14:44.000 --> 00:14:48.000]  在近二十年香港某幾個機構
[00:14:48.000 --> 00:14:50.000]  所謂基督教機構
[00:14:50.000 --> 00:14:51.000]  搞一些東西的時候
[00:14:51.000 --> 00:14:56.000]  當他們被人懷疑他們做事的誠信那些
[00:14:56.000 --> 00:15:00.000]  就有一班不知道什麼的打手出來護航
[00:15:00.000 --> 00:15:04.000]  這個是一個非常危險的事情
[00:15:04.000 --> 00:15:11.000]  可能這個背後也是受到大環境影響
[00:15:11.000 --> 00:15:13.000]  為什麼有基督教流氓呢
[00:15:13.000 --> 00:15:15.000]  因為有其他網路流氓
[00:15:15.000 --> 00:15:19.000]  這種方式滲透了
[00:15:19.000 --> 00:15:22.000]  教會界其實就是一個小社會
[00:15:22.000 --> 00:15:24.000]  我猜也是這樣
[00:15:24.000 --> 00:15:27.000]  我自己也收到很多不同的留言
[00:15:27.000 --> 00:15:29.000]  自從做YouTube之後
[00:15:29.000 --> 00:15:31.000]  我就剷了它
[00:15:31.000 --> 00:15:36.000]  也算是有個自由
[00:15:36.000 --> 00:15:38.000]  你可以剷掉它
[00:15:38.000 --> 00:15:39.000]  或者封鎖了那個人
[00:15:39.000 --> 00:15:40.000]  其實我的準則就是
[00:15:40.000 --> 00:15:42.000]  你說的話有沒有道理
[00:15:42.000 --> 00:15:44.000]  不是說你不能說
[00:15:44.000 --> 00:15:48.000]  我看到兩位幾位都是很有胸襟
[00:15:48.000 --> 00:15:51.000]  罵我都沒有問題
[00:15:51.000 --> 00:15:53.000]  不過他有沒有道理
[00:15:53.000 --> 00:15:54.000]  我就說道理
[00:15:54.000 --> 00:15:56.000]  有道理我就改
[00:15:56.000 --> 00:15:58.000]  或者檢視
[00:15:58.000 --> 00:16:01.000]  那種禮貌尤其是差的
[00:16:01.000 --> 00:16:05.000]  因為匿名或者說話不負責任
[00:16:05.000 --> 00:16:06.000]  甚至有些異端
[00:16:06.000 --> 00:16:07.000]  還有一件事我想說
[00:16:07.000 --> 00:16:09.000]  有些異端留言
[00:16:09.000 --> 00:16:11.000]  有些hidden agenda
[00:16:11.000 --> 00:16:13.000]  那些我發現了
[00:16:13.000 --> 00:16:16.000]  我都會封鎖的
[00:16:16.000 --> 00:16:18.000]  這個我跟你也是一樣
[00:16:18.000 --> 00:16:21.000]  我也發現有些異端是想做其他事的
[00:16:21.000 --> 00:16:23.000]  當然那些一定要剷
[00:16:23.000 --> 00:16:25.000]  是啊
[00:16:25.000 --> 00:16:27.000]  有時候我發現了一件事
[00:16:27.000 --> 00:16:30.000]  看別人留言給我也好
[00:16:30.000 --> 00:16:32.000]  或者這些留言當中
[00:16:32.000 --> 00:16:35.000]  我也留意到一個現象
[00:16:35.000 --> 00:16:38.000]  就是很多時候有些留言
[00:16:38.000 --> 00:16:39.000]  我也說了
[00:16:39.000 --> 00:16:41.000]  討論大家觀點不同是沒有問題
[00:16:41.000 --> 00:16:43.000]  但是有時候你會發現
[00:16:43.000 --> 00:16:44.000]  其實你會問一個問題
[00:16:44.000 --> 00:16:46.000]  究竟是持什麼事實
[00:16:46.000 --> 00:16:49.000]  什麼事實去做討論
[00:16:49.000 --> 00:16:52.000]  有些討論
[00:16:52.000 --> 00:16:54.000]  甚至有時候看某些的
[00:16:54.000 --> 00:16:55.000]  怎麼說
[00:16:55.000 --> 00:16:56.000]  一些的post
[00:16:56.000 --> 00:16:58.000]  你就會突然間有些
[00:16:58.000 --> 00:17:00.000]  退一步去問究竟
[00:17:00.000 --> 00:17:02.000]  究竟這個是不是fake news
[00:17:02.000 --> 00:17:05.000]  或者是說的話
[00:17:05.000 --> 00:17:06.000]  有時候看的時候
[00:17:06.000 --> 00:17:08.000]  你報導一件事
[00:17:08.000 --> 00:17:12.000]  你有沒有去很清楚地知道這件事情
[00:17:12.000 --> 00:17:14.000]  又或者是
[00:17:14.000 --> 00:17:15.000]  有一種我留意到的
[00:17:15.000 --> 00:17:17.000]  就是一種叫爆
[00:17:17.000 --> 00:17:19.000]  好像在爆別人的私隱的
[00:17:19.000 --> 00:17:23.000]  某一些的報導式的言論
[00:17:23.000 --> 00:17:25.000]  有時候在網絡我也看到
[00:17:25.000 --> 00:17:27.000]  有時候我也會退一步
[00:17:27.000 --> 00:17:28.000]  除非你自己能夠肯定
[00:17:28.000 --> 00:17:29.000]  你想說的話
[00:17:29.000 --> 00:17:30.000]  就好像水門事件
[00:17:30.000 --> 00:17:32.000]  這麼真實又這麼震撼
[00:17:32.000 --> 00:17:33.000]  否則的話
[00:17:33.000 --> 00:17:35.000]  你自己要留意小心一點說
[00:17:35.000 --> 00:17:36.000]  因為這些有時候
[00:17:36.000 --> 00:17:38.000]  我在網絡上也會看到
[00:17:38.000 --> 00:17:41.000]  有時候我也會問
[00:17:41.000 --> 00:17:46.000]  可能很多人都很想做水門事件的記者
[00:17:46.000 --> 00:17:47.000]  但是你要知道
[00:17:47.000 --> 00:17:49.000]  你拿著那份東西
[00:17:49.000 --> 00:17:51.000]  是不是真的這麼厲害
[00:17:51.000 --> 00:17:53.000]  這個我有時候也會問的
[00:17:53.000 --> 00:17:56.000]  我可以說
[00:17:56.000 --> 00:17:58.000]  這件事就是近來激動我
[00:17:58.000 --> 00:17:59.000]  我彈起的事情
[00:17:59.000 --> 00:18:01.000]  說疫苗那些
[00:18:01.000 --> 00:18:03.000]  如果你有看我facebook的
[00:18:03.000 --> 00:18:05.000]  你會看到我很忙的
[00:18:05.000 --> 00:18:07.000]  要駁那些
[00:18:07.000 --> 00:18:11.000]  拿那份報告出來亂寫那些
[00:18:11.000 --> 00:18:13.000]  你是醫生
[00:18:13.000 --> 00:18:15.000]  你是醫生你可以說得到的
[00:18:15.000 --> 00:18:21.000]  有些什麼可以多說一點
[00:18:21.000 --> 00:18:23.000]  讓大家知道
[00:18:23.000 --> 00:18:25.000]  找醫生說說而已
[00:18:25.000 --> 00:18:27.000]  找醫生說說
[00:18:27.000 --> 00:18:29.000]  有一份報告
[00:18:29.000 --> 00:18:30.000]  英國出了一份報告
[00:18:30.000 --> 00:18:32.000]  說疫苗怎麼樣影響免疫系統
[00:18:32.000 --> 00:18:35.000]  他錯誤地說了一句
[00:18:35.000 --> 00:18:36.000]  段宗翠說了一句
[00:18:36.000 --> 00:18:38.000]  剛剛這兩天又有一份說
[00:18:38.000 --> 00:18:39.000]  拿了美國的輝瑞
[00:18:39.000 --> 00:18:40.000]  有一個報告又說
[00:18:40.000 --> 00:18:42.000]  有些什麼厲害的副作用
[00:18:42.000 --> 00:18:44.000]  其實那份報告也不是這麼說的
[00:18:44.000 --> 00:18:47.000]  我覺得你有什麼立場都不要緊
[00:18:47.000 --> 00:18:51.000]  醫生其實很著重的
[00:18:51.000 --> 00:18:52.000]  就是病人自決
[00:18:52.000 --> 00:18:54.000]  所以你喜不喜歡打針
[00:18:54.000 --> 00:18:55.000]  那些沒問題的
[00:18:55.000 --> 00:18:57.000]  因為起碼在北美
[00:18:57.000 --> 00:19:00.000]  說病人自決是很重要的
[00:19:00.000 --> 00:19:01.000]  醫生不可以監病人做事
[00:19:01.000 --> 00:19:03.000]  但是你不可以拿那些
[00:19:03.000 --> 00:19:05.000]  那份報告明明不是這麼說的
[00:19:05.000 --> 00:19:07.000]  你不可以硬要冤枉的
[00:19:07.000 --> 00:19:09.000]  我經常都覺得
[00:19:09.000 --> 00:19:12.000]  我尊重每一個人的立場
[00:19:12.000 --> 00:19:15.000]  無論你相信什麼都好
[00:19:15.000 --> 00:19:17.000]  或者你接受哪一個理論都好
[00:19:17.000 --> 00:19:20.000]  只要你不要硬要亂來
[00:19:20.000 --> 00:19:22.000]  你講開一點
[00:19:22.000 --> 00:19:24.000]  Dr. Gordon
[00:19:24.000 --> 00:19:25.000]  我那時候想過
[00:19:25.000 --> 00:19:27.000]  疫苗有一個很大的爭論的時候
[00:19:27.000 --> 00:19:29.000]  我想過叫你來我教會那裡
[00:19:29.000 --> 00:19:30.000]  講一下講座
[00:19:30.000 --> 00:19:34.000]  評析一下一些混亂的意見
[00:19:34.000 --> 00:19:37.000]  那就主意現在就沒事了
[00:19:37.000 --> 00:19:40.000]  還有另外一件事
[00:19:40.000 --> 00:19:41.000]  我剛才留意網路文化
[00:19:41.000 --> 00:19:43.000]  我不知道大家有沒有留意
[00:19:43.000 --> 00:19:45.000]  我留意到一件事
[00:19:45.000 --> 00:19:48.000]  其實在這段日子的時候
[00:19:48.000 --> 00:19:50.000]  我們都有些網路
[00:19:50.000 --> 00:19:53.000]  突然間靜了
[00:19:53.000 --> 00:19:59.000]  我想尤其是在廣東話的網站
[00:19:59.000 --> 00:20:01.000]  我不講其他語文
[00:20:01.000 --> 00:20:02.000]  廣東話我們比較熟一點
[00:20:02.000 --> 00:20:03.000]  我也明白
[00:20:03.000 --> 00:20:06.000]  因為可能對某些網站
[00:20:06.000 --> 00:20:07.000]  或者有些情況
[00:20:07.000 --> 00:20:08.000]  其實都很大壓力
[00:20:08.000 --> 00:20:10.000]  所以變成我留意到
[00:20:10.000 --> 00:20:14.000]  以前有些網站是很活躍的
[00:20:14.000 --> 00:20:19.000]  或者一些言論是平時以前見到的
[00:20:19.000 --> 00:20:24.000]  但近兩年就好像消聲匿跡
[00:20:24.000 --> 00:20:25.000]  或者是沒有了聲音
[00:20:25.000 --> 00:20:26.000]  我會看到
[00:20:26.000 --> 00:20:31.000]  這個也是很明顯
[00:20:31.000 --> 00:20:34.000]  是有一個政治的影響
[00:20:34.000 --> 00:20:36.000]  我也會覺得
[00:20:36.000 --> 00:20:38.000]  雖然我自己搞這個頻道
[00:20:38.000 --> 00:20:40.000]  不傾向講太多這些
[00:20:40.000 --> 00:20:43.000]  也很容易被人標籤了
[00:20:43.000 --> 00:20:44.000]  我也要小心
[00:20:44.000 --> 00:20:47.000]  但是有些是事實
[00:20:47.000 --> 00:20:51.000]  很明顯這兩年是因為某些原因
[00:20:51.000 --> 00:20:54.000]  很多人會自我審查
[00:20:54.000 --> 00:20:56.000]  或者暫時不發聲
[00:20:56.000 --> 00:21:00.000]  所以百川一完結
[00:21:00.000 --> 00:21:02.000]  很多人都會覺得
[00:21:02.000 --> 00:21:04.000]  連百川都沒有了
[00:21:04.000 --> 00:21:06.000]  這是一個很可惜的事
[00:21:06.000 --> 00:21:10.000]  其實在網上文化
[00:21:10.000 --> 00:21:14.000]  空間可能在某些地區
[00:21:14.000 --> 00:21:16.000]  已經少了
[00:21:16.000 --> 00:21:20.000]  而且人們又沒有禮貌
[00:21:20.000 --> 00:21:23.000]  一種風氣就是亂說話
[00:21:23.000 --> 00:21:25.000]  而且很容易相信假新聞
[00:21:25.000 --> 00:21:28.000]  尤其是令人氣憤的基督徒
[00:21:28.000 --> 00:21:29.000]  我想你們北美也很多
[00:21:29.000 --> 00:21:31.000]  我們澳洲也是
[00:21:31.000 --> 00:21:32.000]  基督徒領袖
[00:21:32.000 --> 00:21:34.000]  是的
[00:21:34.000 --> 00:21:36.000]  領袖才會令人氣憤
[00:21:36.000 --> 00:21:39.000]  又相信假新聞又傳假新聞
[00:21:39.000 --> 00:21:42.000]  沒有分析任何東西
[00:21:42.000 --> 00:21:44.000]  令我們都覺得很困難
[00:21:44.000 --> 00:21:46.000]  所以我想醞釀
[00:21:46.000 --> 00:21:48.000]  回到主題
[00:21:48.000 --> 00:21:50.000]  百川結束了
[00:21:50.000 --> 00:21:52.000]  但是我們醞釀到現在
[00:21:52.000 --> 00:21:54.000]  去做港通之谷
[00:21:54.000 --> 00:21:56.000]  可能真的有一個需要
[00:21:56.000 --> 00:21:58.000]  或者我們有些
[00:21:58.000 --> 00:22:00.000]  可不可以說抱負
[00:22:00.000 --> 00:22:02.000]  哈哈哈哈 這樣啦

