
[00:00:00.000 --> 00:00:02.000]  各位主媒好
[00:00:02.000 --> 00:00:04.600]  很鼓勵大家如果有時間的話
[00:00:04.600 --> 00:00:06.600]  可以參加7月3日
[00:00:06.600 --> 00:00:11.080]  講到這裡先講一下學院的需要
[00:00:11.080 --> 00:00:13.080]  請你們為我們祈禱
[00:00:13.080 --> 00:00:16.920]  在疫情裡面我們最大需要的是修生
[00:00:16.920 --> 00:00:18.920]  就是我需要你們
[00:00:18.920 --> 00:00:25.320]  考慮接受神的話語的裝備
[00:00:25.320 --> 00:00:28.600]  也有今天信息想跟大家分享
[00:00:28.600 --> 00:00:30.600]  也為我們祈禱
[00:00:30.600 --> 00:00:35.440]  我們圖書館的管理員
[00:00:35.440 --> 00:00:37.840]  原本有五個
[00:00:37.840 --> 00:00:39.840]  那五個全部都離職
[00:00:39.840 --> 00:00:43.160]  現在只剩下兩個人
[00:00:43.160 --> 00:00:45.920]  所以要聘請圖書館
[00:00:45.920 --> 00:00:47.920]  IT人也離職
[00:00:47.920 --> 00:00:49.920]  移民
[00:00:49.920 --> 00:00:52.720]  所以我們的Moodle也下架了
[00:00:52.720 --> 00:00:54.720]  現在不知道怎麼辦
[00:00:54.720 --> 00:00:59.000]  希望大家為我們祈禱
[00:00:59.000 --> 00:01:01.000]  我們先講道知,一起低頭祈禱
[00:01:01.000 --> 00:01:03.000]  慈悲天父我們感恩
[00:01:03.000 --> 00:01:05.680]  主祢自己的話語何等寶貴
[00:01:05.680 --> 00:01:07.680]  主真是求祢賜福
[00:01:07.680 --> 00:01:09.120]  恩福神學院
[00:01:09.120 --> 00:01:12.880]  主我們真是忠心按著祢自己的使命
[00:01:12.880 --> 00:01:15.360]  來教導祢自己的話語的時候
[00:01:15.360 --> 00:01:16.560]  求祢賜福
[00:01:16.560 --> 00:01:18.920]  職長我們也賜福弟兄姊妹
[00:01:18.920 --> 00:01:22.080]  無論是平信徒還是全時間服侍的
[00:01:22.080 --> 00:01:23.640]  祢自己來紀念
[00:01:23.640 --> 00:01:26.040]  用祢自己的話語來囂觀
[00:01:26.040 --> 00:01:27.440]  慰養弟兄姊妹
[00:01:27.440 --> 00:01:32.680]  主我們慰動我們需要聘請圖書館的同工
[00:01:32.680 --> 00:01:34.680]  和IT的同工的時候
[00:01:34.680 --> 00:01:37.640]  求祢按著祢自己的時間來為我們預備
[00:01:37.640 --> 00:01:40.320]  主真是將以下時間恭敬耶和摩
[00:01:40.320 --> 00:01:43.840]  祢只是零在我們當中運行教導
[00:01:43.840 --> 00:01:45.840]  祈禱奉耶穌基督得勝的名教
[00:01:45.840 --> 00:01:47.840]  阿們
[00:01:47.840 --> 00:01:49.840]  我們經常聽到人說
[00:01:49.840 --> 00:01:51.840]  一孩不如一孩
[00:01:51.840 --> 00:01:53.280]  有沒有聽過?
[00:01:53.280 --> 00:01:55.280]  很多做老闆的覺得
[00:01:55.280 --> 00:01:57.280]  現在的人越來越不行
[00:01:57.280 --> 00:01:58.520]  年輕的那些
[00:01:58.520 --> 00:02:00.920]  究竟是阿拉斯加蟹
[00:02:00.920 --> 00:02:02.920]  花蟹還是大閘蟹呢?
[00:02:02.920 --> 00:02:06.200]  蟹真的越來越不行
[00:02:06.200 --> 00:02:08.200]  這個時候
[00:02:08.200 --> 00:02:11.200]  我再想深一層
[00:02:11.200 --> 00:02:15.040]  究竟問題是新一代
[00:02:15.040 --> 00:02:18.040]  還是上一代的問題呢?
[00:02:18.040 --> 00:02:20.040]  我們說別人不行
[00:02:20.040 --> 00:02:22.040]  那我們自己行不行呢?
[00:02:22.040 --> 00:02:24.040]  我再想深一層的時候
[00:02:24.040 --> 00:02:28.040]  其實問題不是在下一代那裡
[00:02:28.040 --> 00:02:30.040]  是在現在這一代
[00:02:30.040 --> 00:02:33.040]  因為我們沒有將重要的東西
[00:02:33.040 --> 00:02:37.040]  承傳給下一代
[00:02:37.040 --> 00:02:39.040]  這個責任
[00:02:39.040 --> 00:02:41.040]  我不知道大家同不同意
[00:02:41.040 --> 00:02:44.040]  深一層的責任在我們這一代那裡
[00:02:44.040 --> 00:02:45.040]  下一代
[00:02:45.040 --> 00:02:48.040]  每一個新的一代就好像一張白紙
[00:02:48.040 --> 00:02:50.040]  這個時候承傳的時候
[00:02:50.040 --> 00:02:54.040]  問題是我們承傳了什麼給下一代呢?
[00:02:54.040 --> 00:02:56.040]  今天想跟大家
[00:02:56.040 --> 00:03:00.040]  用《針研四章》一至九節
[00:03:00.040 --> 00:03:03.040]  三點來分析思想
[00:03:03.040 --> 00:03:05.040]  第一是父親的陀拉
[00:03:05.040 --> 00:03:07.040]  認識聰明
[00:03:07.040 --> 00:03:08.040]  這裡是說什麼呢?
[00:03:08.040 --> 00:03:11.040]  這裡是說智慧的老師
[00:03:11.040 --> 00:03:17.040]  要將智慧傳給下一代
[00:03:17.040 --> 00:03:20.040]  所以這是他的陀拉
[00:03:20.040 --> 00:03:22.040]  然後父親第二點
[00:03:22.040 --> 00:03:25.040]  他見證他的智慧是從哪裡來的呢?
[00:03:25.040 --> 00:03:27.040]  他的智慧是從他爸爸那裡來的
[00:03:27.040 --> 00:03:29.040]  所以他就說
[00:03:29.040 --> 00:03:32.040]  將我從爸爸那裡得到的智慧
[00:03:32.040 --> 00:03:34.040]  來給你了,兒子
[00:03:34.040 --> 00:03:36.040]  第三點
[00:03:36.040 --> 00:03:38.040]  智慧的開端
[00:03:38.040 --> 00:03:40.040]  他跟兒子說
[00:03:40.040 --> 00:03:42.040]  智慧的起步點是什麼呢?
[00:03:42.040 --> 00:03:45.040]  所以今天只能跟大家說起步點
[00:03:45.040 --> 00:03:47.040]  如果你認識智慧
[00:03:47.040 --> 00:03:51.040]  你就必須要來恩福神學院
[00:03:51.040 --> 00:03:55.040]  我會有很多這些植入式的廣告
[00:03:55.040 --> 00:03:57.040]  一年一次是這樣
[00:03:57.040 --> 00:03:59.040]  你要原諒我的
[00:03:59.040 --> 00:04:01.040]  開始的時候
[00:04:01.040 --> 00:04:05.040]  孩子們要聽父親的教訓
[00:04:05.040 --> 00:04:08.040]  留心學習哲理
[00:04:08.040 --> 00:04:11.040]  舊約學習神的話語是靠什麼呢?
[00:04:11.040 --> 00:04:13.040]  聽
[00:04:13.040 --> 00:04:15.040]  很多人都不懂得字
[00:04:15.040 --> 00:04:17.040]  所以他怎樣能夠得到真理呢?
[00:04:17.040 --> 00:04:21.040]  他爸爸聽了他的爸爸的話
[00:04:21.040 --> 00:04:24.040]  就記住了
[00:04:24.040 --> 00:04:27.040]  就跟他的子女說了
[00:04:27.040 --> 00:04:30.040]  那父親是誰呢?
[00:04:30.040 --> 00:04:33.040]  《針研》的作者是誰呢?
[00:04:33.040 --> 00:04:35.040]  是所羅門
[00:04:35.040 --> 00:04:37.040]  所羅門的父親是誰呢?
[00:04:37.040 --> 00:04:39.040]  是大衛
[00:04:39.040 --> 00:04:45.040]  所羅門將他在大衛身上學到的神的話語
[00:04:45.040 --> 00:04:49.040]  轉移給他的兒子
[00:04:49.040 --> 00:04:54.040]  這也是我們世世代代的意思
[00:04:54.040 --> 00:04:56.040]  他也說留心
[00:04:56.040 --> 00:04:59.040]  留心原文是特別小心
[00:04:59.040 --> 00:05:01.040]  很強調
[00:05:01.040 --> 00:05:03.040]  後來我們看了什麼叫留心
[00:05:03.040 --> 00:05:06.040]  用心來學習
[00:05:06.040 --> 00:05:09.040]  最寶貴人生的功課
[00:05:09.040 --> 00:05:12.040]  是要用心來學習的
[00:05:12.040 --> 00:05:14.040]  然後他說什麼呢?
[00:05:14.040 --> 00:05:18.040]  他說學習哲理
[00:05:18.040 --> 00:05:21.040]  其實原文學習不是學習
[00:05:21.040 --> 00:05:24.040]  原文是認識
[00:05:24.040 --> 00:05:27.040]  認識是什麼呢?
[00:05:27.040 --> 00:05:32.040]  認識不是單是頭腦知識
[00:05:32.040 --> 00:05:33.040]  那個認識
[00:05:33.040 --> 00:05:36.040]  當然認識有不同的層次
[00:05:36.040 --> 00:05:39.040]  這裡想解釋什麼叫哲理
[00:05:39.040 --> 00:05:42.040]  哲理原文就是辯那
[00:05:42.040 --> 00:05:47.040]  辯那就是我們學智慧書必須認識的字
[00:05:47.040 --> 00:05:52.040]  辯那就是一個更深層對事物的認識
[00:05:52.040 --> 00:05:55.040]  所以我們看的東西不是只是表面
[00:05:55.040 --> 00:05:56.040]  一個故事就是
[00:05:56.040 --> 00:05:58.040]  我早年去紐約的時候
[00:05:58.040 --> 00:06:01.040]  年輕就怎樣去唐人街
[00:06:01.040 --> 00:06:03.040]  我叔叔在紐約住
[00:06:03.040 --> 00:06:05.040]  他說你自己出去走
[00:06:05.040 --> 00:06:07.040]  我去唐人街走的時候
[00:06:07.040 --> 00:06:09.040]  看到街上有賭檔
[00:06:09.040 --> 00:06:12.040]  賭的那些我不知道叫什麼名字
[00:06:12.040 --> 00:06:13.040]  蓋著一顆骰子
[00:06:13.040 --> 00:06:17.040]  然後猜猜是三顆骰子
[00:06:17.040 --> 00:06:18.040]  三個杯蓋著一些東西
[00:06:18.040 --> 00:06:20.040]  然後猜猜是誰
[00:06:20.040 --> 00:06:23.040]  其實是手快還是眼快
[00:06:23.040 --> 00:06:25.040]  我年輕嘛
[00:06:25.040 --> 00:06:27.040]  我站在這裡半個小時
[00:06:27.040 --> 00:06:29.040]  我每一局都中
[00:06:29.040 --> 00:06:32.040]  我不是說笑
[00:06:32.040 --> 00:06:33.040]  我每一局都中
[00:06:33.040 --> 00:06:34.040]  我不明白
[00:06:34.040 --> 00:06:36.040]  我是基督徒當然不會下注
[00:06:36.040 --> 00:06:38.040]  我不明白
[00:06:38.040 --> 00:06:39.040]  我回去問我叔叔
[00:06:39.040 --> 00:06:41.040]  怎麼會呢
[00:06:41.040 --> 00:06:43.040]  如果我真的下注
[00:06:43.040 --> 00:06:44.040]  我看到那些鑰匙
[00:06:44.040 --> 00:06:46.040]  二十多年前
[00:06:46.040 --> 00:06:48.040]  二十元一百元美金下注
[00:06:48.040 --> 00:06:51.040]  我賭一局拿一百元走也不錯
[00:06:51.040 --> 00:06:52.040]  想想
[00:06:52.040 --> 00:06:54.040]  我問叔叔
[00:06:54.040 --> 00:06:55.040]  為什麼會這樣虧本生意
[00:06:55.040 --> 00:06:57.040]  當然有些人比他快
[00:06:57.040 --> 00:06:59.040]  我叔叔說
[00:06:59.040 --> 00:07:01.040]  你不明白
[00:07:01.040 --> 00:07:02.040]  你轉角的時候
[00:07:02.040 --> 00:07:03.040]  你就給他
[00:07:03.040 --> 00:07:05.040]  還要給他質量除
[00:07:05.040 --> 00:07:09.040]  變了
[00:07:09.040 --> 00:07:11.040]  有時候我們不明白
[00:07:11.040 --> 00:07:14.040]  對人性的了解
[00:07:14.040 --> 00:07:16.040]  是不足夠的
[00:07:16.040 --> 00:07:18.040]  不單是對人性
[00:07:18.040 --> 00:07:20.040]  對神的話語
[00:07:20.040 --> 00:07:23.040]  我們都是很表面的認識
[00:07:23.040 --> 00:07:25.040]  我們的生命就是這樣
[00:07:25.040 --> 00:07:27.040]  這裡想引一節經文
[00:07:27.040 --> 00:07:30.040]  你都可以解釋什麼叫變
[00:07:30.040 --> 00:07:32.040]  這裡大家不太熟悉
[00:07:32.040 --> 00:07:34.040]  舊約歷代至上
[00:07:34.040 --> 00:07:35.040]  就是什麼呢
[00:07:35.040 --> 00:07:37.040]  所有人都知道
[00:07:37.040 --> 00:07:39.040]  素羅要沒落
[00:07:39.040 --> 00:07:42.040]  究竟是不是應該轉方向
[00:07:42.040 --> 00:07:46.040]  由支持素羅改為支持大衛呢
[00:07:46.040 --> 00:07:48.040]  這節經文這樣說
[00:07:48.040 --> 00:07:50.040]  以撒加之派的子孫裡
[00:07:50.040 --> 00:07:52.040]  這裡有句話很有趣
[00:07:52.040 --> 00:07:54.040]  叫通曉時勢
[00:07:54.040 --> 00:07:56.040]  通曉時勢是什麼呢
[00:07:56.040 --> 00:08:02.040]  就是knower of bina of time
[00:08:02.040 --> 00:08:06.040]  認識時間的bina
[00:08:06.040 --> 00:08:08.040]  就叫通曉時勢
[00:08:08.040 --> 00:08:10.040]  那是什麼意思呢
[00:08:10.040 --> 00:08:12.040]  我們知道
[00:08:12.040 --> 00:08:15.040]  我們今天這個時勢裡
[00:08:15.040 --> 00:08:17.040]  應該做什麼
[00:08:17.040 --> 00:08:18.040]  很多人說
[00:08:18.040 --> 00:08:19.040]  究竟應不應該移民呢
[00:08:19.040 --> 00:08:21.040]  應該做什麼
[00:08:21.040 --> 00:08:23.040]  通曉時勢就是這個意思
[00:08:23.040 --> 00:08:25.040]  我們要明白
[00:08:25.040 --> 00:08:29.040]  神在這個世代裡在做什麼
[00:08:29.040 --> 00:08:31.040]  神的bina
[00:08:31.040 --> 00:08:33.040]  事物背後的原因
[00:08:33.040 --> 00:08:37.040]  和知道以色列當怎樣行
[00:08:37.040 --> 00:08:42.040]  如果我們通達知道這個時勢
[00:08:42.040 --> 00:08:44.040]  知道神在做什麼
[00:08:44.040 --> 00:08:48.040]  我們就能夠按著神要我們做的去回應
[00:08:48.040 --> 00:08:51.040]  不過有二百個首領
[00:08:51.040 --> 00:08:54.040]  聽從命令轉態
[00:08:54.040 --> 00:08:56.040]  其實不多
[00:08:56.040 --> 00:08:58.040]  能夠認識時勢
[00:08:58.040 --> 00:09:01.040]  而按著時勢來回應是少的
[00:09:01.040 --> 00:09:03.040]  第二節說
[00:09:03.040 --> 00:09:05.040]  因為我授予你們的
[00:09:05.040 --> 00:09:07.040]  授予就是I give
[00:09:07.040 --> 00:09:09.040]  出現了百萬次的字
[00:09:09.040 --> 00:09:11.040]  是美好的學問
[00:09:11.040 --> 00:09:14.040]  美好的學問就是有學問
[00:09:14.040 --> 00:09:17.040]  學問這個字是什麼意思呢
[00:09:17.040 --> 00:09:20.040]  學問這個字出現了九次
[00:09:20.040 --> 00:09:22.040]  整個聖經
[00:09:22.040 --> 00:09:24.040]  真言出現了七次
[00:09:24.040 --> 00:09:26.040]  原來學問這個字
[00:09:26.040 --> 00:09:27.040]  除了學問之外
[00:09:27.040 --> 00:09:29.040]  還有第二個可以解釋
[00:09:29.040 --> 00:09:32.040]  就是說服力
[00:09:32.040 --> 00:09:34.040]  很有意思
[00:09:34.040 --> 00:09:36.040]  你怎樣能夠教人
[00:09:36.040 --> 00:09:38.040]  人家服不服你
[00:09:38.040 --> 00:09:40.040]  你能否說服人家
[00:09:40.040 --> 00:09:41.040]  你能說服人家
[00:09:41.040 --> 00:09:43.040]  你就能教他
[00:09:43.040 --> 00:09:46.040]  所以這裡就引了一節
[00:09:46.040 --> 00:09:49.040]  這個就是新譯本
[00:09:49.040 --> 00:09:51.040]  十六章二十三節
[00:09:51.040 --> 00:09:54.040]  他說只要人的心教導自己的口
[00:09:54.040 --> 00:09:59.040]  使自己口中的話增加說服力
[00:09:59.040 --> 00:10:01.040]  和學本是說什麼
[00:10:01.040 --> 00:10:03.040]  增長學問
[00:10:03.040 --> 00:10:04.040]  看不看到
[00:10:04.040 --> 00:10:07.040]  說服力和學問是同一樣東西
[00:10:07.040 --> 00:10:10.040]  這時候那是什麼意思呢
[00:10:10.040 --> 00:10:16.040]  原來美好的學問
[00:10:16.040 --> 00:10:18.040]  好的說服力
[00:10:18.040 --> 00:10:24.040]  能夠幫助人認識真理
[00:10:24.040 --> 00:10:26.040]  在教導上
[00:10:26.040 --> 00:10:29.040]  他說我的分魁
[00:10:29.040 --> 00:10:31.040]  第二件事要明白
[00:10:31.040 --> 00:10:34.040]  我的分魁語文是什麼
[00:10:34.040 --> 00:10:36.040]  Torah
[00:10:36.040 --> 00:10:38.040]  Torah有沒有聽過
[00:10:38.040 --> 00:10:41.040]  舊日叫摩西五經叫Torah
[00:10:41.040 --> 00:10:43.040]  其實分魁是最好的
[00:10:43.040 --> 00:10:46.040]  Torah不是一些硬的律法
[00:10:46.040 --> 00:10:48.040]  Torah是什麼
[00:10:48.040 --> 00:10:50.040]  是生命的分魁
[00:10:50.040 --> 00:10:53.040]  一些學問是可以轉化生命的
[00:10:53.040 --> 00:10:57.040]  當我去研究這節經文的時候
[00:10:57.040 --> 00:10:59.040]  我有一點震撼
[00:10:59.040 --> 00:11:01.040]  我的分魁
[00:11:01.040 --> 00:11:03.040]  你知道我的分魁是怎樣嗎
[00:11:03.040 --> 00:11:05.040]  原來整個聖經
[00:11:05.040 --> 00:11:07.040]  在針研出現三次
[00:11:07.040 --> 00:11:10.040]  其餘的我是誰
[00:11:10.040 --> 00:11:12.040]  耶和華
[00:11:12.040 --> 00:11:16.040]  摩西從來沒有叫耶和華的Torah
[00:11:16.040 --> 00:11:18.040]  做我的Torah
[00:11:18.040 --> 00:11:20.040]  整個聖經只有三次
[00:11:20.040 --> 00:11:22.040]  出現了一百萬次Torah
[00:11:22.040 --> 00:11:25.040]  只有三次是我的Torah
[00:11:25.040 --> 00:11:27.040]  我看到這裏的時候很震撼
[00:11:27.040 --> 00:11:28.040]  那是什麼意思呢
[00:11:28.040 --> 00:11:31.040]  原來智慧的老師
[00:11:31.040 --> 00:11:36.040]  是讓神的說話轉化了他的生命
[00:11:36.040 --> 00:11:39.040]  是他生命的一部分
[00:11:39.040 --> 00:11:42.040]  是他的Torah
[00:11:42.040 --> 00:11:46.040]  是內在化了神的話語
[00:11:46.040 --> 00:11:49.040]  才能夠說出這句話
[00:11:49.040 --> 00:11:53.040]  才能夠說服人
[00:11:53.040 --> 00:11:56.040]  說服的說話
[00:11:56.040 --> 00:11:58.040]  在針研裏面
[00:11:58.040 --> 00:11:59.040]  很少引據的
[00:11:59.040 --> 00:12:00.040]  大家有沒有發覺
[00:12:00.040 --> 00:12:02.040]  只是給一些智慧的說話
[00:12:02.040 --> 00:12:04.040]  告訴你什麼是智慧
[00:12:04.040 --> 00:12:09.040]  在1-9章有四段引據
[00:12:09.040 --> 00:12:11.040]  四段引據很精彩
[00:12:11.040 --> 00:12:15.040]  原來四段引據都是嘗試去說服人
[00:12:15.040 --> 00:12:16.040]  就是頭兩句
[00:12:16.040 --> 00:12:18.040]  有一個結構
[00:12:18.040 --> 00:12:19.040]  不知道大家熟不熟
[00:12:19.040 --> 00:12:20.040]  第一章是怎樣呢
[00:12:20.040 --> 00:12:26.040]  惡人引誘無知少年人來犯罪
[00:12:26.040 --> 00:12:28.040]  大家一起搶
[00:12:28.040 --> 00:12:31.040]  擔保你有你的份
[00:12:31.040 --> 00:12:33.040]  最後那個可能比較熟
[00:12:33.040 --> 00:12:37.040]  第七章那個引據是說什麼呢
[00:12:37.040 --> 00:12:39.040]  淫婦
[00:12:39.040 --> 00:12:43.040]  引誘年輕人來行淫
[00:12:43.040 --> 00:12:46.040]  中間還有兩段說話
[00:12:46.040 --> 00:12:50.040]  原來我們今天看的那段經文
[00:12:50.040 --> 00:12:52.040]  四到九節
[00:12:52.040 --> 00:12:55.040]  很少會這樣引一段這麼長的經文
[00:12:55.040 --> 00:12:57.040]  來給讀者看
[00:12:57.040 --> 00:12:58.040]  就是第二段
[00:12:58.040 --> 00:13:02.040]  在四段引據裏面的第二段
[00:13:02.040 --> 00:13:04.040]  第四段引據是說什麼呢
[00:13:04.040 --> 00:13:07.040]  父親的勸說
[00:13:07.040 --> 00:13:09.040]  父親嘗試去學問
[00:13:09.040 --> 00:13:11.040]  嘗試去說服
[00:13:11.040 --> 00:13:17.040]  去說服學生或者他的兒子
[00:13:17.040 --> 00:13:19.040]  來得到智慧
[00:13:19.040 --> 00:13:22.040]  對照第三段是說什麼呢
[00:13:22.040 --> 00:13:25.040]  原來第三段在第五章裏面
[00:13:25.040 --> 00:13:28.040]  這裏是說什麼呢
[00:13:28.040 --> 00:13:33.040]  那個沒有聽到第四章
[00:13:33.040 --> 00:13:36.040]  那個智慧老師教他的東西
[00:13:36.040 --> 00:13:41.040]  接著是後悔
[00:13:41.040 --> 00:13:46.040]  是一段後悔的說話
[00:13:46.040 --> 00:13:48.040]  這裏是悲嘆
[00:13:48.040 --> 00:13:51.040]  為何我輕視責備呢
[00:13:51.040 --> 00:13:53.040]  五章十二至十四節
[00:13:53.040 --> 00:13:56.040]  這裏給我們一個很重要的啟迪
[00:13:56.040 --> 00:13:59.040]  原來在影響我們
[00:13:59.040 --> 00:14:01.040]  有兩種聲音
[00:14:01.040 --> 00:14:05.040]  一種是世界邪惡的聲音
[00:14:05.040 --> 00:14:09.040]  第二種聲音就是神的話語
[00:14:09.040 --> 00:14:13.040]  問題是究竟我們的價值觀
[00:14:13.040 --> 00:14:17.040]  是給世界的聲音
[00:14:17.040 --> 00:14:19.040]  第一段就是錢
[00:14:19.040 --> 00:14:22.040]  第二段就是情慾
[00:14:22.040 --> 00:14:23.040]  影響我們
[00:14:23.040 --> 00:14:27.040]  還是神的話語影響我們呢
[00:14:27.040 --> 00:14:31.040]  在這裏美好這個字給我一個很大的反思
[00:14:31.040 --> 00:14:34.040]  我們能夠承傳智慧
[00:14:34.040 --> 00:14:36.040]  是因為我們將好的東西
[00:14:36.040 --> 00:14:39.040]  影響了我們下一代
[00:14:39.040 --> 00:14:42.040]  為何我們失敗呢
[00:14:42.040 --> 00:14:45.040]  因為我們不好的東西
[00:14:45.040 --> 00:14:48.040]  傳了下去下一代
[00:14:48.040 --> 00:14:52.040]  好的東西就沒有傳得到
[00:14:52.040 --> 00:14:54.040]  知不知道為何
[00:14:54.040 --> 00:14:56.040]  言教和心教
[00:14:56.040 --> 00:14:58.040]  沒錯我們說了神的話語
[00:14:58.040 --> 00:15:02.040]  我們說了這些理論全部是對的
[00:15:02.040 --> 00:15:05.040]  不過我們做出來的行為
[00:15:05.040 --> 00:15:08.040]  不是跟我們說的一樣
[00:15:08.040 --> 00:15:10.040]  所以我們不能夠承傳
[00:15:10.040 --> 00:15:12.040]  我們不能夠將智慧
[00:15:12.040 --> 00:15:15.040]  不能夠將神的話語傳了
[00:15:15.040 --> 00:15:18.040]  所以不好的東西就很容易傳
[00:15:18.040 --> 00:15:20.040]  你那些自私行為
[00:15:20.040 --> 00:15:22.040]  你那些自私行為
[00:15:22.040 --> 00:15:25.040]  看到有免費的東西就不斷地罵
[00:15:25.040 --> 00:15:29.040]  然後就有些沒品缺德的行為
[00:15:29.040 --> 00:15:31.040]  基督徒也有
[00:15:31.040 --> 00:15:33.040]  小小的事情就很憤怒
[00:15:33.040 --> 00:15:36.040]  罵人
[00:15:36.040 --> 00:15:39.040]  你的家人全部都看到
[00:15:39.040 --> 00:15:41.040]  你就將你說的話
[00:15:41.040 --> 00:15:44.040]  叫做Nullify
[00:15:44.040 --> 00:15:47.040]  令到他們無效
[00:15:47.040 --> 00:15:49.040]  所以要記住
[00:15:49.040 --> 00:15:51.040]  對付下一代
[00:15:51.040 --> 00:15:54.040]  無論好的和不好的
[00:15:54.040 --> 00:15:57.040]  我們都是在影響他們的
[00:15:57.040 --> 00:16:00.040]  而他們的價值觀是從哪裡來的呢?
[00:16:00.040 --> 00:16:02.040]  就是在我們的價值觀那裡
[00:16:02.040 --> 00:16:04.040]  如果我們是向前看
[00:16:04.040 --> 00:16:07.040]  基督徒也可以向前看
[00:16:07.040 --> 00:16:09.040]  我們下一代就是向前看
[00:16:09.040 --> 00:16:11.040]  舉個例子給大家
[00:16:11.040 --> 00:16:12.040]  在美國的時候
[00:16:12.040 --> 00:16:18.040]  我認識教會裏面的青少大專導師
[00:16:18.040 --> 00:16:20.040]  很慘
[00:16:20.040 --> 00:16:25.040]  很辛苦栽培到一個年輕人要讀神學
[00:16:25.040 --> 00:16:29.040]  讀神學後家裡反面
[00:16:29.040 --> 00:16:32.040]  差不多脫離父子關係
[00:16:32.040 --> 00:16:38.040]  那父親是教會長輩
[00:16:38.040 --> 00:16:40.040]  教是一件事
[00:16:40.040 --> 00:16:41.040]  那個價值觀
[00:16:41.040 --> 00:16:44.040]  要入名校哈佛MIT那些
[00:16:44.040 --> 00:16:47.040]  要賺錢的行業
[00:16:47.040 --> 00:16:49.040]  沒有這樣去灌輸
[00:16:49.040 --> 00:16:55.040]  怎會有屬靈的果效來延伸到下一代呢?
[00:16:55.040 --> 00:17:00.040]  所以我們這一代是雙重罪行
[00:17:00.040 --> 00:17:03.040]  第一就是我們沒有將好的東西傳遞給下一代
[00:17:03.040 --> 00:17:07.040]  第二就是我們還責怪下一代
[00:17:07.040 --> 00:17:09.040]  是不是雙重罪行?
[00:17:09.040 --> 00:17:12.040]  就賴下一代的問題
[00:17:12.040 --> 00:17:14.040]  好了
[00:17:14.040 --> 00:17:16.040]  下半節說我的訓誨
[00:17:16.040 --> 00:17:18.040]  剛才說的Torah
[00:17:18.040 --> 00:17:21.040]  是你們不可離棄
[00:17:21.040 --> 00:17:23.040]  不可離棄是什麼?
[00:17:23.040 --> 00:17:28.040]  不可離棄就是你不可以離開
[00:17:28.040 --> 00:17:30.040]  轉化我的Torah
[00:17:30.040 --> 00:17:32.040]  怎樣去理解
[00:17:32.040 --> 00:17:36.040]  怎樣才能夠被神的話語轉化了
[00:17:36.040 --> 00:17:38.040]  而又影響到我們下一代呢?
[00:17:38.040 --> 00:17:40.040]  我給大家一個例子
[00:17:40.040 --> 00:17:43.040]  我在加拿大工作的時候
[00:17:43.040 --> 00:17:45.040]  我參加一個基督徒團體
[00:17:45.040 --> 00:17:47.040]  我們公司很大
[00:17:47.040 --> 00:17:50.040]  在裡面認識了一個弟兄
[00:17:50.040 --> 00:17:52.040]  弟兄已經讀完神學
[00:17:52.040 --> 00:17:54.040]  在教會裡服事
[00:17:54.040 --> 00:17:56.040]  他跟我分享
[00:17:56.040 --> 00:17:57.040]  他有一個病
[00:17:57.040 --> 00:17:59.040]  骨質疏鬆
[00:17:59.040 --> 00:18:01.040]  骨質疏鬆原來很痛
[00:18:01.040 --> 00:18:06.040]  所以他經常跪在床邊祈禱
[00:18:06.040 --> 00:18:08.040]  他一祈禱
[00:18:08.040 --> 00:18:10.040]  祈成一兩個小時
[00:18:10.040 --> 00:18:12.040]  他的弟弟那裡有兩三歲
[00:18:12.040 --> 00:18:14.040]  他跪在那裡
[00:18:14.040 --> 00:18:16.040]  原本他的弟弟說
[00:18:16.040 --> 00:18:18.040]  爸爸跟我玩
[00:18:18.040 --> 00:18:20.040]  然後看到爸爸一直這樣祈禱
[00:18:20.040 --> 00:18:22.040]  結果怎麼樣?
[00:18:22.040 --> 00:18:24.040]  他的兒子跪在他旁邊
[00:18:24.040 --> 00:18:26.040]  跟他一起祈禱
[00:18:26.040 --> 00:18:28.040]  生命轉化
[00:18:28.040 --> 00:18:32.040]  他對祈禱怎樣看重的時候
[00:18:32.040 --> 00:18:35.040]  就是這樣影響他們
[00:18:35.040 --> 00:18:38.040]  我的Torah就是這個意思
[00:18:38.040 --> 00:18:40.040]  弟妹,神的話語
[00:18:40.040 --> 00:18:42.040]  是不是你的Torah?
[00:18:42.040 --> 00:18:45.040]  恩福神學院不只是教知識
[00:18:45.040 --> 00:18:47.040]  其實
[00:18:47.040 --> 00:18:49.040]  我告訴大家
[00:18:49.040 --> 00:18:51.040]  恩福神學院每年畢業的時候
[00:18:51.040 --> 00:18:53.040]  這裡有一個Graduation Chapel
[00:18:53.040 --> 00:18:55.040]  但不讓外面的人參加
[00:18:55.040 --> 00:18:57.040]  不好意思,是下午
[00:18:57.040 --> 00:19:00.040]  每年學生就去分享
[00:19:00.040 --> 00:19:03.040]  他在這幾年神學裡
[00:19:03.040 --> 00:19:05.040]  他有什麼領受
[00:19:05.040 --> 00:19:07.040]  從來都沒有人說謝謝
[00:19:07.040 --> 00:19:09.040]  學院教他希伯來文
[00:19:09.040 --> 00:19:12.040]  知道我在說什麼嗎?
[00:19:12.040 --> 00:19:14.040]  不是知識
[00:19:14.040 --> 00:19:15.040]  不是學到多少希伯來文
[00:19:15.040 --> 00:19:17.040]  不是學到多少希臘文
[00:19:17.040 --> 00:19:19.040]  學院說什麼?
[00:19:19.040 --> 00:19:21.040]  老師的新教
[00:19:21.040 --> 00:19:24.040]  這就是我的Torah
[00:19:24.040 --> 00:19:29.040]  我的Torah是否能夠傳遞
[00:19:29.040 --> 00:19:33.040]  如果老師不能做好見證
[00:19:33.040 --> 00:19:37.040]  其實也不會教到同學
[00:19:37.040 --> 00:19:40.040]  見證是非常重要
[00:19:40.040 --> 00:19:42.040]  離棄是什麼意思呢?
[00:19:42.040 --> 00:19:46.040]  我怎樣解釋不可離棄
[00:19:46.040 --> 00:19:48.040]  《心言十九章》就告訴你
[00:19:48.040 --> 00:19:51.040]  離棄了會怎樣
[00:19:51.040 --> 00:19:56.040]  「我而你若是停止聽受管教」
[00:19:56.040 --> 00:19:58.040]  知不知道為什麼停止聽受管教
[00:19:58.040 --> 00:20:01.040]  人家說你是最難聽的東西
[00:20:01.040 --> 00:20:03.040]  教你的東西還可以聽
[00:20:03.040 --> 00:20:05.040]  你找一個年輕人十幾歲的時候
[00:20:05.040 --> 00:20:07.040]  你提醒他什麼不對的時候
[00:20:07.040 --> 00:20:08.040]  如果你找到他
[00:20:08.040 --> 00:20:09.040]  他說謝謝你
[00:20:09.040 --> 00:20:12.040]  你介紹給我認識
[00:20:12.040 --> 00:20:14.040]  不是這麼簡單的
[00:20:14.040 --> 00:20:15.040]  很難的
[00:20:15.040 --> 00:20:20.040]  所以他說停止聽受管教
[00:20:20.040 --> 00:20:24.040]  就會偏離知識的言語
[00:20:24.040 --> 00:20:26.040]  那是什麼意思呢?
[00:20:26.040 --> 00:20:29.040]  Life time learning
[00:20:29.040 --> 00:20:35.040]  神的話語是終身學習
[00:20:35.040 --> 00:20:37.040]  不可以停的
[00:20:37.040 --> 00:20:41.040]  快點上十六樓報名
[00:20:41.040 --> 00:20:43.040]  為什麼呢?
[00:20:43.040 --> 00:20:45.040]  你停了之後就會偏離
[00:20:45.040 --> 00:20:47.040]  有沒有人開過車
[00:20:47.040 --> 00:20:49.040]  你開車在直路上
[00:20:49.040 --> 00:20:51.040]  你也要扶著軚盤
[00:20:51.040 --> 00:20:52.040]  有沒有試過
[00:20:52.040 --> 00:20:53.040]  你可不可以不扶著軚盤
[00:20:53.040 --> 00:20:56.040]  不是自動駕駛那些
[00:20:56.040 --> 00:20:57.040]  不可以的
[00:20:57.040 --> 00:20:59.040]  你一定會下坡的
[00:20:59.040 --> 00:21:01.040]  下到路邊那裡
[00:21:01.040 --> 00:21:02.040]  為什麼呢?
[00:21:02.040 --> 00:21:03.040]  因為你一定要持手
[00:21:03.040 --> 00:21:08.040]  你要拿著軚盤才能走
[00:21:08.040 --> 00:21:10.040]  不過這裡有個抵觸
[00:21:10.040 --> 00:21:14.040]  「我而你若是停止聽受管教」
[00:21:14.040 --> 00:21:17.040]  其實聽是不能夠強迫的
[00:21:17.040 --> 00:21:18.040]  有沒有想過?
[00:21:18.040 --> 00:21:19.040]  剛才也說過
[00:21:19.040 --> 00:21:22.040]  你怎麼可以逼一個年輕人聽你說話
[00:21:22.040 --> 00:21:24.040]  如果你試試就知道一定不行
[00:21:24.040 --> 00:21:29.040]  我想八歲以後也不會聽你的話
[00:21:29.040 --> 00:21:31.040]  時間到之後
[00:21:31.040 --> 00:21:32.040]  你時間到不了他的時候
[00:21:32.040 --> 00:21:33.040]  他也不會聽你的話
[00:21:33.040 --> 00:21:34.040]  我們問題是
[00:21:34.040 --> 00:21:36.040]  應用我們怎樣能夠
[00:21:36.040 --> 00:21:41.040]  將我們生活化的信仰傳遞給下一代呢?
[00:21:41.040 --> 00:21:43.040]  有兩個方法
[00:21:43.040 --> 00:21:44.040]  第一就是
[00:21:44.040 --> 00:21:45.040]  他懂得聖的時候
[00:21:45.040 --> 00:21:47.040]  你跟他分享你自己的經歷
[00:21:47.040 --> 00:21:49.040]  你自己屬靈的見證
[00:21:49.040 --> 00:21:52.040]  然後就不是去教導他
[00:21:52.040 --> 00:21:54.040]  我們日常經歷到神的事
[00:21:54.040 --> 00:21:57.040]  跟你的弟弟分享
[00:21:57.040 --> 00:21:58.040]  第二就是
[00:21:58.040 --> 00:22:02.040]  鼓勵他遇到類似的問題的時候
[00:22:02.040 --> 00:22:06.040]  同樣去經歷神
[00:22:06.040 --> 00:22:09.040]  經歷禱告、經歷信心
[00:22:09.040 --> 00:22:11.040]  所以我們總結
[00:22:11.040 --> 00:22:20.040]  教弟弟或傳遞下一代
[00:22:20.040 --> 00:22:24.040]  鎖匙就在神的話語裏
[00:22:24.040 --> 00:22:25.040]  第二就是
[00:22:25.040 --> 00:22:27.040]  我們的生命的見證
[00:22:27.040 --> 00:22:30.040]  來影響我們的下一代
[00:22:30.040 --> 00:22:33.040]  第二點就是第三節
[00:22:33.040 --> 00:22:36.040]  第三節到第五節我們怎樣解讀呢?
[00:22:36.040 --> 00:22:39.040]  生命的見證
[00:22:39.040 --> 00:22:44.040]  他是引述他告訴兒子
[00:22:44.040 --> 00:22:47.040]  他怎樣得到這個智慧
[00:22:47.040 --> 00:22:48.040]  所以第三節說
[00:22:48.040 --> 00:22:53.040]  我在我的父親面前還是小孩子
[00:22:53.040 --> 00:22:59.040]  在我母親面前是獨一嬌兒的時候
[00:22:59.040 --> 00:23:03.040]  原來兒子在舊約的觀念
[00:23:03.040 --> 00:23:09.040]  不是生出來的才叫兒子
[00:23:09.040 --> 00:23:12.040]  神學上是obedience
[00:23:12.040 --> 00:23:14.040]  我們是神的兒子
[00:23:14.040 --> 00:23:16.040]  誰信服神
[00:23:16.040 --> 00:23:18.040]  那個就是神的兒子
[00:23:18.040 --> 00:23:20.040]  舊約的教導也是一樣
[00:23:20.040 --> 00:23:21.040]  所以他說
[00:23:21.040 --> 00:23:25.040]  他在父親面前是小孩子的時候
[00:23:25.040 --> 00:23:26.040]  這裏原文是先行的
[00:23:26.040 --> 00:23:28.040]  即是強調
[00:23:28.040 --> 00:23:32.040]  然後他說
[00:23:32.040 --> 00:23:36.040]  在我母親面前是獨一嬌兒
[00:23:36.040 --> 00:23:40.040]  我們今天很多只有一個兒子一個女兒
[00:23:40.040 --> 00:23:43.040]  那些全部都是獨一的嬌兒
[00:23:43.040 --> 00:23:45.040]  特別難教
[00:23:45.040 --> 00:23:47.040]  不是容易的
[00:23:47.040 --> 00:23:49.040]  所以這裏他說
[00:23:49.040 --> 00:23:52.040]  如果是所羅門的時候
[00:23:52.040 --> 00:23:55.040]  別士巴只有他一個兒子
[00:23:55.040 --> 00:23:59.040]  嬌這個字我需要解釋
[00:23:59.040 --> 00:24:01.040]  甚麼是嬌呢?
[00:24:01.040 --> 00:24:05.040]  嬌就不是我們想像的嬌
[00:24:05.040 --> 00:24:07.040]  嬌俏嬌滴滴那些
[00:24:07.040 --> 00:24:10.040]  是幼嫩的意思
[00:24:10.040 --> 00:24:12.040]  是軟弱的意思
[00:24:12.040 --> 00:24:16.040]  是還可以被無造的
[00:24:16.040 --> 00:24:18.040]  其實這支經文給我們問一個問題
[00:24:18.040 --> 00:24:19.040]  如果我們要影響
[00:24:19.040 --> 00:24:21.040]  我們要成全我們的下一代
[00:24:21.040 --> 00:24:24.040]  是由何時開始?
[00:24:24.040 --> 00:24:26.040]  這裏給了我們的答案
[00:24:26.040 --> 00:24:28.040]  就是他嬌嫩
[00:24:28.040 --> 00:24:31.040]  即是小孩子到了某一個年紀是教不了的
[00:24:31.040 --> 00:24:33.040]  原文是soft
[00:24:33.040 --> 00:24:35.040]  他還是很軟
[00:24:35.040 --> 00:24:38.040]  他還是可以無造的時候
[00:24:38.040 --> 00:24:40.040]  還可以教導的時候
[00:24:40.040 --> 00:24:42.040]  你便要教他
[00:24:42.040 --> 00:24:50.040]  我沒有引用這段經文
[00:24:50.040 --> 00:24:52.040]  撒姆爾
[00:24:52.040 --> 00:24:53.040]  記不記得?
[00:24:53.040 --> 00:24:54.040]  哈拿
[00:24:54.040 --> 00:24:58.040]  哈拿何時將撒姆爾送到伊利那裏?
[00:24:58.040 --> 00:25:00.040]  斷了賴
[00:25:00.040 --> 00:25:01.040]  記不記得?
[00:25:01.040 --> 00:25:02.040]  斷了賴
[00:25:02.040 --> 00:25:06.040]  即是教導小孩子是由最小的時候
[00:25:06.040 --> 00:25:09.040]  開始教導的
[00:25:09.040 --> 00:25:11.040]  四章四字
[00:25:11.040 --> 00:25:13.040]  父親教導我
[00:25:13.040 --> 00:25:16.040]  我要解釋教導這個字
[00:25:16.040 --> 00:25:18.040]  教導裏面有很多個教導的字
[00:25:18.040 --> 00:25:22.040]  這個字其實和托拉是同一個字
[00:25:22.040 --> 00:25:24.040]  即是甚麼意思?
[00:25:24.040 --> 00:25:29.040]  教導生命分配的教導
[00:25:29.040 --> 00:25:31.040]  其實Yaraq這個字是甚麼?
[00:25:31.040 --> 00:25:35.040]  其實是教導生命分配的教導
[00:25:35.040 --> 00:25:38.040]  其實是拋出去的意思
[00:25:38.040 --> 00:25:40.040]  很有意思
[00:25:40.040 --> 00:25:43.040]  最好的老師是怎樣教同學?
[00:25:43.040 --> 00:25:45.040]  拋東西出去
[00:25:45.040 --> 00:25:48.040]  然後讓他去接
[00:25:48.040 --> 00:25:52.040]  是經過思考來學習的
[00:25:52.040 --> 00:25:55.040]  這個就是教導
[00:25:55.040 --> 00:25:58.040]  這個教導是特別在舊約裏面
[00:25:58.040 --> 00:26:04.040]  用來講道德和宗教上的教導才用這個字
[00:26:04.040 --> 00:26:08.040]  不是頭腦知識的教導
[00:26:08.040 --> 00:26:13.040]  在舊約智慧的傳統是甚麼?
[00:26:13.040 --> 00:26:17.040]  就是小時候教他懂得分辨對錯
[00:26:17.040 --> 00:26:20.040]  舊約教導的系統是甚麼?
[00:26:20.040 --> 00:26:21.040]  是在家裏
[00:26:21.040 --> 00:26:26.040]  是用父親的見證來教他的兒子
[00:26:26.040 --> 00:26:32.040]  就是這樣一代傳一代來教
[00:26:32.040 --> 00:26:34.040]  這個應用是甚麼?
[00:26:34.040 --> 00:26:38.040]  這個應用就是無論我們想或不想
[00:26:38.040 --> 00:26:44.040]  我們的生活見證就在教導我們的下一代
[00:26:44.040 --> 00:26:46.040]  你的態度
[00:26:46.040 --> 00:26:48.040]  你說的話
[00:26:48.040 --> 00:26:50.040]  你躺平
[00:26:50.040 --> 00:26:53.040]  你的兒子都會跟你一起躺平
[00:26:53.040 --> 00:26:55.040]  你打機,你的兒子都會打機
[00:26:55.040 --> 00:26:56.040]  是一樣的
[00:26:56.040 --> 00:27:02.040]  你的貪婪,你的脾氣,全部都會傳授
[00:27:02.040 --> 00:27:07.040]  這個就是你拋出生命裏顯示到甚麼
[00:27:07.040 --> 00:27:12.040]  這裏想引一節經文
[00:27:12.040 --> 00:27:18.040]  就是《心言三章》三十三節
[00:27:18.040 --> 00:27:20.040]  為甚麼要引這節經文呢?
[00:27:20.040 --> 00:27:24.040]  原來在舊約裏面家是最重要的
[00:27:24.040 --> 00:27:30.040]  一個弟弟最重要被影響的是甚麼?
[00:27:30.040 --> 00:27:32.040]  就是在家裏
[00:27:32.040 --> 00:27:38.040]  父傳子的系統是怎樣呢?
[00:27:38.040 --> 00:27:40.040]  我們問一個問題
[00:27:40.040 --> 00:27:42.040]  如果父親是敬虔的
[00:27:42.040 --> 00:27:45.040]  兒子就會敬虔
[00:27:45.040 --> 00:27:48.040]  但兒子不一定敬虔
[00:27:48.040 --> 00:27:50.040]  有沒有看見舊約有很多例子
[00:27:50.040 --> 00:27:53.040]  好皇帝有個壞兒子
[00:27:53.040 --> 00:27:56.040]  壞皇帝是否一定有個壞兒子呢?
[00:27:56.040 --> 00:27:57.040]  不是
[00:27:57.040 --> 00:27:59.040]  知不知道他的鑰匙在哪裏呢?
[00:27:59.040 --> 00:28:03.040]  在母親那裏
[00:28:03.040 --> 00:28:07.040]  母親的影響已經超越了父親的影響
[00:28:07.040 --> 00:28:09.040]  這節經文是甚麼呢?
[00:28:09.040 --> 00:28:14.040]  這節經文是耶和華咒助惡人的家
[00:28:14.040 --> 00:28:17.040]  如果從神學的角度來讀這節經文
[00:28:17.040 --> 00:28:20.040]  耶和華是怎樣咒助惡人的家
[00:28:20.040 --> 00:28:25.040]  惡人將他的惡傳到下一代
[00:28:25.040 --> 00:28:27.040]  傳不傳到呢?
[00:28:27.040 --> 00:28:29.040]  當然傳到
[00:28:29.040 --> 00:28:32.040]  原來這是一個系統性的問題
[00:28:32.040 --> 00:28:34.040]  所以說家是最重要的
[00:28:34.040 --> 00:28:37.040]  原來惡人的家
[00:28:37.040 --> 00:28:42.040]  有沒有看見小朋友跟母親一樣討人厭
[00:28:42.040 --> 00:28:43.040]  有沒有看見過?
[00:28:43.040 --> 00:28:44.040]  跟母親一樣
[00:28:44.040 --> 00:28:45.040]  你坐地鐵也看見
[00:28:45.040 --> 00:28:47.040]  你不用走很遠
[00:28:47.040 --> 00:28:51.040]  惡人的惡是由一代傳到下一代
[00:28:51.040 --> 00:28:53.040]  越有錢越惡
[00:28:53.040 --> 00:28:54.040]  有沒有看見過?
[00:28:54.040 --> 00:28:56.040]  下面那句是說甚麼呢?
[00:28:56.040 --> 00:29:00.040]  卻似福給二人的居所
[00:29:00.040 --> 00:29:04.040]  神怎樣似福給二人的居所?
[00:29:04.040 --> 00:29:07.040]  一代傳一代
[00:29:07.040 --> 00:29:12.040]  智慧的承傳就是那條鑰匙
[00:29:12.040 --> 00:29:17.040]  神的似福是可以一代傳一代
[00:29:17.040 --> 00:29:21.040]  有沒有看見大德生?
[00:29:21.040 --> 00:29:23.040]  四代五代
[00:29:23.040 --> 00:29:25.040]  神就是這樣似福
[00:29:25.040 --> 00:29:27.040]  我想說甚麼呢?
[00:29:27.040 --> 00:29:31.040]  如果你說我家是惡人不信主的
[00:29:31.040 --> 00:29:35.040]  怎樣能夠打斷這個咒助?
[00:29:35.040 --> 00:29:39.040]  原來一代一個一個人
[00:29:39.040 --> 00:29:41.040]  就可以逆轉這件事
[00:29:41.040 --> 00:29:43.040]  知道我在說甚麼嗎?
[00:29:43.040 --> 00:29:45.040]  無論你的環境多惡
[00:29:45.040 --> 00:29:48.040]  回到神的話語
[00:29:48.040 --> 00:29:52.040]  堅守相對的應用都是一樣
[00:29:52.040 --> 00:29:55.040]  無論你有多少代的祝福
[00:29:55.040 --> 00:29:58.040]  偶爾聽到人說我是多少代的基督徒
[00:29:58.040 --> 00:29:59.040]  沒意思的
[00:29:59.040 --> 00:30:02.040]  在你的那一代就可以對了
[00:30:02.040 --> 00:30:03.040]  同意嗎?
[00:30:03.040 --> 00:30:05.040]  絕對可以的
[00:30:05.040 --> 00:30:09.040]  所以這裡給我們一個很重要的提醒
[00:30:09.040 --> 00:30:11.040]  你要持守
[00:30:11.040 --> 00:30:15.040]  你的心要持守
[00:30:15.040 --> 00:30:17.040]  我的話
[00:30:17.040 --> 00:30:19.040]  這句說話很重要
[00:30:19.040 --> 00:30:21.040]  首先解釋甚麼是持守
[00:30:21.040 --> 00:30:25.040]  持守和後面的遵守是不同的
[00:30:25.040 --> 00:30:26.040]  持守原文是甚麼?
[00:30:26.040 --> 00:30:28.040]  是抓緊
[00:30:28.040 --> 00:30:31.040]  有沒有坐地鐵車搖得很厲害的時候
[00:30:31.040 --> 00:30:33.040]  抓得很緊
[00:30:33.040 --> 00:30:35.040]  不是用手抓
[00:30:35.040 --> 00:30:37.040]  用甚麼抓?
[00:30:37.040 --> 00:30:39.040]  用心來抓
[00:30:39.040 --> 00:30:43.040]  如果那樣東西是用心抓得很緊的話
[00:30:43.040 --> 00:30:45.040]  還能走嗎?
[00:30:45.040 --> 00:30:47.040]  走不掉
[00:30:47.040 --> 00:30:49.040]  我就把這句說話讀為
[00:30:49.040 --> 00:30:52.040]  智慧成全的鎖匙
[00:30:52.040 --> 00:30:54.040]  最終的目標
[00:30:54.040 --> 00:30:57.040]  如果我們能夠將神的話語
[00:30:57.040 --> 00:31:00.040]  奈住在下一代
[00:31:00.040 --> 00:31:04.040]  他們能夠用心來持守
[00:31:04.040 --> 00:31:07.040]  我們就成功了
[00:31:07.040 --> 00:31:09.040]  但是如果智慧的老師
[00:31:09.040 --> 00:31:12.040]  自己的心也沒有持守
[00:31:12.040 --> 00:31:13.040]  他跟他的子女說
[00:31:13.040 --> 00:31:16.040]  你的心要持守是沒有意思的
[00:31:16.040 --> 00:31:19.040]  是不會有果效的
[00:31:19.040 --> 00:31:23.040]  所以這裡就可以存活
[00:31:23.040 --> 00:31:25.040]  我爸爸小時候教我
[00:31:25.040 --> 00:31:29.040]  他說我不會有很大份家產留給你
[00:31:29.040 --> 00:31:31.040]  不過
[00:31:31.040 --> 00:31:33.040]  我有一件東西是很寶貴可以給你的
[00:31:33.040 --> 00:31:35.040]  所以我爸爸鼓勵我讀書
[00:31:35.040 --> 00:31:39.040]  我小學跌了一班,肥了八顆
[00:31:39.040 --> 00:31:41.040]  然後他說
[00:31:41.040 --> 00:31:43.040]  你讀的書
[00:31:43.040 --> 00:31:45.040]  讀在你裡面
[00:31:45.040 --> 00:31:47.040]  不可能拿得走
[00:31:47.040 --> 00:31:49.040]  如果我留一個很大的身家給你
[00:31:49.040 --> 00:31:51.040]  你可以全敗
[00:31:51.040 --> 00:31:58.040]  能夠有求生生存的伎倆
[00:31:58.040 --> 00:32:00.040]  所以弟兄姊妹
[00:32:00.040 --> 00:32:03.040]  作為信主的家長
[00:32:03.040 --> 00:32:07.040]  我們有什麼可以給下一代呢?
[00:32:07.040 --> 00:32:14.040]  能不能夠用他的心來抓緊神的話語呢?
[00:32:14.040 --> 00:32:16.040]  第五節
[00:32:16.040 --> 00:32:20.040]  要求取智慧和哲理
[00:32:20.040 --> 00:32:23.040]  原文求取出現了四次
[00:32:23.040 --> 00:32:25.040]  他不翻譯那麼多
[00:32:25.040 --> 00:32:27.040]  謝美雪非常強調
[00:32:27.040 --> 00:32:28.040]  什麼叫求取
[00:32:28.040 --> 00:32:31.040]  原來求取這個字和買是同一個字
[00:32:31.040 --> 00:32:33.040]  可以是買或者求取
[00:32:33.040 --> 00:32:37.040]  他還說不可偏離我口中的話
[00:32:37.040 --> 00:32:39.040]  很強調
[00:32:39.040 --> 00:32:41.040]  這裡當然不能用錢買
[00:32:41.040 --> 00:32:45.040]  是愚昧人以為用價錢買智慧
[00:32:45.040 --> 00:32:46.040]  這裡不是這個意思
[00:32:46.040 --> 00:32:49.040]  後來我們說這裡是買
[00:32:49.040 --> 00:32:50.040]  是什麼意思
[00:32:50.040 --> 00:32:52.040]  後面再遲多兩次
[00:32:52.040 --> 00:32:56.040]  他願意用一切所有來換取智慧
[00:32:56.040 --> 00:33:00.040]  這個就等於買
[00:33:00.040 --> 00:33:03.040]  是那個價值
[00:33:03.040 --> 00:33:08.040]  求取智慧和哲理
[00:33:08.040 --> 00:33:09.040]  哲理是什麼?
[00:33:09.040 --> 00:33:11.040]  變啦
[00:33:11.040 --> 00:33:12.040]  智慧是什麼?
[00:33:12.040 --> 00:33:14.040]  智慧就是神的話語
[00:33:14.040 --> 00:33:16.040]  就是Torah
[00:33:16.040 --> 00:33:23.040]  原來智慧不只是我們拿了神的話語
[00:33:23.040 --> 00:33:25.040]  不是
[00:33:25.040 --> 00:33:29.040]  是要有更深層的理解
[00:33:29.040 --> 00:33:33.040]  要讀得通神的話語
[00:33:33.040 --> 00:33:36.040]  是一生之久的事
[00:33:36.040 --> 00:33:39.040]  我們要用一個這樣的態度
[00:33:39.040 --> 00:33:43.040]  我們才能夠得著智慧
[00:33:43.040 --> 00:33:44.040]  偏離是怎樣?
[00:33:44.040 --> 00:33:49.040]  偏離是慢慢慢慢離開
[00:33:49.040 --> 00:33:50.040]  這裡給了兩個警告
[00:33:50.040 --> 00:33:53.040]  不可以忘記
[00:33:53.040 --> 00:33:55.040]  為什麼一定要不停重溫?
[00:33:55.040 --> 00:33:58.040]  否則我們會忘記
[00:33:58.040 --> 00:33:59.040]  一生的追求
[00:33:59.040 --> 00:34:02.040]  就變成逆水行舟
[00:34:02.040 --> 00:34:04.040]  要麼對神的話語越來越追求
[00:34:04.040 --> 00:34:06.040]  越來越學習得多
[00:34:06.040 --> 00:34:12.040]  要麼就將你以前讀過的全部沒有
[00:34:12.040 --> 00:34:19.040]  這就是人生或智慧的人生告訴我們
[00:34:19.040 --> 00:34:24.040]  這裡沒有讀到
[00:34:24.040 --> 00:34:26.040]  你的道路要遠離他
[00:34:26.040 --> 00:34:30.040]  怎樣才算離棄智慧?
[00:34:30.040 --> 00:34:32.040]  其實是反過來
[00:34:32.040 --> 00:34:34.040]  不離棄智慧是甚麼?
[00:34:34.040 --> 00:34:35.040]  離棄罪惡
[00:34:35.040 --> 00:34:37.040]  離棄誘惑
[00:34:37.040 --> 00:34:40.040]  這就是智慧的第一步
[00:34:40.040 --> 00:34:44.040]  第六節
[00:34:44.040 --> 00:34:47.040]  不可離棄智慧
[00:34:47.040 --> 00:34:50.040]  智慧就必護衛你
[00:34:50.040 --> 00:34:52.040]  喜愛智慧
[00:34:52.040 --> 00:34:55.040]  智慧就必看顧你
[00:34:55.040 --> 00:34:57.040]  是甚麼意思?
[00:34:57.040 --> 00:34:59.040]  不離棄智慧
[00:34:59.040 --> 00:35:00.040]  就是離棄罪惡
[00:35:00.040 --> 00:35:03.040]  這裡引了五章八節
[00:35:03.040 --> 00:35:05.040]  你的道路要遠離他
[00:35:05.040 --> 00:35:06.040]  就是淫婦
[00:35:06.040 --> 00:35:09.040]  淫婦就是我們生命裡有很多人
[00:35:09.040 --> 00:35:12.040]  有很多東西令我們離開神
[00:35:12.040 --> 00:35:14.040]  不可走近他的家門
[00:35:14.040 --> 00:35:16.040]  你走近一點也不行
[00:35:16.040 --> 00:35:18.040]  這就是智慧的起步點
[00:35:18.040 --> 00:35:20.040]  免得你的精力吸了別人
[00:35:20.040 --> 00:35:23.040]  你的連日交吸了殘忍的人
[00:35:23.040 --> 00:35:25.040]  喜愛智慧
[00:35:25.040 --> 00:35:27.040]  原文就是愛
[00:35:27.040 --> 00:35:29.040]  你要愛智慧
[00:35:29.040 --> 00:35:31.040]  甚麼是愛?
[00:35:31.040 --> 00:35:33.040]  你愛一件事
[00:35:33.040 --> 00:35:37.040]  其實不愛神的話語是不可能愛智慧的
[00:35:37.040 --> 00:35:41.040]  所以我經常聽到姐妹說
[00:35:41.040 --> 00:35:44.040]  港道,即是我
[00:35:44.040 --> 00:35:46.040]  講那麼多經文
[00:35:46.040 --> 00:35:48.040]  用不著講那麼多經文
[00:35:48.040 --> 00:35:50.040]  你告訴我做甚麼就行了
[00:35:50.040 --> 00:35:52.040]  這是無智慧
[00:35:52.040 --> 00:35:54.040]  無智慧
[00:35:54.040 --> 00:35:57.040]  智慧是要對神的話語深入認識
[00:35:57.040 --> 00:36:01.040]  而不是牧者你告訴我做甚麼就行了
[00:36:01.040 --> 00:36:03.040]  不需要去讀聖經
[00:36:03.040 --> 00:36:06.040]  是要被聖經轉化了我們的生命
[00:36:06.040 --> 00:36:10.040]  我們才有智慧知道當作甚麼事
[00:36:10.040 --> 00:36:12.040]  所以愛是甚麼?
[00:36:12.040 --> 00:36:15.040]  愛是priority
[00:36:15.040 --> 00:36:17.040]  優先次序
[00:36:17.040 --> 00:36:21.040]  你愛甚麼就是你選擇你做甚麼
[00:36:21.040 --> 00:36:22.040]  所以是甚麼?
[00:36:22.040 --> 00:36:26.040]  先求神的國和祂的義
[00:36:26.040 --> 00:36:28.040]  一切就交給你
[00:36:28.040 --> 00:36:32.040]  這就是喜愛智慧
[00:36:32.040 --> 00:36:34.040]  求神的公義
[00:36:34.040 --> 00:36:38.040]  神的公義怎樣可以幫到你
[00:36:38.040 --> 00:36:39.040]  護衛是甚麼?
[00:36:39.040 --> 00:36:41.040]  看顧,我想解釋看顧
[00:36:41.040 --> 00:36:44.040]  祂就必看顧你
[00:36:44.040 --> 00:36:48.040]  護衛和遵守是同一個字
[00:36:48.040 --> 00:36:50.040]  那個授詞不一樣
[00:36:50.040 --> 00:36:52.040]  看顧是甚麼?
[00:36:52.040 --> 00:36:56.040]  看顧這個字可以譯作守望
[00:36:56.040 --> 00:36:58.040]  守望是甚麼意思?
[00:36:58.040 --> 00:37:01.040]  以前打仗的時候
[00:37:01.040 --> 00:37:04.040]  見到敵人來有危險的時候
[00:37:04.040 --> 00:37:06.040]  就告訴整個國家的人
[00:37:06.040 --> 00:37:07.040]  這就是守望
[00:37:07.040 --> 00:37:09.040]  守望就是保護我們
[00:37:09.040 --> 00:37:11.040]  當有危險的時候
[00:37:11.040 --> 00:37:15.040]  我們知道我們在一個危險的環境裡
[00:37:15.040 --> 00:37:17.040]  我引用了生命記
[00:37:17.040 --> 00:37:20.040]  來明白甚麼叫做護衛
[00:37:20.040 --> 00:37:22.040]  甚麼叫看顧
[00:37:22.040 --> 00:37:25.040]  這個看顧可以譯作守望
[00:37:25.040 --> 00:37:30.040]  《十字訣》:在曠野之地遇見了他
[00:37:30.040 --> 00:37:31.040]  遇到以色列
[00:37:31.040 --> 00:37:34.040]  在荒涼之地和野獸嘲叫的荒野遇見了他
[00:37:34.040 --> 00:37:38.040]  就環繞他,看顧他
[00:37:38.040 --> 00:37:41.040]  保護他這個字的原文
[00:37:41.040 --> 00:37:45.040]  就是鎮嚴這裡的看顧
[00:37:45.040 --> 00:37:48.040]  或者是守望他
[00:37:48.040 --> 00:37:50.040]  譯作守望就很好
[00:37:50.040 --> 00:37:52.040]  然後是甚麼?
[00:37:52.040 --> 00:37:56.040]  保障,豁了保護的原文是沒有的
[00:37:56.040 --> 00:38:00.040]  守望自己眼中的瞳孔
[00:38:00.040 --> 00:38:02.040]  是甚麼意思?
[00:38:02.040 --> 00:38:05.040]  你的瞳孔
[00:38:05.040 --> 00:38:09.040]  瞳孔是需要眼皮來保護的
[00:38:09.040 --> 00:38:11.040]  為甚麼用一個這樣的比喻?
[00:38:11.040 --> 00:38:13.040]  自動機制
[00:38:13.040 --> 00:38:17.040]  原來智慧保護我們是一個自然的事
[00:38:17.040 --> 00:38:18.040]  如果得著智慧的人
[00:38:18.040 --> 00:38:21.040]  他就自動得著保護
[00:38:21.040 --> 00:38:25.040]  例子大家就明白
[00:38:25.040 --> 00:38:28.040]  那些騙案
[00:38:28.040 --> 00:38:30.040]  他叫你投資甚麼養菌都有人相信
[00:38:30.040 --> 00:38:32.040]  你知道學甚麼嗎?
[00:38:32.040 --> 00:38:33.040]  因為有錢賺嘛
[00:38:33.040 --> 00:38:35.040]  有錢賺就有人相信
[00:38:35.040 --> 00:38:37.040]  如果你不是貪心的話
[00:38:37.040 --> 00:38:40.040]  你就不會落到這些騙案那裡
[00:38:40.040 --> 00:38:45.040]  這就是智慧的自動保護機制
[00:38:45.040 --> 00:38:48.040]  你的心是怎樣呢?
[00:38:48.040 --> 00:38:51.040]  其實這東西就保護了你
[00:38:51.040 --> 00:38:52.040]  在人生裡
[00:38:52.040 --> 00:38:55.040]  如果你不去走近
[00:38:55.040 --> 00:38:58.040]  那東西不是吸引你的話
[00:38:58.040 --> 00:39:02.040]  你就不會墮入很多的陷阱裡
[00:39:02.040 --> 00:39:07.040]  這就是智慧怎樣來保護我們
[00:39:07.040 --> 00:39:09.040]  好了
[00:39:09.040 --> 00:39:11.040]  智慧的開端
[00:39:11.040 --> 00:39:14.040]  我們很熟悉的經文
[00:39:14.040 --> 00:39:20.040]  智慧的開端是求取智慧第三次出現
[00:39:20.040 --> 00:39:28.040]  要用你一切所得來換取哲理辯拿
[00:39:28.040 --> 00:39:31.040]  更深層的認識
[00:39:31.040 --> 00:39:33.040]  對神的話語
[00:39:33.040 --> 00:39:34.040]  對人性
[00:39:34.040 --> 00:39:36.040]  對局勢
[00:39:36.040 --> 00:39:38.040]  對神的作為
[00:39:38.040 --> 00:39:40.040]  是無價的
[00:39:40.040 --> 00:39:43.040]  能夠可以領受到這東西
[00:39:43.040 --> 00:39:46.040]  萬事起頭難
[00:39:46.040 --> 00:39:48.040]  這裡回答我這個問題
[00:39:48.040 --> 00:39:50.040]  我要得著智慧
[00:39:50.040 --> 00:39:53.040]  我要將我的智慧承傳給下一代
[00:39:53.040 --> 00:39:54.040]  我怎樣開始
[00:39:54.040 --> 00:39:56.040]  我怎樣能夠做得到呢?
[00:39:56.040 --> 00:39:59.040]  這裡給了我一條鑰匙
[00:39:59.040 --> 00:40:03.040]  原來求取智慧就是那條鑰匙
[00:40:03.040 --> 00:40:04.040]  所以我的讀法是怎樣呢?
[00:40:04.040 --> 00:40:05.040]  聽著
[00:40:05.040 --> 00:40:06.040]  智慧的開端
[00:40:06.040 --> 00:40:09.040]  就是我們平時理解的智慧
[00:40:09.040 --> 00:40:13.040]  求取智慧就是Torah
[00:40:13.040 --> 00:40:15.040]  為什麼這樣說呢?
[00:40:15.040 --> 00:40:20.040]  因為下面說換辯拿
[00:40:20.040 --> 00:40:24.040]  我們要追求神的話語
[00:40:24.040 --> 00:40:28.040]  追求神的話語就是起步點
[00:40:28.040 --> 00:40:31.040]  用你一切所有的
[00:40:31.040 --> 00:40:34.040]  來換取神的話語
[00:40:34.040 --> 00:40:38.040]  更深層的理解
[00:40:38.040 --> 00:40:44.040]  所以要來恩福聖經學院
[00:40:44.040 --> 00:40:46.040]  我們的學費很便宜
[00:40:46.040 --> 00:40:50.040]  不用你一切所有的已經可以換取
[00:40:50.040 --> 00:40:54.040]  不過要你的時間
[00:40:54.040 --> 00:40:59.040]  願不願意投資在神的話語
[00:40:59.040 --> 00:41:02.040]  反思在我們的生命裏
[00:41:02.040 --> 00:41:04.040]  我們用了多少時間
[00:41:04.040 --> 00:41:07.040]  來讀神的話語
[00:41:07.040 --> 00:41:11.040]  神的話語在我們的優先次序裏排第幾
[00:41:11.040 --> 00:41:14.040]  是不是排到最後
[00:41:14.040 --> 00:41:18.040]  這就是生命的反思
[00:41:18.040 --> 00:41:19.040]  針研說什麼?
[00:41:19.040 --> 00:41:24.040]  愚昧人是對辯拿沒有興趣的
[00:41:24.040 --> 00:41:27.040]  我不要知道事物背後是怎樣
[00:41:27.040 --> 00:41:29.040]  針研說的不是我說的
[00:41:29.040 --> 00:41:32.040]  這就是愚昧人的特徵
[00:41:32.040 --> 00:41:35.040]  所以智慧和愚昧是對照的
[00:41:35.040 --> 00:41:39.040]  所以用你一切所得的還有第二個應用
[00:41:39.040 --> 00:41:43.040]  當你追求智慧的時候
[00:41:43.040 --> 00:41:50.040]  你已經將你的價值觀傳遞到下一代
[00:41:50.040 --> 00:41:53.040]  你珍惜你覺得重要的東西
[00:41:53.040 --> 00:41:58.040]  這解釋了為什麼信二代這麼艱難
[00:41:58.040 --> 00:42:04.040]  為什麼信一代沒有將神的話語的寶貴
[00:42:04.040 --> 00:42:09.040]  傳承到下一代
[00:42:09.040 --> 00:42:11.040]  還有兩節讀完
[00:42:11.040 --> 00:42:13.040]  你要高舉智慧
[00:42:13.040 --> 00:42:15.040]  智慧就必使你升高
[00:42:15.040 --> 00:42:19.040]  你要懷抱擁抱是什麼?
[00:42:19.040 --> 00:42:20.040]  帶有情感的
[00:42:20.040 --> 00:42:24.040]  不是因為老師因為牧師叫你去讀神的話語
[00:42:24.040 --> 00:42:27.040]  而是你有情感
[00:42:27.040 --> 00:42:29.040]  你愛神的話語
[00:42:29.040 --> 00:42:32.040]  智慧就必使你得尊榮
[00:42:32.040 --> 00:42:35.040]  智慧把華冠加在你的頭上
[00:42:35.040 --> 00:42:39.040]  把榮冕來刺激你
[00:42:39.040 --> 00:42:43.040]  這叫高升的定律
[00:42:43.040 --> 00:42:46.040]  我有個高升定律和你分享
[00:42:46.040 --> 00:42:48.040]  你看重什麼?
[00:42:48.040 --> 00:42:51.040]  這裡高舉的意思就是看重珍惜的意思
[00:42:51.040 --> 00:42:55.040]  你高舉那樣東西,那樣東西會高舉回來
[00:42:55.040 --> 00:42:57.040]  你高舉神的話語
[00:42:57.040 --> 00:43:01.040]  神就會高舉你在神的眼中
[00:43:01.040 --> 00:43:04.040]  如果你高舉馬門會怎樣呢?
[00:43:04.040 --> 00:43:07.040]  馬門會高舉你的心
[00:43:07.040 --> 00:43:09.040]  令你驕傲
[00:43:09.040 --> 00:43:11.040]  這就是高舉原則
[00:43:11.040 --> 00:43:14.040]  你可以選擇高舉什麼
[00:43:14.040 --> 00:43:20.040]  但最後我們要承擔高舉之後的結果
[00:43:20.040 --> 00:43:22.040]  最後總結就是
[00:43:22.040 --> 00:43:27.040]  父親的陀拉是認識聰明
[00:43:27.040 --> 00:43:29.040]  認識辨那
[00:43:29.040 --> 00:43:32.040]  對神的話語更深層
[00:43:32.040 --> 00:43:35.040]  美好的學問,美好的影響力
[00:43:35.040 --> 00:43:38.040]  究竟今天我們是好還是不好
[00:43:38.040 --> 00:43:41.040]  來影響我們下一代呢?
[00:43:41.040 --> 00:43:43.040]  怎樣轉化呢?
[00:43:43.040 --> 00:43:46.040]  第二就是我們自己的見證
[00:43:46.040 --> 00:43:49.040]  第三就是智慧的成全
[00:43:49.040 --> 00:43:51.040]  智慧的開端
[00:43:51.040 --> 00:43:54.040]  回到對神的話語的熱愛
[00:43:54.040 --> 00:43:56.040]  我們一起低頭祈禱
[00:43:56.040 --> 00:44:00.040]  神父我們感恩
[00:44:00.040 --> 00:44:04.040]  祢的話語何等寶貴
[00:44:04.040 --> 00:44:09.040]  靠聖靈來教導提醒我們
[00:44:09.040 --> 00:44:15.040]  主啊,我們願意將祢的話語
[00:44:15.040 --> 00:44:17.040]  成為我們的陀拉
[00:44:17.040 --> 00:44:21.040]  讓祢的話語轉化
[00:44:21.040 --> 00:44:24.040]  以致我們能夠將智慧
[00:44:24.040 --> 00:44:27.040]  承傳給我們下一代
[00:44:27.040 --> 00:44:29.040]  求主祢憐憫
[00:44:29.040 --> 00:44:30.040]  我們這樣祈禱
[00:44:30.040 --> 00:44:32.040]  奉耶穌基督得聖的名教
[00:44:32.040 --> 00:44:33.040]  阿門

