
[00:00:00.000 --> 00:00:04.400]  大家有花的,先看一下
[00:00:04.400 --> 00:00:08.600]  這朵花原來是織出來的
[00:00:08.600 --> 00:00:12.400]  很特別,這朵花重不重?
[00:00:12.400 --> 00:00:18.800]  其實物輕情意重,這朵花好像很輕
[00:00:18.800 --> 00:00:22.800]  但背後的心意是很重
[00:00:22.800 --> 00:00:27.200]  作為母親的重量,這朵花其實真的很重
[00:00:27.200 --> 00:00:28.400]  不容易去拿
[00:00:28.400 --> 00:00:35.600]  我想背後是承載著很偉大、很重量的母愛
[00:00:35.600 --> 00:00:38.800]  而剛才我是屬於多家團契的
[00:00:38.800 --> 00:00:41.000]  我們教會有幾十個團契
[00:00:41.000 --> 00:00:43.200]  其中一個團契就叫做多家團契
[00:00:43.200 --> 00:00:45.000]  剛剛我們才完結的
[00:00:45.000 --> 00:00:48.200]  在六點多七點多的時候才完結
[00:00:48.200 --> 00:00:50.800]  主題正正就是慶祝母親節
[00:00:50.800 --> 00:00:54.600]  在當中我們玩,我們笑
[00:00:54.600 --> 00:00:56.600]  但也有一些心情的對話
[00:00:56.600 --> 00:01:00.000]  你後悔不後悔?要不要當媽媽?讓你再選
[00:01:00.000 --> 00:01:05.400]  你覺得當媽媽應該要怎樣去做?
[00:01:05.400 --> 00:01:09.000]  其實在我們的團契當中有很多母親
[00:01:09.000 --> 00:01:12.000]  而當中有很多是單親的母親
[00:01:12.000 --> 00:01:13.800]  其實很不容易
[00:01:13.800 --> 00:01:16.000]  我聽到他們的生命故事
[00:01:16.000 --> 00:01:17.800]  其實不是他們的生命故事
[00:01:17.800 --> 00:01:19.200]  是我們的生命故事
[00:01:19.200 --> 00:01:21.400]  我也是一個單親母親
[00:01:21.400 --> 00:01:24.800]  但我真的聽到每一個單親母親的故事
[00:01:24.800 --> 00:01:28.400]  其實他們都在走很不容易的路
[00:01:28.400 --> 00:01:31.800]  但又看到有很多恩典在當中
[00:01:31.800 --> 00:01:35.200]  今天我就找到我其中一位的姐妹上來
[00:01:35.200 --> 00:01:36.600]  去跟我們分享
[00:01:36.600 --> 00:01:40.800]  分享她怎樣走過單親母親的這條路
[00:01:40.800 --> 00:01:44.800]  我們有請Forence姐妹來給Forence掌聲
[00:01:44.800 --> 00:02:01.600]  (掌聲)
[00:02:01.600 --> 00:02:03.000]  大家好
[00:02:03.000 --> 00:02:05.000]  有點緊張
[00:02:05.000 --> 00:02:07.000]  是會緊張的,掌聲
[00:02:07.000 --> 00:02:11.000]  (掌聲)
[00:02:11.000 --> 00:02:15.000]  今天很想跟大家分享我做單親母親的心路歷程
[00:02:15.000 --> 00:02:18.000]  我叫Forence,我的子女都長大了
[00:02:18.000 --> 00:02:22.000]  回想當年我結婚大約半年就懷孕了
[00:02:22.000 --> 00:02:24.000]  因為我還沒有準備好去當媽媽
[00:02:24.000 --> 00:02:26.000]  所以我很不開心
[00:02:26.000 --> 00:02:28.000]  過幾年生下女兒之後
[00:02:28.000 --> 00:02:32.000]  就覺得身上好像有一個無形的枷鎖
[00:02:32.000 --> 00:02:36.000]  要同時兼顧家庭和工作
[00:02:36.000 --> 00:02:39.000]  那些壓力就令到我好像呼吸不了
[00:02:39.000 --> 00:02:42.000]  身心都很疲累
[00:02:42.000 --> 00:02:44.000]  直到大兒子十歲那年
[00:02:44.000 --> 00:02:48.000]  我們的家庭經濟出現了問題
[00:02:48.000 --> 00:02:50.000]  而我的婚姻同時也出現了問題
[00:02:50.000 --> 00:02:57.000]  因為任性,我就很想自由自在地過我的日子
[00:02:57.000 --> 00:03:01.000]  我就決定離開子女和我丈夫
[00:03:01.000 --> 00:03:04.000]  但當我搬走之後
[00:03:04.000 --> 00:03:06.000]  我的心跡很難過
[00:03:06.000 --> 00:03:08.000]  很傷心,我很想念他們兩個
[00:03:08.000 --> 00:03:11.000]  眼淚不停地流
[00:03:11.000 --> 00:03:14.000]  原來子女已經成為我的一部份
[00:03:14.000 --> 00:03:16.000]  他們對我很重要
[00:03:16.000 --> 00:03:19.000]  我跟自己說我不可以放棄他們
[00:03:19.000 --> 00:03:22.000]  再艱難也好,我要跟他們一起住
[00:03:22.000 --> 00:03:25.000]  就是這樣我就成為了單親媽媽
[00:03:25.000 --> 00:03:29.000]  回想起那時真的很混亂和艱難
[00:03:29.000 --> 00:03:32.000]  因為還沒有適應單親的生活
[00:03:32.000 --> 00:03:35.000]  特別是管教子女
[00:03:35.000 --> 00:03:39.000]  面對教養子女和工作,經濟又緊
[00:03:39.000 --> 00:03:42.000]  日子變得很枯燥
[00:03:42.000 --> 00:03:45.000]  因為自尊心,我沒有主動去找人幫忙
[00:03:45.000 --> 00:03:49.000]  獨力去承擔,有苦自己知
[00:03:49.000 --> 00:03:52.000]  當時真的好像沒有路可走
[00:03:52.000 --> 00:03:54.000]  不知道怎樣可以走下去
[00:03:54.000 --> 00:03:59.000]  後來我在一次的教會聚會裏
[00:03:59.000 --> 00:04:01.000]  聽到一位姐妹的見證分享
[00:04:01.000 --> 00:04:03.000]  原來什麼困難都有出路
[00:04:03.000 --> 00:04:06.000]  我看到神的愛和拯救
[00:04:06.000 --> 00:04:09.000]  於是我就決志相信耶穌
[00:04:09.000 --> 00:04:11.000]  很感謝神
[00:04:11.000 --> 00:04:15.000]  原來只要我願意邀請耶穌進入我心裏
[00:04:15.000 --> 00:04:18.000]  祂就會帶領和幫助我
[00:04:18.000 --> 00:04:21.000]  好像我最頭痛的管教問題
[00:04:21.000 --> 00:04:24.000]  我在青少年期時經常不回家
[00:04:24.000 --> 00:04:28.000]  有一次因為醉酒和人衝突
[00:04:28.000 --> 00:04:30.000]  被人爆樽
[00:04:30.000 --> 00:04:33.000]  還要入院縫了幾針
[00:04:33.000 --> 00:04:36.000]  當我看到她衣服有這麼多血
[00:04:36.000 --> 00:04:38.000]  我真的很害怕,嚇了一跳
[00:04:38.000 --> 00:04:41.000]  心很痛,很難過
[00:04:41.000 --> 00:04:43.000]  看到兒子這樣
[00:04:43.000 --> 00:04:45.000]  但現在回想起來
[00:04:45.000 --> 00:04:48.000]  原來如果沒有神的保守
[00:04:48.000 --> 00:04:51.000]  我兒子連命都沒有
[00:04:51.000 --> 00:04:56.000]  有一次牽涉到一件很嚴重的事
[00:04:56.000 --> 00:05:00.000]  我很擔心他會前途盡毀
[00:05:00.000 --> 00:05:03.000]  腦袋很亂,什麼都想不到
[00:05:03.000 --> 00:05:06.000]  我唯有向團體的牧者求助
[00:05:06.000 --> 00:05:09.000]  因此最後安然渡過
[00:05:09.000 --> 00:05:15.000]  神再一次讓我和兒子經歷祂的看顧和保護
[00:05:15.000 --> 00:05:19.000]  至於女兒,或許是父母的離異影響到她
[00:05:19.000 --> 00:05:24.000]  她的青少年時期對我來說是一個折磨
[00:05:24.000 --> 00:05:26.000]  她喜歡挑戰我的底線
[00:05:26.000 --> 00:05:28.000]  也和我有很多的爭執
[00:05:28.000 --> 00:05:32.000]  可能大家會覺得一般青少年都是這樣的
[00:05:32.000 --> 00:05:34.000]  但對於我這個單親媽媽
[00:05:34.000 --> 00:05:37.000]  我要獨力去承擔是不容易的
[00:05:37.000 --> 00:05:43.000]  記得當年她突然帶著小狗一起搬走了
[00:05:43.000 --> 00:05:46.000]  當我回家看到那個情景的時候
[00:05:46.000 --> 00:05:48.000]  我真的崩潰了
[00:05:48.000 --> 00:05:51.000]  我一直在爆哭,為什麼會這樣
[00:05:51.000 --> 00:05:54.000]  我覺得自己是一個很失敗的媽媽
[00:05:54.000 --> 00:05:57.000]  第二天我下班坐車回家的時候
[00:05:57.000 --> 00:05:59.000]  我想起這件事,我又再哭
[00:05:59.000 --> 00:06:03.000]  我很傷心,但竟然被我遇到團體牧者
[00:06:03.000 --> 00:06:06.000]  他即時為我禱告,我很感動
[00:06:06.000 --> 00:06:09.000]  因為我知道不是這麼巧
[00:06:09.000 --> 00:06:12.000]  是神知道我的需要,他親自安慰我
[00:06:12.000 --> 00:06:18.000]  單親媽媽另一樣要面對的就是孤軍作戰
[00:06:18.000 --> 00:06:22.000]  我的個性是愛玩好動,也喜歡熱鬧
[00:06:22.000 --> 00:06:24.000]  所以當我孤單一人的時候
[00:06:24.000 --> 00:06:29.000]  我工作時很容易氣餒,也沒有動力
[00:06:29.000 --> 00:06:33.000]  神知道我的軟弱,為我預備了同路人
[00:06:33.000 --> 00:06:37.000]  在多家團體裡面,我認識了一群好姐妹
[00:06:37.000 --> 00:06:42.000]  彼此扶持,一同度過很多孤單無助的日子
[00:06:42.000 --> 00:06:46.000]  但每逢大時大節,我都要自己一個人去過
[00:06:46.000 --> 00:06:51.000]  我有跟神相親,但相親後還是孤單
[00:06:51.000 --> 00:06:55.000]  但慢慢我就多了經歷神的同在
[00:06:55.000 --> 00:07:00.000]  是由頭腦知道神在,到我真的感受到他與我同在
[00:07:00.000 --> 00:07:03.000]  很感恩,今天回望的時候
[00:07:03.000 --> 00:07:07.000]  原來我已經不再怕獨處,甚至享受獨處
[00:07:07.000 --> 00:07:10.000]  不過過程一點也不容易
[00:07:10.000 --> 00:07:13.000]  我又想分享有關愛
[00:07:13.000 --> 00:07:16.000]  其實我不是很懂得表達愛
[00:07:16.000 --> 00:07:19.000]  但信主之後,我知道神是愛
[00:07:19.000 --> 00:07:23.000]  我就慢慢學,對我來說是有點困難
[00:07:23.000 --> 00:07:28.000]  不過最重要的是,我能夠經驗到神的愛
[00:07:28.000 --> 00:07:31.000]  他明白我,他重視我
[00:07:31.000 --> 00:07:36.000]  就是神這份大愛,鼓勵我去愛我的子女
[00:07:36.000 --> 00:07:39.000]  就算有時他們真的很不可愛
[00:07:39.000 --> 00:07:44.000]  而在一些書和講座裏
[00:07:44.000 --> 00:07:48.000]  我知道原來對子女的愛是要直接去表達的
[00:07:48.000 --> 00:07:51.000]  因為這樣,小朋友才感受到
[00:07:51.000 --> 00:07:54.000]  例如我愛你,我擔心你
[00:07:54.000 --> 00:07:59.000]  子女成年後,我可以客觀地去表達自己的看法
[00:07:59.000 --> 00:08:04.000]  感謝神將我根深改變,除去我的頑瘩和驕傲
[00:08:04.000 --> 00:08:06.000]  改變的過程是痛的
[00:08:06.000 --> 00:08:10.000]  不過現在心裏多了一份柔和和愛
[00:08:10.000 --> 00:08:13.000]  神就是這樣叫我成長
[00:08:13.000 --> 00:08:16.000]  在這次預備分享的時候
[00:08:16.000 --> 00:08:19.000]  我回想起子女小時候的時候
[00:08:19.000 --> 00:08:24.000]  我對他們的打打鬧鬧
[00:08:24.000 --> 00:08:28.000]  我心裏覺得很難過和很傷痛
[00:08:28.000 --> 00:08:32.000]  我是曾經不能夠原諒自己的
[00:08:32.000 --> 00:08:36.000]  我祈求神去饒恕我
[00:08:36.000 --> 00:08:40.000]  很感恩,今天兒子已經成為一家之主
[00:08:40.000 --> 00:08:44.000]  他負責任和努力地為家庭付出
[00:08:44.000 --> 00:08:47.000]  還有他女兒和我修復了關係
[00:08:47.000 --> 00:08:50.000]  我讓他看我的見證分享的時候
[00:08:50.000 --> 00:08:52.000]  他即時WhatsApp回應我
[00:08:52.000 --> 00:08:54.000]  他說我苦盡甘來
[00:08:54.000 --> 00:08:56.000]  又和我說我愛你
[00:08:56.000 --> 00:08:58.000]  做了一個心心emoji
[00:08:58.000 --> 00:09:01.000]  我真的很感動
[00:09:01.000 --> 00:09:06.000]  今天,我許我兩個子女在面對困難和挑戰的時候
[00:09:06.000 --> 00:09:08.000]  我仍然會擔心
[00:09:08.000 --> 00:09:10.000]  但我確信
[00:09:10.000 --> 00:09:12.000]  神比我更加愛我的子女
[00:09:12.000 --> 00:09:15.000]  我可以放心交給他們
[00:09:15.000 --> 00:09:17.000]  將他們交給神
[00:09:17.000 --> 00:09:20.000]  同時感謝神一直對我不離不棄
[00:09:20.000 --> 00:09:23.000]  陪我走過單親歲月
[00:09:23.000 --> 00:09:25.000]  今天我能夠安穩和輕鬆
[00:09:25.000 --> 00:09:27.000]  靠主得平安
[00:09:27.000 --> 00:09:29.000]  原來神就是我的出路
[00:09:29.000 --> 00:09:33.000]  最後,我想用兩節經文結束今天的見證
[00:09:33.000 --> 00:09:36.000]  在肥勒比書4章6至7節
[00:09:36.000 --> 00:09:38.000]  應當一無掛慮
[00:09:38.000 --> 00:09:41.000]  只要凡事藉著禱告、祈求和感謝
[00:09:41.000 --> 00:09:44.000]  將你們所要的告訴神
[00:09:44.000 --> 00:09:47.000]  神所賜出人意外的平安
[00:09:47.000 --> 00:09:51.000]  必在基督耶穌裡保守你們的心懷意念
[00:09:51.000 --> 00:09:54.000]  願將一切榮耀、重讚歸給天上的父
[00:09:54.000 --> 00:09:56.000]  謝謝
[00:09:56.000 --> 00:10:01.000]  (掌聲)
[00:10:01.000 --> 00:10:05.000]  很感謝Forence給我們很坦誠的分享
[00:10:05.000 --> 00:10:07.000]  其實真的很不容易
[00:10:07.000 --> 00:10:09.000]  作為單親母親
[00:10:09.000 --> 00:10:11.000]  要面對的困難其實很大
[00:10:11.000 --> 00:10:13.000]  信了耶穌
[00:10:13.000 --> 00:10:15.000]  感恩其實剛才用了六分鐘
[00:10:15.000 --> 00:10:17.000]  說了他三十年
[00:10:17.000 --> 00:10:21.000]  幾十年的困難
[00:10:21.000 --> 00:10:23.000]  信了耶穌
[00:10:23.000 --> 00:10:25.000]  有沒有問題得到立即解決呢
[00:10:25.000 --> 00:10:27.000]  似乎沒有
[00:10:27.000 --> 00:10:29.000]  不過多一次Forence分享
[00:10:29.000 --> 00:10:32.000]  他經歷了那份愛和平安
[00:10:32.000 --> 00:10:35.000]  可以在孤單中經歷到那種陪伴
[00:10:35.000 --> 00:10:37.000]  由不懂愛到懂得愛
[00:10:37.000 --> 00:10:39.000]  今天他是我的好拍檔
[00:10:39.000 --> 00:10:41.000]  是我的好姊妹
[00:10:41.000 --> 00:10:44.000]  他現在在多家新朋友組裡
[00:10:44.000 --> 00:10:46.000]  是我的好拍檔
[00:10:46.000 --> 00:10:48.000]  為了有他的陪伴
[00:10:48.000 --> 00:10:50.000]  我獻上感恩
[00:10:50.000 --> 00:10:53.000]  究竟Forence這麼大的改變
[00:10:53.000 --> 00:10:55.000]  他的神是一個怎樣的神呢
[00:10:55.000 --> 00:10:57.000]  我們今天回到聖經裡
[00:10:57.000 --> 00:10:59.000]  我們今天正道經文是
[00:10:59.000 --> 00:11:03.000]  《馬可福音》五章25-34節
[00:11:03.000 --> 00:11:06.000]  是有關血流婦人的醫治經歷
[00:11:06.000 --> 00:11:08.000]  當中記載這個女人
[00:11:08.000 --> 00:11:10.000]  如何和耶穌相遇
[00:11:10.000 --> 00:11:12.000]  同樣相遇了
[00:11:12.000 --> 00:11:13.000]  認識了主
[00:11:13.000 --> 00:11:16.000]  這個女人的生命也不再一樣
[00:11:16.000 --> 00:11:19.000]  我們一起進入經文
[00:11:19.000 --> 00:11:25.000]  慢慢讀出25-34節
[00:11:26.000 --> 00:11:27.000]  1 2 3
[00:11:27.000 --> 00:11:33.000]  有一個女人患了經血不止的病有十二年
[00:11:33.000 --> 00:11:37.000]  有許多醫生手裡受了許多的苦
[00:11:37.000 --> 00:11:39.000]  又花盡了她所有的
[00:11:39.000 --> 00:11:41.000]  一點也不見好
[00:11:41.000 --> 00:11:43.000]  反而更重了
[00:11:43.000 --> 00:11:46.000]  她聽見耶穌的事
[00:11:46.000 --> 00:11:48.000]  就夾在眾人中間
[00:11:48.000 --> 00:11:51.000]  從後面來摸耶穌的衣裳
[00:11:51.000 --> 00:11:53.000]  因她想
[00:11:53.000 --> 00:11:55.000]  我只要摸到他的衣裳
[00:11:55.000 --> 00:11:57.000]  就會痊癒
[00:11:57.000 --> 00:12:01.000]  於是她的流血立停
[00:12:01.000 --> 00:12:05.000]  她覺得身上的疾病好了
[00:12:05.000 --> 00:12:08.000]  耶穌頓時心裡覺得有能力
[00:12:08.000 --> 00:12:10.000]  從自己身上出去
[00:12:10.000 --> 00:12:14.000]  就在眾人中間轉過來說
[00:12:14.000 --> 00:12:16.000]  誰摸我的衣裳
[00:12:16.000 --> 00:12:18.000]  門徒對她說
[00:12:18.000 --> 00:12:21.000]  你看眾人擁憎著你
[00:12:21.000 --> 00:12:24.000]  還說誰摸我呢
[00:12:24.000 --> 00:12:26.000]  耶穌周圍觀看
[00:12:26.000 --> 00:12:29.000]  要見做這事的女人
[00:12:29.000 --> 00:12:33.000]  那女人知道自己身上所成的事
[00:12:33.000 --> 00:12:35.000]  就恐懼戰勁
[00:12:35.000 --> 00:12:38.000]  來俯伏在耶穌跟前
[00:12:38.000 --> 00:12:41.000]  將實情傳告訴她
[00:12:41.000 --> 00:12:43.000]  耶穌對她說
[00:12:43.000 --> 00:12:45.000]  女兒你的信救了你
[00:12:45.000 --> 00:12:47.000]  平安地回去吧
[00:12:47.000 --> 00:12:50.000]  你的疾病痊癒了
[00:12:51.000 --> 00:12:55.000]  這是我們信主內的一個比較熟悉的故事
[00:12:55.000 --> 00:12:57.000]  在這段經文中
[00:12:57.000 --> 00:12:59.000]  記錄一個沒有名字的女人
[00:12:59.000 --> 00:13:01.000]  而記錄她的
[00:13:01.000 --> 00:13:04.000]  只是描述她患了經血不止的病
[00:13:04.000 --> 00:13:06.000]  有12年
[00:13:06.000 --> 00:13:07.000]  經血不止
[00:13:07.000 --> 00:13:09.000]  有些聖經翻譯文雅一點
[00:13:09.000 --> 00:13:11.000]  血漏病
[00:13:11.000 --> 00:13:12.000]  多久呢
[00:13:12.000 --> 00:13:14.000]  這個血漏病12年
[00:13:14.000 --> 00:13:16.000]  她是一個長期病患者
[00:13:16.000 --> 00:13:19.000]  不過她沒有畏疾忌醫
[00:13:19.000 --> 00:13:21.000]  她很努力地去找醫生
[00:13:21.000 --> 00:13:22.000]  但結果呢
[00:13:22.000 --> 00:13:25.000]  在醫生手裏受到很多苦
[00:13:25.000 --> 00:13:28.000]  花盡了她所有的錢
[00:13:28.000 --> 00:13:31.000]  但病情沒有因為這樣好
[00:13:31.000 --> 00:13:33.000]  反而更重
[00:13:33.000 --> 00:13:35.000]  其實是非常沮喪
[00:13:35.000 --> 00:13:37.000]  讓人很絕望
[00:13:37.000 --> 00:13:39.000]  這個女人患的病
[00:13:39.000 --> 00:13:41.000]  是經血不止
[00:13:41.000 --> 00:13:42.000]  是血漏
[00:13:42.000 --> 00:13:44.000]  血的流失
[00:13:44.000 --> 00:13:46.000]  也就是說生命的流失
[00:13:46.000 --> 00:13:49.000]  這個女人是非常虛弱
[00:13:49.000 --> 00:13:50.000]  而更重要的
[00:13:50.000 --> 00:13:53.000]  血漏病不只是單單身體的病
[00:13:53.000 --> 00:13:54.000]  在那個年代
[00:13:54.000 --> 00:13:56.000]  其實在心靈上
[00:13:56.000 --> 00:13:58.000]  她要經歷很大很大的折磨
[00:13:58.000 --> 00:14:00.000]  因為按摩西律法
[00:14:00.000 --> 00:14:02.000]  血漏的婦人是甚麼
[00:14:02.000 --> 00:14:04.000]  是不潔的
[00:14:04.000 --> 00:14:06.000]  是需要被隔離的
[00:14:06.000 --> 00:14:09.000]  以當事人對這類不潔病的理解
[00:14:09.000 --> 00:14:10.000]  就是這個女人有問題
[00:14:10.000 --> 00:14:11.000]  她不吉利
[00:14:11.000 --> 00:14:13.000]  又或者她犯了罪
[00:14:13.000 --> 00:14:17.000]  會令當事人覺得很羞恥
[00:14:17.000 --> 00:14:20.000]  而舊約對患這些病的人
[00:14:20.000 --> 00:14:22.000]  是怎樣處理的呢
[00:14:22.000 --> 00:14:25.000]  在利未記十五章是這樣說的
[00:14:25.000 --> 00:14:29.000]  女人若在經期以外仍然流血多日
[00:14:29.000 --> 00:14:31.000]  或是經期過長
[00:14:31.000 --> 00:14:34.000]  她在流血的日子都不潔淨
[00:14:34.000 --> 00:14:37.000]  和她在經期日子不潔淨一樣
[00:14:37.000 --> 00:14:38.000]  在流血的日子
[00:14:38.000 --> 00:14:39.000]  她所躺的床
[00:14:39.000 --> 00:14:43.000]  所坐的任何東西都不潔淨
[00:14:43.000 --> 00:14:47.000]  和在月經期間不潔淨一樣
[00:14:47.000 --> 00:14:50.000]  凡摸著的東西都不潔淨
[00:14:50.000 --> 00:14:51.000]  她要洗衣服
[00:14:51.000 --> 00:14:53.000]  用水洗澡
[00:14:53.000 --> 00:14:55.000]  必不潔淨到晚上
[00:14:55.000 --> 00:14:58.000]  很多個不潔淨不潔淨
[00:14:58.000 --> 00:15:00.000]  其實是怎樣的呢
[00:15:00.000 --> 00:15:01.000]  即是她不潔淨
[00:15:01.000 --> 00:15:02.000]  她摸過的東西不潔淨
[00:15:02.000 --> 00:15:07.000]  所有人碰過她摸過的東西都不潔淨
[00:15:07.000 --> 00:15:09.000]  其實是很大的一件事
[00:15:09.000 --> 00:15:11.000]  即是想像一下
[00:15:11.000 --> 00:15:12.000]  如果你患了這個病
[00:15:12.000 --> 00:15:15.000]  你覺得自己很不潔淨
[00:15:15.000 --> 00:15:17.000]  渾身骯髒
[00:15:17.000 --> 00:15:19.000]  和你經常都要小心一點
[00:15:19.000 --> 00:15:20.000]  不要害怕街坊
[00:15:20.000 --> 00:15:23.000]  你要和人保持一個距離
[00:15:23.000 --> 00:15:25.000]  說起保持距離
[00:15:25.000 --> 00:15:27.000]  就令我們想起這一兩年前的事
[00:15:27.000 --> 00:15:28.000]  疫情期間
[00:15:28.000 --> 00:15:31.000]  大家有沒有和人吃飯
[00:15:31.000 --> 00:15:32.000]  有沒有那種恐懼
[00:15:32.000 --> 00:15:35.000]  會不會自己中招呢
[00:15:35.000 --> 00:15:38.000]  或者會不會自己原來是中招了
[00:15:38.000 --> 00:15:39.000]  不知道
[00:15:39.000 --> 00:15:41.000]  然後你害街坊和人吃完飯
[00:15:41.000 --> 00:15:43.000]  令到別人中招
[00:15:43.000 --> 00:15:46.000]  要知道其實別人家裡可能有亂
[00:15:46.000 --> 00:15:48.000]  有惡有亂
[00:15:48.000 --> 00:15:51.000]  所以其實當時那種感覺
[00:15:51.000 --> 00:15:54.000]  其實是要大家都很小心
[00:15:54.000 --> 00:15:57.000]  你記住當時是很多人一起地很小心
[00:15:57.000 --> 00:15:58.000]  但再想想
[00:15:58.000 --> 00:15:59.000]  如果中招了
[00:15:59.000 --> 00:16:01.000]  要去隔離營
[00:16:01.000 --> 00:16:03.000]  或者我在家中自己自我隔離
[00:16:03.000 --> 00:16:05.000]  在家中我都試過要躲起來
[00:16:05.000 --> 00:16:08.000]  不要和女兒碰面
[00:16:08.000 --> 00:16:10.000]  大家還記不記得這些情景
[00:16:10.000 --> 00:16:12.000]  大家有沒有試過這樣自我隔離
[00:16:12.000 --> 00:16:13.000]  舉手
[00:16:13.000 --> 00:16:14.000]  這麼少嗎
[00:16:14.000 --> 00:16:16.000]  你們沒有中招過的
[00:16:16.000 --> 00:16:18.000]  有些人是不會中招的
[00:16:18.000 --> 00:16:21.000]  或者不需要這樣隔離
[00:16:21.000 --> 00:16:24.000]  疫情那三年左右的時間
[00:16:24.000 --> 00:16:26.000]  若然我們認真回望
[00:16:26.000 --> 00:16:28.000]  其實是很恐怖的
[00:16:28.000 --> 00:16:29.000]  而這個女人
[00:16:29.000 --> 00:16:31.000]  她是12年
[00:16:31.000 --> 00:16:34.000]  12年她長期被隔離
[00:16:34.000 --> 00:16:35.000]  沒有社交生活
[00:16:35.000 --> 00:16:36.000]  沒有朋友
[00:16:36.000 --> 00:16:38.000]  沒有人會歡迎自己
[00:16:38.000 --> 00:16:41.000]  12年身體的病
[00:16:41.000 --> 00:16:44.000]  令到自己很弱的痛苦
[00:16:44.000 --> 00:16:45.000]  心靈的孤單
[00:16:45.000 --> 00:16:46.000]  被拒絕
[00:16:46.000 --> 00:16:47.000]  被排斥
[00:16:47.000 --> 00:16:51.000]  她就活在這種不潔和羞恥當中
[00:16:51.000 --> 00:16:54.000]  其實人生沒有多過12年
[00:16:54.000 --> 00:16:56.000]  有沒有想過12年前的你是怎樣的
[00:16:56.000 --> 00:16:58.000]  由那天開始到現在
[00:16:58.000 --> 00:17:01.000]  你不停在病中困住自己
[00:17:01.000 --> 00:17:03.000]  其實是很可怕的
[00:17:03.000 --> 00:17:07.000]  接著這個女人她是怎樣做的呢
[00:17:07.000 --> 00:17:08.000]  到了27節
[00:17:08.000 --> 00:17:10.000]  她聽見耶穌的事
[00:17:10.000 --> 00:17:12.000]  她就夾在眾人中間
[00:17:12.000 --> 00:17:15.000]  從後面摸一下耶穌的衣服
[00:17:15.000 --> 00:17:16.000]  因為她想到
[00:17:16.000 --> 00:17:19.000]  只要摸到她的耶穌
[00:17:19.000 --> 00:17:23.000]  耶穌的衣裳就會痊癒
[00:17:23.000 --> 00:17:25.000]  摸耶穌的衣服就會痊癒
[00:17:25.000 --> 00:17:26.000]  你們會不會摸一下
[00:17:26.000 --> 00:17:29.000]  家喬牧師的衣服就會痊癒
[00:17:29.000 --> 00:17:30.000]  不要這樣
[00:17:30.000 --> 00:17:31.000]  不可以的
[00:17:31.000 --> 00:17:34.000]  所以我們怎樣理解這個行動呢
[00:17:34.000 --> 00:17:39.000]  首先我們會覺得很迷信神學觀念
[00:17:39.000 --> 00:17:41.000]  不過大家要了解
[00:17:41.000 --> 00:17:43.000]  在初期教會裏面
[00:17:43.000 --> 00:17:45.000]  的確他們會有這樣理解
[00:17:45.000 --> 00:17:48.000]  一個人如果穿那個衣服
[00:17:48.000 --> 00:17:51.000]  有聖潔的人
[00:17:51.000 --> 00:17:52.000]  他穿那個衣服
[00:17:52.000 --> 00:17:55.000]  都可以傳遞到那些衣服上
[00:17:55.000 --> 00:17:57.000]  在《馬可福音》六章裏面
[00:17:57.000 --> 00:17:59.000]  說到那些人會求耶穌
[00:17:59.000 --> 00:18:04.000]  讓他們摸摸那衣服的繩子
[00:18:04.000 --> 00:18:06.000]  這樣就已經得到醫治了
[00:18:06.000 --> 00:18:08.000]  或者在《使徒行傳》十九章裏面
[00:18:08.000 --> 00:18:11.000]  也說到那些人會從保羅身上
[00:18:11.000 --> 00:18:13.000]  拿走手巾或圍裙
[00:18:13.000 --> 00:18:15.000]  放在病人身上
[00:18:15.000 --> 00:18:17.000]  這樣就痊癒了
[00:18:17.000 --> 00:18:18.000]  所以這個女人
[00:18:18.000 --> 00:18:22.000]  都是按照當時的敘事角度
[00:18:22.000 --> 00:18:24.000]  去摸耶穌的衣服
[00:18:24.000 --> 00:18:26.000]  去上不道醫治
[00:18:26.000 --> 00:18:28.000]  而這個女人是怎樣摸的呢?
[00:18:28.000 --> 00:18:30.000]  是否光明正大地摸呢?
[00:18:30.000 --> 00:18:33.000]  是靜靜地、偷偷地
[00:18:33.000 --> 00:18:35.000]  神不知,鬼不覺
[00:18:35.000 --> 00:18:37.000]  為什麼呢?
[00:18:37.000 --> 00:18:39.000]  要血漏的
[00:18:39.000 --> 00:18:40.000]  因為她知道自己是不潔
[00:18:40.000 --> 00:18:42.000]  所以人們不喜歡自己
[00:18:42.000 --> 00:18:44.000]  所以她只可以遮住自己
[00:18:44.000 --> 00:18:45.000]  當時沒有口罩
[00:18:45.000 --> 00:18:46.000]  但圍住
[00:18:46.000 --> 00:18:48.000]  總之應該不要被人認出
[00:18:48.000 --> 00:18:51.000]  這樣才可以去到去碰耶穌
[00:18:51.000 --> 00:18:53.000]  其實這個舉動很危險
[00:18:53.000 --> 00:18:55.000]  因為你很冒犯耶穌
[00:18:55.000 --> 00:18:57.000]  很沒禮貌
[00:18:57.000 --> 00:19:00.000]  而這個女人真的很有決心
[00:19:00.000 --> 00:19:01.000]  很勇敢地
[00:19:01.000 --> 00:19:03.000]  她就帶著軟弱的軀體
[00:19:03.000 --> 00:19:06.000]  逼到人群裏面去找耶穌
[00:19:06.000 --> 00:19:08.000]  也真的找到
[00:19:08.000 --> 00:19:10.000]  也摸到耶穌的衣服
[00:19:10.000 --> 00:19:12.000]  於是
[00:19:12.000 --> 00:19:14.000]  我們去一句經文
[00:19:14.000 --> 00:19:17.000]  於是就是她的29節
[00:19:17.000 --> 00:19:21.000]  「於是她的流血立刻止住」
[00:19:21.000 --> 00:19:25.000]  「她覺得身上的疾病好了」
[00:19:25.000 --> 00:19:26.000]  很神奇吧
[00:19:26.000 --> 00:19:27.000]  真的摸一摸那一刻
[00:19:27.000 --> 00:19:29.000]  女人自己也知道
[00:19:29.000 --> 00:19:31.000]  忽然之間痊癒了
[00:19:31.000 --> 00:19:34.000]  所以醫治的過程其實很簡單
[00:19:34.000 --> 00:19:35.000]  就是那個女人相信
[00:19:35.000 --> 00:19:37.000]  只要摸到耶穌的衣服
[00:19:37.000 --> 00:19:39.000]  病就會好了
[00:19:39.000 --> 00:19:40.000]  她就帶著這個相信
[00:19:40.000 --> 00:19:41.000]  很努力地去
[00:19:41.000 --> 00:19:43.000]  看如何能夠靠近耶穌的身體
[00:19:43.000 --> 00:19:44.000]  真的靠近了
[00:19:44.000 --> 00:19:45.000]  真的摸到了
[00:19:45.000 --> 00:19:48.000]  她這樣就痊癒了
[00:19:48.000 --> 00:19:50.000]  我不知道這樣的相信
[00:19:50.000 --> 00:19:53.000]  你覺得是簡單還是很不簡單
[00:19:53.000 --> 00:19:55.000]  其實很簡單的就是
[00:19:55.000 --> 00:19:57.000]  她一心相信就行了
[00:19:57.000 --> 00:19:58.000]  她相信就是
[00:19:58.000 --> 00:19:59.000]  我要靠近耶穌的身體
[00:19:59.000 --> 00:20:00.000]  摸耶穌
[00:20:00.000 --> 00:20:01.000]  靠近耶穌的身體
[00:20:01.000 --> 00:20:02.000]  摸耶穌
[00:20:02.000 --> 00:20:04.000]  讓自己不停地催眠自己
[00:20:04.000 --> 00:20:05.000]  然後找位置去射
[00:20:05.000 --> 00:20:06.000]  然後摸到
[00:20:06.000 --> 00:20:07.000]  搞定
[00:20:07.000 --> 00:20:09.000]  是不是好像很簡單
[00:20:09.000 --> 00:20:10.000]  我們可以叫這種
[00:20:10.000 --> 00:20:12.000]  是一種很簡單的相信
[00:20:12.000 --> 00:20:14.000]  是一種簡單的信仰
[00:20:14.000 --> 00:20:15.000]  不過正正這個女人
[00:20:15.000 --> 00:20:18.000]  能夠這麼簡單地去相信
[00:20:18.000 --> 00:20:21.000]  其實很不簡單
[00:20:21.000 --> 00:20:23.000]  因為人是很複雜的
[00:20:23.000 --> 00:20:25.000]  總是有很多考慮
[00:20:25.000 --> 00:20:26.000]  很多猶豫
[00:20:26.000 --> 00:20:27.000]  很多保留
[00:20:27.000 --> 00:20:28.000]  對那個女人來說
[00:20:28.000 --> 00:20:29.000]  她可能會想
[00:20:29.000 --> 00:20:30.000]  我這麼弱
[00:20:30.000 --> 00:20:31.000]  我哪有能力
[00:20:31.000 --> 00:20:33.000]  可以靠近
[00:20:33.000 --> 00:20:35.000]  阿父子的身體
[00:20:35.000 --> 00:20:36.000]  又或者
[00:20:36.000 --> 00:20:38.000]  若然我真的靠近了
[00:20:38.000 --> 00:20:39.000]  人們會認出我的樣子
[00:20:39.000 --> 00:20:41.000]  那怎麼辦
[00:20:41.000 --> 00:20:43.000]  為什麼我這個人
[00:20:43.000 --> 00:20:45.000]  在公眾場所出現
[00:20:45.000 --> 00:20:46.000]  骯髒的
[00:20:46.000 --> 00:20:48.000]  他們會怎麼看呢
[00:20:48.000 --> 00:20:49.000]  又或者
[00:20:49.000 --> 00:20:50.000]  我真的想靠近
[00:20:50.000 --> 00:20:51.000]  身邊的人阻礙我
[00:20:51.000 --> 00:20:52.000]  失敗了
[00:20:52.000 --> 00:20:53.000]  那怎麼辦呢
[00:20:53.000 --> 00:20:55.000]  人們就會取笑我
[00:20:55.000 --> 00:20:56.000]  或者像今天的我們
[00:20:56.000 --> 00:20:57.000]  信耶穌
[00:20:57.000 --> 00:20:58.000]  上教會
[00:20:58.000 --> 00:20:59.000]  人們怎麼看呢
[00:20:59.000 --> 00:21:01.000]  不相信自己
[00:21:01.000 --> 00:21:02.000]  信耶穌
[00:21:02.000 --> 00:21:03.000]  是不是很傻
[00:21:03.000 --> 00:21:05.000]  真的可以嗎
[00:21:05.000 --> 00:21:06.000]  單純的信
[00:21:06.000 --> 00:21:08.000]  真心的信
[00:21:08.000 --> 00:21:11.000]  其實一點都不簡單
[00:21:11.000 --> 00:21:12.000]  好了
[00:21:12.000 --> 00:21:14.000]  流血立即止住
[00:21:14.000 --> 00:21:16.000]  痊癒了
[00:21:16.000 --> 00:21:18.000]  我們再去到PowerPoint
[00:21:18.000 --> 00:21:20.000]  然後是不是事件就完結了
[00:21:20.000 --> 00:21:22.000]  搞定呢
[00:21:22.000 --> 00:21:23.000]  不是
[00:21:23.000 --> 00:21:24.000]  我們一起
[00:21:24.000 --> 00:21:26.000]  邀請頂尖一起讀出
[00:21:26.000 --> 00:21:29.000]  30至32節
[00:21:29.000 --> 00:21:31.000]  耶穌頓時心裡覺得
[00:21:31.000 --> 00:21:33.000]  有能力
[00:21:33.000 --> 00:21:35.000]  從天上出去
[00:21:35.000 --> 00:21:51.000]  (教會禮儀)
[00:21:51.000 --> 00:21:52.000]  好
[00:21:52.000 --> 00:21:53.000]  謝謝大家
[00:21:53.000 --> 00:21:55.000]  大家可能都會覺得
[00:21:55.000 --> 00:21:57.000]  耶穌實在太強人所難
[00:21:57.000 --> 00:21:59.000]  其實29節已經說了
[00:21:59.000 --> 00:22:01.000]  這個女人的病已經康復
[00:22:01.000 --> 00:22:02.000]  血已經止住
[00:22:02.000 --> 00:22:04.000]  那不是很好嗎
[00:22:04.000 --> 00:22:06.000]  就讓這個女人靜靜的來
[00:22:06.000 --> 00:22:07.000]  碰一碰
[00:22:07.000 --> 00:22:08.000]  治好
[00:22:08.000 --> 00:22:09.000]  又靜靜的走
[00:22:09.000 --> 00:22:12.000]  為什麼要她在眾人面前出來呢
[00:22:12.000 --> 00:22:14.000]  其實很大壓力
[00:22:14.000 --> 00:22:15.000]  很難堪
[00:22:15.000 --> 00:22:16.000]  保護她的私隱
[00:22:16.000 --> 00:22:17.000]  好不好啊
[00:22:17.000 --> 00:22:19.000]  不過我們又不要用今天
[00:22:19.000 --> 00:22:21.000]  21世紀那麼著重私隱的
[00:22:21.000 --> 00:22:24.000]  現代人眼光去理解
[00:22:24.000 --> 00:22:26.000]  要知道2000年前的
[00:22:26.000 --> 00:22:28.000]  以色列小村落裡面
[00:22:28.000 --> 00:22:30.000]  其實沒有什麼私隱不私隱的
[00:22:30.000 --> 00:22:32.000]  什麼都被人知道了
[00:22:32.000 --> 00:22:33.000]  誰都知道
[00:22:33.000 --> 00:22:34.000]  誰都說
[00:22:34.000 --> 00:22:35.000]  不過
[00:22:35.000 --> 00:22:36.000]  被人知道
[00:22:36.000 --> 00:22:37.000]  被人背後說
[00:22:37.000 --> 00:22:38.000]  是一件事
[00:22:38.000 --> 00:22:40.000]  但要這個女人
[00:22:40.000 --> 00:22:43.000]  在眾人面前坦然承認一切
[00:22:43.000 --> 00:22:45.000]  甚至這次還要承認
[00:22:45.000 --> 00:22:47.000]  自己那麼冒犯
[00:22:47.000 --> 00:22:50.000]  去摸耶穌的衣服
[00:22:50.000 --> 00:22:53.000]  一個不潔的婦人摸耶穌的衣服
[00:22:53.000 --> 00:22:55.000]  真是非常不敬
[00:22:55.000 --> 00:22:58.000]  這個女人真是很大膽
[00:22:58.000 --> 00:23:00.000]  還是其實這個女人
[00:23:00.000 --> 00:23:01.000]  可以不出來
[00:23:01.000 --> 00:23:02.000]  裝模作樣
[00:23:02.000 --> 00:23:03.000]  什麼都不知道
[00:23:03.000 --> 00:23:05.000]  看看誰呢
[00:23:05.000 --> 00:23:07.000]  這樣就能過關了
[00:23:07.000 --> 00:23:10.000]  但這個女人真是很厲害
[00:23:10.000 --> 00:23:11.000]  這個女人
[00:23:11.000 --> 00:23:13.000]  她就是這樣
[00:23:13.000 --> 00:23:15.000]  去到33節
[00:23:15.000 --> 00:23:17.000]  女人知道自己
[00:23:17.000 --> 00:23:19.000]  在自己身上所成的事
[00:23:19.000 --> 00:23:21.000]  就恐懼戰勁
[00:23:21.000 --> 00:23:24.000]  來俯伏在耶穌的肩前
[00:23:24.000 --> 00:23:26.000]  將實情全告訴他
[00:23:26.000 --> 00:23:28.000]  她出來就承認了
[00:23:28.000 --> 00:23:32.000]  一五一十將實情全部告訴耶穌
[00:23:32.000 --> 00:23:34.000]  34節
[00:23:34.000 --> 00:23:35.000]  耶穌對她說
[00:23:35.000 --> 00:23:36.000]  女兒
[00:23:36.000 --> 00:23:38.000]  你的信救了你
[00:23:38.000 --> 00:23:39.000]  平安地回去吧
[00:23:39.000 --> 00:23:42.000]  你的疾病痊癒了
[00:23:42.000 --> 00:23:45.000]  很感動耶穌沒有責備
[00:23:45.000 --> 00:23:47.000]  沒有留難那個女人
[00:23:47.000 --> 00:23:50.000]  反而是對女人作出宣告
[00:23:50.000 --> 00:23:52.000]  你的疾病痊癒了
[00:23:52.000 --> 00:23:54.000]  不過先停一停
[00:23:54.000 --> 00:23:57.000]  究竟那個女人什麼時候康復
[00:23:57.000 --> 00:23:59.000]  剛才29節不是說了
[00:23:59.000 --> 00:24:01.000]  女人的血止住了
[00:24:01.000 --> 00:24:03.000]  那個女人的病就康復了
[00:24:03.000 --> 00:24:06.000]  究竟這個康復是在她出來之前
[00:24:06.000 --> 00:24:08.000]  碰一碰耶穌那一刻發生
[00:24:08.000 --> 00:24:11.000]  還是現在出來和耶穌對話的時候
[00:24:11.000 --> 00:24:14.000]  才康復了呢
[00:24:14.000 --> 00:24:17.000]  原來耶穌在說
[00:24:17.000 --> 00:24:21.000]  和女人在說的是不同層次的病和醫治
[00:24:21.000 --> 00:24:23.000]  女人在說的是
[00:24:23.000 --> 00:24:25.000]  就是血止住了
[00:24:25.000 --> 00:24:30.000]  那是心理上的層面康復了
[00:24:30.000 --> 00:24:33.000]  但耶穌邀請那個女人出來
[00:24:33.000 --> 00:24:36.000]  祂想給這個女人另外一個層次的醫治
[00:24:36.000 --> 00:24:38.000]  是去整個人
[00:24:38.000 --> 00:24:40.000]  是一種holistically的醫治
[00:24:40.000 --> 00:24:44.000]  當然我們也想身體的病可以醫得好
[00:24:44.000 --> 00:24:46.000]  但想深一層
[00:24:46.000 --> 00:24:49.000]  病醫好了又代表什麼呢
[00:24:49.000 --> 00:24:52.000]  隨著醫療科學的進步
[00:24:52.000 --> 00:24:53.000]  營養的改善
[00:24:53.000 --> 00:24:56.000]  現在人均的壽歲大約有多少呢
[00:24:56.000 --> 00:24:58.000]  八九十歲其實很等閒
[00:24:58.000 --> 00:25:02.000]  但一百年前其實平均壽歲是四五十歲
[00:25:02.000 --> 00:25:05.000]  不過無論科學有多猖狂
[00:25:05.000 --> 00:25:07.000]  壽歲再長多少
[00:25:07.000 --> 00:25:09.000]  人始終是人
[00:25:09.000 --> 00:25:11.000]  人總會生老病死
[00:25:11.000 --> 00:25:13.000]  都是必然
[00:25:13.000 --> 00:25:15.000]  這個女人的血漏病今天康復了
[00:25:15.000 --> 00:25:17.000]  過幾年又會有其他病
[00:25:17.000 --> 00:25:19.000]  今天這個問題解決了
[00:25:19.000 --> 00:25:22.000]  又會有另外一些問題
[00:25:22.000 --> 00:25:25.000]  假如人生就是醫治完一個病又一個病
[00:25:25.000 --> 00:25:28.000]  解決完一個問題又一個問題的話
[00:25:28.000 --> 00:25:30.000]  其實也很討厭
[00:25:30.000 --> 00:25:32.000]  所以面對這個女人
[00:25:32.000 --> 00:25:36.000]  耶穌祂想她的生命得到更重要的
[00:25:36.000 --> 00:25:39.000]  就是要這個女人的生命得到全人的醫治
[00:25:39.000 --> 00:25:41.000]  要她的生命不再一樣
[00:25:41.000 --> 00:25:44.000]  是要處理她深層的問題
[00:25:44.000 --> 00:25:46.000]  就是她裡面那種羞恥
[00:25:46.000 --> 00:25:48.000]  裡面那種孤單
[00:25:48.000 --> 00:25:53.000]  和和人失去結連的那種痛苦
[00:25:53.000 --> 00:25:57.000]  在34節耶穌和她說
[00:25:57.000 --> 00:26:00.000]  女兒你的信救了你
[00:26:00.000 --> 00:26:02.000]  這個救是什麼意思呢
[00:26:02.000 --> 00:26:06.000]  原來原文叫做soso
[00:26:06.000 --> 00:26:08.000]  原來是和上面28節
[00:26:08.000 --> 00:26:11.000]  因她想女人的心裡想
[00:26:11.000 --> 00:26:13.000]  我只要摸到耶穌的衣服就會全完
[00:26:13.000 --> 00:26:15.000]  原來是同一個字
[00:26:15.000 --> 00:26:18.000]  不過這個字的意思可以是
[00:26:18.000 --> 00:26:22.000]  身體上疾病的痊癒得到救治
[00:26:22.000 --> 00:26:29.000]  但也指向生命的得救得到拯救
[00:26:29.000 --> 00:26:32.000]  女人想要的是身體的病好起來
[00:26:32.000 --> 00:26:40.000]  但耶穌想讓這個女人去整個生命的改變更新
[00:26:40.000 --> 00:26:44.000]  這個令我想起我十幾年前我是做社工
[00:26:44.000 --> 00:26:47.000]  當時有一位媽媽她企圖跳樓自殺
[00:26:47.000 --> 00:26:50.000]  我去到當中
[00:26:50.000 --> 00:26:55.000]  我就是這樣好像很成功地去制止了她跳樓
[00:26:55.000 --> 00:27:00.000]  也都轉介了給相關的福利機構和醫護去跟進
[00:27:00.000 --> 00:27:02.000]  在我手中那個案完結了
[00:27:02.000 --> 00:27:05.000]  是不是大功告成應該很開心呢
[00:27:05.000 --> 00:27:06.000]  但當時我不是
[00:27:06.000 --> 00:27:09.000]  我沒有開心甚至我覺得難過
[00:27:09.000 --> 00:27:12.000]  是這次自殺不成功會不會有第二次呢
[00:27:12.000 --> 00:27:14.000]  或者她不再選擇自殺
[00:27:14.000 --> 00:27:15.000]  但又怎樣呢
[00:27:15.000 --> 00:27:20.000]  她仍然帶著她的傷痛遺憾去過她的人生
[00:27:20.000 --> 00:27:22.000]  她的生命仍然沒有盼望
[00:27:22.000 --> 00:27:24.000]  沒有平安
[00:27:24.000 --> 00:27:27.000]  這樣其實不就是等於等死嗎
[00:27:27.000 --> 00:27:29.000]  又或者其實沒有耶穌的生命
[00:27:29.000 --> 00:27:33.000]  其實跟等死沒有什麼分別
[00:27:33.000 --> 00:27:35.000]  當時我可以做到的就是危機介入
[00:27:35.000 --> 00:27:36.000]  情緒支援
[00:27:36.000 --> 00:27:40.000]  轉介給有關的社區組織
[00:27:40.000 --> 00:27:41.000]  這些都是好的
[00:27:41.000 --> 00:27:43.000]  給人生活的智慧
[00:27:43.000 --> 00:27:45.000]  人實在需要福利
[00:27:45.000 --> 00:27:48.000]  不過更加需要的是福音
[00:27:48.000 --> 00:27:52.000]  唯有福音認識和信靠耶穌
[00:27:52.000 --> 00:27:56.000]  人才能夠得到真正的生命智慧
[00:27:56.000 --> 00:27:58.000]  得到生命智慧
[00:27:58.000 --> 00:28:01.000]  不是要透過得到什麼知識或者方法
[00:28:01.000 --> 00:28:04.000]  而是要跟耶穌相遇
[00:28:04.000 --> 00:28:06.000]  是跟耶穌建立關係
[00:28:06.000 --> 00:28:11.000]  將自己的生命坦然放在耶穌面前
[00:28:11.000 --> 00:28:13.000]  就像這個女人一樣
[00:28:13.000 --> 00:28:18.000]  將自己生命的實情完全告訴耶穌
[00:28:18.000 --> 00:28:20.000]  容易嗎
[00:28:20.000 --> 00:28:22.000]  其實是很難的
[00:28:22.000 --> 00:28:25.000]  因為我們總是將自己不夠好
[00:28:25.000 --> 00:28:28.000]  不夠體面的地方都會遮住
[00:28:28.000 --> 00:28:29.000]  都會收起來
[00:28:29.000 --> 00:28:30.000]  你看看你旁邊的人
[00:28:30.000 --> 00:28:33.000]  好像醫官坐一坐
[00:28:33.000 --> 00:28:37.000]  但其實裡面的東西沒有人知道
[00:28:37.000 --> 00:28:39.000]  對這個女人來說
[00:28:39.000 --> 00:28:41.000]  她自知自己不健
[00:28:41.000 --> 00:28:44.000]  她裡面的是羞恥、自卑、不配
[00:28:44.000 --> 00:28:47.000]  這些是內在生命的問題
[00:28:47.000 --> 00:28:49.000]  不會因為她的血漏病好了
[00:28:49.000 --> 00:28:50.000]  就會得到醫治
[00:28:50.000 --> 00:28:53.000]  而這些未治癒的創傷
[00:28:53.000 --> 00:28:55.000]  只會阻礙這個女人前行
[00:28:55.000 --> 00:28:57.000]  阻礙她的成長
[00:28:57.000 --> 00:29:00.000]  叫她不能夠好好地過活
[00:29:00.000 --> 00:29:02.000]  輕散自由地生活
[00:29:02.000 --> 00:29:06.000]  享受不到原本她可以享受的生命
[00:29:06.000 --> 00:29:08.000]  我認識一位弟兄
[00:29:08.000 --> 00:29:10.000]  他有一份不錯的工作
[00:29:10.000 --> 00:29:14.000]  在一間大的機構裡面做中層的管理
[00:29:14.000 --> 00:29:17.000]  兒子也入讀大學了
[00:29:17.000 --> 00:29:19.000]  在人的眼中其實他很好
[00:29:19.000 --> 00:29:20.000]  有學識
[00:29:20.000 --> 00:29:21.000]  有家庭
[00:29:21.000 --> 00:29:23.000]  一個很好的先生
[00:29:23.000 --> 00:29:25.000]  不過原來在他心底裡
[00:29:25.000 --> 00:29:28.000]  他是這樣形容自己的
[00:29:28.000 --> 00:29:30.000]  他說自己一事無成
[00:29:30.000 --> 00:29:32.000]  他為了自己當年考試
[00:29:32.000 --> 00:29:34.000]  考得不是很好的成績
[00:29:34.000 --> 00:29:36.000]  他入了大學
[00:29:36.000 --> 00:29:39.000]  但他又覺得自己只是找到一些水泡科
[00:29:39.000 --> 00:29:41.000]  他覺得這樣
[00:29:41.000 --> 00:29:44.000]  這件事是令他僅僅於懷幾十年
[00:29:44.000 --> 00:29:47.000]  他覺得自己很失敗、很頹廢
[00:29:47.000 --> 00:29:48.000]  再聽多一點
[00:29:48.000 --> 00:29:51.000]  原來他的家庭、他的親戚
[00:29:51.000 --> 00:29:53.000]  裡面有很多是做醫生、做生意
[00:29:53.000 --> 00:29:55.000]  做得很出色的
[00:29:55.000 --> 00:29:58.000]  他覺得自己有負自己父母的期望
[00:29:58.000 --> 00:30:00.000]  原來覺得自己比下去
[00:30:00.000 --> 00:30:02.000]  覺得自己不夠好
[00:30:02.000 --> 00:30:05.000]  就是這個弟兄的血流病
[00:30:05.000 --> 00:30:08.000]  這個叫他覺得很羞恥、自卑
[00:30:08.000 --> 00:30:11.000]  很內疚、很沒用
[00:30:11.000 --> 00:30:13.000]  弟兄、姐妹
[00:30:13.000 --> 00:30:16.000]  你有沒有你自己的血流病?
[00:30:16.000 --> 00:30:18.000]  是怎樣的呢?
[00:30:18.000 --> 00:30:21.000]  會不會是曾經犯過的錯
[00:30:21.000 --> 00:30:22.000]  一些自己的沉溺
[00:30:22.000 --> 00:30:24.000]  一些軟弱
[00:30:24.000 --> 00:30:25.000]  傷害了人
[00:30:25.000 --> 00:30:26.000]  或者被人傷害
[00:30:26.000 --> 00:30:30.000]  或者一些我們還未能夠面對的創傷
[00:30:30.000 --> 00:30:32.000]  是一些錯失了的機會
[00:30:32.000 --> 00:30:34.000]  一些遺憾
[00:30:34.000 --> 00:30:38.000]  一些連自己都不想原諒自己的事情
[00:30:38.000 --> 00:30:40.000]  這些事情
[00:30:40.000 --> 00:30:43.000]  一直都很想忘記、很想迴避
[00:30:43.000 --> 00:30:44.000]  以為過去了
[00:30:44.000 --> 00:30:46.000]  我已經可以了
[00:30:46.000 --> 00:30:47.000]  就是這樣了
[00:30:47.000 --> 00:30:49.000]  或者生命就是這樣了
[00:30:49.000 --> 00:30:50.000]  不會變的了
[00:30:50.000 --> 00:30:52.000]  我人生就是這樣了
[00:30:52.000 --> 00:30:54.000]  但是這個女人
[00:30:54.000 --> 00:30:56.000]  12年血流病的這個女人
[00:30:56.000 --> 00:30:58.000]  即使她受了很多苦
[00:30:58.000 --> 00:31:01.000]  即使她用盡所有的錢
[00:31:01.000 --> 00:31:03.000]  她仍然都醫不好
[00:31:03.000 --> 00:31:05.000]  但是到了那一刻
[00:31:05.000 --> 00:31:07.000]  她都沒有放棄
[00:31:07.000 --> 00:31:09.000]  所以弟兄、姐妹
[00:31:09.000 --> 00:31:11.000]  我們都不需要放棄
[00:31:11.000 --> 00:31:13.000]  就像這個女人這樣
[00:31:13.000 --> 00:31:16.000]  我們相信耶穌醫治的大能
[00:31:16.000 --> 00:31:17.000]  只要真心相信
[00:31:17.000 --> 00:31:19.000]  就能夠得著醫治
[00:31:19.000 --> 00:31:23.000]  能夠得著神給我們的平安
[00:31:23.000 --> 00:31:26.000]  你相不相信呢?
[00:31:26.000 --> 00:31:28.000]  就像這個女人這樣
[00:31:28.000 --> 00:31:31.000]  正視和承認自己一切所發生的事情
[00:31:31.000 --> 00:31:32.000]  自己裡面的羞恥
[00:31:32.000 --> 00:31:33.000]  自己沒用
[00:31:33.000 --> 00:31:35.000]  其實這個承認的過程
[00:31:35.000 --> 00:31:37.000]  就像剛才Forenc 姐妹這樣說
[00:31:37.000 --> 00:31:39.000]  是很痛苦的
[00:31:39.000 --> 00:31:41.000]  承認自己不想承認的
[00:31:41.000 --> 00:31:43.000]  要面對自己不想面對的
[00:31:43.000 --> 00:31:45.000]  但是如果你不承認、你不正視
[00:31:45.000 --> 00:31:48.000]  我們就不能夠得到真正的意志
[00:31:48.000 --> 00:31:50.000]  就像面對罪一樣
[00:31:50.000 --> 00:31:52.000]  如果我們不去正視我們的罪
[00:31:52.000 --> 00:31:54.000]  罪就會控制我們
[00:31:54.000 --> 00:31:57.000]  但是當我們願意去面對罪
[00:31:57.000 --> 00:31:59.000]  將它擠在神的光明中
[00:31:59.000 --> 00:32:01.000]  這些就見光死了
[00:32:01.000 --> 00:32:05.000]  它就會失去了對我們的破壞力
[00:32:05.000 --> 00:32:08.000]  同樣面對我們的軟弱創傷
[00:32:08.000 --> 00:32:11.000]  只要我們能夠正視放在神的面前
[00:32:11.000 --> 00:32:15.000]  神已經按我們的本相去接納我們
[00:32:15.000 --> 00:32:18.000]  他以慈愛去包紮我們
[00:32:18.000 --> 00:32:20.000]  以致釋放我們
[00:32:20.000 --> 00:32:23.000]  求主憐憫幫助我們
[00:32:23.000 --> 00:32:29.000]  在34節那裡這樣說
[00:32:29.000 --> 00:32:32.000]  「女兒,你的信救了你」
[00:32:32.000 --> 00:32:35.000]  什麼叫做信啊?
[00:32:35.000 --> 00:32:37.000]  耶穌不想那個女人搞錯
[00:32:37.000 --> 00:32:40.000]  救她不是摸了耶穌的衣服
[00:32:40.000 --> 00:32:44.000]  而是信的重點是什麼?
[00:32:44.000 --> 00:32:47.000]  是信耶穌
[00:32:47.000 --> 00:32:50.000]  信從來不是說你信多還是信少
[00:32:50.000 --> 00:32:53.000]  其實是說信靠的對象
[00:32:53.000 --> 00:32:55.000]  如果你信到一個可信的人
[00:32:55.000 --> 00:32:56.000]  那你就行了
[00:32:56.000 --> 00:32:58.000]  但如果你信一個騙子
[00:32:58.000 --> 00:33:00.000]  信一點點也死了
[00:33:00.000 --> 00:33:02.000]  這個女人和我們信的對象
[00:33:02.000 --> 00:33:03.000]  都是耶穌
[00:33:03.000 --> 00:33:05.000]  耶穌就是那位
[00:33:05.000 --> 00:33:07.000]  他因著愛度成肉身
[00:33:07.000 --> 00:33:10.000]  而千年前來到我們人類的歷史當中
[00:33:10.000 --> 00:33:13.000]  他拯救、他醫治、他安慰人
[00:33:13.000 --> 00:33:15.000]  他叫我們得自由
[00:33:15.000 --> 00:33:17.000]  他很愛這個女人
[00:33:17.000 --> 00:33:19.000]  也很愛我們每一個
[00:33:19.000 --> 00:33:20.000]  愛我們去到一個地步
[00:33:20.000 --> 00:33:22.000]  他死在十字架上
[00:33:22.000 --> 00:33:27.000]  我們相信的就是一個這樣的耶穌
[00:33:27.000 --> 00:33:31.000]  而去信耶穌又是什麼意思呢?
[00:33:31.000 --> 00:33:34.000]  我們看看這個女人的信是怎樣的信
[00:33:34.000 --> 00:33:36.000]  信不是說我頭腦認知
[00:33:36.000 --> 00:33:37.000]  我知道耶穌
[00:33:37.000 --> 00:33:38.000]  知道耶穌是好人
[00:33:38.000 --> 00:33:40.000]  知道耶穌能夠醫治人
[00:33:40.000 --> 00:33:41.000]  知道耶穌是神
[00:33:41.000 --> 00:33:43.000]  這些的知道
[00:33:43.000 --> 00:33:44.000]  但沒有心動
[00:33:44.000 --> 00:33:45.000]  沒有行動
[00:33:45.000 --> 00:33:47.000]  其實不是叫做信
[00:33:47.000 --> 00:33:49.000]  這個女人的信其實是很激
[00:33:49.000 --> 00:33:51.000]  很有熱誠
[00:33:51.000 --> 00:33:52.000]  試想想
[00:33:52.000 --> 00:33:55.000]  一個這麼軟弱的女人
[00:33:55.000 --> 00:33:56.000]  正在病的
[00:33:56.000 --> 00:34:00.000]  她要多有決心才能追上耶穌
[00:34:00.000 --> 00:34:04.000]  要多有決心才能夠邁到耶穌的身邊
[00:34:04.000 --> 00:34:06.000]  她要多肯去冒險
[00:34:06.000 --> 00:34:10.000]  才能夠可以碰到耶穌的衣服
[00:34:10.000 --> 00:34:12.000]  當耶穌問誰摸我
[00:34:12.000 --> 00:34:17.000]  她要多有勇氣才能夠站出來承認一切
[00:34:17.000 --> 00:34:22.000]  她就將自己的生命投放在主耶穌的身上
[00:34:22.000 --> 00:34:26.000]  這些是這個女人告訴我們的信
[00:34:26.000 --> 00:34:28.000]  這個女人的信真的很激
[00:34:28.000 --> 00:34:29.000]  很奮心
[00:34:29.000 --> 00:34:30.000]  不是那種舒舒服服
[00:34:30.000 --> 00:34:31.000]  可有可無
[00:34:31.000 --> 00:34:36.000]  信耶穌只是眾多選項中的其中一項那一種
[00:34:36.000 --> 00:34:38.000]  弟兄姊妹
[00:34:38.000 --> 00:34:41.000]  你的信又是怎樣的呢?
[00:34:41.000 --> 00:34:42.000]  你信耶穌
[00:34:42.000 --> 00:34:43.000]  信得有多認真
[00:34:43.000 --> 00:34:44.000]  有多激
[00:34:44.000 --> 00:34:45.000]  有多盡呢?
[00:34:45.000 --> 00:34:48.000]  還是我們經常有很多的保留
[00:34:48.000 --> 00:34:50.000]  每個星期要回教會
[00:34:50.000 --> 00:34:51.000]  很累的
[00:34:51.000 --> 00:34:52.000]  認真讀經
[00:34:52.000 --> 00:34:55.000]  要去靈修祈禱
[00:34:55.000 --> 00:34:56.000]  很難的
[00:34:56.000 --> 00:34:57.000]  又或者
[00:34:57.000 --> 00:34:59.000]  讓人知道自己是基督
[00:34:59.000 --> 00:35:01.000]  分享信仰
[00:35:01.000 --> 00:35:02.000]  不知怎樣的
[00:35:02.000 --> 00:35:04.000]  而更重要的是
[00:35:04.000 --> 00:35:07.000]  我們和神的關係
[00:35:07.000 --> 00:35:11.000]  有沒有經常保持著一種的距離
[00:35:11.000 --> 00:35:14.000]  我們仍然有很多東西保留著
[00:35:14.000 --> 00:35:15.000]  我們沒有開放給神
[00:35:15.000 --> 00:35:18.000]  沒有給神介入我們的生命
[00:35:18.000 --> 00:35:21.000]  我們仍然自己在騙很多東西
[00:35:21.000 --> 00:35:23.000]  我們沒有想到給神
[00:35:23.000 --> 00:35:24.000]  去交託給神
[00:35:24.000 --> 00:35:25.000]  放手給神
[00:35:25.000 --> 00:35:28.000]  很想自己作主
[00:35:28.000 --> 00:35:29.000]  又或者
[00:35:29.000 --> 00:35:32.000]  在我們幽暗的地方
[00:35:32.000 --> 00:35:33.000]  我們仍然想逃避
[00:35:33.000 --> 00:35:35.000]  不想讓神知道
[00:35:35.000 --> 00:35:36.000]  今天
[00:35:36.000 --> 00:35:39.000]  這個女人信得這麼重
[00:35:39.000 --> 00:35:40.000]  對你來說
[00:35:40.000 --> 00:35:42.000]  有什麼提醒呢?
[00:35:42.000 --> 00:35:46.000]  在34節
[00:35:46.000 --> 00:35:47.000]  耶穌
[00:35:47.000 --> 00:35:50.000]  他這樣稱呼這個女人
[00:35:50.000 --> 00:35:51.000]  女兒
[00:35:51.000 --> 00:35:53.000]  這個女兒
[00:35:53.000 --> 00:35:54.000]  原文是
[00:35:54.000 --> 00:35:56.000]  Thakata
[00:35:56.000 --> 00:35:58.000]  是說女兒
[00:35:58.000 --> 00:36:02.000]  和之前上面25節和33節那個女人
[00:36:02.000 --> 00:36:04.000]  Gane
[00:36:04.000 --> 00:36:06.000]  是不同的
[00:36:06.000 --> 00:36:09.000]  34節那個女兒是很親暱的
[00:36:09.000 --> 00:36:11.000]  很有那種關係
[00:36:11.000 --> 00:36:12.000]  說女兒
[00:36:12.000 --> 00:36:13.000]  很溫柔
[00:36:13.000 --> 00:36:15.000]  那種愛的表達
[00:36:15.000 --> 00:36:16.000]  所以這裡
[00:36:16.000 --> 00:36:18.000]  耶穌說的是
[00:36:18.000 --> 00:36:19.000]  女兒
[00:36:19.000 --> 00:36:20.000]  你平安
[00:36:20.000 --> 00:36:21.000]  她會去
[00:36:21.000 --> 00:36:24.000]  你從來經歷不到什麼平安
[00:36:24.000 --> 00:36:25.000]  今天你回家
[00:36:25.000 --> 00:36:27.000]  帶著這份平安
[00:36:27.000 --> 00:36:30.000]  平安是什麼意思呢?
[00:36:30.000 --> 00:36:32.000]  平安不是那種
[00:36:32.000 --> 00:36:33.000]  沒事就平安
[00:36:33.000 --> 00:36:35.000]  其實這裡說的是
[00:36:35.000 --> 00:36:37.000]  平安的原文是Shalom
[00:36:37.000 --> 00:36:38.000]  是一種圓滿
[00:36:38.000 --> 00:36:39.000]  和好
[00:36:39.000 --> 00:36:40.000]  和諧
[00:36:40.000 --> 00:36:41.000]  和平
[00:36:41.000 --> 00:36:43.000]  一份心安理得
[00:36:43.000 --> 00:36:47.000]  說的是我們內在生命的狀態
[00:36:47.000 --> 00:36:49.000]  也指向人和人
[00:36:49.000 --> 00:36:50.000]  人和神
[00:36:50.000 --> 00:36:53.000]  那種和好的關係
[00:36:53.000 --> 00:36:55.000]  這種和好的關係
[00:36:55.000 --> 00:36:57.000]  這種狀態
[00:36:57.000 --> 00:36:59.000]  是可以在不平安的環境當中
[00:36:59.000 --> 00:37:01.000]  仍然可以有這種平安
[00:37:01.000 --> 00:37:03.000]  就正如我們身邊
[00:37:03.000 --> 00:37:05.000]  總有一些弟兄姊妹跟你說
[00:37:05.000 --> 00:37:07.000]  他在病的裏面
[00:37:07.000 --> 00:37:08.000]  他在艱難裏面
[00:37:08.000 --> 00:37:10.000]  原來仍然都可以經歷到
[00:37:10.000 --> 00:37:12.000]  出人意外的平安
[00:37:12.000 --> 00:37:14.000]  很不簡單
[00:37:14.000 --> 00:37:16.000]  神蹟的醫治
[00:37:16.000 --> 00:37:18.000]  血流忽然間好了
[00:37:18.000 --> 00:37:19.000]  病好了
[00:37:19.000 --> 00:37:21.000]  這些都可以翻身
[00:37:21.000 --> 00:37:23.000]  但情況未必經常都是這樣
[00:37:23.000 --> 00:37:25.000]  畢竟我們都很軟弱
[00:37:25.000 --> 00:37:26.000]  會生老病死
[00:37:26.000 --> 00:37:28.000]  但重要的是
[00:37:28.000 --> 00:37:30.000]  神在我們生命中的神蹟
[00:37:30.000 --> 00:37:32.000]  是祂賜給我們
[00:37:32.000 --> 00:37:34.000]  有那份出人意外的平安
[00:37:34.000 --> 00:37:37.000]  在艱難中仍然可以安穩
[00:37:37.000 --> 00:37:38.000]  仍然都知道
[00:37:38.000 --> 00:37:41.000]  神是看著他保守帶領著
[00:37:41.000 --> 00:37:44.000]  這就像剛才Forence分享
[00:37:44.000 --> 00:37:45.000]  是要信主
[00:37:45.000 --> 00:37:47.000]  婚姻沒有因為這樣而得到挽回
[00:37:47.000 --> 00:37:48.000]  管教問題
[00:37:48.000 --> 00:37:50.000]  經濟問題仍然存在
[00:37:50.000 --> 00:37:51.000]  但不同的是
[00:37:51.000 --> 00:37:53.000]  他是經歷到神的看顧
[00:37:53.000 --> 00:37:54.000]  神的帶領
[00:37:54.000 --> 00:37:57.000]  他經歷到主陪伴的一份平安
[00:37:57.000 --> 00:37:58.000]  和認定
[00:37:58.000 --> 00:38:00.000]  神就是看著他
[00:38:00.000 --> 00:38:02.000]  看著他的子女
[00:38:02.000 --> 00:38:07.000]  這正是我們不少多家團契姐妹都經歷過
[00:38:07.000 --> 00:38:09.000]  不停提及多家團契
[00:38:09.000 --> 00:38:12.000]  其實多家團契是甚麼呢?
[00:38:12.000 --> 00:38:14.000]  多家團契是一個比較特別的團契
[00:38:14.000 --> 00:38:16.000]  讓我小小介紹
[00:38:16.000 --> 00:38:18.000]  這個團契是給一些
[00:38:18.000 --> 00:38:22.000]  曾經或現正經歷婚姻衝擊的婦女去參加
[00:38:22.000 --> 00:38:24.000]  當中有離婚
[00:38:24.000 --> 00:38:25.000]  有仍然掙扎中
[00:38:25.000 --> 00:38:27.000]  有丈夫過世
[00:38:27.000 --> 00:38:29.000]  經歷喪夫之痛
[00:38:29.000 --> 00:38:33.000]  我們都經歷過很艱難的時候
[00:38:33.000 --> 00:38:35.000]  好像都不知道怎樣走下去
[00:38:35.000 --> 00:38:39.000]  但我們都真正經歷到神怎樣拯救我們
[00:38:39.000 --> 00:38:42.000]  從絕望中拉我們起來
[00:38:42.000 --> 00:38:46.000]  就好像死過翻山撿回一條命
[00:38:46.000 --> 00:38:48.000]  或者說得不是那麼對
[00:38:48.000 --> 00:38:52.000]  可以說我們經歷過死亡之後
[00:38:52.000 --> 00:38:54.000]  好像一個新的生命
[00:38:54.000 --> 00:38:57.000]  曾經有姐妹這樣寫下來
[00:38:57.000 --> 00:38:58.000]  我覺得她寫得很好
[00:38:58.000 --> 00:39:00.000]  讓我去讀出來
[00:39:00.000 --> 00:39:02.000]  婚姻的打擊很痛苦
[00:39:02.000 --> 00:39:06.000]  但原來這個亦幫助我看清楚我的人生
[00:39:06.000 --> 00:39:09.000]  我的生命意義和方向
[00:39:09.000 --> 00:39:11.000]  究竟我的安全感
[00:39:11.000 --> 00:39:14.000]  我的價值建基在甚麼地方呢?
[00:39:14.000 --> 00:39:18.000]  以前婚姻就是我人生很大很大的部份
[00:39:18.000 --> 00:39:20.000]  我是用婚姻去定義自己
[00:39:20.000 --> 00:39:24.000]  而唯有婚姻的人生才是完整的人生
[00:39:24.000 --> 00:39:26.000]  現在我沒有了另一半
[00:39:26.000 --> 00:39:28.000]  究竟我是誰呢?
[00:39:28.000 --> 00:39:31.000]  我應該用甚麼去定義自己呢?
[00:39:31.000 --> 00:39:34.000]  我仍然可以活得有意義有方向嗎?
[00:39:34.000 --> 00:39:37.000]  不過原來經歷了失婚
[00:39:37.000 --> 00:39:39.000]  失去婚姻甚至健康
[00:39:39.000 --> 00:39:44.000]  失去這些給我生命安穩的假象之後
[00:39:44.000 --> 00:39:46.000]  過程是很痛苦
[00:39:46.000 --> 00:39:48.000]  但當我選擇不逃避
[00:39:48.000 --> 00:39:52.000]  而願意靠著主的恩典去反省自己生命的時候
[00:39:52.000 --> 00:39:56.000]  正是自己裏面未了解未處理的部份
[00:39:56.000 --> 00:39:58.000]  我就經歷到主的醫治
[00:39:58.000 --> 00:40:00.000]  生命就可以得到更新
[00:40:00.000 --> 00:40:03.000]  經歷在主裏面的平安
[00:40:03.000 --> 00:40:04.000]  很感動
[00:40:04.000 --> 00:40:09.000]  這些就是我在多加看到一個又一個的生命故事
[00:40:09.000 --> 00:40:13.000]  這個也成為我自己很大的鼓勵和祝福
[00:40:13.000 --> 00:40:15.000]  不過有時我會想
[00:40:15.000 --> 00:40:19.000]  如果多加的姐妹沒有相信耶穌
[00:40:19.000 --> 00:40:21.000]  今天他們會怎樣呢?
[00:40:21.000 --> 00:40:24.000]  如果Forence沒有認識耶穌
[00:40:24.000 --> 00:40:27.000]  她沒有經歷過耶穌的愛
[00:40:27.000 --> 00:40:30.000]  她和她的子女會怎樣呢?
[00:40:30.000 --> 00:40:34.000]  這個血流的女人如果沒有遇上耶穌
[00:40:34.000 --> 00:40:38.000]  她往後的人生又會怎樣呢?
[00:40:38.000 --> 00:40:40.000]  弟兄姊妹,你呢?
[00:40:40.000 --> 00:40:43.000]  如果你沒有遇見耶穌
[00:40:43.000 --> 00:40:47.000]  你今天又會怎樣呢?
[00:40:47.000 --> 00:40:51.000]  讓我們有片刻的安靜
[00:40:51.000 --> 00:40:55.000]  想大家少少沉澱
[00:40:55.000 --> 00:41:03.000]  如果我們沒有遇見耶穌
[00:41:03.000 --> 00:41:07.000]  今天我們會怎樣呢?
[00:41:07.000 --> 00:41:28.000]  (安靜的音樂)
[00:41:28.000 --> 00:41:30.000]  讓我們一起唱
[00:41:30.000 --> 00:41:33.000]  如果我沒有遇見你

