
[00:00:00.000 --> 00:00:02.000]  弟兄姊妹平安
[00:00:02.000 --> 00:00:03.000]  平安
[00:00:03.000 --> 00:00:06.000]  感恩我們再次能夠有生命氣息
[00:00:06.000 --> 00:00:08.000]  回到周六早堂的崇拜
[00:00:08.000 --> 00:00:11.000]  再次聚集在神的殿當中
[00:00:11.000 --> 00:00:13.000]  敬拜那位掌管生命的主
[00:00:13.000 --> 00:00:15.000]  使我們整個人生
[00:00:15.000 --> 00:00:20.000]  以至整個向下流謙卑信仰的經歷
[00:00:20.000 --> 00:00:27.000]  縱然我們時時刻刻要去面對各種不同的挑戰和思念
[00:00:27.000 --> 00:00:33.000]  神或正在真實地經歷生活上各種困擾和難阻
[00:00:33.000 --> 00:00:35.000]  但直至如今
[00:00:35.000 --> 00:00:41.000]  神仍然無時無刻不分晝夜地與我們同在同行
[00:00:41.000 --> 00:00:44.000]  我們仍然能夠靠著生命的主的恩靈
[00:00:44.000 --> 00:00:47.000]  勇敢地面向內心的掙扎
[00:00:47.000 --> 00:00:51.000]  以至外在生活環境上的困擾
[00:00:51.000 --> 00:00:55.000]  在朝向迎見主面的神聖路上
[00:00:55.000 --> 00:00:58.000]  仍然能夠見一步 行一步
[00:00:58.000 --> 00:01:01.000]  行一步 見一步
[00:01:01.000 --> 00:01:05.000]  頂姐妹今天宣講的講題是「下流人生」
[00:01:05.000 --> 00:01:11.000]  所宣講的經文是馬可福音十章的三十二到四十五節
[00:01:11.000 --> 00:01:15.000]  此刻讓我們一起同心大聲讀出神的話語
[00:01:15.000 --> 00:01:19.000]  馬可福音十章的三十二到四十五節
[00:01:19.000 --> 00:01:23.000]  我們選用的是和合本修訂版的聖經版本
[00:01:23.000 --> 00:01:25.000]  我們一起起
[00:01:25.000 --> 00:01:29.000]  他們行路上耶路撒冷去
[00:01:29.000 --> 00:01:31.000]  耶穌在前頭走
[00:01:31.000 --> 00:01:33.000]  他們很驚訝
[00:01:33.000 --> 00:01:35.000]  跟從的人也害怕
[00:01:35.000 --> 00:01:38.000]  耶穌又叫十二使徒來
[00:01:38.000 --> 00:01:43.000]  把自己將要遭遇的事告訴他們
[00:01:43.000 --> 00:01:47.000]  說:看啊!我們上耶路撒冷去
[00:01:47.000 --> 00:01:52.000]  人子將被交在祭司長黃文士
[00:01:52.000 --> 00:01:54.000]  他們要定他死罪
[00:01:54.000 --> 00:01:56.000]  又交給外邦人
[00:01:56.000 --> 00:01:59.000]  他們要戲弄他
[00:01:59.000 --> 00:02:01.000]  向他吐槽門
[00:02:01.000 --> 00:02:04.000]  鞭打他 殺害他
[00:02:04.000 --> 00:02:07.000]  三天後他要復活
[00:02:07.000 --> 00:02:11.000]  西比太的兒子雅各和約翰進前來
[00:02:11.000 --> 00:02:13.000]  對耶穌說:
[00:02:13.000 --> 00:02:17.000]  老師,我們無論求你什麼
[00:02:17.000 --> 00:02:19.000]  願你為我們做
[00:02:19.000 --> 00:02:21.000]  耶穌對他們說:
[00:02:21.000 --> 00:02:24.000]  要我為你們做什麼?
[00:02:24.000 --> 00:02:26.000]  他們對他說:
[00:02:26.000 --> 00:02:28.000]  在你的榮耀裡
[00:02:28.000 --> 00:02:32.000]  請賜我們一個坐在你的右邊
[00:02:32.000 --> 00:02:35.000]  一個坐在你的左邊
[00:02:35.000 --> 00:02:37.000]  耶穌對他們說:
[00:02:37.000 --> 00:02:40.000]  你們不知道所求的是什麼
[00:02:40.000 --> 00:02:43.000]  我所學的輩你們能學嗎?
[00:02:43.000 --> 00:02:47.000]  我所受的洗你們能受嗎?
[00:02:47.000 --> 00:02:49.000]  他們對他說:
[00:02:49.000 --> 00:02:51.000]  我們能
[00:02:51.000 --> 00:02:53.000]  耶穌對他們說:
[00:02:53.000 --> 00:02:56.000]  我所學的輩你們要學
[00:02:56.000 --> 00:02:59.000]  我所受的洗你們也要受
[00:02:59.000 --> 00:03:02.000]  可是坐在我的左右
[00:03:02.000 --> 00:03:04.000]  不是我可以賜的
[00:03:04.000 --> 00:03:08.000]  而是為誰預備就賜給誰
[00:03:08.000 --> 00:03:10.000]  其餘十個門徒聽見
[00:03:10.000 --> 00:03:14.000]  就對雅各和約翰很生氣
[00:03:14.000 --> 00:03:16.000]  耶穌叫了他們來
[00:03:16.000 --> 00:03:18.000]  對他們說:
[00:03:18.000 --> 00:03:23.000]  你們知道外邦人有君王作主治理他們
[00:03:23.000 --> 00:03:27.000]  有大臣操權管轄他們
[00:03:27.000 --> 00:03:31.000]  但是在你們中間不可這樣
[00:03:31.000 --> 00:03:34.000]  你們中間誰願為大
[00:03:34.000 --> 00:03:37.000]  就要作你們的用人
[00:03:37.000 --> 00:03:40.000]  在你們中間誰願為首
[00:03:40.000 --> 00:03:43.000]  就要作眾人的僕人
[00:03:43.000 --> 00:03:47.000]  因為人子來並不是要受人的服侍
[00:03:47.000 --> 00:03:49.000]  乃是要服侍人
[00:03:49.000 --> 00:03:53.000]  並且要寫命作多人的屬家
[00:03:53.000 --> 00:03:55.000]  此刻讓我們開始正道之先
[00:03:55.000 --> 00:03:58.000]  一起低頭同心約個禱告
[00:03:58.000 --> 00:04:03.000]  因此信實長官萬佑的天父上帝
[00:04:03.000 --> 00:04:06.000]  我們感謝你讚美你
[00:04:06.000 --> 00:04:08.000]  感謝你一直默默地看顧我們
[00:04:08.000 --> 00:04:13.000]  使得我們仍然有生命氣息去敬拜讚頌你
[00:04:13.000 --> 00:04:14.000]  聽你的話語
[00:04:14.000 --> 00:04:18.000]  親自向我們每一個生命的說話
[00:04:18.000 --> 00:04:22.000]  我們知道這一切都不是理所當然的
[00:04:22.000 --> 00:04:25.000]  願聖靈親自在我們中間運行
[00:04:25.000 --> 00:04:26.000]  高滿你僕人的口
[00:04:26.000 --> 00:04:28.000]  成為你流通的管子
[00:04:28.000 --> 00:04:30.000]  合用的氣鳴
[00:04:30.000 --> 00:04:32.000]  使得我們能清楚明白
[00:04:32.000 --> 00:04:34.000]  聖在傾流你的話語
[00:04:34.000 --> 00:04:37.000]  也願聖靈親自打開每一位會眾的心
[00:04:37.000 --> 00:04:41.000]  使得我們每一位都能領受你話語的教導
[00:04:41.000 --> 00:04:43.000]  謹記在心中
[00:04:43.000 --> 00:04:44.000]  在我們的生命
[00:04:44.000 --> 00:04:46.000]  以至在我們整個信仰
[00:04:46.000 --> 00:04:48.000]  跟隨你的路上
[00:04:48.000 --> 00:04:49.000]  堅定在基督裡
[00:04:49.000 --> 00:04:51.000]  以生命去持守
[00:04:51.000 --> 00:04:54.000]  見證一生與你約中有份
[00:04:54.000 --> 00:04:55.000]  以上的禱告
[00:04:55.000 --> 00:04:59.000]  乃奉求主耶穌基督得勝的名字而求
[00:04:59.000 --> 00:05:00.000]  阿門
[00:05:00.000 --> 00:05:03.000]  頂姐妹
[00:05:03.000 --> 00:05:07.000]  回想起大家過往成長的歷程當中
[00:05:07.000 --> 00:05:11.000]  身處於不同年代的過來人
[00:05:11.000 --> 00:05:16.000]  就當然會受到屬於不同年代氛圍的影響
[00:05:16.000 --> 00:05:20.000]  以至要去面對不同社會觀念上的調適
[00:05:20.000 --> 00:05:23.000]  就好像年代久遠一些的
[00:05:23.000 --> 00:05:26.000]  在社會生活艱難之下
[00:05:26.000 --> 00:05:27.000]  白費代興
[00:05:27.000 --> 00:05:31.000]  生活上縱然家家有本難唸的經
[00:05:31.000 --> 00:05:34.000]  但七十二家房客般的
[00:05:34.000 --> 00:05:35.000]  人人為我
[00:05:35.000 --> 00:05:37.000]  我為人人
[00:05:37.000 --> 00:05:41.000]  借糖借鹽大鑊飯式的互助互愛
[00:05:41.000 --> 00:05:43.000]  互相守望的精神
[00:05:43.000 --> 00:05:47.000]  仍然能夠在時代當中隨處可見
[00:05:47.000 --> 00:05:51.000]  以至在經濟起飛的前設之下
[00:05:51.000 --> 00:05:54.000]  獅子山下家庭式的村郊花
[00:05:54.000 --> 00:05:56.000]  剪線頭的
[00:05:56.000 --> 00:05:59.000]  一家拼搏堅忍努力向上
[00:05:59.000 --> 00:06:01.000]  比比皆是
[00:06:01.000 --> 00:06:05.000]  及後在社會經濟發展蓬勃的機遇之下
[00:06:05.000 --> 00:06:09.000]  知識改變命運的勵精圖治
[00:06:09.000 --> 00:06:11.000]  發奮圖強式的有為
[00:06:11.000 --> 00:06:14.000]  彷彿成為我們往上流
[00:06:14.000 --> 00:06:17.000]  生命追尋的唯一目標
[00:06:17.000 --> 00:06:19.000]  時移世易
[00:06:19.000 --> 00:06:22.000]  近年代在新世代之中
[00:06:22.000 --> 00:06:25.000]  橫空出現的社畜文化
[00:06:25.000 --> 00:06:27.000]  邪降族slash
[00:06:27.000 --> 00:06:29.000]  佛系
[00:06:29.000 --> 00:06:30.000]  躺平
[00:06:30.000 --> 00:06:32.000]  甚或是靠富幹
[00:06:32.000 --> 00:06:34.000]  依依我不想努力了
[00:06:34.000 --> 00:06:36.000]  等等的觀念
[00:06:36.000 --> 00:06:39.000]  相繼如雨後春筍般
[00:06:39.000 --> 00:06:42.000]  百花齊放式的應運而生
[00:06:42.000 --> 00:06:45.000]  彷彿時代的齒輪不斷向前
[00:06:45.000 --> 00:06:49.000]  回應著這個世代立限的剖白
[00:06:49.000 --> 00:06:52.000]  回想在自己身處的成長年代
[00:06:52.000 --> 00:06:56.000]  都有影響我們自己那一代的專屬的命題
[00:06:56.000 --> 00:06:58.000]  以及概念
[00:06:58.000 --> 00:07:00.000]  大家猜到是什麼嗎?
[00:07:00.000 --> 00:07:02.000]  不知道大家有沒有聽過
[00:07:02.000 --> 00:07:05.000]  就是四仔主義
[00:07:05.000 --> 00:07:07.000]  我自己身處的時代
[00:07:07.000 --> 00:07:10.000]  所追求的方向是什麼?
[00:07:10.000 --> 00:07:12.000]  小屋
[00:07:12.000 --> 00:07:13.000]  小車
[00:07:13.000 --> 00:07:14.000]  小老婆
[00:07:14.000 --> 00:07:16.000]  以及最重要的
[00:07:16.000 --> 00:07:17.000]  小寶寶
[00:07:17.000 --> 00:07:18.000]  不好意思
[00:07:18.000 --> 00:07:21.000]  出賣了我自己年齡的秘密
[00:07:21.000 --> 00:07:22.000]  身處的年代
[00:07:22.000 --> 00:07:24.000]  可能大家都身處的年代
[00:07:24.000 --> 00:07:27.000]  不過大家不要只專注於項目的本身
[00:07:27.000 --> 00:07:30.000]  我們更加要專注於物質的秩序
[00:07:30.000 --> 00:07:32.000]  它是隱藏了一個命令
[00:07:32.000 --> 00:07:34.000]  有一個秩序在裡面
[00:07:34.000 --> 00:07:35.000]  是怎樣的?
[00:07:35.000 --> 00:07:36.000]  首先要有小屋
[00:07:36.000 --> 00:07:38.000]  然後小車
[00:07:38.000 --> 00:07:39.000]  然後小老婆
[00:07:39.000 --> 00:07:40.000]  然後怎樣?
[00:07:40.000 --> 00:07:41.000]  才有小寶寶
[00:07:41.000 --> 00:07:45.000]  從中之重是千萬不要搞亂了它的先後秩序
[00:07:45.000 --> 00:07:48.000]  否則就很大件事了
[00:07:48.000 --> 00:07:49.000]  兄弟姐妹
[00:07:49.000 --> 00:07:50.000]  不管怎樣
[00:07:50.000 --> 00:07:52.000]  我們都不能夠發現
[00:07:52.000 --> 00:07:56.000]  每個身處成長的世代裡面
[00:07:56.000 --> 00:07:57.000]  人望高處
[00:07:57.000 --> 00:07:58.000]  水向低流
[00:07:58.000 --> 00:08:00.000]  望止成龍的有為
[00:08:00.000 --> 00:08:03.000]  大多都是人心之所向的追求
[00:08:03.000 --> 00:08:08.000]  社會上視為自然不過理所當然成功的標準
[00:08:08.000 --> 00:08:10.000]  當我們面向這個世代
[00:08:10.000 --> 00:08:13.000]  被社會往上流的約定族成
[00:08:13.000 --> 00:08:17.000]  不斷地被前移默化去分逃和同化
[00:08:17.000 --> 00:08:19.000]  但作為被神所揀選
[00:08:19.000 --> 00:08:22.000]  分別為性的信仰群體
[00:08:22.000 --> 00:08:26.000]  在整個生命以至跟隨主旨意的信仰路上
[00:08:26.000 --> 00:08:30.000]  我們又怎樣去時刻以神為尊
[00:08:30.000 --> 00:08:31.000]  與主為榮
[00:08:31.000 --> 00:08:34.000]  謙卑信服地俯伏在放下
[00:08:34.000 --> 00:08:36.000]  去回應神的恩寧
[00:08:36.000 --> 00:08:39.000]  緊貼神去見證一個合神心意
[00:08:39.000 --> 00:08:41.000]  顛覆世俗的標準
[00:08:41.000 --> 00:08:47.000]  經歷一個在世人眼中不一樣往下流的信仰人生呢?
[00:08:47.000 --> 00:08:52.000]  經歷完上文八章二十二節開始
[00:08:52.000 --> 00:08:56.000]  至十章五十二節的首尾呼應
[00:08:56.000 --> 00:09:00.000]  以核子被伊志能看見的描述之後
[00:09:00.000 --> 00:09:04.000]  經文進一步揭示耶穌和進門徒
[00:09:04.000 --> 00:09:08.000]  在踏上耶路撒冷在路上的經歷
[00:09:08.000 --> 00:09:11.000]  而這段最後的旅程當中
[00:09:11.000 --> 00:09:15.000]  不單止先後記載了耶穌三次的預言
[00:09:15.000 --> 00:09:17.000]  人子的被害
[00:09:17.000 --> 00:09:20.000]  被自己人的背叛出賣
[00:09:20.000 --> 00:09:23.000]  我們在經文當中更加不要忽略
[00:09:23.000 --> 00:09:26.000]  其中有一個不厭其煩
[00:09:26.000 --> 00:09:31.000]  三番四次地展現出一個循環結構式的迴響
[00:09:31.000 --> 00:09:34.000]  就好像看似平靜的湖面
[00:09:34.000 --> 00:09:37.000]  一石激起千層浪
[00:09:37.000 --> 00:09:39.000]  泛起絲絲的漣漪
[00:09:39.000 --> 00:09:42.000]  不斷地在蕩漾中抗戰
[00:09:42.000 --> 00:09:45.000]  預言人子的被害
[00:09:45.000 --> 00:09:47.000]  門徒的不知
[00:09:47.000 --> 00:09:50.000]  因無事的失衡
[00:09:50.000 --> 00:09:53.000]  還引出耶穌對門徒
[00:09:53.000 --> 00:09:56.000]  以至對跟隨者的教導
[00:09:56.000 --> 00:10:00.000]  當中我們也不難發現到
[00:10:00.000 --> 00:10:04.000]  預言中漸漸地一次比一次的清晰
[00:10:04.000 --> 00:10:07.000]  一次比一次的有壓迫感
[00:10:07.000 --> 00:10:11.000]  另一邊廂正值危急存亡之秋
[00:10:11.000 --> 00:10:15.000]  而最親近最貼身耶穌的門徒
[00:10:15.000 --> 00:10:17.000]  跟隨者
[00:10:17.000 --> 00:10:20.000]  理應是最清楚最明白
[00:10:20.000 --> 00:10:23.000]  將會發生什麼事的持份者
[00:10:23.000 --> 00:10:27.000]  但卻不知為何相繼失衡
[00:10:27.000 --> 00:10:32.000]  展現出反智的不知和不明白
[00:10:32.000 --> 00:10:34.000]  經文中更展現出耶穌
[00:10:34.000 --> 00:10:37.000]  無論是對彼得的責備
[00:10:37.000 --> 00:10:40.000]  以至自己背起十字架
[00:10:40.000 --> 00:10:43.000]  要付上代價跟隨的教導
[00:10:43.000 --> 00:10:45.000]  甚或對十二門徒
[00:10:45.000 --> 00:10:48.000]  爭論誰為大的失望
[00:10:48.000 --> 00:10:50.000]  引出在前的在後
[00:10:50.000 --> 00:10:52.000]  接待小孩子的教導
[00:10:52.000 --> 00:10:55.000]  以至今日所宣講的經文
[00:10:55.000 --> 00:10:58.000]  《馬克福音》十章的32到45字
[00:10:58.000 --> 00:11:03.000]  面對雅各若看無理次與的要求
[00:11:03.000 --> 00:11:06.000]  更換引出非以逆人
[00:11:06.000 --> 00:11:09.000]  乃逆於人 獨人讓色的教導
[00:11:09.000 --> 00:11:12.000]  來到《馬克福音》第十章
[00:11:12.000 --> 00:11:15.000]  經文一開始展現出一連串
[00:11:15.000 --> 00:11:18.000]  以法理賽人的試探
[00:11:18.000 --> 00:11:21.000]  展現出憂妻犯奸淫
[00:11:21.000 --> 00:11:24.000]  一意孤行的心的剛硬
[00:11:24.000 --> 00:11:26.000]  接著更以小孩子
[00:11:26.000 --> 00:11:29.000]  配得盡神覺的清心
[00:11:29.000 --> 00:11:31.000]  及後更以才主
[00:11:31.000 --> 00:11:35.000]  只專注於遵守行為上的跟從
[00:11:35.000 --> 00:11:39.000]  始終當要面對真正的跟從的時候
[00:11:39.000 --> 00:11:42.000]  心中是幽幽愁愁
[00:11:42.000 --> 00:11:45.000]  與神覺無分的教導
[00:11:45.000 --> 00:11:47.000]  弟兄姊妹盼望今日嘗試
[00:11:47.000 --> 00:11:50.000]  透過《馬克福音》十章的32到45字
[00:11:50.000 --> 00:11:52.000]  宣講的經文
[00:11:52.000 --> 00:11:54.000]  嘗試讓我們開放我們的心靈
[00:11:54.000 --> 00:11:56.000]  讓聖靈去引領
[00:11:56.000 --> 00:11:59.000]  細心聆聽神親自用祂的話語
[00:11:59.000 --> 00:12:01.000]  搞動我們內心
[00:12:01.000 --> 00:12:03.000]  心靈的深處
[00:12:03.000 --> 00:12:06.000]  引領我們在生命中去經歷
[00:12:06.000 --> 00:12:09.000]  尋找屬於我們每個人與神相遇
[00:12:09.000 --> 00:12:13.000]  聖靈親自引領我們每個人獨特的出路
[00:12:13.000 --> 00:12:16.000]  弟兄姊妹
[00:12:16.000 --> 00:12:19.000]  我今日想向大家宣講的第一點是
[00:12:19.000 --> 00:12:22.000]  膽戰心驚的跟隨
[00:12:22.000 --> 00:12:25.000]  經文是32到34節
[00:12:25.000 --> 00:12:27.000]  請聽神的話語
[00:12:27.000 --> 00:12:33.000]  「他們行路上耶路撒冷去
[00:12:33.000 --> 00:12:35.000]  耶穌在前頭走
[00:12:35.000 --> 00:12:37.000]  他們很驚訝
[00:12:37.000 --> 00:12:39.000]  跟從的人也害怕
[00:12:39.000 --> 00:12:43.000]  耶穌又叫十二使徒來
[00:12:43.000 --> 00:12:47.000]  把自己將要遭遇的事告訴他們
[00:12:47.000 --> 00:12:51.000]  說:看啊!我們上耶路撒冷去
[00:12:51.000 --> 00:12:54.000]  人子將被交給祭司長和文士
[00:12:54.000 --> 00:12:57.000]  他們要定他死罪
[00:12:57.000 --> 00:12:59.000]  又交給外邦人
[00:12:59.000 --> 00:13:01.000]  他們要戲弄他
[00:13:01.000 --> 00:13:03.000]  向他吐唾沫
[00:13:03.000 --> 00:13:04.000]  鞭打他
[00:13:04.000 --> 00:13:06.000]  殺害他
[00:13:06.000 --> 00:13:09.000]  三天後他要復活」
[00:13:09.000 --> 00:13:13.000]  來到踏上耶路撒冷在路上
[00:13:13.000 --> 00:13:16.000]  第三次人子被害
[00:13:16.000 --> 00:13:18.000]  預言的罪字當中
[00:13:18.000 --> 00:13:20.000]  經文一開始
[00:13:20.000 --> 00:13:24.000]  清楚記述了耶穌和眾門徒
[00:13:24.000 --> 00:13:27.000]  一如以往地繼續他們的旅程
[00:13:27.000 --> 00:13:30.000]  一方面從地理上
[00:13:30.000 --> 00:13:31.000]  我們可以想像得到
[00:13:31.000 --> 00:13:33.000]  由約旦河
[00:13:33.000 --> 00:13:36.000]  近乎低於水平線的地方
[00:13:36.000 --> 00:13:38.000]  一路往耶路撒冷
[00:13:38.000 --> 00:13:39.000]  艦嵐山上
[00:13:39.000 --> 00:13:40.000]  山勢上
[00:13:40.000 --> 00:13:43.000]  確實是一條往上走
[00:13:43.000 --> 00:13:47.000]  由平坦到崎嶇的上行之路
[00:13:47.000 --> 00:13:49.000]  另一方面
[00:13:49.000 --> 00:13:51.000]  在眾人的心裡
[00:13:51.000 --> 00:13:53.000]  神話更隱隱然是一條
[00:13:53.000 --> 00:13:54.000]  在他們的心靈上
[00:13:54.000 --> 00:13:56.000]  以至內心深處
[00:13:56.000 --> 00:13:58.000]  得到飽足、得到滿足
[00:13:58.000 --> 00:14:02.000]  夢寐以求邁向聖城耶路撒冷
[00:14:02.000 --> 00:14:07.000]  滿懷期待榮耀勝利的朝聖之旅
[00:14:07.000 --> 00:14:08.000]  弟兄姊妹
[00:14:08.000 --> 00:14:11.000]  我們對這些內心的感受、興奮
[00:14:11.000 --> 00:14:14.000]  可能一點都不會陌生
[00:14:14.000 --> 00:14:17.000]  就好像我們身處在不同的職場的處境
[00:14:17.000 --> 00:14:19.000]  正當我們醉生夢死
[00:14:19.000 --> 00:14:21.000]  依靠著自己的能力
[00:14:21.000 --> 00:14:23.000]  竭力地去追逐著
[00:14:23.000 --> 00:14:25.000]  你自己心之所好
[00:14:25.000 --> 00:14:27.000]  你之所想的當下
[00:14:27.000 --> 00:14:29.000]  你猜一下你自己
[00:14:29.000 --> 00:14:31.000]  又可以去到有多準
[00:14:31.000 --> 00:14:34.000]  在逐路競爭競的裡面
[00:14:34.000 --> 00:14:36.000]  漸漸迷失的當中
[00:14:36.000 --> 00:14:38.000]  被成王敗寇要成功
[00:14:38.000 --> 00:14:40.000]  有為的野心
[00:14:40.000 --> 00:14:42.000]  不斷地蠶食
[00:14:42.000 --> 00:14:45.000]  越往上走的人又如何呢?
[00:14:45.000 --> 00:14:47.000]  當然是越心紅
[00:14:47.000 --> 00:14:50.000]  內心就越來越心高氣傲
[00:14:50.000 --> 00:14:52.000]  更自以為大地在我腳下
[00:14:52.000 --> 00:14:53.000]  目空一切
[00:14:53.000 --> 00:14:56.000]  繼而親小人遠言甚
[00:14:56.000 --> 00:14:59.000]  一言堂地排除異己
[00:14:59.000 --> 00:15:01.000]  誅滅眾量
[00:15:01.000 --> 00:15:03.000]  甚或更為著一己的私慾
[00:15:03.000 --> 00:15:07.000]  更仁無恥便無敵地打正旗號
[00:15:07.000 --> 00:15:10.000]  出師有名地偽裝
[00:15:10.000 --> 00:15:13.000]  任意妄為對欺控廉價去叫賣
[00:15:13.000 --> 00:15:17.000]  久而久之更被自我的欲求所佔據
[00:15:17.000 --> 00:15:19.000]  失去了對神的敬畏
[00:15:19.000 --> 00:15:22.000]  在罪的迷失中任意妄為
[00:15:22.000 --> 00:15:24.000]  不能自拔
[00:15:24.000 --> 00:15:26.000]  弟兄姊妹
[00:15:26.000 --> 00:15:28.000]  在末世中重要的
[00:15:28.000 --> 00:15:31.000]  並不是我們不分青紅皂白
[00:15:31.000 --> 00:15:36.000]  一味盲從地靠自己的死力去死衝
[00:15:36.000 --> 00:15:38.000]  我們更需要的是
[00:15:38.000 --> 00:15:41.000]  安靜地撫摸自己的內心
[00:15:41.000 --> 00:15:44.000]  時刻倚靠聖靈去分辨
[00:15:44.000 --> 00:15:48.000]  這些似是而非的偽善包裝
[00:15:48.000 --> 00:15:52.000]  以致面對日光之下種種罪的誘惑、示念
[00:15:52.000 --> 00:15:56.000]  在我們信仰路上謹慎隨主
[00:15:56.000 --> 00:16:00.000]  要時刻敏銳引以為鑒
[00:16:00.000 --> 00:16:02.000]  回到經文當中
[00:16:02.000 --> 00:16:05.000]  這次與之前的技術很不同
[00:16:05.000 --> 00:16:09.000]  經文一開始刻意地去形容門徒
[00:16:09.000 --> 00:16:11.000]  跟隨主的內心
[00:16:11.000 --> 00:16:15.000]  以致心路歷程微妙的變化
[00:16:15.000 --> 00:16:19.000]  因著耶穌在前頭走的一個舉動
[00:16:19.000 --> 00:16:21.000]  門徒就稀奇
[00:16:21.000 --> 00:16:24.000]  表現出受到驚訝
[00:16:24.000 --> 00:16:27.000]  莫名地心都離一離
[00:16:27.000 --> 00:16:30.000]  而其他跟隨的人就更大件事
[00:16:30.000 --> 00:16:37.000]  經文中以害怕去描述他們此刻正要面對自己的驚恐、害怕
[00:16:37.000 --> 00:16:40.000]  內在的心理狀況
[00:16:40.000 --> 00:16:43.000]  來到這裡先停一停
[00:16:43.000 --> 00:16:47.000]  大家可能心裡都會覺得有點奇怪
[00:16:47.000 --> 00:16:50.000]  心裡可能都會有點疑問
[00:16:50.000 --> 00:16:54.000]  究竟他們在怕什麼?
[00:16:54.000 --> 00:16:56.000]  或者粗俗一點說
[00:16:56.000 --> 00:17:00.000]  有什麼令他們這一刻這麼心虛呢?
[00:17:00.000 --> 00:17:02.000]  這麼害怕呢?
[00:17:02.000 --> 00:17:06.000]  一方面原來按照猶太人拉比的傳統
[00:17:06.000 --> 00:17:10.000]  老師走在學生的前面
[00:17:10.000 --> 00:17:13.000]  這個我們看似稀疏平常的動作
[00:17:13.000 --> 00:17:17.000]  原來在眾人的眼中是一個極之不尋常
[00:17:17.000 --> 00:17:19.000]  有為常理
[00:17:19.000 --> 00:17:24.000]  這只是顛覆他們不能撼動傳統的舉動
[00:17:24.000 --> 00:17:28.000]  觸碰他們自己的底線
[00:17:28.000 --> 00:17:31.000]  我們可以安靜思想一下
[00:17:31.000 --> 00:17:35.000]  當我們回想在四福音的敘事當中
[00:17:35.000 --> 00:17:39.000]  以至在馬可福音之前經文的描述當中
[00:17:39.000 --> 00:17:42.000]  我們在腦海的印象中
[00:17:42.000 --> 00:17:47.000]  大概都是門徒跟隨者在前面走
[00:17:47.000 --> 00:17:51.000]  耶穌通常都是殿後壓尾
[00:17:51.000 --> 00:17:55.000]  就好像一些重要的人物明星出場
[00:17:55.000 --> 00:18:00.000]  保安和黑衣人當然是在前面護駕開路
[00:18:00.000 --> 00:18:05.000]  你什麼時候見過有大明星大人物走在最前線開路
[00:18:05.000 --> 00:18:08.000]  做馬前卒這些下流的事
[00:18:08.000 --> 00:18:11.000]  身份地位尊貴的身影
[00:18:11.000 --> 00:18:16.000]  當然彷彿只屬於美江燈下的舞台
[00:18:16.000 --> 00:18:18.000]  但這次很不同
[00:18:18.000 --> 00:18:23.000]  耶穌臨近耶路撒冷的在路上突然一反常態
[00:18:23.000 --> 00:18:28.000]  走在門徒跟隨者的前面再前頭走
[00:18:28.000 --> 00:18:32.000]  頂姐妹,大家出來走江湖這麼久
[00:18:32.000 --> 00:18:37.000]  來到這一刻,我猜連最遲鈍最親切的都醒水吧
[00:18:37.000 --> 00:18:41.000]  應該每個人都會覺得有些心知不妙
[00:18:41.000 --> 00:18:44.000]  即將有大件事、大件事發生
[00:18:44.000 --> 00:18:47.000]  山雨欲來,一觸即發
[00:18:47.000 --> 00:18:49.000]  就好像今日武俠小說中的情節
[00:18:49.000 --> 00:18:54.000]  當最好武功的掌門大師兄突然走出來打頭陣
[00:18:54.000 --> 00:18:57.000]  叫徒弟師弟退後
[00:18:57.000 --> 00:19:00.000]  就知道來襲的敵人怎樣
[00:19:00.000 --> 00:19:03.000]  在江湖上絕非泛泛之輩
[00:19:03.000 --> 00:19:06.000]  武功亦絕非平庸之徒
[00:19:06.000 --> 00:19:11.000]  一場震動武林的腥風血雨,勢在所難免
[00:19:11.000 --> 00:19:15.000]  就算退一萬步去想,萬一真的打不過也好
[00:19:15.000 --> 00:19:18.000]  都可以爭取到少少的時間
[00:19:18.000 --> 00:19:20.000]  讓一班後輩去安身立命
[00:19:20.000 --> 00:19:23.000]  謀定義,保命撤退
[00:19:23.000 --> 00:19:29.000]  另一方面,回想起上文《馬可福音》八章的二十九節
[00:19:29.000 --> 00:19:32.000]  經文當中,星經這樣說
[00:19:32.000 --> 00:19:37.000]  「你們說我是誰,彼得回答說,你是基督」
[00:19:37.000 --> 00:19:40.000]  經文中正正是揭示出
[00:19:40.000 --> 00:19:44.000]  他們一直所跟從耶穌基督真正的身份
[00:19:44.000 --> 00:19:50.000]  真正的身份就是在恩典中私行拯救的基督尼塞亞
[00:19:50.000 --> 00:19:55.000]  所以耶穌走在上耶路撒冷的載路上
[00:19:55.000 --> 00:19:57.000]  這個走在前頭的舉動
[00:19:57.000 --> 00:20:02.000]  甚或更牽動了他們各人內心深處的不安
[00:20:02.000 --> 00:20:10.000]  即時對號入座地聯想到尼塞亞和當時羅馬政權即將展開的爭戰
[00:20:10.000 --> 00:20:16.000]  所以他們內心產生了一份莫名的驚嚇和恐懼
[00:20:16.000 --> 00:20:19.000]  因而害怕起來
[00:20:19.000 --> 00:20:22.000]  弟兄姊妹,看劍吧
[00:20:22.000 --> 00:20:27.000]  經文中讓我們觀察到眾門徒以至跟隨者的跟從
[00:20:27.000 --> 00:20:31.000]  甚或來到這一刻才真正正式開始
[00:20:31.000 --> 00:20:35.000]  回想過往追隨者的所謂跟從耶穌
[00:20:35.000 --> 00:20:41.000]  可能都是不明所以人魂逆魂的偶像式的去追星
[00:20:41.000 --> 00:20:47.000]  甚或更只是滿腹著自己生活的所需厚福之慾
[00:20:47.000 --> 00:20:50.000]  狐假虎威地消費著耶穌
[00:20:50.000 --> 00:20:55.000]  藉著耶穌的醫治神蹟、講鬼的權柄
[00:20:55.000 --> 00:20:58.000]  去僭建著他們屬靈謙卑的假象
[00:20:58.000 --> 00:21:02.000]  利欲分心以滿足自己一己的私慾
[00:21:02.000 --> 00:21:06.000]  在這裡混水摸魚,在拿著好處
[00:21:06.000 --> 00:21:10.000]  他們一方面表面上裝出鬼身的跟從
[00:21:10.000 --> 00:21:16.000]  實情是虛擬社會真正跟從著他們自己的內心
[00:21:16.000 --> 00:21:19.000]  成功往上爬的野心慾望
[00:21:19.000 --> 00:21:23.000]  並不是真正跟從著耶穌基督
[00:21:23.000 --> 00:21:26.000]  跟從著拯救他們生命的尼塞亞
[00:21:26.000 --> 00:21:29.000]  正如昔日屬靈前輩所講
[00:21:29.000 --> 00:21:31.000]  在屬靈跟隨的路上
[00:21:31.000 --> 00:21:37.000]  千萬不要將不想要的變成你想要追逐的目標
[00:21:37.000 --> 00:21:41.000]  將想要的變成你必定的需要
[00:21:41.000 --> 00:21:44.000]  因而不斷地徒然奔跑
[00:21:44.000 --> 00:21:48.000]  不斷地在無謂的增進當中逐漸迷失
[00:21:48.000 --> 00:21:53.000]  漸漸散失了神呼召你昔日的初心
[00:21:53.000 --> 00:21:56.000]  回想自己被神去呼召
[00:21:56.000 --> 00:21:58.000]  立志去全職侍奉
[00:21:58.000 --> 00:22:03.000]  老實講,當時在職場上自己正值當打
[00:22:03.000 --> 00:22:05.000]  叱吒風雲之際
[00:22:05.000 --> 00:22:08.000]  身處於事業人生的高峰
[00:22:08.000 --> 00:22:12.000]  問心那句:想不想放下一切去跟從
[00:22:12.000 --> 00:22:15.000]  我要在這裡跟大家真心講一句
[00:22:15.000 --> 00:22:17.000]  真心是不想的
[00:22:17.000 --> 00:22:20.000]  你問我人到中年
[00:22:20.000 --> 00:22:23.000]  才去轉一條自己不熟悉的跑道
[00:22:23.000 --> 00:22:25.000]  去讓人避惜
[00:22:25.000 --> 00:22:27.000]  你問我怕不怕、咬不咬
[00:22:27.000 --> 00:22:29.000]  真心講一句
[00:22:29.000 --> 00:22:32.000]  真的非常害怕和非常害怕
[00:22:32.000 --> 00:22:35.000]  但我同時卻是知道
[00:22:35.000 --> 00:22:38.000]  自己個人的感受固然重要
[00:22:38.000 --> 00:22:42.000]  但在跟隨主的信仰人生的路上
[00:22:42.000 --> 00:22:46.000]  明白到有時咬也是要去的
[00:22:46.000 --> 00:22:49.000]  更重要的是要在順服、回應
[00:22:49.000 --> 00:22:54.000]  創造掌管生命的主對自己生命的呼召
[00:22:54.000 --> 00:22:57.000]  義無反顧地緊緊去跟從
[00:22:57.000 --> 00:22:59.000]  所以經歷掙扎過後
[00:22:59.000 --> 00:23:02.000]  我都願意謙卑放下
[00:23:02.000 --> 00:23:05.000]  去回應神對我的召命
[00:23:05.000 --> 00:23:07.000]  縱然在四年多的侍奉裡
[00:23:07.000 --> 00:23:09.000]  令我大開眼界
[00:23:09.000 --> 00:23:12.000]  以至為之看顏的不配
[00:23:12.000 --> 00:23:15.000]  但同時身為你的目者
[00:23:15.000 --> 00:23:17.000]  身處其中的持份者
[00:23:17.000 --> 00:23:21.000]  更是難辭其咎、責無旁貸
[00:23:21.000 --> 00:23:25.000]  面對那種無奈和無力感
[00:23:25.000 --> 00:23:30.000]  更是百詞莫辯、難以不默去形容
[00:23:30.000 --> 00:23:33.000]  但今日我仍然可以在此
[00:23:33.000 --> 00:23:35.000]  跟大家真心講一句
[00:23:35.000 --> 00:23:37.000]  坦誠地講一句
[00:23:37.000 --> 00:23:40.000]  我並沒有後悔過回應神的呼召
[00:23:40.000 --> 00:23:45.000]  神對我生命上的私恩、憐憫的救拔
[00:23:45.000 --> 00:23:50.000]  頂姐妹,對人可以很失望
[00:23:50.000 --> 00:23:54.000]  對神仍然要時刻心存盼望
[00:23:54.000 --> 00:23:58.000]  千萬不要連對神的信心都失去
[00:23:58.000 --> 00:24:01.000]  頂姐妹,漢堅
[00:24:01.000 --> 00:24:06.000]  真正的害怕其實就是害怕的本身
[00:24:06.000 --> 00:24:08.000]  其實不知道害怕的是什麼
[00:24:08.000 --> 00:24:13.000]  繼而終日在惶恐之中逐漸迷失、失去自我
[00:24:13.000 --> 00:24:16.000]  對惡勢力去搖尾乞憐
[00:24:16.000 --> 00:24:19.000]  甚或被純養去唯命是從
[00:24:19.000 --> 00:24:22.000]  失去了應有的使命
[00:24:22.000 --> 00:24:27.000]  頂姐妹,正所謂怯,你就輸一世
[00:24:27.000 --> 00:24:32.000]  真正的跟從耶穌就是明知會害怕
[00:24:32.000 --> 00:24:38.000]  是會害怕受到別人對自己自身的攻擊和傷害
[00:24:38.000 --> 00:24:41.000]  以至要去面對個人榮辱的得失
[00:24:41.000 --> 00:24:46.000]  仍然能夠謙卑信服地放下自我去倚靠神
[00:24:46.000 --> 00:24:49.000]  無論面對何種困惑
[00:24:49.000 --> 00:24:51.000]  身處何種的境況
[00:24:51.000 --> 00:24:54.000]  仍然能夠敢靠生命的主
[00:24:54.000 --> 00:24:57.000]  始至不渝地含飲
[00:24:57.000 --> 00:25:01.000]  堅守真正對耶穌的跟從
[00:25:01.000 --> 00:25:04.000]  頂姐妹,真正的跟從
[00:25:04.000 --> 00:25:09.000]  從來都是信服神、信從神、不信從人
[00:25:09.000 --> 00:25:12.000]  不被世俗的洪流污染
[00:25:12.000 --> 00:25:16.000]  被稀釋、同化而隨波逐流
[00:25:16.000 --> 00:25:20.000]  在罪孽當中共同犯罪
[00:25:20.000 --> 00:25:23.000]  接著經文再一次去揭示
[00:25:23.000 --> 00:25:26.000]  耶穌被自己人的出賣
[00:25:26.000 --> 00:25:28.000]  以至被害受死的真實
[00:25:28.000 --> 00:25:33.000]  而詳細的經文的詳細也很多人說過了
[00:25:33.000 --> 00:25:34.000]  很多次了
[00:25:34.000 --> 00:25:36.000]  大家都應該非常熟悉
[00:25:36.000 --> 00:25:39.000]  所以我就不在這裡再三呼吠說多次
[00:25:39.000 --> 00:25:41.000]  免得悶到大家
[00:25:41.000 --> 00:25:43.000]  在這裡我只想說出
[00:25:43.000 --> 00:25:48.000]  這三個循環結構中展現出三個重點
[00:25:48.000 --> 00:25:52.000]  耶穌人子身份的揭示
[00:25:52.000 --> 00:25:56.000]  進入耶路撒冷被害受死的真實
[00:25:56.000 --> 00:26:00.000]  死後三天復活的盤望
[00:26:00.000 --> 00:26:03.000]  吊詭的是我們難不成發現
[00:26:03.000 --> 00:26:08.000]  耶穌很清楚自己將要面對什麼狀況
[00:26:08.000 --> 00:26:12.000]  更嘗試不厭其煩地一而再再而三
[00:26:12.000 --> 00:26:15.000]  去平視即將要面對
[00:26:15.000 --> 00:26:20.000]  被本應自己人出賣的處境和遭遇
[00:26:20.000 --> 00:26:21.000]  弟兄姊妹
[00:26:21.000 --> 00:26:23.000]  面對這個困境
[00:26:23.000 --> 00:26:26.000]  你有什麼選擇呢?
[00:26:26.000 --> 00:26:28.000]  你安靜地苦心自問一下
[00:26:28.000 --> 00:26:33.000]  你此刻當下真正跟從著什麼?
[00:26:33.000 --> 00:26:37.000]  你是否真正跟從著耶穌?
[00:26:37.000 --> 00:26:43.000]  還是你只是跟從著你心中的心思意念?
[00:26:43.000 --> 00:26:50.000]  被財富、權力、地位、工作、家庭
[00:26:50.000 --> 00:26:52.000]  不斷地奴役
[00:26:52.000 --> 00:26:57.000]  正在逐漸疏遠掌管生命的主?
[00:26:57.000 --> 00:27:00.000]  還是縱然是困難
[00:27:00.000 --> 00:27:02.000]  你仍然正在竭力
[00:27:02.000 --> 00:27:06.000]  持守與神關係上的契合?
[00:27:06.000 --> 00:27:10.000]  縱然面對經歷著任何的困擾
[00:27:10.000 --> 00:27:13.000]  縱然抱著膽戰心驚的心情
[00:27:13.000 --> 00:27:16.000]  內心的交戰
[00:27:16.000 --> 00:27:18.000]  仍然能猛銳聖靈
[00:27:18.000 --> 00:27:21.000]  緊緊跟從神的旨意
[00:27:21.000 --> 00:27:26.000]  一步一步地謹慎前行?
[00:27:27.000 --> 00:27:28.000]  弟兄姊妹
[00:27:28.000 --> 00:27:31.000]  我今天想向大家宣講的第二點是
[00:27:31.000 --> 00:27:34.000]  從不由人的榮耀
[00:27:34.000 --> 00:27:37.000]  是35到40節
[00:27:37.000 --> 00:27:40.000]  請聽神的話語
[00:27:40.000 --> 00:27:46.000]  西比太的兒子雅各和約翰進前來
[00:27:46.000 --> 00:27:48.000]  對耶穌說
[00:27:48.000 --> 00:27:52.000]  老師,我們無論求你什麼
[00:27:52.000 --> 00:27:54.000]  願你為我們做
[00:27:54.000 --> 00:27:56.000]  耶穌對他們說
[00:27:56.000 --> 00:27:59.000]  要我為你們做什麼?
[00:27:59.000 --> 00:28:01.000]  他們對他說
[00:28:01.000 --> 00:28:03.000]  在你的榮耀裡
[00:28:03.000 --> 00:28:06.000]  請賜我們一個坐在你的右邊
[00:28:06.000 --> 00:28:09.000]  一個坐在你的左邊
[00:28:09.000 --> 00:28:11.000]  耶穌對他們說
[00:28:11.000 --> 00:28:15.000]  你們不知道所求的是什麼?
[00:28:15.000 --> 00:28:18.000]  我所學的杯你們能學嗎?
[00:28:18.000 --> 00:28:22.000]  我所受的洗你們能受嗎?
[00:28:22.000 --> 00:28:24.000]  他們對他說
[00:28:24.000 --> 00:28:26.000]  我們能
[00:28:26.000 --> 00:28:28.000]  耶穌對他們說
[00:28:28.000 --> 00:28:31.000]  我所學的杯你們要學
[00:28:31.000 --> 00:28:35.000]  我所受的洗你們也要受
[00:28:35.000 --> 00:28:38.000]  可是坐在我的左右
[00:28:38.000 --> 00:28:40.000]  不是我可以賜的
[00:28:40.000 --> 00:28:44.000]  而是為誰預備就賜給誰?
[00:28:44.000 --> 00:28:48.000]  弟兄姊妹
[00:28:48.000 --> 00:28:52.000]  弟兄姊妹,當大家聽完《馬克福今》的35到40節
[00:28:52.000 --> 00:28:55.000]  這短短六節的經文之後
[00:28:55.000 --> 00:28:58.000]  不知道大家是否覺得有點奇怪
[00:28:58.000 --> 00:29:01.000]  又或者有一點違和感
[00:29:01.000 --> 00:29:05.000]  經文中幾個當事人就好像身處在平行時空一樣
[00:29:05.000 --> 00:29:08.000]  你有你說,我有我聽
[00:29:08.000 --> 00:29:11.000]  各自好像在表述一些不同的東西
[00:29:11.000 --> 00:29:15.000]  又好像有些牛頭不對馬嘴的感覺
[00:29:15.000 --> 00:29:17.000]  經文中一開始
[00:29:17.000 --> 00:29:21.000]  十二門徒中的其中的雅各和約翰
[00:29:21.000 --> 00:29:24.000]  兩名被耶穌稱為「雷之子」的兄弟
[00:29:24.000 --> 00:29:28.000]  緊隨著耶穌第三次的避害的預言
[00:29:28.000 --> 00:29:31.000]  進入代表著門徒失敗的循環當中
[00:29:31.000 --> 00:29:34.000]  橫空出現
[00:29:34.000 --> 00:29:38.000]  正當我們以為在哪裡無緣無故出現兩件
[00:29:38.000 --> 00:29:41.000]  無出兩面,名不經傳的「蛋散」之際
[00:29:41.000 --> 00:29:45.000]  經文中讓我們清晰地知道
[00:29:45.000 --> 00:29:49.000]  原來他們是有背景和有故事的
[00:29:49.000 --> 00:29:54.000]  甚或他們更是富二代西比太兒子的身份
[00:29:54.000 --> 00:30:01.000]  更不禁令我們回想到《馬可福音》一章的16到20節的經文當中
[00:30:01.000 --> 00:30:03.000]  耶穌對門徒的呼召
[00:30:03.000 --> 00:30:07.000]  緊隨西門彼得安德烈兄弟的回應
[00:30:07.000 --> 00:30:14.000]  接著正正就是雅各和約翰兄弟的跟隨
[00:30:14.000 --> 00:30:17.000]  以至及後很多重要的場景
[00:30:17.000 --> 00:30:23.000]  不論是西門岳母或者是對危老女兒的醫治
[00:30:23.000 --> 00:30:25.000]  登山變像的見證
[00:30:25.000 --> 00:30:27.000]  以至及後橄欖山上
[00:30:27.000 --> 00:30:31.000]  赫西瑪利園等等出現的場景
[00:30:31.000 --> 00:30:38.000]  彼得、雅各和約翰三人都是並列的當中
[00:30:38.000 --> 00:30:42.000]  使得我們難以想像得到
[00:30:42.000 --> 00:30:48.000]  雅各和約翰和耶穌的關係上的親近和密切
[00:30:48.000 --> 00:30:50.000]  亦不在於彼得之下
[00:30:50.000 --> 00:30:56.000]  甚或在門徒圈中可能都在滾錯第二、第三把交椅
[00:30:56.000 --> 00:30:58.000]  僅次於彼得
[00:30:58.000 --> 00:30:59.000]  經文一開始
[00:30:59.000 --> 00:31:04.000]  雅各和約翰有話直說直率的性格
[00:31:04.000 --> 00:31:09.000]  主動向耶穌提出一個奇怪的請求
[00:31:09.000 --> 00:31:11.000]  但這個所謂的請求
[00:31:11.000 --> 00:31:17.000]  奇就奇怪在兩人不具體說出請求的內容是甚麼
[00:31:17.000 --> 00:31:21.000]  一來就要耶穌義無反顧地
[00:31:21.000 --> 00:31:26.000]  無條件地答應和答應他們的要求
[00:31:26.000 --> 00:31:31.000]  聖經這樣說:老師,我們無論求你甚麼
[00:31:31.000 --> 00:31:33.000]  願你為我們做
[00:31:33.000 --> 00:31:36.000]  就好像我們作為老公的
[00:31:36.000 --> 00:31:38.000]  當我們正面向老婆
[00:31:38.000 --> 00:31:42.000]  老婆對我們說:無論要求甚麼
[00:31:42.000 --> 00:31:44.000]  你都要答應和答應
[00:31:44.000 --> 00:31:46.000]  作為老公的我們
[00:31:46.000 --> 00:31:48.000]  當然知道心知不妙
[00:31:48.000 --> 00:31:50.000]  伏味很濃
[00:31:50.000 --> 00:31:53.000]  正所謂答又死,不答又死之際
[00:31:53.000 --> 00:31:56.000]  陷入兩難的局面之際
[00:31:56.000 --> 00:31:58.000]  耶穌就真的成立了
[00:31:58.000 --> 00:32:00.000]  他幾句都要先問清楚
[00:32:00.000 --> 00:32:02.000]  你們究竟想怎樣
[00:32:02.000 --> 00:32:07.000]  究竟想耶穌答應你們做些甚麼
[00:32:07.000 --> 00:32:10.000]  弟子們縱然關係非淺
[00:32:10.000 --> 00:32:14.000]  但耶穌都沒有輕輕一口答應他們
[00:32:14.000 --> 00:32:16.000]  面對這樣的形勢
[00:32:16.000 --> 00:32:19.000]  他們也只好和盤托出
[00:32:19.000 --> 00:32:22.000]  清楚地交代他們想怎樣
[00:32:22.000 --> 00:32:24.000]  賜我們在你的榮耀裡
[00:32:24.000 --> 00:32:26.000]  一個坐在你的右邊
[00:32:26.000 --> 00:32:29.000]  一個坐在你的左邊的要求
[00:32:29.000 --> 00:32:31.000]  面對這個賜的要求
[00:32:31.000 --> 00:32:34.000]  卻換來耶穌斬釘截鐵式的回應
[00:32:34.000 --> 00:32:36.000]  聖經這樣說:耶穌對他們說
[00:32:36.000 --> 00:32:40.000]  你們不知道所求的是甚麼
[00:32:40.000 --> 00:32:44.000]  更換來隨之而來兩個反問
[00:32:44.000 --> 00:32:47.000]  我所喝的杯你們能受嗎
[00:32:47.000 --> 00:32:51.000]  我所受的洗你們能受嗎
[00:32:51.000 --> 00:32:53.000]  先停一停
[00:32:53.000 --> 00:32:55.000]  來到這裡好像有點奇怪
[00:32:55.000 --> 00:32:57.000]  究竟他們在說甚麼
[00:32:57.000 --> 00:33:00.000]  讓我們感覺到他們好像各自在表述
[00:33:00.000 --> 00:33:02.000]  牛頭不對馬嘴
[00:33:02.000 --> 00:33:04.000]  明明是由一個請求和一個要求
[00:33:04.000 --> 00:33:07.000]  北風一轉,轉到焦點是甚麼
[00:33:07.000 --> 00:33:10.000]  兩個能不能夠的問題裡
[00:33:10.000 --> 00:33:12.000]  能不能的問題裡
[00:33:12.000 --> 00:33:15.000]  如果我們要了解耶穌這個反問
[00:33:15.000 --> 00:33:20.000]  我們就不得不回到第35節當中
[00:33:20.000 --> 00:33:22.000]  未說明請求的內容
[00:33:22.000 --> 00:33:25.000]  就要應承的經文在裡面
[00:33:25.000 --> 00:33:27.000]  我想考考大家
[00:33:27.000 --> 00:33:29.000]  在馬可福音之前的技術當中
[00:33:29.000 --> 00:33:32.000]  大家有沒有聯想或想起甚麼場景
[00:33:32.000 --> 00:33:36.000]  是和35節這句經文文化上或句式上很相似
[00:33:36.000 --> 00:33:39.000]  有些似曾相識
[00:33:39.000 --> 00:33:43.000]  有人嗎
[00:33:43.000 --> 00:33:45.000]  都看到有些人真聰明
[00:33:45.000 --> 00:33:47.000]  果然不是省油的燈
[00:33:47.000 --> 00:33:49.000]  我都看到大家有些口說
[00:33:49.000 --> 00:33:51.000]  大家也猜到或觀察到
[00:33:51.000 --> 00:33:55.000]  就在馬可福音的六章21節當中
[00:33:55.000 --> 00:34:00.000]  在希律的生日派對當中
[00:34:00.000 --> 00:34:03.000]  希律在眾目睽睽之下
[00:34:03.000 --> 00:34:09.000]  高興地說大了對女兒希羅底的賞詞
[00:34:09.000 --> 00:34:11.000]  聖經這樣說
[00:34:11.000 --> 00:34:13.000]  王就對女孩說
[00:34:13.000 --> 00:34:15.000]  無論你要甚麼
[00:34:15.000 --> 00:34:17.000]  向我求
[00:34:17.000 --> 00:34:19.000]  我都會給你
[00:34:19.000 --> 00:34:22.000]  又對她多次起誓說
[00:34:22.000 --> 00:34:24.000]  無論你向我求甚麼
[00:34:24.000 --> 00:34:27.000]  於是就是我國家的一半
[00:34:27.000 --> 00:34:29.000]  我也會給你
[00:34:29.000 --> 00:34:31.000]  最後大家都知道
[00:34:31.000 --> 00:34:33.000]  在這次賞詞之中
[00:34:33.000 --> 00:34:35.000]  最後是怎樣
[00:34:35.000 --> 00:34:40.000]  導致二人屍死若翰的被殺結果
[00:34:40.000 --> 00:34:41.000]  這一看來
[00:34:41.000 --> 00:34:46.000]  經文可能甚或正正暗示亞國和若翰
[00:34:46.000 --> 00:34:49.000]  內心真正請求的心思意念
[00:34:49.000 --> 00:34:52.000]  和要求的真正目的
[00:34:52.000 --> 00:34:54.000]  在耶穌的榮耀裡
[00:34:54.000 --> 00:34:56.000]  我們不要想得那麼淑靈
[00:34:56.000 --> 00:34:58.000]  不要自己對號入座
[00:34:58.000 --> 00:35:02.000]  可能正正是暗示地上君王
[00:35:02.000 --> 00:35:04.000]  操生殺之權
[00:35:04.000 --> 00:35:06.000]  管轄的權力
[00:35:06.000 --> 00:35:09.000]  甚或以至是耶穌臨離世前
[00:35:09.000 --> 00:35:11.000]  坐在他左右手
[00:35:11.000 --> 00:35:16.000]  暗暗指向地上權力繼承的名分
[00:35:16.000 --> 00:35:18.000]  但弔詭的是
[00:35:18.000 --> 00:35:20.000]  其實身為門徒
[00:35:20.000 --> 00:35:21.000]  耶穌的跟隨者
[00:35:21.000 --> 00:35:24.000]  他們應該很清楚
[00:35:24.000 --> 00:35:26.000]  知道或明白
[00:35:26.000 --> 00:35:28.000]  耶穌其實在之前的經文裡
[00:35:28.000 --> 00:35:30.000]  在第一次的預言
[00:35:30.000 --> 00:35:32.000]  被害的當中
[00:35:32.000 --> 00:35:33.000]  已經清楚說明了
[00:35:33.000 --> 00:35:36.000]  這個榮耀是屬天而不屬地
[00:35:36.000 --> 00:35:38.000]  屬神的榮耀
[00:35:38.000 --> 00:35:41.000]  也從來都不是由人力可以去努力
[00:35:41.000 --> 00:35:43.000]  和爭取得到
[00:35:43.000 --> 00:35:47.000]  聖經馬可福音八章的三十八節這麼說
[00:35:47.000 --> 00:35:50.000]  凡在這淫亂罪惡的世代
[00:35:50.000 --> 00:35:55.000]  把我和我的道當作可恥的
[00:35:55.000 --> 00:35:58.000]  人子在他父的榮耀裡
[00:35:58.000 --> 00:36:01.000]  同聖天使降臨的時候
[00:36:01.000 --> 00:36:05.000]  也要把那人當作可恥
[00:36:05.000 --> 00:36:07.000]  頂子梅經文給我們看到
[00:36:07.000 --> 00:36:10.000]  漢建的真正的榮耀
[00:36:10.000 --> 00:36:15.000]  從來都是超越地上一切權力的增進和追逐
[00:36:15.000 --> 00:36:16.000]  對準的焦點
[00:36:16.000 --> 00:36:21.000]  從來都是榮耀裡與神同在的盼望
[00:36:21.000 --> 00:36:22.000]  如果這樣去重閱
[00:36:22.000 --> 00:36:24.000]  去解釋這段經文
[00:36:24.000 --> 00:36:25.000]  這樣就通了
[00:36:25.000 --> 00:36:27.000]  為什麼耶穌接著立刻指出
[00:36:27.000 --> 00:36:30.000]  雅各和約翰的不知
[00:36:30.000 --> 00:36:34.000]  你們不知道所求的是什麼
[00:36:34.000 --> 00:36:36.000]  正如昔日屬靈前輩所說
[00:36:36.000 --> 00:36:40.000]  人的不知並不是取決於你學識的多少
[00:36:40.000 --> 00:36:42.000]  能力的高低
[00:36:42.000 --> 00:36:47.000]  人最大的不知就是當你自以為知道一切
[00:36:47.000 --> 00:36:50.000]  其實你是什麼都不知道
[00:36:50.000 --> 00:36:54.000]  毫無半點自知之明的無知
[00:36:54.000 --> 00:36:59.000]  接著正當雅各約翰繼續冷醒口輕輕去輕看
[00:36:59.000 --> 00:37:02.000]  想去回應回耶穌兩個能不能的問題
[00:37:02.000 --> 00:37:06.000]  經文再一次揭示他們無視真相的無知回答
[00:37:06.000 --> 00:37:08.000]  我們能
[00:37:08.000 --> 00:37:14.000]  他們只是最深專注於榮耀君王權力的福輩
[00:37:14.000 --> 00:37:17.000]  卻無視了耶穌即將在耶路撒冷被害
[00:37:17.000 --> 00:37:21.000]  受死上十字架犧牲的真實
[00:37:21.000 --> 00:37:24.000]  要面對受苦僕人的苦悲
[00:37:24.000 --> 00:37:26.000]  甚或他們更以為
[00:37:26.000 --> 00:37:32.000]  自以為是自滿於滿足於承受施洗約翰悔改的洗
[00:37:32.000 --> 00:37:35.000]  而輕視了耶穌所受聖靈的洗
[00:37:35.000 --> 00:37:37.000]  與聖靈的同在同行
[00:37:37.000 --> 00:37:42.000]  以致被聖靈更生他們的生命去跟從
[00:37:42.000 --> 00:37:43.000]  弟兄姊妹
[00:37:43.000 --> 00:37:45.000]  在我們的信仰歷程裡
[00:37:45.000 --> 00:37:48.000]  我們有沒有輕視地去跟從耶穌
[00:37:48.000 --> 00:37:52.000]  所以要背負各人十字架的重量
[00:37:52.000 --> 00:37:54.000]  甚或我們只是寫本續目
[00:37:54.000 --> 00:37:57.000]  去景仰宗教光環下
[00:37:57.000 --> 00:38:01.000]  呈現在美光根下往上流的摧殘
[00:38:01.000 --> 00:38:04.000]  卻忽視了信仰生命中的本質
[00:38:04.000 --> 00:38:09.000]  在基督裡與神同在的榮耀
[00:38:09.000 --> 00:38:13.000]  真正在基督裡與基督的同在
[00:38:13.000 --> 00:38:15.000]  榮耀生命的彰顯
[00:38:15.000 --> 00:38:19.000]  從來都不是在於量的多寡
[00:38:19.000 --> 00:38:22.000]  聚焦於你為神做過什麼
[00:38:22.000 --> 00:38:25.000]  有多少的侍奉
[00:38:25.000 --> 00:38:26.000]  弟兄姊妹
[00:38:26.000 --> 00:38:30.000]  更重要的是你生命所展現屬神的素質
[00:38:30.000 --> 00:38:33.000]  你願意毀身跟從神的心
[00:38:33.000 --> 00:38:36.000]  你願意謙卑放下馴服神去經歷
[00:38:36.000 --> 00:38:40.000]  往下流生命的真實見證
[00:38:40.000 --> 00:38:43.000]  回想起昔日金庸的武俠小說
[00:38:43.000 --> 00:38:45.000]  《伴隨著自己的成長》
[00:38:45.000 --> 00:38:47.000]  而在《非說連天射罷錄》
[00:38:47.000 --> 00:38:51.000]  《少書神俠已逼冤》的金學當中
[00:38:51.000 --> 00:38:54.000]  更啟蒙了對江湖的幻變
[00:38:54.000 --> 00:38:56.000]  人性刻畫的勢力
[00:38:56.000 --> 00:39:00.000]  正所謂江湖險 人心更險
[00:39:00.000 --> 00:39:05.000]  其中除了最欣賞少敖那份漢頭世情的豁達瀟灑
[00:39:05.000 --> 00:39:07.000]  逍遙自在
[00:39:07.000 --> 00:39:13.000]  倚天的江湖觀也可算是堪稱其中景仰的典範
[00:39:13.000 --> 00:39:17.000]  而其中圍攻江明頂的一幕更是使不少讀者
[00:39:17.000 --> 00:39:21.000]  真實感受到親者痛仇者快
[00:39:21.000 --> 00:39:26.000]  在五內翻騰內心泛起煉繞不散的回蕩
[00:39:26.000 --> 00:39:31.000]  當正號稱巧以大義的名門正派
[00:39:31.000 --> 00:39:35.000]  暗地裡卻如小人般心中各懷鬼胎
[00:39:35.000 --> 00:39:38.000]  不擇手段的暗黑
[00:39:38.000 --> 00:39:42.000]  對比被世俗編愚化被約定俗成的妖魔化
[00:39:42.000 --> 00:39:44.000]  不被接納的邪魔外道
[00:39:44.000 --> 00:39:48.000]  卻行在正直光明的俠義之中
[00:39:48.000 --> 00:39:53.000]  思想是何等的弔詭悲涼的諷刺
[00:39:53.000 --> 00:39:56.000]  而貫穿倚天的主軸
[00:39:56.000 --> 00:40:00.000]  武林至尊 寶刀屠龍
[00:40:00.000 --> 00:40:03.000]  號令天下 莫敢不從
[00:40:03.000 --> 00:40:06.000]  倚天不出 誰與爭鋒
[00:40:06.000 --> 00:40:11.000]  禁定所有的讀者有如當頭棒喝 拍案叫絕
[00:40:11.000 --> 00:40:15.000]  但隱藏在故事背後的悲涼無奈
[00:40:15.000 --> 00:40:19.000]  卻不禁令人深深慨嘆和惋惜之情
[00:40:19.000 --> 00:40:23.000]  本應是心懷家國大業
[00:40:23.000 --> 00:40:26.000]  驅逐葫蘆的武穆遺書
[00:40:26.000 --> 00:40:31.000]  上乘自身修為武功六部天下的九陰真經
[00:40:31.000 --> 00:40:34.000]  卻被狼子野心的奸佞小人
[00:40:34.000 --> 00:40:39.000]  淪為增敬罪俗巧取豪奪的陰謀手段
[00:40:39.000 --> 00:40:42.000]  彷彿號令天下獨霸武林
[00:40:42.000 --> 00:40:45.000]  成為生命中唯一的目標
[00:40:45.000 --> 00:40:48.000]  只是追逐滿足於個人內心的榮耀
[00:40:48.000 --> 00:40:53.000]  被利欲分心的權力誘惑和克制
[00:40:53.000 --> 00:40:57.000]  以致被捆綁 泥足深陷 不能自拔
[00:40:57.000 --> 00:41:01.000]  弟兄姊妹 你能看見嗎?
[00:41:01.000 --> 00:41:03.000]  感受得到嗎?
[00:41:03.000 --> 00:41:06.000]  最後經文更進一步指出
[00:41:06.000 --> 00:41:09.000]  在跟從主耶穌信仰的路上
[00:41:09.000 --> 00:41:11.000]  並不是需要我們糾纏於
[00:41:11.000 --> 00:41:15.000]  能不能這個虛無飄渺的偽命題上
[00:41:15.000 --> 00:41:17.000]  耶穌在經文中直接的回應
[00:41:17.000 --> 00:41:20.000]  讓我們清晰地知道一件事
[00:41:20.000 --> 00:41:24.000]  跟從耶穌從來都是無可選擇
[00:41:24.000 --> 00:41:27.000]  就算你多麼不想
[00:41:27.000 --> 00:41:30.000]  就算你多麼不能
[00:41:30.000 --> 00:41:35.000]  都不能阻止這個真實跟從耶穌要付的代價
[00:41:35.000 --> 00:41:42.000]  必須要學 必須要受的信仰真實
[00:41:42.000 --> 00:41:47.000]  背上各人十字架付代價的經歷
[00:41:47.000 --> 00:41:49.000]  接著 耶穌更不忘進一步回應
[00:41:49.000 --> 00:41:52.000]  亞各約翰的要求
[00:41:52.000 --> 00:41:53.000]  聖經這樣說
[00:41:53.000 --> 00:41:55.000]  「只是坐在我的左右
[00:41:55.000 --> 00:41:57.000]  不是我可以恃的
[00:41:57.000 --> 00:42:01.000]  乃是為誰預備的就此給上」
[00:42:01.000 --> 00:42:03.000]  經文讓我們清楚地知道
[00:42:03.000 --> 00:42:07.000]  屬基督的榮耀從來都不是靠人一己之力
[00:42:07.000 --> 00:42:10.000]  竭力去爭取去尋覓
[00:42:10.000 --> 00:42:12.000]  屬於你個人的榮辱
[00:42:12.000 --> 00:42:16.000]  弟子妹真正在基督裡屬神的榮耀
[00:42:16.000 --> 00:42:19.000]  從來都是神說了算
[00:42:19.000 --> 00:42:22.000]  一切都是掌管在神的手中
[00:42:22.000 --> 00:42:25.000]  從來都是半點不由人
[00:42:25.000 --> 00:42:28.000]  神要賜予給誰就誰
[00:42:28.000 --> 00:42:32.000]  從來都不需要任何造王者的陰謀詭計
[00:42:32.000 --> 00:42:36.000]  自作聰明地參與在其中
[00:42:36.000 --> 00:42:38.000]  我們值得感恩的是
[00:42:38.000 --> 00:42:41.000]  願意俯伏在神的大能之下
[00:42:41.000 --> 00:42:44.000]  與神的同行同在
[00:42:44.000 --> 00:42:46.000]  讓我們有份去參與
[00:42:46.000 --> 00:42:47.000]  配合
[00:42:47.000 --> 00:42:49.000]  見證神自己的威榮
[00:42:49.000 --> 00:42:52.000]  讓我們知曉自己的微不足道
[00:42:52.000 --> 00:42:55.000]  深知自己敗壞的不配
[00:42:55.000 --> 00:42:57.000]  由始至終
[00:42:57.000 --> 00:42:59.000]  一切都是神的私恩
[00:42:59.000 --> 00:43:01.000]  拯救的憐憫
[00:43:01.000 --> 00:43:04.000]  應許守約的恩典
[00:43:04.000 --> 00:43:06.000]  弟子妹
[00:43:06.000 --> 00:43:09.000]  我今天想向大家宣講的第三點是
[00:43:09.000 --> 00:43:12.000]  謙卑信服的伏事
[00:43:12.000 --> 00:43:15.000]  是由第四十一到第四十五節
[00:43:15.000 --> 00:43:18.000]  請聽神的話語
[00:43:18.000 --> 00:43:20.000]  其餘十個門徒聽見
[00:43:20.000 --> 00:43:23.000]  就對雅各和約翰很生氣
[00:43:23.000 --> 00:43:25.000]  耶穌叫了他們來
[00:43:25.000 --> 00:43:27.000]  對他們說
[00:43:27.000 --> 00:43:31.000]  你們知道外邦人有君王作主治理他們
[00:43:31.000 --> 00:43:34.000]  有大臣操權管轄他們
[00:43:34.000 --> 00:43:37.000]  但是在你們中間不可這樣
[00:43:37.000 --> 00:43:39.000]  你們中間誰願為大
[00:43:39.000 --> 00:43:41.000]  就要作你們的傭人
[00:43:41.000 --> 00:43:44.000]  在你們中間誰願為首
[00:43:44.000 --> 00:43:46.000]  就要作眾人的僕人
[00:43:46.000 --> 00:43:49.000]  因為人子來並不是受人的服事
[00:43:49.000 --> 00:43:51.000]  乃是要服事人
[00:43:51.000 --> 00:43:54.000]  並且要捨命作多人的屬
[00:43:55.000 --> 00:43:57.000]  經文一開始
[00:43:57.000 --> 00:43:59.000]  經歷完上文雅各
[00:43:59.000 --> 00:44:03.000]  約翰向耶穌請求的真情表白之後
[00:44:03.000 --> 00:44:05.000]  可想而知其他門徒
[00:44:05.000 --> 00:44:08.000]  知道了這件事之後會怎樣
[00:44:08.000 --> 00:44:10.000]  當然是即時踏著
[00:44:10.000 --> 00:44:12.000]  當然是有些意見
[00:44:12.000 --> 00:44:14.000]  按照經文的形容
[00:44:14.000 --> 00:44:18.000]  神話可能不單止有意見這麼簡單
[00:44:18.000 --> 00:44:20.000]  可能更加貼切地形容
[00:44:20.000 --> 00:44:22.000]  就好像演員的自我修養
[00:44:22.000 --> 00:44:24.000]  由內而外
[00:44:24.000 --> 00:44:26.000]  內心的惱怒
[00:44:26.000 --> 00:44:28.000]  外顯到憤怒
[00:44:28.000 --> 00:44:31.000]  情感上生氣的爆發
[00:44:31.000 --> 00:44:35.000]  而矛頭更直指向雅各和約翰
[00:44:35.000 --> 00:44:39.000]  這兩位坦率直言的門徒
[00:44:39.000 --> 00:44:41.000]  因而進入寓言循環中
[00:44:41.000 --> 00:44:46.000]  引解出耶穌最後有關僕人樣式的教導
[00:44:46.000 --> 00:44:49.000]  經文中更明確地指出
[00:44:49.000 --> 00:44:53.000]  在高高在上以君王為尊去管轄
[00:44:53.000 --> 00:44:56.000]  去合制管治的制度架構
[00:44:56.000 --> 00:44:59.000]  以至以權傾朝野的臣子為首
[00:44:59.000 --> 00:45:03.000]  去弄權暗黑的制約手段
[00:45:03.000 --> 00:45:05.000]  從來不屬於
[00:45:05.000 --> 00:45:09.000]  亦不應該出現在分別為聖
[00:45:09.000 --> 00:45:12.000]  被揀選屬神的群體當中
[00:45:12.000 --> 00:45:14.000]  成為理所當然
[00:45:14.000 --> 00:45:15.000]  倒果為因
[00:45:15.000 --> 00:45:17.000]  忘本應有的展現
[00:45:17.000 --> 00:45:19.000]  聖經這樣說
[00:45:19.000 --> 00:45:24.000]  但是在你們中間不可這樣
[00:45:24.000 --> 00:45:26.000]  弟兄姊妹
[00:45:26.000 --> 00:45:29.000]  你能看見嗎?你能聽見嗎?
[00:45:29.000 --> 00:45:31.000]  耶穌直接教導並指出
[00:45:31.000 --> 00:45:33.000]  我們與這個世界
[00:45:33.000 --> 00:45:35.000]  這個世俗是有所不同
[00:45:35.000 --> 00:45:38.000]  這個世界是有明顯的分別
[00:45:38.000 --> 00:45:40.000]  接著耶穌更教導
[00:45:40.000 --> 00:45:42.000]  在你們中間非以逆人
[00:45:42.000 --> 00:45:45.000]  乃逆於人僕人樣式的教導
[00:45:45.000 --> 00:45:47.000]  誰想做大的
[00:45:47.000 --> 00:45:49.000]  就要信服神
[00:45:49.000 --> 00:45:51.000]  被神使用
[00:45:51.000 --> 00:45:55.000]  成為服侍眾人的用人和僕人
[00:45:55.000 --> 00:45:56.000]  誰想佔首席
[00:45:56.000 --> 00:45:58.000]  想居高位
[00:45:58.000 --> 00:46:00.000]  就要謙卑放下自己
[00:46:00.000 --> 00:46:02.000]  切切實實地去
[00:46:02.000 --> 00:46:05.000]  俯伏在神的威榮當中
[00:46:05.000 --> 00:46:08.000]  因敬畏神而被神使用
[00:46:08.000 --> 00:46:10.000]  去服侍眾人
[00:46:10.000 --> 00:46:14.000]  虛己成為神使用的僕人
[00:46:14.000 --> 00:46:15.000]  弟兄姊妹
[00:46:15.000 --> 00:46:18.000]  回想昔日有幸處於所在的職場
[00:46:18.000 --> 00:46:20.000]  跟隨尊敬的前輩
[00:46:20.000 --> 00:46:24.000]  在管理上都略有窺探和學習
[00:46:24.000 --> 00:46:29.000]  更教曉了我老闆和領袖的分別
[00:46:29.000 --> 00:46:32.000]  正所謂有圖有真相
[00:46:32.000 --> 00:46:35.000]  我們先安靜地去看一看這幅圖
[00:46:35.000 --> 00:46:36.000]  感受一下
[00:46:36.000 --> 00:46:38.000]  大家可以去看一看這幅圖
[00:46:38.000 --> 00:46:47.000]  大家看得見嗎?
[00:46:47.000 --> 00:46:49.000]  感受得到嗎?
[00:46:49.000 --> 00:46:53.000]  分辨得到領袖和老闆的分別嗎?
[00:46:53.000 --> 00:46:57.000]  正如昔日淑玲前輩所說
[00:46:57.000 --> 00:47:00.000]  逃離自身解讀的陷阱
[00:47:00.000 --> 00:47:02.000]  是刺激到回應之間
[00:47:02.000 --> 00:47:04.000]  留有一片淺靜的空間
[00:47:04.000 --> 00:47:07.000]  讓我們在選擇和回應之餘
[00:47:07.000 --> 00:47:10.000]  使我們從中得到領袖和成長
[00:47:10.000 --> 00:47:15.000]  在基督裡得到享受真正的自由
[00:47:15.000 --> 00:47:17.000]  所以我在這裡不再多說
[00:47:17.000 --> 00:47:20.000]  言有盡義義無窮
[00:47:20.000 --> 00:47:21.000]  選擇留白
[00:47:21.000 --> 00:47:26.000]  讓大家自己在基督裡去心領受神會
[00:47:26.000 --> 00:47:28.000]  剛才那幅圖說
[00:47:28.000 --> 00:47:30.000]  容讓我們內心留一片空間
[00:47:30.000 --> 00:47:34.000]  讓我們自己去分辨去辨識
[00:47:34.000 --> 00:47:36.000]  甚或在基督裡去安靜
[00:47:36.000 --> 00:47:41.000]  去思想一下對你的生命有什麼提醒
[00:47:41.000 --> 00:47:45.000]  正如聖經傳道書9章17節所說
[00:47:45.000 --> 00:47:48.000]  「寧可聽自慰人安靜的話語
[00:47:48.000 --> 00:47:53.000]  不聽掌權者在愚昧人中的喊聲」
[00:47:53.000 --> 00:47:55.000]  此刻大家好好安靜
[00:47:55.000 --> 00:47:59.000]  去細味一下自己在信仰的人生的路上
[00:47:59.000 --> 00:48:01.000]  以至在時逢的當中
[00:48:01.000 --> 00:48:04.000]  你有沒有不知不覺地
[00:48:04.000 --> 00:48:07.000]  由被神使用服侍神的心智
[00:48:07.000 --> 00:48:12.000]  不知何時轉了跑道去滿足你自己
[00:48:12.000 --> 00:48:17.000]  心高氣傲地忘記了神的救拔恩典
[00:48:17.000 --> 00:48:19.000]  只顧不斷往上爬
[00:48:19.000 --> 00:48:22.000]  被權力的引誘試探
[00:48:22.000 --> 00:48:26.000]  甚或更成為你心目中自己的老闆
[00:48:26.000 --> 00:48:30.000]  從道德高地裡俯視你的友好同齊
[00:48:30.000 --> 00:48:35.000]  非人性化地成為你千秋萬葉的棋子
[00:48:35.000 --> 00:48:40.000]  曾幾何時昔日你仰賴神恩典的救拔
[00:48:40.000 --> 00:48:43.000]  謙卑信服侍奉神的初心
[00:48:43.000 --> 00:48:48.000]  又幾時散失而變得蕩然無存
[00:48:48.000 --> 00:48:50.000]  弟兄姊妹
[00:48:50.000 --> 00:48:51.000]  趁著為時未晚
[00:48:51.000 --> 00:48:54.000]  還有得回頭之際
[00:48:54.000 --> 00:48:57.000]  誠心邀請你安靜在基督裡
[00:48:57.000 --> 00:48:59.000]  逃離權力的迷惑的網絡
[00:48:59.000 --> 00:49:04.000]  謹靠主祂剋聖心目中的軟弱和黑暗
[00:49:04.000 --> 00:49:08.000]  再一次將整個神賜予的生命
[00:49:08.000 --> 00:49:10.000]  交託給生命的主
[00:49:10.000 --> 00:49:13.000]  再一次俯伏在神的引領
[00:49:13.000 --> 00:49:16.000]  再一次立志效法耶穌基督
[00:49:16.000 --> 00:49:19.000]  在信仰路上經歷一個往下流
[00:49:19.000 --> 00:49:22.000]  獨人仰式真正的跟從
[00:49:22.000 --> 00:49:25.000]  再一次謙卑信服在聖靈的引領之下
[00:49:25.000 --> 00:49:28.000]  回復以神為尊
[00:49:28.000 --> 00:49:30.000]  以基督為榮
[00:49:30.000 --> 00:49:33.000]  謹靠著主經歷一個不一樣
[00:49:33.000 --> 00:49:35.000]  內在生命的蛻變
[00:49:35.000 --> 00:49:39.000]  外顯根生的新生命
[00:49:39.000 --> 00:49:41.000]  弟兄姊妹
[00:49:41.000 --> 00:49:44.000]  進入今天講道的總結部分
[00:49:44.000 --> 00:49:46.000]  最後以一個家傳戶曉
[00:49:46.000 --> 00:49:48.000]  鐵達尼號的故事
[00:49:48.000 --> 00:49:50.000]  作為今天正道的總結
[00:49:50.000 --> 00:49:52.000]  大家放心
[00:49:52.000 --> 00:49:56.000]  我不是想跟大家講一個波瀾壯闊
[00:49:56.000 --> 00:49:58.000]  可歌可泣的愛情
[00:49:58.000 --> 00:50:00.000]  偉大的愛情故事
[00:50:00.000 --> 00:50:02.000]  我想跟大家講的是
[00:50:02.000 --> 00:50:05.000]  鐵達尼號災難事故的背後
[00:50:05.000 --> 00:50:09.000]  一連串的巧合和無奈
[00:50:09.000 --> 00:50:11.000]  這首號稱永不沉沒
[00:50:11.000 --> 00:50:15.000]  Too Big to Fail 的巨輪
[00:50:15.000 --> 00:50:18.000]  如何在與冰山擦撞之後
[00:50:18.000 --> 00:50:22.000]  在短短兩小時之內就迅速沉沒
[00:50:22.000 --> 00:50:25.000]  導致數以千計的人去羅難
[00:50:25.000 --> 00:50:28.000]  以致長眠於深海
[00:50:28.000 --> 00:50:31.000]  成為一代史詩式的災難
[00:50:31.000 --> 00:50:35.000]  落下永不磨滅的教訓
[00:50:35.000 --> 00:50:36.000]  弟兄姊妹
[00:50:36.000 --> 00:50:39.000]  本來行船跑馬三分險
[00:50:39.000 --> 00:50:42.000]  以愛本熟以療之愛
[00:50:42.000 --> 00:50:46.000]  有時實在是在所難免人之常情
[00:50:46.000 --> 00:50:49.000]  有時我們頂多都是略盡人事
[00:50:49.000 --> 00:50:53.000]  盡力去減低發生事故的影響
[00:50:53.000 --> 00:50:55.000]  以及減少無謂的犧牲
[00:50:55.000 --> 00:50:59.000]  但我們中國人卻是有句說話
[00:50:59.000 --> 00:51:02.000]  天作孽猶可恕
[00:51:02.000 --> 00:51:05.000]  自作孽不可悔
[00:51:05.000 --> 00:51:08.000]  正正因為人的傲慢剛愎
[00:51:08.000 --> 00:51:11.000]  霸道總裁般的誤判
[00:51:11.000 --> 00:51:14.000]  忠言亦以一言堂的大鈴
[00:51:14.000 --> 00:51:18.000]  博上位拿著數的獻媚
[00:51:18.000 --> 00:51:20.000]  芙蓉之輩的出色
[00:51:20.000 --> 00:51:23.000]  有識之士的禁若寒蟬
[00:51:23.000 --> 00:51:25.000]  知善而不戰
[00:51:25.000 --> 00:51:27.000]  聞惡而無言
[00:51:27.000 --> 00:51:29.000]  明知保身感事而不見
[00:51:29.000 --> 00:51:31.000]  保持沉默
[00:51:31.000 --> 00:51:33.000]  以致事故前後
[00:51:33.000 --> 00:51:36.000]  船上的乘客自己都有責任
[00:51:36.000 --> 00:51:38.000]  終日只迷信
[00:51:38.000 --> 00:51:41.000]  迷信於永不沉沒的傳說
[00:51:41.000 --> 00:51:44.000]  仍然沒有半點居安思危
[00:51:44.000 --> 00:51:47.000]  時刻保持警醒之心
[00:51:47.000 --> 00:51:49.000]  以致將生死忠告於不顧
[00:51:49.000 --> 00:51:51.000]  仍然終日醉酒言樂
[00:51:51.000 --> 00:51:54.000]  沉醉於自我的微冷
[00:51:54.000 --> 00:51:56.000]  毀味不振
[00:51:56.000 --> 00:52:00.000]  在一連串的有為巧合和無奈之下
[00:52:00.000 --> 00:52:04.000]  最終身處於沒有足夠救生設備
[00:52:04.000 --> 00:52:06.000]  救生艇之下
[00:52:06.000 --> 00:52:08.000]  以致為了華麗的外表
[00:52:08.000 --> 00:52:12.000]  以致舒適的前提下的改裝嵌建
[00:52:12.000 --> 00:52:16.000]  放棄了最初安全建造的初心
[00:52:16.000 --> 00:52:20.000]  最終釀成人性盡露
[00:52:20.000 --> 00:52:23.000]  不可逆轉踏沉船的災難
[00:52:23.000 --> 00:52:25.000]  頂姐妹
[00:52:25.000 --> 00:52:27.000]  在我們的生命之中
[00:52:27.000 --> 00:52:31.000]  此刻你又正處於什麼的光景
[00:52:31.000 --> 00:52:33.000]  什麼的景況
[00:52:33.000 --> 00:52:37.000]  你又是否活在上述其中某一位的角色當中
[00:52:37.000 --> 00:52:42.000]  在慢慢累積製造著你生命上的災難
[00:52:42.000 --> 00:52:47.000]  甚或你是這一輯人為慘劇中的倖存者
[00:52:47.000 --> 00:52:49.000]  中逢劫難之後
[00:52:49.000 --> 00:52:54.000]  你又有沒有好好珍惜你被拯救的生命
[00:52:54.000 --> 00:52:57.000]  好好活好你被神拯救
[00:52:57.000 --> 00:53:00.000]  跟從主耶穌基督的每一天
[00:53:00.000 --> 00:53:04.000]  誠如馬可福音十章的四十五節
[00:53:04.000 --> 00:53:15.000]  「因為人子來,並不是要受人的服侍,乃是要服侍人,並且要捨命作多人的贖價。」
[00:53:15.000 --> 00:53:18.000]  誠意邀請你再一次安靜在基督裡
[00:53:18.000 --> 00:53:21.000]  去察驗耶穌已經為我們捨命
[00:53:21.000 --> 00:53:25.000]  並在十字架上附上贖價
[00:53:25.000 --> 00:53:29.000]  我們要時刻警醒信靠主去跟從
[00:53:29.000 --> 00:53:31.000]  以致不斷去審查
[00:53:31.000 --> 00:53:34.000]  縱然面對各種面向不同的挑戰
[00:53:34.000 --> 00:53:36.000]  仍然能夠靠著生命的主的恩靈
[00:53:36.000 --> 00:53:38.000]  克服內心的軟弱
[00:53:38.000 --> 00:53:42.000]  願意信服神去放下去踐行
[00:53:42.000 --> 00:53:47.000]  在基督裡活出在世人眼中一個不一樣的生命
[00:53:47.000 --> 00:53:49.000]  經歷一個恩典滿滿
[00:53:49.000 --> 00:53:51.000]  謙卑往下流
[00:53:51.000 --> 00:53:54.000]  屬基督無悔的人生
[00:53:58.000 --> 00:54:01.000]  此刻容讓我們閉上眼睛
[00:54:01.000 --> 00:54:04.000]  有一段安靜的時間
[00:54:04.000 --> 00:54:06.000]  沉澱思想一下
[00:54:06.000 --> 00:54:11.000]  今天神有什麼話親自跟你說
[00:54:11.000 --> 00:54:13.000]  (本集完結)

