
[00:00:00.000 --> 00:00:03.000]  頂姐妹 今日宣講的講題是
[00:00:03.000 --> 00:00:05.000]  識神好過識字
[00:00:05.000 --> 00:00:10.000]  我所宣講的經文是彌加書六章的一至八節
[00:00:10.000 --> 00:00:12.000]  此刻容讓我們開始正道之先
[00:00:12.000 --> 00:00:15.000]  一起低頭同心有個禱告
[00:00:15.000 --> 00:00:19.000]  長官天地萬有 信實公義
[00:00:19.000 --> 00:00:22.000]  滿有憐憫恩慈的天父上帝
[00:00:22.000 --> 00:00:24.000]  我們感謝你 讚美你
[00:00:24.000 --> 00:00:28.000]  感謝你一直默默地看顧照顧我們
[00:00:28.000 --> 00:00:32.000]  使得我仍然有生命氣息去敬拜去讚頌你
[00:00:32.000 --> 00:00:34.000]  僕人敬聽你的話語
[00:00:34.000 --> 00:00:39.000]  向我們在座每一位的生命親自去說話
[00:00:39.000 --> 00:00:41.000]  願聖靈親自在我們中間運行
[00:00:41.000 --> 00:00:43.000]  供奉你僕人的口
[00:00:43.000 --> 00:00:46.000]  成為你合用的氣鳴 流通的管子
[00:00:46.000 --> 00:00:49.000]  使得我們清楚明白 聽留你的話語
[00:00:49.000 --> 00:00:53.000]  也求聖靈親自打開每一位會眾的心
[00:00:53.000 --> 00:00:55.000]  使得我們每一位都能領受你話語
[00:00:55.000 --> 00:00:59.000]  親切的督責 教導 感激在心中
[00:00:59.000 --> 00:01:03.000]  在我們整個跟隨朝見成性生命的路上
[00:01:03.000 --> 00:01:06.000]  在基督裡等候你的再來
[00:01:06.000 --> 00:01:09.000]  堅定地為主去作見證
[00:01:09.000 --> 00:01:12.000]  持守一生與你約中有份
[00:01:12.000 --> 00:01:16.000]  以上的禱告乃奉靠我主耶穌基督得勝的明智而求
[00:01:16.000 --> 00:01:18.000]  阿們
[00:01:18.000 --> 00:01:20.000]  弟兄姊妹
[00:01:20.000 --> 00:01:22.000]  看到今天的講題
[00:01:22.000 --> 00:01:25.000]  大家可能心裡也即時想起一些事
[00:01:25.000 --> 00:01:27.000]  甚或有聽過
[00:01:27.000 --> 00:01:29.000]  識人好過識字
[00:01:29.000 --> 00:01:32.000]  這句坊間的名言
[00:01:32.000 --> 00:01:35.000]  在日光之下生活的我們
[00:01:35.000 --> 00:01:38.000]  無論在任何真實的處境
[00:01:38.000 --> 00:01:40.000]  可能一點也不會感到陌生
[00:01:40.000 --> 00:01:42.000]  在日常生活中
[00:01:42.000 --> 00:01:44.000]  更不知不覺地去淺行
[00:01:44.000 --> 00:01:47.000]  潛移默化 萬不驚心地
[00:01:47.000 --> 00:01:50.000]  高舉為處世的金科玉律
[00:01:50.000 --> 00:01:52.000]  以致我們安心立命
[00:01:52.000 --> 00:01:54.000]  景世的格言
[00:01:54.000 --> 00:01:56.000]  有時更被人誤會了
[00:01:56.000 --> 00:01:59.000]  不知道還以為我們有新的技能解鎖
[00:01:59.000 --> 00:02:03.000]  成為了各種足可忠福集的內卷
[00:02:03.000 --> 00:02:06.000]  千絲萬縷人脈匯集的插播
[00:02:06.000 --> 00:02:08.000]  食入式的廣告
[00:02:08.000 --> 00:02:10.000]  以致台面台底
[00:02:10.000 --> 00:02:12.000]  利益輸送的中轉站
[00:02:12.000 --> 00:02:14.000]  習運錯
[00:02:14.000 --> 00:02:16.000]  頂姐妹 久而久之
[00:02:16.000 --> 00:02:18.000]  真是逐漸形成
[00:02:18.000 --> 00:02:20.000]  識人多過識神
[00:02:20.000 --> 00:02:23.000]  一種時尚流行的風潮
[00:02:23.000 --> 00:02:24.000]  久而久之
[00:02:24.000 --> 00:02:26.000]  我們只會去走精面
[00:02:26.000 --> 00:02:28.000]  耍手段
[00:02:28.000 --> 00:02:30.000]  賣弄我們的小聰明
[00:02:30.000 --> 00:02:33.000]  多過我們認真去研讀神的話語
[00:02:33.000 --> 00:02:35.000]  以瀑人敬聽的心
[00:02:35.000 --> 00:02:37.000]  以生命踏踏實實
[00:02:37.000 --> 00:02:40.000]  謹言慎行地去跟從
[00:02:40.000 --> 00:02:43.000]  掌管生命的主耶穌基督
[00:02:43.000 --> 00:02:47.000]  將本該專心一意侍奉神的初心
[00:02:47.000 --> 00:02:49.000]  逐漸淡忘
[00:02:49.000 --> 00:02:53.000]  繼而將一切心思意念都走歪了
[00:02:53.000 --> 00:02:56.000]  更逐漸被蠶食殆盡
[00:02:56.000 --> 00:02:59.000]  匯集內在的一己私慾
[00:02:59.000 --> 00:03:01.000]  不要說去認識神
[00:03:01.000 --> 00:03:04.000]  就連最基本敬畏神的心
[00:03:04.000 --> 00:03:07.000]  都變得蕩然無存
[00:03:07.000 --> 00:03:09.000]  頂姐妹今天嘗試
[00:03:09.000 --> 00:03:12.000]  透過彌加書六章一至八節
[00:03:12.000 --> 00:03:15.000]  重拾我們身為神所揀選
[00:03:15.000 --> 00:03:17.000]  本該被分別為性
[00:03:17.000 --> 00:03:21.000]  曾幾何時我們立志以一生
[00:03:21.000 --> 00:03:23.000]  去跟隨主的門徒
[00:03:23.000 --> 00:03:26.000]  盼望我們好好安靜去想清楚
[00:03:26.000 --> 00:03:29.000]  撫摸一下我們自己的良知
[00:03:29.000 --> 00:03:32.000]  聆聽神感動你的良心
[00:03:32.000 --> 00:03:34.000]  內在微小的聲音
[00:03:34.000 --> 00:03:37.000]  識神好過識字這個命題
[00:03:37.000 --> 00:03:40.000]  對你生命有什麼意義
[00:03:40.000 --> 00:03:44.000]  對你信仰的生命有什麼提醒
[00:03:44.000 --> 00:03:46.000]  頂姐妹
[00:03:46.000 --> 00:03:49.000]  正所謂往者不可間
[00:03:49.000 --> 00:03:51.000]  來者猶可追
[00:03:51.000 --> 00:03:54.000]  千萬不要繼續去做一些
[00:03:54.000 --> 00:03:56.000]  令你追悔莫及的事
[00:03:56.000 --> 00:03:57.000]  愧對神
[00:03:57.000 --> 00:03:59.000]  愧對人
[00:03:59.000 --> 00:04:01.000]  愧對你自己
[00:04:01.000 --> 00:04:04.000]  究竟我們又如何去面對昔日
[00:04:04.000 --> 00:04:05.000]  今日
[00:04:05.000 --> 00:04:06.000]  以至來日
[00:04:06.000 --> 00:04:10.000]  仍然持續不斷對我們施恩典
[00:04:10.000 --> 00:04:12.000]  行拯救的神
[00:04:12.000 --> 00:04:15.000]  我們究竟又如何警醒去自處
[00:04:15.000 --> 00:04:17.000]  得救贖蒙連問
[00:04:17.000 --> 00:04:20.000]  去對得起我們身為基督門徒
[00:04:20.000 --> 00:04:23.000]  見證人的身份呢
[00:04:23.000 --> 00:04:25.000]  頂姐妹今天所宣講的
[00:04:25.000 --> 00:04:28.000]  經文尼加書六章的一至八節
[00:04:28.000 --> 00:04:32.000]  是整卷尼加書最後總結的部分
[00:04:32.000 --> 00:04:36.000]  其中一個有關於審判節錄的片段
[00:04:36.000 --> 00:04:38.000]  就經文所提及
[00:04:38.000 --> 00:04:41.000]  尼加先知是出生於南國
[00:04:41.000 --> 00:04:44.000]  大概是和以賽亞先知同期
[00:04:44.000 --> 00:04:46.000]  不過不同的是
[00:04:46.000 --> 00:04:49.000]  尼加先知不同於是出名門
[00:04:49.000 --> 00:04:50.000]  根正苗紅
[00:04:50.000 --> 00:04:51.000]  面向權貴
[00:04:51.000 --> 00:04:55.000]  上流頂層的以賽亞先知
[00:04:55.000 --> 00:04:58.000]  尼加先知是出生於平民草根
[00:04:58.000 --> 00:05:03.000]  更專注於揭露有關社會性不公義的現象
[00:05:03.000 --> 00:05:05.000]  以至對普羅百姓
[00:05:05.000 --> 00:05:08.000]  民生疾苦不公平的影響
[00:05:08.000 --> 00:05:14.000]  引用狄更斯在《雙城記》的一段文字的描述
[00:05:14.000 --> 00:05:16.000]  這是最好的時代
[00:05:16.000 --> 00:05:19.000]  也是最壞的時代
[00:05:19.000 --> 00:05:21.000]  這是智慧的時代
[00:05:21.000 --> 00:05:24.000]  也是愚蠢的時代
[00:05:24.000 --> 00:05:26.000]  這是信仰的時代
[00:05:26.000 --> 00:05:29.000]  也是懷疑的時代
[00:05:29.000 --> 00:05:32.000]  描述中合如其分去形容尼加先知
[00:05:32.000 --> 00:05:38.000]  正正是身處於一個扭曲荒誕的時代
[00:05:38.000 --> 00:05:40.000]  實在一點也不為過
[00:05:40.000 --> 00:05:44.000]  尼加先知首先譴責以色列的過犯
[00:05:44.000 --> 00:05:46.000]  對神一直的背叛
[00:05:46.000 --> 00:05:52.000]  以至對以色列領袖先知們帶頭行不公義的警告
[00:05:52.000 --> 00:05:57.000]  而且更進一步災難性的審判的即將臨到
[00:05:57.000 --> 00:06:01.000]  然後再以但另一邊廂亦重新審判
[00:06:01.000 --> 00:06:05.000]  避諱只是短暫和暫時性
[00:06:05.000 --> 00:06:10.000]  最終都會得到牧羊人的拯救和安慰
[00:06:10.000 --> 00:06:13.000]  以至神同在避老的歸回
[00:06:13.000 --> 00:06:15.000]  漁民的回歸
[00:06:15.000 --> 00:06:18.000]  最後更預表帶出尼塞亞的救贖
[00:06:18.000 --> 00:06:21.000]  恢復復興的盼望
[00:06:21.000 --> 00:06:27.000]  頂姐妹今天盼望嘗試透過尼加書六章一到八節的宣講
[00:06:27.000 --> 00:06:30.000]  再次讓我們安靜細心去思想
[00:06:30.000 --> 00:06:34.000]  領受神話與親自的督澤教導
[00:06:34.000 --> 00:06:37.000]  去領受在基督的救贖因典當中
[00:06:37.000 --> 00:06:42.000]  作為我們基督裡在整個個人生命
[00:06:42.000 --> 00:06:45.000]  以至整個群體信仰的反思
[00:06:45.000 --> 00:06:49.000]  展現出我們本屬基督應有生命流露的彰顯
[00:06:49.000 --> 00:06:52.000]  聽命勝於獻祭
[00:06:52.000 --> 00:06:56.000]  時刻警醒於我們有關係的神同行
[00:06:56.000 --> 00:06:59.000]  一生緊緊跟隨耶穌基督
[00:06:59.000 --> 00:07:01.000]  以整全的生命
[00:07:01.000 --> 00:07:04.000]  內心等候主的在來
[00:07:04.000 --> 00:07:08.000]  在神聖路上無愧地迎見主面
[00:07:08.000 --> 00:07:09.000]  頂姐妹
[00:07:09.000 --> 00:07:12.000]  我今天想和大家去宣講的第一點是
[00:07:12.000 --> 00:07:15.000]  願盼聽君一席話
[00:07:15.000 --> 00:07:18.000]  尼加書的六章一到二節
[00:07:18.000 --> 00:07:21.000]  我們選用的是和合本的版本
[00:07:21.000 --> 00:07:23.000]  請聽神的話語
[00:07:23.000 --> 00:07:25.000]  以色列人啊
[00:07:25.000 --> 00:07:27.000]  當聽耶和華的話
[00:07:27.000 --> 00:07:30.000]  要起來向山嶺爭辯
[00:07:30.000 --> 00:07:32.000]  使綱領聽你的話
[00:07:32.000 --> 00:07:35.000]  山嶺和地永久的根基啊
[00:07:35.000 --> 00:07:39.000]  要聽耶和華爭辯的話
[00:07:39.000 --> 00:07:43.000]  因為耶和華要與他的百姓爭辯
[00:07:43.000 --> 00:07:45.000]  與以色列爭論
[00:07:45.000 --> 00:07:47.000]  頂姐妹
[00:07:47.000 --> 00:07:48.000]  進入經文之先
[00:07:48.000 --> 00:07:51.000]  首先想去考一考大家的觀察力
[00:07:51.000 --> 00:07:53.000]  剛才在讀這兩段經文當中
[00:07:53.000 --> 00:07:56.000]  有沒有留意到什麼字眼
[00:07:56.000 --> 00:07:59.000]  是重重複複地出現的呢
[00:07:59.000 --> 00:08:02.000]  我也猜到難不倒大家
[00:08:02.000 --> 00:08:04.000]  聰明的大家
[00:08:04.000 --> 00:08:08.000]  就是聽和爭辯這兩組字眼
[00:08:08.000 --> 00:08:11.000]  正所謂重要的東西是怎樣
[00:08:11.000 --> 00:08:13.000]  一定要說三次
[00:08:13.000 --> 00:08:16.000]  這兩組相同的原文無獨有偶
[00:08:16.000 --> 00:08:19.000]  一而再再而三地出現在我們眼前
[00:08:19.000 --> 00:08:21.000]  閃過我們的腦海
[00:08:21.000 --> 00:08:23.000]  一看就知道怎樣
[00:08:23.000 --> 00:08:25.000]  當然是重要
[00:08:25.000 --> 00:08:27.000]  經文一開始聖經這樣說
[00:08:27.000 --> 00:08:29.000]  以色列人啊
[00:08:29.000 --> 00:08:31.000]  當聽耶和華的話
[00:08:31.000 --> 00:08:34.000]  不單使我們清楚明白知道
[00:08:34.000 --> 00:08:36.000]  不是說其他人
[00:08:36.000 --> 00:08:39.000]  還是明確指向受眾
[00:08:39.000 --> 00:08:42.000]  是整個選民以色列的本身
[00:08:42.000 --> 00:08:44.000]  更不禁讓我們聯想到
[00:08:44.000 --> 00:08:47.000]  前文兩段平行對照的經文
[00:08:47.000 --> 00:08:50.000]  一段是尼加書的一章二節
[00:08:50.000 --> 00:08:52.000]  聖經這樣說
[00:08:52.000 --> 00:08:55.000]  「媽們啊,你們都要聽
[00:08:55.000 --> 00:08:57.000]  地和其上所有的
[00:08:57.000 --> 00:09:00.000]  也都要擇耳而聽
[00:09:00.000 --> 00:09:03.000]  主耶和華從他的聖殿
[00:09:03.000 --> 00:09:06.000]  要見證你們的不是」
[00:09:06.000 --> 00:09:08.000]  而另一段經文就是
[00:09:08.000 --> 00:09:11.000]  在尼加書的三章一節
[00:09:11.000 --> 00:09:13.000]  聖經這樣說
[00:09:13.000 --> 00:09:17.000]  「雅各的首領,以色列家的官長啊
[00:09:17.000 --> 00:09:19.000]  你們要聽
[00:09:19.000 --> 00:09:22.000]  你們不當知道公平嗎?」
[00:09:22.000 --> 00:09:25.000]  經文還不單清晰地讓我們知道
[00:09:25.000 --> 00:09:29.000]  整個以色列多了對神的背叛
[00:09:29.000 --> 00:09:32.000]  一再違反納約律法的精神
[00:09:32.000 --> 00:09:35.000]  更進一步無奈地揭示出
[00:09:35.000 --> 00:09:38.000]  身為以色列頂樓的領袖們
[00:09:38.000 --> 00:09:40.000]  還帶頭去做出
[00:09:40.000 --> 00:09:43.000]  種種不公義、不公平
[00:09:43.000 --> 00:09:45.000]  犯罪活逆臣的行徑
[00:09:45.000 --> 00:09:48.000]  胡作非為在罪中作樂
[00:09:48.000 --> 00:09:51.000]  頂姐妹,而更重要的是
[00:09:51.000 --> 00:09:53.000]  上述這個「聽」的主題
[00:09:53.000 --> 00:09:56.000]  並不是可以聽完就算
[00:09:56.000 --> 00:09:58.000]  當沒事發生過一樣
[00:09:58.000 --> 00:10:00.000]  更加不是悉隨尊便
[00:10:00.000 --> 00:10:02.000]  有得選擇才是老闆
[00:10:02.000 --> 00:10:04.000]  自己走去說事
[00:10:04.000 --> 00:10:06.000]  可以選擇去聽
[00:10:06.000 --> 00:10:08.000]  又或者可以選擇不去聽
[00:10:08.000 --> 00:10:10.000]  當它可有可無
[00:10:10.000 --> 00:10:13.000]  大家要知道這是神絕對的命令
[00:10:13.000 --> 00:10:16.000]  就算你喜不喜歡聽也好
[00:10:16.000 --> 00:10:18.000]  你都一定要去聽
[00:10:18.000 --> 00:10:20.000]  以至進一步要起來
[00:10:20.000 --> 00:10:23.000]  在行動上作出合神心意
[00:10:23.000 --> 00:10:26.000]  正確的選擇和回應
[00:10:26.000 --> 00:10:30.000]  頂姐妹,說到「聽命」這個課題
[00:10:30.000 --> 00:10:33.000]  其實又不是一些橫空畫出的新鮮事
[00:10:33.000 --> 00:10:36.000]  而事實上要聽這個主軸
[00:10:36.000 --> 00:10:39.000]  不單止貫穿了整卷的離家書
[00:10:39.000 --> 00:10:45.000]  更是貫穿了整個舊約舊恩的歷史裡的宏大敘事
[00:10:45.000 --> 00:10:48.000]  大家可以安靜去想一想
[00:10:48.000 --> 00:10:50.000]  神所揀選的選民
[00:10:50.000 --> 00:10:52.000]  由始至終
[00:10:52.000 --> 00:10:56.000]  徹頭徹尾都只是壞了一樣東西
[00:10:56.000 --> 00:10:58.000]  是什麼?
[00:10:58.000 --> 00:11:00.000]  我猜大家都知道
[00:11:00.000 --> 00:11:03.000]  又或者我們都親身經歷過
[00:11:03.000 --> 00:11:05.000]  或者感同身受過
[00:11:05.000 --> 00:11:07.000]  就是不聽話
[00:11:07.000 --> 00:11:09.000]  走去搏逆神
[00:11:09.000 --> 00:11:13.000]  以至被神親自去管教和執法
[00:11:13.000 --> 00:11:15.000]  正一是好做不做
[00:11:15.000 --> 00:11:17.000]  應該做的不走去做
[00:11:17.000 --> 00:11:21.000]  不應該做的我們樣樣就走去做
[00:11:21.000 --> 00:11:23.000]  唯恐天下不亂
[00:11:23.000 --> 00:11:26.000]  頂姐妹,我想在這裡和大家做個調查
[00:11:26.000 --> 00:11:28.000]  大家要誠實
[00:11:28.000 --> 00:11:33.000]  自覺自己都頗聽人說話的
[00:11:33.000 --> 00:11:36.000]  請舉一舉手
[00:11:36.000 --> 00:11:38.000]  好,看到
[00:11:38.000 --> 00:11:40.000]  覺得自己不太聽人說話的
[00:11:40.000 --> 00:11:43.000]  又請舉一舉手
[00:11:43.000 --> 00:11:45.000]  好,為你去感恩
[00:11:45.000 --> 00:11:47.000]  起碼你還誠實
[00:11:47.000 --> 00:11:48.000]  勇敢去舉手
[00:11:48.000 --> 00:11:51.000]  去面對你自己現實的狀況
[00:11:51.000 --> 00:11:55.000]  那其他沒有舉手又代表什麼呢?
[00:11:55.000 --> 00:11:59.000]  是不是就代表有時聽,有時不聽呢?
[00:11:59.000 --> 00:12:02.000]  聽就聽,不聽就不聽
[00:12:02.000 --> 00:12:04.000]  但聽不聽又如何呢?
[00:12:04.000 --> 00:12:07.000]  由我自己去決定
[00:12:07.000 --> 00:12:09.000]  可能更多的是在心想
[00:12:09.000 --> 00:12:13.000]  有時間,心情好,有耐性
[00:12:13.000 --> 00:12:16.000]  就去聽聽你犯什麼一風
[00:12:16.000 --> 00:12:18.000]  有什麼空談的偉論
[00:12:18.000 --> 00:12:22.000]  我心情差,沒耐性,有事忙
[00:12:22.000 --> 00:12:24.000]  就理你也傻了
[00:12:24.000 --> 00:12:26.000]  沒你這麼好戲
[00:12:26.000 --> 00:12:28.000]  你不要在這裡浪費我的時間
[00:12:28.000 --> 00:12:32.000]  又在這裡想和大家做一個簡單的實驗
[00:12:32.000 --> 00:12:34.000]  想問大家一個常識題
[00:12:34.000 --> 00:12:36.000]  大家準備好了嗎?
[00:12:36.000 --> 00:12:38.000]  好,聽好了
[00:12:38.000 --> 00:12:40.000]  是這樣的
[00:12:40.000 --> 00:12:45.000]  有一天,當你正常的主日回來禮堂崇拜
[00:12:45.000 --> 00:12:48.000]  當你踏入這個燈火通明的禮堂的時候
[00:12:48.000 --> 00:12:51.000]  周圍著著十一盞燈
[00:12:51.000 --> 00:12:53.000]  但突然之間,滴答一聲
[00:12:53.000 --> 00:12:55.000]  關了四盞燈
[00:12:55.000 --> 00:12:58.000]  我想問大家到底還剩下多少盞燈呢?
[00:12:58.000 --> 00:13:01.000]  剩下七盞燈的請舉手
[00:13:01.000 --> 00:13:05.000]  好,一盞燈都沒有的請舉手
[00:13:05.000 --> 00:13:09.000]  剩下十一盞燈的請舉手
[00:13:09.000 --> 00:13:12.000]  哦,大家原來都真的
[00:13:12.000 --> 00:13:14.000]  猜一下有多少盞燈呢?
[00:13:14.000 --> 00:13:16.000]  大家猜到嗎?
[00:13:16.000 --> 00:13:19.000]  答案就是十一盞燈
[00:13:19.000 --> 00:13:22.000]  大家是不是覺得很奇怪呢?
[00:13:22.000 --> 00:13:24.000]  知道大家一定會這樣問的
[00:13:24.000 --> 00:13:27.000]  第一,就算關了眼燈
[00:13:27.000 --> 00:13:29.000]  盞燈都還在的
[00:13:29.000 --> 00:13:33.000]  第二,我一開始跟大家說的是什麼呢?
[00:13:33.000 --> 00:13:36.000]  我是問大家一個常識題
[00:13:36.000 --> 00:13:39.000]  我不是問大家一個數學題
[00:13:39.000 --> 00:13:42.000]  弟兄姊妹,看到嗎?
[00:13:42.000 --> 00:13:43.000]  感受到嗎?
[00:13:43.000 --> 00:13:47.000]  有時眼見未為實,耳聽未為真
[00:13:47.000 --> 00:13:50.000]  在局中要清心地去看透
[00:13:50.000 --> 00:13:53.000]  聽到言外之音,其實都很難
[00:13:53.000 --> 00:13:56.000]  正所謂當局者迷
[00:13:56.000 --> 00:13:59.000]  我們有時都很有局限,很有限制
[00:13:59.000 --> 00:14:03.000]  我們經常被內在不同的心思意念去阻隔
[00:14:03.000 --> 00:14:08.000]  我們經常被外在四方八面的雜音意見去窒礙
[00:14:08.000 --> 00:14:11.000]  使得我們以為自己聽了
[00:14:11.000 --> 00:14:13.000]  其實從來都沒有聽過
[00:14:13.000 --> 00:14:16.000]  以為自己聽了入耳
[00:14:16.000 --> 00:14:19.000]  其實是左耳入,右耳出
[00:14:19.000 --> 00:14:22.000]  從來一點都沒有聽進心裏
[00:14:22.000 --> 00:14:25.000]  大家以為我們真的很想去聽
[00:14:25.000 --> 00:14:27.000]  No,No,No
[00:14:27.000 --> 00:14:31.000]  其實我們真心只是想去說
[00:14:31.000 --> 00:14:34.000]  一心只是想去裝聽
[00:14:34.000 --> 00:14:39.000]  又或者先入為主,帶著偏見,以偏概全地去偏聽
[00:14:39.000 --> 00:14:45.000]  實情是我們只一心想去表達我們自己獨有的真知灼見
[00:14:45.000 --> 00:14:49.000]  就好像昔日被神所揀選的意識命運一樣
[00:14:49.000 --> 00:14:52.000]  要自己說事,自己為事
[00:14:52.000 --> 00:14:57.000]  這樣去反叛,不聽神的話而偏行己路
[00:14:57.000 --> 00:15:02.000]  接著經文更進一步指引出另一個重要的課題
[00:15:02.000 --> 00:15:04.000]  就是爭辯
[00:15:04.000 --> 00:15:05.000]  聖經這樣說
[00:15:05.000 --> 00:15:09.000]  「要起來向山嶺爭辯,使綱嶺聽你的話
[00:15:09.000 --> 00:15:14.000]  山嶺和地永久的根基,要聽耶和華爭辯的話
[00:15:14.000 --> 00:15:19.000]  因為耶和華要與他百姓爭辯,與以色列爭論」
[00:15:19.000 --> 00:15:22.000]  弟兄姊妹,值得我們去留意的是
[00:15:22.000 --> 00:15:25.000]  這些並不是我們要去街市買菜
[00:15:25.000 --> 00:15:29.000]  正所謂你不要嫌我囉嗦,我又不要嫌你米粹
[00:15:29.000 --> 00:15:34.000]  開天殺價,落地還錢式的土掛橫架的市井吵架
[00:15:34.000 --> 00:15:36.000]  我想問問大家
[00:15:36.000 --> 00:15:41.000]  到現在大家猜不猜得到這兩節經文所展現的是什麼場景呢?
[00:15:41.000 --> 00:15:43.000]  大家猜不猜得到?
[00:15:44.000 --> 00:15:46.000]  聽到一點點
[00:15:46.000 --> 00:15:52.000]  原來這個爭辯的原文並不是一個普通場合的普遍性的用字
[00:15:52.000 --> 00:15:55.000]  原來它是一個專業語法的用字
[00:15:55.000 --> 00:15:59.000]  通常都是出現在法律、法庭的語境裏面
[00:15:59.000 --> 00:16:03.000]  通常都是指向法庭處理案件的訴訟
[00:16:03.000 --> 00:16:08.000]  以致被受屈者去伸冤平反
[00:16:08.000 --> 00:16:11.000]  弟兄姊妹,先停一停
[00:16:11.000 --> 00:16:16.000]  既然所展現的是法庭伸冤訴訟的場景
[00:16:16.000 --> 00:16:22.000]  又因什麼要去大山小山、山嶺、江嶺去爭辯呢?
[00:16:22.000 --> 00:16:28.000]  究竟經文裏面引用大山小山以至地永久的根基
[00:16:28.000 --> 00:16:31.000]  其實又在說什麼呢?
[00:16:31.000 --> 00:16:33.000]  我想問問大家
[00:16:33.000 --> 00:16:36.000]  套用現今我們認知的法庭場景
[00:16:36.000 --> 00:16:40.000]  這個案件的被告就是整個以色列
[00:16:40.000 --> 00:16:45.000]  控罪就是他違反摩西律法欺壓自己人
[00:16:45.000 --> 00:16:49.000]  主控官當然是代表神的尼加仙之
[00:16:49.000 --> 00:16:53.000]  而法官或者原告當然是神自己
[00:16:53.000 --> 00:16:55.000]  我想問問大家
[00:16:55.000 --> 00:16:58.000]  法庭上還欠缺什麼人呢?
[00:16:58.000 --> 00:17:03.000]  我猜大家都知道吧
[00:17:03.000 --> 00:17:06.000]  就是證人和陪審員
[00:17:06.000 --> 00:17:10.000]  原來經文中的大山和小山
[00:17:10.000 --> 00:17:17.000]  以至在前一卷書約拿書曾經出現過沉下地永久的根基
[00:17:17.000 --> 00:17:21.000]  是想以創世以屹立地的最高
[00:17:21.000 --> 00:17:23.000]  以至海的最深
[00:17:23.000 --> 00:17:25.000]  直至終末地要消去之時
[00:17:25.000 --> 00:17:30.000]  仍然存在去作永久的見證人
[00:17:30.000 --> 00:17:32.000]  哦,原來是這樣
[00:17:32.000 --> 00:17:34.000]  弟兄姊妹,這樣就明白了
[00:17:34.000 --> 00:17:36.000]  原來神設好台
[00:17:36.000 --> 00:17:38.000]  叫齊所有人
[00:17:38.000 --> 00:17:40.000]  做這場大龍鳳
[00:17:40.000 --> 00:17:41.000]  並不是要一言堂
[00:17:41.000 --> 00:17:43.000]  要大石砸死
[00:17:43.000 --> 00:17:45.000]  要去屈以色列
[00:17:45.000 --> 00:17:47.000]  他是要遂之以理
[00:17:47.000 --> 00:17:49.000]  以理去說服人
[00:17:49.000 --> 00:17:50.000]  神更要致正
[00:17:50.000 --> 00:17:55.000]  引證自己去自己公義的屬性和作為
[00:17:55.000 --> 00:17:57.000]  為要令以色列知罪
[00:17:57.000 --> 00:17:59.000]  須得心服口服
[00:17:59.000 --> 00:18:01.000]  死得硬幣
[00:18:01.000 --> 00:18:02.000]  弟兄姊妹
[00:18:02.000 --> 00:18:05.000]  誠意邀請你去想一想
[00:18:05.000 --> 00:18:09.000]  原來我們面對神的指控審判
[00:18:09.000 --> 00:18:12.000]  我們還可以不去聽嗎?
[00:18:12.000 --> 00:18:14.000]  我們原來還可以有思
[00:18:14.000 --> 00:18:16.000]  還可以去耍手段
[00:18:16.000 --> 00:18:17.000]  走精面
[00:18:17.000 --> 00:18:21.000]  理屈詞窮地去狡辯脫身嗎?
[00:18:21.000 --> 00:18:23.000]  以至為求自保嗎?
[00:18:23.000 --> 00:18:25.000]  弟兄姊妹
[00:18:25.000 --> 00:18:27.000]  誠意邀請你去安靜
[00:18:27.000 --> 00:18:30.000]  撫摸一下你自己的內心
[00:18:30.000 --> 00:18:31.000]  天知地知
[00:18:31.000 --> 00:18:33.000]  理知神知
[00:18:33.000 --> 00:18:35.000]  你有沒有一些隱而未見的罪
[00:18:35.000 --> 00:18:39.000]  正在面對神對你內心的指控
[00:18:39.000 --> 00:18:42.000]  使你良心有愧
[00:18:42.000 --> 00:18:46.000]  甚至你自己正在得罪神
[00:18:46.000 --> 00:18:49.000]  你是願意選擇去聽
[00:18:49.000 --> 00:18:53.000]  還是仍然氣喘不服氣地
[00:18:53.000 --> 00:18:55.000]  選擇去爭辯
[00:18:55.000 --> 00:18:58.000]  一意孤行地去偏行幾路呢?
[00:18:58.000 --> 00:19:01.000]  聖靈提醒你現在唯一誠實
[00:19:01.000 --> 00:19:04.000]  勇敢去面對神的出路
[00:19:04.000 --> 00:19:06.000]  又是甚麼呢?
[00:19:06.000 --> 00:19:09.000]  弟兄姊妹
[00:19:09.000 --> 00:19:12.000]  我今天想向大家宣講的第二點是
[00:19:12.000 --> 00:19:15.000]  此情只待誠追憶
[00:19:15.000 --> 00:19:19.000]  是尼加書的六章三到七節
[00:19:19.000 --> 00:19:21.000]  請聽神的話語
[00:19:21.000 --> 00:19:23.000]  我的百姓啊
[00:19:23.000 --> 00:19:25.000]  我向你作了甚麼呢?
[00:19:25.000 --> 00:19:28.000]  我在甚麼事上使你煩厭
[00:19:28.000 --> 00:19:31.000]  你可以對我證明
[00:19:31.000 --> 00:19:34.000]  我曾將你從埃及地領出來
[00:19:34.000 --> 00:19:37.000]  從作奴僕之家救贖你
[00:19:37.000 --> 00:19:43.000]  我也差遣摩西、亞倫和米利恩在你前面行
[00:19:43.000 --> 00:19:45.000]  我的百姓啊
[00:19:45.000 --> 00:19:49.000]  你們當追念摩訶王巴勒所設的謬
[00:19:49.000 --> 00:19:52.000]  和比爾的兒子巴蘭回答他的話
[00:19:52.000 --> 00:19:57.000]  並你們從實庭到吉甲所遇見的事
[00:19:57.000 --> 00:20:01.000]  好使你們知道耶和華公義的作為
[00:20:01.000 --> 00:20:06.000]  我朝見耶和華在至高神面前跪拜
[00:20:06.000 --> 00:20:08.000]  當獻上甚麼呢?
[00:20:08.000 --> 00:20:12.000]  豈可獻一歲的牛屬為凡濟嗎?
[00:20:12.000 --> 00:20:15.000]  耶和華豈豈願千千的供養
[00:20:15.000 --> 00:20:18.000]  或是萬萬的猶何嗎?
[00:20:18.000 --> 00:20:22.000]  我豈可為自己的罪過獻我的長子嗎?
[00:20:22.000 --> 00:20:27.000]  為心中的罪惡獻我所生所生的嗎?
[00:20:27.000 --> 00:20:33.000]  丙姐妹,這段經文嚴格來說再仔細一點
[00:20:33.000 --> 00:20:36.000]  可以大致分為三到五節
[00:20:36.000 --> 00:20:40.000]  以至六到七節上下這兩個部分
[00:20:40.000 --> 00:20:44.000]  首先我們先來處理一下上半部分三到五節
[00:20:44.000 --> 00:20:47.000]  我想考考大家
[00:20:47.000 --> 00:20:49.000]  有甚麼字眼又再重覆一次
[00:20:49.000 --> 00:20:52.000]  出現在我們的眼前呢?
[00:20:52.000 --> 00:20:55.000]  沒錯,我猜大家都知道
[00:20:55.000 --> 00:20:58.000]  就是我的白性
[00:20:58.000 --> 00:21:04.000]  上兩節經文還重重口口聲聲去指控
[00:21:04.000 --> 00:21:05.000]  去爭辯
[00:21:05.000 --> 00:21:08.000]  為何突然間又好像人格分裂般
[00:21:08.000 --> 00:21:10.000]  溫柔了那麼多呢?
[00:21:10.000 --> 00:21:12.000]  正所謂「阿婆走得快」
[00:21:12.000 --> 00:21:14.000]  一定有古怪
[00:21:14.000 --> 00:21:17.000]  明明上文先設好擂台
[00:21:17.000 --> 00:21:19.000]  擺好擂台,設好陣
[00:21:19.000 --> 00:21:21.000]  都準備身肉搏拳拳
[00:21:21.000 --> 00:21:23.000]  到肉實牙實齒埋牙
[00:21:23.000 --> 00:21:25.000]  打到頭破血流
[00:21:25.000 --> 00:21:27.000]  突然間又好像擺在一副
[00:21:27.000 --> 00:21:30.000]  詠春一代宗師的架式
[00:21:30.000 --> 00:21:34.000]  以由濟江轉工為首
[00:21:34.000 --> 00:21:36.000]  經文一開始
[00:21:36.000 --> 00:21:39.000]  不分一轉由上文一二節
[00:21:39.000 --> 00:21:42.000]  以遂之以理主動的控訴
[00:21:42.000 --> 00:21:45.000]  逆轉為動之以情被動的伸冤
[00:21:45.000 --> 00:21:49.000]  更直由第三者尼加先知對事件的陳述
[00:21:49.000 --> 00:21:55.000]  互換為耶和華第一身感同身受受屈的訴苦
[00:21:55.000 --> 00:21:57.000]  而更值得我們去留意的是
[00:21:57.000 --> 00:22:00.000]  經文中的第三節和第五節
[00:22:00.000 --> 00:22:04.000]  重覆出現了的「我的白性」
[00:22:04.000 --> 00:22:05.000]  讓我們清楚知道
[00:22:05.000 --> 00:22:10.000]  耶和華神並不是一個高高在上超然的他者
[00:22:10.000 --> 00:22:14.000]  耶和華更是與屬於祂的選民
[00:22:14.000 --> 00:22:17.000]  時時刻刻與我們同在
[00:22:17.000 --> 00:22:19.000]  是一個與屬於祂的白性
[00:22:19.000 --> 00:22:22.000]  與我們有關係的神
[00:22:22.000 --> 00:22:26.000]  祂更加不忍心見到屬於祂的子民
[00:22:26.000 --> 00:22:28.000]  以致我們一錯再錯
[00:22:28.000 --> 00:22:30.000]  越走越遠
[00:22:30.000 --> 00:22:32.000]  回不到頭
[00:22:32.000 --> 00:22:36.000]  接著經文更展現出一種無奈的申訴
[00:22:36.000 --> 00:22:38.000]  聖經這樣說
[00:22:38.000 --> 00:22:43.000]  「我的白性啊,我向你作了什麼呢?
[00:22:43.000 --> 00:22:46.000]  我在什麼事上使你煩厭?
[00:22:46.000 --> 00:22:49.000]  你可以對我證明。」
[00:22:49.000 --> 00:22:52.000]  弟兄姊妹,看到嗎?
[00:22:52.000 --> 00:22:54.000]  感受到嗎?
[00:22:54.000 --> 00:22:58.000]  就好像父母對子女無微不至的愛甘願犧牲
[00:22:58.000 --> 00:23:01.000]  以至一切無私的傳言獻上
[00:23:01.000 --> 00:23:06.000]  但到頭來卻換來無情的背叛和扭曲
[00:23:06.000 --> 00:23:13.000]  正所謂「我本將心向明月,奈何一果明月照溝渠?」
[00:23:13.000 --> 00:23:18.000]  神悲痛地向整個以色列發出哀怨的悲鳴
[00:23:18.000 --> 00:23:20.000]  無聲地吶喊
[00:23:20.000 --> 00:23:23.000]  「我向你作了什麼?
[00:23:23.000 --> 00:23:26.000]  什麼事上使你煩厭?」
[00:23:26.000 --> 00:23:29.000]  經文中以兩個「什麼」的疑問
[00:23:29.000 --> 00:23:33.000]  帶出由始至終的不明白、不了解
[00:23:33.000 --> 00:23:38.000]  以至最終卻換來整個以色列對他背弱的怯氣
[00:23:38.000 --> 00:23:43.000]  打從心底而出對神顯出不耐煩的結果
[00:23:43.000 --> 00:23:51.000]  更援引出夏文邁下以色列進一步自正自變的伏筆
[00:23:51.000 --> 00:23:53.000]  接著推進的兩節經文
[00:23:53.000 --> 00:23:58.000]  更以過往兩段不同的經歷去回應上文
[00:23:58.000 --> 00:24:05.000]  使我們回想神昔日究竟為神、為以色列作了什麼
[00:24:05.000 --> 00:24:09.000]  究竟有什麼事令他們深深煩厭呢?
[00:24:09.000 --> 00:24:14.000]  以至最終令他們走上一條背信棄義的不歸路
[00:24:14.000 --> 00:24:16.000]  聖經這樣說
[00:24:16.000 --> 00:24:22.000]  「我曾將你從埃及地領出來,從作奴僕之家救贖你
[00:24:22.000 --> 00:24:27.000]  我也差遣摩西亞倫和米利暗在你前面行」
[00:24:27.000 --> 00:24:32.000]  領子問:我猜這段經文所展現的情景大家一點也不陌生
[00:24:32.000 --> 00:24:34.000]  沒錯,就是整個出埃及
[00:24:34.000 --> 00:24:39.000]  以至神親自確立、色設、合適的領袖
[00:24:39.000 --> 00:24:45.000]  去帶領整個以色列的子民在曠野中的漂流而不自迷失
[00:24:45.000 --> 00:24:52.000]  仍然能夠勇敢地去依靠神去繼續前行的宏大救恩的歷史
[00:24:52.000 --> 00:25:01.000]  簡單來說就是神對以色列百姓子民的憐憫、慈愛的救贖之情
[00:25:01.000 --> 00:25:06.000]  而另一節經文對應的經文大家可能有點陌生
[00:25:06.000 --> 00:25:08.000]  聖經這樣說
[00:25:08.000 --> 00:25:14.000]  「我們百姓啊,你們當追念摩押王巴勒所密切的謀
[00:25:14.000 --> 00:25:17.000]  和比爾的兒子巴蘭回答他的話
[00:25:17.000 --> 00:25:21.000]  並你們從什廷到吉甲所遇見的事」
[00:25:21.000 --> 00:25:25.000]  究竟經文中說的又是遇見什麼事呢?
[00:25:25.000 --> 00:25:30.000]  經文中以摩押王巴勒重金巴蘭斯之去助紂以色列
[00:25:30.000 --> 00:25:32.000]  大家記不記得是什麼故事?
[00:25:32.000 --> 00:25:34.000]  就是「奴仔出聲」那個故事
[00:25:34.000 --> 00:25:35.000]  記得吧?
[00:25:35.000 --> 00:25:42.000]  「以至巴蘭先知不敢為了自身的利益去活逆神的旨意
[00:25:42.000 --> 00:25:48.000]  竟然將三次的助紂轉化為三次祝福以色列優美的樂章
[00:25:48.000 --> 00:25:54.000]  更不禁讓我們回想到文素記二十二章到二十四章的技術當中
[00:25:54.000 --> 00:25:57.000]  就算以色列民傳言不知就裡
[00:25:57.000 --> 00:26:00.000]  神對以色列的危難中的照管
[00:26:00.000 --> 00:26:04.000]  保護的恩情仍然是不離不棄」
[00:26:04.000 --> 00:26:05.000]  就像我們這樣
[00:26:05.000 --> 00:26:07.000]  有時我們遇到困難
[00:26:07.000 --> 00:26:08.000]  惡人當道
[00:26:08.000 --> 00:26:11.000]  當你為著義去受迫迫
[00:26:11.000 --> 00:26:12.000]  傷心難過
[00:26:12.000 --> 00:26:14.000]  痛心欲絕的時候
[00:26:14.000 --> 00:26:17.000]  我們都總會去問神
[00:26:17.000 --> 00:26:19.000]  為什麼是我?
[00:26:19.000 --> 00:26:21.000]  何必偏偏選擇我?
[00:26:21.000 --> 00:26:23.000]  再激動一點的可能是什麼?
[00:26:23.000 --> 00:26:25.000]  Why me?
[00:26:25.000 --> 00:26:28.000]  神你究竟在哪裡?
[00:26:28.000 --> 00:26:30.000]  你究竟在不在場?
[00:26:30.000 --> 00:26:34.000]  神你的公義究竟還存不存在?
[00:26:34.000 --> 00:26:35.000]  頂姐妹
[00:26:35.000 --> 00:26:37.000]  面對真實的迫迫
[00:26:37.000 --> 00:26:40.000]  這種困惑無奈的心情
[00:26:40.000 --> 00:26:41.000]  是明白的
[00:26:41.000 --> 00:26:45.000]  但我們就算多麼灰心多麼絕望
[00:26:45.000 --> 00:26:47.000]  我們仍然一定要
[00:26:47.000 --> 00:26:49.000]  去緊緊相信
[00:26:49.000 --> 00:26:53.000]  緊緊抓住最後一根的救命繩
[00:26:53.000 --> 00:26:55.000]  神對你的愛
[00:26:55.000 --> 00:26:57.000]  永遠都是不變不改
[00:26:57.000 --> 00:27:00.000]  從來都沒有離開過我們
[00:27:00.000 --> 00:27:04.000]  我們可以去對事情發生的不明白
[00:27:04.000 --> 00:27:09.000]  但千萬不可以徹底自我去否認信仰
[00:27:09.000 --> 00:27:12.000]  去否定神在你生命中
[00:27:12.000 --> 00:27:15.000]  救贖恩典的作為
[00:27:15.000 --> 00:27:17.000]  哪怕是柔柔重口
[00:27:17.000 --> 00:27:22.000]  深信永遠都是公道自在人心
[00:27:22.000 --> 00:27:24.000]  而接著經文當中所展現的
[00:27:24.000 --> 00:27:27.000]  實庭和吉甲的兩個地方
[00:27:27.000 --> 00:27:28.000]  亦不禁讓我們聯想到
[00:27:28.000 --> 00:27:32.000]  約書下的三到四章的描述
[00:27:32.000 --> 00:27:34.000]  以色列民國約旦河前後
[00:27:34.000 --> 00:27:37.000]  以至進入英許之地的經歷
[00:27:37.000 --> 00:27:39.000]  神英許的行久不變
[00:27:39.000 --> 00:27:42.000]  以至神的信實零不落空
[00:27:42.000 --> 00:27:44.000]  頂姐妹更值得我們留意的是
[00:27:44.000 --> 00:27:45.000]  回想昔日
[00:27:45.000 --> 00:27:50.000]  無論是神對以色列出埃及的救贖之恩
[00:27:50.000 --> 00:27:54.000]  在曠野神恩領的信靠前行
[00:27:54.000 --> 00:27:59.000]  還是摩訶王巴勒先知巴蘭的角力較勁
[00:27:59.000 --> 00:28:03.000]  神暗中的保護之情
[00:28:03.000 --> 00:28:05.000]  神說是由實庭到吉甲
[00:28:05.000 --> 00:28:10.000]  約旦河前後進入英許之地的種種經歷
[00:28:10.000 --> 00:28:14.000]  以至神信實不變的應有之義
[00:28:14.000 --> 00:28:16.000]  原來這一切一切
[00:28:16.000 --> 00:28:20.000]  神都是想我們去回憶去記得
[00:28:20.000 --> 00:28:22.000]  祂在我們生命裏面
[00:28:22.000 --> 00:28:27.000]  祂為我們作了什麼做了什麼
[00:28:27.000 --> 00:28:30.000]  一切原來是不配領受的恩典
[00:28:30.000 --> 00:28:32.000]  而更重要的是什麼
[00:28:32.000 --> 00:28:34.000]  就是最後那句
[00:28:34.000 --> 00:28:36.000]  聖經這樣說
[00:28:36.000 --> 00:28:41.000]  「好使你們知道耶和華公義的作為」
[00:28:41.000 --> 00:28:44.000]  哦 原來神做這一切
[00:28:44.000 --> 00:28:46.000]  不是為了其他東西
[00:28:46.000 --> 00:28:49.000]  只是要親自去自證
[00:28:49.000 --> 00:28:51.000]  要我們去知道
[00:28:51.000 --> 00:28:54.000]  分辨到神祂的所作所為
[00:28:54.000 --> 00:28:57.000]  怎樣符合祂自己的屬性
[00:28:57.000 --> 00:28:58.000]  而的標準
[00:28:58.000 --> 00:29:01.000]  為了祂自己公義的行動
[00:29:01.000 --> 00:29:05.000]  重新去訂立應有的準繩法道
[00:29:05.000 --> 00:29:09.000]  絕不用其他愛人去公器私用
[00:29:09.000 --> 00:29:12.000]  去指指點點去混淆視聽
[00:29:12.000 --> 00:29:16.000]  以下我們就去處理餘下的
[00:29:16.000 --> 00:29:19.000]  六至七節下半部分的經文
[00:29:19.000 --> 00:29:21.000]  經文一開始
[00:29:21.000 --> 00:29:24.000]  咦 等等 又要停一停
[00:29:24.000 --> 00:29:27.000]  大家有沒有覺得在這裏有點奇怪
[00:29:27.000 --> 00:29:32.000]  明明上文才在回憶神對以色列的救贖的恩情
[00:29:32.000 --> 00:29:34.000]  突然又再拋一個靚灣
[00:29:34.000 --> 00:29:37.000]  又再突然180度的轉向
[00:29:37.000 --> 00:29:40.000]  無端端又說了憲制
[00:29:40.000 --> 00:29:42.000]  究竟又在搞什麼呢
[00:29:42.000 --> 00:29:44.000]  聖經這樣說
[00:29:44.000 --> 00:29:45.000]  「我召見耶和華
[00:29:45.000 --> 00:29:47.000]  在至高神面前跪拜
[00:29:47.000 --> 00:29:49.000]  當獻上什麼呢?
[00:29:49.000 --> 00:29:52.000]  豈可獻一歲的牛屬為繁祭嗎?
[00:29:52.000 --> 00:29:55.000]  又說喜喜悅悅千千的公羊
[00:29:55.000 --> 00:29:57.000]  或是萬萬的遊河嗎?
[00:29:57.000 --> 00:30:01.000]  我豈可為自己的罪過獻我的長子嗎?
[00:30:01.000 --> 00:30:05.000]  為心中的罪惡獻我生所生的嗎?」
[00:30:05.000 --> 00:30:08.000]  領子妹們 看舊約 尤其是先知書
[00:30:08.000 --> 00:30:11.000]  大家知不知道最困難的是什麼?
[00:30:11.000 --> 00:30:14.000]  就好像在籃球比賽裏面
[00:30:14.000 --> 00:30:17.000]  攻守的節奏快速地互換
[00:30:17.000 --> 00:30:20.000]  有時上文都未搞清楚
[00:30:20.000 --> 00:30:24.000]  下文又再一次攻守角色的轉換
[00:30:24.000 --> 00:30:26.000]  使得我們無所適從
[00:30:26.000 --> 00:30:29.000]  有時去追車連車尾燈都看不到
[00:30:29.000 --> 00:30:33.000]  如果大家還記得上文第一二節
[00:30:33.000 --> 00:30:36.000]  由先知尼加代表神
[00:30:36.000 --> 00:30:39.000]  向以色列的背叛提出控訴
[00:30:39.000 --> 00:30:41.000]  接著三至五節的經文
[00:30:41.000 --> 00:30:43.000]  由神專由神親自訴說
[00:30:43.000 --> 00:30:46.000]  釋述的對以色列就是拯救之情
[00:30:46.000 --> 00:30:48.000]  來到這一刻的經文六至七節
[00:30:48.000 --> 00:30:52.000]  經文再一次互換和轉向
[00:30:52.000 --> 00:30:55.000]  以朝聖者以色列的角度出發
[00:30:55.000 --> 00:31:00.000]  再向至聖者崇敬 舉目朝見
[00:31:00.000 --> 00:31:03.000]  應謹慎謙卑跪拜的當下
[00:31:03.000 --> 00:31:06.000]  非常噁心地提出了
[00:31:06.000 --> 00:31:12.000]  應當獻上什麼有關獻祭的疑問和課題
[00:31:12.000 --> 00:31:14.000]  弟兄姊妹 正本清源
[00:31:14.000 --> 00:31:16.000]  我想問大家
[00:31:16.000 --> 00:31:20.000]  重點在不在於在繁祭上獻上什麼
[00:31:20.000 --> 00:31:24.000]  神豈會在於在品質上貴重的牛屬
[00:31:24.000 --> 00:31:26.000]  初生的小牛
[00:31:26.000 --> 00:31:30.000]  又或者是否在於數量壓倒性的
[00:31:30.000 --> 00:31:33.000]  千千萬萬繁衍的供養
[00:31:33.000 --> 00:31:34.000]  滿日的滋養
[00:31:34.000 --> 00:31:37.000]  這些君王式的獻祭
[00:31:37.000 --> 00:31:40.000]  神或以自知自知罪孽深重
[00:31:40.000 --> 00:31:43.000]  將投生的長子犧牲奉獻
[00:31:43.000 --> 00:31:46.000]  獻上而代為自己贖罪
[00:31:46.000 --> 00:31:47.000]  弟兄姊妹
[00:31:47.000 --> 00:31:50.000]  就好像我們侍奉數量的多少
[00:31:50.000 --> 00:31:52.000]  效益的高低
[00:31:52.000 --> 00:31:56.000]  在神的眼中其實一點都不重要
[00:31:56.000 --> 00:31:57.000]  重要的是什麼
[00:31:57.000 --> 00:32:01.000]  是侍奉者應有的侍奉心態
[00:32:01.000 --> 00:32:04.000]  你為什麼去侍奉
[00:32:04.000 --> 00:32:08.000]  引用近日坊間食肆老闆一句名句
[00:32:08.000 --> 00:32:11.000]  「又無人用支槍去指住你入來
[00:32:11.000 --> 00:32:13.000]  你可以走的」
[00:32:13.000 --> 00:32:16.000]  我們不需要勉強自己去侍奉
[00:32:16.000 --> 00:32:18.000]  侍奉最重要的是什麼
[00:32:18.000 --> 00:32:20.000]  甘心樂意
[00:32:20.000 --> 00:32:24.000]  最重要的是你知道自己是榮耀神
[00:32:24.000 --> 00:32:26.000]  還是榮耀自己
[00:32:26.000 --> 00:32:29.000]  是合神心意去擴展神的角度
[00:32:29.000 --> 00:32:31.000]  還是滿足於人的私慾
[00:32:31.000 --> 00:32:35.000]  去擴展你個人權力慾望的版圖
[00:32:35.000 --> 00:32:39.000]  正如經文中出現獻祭的陳述
[00:32:39.000 --> 00:32:41.000]  究竟又是目的何在
[00:32:41.000 --> 00:32:43.000]  用意又是什麼呢
[00:32:43.000 --> 00:32:46.000]  如果大家還記得之前提過
[00:32:46.000 --> 00:32:49.000]  這是一個什麼的語境
[00:32:49.000 --> 00:32:53.000]  沒錯就是一個法庭訴訟的場景
[00:32:53.000 --> 00:32:56.000]  如果這個一個大公無私的場景
[00:32:56.000 --> 00:32:59.000]  再加上獻祭的利益關係
[00:32:59.000 --> 00:33:01.000]  將它糾結在一起
[00:33:01.000 --> 00:33:06.000]  大家又會怎麼想有什麼感覺
[00:33:06.000 --> 00:33:12.000]  沒錯就是以利益去行賄和收買證人
[00:33:12.000 --> 00:33:18.000]  原來以色列耶和華神親自動之以情去訴說
[00:33:18.000 --> 00:33:20.000]  回想起昔日對以色列的恩情
[00:33:20.000 --> 00:33:23.000]  不單止沒有感動祂的子民
[00:33:23.000 --> 00:33:27.000]  更換來一再一次無情的忘恩負義
[00:33:27.000 --> 00:33:32.000]  卻是恩將仇報感企圖以利益去進行賄賂
[00:33:32.000 --> 00:33:34.000]  試圖去減輕罪責
[00:33:34.000 --> 00:33:36.000]  弟兄姊妹
[00:33:36.000 --> 00:33:40.000]  當你去追念回憶神在你生命中的私恩典
[00:33:40.000 --> 00:33:42.000]  行憐憫之情的時候
[00:33:42.000 --> 00:33:46.000]  你有沒有從心底裏去感謝神
[00:33:46.000 --> 00:33:49.000]  明白知道神對你的忍耐
[00:33:49.000 --> 00:33:52.000]  靜候你回轉的一番苦心
[00:33:52.000 --> 00:34:00.000]  甚或我們仍然暗暗地試圖以僥倖賄賂神的心態去面對神呢
[00:34:00.000 --> 00:34:02.000]  想去討好神呢
[00:34:02.000 --> 00:34:06.000]  以為一切都可以無事可以重慶快樂呢
[00:34:06.000 --> 00:34:10.000]  仍然希望神對你的背叛過犯
[00:34:10.000 --> 00:34:12.000]  以至得罪神的心思意念
[00:34:12.000 --> 00:34:15.000]  隻眼開時隻眼閉
[00:34:15.000 --> 00:34:18.000]  而繼續去忘情負義
[00:34:18.000 --> 00:34:20.000]  仍然在最終作樂呢
[00:34:20.000 --> 00:34:22.000]  兄弟姐妹
[00:34:22.000 --> 00:34:25.000]  我今天想向大家宣講的第三點是
[00:34:25.000 --> 00:34:27.000]  一片冰心在玉湖
[00:34:27.000 --> 00:34:30.000]  尼加書第六章八節
[00:34:30.000 --> 00:34:34.000]  世人啊耶和華以子嗣理何為善
[00:34:34.000 --> 00:34:37.000]  他向你所要的是什麼呢
[00:34:37.000 --> 00:34:40.000]  只要你行公義好憐憫
[00:34:40.000 --> 00:34:45.000]  全謙卑的心與你的神同行
[00:34:45.000 --> 00:34:47.000]  兄弟姐妹
[00:34:47.000 --> 00:34:49.000]  終於來到進入經文的戲肉了
[00:34:49.000 --> 00:34:51.000]  說了這麼久
[00:34:51.000 --> 00:34:54.000]  其實都是為了鋪排這節經文
[00:34:54.000 --> 00:34:56.000]  一段我們好像很熟悉
[00:34:56.000 --> 00:34:58.000]  但又好像很陌生的經文
[00:34:58.000 --> 00:35:02.000]  熟悉的是無論是信與不信的人
[00:35:02.000 --> 00:35:05.000]  對行公義好憐憫全謙卑
[00:35:05.000 --> 00:35:08.000]  這半節約節式的經文
[00:35:08.000 --> 00:35:11.000]  總是會琅琅上口背誦如流
[00:35:11.000 --> 00:35:16.000]  甚或更借用在一些特定的社會性議題上
[00:35:16.000 --> 00:35:18.000]  去口出筆伐大做文章
[00:35:18.000 --> 00:35:22.000]  而陌生的是我們總是沒有耐性
[00:35:22.000 --> 00:35:26.000]  沒有花時間用心去研讀經文的上文下理
[00:35:26.000 --> 00:35:29.000]  整節經文的脈絡路徑
[00:35:29.000 --> 00:35:34.000]  究竟經文所指向的何人何事何物呢
[00:35:34.000 --> 00:35:37.000]  以致用心去感受一下經文中所謂
[00:35:37.000 --> 00:35:42.000]  行公義好憐憫全謙卑命令的真正意義
[00:35:42.000 --> 00:35:44.000]  用心何在呢
[00:35:44.000 --> 00:35:47.000]  甚或用心去沉澱內化一下
[00:35:47.000 --> 00:35:49.000]  在日常生活中去淺行與神同行
[00:35:49.000 --> 00:35:52.000]  這個真實的回應行動呢
[00:35:52.000 --> 00:35:54.000]  好了 大家坐定定
[00:35:54.000 --> 00:35:56.000]  打醒十二分精神
[00:35:56.000 --> 00:35:58.000]  努力一點捱下去
[00:35:58.000 --> 00:36:00.000]  準備好了沒有
[00:36:00.000 --> 00:36:02.000]  好 準備好聽到
[00:36:02.000 --> 00:36:04.000]  經文一開始聖經這樣說
[00:36:04.000 --> 00:36:08.000]  「世人啊!耶和華以指示你何為善
[00:36:08.000 --> 00:36:10.000]  他向你所要的是甚麼呢?」
[00:36:10.000 --> 00:36:13.000]  願聞直譯口語化一點的
[00:36:13.000 --> 00:36:14.000]  是這樣說
[00:36:14.000 --> 00:36:20.000]  「哎!人啊!人啊!耶和華神不是已經告訴過你
[00:36:20.000 --> 00:36:23.000]  甚麼事是有價值
[00:36:23.000 --> 00:36:25.000]  不蒙神所喜悅嗎?
[00:36:25.000 --> 00:36:28.000]  他不是已經告訴過你
[00:36:28.000 --> 00:36:33.000]  他要你專心去尋求又是甚麼呢?」
[00:36:33.000 --> 00:36:35.000]  弟兄姊妹
[00:36:35.000 --> 00:36:37.000]  首先我們要搞清楚一點
[00:36:37.000 --> 00:36:38.000]  想問一問大家
[00:36:38.000 --> 00:36:42.000]  經文中「世人啊!」的受眾
[00:36:42.000 --> 00:36:45.000]  大家知不知道是指向哪一個呢?
[00:36:45.000 --> 00:36:49.000]  又不能怪大家
[00:36:49.000 --> 00:36:51.000]  單獨看這一節的經文
[00:36:51.000 --> 00:36:54.000]  很明顯我們就會順理成章地
[00:36:54.000 --> 00:36:56.000]  聯想到好像指向普世
[00:36:56.000 --> 00:36:58.000]  信與不信的所有人
[00:36:58.000 --> 00:37:00.000]  但安靜去想清楚一點
[00:37:00.000 --> 00:37:03.000]  又是不是這樣去理解呢?
[00:37:03.000 --> 00:37:05.000]  結合上文一至七節的經文
[00:37:05.000 --> 00:37:10.000]  神由始至終指控著誰呢?
[00:37:10.000 --> 00:37:15.000]  又是誰要去追念回息息日神救贖的恩情呢?
[00:37:15.000 --> 00:37:19.000]  又是誰要去朝見去跪拜至聖者呢?
[00:37:19.000 --> 00:37:21.000]  是不信的人?
[00:37:21.000 --> 00:37:23.000]  是世上所有的人?
[00:37:23.000 --> 00:37:25.000]  大家都知道
[00:37:25.000 --> 00:37:27.000]  當然不是
[00:37:27.000 --> 00:37:30.000]  「世人啊!」這個單數的原文
[00:37:30.000 --> 00:37:31.000]  「Adam」
[00:37:31.000 --> 00:37:35.000]  與神親密關係的宣告
[00:37:35.000 --> 00:37:36.000]  更不禁讓我們聯想到
[00:37:36.000 --> 00:37:37.000]  在創世之時
[00:37:37.000 --> 00:37:40.000]  我照神形象去創造的第一人
[00:37:40.000 --> 00:37:43.000]  而世人指向的受眾
[00:37:43.000 --> 00:37:46.000]  當然是指向神一直所關注
[00:37:46.000 --> 00:37:49.000]  我們分別為聖去的選民
[00:37:49.000 --> 00:37:50.000]  以色列
[00:37:50.000 --> 00:37:52.000]  套用在今天的語境
[00:37:52.000 --> 00:37:53.000]  即是神
[00:37:53.000 --> 00:37:55.000]  向我們
[00:37:55.000 --> 00:37:59.000]  神與我們生命去說話
[00:37:59.000 --> 00:38:01.000]  讓姐妹更值得我們留意的是
[00:38:01.000 --> 00:38:04.000]  這節上半段的經文
[00:38:04.000 --> 00:38:08.000]  首先明顯回應上文一開始聽的主題
[00:38:08.000 --> 00:38:14.000]  再一次重申神三番四次已經指示過以色列
[00:38:14.000 --> 00:38:18.000]  指示我們只是我們仍然不願意去遵行神要聽
[00:38:18.000 --> 00:38:21.000]  去聽的命令
[00:38:21.000 --> 00:38:22.000]  接著經文這樣說
[00:38:22.000 --> 00:38:26.000]  「他向你所要的是什麼?」
[00:38:26.000 --> 00:38:28.000]  經文更直接地以一個反問
[00:38:28.000 --> 00:38:33.000]  去回應上文第六節所帶出的無知和諷刺
[00:38:33.000 --> 00:38:36.000]  當朝見耶和華面前
[00:38:36.000 --> 00:38:38.000]  當獻上什麼的祭物
[00:38:38.000 --> 00:38:40.000]  可以燈籠神的喜悅
[00:38:40.000 --> 00:38:42.000]  閱立我們呢?
[00:38:42.000 --> 00:38:46.000]  究竟神對我們由始至終又有什麼要求呢?
[00:38:46.000 --> 00:38:51.000]  我們在信仰路上被遺忘已久的初心又是什麼呢?
[00:38:51.000 --> 00:38:54.000]  我們先把這個懸念留在這裡
[00:38:54.000 --> 00:38:58.000]  一會兒我們再處理這個問題
[00:38:58.000 --> 00:39:02.000]  接著經文更進一步援引出神再一次不厭其煩
[00:39:02.000 --> 00:39:06.000]  重新他對以色列以至對我們的要求
[00:39:06.000 --> 00:39:07.000]  聖經這樣說
[00:39:07.000 --> 00:39:14.000]  「只要你行公義好憐憫全謙卑的心與你的神同行」
[00:39:14.000 --> 00:39:18.000]  一個三合一的神絕對的命令
[00:39:18.000 --> 00:39:20.000]  看起來很簡單
[00:39:20.000 --> 00:39:21.000]  很容易明白
[00:39:21.000 --> 00:39:24.000]  但其實我們又是否真的明白呢?
[00:39:24.000 --> 00:39:28.000]  首先想問問大家什麼叫做行公義呢?
[00:39:28.000 --> 00:39:32.000]  突然之間大家都嘴巴張開了
[00:39:32.000 --> 00:39:34.000]  還有點迷茫
[00:39:34.000 --> 00:39:36.000]  可能有些人心裏想
[00:39:36.000 --> 00:39:39.000]  當然要為社會不公平
[00:39:39.000 --> 00:39:41.000]  受屈者去發聲
[00:39:41.000 --> 00:39:44.000]  伸張公義保持和平
[00:39:44.000 --> 00:39:45.000]  大家聽聽
[00:39:45.000 --> 00:39:47.000]  原來我們都好像媽媽的女人一樣
[00:39:47.000 --> 00:39:49.000]  說了等於沒有說
[00:39:49.000 --> 00:39:53.000]  更弔詭的是原來神自己公義的屬性
[00:39:53.000 --> 00:39:57.000]  是需要我們身為受造物的我們
[00:39:57.000 --> 00:39:59.000]  去為祂伸張的嗎?
[00:39:59.000 --> 00:40:02.000]  弟兄姊妹誠意地去安靜
[00:40:02.000 --> 00:40:03.000]  細心去想一想
[00:40:03.000 --> 00:40:05.000]  時時去警醒
[00:40:05.000 --> 00:40:08.000]  究竟你是在伸張神公義的屬性
[00:40:08.000 --> 00:40:12.000]  還是在高舉你內在自義的標準?
[00:40:12.000 --> 00:40:17.000]  你是在為受壓的邊緣群體去發聲
[00:40:17.000 --> 00:40:20.000]  還是為了鞏固你自己的業績、效益
[00:40:20.000 --> 00:40:24.000]  在同溫層裏圍爐取暖?
[00:40:24.000 --> 00:40:28.000]  在這裏行公義的原文直譯為
[00:40:28.000 --> 00:40:31.000]  作公平、作正直
[00:40:31.000 --> 00:40:34.000]  我們首先不要想得太大
[00:40:34.000 --> 00:40:36.000]  要為神去做甚麼驚天動地
[00:40:36.000 --> 00:40:38.000]  即是公義的大事
[00:40:38.000 --> 00:40:41.000]  正所謂物以善小而不為
[00:40:41.000 --> 00:40:44.000]  物以惡小而為之
[00:40:44.000 --> 00:40:46.000]  神是要我們正常地去做好
[00:40:46.000 --> 00:40:49.000]  我們自己生命的見證
[00:40:49.000 --> 00:40:51.000]  原來神是要我們平時
[00:40:51.000 --> 00:40:54.000]  正常的行事為人是怎樣?
[00:40:54.000 --> 00:40:57.000]  要公道不偏幫
[00:40:57.000 --> 00:40:59.000]  要公平不偏私
[00:40:59.000 --> 00:41:01.000]  要正直不偏歪
[00:41:01.000 --> 00:41:04.000]  行事為人凡事都要對得起人
[00:41:04.000 --> 00:41:06.000]  對得起你自己
[00:41:06.000 --> 00:41:09.000]  更加要好好地去對得起神
[00:41:09.000 --> 00:41:13.000]  無可指責地向神親自去交際
[00:41:13.000 --> 00:41:14.000]  舉個例子
[00:41:14.000 --> 00:41:18.000]  我很喜歡用教會門口那條斑馬線
[00:41:18.000 --> 00:41:20.000]  和紅綠燈做例子
[00:41:20.000 --> 00:41:23.000]  每次想起都是例子
[00:41:23.000 --> 00:41:25.000]  每次主日見到大英姐妹回來
[00:41:25.000 --> 00:41:27.000]  絕大部分都是很守規矩
[00:41:27.000 --> 00:41:30.000]  會停下來等轉好綠燈才去過馬路
[00:41:30.000 --> 00:41:34.000]  當然偶然都會見到大英姐妹
[00:41:34.000 --> 00:41:36.000]  為了說最後那幾分鐘返崇拜
[00:41:36.000 --> 00:41:38.000]  就會去衝燈
[00:41:38.000 --> 00:41:39.000]  但題外話
[00:41:39.000 --> 00:41:40.000]  大家要小心
[00:41:40.000 --> 00:41:45.000]  有機會要付上金錢上昂貴的代價
[00:41:45.000 --> 00:41:46.000]  剛入伯
[00:41:46.000 --> 00:41:50.000]  我估大家都一定會嚴守規矩
[00:41:50.000 --> 00:41:52.000]  但換一個場景
[00:41:52.000 --> 00:41:54.000]  時間是凌晨兩點
[00:41:54.000 --> 00:41:57.000]  教會已經關門
[00:41:57.000 --> 00:41:59.000]  四處都沒有車
[00:41:59.000 --> 00:42:01.000]  四處都沒有人見到你
[00:42:01.000 --> 00:42:03.000]  同樣是這條斑馬線
[00:42:03.000 --> 00:42:05.000]  這盞紅綠燈
[00:42:05.000 --> 00:42:07.000]  你又會怎樣去抉擇呢?
[00:42:07.000 --> 00:42:10.000]  紅燈你又會不會過呢?
[00:42:10.000 --> 00:42:13.000]  如果你仍然會停下來
[00:42:13.000 --> 00:42:14.000]  仍然會等候的
[00:42:14.000 --> 00:42:15.000]  恭喜你
[00:42:15.000 --> 00:42:17.000]  為你感恩
[00:42:17.000 --> 00:42:19.000]  大英姐妹見到
[00:42:19.000 --> 00:42:22.000]  無論有沒有人去看你實一實
[00:42:22.000 --> 00:42:25.000]  不在於外在環境的改變
[00:42:25.000 --> 00:42:29.000]  都不會動搖你內心的善良正直
[00:42:29.000 --> 00:42:33.000]  你仍然會按照神給你內心道德的規範
[00:42:33.000 --> 00:42:35.000]  良心善惡的標準
[00:42:35.000 --> 00:42:38.000]  去做好你的行事為人
[00:42:38.000 --> 00:42:40.000]  這些就是公義
[00:42:40.000 --> 00:42:42.000]  這些就是義人
[00:42:42.000 --> 00:42:43.000]  就是這麼正常
[00:42:43.000 --> 00:42:44.000]  就是這麼簡單
[00:42:44.000 --> 00:42:46.000]  就是我們日常生活裏
[00:42:46.000 --> 00:42:51.000]  又是這個深夜的場景
[00:42:51.000 --> 00:42:52.000]  假如而已
[00:42:52.000 --> 00:42:53.000]  真的假如
[00:42:53.000 --> 00:42:56.000]  你見到當時周圍都沒有人沒有車
[00:42:56.000 --> 00:42:58.000]  就衝紅燈過馬路
[00:42:58.000 --> 00:43:00.000]  說時遲那時快
[00:43:00.000 --> 00:43:02.000]  突然之間有架車
[00:43:02.000 --> 00:43:04.000]  高速地衝出來
[00:43:04.000 --> 00:43:06.000]  收掣不及將你撞倒
[00:43:06.000 --> 00:43:08.000]  當警察來錄口供的時候
[00:43:08.000 --> 00:43:12.000]  你隻字不提你自己衝紅燈過馬路的過法
[00:43:12.000 --> 00:43:14.000]  只是一味地追下去
[00:43:14.000 --> 00:43:16.000]  說人推卸責任
[00:43:16.000 --> 00:43:18.000]  將焦點放在車裏
[00:43:18.000 --> 00:43:21.000]  深夜超速將你撞倒
[00:43:21.000 --> 00:43:24.000]  這些一切都是人的錯
[00:43:24.000 --> 00:43:26.000]  自己一點責任都沒有
[00:43:26.000 --> 00:43:29.000]  這些就是不公道不公平
[00:43:29.000 --> 00:43:35.000]  你沒有好好地去承擔你自己應該要負的責任
[00:43:35.000 --> 00:43:40.000]  大家現在分得清甚麼是公平和公義
[00:43:40.000 --> 00:43:43.000]  這兩個字而不同的用字
[00:43:43.000 --> 00:43:48.000]  這裏正正是用一個作公平作正直的解釋
[00:43:48.000 --> 00:43:52.000]  而經文中另一個平衡對應的結連
[00:43:52.000 --> 00:43:55.000]  行公義這一組字眼就是好憐憫
[00:43:55.000 --> 00:43:58.000]  究竟又是在說甚麼呢
[00:43:58.000 --> 00:44:01.000]  是否就是要我們周濟遠弱關懷貧窮
[00:44:01.000 --> 00:44:04.000]  只是去捐錢窮得只剩下錢
[00:44:04.000 --> 00:44:07.000]  不斷去籌旗去憐憫窮人呢
[00:44:07.000 --> 00:44:12.000]  我又不排除有這個外展的向導和理解
[00:44:12.000 --> 00:44:16.000]  但想深一點又會感覺有點怪怪的
[00:44:16.000 --> 00:44:20.000]  如果社會上沒有了公平沒有了公道
[00:44:20.000 --> 00:44:26.000]  只是一味站在道德高地裏面高高在上去說憐憫去說關懷
[00:44:26.000 --> 00:44:30.000]  相反這些正正是被權貴被制度的惡
[00:44:30.000 --> 00:44:34.000]  無所不用其極地去欺壓的邊緣群體受屈者
[00:44:34.000 --> 00:44:38.000]  請大家多多包容容許我粗俗一點說一句
[00:44:38.000 --> 00:44:41.000]  這種廉價施捨的憐憫
[00:44:41.000 --> 00:44:44.000]  有時真是難聽過說粗口
[00:44:44.000 --> 00:44:50.000]  同樣如果只有公平沒有實踐達到神憐憫的愛心
[00:44:50.000 --> 00:44:53.000]  就只會淪為明的羅響的拔
[00:44:53.000 --> 00:44:59.000]  亦是永遠無法達到義的終極的目的和目標
[00:44:59.000 --> 00:45:04.000]  頂姐妹原來這套好憐憫的原文直譯為
[00:45:04.000 --> 00:45:08.000]  愛善良愛守約
[00:45:08.000 --> 00:45:12.000]  是指我們去喜愛神慈愛良善的屬性
[00:45:12.000 --> 00:45:20.000]  以致我們對神信實不變忠貞忠誠地對盟約的毀身不離不棄
[00:45:20.000 --> 00:45:25.000]  就好像我們結了婚的夫婦認真去看待婚盟的誓詞一樣
[00:45:25.000 --> 00:45:29.000]  從今以後無論富貴貧窮
[00:45:29.000 --> 00:45:32.000]  無論環境是好是壞
[00:45:32.000 --> 00:45:35.000]  是健康或是疾病
[00:45:35.000 --> 00:45:37.000]  是成功或是失敗
[00:45:37.000 --> 00:45:43.000]  我都支持你我都去愛護你與你同甘共苦
[00:45:43.000 --> 00:45:47.000]  我們應該一點都不會陌生我們這段去淺行
[00:45:47.000 --> 00:45:51.000]  我們斷不會去淺行夫妻本是同林鳥
[00:45:51.000 --> 00:45:53.000]  大欖臨頭各自飛
[00:45:53.000 --> 00:45:56.000]  有困難就無肩膀無腰骨
[00:45:56.000 --> 00:45:58.000]  在重要關頭就走先
[00:45:58.000 --> 00:46:01.000]  分道揚鑣去自己顧自己
[00:46:01.000 --> 00:46:03.000]  頂姐妹婚姻如是
[00:46:03.000 --> 00:46:09.000]  我們對神的納若精神盟約的毀身亦本該如是
[00:46:09.000 --> 00:46:12.000]  誠意邀請你安靜去想一想
[00:46:12.000 --> 00:46:17.000]  不知你此時此刻又如何去看待你與神盟約的關係呢?
[00:46:17.000 --> 00:46:20.000]  我們是緊緊跟隨神
[00:46:20.000 --> 00:46:23.000]  還是已經變得名存實亡可有可無呢?
[00:46:23.000 --> 00:46:27.000]  還是我們只是緊緊跟隨著你自己的心意
[00:46:27.000 --> 00:46:30.000]  生活的節奏去執迷不悔呢?
[00:46:30.000 --> 00:46:34.000]  最後來到神最後一個命令傳謙卑的要求
[00:46:34.000 --> 00:46:37.000]  亦是推動我們去一個誠信要求的屬靈高峰
[00:46:37.000 --> 00:46:40.000]  原文直譯為顯出謙卑
[00:46:40.000 --> 00:46:43.000]  是要我們要小心謹慎放下身段
[00:46:43.000 --> 00:46:44.000]  謹言慎行
[00:46:44.000 --> 00:46:47.000]  要求我們內在謙遜的素質
[00:46:47.000 --> 00:46:49.000]  究竟又要去做些什麼呢?
[00:46:49.000 --> 00:46:51.000]  原來不是為了其他東西
[00:46:51.000 --> 00:46:53.000]  原來是有下文
[00:46:53.000 --> 00:46:56.000]  是要去與神同行
[00:46:56.000 --> 00:46:59.000]  頂姐妹說到與神同行
[00:46:59.000 --> 00:47:03.000]  舊約總共前後總共只出現了四次
[00:47:03.000 --> 00:47:05.000]  頭三次都在《創世紀》裏面
[00:47:05.000 --> 00:47:07.000]  其中兩次是講以羅
[00:47:07.000 --> 00:47:10.000]  另一次是講羅亞的與神同行
[00:47:10.000 --> 00:47:14.000]  兩個屬神信神的二人完全人
[00:47:14.000 --> 00:47:17.000]  只要神所吩咐的都一樣去做
[00:47:17.000 --> 00:47:19.000]  絕無半點差異背叛
[00:47:19.000 --> 00:47:21.000]  絕對不會去托手肘
[00:47:21.000 --> 00:47:24.000]  這樣一生去與神同行
[00:47:24.000 --> 00:47:26.000]  而最後一次與神同行的技術
[00:47:26.000 --> 00:47:28.000]  就是在《理路尼加書》六章八字
[00:47:28.000 --> 00:47:31.000]  可能我們到現在都不是很理解
[00:47:31.000 --> 00:47:33.000]  或者不是很清楚
[00:47:33.000 --> 00:47:36.000]  舊約中什麼叫做與神同行
[00:47:36.000 --> 00:47:40.000]  不如我們換一個角度去想一想
[00:47:40.000 --> 00:47:42.000]  我想問大家在新約裏面
[00:47:42.000 --> 00:47:47.000]  有什麼情景是接近舊約與神同行這個概念呢?
[00:47:47.000 --> 00:47:50.000]  沒錯
[00:47:50.000 --> 00:47:52.000]  大家真的不是省的位置
[00:47:52.000 --> 00:47:55.000]  就是跟隨耶穌基督
[00:47:56.000 --> 00:48:00.000]  跟隨耶穌不單要時時刻刻小心謹言慎行
[00:48:00.000 --> 00:48:02.000]  更要謙卑地放下自我
[00:48:02.000 --> 00:48:05.000]  信服地去緊緊跟隨
[00:48:05.000 --> 00:48:09.000]  更重要的是與你有關係愛你到底
[00:48:09.000 --> 00:48:11.000]  就算我們多麼的活躍
[00:48:11.000 --> 00:48:13.000]  神仍然對我們不離不棄
[00:48:13.000 --> 00:48:15.000]  去與你的神同行
[00:48:15.000 --> 00:48:18.000]  去與一個與你有關係的神同行
[00:48:18.000 --> 00:48:20.000]  好了
[00:48:20.000 --> 00:48:21.000]  說了這麼久
[00:48:21.000 --> 00:48:24.000]  最後回到之前未解決的懸念
[00:48:24.000 --> 00:48:25.000]  說了這麼久
[00:48:25.000 --> 00:48:27.000]  神究竟對我們有什麼要求呢?
[00:48:27.000 --> 00:48:31.000]  其實很簡單
[00:48:31.000 --> 00:48:32.000]  六個字都說了
[00:48:32.000 --> 00:48:33.000]  不好意思
[00:48:33.000 --> 00:48:34.000]  太長氣
[00:48:34.000 --> 00:48:35.000]  其實只是六個字
[00:48:35.000 --> 00:48:37.000]  大家知不知道是什麼?
[00:48:37.000 --> 00:48:38.000]  就是我之前說過的
[00:48:38.000 --> 00:48:42.000]  聽命成於賢濟
[00:48:42.000 --> 00:48:43.000]  弟子們
[00:48:43.000 --> 00:48:46.000]  神從來不是在意我們獻上什麼
[00:48:46.000 --> 00:48:50.000]  從來都是關注你有沒有去聽清楚神的旨意
[00:48:50.000 --> 00:48:52.000]  在你生命中的作為
[00:48:52.000 --> 00:48:55.000]  從來都不注重你外顯的形式主義
[00:48:55.000 --> 00:48:56.000]  你侍奉的多少
[00:48:56.000 --> 00:48:58.000]  你即時的告低
[00:48:58.000 --> 00:49:03.000]  從來都是重視你內在生命流露侍奉者的心態
[00:49:03.000 --> 00:49:04.000]  弟子們
[00:49:04.000 --> 00:49:06.000]  誠意邀請你安靜去苦心自問一下
[00:49:06.000 --> 00:49:08.000]  你昔日一顆善良
[00:49:08.000 --> 00:49:11.000]  善良純潔正直
[00:49:11.000 --> 00:49:16.000]  單單立志一生跟隨主耶穌基督的一片冰心
[00:49:16.000 --> 00:49:18.000]  今天是否依然存在
[00:49:18.000 --> 00:49:20.000]  即使面對世途的變幻
[00:49:20.000 --> 00:49:22.000]  是否仍然能竭力
[00:49:22.000 --> 00:49:23.000]  持守
[00:49:23.000 --> 00:49:24.000]  堅持
[00:49:24.000 --> 00:49:25.000]  信靠神
[00:49:25.000 --> 00:49:28.000]  持守愛神的初心不變?
[00:49:28.000 --> 00:49:29.000]  弟兄姊妹
[00:49:29.000 --> 00:49:31.000]  進入今天講道總結的部分
[00:49:31.000 --> 00:49:32.000]  弟兄姊妹
[00:49:32.000 --> 00:49:34.000]  聽命勝於賢濟
[00:49:34.000 --> 00:49:36.000]  身為跟隨主耶穌基督的門徒
[00:49:36.000 --> 00:49:38.000]  真正去認識神
[00:49:38.000 --> 00:49:43.000]  從來都不只是單局限於頭腦上的知識認知
[00:49:43.000 --> 00:49:45.000]  更重要是用心去感受
[00:49:45.000 --> 00:49:48.000]  將神的話語讀入心中
[00:49:48.000 --> 00:49:50.000]  誠實地去面對自己的軟弱幽暗
[00:49:50.000 --> 00:49:52.000]  對神時刻謹慎
[00:49:52.000 --> 00:49:55.000]  心存敬畏之心
[00:49:55.000 --> 00:49:58.000]  忠誠地以行動去踐行
[00:49:58.000 --> 00:50:00.000]  見證神的榮耀
[00:50:00.000 --> 00:50:06.000]  實踐與神同行之行合一內在的生命素質
[00:50:06.000 --> 00:50:07.000]  弟兄姊妹
[00:50:07.000 --> 00:50:09.000]  真正的大逆不道
[00:50:09.000 --> 00:50:11.000]  你知不知道是甚麼?
[00:50:11.000 --> 00:50:14.000]  就是你不知不覺心中僭建的偶像
[00:50:14.000 --> 00:50:18.000]  死守所謂人為的傳統去抱殘守缺
[00:50:18.000 --> 00:50:20.000]  故步自封
[00:50:20.000 --> 00:50:22.000]  不斷以人的心意手段
[00:50:22.000 --> 00:50:24.000]  細道的小學
[00:50:24.000 --> 00:50:26.000]  不斷去僭越凌駕
[00:50:26.000 --> 00:50:28.000]  甚或運用權力
[00:50:28.000 --> 00:50:32.000]  不斷去篡改神的旨意
[00:50:32.000 --> 00:50:33.000]  對罪惡橫行
[00:50:33.000 --> 00:50:35.000]  惡人小人的當道
[00:50:35.000 --> 00:50:36.000]  而自若罔聞
[00:50:36.000 --> 00:50:38.000]  視而不見
[00:50:38.000 --> 00:50:42.000]  甚或更千方百計參與在犯罪當中
[00:50:42.000 --> 00:50:44.000]  傲慢愛然地去屈往正直
[00:50:44.000 --> 00:50:46.000]  無憾忠良
[00:50:46.000 --> 00:50:47.000]  弟兄姊妹
[00:50:47.000 --> 00:50:48.000]  如果真是這樣
[00:50:48.000 --> 00:50:50.000]  你怎對得起良知?
[00:50:50.000 --> 00:50:55.000]  怎對得起我們背後十字架昔日對你的救恩?
[00:50:55.000 --> 00:51:00.000]  又怎對得起神對你的忍耐和憐憫?
[00:51:00.000 --> 00:51:02.000]  弟兄姊妹
[00:51:02.000 --> 00:51:05.000]  在教會裏認識人真的不重要
[00:51:05.000 --> 00:51:07.000]  最重要認識神
[00:51:07.000 --> 00:51:09.000]  正如聖經所說
[00:51:09.000 --> 00:51:12.000]  他必興旺我必衰未
[00:51:12.000 --> 00:51:17.000]  我們不需要不斷去擴展識人的人品網絡
[00:51:17.000 --> 00:51:18.000]  要去上位
[00:51:18.000 --> 00:51:20.000]  要去被看見
[00:51:20.000 --> 00:51:22.000]  要被權貴去縱容
[00:51:22.000 --> 00:51:25.000]  亦都不需要自我膨脹到
[00:51:25.000 --> 00:51:28.000]  人人都要走去認識你
[00:51:28.000 --> 00:51:31.000]  焉知你得了皇后的位份
[00:51:31.000 --> 00:51:34.000]  是為了今天?
[00:51:34.000 --> 00:51:36.000]  弟兄姊妹
[00:51:36.000 --> 00:51:38.000]  如果真是識人多過認識神
[00:51:38.000 --> 00:51:42.000]  搞到你夜郎自大目空一切
[00:51:42.000 --> 00:51:44.000]  是作為神的僕人的我們
[00:51:44.000 --> 00:51:46.000]  作為你們的目者的我們
[00:51:46.000 --> 00:51:49.000]  我們木養的失職和失敗
[00:51:49.000 --> 00:51:52.000]  我們沒有好好作為你們的榜樣
[00:51:52.000 --> 00:51:54.000]  以僕人敬畏的心
[00:51:54.000 --> 00:51:58.000]  引領你們去到邊卑去到神的面前
[00:51:58.000 --> 00:52:02.000]  我們實在是責無旁貸難辭其咎
[00:52:02.000 --> 00:52:05.000]  誠如森嚴九章十節
[00:52:05.000 --> 00:52:08.000]  敬畏耶和華是智慧的開端
[00:52:08.000 --> 00:52:11.000]  認識至聖者便是聰明
[00:52:11.000 --> 00:52:13.000]  弟兄姊妹
[00:52:13.000 --> 00:52:16.000]  但願我們效法以神的義作榜樣
[00:52:16.000 --> 00:52:18.000]  去踐行去回應
[00:52:18.000 --> 00:52:20.000]  要時時刻刻警醒
[00:52:20.000 --> 00:52:23.000]  作公平作公道去對待人的同時
[00:52:23.000 --> 00:52:26.000]  怕我們仍然能夠謹記
[00:52:26.000 --> 00:52:29.000]  己所不欲勿施於人
[00:52:29.000 --> 00:52:31.000]  要時刻跟隨耶穌基督
[00:52:31.000 --> 00:52:34.000]  一步一步認認真真切切實實地
[00:52:34.000 --> 00:52:37.000]  去與你有關係的神同行
[00:52:37.000 --> 00:52:40.000]  讓我們隨著聖靈的引導
[00:52:40.000 --> 00:52:42.000]  以忠誠地守約
[00:52:42.000 --> 00:52:44.000]  文約式的慰心去恩待
[00:52:44.000 --> 00:52:46.000]  歡待別人的同時
[00:52:46.000 --> 00:52:49.000]  我們理應仍然要去感激
[00:52:49.000 --> 00:52:51.000]  要時刻去拯救我們
[00:52:51.000 --> 00:52:54.000]  生命上帝的恩典同行
[00:52:54.000 --> 00:52:57.000]  在我們隨著聖靈的引領
[00:52:57.000 --> 00:52:58.000]  以謙卑信服的心
[00:52:58.000 --> 00:53:02.000]  感甚地去參與神救贖計劃的同時
[00:53:02.000 --> 00:53:05.000]  我們定必要學校非以逆人
[00:53:05.000 --> 00:53:07.000]  乃逆於人
[00:53:07.000 --> 00:53:09.000]  與昔在今在永在
[00:53:09.000 --> 00:53:12.000]  掌管生命的主謙卑同行
[00:53:12.000 --> 00:53:14.000]  弟兄姊妹
[00:53:14.000 --> 00:53:17.000]  大江東去浪淘盡
[00:53:17.000 --> 00:53:19.000]  千古風流人物
[00:53:19.000 --> 00:53:21.000]  一代過去一代又來
[00:53:21.000 --> 00:53:23.000]  但願我們一輩子
[00:53:23.000 --> 00:53:25.000]  真的不需要竭力去博取
[00:53:25.000 --> 00:53:27.000]  有什麼高賢大智
[00:53:27.000 --> 00:53:29.000]  豐功偉績的成就
[00:53:29.000 --> 00:53:33.000]  千方百計要在世上留名
[00:53:33.000 --> 00:53:35.000]  我們只要持守在基督裡
[00:53:35.000 --> 00:53:37.000]  可以立志一生
[00:53:37.000 --> 00:53:41.000]  只需要簡簡單單去竭力做好一件事
[00:53:41.000 --> 00:53:43.000]  無論順境逆境
[00:53:43.000 --> 00:53:44.000]  得時不得時
[00:53:44.000 --> 00:53:47.000]  只要緊緊跟隨耶穌
[00:53:47.000 --> 00:53:48.000]  就於願足矣
[00:53:48.000 --> 00:53:50.000]  就已經很足夠
[00:53:50.000 --> 00:53:52.000]  最後引用一篇文章的節錄
[00:53:52.000 --> 00:53:56.000]  送給大家一同去作彼此的勉勵
[00:53:56.000 --> 00:53:58.000]  時間為約
[00:53:58.000 --> 00:53:59.000]  我心為軸
[00:53:59.000 --> 00:54:01.000]  天地共鑒
[00:54:01.000 --> 00:54:03.000]  不改初心
[00:54:03.000 --> 00:54:05.000]  盼望大家愛人愛神
[00:54:05.000 --> 00:54:07.000]  跟隨耶穌的初心
[00:54:07.000 --> 00:54:08.000]  始至不渝
[00:54:08.000 --> 00:54:10.000]  永久不變
[00:54:10.000 --> 00:54:12.000]  直到再見主面
[00:54:12.000 --> 00:54:15.000]  此刻容讓我們合上雙眼
[00:54:15.000 --> 00:54:17.000]  有一段安靜的時間
[00:54:17.000 --> 00:54:18.000]  沉澱思想一下
[00:54:18.000 --> 00:54:21.000]  今天神有什麼話親自和你說

