
[00:00:00.000 --> 00:00:03.000]  我聽到他們四把聲不同的聲音都開了
[00:00:03.000 --> 00:00:05.000]  剛才我也在聽
[00:00:05.000 --> 00:00:07.000]  我很投入歌詞
[00:00:07.000 --> 00:00:09.000]  我聽不到他們四個的聲音
[00:00:09.000 --> 00:00:11.000]  我聽到坐在我旁邊的弟兄
[00:00:11.000 --> 00:00:15.000]  他的低音喇叭是不炒耳
[00:00:15.000 --> 00:00:17.000]  完全是唱出贊同的詩歌
[00:00:17.000 --> 00:00:19.000]  代替了我養的聲音
[00:00:19.000 --> 00:00:21.000]  待會跟你們分享
[00:00:21.000 --> 00:00:23.000]  所以我聽到四把聲音
[00:00:23.000 --> 00:00:25.000]  我聽到四把聲音
[00:00:25.000 --> 00:00:27.000]  我聽到四把聲音
[00:00:27.000 --> 00:00:30.000]  我養的聲音待會跟你們分享
[00:00:30.000 --> 00:00:33.000]  我知道你們剛才唱得很投入
[00:00:33.000 --> 00:00:36.000]  所以我分辨不到聲音
[00:00:36.000 --> 00:00:39.000]  我們先請今天會水禮的見證一對夫婦
[00:00:39.000 --> 00:00:41.000]  抗禮團的Nelson和Elaine
[00:00:41.000 --> 00:00:43.000]  上來跟大家分享
[00:00:43.000 --> 00:00:45.000]  我們給他們掌聲
[00:00:45.000 --> 00:00:55.000]  各位弟兄姊妹你們好
[00:00:55.000 --> 00:00:57.000]  我是陳明生
[00:00:57.000 --> 00:00:59.000]  抗禮團體彼得安德烈組的
[00:00:59.000 --> 00:01:03.000]  我的原生家庭有十兄弟姊妹
[00:01:03.000 --> 00:01:05.000]  我是排到最後
[00:01:05.000 --> 00:01:07.000]  出來做社會做事之後
[00:01:07.000 --> 00:01:09.000]  一切都順利
[00:01:09.000 --> 00:01:11.000]  在幾年之間
[00:01:11.000 --> 00:01:14.000]  我買了第一層的物業
[00:01:14.000 --> 00:01:16.000]  當年是1990年
[00:01:16.000 --> 00:01:19.000]  因為當時樓價飛升
[00:01:19.000 --> 00:01:23.000]  我很快就成為所謂的白萬富翁
[00:01:23.000 --> 00:01:26.000]  但原來這是一個噩夢的開始
[00:01:26.000 --> 00:01:27.000]  為什麼呢
[00:01:27.000 --> 00:01:30.000]  我就開始驕傲自誇
[00:01:30.000 --> 00:01:32.000]  張狂亂花錢
[00:01:32.000 --> 00:01:35.000]  還亂投資
[00:01:35.000 --> 00:01:39.000]  結果在我無數次的貪心和不甘心下
[00:01:39.000 --> 00:01:42.000]  就搞到自己債台高築
[00:01:42.000 --> 00:01:46.000]  每天只去借錢還錢
[00:01:46.000 --> 00:01:50.000]  不停地兜兜轉轉
[00:01:50.000 --> 00:01:54.000]  我很感謝神
[00:01:54.000 --> 00:01:58.000]  我當時的心情是很差很差
[00:01:58.000 --> 00:02:01.000]  是極度痛苦無助
[00:02:01.000 --> 00:02:05.000]  沒有將來甚至沒有明天
[00:02:05.000 --> 00:02:07.000]  但原來神很感謝神
[00:02:07.000 --> 00:02:10.000]  一定是早在動工
[00:02:10.000 --> 00:02:12.000]  祂並沒有離棄我
[00:02:12.000 --> 00:02:13.000]  可以這麼說
[00:02:13.000 --> 00:02:17.000]  我當時也是求主耶穌
[00:02:17.000 --> 00:02:19.000]  我至少有宗教的信仰
[00:02:19.000 --> 00:02:22.000]  相信世間萬物有主宰
[00:02:22.000 --> 00:02:26.000]  雖然我沒有回教會和去決志
[00:02:26.000 --> 00:02:30.000]  在這段艱辛和困苦的日子中
[00:02:30.000 --> 00:02:34.000]  我就去尋找神的道理
[00:02:34.000 --> 00:02:37.000]  在YouTube上聽到很多牧者的講道
[00:02:37.000 --> 00:02:44.000]  甚至聽到詩歌的歌詞
[00:02:44.000 --> 00:02:48.000]  在神透過牧者的講道和詩歌歌詞
[00:02:48.000 --> 00:02:53.000]  就深深地安慰了我
[00:02:53.000 --> 00:02:57.000]  我再一次將所有的日子交給神
[00:02:57.000 --> 00:03:00.000]  但我一次一次地禱告
[00:03:00.000 --> 00:03:02.000]  求神幫我解決這些困難
[00:03:02.000 --> 00:03:06.000]  但仍然是解決不了
[00:03:06.000 --> 00:03:09.000]  我甚至埋怨神
[00:03:09.000 --> 00:03:13.000]  到底基督徒是不是應該這樣過生活呢?
[00:03:13.000 --> 00:03:16.000]  但在我極度的迷戀之中
[00:03:16.000 --> 00:03:19.000]  偶爾也聽到聖經的話語
[00:03:19.000 --> 00:03:22.000]  在哥倫多書十章十三節
[00:03:22.000 --> 00:03:23.000]  你們所受試探的
[00:03:23.000 --> 00:03:26.000]  無非是人所受得起
[00:03:26.000 --> 00:03:27.000]  神是信實的
[00:03:27.000 --> 00:03:30.000]  祂必不容許你們受試探
[00:03:30.000 --> 00:03:34.000]  過於你們能忍受得住
[00:03:34.000 --> 00:03:37.000]  而且在你們受試探的時候
[00:03:37.000 --> 00:03:40.000]  必定給你們一條出路
[00:03:40.000 --> 00:03:42.000]  使你們能忍受得住
[00:03:42.000 --> 00:03:45.000]  我正在等待這一條出路
[00:03:45.000 --> 00:03:47.000]  我當時唯一能做到的
[00:03:47.000 --> 00:03:49.000]  就只有繼續禱告
[00:03:49.000 --> 00:03:50.000]  不住去禱告
[00:03:50.000 --> 00:03:52.000]  甚至流淚去禱告
[00:03:52.000 --> 00:03:56.000]  人的盡頭是神的開始
[00:03:56.000 --> 00:03:58.000]  神是有祂的時間表的
[00:03:58.000 --> 00:03:59.000]  就在我走到絕路
[00:03:59.000 --> 00:04:01.000]  去到死陰的幽谷的時候
[00:04:01.000 --> 00:04:03.000]  財困爆煲
[00:04:03.000 --> 00:04:06.000]  祂就派遣了祂的天使
[00:04:06.000 --> 00:04:08.000]  我的兄子
[00:04:08.000 --> 00:04:11.000]  他們義無反悔地去
[00:04:11.000 --> 00:04:12.000]  集資去幫助我
[00:04:12.000 --> 00:04:14.000]  解決了我的財困
[00:04:14.000 --> 00:04:17.000]  其實當時我的兄子都各有難處
[00:04:17.000 --> 00:04:19.000]  也都不能夠肯定
[00:04:19.000 --> 00:04:22.000]  我在再生之年還能還那筆錢給他們
[00:04:22.000 --> 00:04:24.000]  但是他們仍然是幫助我
[00:04:24.000 --> 00:04:25.000]  試問一下
[00:04:25.000 --> 00:04:27.000]  如果不是神的奇蹟
[00:04:27.000 --> 00:04:30.000]  是怎麼做得出這件事呢
[00:04:30.000 --> 00:04:31.000]  之後我還很感恩
[00:04:31.000 --> 00:04:34.000]  神讓我找到一份新的工作
[00:04:34.000 --> 00:04:35.000]  所以我應該很快
[00:04:35.000 --> 00:04:38.000]  就可以把這個債還清了
[00:04:38.000 --> 00:04:39.000]  在這個機會
[00:04:39.000 --> 00:04:41.000]  我也感謝我太太
[00:04:41.000 --> 00:04:44.000]  對我的不離不棄
[00:04:44.000 --> 00:04:47.000]  我在2019年4月份
[00:04:47.000 --> 00:04:49.000]  就和太太一起去決志信主
[00:04:49.000 --> 00:04:51.000]  就加入了恩福堂
[00:04:51.000 --> 00:04:53.000]  這個抗禮團體
[00:04:53.000 --> 00:04:54.000]  在信主之後
[00:04:54.000 --> 00:04:56.000]  我的人生有很大的改變
[00:04:56.000 --> 00:04:58.000]  以前的貪心
[00:04:58.000 --> 00:05:00.000]  和忙一朝發達
[00:05:00.000 --> 00:05:01.000]  喜歡賭博
[00:05:01.000 --> 00:05:02.000]  以發脾氣
[00:05:02.000 --> 00:05:05.000]  喜歡偽裝和說謊
[00:05:05.000 --> 00:05:07.000]  現在就已經沒有了
[00:05:07.000 --> 00:05:08.000]  腳踏實地
[00:05:08.000 --> 00:05:09.000]  在生活中
[00:05:09.000 --> 00:05:12.000]  每一天去感受神的恩典
[00:05:12.000 --> 00:05:14.000]  我知道這條神聖的道路
[00:05:14.000 --> 00:05:16.000]  還是很長遠
[00:05:16.000 --> 00:05:18.000]  我願意全然地交託給神
[00:05:18.000 --> 00:05:21.000]  每當我每次受到考驗的時候
[00:05:21.000 --> 00:05:23.000]  我都記起聖經上的一句話
[00:05:23.000 --> 00:05:25.000]  就是不要恨耶和華
[00:05:25.000 --> 00:05:27.000]  認為惡的是
[00:05:27.000 --> 00:05:28.000]  我相信主
[00:05:28.000 --> 00:05:30.000]  我相信聖靈
[00:05:30.000 --> 00:05:32.000]  祂必帶領我
[00:05:32.000 --> 00:05:34.000]  無畏無懼地繼續向前行
[00:05:34.000 --> 00:05:36.000]  Amen
[00:05:36.000 --> 00:05:43.000]  各位弟兄姊妹
[00:05:43.000 --> 00:05:44.000]  主禮平安
[00:05:44.000 --> 00:05:47.000]  從小我就給人一種乖乖女的感覺
[00:05:47.000 --> 00:05:48.000]  循規蹈矩
[00:05:48.000 --> 00:05:50.000]  生活平平淡淡
[00:05:50.000 --> 00:05:52.000]  沒有想過有任何宗教的需要
[00:05:52.000 --> 00:05:53.000]  直到有一天
[00:05:53.000 --> 00:05:57.000]  我先生借下這麼大的債務
[00:05:57.000 --> 00:05:59.000]  是沒有辦法上還的
[00:05:59.000 --> 00:06:02.000]  在我們一籌莫展的時候
[00:06:02.000 --> 00:06:05.000]  他的家人竟然肯集資
[00:06:05.000 --> 00:06:07.000]  幫他還清所有的債務
[00:06:07.000 --> 00:06:09.000]  我真的沒有辦法想像
[00:06:09.000 --> 00:06:11.000]  是不是神救了我們呢
[00:06:11.000 --> 00:06:13.000]  受到他姐姐的鼓勵
[00:06:13.000 --> 00:06:14.000]  我們回教會
[00:06:14.000 --> 00:06:16.000]  當時我心想
[00:06:16.000 --> 00:06:18.000]  所有宗教都是導人向善
[00:06:18.000 --> 00:06:21.000]  我也很希望藉著宗教
[00:06:21.000 --> 00:06:24.000]  幫我先生能夠改過自新
[00:06:24.000 --> 00:06:28.000]  於是我們一起去主日崇拜
[00:06:28.000 --> 00:06:29.000]  一起回團契
[00:06:29.000 --> 00:06:31.000]  一起回主日學
[00:06:31.000 --> 00:06:33.000]  感覺上就好像有一個無形的恩首
[00:06:33.000 --> 00:06:35.000]  牽帶著我們
[00:06:35.000 --> 00:06:39.000]  一點一滴地更加去認識神
[00:06:39.000 --> 00:06:41.000]  要像福音這樣說
[00:06:41.000 --> 00:06:42.000]  神愛世人
[00:06:42.000 --> 00:06:45.000]  甚至將他的獨生子賜給他們
[00:06:45.000 --> 00:06:48.000]  叫一切信他的人不致滅亡
[00:06:48.000 --> 00:06:50.000]  凡得永生
[00:06:50.000 --> 00:06:51.000]  我很感動
[00:06:51.000 --> 00:06:55.000]  是怎樣的愛才能夠讓主耶穌
[00:06:55.000 --> 00:06:58.000]  甘願感受這麼巨大的屈辱和痛苦
[00:06:58.000 --> 00:07:02.000]  給丁十二家請教這個卑微的我
[00:07:02.000 --> 00:07:05.000]  我根本不值得去這樣做
[00:07:05.000 --> 00:07:07.000]  神不但赦免了我們的罪
[00:07:07.000 --> 00:07:10.000]  還賜給我們永生的盼望
[00:07:10.000 --> 00:07:14.000]  我們將來可以和心愛的人在天下聚聚
[00:07:14.000 --> 00:07:17.000]  這是一個多大的恩賜
[00:07:17.000 --> 00:07:19.000]  是用宗教換來的
[00:07:19.000 --> 00:07:21.000]  是我們不配得的
[00:07:21.000 --> 00:07:24.000]  我們怎能不回報神的恩典呢
[00:07:24.000 --> 00:07:27.000]  我是一個很多淚悲觀的人
[00:07:27.000 --> 00:07:31.000]  以前經常為經濟和將來擔心
[00:07:31.000 --> 00:07:33.000]  但是主是信實的
[00:07:33.000 --> 00:07:36.000]  他應許過會與我們同在
[00:07:36.000 --> 00:07:39.000]  所以我不再擔心
[00:07:39.000 --> 00:07:41.000]  也不需要感到害怕
[00:07:41.000 --> 00:07:43.000]  因為我不是孤單一個人
[00:07:43.000 --> 00:07:46.000]  心裡也有平安
[00:07:46.000 --> 00:07:47.000]  感謝主
[00:07:47.000 --> 00:07:49.000]  感謝祢的陪伴
[00:07:49.000 --> 00:07:51.000]  感謝祢的恩慈信實
[00:07:51.000 --> 00:07:53.000]  也感謝祢愛我
[00:07:53.000 --> 00:07:56.000]  願以重贊歸於給我們天實的父親
[00:07:56.000 --> 00:07:58.000]  Amen
[00:08:18.000 --> 00:08:23.000]  謝謝Nelson和Elaine縮短了分享見證
[00:08:23.000 --> 00:08:26.000]  我打算在《抗禮團》再講出版本
[00:08:26.000 --> 00:08:30.000]  我們一起祈禱吧
[00:08:30.000 --> 00:08:32.000]  榮耀天父,我來到你面前
[00:08:32.000 --> 00:08:33.000]  聽到弟兄姊妹
[00:08:33.000 --> 00:08:35.000]  下次看他們寫的見證
[00:08:35.000 --> 00:08:36.000]  雖然很濃縮
[00:08:36.000 --> 00:08:39.000]  但弟兄姊妹在他們的詞彙當中
[00:08:39.000 --> 00:08:42.000]  充分反映了這位真光基督
[00:08:42.000 --> 00:08:44.000]  他們如何降伏在神自己的預備
[00:08:44.000 --> 00:08:45.000]  神自己的洗滌
[00:08:45.000 --> 00:08:48.000]  和神自己的更新裡面
[00:08:48.000 --> 00:08:50.000]  所以神啊,我們今天都願意
[00:08:50.000 --> 00:08:52.000]  在每一年的聖誕佳節裡面
[00:08:52.000 --> 00:08:57.000]  願意聖嬰進駐在我們心裡面的時候
[00:08:57.000 --> 00:09:00.000]  我們被祂的光充散我們的憂暗
[00:09:00.000 --> 00:09:02.000]  充散我們的重擔
[00:09:02.000 --> 00:09:04.000]  充散我們心裡面的吶喊
[00:09:04.000 --> 00:09:05.000]  我們自己很多的不平
[00:09:05.000 --> 00:09:07.000]  讓我們能夠凝視著聖嬰
[00:09:07.000 --> 00:09:10.000]  我們的心再一次被融化
[00:09:10.000 --> 00:09:12.000]  再一次被充滿
[00:09:12.000 --> 00:09:16.000]  我們要將這份光帶到黑暗的社區
[00:09:16.000 --> 00:09:17.000]  和這個世界
[00:09:17.000 --> 00:09:19.000]  特別是在現在顛簸不平
[00:09:19.000 --> 00:09:21.000]  戰亂的世代裡面
[00:09:21.000 --> 00:09:22.000]  願意在聖誕期間
[00:09:22.000 --> 00:09:24.000]  全球的教會
[00:09:24.000 --> 00:09:26.000]  特別是香港的宗教會
[00:09:26.000 --> 00:09:28.000]  能夠將福音
[00:09:28.000 --> 00:09:29.000]  耶穌的真光
[00:09:29.000 --> 00:09:31.000]  努力地去傳揚
[00:09:31.000 --> 00:09:34.000]  將喜訊帶給眾人的心靈裡面
[00:09:34.000 --> 00:09:36.000]  我們將以下我們聽到的時間
[00:09:36.000 --> 00:09:38.000]  交託祈禱仰望奉主明求
[00:09:38.000 --> 00:09:39.000]  阿們
[00:09:39.000 --> 00:09:41.000]  弟兄姊妹早晨
[00:09:41.000 --> 00:09:45.000]  今天是快要近2023年結束的時候
[00:09:45.000 --> 00:09:47.000]  打仗的風聲
[00:09:47.000 --> 00:09:48.000]  在復常之後
[00:09:48.000 --> 00:09:49.000]  你和我的生活
[00:09:49.000 --> 00:09:51.000]  是不是還是覺得很安穩的
[00:09:51.000 --> 00:09:52.000]  有多少人覺得已經很安穩
[00:09:52.000 --> 00:09:55.000]  有力的去重建敬虔生命的彰顯
[00:09:55.000 --> 00:09:56.000]  舉手看看
[00:09:56.000 --> 00:09:57.000]  不要勉強
[00:09:57.000 --> 00:09:58.000]  舉高一點
[00:09:58.000 --> 00:10:00.000]  不要勉強
[00:10:00.000 --> 00:10:01.000]  舉高一點
[00:10:01.000 --> 00:10:02.000]  OK
[00:10:02.000 --> 00:10:05.000]  其實剛才數到的時候
[00:10:05.000 --> 00:10:06.000]  是寥寥可數的
[00:10:06.000 --> 00:10:07.000]  OK,不多
[00:10:07.000 --> 00:10:08.000]  就是說有艱難
[00:10:08.000 --> 00:10:09.000]  不要緊
[00:10:09.000 --> 00:10:10.000]  是好消息
[00:10:10.000 --> 00:10:14.000]  除了末世的預兆越來越明顯和頻繁之外
[00:10:14.000 --> 00:10:18.000]  我們的心靈其實可能還不夠平靜穩妥
[00:10:18.000 --> 00:10:20.000]  我們心靈的定向仍然都抓住不了神
[00:10:20.000 --> 00:10:22.000]  甚至還不能夠被神抓穩
[00:10:22.000 --> 00:10:24.000]  我們去面對明天
[00:10:24.000 --> 00:10:26.000]  持續的靈命為主發光
[00:10:26.000 --> 00:10:27.000]  每一天的動盪
[00:10:27.000 --> 00:10:28.000]  新聞
[00:10:28.000 --> 00:10:29.000]  息口的跌聲
[00:10:29.000 --> 00:10:31.000]  是不是仍然帶動著我們的心靈
[00:10:31.000 --> 00:10:33.000]  有多少人期盼明年初一的時候
[00:10:33.000 --> 00:10:35.000]  美國會減息的開始
[00:10:35.000 --> 00:10:36.000]  因為這一年
[00:10:36.000 --> 00:10:38.000]  你在銀行收到的那個按揭的單
[00:10:38.000 --> 00:10:39.000]  收到多少次
[00:10:39.000 --> 00:10:42.000]  我數著數著都好像收了三四次
[00:10:42.000 --> 00:10:44.000]  每一次收到之後你害怕嗎
[00:10:44.000 --> 00:10:45.000]  你都有一點害怕
[00:10:45.000 --> 00:10:48.000]  其實我們是不是還是心靈這麼脆弱
[00:10:48.000 --> 00:10:50.000]  仍然被這些風聲恐嚇著
[00:10:50.000 --> 00:10:51.000]  被搖動著
[00:10:51.000 --> 00:10:52.000]  在很多的不安
[00:10:52.000 --> 00:10:53.000]  憂慮
[00:10:53.000 --> 00:10:54.000]  傷痛
[00:10:54.000 --> 00:10:55.000]  擔心裏面
[00:10:55.000 --> 00:10:56.000]  我們只是懂得反應
[00:10:56.000 --> 00:10:59.000]  我們懂得從自己的人性血氣去反應
[00:10:59.000 --> 00:11:01.000]  而我們不懂得被神管理
[00:11:01.000 --> 00:11:04.000]  被神過濾去對應
[00:11:04.000 --> 00:11:06.000]  往往我們就被自己的不安
[00:11:06.000 --> 00:11:07.000]  恐懼
[00:11:07.000 --> 00:11:08.000]  怒氣
[00:11:08.000 --> 00:11:09.000]  不平
[00:11:09.000 --> 00:11:10.000]  接二連三這樣
[00:11:10.000 --> 00:11:12.000]  做錯了很多大大小小的決定
[00:11:12.000 --> 00:11:13.000]  投資的決定
[00:11:13.000 --> 00:11:15.000]  移民與否的決定
[00:11:15.000 --> 00:11:16.000]  為主擺上的決心
[00:11:16.000 --> 00:11:18.000]  和信仰更新的決心
[00:11:18.000 --> 00:11:21.000]  你和我願不願意回歸到安靜裏面
[00:11:21.000 --> 00:11:22.000]  得力得方向
[00:11:22.000 --> 00:11:24.000]  讓真正的平靜能夠沉澱出
[00:11:24.000 --> 00:11:26.000]  我們內心裏面一切的雜質
[00:11:26.000 --> 00:11:28.000]  還有我們心裏面各種的軟弱
[00:11:28.000 --> 00:11:29.000]  邪惡
[00:11:29.000 --> 00:11:30.000]  恐懼
[00:11:30.000 --> 00:11:32.000]  讓神再一次臨到我們心裏面
[00:11:32.000 --> 00:11:33.000]  潔淨更新我們
[00:11:33.000 --> 00:11:35.000]  讓我們重新經驗到
[00:11:35.000 --> 00:11:37.000]  以賽亞書三十章十五節講
[00:11:37.000 --> 00:11:40.000]  主耶和華以色列的聖者曾如此說
[00:11:40.000 --> 00:11:42.000]  你們得救在乎歸回安息
[00:11:42.000 --> 00:11:44.000]  你們得力在乎平靜安穩
[00:11:44.000 --> 00:11:46.000]  你們竟自不幸
[00:11:46.000 --> 00:11:48.000]  這句話的結尾
[00:11:48.000 --> 00:11:50.000]  真是我們全人類的寫照
[00:11:50.000 --> 00:11:53.000]  究竟我們怎樣能夠得到真正的安息
[00:11:53.000 --> 00:11:56.000]  和有真正的平靜安穩
[00:11:56.000 --> 00:11:58.000]  能夠使我們得救得力呢
[00:11:58.000 --> 00:12:01.000]  其實從剛才弟兄他的分享
[00:12:01.000 --> 00:12:02.000]  往往神都要等我們
[00:12:02.000 --> 00:12:05.000]  好像小朋友叫到呼喊到累透
[00:12:05.000 --> 00:12:07.000]  沒能力再靠自己的時候
[00:12:07.000 --> 00:12:09.000]  神就出手拯救我們
[00:12:09.000 --> 00:12:11.000]  這個都是我們今天訊息的方向
[00:12:11.000 --> 00:12:13.000]  為了學習我們怎樣保守理心
[00:12:13.000 --> 00:12:15.000]  這個一生受用的訊息
[00:12:15.000 --> 00:12:18.000]  今天我們要看的經文是
[00:12:18.000 --> 00:12:24.000]  今天我們要看的詩篇131篇
[00:12:24.000 --> 00:12:27.000]  是大衛帶領以色列朝聖者之歌的系列
[00:12:27.000 --> 00:12:30.000]  由120篇至134篇
[00:12:30.000 --> 00:12:33.000]  反映和記述以色列民信仰生命的歷程
[00:12:33.000 --> 00:12:35.000]  在歷程中間
[00:12:35.000 --> 00:12:38.000]  使人以錫安或耶路撒冷或現今的教會
[00:12:38.000 --> 00:12:39.000]  作為目的地
[00:12:39.000 --> 00:12:41.000]  得享太平安居樂業
[00:12:41.000 --> 00:12:43.000]  享受兒孫福樂
[00:12:43.000 --> 00:12:45.000]  它的重點在於要我們敬畏神
[00:12:45.000 --> 00:12:46.000]  守神的道
[00:12:46.000 --> 00:12:47.000]  是真福的源頭
[00:12:47.000 --> 00:12:50.000]  並且以神為最終的依歸和歸屬
[00:12:50.000 --> 00:12:53.000]  大衛他人生飽經滄桑
[00:12:53.000 --> 00:12:54.000]  受盡人生的火煉
[00:12:54.000 --> 00:12:56.000]  他深刻認知到自己的敗壞
[00:12:56.000 --> 00:12:58.000]  無能軟弱
[00:12:58.000 --> 00:13:00.000]  其實我們每一個人都是同路人過來人
[00:13:00.000 --> 00:13:02.000]  剛才你聽Nelson和Elaine的見證
[00:13:02.000 --> 00:13:05.000]  是不是都彷彿見到自己的影子
[00:13:05.000 --> 00:13:06.000]  有多少人覺得是呢
[00:13:06.000 --> 00:13:07.000]  舉手看看
[00:13:07.000 --> 00:13:09.000]  就是說我們是過來人
[00:13:09.000 --> 00:13:11.000]  和同路人
[00:13:11.000 --> 00:13:12.000]  沒有分高低
[00:13:12.000 --> 00:13:14.000]  是爭先後次序
[00:13:14.000 --> 00:13:15.000]  同意嗎
[00:13:15.000 --> 00:13:16.000]  大衛一樣
[00:13:16.000 --> 00:13:18.000]  他在詩篇131篇
[00:13:18.000 --> 00:13:19.000]  做勸告朝聖者
[00:13:19.000 --> 00:13:20.000]  要學他一樣
[00:13:20.000 --> 00:13:22.000]  從詩篇128篇
[00:13:22.000 --> 00:13:25.000]  蒙福之家的葡萄樹和橄欖樹
[00:13:25.000 --> 00:13:26.000]  去到129篇
[00:13:26.000 --> 00:13:27.000]  他受到敵人的苦害
[00:13:27.000 --> 00:13:30.000]  被人在背上負禮而耕之苦楚
[00:13:30.000 --> 00:13:31.000]  去到130篇
[00:13:31.000 --> 00:13:33.000]  他自己的自省自潔
[00:13:33.000 --> 00:13:34.000]  仰望救贖
[00:13:34.000 --> 00:13:38.000]  深信以色列民最終能夠脫離一切的罪孽
[00:13:38.000 --> 00:13:40.000]  向神深切的仰望
[00:13:40.000 --> 00:13:41.000]  然後來到131篇
[00:13:41.000 --> 00:13:43.000]  他在這裡提醒朝聖者
[00:13:43.000 --> 00:13:46.000]  心眼行的要訣
[00:13:46.000 --> 00:13:47.000]  幫我讀出
[00:13:47.000 --> 00:13:51.000]  心眼行
[00:13:51.000 --> 00:13:52.000]  我發覺今天的訊息
[00:13:52.000 --> 00:13:54.000]  你有幾個地方要跟我重覆
[00:13:54.000 --> 00:13:57.000]  所以你打醒十二個精神
[00:13:57.000 --> 00:13:58.000]  不會很為難你的
[00:13:58.000 --> 00:14:02.000]  不會叫你跟我說十幾個字的句子
[00:14:02.000 --> 00:14:03.000]  就是提醒朝聖者
[00:14:03.000 --> 00:14:06.000]  內心眼目行為的要訣
[00:14:06.000 --> 00:14:07.000]  以至私人能夠享受
[00:14:07.000 --> 00:14:09.000]  好像斷過脈的孩子
[00:14:09.000 --> 00:14:12.000]  在母親懷中安穩平靜
[00:14:12.000 --> 00:14:14.000]  能夠呼喚所有朝聖的人
[00:14:14.000 --> 00:14:15.000]  一起仰望耶和華
[00:14:15.000 --> 00:14:16.000]  從今時至永遠
[00:14:16.000 --> 00:14:18.000]  讓我們一起先讀現在圖中
[00:14:18.000 --> 00:14:20.000]  左右兩個勢的心心
[00:14:20.000 --> 00:14:22.000]  這兩句的吶喊
[00:14:22.000 --> 00:14:23.000]  我相信都是這幾年間
[00:14:23.000 --> 00:14:24.000]  我們心靈的衝擊
[00:14:24.000 --> 00:14:26.000]  未能夠完全平復的心靈
[00:14:26.000 --> 00:14:28.000]  正正都是在呼求著
[00:14:28.000 --> 00:14:30.000]  我們先讀左邊的心心
[00:14:30.000 --> 00:14:31.000]  麻煩你幫我大聲讀
[00:14:31.000 --> 00:14:32.000]  預備起
[00:14:32.000 --> 00:14:36.000]  在充滿動盪的世界中的安靜
[00:14:36.000 --> 00:14:37.000]  同意嗎
[00:14:37.000 --> 00:14:38.000]  再多一點的戰亂
[00:14:38.000 --> 00:14:40.000]  再來一次COVID的話
[00:14:40.000 --> 00:14:41.000]  我猜我們真的
[00:14:41.000 --> 00:14:44.000]  你猜世人能不能應付
[00:14:44.000 --> 00:14:46.000]  我覺得很艱難
[00:14:46.000 --> 00:14:48.000]  所以我們心裏面是在吶喊
[00:14:48.000 --> 00:14:51.000]  在充滿動盪的世界中的安靜
[00:14:51.000 --> 00:14:53.000]  幫我讀右邊的勢心心
[00:14:53.000 --> 00:14:55.000]  平安與你同在
[00:14:55.000 --> 00:15:00.000]  以應對憂慮傷痛憤怒和疑惑的衝擊
[00:15:00.000 --> 00:15:01.000]  同意嗎
[00:15:01.000 --> 00:15:03.000]  我們是很渴望這兩樣東西
[00:15:03.000 --> 00:15:05.000]  就讓我們一起讀出中間的心心
[00:15:05.000 --> 00:15:06.000]  《針嚴書》四章廿三節
[00:15:06.000 --> 00:15:07.000]  預備起
[00:15:07.000 --> 00:15:09.000]  你要保守理心
[00:15:09.000 --> 00:15:11.000]  勝過保守一切
[00:15:11.000 --> 00:15:12.000]  因為一生的果效
[00:15:12.000 --> 00:15:14.000]  由心發出
[00:15:14.000 --> 00:15:15.000]  就讓我們現在看
[00:15:15.000 --> 00:15:17.000]  《詩篇》一三一篇的第一大重點
[00:15:17.000 --> 00:15:21.000]  止息心的狂野和放肆
[00:15:21.000 --> 00:15:23.000]  我們一起讀第一節
[00:15:23.000 --> 00:15:24.000]  然後說
[00:15:24.000 --> 00:15:26.000]  我的心不狂傲
[00:15:26.000 --> 00:15:28.000]  我的眼不高大
[00:15:28.000 --> 00:15:30.000]  重大和七不透的事
[00:15:30.000 --> 00:15:32.000]  我又不敢行
[00:15:32.000 --> 00:15:33.000]  大衛人生中
[00:15:33.000 --> 00:15:35.000]  他很深悟什麼是狂傲
[00:15:35.000 --> 00:15:36.000]  眼目高大
[00:15:36.000 --> 00:15:38.000]  任意妄為的惡果和敗壞
[00:15:38.000 --> 00:15:40.000]  所以他才敢呼喚朝聖者
[00:15:40.000 --> 00:15:44.000]  要止息人性中心裏的狂野放肆
[00:15:44.000 --> 00:15:46.000]  其實要內心有真正的平靜安慰
[00:15:46.000 --> 00:15:47.000]  是否要知道我們人生
[00:15:47.000 --> 00:15:49.000]  神下賜給我們無風無浪的人生
[00:15:49.000 --> 00:15:51.000]  無火煉臨到的人生
[00:15:51.000 --> 00:15:52.000]  這樣就最好了
[00:15:52.000 --> 00:15:54.000]  有沒有可能?
[00:15:54.000 --> 00:15:56.000]  有誰覺得你人生裏沒有火煉的
[00:15:56.000 --> 00:15:57.000]  舉手看看
[00:15:57.000 --> 00:15:59.000]  沒有人舉手
[00:15:59.000 --> 00:16:01.000]  否則你都不會回教會
[00:16:01.000 --> 00:16:02.000]  同意嗎?
[00:16:02.000 --> 00:16:07.000]  秘訣在於神將你隱藏在暴風的風眼中間
[00:16:07.000 --> 00:16:08.000]  不受動搖
[00:16:08.000 --> 00:16:11.000]  重點是神將你在狂風蟹浪裏
[00:16:11.000 --> 00:16:13.000]  放在大海深處那一點
[00:16:13.000 --> 00:16:16.000]  不蟹動的安全島裏
[00:16:16.000 --> 00:16:18.000]  只有能平靜風浪的主
[00:16:18.000 --> 00:16:21.000]  和掌管海洋深處的創造主
[00:16:21.000 --> 00:16:23.000]  能夠將我們在人生種種的磨難
[00:16:23.000 --> 00:16:24.000]  反叛之極
[00:16:24.000 --> 00:16:26.000]  疲倦之極
[00:16:26.000 --> 00:16:27.000]  身心靈倦透
[00:16:27.000 --> 00:16:29.000]  無力自救的時候
[00:16:29.000 --> 00:16:30.000]  你和我才能夠醒悟
[00:16:30.000 --> 00:16:32.000]  可以肯放手放心
[00:16:32.000 --> 00:16:35.000]  交託你的危難困境軟弱
[00:16:35.000 --> 00:16:37.000]  甚至是破損了的自己
[00:16:37.000 --> 00:16:39.000]  回到神的安慰醫治
[00:16:39.000 --> 00:16:41.000]  然後靠神再養力
[00:16:41.000 --> 00:16:45.000]  好像疲倦了的伊利亞先知一樣
[00:16:45.000 --> 00:16:46.000]  再奔天路
[00:16:46.000 --> 00:16:49.000]  和一班我們齊集在教會裏面的同路人
[00:16:49.000 --> 00:16:50.000]  國內人
[00:16:50.000 --> 00:16:51.000]  同頌主恩
[00:16:51.000 --> 00:16:53.000]  暢頌上行之師
[00:16:53.000 --> 00:16:54.000]  好不好
[00:16:54.000 --> 00:16:55.000]  行不行
[00:16:55.000 --> 00:16:56.000]  大家能不能跟著我說什麼
[00:16:56.000 --> 00:16:57.000]  我是不是快了呢
[00:16:57.000 --> 00:16:59.000]  我也是在做一個縮短版
[00:16:59.000 --> 00:17:00.000]  OK
[00:17:00.000 --> 00:17:06.000]  對了沒錯
[00:17:06.000 --> 00:17:07.000]  回望大衛一生
[00:17:07.000 --> 00:17:09.000]  他年輕的時候並不狂傲
[00:17:09.000 --> 00:17:11.000]  他甘心作牧羊童
[00:17:11.000 --> 00:17:13.000]  他被他父親和兄長輕視
[00:17:13.000 --> 00:17:14.000]  僅靠神
[00:17:14.000 --> 00:17:15.000]  眼目沒有高大
[00:17:15.000 --> 00:17:17.000]  他能夠戰勝強大的哥利亞
[00:17:17.000 --> 00:17:19.000]  直至他遇上蘇羅
[00:17:19.000 --> 00:17:21.000]  他就真的從蘇羅身上
[00:17:21.000 --> 00:17:23.000]  看盡了什麼才是狂傲的心
[00:17:23.000 --> 00:17:25.000]  蘇羅去窒道帶來了什麼問題
[00:17:25.000 --> 00:17:26.000]  心靈的虛怯
[00:17:26.000 --> 00:17:28.000]  結果邪靈上身
[00:17:28.000 --> 00:17:30.000]  由自己自身的沒有安全感
[00:17:30.000 --> 00:17:32.000]  就活出迫害他人的人生
[00:17:32.000 --> 00:17:33.000]  結果他問鬼
[00:17:33.000 --> 00:17:34.000]  招惹了災劫
[00:17:34.000 --> 00:17:35.000]  最後被神厭惡
[00:17:35.000 --> 00:17:37.000]  結局坎坷
[00:17:37.000 --> 00:17:39.000]  大衛雖然不愧為神所稱許
[00:17:39.000 --> 00:17:40.000]  合神心意的人
[00:17:40.000 --> 00:17:41.000]  但我們深深慰問他
[00:17:41.000 --> 00:17:45.000]  在晚年都曾經作出軟弱和敗壞的警戒
[00:17:45.000 --> 00:17:48.000]  成為了我們後世世代的人的警戒
[00:17:48.000 --> 00:17:49.000]  記不記得
[00:17:49.000 --> 00:17:50.000]  他在風光安逸的時候
[00:17:50.000 --> 00:17:52.000]  軍事得勝的時候
[00:17:52.000 --> 00:17:54.000]  犯上了一對別士巴的惡行
[00:17:54.000 --> 00:17:57.000]  完全是在內心眼目行為上墜落
[00:17:57.000 --> 00:17:59.000]  由邪淫貪戀別人的妻子
[00:17:59.000 --> 00:18:01.000]  以至遮掩罪惡
[00:18:01.000 --> 00:18:03.000]  將軍中的將領推至死亡
[00:18:03.000 --> 00:18:05.000]  犯下了謀殺罪
[00:18:05.000 --> 00:18:06.000]  結果難堪
[00:18:06.000 --> 00:18:07.000]  然後神給他管教
[00:18:07.000 --> 00:18:10.000]  要在自己的家眷當中承受敗壞
[00:18:10.000 --> 00:18:13.000]  被兒子亞沙隆追殺和叛變
[00:18:13.000 --> 00:18:14.000]  落難逃命
[00:18:14.000 --> 00:18:16.000]  最終他願意承受
[00:18:16.000 --> 00:18:18.000]  承擔這個嚴苛的管教
[00:18:18.000 --> 00:18:20.000]  我們要感恩亦可幸
[00:18:20.000 --> 00:18:23.000]  大衛真是一個真情真性
[00:18:23.000 --> 00:18:24.000]  和一個誠懇的人
[00:18:24.000 --> 00:18:26.000]  他肯認罪悔改
[00:18:26.000 --> 00:18:27.000]  寫出了詩篇
[00:18:27.000 --> 00:18:29.000]  眾多我們不懂得說的話
[00:18:29.000 --> 00:18:30.000]  他幫我們寫出來
[00:18:30.000 --> 00:18:31.000]  七篇的悔罪詩
[00:18:31.000 --> 00:18:32.000]  第六章
[00:18:32.000 --> 00:18:33.000]  三十二章
[00:18:33.000 --> 00:18:34.000]  三十八章
[00:18:34.000 --> 00:18:35.000]  三十九章
[00:18:35.000 --> 00:18:36.000]  最出名的五十一章
[00:18:36.000 --> 00:18:37.000]  一零二和一三零篇
[00:18:37.000 --> 00:18:39.000]  導引我們後世的人
[00:18:39.000 --> 00:18:42.000]  能夠走上悔改蒙恩蒙謝的道路
[00:18:42.000 --> 00:18:45.000]  同為過路人和同路人
[00:18:45.000 --> 00:18:47.000]  我們一起走上朝聖之路
[00:18:47.000 --> 00:18:49.000]  所以每逢在水禮
[00:18:49.000 --> 00:18:51.000]  我們聽到第一次悔改迴轉的恩典
[00:18:51.000 --> 00:18:53.000]  無論他們說得多淒涼
[00:18:53.000 --> 00:18:56.000]  或者多麼的敗壞
[00:18:56.000 --> 00:18:59.000]  我們心裏都不會有一種狂怒驕傲的心
[00:18:59.000 --> 00:19:00.000]  覺得你看看你
[00:19:00.000 --> 00:19:03.000]  是上帝才愛你這樣的人
[00:19:03.000 --> 00:19:06.000]  但接著其實你的手指一直在指著自己
[00:19:06.000 --> 00:19:07.000]  其實我自己一樣敗壞
[00:19:07.000 --> 00:19:08.000]  你又看不到
[00:19:08.000 --> 00:19:10.000]  這裡聖經大衛說三筆
[00:19:10.000 --> 00:19:12.000]  再一次提醒我們信徒
[00:19:12.000 --> 00:19:13.000]  不狂怒
[00:19:13.000 --> 00:19:14.000]  不高大
[00:19:14.000 --> 00:19:17.000]  重大和差不透的事都不敢行
[00:19:17.000 --> 00:19:18.000]  他提醒我們
[00:19:18.000 --> 00:19:20.000]  生命中盡多誠信的表現
[00:19:20.000 --> 00:19:21.000]  不是在於我們說
[00:19:21.000 --> 00:19:23.000]  很熱心為神要做什麼
[00:19:23.000 --> 00:19:26.000]  而是給主警戒
[00:19:26.000 --> 00:19:29.000]  我們不要為主做什麼
[00:19:29.000 --> 00:19:30.000]  很多時候
[00:19:30.000 --> 00:19:31.000]  不知道大家有沒有印象
[00:19:31.000 --> 00:19:33.000]  很多時候你的熱心
[00:19:33.000 --> 00:19:35.000]  往往是敗壞了神的事
[00:19:35.000 --> 00:19:36.000]  我記得我早期
[00:19:36.000 --> 00:19:38.000]  在五目團契帶短孫
[00:19:38.000 --> 00:19:40.000]  你知道我很投入短孫
[00:19:40.000 --> 00:19:41.000]  我記得有一次
[00:19:41.000 --> 00:19:44.000]  在連南那裏做聖誕晚會
[00:19:44.000 --> 00:19:45.000]  做了話劇
[00:19:45.000 --> 00:19:48.000]  做了主角
[00:19:48.000 --> 00:19:52.000]  結果我在這些營會裏
[00:19:52.000 --> 00:19:55.000]  如果我什麼都八卦要顧的話
[00:19:55.000 --> 00:19:56.000]  我就會顧到
[00:19:56.000 --> 00:19:58.000]  為什麼燈關的位置
[00:19:58.000 --> 00:19:59.000]  在這個時間
[00:19:59.000 --> 00:20:00.000]  為什麼不關燈
[00:20:00.000 --> 00:20:01.000]  這裡為什麼不夠聲音
[00:20:01.000 --> 00:20:02.000]  這樣那樣
[00:20:02.000 --> 00:20:03.000]  我告訴你
[00:20:03.000 --> 00:20:05.000]  後來我的團友責備我
[00:20:05.000 --> 00:20:06.000]  老師夠了
[00:20:06.000 --> 00:20:09.000]  你不要再做話劇的主角了
[00:20:09.000 --> 00:20:11.000]  請你什麼都不要做
[00:20:11.000 --> 00:20:13.000]  我們只需要你做紙板超人
[00:20:13.000 --> 00:20:15.000]  你只做我們的精神領袖就夠了
[00:20:15.000 --> 00:20:16.000]  從此我就悔改
[00:20:16.000 --> 00:20:17.000]  每次去這些營會
[00:20:17.000 --> 00:20:18.000]  什麼都不做
[00:20:18.000 --> 00:20:19.000]  就做一個紙板超人
[00:20:19.000 --> 00:20:21.000]  精神領袖
[00:20:21.000 --> 00:20:23.000]  我知道如果我什麼都做的話
[00:20:23.000 --> 00:20:25.000]  我基本上是敗壞神的事工
[00:20:25.000 --> 00:20:28.000]  求主憐憫我們眾人心內的狂野
[00:20:28.000 --> 00:20:29.000]  自傲
[00:20:29.000 --> 00:20:30.000]  心中目中無人
[00:20:30.000 --> 00:20:31.000]  妄自尊大
[00:20:31.000 --> 00:20:33.000]  最終真的會被神降低和管教
[00:20:33.000 --> 00:20:35.000]  甚至被大胤之別責備
[00:20:35.000 --> 00:20:37.000]  因為《雅各書》四章六節說
[00:20:37.000 --> 00:20:39.000]  因為他像更多的恩典
[00:20:39.000 --> 00:20:40.000]  所以經上說
[00:20:40.000 --> 00:20:41.000]  神阻擋驕傲的人
[00:20:41.000 --> 00:20:43.000]  像恩比謙卑的人
[00:20:43.000 --> 00:20:44.000]  這個都是我們這一群
[00:20:44.000 --> 00:20:46.000]  同路人和過來人的經歷
[00:20:46.000 --> 00:20:47.000]  認不認同
[00:20:47.000 --> 00:20:49.000]  其實看看有沒有這麼魚的經歷
[00:20:49.000 --> 00:20:50.000]  要被大胤之別責備
[00:20:50.000 --> 00:20:51.000]  你不要什麼都做
[00:20:51.000 --> 00:20:52.000]  行不行
[00:20:52.000 --> 00:20:53.000]  就是這樣
[00:20:53.000 --> 00:20:56.000]  所以讓我們在第一節的
[00:20:56.000 --> 00:20:58.000]  第一個重點結束的時候
[00:20:58.000 --> 00:21:00.000]  我們一起讀這個老益思的譯句
[00:21:00.000 --> 00:21:01.000]  預備起
[00:21:01.000 --> 00:21:04.000]  驕傲是淑麟的癌症
[00:21:04.000 --> 00:21:07.000]  他吞噬了所有關於愛
[00:21:07.000 --> 00:21:08.000]  滿足
[00:21:08.000 --> 00:21:10.000]  崇華常理的可能
[00:21:10.000 --> 00:21:13.000]  這一句間接提醒了我們一個自省的點子
[00:21:13.000 --> 00:21:14.000]  作為第一點
[00:21:14.000 --> 00:21:15.000]  第一個重點
[00:21:15.000 --> 00:21:17.000]  知識心的狂野和放肆的短見
[00:21:17.000 --> 00:21:18.000]  就是你怎麼知道你和我
[00:21:18.000 --> 00:21:21.000]  心裡面已經走上了傲慢自持的道路
[00:21:21.000 --> 00:21:22.000]  狂野的道路呢
[00:21:22.000 --> 00:21:23.000]  第一
[00:21:23.000 --> 00:21:26.000]  就是我們失去了愛神愛人的心
[00:21:26.000 --> 00:21:27.000]  什麼都覺得自己最了得
[00:21:27.000 --> 00:21:28.000]  自己看的東西最對
[00:21:28.000 --> 00:21:30.000]  什麼都集中在自己身上
[00:21:30.000 --> 00:21:31.000]  拿了所有榮耀
[00:21:31.000 --> 00:21:33.000]  第二就是你會發覺
[00:21:33.000 --> 00:21:36.000]  你從來沒有一個滿足感恩的心
[00:21:36.000 --> 00:21:38.000]  你永遠有很多東西去談別人的
[00:21:38.000 --> 00:21:39.000]  你永遠都看到別人的缺點
[00:21:39.000 --> 00:21:40.000]  但看不到自己的缺點
[00:21:40.000 --> 00:21:43.000]  你有永遠不能滿足的貪念
[00:21:43.000 --> 00:21:44.000]  結果在你生命裡面
[00:21:44.000 --> 00:21:48.000]  你會帶來很多傷人害己的沉溺行為
[00:21:48.000 --> 00:21:49.000]  第三
[00:21:49.000 --> 00:21:52.000]  有時候連常識連常理我們都犯錯
[00:21:52.000 --> 00:21:53.000]  會失去理智
[00:21:53.000 --> 00:21:56.000]  好像耶穌受魔鬼第二個試探一樣
[00:21:56.000 --> 00:21:58.000]  魔鬼扭曲了聖經詩篇的說話
[00:21:58.000 --> 00:22:00.000]  叫耶穌從墊頂跳下來
[00:22:00.000 --> 00:22:02.000]  天使會接住他
[00:22:02.000 --> 00:22:03.000]  扭曲了聖經
[00:22:03.000 --> 00:22:04.000]  以為耶穌恃寵生驕
[00:22:04.000 --> 00:22:06.000]  當成自己神的兒子
[00:22:06.000 --> 00:22:08.000]  神會接你的
[00:22:08.000 --> 00:22:09.000]  這句話的試探
[00:22:09.000 --> 00:22:11.000]  就是叫我們驕傲自持
[00:22:11.000 --> 00:22:12.000]  試探神
[00:22:12.000 --> 00:22:13.000]  犯險沉淪
[00:22:13.000 --> 00:22:14.000]  都不自覺
[00:22:14.000 --> 00:22:16.000]  都不自知
[00:22:16.000 --> 00:22:18.000]  Nelson弟兄剛才都曾經說過
[00:22:18.000 --> 00:22:20.000]  他人生裡面有一段時間
[00:22:20.000 --> 00:22:21.000]  是這樣的
[00:22:21.000 --> 00:22:24.000]  不知道自己在做這件事
[00:22:24.000 --> 00:22:25.000]  各位知體
[00:22:25.000 --> 00:22:28.000]  原來我們真的不過是同路人和過路人
[00:22:28.000 --> 00:22:30.000]  我們曾經都沉淪過
[00:22:30.000 --> 00:22:31.000]  墮落過
[00:22:31.000 --> 00:22:32.000]  狂野過
[00:22:32.000 --> 00:22:33.000]  始終我們都試過
[00:22:33.000 --> 00:22:34.000]  不能夠自救
[00:22:34.000 --> 00:22:35.000]  滿身傷痕
[00:22:35.000 --> 00:22:37.000]  先懂得無力無能地的
[00:22:37.000 --> 00:22:39.000]  回到父親的懷裡面
[00:22:39.000 --> 00:22:41.000]  就好像小兒子散盡知財之後
[00:22:41.000 --> 00:22:43.000]  上到天父家的時候
[00:22:43.000 --> 00:22:44.000]  一無所有
[00:22:44.000 --> 00:22:46.000]  神跡由零開始
[00:22:46.000 --> 00:22:47.000]  但我想問大家
[00:22:47.000 --> 00:22:48.000]  小兒子回到天父家的時候
[00:22:48.000 --> 00:22:50.000]  是不是真的由零開始
[00:22:50.000 --> 00:22:51.000]  不是
[00:22:51.000 --> 00:22:52.000]  一回到家就有什麼
[00:22:52.000 --> 00:22:53.000]  上好的戒指
[00:22:53.000 --> 00:22:54.000]  上好的袍子
[00:22:54.000 --> 00:22:56.000]  爸爸還為他開派對
[00:22:56.000 --> 00:22:58.000]  從Nelson弟兄剛才的分享裡面
[00:22:58.000 --> 00:23:00.000]  神真的叫他去到
[00:23:00.000 --> 00:23:01.000]  傾家蕩產的時候
[00:23:01.000 --> 00:23:03.000]  是不是真的由零開始
[00:23:03.000 --> 00:23:04.000]  他見到
[00:23:04.000 --> 00:23:07.000]  他全家怎樣為他傾盡
[00:23:07.000 --> 00:23:09.000]  上帝透過他的家人
[00:23:09.000 --> 00:23:10.000]  怎樣為他傾盡
[00:23:10.000 --> 00:23:13.000]  讓他能夠重新再來
[00:23:13.000 --> 00:23:15.000]  因為這樣的緣故
[00:23:15.000 --> 00:23:17.000]  我們願意看第二個重點
[00:23:17.000 --> 00:23:18.000]  回歸心的
[00:23:18.000 --> 00:23:20.000]  添靜和歸宿
[00:23:20.000 --> 00:23:21.000]  我們一起讀第二節
[00:23:21.000 --> 00:23:22.000]  謝謝
[00:23:22.000 --> 00:23:34.000]  (廣東話)
[00:23:34.000 --> 00:23:35.000]  不論我們好像耶穌
[00:23:35.000 --> 00:23:37.000]  每一天珍貴天父
[00:23:37.000 --> 00:23:39.000]  上山親近天父的添靜
[00:23:39.000 --> 00:23:40.000]  而從中得力
[00:23:40.000 --> 00:23:41.000]  或者好像小兒子
[00:23:41.000 --> 00:23:43.000]  從放縱的生活回歸到父家
[00:23:43.000 --> 00:23:45.000]  從十兒子在父家
[00:23:45.000 --> 00:23:48.000]  單純忠誠的服侍
[00:23:48.000 --> 00:23:50.000]  或者是給神恩代的安穩
[00:23:50.000 --> 00:23:52.000]  還是像先知以利亞
[00:23:52.000 --> 00:23:53.000]  在淑寧高朝之後
[00:23:53.000 --> 00:23:55.000]  突然逃亡到低朝
[00:23:55.000 --> 00:23:57.000]  神讓他睡覺睡覺進食
[00:23:57.000 --> 00:23:59.000]  然後向神多了一肚苦水之後
[00:23:59.000 --> 00:24:01.000]  他眷透在安靜裡面
[00:24:01.000 --> 00:24:03.000]  聽到神真正的微聲
[00:24:03.000 --> 00:24:04.000]  親愛的弟兄姊妹
[00:24:04.000 --> 00:24:07.000]  真實知識內心的狂野和放肆之後
[00:24:07.000 --> 00:24:09.000]  人心靈真正需要和方向
[00:24:09.000 --> 00:24:12.000]  就是再一次回歸到心的添靜
[00:24:12.000 --> 00:24:15.000]  和最終神是你的歸宿
[00:24:15.000 --> 00:24:16.000]  弟兄姊妹
[00:24:16.000 --> 00:24:18.000]  近日你有什麼煩擾你的人和事
[00:24:18.000 --> 00:24:20.000]  或者是試探惡念
[00:24:20.000 --> 00:24:22.000]  令到你時時都享受不到
[00:24:22.000 --> 00:24:24.000]  在主前的添靜
[00:24:24.000 --> 00:24:27.000]  或者是依偎著上帝的心懷呢?
[00:24:27.000 --> 00:24:30.000]  你的內心顛簸不平
[00:24:30.000 --> 00:24:33.000]  連神住在你裡面都覺得嘈吵
[00:24:33.000 --> 00:24:36.000]  其實神不會覺得嘈吵的
[00:24:36.000 --> 00:24:38.000]  神是什麼時候等到你嘈夠的時候
[00:24:38.000 --> 00:24:40.000]  去等你凝望他的時候
[00:24:40.000 --> 00:24:42.000]  他才改變你
[00:24:42.000 --> 00:24:43.000]  求主憐憫我們
[00:24:43.000 --> 00:24:44.000]  願意我們的心田
[00:24:44.000 --> 00:24:47.000]  是能夠讓主居住得在裡面安甜
[00:24:47.000 --> 00:24:50.000]  我們回歸心的添靜歸宿
[00:24:50.000 --> 00:24:51.000]  有三個重點
[00:24:51.000 --> 00:24:53.000]  第一平穩安靜
[00:24:53.000 --> 00:24:56.000]  平穩安靜在NASB的聖經也很好
[00:24:56.000 --> 00:24:57.000]  這裡要跟我讀了
[00:24:57.000 --> 00:24:58.000]  第一句是
[00:24:58.000 --> 00:24:59.000]  我約束我的靈
[00:24:59.000 --> 00:25:00.000]  跟我讀一次
[00:25:00.000 --> 00:25:02.000]  我約束我的靈
[00:25:02.000 --> 00:25:03.000]  第二句就是
[00:25:03.000 --> 00:25:04.000]  我鎖定我的魂
[00:25:04.000 --> 00:25:06.000]  我鎖定我的魂
[00:25:06.000 --> 00:25:09.000]  就是說我約束鎖定我的靈魂
[00:25:09.000 --> 00:25:11.000]  我很喜歡NASB英文譯本
[00:25:11.000 --> 00:25:14.000]  I have composed and quieted my soul
[00:25:14.000 --> 00:25:15.000]  意思就是說
[00:25:15.000 --> 00:25:18.000]  神想我們要將一切的狂野放肆
[00:25:18.000 --> 00:25:21.000]  迷惑衝擊試探
[00:25:21.000 --> 00:25:23.000]  要跌倒喊救命的光景
[00:25:23.000 --> 00:25:26.000]  神要你向他傾心吐意
[00:25:26.000 --> 00:25:27.000]  你要將這一切的事情
[00:25:27.000 --> 00:25:30.000]  寫成為你自己的詩篇51篇
[00:25:30.000 --> 00:25:34.000]  寫成為你自己的詩篇38篇39篇
[00:25:34.000 --> 00:25:36.000]  是屬於你最獨特的詩篇
[00:25:36.000 --> 00:25:38.000]  唯有你懂得這樣向神寫
[00:25:38.000 --> 00:25:40.000]  你的詩篇向神講的時候
[00:25:40.000 --> 00:25:42.000]  你就能夠向自己死
[00:25:42.000 --> 00:25:45.000]  你不會作出不必要的人性的反應
[00:25:45.000 --> 00:25:48.000]  你有的人性血氣的反應
[00:25:48.000 --> 00:25:50.000]  而你做了一個消化
[00:25:50.000 --> 00:25:52.000]  聖靈管理了你之後
[00:25:52.000 --> 00:25:54.000]  底下你所產生出來的回應
[00:25:54.000 --> 00:25:56.000]  你的response
[00:25:56.000 --> 00:25:59.000]  你可以將心中的慌張恐懼憤怒受傷
[00:25:59.000 --> 00:26:02.000]  編織成為向主討求的詩章
[00:26:02.000 --> 00:26:03.000]  夢神閱立
[00:26:03.000 --> 00:26:05.000]  等神聽懂你的心跳
[00:26:05.000 --> 00:26:07.000]  很多時候我們就沒有耐性跟神講
[00:26:07.000 --> 00:26:08.000]  這番心事
[00:26:08.000 --> 00:26:11.000]  所以其實是你都不明白你的心事
[00:26:11.000 --> 00:26:13.000]  不要說主聽不到你的心跳
[00:26:13.000 --> 00:26:16.000]  主是在等你編織完你的詩篇
[00:26:16.000 --> 00:26:18.000]  你就知道你的心跳
[00:26:18.000 --> 00:26:21.000]  而主在那個時間聽懂你的心跳
[00:26:21.000 --> 00:26:22.000]  你也聽到神的心跳
[00:26:22.000 --> 00:26:26.000]  這樣你的心境就能夠從波濤洶湧的大海
[00:26:26.000 --> 00:26:28.000]  轉成為風平浪靜
[00:26:28.000 --> 00:26:29.000]  有主法國跟你同行
[00:26:29.000 --> 00:26:32.000]  還有你能夠與主同眠的安甜
[00:26:32.000 --> 00:26:34.000]  當你喊爆
[00:26:34.000 --> 00:26:37.000]  你在神裡面跟神傾心吐意到夠的時候
[00:26:37.000 --> 00:26:39.000]  你就有足夠的休息
[00:26:39.000 --> 00:26:40.000]  可以安甜在神裡面
[00:26:40.000 --> 00:26:42.000]  好像斷奶的孩子一樣
[00:26:42.000 --> 00:26:43.000]  這樣好不好
[00:26:43.000 --> 00:26:44.000]  我們當中有幾個底因
[00:26:44.000 --> 00:26:47.000]  就是最近你曾經將你顛簸不平的內心
[00:26:47.000 --> 00:26:49.000]  編織成為你的詩篇
[00:26:49.000 --> 00:26:51.000]  與神傾心吐意到很舒服
[00:26:51.000 --> 00:26:52.000]  後來可以睡覺
[00:26:52.000 --> 00:26:54.000]  好的,舉手看看
[00:26:54.000 --> 00:26:57.000]  哇,舉高一點
[00:26:57.000 --> 00:26:59.000]  哇,我很喜歡這裡這麼多過來人
[00:26:59.000 --> 00:27:01.000]  我們大家是好朋友
[00:27:01.000 --> 00:27:02.000]  OK
[00:27:02.000 --> 00:27:04.000]  第二個重點
[00:27:04.000 --> 00:27:05.000]  回歸母親的懷裡
[00:27:05.000 --> 00:27:07.000]  曾經在中央電視台有一個告白
[00:27:07.000 --> 00:27:09.000]  很久沒有見過
[00:27:09.000 --> 00:27:11.000]  這個特別的電視廣告
[00:27:11.000 --> 00:27:12.000]  起初我不明白它的主題
[00:27:12.000 --> 00:27:14.000]  就是一個嬰兒不停大哭
[00:27:14.000 --> 00:27:16.000]  哭哭哭哭哭哭哭
[00:27:16.000 --> 00:27:17.000]  哭到電視拍著
[00:27:17.000 --> 00:27:19.000]  這個嬰兒交給不同的人
[00:27:19.000 --> 00:27:20.000]  交給婆婆
[00:27:20.000 --> 00:27:22.000]  交給不同的女性媽媽
[00:27:22.000 --> 00:27:23.000]  抱著抱著
[00:27:23.000 --> 00:27:25.000]  也不能夠令她停止哭
[00:27:25.000 --> 00:27:29.000]  結果直至她交到一個滿臉鬍鬚瘦瘦的男士
[00:27:29.000 --> 00:27:30.000]  突然間
[00:27:30.000 --> 00:27:32.000]  我鏡頭望著這個嬰兒
[00:27:32.000 --> 00:27:34.000]  和拍著那個男士的心胸
[00:27:34.000 --> 00:27:35.000]  因為抱著他
[00:27:35.000 --> 00:27:38.000]  突然間這個嬰兒的眼睛簡直放光
[00:27:38.000 --> 00:27:40.000]  面容放鬆了
[00:27:40.000 --> 00:27:42.000]  而且還主動靠近這個男士的胸懷
[00:27:42.000 --> 00:27:44.000]  彷彿這個男士是她的誰
[00:27:44.000 --> 00:27:46.000]  你們覺得這個男士會是誰
[00:27:46.000 --> 00:27:49.000]  我想看看你們有什麼好判斷
[00:27:49.000 --> 00:27:51.000]  我在某個崇拜裡面也說過這個訊息
[00:27:51.000 --> 00:27:54.000]  有多少人覺得這個是她爸爸的身體
[00:27:54.000 --> 00:27:55.000]  喂
[00:27:55.000 --> 00:27:56.000]  是嗎
[00:27:56.000 --> 00:27:57.000]  真的嗎
[00:27:57.000 --> 00:28:00.000]  我記得我有一次在崇拜裡面舉手問
[00:28:00.000 --> 00:28:02.000]  沒有人舉是爸爸
[00:28:02.000 --> 00:28:03.000]  似乎每個媽媽都覺得
[00:28:03.000 --> 00:28:04.000]  爸爸不行
[00:28:04.000 --> 00:28:06.000]  抱著小孩子都不會停
[00:28:06.000 --> 00:28:07.000]  是不停哭
[00:28:07.000 --> 00:28:09.000]  你們以為是爸爸
[00:28:09.000 --> 00:28:10.000]  其實真的不是她爸爸
[00:28:10.000 --> 00:28:11.000]  那是誰
[00:28:11.000 --> 00:28:14.000]  螢幕上同時打出幾個字句
[00:28:14.000 --> 00:28:15.000]  宣傳說
[00:28:15.000 --> 00:28:18.000]  捐贈器官愛的禮物
[00:28:18.000 --> 00:28:21.000]  捐贈器官愛的禮物
[00:28:21.000 --> 00:28:26.000]  原來這個男士不久之前就獲得這個嬰兒的母親捐贈了她的心臟
[00:28:26.000 --> 00:28:28.000]  所以這個嬰兒的媽媽在不在這裡
[00:28:28.000 --> 00:28:30.000]  已經不在人間
[00:28:30.000 --> 00:28:33.000]  但是嬰兒一給這個男士一抱
[00:28:33.000 --> 00:28:36.000]  他聽到熟悉母親的心跳聲
[00:28:36.000 --> 00:28:38.000]  馬上眼睛放光
[00:28:38.000 --> 00:28:39.000]  奇妙的放鬆下來
[00:28:39.000 --> 00:28:42.000]  甚至安恬在這個男士的懷裡
[00:28:42.000 --> 00:28:43.000]  弟兄姊妹
[00:28:43.000 --> 00:28:45.000]  近日你有沒有心境波動不平
[00:28:45.000 --> 00:28:47.000]  你覺得神聖靈都管理不到你
[00:28:47.000 --> 00:28:50.000]  你經常做出很多傷人害你的反應
[00:28:50.000 --> 00:28:51.000]  跟配偶頂嘴
[00:28:51.000 --> 00:28:53.000]  跟子女頂嘴
[00:28:53.000 --> 00:28:55.000]  你發覺神都管理不到你
[00:28:55.000 --> 00:28:57.000]  為什麼我每次都聽不到上帝的聲音
[00:28:57.000 --> 00:28:58.000]  聽不到上帝的指教
[00:28:58.000 --> 00:28:59.000]  經驗不到他的能力
[00:28:59.000 --> 00:29:00.000]  我降服不了神
[00:29:00.000 --> 00:29:02.000]  我次次失敗
[00:29:02.000 --> 00:29:03.000]  我心靈會在痛苦
[00:29:03.000 --> 00:29:05.000]  囚禁的牢獄裡
[00:29:05.000 --> 00:29:06.000]  很苦
[00:29:06.000 --> 00:29:08.000]  你和我都經歷過
[00:29:08.000 --> 00:29:11.000]  上帝明白你和我不能夠安靜
[00:29:11.000 --> 00:29:14.000]  不能夠約束自己心靈那種難耐
[00:29:14.000 --> 00:29:16.000]  他耐心等候你多番掙扎
[00:29:16.000 --> 00:29:19.000]  吶喊直至你倦透的時候
[00:29:19.000 --> 00:29:21.000]  當你自己的聲音都沒有的時候
[00:29:21.000 --> 00:29:23.000]  你才聽到
[00:29:23.000 --> 00:29:24.000]  懸疑
[00:29:24.000 --> 00:29:26.000]  還有你才聽到上帝的心跳聲
[00:29:26.000 --> 00:29:29.000]  原來上帝一直陪著你身邊
[00:29:29.000 --> 00:29:31.000]  陪著你
[00:29:31.000 --> 00:29:33.000]  等你倦透的時候
[00:29:33.000 --> 00:29:36.000]  就好像我在教師年間
[00:29:36.000 --> 00:29:37.000]  我曾經有一天
[00:29:37.000 --> 00:29:39.000]  我記得是沒有上學的
[00:29:39.000 --> 00:29:41.000]  那天我上不了學
[00:29:41.000 --> 00:29:42.000]  因為睡在床裡想吐
[00:29:42.000 --> 00:29:43.000]  一直都吐不了
[00:29:43.000 --> 00:29:45.000]  我媽媽九點鐘開了房門
[00:29:45.000 --> 00:29:47.000]  兒子你沒有上學嗎
[00:29:47.000 --> 00:29:49.000]  你平時五點起床六點上學了
[00:29:49.000 --> 00:29:51.000]  我和我媽媽死狗地說
[00:29:51.000 --> 00:29:52.000]  我很想吐
[00:29:52.000 --> 00:29:54.000]  吃錯東西
[00:29:54.000 --> 00:29:55.000]  你知不知道我母親
[00:29:55.000 --> 00:29:56.000]  我這麼大的兒子
[00:29:56.000 --> 00:29:58.000]  第一次最深的經驗
[00:29:58.000 --> 00:30:00.000]  就是她從九點坐在我床旁邊
[00:30:00.000 --> 00:30:02.000]  間中我出去廁所
[00:30:02.000 --> 00:30:03.000]  給我喝水
[00:30:03.000 --> 00:30:05.000]  坐到十二點
[00:30:05.000 --> 00:30:07.000]  我有我媽媽很安靜的陪伴
[00:30:07.000 --> 00:30:08.000]  我終於到十二點
[00:30:08.000 --> 00:30:09.000]  吐了
[00:30:09.000 --> 00:30:11.000]  吐出來了
[00:30:11.000 --> 00:30:12.000]  吐出來了之後
[00:30:12.000 --> 00:30:13.000]  然後很舒服
[00:30:13.000 --> 00:30:16.000]  然後就好像正常生活一樣
[00:30:16.000 --> 00:30:20.000]  上帝就是這樣等著我們
[00:30:20.000 --> 00:30:22.000]  祂知道你吐不了心裡的苦水
[00:30:22.000 --> 00:30:24.000]  祂安靜在你身邊
[00:30:24.000 --> 00:30:25.000]  沒有吵著你的
[00:30:25.000 --> 00:30:27.000]  祂安靜在你身邊陪著你
[00:30:27.000 --> 00:30:30.000]  等到你有這份安全感的陪伴之後
[00:30:30.000 --> 00:30:32.000]  你才會吐出來
[00:30:32.000 --> 00:30:33.000]  你吐出來之後
[00:30:33.000 --> 00:30:36.000]  其實你的人就安心了
[00:30:36.000 --> 00:30:37.000]  不知道大家同不同意
[00:30:37.000 --> 00:30:40.000]  神要等候私恩拯救你們
[00:30:40.000 --> 00:30:41.000]  好不好
[00:30:41.000 --> 00:30:42.000]  不要再掙扎
[00:30:42.000 --> 00:30:43.000]  第三
[00:30:43.000 --> 00:30:45.000]  要我們學長斷過賴的孩子
[00:30:45.000 --> 00:30:46.000]  我沒有資格
[00:30:46.000 --> 00:30:48.000]  雖然我訪問過媽媽團所有的母親
[00:30:48.000 --> 00:30:50.000]  什麼是斷過賴的孩子呢
[00:30:50.000 --> 00:30:53.000]  容許我這個無知的人說出這件事
[00:30:53.000 --> 00:30:54.000]  斷過賴
[00:30:54.000 --> 00:30:58.000]  話說小孩子到多少歲
[00:30:58.000 --> 00:31:01.000]  不要再顯出我無知
[00:31:01.000 --> 00:31:02.000]  每個小孩子都不同
[00:31:02.000 --> 00:31:05.000]  總之小孩子一開始依靠媽媽
[00:31:05.000 --> 00:31:07.000]  可能特別是人奶
[00:31:07.000 --> 00:31:10.000]  他發覺媽媽這麼暖的身體
[00:31:10.000 --> 00:31:12.000]  總之天天絕奶就最過癮了
[00:31:12.000 --> 00:31:13.000]  天天供應
[00:31:13.000 --> 00:31:14.000]  懷抱呵護
[00:31:14.000 --> 00:31:16.000]  但是媽媽不可以永世讓他這樣做
[00:31:16.000 --> 00:31:18.000]  因為始終小孩子要長大
[00:31:18.000 --> 00:31:20.000]  媽媽要讓小孩子斷賴
[00:31:20.000 --> 00:31:23.000]  訓練他進食軟硬兼施的食物
[00:31:23.000 --> 00:31:25.000]  才能夠練大隻
[00:31:25.000 --> 00:31:27.000]  但過程要小孩子斷賴難嗎
[00:31:27.000 --> 00:31:28.000]  很難
[00:31:28.000 --> 00:31:32.000]  因為小孩子不想脫離這種貼心的依偎
[00:31:32.000 --> 00:31:34.000]  要訓練到他慢慢相信
[00:31:34.000 --> 00:31:35.000]  媽媽站在你旁邊
[00:31:35.000 --> 00:31:36.000]  不抱著你
[00:31:36.000 --> 00:31:37.000]  不抱你
[00:31:37.000 --> 00:31:38.000]  其實我是守護著你
[00:31:38.000 --> 00:31:40.000]  你要相信媽媽是合時的
[00:31:40.000 --> 00:31:41.000]  會餵你
[00:31:41.000 --> 00:31:42.000]  或者幫你轉糧食
[00:31:42.000 --> 00:31:44.000]  而孩子需要在這段階段
[00:31:44.000 --> 00:31:46.000]  經歷在安全感上的適應
[00:31:46.000 --> 00:31:49.000]  自主自利的適應
[00:31:49.000 --> 00:31:52.000]  還有母親在親密上的轉變和適應
[00:31:52.000 --> 00:31:53.000]  直至到像這個圖片
[00:31:53.000 --> 00:31:57.000]  小孩能夠真的被訓練到對母親有信心
[00:31:57.000 --> 00:31:58.000]  有信任
[00:31:58.000 --> 00:32:02.000]  開始會令小孩更加注意母親和他的同在
[00:32:02.000 --> 00:32:03.000]  愛和陪伴
[00:32:03.000 --> 00:32:04.000]  而不是像以前那樣
[00:32:04.000 --> 00:32:05.000]  即時呼叫
[00:32:05.000 --> 00:32:06.000]  即時滿足
[00:32:06.000 --> 00:32:07.000]  即時扭計
[00:32:07.000 --> 00:32:08.000]  就可以滿足到自己
[00:32:08.000 --> 00:32:11.000]  這個就是斷賴的孩子必須要經過
[00:32:11.000 --> 00:32:13.000]  為了要他成長
[00:32:13.000 --> 00:32:14.000]  弟兄姊妹
[00:32:14.000 --> 00:32:15.000]  上帝在我們生命裏的模組
[00:32:15.000 --> 00:32:17.000]  往往都是要我們學習
[00:32:17.000 --> 00:32:19.000]  由內心的自我狂野方式
[00:32:19.000 --> 00:32:22.000]  被訓練到要依靠信託
[00:32:22.000 --> 00:32:25.000]  天賦他及時的供應和陪伴
[00:32:25.000 --> 00:32:27.000]  就好像要我們斷賴一樣
[00:32:27.000 --> 00:32:31.000]  他不會我們一大叫大喊
[00:32:31.000 --> 00:32:32.000]  就馬上來應酬你
[00:32:32.000 --> 00:32:34.000]  如果是這樣的話就不行了
[00:32:34.000 --> 00:32:36.000]  他要我們懂得享受他的愛和同在
[00:32:36.000 --> 00:32:40.000]  多過我們時常向他追索神的禮物和恩賜
[00:32:40.000 --> 00:32:41.000]  這個斷賴的過程
[00:32:41.000 --> 00:32:44.000]  對所有年紀的基督徒都不可少
[00:32:44.000 --> 00:32:45.000]  是必須要經過的痛苦訓練
[00:32:45.000 --> 00:32:47.000]  你和我都不想信主那麼久
[00:32:47.000 --> 00:32:51.000]  仍然好像我們家裏少數青少年一樣
[00:32:51.000 --> 00:32:54.000]  十八二十多歲都要你幫忙綁鞋帶
[00:32:54.000 --> 00:32:55.000]  你行不行
[00:32:55.000 --> 00:32:57.000]  我們家裏有多少父母還是這樣做
[00:32:57.000 --> 00:32:58.000]  舉手看看
[00:32:58.000 --> 00:32:59.000]  你都不敢舉
[00:32:59.000 --> 00:33:03.000]  還有十八二十歲都要餵食物
[00:33:03.000 --> 00:33:06.000]  最慘就是十八二十歲都要去完廁所
[00:33:06.000 --> 00:33:07.000]  幫他抹屁股
[00:33:07.000 --> 00:33:08.000]  行不行
[00:33:08.000 --> 00:33:11.000]  你就買個TOTO的廁所給自己噴乾淨就行
[00:33:11.000 --> 00:33:13.000]  但最慘的就是我們信了主之後
[00:33:13.000 --> 00:33:15.000]  無論多大多小
[00:33:15.000 --> 00:33:17.000]  經常都要求我們自己失敗了一回的時候
[00:33:17.000 --> 00:33:19.000]  要神幫我們抹屁股
[00:33:19.000 --> 00:33:20.000]  因為我們夠不夠無賴
[00:33:20.000 --> 00:33:22.000]  其實我們都很無賴
[00:33:22.000 --> 00:33:25.000]  但如果神是這樣照顧我們
[00:33:25.000 --> 00:33:26.000]  當我們是金波
[00:33:26.000 --> 00:33:28.000]  你說這樣好不好
[00:33:28.000 --> 00:33:30.000]  你想不想神這樣對你
[00:33:30.000 --> 00:33:31.000]  你一定不想
[00:33:31.000 --> 00:33:33.000]  因為這樣是一個不爭氣
[00:33:33.000 --> 00:33:35.000]  不長進的基督徒的樣式
[00:33:35.000 --> 00:33:37.000]  我們結束第二個重點的時候
[00:33:37.000 --> 00:33:40.000]  就讀德蘭修女的譯句
[00:33:40.000 --> 00:33:43.000]  我們需要尋找上帝幫我們讀
[00:33:43.000 --> 00:33:47.000]  而他不會在噪音和不安中被尋見
[00:33:47.000 --> 00:33:49.000]  上帝是寂靜的朋友
[00:33:49.000 --> 00:34:03.000]  (上帝是寂靜的朋友)
[00:34:03.000 --> 00:34:08.000]  在寂靜中才能夠和身邊的配偶、子女有心靈的碰觸
[00:34:08.000 --> 00:34:11.000]  在寂靜中才能夠和上帝有碰觸
[00:34:11.000 --> 00:34:14.000]  弟兄姊妹,人倫關係的破損、誤會受傷
[00:34:14.000 --> 00:34:18.000]  孩子們戀人、父母、子女、夫妻吵架的時候
[00:34:18.000 --> 00:34:19.000]  很多時候都不能安靜
[00:34:19.000 --> 00:34:20.000]  大家都聽不到大家的心事
[00:34:20.000 --> 00:34:24.000]  直至憤怒、眼淚、怨氣能夠稍事平復下來之後
[00:34:24.000 --> 00:34:27.000]  我們才能夠再一次真正聽到
[00:34:27.000 --> 00:34:29.000]  和真誠願意聽和溝通
[00:34:29.000 --> 00:34:31.000]  將受傷誤會的沙石移開
[00:34:31.000 --> 00:34:33.000]  彼此聆聽明白
[00:34:33.000 --> 00:34:38.000]  和彼此感受到大家心底裡仍然有愛緊張的那種心境
[00:34:38.000 --> 00:34:42.000]  我們的心靈還可以再一次碰觸、信任、原諒、安慰
[00:34:42.000 --> 00:34:44.000]  再次擁抱、關係重新修好
[00:34:44.000 --> 00:34:45.000]  是不是?
[00:34:45.000 --> 00:34:47.000]  大家有沒有這樣的經歷?舉手看看
[00:34:47.000 --> 00:34:49.000]  這麼少人舉手的
[00:34:49.000 --> 00:34:51.000]  你是不是活在這個世界呢?
[00:34:51.000 --> 00:34:53.000]  不要告訴他沒有
[00:34:53.000 --> 00:34:55.000]  你如果有家庭的話
[00:34:55.000 --> 00:34:56.000]  你有配偶、你有孩子
[00:34:56.000 --> 00:34:58.000]  你一定有很多這樣的經歷
[00:34:58.000 --> 00:35:00.000]  其實我們真的是過來人和來人
[00:35:00.000 --> 00:35:03.000]  心靈裡面種種從神而來的歷練
[00:35:03.000 --> 00:35:06.000]  一樣都要求我們學會在安靜回歸到神的法則
[00:35:06.000 --> 00:35:08.000]  在神創造大自然恬靜的法則
[00:35:08.000 --> 00:35:10.000]  好像這幅圖一樣
[00:35:10.000 --> 00:35:12.000]  我們才能夠從波平如鏡的湖面
[00:35:12.000 --> 00:35:14.000]  湖面的倒影上
[00:35:14.000 --> 00:35:17.000]  同時能夠看到崇山峻嶺的奇遺
[00:35:17.000 --> 00:35:20.000]  反映出上帝創造的榮耀
[00:35:20.000 --> 00:35:21.000]  所以同樣地
[00:35:21.000 --> 00:35:24.000]  願意我們將心靈的困苦重擔大石
[00:35:24.000 --> 00:35:28.000]  差點都令我們拖垮的這些心事
[00:35:28.000 --> 00:35:30.000]  能夠在對神的信託安慰裡
[00:35:30.000 --> 00:35:32.000]  心靈安息裡
[00:35:32.000 --> 00:35:33.000]  與神同在
[00:35:33.000 --> 00:35:34.000]  在神的心跳當中
[00:35:34.000 --> 00:35:36.000]  我們享受與神同足
[00:35:36.000 --> 00:35:38.000]  一切的困難苦楚
[00:35:38.000 --> 00:35:39.000]  我們就可以嘗試
[00:35:39.000 --> 00:35:42.000]  好像小孩子信任天父一樣
[00:35:42.000 --> 00:35:43.000]  教託
[00:35:43.000 --> 00:35:44.000]  放心放手
[00:35:44.000 --> 00:35:47.000]  將自己的人生送託給神
[00:35:47.000 --> 00:35:48.000]  你說這樣好不好
[00:35:48.000 --> 00:35:50.000]  好的我才繼續說到
[00:35:50.000 --> 00:35:52.000]  不然我們現在就在這裡收檔好不好
[00:35:52.000 --> 00:35:54.000]  其實我知道很多人想說好的
[00:35:54.000 --> 00:35:56.000]  不過我現在就在準時
[00:35:56.000 --> 00:35:57.000]  我不會好
[00:35:57.000 --> 00:35:58.000]  我要說下去
[00:35:58.000 --> 00:36:00.000]  第三個重點
[00:36:00.000 --> 00:36:02.000]  仍是心的
[00:36:03.000 --> 00:36:04.000]  信託
[00:36:04.000 --> 00:36:06.000]  心的仰望和信託
[00:36:06.000 --> 00:36:08.000]  請大家讀第三節
[00:36:08.000 --> 00:36:09.000]  謝謝
[00:36:09.000 --> 00:36:15.000]  從此我們就可以享受
[00:36:15.000 --> 00:36:18.000]  迎接心的仰望和信託
[00:36:18.000 --> 00:36:20.000]  沾養到神為我們做一切的安甜
[00:36:20.000 --> 00:36:22.000]  不是再用自己的找取方法
[00:36:22.000 --> 00:36:24.000]  自己吶喊呼喊
[00:36:24.000 --> 00:36:25.000]  或者內心野心的滾動
[00:36:25.000 --> 00:36:27.000]  我們願意能夠在安甜裡
[00:36:27.000 --> 00:36:29.000]  經歷到神一切的預備
[00:36:29.000 --> 00:36:30.000]  聖經也說過
[00:36:30.000 --> 00:36:31.000]  耶華賜人的福
[00:36:31.000 --> 00:36:33.000]  是不會加上憂慮的
[00:36:33.000 --> 00:36:35.000]  天天仰望他信實的同在和公認
[00:36:35.000 --> 00:36:36.000]  好不好
[00:36:36.000 --> 00:36:38.000]  有兩句佳句曾經說出
[00:36:38.000 --> 00:36:40.000]  為什麼信徒一定要安靜
[00:36:40.000 --> 00:36:42.000]  才能夠學懂仰望上帝
[00:36:42.000 --> 00:36:44.000]  才能夠遇到和聽到
[00:36:44.000 --> 00:36:45.000]  神的聲音
[00:36:45.000 --> 00:36:47.000]  意旨和指引
[00:36:47.000 --> 00:36:48.000]  第一句是這樣說的
[00:36:48.000 --> 00:36:49.000]  我不知道你同不同意
[00:36:49.000 --> 00:36:51.000]  就是當上帝沉默不語
[00:36:51.000 --> 00:36:54.000]  好像當上帝沉默不語的時候
[00:36:54.000 --> 00:36:55.000]  我們更加要禱告
[00:36:55.000 --> 00:36:57.000]  但是吵得很厲害
[00:36:57.000 --> 00:36:58.000]  神為什麼不聽我說話
[00:36:58.000 --> 00:36:59.000]  不會的
[00:36:59.000 --> 00:37:00.000]  如果你是女朋友
[00:37:00.000 --> 00:37:01.000]  你經常不跟她說話
[00:37:01.000 --> 00:37:03.000]  你是不是不停地吵著她
[00:37:03.000 --> 00:37:04.000]  為什麼不跟我說話
[00:37:04.000 --> 00:37:05.000]  你越這樣吵著她
[00:37:05.000 --> 00:37:06.000]  她會怎樣
[00:37:06.000 --> 00:37:07.000]  越不理你
[00:37:07.000 --> 00:37:08.000]  是不是
[00:37:08.000 --> 00:37:09.000]  女孩子也是這樣的
[00:37:09.000 --> 00:37:10.000]  為什麼不理我
[00:37:10.000 --> 00:37:11.000]  媽媽煲湯給你
[00:37:11.000 --> 00:37:12.000]  為什麼不喝
[00:37:12.000 --> 00:37:14.000]  理你個鬼
[00:37:14.000 --> 00:37:15.000]  你試一下
[00:37:15.000 --> 00:37:16.000]  你丈夫不理你
[00:37:16.000 --> 00:37:17.000]  你就燒他屁股
[00:37:17.000 --> 00:37:18.000]  燒他出山洞
[00:37:18.000 --> 00:37:19.000]  看他理不理你
[00:37:19.000 --> 00:37:21.000]  七天不理你
[00:37:21.000 --> 00:37:24.000]  這些惡果我們自己承受過很慘
[00:37:24.000 --> 00:37:26.000]  當上帝沉默不語
[00:37:26.000 --> 00:37:27.000]  我們不是在這裡
[00:37:27.000 --> 00:37:30.000]  在這裡再囉嗦上帝
[00:37:30.000 --> 00:37:31.000]  我們更加要禱告
[00:37:31.000 --> 00:37:35.000]  自己能夠安靜聽到神自己
[00:37:35.000 --> 00:37:37.000]  就好像你的配偶不出聲
[00:37:37.000 --> 00:37:38.000]  你的兒子不出聲
[00:37:38.000 --> 00:37:40.000]  你不是靠吵著令他出聲
[00:37:40.000 --> 00:37:42.000]  你是靠坐在他身邊
[00:37:42.000 --> 00:37:43.000]  搭他肩膀
[00:37:43.000 --> 00:37:44.000]  陪他
[00:37:44.000 --> 00:37:46.000]  合適的時間陪他
[00:37:46.000 --> 00:37:49.000]  合適的時間幫他斟茶遞水
[00:37:49.000 --> 00:37:52.000]  等他心重拾安全感的時候
[00:37:52.000 --> 00:37:54.000]  他才跟你說心事
[00:37:54.000 --> 00:37:56.000]  所以我們安靜禱告
[00:37:56.000 --> 00:37:57.000]  不是叫神吵到
[00:37:57.000 --> 00:37:59.000]  叫神聽我們說廢話
[00:37:59.000 --> 00:38:02.000]  而是叫我們能夠真真正正聽到
[00:38:02.000 --> 00:38:04.000]  神要跟我們說的話
[00:38:04.000 --> 00:38:05.000]  好不好
[00:38:05.000 --> 00:38:06.000]  所以大衛有信心
[00:38:06.000 --> 00:38:08.000]  用同路人各路人的身份
[00:38:08.000 --> 00:38:10.000]  呼喚以色列民
[00:38:10.000 --> 00:38:11.000]  他說要仰望神
[00:38:11.000 --> 00:38:12.000]  直到永遠
[00:38:12.000 --> 00:38:13.000]  一份持久朝聖之旅
[00:38:13.000 --> 00:38:15.000]  因為我們一生的際遇
[00:38:15.000 --> 00:38:16.000]  都要有神自己的計劃
[00:38:16.000 --> 00:38:18.000]  訓練和預備
[00:38:18.000 --> 00:38:20.000]  直到我們能夠在靜中得力
[00:38:20.000 --> 00:38:21.000]  在等候仰望中
[00:38:21.000 --> 00:38:23.000]  我們承然必不自羞愧
[00:38:23.000 --> 00:38:25.000]  作為第三個重點
[00:38:25.000 --> 00:38:27.000]  結束的時候
[00:38:27.000 --> 00:38:31.000]  我們讀這個譯句
[00:38:31.000 --> 00:38:32.000]  預備起
[00:38:32.000 --> 00:38:33.000]  在寂靜中
[00:38:33.000 --> 00:38:34.000]  在安靜中
[00:38:34.000 --> 00:38:36.000]  上帝柔和的耳語響起
[00:38:36.000 --> 00:38:38.000]  直至我下巴被托起
[00:38:38.000 --> 00:38:41.000]  我瞻仰上帝的榮耀
[00:38:41.000 --> 00:38:43.000]  原來真的要在安靜
[00:38:43.000 --> 00:38:44.000]  淺靜的心
[00:38:44.000 --> 00:38:46.000]  你將你自己捲透的心懷
[00:38:46.000 --> 00:38:49.000]  完全累到靜下來的時候
[00:38:49.000 --> 00:38:51.000]  上帝柔和的耳語一響起
[00:38:51.000 --> 00:38:53.000]  你就會立刻抬起頭
[00:38:53.000 --> 00:38:54.000]  見到神的榮耀
[00:38:54.000 --> 00:38:56.000]  這個見到神的榮耀不是空談的
[00:38:56.000 --> 00:38:57.000]  是一生可以追求
[00:38:57.000 --> 00:38:58.000]  經歷到的
[00:38:58.000 --> 00:39:00.000]  朝聖者在聖經裡
[00:39:00.000 --> 00:39:02.000]  阿伯拉罕豈不是在完全的馴服
[00:39:02.000 --> 00:39:03.000]  順便帶了以撒上山
[00:39:03.000 --> 00:39:06.000]  他真的有心殺以撒與獻
[00:39:06.000 --> 00:39:08.000]  他真的想著這個英雄會斷
[00:39:08.000 --> 00:39:10.000]  所以希伯來書十一章說
[00:39:10.000 --> 00:39:13.000]  他竟然以神能夠將人從死裡復活
[00:39:13.000 --> 00:39:15.000]  他彷彿從死裡得回他的兒子
[00:39:15.000 --> 00:39:17.000]  他真的下刀了
[00:39:17.000 --> 00:39:20.000]  正正因為他將他自己最愛的那對獻給神
[00:39:20.000 --> 00:39:22.000]  因為他愛神更多的時候
[00:39:22.000 --> 00:39:24.000]  神就在他完全的馴服擺在裡面
[00:39:24.000 --> 00:39:26.000]  讓他抬頭立刻見到什麼
[00:39:26.000 --> 00:39:28.000]  神自己的預備
[00:39:28.000 --> 00:39:32.000]  有隻公羊兩個角扣在一個稠密的小樹中
[00:39:32.000 --> 00:39:34.000]  原來我們的上帝不是這麼小器的
[00:39:34.000 --> 00:39:36.000]  原來我們的上帝是豐富到
[00:39:36.000 --> 00:39:38.000]  他不是特意要搶走你最愛的那個
[00:39:38.000 --> 00:39:41.000]  因為當他發覺原來你肯馴服
[00:39:41.000 --> 00:39:42.000]  你肯表示給神知道
[00:39:42.000 --> 00:39:44.000]  你體重神重要的時候
[00:39:44.000 --> 00:39:47.000]  神就將更大的福氣
[00:39:47.000 --> 00:39:49.000]  將他的兒子完全給回他
[00:39:49.000 --> 00:39:52.000]  而且祝福阿伯拉罕成為了信心之父
[00:39:52.000 --> 00:39:54.000]  成為了多國的祝福
[00:39:54.000 --> 00:39:56.000]  今天我們每一個人在神呼叫你
[00:39:56.000 --> 00:39:59.000]  要你馴服獻上最愛的時候
[00:39:59.000 --> 00:40:01.000]  巴不得你憑信心
[00:40:01.000 --> 00:40:03.000]  要將最好的獻上
[00:40:03.000 --> 00:40:04.000]  你就會見到神的預備
[00:40:04.000 --> 00:40:06.000]  神不但不吝嗇
[00:40:06.000 --> 00:40:08.000]  不拿走你的最愛
[00:40:08.000 --> 00:40:13.000]  而且還會將信心的應許
[00:40:13.000 --> 00:40:15.000]  透過你去祝福身邊的人
[00:40:15.000 --> 00:40:17.000]  這樣好不好
[00:40:17.000 --> 00:40:19.000]  這樣更好啊
[00:40:19.000 --> 00:40:21.000]  其實同不同意嗎
[00:40:21.000 --> 00:40:22.000]  在我自己人生很多低潮裡
[00:40:22.000 --> 00:40:24.000]  我曾經跟大家說過
[00:40:24.000 --> 00:40:26.000]  我會記起以前初初訓練我祈禱的
[00:40:26.000 --> 00:40:29.000]  一個很淑齡的弟兄Brother John
[00:40:29.000 --> 00:40:30.000]  我每次淑齡低潮的時候
[00:40:30.000 --> 00:40:32.000]  做夢跟他聊天哭
[00:40:32.000 --> 00:40:33.000]  就沒事了
[00:40:33.000 --> 00:40:36.000]  然後我姐姐六七八年前有胰臟癌的時候
[00:40:36.000 --> 00:40:37.000]  我在這裡講道
[00:40:37.000 --> 00:40:39.000]  他坐在下面
[00:40:39.000 --> 00:40:40.000]  然後講道的時候他走出來
[00:40:40.000 --> 00:40:41.000]  我抱著他哭
[00:40:41.000 --> 00:40:43.000]  哭到我直接聽到自己的哭聲
[00:40:43.000 --> 00:40:45.000]  我就知道神聽到我的哭聲
[00:40:45.000 --> 00:40:47.000]  前幾個月當我心靈裡
[00:40:47.000 --> 00:40:48.000]  一直在幻想著
[00:40:48.000 --> 00:40:49.000]  哎呀主啊
[00:40:49.000 --> 00:40:51.000]  我人生將來的侍奉道路是怎樣
[00:40:51.000 --> 00:40:53.000]  我應該怎樣走的時候
[00:40:53.000 --> 00:40:55.000]  神就讓我帶他來香港
[00:40:55.000 --> 00:40:56.000]  那時候我COVID都很嚴重
[00:40:56.000 --> 00:40:57.000]  我正想見他
[00:40:57.000 --> 00:40:59.000]  但很不幸他染疫
[00:40:59.000 --> 00:41:00.000]  我見不到他
[00:41:00.000 --> 00:41:03.000]  四天之後他就要坐飛機回市
[00:41:03.000 --> 00:41:07.000]  但很難得我在Zoom跟他談了一次
[00:41:07.000 --> 00:41:10.000]  神就在我最需要指引帶領的時候
[00:41:10.000 --> 00:41:12.000]  神就讓我抬頭可以見到
[00:41:12.000 --> 00:41:14.000]  他能夠幫我開解
[00:41:14.000 --> 00:41:17.000]  能夠帶領我一些重要的人物
[00:41:17.000 --> 00:41:18.000]  結束的時候
[00:41:18.000 --> 00:41:22.000]  我們今天算準時
[00:41:22.000 --> 00:41:26.000]  大家的時間很寶貴
[00:41:26.000 --> 00:41:28.000]  我不敢花你們的時間
[00:41:28.000 --> 00:41:31.000]  總結的時候保守理心
[00:41:31.000 --> 00:41:32.000]  不用擔心
[00:41:32.000 --> 00:41:35.000]  如果你有竹本版就看祖堂的YouTube
[00:41:35.000 --> 00:41:39.000]  幫我讀這三句的主旨
[00:41:39.000 --> 00:41:42.000]  一是認識心的狂野放肆
[00:41:42.000 --> 00:41:45.000]  二是回歸心的恬靜歸宿
[00:41:45.000 --> 00:41:50.000]  三是認識心的仰望和信託
[00:41:50.000 --> 00:41:52.000]  希望大家在過新的一年的時候
[00:41:52.000 --> 00:41:55.000]  無論怎樣將這一年裡面所有的包袱心事
[00:41:55.000 --> 00:41:58.000]  求神幫助你內心止息
[00:41:58.000 --> 00:42:00.000]  回歸神自己的歸宿裡
[00:42:00.000 --> 00:42:03.000]  以至你能夠認識心的仰望信託
[00:42:03.000 --> 00:42:05.000]  這個總結有沒有很清晰
[00:42:05.000 --> 00:42:09.000]  大家有沒有看不看到背景
[00:42:09.000 --> 00:42:11.000]  大家好像看不到背景
[00:42:11.000 --> 00:42:14.000]  這隻貓就是我的外貓細細
[00:42:14.000 --> 00:42:15.000]  漂亮嗎
[00:42:15.000 --> 00:42:17.000]  我今天再看著牠
[00:42:17.000 --> 00:42:20.000]  我都覺得簡直令我著迷
[00:42:20.000 --> 00:42:23.000]  因為我養了牠21年
[00:42:23.000 --> 00:42:25.000]  經常在床上
[00:42:25.000 --> 00:42:26.000]  我和牠睡在那裡
[00:42:26.000 --> 00:42:28.000]  凝視大家
[00:42:28.000 --> 00:42:29.000]  凝視到牠由害怕
[00:42:29.000 --> 00:42:30.000]  剛開始看到我
[00:42:30.000 --> 00:42:32.000]  好像覺得大頭鬼很害怕你
[00:42:32.000 --> 00:42:33.000]  後來不害怕
[00:42:33.000 --> 00:42:36.000]  然後我控著牠的鼻子一起睡覺
[00:42:36.000 --> 00:42:39.000]  完全可以呼吸牠的呼吸
[00:42:39.000 --> 00:42:41.000]  然後又靠近牠的肚子
[00:42:41.000 --> 00:42:43.000]  聽到牠的心跳聲
[00:42:43.000 --> 00:42:45.000]  牠又不害怕我
[00:42:45.000 --> 00:42:48.000]  這些就是心的仰視
[00:42:48.000 --> 00:42:52.000]  你將你的生命仰望信託放給牠
[00:42:52.000 --> 00:42:54.000]  我知道我們當中很多夫妻
[00:42:54.000 --> 00:42:56.000]  不賣家的時候就是這麼幸福
[00:42:56.000 --> 00:42:59.000]  不賣家的時候就是這麼幸福
[00:42:59.000 --> 00:43:01.000]  舉手看看曾經幸福過
[00:43:01.000 --> 00:43:04.000]  舉手看看曾經幸福過
[00:43:04.000 --> 00:43:06.000]  都可以曬曬冷
[00:43:06.000 --> 00:43:09.000]  今天你剛剛這個星期叫到擦天
[00:43:09.000 --> 00:43:10.000]  一點都仰望不到對方
[00:43:10.000 --> 00:43:12.000]  一仰望就想殺掉對方
[00:43:12.000 --> 00:43:13.000]  不要跟我們說
[00:43:13.000 --> 00:43:16.000]  你回去回歸神就可以了
[00:43:16.000 --> 00:43:18.000]  金陵團契六創
[00:43:18.000 --> 00:43:20.000]  在前半年
[00:43:20.000 --> 00:43:22.000]  我有一對年長的夫婦
[00:43:22.000 --> 00:43:24.000]  太太癌病了好幾年
[00:43:24.000 --> 00:43:27.000]  在差不多流離之間的時候
[00:43:27.000 --> 00:43:29.000]  我們在沙田醫院
[00:43:29.000 --> 00:43:30.000]  華傑和我去探望她的時候
[00:43:30.000 --> 00:43:32.000]  我有一幕的神情
[00:43:32.000 --> 00:43:34.000]  我問准了弟兄給我說
[00:43:34.000 --> 00:43:36.000]  Brian不知道是不是在
[00:43:36.000 --> 00:43:38.000]  剛才看了一晚不到
[00:43:38.000 --> 00:43:40.000]  在床邊
[00:43:40.000 --> 00:43:43.000]  弟兄是淚眶滿
[00:43:43.000 --> 00:43:44.000]  淚眶都是淚
[00:43:44.000 --> 00:43:46.000]  看著太太
[00:43:46.000 --> 00:43:47.000]  我在旁邊看的時候
[00:43:47.000 --> 00:43:48.000]  我就完全覺得
[00:43:48.000 --> 00:43:50.000]  他在跟太太說
[00:43:50.000 --> 00:43:51.000]  很捨不得你
[00:43:51.000 --> 00:43:52.000]  很捨不得你
[00:43:52.000 --> 00:43:53.000]  很愛你
[00:43:53.000 --> 00:43:55.000]  我們要在天家再見
[00:43:55.000 --> 00:43:56.000]  但這個太太
[00:43:56.000 --> 00:43:58.000]  出奇地樣子已經瘦得很厲害
[00:43:58.000 --> 00:44:00.000]  她以前在家裡看她的照片
[00:44:00.000 --> 00:44:01.000]  是很漂亮的
[00:44:01.000 --> 00:44:03.000]  是高層人士
[00:44:03.000 --> 00:44:05.000]  但這個太太
[00:44:05.000 --> 00:44:07.000]  眼神很鎮定
[00:44:07.000 --> 00:44:09.000]  眼神同樣充滿著愛的形式
[00:44:09.000 --> 00:44:12.000]  看著這位流淚的丈夫
[00:44:12.000 --> 00:44:13.000]  彷彿好像跟他說
[00:44:13.000 --> 00:44:15.000]  我收到你的愛
[00:44:15.000 --> 00:44:16.000]  我知道你很愛我
[00:44:16.000 --> 00:44:18.000]  我們會在天家再見
[00:44:18.000 --> 00:44:22.000]  這一份長者多年的愛
[00:44:22.000 --> 00:44:24.000]  最終在臨別時候
[00:44:24.000 --> 00:44:25.000]  這個道別
[00:44:25.000 --> 00:44:27.000]  道謝的愛的眼神
[00:44:27.000 --> 00:44:29.000]  我一世都不會忘記
[00:44:29.000 --> 00:44:31.000]  雖然我沒有幸有這個眼神
[00:44:31.000 --> 00:44:32.000]  我只有西西同我
[00:44:32.000 --> 00:44:36.000]  但不准笑我
[00:44:36.000 --> 00:44:37.000]  算了
[00:44:37.000 --> 00:44:38.000]  這是我講完扭計的地方
[00:44:38.000 --> 00:44:40.000]  你不給我幸福
[00:44:40.000 --> 00:44:41.000]  你知不知道
[00:44:41.000 --> 00:44:42.000]  我有這些東西
[00:44:42.000 --> 00:44:43.000]  其實是幫我記住
[00:44:43.000 --> 00:44:45.000]  將來我面對神的時候
[00:44:45.000 --> 00:44:47.000]  我就會認識著上帝
[00:44:47.000 --> 00:44:49.000]  我知道上帝會接我回天家
[00:44:49.000 --> 00:44:50.000]  你放心
[00:44:50.000 --> 00:44:51.000]  我這方面的經歷
[00:44:51.000 --> 00:44:53.000]  不讓你們查
[00:44:53.000 --> 00:44:54.000]  真的
[00:44:54.000 --> 00:44:57.000]  不如當我Lulu
[00:44:57.000 --> 00:44:59.000]  簡短來說
[00:44:59.000 --> 00:45:00.000]  幫我一起讀這三句譯句
[00:45:00.000 --> 00:45:02.000]  來記住你今天的應用
[00:45:02.000 --> 00:45:03.000]  第一
[00:45:03.000 --> 00:45:04.000]  專注在上帝身上
[00:45:04.000 --> 00:45:06.000]  不在你的問題上
[00:45:06.000 --> 00:45:08.000]  聆聽上帝的聲音
[00:45:08.000 --> 00:45:10.000]  不是你不安的心
[00:45:10.000 --> 00:45:12.000]  依靠上帝的能力
[00:45:12.000 --> 00:45:13.000]  不靠自己的力量
[00:45:13.000 --> 00:45:14.000]  好不好
[00:45:14.000 --> 00:45:15.000]  好 大聲一點說
[00:45:15.000 --> 00:45:16.000]  好
[00:45:16.000 --> 00:45:18.000]  好 我們一起用詩歌
[00:45:18.000 --> 00:45:19.000]  信靠信服
[00:45:19.000 --> 00:45:21.000]  請詩班上來
[00:45:21.000 --> 00:45:22.000]  在我後面
[00:45:22.000 --> 00:45:25.000]  唱出極其美麗的聲音
[00:45:25.000 --> 00:45:26.000]  四把聲音都不同
[00:45:26.000 --> 00:45:27.000]  你聽清楚
[00:45:27.000 --> 00:45:28.000]  不過你現在一起唱的時候
[00:45:28.000 --> 00:45:30.000]  有蓋過那把聲音
[00:45:30.000 --> 00:45:34.000]  我們用這四段歌詞來做衛生
[00:45:34.000 --> 00:45:35.000]  幫我讀出來
[00:45:35.000 --> 00:45:37.000]  待會你會在歌詞看到這個譯句
[00:45:37.000 --> 00:45:38.000]  第一
[00:45:38.000 --> 00:45:42.000]  走了位就回不去了
[00:45:42.000 --> 00:45:45.000]  可不可以用我的PowerPoint
[00:45:45.000 --> 00:45:47.000]  對了 沒錯
[00:45:47.000 --> 00:45:48.000]  第一 幫我讀
[00:45:48.000 --> 00:45:49.000]  信靠信服
[00:45:49.000 --> 00:45:51.000]  主必肯同行
[00:45:51.000 --> 00:45:53.000]  第二 信靠信服
[00:45:53.000 --> 00:45:55.000]  憂驚自消除
[00:45:55.000 --> 00:45:57.000]  第三 一切喜樂榮美
[00:45:57.000 --> 00:45:59.000]  乃為信靠信服者預備
[00:45:59.000 --> 00:46:01.000]  第四 信靠信服
[00:46:01.000 --> 00:46:03.000]  必永無憂驚
[00:46:03.000 --> 00:46:07.000]  好 我們第一節一起唱
[00:46:07.000 --> 00:46:08.000]  第二節姐妹唱
[00:46:08.000 --> 00:46:09.000]  第三節弟兄唱
[00:46:09.000 --> 00:46:10.000]  第四節一起站立
[00:46:10.000 --> 00:46:12.000]  最後唱出
[00:46:12.000 --> 00:46:14.000]  真的要信靠信服了神
[00:46:14.000 --> 00:46:15.000]  好像阿伯拉罕那樣
[00:46:15.000 --> 00:46:16.000]  你獻了你最愛給祂
[00:46:16.000 --> 00:46:17.000]  你會發覺
[00:46:17.000 --> 00:46:19.000]  神獻上更好的給你

