
[00:00:00.000 --> 00:00:03.200]  各位兄弟姐妹,午安!
[00:00:03.200 --> 00:00:05.600]  我們一起來聽上帝的話
[00:00:05.600 --> 00:00:08.800]  今天的講題是上帝的話
[00:00:08.800 --> 00:00:14.800]  我們一起來認識和思想上帝的話
[00:00:14.800 --> 00:00:17.800]  講道本身就是上帝的話
[00:00:17.800 --> 00:00:23.000]  上帝透過講道在聖經裡對我們每位弟兄姐妹來說話
[00:00:23.000 --> 00:00:25.800]  不知道大家喜不喜歡說話
[00:00:25.800 --> 00:00:27.800]  有些弟兄姐妹喜歡說話
[00:00:27.800 --> 00:00:29.400]  我自己就一般般喜歡說話
[00:00:29.400 --> 00:00:32.000]  我也是比較內向性格的人
[00:00:32.000 --> 00:00:35.600]  我用MBTI性格測試
[00:00:35.600 --> 00:00:37.200]  我叫INTJ
[00:00:37.200 --> 00:00:41.000]  比較喜歡聆聽和沉默
[00:00:41.000 --> 00:00:43.400]  說話都是偏向簡潔
[00:00:43.400 --> 00:00:44.800]  一針見血準確
[00:00:44.800 --> 00:00:46.400]  說完就完
[00:00:46.400 --> 00:00:49.800]  所以講道對我來說是一個很享受的事情
[00:00:49.800 --> 00:00:53.000]  因為能夠慢慢精心炮製一段說話
[00:00:53.000 --> 00:00:54.800]  和大家分享
[00:00:54.800 --> 00:00:58.200]  當然作為一個INTJ
[00:00:58.200 --> 00:00:59.800]  我想大家也一樣
[00:00:59.800 --> 00:01:01.000]  作為一個成年人
[00:01:01.000 --> 00:01:02.800]  大家長大後
[00:01:02.800 --> 00:01:05.800]  縱然不是什麼說話高手
[00:01:05.800 --> 00:01:09.800]  大家大概都掌握了說話的重點
[00:01:09.800 --> 00:01:12.000]  學會何時打開話題
[00:01:12.000 --> 00:01:15.800]  何時說幾句簡單的chitchat
[00:01:15.800 --> 00:01:17.800]  何時不適合說什麼話題
[00:01:17.800 --> 00:01:19.600]  大家也知道
[00:01:19.600 --> 00:01:21.200]  在這個社會裡
[00:01:21.200 --> 00:01:24.000]  說話其實很重要
[00:01:24.000 --> 00:01:25.600]  也是無可避免
[00:01:25.600 --> 00:01:27.000]  我們長大後
[00:01:27.000 --> 00:01:30.400]  說話的機會隨之而來也越來越多
[00:01:30.400 --> 00:01:34.400]  說話不單單是一個很純粹的事情
[00:01:34.400 --> 00:01:38.400]  說話成為了一種工作
[00:01:38.400 --> 00:01:44.400]  功能、禮貌、要求、方式、職業
[00:01:44.400 --> 00:01:46.800]  所以我想大家在社會裡都知道
[00:01:46.800 --> 00:01:50.400]  說話基本上是一件很必然的事情
[00:01:50.400 --> 00:01:53.400]  我自己到了中年的時候
[00:01:53.400 --> 00:01:56.400]  也發覺到時不想說也不說
[00:01:56.400 --> 00:01:59.400]  所以也明白公園伯伯的心情
[00:01:59.400 --> 00:02:03.400]  基本上沉默不說話就不說話
[00:02:03.400 --> 00:02:06.400]  當然說話也不一定是說話
[00:02:06.400 --> 00:02:09.400]  有時候我們文字上的說話
[00:02:09.400 --> 00:02:11.400]  也是一種方式
[00:02:11.400 --> 00:02:14.400]  大家用手機和別人溝通的時候
[00:02:14.400 --> 00:02:17.400]  很多時候都不是說出來
[00:02:17.400 --> 00:02:19.400]  而是在手機打出來
[00:02:19.400 --> 00:02:20.400]  現在不同了
[00:02:20.400 --> 00:02:22.400]  20年前我們想打電話給別人
[00:02:22.400 --> 00:02:23.400]  就會打電話給別人
[00:02:23.400 --> 00:02:25.400]  現在想打電話給別人會怎樣
[00:02:25.400 --> 00:02:26.400]  會先發訊息給別人
[00:02:26.400 --> 00:02:30.400]  約時間問對方是否接受才打給他
[00:02:30.400 --> 00:02:35.400]  所以無論是文字、打電話、留言
[00:02:35.400 --> 00:02:38.400]  其實都是一個目的
[00:02:38.400 --> 00:02:41.400]  去傳遞我們本身想說的訊息
[00:02:41.400 --> 00:02:45.400]  說話是一種思想的表達
[00:02:45.400 --> 00:02:48.400]  一種交流、訊息的傳遞
[00:02:48.400 --> 00:02:50.400]  不過不知道大家有沒有同感
[00:02:50.400 --> 00:02:52.400]  在這個年頭
[00:02:52.400 --> 00:02:57.400]  說話和語言是越來越卑賤
[00:02:57.400 --> 00:02:58.400]  不知如何說
[00:02:58.400 --> 00:03:00.400]  特別是我們現在看到
[00:03:00.400 --> 00:03:03.400]  這兩年裡面出現了AI的時候
[00:03:03.400 --> 00:03:05.400]  基本上你一按一個按鈕
[00:03:05.400 --> 00:03:08.400]  字和文字就不斷地出現
[00:03:08.400 --> 00:03:13.400]  所以發覺在一個這麼訊息澎湃
[00:03:13.400 --> 00:03:17.400]  文字廉價、說話失真的年代裡
[00:03:17.400 --> 00:03:20.400]  我們越來越多快餐式的交流
[00:03:20.400 --> 00:03:25.400]  或者商業的說話套路
[00:03:25.400 --> 00:03:29.400]  或者是誇大其詞、言過其實的說話
[00:03:29.400 --> 00:03:32.400]  我們有很多聽到的說話
[00:03:32.400 --> 00:03:36.400]  但真正能夠聽到的可能是很少
[00:03:36.400 --> 00:03:39.400]  今天我們回到最基本
[00:03:39.400 --> 00:03:43.400]  我們思想上帝、我們的神
[00:03:43.400 --> 00:03:46.400]  祂自己的說話
[00:03:46.400 --> 00:03:53.400]  我們透過聖經來認識上帝的說話
[00:03:53.400 --> 00:03:58.400]  究竟我們如何和上帝的說話相處
[00:03:58.400 --> 00:04:00.400]  去回應上帝的說話
[00:04:00.400 --> 00:04:01.400]  我祈禱
[00:04:01.400 --> 00:04:06.400]  天父多謝祢幫我們透過崇拜來敬拜
[00:04:06.400 --> 00:04:09.400]  我們更加在聖道的時間裡
[00:04:09.400 --> 00:04:12.400]  去恭敬、聆聽祢的說話
[00:04:12.400 --> 00:04:15.400]  求主祢親自對我們說話
[00:04:15.400 --> 00:04:18.400]  透過耶穌基督的彰顯
[00:04:18.400 --> 00:04:21.400]  聖靈當中的傳遞
[00:04:21.400 --> 00:04:24.400]  我們能夠真正地認識
[00:04:24.400 --> 00:04:26.400]  用我們的生命來回應祢的說話
[00:04:26.400 --> 00:04:28.400]  求主祢來帶領我們
[00:04:28.400 --> 00:04:29.400]  奉主命求
[00:04:29.400 --> 00:04:30.400]  阿門
[00:04:30.400 --> 00:04:33.400]  究竟什麼是上帝的說話呢?
[00:04:33.400 --> 00:04:39.400]  不知道大家有沒有聽過神跟你說話?
[00:04:39.400 --> 00:04:40.400]  有沒有?
[00:04:40.400 --> 00:04:42.400]  應該有的吧?
[00:04:42.400 --> 00:04:44.400]  讀了那麼久應該都有的吧?
[00:04:44.400 --> 00:04:46.400]  你覺得怎樣說?
[00:04:46.400 --> 00:04:49.400]  在什麼情境裡聽到神跟你說話?
[00:04:49.400 --> 00:04:51.400]  神是說廣東話的嗎?
[00:04:51.400 --> 00:04:52.400]  是不是?
[00:04:52.400 --> 00:04:53.400]  也是的吧?
[00:04:53.400 --> 00:04:55.400]  還是一個黑人穿西裝
[00:04:55.400 --> 00:04:57.400]  說英文的樣子
[00:04:57.400 --> 00:04:59.400]  還是一陣風吹過
[00:04:59.400 --> 00:05:02.400]  突然有聲音出現
[00:05:02.400 --> 00:05:05.400]  然後突然醒神的樣子
[00:05:05.400 --> 00:05:07.400]  大家應該有試過吧?
[00:05:07.400 --> 00:05:09.400]  有沒有試過很迷茫的時候
[00:05:09.400 --> 00:05:11.400]  突然想問神的心意
[00:05:11.400 --> 00:05:13.400]  翻一本聖經
[00:05:13.400 --> 00:05:15.400]  中了一頁就看看那一頁
[00:05:15.400 --> 00:05:17.400]  有點像問米
[00:05:17.400 --> 00:05:19.400]  打開看看神跟我們說什麼
[00:05:19.400 --> 00:05:23.400]  所以我們很多時候都會嘗試
[00:05:23.400 --> 00:05:27.400]  聽或體會神跟我們說話
[00:05:27.400 --> 00:05:30.400]  今天看經文正正是說這段經文
[00:05:30.400 --> 00:05:34.400]  是說上帝的說話是一回事
[00:05:34.400 --> 00:05:35.400]  可以讀到嗎?
[00:05:35.400 --> 00:05:37.400]  這段是《讓福音》第一章
[00:05:37.400 --> 00:05:39.400]  十四到十八節經文
[00:05:39.400 --> 00:05:40.400]  我們一起讀吧
[00:05:40.400 --> 00:05:42.400]  準備,一二三
[00:05:42.400 --> 00:05:46.400]  道成肉肉生,住在我們中間
[00:05:46.400 --> 00:05:49.400]  充充滿滿地有恩典有真理
[00:05:49.400 --> 00:05:52.400]  我們也見過他的榮光
[00:05:52.400 --> 00:05:57.400]  正是父獨身兒子的螢光
[00:05:57.400 --> 00:06:01.400]  約翰為他作見證,喊著說
[00:06:01.400 --> 00:06:03.400]  這就是我曾說
[00:06:03.400 --> 00:06:06.400]  那在我以後來的先於我
[00:06:06.400 --> 00:06:10.400]  因為在我以前他已經存在
[00:06:10.400 --> 00:06:15.400]  從他豐富裡我們都領受了恩典
[00:06:15.400 --> 00:06:18.400]  並且欣賞加恩
[00:06:18.400 --> 00:06:21.400]  律法是藉著兩西斑部的
[00:06:21.400 --> 00:06:26.400]  恩典和真理卻是由耶穌基督來的
[00:06:26.400 --> 00:06:29.400]  從來沒有人見過神
[00:06:29.400 --> 00:06:35.400]  只有在父懷裡獨身兒子將他表明出來
[00:06:35.400 --> 00:06:37.400]  在《讓福音》第一章裡
[00:06:37.400 --> 00:06:42.400]  一開始的時候稱之為神學引言
[00:06:42.400 --> 00:06:44.400]  簡單說說這段經文
[00:06:44.400 --> 00:06:46.400]  如果你熟悉的話
[00:06:46.400 --> 00:06:49.400]  你會發現《讓福音》跟其他三段福音書有點不同
[00:06:49.400 --> 00:06:51.400]  《讓福音》用了一個很有趣
[00:06:51.400 --> 00:06:54.400]  很獨特的神學論述
[00:06:54.400 --> 00:06:57.400]  來介紹耶穌基督的起初
[00:06:57.400 --> 00:07:00.400]  太初有道,對神同在,多謝神
[00:07:00.400 --> 00:07:02.400]  即是太初與神同在
[00:07:02.400 --> 00:07:04.400]  其他的福音書並非如此
[00:07:04.400 --> 00:07:06.400]  其他的福音書
[00:07:06.400 --> 00:07:08.400]  例如馬太老家是用聖誕節
[00:07:08.400 --> 00:07:11.400]  即是馬槽降生來介紹耶穌基督
[00:07:11.400 --> 00:07:15.400]  馬可是以耶穌的出道來介紹耶穌基督
[00:07:15.400 --> 00:07:17.400]  《讓福音》很特別
[00:07:17.400 --> 00:07:20.400]  是用道,一個很哲學
[00:07:20.400 --> 00:07:22.400]  很深奧的道理
[00:07:22.400 --> 00:07:26.400]  道來介紹耶穌基督的起初
[00:07:26.400 --> 00:07:27.400]  什麼叫道呢?
[00:07:27.400 --> 00:07:29.400]  道的希臘文就是Logos
[00:07:29.400 --> 00:07:33.400]  他說耶穌基督就是上帝的道
[00:07:33.400 --> 00:07:36.400]  道與神同在,道就是上帝
[00:07:36.400 --> 00:07:40.400]  Logos可以有很多不同的意思
[00:07:40.400 --> 00:07:45.400]  可以解作語言,說話,理性
[00:07:45.400 --> 00:07:49.400]  所以是Word of God,上帝自己的說話
[00:07:49.400 --> 00:07:51.400]  上帝今天不說,但總之就是說
[00:07:51.400 --> 00:07:56.400]  道成肉身,住在我們中間
[00:07:56.400 --> 00:07:59.400]  充充滿滿地有恩典有真理
[00:07:59.400 --> 00:08:01.400]  這是對耶穌基督的來臨
[00:08:01.400 --> 00:08:05.400]  一個很有趣精彩的描述
[00:08:05.400 --> 00:08:08.400]  不是聖誕節馬槽降生的故事
[00:08:08.400 --> 00:08:13.400]  而是充滿了哲學味道的道成肉身的道理
[00:08:13.400 --> 00:08:15.400]  什麼叫道成肉身呢?
[00:08:15.400 --> 00:08:18.400]  可能大家也聽過,也經常說
[00:08:18.400 --> 00:08:19.400]  道成肉身就是道成肉身
[00:08:19.400 --> 00:08:24.400]  但我們知道道成肉身並不是一個動詞
[00:08:24.400 --> 00:08:29.400]  不是一個人落手落腳就道成肉身
[00:08:29.400 --> 00:08:32.400]  其實這個字是一個動詞
[00:08:32.400 --> 00:08:37.400]  是說上帝的道成為肉身
[00:08:37.400 --> 00:08:39.400]  所以道字不是一個動詞
[00:08:39.400 --> 00:08:41.400]  不是多人向善,而是道字
[00:08:41.400 --> 00:08:47.400]  而是說上帝的說話成為了身體
[00:08:47.400 --> 00:08:52.400]  所以道成肉身的意思是說話成為了身體
[00:08:52.400 --> 00:08:55.400]  上帝的說話成為了一個具體的人
[00:08:55.400 --> 00:08:57.400]  一個具體的肉體
[00:08:57.400 --> 00:09:00.400]  所以道成肉身住在我們中間
[00:09:00.400 --> 00:09:03.400]  充充滿滿地有恩典有真理
[00:09:03.400 --> 00:09:05.400]  上帝的說話成為了人
[00:09:05.400 --> 00:09:08.400]  這個說話就是耶穌基督自己
[00:09:08.400 --> 00:09:11.400]  這是永恆信仰最重要的信息
[00:09:11.400 --> 00:09:14.400]  上帝的說話成為了一個人
[00:09:14.400 --> 00:09:18.400]  我們可以去認識和思考這個課題
[00:09:18.400 --> 00:09:21.400]  耶穌基督是上帝對我們的說話
[00:09:21.400 --> 00:09:23.400]  這是我們很重要的事情
[00:09:23.400 --> 00:09:25.400]  上帝有說話對我們說
[00:09:25.400 --> 00:09:28.400]  並且藉著耶穌基督來對我們說
[00:09:28.400 --> 00:09:32.400]  祂自己就是上帝說話的本身
[00:09:32.400 --> 00:09:33.400]  所以當我們說的時候
[00:09:33.400 --> 00:09:39.400]  這個說話就推翻了我們對於說話的理解
[00:09:39.400 --> 00:09:44.400]  你會發覺原來上帝的說話是另一種層次
[00:09:44.400 --> 00:09:45.400]  舉個例子
[00:09:45.400 --> 00:09:47.400]  我家裡有隻貓
[00:09:47.400 --> 00:09:49.400]  我家裡的貓養了兩年
[00:09:49.400 --> 00:09:51.400]  基本上牠這兩年都沒有笑過
[00:09:51.400 --> 00:09:52.400]  都是很生氣的
[00:09:52.400 --> 00:09:54.400]  扁鼻貓很肥胖的
[00:09:54.400 --> 00:09:55.400]  很生氣的
[00:09:55.400 --> 00:09:56.400]  整天看著窗口
[00:09:56.400 --> 00:09:59.400]  牠偶爾都會生我的氣
[00:09:59.400 --> 00:10:01.400]  偶爾會咪一聲
[00:10:01.400 --> 00:10:03.400]  早上想吃東西的時候
[00:10:03.400 --> 00:10:05.400]  就會靠近我咪一聲
[00:10:05.400 --> 00:10:08.400]  有時候想玩的時候會咪一聲
[00:10:08.400 --> 00:10:09.400]  有時候想吃零食的時候
[00:10:09.400 --> 00:10:11.400]  就會過來咪我一聲
[00:10:11.400 --> 00:10:14.400]  咪一聲好像有很多意思
[00:10:14.400 --> 00:10:16.400]  咪一聲可以解釋很多東西
[00:10:16.400 --> 00:10:18.400]  解釋吃東西 玩耍 很多不同的意思
[00:10:18.400 --> 00:10:21.400]  牠都是咪一聲就說出來了
[00:10:21.400 --> 00:10:24.400]  其實我也不明白牠明不明白我說什麼
[00:10:24.400 --> 00:10:26.400]  牠的名字叫做喵仔
[00:10:26.400 --> 00:10:28.400]  有時候叫喵仔牠也不太理會我
[00:10:28.400 --> 00:10:31.400]  我也聽不懂牠明不明白我說什麼
[00:10:31.400 --> 00:10:34.400]  這兩年來我也不知道大家明不明白對方說什麼
[00:10:34.400 --> 00:10:36.400]  牠也不知道我說什麼
[00:10:36.400 --> 00:10:38.400]  不知道喵仔說什麼
[00:10:38.400 --> 00:10:43.400]  不過其實貓的語言應該和人的語言不同
[00:10:43.400 --> 00:10:45.400]  貓的語言應該很簡單
[00:10:45.400 --> 00:10:48.400]  是不同的當次
[00:10:48.400 --> 00:10:52.400]  人的語言應該是更加深層次 更加複雜
[00:10:52.400 --> 00:10:53.400]  所以同樣道理
[00:10:53.400 --> 00:10:59.400]  上帝的說話應該不是和我們人的說話是同一個當次
[00:10:59.400 --> 00:11:05.400]  當然神可以藉著廣東話跟你說話
[00:11:05.400 --> 00:11:08.400]  或者用福建話跟你說話
[00:11:08.400 --> 00:11:12.400]  但是人的說話是透過空氣的震盪
[00:11:12.400 --> 00:11:14.400]  聽到聲音
[00:11:14.400 --> 00:11:17.400]  但是你知道神說話其實不需要這樣
[00:11:17.400 --> 00:11:19.400]  不需要透過人的方式來說話
[00:11:19.400 --> 00:11:22.400]  當然上帝可以留一段文字給你
[00:11:22.400 --> 00:11:24.400]  或者說一段說話給你聽
[00:11:24.400 --> 00:11:28.400]  但是最重要最首要的是什麼
[00:11:28.400 --> 00:11:31.400]  上帝的說話成為了肉身
[00:11:31.400 --> 00:11:33.400]  上帝要和我們說話
[00:11:33.400 --> 00:11:36.400]  並且透過一個很具體很立體的方式
[00:11:36.400 --> 00:11:37.400]  去和我們說話
[00:11:37.400 --> 00:11:40.400]  這句話就是耶穌基督自己
[00:11:40.400 --> 00:11:42.400]  所以這正正就是道綽心的意思
[00:11:42.400 --> 00:11:44.400]  上帝要對我們說話
[00:11:44.400 --> 00:11:46.400]  這句話成為了肉身
[00:11:46.400 --> 00:11:47.400]  處在我們中間
[00:11:47.400 --> 00:11:50.400]  有恩典 有真理
[00:11:50.400 --> 00:11:55.400]  所以等於如果耶穌基督自己就是上帝的說話的時候
[00:11:55.400 --> 00:12:00.400]  我們對上帝的說話有完全不同的理解
[00:12:00.400 --> 00:12:04.400]  上帝要對我們說話不單單是透過一段文字
[00:12:04.400 --> 00:12:07.400]  或者是留言 或者是一段聲音
[00:12:07.400 --> 00:12:11.400]  上帝要我們上帝的說話成為了一個生命的時候
[00:12:11.400 --> 00:12:16.400]  我們要用我們的生命來好好地回應這句話
[00:12:16.400 --> 00:12:18.400]  祂將祂的生命放在我們心中
[00:12:18.400 --> 00:12:22.400]  我們要全程用整個的生命來聆聽
[00:12:22.400 --> 00:12:24.400]  去回應上帝的說話
[00:12:24.400 --> 00:12:27.400]  這正正就是很重要的意思
[00:12:27.400 --> 00:12:30.400]  尤其是今天我們出現了很多AI的時候
[00:12:30.400 --> 00:12:33.400]  要整一段文字出來不容易
[00:12:33.400 --> 00:12:35.400]  整一段有意思的也不難
[00:12:35.400 --> 00:12:39.400]  但是真真正正能夠去改變生命
[00:12:39.400 --> 00:12:42.400]  它是一個不同的檔次的東西
[00:12:42.400 --> 00:12:48.400]  我們要用我們的生命來回應上帝的說話
[00:12:48.400 --> 00:12:51.400]  神也是用祂的生命來對我們說話
[00:12:51.400 --> 00:12:53.400]  所以我們要用我們的生命來捉緊祂
[00:12:53.400 --> 00:12:55.400]  去回應祂 去聽從祂
[00:12:55.400 --> 00:12:58.400]  所以經文裡面最後一句話是這麼說
[00:12:58.400 --> 00:13:03.400]  從來沒有人見過神 只有在父華裡的多生子 將他顯明出來
[00:13:03.400 --> 00:13:06.400]  這個正正就是耶穌基督自己
[00:13:06.400 --> 00:13:10.400]  唯有耶穌是真真正正上帝的說話
[00:13:10.400 --> 00:13:13.400]  我們要用整個生命和耶穌建立關係
[00:13:13.400 --> 00:13:16.400]  來聆聽上帝的說話
[00:13:16.400 --> 00:13:20.400]  既然我們知道耶穌是上帝的說話的時候
[00:13:20.400 --> 00:13:24.400]  我們怎樣來跟上帝的說話相處呢
[00:13:24.400 --> 00:13:26.400]  怎樣去處理上帝的說話呢
[00:13:26.400 --> 00:13:28.400]  我們看看下面的經文
[00:13:28.400 --> 00:13:29.400]  第十六和十七節
[00:13:29.400 --> 00:13:30.400]  經文說
[00:13:30.400 --> 00:13:34.400]  從他豐滿的恩典裡 我們都領受了
[00:13:34.400 --> 00:13:35.400]  並且因上加恩
[00:13:35.400 --> 00:13:38.400]  律法本是接著摩西傳的
[00:13:38.400 --> 00:13:41.400]  恩典和真理都是由耶穌基督來的
[00:13:41.400 --> 00:13:46.400]  所以說恩典和真理都是由耶穌基督來的
[00:13:46.400 --> 00:13:47.400]  經文說
[00:13:47.400 --> 00:13:52.400]  耶穌基督作為上帝的說話有兩個很不同的特點
[00:13:52.400 --> 00:13:55.400]  第一個是上帝的說話是真理
[00:13:55.400 --> 00:13:58.400]  第二是上帝的說話是恩典
[00:13:58.400 --> 00:14:03.400]  所以上帝的說話有這兩個很重要的特性
[00:14:03.400 --> 00:14:04.400]  今天我們不說真理了
[00:14:04.400 --> 00:14:05.400]  沒有時間
[00:14:05.400 --> 00:14:07.400]  我單單來說恩典這個課題
[00:14:07.400 --> 00:14:10.400]  上帝的說話是恩典
[00:14:10.400 --> 00:14:13.400]  這是我們今天一起來思想的
[00:14:13.400 --> 00:14:15.400]  很有趣的
[00:14:15.400 --> 00:14:17.400]  我告訴大家一個聖經的冷知識
[00:14:17.400 --> 00:14:19.400]  可能你會覺得很震驚
[00:14:19.400 --> 00:14:23.400]  你會發現原來整卷的樣方裡面
[00:14:23.400 --> 00:14:27.400]  恩典這個字是很稀有的字
[00:14:27.400 --> 00:14:28.400]  有沒有發現
[00:14:28.400 --> 00:14:32.400]  整卷的樣方出現了兩次恩典這個字
[00:14:32.400 --> 00:14:34.400]  就在這裡
[00:14:34.400 --> 00:14:36.400]  恩典是一個很普遍的字
[00:14:36.400 --> 00:14:38.400]  但整卷的樣方裡面
[00:14:38.400 --> 00:14:41.400]  只有這裡出現了恩典這個字
[00:14:41.400 --> 00:14:42.400]  對於樣方來說
[00:14:42.400 --> 00:14:46.400]  恩典這個字不是一個隨隨便便說出來的字
[00:14:46.400 --> 00:14:49.400]  不是一個慣常
[00:14:49.400 --> 00:14:50.400]  好東西
[00:14:50.400 --> 00:14:52.400]  正的意思
[00:14:52.400 --> 00:14:53.400]  他說什麼
[00:14:53.400 --> 00:14:57.400]  從他豐滿的恩典裡我們都領受了
[00:14:57.400 --> 00:14:58.400]  並且因上加恩
[00:14:58.400 --> 00:15:00.400]  律法本是至多不失傳遞
[00:15:00.400 --> 00:15:04.400]  恩典和真理都是由基督耶穌那裡來的
[00:15:04.400 --> 00:15:06.400]  用風說
[00:15:06.400 --> 00:15:09.400]  上帝的說話就是恩典
[00:15:09.400 --> 00:15:13.400]  這個恩典不是一件隨便偶然的事情
[00:15:13.400 --> 00:15:15.400]  你不可以take it for granted
[00:15:15.400 --> 00:15:19.400]  不可以隨隨便便當是必然的事情
[00:15:19.400 --> 00:15:22.400]  不知道大家是不是這樣想
[00:15:22.400 --> 00:15:29.400]  我們太多人將上帝的說話take it for granted
[00:15:29.400 --> 00:15:32.400]  覺得這件事反而是有的
[00:15:32.400 --> 00:15:34.400]  手機裡面有一個app
[00:15:34.400 --> 00:15:35.400]  是不是一個
[00:15:35.400 --> 00:15:37.400]  不知道大家有沒有發現
[00:15:37.400 --> 00:15:40.400]  我們越來越方便用手機的時候
[00:15:40.400 --> 00:15:41.400]  越來越隨便
[00:15:41.400 --> 00:15:43.400]  手機有聖經的時候
[00:15:43.400 --> 00:15:45.400]  會不會越來越少看
[00:15:45.400 --> 00:15:48.400]  以前我們背著聖經在背包裡
[00:15:48.400 --> 00:15:50.400]  整本大短書
[00:15:50.400 --> 00:15:52.400]  今天不需要
[00:15:52.400 --> 00:15:54.400]  手機裡面有一個app叫聖經
[00:15:54.400 --> 00:15:58.400]  但是越方便大家就越少看聖經
[00:15:58.400 --> 00:16:00.400]  打開openrise多一點
[00:16:00.400 --> 00:16:01.400]  打開聖經多一點
[00:16:01.400 --> 00:16:05.400]  基本上聖經這個app是一個工具
[00:16:05.400 --> 00:16:07.400]  有時候要查
[00:16:07.400 --> 00:16:08.400]  要找就用
[00:16:08.400 --> 00:16:12.400]  但是拿來看反而很少
[00:16:12.400 --> 00:16:17.400]  我們太過將上帝的說話看成是必然的事情
[00:16:17.400 --> 00:16:19.400]  反正都是一個app
[00:16:19.400 --> 00:16:21.400]  download來十秒鐘就download完
[00:16:21.400 --> 00:16:24.400]  但我們越來越忽視
[00:16:24.400 --> 00:16:26.400]  去珍而重之的
[00:16:26.400 --> 00:16:29.400]  將上帝的說話好好重視
[00:16:29.400 --> 00:16:32.400]  反正是一個其中一個app
[00:16:32.400 --> 00:16:34.400]  會是
[00:16:34.400 --> 00:16:37.400]  楊豐說上帝的說話是恩典
[00:16:37.400 --> 00:16:39.400]  楊豐強調
[00:16:39.400 --> 00:16:41.400]  這個恩典更加是什麼
[00:16:41.400 --> 00:16:43.400]  是恩上加恩
[00:16:43.400 --> 00:16:45.400]  可以這麼說嗎
[00:16:45.400 --> 00:16:47.400]  是一個恩上加恩的恩典
[00:16:47.400 --> 00:16:49.400]  什麼是恩上加恩呢
[00:16:49.400 --> 00:16:51.400]  意思是
[00:16:51.400 --> 00:16:53.400]  我們可能認為恩上加恩
[00:16:53.400 --> 00:16:55.400]  都是很多很多的恩典的意思
[00:16:55.400 --> 00:16:57.400]  有點像李答李
[00:16:57.400 --> 00:16:58.400]  上節
[00:16:58.400 --> 00:17:00.400]  或者喜上加喜的朋友
[00:17:00.400 --> 00:17:03.400]  有點像是很多很多的恩典的意思
[00:17:03.400 --> 00:17:05.400]  但其實
[00:17:05.400 --> 00:17:07.400]  原文裡面的意思是很特別的
[00:17:07.400 --> 00:17:09.400]  恩上加恩的原文
[00:17:09.400 --> 00:17:11.400]  如果翻譯成英文
[00:17:11.400 --> 00:17:13.400]  字面上的意思
[00:17:13.400 --> 00:17:16.400]  是Grace Anti-Grace
[00:17:16.400 --> 00:17:18.400]  用了anti這個字
[00:17:18.400 --> 00:17:20.400]  Grace Anti-Grace
[00:17:20.400 --> 00:17:21.400]  意思是
[00:17:21.400 --> 00:17:23.400]  Anti 意思是很多的意思
[00:17:23.400 --> 00:17:25.400]  是取代
[00:17:25.400 --> 00:17:27.400]  或者代替的意思
[00:17:27.400 --> 00:17:29.400]  所以這個恩典是一個
[00:17:29.400 --> 00:17:31.400]  Grace Anti-Grace
[00:17:31.400 --> 00:17:33.400]  Grace Instead of Grace
[00:17:33.400 --> 00:17:35.400]  恩典取代恩典
[00:17:35.400 --> 00:17:37.400]  什麼是恩典取代恩典呢
[00:17:37.400 --> 00:17:39.400]  我告訴你
[00:17:39.400 --> 00:17:42.400]  上帝的恩典永遠都是新的
[00:17:42.400 --> 00:17:44.400]  永遠都是不斷的更新
[00:17:44.400 --> 00:17:46.400]  去代替
[00:17:46.400 --> 00:17:48.400]  去替換 不斷的更新
[00:17:48.400 --> 00:17:50.400]  就像你上網看影片
[00:17:50.400 --> 00:17:52.400]  現在是串流的
[00:17:52.400 --> 00:17:55.400]  不斷的有一個streaming
[00:17:55.400 --> 00:17:57.400]  你不停的上網
[00:17:57.400 --> 00:17:59.400]  不斷的更新
[00:17:59.400 --> 00:18:00.400]  去更新
[00:18:00.400 --> 00:18:01.400]  這個就是這個方式
[00:18:01.400 --> 00:18:03.400]  你不能夠下載
[00:18:03.400 --> 00:18:05.400]  你不能夠offline去看
[00:18:05.400 --> 00:18:08.400]  你只能夠不斷的去欣賞佳音
[00:18:08.400 --> 00:18:10.400]  不斷的去更新
[00:18:10.400 --> 00:18:12.400]  不斷的去更新
[00:18:12.400 --> 00:18:15.400]  新的恩典會取代舊的恩典
[00:18:15.400 --> 00:18:18.400]  現在的恩典會取代過去的恩典
[00:18:18.400 --> 00:18:20.400]  將來的恩典又會成為新的恩典
[00:18:20.400 --> 00:18:22.400]  我們每天清晨
[00:18:22.400 --> 00:18:25.400]  都在神裡面得著新的恩典
[00:18:25.400 --> 00:18:29.400]  你不能夠保留舊的恩典
[00:18:29.400 --> 00:18:32.400]  只能夠不斷的和神裡面的關係
[00:18:32.400 --> 00:18:35.400]  在神裡面去明白
[00:18:35.400 --> 00:18:37.400]  和得到更多的恩典
[00:18:37.400 --> 00:18:41.400]  任何人要抓住舊的恩典去奔放
[00:18:41.400 --> 00:18:45.400]  他就變成了拒絕了基督耶穌的豐盛
[00:18:45.400 --> 00:18:47.400]  所以這個欣賞佳音
[00:18:47.400 --> 00:18:50.400]  告訴我們恩典的本質
[00:18:50.400 --> 00:18:53.400]  恩典不是一些你能夠累積下來的東西
[00:18:53.400 --> 00:18:55.400]  不是你儲積分
[00:18:55.400 --> 00:18:56.400]  這樣儲起來的
[00:18:56.400 --> 00:18:58.400]  而是不斷在基督裡面
[00:18:58.400 --> 00:19:02.400]  去支取 去取得上帝新的恩典
[00:19:02.400 --> 00:19:05.400]  這個正是欣賞佳音的意思
[00:19:05.400 --> 00:19:06.400]  不是加很多
[00:19:06.400 --> 00:19:08.400]  而是不斷的更新 更換
[00:19:08.400 --> 00:19:10.400]  不斷的去代替
[00:19:10.400 --> 00:19:12.400]  這是恩典的本質
[00:19:12.400 --> 00:19:15.400]  因此 既然這是恩典的本質的時候
[00:19:15.400 --> 00:19:20.400]  我就明白上帝的說話是恩典的意思
[00:19:20.400 --> 00:19:22.400]  上帝的說話是恩典
[00:19:22.400 --> 00:19:26.400]  所以上帝的說話是不停的和你更新
[00:19:26.400 --> 00:19:28.400]  在這個關係裡面
[00:19:28.400 --> 00:19:32.400]  你用你的生命不斷的和上帝接觸
[00:19:32.400 --> 00:19:33.400]  上帝不斷的和你說話
[00:19:33.400 --> 00:19:36.400]  你不斷的去聆聽
[00:19:36.400 --> 00:19:39.400]  不斷的去更新 不斷的去連接
[00:19:39.400 --> 00:19:45.400]  然後不斷的再次和上帝交流 去認識
[00:19:45.400 --> 00:19:49.400]  然後被上帝恩典去豐盛 去壓倒
[00:19:49.400 --> 00:19:53.400]  這個正是恩典的特性
[00:19:53.400 --> 00:19:58.400]  所以最後用摩西的律法來做對比
[00:19:58.400 --> 00:20:01.400]  他說 律法本是藉著摩西傳的
[00:20:01.400 --> 00:20:05.400]  恩典和真理都是從耶穌基督來的
[00:20:05.400 --> 00:20:08.400]  沒錯的 寫在法版上的律法是容易的
[00:20:08.400 --> 00:20:10.400]  因為是有板有眼
[00:20:10.400 --> 00:20:12.400]  白紙一紙寫清楚 是不是
[00:20:12.400 --> 00:20:15.400]  但是上帝的說話是在這個之上
[00:20:15.400 --> 00:20:17.400]  他不是要推翻律法
[00:20:17.400 --> 00:20:18.400]  不過說律法以上
[00:20:18.400 --> 00:20:21.400]  更加要不斷的在關係裡面
[00:20:21.400 --> 00:20:25.400]  去聆聽 去聽到上帝的說話
[00:20:25.400 --> 00:20:30.400]  上帝的說話永遠都是不停的和你有關係
[00:20:30.400 --> 00:20:34.400]  你只能不斷的聆聽 留心去查看上帝的說話
[00:20:34.400 --> 00:20:37.400]  簡單的做個總結
[00:20:37.400 --> 00:20:38.400]  我們說幾點
[00:20:38.400 --> 00:20:39.400]  第一個是什麼
[00:20:39.400 --> 00:20:41.400]  耶穌基督就是上帝的說話
[00:20:41.400 --> 00:20:45.400]  這個是用分辨最重要的信息告訴你
[00:20:45.400 --> 00:20:47.400]  這個說話就是耶穌自己
[00:20:47.400 --> 00:20:49.400]  第二 上帝的說話是真理
[00:20:49.400 --> 00:20:51.400]  今天我們沒有說的
[00:20:51.400 --> 00:20:52.400]  不過大家都明白的
[00:20:52.400 --> 00:20:55.400]  第三 上帝的說話是恩典
[00:20:55.400 --> 00:20:58.400]  所以我們不能夠take it for granted
[00:20:58.400 --> 00:21:01.400]  要好好地去珍惜它
[00:21:01.400 --> 00:21:03.400]  好好地承載它
[00:21:03.400 --> 00:21:05.400]  第四 恩上加恩
[00:21:05.400 --> 00:21:09.400]  上帝的說話是要求我們不斷在基督裡面
[00:21:09.400 --> 00:21:14.400]  去根深蒂固 用我們的生命來承載它
[00:21:14.400 --> 00:21:18.400]  我們簡單的來說一些應用
[00:21:18.400 --> 00:21:21.400]  既然上帝的說話是恩典的時候
[00:21:21.400 --> 00:21:24.400]  有幾點可以跟大家想一想
[00:21:24.400 --> 00:21:30.400]  第一 我們說話的本質本來就是恩典
[00:21:30.400 --> 00:21:33.400]  如果上帝的說話是恩典的時候
[00:21:33.400 --> 00:21:34.400]  我們作為基督徒
[00:21:34.400 --> 00:21:37.400]  無論你是外向也好 內向也好
[00:21:37.400 --> 00:21:39.400]  我們願意和別人說話
[00:21:39.400 --> 00:21:42.400]  本來就是一件恩典的事情
[00:21:42.400 --> 00:21:46.400]  我們因為愛的緣故
[00:21:46.400 --> 00:21:47.400]  因為神的緣故
[00:21:47.400 --> 00:21:50.400]  我們願意開口和別人說話
[00:21:50.400 --> 00:21:53.400]  你每一個願意打開口和別人說話的對象
[00:21:53.400 --> 00:21:55.400]  無論是7-11的職員
[00:21:55.400 --> 00:21:58.400]  還是你的父母 還是你的兒子都好
[00:21:58.400 --> 00:22:00.400]  當我們願意和別人開口說話的時候
[00:22:00.400 --> 00:22:04.400]  這都是帶著上帝的恩典來和他們說話
[00:22:04.400 --> 00:22:06.400]  因為你願意愛他們
[00:22:06.400 --> 00:22:07.400]  願意和他們結合關係
[00:22:07.400 --> 00:22:09.400]  我們就這樣和他們說話
[00:22:09.400 --> 00:22:12.400]  無論你多麼內向也好
[00:22:12.400 --> 00:22:14.400]  我們都願意作為基督徒
[00:22:14.400 --> 00:22:20.400]  都願意以說話來成為和別人結合關係的方法
[00:22:20.400 --> 00:22:22.400]  當然留心我們的說話
[00:22:22.400 --> 00:22:24.400]  因為這是一個恩典的出口
[00:22:24.400 --> 00:22:26.400]  也是一個愛的表達
[00:22:26.400 --> 00:22:31.400]  所以我覺得沒有所謂說話的藝術
[00:22:31.400 --> 00:22:33.400]  任何一個說話的藝術
[00:22:33.400 --> 00:22:37.400]  單單有技巧而沒有那種愛的時候
[00:22:37.400 --> 00:22:39.400]  這只是表面的功夫
[00:22:39.400 --> 00:22:42.400]  無論你的說話多麼口賤拔拙
[00:22:42.400 --> 00:22:44.400]  多麼不會說話也好
[00:22:44.400 --> 00:22:46.400]  帶著這份恩典和別人說話
[00:22:46.400 --> 00:22:51.400]  是我們基督徒說話的一個很重要的本意
[00:22:51.400 --> 00:22:54.400]  好好想想你自己的說話
[00:22:54.400 --> 00:22:57.400]  我們每一次和別人說話的時候
[00:22:57.400 --> 00:23:01.400]  會不會有太多套路 公式化的東西
[00:23:01.400 --> 00:23:05.400]  還是真真正正和別人有著恩典的關係呢
[00:23:05.400 --> 00:23:11.400]  第二 我們要想的是聖經作為一個上帝的說話
[00:23:11.400 --> 00:23:14.400]  耶穌基督是上帝說話的本身
[00:23:14.400 --> 00:23:18.400]  聖經正是很重要被寫成的上帝說話
[00:23:18.400 --> 00:23:20.400]  去見證著耶穌基督自己
[00:23:20.400 --> 00:23:23.400]  不知道你們怎樣理解聖經
[00:23:23.400 --> 00:23:28.400]  我們從宣道會 由錦書到現在
[00:23:28.400 --> 00:23:30.400]  聖經都可以的
[00:23:30.400 --> 00:23:32.400]  但不及曾牧師那麼好
[00:23:32.400 --> 00:23:34.400]  因為他的宗派非常厲害
[00:23:34.400 --> 00:23:36.400]  背誦聖經是很厲害的
[00:23:36.400 --> 00:23:39.400]  背誦聖經和金句是非常厲害的
[00:23:39.400 --> 00:23:45.400]  重點不是要大家背誦熟多少
[00:23:45.400 --> 00:23:48.400]  或者能夠很熟地轉回來背誦
[00:23:48.400 --> 00:23:54.400]  而是好好地將這句說話放在你心中
[00:23:54.400 --> 00:24:00.400]  我想沒有將你心中結連的一句說話
[00:24:00.400 --> 00:24:02.400]  哪怕成為了很熟悉的金句也好
[00:24:02.400 --> 00:24:04.400]  這句也是一個沒有意思的說話
[00:24:04.400 --> 00:24:08.400]  唯有你自己的心命和它有交流
[00:24:08.400 --> 00:24:10.400]  用你的心命去實踐出來的神話
[00:24:10.400 --> 00:24:12.400]  才是一個有意思的說話
[00:24:12.400 --> 00:24:16.400]  真日你放在手機裡不打開來看
[00:24:16.400 --> 00:24:18.400]  基本上和其他APP沒有分別
[00:24:18.400 --> 00:24:21.400]  都是一個普通的手機APP
[00:24:21.400 --> 00:24:26.400]  當你用你的生命 真義眾知來打開來讀
[00:24:26.400 --> 00:24:28.400]  哪怕只是一節經文
[00:24:28.400 --> 00:24:32.400]  當你用你的生命投入進去
[00:24:32.400 --> 00:24:36.400]  這篇經文就正正是上帝的說話
[00:24:36.400 --> 00:24:39.400]  一個有意義有力量的上帝說話
[00:24:39.400 --> 00:24:44.400]  一本放在書架裡的聖經是沒有意思的
[00:24:44.400 --> 00:24:47.400]  一本放在手機裡的APP也沒有意思的
[00:24:47.400 --> 00:24:51.400]  唯有你自己用生命投入的說話才有意思
[00:24:51.400 --> 00:24:55.400]  聖經裡有很多不同的理解
[00:24:55.400 --> 00:25:01.400]  例如放在酒店裡的一本書
[00:25:01.400 --> 00:25:06.400]  當我們基督徒打開來閱讀的時候
[00:25:06.400 --> 00:25:10.400]  用生命投入去回應的時候
[00:25:10.400 --> 00:25:13.400]  才是一個有意義的上帝說話
[00:25:13.400 --> 00:25:16.400]  所謂學武神的說話
[00:25:16.400 --> 00:25:20.400]  未必一定要你熟悉到經文裡的説話
[00:25:20.400 --> 00:25:22.400]  懂得背誦或讀某些神學課程
[00:25:22.400 --> 00:25:26.400]  而是你把上帝的說話看為上帝的說話
[00:25:26.400 --> 00:25:32.400]  認為能夠跟你生命有關係的神話才是重要的
[00:25:32.400 --> 00:25:34.400]  真人 靈修也一樣
[00:25:34.400 --> 00:25:38.400]  如果沒有用生命去連結的話
[00:25:38.400 --> 00:25:40.400]  只不過是讀理解
[00:25:40.400 --> 00:25:43.400]  一篇文章 讀小學的時候也讀理解
[00:25:43.400 --> 00:25:45.400]  看完之後就做了
[00:25:45.400 --> 00:25:48.400]  靈修的文字其實也是一些文字
[00:25:48.400 --> 00:25:51.400]  唯有你用生命投入的時候
[00:25:51.400 --> 00:25:55.400]  將神的話語珍惜地回應的時候
[00:25:55.400 --> 00:25:58.400]  這才是真真正正上帝的說話
[00:25:58.400 --> 00:26:03.400]  最後一點就是生命的說話
[00:26:03.400 --> 00:26:10.400]  唯有將我們的生命參與的時候
[00:26:10.400 --> 00:26:15.400]  我們才能夠來到最正確的回應神的說話
[00:26:15.400 --> 00:26:19.400]  用你的生命很好的方法來投入
[00:26:19.400 --> 00:26:24.400]  透過這句話來聆聽 敬拜 求敏
[00:26:24.400 --> 00:26:28.400]  我自己在生命中有幾個階段
[00:26:28.400 --> 00:26:31.400]  很明顯知道神跟我說話
[00:26:31.400 --> 00:26:33.400]  例如我夢照的時候
[00:26:33.400 --> 00:26:35.400]  我讀書的時候
[00:26:35.400 --> 00:26:38.400]  或者是開新的教會的時候
[00:26:38.400 --> 00:26:41.400]  都很明顯知道神跟我說話
[00:26:41.400 --> 00:26:43.400]  但神怎麼跟我說話呢?
[00:26:43.400 --> 00:26:45.400]  沒有一段經文叫你開教會
[00:26:45.400 --> 00:26:47.400]  沒有一段經文叫你去德國讀書
[00:26:47.400 --> 00:26:53.400]  但當你用你的生命去參與的時候
[00:26:53.400 --> 00:26:56.400]  你透過你自己的投入的時候
[00:26:56.400 --> 00:27:00.400]  神透過不同的方式跟你說話
[00:27:00.400 --> 00:27:02.400]  可能是一段經文
[00:27:02.400 --> 00:27:05.400]  可能是弟兄姊妹的聊天
[00:27:05.400 --> 00:27:07.400]  可能是目者的提醒
[00:27:07.400 --> 00:27:10.400]  當我們願意去真而重之
[00:27:10.400 --> 00:27:13.400]  將上帝的說話看為上帝的說話的時候
[00:27:13.400 --> 00:27:15.400]  神就肯定會跟我們說話
[00:27:15.400 --> 00:27:17.400]  今天我們教會
[00:27:17.400 --> 00:27:19.400]  試試在這個星期裡
[00:27:19.400 --> 00:27:21.400]  大家試試
[00:27:21.400 --> 00:27:27.400]  認真地將上帝的說話看為寶貴
[00:27:27.400 --> 00:27:29.400]  這句話可能很簡單
[00:27:29.400 --> 00:27:31.400]  但我可以用粵語來形容
[00:27:31.400 --> 00:27:33.400]  將上帝的說話
[00:27:33.400 --> 00:27:36.400]  看為跟你生命有關係的東西
[00:27:36.400 --> 00:27:39.400]  不是純粹課程內容
[00:27:39.400 --> 00:27:41.400]  或者是諸侯的教導
[00:27:41.400 --> 00:27:44.400]  而是跟你生命有關係的時候
[00:27:44.400 --> 00:27:47.400]  當你願意這樣去理解的時候
[00:27:47.400 --> 00:27:49.400]  神必定會對你說話
[00:27:49.400 --> 00:27:52.400]  因為上帝仍然在說話
[00:27:52.400 --> 00:27:57.400]  縱然今天我們不容易見到神的時候
[00:27:57.400 --> 00:28:00.400]  但上帝仍然在說話
[00:28:00.400 --> 00:28:05.400]  只要我們願意將上帝的說話看為寶貴的時候
[00:28:05.400 --> 00:28:07.400]  這是非常重要的
[00:28:07.400 --> 00:28:09.400]  不妨大家試試
[00:28:09.400 --> 00:28:10.400]  在這個星期裡
[00:28:10.400 --> 00:28:12.400]  你面對一些情況的時候
[00:28:12.400 --> 00:28:17.400]  當你願意相信神跟你說話的時候
[00:28:17.400 --> 00:28:19.400]  上帝必定會對你說話
[00:28:19.400 --> 00:28:20.400]  我們一起祈禱
[00:28:20.400 --> 00:28:25.400]  耶穌基督
[00:28:25.400 --> 00:28:27.400]  我們知道祢是那位
[00:28:27.400 --> 00:28:31.400]  上帝到誠肉身的上帝
[00:28:31.400 --> 00:28:34.400]  我們能夠透過祢認識上帝
[00:28:34.400 --> 00:28:39.400]  能夠聆聽上帝對我們生命的命令
[00:28:39.400 --> 00:28:45.400]  我們求祢讓我們再次將祢的說話看為寶貴
[00:28:45.400 --> 00:28:47.400]  我們不單要背多少金句
[00:28:47.400 --> 00:28:49.400]  或者讀多少次聖經
[00:28:49.400 --> 00:28:50.400]  這些都重要
[00:28:50.400 --> 00:28:53.400]  但最重要的是我們將祢的說話
[00:28:53.400 --> 00:28:55.400]  當作上帝的說話
[00:28:55.400 --> 00:28:58.400]  一個跟我們生命有關係的說話
[00:28:58.400 --> 00:29:00.400]  求祢這樣幫助我們
[00:29:00.400 --> 00:29:02.400]  也是鼓勵我們
[00:29:02.400 --> 00:29:04.400]  在這個星期裡
[00:29:04.400 --> 00:29:06.400]  我們能夠聽見祢自己的說話
[00:29:06.400 --> 00:29:09.400]  祢的說話我們願意去跟從
[00:29:09.400 --> 00:29:10.400]  願意去實踐
[00:29:10.400 --> 00:29:14.400]  我們求祢在我們生命的環境裡
[00:29:14.400 --> 00:29:16.400]  無論是我們的工作
[00:29:16.400 --> 00:29:18.400]  我們的生活處境
[00:29:18.400 --> 00:29:19.400]  我們生活的難題
[00:29:19.400 --> 00:29:22.400]  將祢的說話成為我們很重要的一部分
[00:29:22.400 --> 00:29:24.400]  我們在這個情境裡
[00:29:24.400 --> 00:29:26.400]  來聆聽祢的說話
[00:29:26.400 --> 00:29:29.400]  求主祢這樣對我們說話
[00:29:29.400 --> 00:29:31.400]  求祢這樣幫助我們
[00:29:31.400 --> 00:29:32.400]  我們每一個基督徒
[00:29:32.400 --> 00:29:37.400]  我們都珍惜來聆聽
[00:29:37.400 --> 00:29:39.400]  因為祢的說話是恩上加恩
[00:29:39.400 --> 00:29:41.400]  不斷地來更新
[00:29:41.400 --> 00:29:43.400]  不斷地來跟我們說話
[00:29:43.400 --> 00:29:45.400]  求主祢這樣的幫助
[00:29:45.400 --> 00:29:46.400]  逢主明求
[00:29:46.400 --> 00:29:47.400]  阿們

