
[00:00:00.000 --> 00:00:04.440]  剛才大家看到這群人拿著甚麼?
[00:00:04.440 --> 00:00:05.560]  中樹枝
[00:00:05.560 --> 00:00:09.360]  進來禮堂開始今天的崇拜
[00:00:09.360 --> 00:00:13.480]  各堂的崇拜都是以這樣的方式開始
[00:00:13.480 --> 00:00:15.680]  如果你有機會去到一些外國的教會
[00:00:15.680 --> 00:00:18.000]  有些時候他們在中樹主日
[00:00:18.000 --> 00:00:20.600]  他們不讓頂尖入禮堂
[00:00:20.600 --> 00:00:23.480]  全部在門口外聚集
[00:00:23.480 --> 00:00:25.840]  然後每個人都派一枝中樹枝
[00:00:25.840 --> 00:00:28.600]  然後所有人都是拿著中樹枝
[00:00:28.600 --> 00:00:30.960]  進來禮堂當中
[00:00:30.960 --> 00:00:34.240]  在當中表示一種德性的表達
[00:00:34.240 --> 00:00:36.000]  主耶穌基督祂作王
[00:00:36.000 --> 00:00:36.960]  祂是君王
[00:00:36.960 --> 00:00:38.000]  祂是德性
[00:00:38.000 --> 00:00:41.240]  而我們歡慶祂自己的德性
[00:00:41.240 --> 00:00:43.920]  亦都一齊來贊頌祂
[00:00:43.920 --> 00:00:46.040]  當我們拿起一枝中樹枝的時候
[00:00:46.040 --> 00:00:47.800]  亦都提醒我們想起
[00:00:47.800 --> 00:00:51.440]  主耶穌當時進入耶路撒冷的情景
[00:00:51.440 --> 00:00:53.680]  這個時候我請大家先打開聖經
[00:00:53.680 --> 00:00:58.560]  你嘗試回到聖經最後的啟示錄
[00:00:58.560 --> 00:01:02.760]  在聖經啟示錄的第七章
[00:01:02.760 --> 00:01:14.440]  聖經最後一卷書啟示錄第七章
[00:01:14.440 --> 00:01:17.240]  我們看第九節
[00:01:17.240 --> 00:01:21.440]  第十節
[00:01:21.440 --> 00:01:24.040]  聖經講到末世的情況
[00:01:24.040 --> 00:01:26.680]  他說:此後我觀看
[00:01:26.680 --> 00:01:28.520]  見有許多的人
[00:01:28.520 --> 00:01:30.800]  沒有人能數過來
[00:01:30.800 --> 00:01:34.680]  是從各國各族各民各方來的
[00:01:34.680 --> 00:01:37.200]  站在寶座和羔羊面前
[00:01:37.200 --> 00:01:38.760]  身穿白衣
[00:01:38.760 --> 00:01:40.560]  手拿中樹枝
[00:01:40.560 --> 00:01:42.480]  大聲喊著說
[00:01:42.480 --> 00:01:44.840]  願救恩歸於坐在寶座上
[00:01:44.840 --> 00:01:49.320]  我們的神也歸於羔羊
[00:01:49.320 --> 00:01:50.960]  在當時的教會
[00:01:50.960 --> 00:01:53.000]  當讀到聖經的時候
[00:01:53.000 --> 00:01:55.000]  不單單他們看見
[00:01:55.000 --> 00:01:58.960]  在過去當主耶穌進來耶路撒冷的時候
[00:01:58.960 --> 00:02:01.400]  那種德性的情景
[00:02:01.400 --> 00:02:02.440]  他們更加看到
[00:02:02.440 --> 00:02:05.760]  就是在將來當主耶穌再來的時候
[00:02:05.760 --> 00:02:07.240]  所有的聖徒
[00:02:07.240 --> 00:02:09.240]  各族各方各民
[00:02:09.240 --> 00:02:11.520]  都一起聚集在主的面前
[00:02:11.520 --> 00:02:13.040]  身穿白衣
[00:02:13.040 --> 00:02:15.720]  手拿中樹枝
[00:02:15.720 --> 00:02:17.720]  在初期的教會
[00:02:17.720 --> 00:02:20.000]  特別是猶太人的時候
[00:02:20.000 --> 00:02:22.120]  在主耶穌降生之前之後
[00:02:22.120 --> 00:02:24.120]  大概二百年的期間
[00:02:24.120 --> 00:02:25.920]  猶太人的錢幣
[00:02:25.920 --> 00:02:27.600]  很多時候都印上了
[00:02:27.600 --> 00:02:29.920]  一有中樹枝
[00:02:29.920 --> 00:02:31.200]  旁邊寫著
[00:02:31.200 --> 00:02:34.280]  「錫安的救贖」
[00:02:34.280 --> 00:02:35.480]  很清楚地表明出
[00:02:35.480 --> 00:02:37.880]  當這位德性的王來到的時候
[00:02:37.880 --> 00:02:39.480]  是拯救我們的
[00:02:39.480 --> 00:02:41.240]  是帶給我們救贖的
[00:02:41.240 --> 00:02:44.440]  因此要讚美他的德性
[00:02:44.440 --> 00:02:45.400]  當時已經提到
[00:02:45.400 --> 00:02:47.280]  有一天我們都在天家
[00:02:47.280 --> 00:02:49.720]  你和我凡是信靠耶穌的人
[00:02:49.720 --> 00:02:53.240]  都會領受神給我們潔白的白衣裳
[00:02:53.240 --> 00:02:54.160]  這個白衣裳
[00:02:54.160 --> 00:02:55.560]  我們過去講啟示錄的時候
[00:02:55.560 --> 00:02:57.200]  都已經有提及過
[00:02:57.200 --> 00:02:59.080]  而這段經文去到下面的
[00:02:59.080 --> 00:03:02.200]  其中的第十三節
[00:03:02.200 --> 00:03:03.200]  大家看看
[00:03:03.200 --> 00:03:06.800]  「當時有人問約約翰
[00:03:06.800 --> 00:03:08.800]  『這些穿白衣的是誰?
[00:03:08.800 --> 00:03:10.640]  是從哪裡來的?』
[00:03:10.640 --> 00:03:12.120]  然後十四節
[00:03:12.120 --> 00:03:14.400]  『我對他說:我主你知道
[00:03:14.400 --> 00:03:15.240]  他向我說
[00:03:15.240 --> 00:03:18.880]  『這些人是從大患難中出來的
[00:03:18.880 --> 00:03:23.720]  曾用羔羊的血把衣裳洗白淨了』
[00:03:23.720 --> 00:03:26.440]  是因為主耶穌待贖的羔羊
[00:03:26.440 --> 00:03:28.680]  祂流出補血潔淨我們的罪
[00:03:28.680 --> 00:03:30.720]  給我們有潔淨的生命
[00:03:30.720 --> 00:03:33.280]  這裏所講的白衣
[00:03:33.280 --> 00:03:34.960]  大家有些頂尖的可能都知道
[00:03:34.960 --> 00:03:35.760]  我們所敬愛
[00:03:35.760 --> 00:03:38.520]  在香港生活的大少曾牧師
[00:03:38.520 --> 00:03:40.400]  他剛剛八十歲
[00:03:40.400 --> 00:03:42.680]  他就被主接去
[00:03:42.680 --> 00:03:45.680]  在昨天的一個大型的安息禮拜裏
[00:03:45.680 --> 00:03:48.120]  大家一齊來舉行一個安息禮拜
[00:03:48.120 --> 00:03:51.880]  來紀念大少曾牧師的一生
[00:03:51.880 --> 00:03:52.720]  在過程當中
[00:03:52.720 --> 00:03:55.640]  很多人會講述和他相處的經歷
[00:03:55.640 --> 00:03:56.800]  而其中一件事
[00:03:56.800 --> 00:03:58.320]  他的兒子大牧師
[00:03:58.320 --> 00:04:00.880]  大繼宗牧師就提及
[00:04:00.880 --> 00:04:03.240]  他說當他爸爸在過世的時候
[00:04:03.240 --> 00:04:07.440]  是三月二十日凌晨四點半
[00:04:07.440 --> 00:04:12.320]  當時一位弟兄有一個特別的經歷
[00:04:12.320 --> 00:04:15.200]  後來寫封電郵告訴他們
[00:04:15.200 --> 00:04:19.920]  他在夢中夢見大牧師
[00:04:19.920 --> 00:04:21.080]  當時見到大牧師
[00:04:21.080 --> 00:04:24.960]  穿著一件很潔白的白衣裳
[00:04:24.960 --> 00:04:27.680]  然後他在一個地方
[00:04:27.680 --> 00:04:30.840]  一路隨隨地升上去
[00:04:30.840 --> 00:04:32.000]  當時他完全不知道
[00:04:32.000 --> 00:04:34.160]  大牧師已經離世
[00:04:34.160 --> 00:04:36.960]  但後來聽到有關的時間
[00:04:36.960 --> 00:04:39.960]  剛剛就是他那段做夢的時間
[00:04:39.960 --> 00:04:43.480]  他就將事情告訴他們的家人
[00:04:43.480 --> 00:04:45.480]  家人聽到之後心裡很大安慰
[00:04:45.480 --> 00:04:47.640]  知道神是向他們表達出
[00:04:47.640 --> 00:04:51.400]  神是閱立了他的父親
[00:04:51.400 --> 00:04:52.080]  各位弟兄姊妹
[00:04:52.080 --> 00:04:54.240]  當然不單單是大牧師
[00:04:54.240 --> 00:04:56.280]  所有信靠耶穌基督的人
[00:04:56.280 --> 00:04:58.560]  領受主耶穌的潔淨
[00:04:58.560 --> 00:05:02.080]  神都給我們有一天領受永恆的祝福
[00:05:02.080 --> 00:05:05.680]  就是神給我們穿著白衣裳
[00:05:05.680 --> 00:05:07.960]  拿著中樹枝
[00:05:07.960 --> 00:05:11.920]  來到在寶座的面前一起讚頌
[00:05:11.920 --> 00:05:13.760]  坐在寶座上的
[00:05:13.760 --> 00:05:17.440]  是配得一切的清揚和讚美
[00:05:17.440 --> 00:05:18.000]  各位弟兄姊妹
[00:05:18.000 --> 00:05:19.880]  當我們想到這件事的時候
[00:05:19.880 --> 00:05:22.440]  想到主耶穌坐著驢驢子入
[00:05:22.440 --> 00:05:24.160]  耶路撒冷的時候
[00:05:24.160 --> 00:05:27.240]  正是讓我們知道主是宣告
[00:05:27.240 --> 00:05:29.160]  祂是王
[00:05:29.160 --> 00:05:30.960]  不單只是地上的君王
[00:05:30.960 --> 00:05:34.240]  更加是永恆天地的大君王
[00:05:34.240 --> 00:05:36.200]  祂是尼塞亞
[00:05:36.200 --> 00:05:38.520]  而我們就帶著一種這樣的心思
[00:05:38.520 --> 00:05:41.080]  去思想這一段經文
[00:05:41.080 --> 00:05:42.920]  我帶大家看回聖經剛才讀的
[00:05:42.920 --> 00:05:45.600]  《路加福音》第十九章
[00:05:45.600 --> 00:05:55.080]  在第十九章的第十一節
[00:05:55.080 --> 00:05:56.760]  當主耶穌入耶路撒冷之前
[00:05:56.760 --> 00:05:59.960]  曾經和當時的猶太人說一個比喻
[00:05:59.960 --> 00:06:02.240]  大家看第十九章第十一節
[00:06:02.240 --> 00:06:05.880]  眾人正在聽見這些話的時候
[00:06:05.880 --> 00:06:08.760]  耶穌因為將近耶路撒冷
[00:06:08.760 --> 00:06:12.240]  又因他們以為神的國快要顯出來
[00:06:12.240 --> 00:06:15.880]  就另設一個比喻
[00:06:15.880 --> 00:06:17.120]  聖經在第二
[00:06:17.120 --> 00:06:18.520]  接著的經文就說到
[00:06:18.520 --> 00:06:20.920]  有一個貴州往遠方去
[00:06:20.920 --> 00:06:24.120]  要德國回來的比喻
[00:06:24.120 --> 00:06:25.640]  在當時的猶太人
[00:06:25.640 --> 00:06:28.000]  他們有一個願望
[00:06:28.000 --> 00:06:29.680]  因為當時的猶太人
[00:06:29.680 --> 00:06:32.520]  他們是在羅馬的政權之下
[00:06:32.520 --> 00:06:34.960]  因此他們很希望能夠有一個君王
[00:06:34.960 --> 00:06:36.640]  能夠帶領他們
[00:06:36.640 --> 00:06:41.400]  能夠脫離羅馬政權的統治
[00:06:41.400 --> 00:06:44.000]  能夠得到解放
[00:06:44.000 --> 00:06:46.480]  他們所期待的是一個英雄
[00:06:46.480 --> 00:06:48.720]  一個政治的英雄
[00:06:48.720 --> 00:06:50.920]  讓他們有解放
[00:06:50.920 --> 00:06:53.240]  但當時耶穌知道他們心中的期望
[00:06:53.240 --> 00:06:54.400]  就清楚讓他們知道
[00:06:54.400 --> 00:06:58.240]  其實這不是我的身份
[00:06:58.240 --> 00:07:00.080]  然後說到貴州
[00:07:00.080 --> 00:07:02.680]  這個貴州大家聽到聖經所說
[00:07:02.680 --> 00:07:04.480]  去到遠方
[00:07:04.480 --> 00:07:08.920]  也意味著它需要很長時間才會再回來
[00:07:08.920 --> 00:07:11.360]  但在回來的這段時間裏
[00:07:11.360 --> 00:07:13.480]  要留心幾件事
[00:07:13.480 --> 00:07:14.480]  第一就是
[00:07:14.480 --> 00:07:18.680]  有很多人領受君王給他的一錢銀
[00:07:18.680 --> 00:07:20.480]  一定銀紙
[00:07:20.480 --> 00:07:23.040]  因此在君王再回來之前
[00:07:23.040 --> 00:07:27.080]  要善用一定銀紙
[00:07:27.080 --> 00:07:27.880]  大家明白
[00:07:27.880 --> 00:07:29.400]  其中的意思是提及
[00:07:29.400 --> 00:07:31.880]  我們要善用我們今生有一切資源
[00:07:31.880 --> 00:07:34.240]  等待這位主回來的時候
[00:07:34.240 --> 00:07:36.760]  他要和我們算帳
[00:07:36.760 --> 00:07:39.080]  或者說要賞賜
[00:07:39.080 --> 00:07:42.160]  按照我們怎樣運用一定的銀紙
[00:07:42.160 --> 00:07:44.160]  這些資源
[00:07:44.160 --> 00:07:45.480]  但同時當他回來的時候
[00:07:45.480 --> 00:07:46.520]  聖經就提及
[00:07:46.520 --> 00:07:49.520]  有些人要拒絕他作王
[00:07:49.520 --> 00:07:52.000]  大家看聖經第27節
[00:07:52.000 --> 00:07:55.200]  27節
[00:07:55.200 --> 00:07:58.240]  「至於那些受敵
[00:07:58.240 --> 00:08:00.240]  不要我作他們王的
[00:08:00.240 --> 00:08:03.840]  把他們拉來在我面前殺了吧」
[00:08:03.840 --> 00:08:07.480]  有些否定基督耶穌的王權的
[00:08:07.480 --> 00:08:10.280]  要面對神的審判
[00:08:10.280 --> 00:08:12.440]  當主耶穌說了這個比喻之後
[00:08:12.440 --> 00:08:16.200]  他才開始向耶路撒冷進發
[00:08:16.200 --> 00:08:19.640]  大家看看28節
[00:08:19.640 --> 00:08:21.040]  耶穌說完了這話
[00:08:21.040 --> 00:08:24.320]  就在前面走上耶路撒冷去
[00:08:24.320 --> 00:08:26.440]  將近伯伐奇和伯大尼
[00:08:26.440 --> 00:08:28.880]  坐在座山明教的橄欖山那裏
[00:08:28.880 --> 00:08:33.840]  打發兩個門徒去尋找一隻驢驅子
[00:08:33.840 --> 00:08:36.640]  大家知道聖經提及一個地方叫伯大尼
[00:08:36.640 --> 00:08:42.360]  就是耶穌在拉撒路被復活的地方
[00:08:42.360 --> 00:08:44.200]  在當時聖經提及伯大尼
[00:08:44.200 --> 00:08:47.080]  是一個很近耶路撒冷的地方
[00:08:47.080 --> 00:08:49.720]  大概相距兩英里的地方
[00:08:49.720 --> 00:08:52.240]  在耶路撒冷的東邊
[00:08:52.240 --> 00:08:55.040]  耶穌去到伯大尼就停下來
[00:08:55.040 --> 00:08:57.320]  他不立即去耶路撒冷
[00:08:57.320 --> 00:09:00.360]  因為他要尋找一隻驢驅子
[00:09:00.360 --> 00:09:02.160]  在當時大家會了解
[00:09:02.160 --> 00:09:04.600]  當一些軍王打勝仗
[00:09:04.600 --> 00:09:06.440]  海船回來的時候
[00:09:06.440 --> 00:09:09.160]  一般坐著甚麼?
[00:09:09.160 --> 00:09:12.480]  一些白色的戰馬或戰車
[00:09:12.480 --> 00:09:16.000]  去表示他的德性
[00:09:16.000 --> 00:09:18.240]  而且他會發覺在那段時間
[00:09:18.240 --> 00:09:22.080]  很多人都期望耶穌做一個政治領袖
[00:09:22.080 --> 00:09:24.880]  解決他們當時政治的問題
[00:09:24.880 --> 00:09:26.320]  但耶穌沒有這樣做
[00:09:26.320 --> 00:09:29.360]  他反而去尋找一隻驢驅子
[00:09:29.360 --> 00:09:31.040]  在當時巴勒斯坦的地方
[00:09:31.040 --> 00:09:32.920]  也有一些軍王
[00:09:32.920 --> 00:09:35.200]  他們會坐驢驅
[00:09:35.200 --> 00:09:38.480]  但通常是在一種很和平的狀況下
[00:09:38.480 --> 00:09:40.720]  來坐驢驅
[00:09:40.720 --> 00:09:42.840]  當主耶穌坐驢驅的時候
[00:09:42.840 --> 00:09:44.760]  大家記得聖經所說
[00:09:44.760 --> 00:09:46.720]  有沒有人坐過?
[00:09:46.720 --> 00:09:48.680]  從來沒有人坐過
[00:09:48.680 --> 00:09:51.120]  是一隻小驢驅
[00:09:51.120 --> 00:09:52.960]  他坐上去的時候
[00:09:52.960 --> 00:09:56.080]  正是表現出他是一位和平
[00:09:56.080 --> 00:09:58.680]  和慈愛的軍王
[00:09:58.680 --> 00:10:01.840]  他不是拿著一把強權的刀
[00:10:01.840 --> 00:10:04.280]  去威嚇人服從他
[00:10:04.280 --> 00:10:05.640]  他是和平的軍王
[00:10:05.640 --> 00:10:07.200]  他是慈愛的軍王
[00:10:07.200 --> 00:10:09.040]  進入耶路撒冷當中
[00:10:09.040 --> 00:10:13.640]  不是群眾所期待的那種戰爭英雄
[00:10:13.640 --> 00:10:15.680]  大家記得剛才我們讀的
[00:10:15.680 --> 00:10:19.760]  一個宣詔的經文在哪裡?
[00:10:19.760 --> 00:10:21.400]  如果你看周刊
[00:10:21.400 --> 00:10:24.320]  你會看到寫著
[00:10:24.320 --> 00:10:28.160]  撒加利亞書九章九節的經文
[00:10:28.160 --> 00:10:30.920]  當中提及到一位主
[00:10:30.920 --> 00:10:35.920]  他如何帶著榮耀進入耶路撒冷的地方
[00:10:35.920 --> 00:10:37.000]  如果大家想揭開
[00:10:37.000 --> 00:10:38.960]  在聖經的馬頭篷前面
[00:10:38.960 --> 00:10:41.200]  馬拉基書撒加利亞書
[00:10:41.200 --> 00:10:43.480]  在九章九節
[00:10:43.480 --> 00:10:45.400]  聖經就這樣說
[00:10:45.400 --> 00:10:48.320]  「錫安的民也應當大大喜樂」
[00:10:48.320 --> 00:10:49.200]  不單是喜樂
[00:10:49.200 --> 00:10:50.720]  要大大的喜樂
[00:10:50.720 --> 00:10:53.200]  耶路撒冷的民也應當歡呼
[00:10:53.200 --> 00:10:54.400]  看呀
[00:10:54.400 --> 00:10:56.160]  誰來到了?
[00:10:56.160 --> 00:10:57.840]  你的王
[00:10:57.840 --> 00:10:59.400]  不是誰人的王
[00:10:59.400 --> 00:11:02.200]  是你的王來到這裡
[00:11:02.200 --> 00:11:03.960]  他是公義的
[00:11:03.960 --> 00:11:05.840]  而且要做一件事情
[00:11:05.840 --> 00:11:07.720]  施行拯救
[00:11:07.720 --> 00:11:10.440]  他謙謙和和地騎著驢
[00:11:10.440 --> 00:11:14.960]  就是騎著驢的驅使
[00:11:14.960 --> 00:11:16.920]  請聽清楚預言
[00:11:16.920 --> 00:11:18.680]  這位尼塞亞基督
[00:11:18.680 --> 00:11:20.880]  他將會騎著驢驅使
[00:11:20.880 --> 00:11:23.960]  進入耶路撒冷
[00:11:23.960 --> 00:11:25.240]  各位弟兄姊妹
[00:11:25.240 --> 00:11:27.760]  在當時其實耶穌說了很多次
[00:11:27.760 --> 00:11:29.400]  祂自己的身份
[00:11:29.400 --> 00:11:32.400]  但是似乎很多人都不太明白
[00:11:32.400 --> 00:11:34.600]  這次耶穌以一個很象徵性
[00:11:34.600 --> 00:11:38.280]  或者很圖畫性的形象
[00:11:38.280 --> 00:11:42.120]  騎著驢驅的君王
[00:11:42.120 --> 00:11:45.760]  一個圖像進入耶路撒冷
[00:11:45.760 --> 00:11:48.640]  讓他們想起在舊的聖經裡面所預言的
[00:11:48.640 --> 00:11:51.600]  一位就是尼塞亞基督
[00:11:51.600 --> 00:11:52.600]  大家或者會記得
[00:11:52.600 --> 00:11:54.400]  之前耶穌去耶路撒冷的時候
[00:11:54.400 --> 00:11:57.000]  一般是怎樣的?
[00:11:57.000 --> 00:11:58.520]  是很隱藏的
[00:11:58.520 --> 00:11:59.800]  很低調的
[00:11:59.800 --> 00:12:01.760]  沒有什麼人知道祂進來
[00:12:01.760 --> 00:12:02.960]  但是這次
[00:12:02.960 --> 00:12:06.160]  主耶穌知道是最後一個星期
[00:12:06.160 --> 00:12:08.280]  祂是公開地承認
[00:12:08.280 --> 00:12:11.840]  祂就是那位尼塞亞大君王
[00:12:11.840 --> 00:12:13.760]  按照聖經所預言的
[00:12:13.760 --> 00:12:16.080]  來表達出來
[00:12:16.080 --> 00:12:17.520]  而在整個過程當中
[00:12:17.520 --> 00:12:18.400]  祂清楚承認
[00:12:18.400 --> 00:12:20.520]  祂就是那位君王
[00:12:20.520 --> 00:12:23.840]  然後聖經《路加斐函》十九章所說的
[00:12:23.840 --> 00:12:28.760]  那些門徒想起耶穌曾經所做的神蹟奇事
[00:12:28.760 --> 00:12:30.840]  他們是怎樣的?
[00:12:30.840 --> 00:12:32.840]  他們唱詩讚美神
[00:12:32.840 --> 00:12:34.800]  在其他福音書提及
[00:12:34.800 --> 00:12:36.360]  「和撒拿」
[00:12:36.360 --> 00:12:37.880]  「和撒拿」大家知道這個意思
[00:12:37.880 --> 00:12:40.880]  就是求、請、救
[00:12:40.880 --> 00:12:42.320]  是一個祈禱
[00:12:42.320 --> 00:12:43.920]  但是當他們感受到
[00:12:43.920 --> 00:12:46.880]  這位基督帶給他們請求
[00:12:46.880 --> 00:12:49.760]  這個禱告成為了一種讚美
[00:12:49.760 --> 00:12:51.400]  是一種讚美的表達
[00:12:51.400 --> 00:12:52.880]  我們可以請救了
[00:12:52.880 --> 00:12:54.800]  我們可以救恩了
[00:12:54.800 --> 00:12:57.560]  是一種歡呼的讚美
[00:12:57.560 --> 00:12:59.240]  而耶穌基督清楚表達出
[00:12:59.240 --> 00:13:01.960]  就是這些神蹟奇事
[00:13:01.960 --> 00:13:08.000]  正在印證主耶穌是那位天地的上帝
[00:13:08.000 --> 00:13:11.400]  大家看看剛才《路加斐函》十九章
[00:13:11.400 --> 00:13:15.880]  有哪些人阻止門徒唱詩歌?
[00:13:15.880 --> 00:13:20.720]  法利賽人在三十九節這樣說
[00:13:20.720 --> 00:13:22.360]  三十九節
[00:13:22.360 --> 00:13:24.960]  眾人中有幾個法利賽人對耶穌說
[00:13:24.960 --> 00:13:28.160]  夫子責備你的門徒吧
[00:13:28.160 --> 00:13:30.880]  當門徒這樣唱詩歌的時候
[00:13:30.880 --> 00:13:34.080]  是表達出這位是神
[00:13:34.080 --> 00:13:35.960]  是天地的君王
[00:13:35.960 --> 00:13:38.560]  因此對這些宗教領袖來說
[00:13:38.560 --> 00:13:40.840]  這些說話好像是一種
[00:13:40.840 --> 00:13:42.840]  好像對神的不敬
[00:13:42.840 --> 00:13:43.800]  一種褻瀆
[00:13:43.800 --> 00:13:46.400]  因此想制止他們所說的話
[00:13:46.400 --> 00:13:48.560]  但耶穌沒有依從他們所說的
[00:13:48.560 --> 00:13:49.880]  祂接著說
[00:13:49.880 --> 00:13:51.320]  「我告訴你們
[00:13:51.320 --> 00:13:53.160]  若是他們閉口不說
[00:13:53.160 --> 00:13:57.360]  這些石頭必要呼叫出來」
[00:13:57.360 --> 00:14:00.600]  也意味著主耶穌完全地承認
[00:14:00.600 --> 00:14:05.280]  他們是向一位上帝歌頌
[00:14:05.280 --> 00:14:08.040]  這個時候主不再隱藏
[00:14:08.040 --> 00:14:13.320]  祂清楚地表達出祂是那位君王
[00:14:13.320 --> 00:14:14.080]  各位弟子妹
[00:14:14.080 --> 00:14:16.880]  我們都是信靠主的人
[00:14:16.880 --> 00:14:19.760]  或者你在尋求的過程
[00:14:19.760 --> 00:14:21.960]  但關鍵的就是
[00:14:21.960 --> 00:14:25.880]  不單單你相信耶穌基督是君王
[00:14:25.880 --> 00:14:27.440]  在你人生裏面
[00:14:27.440 --> 00:14:31.320]  你是否真正以祂為你的王
[00:14:31.320 --> 00:14:33.680]  你是否尊祂為你的王
[00:14:33.680 --> 00:14:39.240]  真正按照祂的心意來行事生門
[00:14:39.240 --> 00:14:42.160]  因為祂是和平的君王
[00:14:42.160 --> 00:14:44.440]  當你真正跟隨祂的時候
[00:14:44.440 --> 00:14:48.960]  你真正明白何謂和平
[00:14:48.960 --> 00:14:51.840]  前幾天有一群弟兄姊妹來到我家
[00:14:51.840 --> 00:14:53.240]  一群新受浸弟兄姊妹
[00:14:53.240 --> 00:14:55.280]  分享了他們的經歷
[00:14:55.280 --> 00:14:58.200]  我很開心聽到他們信主的經過
[00:14:58.200 --> 00:15:00.520]  其中一位姊妹說道
[00:15:00.520 --> 00:15:02.560]  她家庭本來很複雜
[00:15:02.560 --> 00:15:06.680]  因為有一位家人有很大的賭癮
[00:15:06.680 --> 00:15:10.160]  因此欠下很多債
[00:15:10.160 --> 00:15:12.440]  很多人來她家追債
[00:15:12.440 --> 00:15:14.400]  打電話來恐嚇他們
[00:15:14.400 --> 00:15:16.560]  甚至把妻子留在門外
[00:15:16.560 --> 00:15:18.760]  讓大家知道事情
[00:15:18.760 --> 00:15:19.720]  所以這位姊妹說
[00:15:19.720 --> 00:15:22.040]  她終日惶恐不安
[00:15:22.040 --> 00:15:27.480]  很擔心何時會有惡人來找她們
[00:15:27.480 --> 00:15:28.240]  但在那時候
[00:15:28.240 --> 00:15:31.320]  錦日臣的兒子的女朋友
[00:15:31.320 --> 00:15:34.240]  帶她回到北宣參加聚會
[00:15:34.240 --> 00:15:35.360]  在報道會當中
[00:15:35.360 --> 00:15:38.520]  這位太太決志信耶穌
[00:15:38.520 --> 00:15:39.480]  她說
[00:15:39.480 --> 00:15:41.640]  當我信耶穌之後
[00:15:41.640 --> 00:15:43.640]  我裏面有一種很特別的平安
[00:15:43.640 --> 00:15:46.720]  我不再擔心這些事情
[00:15:46.720 --> 00:15:49.520]  我不再擔心這些騷擾
[00:15:49.520 --> 00:15:51.480]  有一種很特別的平安充滿著我
[00:15:51.480 --> 00:15:53.440]  我不怕了
[00:15:53.440 --> 00:15:54.480]  我一邊聽她說的時候
[00:15:54.480 --> 00:15:56.920]  看到她面上的面容
[00:15:56.920 --> 00:16:00.080]  就感受到那種分別
[00:16:00.080 --> 00:16:00.920]  一個人
[00:16:00.920 --> 00:16:03.280]  當他知道有一位歷史的君王
[00:16:03.280 --> 00:16:05.480]  掌管他的人生
[00:16:05.480 --> 00:16:08.800]  這位大君王上上保護他
[00:16:08.800 --> 00:16:11.480]  因此他心裏可以安寧
[00:16:11.480 --> 00:16:13.440]  可以平安
[00:16:13.440 --> 00:16:15.880]  可以安穩
[00:16:15.880 --> 00:16:16.800]  各位弟兄姊妹
[00:16:16.800 --> 00:16:18.960]  當我們上到這裏的時候
[00:16:18.960 --> 00:16:20.520]  或許你會記得
[00:16:20.520 --> 00:16:21.560]  或許你初信的時候
[00:16:21.560 --> 00:16:24.360]  有人給你一張四律
[00:16:24.360 --> 00:16:26.680]  裏面去到決志的部分
[00:16:26.680 --> 00:16:28.760]  有兩張甚麼
[00:16:28.760 --> 00:16:30.040]  有兩個圈
[00:16:30.040 --> 00:16:31.640]  大家不知道有沒有印象
[00:16:31.640 --> 00:16:33.200]  裏面有兩張椅子
[00:16:33.200 --> 00:16:35.120]  一個圈象徵著
[00:16:35.120 --> 00:16:38.560]  當你在你的寶座上自己作王
[00:16:38.560 --> 00:16:40.840]  這張椅子上寫著「我」
[00:16:40.840 --> 00:16:41.480]  「我阿頭」
[00:16:41.480 --> 00:16:42.280]  「我話事」
[00:16:42.280 --> 00:16:44.640]  「我主宰自己人生」
[00:16:44.640 --> 00:16:47.720]  但這幅圖裏面有很多散亂的情景
[00:16:47.720 --> 00:16:49.040]  很混亂
[00:16:49.040 --> 00:16:51.040]  當你要帶領自己人生的時候
[00:16:51.040 --> 00:16:52.520]  你覺得很混亂
[00:16:52.520 --> 00:16:54.000]  但另一幅圖畫
[00:16:54.000 --> 00:16:55.680]  有一張椅子
[00:16:55.680 --> 00:16:58.200]  裏面寫著的是誰?
[00:16:58.200 --> 00:16:59.760]  是主耶穌
[00:16:59.760 --> 00:17:01.360]  主耶穌是你生命的主
[00:17:01.360 --> 00:17:02.920]  是你生命的王
[00:17:02.920 --> 00:17:05.360]  這幅圖畫是有秩序
[00:17:05.360 --> 00:17:07.360]  有平安
[00:17:07.360 --> 00:17:09.280]  當你真正知道祂是王
[00:17:09.280 --> 00:17:12.640]  你接受祂的掌權的時候
[00:17:12.640 --> 00:17:16.160]  你要領受神給你的真正的平安
[00:17:16.160 --> 00:17:18.560]  真正的盼望
[00:17:18.560 --> 00:17:19.360]  我們再看
[00:17:19.360 --> 00:17:21.040]  我們再看下面的經文
[00:17:21.040 --> 00:17:21.920]  經文再提到
[00:17:21.920 --> 00:17:25.160]  當主耶穌入到耶路撒冷的時候
[00:17:25.160 --> 00:17:26.880]  張快去耶路撒冷
[00:17:26.880 --> 00:17:30.080]  他就見到整個城的情景
[00:17:30.080 --> 00:17:34.160]  我們看第四十一節
[00:17:34.160 --> 00:17:36.440]  耶穌快到耶路撒冷看見城
[00:17:36.440 --> 00:17:38.440]  就是祂哀哭
[00:17:38.440 --> 00:17:41.160]  說:巴不得你在這日子
[00:17:41.160 --> 00:17:45.280]  知道關係你平安的事
[00:17:45.280 --> 00:17:47.240]  主耶穌憐憫當時那些
[00:17:47.240 --> 00:17:50.640]  剛強剛硬不肯悔改的人
[00:17:50.640 --> 00:17:53.160]  他去到橄欖山的時候
[00:17:53.160 --> 00:17:53.880]  有些頂智慧
[00:17:53.880 --> 00:17:55.040]  如果你去過城城
[00:17:55.040 --> 00:17:56.880]  有機會參觀
[00:17:56.880 --> 00:18:00.040]  耶路撒冷旁邊是橄欖山
[00:18:00.040 --> 00:18:01.720]  一個小山
[00:18:01.720 --> 00:18:03.640]  要下去下面的山谷
[00:18:03.640 --> 00:18:05.720]  去到吸輪溪的地方
[00:18:05.720 --> 00:18:07.440]  再向上走
[00:18:07.440 --> 00:18:08.800]  一個小的山坡
[00:18:08.800 --> 00:18:11.520]  就會去到耶路撒冷城
[00:18:11.520 --> 00:18:15.320]  因此在橄欖山
[00:18:15.320 --> 00:18:16.520]  在山坡的時候
[00:18:16.520 --> 00:18:17.720]  直望過去
[00:18:17.720 --> 00:18:21.920]  就見到整座的耶路撒冷聖城
[00:18:21.920 --> 00:18:22.520]  這個地方
[00:18:22.520 --> 00:18:24.200]  今天有一間禮拜堂
[00:18:24.200 --> 00:18:29.320]  這間禮拜堂叫做主哭耶經堂
[00:18:29.320 --> 00:18:31.480]  當我去到這個禮拜堂的時候
[00:18:31.480 --> 00:18:33.160]  入到去裡面
[00:18:33.160 --> 00:18:35.080]  發覺它的講台很特別
[00:18:35.080 --> 00:18:38.040]  因為講台是向著耶路撒冷
[00:18:38.040 --> 00:18:39.960]  來建築的
[00:18:39.960 --> 00:18:41.160]  而講台後面
[00:18:41.160 --> 00:18:43.880]  有一個很大的玻璃鏡
[00:18:43.880 --> 00:18:45.360]  透明的玻璃
[00:18:45.360 --> 00:18:46.480]  一望出去
[00:18:46.480 --> 00:18:50.600]  就整個耶路撒冷在眼前出現
[00:18:50.600 --> 00:18:53.160]  我相信設計的人是想提醒我們
[00:18:53.160 --> 00:18:54.640]  在這個地方
[00:18:54.640 --> 00:18:57.080]  主耶穌望著耶路撒冷的時候
[00:18:57.080 --> 00:19:00.000]  祂就哀哭
[00:19:00.000 --> 00:19:01.080]  這個字哀哭
[00:19:01.080 --> 00:19:04.400]  是象徵著真的流出眼淚
[00:19:04.400 --> 00:19:06.280]  這個文字是表示出
[00:19:06.280 --> 00:19:08.040]  是真正難過
[00:19:08.040 --> 00:19:10.920]  流出眼淚的哀哭
[00:19:10.920 --> 00:19:13.200]  主耶穌祂為什麼哀哭呢?
[00:19:13.200 --> 00:19:15.120]  祂因為看到一群人
[00:19:15.120 --> 00:19:17.840]  不能夠接受祂的救恩
[00:19:17.840 --> 00:19:22.000]  將來有的一個後果
[00:19:22.000 --> 00:19:26.600]  大家看看聖經四十二節
[00:19:26.600 --> 00:19:28.720]  「巴不得你在這日子
[00:19:28.720 --> 00:19:32.760]  知道關係祢平安的事
[00:19:32.760 --> 00:19:35.920]  無奈這是現在是隱藏的
[00:19:35.920 --> 00:19:38.880]  叫你的眼看不出來」
[00:19:38.880 --> 00:19:39.840]  主耶穌的心
[00:19:39.840 --> 00:19:41.960]  何等盼望他們能夠明白
[00:19:41.960 --> 00:19:46.320]  什麼是最關鍵的平安
[00:19:46.320 --> 00:19:47.240]  他們不知道
[00:19:47.240 --> 00:19:50.960]  當他們接受這位平安的君王
[00:19:50.960 --> 00:19:53.640]  他們才有真正的平安
[00:19:53.640 --> 00:19:55.960]  但當時他們所尋求的
[00:19:55.960 --> 00:19:59.320]  他們想得到一個政治的釋放
[00:19:59.320 --> 00:20:01.240]  在後來大家知道
[00:20:01.240 --> 00:20:05.720]  因為有猶太人組織一些組織
[00:20:05.720 --> 00:20:08.600]  然後他們會去抗拒
[00:20:08.600 --> 00:20:11.840]  不讓羅馬軍人來控制他們
[00:20:11.840 --> 00:20:14.880]  因此有這些叛逆的情況
[00:20:14.880 --> 00:20:17.840]  在公元七十年
[00:20:17.840 --> 00:20:20.920]  羅馬的兵丁提多將軍
[00:20:20.920 --> 00:20:23.840]  帶著一大隊精勇的兵丁
[00:20:23.840 --> 00:20:26.720]  來攻陷耶路撒冷
[00:20:26.720 --> 00:20:30.080]  而且將整個城牆完全拆毀
[00:20:30.080 --> 00:20:30.760]  聖經所說
[00:20:30.760 --> 00:20:34.160]  一塊石頭不再留在另一塊石頭上
[00:20:34.160 --> 00:20:37.560]  表示一個很徹底的拆毀情況
[00:20:37.560 --> 00:20:38.560]  這個情況
[00:20:38.560 --> 00:20:41.760]  他們完全不會預料到
[00:20:41.760 --> 00:20:45.240]  但主已經知道這些情況
[00:20:45.240 --> 00:20:47.400]  而祂為他們哀哭
[00:20:47.400 --> 00:20:49.560]  為他們難過
[00:20:49.560 --> 00:20:51.680]  但為什麼主會隱藏著
[00:20:51.680 --> 00:20:53.080]  不讓他們知道呢?
[00:20:53.080 --> 00:20:55.920]  不是主向他們隱瞞事情
[00:20:55.920 --> 00:20:59.000]  只不過是因為他們不願意去接受
[00:20:59.000 --> 00:21:01.760]  所以他們的心靈不會明白
[00:21:01.760 --> 00:21:02.640]  我請大家在此時
[00:21:02.640 --> 00:21:08.040]  請你去前面的《馬太福音》
[00:21:08.040 --> 00:21:14.360]  《馬太福音》第23章
[00:21:14.360 --> 00:21:18.520]  第37節
[00:21:18.520 --> 00:21:21.680]  在另一次當主耶穌進入耶路撒冷之後
[00:21:21.680 --> 00:21:25.640]  祂和一群猶太人這樣說
[00:21:25.640 --> 00:21:28.360]  23章37節
[00:21:28.360 --> 00:21:30.040]  耶路撒冷啊!耶路撒冷啊!
[00:21:30.040 --> 00:21:31.600]  你嘗殺害先知
[00:21:31.600 --> 00:21:33.200]  又用石頭打死
[00:21:33.200 --> 00:21:36.000]  那逢擦顯到你這類來的人
[00:21:36.000 --> 00:21:38.480]  我多次願意聚集你的兒女
[00:21:38.480 --> 00:21:39.960]  好像什麼?
[00:21:39.960 --> 00:21:41.160]  好像母雞
[00:21:41.160 --> 00:21:43.200]  將小雞聚集在翅膀底下
[00:21:43.200 --> 00:21:45.400]  很想保護他們
[00:21:45.400 --> 00:21:46.840]  接著那句說
[00:21:46.840 --> 00:21:50.440]  只是你們不願意
[00:21:50.440 --> 00:21:52.960]  看那你們的家要成為方牆
[00:21:52.960 --> 00:21:55.440]  留給你們
[00:21:55.440 --> 00:21:56.360]  我告訴你們
[00:21:56.360 --> 00:21:58.560]  從今以後你們不得再見我
[00:21:58.560 --> 00:22:00.240]  直等到你們說
[00:22:00.240 --> 00:22:05.480]  奉主命來的是應當稱頌的
[00:22:05.480 --> 00:22:07.760]  不是主不願意來拯救他們
[00:22:07.760 --> 00:22:11.120]  是他們不願意
[00:22:11.120 --> 00:22:15.200]  因此他們都不能夠看見
[00:22:15.200 --> 00:22:17.240]  神給他們的平安
[00:22:17.240 --> 00:22:20.760]  神給他們各樣的恩惠
[00:22:20.760 --> 00:22:21.520]  各位電影姐妹
[00:22:21.520 --> 00:22:22.280]  大家好明白
[00:22:22.280 --> 00:22:23.360]  今天的社會
[00:22:23.360 --> 00:22:25.080]  很多人想尋求的
[00:22:25.080 --> 00:22:27.640]  是生活上的富足
[00:22:27.640 --> 00:22:30.600]  是能夠有政治的安全穩定
[00:22:30.600 --> 00:22:34.200]  是有財富的一個把握
[00:22:34.200 --> 00:22:35.400]  但是很多人都明白
[00:22:35.400 --> 00:22:37.440]  其實有了財富之後
[00:22:37.440 --> 00:22:38.760]  不會真正
[00:22:38.760 --> 00:22:42.040]  不一定有真正的平安和快樂
[00:22:42.040 --> 00:22:45.400]  我記得曾經跟大家講過一個調查
[00:22:45.400 --> 00:22:47.880]  在美國一個追蹤性的調查
[00:22:47.880 --> 00:22:49.800]  是調查有很多個
[00:22:49.800 --> 00:22:51.600]  曾經得到橫財
[00:22:51.600 --> 00:22:54.800]  或者獎金的一些百萬富翁
[00:22:54.800 --> 00:22:58.480]  由幾十萬到一千萬美金的人
[00:22:58.480 --> 00:23:00.960]  很多年追蹤他們的情況
[00:23:00.960 --> 00:23:05.720]  究竟他們後來的發展會是怎樣的呢?
[00:23:05.720 --> 00:23:08.000]  這個調查就發現
[00:23:08.000 --> 00:23:13.800]  在大概一年半到兩年之間
[00:23:13.800 --> 00:23:18.120]  這些富翁有75%
[00:23:18.120 --> 00:23:20.200]  12個就有9個
[00:23:20.200 --> 00:23:23.120]  最終是破產
[00:23:23.120 --> 00:23:25.920]  75%的人最終會破產
[00:23:25.920 --> 00:23:29.920]  而且他們最終會落在很多的悲哀裏面
[00:23:29.920 --> 00:23:31.560]  有些個別的個案
[00:23:31.560 --> 00:23:35.560]  他是會陷落很大的債項
[00:23:35.560 --> 00:23:38.080]  有些和家人之間出現了衝突
[00:23:38.080 --> 00:23:40.320]  有個個案甚至是拿槍
[00:23:40.320 --> 00:23:43.200]  打死了自己的債主
[00:23:43.200 --> 00:23:44.880]  本來有一千萬的
[00:23:44.880 --> 00:23:46.760]  但是現在變成債仔
[00:23:46.760 --> 00:23:48.600]  後來殺了自己的債主
[00:23:48.600 --> 00:23:50.560]  被抓去坐牢
[00:23:50.560 --> 00:23:52.640]  很多事情當你小心看的時候
[00:23:52.640 --> 00:23:54.400]  不是一個兩個
[00:23:54.400 --> 00:23:58.880]  當人未曾得到主耶穌給予的平安
[00:23:58.880 --> 00:24:01.360]  就算家財千萬
[00:24:01.360 --> 00:24:04.720]  就算有很穩定的環境
[00:24:04.720 --> 00:24:09.400]  不會真正得到和平
[00:24:09.400 --> 00:24:12.160]  因此聖經給我們清楚的看見就是
[00:24:12.160 --> 00:24:16.520]  直至當人真心地來接受主耶穌的王權
[00:24:16.520 --> 00:24:20.400]  他的生命才會有真正的平安
[00:24:20.400 --> 00:24:22.680]  而當時主耶穌看見他們的情況
[00:24:22.680 --> 00:24:24.120]  他們不願意回轉的時候
[00:24:24.120 --> 00:24:25.680]  祂會為他們哀哭
[00:24:25.680 --> 00:24:30.480]  大家看回《路加福音》第十九章四十一節
[00:24:30.480 --> 00:24:36.400]  聖經提到四十二節
[00:24:36.400 --> 00:24:39.640]  巴不得主耶穌將他的心願說出來
[00:24:39.640 --> 00:24:43.360]  然後四十三節就說到剛才提及的那種預言
[00:24:43.360 --> 00:24:46.240]  因為日子將到你的受敵必捉起土裡
[00:24:46.240 --> 00:24:47.440]  周圍環繞你
[00:24:47.440 --> 00:24:49.280]  四面困住你
[00:24:49.280 --> 00:24:52.840]  並要掃滅你和你裡頭的兒女
[00:24:52.840 --> 00:24:55.680]  連一塊石頭也不留在石頭上
[00:24:55.680 --> 00:24:57.000]  為什麼?
[00:24:57.000 --> 00:25:02.040]  因你不知道眷顧你的時候
[00:25:02.040 --> 00:25:03.880]  簡單來說
[00:25:03.880 --> 00:25:07.160]  耶穌為什麼會哀哭呢?
[00:25:07.160 --> 00:25:10.520]  是因為祂哀哭這群猶太人
[00:25:10.520 --> 00:25:15.560]  失去得拯救的機會
[00:25:15.560 --> 00:25:17.400]  本來主耶穌來到
[00:25:17.400 --> 00:25:20.040]  是將一份拯救帶給他們
[00:25:20.040 --> 00:25:22.000]  但當他們拒絕的時候
[00:25:22.000 --> 00:25:23.880]  他們失去了
[00:25:23.880 --> 00:25:28.160]  因此主為他們哀哭
[00:25:28.160 --> 00:25:31.480]  如果我們中間有一些未曾認識
[00:25:31.480 --> 00:25:35.320]  未曾信靠耶穌的朋友
[00:25:35.320 --> 00:25:37.440]  我勸告你
[00:25:37.440 --> 00:25:40.240]  你快快把握著機會
[00:25:40.240 --> 00:25:42.960]  主耶穌很愛你
[00:25:42.960 --> 00:25:47.560]  你把握著機會去接受祂給你的拯救
[00:25:47.560 --> 00:25:49.280]  信耶穌的人
[00:25:49.280 --> 00:25:51.600]  你要常常去確認
[00:25:51.600 --> 00:25:54.680]  祂是你的生命的王
[00:25:54.680 --> 00:25:57.240]  當你一路跟隨祂、倚靠祂
[00:25:57.240 --> 00:26:02.440]  你要經歷祂給你生命的平安
[00:26:02.440 --> 00:26:04.240]  主耶穌為了一些剛硬的人
[00:26:04.240 --> 00:26:06.600]  仍然流淚、仍然哀哭
[00:26:06.600 --> 00:26:09.080]  祂的榜樣也成為我們的提醒
[00:26:09.080 --> 00:26:13.400]  教導我們學習關心、愛護抗拒的人
[00:26:13.400 --> 00:26:16.880]  甚至是剛硬、不願意悔改的朋友
[00:26:16.880 --> 00:26:18.960]  我們仍然學習去忍耐
[00:26:18.960 --> 00:26:21.000]  我記得有一次我聽到一位弟兄分享
[00:26:21.000 --> 00:26:23.760]  他說他是做教書的
[00:26:23.760 --> 00:26:24.960]  他是做班主任
[00:26:24.960 --> 00:26:26.320]  有一次有一個同學
[00:26:26.320 --> 00:26:27.480]  這個學生出了名
[00:26:27.480 --> 00:26:31.200]  經常很頑劣、很賭蛋
[00:26:31.200 --> 00:26:32.320]  有一次發生一些事情
[00:26:32.320 --> 00:26:33.560]  這個老師很痛心
[00:26:33.560 --> 00:26:34.720]  他很疼愛他
[00:26:34.720 --> 00:26:36.040]  但他一直沒有改變
[00:26:36.040 --> 00:26:36.760]  很難受
[00:26:36.760 --> 00:26:38.880]  因此就抓了他去房間
[00:26:38.880 --> 00:26:40.160]  跟他聊天
[00:26:40.160 --> 00:26:43.280]  問他知否這樣做會令他很傷心
[00:26:43.280 --> 00:26:44.840]  不要再這樣了
[00:26:44.840 --> 00:26:46.840]  一直勸他
[00:26:46.840 --> 00:26:47.840]  勸著勸著
[00:26:47.840 --> 00:26:49.440]  老師也忍不住自己的感情
[00:26:49.440 --> 00:26:52.840]  突然流淚、哭泣
[00:26:52.840 --> 00:26:56.240]  這個學生突然很驚慌
[00:26:56.240 --> 00:26:58.440]  老師為他哭泣
[00:26:58.440 --> 00:27:00.600]  他很重視他
[00:27:00.600 --> 00:27:04.960]  突然覺得有位老師真的關心他
[00:27:04.960 --> 00:27:08.600]  這位學生有一個很大的醒覺
[00:27:08.600 --> 00:27:09.960]  而那次之後
[00:27:09.960 --> 00:27:14.400]  他的生命有明顯的改變
[00:27:14.400 --> 00:27:16.840]  有些時候我們也會察覺到
[00:27:16.840 --> 00:27:20.280]  當我們真正懂得去愛的時候
[00:27:20.280 --> 00:27:24.600]  人會真正知道去轉向神
[00:27:24.600 --> 00:27:26.920]  我曾經提及一位宣教士
[00:27:26.920 --> 00:27:29.800]  一位很重要的在菲律賓的宣教士
[00:27:29.800 --> 00:27:31.360]  Frank Lohbeck
[00:27:31.360 --> 00:27:33.280]  羅伯克先生
[00:27:33.280 --> 00:27:35.480]  當他在菲律賓有幾年的時間
[00:27:35.480 --> 00:27:39.080]  但發覺很多人都不願意聽他所說的福音
[00:27:39.080 --> 00:27:41.080]  有一次他自己走到山頭
[00:27:41.080 --> 00:27:42.880]  到山頭的時候他祈禱
[00:27:42.880 --> 00:27:44.280]  心裡有很多怨憤
[00:27:44.280 --> 00:27:47.080]  「神啊,你帶我來這個地方」
[00:27:47.080 --> 00:27:48.080]  他是美國人
[00:27:48.080 --> 00:27:49.800]  幾年來到這個地方
[00:27:49.800 --> 00:27:51.560]  但完全沒有果效
[00:27:51.560 --> 00:27:52.920]  他就向神埋怨
[00:27:52.920 --> 00:27:56.040]  「為什麼這些人這麼剛硬?」
[00:27:56.040 --> 00:27:57.720]  在祈禱的時候
[00:27:57.720 --> 00:28:00.840]  好像聖靈給他一個提醒
[00:28:00.840 --> 00:28:08.120]  「除非你將你那種美國人優越民族感放下」
[00:28:08.120 --> 00:28:12.000]  「除非你真的愛這些菲律賓人士」
[00:28:12.000 --> 00:28:18.320]  「你才會真正能夠成為我福音的見證」
[00:28:18.320 --> 00:28:20.120]  羅伯克宣教士
[00:28:20.120 --> 00:28:23.160]  在當時心裡有很大的提醒
[00:28:23.160 --> 00:28:24.440]  向神認罪
[00:28:24.440 --> 00:28:28.760]  求神寬恕他那種自我
[00:28:28.760 --> 00:28:32.960]  求神將那顆愛人的心賜給他
[00:28:32.960 --> 00:28:34.640]  然後很奇妙的
[00:28:34.640 --> 00:28:36.560]  幾年時間後
[00:28:36.560 --> 00:28:38.280]  神大大使用他
[00:28:38.280 --> 00:28:41.800]  很多人因為他的工作而信主
[00:28:41.800 --> 00:28:44.680]  而蒙恩得救
[00:28:44.680 --> 00:28:45.840]  各位弟兄姊妹
[00:28:45.840 --> 00:28:49.160]  當我們來到了受苦州的時候
[00:28:49.160 --> 00:28:50.960]  整個受苦州
[00:28:50.960 --> 00:28:52.960]  就是主耶穌清楚顯明
[00:28:52.960 --> 00:28:56.560]  祂因為愛而願意為我們受苦
[00:28:56.560 --> 00:29:00.080]  甚至為那些逼迫祂的人受苦
[00:29:00.080 --> 00:29:02.960]  而你和我在這段日子也學習
[00:29:02.960 --> 00:29:06.160]  如何去憑著一份愛
[00:29:06.160 --> 00:29:08.480]  來關心、愛護那些
[00:29:08.480 --> 00:29:10.280]  或許你覺得不可愛
[00:29:10.280 --> 00:29:12.560]  不值得你去關懷的人
[00:29:12.560 --> 00:29:13.840]  但是你會發覺
[00:29:13.840 --> 00:29:19.240]  神會透過你將恩典帶給他們
[00:29:19.240 --> 00:29:21.440]  當我們看完這段經文的時候
[00:29:21.440 --> 00:29:23.800]  我們思想了兩件事情
[00:29:23.800 --> 00:29:25.400]  第一
[00:29:25.400 --> 00:29:28.320]  耶穌基督是尼塞亞
[00:29:28.320 --> 00:29:31.320]  祂是君王
[00:29:31.320 --> 00:29:32.280]  第二
[00:29:32.280 --> 00:29:34.000]  祂來到的時候
[00:29:34.000 --> 00:29:37.600]  祂不是騎著一隻高頭駿馬
[00:29:37.600 --> 00:29:40.760]  祂是騎著盧驅子
[00:29:40.760 --> 00:29:42.760]  祂是和平的君王
[00:29:42.760 --> 00:29:44.360]  也勸告我們
[00:29:44.360 --> 00:29:47.320]  學習以和平以愛
[00:29:47.320 --> 00:29:50.920]  去愛護你身邊很多的朋友
[00:29:50.920 --> 00:29:52.440]  以致這份和平
[00:29:52.440 --> 00:29:56.040]  透過你能夠延續出去
[00:29:56.040 --> 00:29:58.440]  而你也可以在祂的生命當中
[00:29:58.440 --> 00:30:01.320]  不斷經歷到這位君王
[00:30:01.320 --> 00:30:04.320]  如何將平安賜給你
[00:30:04.320 --> 00:30:05.640]  求神這樣施恩
[00:30:05.640 --> 00:30:07.840]  讓我們在受苦的期間
[00:30:07.840 --> 00:30:11.800]  認識神的平安和祂的愛
[00:30:11.800 --> 00:30:13.000]  我們一起祈禱
[00:30:13.000 --> 00:30:15.000]  謝謝大家

