
[00:00:00.000 --> 00:00:02.000]  弟兄姊妹平安
[00:00:02.000 --> 00:00:05.000]  我們一同低頭禱告
[00:00:05.000 --> 00:00:08.000]  天父我們再次來朝見祢
[00:00:08.000 --> 00:00:10.000]  求祢繼續藉著祢的話語
[00:00:10.000 --> 00:00:14.000]  也藉著聖靈繼續來啟示和引導我們
[00:00:14.000 --> 00:00:16.000]  使我們懂得聆聽
[00:00:16.000 --> 00:00:17.000]  懂得遵守
[00:00:17.000 --> 00:00:19.000]  也能夠蒙福
[00:00:19.000 --> 00:00:21.000]  也繼續引導我們以下的時間
[00:00:21.000 --> 00:00:23.000]  使我們所分享的
[00:00:23.000 --> 00:00:26.000]  都能夠成為幫助和力量
[00:00:26.000 --> 00:00:29.000]  我們這樣在祢面前的禱告、祈求
[00:00:29.000 --> 00:00:31.000]  耶穌基督的聖名
[00:00:31.000 --> 00:00:35.000]  好了,有一句話要送給大家的
[00:00:35.000 --> 00:00:37.000]  那這句話是什麼呢?
[00:00:37.000 --> 00:00:41.000]  回頭望滿是恩典
[00:00:41.000 --> 00:00:43.000]  來,跟我一起講
[00:00:43.000 --> 00:00:46.000]  回頭望滿是恩典
[00:00:46.000 --> 00:00:48.000]  向前看
[00:00:48.000 --> 00:00:50.000]  向前看
[00:00:50.000 --> 00:00:52.000]  滿懷希望
[00:00:52.000 --> 00:00:54.000]  滿懷希望
[00:00:54.000 --> 00:00:55.000]  哈雷
[00:00:55.000 --> 00:00:56.000]  哈利
[00:00:56.000 --> 00:00:57.000]  哈利
[00:00:57.000 --> 00:00:58.000]  路亞
[00:00:58.000 --> 00:01:00.000]  好,來,我們一起來看
[00:01:00.000 --> 00:01:01.000]  其實在我們的生命當中
[00:01:01.000 --> 00:01:03.000]  你往後看的時候
[00:01:03.000 --> 00:01:05.000]  全部都是恩典
[00:01:05.000 --> 00:01:07.000]  有痛苦、有艱難都知道
[00:01:07.000 --> 00:01:09.000]  但一回頭看
[00:01:09.000 --> 00:01:11.000]  全是恩典
[00:01:11.000 --> 00:01:14.000]  但要向前看呢?
[00:01:14.000 --> 00:01:16.000]  向前看
[00:01:16.000 --> 00:01:19.000]  滿懷希望或滿懷盼望
[00:01:19.000 --> 00:01:21.000]  但更重要的那四個字
[00:01:21.000 --> 00:01:23.000]  哈利路亞
[00:01:23.000 --> 00:01:25.000]  好,我們再來說一遍
[00:01:25.000 --> 00:01:27.000]  最後希望聽到哈利路亞的時候
[00:01:27.000 --> 00:01:30.000]  那四個字特別感動
[00:01:30.000 --> 00:01:32.000]  好不好?
[00:01:32.000 --> 00:01:37.000]  回頭望滿是恩典
[00:01:37.000 --> 00:01:42.000]  向前看滿懷希望
[00:01:42.000 --> 00:01:45.000]  哈利路亞
[00:01:45.000 --> 00:01:47.000]  其實在我們的生命當中
[00:01:47.000 --> 00:01:49.000]  有很多感恩的事
[00:01:49.000 --> 00:01:52.000]  發生在你的家庭裡面
[00:01:52.000 --> 00:01:55.000]  也發生在你的工作和生活當中
[00:01:55.000 --> 00:01:59.000]  我今天願意藉著詩篇127篇
[00:01:59.000 --> 00:02:01.000]  和大家一同分享
[00:02:01.000 --> 00:02:03.000]  蒙福的一個家庭
[00:02:03.000 --> 00:02:05.000]  我們來看那段的經文
[00:02:05.000 --> 00:02:07.000]  我會根據那段經文
[00:02:07.000 --> 00:02:09.000]  一節一節下來
[00:02:09.000 --> 00:02:11.000]  跟大家一同分享
[00:02:11.000 --> 00:02:13.000]  好像字體太小了,是嗎?
[00:02:13.000 --> 00:02:15.000]  沒關係的
[00:02:15.000 --> 00:02:17.000]  那個不是給人看的
[00:02:17.000 --> 00:02:19.000]  字體小了
[00:02:19.000 --> 00:02:20.000]  其實到了一定的話
[00:02:20.000 --> 00:02:21.000]  我們字體要大一點
[00:02:21.000 --> 00:02:23.000]  好,我們來看
[00:02:23.000 --> 00:02:25.000]  在英文的單詞裡面
[00:02:25.000 --> 00:02:27.000]  家庭怎麼說?
[00:02:27.000 --> 00:02:29.000]  Family
[00:02:29.000 --> 00:02:31.000]  有人將Family這幾個字
[00:02:31.000 --> 00:02:33.000]  把它分享了出來
[00:02:33.000 --> 00:02:35.000]  把它拆解掉
[00:02:35.000 --> 00:02:37.000]  後來才發現
[00:02:37.000 --> 00:02:39.000]  Father and Mother
[00:02:39.000 --> 00:02:41.000]  I love you
[00:02:41.000 --> 00:02:43.000]  那個就叫Family
[00:02:43.000 --> 00:02:46.000]  Family
[00:02:46.000 --> 00:02:48.000]  就Father and Mother
[00:02:48.000 --> 00:02:51.000]  I love you
[00:02:51.000 --> 00:02:53.000]  最近我又看到一個
[00:02:53.000 --> 00:02:56.000]  好像把這個不一樣了
[00:02:56.000 --> 00:02:58.000]  這個Family很重要
[00:02:58.000 --> 00:02:59.000]  最後後面講
[00:02:59.000 --> 00:03:02.000]  I love you更重要
[00:03:02.000 --> 00:03:04.000]  突然間出現了三個詞語
[00:03:04.000 --> 00:03:05.000]  這三個詞語
[00:03:05.000 --> 00:03:08.000]  在我們的生命當中很重要的
[00:03:08.000 --> 00:03:12.000]  我們需要有Boyfriend
[00:03:12.000 --> 00:03:13.000]  對不對
[00:03:13.000 --> 00:03:15.000]  男朋友
[00:03:15.000 --> 00:03:20.000]  我們也需要有Girlfriend
[00:03:20.000 --> 00:03:23.000]  你有沒有Best Friend
[00:03:23.000 --> 00:03:24.000]  有嗎
[00:03:24.000 --> 00:03:26.000]  有,一定有的
[00:03:26.000 --> 00:03:27.000]  按中文來講
[00:03:27.000 --> 00:03:29.000]  那個就叫你的死黨
[00:03:29.000 --> 00:03:31.000]  你知道什麼叫死黨
[00:03:31.000 --> 00:03:32.000]  死黨的意思就是說
[00:03:32.000 --> 00:03:35.000]  死了也要幫你擋住
[00:03:35.000 --> 00:03:36.000]  石頭扔過來
[00:03:36.000 --> 00:03:37.000]  你是他的好朋友
[00:03:37.000 --> 00:03:39.000]  你就要幫他擋住
[00:03:39.000 --> 00:03:41.000]  一支箭射過來
[00:03:41.000 --> 00:03:42.000]  你是他的好朋友
[00:03:42.000 --> 00:03:43.000]  你就要幫他擋住
[00:03:43.000 --> 00:03:46.000]  因為死黨是拿來擋的
[00:03:46.000 --> 00:03:48.000]  你明白嗎
[00:03:48.000 --> 00:03:50.000]  所以有人講有Boyfriend
[00:03:50.000 --> 00:03:52.000]  有Girlfriend
[00:03:52.000 --> 00:03:53.000]  有Best Friend
[00:03:53.000 --> 00:03:55.000]  原來那個朋友最後
[00:03:55.000 --> 00:03:57.000]  三個英文單詞是什麼
[00:03:57.000 --> 00:04:01.000]  END
[00:04:01.000 --> 00:04:03.000]  當你結完婚之後
[00:04:03.000 --> 00:04:04.000]  原來那個Family
[00:04:04.000 --> 00:04:06.000]  I love you更重要
[00:04:06.000 --> 00:04:07.000]  因為Boyfriend
[00:04:07.000 --> 00:04:10.000]  END已經不重要了
[00:04:10.000 --> 00:04:12.000]  Girlfriend已經不重要了
[00:04:12.000 --> 00:04:14.000]  因為已經END了
[00:04:14.000 --> 00:04:15.000]  你最好的朋友
[00:04:15.000 --> 00:04:16.000]  Best Friend
[00:04:16.000 --> 00:04:18.000]  也已經不重要了
[00:04:18.000 --> 00:04:19.000]  最重要的是
[00:04:19.000 --> 00:04:21.000]  你成立家庭之後
[00:04:21.000 --> 00:04:24.000]  那個什麼
[00:04:24.000 --> 00:04:27.000]  那個I love you最重要
[00:04:27.000 --> 00:04:29.000]  我有個好朋友
[00:04:29.000 --> 00:04:31.000]  我的同桌
[00:04:31.000 --> 00:04:33.000]  高中的同學
[00:04:33.000 --> 00:04:35.000]  當他結婚的時候
[00:04:35.000 --> 00:04:37.000]  我會去參加他婚禮
[00:04:37.000 --> 00:04:38.000]  婚禮完一個禮拜
[00:04:38.000 --> 00:04:40.000]  我就打電話給他
[00:04:40.000 --> 00:04:42.000]  我說怎麼樣
[00:04:42.000 --> 00:04:43.000]  剛剛結婚一個禮拜
[00:04:43.000 --> 00:04:45.000]  應該是蜜月去各方面
[00:04:45.000 --> 00:04:48.000]  他給我的反應恰恰相反
[00:04:48.000 --> 00:04:50.000]  他給我做了一個比喻
[00:04:50.000 --> 00:04:53.000]  他說結完婚一個禮拜
[00:04:53.000 --> 00:04:55.000]  好像好多東西都不能做
[00:04:55.000 --> 00:04:57.000]  也不能跟好朋友聊天
[00:04:57.000 --> 00:04:59.000]  這個聊天那個聊天
[00:04:59.000 --> 00:05:00.000]  或做什麼事
[00:05:00.000 --> 00:05:01.000]  原來結完婚之後
[00:05:01.000 --> 00:05:05.000]  你的家庭是你最重要的中心
[00:05:05.000 --> 00:05:07.000]  他告訴我一句話
[00:05:07.000 --> 00:05:09.000]  他用了一個比喻
[00:05:09.000 --> 00:05:11.000]  好像一隻鳥兒
[00:05:11.000 --> 00:05:14.000]  牠的翅膀斷了
[00:05:14.000 --> 00:05:16.000]  你明白什麼意思
[00:05:16.000 --> 00:05:17.000]  好像一隻鳥兒
[00:05:17.000 --> 00:05:19.000]  牠的翅膀斷了
[00:05:19.000 --> 00:05:22.000]  你就接下來發生什麼事
[00:05:22.000 --> 00:05:24.000]  過了五年之後
[00:05:24.000 --> 00:05:27.000]  我這個同學離婚了
[00:05:27.000 --> 00:05:29.000]  你很明白那個意思
[00:05:29.000 --> 00:05:31.000]  為什麼翅膀斷了
[00:05:31.000 --> 00:05:33.000]  他覺得結完婚之後
[00:05:33.000 --> 00:05:36.000]  很多的情況就發生了變化
[00:05:36.000 --> 00:05:38.000]  當我們今天講到家庭的時候
[00:05:38.000 --> 00:05:40.000]  很重要
[00:05:40.000 --> 00:05:44.000]  Father and mother, I love you
[00:05:44.000 --> 00:05:45.000]  你覺得在這個當中
[00:05:45.000 --> 00:05:47.000]  哪一個字最重要
[00:05:47.000 --> 00:05:52.000]  Father, mother, I love you
[00:05:52.000 --> 00:05:54.000]  哪一個重要
[00:05:54.000 --> 00:05:56.000]  好像發現都很重要
[00:05:56.000 --> 00:05:57.000]  是不是
[00:05:57.000 --> 00:05:59.000]  其實很重要的是
[00:05:59.000 --> 00:06:02.000]  在家庭裡面的那個愛
[00:06:02.000 --> 00:06:05.000]  是最重要的
[00:06:05.000 --> 00:06:08.000]  有一天有一個信徒就問我
[00:06:08.000 --> 00:06:10.000]  他說牧師
[00:06:10.000 --> 00:06:13.000]  人世間最美的一個畫面是什麼
[00:06:13.000 --> 00:06:15.000]  你沒想過
[00:06:15.000 --> 00:06:18.000]  人世間最美的一個畫面是什麼
[00:06:18.000 --> 00:06:20.000]  結婚典禮
[00:06:20.000 --> 00:06:21.000]  是嗎
[00:06:21.000 --> 00:06:22.000]  是
[00:06:22.000 --> 00:06:25.000]  他說人世間最美的一個畫面
[00:06:25.000 --> 00:06:28.000]  是當夜晚要睡覺之前
[00:06:28.000 --> 00:06:34.000]  整家大小一起跪在上帝的面前禱告
[00:06:34.000 --> 00:06:41.000]  原來那個畫面是世界上最美的畫面
[00:06:41.000 --> 00:06:44.000]  你們家裡有嗎
[00:06:44.000 --> 00:06:45.000]  有沒有
[00:06:45.000 --> 00:06:47.000]  原來那個畫面是世界上最美的
[00:06:47.000 --> 00:06:52.000]  一家大小可以跪在上帝的面前一同禱告
[00:06:52.000 --> 00:06:56.000]  我們中國人結婚之前
[00:06:56.000 --> 00:07:00.000]  都會有一件事會發生的
[00:07:00.000 --> 00:07:04.000]  到底我們今天是追求我們一個家呢
[00:07:04.000 --> 00:07:07.000]  還是追求一個房子
[00:07:07.000 --> 00:07:10.000]  是一個home還是一個house
[00:07:10.000 --> 00:07:12.000]  我們一般都追求錯了
[00:07:12.000 --> 00:07:14.000]  你知道
[00:07:14.000 --> 00:07:17.000]  中國的房價十幾年前不斷地往上漲
[00:07:17.000 --> 00:07:20.000]  後來有一個人就提出了一個理論
[00:07:20.000 --> 00:07:23.000]  他說這中國的房價怎麼一直往上漲呢
[00:07:23.000 --> 00:07:26.000]  到底是誰把它推動上去的呢
[00:07:26.000 --> 00:07:28.000]  後來發現了一件事
[00:07:28.000 --> 00:07:32.000]  原來是丈母娘
[00:07:32.000 --> 00:07:34.000]  因為女兒要出嫁之前
[00:07:34.000 --> 00:07:37.000]  丈母娘會問的第一句話是什麼
[00:07:37.000 --> 00:07:41.000]  有沒有什麼房子
[00:07:41.000 --> 00:07:44.000]  原來中國的房地產就這樣上去了
[00:07:44.000 --> 00:07:46.000]  如果你沒有房子
[00:07:46.000 --> 00:07:48.000]  就不要考慮幹嘛
[00:07:48.000 --> 00:07:50.000]  結婚嘛
[00:07:50.000 --> 00:07:52.000]  所以整個中國的房價就這樣上去了
[00:07:52.000 --> 00:07:54.000]  我也不知道這是什麼理論
[00:07:54.000 --> 00:07:58.000]  但我呢深有體會
[00:07:58.000 --> 00:08:00.000]  因為很明白的
[00:08:00.000 --> 00:08:02.000]  所以你看在整個的過程當中
[00:08:02.000 --> 00:08:04.000]  其實很重要的
[00:08:04.000 --> 00:08:06.000]  我們在追求家庭的和睦
[00:08:06.000 --> 00:08:10.000]  而不是一套房子
[00:08:10.000 --> 00:08:12.000]  其實在中國人的傳統觀念
[00:08:12.000 --> 00:08:14.000]  家那個字很重要
[00:08:14.000 --> 00:08:17.000]  上面有個擋風遮雨的地方
[00:08:17.000 --> 00:08:19.000]  下面那個是什麼
[00:08:19.000 --> 00:08:21.000]  他解釋是一群小豬
[00:08:21.000 --> 00:08:24.000]  在那邊快樂的生活
[00:08:24.000 --> 00:08:26.000]  就是在一個屋簷的下面
[00:08:26.000 --> 00:08:28.000]  可以擋風遮雨
[00:08:28.000 --> 00:08:30.000]  有人可以怎麼樣
[00:08:30.000 --> 00:08:33.000]  我們特別來看看詩篇127篇
[00:08:33.000 --> 00:08:37.000]  特別講到一個有信仰的家庭
[00:08:37.000 --> 00:08:39.000]  到底他是怎麼樣的
[00:08:39.000 --> 00:08:43.000]  為什麼這個家庭能夠蒙福
[00:08:43.000 --> 00:08:46.000]  詩篇127篇其實告訴我們
[00:08:46.000 --> 00:08:50.000]  我們一生當中最穩妥
[00:08:50.000 --> 00:08:53.000]  最有福氣的東西
[00:08:53.000 --> 00:08:57.000]  其實都是上帝所賜的
[00:08:57.000 --> 00:08:59.000]  他的意思是說
[00:08:59.000 --> 00:09:01.000]  一個進錢的人
[00:09:01.000 --> 00:09:05.000]  在他的人生的道路當中
[00:09:05.000 --> 00:09:08.000]  當他懂得去依靠上帝的時候
[00:09:08.000 --> 00:09:11.000]  他就有福了
[00:09:11.000 --> 00:09:14.000]  其實人與人之間的相處
[00:09:14.000 --> 00:09:16.000]  好特別的
[00:09:16.000 --> 00:09:18.000]  人會怎麼樣
[00:09:18.000 --> 00:09:20.000]  人有很多的焦慮
[00:09:20.000 --> 00:09:22.000]  很多的怒氣
[00:09:22.000 --> 00:09:26.000]  其實好多東西都是來自人際關係
[00:09:26.000 --> 00:09:29.000]  傷害我們最深的是誰
[00:09:29.000 --> 00:09:31.000]  是我們的家人
[00:09:31.000 --> 00:09:33.000]  你明白嗎
[00:09:33.000 --> 00:09:35.000]  其實我們父母親跟我們講話
[00:09:35.000 --> 00:09:37.000]  他們講出來的話語
[00:09:37.000 --> 00:09:39.000]  其實傷害性好大的
[00:09:39.000 --> 00:09:41.000]  特別是在情緒的當中
[00:09:41.000 --> 00:09:43.000]  講出來的話語
[00:09:43.000 --> 00:09:45.000]  他更有什麼
[00:09:45.000 --> 00:09:47.000]  殺傷力
[00:09:47.000 --> 00:09:49.000]  當然見面多了
[00:09:49.000 --> 00:09:50.000]  誰跟你見面最多
[00:09:50.000 --> 00:09:52.000]  就是家人跟你見面最多
[00:09:52.000 --> 00:09:57.000]  所以你發怒生氣的機會也多了
[00:09:57.000 --> 00:10:00.000]  生氣來自哪裡
[00:10:00.000 --> 00:10:02.000]  來自魔鬼
[00:10:02.000 --> 00:10:04.000]  所以你講完之後
[00:10:04.000 --> 00:10:07.000]  就有很多的衝突在裡面
[00:10:07.000 --> 00:10:08.000]  當衝突完了之後
[00:10:08.000 --> 00:10:10.000]  有什麼呢
[00:10:10.000 --> 00:10:13.000]  人的情緒一上去
[00:10:13.000 --> 00:10:15.000]  我們在生氣的時候是怎麼樣
[00:10:15.000 --> 00:10:17.000]  聲音一定變大聲
[00:10:17.000 --> 00:10:19.000]  臉會不會紅
[00:10:19.000 --> 00:10:23.000]  整個脖子會不會開始
[00:10:23.000 --> 00:10:27.000]  整個人就反應
[00:10:27.000 --> 00:10:30.000]  後來會發現什麼事呢
[00:10:30.000 --> 00:10:32.000]  突然間發現
[00:10:32.000 --> 00:10:35.000]  我們有年齡到了一定程度
[00:10:35.000 --> 00:10:37.000]  每個人會發現
[00:10:37.000 --> 00:10:39.000]  有幾個好朋友來了
[00:10:39.000 --> 00:10:41.000]  一個叫高血壓
[00:10:41.000 --> 00:10:43.000]  一個叫高血脂
[00:10:43.000 --> 00:10:44.000]  一個叫高血糖
[00:10:44.000 --> 00:10:46.000]  這些好朋友就來找你了
[00:10:46.000 --> 00:10:48.000]  後來發現為什麼找你
[00:10:48.000 --> 00:10:50.000]  因為你在每一天當中
[00:10:50.000 --> 00:10:52.000]  都跟他們有打交道
[00:10:52.000 --> 00:10:54.000]  人與人之間
[00:10:54.000 --> 00:10:58.000]  會有很多的衝突的存在
[00:10:58.000 --> 00:11:00.000]  我們的焦慮
[00:11:00.000 --> 00:11:02.000]  是因為人與人之間
[00:11:02.000 --> 00:11:04.000]  與事情之間
[00:11:04.000 --> 00:11:07.000]  人沒有辦法和睦相處的
[00:11:07.000 --> 00:11:08.000]  但是你看到
[00:11:08.000 --> 00:11:11.000]  在詩篇第127篇
[00:11:11.000 --> 00:11:14.000]  這裡經文告訴我們什麼呢
[00:11:14.000 --> 00:11:17.000]  我們經常追求的是什麼
[00:11:17.000 --> 00:11:19.000]  我們失敗的一個原因
[00:11:19.000 --> 00:11:23.000]  為什麼沒有辦法蒙上帝的賜福
[00:11:23.000 --> 00:11:26.000]  其中最最重要的一個原因
[00:11:26.000 --> 00:11:30.000]  我們經常以自我為中心
[00:11:30.000 --> 00:11:33.000]  當我們以自我為中心的時候
[00:11:33.000 --> 00:11:36.000]  我們目中就沒有人了
[00:11:36.000 --> 00:11:40.000]  心中也沒有神了
[00:11:40.000 --> 00:11:43.000]  我記得他們講過一句話
[00:11:43.000 --> 00:11:45.000]  心中沒有神
[00:11:45.000 --> 00:11:47.000]  眼中就沒有人
[00:11:47.000 --> 00:11:49.000]  心中有神
[00:11:49.000 --> 00:11:52.000]  眼中才有人的
[00:11:52.000 --> 00:11:53.000]  所以你看到
[00:11:53.000 --> 00:11:54.000]  在整個的過程當中
[00:11:54.000 --> 00:11:58.000]  人是以自我為中心的
[00:11:58.000 --> 00:11:59.000]  幾個自好不好
[00:11:59.000 --> 00:12:01.000]  自卑
[00:12:01.000 --> 00:12:02.000]  自高
[00:12:02.000 --> 00:12:04.000]  自大
[00:12:04.000 --> 00:12:05.000]  自強
[00:12:05.000 --> 00:12:08.000]  還有什麼
[00:12:08.000 --> 00:12:10.000]  有一天他們告訴一個邪後語
[00:12:10.000 --> 00:12:12.000]  終於明白了
[00:12:12.000 --> 00:12:14.000]  廁所裡照鏡子
[00:12:14.000 --> 00:12:16.000]  叫什麼
[00:12:16.000 --> 00:12:18.000]  廁所裡面照鏡子
[00:12:18.000 --> 00:12:19.000]  臭美
[00:12:19.000 --> 00:12:21.000]  叫自大
[00:12:21.000 --> 00:12:22.000]  再加一點
[00:12:22.000 --> 00:12:23.000]  臭美
[00:12:23.000 --> 00:12:27.000]  原來廁所裡照鏡子叫臭美
[00:12:27.000 --> 00:12:28.000]  我們很多東西
[00:12:28.000 --> 00:12:31.000]  都是以自我為中心的
[00:12:31.000 --> 00:12:33.000]  結果會怎麼樣呢
[00:12:33.000 --> 00:12:36.000]  考慮的都是自我嗎
[00:12:36.000 --> 00:12:39.000]  有機會去看以賽亞書裡面的時候
[00:12:39.000 --> 00:12:40.000]  在第十四章
[00:12:40.000 --> 00:12:43.000]  講到了天使整個犯罪的過程
[00:12:43.000 --> 00:12:45.000]  他連續用了五次的
[00:12:45.000 --> 00:12:48.000]  我要我要我要我要
[00:12:48.000 --> 00:12:51.000]  其實今天我們在跟別人接觸的過程當中
[00:12:51.000 --> 00:12:54.000]  我這個字用的太多
[00:12:54.000 --> 00:12:55.000]  我們聽完之後
[00:12:55.000 --> 00:12:57.000]  就怎麼樣
[00:12:57.000 --> 00:12:59.000]  覺得這個人是不是很驕傲
[00:12:59.000 --> 00:13:00.000]  會的
[00:13:00.000 --> 00:13:02.000]  如果今晚你回去禱告
[00:13:02.000 --> 00:13:04.000]  把我這個字去掉
[00:13:04.000 --> 00:13:06.000]  我不知道你能不能禱告
[00:13:06.000 --> 00:13:08.000]  可能你禱告不下去的
[00:13:08.000 --> 00:13:09.000]  因為你每一次的禱告
[00:13:09.000 --> 00:13:13.000]  可能都是講我跟上帝之間的關係
[00:13:13.000 --> 00:13:15.000]  只要把這個字我去掉
[00:13:15.000 --> 00:13:16.000]  我告訴你
[00:13:16.000 --> 00:13:19.000]  很多時候禱告不下去
[00:13:19.000 --> 00:13:21.000]  因為沒有了那個我
[00:13:21.000 --> 00:13:23.000]  所以在整個的聖經裡面
[00:13:23.000 --> 00:13:24.000]  其實告訴我們
[00:13:24.000 --> 00:13:28.000]  人是很容易以自我為中心
[00:13:28.000 --> 00:13:30.000]  最可怕的那兩個字
[00:13:30.000 --> 00:13:33.000]  叫自殺
[00:13:33.000 --> 00:13:35.000]  自己殺自己
[00:13:35.000 --> 00:13:37.000]  很可怕的
[00:13:37.000 --> 00:13:39.000]  其實在整個的過程當中
[00:13:39.000 --> 00:13:41.000]  我們特別來看127篇
[00:13:41.000 --> 00:13:43.000]  告訴我們什麼
[00:13:43.000 --> 00:13:45.000]  一到二節特別講到
[00:13:45.000 --> 00:13:48.000]  這個作者跟上帝之間
[00:13:48.000 --> 00:13:50.000]  稱頌這位上帝
[00:13:50.000 --> 00:13:53.000]  跟上帝有個美好的關係
[00:13:53.000 --> 00:13:58.000]  三到五節就特別講到感恩的事
[00:13:58.000 --> 00:14:01.000]  一到二節我們來看
[00:14:01.000 --> 00:14:04.000]  一到二節大家都很熟悉的
[00:14:04.000 --> 00:14:06.000]  若不是耶和華建造房屋
[00:14:06.000 --> 00:14:09.000]  建造的人就汪然勞力
[00:14:09.000 --> 00:14:11.000]  若不是耶和華看守城池
[00:14:11.000 --> 00:14:15.000]  看守的人就枉然警醒
[00:14:15.000 --> 00:14:18.000]  兩節經文裡面突然間出現了一個詞語
[00:14:18.000 --> 00:14:22.000]  一節經文出現了兩個相似的詞語
[00:14:22.000 --> 00:14:24.000]  叫什麼
[00:14:24.000 --> 00:14:31.000]  枉然
[00:14:31.000 --> 00:14:33.000]  意思就是說
[00:14:33.000 --> 00:14:38.000]  你所有的努力到最後都是空的
[00:14:38.000 --> 00:14:42.000]  你怎麼努力到最後都是空的
[00:14:42.000 --> 00:14:44.000]  其實在這裡告訴我們
[00:14:44.000 --> 00:14:47.000]  沒有上帝的生命
[00:14:47.000 --> 00:14:50.000]  他是空虛的
[00:14:50.000 --> 00:14:53.000]  沒有神參與在當中
[00:14:53.000 --> 00:14:57.000]  你的生命裡面所做的每一件事
[00:14:57.000 --> 00:14:59.000]  都是幹嘛
[00:14:59.000 --> 00:15:00.000]  突然
[00:15:00.000 --> 00:15:02.000]  都是汪然
[00:15:02.000 --> 00:15:03.000]  很努力
[00:15:03.000 --> 00:15:06.000]  但是最後結果什麼都沒有
[00:15:06.000 --> 00:15:08.000]  用中國的一句話說
[00:15:08.000 --> 00:15:13.000]  竹籃打水一場空
[00:15:13.000 --> 00:15:14.000]  你很努力
[00:15:14.000 --> 00:15:16.000]  但最後還是什麼
[00:15:16.000 --> 00:15:18.000]  空的
[00:15:18.000 --> 00:15:21.000]  特別在這裡講到建造房屋
[00:15:21.000 --> 00:15:25.000]  我們就想怎麼建造房屋呢
[00:15:25.000 --> 00:15:28.000]  到底我們今天是要建造一個房屋
[00:15:28.000 --> 00:15:31.000]  還是要建造我們的一個家庭呢
[00:15:31.000 --> 00:15:33.000]  我們的家庭和我們的婚姻
[00:15:33.000 --> 00:15:35.000]  所有的這一切的基礎
[00:15:35.000 --> 00:15:39.000]  有沒有建立在上主的基礎之上
[00:15:39.000 --> 00:15:42.000]  如果有建在神的裡面
[00:15:42.000 --> 00:15:45.000]  就有上帝的供應
[00:15:45.000 --> 00:15:47.000]  有上帝的賜福
[00:15:47.000 --> 00:15:48.000]  無論是你自己
[00:15:48.000 --> 00:15:49.000]  你的下一代
[00:15:49.000 --> 00:15:50.000]  你的上一代
[00:15:50.000 --> 00:15:53.000]  你手中所做所有的一切
[00:15:53.000 --> 00:15:55.000]  原來這一切東西
[00:15:55.000 --> 00:15:58.000]  跟上帝是有關係的
[00:15:58.000 --> 00:16:02.000]  如果不是耶和華建造房屋
[00:16:02.000 --> 00:16:06.000]  建造的人就會幹嘛
[00:16:06.000 --> 00:16:08.000]  他會汪然勞力
[00:16:08.000 --> 00:16:11.000]  若不是耶和華看守城池
[00:16:11.000 --> 00:16:15.000]  看守的人就枉然警醒
[00:16:15.000 --> 00:16:18.000]  原來在這節經文裡面告訴我們
[00:16:18.000 --> 00:16:24.000]  萬福的泉源是跟上帝有關的
[00:16:24.000 --> 00:16:27.000]  有人就對那個福做了解釋
[00:16:27.000 --> 00:16:30.000]  福一邊是有啟示的意思
[00:16:30.000 --> 00:16:32.000]  他們有的時候說
[00:16:32.000 --> 00:16:35.000]  那個邊的話是不是跟衣服有關
[00:16:35.000 --> 00:16:41.000]  有衣服穿是不是很有福氣
[00:16:41.000 --> 00:16:43.000]  上面一橫是什麼呢
[00:16:43.000 --> 00:16:45.000]  他說有房子住
[00:16:45.000 --> 00:16:50.000]  中間有個口
[00:16:50.000 --> 00:16:53.000]  我們經常講那個人很有什麼福
[00:16:53.000 --> 00:16:55.000]  家裡飯都煮好了
[00:16:55.000 --> 00:16:56.000]  擺上桌了
[00:16:56.000 --> 00:16:58.000]  突然間一個好朋友出現了
[00:16:58.000 --> 00:17:00.000]  沒有任何預約他就來了
[00:17:00.000 --> 00:17:02.000]  那個人很有什麼
[00:17:02.000 --> 00:17:04.000]  口福
[00:17:04.000 --> 00:17:06.000]  我想中國人很有口福的
[00:17:06.000 --> 00:17:07.000]  只要天上飛的
[00:17:07.000 --> 00:17:09.000]  地下爬的
[00:17:09.000 --> 00:17:11.000]  水裡游的
[00:17:11.000 --> 00:17:13.000]  我們都可以吃
[00:17:13.000 --> 00:17:17.000]  天上飛的除了砲彈不能吃之外
[00:17:17.000 --> 00:17:20.000]  水裡游的除了潛水艇不能吃之外
[00:17:20.000 --> 00:17:23.000]  地上爬的無論幾個角
[00:17:23.000 --> 00:17:25.000]  除了那個桌角不能動之外
[00:17:25.000 --> 00:17:27.000]  不能吃之外
[00:17:27.000 --> 00:17:29.000]  我們什麼東西都可以
[00:17:29.000 --> 00:17:31.000]  有口福
[00:17:31.000 --> 00:17:33.000]  下面呢
[00:17:33.000 --> 00:17:35.000]  有塊田
[00:17:35.000 --> 00:17:37.000]  那個田是什麼意思
[00:17:37.000 --> 00:17:40.000]  如果今天你在自己老家有塊田
[00:17:40.000 --> 00:17:42.000]  你就是地主了
[00:17:42.000 --> 00:17:43.000]  什麼叫地主
[00:17:43.000 --> 00:17:46.000]  地主就是以地為主的人就叫地主
[00:17:46.000 --> 00:17:49.000]  財主就是以財為主的人就叫財主
[00:17:49.000 --> 00:17:51.000]  因為他每一天想著財
[00:17:51.000 --> 00:17:53.000]  想著地
[00:17:53.000 --> 00:17:54.000]  地主以前叫地主
[00:17:54.000 --> 00:17:56.000]  現在叫什麼
[00:17:56.000 --> 00:17:58.000]  叫房地產商
[00:17:58.000 --> 00:17:59.000]  怎麼將那塊地
[00:17:59.000 --> 00:18:02.000]  能夠把它發揮到最大的作用
[00:18:02.000 --> 00:18:06.000]  有塊田好不好
[00:18:06.000 --> 00:18:08.000]  有衣服穿
[00:18:08.000 --> 00:18:09.000]  有房子住
[00:18:09.000 --> 00:18:10.000]  有東西吃
[00:18:10.000 --> 00:18:12.000]  有一塊田
[00:18:12.000 --> 00:18:14.000]  不得了
[00:18:14.000 --> 00:18:16.000]  其實在整個追求的過程當中
[00:18:16.000 --> 00:18:19.000]  原來中國人追求的福
[00:18:19.000 --> 00:18:24.000]  都是跟這個世界所講的物質有關的
[00:18:24.000 --> 00:18:26.000]  但聖經裡面講到的福
[00:18:26.000 --> 00:18:28.000]  一定跟上帝有關
[00:18:28.000 --> 00:18:34.000]  因為上帝就是萬福的泉源
[00:18:34.000 --> 00:18:36.000]  這裡講到了房屋
[00:18:36.000 --> 00:18:39.000]  後面講到了城池
[00:18:39.000 --> 00:18:41.000]  所以房屋是什麼呢
[00:18:41.000 --> 00:18:42.000]  就是一個家庭裡面
[00:18:42.000 --> 00:18:44.000]  所要居住的一個地方
[00:18:44.000 --> 00:18:47.000]  講到了城池就很不一樣了
[00:18:47.000 --> 00:18:51.000]  城池它代表著一個地方
[00:18:51.000 --> 00:18:55.000]  很重要的權力中心
[00:18:55.000 --> 00:18:57.000]  叫城池
[00:18:57.000 --> 00:18:59.000]  當這一節經文出現的時候
[00:18:59.000 --> 00:19:03.000]  他們要彼此維繫這個關係
[00:19:03.000 --> 00:19:05.000]  無論是房屋裡面的人
[00:19:05.000 --> 00:19:07.000]  是看守城池
[00:19:07.000 --> 00:19:10.000]  保障這個權力的中心的時候
[00:19:10.000 --> 00:19:14.000]  他需要很多人不斷的去維繫關係
[00:19:14.000 --> 00:19:16.000]  更重要的是
[00:19:16.000 --> 00:19:21.000]  他們要按著上帝的真理去行
[00:19:21.000 --> 00:19:24.000]  這裡講到建造房屋
[00:19:24.000 --> 00:19:27.000]  看守城池
[00:19:27.000 --> 00:19:32.000]  原來如果沒有上帝的參與
[00:19:32.000 --> 00:19:36.000]  所有的這些努力都是空的
[00:19:36.000 --> 00:19:37.000]  他的意思是說
[00:19:37.000 --> 00:19:42.000]  如果沒有以上帝為你的主
[00:19:42.000 --> 00:19:48.000]  你怎麼努力到最後都是汪然的
[00:19:48.000 --> 00:19:50.000]  也就是告訴我們
[00:19:50.000 --> 00:19:52.000]  到底我們離開這個世界的時候
[00:19:52.000 --> 00:19:55.000]  什麼東西可以帶走
[00:19:55.000 --> 00:19:57.000]  我有一個好朋友
[00:19:57.000 --> 00:19:59.000]  他是做安息服的
[00:19:59.000 --> 00:20:01.000]  有一天他就問我
[00:20:01.000 --> 00:20:03.000]  你知道離開這個世界
[00:20:03.000 --> 00:20:06.000]  穿的那個安息服 獸衣
[00:20:06.000 --> 00:20:09.000]  衣服有沒有口袋
[00:20:09.000 --> 00:20:10.000]  我就回答他
[00:20:10.000 --> 00:20:12.000]  對不起 我沒穿過
[00:20:12.000 --> 00:20:14.000]  我怎麼知道有沒有口袋
[00:20:14.000 --> 00:20:15.000]  你明白
[00:20:15.000 --> 00:20:17.000]  所有衣服有沒有口袋
[00:20:17.000 --> 00:20:20.000]  獸衣 離開世界的獸衣有沒有口袋
[00:20:20.000 --> 00:20:21.000]  你沒穿過
[00:20:21.000 --> 00:20:22.000]  可能也沒有
[00:20:22.000 --> 00:20:24.000]  我都沒穿過
[00:20:24.000 --> 00:20:27.000]  但你有沒有看見過
[00:20:27.000 --> 00:20:29.000]  當一個人離開世界的時候
[00:20:29.000 --> 00:20:33.000]  那個獸衣穿的那套衣服有沒有口袋
[00:20:33.000 --> 00:20:34.000]  我就在想
[00:20:34.000 --> 00:20:36.000]  如果有要帶什麼走呢
[00:20:36.000 --> 00:20:38.000]  有口袋肯定有它的功能
[00:20:38.000 --> 00:20:41.000]  原來當我們離開這個世界的時候
[00:20:41.000 --> 00:20:45.000]  那個穿的衣服沒有口袋
[00:20:45.000 --> 00:20:46.000]  也就告訴你
[00:20:46.000 --> 00:20:49.000]  你要離開這個世界的時候
[00:20:49.000 --> 00:20:52.000]  你覺得什麼東西可以帶走
[00:20:52.000 --> 00:20:53.000]  其實告訴你
[00:20:53.000 --> 00:20:56.000]  什麼東西都帶不走
[00:20:56.000 --> 00:20:58.000]  你明白嗎
[00:20:58.000 --> 00:21:00.000]  人來的時候是不斷的抓
[00:21:00.000 --> 00:21:03.000]  抓名利 抓地位 抓這個 抓那個
[00:21:03.000 --> 00:21:06.000]  當你走的時候是什麼
[00:21:06.000 --> 00:21:08.000]  雙手是幹嘛
[00:21:08.000 --> 00:21:10.000]  敞開的
[00:21:10.000 --> 00:21:13.000]  原來沒有東西可以帶走的
[00:21:13.000 --> 00:21:16.000]  也就是講到了很重要的一件事
[00:21:16.000 --> 00:21:18.000]  如果沒有上帝的參與
[00:21:18.000 --> 00:21:21.000]  所有的東西都是汪然
[00:21:21.000 --> 00:21:24.000]  上帝所看重的是什麼
[00:21:24.000 --> 00:21:28.000]  上帝是敬畏跟隨他的人
[00:21:28.000 --> 00:21:31.000]  而這個人當他成立家庭之後
[00:21:31.000 --> 00:21:35.000]  上帝就知道怎麼樣將福氣賜福給他
[00:21:35.000 --> 00:21:38.000]  我們來看第二節
[00:21:38.000 --> 00:21:40.000]  第二節就講到很重要的
[00:21:40.000 --> 00:21:43.000]  這個是我們每一天都面對的
[00:21:43.000 --> 00:21:46.000]  你們清早
[00:21:46.000 --> 00:21:49.000]  早起 夜晚 安息
[00:21:49.000 --> 00:21:52.000]  我們經常是怎麼樣
[00:21:52.000 --> 00:21:55.000]  最早起
[00:21:55.000 --> 00:21:58.000]  我們清晨睡覺
[00:21:58.000 --> 00:22:01.000]  夜晚幹嘛
[00:22:01.000 --> 00:22:03.000]  夜晚睡不著
[00:22:03.000 --> 00:22:05.000]  我們卻恰恰相反
[00:22:05.000 --> 00:22:07.000]  我有一個廣西的同學
[00:22:07.000 --> 00:22:08.000]  他每一次跟我講
[00:22:08.000 --> 00:22:10.000]  我們當時在大學的宿舍裡面
[00:22:10.000 --> 00:22:12.000]  他就說你們這幫
[00:22:12.000 --> 00:22:16.000]  我們這幫同學就是同一宿舍的同學
[00:22:16.000 --> 00:22:18.000]  他講了一句話我一直記得
[00:22:18.000 --> 00:22:22.000]  晚上不對調 早上不提床
[00:22:22.000 --> 00:22:23.000]  你聽懂了沒有
[00:22:23.000 --> 00:22:26.000]  晚上不睡覺 早上不起床
[00:22:26.000 --> 00:22:30.000]  他用廣西的普通話就這樣講出來
[00:22:30.000 --> 00:22:34.000]  晚上不對調 早上不提床
[00:22:34.000 --> 00:22:35.000]  我們終於明白了
[00:22:35.000 --> 00:22:40.000]  原來我們沒有辦法清早幹嘛
[00:22:40.000 --> 00:22:41.000]  清早幹嘛
[00:22:41.000 --> 00:22:43.000]  早起
[00:22:43.000 --> 00:22:45.000]  我們是早上睡覺
[00:22:45.000 --> 00:22:47.000]  晚上出來
[00:22:47.000 --> 00:22:49.000]  而且還夜晚
[00:22:49.000 --> 00:22:51.000]  使我們幹嘛
[00:22:51.000 --> 00:22:53.000]  安息
[00:22:53.000 --> 00:22:54.000]  其實這裡講到
[00:22:54.000 --> 00:22:58.000]  能夠使我們安然入睡
[00:22:58.000 --> 00:23:01.000]  請問重不重要
[00:23:01.000 --> 00:23:02.000]  後面講到
[00:23:02.000 --> 00:23:04.000]  唯有耶華所愛的
[00:23:04.000 --> 00:23:08.000]  必叫他安然幹嘛
[00:23:08.000 --> 00:23:10.000]  睡覺
[00:23:10.000 --> 00:23:11.000]  有人就來問
[00:23:11.000 --> 00:23:12.000]  好奇怪
[00:23:12.000 --> 00:23:18.000]  來禮拜堂就特別想睡覺
[00:23:18.000 --> 00:23:19.000]  我教會因為老人家多
[00:23:19.000 --> 00:23:21.000]  所以牧師每次在上面講
[00:23:21.000 --> 00:23:22.000]  他下面都在點頭
[00:23:22.000 --> 00:23:25.000]  我以為都在阿們
[00:23:25.000 --> 00:23:26.000]  因為他們點頭了
[00:23:26.000 --> 00:23:28.000]  牧師講他們點頭
[00:23:28.000 --> 00:23:30.000]  我就認為他們
[00:23:30.000 --> 00:23:34.000]  如果遇上你在搖頭的那麻煩了
[00:23:34.000 --> 00:23:36.000]  就不同意了
[00:23:36.000 --> 00:23:37.000]  所以他就很明白
[00:23:37.000 --> 00:23:40.000]  其實為什麼來禮拜堂我們會睡覺呢
[00:23:40.000 --> 00:23:43.000]  其實很重要的一個原因
[00:23:43.000 --> 00:23:44.000]  來了禮拜堂
[00:23:44.000 --> 00:23:49.000]  你心裡面就平安了
[00:23:49.000 --> 00:23:50.000]  對不對
[00:23:50.000 --> 00:23:51.000]  心靈平安
[00:23:51.000 --> 00:23:55.000]  是不是很容易睡覺
[00:23:55.000 --> 00:23:57.000]  心裡面很平安
[00:23:57.000 --> 00:24:00.000]  他就很容易睡覺
[00:24:00.000 --> 00:24:03.000]  如果你對老人家說
[00:24:03.000 --> 00:24:05.000]  不要坐在這裡打瞌睡了
[00:24:05.000 --> 00:24:07.000]  回家去睡
[00:24:07.000 --> 00:24:08.000]  我告訴你
[00:24:08.000 --> 00:24:10.000]  一回家睡就睡不著
[00:24:10.000 --> 00:24:12.000]  一坐在這裡就想睡
[00:24:12.000 --> 00:24:16.000]  因為這裡很平靜安穩
[00:24:16.000 --> 00:24:18.000]  所以原來在教會裡面
[00:24:18.000 --> 00:24:20.000]  很容易入睡是有原因的
[00:24:20.000 --> 00:24:25.000]  心靈平靜就很容易入睡
[00:24:25.000 --> 00:24:26.000]  第二個原因
[00:24:26.000 --> 00:24:29.000]  因為我們這樣的一個空間
[00:24:29.000 --> 00:24:31.000]  夫妻的空氣不多
[00:24:31.000 --> 00:24:32.000]  你明白嗎
[00:24:32.000 --> 00:24:33.000]  夫妻空氣不多的話
[00:24:33.000 --> 00:24:35.000]  人會放困
[00:24:35.000 --> 00:24:36.000]  第三個原因
[00:24:36.000 --> 00:24:40.000]  因為打哈欠會傳染的
[00:24:40.000 --> 00:24:41.000]  一個人打了一個哈之後
[00:24:41.000 --> 00:24:43.000]  他就傳染第二個第三個
[00:24:43.000 --> 00:24:45.000]  所以整排都過去
[00:24:45.000 --> 00:24:50.000]  最後全部睡著了
[00:24:50.000 --> 00:24:52.000]  原來在這裡講到
[00:24:52.000 --> 00:24:56.000]  清晨早起夜晚安息
[00:24:56.000 --> 00:24:57.000]  然後接下來就講到
[00:24:57.000 --> 00:24:59.000]  我們很重要的一個工作
[00:24:59.000 --> 00:25:02.000]  吃勞碌得來的飯
[00:25:02.000 --> 00:25:05.000]  本事汪然
[00:25:05.000 --> 00:25:07.000]  原來在這裡講到
[00:25:07.000 --> 00:25:08.000]  安然睡覺
[00:25:08.000 --> 00:25:10.000]  是因為心中有平安
[00:25:10.000 --> 00:25:12.000]  沒有憂慮
[00:25:12.000 --> 00:25:16.000]  其實沒有上帝的賜福
[00:25:16.000 --> 00:25:19.000]  你的那份工作是怎麼樣
[00:25:19.000 --> 00:25:22.000]  苦不苦
[00:25:22.000 --> 00:25:26.000]  沒有神參與在你的工作的裡面
[00:25:26.000 --> 00:25:28.000]  請問苦不苦
[00:25:28.000 --> 00:25:29.000]  很苦
[00:25:29.000 --> 00:25:32.000]  如果有上帝參與的那份工作
[00:25:32.000 --> 00:25:35.000]  滿不滿足
[00:25:35.000 --> 00:25:38.000]  你靠自己能夠有上帝參與
[00:25:38.000 --> 00:25:41.000]  你吃勞碌得來的飯
[00:25:41.000 --> 00:25:47.000]  你就能夠使你安然入睡
[00:25:47.000 --> 00:25:49.000]  阿們
[00:25:49.000 --> 00:25:50.000]  如果沒有上帝
[00:25:50.000 --> 00:25:51.000]  麻煩了
[00:25:51.000 --> 00:25:52.000]  有上帝
[00:25:52.000 --> 00:25:55.000]  你會懂得在工作的當中
[00:25:55.000 --> 00:25:58.000]  苦中作樂
[00:25:58.000 --> 00:26:00.000]  雖然是苦工
[00:26:00.000 --> 00:26:04.000]  但是很有喜樂
[00:26:04.000 --> 00:26:05.000]  所以你看到
[00:26:05.000 --> 00:26:07.000]  其實在這裡講到怎麼樣
[00:26:07.000 --> 00:26:08.000]  其實第二節裡面
[00:26:08.000 --> 00:26:11.000]  清晨早起夜晚安息
[00:26:11.000 --> 00:26:12.000]  吃勞碌得飯
[00:26:12.000 --> 00:26:15.000]  然後為約和佛所愛的
[00:26:15.000 --> 00:26:17.000]  叫他安然睡覺
[00:26:17.000 --> 00:26:21.000]  其實他很重要的講了一件事
[00:26:21.000 --> 00:26:22.000]  虔誠的人
[00:26:22.000 --> 00:26:27.000]  要停止所有的工作
[00:26:27.000 --> 00:26:33.000]  讓上帝真正在你的心中運行
[00:26:33.000 --> 00:26:38.000]  不是靠你的智力才能努力的
[00:26:38.000 --> 00:26:41.000]  原來真正進錢的人
[00:26:41.000 --> 00:26:44.000]  不是靠他努力工作的
[00:26:44.000 --> 00:26:46.000]  而是讓那位上帝
[00:26:46.000 --> 00:26:48.000]  在他的心裡
[00:26:48.000 --> 00:26:52.000]  能夠不斷的運行
[00:26:52.000 --> 00:26:55.000]  是他智慧和聰明
[00:26:55.000 --> 00:26:59.000]  不是像我們要很努力的去工作
[00:26:59.000 --> 00:27:01.000]  work hard
[00:27:01.000 --> 00:27:04.000]  其實我們要work smart
[00:27:04.000 --> 00:27:06.000]  很有智慧的去工作
[00:27:06.000 --> 00:27:09.000]  不是很勞碌的
[00:27:09.000 --> 00:27:12.000]  原來在第二節經文裡面告訴我們
[00:27:12.000 --> 00:27:14.000]  進錢的人
[00:27:14.000 --> 00:27:19.000]  要將上帝放在他的裡面
[00:27:19.000 --> 00:27:22.000]  我們繼續來看第三節
[00:27:22.000 --> 00:27:25.000]  第三節它就涉及到一個家庭裡面
[00:27:25.000 --> 00:27:27.000]  很重要的講什麼
[00:27:27.000 --> 00:27:28.000]  兒女
[00:27:28.000 --> 00:27:34.000]  兒女是耶和華所賜的產業
[00:27:34.000 --> 00:27:36.000]  原來是上帝所賜的
[00:27:36.000 --> 00:27:40.000]  上帝只是把這個孩子放在你的家裡
[00:27:40.000 --> 00:27:45.000]  讓你能夠養育他
[00:27:45.000 --> 00:27:46.000]  管理他
[00:27:46.000 --> 00:27:49.000]  請問屬不屬於你的
[00:27:49.000 --> 00:27:53.000]  兒女是動產還是不動產
[00:27:53.000 --> 00:27:57.000]  兒女是我們的動產還是不動產
[00:27:57.000 --> 00:27:58.000]  所以在這裡講到了
[00:27:58.000 --> 00:28:01.000]  很重要的是什麼
[00:28:01.000 --> 00:28:04.000]  兒女只是上帝教導給我們
[00:28:04.000 --> 00:28:05.000]  教給我們
[00:28:05.000 --> 00:28:08.000]  叫我們好好管理他
[00:28:08.000 --> 00:28:11.000]  他不屬於你的
[00:28:11.000 --> 00:28:14.000]  他是屬於誰的
[00:28:14.000 --> 00:28:16.000]  屬於上帝的
[00:28:16.000 --> 00:28:17.000]  所以當你很明白
[00:28:17.000 --> 00:28:23.000]  這個兒女是耶和華所賜的產業
[00:28:23.000 --> 00:28:27.000]  這個產業只是先託付給你的
[00:28:27.000 --> 00:28:32.000]  你只是一個管家的身份
[00:28:32.000 --> 00:28:35.000]  你沒有擁有權的
[00:28:35.000 --> 00:28:36.000]  我記得有一個孩子
[00:28:36.000 --> 00:28:37.000]  他出生完之後
[00:28:37.000 --> 00:28:39.000]  他就對他爸爸媽媽講了一句話
[00:28:39.000 --> 00:28:42.000]  這句話就挑戰了很多人
[00:28:42.000 --> 00:28:44.000]  爸爸媽媽
[00:28:44.000 --> 00:28:48.000]  你生我的時候為什麼不跟我商量一下
[00:28:48.000 --> 00:28:50.000]  就把我生下來
[00:28:50.000 --> 00:28:53.000]  面對這樣的一個世界
[00:28:53.000 --> 00:28:57.000]  原來生你的時候還要跟你商量
[00:28:57.000 --> 00:28:58.000]  其實在這裡講到
[00:28:58.000 --> 00:29:00.000]  很重要的這個產業
[00:29:00.000 --> 00:29:02.000]  這個兒女
[00:29:02.000 --> 00:29:07.000]  其實產業是從上帝而來的
[00:29:07.000 --> 00:29:14.000]  他必賜福這樣一個盡錢的人的後裔
[00:29:14.000 --> 00:29:16.000]  當講到賞賜的時候
[00:29:16.000 --> 00:29:20.000]  所懷的胎是耶和華所賞賜的
[00:29:20.000 --> 00:29:22.000]  賞賜是什麼意思
[00:29:22.000 --> 00:29:23.000]  他的意思就是說
[00:29:23.000 --> 00:29:30.000]  以歡喜的心迎接上帝給你的賞賜
[00:29:30.000 --> 00:29:34.000]  無論是生男的或生女的也好
[00:29:34.000 --> 00:29:37.000]  我告訴你生男跟生女
[00:29:37.000 --> 00:29:42.000]  在孩子出生的那一刻就不一樣了
[00:29:42.000 --> 00:29:44.000]  一生兒子
[00:29:44.000 --> 00:29:46.000]  周圍的人怎麼樣
[00:29:46.000 --> 00:29:49.000]  生個兒子很好
[00:29:49.000 --> 00:29:53.000]  生個兒子是很有名氣
[00:29:53.000 --> 00:29:55.000]  突然間生個女兒
[00:29:55.000 --> 00:29:58.000]  我告訴你是很有福氣
[00:29:58.000 --> 00:29:59.000]  你明白嗎
[00:29:59.000 --> 00:30:00.000]  生女兒是很有福氣
[00:30:00.000 --> 00:30:03.000]  當你年齡慢慢變大你就很明白了
[00:30:03.000 --> 00:30:04.000]  所以在這裡講
[00:30:04.000 --> 00:30:10.000]  無論上帝所賜給你是男的還是女的
[00:30:10.000 --> 00:30:15.000]  這個產業其實是神所賞賜的
[00:30:15.000 --> 00:30:19.000]  請問能不能拒絕
[00:30:19.000 --> 00:30:21.000]  上帝所賜的
[00:30:21.000 --> 00:30:23.000]  他所賞賜給你的
[00:30:23.000 --> 00:30:25.000]  能不能拒絕
[00:30:25.000 --> 00:30:28.000]  就像那個皇帝每一次賜給你
[00:30:28.000 --> 00:30:33.000]  你要接還是不接
[00:30:33.000 --> 00:30:35.000]  一聽到那個皇帝的命運
[00:30:35.000 --> 00:30:37.000]  奉天承運皇帝詔曰
[00:30:37.000 --> 00:30:39.000]  一打開你就怎麼樣
[00:30:39.000 --> 00:30:43.000]  接還是不接
[00:30:43.000 --> 00:30:46.000]  當然那只是很重要的
[00:30:46.000 --> 00:30:49.000]  所以當你明白這是賞賜的時候
[00:30:49.000 --> 00:30:54.000]  你要存著歡喜快樂的心
[00:30:54.000 --> 00:30:58.000]  迎接上帝給你的賞賜
[00:30:58.000 --> 00:31:01.000]  這是上帝所賜的
[00:31:01.000 --> 00:31:05.000]  我們繼續來看第四節
[00:31:05.000 --> 00:31:08.000]  第四節講什麼
[00:31:08.000 --> 00:31:11.000]  少年時所生的兒女
[00:31:11.000 --> 00:31:16.000]  好像勇士手中的劍
[00:31:16.000 --> 00:31:18.000]  為什麼講少年呢
[00:31:18.000 --> 00:31:24.000]  意思是說劍壯的人
[00:31:24.000 --> 00:31:26.000]  他所生的兒女
[00:31:26.000 --> 00:31:28.000]  他會怎麼樣
[00:31:28.000 --> 00:31:31.000]  其實我們很重要就孩子的健康
[00:31:31.000 --> 00:31:32.000]  他從小健康
[00:31:32.000 --> 00:31:35.000]  其實他競爭力就很好
[00:31:35.000 --> 00:31:36.000]  因為他慢慢長大之後
[00:31:36.000 --> 00:31:38.000]  他不會感冒不會生病
[00:31:38.000 --> 00:31:40.000]  他從小一生病你就麻煩
[00:31:40.000 --> 00:31:41.000]  你明白他長大完之後
[00:31:41.000 --> 00:31:44.000]  就沒有那種的能量去抵抗
[00:31:44.000 --> 00:31:47.000]  工作當中經常會幹嘛
[00:31:47.000 --> 00:31:48.000]  感冒生病很多
[00:31:48.000 --> 00:31:51.000]  所以小孩子小的時候很重要
[00:31:51.000 --> 00:31:52.000]  我記得人大的一個教授
[00:31:52.000 --> 00:31:54.000]  就講過了一句話
[00:31:54.000 --> 00:31:58.000]  他說要讓我們的孩子贏在起跑線
[00:31:58.000 --> 00:31:59.000]  你經常聽到
[00:31:59.000 --> 00:32:01.000]  要讓我們孩子贏在起跑線
[00:32:01.000 --> 00:32:02.000]  還沒有
[00:32:02.000 --> 00:32:05.000]  那個人大的教授就講了一句話
[00:32:05.000 --> 00:32:09.000]  我們的孩子還沒有上起跑線
[00:32:09.000 --> 00:32:12.000]  就被你們搞死了
[00:32:12.000 --> 00:32:15.000]  因為小孩子在之前給你很多補習班
[00:32:15.000 --> 00:32:16.000]  睡眠很少
[00:32:16.000 --> 00:32:18.000]  這個補那個補那個補
[00:32:18.000 --> 00:32:21.000]  補完之後的話身體就怎麼樣
[00:32:21.000 --> 00:32:24.000]  所以他們孩子的話就很辛苦
[00:32:24.000 --> 00:32:26.000]  有一天一個孩子就跟我講
[00:32:26.000 --> 00:32:27.000]  他說叔叔你知不知道
[00:32:27.000 --> 00:32:29.000]  我們做學生很辛苦
[00:32:29.000 --> 00:32:30.000]  我說你幾年級
[00:32:30.000 --> 00:32:32.000]  一年級
[00:32:32.000 --> 00:32:33.000]  我一年級怎麼這麼辛苦
[00:32:33.000 --> 00:32:35.000]  他說是啊好多功課
[00:32:35.000 --> 00:32:38.000]  我們起得比雞還要早
[00:32:38.000 --> 00:32:41.000]  他們起床比雞還要早
[00:32:41.000 --> 00:32:43.000]  他們做功課比牛還要累
[00:32:43.000 --> 00:32:44.000]  你明白嗎
[00:32:44.000 --> 00:32:46.000]  這個所有的生活不是一個
[00:32:46.000 --> 00:32:48.000]  正常的一個孩子的生活
[00:32:48.000 --> 00:32:51.000]  是很多的不同的東西給他加進去的
[00:32:51.000 --> 00:32:54.000]  少年人所生的兒女
[00:32:54.000 --> 00:32:58.000]  還有講到勇士手中的劍
[00:32:58.000 --> 00:32:59.000]  講到劍
[00:32:59.000 --> 00:33:01.000]  一定有另外一個東西跟他配合的
[00:33:01.000 --> 00:33:03.000]  那個是什麼
[00:33:03.000 --> 00:33:04.000]  弓嘛
[00:33:04.000 --> 00:33:07.000]  請問弓跟劍什麼關係
[00:33:07.000 --> 00:33:11.000]  你單有劍沒有弓也不行
[00:33:11.000 --> 00:33:13.000]  這個弓要怎麼樣
[00:33:13.000 --> 00:33:16.000]  要很有力量的
[00:33:16.000 --> 00:33:17.000]  他的意思是說
[00:33:17.000 --> 00:33:18.000]  有這個劍出現
[00:33:18.000 --> 00:33:20.000]  這個弓一定要怎麼樣
[00:33:20.000 --> 00:33:21.000]  很有力量
[00:33:21.000 --> 00:33:23.000]  把這個劍放在裡面的時候
[00:33:23.000 --> 00:33:25.000]  這個弓的力量
[00:33:25.000 --> 00:33:28.000]  能夠把那個劍射得更遠一點
[00:33:28.000 --> 00:33:31.000]  瞄準那個目標
[00:33:31.000 --> 00:33:32.000]  意思就是說
[00:33:32.000 --> 00:33:34.000]  不經過訓練
[00:33:34.000 --> 00:33:37.000]  我們的孩子不經過訓練
[00:33:37.000 --> 00:33:40.000]  他們就很難有成就
[00:33:40.000 --> 00:33:44.000]  勇士要發劍一定是要有什麼
[00:33:44.000 --> 00:33:46.000]  有目的的
[00:33:46.000 --> 00:33:49.000]  這個劍射出去一定是有目的的
[00:33:49.000 --> 00:33:51.000]  原來在這裡告訴我們
[00:33:51.000 --> 00:33:53.000]  這個孩子是上帝所賜的
[00:33:53.000 --> 00:33:59.000]  你要按照上帝的教導來訓練他們
[00:33:59.000 --> 00:34:01.000]  來教導他們
[00:34:01.000 --> 00:34:02.000]  訓練他們
[00:34:02.000 --> 00:34:04.000]  使他們成為一個獨立
[00:34:04.000 --> 00:34:08.000]  讓上帝所使用的人
[00:34:08.000 --> 00:34:12.000]  這裡講到勇士手中的劍
[00:34:12.000 --> 00:34:14.000]  我們家裡是有劍
[00:34:14.000 --> 00:34:16.000]  因為有孩子
[00:34:16.000 --> 00:34:18.000]  要是勇士手中的劍
[00:34:18.000 --> 00:34:20.000]  這個就更難
[00:34:20.000 --> 00:34:23.000]  原來勇士發劍是有目的的
[00:34:23.000 --> 00:34:26.000]  這個劍射出去是有目的的
[00:34:26.000 --> 00:34:29.000]  我們能不能按照上帝的教導
[00:34:29.000 --> 00:34:32.000]  來教導我們的孩子
[00:34:32.000 --> 00:34:35.000]  讓這個劍射出去的時候是有目的
[00:34:35.000 --> 00:34:37.000]  在這個射出去之前
[00:34:37.000 --> 00:34:39.000]  你要經過訓練
[00:34:39.000 --> 00:34:42.000]  很好的教導
[00:34:42.000 --> 00:34:45.000]  我的孩子今年剛剛讀大學
[00:34:45.000 --> 00:34:48.000]  在其他的外國
[00:34:48.000 --> 00:34:49.000]  很多人就問
[00:34:49.000 --> 00:34:51.000]  牧師放心嗎
[00:34:51.000 --> 00:34:53.000]  女孩子去那麼遠
[00:34:53.000 --> 00:34:54.000]  怎麼怎麼呢
[00:34:54.000 --> 00:34:56.000]  講了很多
[00:34:56.000 --> 00:34:58.000]  我說放心
[00:34:58.000 --> 00:35:02.000]  因為我知道孩子敬畏上帝
[00:35:02.000 --> 00:35:04.000]  孩子一旦敬畏上帝
[00:35:04.000 --> 00:35:06.000]  你就放心
[00:35:06.000 --> 00:35:07.000]  為什麼
[00:35:07.000 --> 00:35:11.000]  他敬畏神自然就遠離惡世
[00:35:11.000 --> 00:35:12.000]  所以你們的孩子
[00:35:12.000 --> 00:35:14.000]  只要到世界各地任何地方讀書
[00:35:14.000 --> 00:35:15.000]  不用擔心
[00:35:15.000 --> 00:35:18.000]  只要孩子敬畏上帝
[00:35:18.000 --> 00:35:21.000]  他就自然遠離惡世
[00:35:21.000 --> 00:35:24.000]  你做父母的就不用擔心
[00:35:24.000 --> 00:35:26.000]  Amen
[00:35:26.000 --> 00:35:29.000]  孩子如果不認識上帝
[00:35:29.000 --> 00:35:31.000]  他去哪裡都擔心
[00:35:31.000 --> 00:35:32.000]  你明白嗎
[00:35:32.000 --> 00:35:35.000]  所以在這裡講到很重要的
[00:35:35.000 --> 00:35:36.000]  接下來講什麼呢
[00:35:36.000 --> 00:35:38.000]  第五節
[00:35:38.000 --> 00:35:42.000]  見代充滿的人變為有福
[00:35:42.000 --> 00:35:46.000]  哇 有福兩個字出現了
[00:35:46.000 --> 00:35:50.000]  見代充滿的人變為有福
[00:35:50.000 --> 00:35:51.000]  有人就問
[00:35:51.000 --> 00:35:54.000]  見代充滿是不是有很多的孩子呢
[00:35:54.000 --> 00:35:56.000]  見代被充滿
[00:35:56.000 --> 00:35:57.000]  是 是有很多的孩子
[00:35:57.000 --> 00:36:00.000]  每個孩子你所生的都很不一樣
[00:36:00.000 --> 00:36:03.000]  原來生養眾多
[00:36:03.000 --> 00:36:07.000]  是上帝的祝福
[00:36:07.000 --> 00:36:09.000]  Amen
[00:36:09.000 --> 00:36:11.000]  創世紀講過
[00:36:11.000 --> 00:36:15.000]  生養眾多原來是上帝的賜福
[00:36:15.000 --> 00:36:18.000]  原來在這裡講到很重要的
[00:36:18.000 --> 00:36:20.000]  見代被充滿
[00:36:20.000 --> 00:36:23.000]  當我們擁有一個敬畏敬虔
[00:36:23.000 --> 00:36:25.000]  愛主的孩子的時候
[00:36:25.000 --> 00:36:27.000]  這個見代被充滿
[00:36:27.000 --> 00:36:29.000]  在這個家庭裡面
[00:36:29.000 --> 00:36:32.000]  有上帝的愛所被充滿的時候
[00:36:32.000 --> 00:36:35.000]  你這個家庭就跟其他的家庭
[00:36:35.000 --> 00:36:37.000]  就怎麼樣
[00:36:37.000 --> 00:36:39.000]  很不一樣
[00:36:39.000 --> 00:36:40.000]  過年的時候
[00:36:40.000 --> 00:36:43.000]  我們會經常探訪不同的家庭
[00:36:43.000 --> 00:36:44.000]  其實就很明白
[00:36:44.000 --> 00:36:46.000]  在每個不同的家庭裡面
[00:36:46.000 --> 00:36:49.000]  他們的孩子如果是敬畏上帝的
[00:36:49.000 --> 00:36:52.000]  這個家庭就很不一樣
[00:36:52.000 --> 00:36:53.000]  是不是呢
[00:36:53.000 --> 00:36:55.000]  有敬畏上帝的家庭
[00:36:55.000 --> 00:36:57.000]  跟沒有敬畏上帝的家庭
[00:36:57.000 --> 00:36:59.000]  他們所追求的方向
[00:36:59.000 --> 00:37:03.000]  所處的一些處世的原則
[00:37:03.000 --> 00:37:05.000]  很不一樣的
[00:37:05.000 --> 00:37:08.000]  得到的結果也是不一樣的
[00:37:08.000 --> 00:37:11.000]  所以我們繼續接下來看
[00:37:11.000 --> 00:37:13.000]  最後講到什麼
[00:37:13.000 --> 00:37:17.000]  他們在城門口和仇敵說話的時候
[00:37:17.000 --> 00:37:21.000]  必不自羞愧
[00:37:21.000 --> 00:37:23.000]  其實這裡就講到
[00:37:23.000 --> 00:37:26.000]  其實這節經文在箴言書也講過
[00:37:26.000 --> 00:37:28.000]  講到賢德的婦人
[00:37:28.000 --> 00:37:31.000]  只有講到她的丈夫在城門口
[00:37:31.000 --> 00:37:33.000]  然後跟人講話的時候
[00:37:33.000 --> 00:37:34.000]  就很有力量
[00:37:34.000 --> 00:37:37.000]  其實這裡講什麼呢
[00:37:37.000 --> 00:37:42.000]  這裡就講到原來這個父親
[00:37:42.000 --> 00:37:46.000]  這個父親的身分很重要的
[00:37:46.000 --> 00:37:48.000]  這個家長在城門口
[00:37:48.000 --> 00:37:52.000]  因為當時在傳統的裡面
[00:37:52.000 --> 00:37:58.000]  城門口有很多重要的人
[00:37:58.000 --> 00:38:02.000]  要處理城裡面很多重要的事
[00:38:02.000 --> 00:38:06.000]  就是那些鄉下裡面的那些老大 長輩
[00:38:06.000 --> 00:38:08.000]  他們在城門口坐下來
[00:38:08.000 --> 00:38:12.000]  就要解決城裡面的那些事
[00:38:12.000 --> 00:38:14.000]  我爸爸給我哥哥取名
[00:38:14.000 --> 00:38:17.000]  跟我的取名其實跟這個有關係
[00:38:17.000 --> 00:38:19.000]  我哥哥叫庭
[00:38:19.000 --> 00:38:21.000]  因為在進入城裡面有個庭
[00:38:21.000 --> 00:38:23.000]  庭的那個地方讓大家休息
[00:38:23.000 --> 00:38:28.000]  重新整理那些行李各方面
[00:38:28.000 --> 00:38:29.000]  然後整理完之後
[00:38:29.000 --> 00:38:32.000]  梳妝打扮就進入到城裡面
[00:38:32.000 --> 00:38:33.000]  所以我哥哥叫庭
[00:38:33.000 --> 00:38:36.000]  原先我的名字是叫城
[00:38:36.000 --> 00:38:38.000]  庭子裡面再進入到城
[00:38:38.000 --> 00:38:40.000]  我就沒有再問我爸爸
[00:38:40.000 --> 00:38:41.000]  如果你再生幾個
[00:38:41.000 --> 00:38:42.000]  那個到底怎麼樣
[00:38:42.000 --> 00:38:45.000]  好像是要講那個城市的故事
[00:38:45.000 --> 00:38:47.000]  從一個庭開始
[00:38:47.000 --> 00:38:48.000]  然後到一個城
[00:38:48.000 --> 00:38:49.000]  然後裡面再怎麼樣
[00:38:49.000 --> 00:38:51.000]  其實這裡講什麼
[00:38:51.000 --> 00:38:56.000]  自廢的父親在城門口和仇敵
[00:38:56.000 --> 00:39:01.000]  他要處理很多日常的事物的過程當中
[00:39:01.000 --> 00:39:05.000]  他會面對好多的挑戰
[00:39:05.000 --> 00:39:08.000]  但是很重要的是什麼
[00:39:08.000 --> 00:39:12.000]  他的兒女會起來幫助他的父親
[00:39:12.000 --> 00:39:14.000]  這個父親在家裡面
[00:39:14.000 --> 00:39:16.000]  在眾人的面前
[00:39:16.000 --> 00:39:21.000]  是很有足夠的力量和資格
[00:39:21.000 --> 00:39:24.000]  讓那個父親在城門口
[00:39:24.000 --> 00:39:26.000]  接觸不同人
[00:39:26.000 --> 00:39:28.000]  解決不同事物的時候
[00:39:28.000 --> 00:39:36.000]  讓那個父親有一定的資格和能力在當中
[00:39:36.000 --> 00:39:37.000]  意思就是說
[00:39:37.000 --> 00:39:40.000]  那個人成為那個城門口裡面
[00:39:40.000 --> 00:39:47.000]  解決任何事情最後判斷的那個人
[00:39:47.000 --> 00:39:50.000]  今年過年我回去
[00:39:50.000 --> 00:39:52.000]  我老爸今年85歲
[00:39:52.000 --> 00:39:55.000]  也在中學當校長退休
[00:39:55.000 --> 00:40:00.000]  後來原來他也負責我們家族的族譜
[00:40:00.000 --> 00:40:02.000]  後來我就發現
[00:40:02.000 --> 00:40:04.000]  在族譜當中他的年齡算很大了
[00:40:04.000 --> 00:40:05.000]  你明白嗎
[00:40:05.000 --> 00:40:08.000]  因為那一代人不一樣
[00:40:08.000 --> 00:40:10.000]  那有時家裡面會
[00:40:10.000 --> 00:40:12.000]  鄉下會發生一些事情
[00:40:12.000 --> 00:40:13.000]  怎麼處理
[00:40:13.000 --> 00:40:16.000]  有的人就會打電話來問我老爸
[00:40:16.000 --> 00:40:17.000]  你明白嗎
[00:40:17.000 --> 00:40:20.000]  意思說就在那個族群當中
[00:40:20.000 --> 00:40:23.000]  有一個很重要的那個人
[00:40:23.000 --> 00:40:25.000]  要負責解決
[00:40:25.000 --> 00:40:29.000]  不同的家庭當中所面對的一些事
[00:40:29.000 --> 00:40:33.000]  其實在這裡講什麼呢
[00:40:33.000 --> 00:40:37.000]  講到了家長跟孩子跟眾人的關係
[00:40:37.000 --> 00:40:40.000]  講到父親的那個角色
[00:40:40.000 --> 00:40:42.000]  其實到了最後總結的時候
[00:40:42.000 --> 00:40:44.000]  到底講什麼
[00:40:44.000 --> 00:40:46.000]  你講到了房屋
[00:40:46.000 --> 00:40:48.000]  講到了城池
[00:40:48.000 --> 00:40:49.000]  講到了工作
[00:40:49.000 --> 00:40:51.000]  講到了睡覺
[00:40:51.000 --> 00:40:53.000]  講到了上帝賜的產業
[00:40:53.000 --> 00:40:56.000]  所講少年生的兒女
[00:40:56.000 --> 00:40:58.000]  手中的劍
[00:40:58.000 --> 00:41:01.000]  劍袋又充滿又有福
[00:41:01.000 --> 00:41:03.000]  然後這個父親在外面
[00:41:03.000 --> 00:41:06.000]  解決重大事物的時候
[00:41:06.000 --> 00:41:08.000]  他有這種能力
[00:41:08.000 --> 00:41:11.000]  有這種別人給他的尊榮
[00:41:11.000 --> 00:41:13.000]  因為他教導他的孩子
[00:41:13.000 --> 00:41:16.000]  對眾人來講都是美好的
[00:41:16.000 --> 00:41:17.000]  因為更重要的
[00:41:17.000 --> 00:41:21.000]  有上帝的智慧在他的身上
[00:41:21.000 --> 00:41:24.000]  當父親是這樣一個父親的時候
[00:41:24.000 --> 00:41:27.000]  他的兒女他的妻子周圍的人
[00:41:27.000 --> 00:41:32.000]  都會蒙福的
[00:41:32.000 --> 00:41:34.000]  我們來看
[00:41:34.000 --> 00:41:39.000]  其實我們追求的是什麼呢
[00:41:39.000 --> 00:41:46.000]  國泰 民安 還是家庭和睦
[00:41:46.000 --> 00:41:49.000]  我們今天所做的一切
[00:41:49.000 --> 00:41:55.000]  我們有沒有將神擺在我們家裡面的地位
[00:41:55.000 --> 00:42:00.000]  讓耶穌永遠居首位
[00:42:00.000 --> 00:42:05.000]  永遠在第一位
[00:42:05.000 --> 00:42:07.000]  保羅說過一句話
[00:42:07.000 --> 00:42:09.000]  耶穌是主
[00:42:09.000 --> 00:42:11.000]  很重要的宣告
[00:42:11.000 --> 00:42:13.000]  如果今天在我們個人身上
[00:42:13.000 --> 00:42:15.000]  在家庭裡面
[00:42:15.000 --> 00:42:17.000]  如果耶穌是主
[00:42:17.000 --> 00:42:21.000]  耶穌不能夠在凡事上做你的主
[00:42:21.000 --> 00:42:24.000]  祂根本就不是你的主
[00:42:24.000 --> 00:42:27.000]  祂要在凡事上做你的主
[00:42:27.000 --> 00:42:30.000]  所以當你口稱耶穌是主的時候
[00:42:30.000 --> 00:42:33.000]  你要將你的心思意念
[00:42:33.000 --> 00:42:37.000]  所有的家庭工作難處各方面
[00:42:37.000 --> 00:42:39.000]  你都要交給上帝
[00:42:39.000 --> 00:42:44.000]  那個時候 耶穌才是你真正的主
[00:42:44.000 --> 00:42:46.000]  願上帝能夠幫助我們
[00:42:46.000 --> 00:42:49.000]  特別一個蒙福的家庭
[00:42:49.000 --> 00:42:54.000]  必須把上帝擺在你家庭裡面的地位
[00:42:54.000 --> 00:42:57.000]  如果當你這樣去行去做的時候
[00:42:57.000 --> 00:42:59.000]  你在神的裡面
[00:42:59.000 --> 00:43:02.000]  你所做的不是汪然
[00:43:02.000 --> 00:43:05.000]  而是蒙上帝的賜福
[00:43:05.000 --> 00:43:09.000]  我們一同禱告
[00:43:09.000 --> 00:43:12.000]  天父願祢繼續住在我們的心中
[00:43:12.000 --> 00:43:14.000]  也住在我們的家中
[00:43:14.000 --> 00:43:17.000]  讓我們的家當中有和睦
[00:43:17.000 --> 00:43:19.000]  有彼此相愛
[00:43:19.000 --> 00:43:21.000]  也讓我們做長輩的
[00:43:21.000 --> 00:43:23.000]  也能夠得蒙祢的賜福
[00:43:23.000 --> 00:43:26.000]  賜他們智慧聰明
[00:43:26.000 --> 00:43:30.000]  也同樣賜我們的下一代
[00:43:30.000 --> 00:43:32.000]  使他們能夠敬畏跟隨祢
[00:43:32.000 --> 00:43:35.000]  也能夠得蒙祢的悅納
[00:43:35.000 --> 00:43:37.000]  願祢繼續與我們同在
[00:43:37.000 --> 00:43:40.000]  讓我們的家中充滿了祢的愛
[00:43:40.000 --> 00:43:42.000]  也充滿了金錢
[00:43:42.000 --> 00:43:43.000]  我們這樣禱告
[00:43:43.000 --> 00:43:45.000]  奉耶穌的聖名
[00:43:45.000 --> 00:43:46.000]  Amen
