
[00:00:00.000 --> 00:00:02.000]  我們很感激神
[00:00:02.000 --> 00:00:06.000]  我們繼續可以在崇拜當中一起讀神的話
[00:00:06.000 --> 00:00:08.000]  大家知道這段時間讀《大義理書》的時候
[00:00:08.000 --> 00:00:11.000]  我們看到上帝有一個很清楚的訊息
[00:00:11.000 --> 00:00:13.000]  就是這位上帝告訴我們
[00:00:13.000 --> 00:00:17.000]  祂在人的世間中掌權
[00:00:17.000 --> 00:00:20.000]  黑暗是短暫的
[00:00:20.000 --> 00:00:27.000]  神要帶來了祂的聖潔和光榮在我們中間
[00:00:27.000 --> 00:00:28.000]  當我們讀到《大義理》的時候
[00:00:28.000 --> 00:00:33.000]  你會發覺祂的生命是充滿著義的生命
[00:00:33.000 --> 00:00:35.000]  在聖經《以西傑書》特別提到
[00:00:35.000 --> 00:00:41.000]  在教育聖經裏面有三位被神喜愛的義人
[00:00:41.000 --> 00:00:46.000]  有羅亞、約伯和大義理
[00:00:46.000 --> 00:00:49.000]  聖經提到這三位義人
[00:00:49.000 --> 00:00:52.000]  他們是被神所閱立的
[00:00:52.000 --> 00:00:54.000]  而聖經在新玉裏面提到義人的時候
[00:00:54.000 --> 00:00:55.000]  特別提到一件事情
[00:00:55.000 --> 00:00:59.000]  「義人必因信得生」
[00:00:59.000 --> 00:01:03.000]  很多屬神的人都會經歷在世上我們有的日子
[00:01:03.000 --> 00:01:05.000]  沒錯有神給我們各樣的恩惠
[00:01:05.000 --> 00:01:11.000]  但裏面同時會出現很多不同的患難或者危機
[00:01:11.000 --> 00:01:13.000]  在這些患難當中
[00:01:13.000 --> 00:01:15.000]  神走路免礙我們
[00:01:15.000 --> 00:01:17.000]  祂說你們要忍耐
[00:01:17.000 --> 00:01:19.000]  你們必須要忍耐
[00:01:19.000 --> 00:01:21.000]  在《白鷺書》十一章所說
[00:01:21.000 --> 00:01:25.000]  指你們行完神的旨意
[00:01:25.000 --> 00:01:28.000]  神的旨意是容許我們在這些情況之下
[00:01:28.000 --> 00:01:30.000]  面對各樣的患難
[00:01:30.000 --> 00:01:32.000]  但祂面臨我們要忍耐
[00:01:32.000 --> 00:01:36.000]  行完神的旨意就可以得著所應許
[00:01:36.000 --> 00:01:38.000]  然後主安慰我們
[00:01:38.000 --> 00:01:40.000]  因為患有一點點的時候
[00:01:40.000 --> 00:01:42.000]  那要來的就來
[00:01:42.000 --> 00:01:45.000]  並不遲而每遲
[00:01:45.000 --> 00:01:46.000]  在最適合的時候
[00:01:46.000 --> 00:01:49.000]  神就要來到了
[00:01:49.000 --> 00:01:51.000]  然後最後
[00:01:51.000 --> 00:01:53.000]  聖經就加上一句說話
[00:01:53.000 --> 00:01:58.000]  因為疑人必因信得心
[00:01:58.000 --> 00:02:01.000]  為什麼能夠成為疑人
[00:02:01.000 --> 00:02:04.000]  因為他有信心
[00:02:04.000 --> 00:02:08.000]  這種信心表現出在生活的忍耐上面
[00:02:08.000 --> 00:02:11.000]  面對那些困難的時候仍然忍耐
[00:02:11.000 --> 00:02:16.000]  也都表現出在那種堅持上面
[00:02:16.000 --> 00:02:18.000]  仍然行義
[00:02:18.000 --> 00:02:20.000]  仍然保持他裡面的良善
[00:02:20.000 --> 00:02:23.000]  仍然繼續忠心向神
[00:02:23.000 --> 00:02:25.000]  堅持到底
[00:02:25.000 --> 00:02:26.000]  聖經就說
[00:02:26.000 --> 00:02:30.000]  這些疑人他們因信得心
[00:02:30.000 --> 00:02:33.000]  當你看回大顯祢的人生的時候
[00:02:33.000 --> 00:02:34.000]  你就發覺
[00:02:34.000 --> 00:02:37.000]  在他生命裡面面對著很多危機的時候
[00:02:37.000 --> 00:02:40.000]  他仍然忍耐行神的道
[00:02:40.000 --> 00:02:43.000]  他仍然堅持他的義
[00:02:43.000 --> 00:02:48.000]  因為他相信神掌管著一切
[00:02:48.000 --> 00:02:52.000]  因為他相信前面神給的盼望
[00:02:52.000 --> 00:02:57.000]  所以他很安然地面對他眼前的困難
[00:02:57.000 --> 00:02:59.000]  我們今天來到第九章的時候
[00:02:59.000 --> 00:03:00.000]  我們繼續思想
[00:03:00.000 --> 00:03:03.000]  特別從他的禱文當中
[00:03:03.000 --> 00:03:06.000]  我們去看回這個疑人究竟是怎樣的
[00:03:06.000 --> 00:03:08.000]  他怎樣活出他的人生
[00:03:08.000 --> 00:03:11.000]  然後在他的異的生活裡面
[00:03:11.000 --> 00:03:16.000]  上帝怎樣將未來的事情向他顯明
[00:03:16.000 --> 00:03:20.000]  更加讓他知道上帝那種掌權
[00:03:20.000 --> 00:03:22.000]  也都透過他
[00:03:22.000 --> 00:03:24.000]  將這種神掌權的盼望
[00:03:24.000 --> 00:03:27.000]  傳達給當時很多很多
[00:03:27.000 --> 00:03:30.000]  在困難當中的弟兄姊妹
[00:03:30.000 --> 00:03:32.000]  包括了今天你和我
[00:03:32.000 --> 00:03:35.000]  所以我們今天一起再看回第九章
[00:03:35.000 --> 00:03:37.000]  首先我們思想的就是大顯祢
[00:03:37.000 --> 00:03:38.000]  祂在開始的時候
[00:03:38.000 --> 00:03:42.000]  祂有一個很深切的認罪的祈禱
[00:03:42.000 --> 00:03:44.000]  祂為何會這樣祈禱呢?
[00:03:44.000 --> 00:03:47.000]  是因為祂讀到聖經耶利米蘇
[00:03:47.000 --> 00:03:48.000]  當你這樣看的時候
[00:03:48.000 --> 00:03:52.000]  你會留意到耶利米蘇當時已經廣泛
[00:03:52.000 --> 00:03:55.000]  是被整體的神的百姓
[00:03:55.000 --> 00:03:57.000]  看為神的經書
[00:03:57.000 --> 00:04:00.000]  然後在當中他們一齊去研讀
[00:04:00.000 --> 00:04:01.000]  讀的時候
[00:04:01.000 --> 00:04:03.000]  聖經就說大顯祢體會到
[00:04:03.000 --> 00:04:05.000]  神原來指明
[00:04:05.000 --> 00:04:08.000]  耶路撒冷雖然經歷毀壞
[00:04:08.000 --> 00:04:10.000]  現在變得荒廢
[00:04:10.000 --> 00:04:13.000]  但是七十年之後
[00:04:13.000 --> 00:04:18.000]  耶路撒冷城會重新被建造
[00:04:18.000 --> 00:04:21.000]  當祂知道神自己的應許
[00:04:21.000 --> 00:04:23.000]  神自己的計劃之後
[00:04:23.000 --> 00:04:26.000]  祂心裏面有一個很明顯的回應
[00:04:26.000 --> 00:04:28.000]  就是祈禱
[00:04:28.000 --> 00:04:34.000]  大家看回聖經文的前面第九章第三節
[00:04:34.000 --> 00:04:36.000]  第九章第三節
[00:04:36.000 --> 00:04:37.000]  聖經就說
[00:04:37.000 --> 00:04:40.000]  於是我轉向主神
[00:04:40.000 --> 00:04:42.000]  祂禁食
[00:04:42.000 --> 00:04:44.000]  祂披麻蒙灰
[00:04:44.000 --> 00:04:47.000]  表達出那種謙卑尋求神的心
[00:04:47.000 --> 00:04:50.000]  然後藉著祈禱和懇求
[00:04:50.000 --> 00:04:53.000]  不單只是講述事情
[00:04:53.000 --> 00:04:55.000]  而是將自己整個心投入去
[00:04:55.000 --> 00:04:59.000]  懇切地去尋求神
[00:04:59.000 --> 00:05:01.000]  然後經文從第四節
[00:05:01.000 --> 00:05:04.000]  一直到下面的第十九節
[00:05:04.000 --> 00:05:08.000]  一直講述祂禱告的內容
[00:05:08.000 --> 00:05:12.000]  我們可以嘗試從三方面去看這個祈禱
[00:05:12.000 --> 00:05:13.000]  當你一路祈禱的時候
[00:05:13.000 --> 00:05:14.000]  你會發覺
[00:05:14.000 --> 00:05:15.000]  祂在神面前
[00:05:15.000 --> 00:05:19.000]  是不斷地求神成就祂的計劃
[00:05:19.000 --> 00:05:20.000]  你會發覺
[00:05:20.000 --> 00:05:22.000]  在聖經裏面很清楚地講述一件事
[00:05:22.000 --> 00:05:30.000]  神自己的主權和人的責任之間沒有矛盾
[00:05:30.000 --> 00:05:31.000]  為何這樣說?
[00:05:31.000 --> 00:05:32.000]  你會發覺
[00:05:32.000 --> 00:05:35.000]  當你知道上帝要在七十年後
[00:05:35.000 --> 00:05:37.000]  會來到讓耶路撒冷重建
[00:05:37.000 --> 00:05:40.000]  是神預定了的計劃
[00:05:40.000 --> 00:05:41.000]  但是因此
[00:05:41.000 --> 00:05:43.000]  是否就可以
[00:05:43.000 --> 00:05:45.000]  這樣就不用理會了
[00:05:45.000 --> 00:05:47.000]  這樣就不用擔心了
[00:05:47.000 --> 00:05:48.000]  就坐下來休息
[00:05:48.000 --> 00:05:50.000]  等神成就祂的計劃
[00:05:50.000 --> 00:05:51.000]  不是
[00:05:51.000 --> 00:05:53.000]  當你知道神的計劃之後
[00:05:53.000 --> 00:05:54.000]  祂會做的事情
[00:05:54.000 --> 00:05:57.000]  是祂會切切地向神祈求
[00:05:57.000 --> 00:05:59.000]  求神成全祂的旨意
[00:05:59.000 --> 00:06:03.000]  祂好像感受到這是祂的責任
[00:06:03.000 --> 00:06:06.000]  既然神有這樣的應許
[00:06:06.000 --> 00:06:08.000]  祂就去盡祂的責任
[00:06:08.000 --> 00:06:10.000]  去懇切尋求
[00:06:10.000 --> 00:06:14.000]  讓神按祂的應許成就這件事情
[00:06:14.000 --> 00:06:17.000]  這時祂不會感覺有甚麼矛盾
[00:06:17.000 --> 00:06:19.000]  而是很清楚地體會到
[00:06:19.000 --> 00:06:20.000]  在禱告當中
[00:06:20.000 --> 00:06:22.000]  祂更清楚地表達對神的信心
[00:06:22.000 --> 00:06:25.000]  知道祂的應許要成就
[00:06:25.000 --> 00:06:26.000]  在禱告當中
[00:06:26.000 --> 00:06:29.000]  祂表明祂的願意
[00:06:29.000 --> 00:06:32.000]  神求你按祢的旨意成就
[00:06:32.000 --> 00:06:34.000]  沒有任何的抗拒或無奈
[00:06:34.000 --> 00:06:35.000]  神是你
[00:06:35.000 --> 00:06:37.000]  你就做吧
[00:06:37.000 --> 00:06:39.000]  在懇切祈求當中
[00:06:39.000 --> 00:06:41.000]  配合著神的旨意來禱告
[00:06:41.000 --> 00:06:43.000]  按著神的旨意的方向
[00:06:43.000 --> 00:06:48.000]  神求你讓耶路撒冷得到重建
[00:06:48.000 --> 00:06:49.000]  各位電影姐妹
[00:06:49.000 --> 00:06:50.000]  在我們的生活上
[00:06:50.000 --> 00:06:51.000]  你會留意到
[00:06:51.000 --> 00:06:55.000]  神給我們很多很多的應許
[00:06:55.000 --> 00:06:57.000]  其中一件事情你會記得
[00:06:57.000 --> 00:06:59.000]  我們過去都有幾次提及過
[00:06:59.000 --> 00:07:01.000]  彼得後書第一章提及
[00:07:01.000 --> 00:07:07.000]  神有一章又寶貴又極大的應許賜給我們
[00:07:07.000 --> 00:07:12.000]  彼得後書第一章所說到
[00:07:12.000 --> 00:07:14.000]  這個應許是甚麼呢?
[00:07:14.000 --> 00:07:19.000]  就是神救我們脫離從世俗而來的敗壞
[00:07:19.000 --> 00:07:22.000]  將祂的性情賜給我們
[00:07:22.000 --> 00:07:24.000]  這是神的應許
[00:07:24.000 --> 00:07:26.000]  各位電影姐妹想一想
[00:07:26.000 --> 00:07:30.000]  你會有神的性情
[00:07:30.000 --> 00:07:31.000]  但當聖經這樣說之後
[00:07:31.000 --> 00:07:32.000]  然後祂說
[00:07:32.000 --> 00:07:34.000]  既因為如此
[00:07:34.000 --> 00:07:36.000]  你們就當恩勤
[00:07:36.000 --> 00:07:38.000]  大家記得
[00:07:38.000 --> 00:07:40.000]  有了純心要加上德行
[00:07:40.000 --> 00:07:42.000]  一路加上去
[00:07:42.000 --> 00:07:44.000]  領受應許之餘
[00:07:44.000 --> 00:07:46.000]  不是說既然神應許了我
[00:07:46.000 --> 00:07:48.000]  那就一起合力
[00:07:48.000 --> 00:07:50.000]  等神成就
[00:07:50.000 --> 00:07:51.000]  不是
[00:07:51.000 --> 00:07:53.000]  而是透過恩勤去追求
[00:07:53.000 --> 00:07:56.000]  領受神賜給我們的性情
[00:07:56.000 --> 00:07:58.000]  而表達出那種信心
[00:07:58.000 --> 00:08:00.000]  因然地尋求
[00:08:00.000 --> 00:08:02.000]  去得到
[00:08:02.000 --> 00:08:05.000]  回應神的應許
[00:08:05.000 --> 00:08:07.000]  是有一份責任的
[00:08:07.000 --> 00:08:10.000]  回應神對我們民族的應許
[00:08:10.000 --> 00:08:12.000]  對我們周圍的人的應許
[00:08:12.000 --> 00:08:14.000]  亦都有一份責任
[00:08:14.000 --> 00:08:16.000]  就是禱告
[00:08:16.000 --> 00:08:19.000]  熱切地求神成就他的旨意
[00:08:19.000 --> 00:08:22.000]  在當中亦都讓你的行動
[00:08:22.000 --> 00:08:25.000]  配合著神自己的計劃去成全
[00:08:25.000 --> 00:08:28.000]  第二方面我們再看
[00:08:28.000 --> 00:08:30.000]  當大義你這樣祈禱的時候
[00:08:30.000 --> 00:08:31.000]  你發覺祂的祈禱
[00:08:31.000 --> 00:08:33.000]  不單單是為祂的民族
[00:08:33.000 --> 00:08:37.000]  同時為祂自己的罪來禱告
[00:08:37.000 --> 00:08:39.000]  當你剛才讀聖經的時候
[00:08:39.000 --> 00:08:41.000]  你會留意到在第二十節
[00:08:41.000 --> 00:08:43.000]  第九章第二十節
[00:08:43.000 --> 00:08:49.000]  當我還在說話禱告
[00:08:49.000 --> 00:08:51.000]  承認我的罪
[00:08:51.000 --> 00:08:55.000]  和我同胞以色列人的罪
[00:08:55.000 --> 00:08:57.000]  祂為自己的罪
[00:08:57.000 --> 00:09:01.000]  亦都為同胞的罪祈禱
[00:09:01.000 --> 00:09:02.000]  當你剛才讀經文的時候
[00:09:02.000 --> 00:09:03.000]  你會記得
[00:09:03.000 --> 00:09:04.000]  祂一路祈禱的時候
[00:09:04.000 --> 00:09:06.000]  我們得罪了你
[00:09:06.000 --> 00:09:09.000]  我們違背你自己的說話
[00:09:09.000 --> 00:09:12.000]  很清楚自己認同自己有份
[00:09:12.000 --> 00:09:13.000]  沒錯
[00:09:13.000 --> 00:09:14.000]  猶太人犯罪
[00:09:14.000 --> 00:09:17.000]  所以面對神給他們的審判管教
[00:09:17.000 --> 00:09:20.000]  以至他們被擄掠離開他們自己的家園
[00:09:20.000 --> 00:09:22.000]  是他們犯罪
[00:09:22.000 --> 00:09:24.000]  但這並不是指責他們
[00:09:24.000 --> 00:09:27.000]  你們犯罪你們要悔改
[00:09:27.000 --> 00:09:31.000]  他們清楚看見自己有份在當中
[00:09:31.000 --> 00:09:34.000]  很多時候當一個教徒為人代求的時候
[00:09:34.000 --> 00:09:36.000]  相信都會體會到一件事情
[00:09:36.000 --> 00:09:39.000]  其實不單別人需要代求
[00:09:39.000 --> 00:09:41.000]  自己都需要禱告
[00:09:41.000 --> 00:09:44.000]  為自己的罪禱告
[00:09:44.000 --> 00:09:45.000]  有些時候在禱告當中
[00:09:45.000 --> 00:09:48.000]  你會發覺到神自己提醒我們
[00:09:48.000 --> 00:09:51.000]  難道真的完全是別人的問題
[00:09:51.000 --> 00:09:54.000]  難道我沒有份
[00:09:54.000 --> 00:09:57.000]  有時候會想到其實對方犯的罪
[00:09:57.000 --> 00:09:59.000]  對方做的錯事
[00:09:59.000 --> 00:10:02.000]  可能因為是我疏忽了我的責任
[00:10:02.000 --> 00:10:06.000]  沒有對他有一些我應該有的虧欠
[00:10:06.000 --> 00:10:07.000]  提醒
[00:10:07.000 --> 00:10:11.000]  間接促成了他犯罪
[00:10:11.000 --> 00:10:13.000]  很多時候你會體會到在過程當中
[00:10:13.000 --> 00:10:15.000]  自己有自己的一份
[00:10:15.000 --> 00:10:20.000]  當然我們不必要將一些罪咎加給自己
[00:10:20.000 --> 00:10:22.000]  但當你誠實去看的時候
[00:10:22.000 --> 00:10:26.000]  你會看到自己的責任在裏面
[00:10:26.000 --> 00:10:29.000]  當你想起聖經裏面提到
[00:10:29.000 --> 00:10:30.000]  「以創下先知」
[00:10:30.000 --> 00:10:34.000]  當他向神禱告的時候
[00:10:34.000 --> 00:10:36.000]  當他一路禱告
[00:10:36.000 --> 00:10:38.000]  你就會發覺在他禱告的時候
[00:10:38.000 --> 00:10:40.000]  他見到神的榮耀
[00:10:40.000 --> 00:10:42.000]  神的寶座高高在天上
[00:10:42.000 --> 00:10:45.000]  大家記得嗎?
[00:10:45.000 --> 00:10:47.000]  在過程裏面
[00:10:47.000 --> 00:10:49.000]  他見到神的榮耀
[00:10:49.000 --> 00:10:51.000]  而察覺到自己生命的狀況
[00:10:51.000 --> 00:10:52.000]  因此他就說
[00:10:52.000 --> 00:10:56.000]  「神啊!我口唇不潔的人
[00:10:56.000 --> 00:10:59.000]  又住在嘴唇不潔的人當中」
[00:10:59.000 --> 00:11:01.000]  他察覺自己的問題
[00:11:01.000 --> 00:11:03.000]  而他在神面前求神赦免他
[00:11:03.000 --> 00:11:06.000]  也赦免別人
[00:11:06.000 --> 00:11:09.000]  我想分析在好幾年之前
[00:11:09.000 --> 00:11:11.000]  認識一位在菲律賓來的牧師
[00:11:11.000 --> 00:11:13.000]  說一件事情
[00:11:13.000 --> 00:11:15.000]  和大家一起看一看
[00:11:15.000 --> 00:11:16.000]  一件事情就是
[00:11:16.000 --> 00:11:18.000]  他說到他的爸爸不是他自己
[00:11:18.000 --> 00:11:20.000]  他父親也是牧師
[00:11:20.000 --> 00:11:21.000]  很多年前
[00:11:21.000 --> 00:11:23.000]  在他們自己所身處的地方
[00:11:23.000 --> 00:11:28.000]  在那個地方有一些部落之間的鬥爭
[00:11:28.000 --> 00:11:30.000]  一些爭戰的事情
[00:11:30.000 --> 00:11:33.000]  在當時整個地區都很混亂
[00:11:33.000 --> 00:11:35.000]  他們的教會都受到很多牽連
[00:11:35.000 --> 00:11:36.000]  在那段時間
[00:11:36.000 --> 00:11:38.000]  突然間很奇怪
[00:11:38.000 --> 00:11:39.000]  當時的政府軍
[00:11:39.000 --> 00:11:42.000]  來抓了他爸爸
[00:11:42.000 --> 00:11:43.000]  一位牧師
[00:11:43.000 --> 00:11:44.000]  去坐牢
[00:11:44.000 --> 00:11:46.000]  說他犯事
[00:11:46.000 --> 00:11:47.000]  這位牧師完全不明白
[00:11:47.000 --> 00:11:49.000]  為何會有這樣的事情
[00:11:49.000 --> 00:11:50.000]  後來當他在監牢當中
[00:11:50.000 --> 00:11:52.000]  他聽到一些消息
[00:11:52.000 --> 00:11:55.000]  原來是他教會的其中一位長老
[00:11:55.000 --> 00:11:57.000]  向政府來去
[00:11:57.000 --> 00:12:00.000]  誣告他很多事情
[00:12:00.000 --> 00:12:01.000]  因此他被抓了
[00:12:01.000 --> 00:12:03.000]  然後坐牢
[00:12:03.000 --> 00:12:04.000]  這位牧師聽到這個情況之後
[00:12:04.000 --> 00:12:06.000]  他心裡很難過
[00:12:06.000 --> 00:12:08.000]  這位他熟悉的弟兄
[00:12:08.000 --> 00:12:10.000]  竟然這樣背後來重傷他
[00:12:10.000 --> 00:12:12.000]  誣告他
[00:12:12.000 --> 00:12:13.000]  所以在監獄當中
[00:12:13.000 --> 00:12:15.000]  他在那裏受苦的時候
[00:12:15.000 --> 00:12:17.000]  他對這個仇恨很大
[00:12:17.000 --> 00:12:20.000]  很憎恨這位長老
[00:12:20.000 --> 00:12:23.000]  後來他出監獄
[00:12:23.000 --> 00:12:25.000]  回到教會繼續他的服事
[00:12:25.000 --> 00:12:27.000]  但他重遇那位長老
[00:12:27.000 --> 00:12:31.000]  但他按捺不到自己那種仇恨
[00:12:31.000 --> 00:12:33.000]  一直都不肯和他再接觸
[00:12:33.000 --> 00:12:36.000]  甚至點頭都不會
[00:12:36.000 --> 00:12:38.000]  但後來發生一件事情
[00:12:38.000 --> 00:12:40.000]  就是一位牧師發覺自己
[00:12:40.000 --> 00:12:42.000]  突然間有一個很奇怪的病
[00:12:42.000 --> 00:12:44.000]  醫生解釋不到是什麼病
[00:12:44.000 --> 00:12:46.000]  而且病得很重
[00:12:46.000 --> 00:12:48.000]  甚至差不多要死
[00:12:48.000 --> 00:12:51.000]  後來一位牧師在祈禱的時候
[00:12:51.000 --> 00:12:54.000]  他說:神啊,求祢醫治我的病
[00:12:54.000 --> 00:12:57.000]  求祢赦免我的罪
[00:12:57.000 --> 00:12:58.000]  當他這樣祈禱的時候
[00:12:58.000 --> 00:13:00.000]  他很清楚體會到
[00:13:00.000 --> 00:13:03.000]  聖靈一直光照他
[00:13:03.000 --> 00:13:11.000]  告訴他:你先向這位長老認罪
[00:13:11.000 --> 00:13:14.000]  牧師心裏想:是他應該和我認罪
[00:13:14.000 --> 00:13:17.000]  是他傷害了我
[00:13:17.000 --> 00:13:19.000]  但聖靈一直光照他
[00:13:19.000 --> 00:13:21.000]  你向他認罪
[00:13:21.000 --> 00:13:24.000]  為了你對他的仇恨
[00:13:24.000 --> 00:13:28.000]  你請求他寬恕你
[00:13:28.000 --> 00:13:32.000]  牧師後來順從下來
[00:13:32.000 --> 00:13:34.000]  他找人邀請這位長老
[00:13:34.000 --> 00:13:37.000]  來到他家裏和他聊天
[00:13:37.000 --> 00:13:40.000]  他一病床就和這位長老說
[00:13:40.000 --> 00:13:42.000]  請你寬恕我
[00:13:42.000 --> 00:13:44.000]  過去這麼多年
[00:13:44.000 --> 00:13:48.000]  我心裏仇恨你
[00:13:48.000 --> 00:13:49.000]  這時候長老知道
[00:13:49.000 --> 00:13:52.000]  牧師原來知道他所做的事情
[00:13:52.000 --> 00:13:54.000]  但當他聽到牧師這樣說的時候
[00:13:54.000 --> 00:13:56.000]  他心裏很被觸動
[00:13:56.000 --> 00:13:59.000]  他說:牧師是應該我向你求寬恕
[00:13:59.000 --> 00:14:02.000]  沒錯,我曾經傷害你
[00:14:02.000 --> 00:14:04.000]  去誣告你
[00:14:04.000 --> 00:14:06.000]  請你寬恕我
[00:14:06.000 --> 00:14:08.000]  牧師說:我很願意寬恕你
[00:14:08.000 --> 00:14:10.000]  但你先寬恕我
[00:14:10.000 --> 00:14:13.000]  你為我祈禱
[00:14:13.000 --> 00:14:17.000]  然後兩個人彼此代禱
[00:14:17.000 --> 00:14:19.000]  在這件事情之後
[00:14:19.000 --> 00:14:23.000]  這位牧師很奇妙地康復了
[00:14:23.000 --> 00:14:26.000]  沒有人能解釋到他為何突然康復了
[00:14:26.000 --> 00:14:28.000]  但牧師在那時候
[00:14:28.000 --> 00:14:30.000]  重新有了健康
[00:14:30.000 --> 00:14:32.000]  繼續他的侍奉
[00:14:32.000 --> 00:14:34.000]  我很記得當我聽到這位牧師
[00:14:34.000 --> 00:14:36.000]  和我分享這件事情的時候
[00:14:36.000 --> 00:14:38.000]  我體會到上帝有時候容許一些
[00:14:38.000 --> 00:14:41.000]  特別的患難淋到我們身上
[00:14:41.000 --> 00:14:44.000]  不一定是他要傷害我們
[00:14:44.000 --> 00:14:46.000]  他不是要傷害我們
[00:14:46.000 --> 00:14:49.000]  而是讓我們更加領受那種光照
[00:14:49.000 --> 00:14:50.000]  那種管教
[00:14:50.000 --> 00:14:52.000]  以致我們會知道反省自己的生命
[00:14:52.000 --> 00:14:55.000]  我們可以去檢視自己
[00:14:55.000 --> 00:14:57.000]  以致我們轉向神
[00:14:57.000 --> 00:15:02.000]  免得我們承受將來更重神自己的審判
[00:15:02.000 --> 00:15:06.000]  太多時候我們在為別人代禱的時候
[00:15:06.000 --> 00:15:09.000]  我們以為是別人的需要
[00:15:09.000 --> 00:15:13.000]  但神要我們先為自己來祈禱
[00:15:13.000 --> 00:15:15.000]  而你發覺正如所說
[00:15:15.000 --> 00:15:18.000]  二人的禱告是大有功效的
[00:15:18.000 --> 00:15:19.000]  當神潔淨你的時候
[00:15:19.000 --> 00:15:22.000]  你就發覺到神願立你的代求
[00:15:22.000 --> 00:15:27.000]  叫你的代求產生了很重要的對生命的祝福
[00:15:27.000 --> 00:15:29.000]  你記得我們過去也提過
[00:15:29.000 --> 00:15:33.000]  聖經在《創世紀》第十八章
[00:15:33.000 --> 00:15:35.000]  當時神告訴伯多安知道
[00:15:35.000 --> 00:15:40.000]  我要毀滅所多瑪、阿摩拉城
[00:15:40.000 --> 00:15:44.000]  但是伯多安就一直跟神說
[00:15:44.000 --> 00:15:45.000]  神說如果有二人
[00:15:45.000 --> 00:15:48.000]  你不會將二人和罪人一起處死的
[00:15:48.000 --> 00:15:50.000]  神說是的
[00:15:50.000 --> 00:15:52.000]  如果有五十個二人
[00:15:52.000 --> 00:15:55.000]  我就不會消滅這城
[00:15:55.000 --> 00:15:58.000]  大家記得後面的故事
[00:15:58.000 --> 00:16:00.000]  但你記得聖經所說
[00:16:00.000 --> 00:16:02.000]  有二人在當中
[00:16:02.000 --> 00:16:04.000]  神因為二人的代求
[00:16:04.000 --> 00:16:08.000]  因為二人的生命而去赦免別人
[00:16:08.000 --> 00:16:13.000]  而因為但以你在這個地方
[00:16:13.000 --> 00:16:15.000]  祂保持著自己的義
[00:16:15.000 --> 00:16:18.000]  神因為祂的禱告
[00:16:18.000 --> 00:16:21.000]  帶來了極大的恩惠
[00:16:21.000 --> 00:16:24.000]  臨到其他民族身上
[00:16:24.000 --> 00:16:26.000]  我們再看下去的時候
[00:16:26.000 --> 00:16:28.000]  但以你不單為自己
[00:16:28.000 --> 00:16:30.000]  為民族赦罪祈禱
[00:16:30.000 --> 00:16:36.000]  你也很清楚地表達出對自己民族的愛和關切
[00:16:36.000 --> 00:16:40.000]  大家看看下面在二十三節的時候
[00:16:40.000 --> 00:16:42.000]  當他在祈禱的時候
[00:16:42.000 --> 00:16:44.000]  還未祈禱完的時候
[00:16:44.000 --> 00:16:48.000]  神經差派一位先知加拔列
[00:16:48.000 --> 00:16:50.000]  來跟他說話
[00:16:50.000 --> 00:16:51.000]  二十三節說
[00:16:51.000 --> 00:16:53.000]  你開始懇求的時候
[00:16:53.000 --> 00:16:55.000]  就有命令發出
[00:16:55.000 --> 00:16:57.000]  因為你是大蒙眷愛的
[00:16:57.000 --> 00:16:59.000]  所以我來告訴你
[00:16:59.000 --> 00:17:01.000]  你要留意這信息
[00:17:01.000 --> 00:17:03.000]  明白這異象
[00:17:03.000 --> 00:17:06.000]  但以你是大蒙眷愛的
[00:17:06.000 --> 00:17:07.000]  大家會留意到
[00:17:07.000 --> 00:17:10.000]  但以你這個時候其實年紀不小
[00:17:10.000 --> 00:17:12.000]  知道祂有多大
[00:17:12.000 --> 00:17:14.000]  祂八十多歲了
[00:17:14.000 --> 00:17:17.000]  在人生一個很後期的階段
[00:17:17.000 --> 00:17:20.000]  如果祂的民族有什麼事發生
[00:17:20.000 --> 00:17:22.000]  大概也不會怎樣影響祂
[00:17:22.000 --> 00:17:24.000]  祂也很安定
[00:17:24.000 --> 00:17:26.000]  但你會發覺祂沒有因此
[00:17:26.000 --> 00:17:29.000]  就好像隔岸觀火
[00:17:29.000 --> 00:17:30.000]  祂的百姓
[00:17:30.000 --> 00:17:32.000]  他們的城牆荒涼
[00:17:32.000 --> 00:17:34.000]  現在被擄掠
[00:17:34.000 --> 00:17:37.000]  自己也在擄掠的一個環境裏
[00:17:37.000 --> 00:17:40.000]  但祂在其中仍然很深切地認同
[00:17:40.000 --> 00:17:44.000]  自己百姓的困難和苦難
[00:17:44.000 --> 00:17:47.000]  雖然祂自己也在一個很高的位置
[00:17:47.000 --> 00:17:49.000]  在國家裏很有權勢
[00:17:49.000 --> 00:17:53.000]  但祂不會說我要保住自己的位置
[00:17:53.000 --> 00:17:55.000]  明哲保身
[00:17:55.000 --> 00:17:56.000]  不是
[00:17:56.000 --> 00:17:59.000]  祂反而是很認同自己同胞的苦難
[00:17:59.000 --> 00:18:01.000]  你看到祂的祈禱
[00:18:01.000 --> 00:18:04.000]  很深切地來代求
[00:18:04.000 --> 00:18:07.000]  聖經說
[00:18:07.000 --> 00:18:10.000]  你是大夢眷愛的人
[00:18:10.000 --> 00:18:13.000]  神閲納他的愛人的心
[00:18:13.000 --> 00:18:16.000]  也都以他為神所愛的對象
[00:18:16.000 --> 00:18:18.000]  因此就告訴你
[00:18:18.000 --> 00:18:19.000]  你是大夢眷愛的
[00:18:19.000 --> 00:18:20.000]  所以我們告訴你
[00:18:20.000 --> 00:18:22.000]  有關於將來的訊息
[00:18:22.000 --> 00:18:25.000]  將那種將來的盼望
[00:18:25.000 --> 00:18:27.000]  擺在大義利的心中
[00:18:27.000 --> 00:18:30.000]  與他後來傳出這個訊息的時候
[00:18:30.000 --> 00:18:33.000]  帶給很多當時的民族盼望
[00:18:33.000 --> 00:18:37.000]  但這個盼望不單止臨到當時的人
[00:18:37.000 --> 00:18:40.000]  也臨到今天所有熟神的人
[00:18:40.000 --> 00:18:43.000]  我們用少許時間簡單看看
[00:18:43.000 --> 00:18:46.000]  下面這個預言
[00:18:46.000 --> 00:18:48.000]  這個預言裏面發出的時候
[00:18:48.000 --> 00:18:50.000]  有很重要的意思
[00:18:50.000 --> 00:18:51.000]  如果你看的時候
[00:18:51.000 --> 00:18:53.000]  在第24節
[00:18:53.000 --> 00:18:55.000]  聖經說
[00:18:55.000 --> 00:18:57.000]  為你的同胞和你的聖神
[00:18:57.000 --> 00:18:59.000]  已經訂了七十個七
[00:18:59.000 --> 00:19:03.000]  聖經提到七十個七
[00:19:03.000 --> 00:19:07.000]  本來是七十年他們會重見
[00:19:07.000 --> 00:19:09.000]  他們期待著這個日子
[00:19:09.000 --> 00:19:12.000]  但聖經突然將這個七十年
[00:19:12.000 --> 00:19:16.000]  將它延伸或廣泛到一個
[00:19:16.000 --> 00:19:19.000]  更長遠的一個時候
[00:19:19.000 --> 00:19:22.000]  更廣闊的一個環境
[00:19:22.000 --> 00:19:24.000]  是七十個七
[00:19:24.000 --> 00:19:26.000]  這七十個七你讀下去的時候
[00:19:26.000 --> 00:19:28.000]  你會發覺聖經將它分成三個
[00:19:28.000 --> 00:19:30.000]  不同的階段
[00:19:30.000 --> 00:19:34.000]  第一個階段是有七個七
[00:19:34.000 --> 00:19:38.000]  第二個階段有六十二個七
[00:19:38.000 --> 00:19:42.000]  第三個階段是有一個七
[00:19:42.000 --> 00:19:45.000]  總共有多少個?
[00:19:45.000 --> 00:19:48.000]  大家都很清心
[00:19:48.000 --> 00:19:51.000]  七個、六十二個、一個
[00:19:51.000 --> 00:19:53.000]  是七十個七
[00:19:53.000 --> 00:19:55.000]  本來是七十年的事情
[00:19:55.000 --> 00:19:58.000]  現在延伸到一個七十個七
[00:19:58.000 --> 00:20:00.000]  對將來的預言
[00:20:00.000 --> 00:20:02.000]  我們簡單讀的時候
[00:20:02.000 --> 00:20:06.000]  這段經文給我們一個很清楚的方向
[00:20:06.000 --> 00:20:10.000]  在這裡開始的三個階段
[00:20:10.000 --> 00:20:12.000]  第一個的七個七
[00:20:12.000 --> 00:20:14.000]  聖經提到二十五節
[00:20:14.000 --> 00:20:16.000]  你們知道又要明白
[00:20:16.000 --> 00:20:19.000]  從發出命令恢復和重見耶路撒冷
[00:20:19.000 --> 00:20:22.000]  直到受高軍的時候
[00:20:22.000 --> 00:20:25.000]  必有七個七
[00:20:25.000 --> 00:20:27.000]  這裡所說的受高軍
[00:20:27.000 --> 00:20:29.000]  很多聖經學者都指出
[00:20:29.000 --> 00:20:32.000]  是在講述古列王
[00:20:32.000 --> 00:20:34.000]  當他發出命令
[00:20:34.000 --> 00:20:36.000]  讓猶太人可以回到
[00:20:36.000 --> 00:20:39.000]  回歸到耶路撒冷重見城池
[00:20:39.000 --> 00:20:43.000]  這個受高軍在那個時候發出一個
[00:20:43.000 --> 00:20:46.000]  很多人都不會想像到的命令
[00:20:46.000 --> 00:20:49.000]  容許猶太人可以回到自己的故土
[00:20:49.000 --> 00:20:52.000]  重歸故土重見
[00:20:52.000 --> 00:20:55.000]  在其中的聖殿
[00:20:55.000 --> 00:20:59.000]  聖經提到受高軍出現
[00:20:59.000 --> 00:21:02.000]  然後接著我提到第二個的階段
[00:21:02.000 --> 00:21:04.000]  在第二個階段聖經所說
[00:21:04.000 --> 00:21:09.000]  在接著說又有六十二個七
[00:21:09.000 --> 00:21:14.000]  耶路撒冷連廣場和豪溝都必重新建造
[00:21:14.000 --> 00:21:16.000]  在這六十二個七
[00:21:16.000 --> 00:21:20.000]  聖經提到第二個階段的過程裏面
[00:21:20.000 --> 00:21:25.000]  耶路撒冷升城是重新被建造
[00:21:25.000 --> 00:21:30.000]  但是這個建造裏面是一個困苦的時期
[00:21:30.000 --> 00:21:34.000]  聖殿在這個階段當中
[00:21:34.000 --> 00:21:36.000]  重新被建造
[00:21:36.000 --> 00:21:38.000]  亦都意味在過程中間
[00:21:38.000 --> 00:21:44.000]  亦都有再一次被破壞的一個過程
[00:21:44.000 --> 00:21:48.000]  但這個時候又重新再被建造
[00:21:48.000 --> 00:21:53.000]  但去到這個六十二個七結束的時候
[00:21:53.000 --> 00:21:55.000]  聖經就提一件事情
[00:21:55.000 --> 00:21:59.000]  大家再看下第二十六節
[00:21:59.000 --> 00:22:02.000]  六十二個七以後
[00:22:02.000 --> 00:22:07.000]  受高者必被剪除一無所有
[00:22:07.000 --> 00:22:10.000]  這裏特別提到受高者
[00:22:10.000 --> 00:22:14.000]  和剛才所想的受高君有所不同
[00:22:14.000 --> 00:22:16.000]  聖經特別提到受高者
[00:22:16.000 --> 00:22:18.000]  他會被剪除一無所有
[00:22:18.000 --> 00:22:20.000]  在思想到剪除的時候
[00:22:20.000 --> 00:22:22.000]  很多時候我們會想起聖經
[00:22:22.000 --> 00:22:25.000]  在二賽亞書第五十三章
[00:22:25.000 --> 00:22:28.000]  聖經預言到彌賽亞基督
[00:22:28.000 --> 00:22:30.000]  他要被殺
[00:22:30.000 --> 00:22:32.000]  聖經就在二賽亞書中所說
[00:22:32.000 --> 00:22:38.000]  他從活人之地被剪除
[00:22:38.000 --> 00:22:39.000]  是為了什麼緣故呢?
[00:22:39.000 --> 00:22:41.000]  是為百姓的罪的緣故
[00:22:41.000 --> 00:22:43.000]  他要經歷死亡
[00:22:43.000 --> 00:22:46.000]  而且他要為百姓的罪來犧牲自己
[00:22:46.000 --> 00:22:48.000]  他變得一無所有
[00:22:48.000 --> 00:22:52.000]  聖經說他將命傾倒以至於死
[00:22:52.000 --> 00:22:54.000]  整個生命傾倒出來
[00:22:54.000 --> 00:23:00.000]  而且他一切的尊榮在那個時候都失去
[00:23:00.000 --> 00:23:02.000]  因為他被羞辱
[00:23:02.000 --> 00:23:05.000]  被釘在十字架上
[00:23:05.000 --> 00:23:07.000]  聖經提到我們的主在那個時候
[00:23:07.000 --> 00:23:09.000]  他要經歷那種死亡
[00:23:09.000 --> 00:23:13.000]  但聖經就講述到第三個階段
[00:23:13.000 --> 00:23:16.000]  在下面你再看的時候
[00:23:16.000 --> 00:23:20.000]  他說在六十二個七以後
[00:23:20.000 --> 00:23:23.000]  受高者必被剪除一無所有
[00:23:23.000 --> 00:23:24.000]  然後說
[00:23:24.000 --> 00:23:27.000]  那將要來的領袖的人民
[00:23:27.000 --> 00:23:30.000]  必毀滅者城和聖所
[00:23:30.000 --> 00:23:32.000]  結局必像洪水而來
[00:23:32.000 --> 00:23:34.000]  必有爭戰直到沒了
[00:23:34.000 --> 00:23:36.000]  荒涼的事情已經定了
[00:23:36.000 --> 00:23:39.000]  然後就講一七之內
[00:23:39.000 --> 00:23:42.000]  在第三階段來到之前
[00:23:42.000 --> 00:23:44.000]  聖經提到有一個王
[00:23:44.000 --> 00:23:47.000]  或者所說的有一個領袖
[00:23:47.000 --> 00:23:49.000]  我本譯做王
[00:23:49.000 --> 00:23:53.000]  這個領袖他來到的時候
[00:23:53.000 --> 00:23:57.000]  他毀滅者城和聖所
[00:23:57.000 --> 00:23:58.000]  又讓聖城
[00:23:58.000 --> 00:24:04.000]  神的子民再次受到很大的迫害
[00:24:04.000 --> 00:24:07.000]  而且這個迫害好像洪水來到
[00:24:07.000 --> 00:24:10.000]  掩蓋整個大地
[00:24:10.000 --> 00:24:15.000]  意味著一個很大的破壞和傷害
[00:24:15.000 --> 00:24:18.000]  然後接著的爭戰一直延伸
[00:24:18.000 --> 00:24:22.000]  爭戰直到沒了
[00:24:22.000 --> 00:24:26.000]  然後有很多荒涼的事情出現
[00:24:26.000 --> 00:24:27.000]  然後聖經就講到
[00:24:27.000 --> 00:24:29.000]  在那個時候第三個階段
[00:24:29.000 --> 00:24:32.000]  最後的一個七就出現了
[00:24:32.000 --> 00:24:34.000]  一七之內二十七節
[00:24:34.000 --> 00:24:36.000]  有許多人
[00:24:36.000 --> 00:24:39.000]  他和許多人建立盟約
[00:24:39.000 --> 00:24:45.000]  這個王竟然可以和很多民族國家建立盟約
[00:24:45.000 --> 00:24:46.000]  得到很多人的信任
[00:24:46.000 --> 00:24:49.000]  和他們建立了關係
[00:24:49.000 --> 00:24:54.000]  但是去到一七這個階段的中間
[00:24:54.000 --> 00:24:55.000]  聖經繼續講
[00:24:55.000 --> 00:24:59.000]  他必使憲制和公物宗旨
[00:24:59.000 --> 00:25:01.000]  他在聖殿裏面設立了那些
[00:25:01.000 --> 00:25:06.000]  使地荒涼的可憎的像
[00:25:06.000 --> 00:25:07.000]  當你讀到這裏的時候
[00:25:07.000 --> 00:25:08.000]  可能你會想起
[00:25:08.000 --> 00:25:10.000]  我們過去曾經讀到第七章
[00:25:10.000 --> 00:25:14.000]  記不記得講到有四隻獸
[00:25:14.000 --> 00:25:16.000]  第四隻獸特別兇猛
[00:25:16.000 --> 00:25:18.000]  它頭上有十隻角
[00:25:18.000 --> 00:25:21.000]  然後在當中有小的角出來
[00:25:21.000 --> 00:25:24.000]  將之前的三隻角來毀壞
[00:25:24.000 --> 00:25:28.000]  聖經講角代表了國家
[00:25:28.000 --> 00:25:32.000]  最後的這隻小角
[00:25:32.000 --> 00:25:34.000]  它特別兇猛
[00:25:34.000 --> 00:25:36.000]  它說誇大的話
[00:25:36.000 --> 00:25:41.000]  它去傷害、迫害神的子民
[00:25:41.000 --> 00:25:43.000]  而且得勝
[00:25:43.000 --> 00:25:46.000]  然後我們記得在聖經其他地方提及
[00:25:46.000 --> 00:25:51.000]  這隻小角所指向的末世的基督
[00:25:51.000 --> 00:25:54.000]  它帶來了給全地的迷惑
[00:25:54.000 --> 00:25:56.000]  它在神的殿當中
[00:25:56.000 --> 00:25:59.000]  設立了那些可憎的像
[00:25:59.000 --> 00:26:03.000]  去迷惑眾人遠離上帝
[00:26:03.000 --> 00:26:06.000]  在祂殘害神的子民
[00:26:06.000 --> 00:26:08.000]  又迷惑眾人的過程當中
[00:26:08.000 --> 00:26:12.000]  它得到很大的權勢
[00:26:12.000 --> 00:26:14.000]  當你想起這件事的時候
[00:26:14.000 --> 00:26:16.000]  你會想起剛才我們所講到
[00:26:16.000 --> 00:26:18.000]  猶太人他們在這七十年裏面
[00:26:18.000 --> 00:26:21.000]  面對著很多的艱難
[00:26:21.000 --> 00:26:23.000]  很多的外邦的君王
[00:26:23.000 --> 00:26:27.000]  去壓迫他們、殘害他們
[00:26:27.000 --> 00:26:29.000]  但你想到在將來的日子
[00:26:29.000 --> 00:26:32.000]  這些情況會再出現
[00:26:32.000 --> 00:26:36.000]  而且更加嚴重的情況
[00:26:36.000 --> 00:26:39.000]  但當去到聖經一段經文最後一句說話
[00:26:39.000 --> 00:26:44.000]  大家看到第九章二十七節
[00:26:44.000 --> 00:26:47.000]  聖經說:直到指定的結果
[00:26:47.000 --> 00:26:53.000]  在那造成荒涼的人身上
[00:26:53.000 --> 00:26:56.000]  神要止息一切的邪惡
[00:26:56.000 --> 00:27:00.000]  祂要去審判犯罪的人
[00:27:00.000 --> 00:27:03.000]  祂要帶來真正的平安
[00:27:03.000 --> 00:27:08.000]  所以我們回到前面第二十四節
[00:27:08.000 --> 00:27:10.000]  二十四節其實是在說
[00:27:10.000 --> 00:27:13.000]  當這七十個七完結之後
[00:27:13.000 --> 00:27:16.000]  純屬要最後成全的時刻
[00:27:16.000 --> 00:27:19.000]  聖經說:為你的同胞和你的聖神
[00:27:19.000 --> 00:27:21.000]  已經定了七十個七
[00:27:21.000 --> 00:27:25.000]  要帶來的是結束過犯
[00:27:25.000 --> 00:27:27.000]  終止罪惡
[00:27:27.000 --> 00:27:29.000]  一切的罪惡要被終止
[00:27:29.000 --> 00:27:30.000]  遮蓋罪孽
[00:27:30.000 --> 00:27:33.000]  引的罪夢神的赦免
[00:27:33.000 --> 00:27:36.000]  神就引進了永遠的義
[00:27:36.000 --> 00:27:40.000]  在這個時候封住了所有的意象和預言
[00:27:40.000 --> 00:27:41.000]  為什麼?
[00:27:41.000 --> 00:27:43.000]  是因為已經應驗了
[00:27:43.000 --> 00:27:47.000]  不再需要去保存
[00:27:47.000 --> 00:27:50.000]  因此在這個時刻
[00:27:50.000 --> 00:27:53.000]  一切都已經顯明出來
[00:27:53.000 --> 00:27:56.000]  而且高滿至聖所
[00:27:56.000 --> 00:27:58.000]  或者說至聖者
[00:27:58.000 --> 00:28:01.000]  基督耶穌特性
[00:28:01.000 --> 00:28:06.000]  永恆的特性在這個時候出現
[00:28:06.000 --> 00:28:08.000]  各位你們知道我們今天
[00:28:08.000 --> 00:28:10.000]  我們在不同的處境
[00:28:10.000 --> 00:28:14.000]  但我們有我們所要面對的各種的艱難
[00:28:14.000 --> 00:28:17.000]  或者你曾經在家庭當中
[00:28:17.000 --> 00:28:21.000]  受過一些家人對你的傷害
[00:28:21.000 --> 00:28:22.000]  或者在社會裏面
[00:28:22.000 --> 00:28:23.000]  在不同的處境裏面
[00:28:23.000 --> 00:28:26.000]  經歷了一些患難的事情
[00:28:26.000 --> 00:28:29.000]  甚至是因為你的信仰而承受的患難
[00:28:29.000 --> 00:28:33.000]  好像一個在被擄掠的狀況裏面
[00:28:33.000 --> 00:28:36.000]  但你知道神的應許
[00:28:36.000 --> 00:28:41.000]  祂有一天要去清除一切邪惡的事情
[00:28:41.000 --> 00:28:45.000]  要將義帶進你的生命中
[00:28:45.000 --> 00:28:48.000]  因此當你在信心裏面
[00:28:48.000 --> 00:28:50.000]  你可以繼續放膽
[00:28:50.000 --> 00:28:53.000]  去堅持你的義
[00:28:53.000 --> 00:28:56.000]  好像大逆來去堅持他的義
[00:28:56.000 --> 00:28:58.000]  縱使在很多的衝擊裏面
[00:28:58.000 --> 00:29:01.000]  他相信神掌權
[00:29:01.000 --> 00:29:05.000]  所以他可以繼續忠心向著上帝
[00:29:05.000 --> 00:29:07.000]  繼續堅持他的義
[00:29:07.000 --> 00:29:09.000]  他的良善
[00:29:09.000 --> 00:29:12.000]  繼續來禱告代求
[00:29:12.000 --> 00:29:14.000]  知道神的恩典
[00:29:14.000 --> 00:29:17.000]  他的應許必定成就
[00:29:17.000 --> 00:29:21.000]  以臣就用他成為了很多生命的祝福
[00:29:21.000 --> 00:29:24.000]  因為他那種信心
[00:29:24.000 --> 00:29:26.000]  因為他堅持的義
[00:29:26.000 --> 00:29:28.000]  他成為當時人類
[00:29:28.000 --> 00:29:31.000]  當時他的民族極大的祝福
[00:29:31.000 --> 00:29:35.000]  亦都今天成為了我們的免禮
[00:29:35.000 --> 00:29:37.000]  弟兄姊妹
[00:29:37.000 --> 00:29:39.000]  上帝的應許是真實的
[00:29:39.000 --> 00:29:42.000]  今天你堅持在你的義中
[00:29:42.000 --> 00:29:48.000]  因為你知道義人必因信得心
[00:29:48.000 --> 00:29:50.000]  我們在這裏一起禱告
[00:29:50.000 --> 00:29:52.000]  多謝您的觀看

