
[00:00:00.000 --> 00:00:02.500]  開始時我想先提一件事
[00:00:02.500 --> 00:00:05.000]  就是在幾個星期前
[00:00:05.000 --> 00:00:07.000]  我參加一個特別的聚會
[00:00:07.000 --> 00:00:10.000]  是寧實的寧養院
[00:00:10.000 --> 00:00:13.000]  他們十周年的一個慶典
[00:00:13.000 --> 00:00:16.000]  在慶典當中我們都提及一件事
[00:00:16.000 --> 00:00:18.000]  就是寧實醫院的創辦人
[00:00:18.000 --> 00:00:20.000]  司務道孫教士
[00:00:20.000 --> 00:00:24.000]  在他早期開始寧實的時候
[00:00:24.000 --> 00:00:25.500]  一個的經歷
[00:00:25.500 --> 00:00:28.000]  當時他同時是護士
[00:00:28.000 --> 00:00:30.000]  遇到一位婆婆
[00:00:30.000 --> 00:00:34.000]  她入院因為患了很嚴重的肺病
[00:00:34.000 --> 00:00:35.500]  在入院之後
[00:00:35.500 --> 00:00:38.000]  這位婆婆很艱難很辛苦
[00:00:38.000 --> 00:00:40.000]  但後來她信得住
[00:00:40.000 --> 00:00:43.000]  她裡面有一種平安出現
[00:00:43.000 --> 00:00:46.000]  有一次特別跟司教士說
[00:00:46.000 --> 00:00:51.000]  他說12月25日主耶穌會來接我
[00:00:51.000 --> 00:00:53.000]  司教士一聽到的時候
[00:00:53.000 --> 00:00:55.000]  就有點擔心
[00:00:55.000 --> 00:00:57.000]  不知道是否覺得自己很不舒服
[00:00:57.000 --> 00:00:58.000]  快要死了
[00:00:58.000 --> 00:01:01.000]  所以就說主耶穌來接他
[00:01:01.000 --> 00:01:03.000]  所以就安排了一些檢查
[00:01:03.000 --> 00:01:05.000]  看他情況如何
[00:01:05.000 --> 00:01:08.000]  但發現他身體都算穩定
[00:01:08.000 --> 00:01:09.000]  沒有什麼特別大的問題
[00:01:09.000 --> 00:01:11.000]  就一路安慰他
[00:01:11.000 --> 00:01:13.000]  讓他安心休息
[00:01:13.000 --> 00:01:16.000]  到了12月25日早上
[00:01:16.000 --> 00:01:18.000]  他又跟司教士說
[00:01:18.000 --> 00:01:22.000]  主耶穌今天來接我
[00:01:22.000 --> 00:01:24.000]  去到差不多傍晚的時候
[00:01:24.000 --> 00:01:27.000]  這位婆婆就請教士來
[00:01:27.000 --> 00:01:31.000]  她說你不如跟我唱歌
[00:01:31.000 --> 00:01:33.000]  司教士很樂意
[00:01:33.000 --> 00:01:36.000]  在她身邊一起唱聖詩
[00:01:36.000 --> 00:01:38.000]  一起唱歌
[00:01:38.000 --> 00:01:41.000]  然後司教士就擁抱著她
[00:01:41.000 --> 00:01:42.000]  她也是常常這樣
[00:01:42.000 --> 00:01:45.000]  來關心病人
[00:01:45.000 --> 00:01:47.000]  在她一路擁抱著他的時候
[00:01:47.000 --> 00:01:50.000]  突然這位婆婆又再說
[00:01:50.000 --> 00:01:52.000]  她說我見到主耶穌了
[00:01:52.000 --> 00:01:55.000]  祂來接我了
[00:01:55.000 --> 00:01:58.000]  然後司教士就看著這位婆婆
[00:01:58.000 --> 00:02:01.000]  帶著很安詳的面容
[00:02:01.000 --> 00:02:03.000]  然後就在那一刻
[00:02:03.000 --> 00:02:06.000]  在她的懷中就離開了
[00:02:06.000 --> 00:02:09.000]  她真的在那時候離開了
[00:02:09.000 --> 00:02:11.000]  司教士一方面很感謝神
[00:02:11.000 --> 00:02:13.000]  知道神很特別地安慰她
[00:02:13.000 --> 00:02:16.000]  讓這位長者真的知道
[00:02:16.000 --> 00:02:19.000]  上帝是與她同在
[00:02:19.000 --> 00:02:22.000]  病患不能夠叫她與神隔開
[00:02:22.000 --> 00:02:25.000]  神將她帶回到天家
[00:02:25.000 --> 00:02:29.000]  但是司教士就在她的傳記當中提及
[00:02:29.000 --> 00:02:34.000]  當時有一些對這位婆婆的羨慕
[00:02:34.000 --> 00:02:36.000]  很羨慕她
[00:02:36.000 --> 00:02:41.000]  能夠很快樂地和她的主一起
[00:02:41.000 --> 00:02:43.000]  後來她自己再祈禱
[00:02:43.000 --> 00:02:46.000]  好像神也再一次告訴她
[00:02:46.000 --> 00:02:48.000]  你放心
[00:02:48.000 --> 00:02:51.000]  走完你自己的路之後
[00:02:51.000 --> 00:02:55.000]  你同樣進入我給你的
[00:02:55.000 --> 00:02:59.000]  永遠的平安和喜樂裡面
[00:02:59.000 --> 00:03:01.000]  我很記得這件事情
[00:03:01.000 --> 00:03:03.000]  當我想起這件事情的時候就想起
[00:03:03.000 --> 00:03:07.000]  沒錯我們很多時候都會經歷到病患死亡
[00:03:07.000 --> 00:03:11.000]  好像一些黑影籠罩著人
[00:03:11.000 --> 00:03:15.000]  但是每當想起主給我們的救恩
[00:03:15.000 --> 00:03:19.000]  好像光照耀在我們人生的路上
[00:03:19.000 --> 00:03:22.000]  正如保羅後來在聖經所說
[00:03:22.000 --> 00:03:26.000]  主耶穌的光照耀在我們生命當中
[00:03:26.000 --> 00:03:31.000]  那分負光從黑暗顯現出來的上帝
[00:03:31.000 --> 00:03:34.000]  已經讓光照進我們的內心
[00:03:34.000 --> 00:03:36.000]  也讓我們發現
[00:03:36.000 --> 00:03:40.000]  這種真光顯明在耶穌基督的身上
[00:03:40.000 --> 00:03:42.000]  這一次你察覺
[00:03:42.000 --> 00:03:44.000]  聖經裡面一直在講述一件事情
[00:03:44.000 --> 00:03:49.000]  耶穌基督的救恩好像光照耀人的生命
[00:03:49.000 --> 00:03:54.000]  帶給人真正生命裡面的光明和平安
[00:03:54.000 --> 00:03:55.000]  所以當我們讀到聖經
[00:03:55.000 --> 00:03:57.000]  當主耶穌降生的時候
[00:03:57.000 --> 00:04:00.000]  你會記得一群牧羊人
[00:04:00.000 --> 00:04:02.000]  他們在哪裡?
[00:04:02.000 --> 00:04:06.000]  他們在曠野夜間看守羊群
[00:04:06.000 --> 00:04:09.000]  在那時候天使向他們顯現
[00:04:09.000 --> 00:04:13.000]  主聖經就說主的榮光四面顯現出來
[00:04:13.000 --> 00:04:16.000]  然後向他們宣告大喜的訊息
[00:04:16.000 --> 00:04:19.000]  告訴他們知道今天在大衛的城裡
[00:04:19.000 --> 00:04:22.000]  為他們生了救主
[00:04:22.000 --> 00:04:25.000]  是給他們生命拯救的主
[00:04:25.000 --> 00:04:28.000]  因此光照進黑暗裡面
[00:04:28.000 --> 00:04:32.000]  帶來了生命的光明和盼望
[00:04:32.000 --> 00:04:33.000]  各位電影節目
[00:04:33.000 --> 00:04:36.000]  我們今天聖誕節一起慶祝的時候
[00:04:36.000 --> 00:04:38.000]  我們再次再次想起
[00:04:38.000 --> 00:04:43.000]  主耶穌的救恩的確帶來了生命的光明
[00:04:43.000 --> 00:04:45.000]  帶來了盼望
[00:04:45.000 --> 00:04:48.000]  帶來了我們生命中的喜樂
[00:04:48.000 --> 00:04:51.000]  而你今天無論你感覺你在什麼環境
[00:04:51.000 --> 00:04:55.000]  或者你甚至感覺有些黑暗好像籠罩著
[00:04:55.000 --> 00:04:57.000]  但你仍然可以快樂
[00:04:57.000 --> 00:05:00.000]  因為聖經裡面所說主耶穌的救恩
[00:05:00.000 --> 00:05:02.000]  已經照耀在你的心中
[00:05:02.000 --> 00:05:04.000]  已經臨到
[00:05:04.000 --> 00:05:06.000]  當我們讀到聖經創下書的時候
[00:05:06.000 --> 00:05:08.000]  同樣告訴我們
[00:05:08.000 --> 00:05:09.000]  一位來創下基督
[00:05:09.000 --> 00:05:11.000]  他自己帶給我們的救恩
[00:05:11.000 --> 00:05:15.000]  就是這樣將這份喜樂和盼望
[00:05:15.000 --> 00:05:17.000]  帶進我們的生命裡
[00:05:17.000 --> 00:05:20.000]  我們一起來先看聖經
[00:05:20.000 --> 00:05:22.000]  61篇第一節到第六節
[00:05:22.000 --> 00:05:25.000]  聖經很清楚說到主的救恩
[00:05:25.000 --> 00:05:28.000]  帶來給我們生命一個大能的改變
[00:05:28.000 --> 00:05:32.000]  或者說一個極大的一種生命的逆轉
[00:05:32.000 --> 00:05:34.000]  所以61篇一開始就說
[00:05:34.000 --> 00:05:37.000]  主耶和華的靈在我身上
[00:05:37.000 --> 00:05:40.000]  因為耶和華用膏告我
[00:05:40.000 --> 00:05:43.000]  叫我傳好訊息給謙卑的人
[00:05:43.000 --> 00:05:46.000]  差遣我醫好傷心的人
[00:05:46.000 --> 00:05:49.000]  報告那些被擄的得到釋放
[00:05:49.000 --> 00:05:52.000]  被囚禁的能夠出監牢
[00:05:52.000 --> 00:05:55.000]  報告耶和華的恩憐
[00:05:55.000 --> 00:05:57.000]  和我們臣報仇的日子
[00:05:57.000 --> 00:06:00.000]  安慰一切悲哀的人
[00:06:00.000 --> 00:06:03.000]  大家知道在聖經說的
[00:06:03.000 --> 00:06:07.000]  很多不同的主耶穌的預言
[00:06:07.000 --> 00:06:09.000]  是在主耶穌降生之前
[00:06:09.000 --> 00:06:12.000]  大概680年寫成的
[00:06:12.000 --> 00:06:14.000]  很早年的時候
[00:06:14.000 --> 00:06:16.000]  神已經透過先知預言
[00:06:16.000 --> 00:06:18.000]  耶穌基督要降生
[00:06:18.000 --> 00:06:22.000]  因此你發覺當神已經講述到這件事情的時候
[00:06:22.000 --> 00:06:24.000]  主耶穌降生了
[00:06:24.000 --> 00:06:27.000]  然後有一次當去到會堂
[00:06:27.000 --> 00:06:30.000]  在會堂和眾人一起敬拜神
[00:06:30.000 --> 00:06:33.000]  在那時候聖經六教第四章記載
[00:06:33.000 --> 00:06:35.000]  就是有人將聖經的經卷
[00:06:35.000 --> 00:06:37.000]  遞給主耶穌
[00:06:37.000 --> 00:06:40.000]  他一看到是以賽亞書
[00:06:40.000 --> 00:06:42.000]  然後他一打開
[00:06:42.000 --> 00:06:45.000]  就是聖經的以賽亞書六十一篇
[00:06:45.000 --> 00:06:47.000]  他就讀出剛才我們所讀的
[00:06:47.000 --> 00:06:49.000]  第一第二節的經文
[00:06:49.000 --> 00:06:51.000]  然後他蓋上了
[00:06:51.000 --> 00:06:53.000]  捲起這卷的書卷
[00:06:53.000 --> 00:06:55.000]  然後他就說
[00:06:55.000 --> 00:07:00.000]  這經今天應驗在你們的耳中
[00:07:00.000 --> 00:07:02.000]  也就表示
[00:07:02.000 --> 00:07:04.000]  所提及的一切的預言
[00:07:04.000 --> 00:07:08.000]  今天應驗在我的身上
[00:07:08.000 --> 00:07:10.000]  主耶穌清楚知道
[00:07:10.000 --> 00:07:14.000]  祂來到要將這一種生命的釋放和平安
[00:07:14.000 --> 00:07:16.000]  賜給人
[00:07:16.000 --> 00:07:17.000]  因此清楚的講述
[00:07:17.000 --> 00:07:21.000]  這經應驗在你們當中
[00:07:21.000 --> 00:07:23.000]  所以當你讀的時候
[00:07:23.000 --> 00:07:24.000]  你知道聖經所說的
[00:07:24.000 --> 00:07:26.000]  是曾經發生的事情
[00:07:26.000 --> 00:07:29.000]  今天已經成全的事情
[00:07:29.000 --> 00:07:33.000]  聖經說主耶穌說的靈在我身上
[00:07:33.000 --> 00:07:35.000]  神的大能的聖靈
[00:07:35.000 --> 00:07:38.000]  充滿在主耶穌的生命當中
[00:07:38.000 --> 00:07:42.000]  所以你記得當天使向瑪利亞
[00:07:42.000 --> 00:07:44.000]  宣告信息的時候
[00:07:44.000 --> 00:07:46.000]  告訴她
[00:07:46.000 --> 00:07:48.000]  你是蒙福的女子
[00:07:48.000 --> 00:07:51.000]  聖靈要臨在你的身上
[00:07:51.000 --> 00:07:55.000]  至高者的大能要浮避你
[00:07:55.000 --> 00:07:58.000]  聖者從祂而出
[00:07:58.000 --> 00:08:03.000]  後來當主耶穌來到接受約翰的洗禮的時候
[00:08:03.000 --> 00:08:05.000]  從水裡上來
[00:08:05.000 --> 00:08:06.000]  聖經就說
[00:08:06.000 --> 00:08:09.000]  聖靈好像甲子降臨在他身上
[00:08:09.000 --> 00:08:13.000]  聖經所說是沒有限量的
[00:08:13.000 --> 00:08:16.000]  完全的臨到他身上
[00:08:16.000 --> 00:08:18.000]  在主耶穌一生的服事裡
[00:08:18.000 --> 00:08:21.000]  祂是一個完全的人
[00:08:21.000 --> 00:08:25.000]  但是聖靈完全的充滿著祂
[00:08:25.000 --> 00:08:27.000]  顯明出祂是神的兒子
[00:08:27.000 --> 00:08:32.000]  帶著能力去改變很多很多的生命
[00:08:32.000 --> 00:08:36.000]  主耶穌帶著能力去釋放去改變生命
[00:08:36.000 --> 00:08:38.000]  待會你會看到下面所說及的情況
[00:08:38.000 --> 00:08:41.000]  就是說到有因連出現
[00:08:41.000 --> 00:08:43.000]  大家記得第二節所說
[00:08:43.000 --> 00:08:46.000]  報告耶和華的因連
[00:08:46.000 --> 00:08:49.000]  神自己的因連是什麼的連呢?
[00:08:49.000 --> 00:08:51.000]  他們很快就會想到
[00:08:51.000 --> 00:08:53.000]  在舊的聖經提及的欺連
[00:08:53.000 --> 00:08:55.000]  多久有一次的欺連?
[00:08:55.000 --> 00:08:57.000]  每五十年有一次的欺連
[00:08:57.000 --> 00:08:59.000]  在舊的聖經裡說到
[00:08:59.000 --> 00:09:01.000]  這段時間裡面救約猶太人
[00:09:01.000 --> 00:09:02.000]  他們馬上知道
[00:09:02.000 --> 00:09:06.000]  在這段時間所有的奴隸會被釋放
[00:09:06.000 --> 00:09:08.000]  過去曾經欠的債項
[00:09:08.000 --> 00:09:11.000]  今天是完全豁免了
[00:09:11.000 --> 00:09:13.000]  曾經因為一些困難
[00:09:13.000 --> 00:09:16.000]  把自己的田地抵押了
[00:09:16.000 --> 00:09:18.000]  到欺連來的時候
[00:09:18.000 --> 00:09:23.000]  他們可以無償地取回自己的土地
[00:09:23.000 --> 00:09:24.000]  但正在說的
[00:09:24.000 --> 00:09:27.000]  更加在說耶穌基督來到的時候
[00:09:27.000 --> 00:09:29.000]  祂帶來了因連
[00:09:29.000 --> 00:09:32.000]  人得著更完全的釋放
[00:09:32.000 --> 00:09:34.000]  得著真正的自由
[00:09:34.000 --> 00:09:38.000]  完全地在神面前領受那份平安
[00:09:38.000 --> 00:09:40.000]  這份平安帶著能力
[00:09:40.000 --> 00:09:44.000]  把一切生命的情況扭轉過來
[00:09:44.000 --> 00:09:46.000]  因此你會發覺聖經下面再提及
[00:09:46.000 --> 00:09:50.000]  很多的代替
[00:09:50.000 --> 00:09:53.000]  大家再看61章第三節
[00:09:53.000 --> 00:09:57.000]  賜華官與石安悲哀的人
[00:09:57.000 --> 00:09:59.000]  代替了什麼?
[00:09:59.000 --> 00:10:00.000]  灰塵
[00:10:00.000 --> 00:10:04.000]  喜樂猶代替了悲哀
[00:10:04.000 --> 00:10:08.000]  讚美的衣裳代替了憂傷之靈
[00:10:08.000 --> 00:10:11.000]  一直在說那種轉變
[00:10:11.000 --> 00:10:14.000]  因為救恩的大能將生命改變過來
[00:10:14.000 --> 00:10:16.000]  本來是悲下的生命
[00:10:16.000 --> 00:10:18.000]  變成榮耀的生命
[00:10:18.000 --> 00:10:21.000]  本來是悲哀的變為喜樂
[00:10:21.000 --> 00:10:24.000]  憂傷的變為讚美
[00:10:24.000 --> 00:10:26.000]  一直在說那種代替
[00:10:26.000 --> 00:10:28.000]  那種改變
[00:10:28.000 --> 00:10:31.000]  大家可能有很多機會聽到
[00:10:31.000 --> 00:10:33.000]  一些新信主的朋友
[00:10:33.000 --> 00:10:35.000]  講述他們信主的經過
[00:10:35.000 --> 00:10:36.000]  我自己特別深刻
[00:10:36.000 --> 00:10:39.000]  很多時候聽到一些過來人
[00:10:39.000 --> 00:10:41.000]  大家知道什麼是過來人
[00:10:41.000 --> 00:10:43.000]  講他們的經歷
[00:10:43.000 --> 00:10:46.000]  過來人的意思是他們曾經吸毒
[00:10:46.000 --> 00:10:50.000]  或者有些很嚴重的毒人
[00:10:50.000 --> 00:10:52.000]  我記得好幾次聽他們分享的時候
[00:10:52.000 --> 00:10:56.000]  講述到他們自己的生命的轉變
[00:10:56.000 --> 00:10:57.000]  不單止自己改變
[00:10:57.000 --> 00:11:00.000]  還有他們成為了別人的幫助
[00:11:00.000 --> 00:11:04.000]  幫助一些有同類問題的人
[00:11:04.000 --> 00:11:06.000]  我記得第一次一個聚會裡
[00:11:06.000 --> 00:11:09.000]  有四十多人站在台上
[00:11:09.000 --> 00:11:12.000]  他們一起唱詩歌獻唱
[00:11:12.000 --> 00:11:15.000]  他們全部都是過來人
[00:11:15.000 --> 00:11:19.000]  還有他們家庭的成員
[00:11:19.000 --> 00:11:23.000]  這些朋友他們全部接受了一個
[00:11:23.000 --> 00:11:27.000]  戒毒訓練班
[00:11:27.000 --> 00:11:30.000]  他們本身是因為信仰的緣故
[00:11:30.000 --> 00:11:34.000]  他們完全解除了很多嚴重的毒人
[00:11:34.000 --> 00:11:36.000]  但是他們自己受訓練
[00:11:36.000 --> 00:11:38.000]  他們接受幫助
[00:11:38.000 --> 00:11:41.000]  怎樣去幫助其他將會有同樣
[00:11:41.000 --> 00:11:45.000]  或者已經有這些捆綁的人
[00:11:45.000 --> 00:11:47.000]  而他們的家人都受訓
[00:11:47.000 --> 00:11:50.000]  去幫助這些困難的家人
[00:11:50.000 --> 00:11:53.000]  當我聽到他們唱詩歌的時候
[00:11:53.000 --> 00:11:55.000]  心裡面感受到一件事情
[00:11:55.000 --> 00:11:56.000]  聖經所說
[00:11:56.000 --> 00:12:00.000]  「這福音本是神的大能」
[00:12:00.000 --> 00:12:03.000]  要救一切相信
[00:12:03.000 --> 00:12:04.000]  有人認為福音
[00:12:04.000 --> 00:12:06.000]  耶穌基督誕生的事情
[00:12:06.000 --> 00:12:08.000]  二千多年的事情
[00:12:08.000 --> 00:12:10.000]  古老的事情
[00:12:10.000 --> 00:12:13.000]  已經失去了今天的作用
[00:12:13.000 --> 00:12:15.000]  很老套的事情
[00:12:15.000 --> 00:12:19.000]  已經今天沒有價值了
[00:12:19.000 --> 00:12:21.000]  當保羅說一句話的時候
[00:12:21.000 --> 00:12:22.000]  他曾經說
[00:12:22.000 --> 00:12:25.000]  「我不以福音為恥」
[00:12:25.000 --> 00:12:28.000]  因為「這福音本是神的大能」
[00:12:28.000 --> 00:12:31.000]  要救一切相信的人
[00:12:31.000 --> 00:12:33.000]  我們不會以福音為恥
[00:12:33.000 --> 00:12:34.000]  因為我們經驗到
[00:12:34.000 --> 00:12:36.000]  也看見神的福音大能
[00:12:36.000 --> 00:12:38.000]  怎樣改變生命
[00:12:38.000 --> 00:12:42.000]  怎樣帶來給生命極大的轉變
[00:12:42.000 --> 00:12:43.000]  聖經提到
[00:12:43.000 --> 00:12:47.000]  這種代替叫我們成為公義樹
[00:12:47.000 --> 00:12:50.000]  過去不義的鬼扎的生命
[00:12:50.000 --> 00:12:53.000]  成為公義和正直的生命
[00:12:53.000 --> 00:12:55.000]  用公義樹去描寫
[00:12:55.000 --> 00:12:57.000]  教徒的生命
[00:12:57.000 --> 00:13:00.000]  香港有個機構叫公義樹
[00:13:00.000 --> 00:13:02.000]  這裡所說的樹是象樹
[00:13:02.000 --> 00:13:04.000]  象樹如果大家知道
[00:13:04.000 --> 00:13:07.000]  是一些很堅固很堅強
[00:13:07.000 --> 00:13:08.000]  和很有韌力的
[00:13:08.000 --> 00:13:10.000]  堅韌的一些木材
[00:13:10.000 --> 00:13:12.000]  一些樹木
[00:13:12.000 --> 00:13:13.000]  聖經提到
[00:13:13.000 --> 00:13:16.000]  人成為了神的子民之後
[00:13:16.000 --> 00:13:20.000]  領受一個公義堅強的生命
[00:13:20.000 --> 00:13:22.000]  這也是我們所見到
[00:13:22.000 --> 00:13:26.000]  聖經所描述的狀況
[00:13:26.000 --> 00:13:28.000]  這個公義樹帶著能力
[00:13:28.000 --> 00:13:29.000]  因此第四節說
[00:13:29.000 --> 00:13:32.000]  他們必修造已久的方牆
[00:13:32.000 --> 00:13:34.000]  建立先前淒涼之處
[00:13:34.000 --> 00:13:38.000]  重修歷代方涼之城
[00:13:38.000 --> 00:13:39.000]  這裡不單止說
[00:13:39.000 --> 00:13:41.000]  聖經裡面說到
[00:13:41.000 --> 00:13:43.000]  以色列人將會回歸到耶路撒冷
[00:13:43.000 --> 00:13:45.000]  重建城牆
[00:13:45.000 --> 00:13:46.000]  同樣很明顯說
[00:13:46.000 --> 00:13:48.000]  就是很多的教徒
[00:13:48.000 --> 00:13:50.000]  要去重建屬靈的生命
[00:13:50.000 --> 00:13:54.000]  也帶來了給很多很多的生命
[00:13:54.000 --> 00:13:58.000]  得著生命的祝福和重建
[00:13:58.000 --> 00:14:02.000]  因為救恩裡面帶著能力
[00:14:02.000 --> 00:14:04.000]  帶著生命改變的大能
[00:14:04.000 --> 00:14:07.000]  叫我們能夠蒙恩
[00:14:07.000 --> 00:14:08.000]  各位弟子妹
[00:14:08.000 --> 00:14:10.000]  今天如果你們感覺
[00:14:10.000 --> 00:14:13.000]  你是有很多軟弱的
[00:14:13.000 --> 00:14:14.000]  或者你感覺自己
[00:14:14.000 --> 00:14:17.000]  好像還在一些黑暗的環境生活
[00:14:17.000 --> 00:14:19.000]  你不要忘記
[00:14:19.000 --> 00:14:21.000]  你所領受的救恩
[00:14:21.000 --> 00:14:24.000]  是生命大能的救恩
[00:14:24.000 --> 00:14:28.000]  你繼續一路尋求神
[00:14:28.000 --> 00:14:29.000]  讓救恩的能力
[00:14:29.000 --> 00:14:32.000]  在你裡面可以完全的彰顯
[00:14:32.000 --> 00:14:34.000]  讓救恩的改變大能
[00:14:34.000 --> 00:14:36.000]  繼續在你生命當中
[00:14:36.000 --> 00:14:38.000]  一步一步的更新你
[00:14:38.000 --> 00:14:40.000]  你去得著神
[00:14:40.000 --> 00:14:43.000]  應許要給你的
[00:14:43.000 --> 00:14:44.000]  很多人都說
[00:14:44.000 --> 00:14:47.000]  家裡的少年很難搞
[00:14:47.000 --> 00:14:49.000]  我很記得一次
[00:14:49.000 --> 00:14:53.000]  有一位中年媽媽
[00:14:53.000 --> 00:14:56.000]  帶著她少年的兒子
[00:14:56.000 --> 00:14:58.000]  走過來跟我聊天
[00:14:58.000 --> 00:15:00.000]  這個媽媽就一路稱讚兒子
[00:15:00.000 --> 00:15:01.000]  稱讚兒子說
[00:15:01.000 --> 00:15:05.000]  兒子現在乖很多
[00:15:05.000 --> 00:15:09.000]  他竟然說跟我去喝茶
[00:15:09.000 --> 00:15:12.000]  現在家裡他肯收拾東西
[00:15:12.000 --> 00:15:13.000]  一路說
[00:15:13.000 --> 00:15:16.000]  這個兒子在旁邊
[00:15:16.000 --> 00:15:18.000]  看到他的時候笑笑口
[00:15:18.000 --> 00:15:20.000]  他沒有什麼話說
[00:15:20.000 --> 00:15:21.000]  但突然間他可能覺得
[00:15:21.000 --> 00:15:23.000]  媽媽說的太多了
[00:15:23.000 --> 00:15:24.000]  突然跟我說
[00:15:24.000 --> 00:15:26.000]  施牧師不關我的事
[00:15:26.000 --> 00:15:29.000]  上面搞定了我就這樣
[00:15:29.000 --> 00:15:32.000]  然後跟著就跟媽媽走開了
[00:15:32.000 --> 00:15:34.000]  我會心微笑地感受到
[00:15:34.000 --> 00:15:35.000]  這個少年人
[00:15:35.000 --> 00:15:38.000]  他自己都經歷了生命的轉變
[00:15:38.000 --> 00:15:39.000]  在當中
[00:15:39.000 --> 00:15:40.000]  沒錯曾經有很多
[00:15:40.000 --> 00:15:44.000]  或者是頑皮
[00:15:44.000 --> 00:15:48.000]  或者是不懂得照顧家人的時候
[00:15:48.000 --> 00:15:49.000]  但在過程當中
[00:15:49.000 --> 00:15:51.000]  上帝生命的救恩
[00:15:51.000 --> 00:15:54.000]  一路在他生命彰顯出來
[00:15:54.000 --> 00:15:54.000]  我們再看
[00:15:54.000 --> 00:15:56.000]  聖經下面再說到
[00:15:56.000 --> 00:15:57.000]  不單止神給我們經歷
[00:15:57.000 --> 00:16:00.000]  那種救恩的大能的改變
[00:16:00.000 --> 00:16:01.000]  聖經提到
[00:16:01.000 --> 00:16:04.000]  收獄的生命轉為喜樂
[00:16:04.000 --> 00:16:05.000]  和公義的生命
[00:16:05.000 --> 00:16:07.000]  在第七節聖經就說
[00:16:07.000 --> 00:16:10.000]  你們必得加倍的好處
[00:16:10.000 --> 00:16:13.000]  代替所受的羞辱
[00:16:13.000 --> 00:16:15.000]  份中所得的喜樂
[00:16:15.000 --> 00:16:17.000]  必代替所受的凌辱
[00:16:17.000 --> 00:16:21.000]  在境內必得到加倍的產業
[00:16:21.000 --> 00:16:23.000]  而且有永遠的喜樂
[00:16:23.000 --> 00:16:26.000]  必歸於你們
[00:16:26.000 --> 00:16:28.000]  聖經提到收獄
[00:16:28.000 --> 00:16:29.000]  這裡不是說
[00:16:29.000 --> 00:16:31.000]  你好像說你的生活不如人
[00:16:31.000 --> 00:16:32.000]  你沒什麼成就
[00:16:32.000 --> 00:16:34.000]  讀書不是那麼好
[00:16:34.000 --> 00:16:35.000]  所以覺得很羞愧
[00:16:35.000 --> 00:16:36.000]  不是
[00:16:36.000 --> 00:16:38.000]  聖經上說到
[00:16:38.000 --> 00:16:41.000]  罪帶來了羞辱
[00:16:41.000 --> 00:16:44.000]  因為犯罪自己承受羞辱
[00:16:44.000 --> 00:16:46.000]  也叫別人受到羞辱
[00:16:46.000 --> 00:16:48.000]  或者說凌辱
[00:16:48.000 --> 00:16:50.000]  其實我們在社會生活的時候
[00:16:50.000 --> 00:16:53.000]  常常看到一些很令人驚訝
[00:16:53.000 --> 00:16:55.000]  一聽的時候就覺得
[00:16:55.000 --> 00:16:57.000]  這樣也有的
[00:16:57.000 --> 00:17:00.000]  最近我看完新聞
[00:17:00.000 --> 00:17:01.000]  說了這樣也有的
[00:17:01.000 --> 00:17:03.000]  說了幾次
[00:17:03.000 --> 00:17:06.000]  就是竟然看到我們的同胞
[00:17:06.000 --> 00:17:09.000]  有種很奇怪的智慧
[00:17:09.000 --> 00:17:12.000]  可以做出塑膠米
[00:17:12.000 --> 00:17:15.000]  你記得新聞報導
[00:17:15.000 --> 00:17:16.000]  一看的時候
[00:17:16.000 --> 00:17:18.000]  白米很像樣
[00:17:18.000 --> 00:17:21.000]  但竟然是塑膠造成
[00:17:21.000 --> 00:17:23.000]  賣了去非洲賺錢
[00:17:23.000 --> 00:17:26.000]  趁著這個假期的時間賺得多一點
[00:17:26.000 --> 00:17:30.000]  但竟然發現原來是塑膠造的
[00:17:30.000 --> 00:17:32.000]  不會想到當人們食用了之後
[00:17:32.000 --> 00:17:36.000]  對他有什麼影響
[00:17:36.000 --> 00:17:38.000]  說起來的時候
[00:17:38.000 --> 00:17:41.000]  也會為這件事感到羞愧
[00:17:41.000 --> 00:17:43.000]  而吃了這些米的人
[00:17:43.000 --> 00:17:47.000]  後來發現身體有很多問題出現
[00:17:47.000 --> 00:17:50.000]  而知道帶給人很多傷害
[00:17:50.000 --> 00:17:51.000]  很多傷痛
[00:17:51.000 --> 00:17:54.000]  今天這個世界有很多罪的事情
[00:17:54.000 --> 00:17:56.000]  是叫人聽的時候
[00:17:56.000 --> 00:18:00.000]  或者自己在當中受到這些苦楚的時候
[00:18:00.000 --> 00:18:02.000]  也會體會到那種羞愧
[00:18:02.000 --> 00:18:06.000]  當事人也體會自己所做的事情
[00:18:06.000 --> 00:18:10.000]  我記得一位弟兄
[00:18:10.000 --> 00:18:12.000]  他自己在信主之後
[00:18:12.000 --> 00:18:16.000]  因為他過去跟太太之間的關係很惡劣
[00:18:16.000 --> 00:18:18.000]  他去到再找輔導員聊天
[00:18:18.000 --> 00:18:20.000]  輔導員一見到他的時候
[00:18:20.000 --> 00:18:24.000]  知道他以前在幫一位太太的丈夫
[00:18:24.000 --> 00:18:26.000]  忍不住就說
[00:18:26.000 --> 00:18:28.000]  原來是你呀
[00:18:28.000 --> 00:18:30.000]  你知不知道你太太因為你
[00:18:30.000 --> 00:18:34.000]  幾次想自殺
[00:18:34.000 --> 00:18:36.000]  一直告訴他情況
[00:18:36.000 --> 00:18:37.000]  這位丈夫說
[00:18:37.000 --> 00:18:39.000]  聽到這個情況的時候
[00:18:39.000 --> 00:18:41.000]  感覺很羞愧
[00:18:41.000 --> 00:18:46.000]  原來自己竟然這麼深的傷害自己的太太
[00:18:46.000 --> 00:18:48.000]  很多事情的時候
[00:18:48.000 --> 00:18:51.000]  想回最大力度的羞愧和羞辱
[00:18:51.000 --> 00:18:53.000]  但已經在說一件事情
[00:18:53.000 --> 00:18:55.000]  你再讀下去第八節
[00:18:55.000 --> 00:18:56.000]  因為我爺爺說
[00:18:56.000 --> 00:18:58.000]  公義愛公平
[00:18:58.000 --> 00:19:00.000]  恨惡搶奪和罪孽
[00:19:00.000 --> 00:19:02.000]  我要憑誠實施行報應
[00:19:02.000 --> 00:19:05.000]  在說的是一個賞賜
[00:19:05.000 --> 00:19:07.000]  你看新頁本所提的
[00:19:07.000 --> 00:19:10.000]  並要與我的百姓立永約
[00:19:10.000 --> 00:19:12.000]  順便講述到
[00:19:12.000 --> 00:19:14.000]  他是公義的上帝
[00:19:14.000 --> 00:19:18.000]  他是必然會賞賜那些行義的人
[00:19:18.000 --> 00:19:20.000]  也意味著領受救恩的人
[00:19:20.000 --> 00:19:23.000]  是神自己賞賜的對象
[00:19:23.000 --> 00:19:25.000]  但同時公義的上帝
[00:19:25.000 --> 00:19:28.000]  他必然會審判不義
[00:19:28.000 --> 00:19:30.000]  如果這位上帝
[00:19:30.000 --> 00:19:35.000]  他只會賞賜而不會處理不義的事情
[00:19:35.000 --> 00:19:37.000]  那不是公義的上帝
[00:19:37.000 --> 00:19:39.000]  因為你曾經發覺
[00:19:39.000 --> 00:19:41.000]  當提到賞賜的時候
[00:19:41.000 --> 00:19:44.000]  上上會提到審判的事情
[00:19:44.000 --> 00:19:48.000]  所以剛才你讀的是耶和華的因年的時候
[00:19:48.000 --> 00:19:49.000]  接著就說
[00:19:49.000 --> 00:19:52.000]  也是耶和華報仇的日子
[00:19:52.000 --> 00:19:55.000]  是他要審判邪惡的事情
[00:19:55.000 --> 00:19:57.000]  審判不義的事情
[00:19:57.000 --> 00:20:00.000]  但聖經提到審判
[00:20:00.000 --> 00:20:02.000]  在這個時候聖經就說
[00:20:02.000 --> 00:20:06.000]  我要將加倍的產業賜給你
[00:20:06.000 --> 00:20:09.000]  本來是羞辱的事情
[00:20:09.000 --> 00:20:11.000]  變成榮耀的事情
[00:20:11.000 --> 00:20:13.000]  本來是審判
[00:20:13.000 --> 00:20:16.000]  變成了對人的賞賜
[00:20:16.000 --> 00:20:19.000]  而且那個賞賜是豐盛的賞賜
[00:20:19.000 --> 00:20:22.000]  所以聖經在說加倍的字
[00:20:22.000 --> 00:20:24.000]  我們讀到《約翰福音》第一章
[00:20:24.000 --> 00:20:26.000]  你記得我們說到
[00:20:26.000 --> 00:20:28.000]  我們在他的豐盛裡
[00:20:28.000 --> 00:20:30.000]  我們都領受了
[00:20:30.000 --> 00:20:33.000]  而且恩上
[00:20:33.000 --> 00:20:34.000]  什麼?
[00:20:34.000 --> 00:20:35.000]  加恩
[00:20:35.000 --> 00:20:38.000]  這句話不是口頭禪來的
[00:20:38.000 --> 00:20:39.000]  我們可能說得很多
[00:20:39.000 --> 00:20:40.000]  恩上加恩
[00:20:40.000 --> 00:20:41.000]  但聖經的意思是說
[00:20:41.000 --> 00:20:44.000]  恩典上再加上恩典
[00:20:44.000 --> 00:20:48.000]  意味著不斷將新的恩典次下
[00:20:48.000 --> 00:20:51.000]  是豐富的賞賜
[00:20:51.000 --> 00:20:54.000]  不是一次過就停止了
[00:20:54.000 --> 00:20:57.000]  好像有人知道你有需要
[00:20:57.000 --> 00:20:59.000]  給你一筆錢
[00:20:59.000 --> 00:21:01.000]  給你一筆錢
[00:21:01.000 --> 00:21:02.000]  省省的花了
[00:21:02.000 --> 00:21:04.000]  花完就沒有了
[00:21:04.000 --> 00:21:05.000]  不是
[00:21:05.000 --> 00:21:07.000]  順利所賜的恩惠
[00:21:07.000 --> 00:21:09.000]  是不斷的次下的
[00:21:09.000 --> 00:21:12.000]  是新鮮的次下恩惠
[00:21:12.000 --> 00:21:14.000]  以色列人在抗疫裡面
[00:21:14.000 --> 00:21:15.000]  雖然困難
[00:21:15.000 --> 00:21:17.000]  順利賜給他們每一天的馬拿
[00:21:17.000 --> 00:21:20.000]  但第二天不需要擔心沒有
[00:21:20.000 --> 00:21:22.000]  是每一天每一天
[00:21:22.000 --> 00:21:23.000]  足夠的恩典
[00:21:23.000 --> 00:21:25.000]  豐富的臨到我們身上
[00:21:25.000 --> 00:21:26.000]  所以聖經說
[00:21:26.000 --> 00:21:30.000]  神將加倍的恩惠次下
[00:21:30.000 --> 00:21:34.000]  也叫我們得到加倍的好處
[00:21:34.000 --> 00:21:37.000]  這個好處也在描述在教育的時候
[00:21:37.000 --> 00:21:38.000]  以色列人的長子
[00:21:38.000 --> 00:21:41.000]  能夠得到加倍的祝福
[00:21:41.000 --> 00:21:42.000]  而今天當我們承受
[00:21:42.000 --> 00:21:43.000]  救恩的人
[00:21:43.000 --> 00:21:44.000]  聖經說到
[00:21:44.000 --> 00:21:46.000]  上帝以我們為長子
[00:21:46.000 --> 00:21:50.000]  將加倍的恩惠賜予我們眾人
[00:21:50.000 --> 00:21:53.000]  這是我們深深感恩的事情
[00:21:53.000 --> 00:21:55.000]  而聖經繼續說
[00:21:55.000 --> 00:21:57.000]  這個加倍的產業
[00:21:57.000 --> 00:22:00.000]  帶來的是永遠之樂
[00:22:00.000 --> 00:22:02.000]  第七節最後一句話
[00:22:02.000 --> 00:22:05.000]  永遠之樂必歸於你們
[00:22:05.000 --> 00:22:09.000]  從羞辱到永遠的喜樂
[00:22:09.000 --> 00:22:12.000]  是救恩裡面所要次下的
[00:22:12.000 --> 00:22:14.000]  因此你們知道
[00:22:14.000 --> 00:22:17.000]  救恩裡面帶著能力
[00:22:17.000 --> 00:22:20.000]  救恩裡面帶著豐盛的恩惠
[00:22:20.000 --> 00:22:23.000]  臨到我們每一個信靠的人
[00:22:23.000 --> 00:22:25.000]  因此去到第十節的時候
[00:22:25.000 --> 00:22:26.000]  這個時候才知道
[00:22:26.000 --> 00:22:28.000]  他就很自然地
[00:22:28.000 --> 00:22:30.000]  將那種心裡面的感恩
[00:22:30.000 --> 00:22:33.000]  那種讚美來講述出來
[00:22:33.000 --> 00:22:35.000]  我請大家一起看完第十節
[00:22:35.000 --> 00:22:39.000]  我因耶和華大大歡喜
[00:22:39.000 --> 00:22:42.000]  我的心靠神快樂
[00:22:42.000 --> 00:22:45.000]  歡喜是因為神的緣故
[00:22:45.000 --> 00:22:48.000]  快樂是靠神而有的快樂
[00:22:48.000 --> 00:22:49.000]  為什麼?
[00:22:49.000 --> 00:22:52.000]  因祂以拯救為衣給我穿上
[00:22:52.000 --> 00:22:55.000]  以公義為袍給我披上
[00:22:55.000 --> 00:22:57.000]  好像新郎新娘
[00:22:57.000 --> 00:22:59.000]  在快樂的婚宴的時候
[00:22:59.000 --> 00:23:00.000]  婚禮的時候
[00:23:00.000 --> 00:23:03.000]  那種滿足那種快樂的情況
[00:23:03.000 --> 00:23:07.000]  聖經提到上帝將他的救恩賜下
[00:23:07.000 --> 00:23:09.000]  不是我們自己賺取回來的
[00:23:09.000 --> 00:23:11.000]  是祂賜給我們的
[00:23:11.000 --> 00:23:13.000]  今天二十五日
[00:23:13.000 --> 00:23:15.000]  當我們慶祝耶穌基督的降生的時候
[00:23:15.000 --> 00:23:18.000]  你知道基督耶穌的降生
[00:23:18.000 --> 00:23:22.000]  是要將天上的救恩賜下
[00:23:22.000 --> 00:23:25.000]  但是是白白地賜給我們的
[00:23:25.000 --> 00:23:27.000]  不是因為我們能夠自己
[00:23:27.000 --> 00:23:30.000]  靠自己的方法去買得回來
[00:23:30.000 --> 00:23:33.000]  因此你知道我們可以快樂
[00:23:33.000 --> 00:23:35.000]  可以去歡恩
[00:23:35.000 --> 00:23:38.000]  因為救恩已經臨到我們
[00:23:38.000 --> 00:23:40.000]  剛才我們講
[00:23:40.000 --> 00:23:43.000]  有些時候我們會感覺有黑暗
[00:23:43.000 --> 00:23:44.000]  有困難
[00:23:44.000 --> 00:23:46.000]  但我們同時想回到聖經裡
[00:23:46.000 --> 00:23:49.000]  哈伯古先知所說的話
[00:23:49.000 --> 00:23:51.000]  哈伯古先知在他面對世界上
[00:23:51.000 --> 00:23:53.000]  很多邪惡的事情
[00:23:53.000 --> 00:23:56.000]  他去詢問神為什麼會這樣
[00:23:56.000 --> 00:23:57.000]  在那時候
[00:23:57.000 --> 00:23:59.000]  到最後他明白了
[00:23:59.000 --> 00:24:02.000]  他就說我們大家熟悉的經文
[00:24:02.000 --> 00:24:06.000]  他說就算無花果樹不發黃
[00:24:06.000 --> 00:24:09.000]  葡萄樹不結果子
[00:24:09.000 --> 00:24:12.000]  棚裡沒有牛
[00:24:12.000 --> 00:24:14.000]  圈裡沒有羊
[00:24:14.000 --> 00:24:17.000]  一切的供應都缺乏
[00:24:17.000 --> 00:24:18.000]  都沒有了
[00:24:18.000 --> 00:24:21.000]  有一切的資源都消失了
[00:24:21.000 --> 00:24:23.000]  但我仍然因為耶和華
[00:24:23.000 --> 00:24:24.000]  歡恩
[00:24:24.000 --> 00:24:27.000]  恩救我的神快樂
[00:24:27.000 --> 00:24:30.000]  因為耶和華是我的力量
[00:24:30.000 --> 00:24:32.000]  是我的幫助
[00:24:32.000 --> 00:24:34.000]  很多次很多次
[00:24:34.000 --> 00:24:37.000]  在很多基督徒的人生經驗當中
[00:24:37.000 --> 00:24:39.000]  都看見一件事情
[00:24:39.000 --> 00:24:41.000]  有些時候在黑暗裡
[00:24:41.000 --> 00:24:43.000]  好像是很艱難的
[00:24:43.000 --> 00:24:44.000]  但在救恩裡
[00:24:44.000 --> 00:24:46.000]  上帝常常將一切的艱難
[00:24:46.000 --> 00:24:49.000]  化成為了對我們的祝福
[00:24:49.000 --> 00:24:52.000]  我們眼前好像看到一些困難
[00:24:52.000 --> 00:24:54.000]  但其實在過程當中
[00:24:54.000 --> 00:24:55.000]  上帝將這些困難
[00:24:55.000 --> 00:24:58.000]  化成我們長久的祝福
[00:24:58.000 --> 00:25:00.000]  我心裡想起很多件事情
[00:25:00.000 --> 00:25:03.000]  但我特別想提起
[00:25:03.000 --> 00:25:04.000]  我們所敬愛的
[00:25:04.000 --> 00:25:06.000]  藤間輝牧師一件事情
[00:25:06.000 --> 00:25:08.000]  我最近想起一件事情
[00:25:08.000 --> 00:25:10.000]  他曾經跟我們分享
[00:25:10.000 --> 00:25:11.000]  因為他過去有一年
[00:25:11.000 --> 00:25:13.000]  發生一件事情
[00:25:13.000 --> 00:25:16.000]  就是他因為長久有肺病
[00:25:16.000 --> 00:25:19.000]  所以他經常有很嚴重的咳嗽
[00:25:19.000 --> 00:25:22.000]  但他有很重的工作
[00:25:22.000 --> 00:25:23.000]  在一次
[00:25:23.000 --> 00:25:26.000]  突然發現自己腹腔很痛
[00:25:26.000 --> 00:25:27.000]  就去看醫生
[00:25:27.000 --> 00:25:28.000]  醫生說不要緊
[00:25:28.000 --> 00:25:29.000]  有些胃病
[00:25:29.000 --> 00:25:31.000]  給你一些胃藥
[00:25:31.000 --> 00:25:34.000]  但他回到家之後
[00:25:34.000 --> 00:25:35.000]  一直吃著胃藥
[00:25:35.000 --> 00:25:37.000]  但問題還未止息
[00:25:37.000 --> 00:25:40.000]  有一個晚上痛得很嚴重
[00:25:40.000 --> 00:25:42.000]  所以立即入急症室
[00:25:42.000 --> 00:25:43.000]  醫生立即幫他檢查
[00:25:43.000 --> 00:25:47.000]  發現是腹膜炎
[00:25:47.000 --> 00:25:51.000]  裡面的細菌已經散開
[00:25:51.000 --> 00:25:52.000]  很嚴重的情況
[00:25:52.000 --> 00:25:55.000]  可以有生命危險
[00:25:55.000 --> 00:25:56.000]  那時候很多人就說
[00:25:56.000 --> 00:25:59.000]  這個醫生有沒有搞錯
[00:25:59.000 --> 00:26:02.000]  腹膜炎當是胃病來治
[00:26:02.000 --> 00:26:05.000]  延遲了診治
[00:26:05.000 --> 00:26:06.000]  在那段時間
[00:26:06.000 --> 00:26:09.000]  譚牧師有差不多兩三個月
[00:26:09.000 --> 00:26:12.000]  在醫院裡面接受治療
[00:26:12.000 --> 00:26:15.000]  很多人都為他擔憂
[00:26:15.000 --> 00:26:17.000]  但他就一直說
[00:26:17.000 --> 00:26:19.000]  他說我很感謝神
[00:26:19.000 --> 00:26:22.000]  很感謝神在這個奇妙的安排當中
[00:26:22.000 --> 00:26:24.000]  他過了一段很繁忙的日子
[00:26:24.000 --> 00:26:28.000]  突然上來讓他休息了兩三個月
[00:26:28.000 --> 00:26:30.000]  不單這樣
[00:26:30.000 --> 00:26:35.000]  他突然發覺自己的肺病不藥而癒
[00:26:35.000 --> 00:26:37.000]  不知為何在過程中
[00:26:37.000 --> 00:26:39.000]  處理他的腹膜
[00:26:39.000 --> 00:26:42.000]  但同時肺部康復了
[00:26:42.000 --> 00:26:46.000]  後來他可以很健康地長期地服事
[00:26:46.000 --> 00:26:50.000]  他就說上帝施恩的方式
[00:26:50.000 --> 00:26:52.000]  出乎人的意料
[00:26:52.000 --> 00:26:55.000]  但卻是因為神的恩惠
[00:26:55.000 --> 00:26:57.000]  臨到他們
[00:26:57.000 --> 00:27:00.000]  在救恩裡面藏著那份恩惠
[00:27:00.000 --> 00:27:02.000]  有些時候我們在不同的處境當中
[00:27:02.000 --> 00:27:05.000]  因為上帝仍然是我們的主
[00:27:05.000 --> 00:27:08.000]  我們仍然可以快樂
[00:27:08.000 --> 00:27:10.000]  因為上帝他自己
[00:27:10.000 --> 00:27:13.000]  已經將他的光照耀在你的生命當中
[00:27:13.000 --> 00:27:16.000]  因此你發覺聖經下第十一節再說
[00:27:16.000 --> 00:27:18.000]  他說上帝所有成全的事情
[00:27:18.000 --> 00:27:20.000]  必定成全
[00:27:20.000 --> 00:27:23.000]  主耶和華必照樣使公義和讚美
[00:27:23.000 --> 00:27:26.000]  在萬民中來發生
[00:27:26.000 --> 00:27:29.000]  他一定會成就這件事情
[00:27:29.000 --> 00:27:32.000]  因此今天我們看到世界有很多不同的事情
[00:27:32.000 --> 00:27:34.000]  最近一些恐襲的事情
[00:27:34.000 --> 00:27:37.000]  都會令我們很難過
[00:27:37.000 --> 00:27:39.000]  這個世界變成這樣
[00:27:39.000 --> 00:27:41.000]  但聖經所說
[00:27:41.000 --> 00:27:43.000]  上帝的公義和讚美
[00:27:43.000 --> 00:27:46.000]  要在萬民當中發出
[00:27:46.000 --> 00:27:48.000]  救恩的大能
[00:27:48.000 --> 00:27:51.000]  要在生命裡面彰顯出來
[00:27:51.000 --> 00:27:55.000]  這是永遠的事實
[00:27:55.000 --> 00:27:59.000]  也是你和我會經歷的事情
[00:27:59.000 --> 00:28:02.000]  最後我想說一件事情
[00:28:02.000 --> 00:28:04.000]  昨晚是平安夜
[00:28:04.000 --> 00:28:06.000]  我想說一件事情
[00:28:06.000 --> 00:28:08.000]  在很多年前
[00:28:08.000 --> 00:28:11.000]  在美韓有一個戰爭
[00:28:11.000 --> 00:28:14.000]  大家知道歷史當中有一個戰爭
[00:28:14.000 --> 00:28:18.000]  但剛剛來到12月25日
[00:28:18.000 --> 00:28:20.000]  也是平安夜的時刻
[00:28:20.000 --> 00:28:23.000]  兩軍就大家協議了
[00:28:23.000 --> 00:28:26.000]  在那段時間暫時休戰
[00:28:26.000 --> 00:28:29.000]  但美軍都很謹慎
[00:28:29.000 --> 00:28:32.000]  他們很多人躲在戰壕上
[00:28:32.000 --> 00:28:35.000]  不知道對方會不會突然突襲他們
[00:28:35.000 --> 00:28:38.000]  在那寒冷的晚上
[00:28:38.000 --> 00:28:41.000]  突然他們發現有幾個韓國男士
[00:28:41.000 --> 00:28:44.000]  走出來站在山坡上
[00:28:44.000 --> 00:28:46.000]  他們馬上提起槍
[00:28:46.000 --> 00:28:48.000]  預備有什麼事情發生
[00:28:48.000 --> 00:28:51.000]  陸續有其他人走出來
[00:28:51.000 --> 00:28:53.000]  站在山坡上
[00:28:53.000 --> 00:28:56.000]  然後有些小孩子走出來
[00:28:56.000 --> 00:28:58.000]  有些女士走出來
[00:28:58.000 --> 00:29:00.000]  站在山坡上
[00:29:00.000 --> 00:29:03.000]  他們不知道將會發生什麼事情
[00:29:03.000 --> 00:29:07.000]  突然他們就開口
[00:29:07.000 --> 00:29:11.000]  平安夜
[00:29:11.000 --> 00:29:14.000]  一路唱平安夜的詩歌
[00:29:14.000 --> 00:29:16.000]  這群韓國人
[00:29:16.000 --> 00:29:19.000]  他們面對著他們的敵人
[00:29:19.000 --> 00:29:22.000]  他們要將平安的訊息
[00:29:22.000 --> 00:29:25.000]  唱給他們聽
[00:29:25.000 --> 00:29:27.000]  這件事情流傳了很久
[00:29:27.000 --> 00:29:29.000]  當我想起這件事情的時候
[00:29:29.000 --> 00:29:30.000]  我就想起
[00:29:30.000 --> 00:29:32.000]  沒錯,這個世界仍然有很多
[00:29:32.000 --> 00:29:37.000]  疾病、死亡、黑暗的事情
[00:29:37.000 --> 00:29:40.000]  但我們仍然可以歡喜快樂
[00:29:40.000 --> 00:29:44.000]  因為光已經照耀在我們的生命當中
[00:29:44.000 --> 00:29:48.000]  而救恩的光要繼續在萬民當中發生
[00:29:48.000 --> 00:29:52.000]  要顯明上帝自己福音的大能
[00:29:52.000 --> 00:29:58.000]  和上帝自己要將豐盛的恩惠帶給我們
[00:29:58.000 --> 00:30:00.000]  因此我們弟兄姊妹
[00:30:00.000 --> 00:30:02.000]  我們繼續去尋求
[00:30:02.000 --> 00:30:07.000]  得著上帝要給我們全部的救恩的福氣
[00:30:07.000 --> 00:30:09.000]  我們一起祈禱

